---- Running command
---- ./polyDFE -d Mmc/1.polyDFE.config.txt -m C -e 
---- Performing inference using model C

---- Performing inference on Mmc/1.polyDFE.config.txt
---- No mutation variability. Using Poisson likelihood.


---- Calculating initial values

-- Starting local optimization
-- Optimizing all parameters
  it        eps_an        lambda     theta_bar           S_d             b           p_b           S_b           r 2           r 3           r 4           r 5           r 6           r 7           r 8           r 9          r 10          r 11          r 12          r 13          r 14          r 15          r 16          r 17          r 18          r 19          r 20           ln lk          grad status 
   0           0.1 0.01929679599 0.01136955936        -20000         0.208           0.1            20 0.87268741212 0.73745194670 0.64130979133 0.58436559211 0.55433601542 0.54268238633 0.53579103442 0.53038159073 0.54969968054 0.54765802745 0.59235943707 0.62803035407 0.66760157992 0.74923176946 0.86114782124 1.11063197249 1.58061960797             1             1 -1117620.806166 23195.4501262   -2 
 608 0.00304193351 0.01931701792 0.01018088766 -89.038287216 0.11291498323 0.00798598316 16.7004621134 0.86404275691 0.71885105351 0.61872314021 0.55452393614 0.52291502738 0.50664443431 0.49406695236 0.48392849950 0.49322203221 0.47790967525 0.51082544291 0.51448880776 0.52546267774 0.55979334125 0.59019838856 0.64127321061 0.69902104132 0.79458702979 1.07255557650 -291.2778875850 0.50254884110   -8 
-- Local optimization: reached maximum number of likelihood evaluations allowed.
---- Best joint likelihood found -291.277887585063581 with gradient 0.50255

---- Results for Mmc/1.polyDFE.config.txt 
--  Model: C
--        eps_an        lambda     theta_bar             a 
-- 0.00304193351 0.01931701792 0.01018088766            -1 
--           S_d             b           p_b           S_b 
-- -89.038287216 0.11291498323 0.00798598316 16.7004621134 
--           r 2           r 3           r 4           r 5           r 6           r 7           r 8           r 9          r 10          r 11          r 12          r 13          r 14          r 15          r 16          r 17          r 18          r 19          r 20 
-- 0.86404275691 0.71885105351 0.61872314021 0.55452393614 0.52291502738 0.50664443431 0.49406695236 0.48392849950 0.49322203221 0.47790967525 0.51082544291 0.51448880776 0.52546267774 0.55979334125 0.59019838856 0.64127321061 0.69902104132 0.79458702979 1.07255557650 

---- Expected P_neut(i), 0 < i < n (neutral SFS per site) 
E[P_neut(1)] = 0.0101512132
E[P_neut(2)] = 0.0043861843
E[P_neut(3)] = 0.0024332613
E[P_neut(4)] = 0.0015711397
E[P_neut(5)] = 0.0011268303
E[P_neut(6)] = 0.0008857532
E[P_neut(7)] = 0.0007358542
E[P_neut(8)] = 0.0006281607
E[P_neut(9)] = 0.0005471049
E[P_neut(10)] = 0.0005021438
E[P_neut(11)] = 0.0004426420
E[P_neut(12)] = 0.0004339823
E[P_neut(13)] = 0.0004039353
E[P_neut(14)] = 0.0003836564
E[P_neut(15)] = 0.0003822251
E[P_neut(16)] = 0.0003791945
E[P_neut(17)] = 0.0003902956
E[P_neut(18)] = 0.0004075465
E[P_neut(19)] = 0.0004554429

---- Expected P_sel(i), 0 < i < n (selected SFS per site) 
E[P_sel(1)] = 0.0072432768
E[P_sel(2)] = 0.0028370557
E[P_sel(3)] = 0.0014983682
E[P_sel(4)] = 0.0009374034
E[P_sel(5)] = 0.0006571346
E[P_sel(6)] = 0.0005075352
E[P_sel(7)] = 0.0004157435
E[P_sel(8)] = 0.0003508295
E[P_sel(9)] = 0.0003026621
E[P_sel(10)] = 0.0002756114
E[P_sel(11)] = 0.0002414103
E[P_sel(12)] = 0.0002355197
E[P_sel(13)] = 0.0002184558
E[P_sel(14)] = 0.0002071164
E[P_sel(15)] = 0.0002063956
E[P_sel(16)] = 0.0002053979
E[P_sel(17)] = 0.0002130094
E[P_sel(18)] = 0.0002260150
E[P_sel(19)] = 0.0002629895

---- Expected D_neut and D_sel (neutral and selected divergence per site) 
E[D_neut] = 0.0198629963
E[D_sel] = 0.0125274296

---- Expected neutral and selected misattributed polymorphism per site
E[mis_neut] = 0.0005459784
E[mis_sel] = 0.0003197761

---- alpha_div = 0.211982
---- alpha_dfe = 0.212184

