---- Running command
---- ./polyDFE -d Mmc/10.polyDFE.config.txt -m C -e 
---- Performing inference using model C

---- Performing inference on Mmc/10.polyDFE.config.txt
---- No mutation variability. Using Poisson likelihood.


---- Calculating initial values

-- Starting local optimization
-- Optimizing all parameters
  it        eps_an        lambda     theta_bar           S_d             b           p_b           S_b           r 2           r 3           r 4           r 5           r 6           r 7           r 8           r 9          r 10          r 11          r 12          r 13          r 14          r 15          r 16          r 17          r 18          r 19          r 20           ln lk          grad status 
   0           0.1 0.01930151892 0.01132625674        -20000         0.208           0.1            20 0.87815605466 0.73731147274 0.64247213268 0.58837802800 0.55871504754 0.54363448459 0.54389952619 0.53131998724 0.55524731001 0.55539623043 0.59983560719 0.62718887912 0.66480830625 0.75824642574 0.86762202563 1.10955835322 1.57950796026             1             1 -1116631.694175 23164.5775123   -2 
1150 0.00080926096 0.01928015182 0.01011357485 -67.901768494 0.13108511890 0.02992847531 5.50351963933 0.86942673597 0.72374975396 0.62240437903 0.56069519214 0.53130266836 0.51002624825 0.49879361253 0.48861477138 0.49786267315 0.48538563221 0.51686887781 0.51994505149 0.52216339646 0.55852731568 0.59301213545 0.64409917947 0.71150765464 0.82806882463 1.16309242357 -272.0699091919 0.03119445005   -8 
-- Local optimization: reached maximum number of likelihood evaluations allowed.
---- Best joint likelihood found -272.069909191937768 with gradient 0.03119

---- Results for Mmc/10.polyDFE.config.txt 
--  Model: C
--        eps_an        lambda     theta_bar             a 
-- 0.00080926096 0.01928015182 0.01011357485            -1 
--           S_d             b           p_b           S_b 
-- -67.901768494 0.13108511890 0.02992847531 5.50351963933 
--           r 2           r 3           r 4           r 5           r 6           r 7           r 8           r 9          r 10          r 11          r 12          r 13          r 14          r 15          r 16          r 17          r 18          r 19          r 20 
-- 0.86942673597 0.72374975396 0.62240437903 0.56069519214 0.53130266836 0.51002624825 0.49879361253 0.48861477138 0.49786267315 0.48538563221 0.51686887781 0.51994505149 0.52216339646 0.55852731568 0.59301213545 0.64409917947 0.71150765464 0.82806882463 1.16309242357 

---- Expected P_neut(i), 0 < i < n (neutral SFS per site) 
E[P_neut(1)] = 0.0101057470
E[P_neut(2)] = 0.0043932718
E[P_neut(3)] = 0.0024382347
E[P_neut(4)] = 0.0015727131
E[P_neut(5)] = 0.0011335135
E[P_neut(6)] = 0.0008951421
E[P_neut(7)] = 0.0007366151
E[P_neut(8)] = 0.0006304155
E[P_neut(9)] = 0.0005489881
E[P_neut(10)] = 0.0005035171
E[P_neut(11)] = 0.0004463545
E[P_neut(12)] = 0.0004357738
E[P_neut(13)] = 0.0004047692
E[P_neut(14)] = 0.0003776294
E[P_neut(15)] = 0.0003771936
E[P_neut(16)] = 0.0003758122
E[P_neut(17)] = 0.0003848494
E[P_neut(18)] = 0.0004030058
E[P_neut(19)] = 0.0004486034

---- Expected P_sel(i), 0 < i < n (selected SFS per site) 
E[P_sel(1)] = 0.0072486614
E[P_sel(2)] = 0.0028359594
E[P_sel(3)] = 0.0014928147
E[P_sel(4)] = 0.0009313232
E[P_sel(5)] = 0.0006557100
E[P_sel(6)] = 0.0005089028
E[P_sel(7)] = 0.0004132758
E[P_sel(8)] = 0.0003501330
E[P_sel(9)] = 0.0003025997
E[P_sel(10)] = 0.0002760327
E[P_sel(11)] = 0.0002438617
E[P_sel(12)] = 0.0002377371
E[P_sel(13)] = 0.0002209541
E[P_sel(14)] = 0.0002067232
E[P_sel(15)] = 0.0002076005
E[P_sel(16)] = 0.0002086022
E[P_sel(17)] = 0.0002162840
E[P_sel(18)] = 0.0002305453
E[P_sel(19)] = 0.0002635949

---- Expected D_neut and D_sel (neutral and selected divergence per site) 
E[D_neut] = 0.0198683029
E[D_sel] = 0.0125405230

---- Expected neutral and selected misattributed polymorphism per site
E[mis_neut] = 0.0005881511
E[mis_sel] = 0.0003553838

---- alpha_div = 0.271802
---- alpha_dfe = 0.271761

