---- Running command
---- ./polyDFE -d Mmc/100.polyDFE.config.txt -m C -e 
---- Performing inference using model C

---- Performing inference on Mmc/100.polyDFE.config.txt
---- No mutation variability. Using Poisson likelihood.


---- Calculating initial values

-- Starting local optimization
-- Optimizing all parameters
  it        eps_an        lambda     theta_bar           S_d             b           p_b           S_b           r 2           r 3           r 4           r 5           r 6           r 7           r 8           r 9          r 10          r 11          r 12          r 13          r 14          r 15          r 16          r 17          r 18          r 19          r 20           ln lk          grad status 
   0           0.1 0.01928817161 0.01136257950        -20000         0.208           0.1            20 0.87313143536 0.73178407397 0.64324552360 0.58722686990 0.56098823632 0.53794799428 0.53907131924 0.52815168800 0.55778831019 0.55747041408 0.59434090338 0.62821807614 0.67386789622 0.75155566647 0.87020076585 1.10052875045 1.59093175969             1             1 -1118792.800156 23194.8845579   -2 
 631 0.00089548191 0.01929703105 0.01014401814 -80.227044485 0.11990483644 0.01713306601 8.50784503356 0.86549099729 0.72032811058 0.61993660302 0.55833915407 0.52636108790 0.50662524610 0.49908321452 0.48505185620 0.49850488696 0.48851429001 0.51696197178 0.51952756279 0.52996544981 0.56333311651 0.60005763704 0.64272901666 0.71577066021 0.82086845797 1.10669850499 -295.8197574237 0.12362328317   -3 
-- Local optimization: stuck in the same solution
---- Best joint likelihood found -295.819757423712872 with gradient 0.12362

---- Results for Mmc/100.polyDFE.config.txt 
--  Model: C
--        eps_an        lambda     theta_bar             a 
-- 0.00089548191 0.01929703105 0.01014401814            -1 
--           S_d             b           p_b           S_b 
-- -80.227044485 0.11990483644 0.01713306601 8.50784503356 
--           r 2           r 3           r 4           r 5           r 6           r 7           r 8           r 9          r 10          r 11          r 12          r 13          r 14          r 15          r 16          r 17          r 18          r 19          r 20 
-- 0.86549099729 0.72032811058 0.61993660302 0.55833915407 0.52636108790 0.50662524610 0.49908321452 0.48505185620 0.49850488696 0.48851429001 0.51696197178 0.51952756279 0.52996544981 0.56333311651 0.60005763704 0.64272901666 0.71577066021 0.82086845797 1.10669850499 

---- Expected P_neut(i), 0 < i < n (neutral SFS per site) 
E[P_neut(1)] = 0.0101353268
E[P_neut(2)] = 0.0043862084
E[P_neut(3)] = 0.0024338361
E[P_neut(4)] = 0.0015710949
E[P_neut(5)] = 0.0011320873
E[P_neut(6)] = 0.0008894497
E[P_neut(7)] = 0.0007338793
E[P_neut(8)] = 0.0006326633
E[P_neut(9)] = 0.0005466222
E[P_neut(10)] = 0.0005056843
E[P_neut(11)] = 0.0004505860
E[P_neut(12)] = 0.0004371813
E[P_neut(13)] = 0.0004056865
E[P_neut(14)] = 0.0003844515
E[P_neut(15)] = 0.0003816373
E[P_neut(16)] = 0.0003815044
E[P_neut(17)] = 0.0003853585
E[P_neut(18)] = 0.0004069470
E[P_neut(19)] = 0.0004469495

---- Expected P_sel(i), 0 < i < n (selected SFS per site) 
E[P_sel(1)] = 0.0072408566
E[P_sel(2)] = 0.0028324285
E[P_sel(3)] = 0.0014942223
E[P_sel(4)] = 0.0009340447
E[P_sel(5)] = 0.0006578068
E[P_sel(6)] = 0.0005079400
E[P_sel(7)] = 0.0004134576
E[P_sel(8)] = 0.0003526254
E[P_sel(9)] = 0.0003020910
E[P_sel(10)] = 0.0002776313
E[P_sel(11)] = 0.0002461913
E[P_sel(12)] = 0.0002381270
E[P_sel(13)] = 0.0002206833
E[P_sel(14)] = 0.0002092775
E[P_sel(15)] = 0.0002083847
E[P_sel(16)] = 0.0002095843
E[P_sel(17)] = 0.0002138701
E[P_sel(18)] = 0.0002295712
E[P_sel(19)] = 0.0002594098

---- Expected D_neut and D_sel (neutral and selected divergence per site) 
E[D_neut] = 0.0198583495
E[D_sel] = 0.0125039492

---- Expected neutral and selected misattributed polymorphism per site
E[mis_neut] = 0.0005613185
E[mis_sel] = 0.0003351481

---- alpha_div = 0.235801
---- alpha_dfe = 0.235627

