---- Running command
---- ./polyDFE -d Mmc/1000.polyDFE.config.txt -m C -e 
---- Performing inference using model C

---- Performing inference on Mmc/1000.polyDFE.config.txt
---- No mutation variability. Using Poisson likelihood.


---- Calculating initial values

-- Starting local optimization
-- Optimizing all parameters
  it        eps_an        lambda     theta_bar           S_d             b           p_b           S_b           r 2           r 3           r 4           r 5           r 6           r 7           r 8           r 9          r 10          r 11          r 12          r 13          r 14          r 15          r 16          r 17          r 18          r 19          r 20           ln lk          grad status 
   0           0.1 0.01928138273 0.01139393719        -20000         0.208           0.1            20 0.87309273817 0.72795261375 0.64126522997 0.57974378820 0.55493539319 0.54248018493 0.53647092320 0.53027555974 0.54484973055 0.55238801797 0.59413187762 0.62008656209 0.66354653704 0.75358114247 0.85700911082 1.10012002444 1.58872803048             1             1 -1118830.944581 23205.8875254   -2 
 518 0.00363990449 0.01933713197 0.01020811231 -96.689232210 0.11055914859 0.00875186715 15.0396241691 0.86326459751 0.71514722189 0.61596464362 0.55346384922 0.52324633223 0.50673921735 0.49107793701 0.47941733715 0.48796337659 0.48251871252 0.51259921874 0.50837462616 0.52163158455 0.55936282171 0.58214783348 0.63576850205 0.69551564407 0.76683162276 1.00727267379 -282.5751758741 0.28927054207   -3 
-- Local optimization: stuck in the same solution
---- Best joint likelihood found -282.575175874124398 with gradient 0.28927

---- Results for Mmc/1000.polyDFE.config.txt 
--  Model: C
--        eps_an        lambda     theta_bar             a 
-- 0.00363990449 0.01933713197 0.01020811231            -1 
--           S_d             b           p_b           S_b 
-- -96.689232210 0.11055914859 0.00875186715 15.0396241691 
--           r 2           r 3           r 4           r 5           r 6           r 7           r 8           r 9          r 10          r 11          r 12          r 13          r 14          r 15          r 16          r 17          r 18          r 19          r 20 
-- 0.86326459751 0.71514722189 0.61596464362 0.55346384922 0.52324633223 0.50673921735 0.49107793701 0.47941733715 0.48796337659 0.48251871252 0.51259921874 0.50837462616 0.52163158455 0.55936282171 0.58214783348 0.63576850205 0.69551564407 0.76683162276 1.00727267379 

---- Expected P_neut(i), 0 < i < n (neutral SFS per site) 
E[P_neut(1)] = 0.0101724554
E[P_neut(2)] = 0.0043915487
E[P_neut(3)] = 0.0024259665
E[P_neut(4)] = 0.0015675892
E[P_neut(5)] = 0.0011272369
E[P_neut(6)] = 0.0008883703
E[P_neut(7)] = 0.0007377419
E[P_neut(8)] = 0.0006259287
E[P_neut(9)] = 0.0005434224
E[P_neut(10)] = 0.0004981185
E[P_neut(11)] = 0.0004481317
E[P_neut(12)] = 0.0004367495
E[P_neut(13)] = 0.0004004326
E[P_neut(14)] = 0.0003822040
E[P_neut(15)] = 0.0003833966
E[P_neut(16)] = 0.0003757843
E[P_neut(17)] = 0.0003892324
E[P_neut(18)] = 0.0004090412
E[P_neut(19)] = 0.0004476518

---- Expected P_sel(i), 0 < i < n (selected SFS per site) 
E[P_sel(1)] = 0.0072367689
E[P_sel(2)] = 0.0028364731
E[P_sel(3)] = 0.0014933368
E[P_sel(4)] = 0.0009356577
E[P_sel(5)] = 0.0006580241
E[P_sel(6)] = 0.0005097948
E[P_sel(7)] = 0.0004176164
E[P_sel(8)] = 0.0003504001
E[P_sel(9)] = 0.0003014433
E[P_sel(10)] = 0.0002742490
E[P_sel(11)] = 0.0002452530
E[P_sel(12)] = 0.0002379354
E[P_sel(13)] = 0.0002174847
E[P_sel(14)] = 0.0002073007
E[P_sel(15)] = 0.0002080945
E[P_sel(16)] = 0.0002047056
E[P_sel(17)] = 0.0002137507
E[P_sel(18)] = 0.0002283917
E[P_sel(19)] = 0.0002605456

---- Expected D_neut and D_sel (neutral and selected divergence per site) 
E[D_neut] = 0.0198512496
E[D_sel] = 0.0125133124

---- Expected neutral and selected misattributed polymorphism per site
E[mis_neut] = 0.0005141176
E[mis_sel] = 0.0003024929

---- alpha_div = 0.209829
---- alpha_dfe = 0.209823

