---- Running command
---- ./polyDFE -d Mmc/101.polyDFE.config.txt -m C -e 
---- Performing inference using model C

---- Performing inference on Mmc/101.polyDFE.config.txt
---- No mutation variability. Using Poisson likelihood.


---- Calculating initial values

-- Starting local optimization
-- Optimizing all parameters
  it        eps_an        lambda     theta_bar           S_d             b           p_b           S_b           r 2           r 3           r 4           r 5           r 6           r 7           r 8           r 9          r 10          r 11          r 12          r 13          r 14          r 15          r 16          r 17          r 18          r 19          r 20           ln lk          grad status 
   0           0.1 0.01930817564 0.01136409589        -20000         0.208           0.1            20 0.87221242864 0.73345583656 0.64504089086 0.58068515015 0.55548684878 0.53578908142 0.53773015444 0.52780967634 0.55311041250 0.55322895926 0.59380599271 0.61500817426 0.66273579958 0.74801822028 0.86083567214 1.11759675729 1.58303087866             1             1 -1119667.169762 23192.8088670   -2 
 948 0.00095847458 0.01932684507 0.01014486994 -85.255849815 0.11675128660 0.01819699640 7.78945182505 0.86592633050 0.72057013216 0.62046416055 0.55493711695 0.52517235903 0.50511358478 0.49720717325 0.48493435219 0.49283301208 0.48011572134 0.51225284418 0.51287204347 0.52240988840 0.55694692875 0.58756799931 0.65212145457 0.70859300126 0.82773441730 1.08639126945 -282.2294228934 0.05442513539   -8 
-- Local optimization: reached maximum number of likelihood evaluations allowed.
---- Best joint likelihood found -282.229422893477022 with gradient 0.05443

---- Results for Mmc/101.polyDFE.config.txt 
--  Model: C
--        eps_an        lambda     theta_bar             a 
-- 0.00095847458 0.01932684507 0.01014486994            -1 
--           S_d             b           p_b           S_b 
-- -85.255849815 0.11675128660 0.01819699640 7.78945182505 
--           r 2           r 3           r 4           r 5           r 6           r 7           r 8           r 9          r 10          r 11          r 12          r 13          r 14          r 15          r 16          r 17          r 18          r 19          r 20 
-- 0.86592633050 0.72057013216 0.62046416055 0.55493711695 0.52517235903 0.50511358478 0.49720717325 0.48493435219 0.49283301208 0.48011572134 0.51225284418 0.51287204347 0.52240988840 0.55694692875 0.58756799931 0.65212145457 0.70859300126 0.82773441730 1.08639126945 

---- Expected P_neut(i), 0 < i < n (neutral SFS per site) 
E[P_neut(1)] = 0.0101355700
E[P_neut(2)] = 0.0043885278
E[P_neut(3)] = 0.0024347342
E[P_neut(4)] = 0.0015724808
E[P_neut(5)] = 0.0011252348
E[P_neut(6)] = 0.0008874793
E[P_neut(7)] = 0.0007317265
E[P_neut(8)] = 0.0006303235
E[P_neut(9)] = 0.0005465223
E[P_neut(10)] = 0.0004999727
E[P_neut(11)] = 0.0004428915
E[P_neut(12)] = 0.0004332508
E[P_neut(13)] = 0.0004005504
E[P_neut(14)] = 0.0003790440
E[P_neut(15)] = 0.0003773951
E[P_neut(16)] = 0.0003737013
E[P_neut(17)] = 0.0003911206
E[P_neut(18)] = 0.0004031929
E[P_neut(19)] = 0.0004512609

---- Expected P_sel(i), 0 < i < n (selected SFS per site) 
E[P_sel(1)] = 0.0072428115
E[P_sel(2)] = 0.0028410762
E[P_sel(3)] = 0.0015006730
E[P_sel(4)] = 0.0009394789
E[P_sel(5)] = 0.0006575404
E[P_sel(6)] = 0.0005100049
E[P_sel(7)] = 0.0004150538
E[P_sel(8)] = 0.0003538749
E[P_sel(9)] = 0.0003043537
E[P_sel(10)] = 0.0002767028
E[P_sel(11)] = 0.0002440137
E[P_sel(12)] = 0.0002380329
E[P_sel(13)] = 0.0002198360
E[P_sel(14)] = 0.0002082204
E[P_sel(15)] = 0.0002079797
E[P_sel(16)] = 0.0002072052
E[P_sel(17)] = 0.0002190375
E[P_sel(18)] = 0.0002293833
E[P_sel(19)] = 0.0002636924

---- Expected D_neut and D_sel (neutral and selected divergence per site) 
E[D_neut] = 0.0198779100
E[D_sel] = 0.0125185344

---- Expected neutral and selected misattributed polymorphism per site
E[mis_neut] = 0.0005510649
E[mis_sel] = 0.0003306242

---- alpha_div = 0.230023
---- alpha_dfe = 0.229890

