---- Running command
---- ./polyDFE -d Mmc/102.polyDFE.config.txt -m C -e 
---- Performing inference using model C

---- Performing inference on Mmc/102.polyDFE.config.txt
---- No mutation variability. Using Poisson likelihood.


---- Calculating initial values

-- Starting local optimization
-- Optimizing all parameters
  it        eps_an        lambda     theta_bar           S_d             b           p_b           S_b           r 2           r 3           r 4           r 5           r 6           r 7           r 8           r 9          r 10          r 11          r 12          r 13          r 14          r 15          r 16          r 17          r 18          r 19          r 20           ln lk          grad status 
   0           0.1 0.01926275537 0.01135815050        -20000         0.208           0.1            20 0.87269521935 0.73481070858 0.64306268355 0.58376870056 0.55206117457 0.54072290012 0.53862646226 0.52594969354 0.54874157442 0.55747502204 0.59410220547 0.63111985604 0.65913235870 0.74581889934 0.86127786942 1.11523450954 1.56883667944             1             1 -1118427.555437 23171.4181383   -2 
 606 0.00137669125 0.01930549755 0.01014798453 -76.639908154 0.12265341023 0.02237120106 6.78348191892 0.86372893663 0.72193461349 0.62033066824 0.55858423930 0.52348758092 0.50790797647 0.49697840429 0.48276562765 0.49146794512 0.48497016399 0.51045538306 0.51901302757 0.52128323247 0.55227491695 0.58989449188 0.64686536079 0.69540480951 0.81316411246 1.03965819236 -276.1700063827 0.08427067194   -8 
-- Local optimization: reached maximum number of likelihood evaluations allowed.
---- Best joint likelihood found -276.170006382759311 with gradient 0.08427

---- Results for Mmc/102.polyDFE.config.txt 
--  Model: C
--        eps_an        lambda     theta_bar             a 
-- 0.00137669125 0.01930549755 0.01014798453            -1 
--           S_d             b           p_b           S_b 
-- -76.639908154 0.12265341023 0.02237120106 6.78348191892 
--           r 2           r 3           r 4           r 5           r 6           r 7           r 8           r 9          r 10          r 11          r 12          r 13          r 14          r 15          r 16          r 17          r 18          r 19          r 20 
-- 0.86372893663 0.72193461349 0.62033066824 0.55858423930 0.52348758092 0.50790797647 0.49697840429 0.48276562765 0.49146794512 0.48497016399 0.51045538306 0.51901302757 0.52128323247 0.55227491695 0.58989449188 0.64686536079 0.69540480951 0.81316411246 1.03965819236 

---- Expected P_neut(i), 0 < i < n (neutral SFS per site) 
E[P_neut(1)] = 0.0101346118
E[P_neut(2)] = 0.0043770603
E[P_neut(3)] = 0.0024392301
E[P_neut(4)] = 0.0015721250
E[P_neut(5)] = 0.0011326545
E[P_neut(6)] = 0.0008846919
E[P_neut(7)] = 0.0007358644
E[P_neut(8)] = 0.0006301425
E[P_neut(9)] = 0.0005442108
E[P_neut(10)] = 0.0004987409
E[P_neut(11)] = 0.0004475398
E[P_neut(12)] = 0.0004319481
E[P_neut(13)] = 0.0004056049
E[P_neut(14)] = 0.0003785540
E[P_neut(15)] = 0.0003746782
E[P_neut(16)] = 0.0003757915
E[P_neut(17)] = 0.0003889703
E[P_neut(18)] = 0.0003975469
E[P_neut(19)] = 0.0004476873

---- Expected P_sel(i), 0 < i < n (selected SFS per site) 
E[P_sel(1)] = 0.0072556686
E[P_sel(2)] = 0.0028306373
E[P_sel(3)] = 0.0014992983
E[P_sel(4)] = 0.0009357428
E[P_sel(5)] = 0.0006589976
E[P_sel(6)] = 0.0005060191
E[P_sel(7)] = 0.0004153815
E[P_sel(8)] = 0.0003520641
E[P_sel(9)] = 0.0003016455
E[P_sel(10)] = 0.0002748018
E[P_sel(11)] = 0.0002455832
E[P_sel(12)] = 0.0002364874
E[P_sel(13)] = 0.0002219786
E[P_sel(14)] = 0.0002075284
E[P_sel(15)] = 0.0002062598
E[P_sel(16)] = 0.0002083692
E[P_sel(17)] = 0.0002181142
E[P_sel(18)] = 0.0002267932
E[P_sel(19)] = 0.0002628483

---- Expected D_neut and D_sel (neutral and selected divergence per site) 
E[D_neut] = 0.0198330193
E[D_sel] = 0.0125155291

---- Expected neutral and selected misattributed polymorphism per site
E[mis_neut] = 0.0005275218
E[mis_sel] = 0.0003175855

---- alpha_div = 0.247431
---- alpha_dfe = 0.247225

