---- Running command
---- ./polyDFE -d Mmc/103.polyDFE.config.txt -m C -e 
---- Performing inference using model C

---- Performing inference on Mmc/103.polyDFE.config.txt
---- No mutation variability. Using Poisson likelihood.


---- Calculating initial values

-- Starting local optimization
-- Optimizing all parameters
  it        eps_an        lambda     theta_bar           S_d             b           p_b           S_b           r 2           r 3           r 4           r 5           r 6           r 7           r 8           r 9          r 10          r 11          r 12          r 13          r 14          r 15          r 16          r 17          r 18          r 19          r 20           ln lk          grad status 
   0           0.1 0.01932822616 0.01135053868        -20000         0.208           0.1            20 0.87012692866 0.73542918204 0.64469200606 0.58325428171 0.56007466831 0.53433686493 0.53226938053 0.53651413135 0.55109172535 0.55437983087 0.59256251052 0.62140171516 0.66514491883 0.75768322344 0.85930373600 1.09761148282 1.57591039493             1             1 -1122263.684755 23272.1886119   -2 
 998 0.00022049476 0.01927709380 0.01012936559 -79.680698328 0.12154326016 0.02397018719 6.26173491735 0.86414039543 0.72042532145 0.61888134119 0.55632838345 0.52766217388 0.50616046110 0.49620567804 0.48675281578 0.49879792622 0.48824100489 0.51109317281 0.51244589210 0.52784858277 0.55891984825 0.58678549521 0.64376982063 0.71086666274 0.83870091071 1.22611270929 -299.4547996656 0.01273477966   -3 
-- Local optimization: stuck in the same solution
---- Best joint likelihood found -299.454799665661994 with gradient 0.01273

---- Results for Mmc/103.polyDFE.config.txt 
--  Model: C
--        eps_an        lambda     theta_bar             a 
-- 0.00022049476 0.01927709380 0.01012936559            -1 
--           S_d             b           p_b           S_b 
-- -79.680698328 0.12154326016 0.02397018719 6.26173491735 
--           r 2           r 3           r 4           r 5           r 6           r 7           r 8           r 9          r 10          r 11          r 12          r 13          r 14          r 15          r 16          r 17          r 18          r 19          r 20 
-- 0.86414039543 0.72042532145 0.61888134119 0.55632838345 0.52766217388 0.50616046110 0.49620567804 0.48675281578 0.49879792622 0.48824100489 0.51109317281 0.51244589210 0.52784858277 0.55891984825 0.58678549521 0.64376982063 0.71086666274 0.83870091071 1.22611270929 

---- Expected P_neut(i), 0 < i < n (neutral SFS per site) 
E[P_neut(1)] = 0.0101272307
E[P_neut(2)] = 0.0043757202
E[P_neut(3)] = 0.0024320321
E[P_neut(4)] = 0.0015669552
E[P_neut(5)] = 0.0011268854
E[P_neut(6)] = 0.0008907016
E[P_neut(7)] = 0.0007323672
E[P_neut(8)] = 0.0006282377
E[P_neut(9)] = 0.0005478114
E[P_neut(10)] = 0.0005052507
E[P_neut(11)] = 0.0004496191
E[P_neut(12)] = 0.0004314642
E[P_neut(13)] = 0.0003993621
E[P_neut(14)] = 0.0003820244
E[P_neut(15)] = 0.0003775989
E[P_neut(16)] = 0.0003717490
E[P_neut(17)] = 0.0003840388
E[P_neut(18)] = 0.0004009117
E[P_neut(19)] = 0.0004492669

---- Expected P_sel(i), 0 < i < n (selected SFS per site) 
E[P_sel(1)] = 0.0072407984
E[P_sel(2)] = 0.0028285119
E[P_sel(3)] = 0.0014951782
E[P_sel(4)] = 0.0009333120
E[P_sel(5)] = 0.0006563591
E[P_sel(6)] = 0.0005101929
E[P_sel(7)] = 0.0004141366
E[P_sel(8)] = 0.0003517227
E[P_sel(9)] = 0.0003043516
E[P_sel(10)] = 0.0002791140
E[P_sel(11)] = 0.0002474295
E[P_sel(12)] = 0.0002369536
E[P_sel(13)] = 0.0002192841
E[P_sel(14)] = 0.0002101567
E[P_sel(15)] = 0.0002086049
E[P_sel(16)] = 0.0002068424
E[P_sel(17)] = 0.0002160041
E[P_sel(18)] = 0.0002290859
E[P_sel(19)] = 0.0002628079

---- Expected D_neut and D_sel (neutral and selected divergence per site) 
E[D_neut] = 0.0198980810
E[D_sel] = 0.0125260523

---- Expected neutral and selected misattributed polymorphism per site
E[mis_neut] = 0.0006209872
E[mis_sel] = 0.0003742037

---- alpha_div = 0.246373
---- alpha_dfe = 0.246178

