---- Running command
---- ./polyDFE -d Mmc/104.polyDFE.config.txt -m C -e 
---- Performing inference using model C

---- Performing inference on Mmc/104.polyDFE.config.txt
---- No mutation variability. Using Poisson likelihood.


---- Calculating initial values

-- Starting local optimization
-- Optimizing all parameters
  it        eps_an        lambda     theta_bar           S_d             b           p_b           S_b           r 2           r 3           r 4           r 5           r 6           r 7           r 8           r 9          r 10          r 11          r 12          r 13          r 14          r 15          r 16          r 17          r 18          r 19          r 20           ln lk          grad status 
   0           0.1 0.01929053717 0.01137265645        -20000         0.208           0.1            20 0.87274443420 0.73379303061 0.64691155340 0.58813390461 0.55684940908 0.53779885461 0.53596338938 0.52898337770 0.55198048044 0.55307455145 0.59975041010 0.62191674945 0.66692137526 0.76092491284 0.86130792800 1.10683914893 1.58746353628             1             1 -1114960.927968 23163.7541186   -2 
 823 0.00115543815 0.01931239138 0.01014980474 -81.857582004 0.12117672344 0.02056696836 7.37431644748 0.86814889324 0.72114123284 0.62280430159 0.55934265266 0.53087859258 0.50733633780 0.49501624110 0.48116095478 0.49554674961 0.48459533300 0.51513288384 0.51303878360 0.52386273866 0.56313651845 0.58764101566 0.65395763950 0.71244970264 0.81727081149 1.08004364296 -288.9737976192 0.03796448146   -3 
-- Local optimization: stuck in the same solution
---- Best joint likelihood found -288.973797619226389 with gradient 0.03796

---- Results for Mmc/104.polyDFE.config.txt 
--  Model: C
--        eps_an        lambda     theta_bar             a 
-- 0.00115543815 0.01931239138 0.01014980474            -1 
--           S_d             b           p_b           S_b 
-- -81.857582004 0.12117672344 0.02056696836 7.37431644748 
--           r 2           r 3           r 4           r 5           r 6           r 7           r 8           r 9          r 10          r 11          r 12          r 13          r 14          r 15          r 16          r 17          r 18          r 19          r 20 
-- 0.86814889324 0.72114123284 0.62280430159 0.55934265266 0.53087859258 0.50733633780 0.49501624110 0.48116095478 0.49554674961 0.48459533300 0.51513288384 0.51303878360 0.52386273866 0.56313651845 0.58764101566 0.65395763950 0.71244970264 0.81727081149 1.08004364296 

---- Expected P_neut(i), 0 < i < n (neutral SFS per site) 
E[P_neut(1)] = 0.0101385817
E[P_neut(2)] = 0.0044011445
E[P_neut(3)] = 0.0024374463
E[P_neut(4)] = 0.0015789403
E[P_neut(5)] = 0.0011345721
E[P_neut(6)] = 0.0008974535
E[P_neut(7)] = 0.0007352364
E[P_neut(8)] = 0.0006278175
E[P_neut(9)] = 0.0005425219
E[P_neut(10)] = 0.0005029703
E[P_neut(11)] = 0.0004472511
E[P_neut(12)] = 0.0004359304
E[P_neut(13)] = 0.0004009443
E[P_neut(14)] = 0.0003803920
E[P_neut(15)] = 0.0003819200
E[P_neut(16)] = 0.0003741729
E[P_neut(17)] = 0.0003928116
E[P_neut(18)] = 0.0004063612
E[P_neut(19)] = 0.0004478093

---- Expected P_sel(i), 0 < i < n (selected SFS per site) 
E[P_sel(1)] = 0.0072221791
E[P_sel(2)] = 0.0028325684
E[P_sel(3)] = 0.0014914074
E[P_sel(4)] = 0.0009356754
E[P_sel(5)] = 0.0006572613
E[P_sel(6)] = 0.0005111074
E[P_sel(7)] = 0.0004132270
E[P_sel(8)] = 0.0003492207
E[P_sel(9)] = 0.0002993566
E[P_sel(10)] = 0.0002758511
E[P_sel(11)] = 0.0002442538
E[P_sel(12)] = 0.0002374882
E[P_sel(13)] = 0.0002183024
E[P_sel(14)] = 0.0002074251
E[P_sel(15)] = 0.0002090849
E[P_sel(16)] = 0.0002062933
E[P_sel(17)] = 0.0002189955
E[P_sel(18)] = 0.0002304856
E[P_sel(19)] = 0.0002614448

---- Expected D_neut and D_sel (neutral and selected divergence per site) 
E[D_neut] = 0.0198605030
E[D_sel] = 0.0125274646

---- Expected neutral and selected misattributed polymorphism per site
E[mis_neut] = 0.0005481116
E[mis_sel] = 0.0003288576

---- alpha_div = 0.246276
---- alpha_dfe = 0.246162

