---- Running command
---- ./polyDFE -d Mmc/105.polyDFE.config.txt -m C -e 
---- Performing inference using model C

---- Performing inference on Mmc/105.polyDFE.config.txt
---- No mutation variability. Using Poisson likelihood.


---- Calculating initial values

-- Starting local optimization
-- Optimizing all parameters
  it        eps_an        lambda     theta_bar           S_d             b           p_b           S_b           r 2           r 3           r 4           r 5           r 6           r 7           r 8           r 9          r 10          r 11          r 12          r 13          r 14          r 15          r 16          r 17          r 18          r 19          r 20           ln lk          grad status 
   0           0.1 0.01927763012 0.01138769202        -20000         0.208           0.1            20 0.87457063040 0.73181514738 0.64410641764 0.58564880029 0.55221792981 0.54039318650 0.53808056843 0.53384968260 0.55095622504 0.54916907015 0.58850787755 0.62883584270 0.66297807569 0.75443419000 0.87232686236 1.11150477286 1.57958581468             1             1 -1114771.463018 23138.8450962   -2 
 694 0.00186856493 0.01932486447 0.01018574578 -82.691397233 0.12080477202 0.02044667020 7.37689023490 0.86451017523 0.71815618822 0.62081275030 0.55806288228 0.52732464994 0.50656938869 0.49692998229 0.48825615059 0.48874814001 0.47912970585 0.50741282270 0.51244675970 0.52317846021 0.56206946354 0.58757363616 0.64871075198 0.70037764629 0.80508768857 1.03048836136 -269.7652104703 0.11397063595   -3 
-- Local optimization: stuck in the same solution
---- Best joint likelihood found -269.765210470315651 with gradient 0.11397

---- Results for Mmc/105.polyDFE.config.txt 
--  Model: C
--        eps_an        lambda     theta_bar             a 
-- 0.00186856493 0.01932486447 0.01018574578            -1 
--           S_d             b           p_b           S_b 
-- -82.691397233 0.12080477202 0.02044667020 7.37689023490 
--           r 2           r 3           r 4           r 5           r 6           r 7           r 8           r 9          r 10          r 11          r 12          r 13          r 14          r 15          r 16          r 17          r 18          r 19          r 20 
-- 0.86451017523 0.71815618822 0.62081275030 0.55806288228 0.52732464994 0.50656938869 0.49692998229 0.48825615059 0.48874814001 0.47912970585 0.50741282270 0.51244675970 0.52317846021 0.56206946354 0.58757363616 0.64871075198 0.70037764629 0.80508768857 1.03048836136 

---- Expected P_neut(i), 0 < i < n (neutral SFS per site) 
E[P_neut(1)] = 0.0101675195
E[P_neut(2)] = 0.0043953540
E[P_neut(3)] = 0.0024344889
E[P_neut(4)] = 0.0015786052
E[P_neut(5)] = 0.0011354462
E[P_neut(6)] = 0.0008942377
E[P_neut(7)] = 0.0007364853
E[P_neut(8)] = 0.0006323229
E[P_neut(9)] = 0.0005523801
E[P_neut(10)] = 0.0004978264
E[P_neut(11)] = 0.0004438666
E[P_neut(12)] = 0.0004310756
E[P_neut(13)] = 0.0004021388
E[P_neut(14)] = 0.0003816017
E[P_neut(15)] = 0.0003830842
E[P_neut(16)] = 0.0003763097
E[P_neut(17)] = 0.0003925124
E[P_neut(18)] = 0.0004038125
E[P_neut(19)] = 0.0004498272

---- Expected P_sel(i), 0 < i < n (selected SFS per site) 
E[P_sel(1)] = 0.0072397153
E[P_sel(2)] = 0.0028281590
E[P_sel(3)] = 0.0014894183
E[P_sel(4)] = 0.0009354370
E[P_sel(5)] = 0.0006577748
E[P_sel(6)] = 0.0005093011
E[P_sel(7)] = 0.0004139608
E[P_sel(8)] = 0.0003517609
E[P_sel(9)] = 0.0003048301
E[P_sel(10)] = 0.0002730624
E[P_sel(11)] = 0.0002424353
E[P_sel(12)] = 0.0002348724
E[P_sel(13)] = 0.0002189796
E[P_sel(14)] = 0.0002081104
E[P_sel(15)] = 0.0002097496
E[P_sel(16)] = 0.0002075074
E[P_sel(17)] = 0.0002188963
E[P_sel(18)] = 0.0002292328
E[P_sel(19)] = 0.0002633992

---- Expected D_neut and D_sel (neutral and selected divergence per site) 
E[D_neut] = 0.0198496791
E[D_sel] = 0.0125115082

---- Expected neutral and selected misattributed polymorphism per site
E[mis_neut] = 0.0005248146
E[mis_sel] = 0.0003147080

---- alpha_div = 0.245221
---- alpha_dfe = 0.244998

