---- Running command
---- ./polyDFE -d Mmc/106.polyDFE.config.txt -m C -e 
---- Performing inference using model C

---- Performing inference on Mmc/106.polyDFE.config.txt
---- No mutation variability. Using Poisson likelihood.


---- Calculating initial values

-- Starting local optimization
-- Optimizing all parameters
  it        eps_an        lambda     theta_bar           S_d             b           p_b           S_b           r 2           r 3           r 4           r 5           r 6           r 7           r 8           r 9          r 10          r 11          r 12          r 13          r 14          r 15          r 16          r 17          r 18          r 19          r 20           ln lk          grad status 
   0           0.1 0.01927903483 0.01135561001        -20000         0.208           0.1            20 0.87350172807 0.73452108940 0.64381802426 0.58298779294 0.55620294400 0.53279664838 0.53973064078 0.52477639537 0.55042499812 0.55857141976 0.59902609952 0.62458457260 0.67069717017 0.75415792731 0.86043090322 1.10044645660 1.57949783881             1             1 -1118591.233348 23184.9249521   -2 
 721 0.00296187303 0.01932379322 0.01016001919 -80.235123302 0.12106681950 0.02177339052 6.89327026038 0.86645363932 0.71962286018 0.61928576970 0.55518843151 0.52825100465 0.50197370079 0.49511050039 0.48181163517 0.49262976992 0.48668861869 0.51706274318 0.51557016984 0.52685775259 0.55604473892 0.58131405421 0.62944362158 0.69103694678 0.76855429663 1.03117590856 -277.7028362277 0.05806595513   -3 
-- Local optimization: stuck in the same solution
---- Best joint likelihood found -277.702836227734224 with gradient 0.05807

---- Results for Mmc/106.polyDFE.config.txt 
--  Model: C
--        eps_an        lambda     theta_bar             a 
-- 0.00296187303 0.01932379322 0.01016001919            -1 
--           S_d             b           p_b           S_b 
-- -80.235123302 0.12106681950 0.02177339052 6.89327026038 
--           r 2           r 3           r 4           r 5           r 6           r 7           r 8           r 9          r 10          r 11          r 12          r 13          r 14          r 15          r 16          r 17          r 18          r 19          r 20 
-- 0.86645363932 0.71962286018 0.61928576970 0.55518843151 0.52825100465 0.50197370079 0.49511050039 0.48181163517 0.49262976992 0.48668861869 0.51706274318 0.51557016984 0.52685775259 0.55604473892 0.58131405421 0.62944362158 0.69103694678 0.76855429663 1.03117590856 

---- Expected P_neut(i), 0 < i < n (neutral SFS per site) 
E[P_neut(1)] = 0.0101311438
E[P_neut(2)] = 0.0043897111
E[P_neut(3)] = 0.0024310231
E[P_neut(4)] = 0.0015694232
E[P_neut(5)] = 0.0011259191
E[P_neut(6)] = 0.0008929898
E[P_neut(7)] = 0.0007276158
E[P_neut(8)] = 0.0006282258
E[P_neut(9)] = 0.0005436333
E[P_neut(10)] = 0.0005005128
E[P_neut(11)] = 0.0004498037
E[P_neut(12)] = 0.0004383464
E[P_neut(13)] = 0.0004039032
E[P_neut(14)] = 0.0003838659
E[P_neut(15)] = 0.0003788542
E[P_neut(16)] = 0.0003727008
E[P_neut(17)] = 0.0003822901
E[P_neut(18)] = 0.0004019344
E[P_neut(19)] = 0.0004398505

---- Expected P_sel(i), 0 < i < n (selected SFS per site) 
E[P_sel(1)] = 0.0072373526
E[P_sel(2)] = 0.0028346785
E[P_sel(3)] = 0.0014928272
E[P_sel(4)] = 0.0009335499
E[P_sel(5)] = 0.0006548172
E[P_sel(6)] = 0.0005106453
E[P_sel(7)] = 0.0004106775
E[P_sel(8)] = 0.0003509821
E[P_sel(9)] = 0.0003013339
E[P_sel(10)] = 0.0002757961
E[P_sel(11)] = 0.0002468462
E[P_sel(12)] = 0.0002400111
E[P_sel(13)] = 0.0002210653
E[P_sel(14)] = 0.0002104571
E[P_sel(15)] = 0.0002085768
E[P_sel(16)] = 0.0002066957
E[P_sel(17)] = 0.0002144845
E[P_sel(18)] = 0.0002296904
E[P_sel(19)] = 0.0002602119

---- Expected D_neut and D_sel (neutral and selected divergence per site) 
E[D_neut] = 0.0198476316
E[D_sel] = 0.0125151779

---- Expected neutral and selected misattributed polymorphism per site
E[mis_neut] = 0.0005238384
E[mis_sel] = 0.0003151031

---- alpha_div = 0.244573
---- alpha_dfe = 0.244501

