---- Running command
---- ./polyDFE -d Mmc/107.polyDFE.config.txt -m C -e 
---- Performing inference using model C

---- Performing inference on Mmc/107.polyDFE.config.txt
---- No mutation variability. Using Poisson likelihood.


---- Calculating initial values

-- Starting local optimization
-- Optimizing all parameters
  it        eps_an        lambda     theta_bar           S_d             b           p_b           S_b           r 2           r 3           r 4           r 5           r 6           r 7           r 8           r 9          r 10          r 11          r 12          r 13          r 14          r 15          r 16          r 17          r 18          r 19          r 20           ln lk          grad status 
   0           0.1 0.01926236216 0.01135176007        -20000         0.208           0.1            20 0.87640869015 0.73508715202 0.64440461779 0.57846115009 0.55416388142 0.53830348495 0.53411816466 0.53580515591 0.55536369458 0.55985121013 0.59488475392 0.62292679787 0.67362900510 0.75418389713 0.87008614965 1.11240433220 1.57892166285             1             1 -1114509.411386 23105.5887586   -2 
 425 0.00259457792 0.01929578147 0.01018402471 -103.90982720 0.10494969374 0.00242093133 50.2151965043 0.86202838166 0.71425524465 0.61813838125 0.55066899901 0.52103242793 0.50457517552 0.48842445720 0.48313242087 0.49413789562 0.48568439361 0.51276644747 0.51306219876 0.53028451363 0.56333680860 0.59045122425 0.65671200552 0.70368308501 0.80287156068 1.04243457384 -288.9119205739 0.13692407671   -3 
-- Local optimization: stuck in the same solution
---- Best joint likelihood found -288.911920573969837 with gradient 0.13692

---- Results for Mmc/107.polyDFE.config.txt 
--  Model: C
--        eps_an        lambda     theta_bar             a 
-- 0.00259457792 0.01929578147 0.01018402471            -1 
--           S_d             b           p_b           S_b 
-- -103.90982720 0.10494969374 0.00242093133 50.2151965043 
--           r 2           r 3           r 4           r 5           r 6           r 7           r 8           r 9          r 10          r 11          r 12          r 13          r 14          r 15          r 16          r 17          r 18          r 19          r 20 
-- 0.86202838166 0.71425524465 0.61813838125 0.55066899901 0.52103242793 0.50457517552 0.48842445720 0.48313242087 0.49413789562 0.48568439361 0.51276644747 0.51306219876 0.53028451363 0.56333680860 0.59045122425 0.65671200552 0.70368308501 0.80287156068 1.04243457384 

---- Expected P_neut(i), 0 < i < n (neutral SFS per site) 
E[P_neut(1)] = 0.0101587180
E[P_neut(2)] = 0.0043791034
E[P_neut(3)] = 0.0024193941
E[P_neut(4)] = 0.0015706759
E[P_neut(5)] = 0.0011196876
E[P_neut(6)] = 0.0008830741
E[P_neut(7)] = 0.0007332248
E[P_neut(8)] = 0.0006212817
E[P_neut(9)] = 0.0005464407
E[P_neut(10)] = 0.0005032313
E[P_neut(11)] = 0.0004499083
E[P_neut(12)] = 0.0004356530
E[P_neut(13)] = 0.0004027878
E[P_neut(14)] = 0.0003870388
E[P_neut(15)] = 0.0003843868
E[P_neut(16)] = 0.0003789313
E[P_neut(17)] = 0.0003986803
E[P_neut(18)] = 0.0004084850
E[P_neut(19)] = 0.0004556469

---- Expected P_sel(i), 0 < i < n (selected SFS per site) 
E[P_sel(1)] = 0.0072434981
E[P_sel(2)] = 0.0028432147
E[P_sel(3)] = 0.0014990624
E[P_sel(4)] = 0.0009441957
E[P_sel(5)] = 0.0006583764
E[P_sel(6)] = 0.0005103561
E[P_sel(7)] = 0.0004178267
E[P_sel(8)] = 0.0003498794
E[P_sel(9)] = 0.0003046459
E[P_sel(10)] = 0.0002781222
E[P_sel(11)] = 0.0002467853
E[P_sel(12)] = 0.0002374184
E[P_sel(13)] = 0.0002183077
E[P_sel(14)] = 0.0002088458
E[P_sel(15)] = 0.0002067594
E[P_sel(16)] = 0.0002035513
E[P_sel(17)] = 0.0002145030
E[P_sel(18)] = 0.0002216582
E[P_sel(19)] = 0.0002553844

---- Expected D_neut and D_sel (neutral and selected divergence per site) 
E[D_neut] = 0.0198265904
E[D_sel] = 0.0125520224

---- Expected neutral and selected misattributed polymorphism per site
E[mis_neut] = 0.0005308090
E[mis_sel] = 0.0003008968

---- alpha_div = 0.191294
---- alpha_dfe = 0.191593

