---- Running command
---- ./polyDFE -d Mmc/108.polyDFE.config.txt -m C -e 
---- Performing inference using model C

---- Performing inference on Mmc/108.polyDFE.config.txt
---- No mutation variability. Using Poisson likelihood.


---- Calculating initial values

-- Starting local optimization
-- Optimizing all parameters
  it        eps_an        lambda     theta_bar           S_d             b           p_b           S_b           r 2           r 3           r 4           r 5           r 6           r 7           r 8           r 9          r 10          r 11          r 12          r 13          r 14          r 15          r 16          r 17          r 18          r 19          r 20           ln lk          grad status 
   0           0.1 0.01927912324 0.01137055171        -20000         0.208           0.1            20 0.87193668398 0.73246130186 0.64394005834 0.58413335351 0.55763347196 0.53687257928 0.53541453219 0.53226361810 0.55130050839 0.55568600721 0.59380002746 0.61473681881 0.66158701172 0.75123609297 0.86401928859 1.09805571032 1.58308272261             1             1 -1116085.581391 23144.6262445   -2 
 247 0.00575644629 0.01932847506 0.01021697080 -107.61079729 0.10536518053 0.00569229164 21.5860947344 0.86204824864 0.71577671363 0.61469963489 0.55311409957 0.52328639719 0.50404217943 0.49007613948 0.48363008422 0.49217391358 0.48048488700 0.50735608051 0.50786832348 0.51687364297 0.55557715566 0.58061565536 0.62422907745 0.68231113817 0.72637318295 1.01302062242 -299.5732993285 0.20278846017   -3 
-- Local optimization: stuck in the same solution
---- Best joint likelihood found -299.573299328520079 with gradient 0.20279

---- Results for Mmc/108.polyDFE.config.txt 
--  Model: C
--        eps_an        lambda     theta_bar             a 
-- 0.00575644629 0.01932847506 0.01021697080            -1 
--           S_d             b           p_b           S_b 
-- -107.61079729 0.10536518053 0.00569229164 21.5860947344 
--           r 2           r 3           r 4           r 5           r 6           r 7           r 8           r 9          r 10          r 11          r 12          r 13          r 14          r 15          r 16          r 17          r 18          r 19          r 20 
-- 0.86204824864 0.71577671363 0.61469963489 0.55311409957 0.52328639719 0.50404217943 0.49007613948 0.48363008422 0.49217391358 0.48048488700 0.50735608051 0.50786832348 0.51687364297 0.55557715566 0.58061565536 0.62422907745 0.68231113817 0.72637318295 1.01302062242 

---- Expected P_neut(i), 0 < i < n (neutral SFS per site) 
E[P_neut(1)] = 0.0101604058
E[P_neut(2)] = 0.0043806403
E[P_neut(3)] = 0.0024258171
E[P_neut(4)] = 0.0015631882
E[P_neut(5)] = 0.0011259024
E[P_neut(6)] = 0.0008881090
E[P_neut(7)] = 0.0007337462
E[P_neut(8)] = 0.0006247704
E[P_neut(9)] = 0.0005484346
E[P_neut(10)] = 0.0005028527
E[P_neut(11)] = 0.0004468733
E[P_neut(12)] = 0.0004330865
E[P_neut(13)] = 0.0004010816
E[P_neut(14)] = 0.0003801639
E[P_neut(15)] = 0.0003827488
E[P_neut(16)] = 0.0003776622
E[P_neut(17)] = 0.0003870334
E[P_neut(18)] = 0.0004104069
E[P_neut(19)] = 0.0004471615

---- Expected P_sel(i), 0 < i < n (selected SFS per site) 
E[P_sel(1)] = 0.0072245897
E[P_sel(2)] = 0.0028367246
E[P_sel(3)] = 0.0014995908
E[P_sel(4)] = 0.0009379024
E[P_sel(5)] = 0.0006610629
E[P_sel(6)] = 0.0005127782
E[P_sel(7)] = 0.0004179690
E[P_sel(8)] = 0.0003519496
E[P_sel(9)] = 0.0003060889
E[P_sel(10)] = 0.0002784700
E[P_sel(11)] = 0.0002458812
E[P_sel(12)] = 0.0002370652
E[P_sel(13)] = 0.0002187024
E[P_sel(14)] = 0.0002068076
E[P_sel(15)] = 0.0002081016
E[P_sel(16)] = 0.0002057928
E[P_sel(17)] = 0.0002123308
E[P_sel(18)] = 0.0002288771
E[P_sel(19)] = 0.0002619438

---- Expected D_neut and D_sel (neutral and selected divergence per site) 
E[D_neut] = 0.0198459752
E[D_sel] = 0.0125146223

---- Expected neutral and selected misattributed polymorphism per site
E[mis_neut] = 0.0005175001
E[mis_sel] = 0.0003018295

---- alpha_div = 0.194953
---- alpha_dfe = 0.195109

