---- Running command
---- ./polyDFE -d Mmc/109.polyDFE.config.txt -m C -e 
---- Performing inference using model C

---- Performing inference on Mmc/109.polyDFE.config.txt
---- No mutation variability. Using Poisson likelihood.


---- Calculating initial values

-- Starting local optimization
-- Optimizing all parameters
  it        eps_an        lambda     theta_bar           S_d             b           p_b           S_b           r 2           r 3           r 4           r 5           r 6           r 7           r 8           r 9          r 10          r 11          r 12          r 13          r 14          r 15          r 16          r 17          r 18          r 19          r 20           ln lk          grad status 
   0           0.1 0.01928748010 0.01135853636        -20000         0.208           0.1            20 0.87533033087 0.73313748162 0.64651465044 0.58928954529 0.55467817568 0.53702752214 0.53896713867 0.53028090927 0.55427381733 0.55401070547 0.59525623550 0.62781663983 0.66423112576 0.75373984429 0.85545473364 1.10212573910 1.57792134348             1             1 -1115232.638692 23153.6455598   -2 
1317 0.00086515590 0.01932347967 0.01014273565 -75.795897256 0.12685440237 0.03001818552 5.37297840999 0.86651421939 0.72184741674 0.62398915271 0.56083793830 0.52832378100 0.50780767645 0.49587144035 0.48352641374 0.49219783900 0.48549204536 0.51240539479 0.51636399742 0.52203795673 0.56096480729 0.58148876620 0.64758928235 0.70403616921 0.82366373233 1.05216516812 -280.4607351682 0.04207706862   -3 
-- Local optimization: stuck in the same solution
---- Best joint likelihood found -280.460735168249812 with gradient 0.04208

---- Results for Mmc/109.polyDFE.config.txt 
--  Model: C
--        eps_an        lambda     theta_bar             a 
-- 0.00086515590 0.01932347967 0.01014273565            -1 
--           S_d             b           p_b           S_b 
-- -75.795897256 0.12685440237 0.03001818552 5.37297840999 
--           r 2           r 3           r 4           r 5           r 6           r 7           r 8           r 9          r 10          r 11          r 12          r 13          r 14          r 15          r 16          r 17          r 18          r 19          r 20 
-- 0.86651421939 0.72184741674 0.62398915271 0.56083793830 0.52832378100 0.50780767645 0.49587144035 0.48352641374 0.49219783900 0.48549204536 0.51240539479 0.51636399742 0.52203795673 0.56096480729 0.58148876620 0.64758928235 0.70403616921 0.82366373233 1.05216516812 

---- Expected P_neut(i), 0 < i < n (neutral SFS per site) 
E[P_neut(1)] = 0.0101343410
E[P_neut(2)] = 0.0043909537
E[P_neut(3)] = 0.0024387254
E[P_neut(4)] = 0.0015811893
E[P_neut(5)] = 0.0011370301
E[P_neut(6)] = 0.0008926626
E[P_neut(7)] = 0.0007355061
E[P_neut(8)] = 0.0006285174
E[P_neut(9)] = 0.0005448359
E[P_neut(10)] = 0.0004992233
E[P_neut(11)] = 0.0004477403
E[P_neut(12)] = 0.0004332686
E[P_neut(13)] = 0.0004031606
E[P_neut(14)] = 0.0003786521
E[P_neut(15)] = 0.0003799706
E[P_neut(16)] = 0.0003696679
E[P_neut(17)] = 0.0003881493
E[P_neut(18)] = 0.0004001727
E[P_neut(19)] = 0.0004480896

---- Expected P_sel(i), 0 < i < n (selected SFS per site) 
E[P_sel(1)] = 0.0072351294
E[P_sel(2)] = 0.0028273234
E[P_sel(3)] = 0.0014916751
E[P_sel(4)] = 0.0009364469
E[P_sel(5)] = 0.0006583413
E[P_sel(6)] = 0.0005082689
E[P_sel(7)] = 0.0004134903
E[P_sel(8)] = 0.0003499291
E[P_sel(9)] = 0.0003011435
E[P_sel(10)] = 0.0002745127
E[P_sel(11)] = 0.0002454179
E[P_sel(12)] = 0.0002371815
E[P_sel(13)] = 0.0002208551
E[P_sel(14)] = 0.0002080261
E[P_sel(15)] = 0.0002098719
E[P_sel(16)] = 0.0002058956
E[P_sel(17)] = 0.0002188289
E[P_sel(18)] = 0.0002295525
E[P_sel(19)] = 0.0002638461

---- Expected D_neut and D_sel (neutral and selected divergence per site) 
E[D_neut] = 0.0198570713
E[D_sel] = 0.0125251897

---- Expected neutral and selected misattributed polymorphism per site
E[mis_neut] = 0.0005335917
E[mis_sel] = 0.0003227076

---- alpha_div = 0.266943
---- alpha_dfe = 0.266806

