---- Running command
---- ./polyDFE -d Mmc/11.polyDFE.config.txt -m C -e 
---- Performing inference using model C

---- Performing inference on Mmc/11.polyDFE.config.txt
---- No mutation variability. Using Poisson likelihood.


---- Calculating initial values

-- Starting local optimization
-- Optimizing all parameters
  it        eps_an        lambda     theta_bar           S_d             b           p_b           S_b           r 2           r 3           r 4           r 5           r 6           r 7           r 8           r 9          r 10          r 11          r 12          r 13          r 14          r 15          r 16          r 17          r 18          r 19          r 20           ln lk          grad status 
   0           0.1 0.01928231993 0.01132800826        -20000         0.208           0.1            20 0.87550066552 0.74156863649 0.64358985265 0.58377333672 0.56004067255 0.54234166875 0.54054449020 0.52328500761 0.55318886694 0.55420332682 0.59606932578 0.62169195622 0.67123010462 0.74811406311 0.87082060615 1.11268062396 1.58804295277             1             1 -1118804.426330 23194.9158511   -2 
 840 0.00110560823 0.01916370321 0.01011605729 -72.908883255 0.12600470345 0.02443231385 6.40048177820 0.86961475206 0.72677037835 0.61826546918 0.55731295315 0.53093667799 0.50825928383 0.49749882589 0.48156661461 0.49764320564 0.48568667820 0.51574523051 0.51181073524 0.52997047271 0.56071593358 0.59052477558 0.64586160551 0.70922363601 0.81681170881 1.35770734809 -277.7780749158 0.04117354687   -8 
-- Local optimization: reached maximum number of likelihood evaluations allowed.
---- Best joint likelihood found -277.778074915870093 with gradient 0.04117

---- Results for Mmc/11.polyDFE.config.txt 
--  Model: C
--        eps_an        lambda     theta_bar             a 
-- 0.00110560823 0.01916370321 0.01011605729            -1 
--           S_d             b           p_b           S_b 
-- -72.908883255 0.12600470345 0.02443231385 6.40048177820 
--           r 2           r 3           r 4           r 5           r 6           r 7           r 8           r 9          r 10          r 11          r 12          r 13          r 14          r 15          r 16          r 17          r 18          r 19          r 20 
-- 0.86961475206 0.72677037835 0.61826546918 0.55731295315 0.53093667799 0.50825928383 0.49749882589 0.48156661461 0.49764320564 0.48568667820 0.51574523051 0.51181073524 0.52997047271 0.56071593358 0.59052477558 0.64586160551 0.70922363601 0.81681170881 1.35770734809 

---- Expected P_neut(i), 0 < i < n (neutral SFS per site) 
E[P_neut(1)] = 0.0101053537
E[P_neut(2)] = 0.0043941140
E[P_neut(3)] = 0.0024483990
E[P_neut(4)] = 0.0015622863
E[P_neut(5)] = 0.0011267334
E[P_neut(6)] = 0.0008945980
E[P_neut(7)] = 0.0007341397
E[P_neut(8)] = 0.0006288760
E[P_neut(9)] = 0.0005411793
E[P_neut(10)] = 0.0005034187
E[P_neut(11)] = 0.0004467623
E[P_neut(12)] = 0.0004349905
E[P_neut(13)] = 0.0003986415
E[P_neut(14)] = 0.0003835100
E[P_neut(15)] = 0.0003789775
E[P_neut(16)] = 0.0003746773
E[P_neut(17)] = 0.0003866124
E[P_neut(18)] = 0.0004030083
E[P_neut(19)] = 0.0004455938

---- Expected P_sel(i), 0 < i < n (selected SFS per site) 
E[P_sel(1)] = 0.0072368180
E[P_sel(2)] = 0.0028376119
E[P_sel(3)] = 0.0015012934
E[P_sel(4)] = 0.0009270818
E[P_sel(5)] = 0.0006533292
E[P_sel(6)] = 0.0005098314
E[P_sel(7)] = 0.0004128541
E[P_sel(8)] = 0.0003500232
E[P_sel(9)] = 0.0002988347
E[P_sel(10)] = 0.0002763590
E[P_sel(11)] = 0.0002442918
E[P_sel(12)] = 0.0002373635
E[P_sel(13)] = 0.0002175037
E[P_sel(14)] = 0.0002096747
E[P_sel(15)] = 0.0002081400
E[P_sel(16)] = 0.0002073555
E[P_sel(17)] = 0.0002164711
E[P_sel(18)] = 0.0002296163
E[P_sel(19)] = 0.0002611128

---- Expected D_neut and D_sel (neutral and selected divergence per site) 
E[D_neut] = 0.0198504355
E[D_sel] = 0.0125123727

---- Expected neutral and selected misattributed polymorphism per site
E[mis_neut] = 0.0006867323
E[mis_sel] = 0.0004133361

---- alpha_div = 0.255906
---- alpha_dfe = 0.255762

