---- Running command
---- ./polyDFE -d Mmc/110.polyDFE.config.txt -m C -e 
---- Performing inference using model C

---- Performing inference on Mmc/110.polyDFE.config.txt
---- No mutation variability. Using Poisson likelihood.


---- Calculating initial values

-- Starting local optimization
-- Optimizing all parameters
  it        eps_an        lambda     theta_bar           S_d             b           p_b           S_b           r 2           r 3           r 4           r 5           r 6           r 7           r 8           r 9          r 10          r 11          r 12          r 13          r 14          r 15          r 16          r 17          r 18          r 19          r 20           ln lk          grad status 
   0           0.1 0.01927552375 0.01134778289        -20000         0.208           0.1            20 0.87461495828 0.74012021863 0.64524813406 0.58382704298 0.55810469884 0.54059301417 0.53244648380 0.52951143152 0.54781863843 0.55752237328 0.59058619780 0.62379604243 0.66830496341 0.74929457765 0.87374550887 1.10444703319 1.58755241708             1             1 -1115312.203641 23156.3011781   -2 
1101 0.00023301775 0.01939239952 0.01013297262 -74.603159793 0.12664567837 0.02675946468 5.97920905614 0.86494676293 0.72435097996 0.62253251814 0.55824654612 0.52716893195 0.50735060639 0.49559958786 0.48534241526 0.49503200591 0.48465711543 0.50945314583 0.51286012909 0.52916949378 0.55936560754 0.59462802208 0.64980538353 0.71372533591 0.82997304014 0.89247542109 -267.1669647048 0.11269433940   -3 
-- Local optimization: stuck in the same solution
---- Best joint likelihood found -267.166964704898419 with gradient 0.11269

---- Results for Mmc/110.polyDFE.config.txt 
--  Model: C
--        eps_an        lambda     theta_bar             a 
-- 0.00023301775 0.01939239952 0.01013297262            -1 
--           S_d             b           p_b           S_b 
-- -74.603159793 0.12664567837 0.02675946468 5.97920905614 
--           r 2           r 3           r 4           r 5           r 6           r 7           r 8           r 9          r 10          r 11          r 12          r 13          r 14          r 15          r 16          r 17          r 18          r 19          r 20 
-- 0.86494676293 0.72435097996 0.62253251814 0.55824654612 0.52716893195 0.50735060639 0.49559958786 0.48534241526 0.49503200591 0.48465711543 0.50945314583 0.51286012909 0.52916949378 0.55936560754 0.59462802208 0.64980538353 0.71372533591 0.82997304014 0.89247542109 

---- Expected P_neut(i), 0 < i < n (neutral SFS per site) 
E[P_neut(1)] = 0.0101307146
E[P_neut(2)] = 0.0043813134
E[P_neut(3)] = 0.0024461297
E[P_neut(4)] = 0.0015767465
E[P_neut(5)] = 0.0011311638
E[P_neut(6)] = 0.0008901799
E[P_neut(7)] = 0.0007343463
E[P_neut(8)] = 0.0006276911
E[P_neut(9)] = 0.0005464169
E[P_neut(10)] = 0.0005016146
E[P_neut(11)] = 0.0004464794
E[P_neut(12)] = 0.0004302356
E[P_neut(13)] = 0.0003998316
E[P_neut(14)] = 0.0003831225
E[P_neut(15)] = 0.0003780447
E[P_neut(16)] = 0.0003768641
E[P_neut(17)] = 0.0003878010
E[P_neut(18)] = 0.0004027141
E[P_neut(19)] = 0.0004448946

---- Expected P_sel(i), 0 < i < n (selected SFS per site) 
E[P_sel(1)] = 0.0072367728
E[P_sel(2)] = 0.0028216728
E[P_sel(3)] = 0.0014959361
E[P_sel(4)] = 0.0009333197
E[P_sel(5)] = 0.0006543725
E[P_sel(6)] = 0.0005062377
E[P_sel(7)] = 0.0004121901
E[P_sel(8)] = 0.0003487933
E[P_sel(9)] = 0.0003013193
E[P_sel(10)] = 0.0002750816
E[P_sel(11)] = 0.0002439648
E[P_sel(12)] = 0.0002346886
E[P_sel(13)] = 0.0002181630
E[P_sel(14)] = 0.0002095571
E[P_sel(15)] = 0.0002078057
E[P_sel(16)] = 0.0002088181
E[P_sel(17)] = 0.0002174376
E[P_sel(18)] = 0.0002296706
E[P_sel(19)] = 0.0002600962

---- Expected D_neut and D_sel (neutral and selected divergence per site) 
E[D_neut] = 0.0198445710
E[D_sel] = 0.0125259235

---- Expected neutral and selected misattributed polymorphism per site
E[mis_neut] = 0.0004521715
E[mis_sel] = 0.0002727249

---- alpha_div = 0.262701
---- alpha_dfe = 0.262556

