---- Running command
---- ./polyDFE -d Mmc/111.polyDFE.config.txt -m C -e 
---- Performing inference using model C

---- Performing inference on Mmc/111.polyDFE.config.txt
---- No mutation variability. Using Poisson likelihood.


---- Calculating initial values

-- Starting local optimization
-- Optimizing all parameters
  it        eps_an        lambda     theta_bar           S_d             b           p_b           S_b           r 2           r 3           r 4           r 5           r 6           r 7           r 8           r 9          r 10          r 11          r 12          r 13          r 14          r 15          r 16          r 17          r 18          r 19          r 20           ln lk          grad status 
   0           0.1 0.01928572411 0.01133662078        -20000         0.208           0.1            20 0.87426067230 0.73825468534 0.64289727804 0.58361917802 0.56078829446 0.54000792538 0.53672008152 0.52719744874 0.55562384627 0.55313935892 0.59161133819 0.62499158372 0.66937117650 0.75723329788 0.85505597566 1.11586711552 1.59301797779             1             1 -1119741.290086 23203.7994956   -2 
 897 0.00080120934 0.01928213168 0.01013031511 -79.383956328 0.12212433589 0.02427852112 6.23547559678 0.86419893651 0.72173269696 0.62180130369 0.55570241905 0.52825485507 0.50719475691 0.49576438352 0.48630141709 0.49870468133 0.48529090882 0.51159668139 0.51778411695 0.52433217194 0.56657704972 0.58471932422 0.64845635012 0.71051997163 0.81703751976 1.13037396577 -275.1279552319 0.01444766000   -3 
-- Local optimization: stuck in the same solution
---- Best joint likelihood found -275.127955231975648 with gradient 0.01445

---- Results for Mmc/111.polyDFE.config.txt 
--  Model: C
--        eps_an        lambda     theta_bar             a 
-- 0.00080120934 0.01928213168 0.01013031511            -1 
--           S_d             b           p_b           S_b 
-- -79.383956328 0.12212433589 0.02427852112 6.23547559678 
--           r 2           r 3           r 4           r 5           r 6           r 7           r 8           r 9          r 10          r 11          r 12          r 13          r 14          r 15          r 16          r 17          r 18          r 19          r 20 
-- 0.86419893651 0.72173269696 0.62180130369 0.55570241905 0.52825485507 0.50719475691 0.49576438352 0.48630141709 0.49870468133 0.48529090882 0.51159668139 0.51778411695 0.52433217194 0.56657704972 0.58471932422 0.64845635012 0.71051997163 0.81703751976 1.13037396577 

---- Expected P_neut(i), 0 < i < n (neutral SFS per site) 
E[P_neut(1)] = 0.0101225476
E[P_neut(2)] = 0.0043741170
E[P_neut(3)] = 0.0024354835
E[P_neut(4)] = 0.0015737957
E[P_neut(5)] = 0.0011252926
E[P_neut(6)] = 0.0008914874
E[P_neut(7)] = 0.0007337413
E[P_neut(8)] = 0.0006276242
E[P_neut(9)] = 0.0005472958
E[P_neut(10)] = 0.0005052036
E[P_neut(11)] = 0.0004470032
E[P_neut(12)] = 0.0004320433
E[P_neut(13)] = 0.0004037507
E[P_neut(14)] = 0.0003798142
E[P_neut(15)] = 0.0003832358
E[P_neut(16)] = 0.0003711770
E[P_neut(17)] = 0.0003880588
E[P_neut(18)] = 0.0004030640
E[P_neut(19)] = 0.0004433910

---- Expected P_sel(i), 0 < i < n (selected SFS per site) 
E[P_sel(1)] = 0.0072335416
E[P_sel(2)] = 0.0028249271
E[P_sel(3)] = 0.0014956681
E[P_sel(4)] = 0.0009362603
E[P_sel(5)] = 0.0006545979
E[P_sel(6)] = 0.0005099722
E[P_sel(7)] = 0.0004143592
E[P_sel(8)] = 0.0003509076
E[P_sel(9)] = 0.0003036596
E[P_sel(10)] = 0.0002787221
E[P_sel(11)] = 0.0002456768
E[P_sel(12)] = 0.0002369822
E[P_sel(13)] = 0.0002214397
E[P_sel(14)] = 0.0002087220
E[P_sel(15)] = 0.0002115245
E[P_sel(16)] = 0.0002063749
E[P_sel(17)] = 0.0002181736
E[P_sel(18)] = 0.0002303705
E[P_sel(19)] = 0.0002600412

---- Expected D_neut and D_sel (neutral and selected divergence per site) 
E[D_neut] = 0.0198546839
E[D_sel] = 0.0125015657

---- Expected neutral and selected misattributed polymorphism per site
E[mis_neut] = 0.0005725522
E[mis_sel] = 0.0003449681

---- alpha_div = 0.248509
---- alpha_dfe = 0.248329

