---- Running command
---- ./polyDFE -d Mmc/112.polyDFE.config.txt -m C -e 
---- Performing inference using model C

---- Performing inference on Mmc/112.polyDFE.config.txt
---- No mutation variability. Using Poisson likelihood.


---- Calculating initial values

-- Starting local optimization
-- Optimizing all parameters
  it        eps_an        lambda     theta_bar           S_d             b           p_b           S_b           r 2           r 3           r 4           r 5           r 6           r 7           r 8           r 9          r 10          r 11          r 12          r 13          r 14          r 15          r 16          r 17          r 18          r 19          r 20           ln lk          grad status 
   0           0.1 0.01928087413 0.01135773199        -20000         0.208           0.1            20 0.87285317209 0.73492689747 0.64609246917 0.58097456397 0.55816855299 0.54429026077 0.53284059869 0.53746146168 0.54988512401 0.56285122565 0.59339150208 0.62796795158 0.66232679750 0.74743063951 0.85969113439 1.09963383335 1.57391553428             1             1 -1116754.581741 23149.8886409   -2 
1056 0.00063252436 0.01928696962 0.01014108953 -74.361190249 0.12614588401 0.02887354279 5.51753594025 0.86458813647 0.72159295885 0.62214305070 0.55606258532 0.52926545548 0.50987207907 0.49516838071 0.48998338236 0.49495310422 0.48708621142 0.51367930643 0.51964193113 0.52122365642 0.55653360003 0.58665779742 0.64221506267 0.70093416086 0.82571242742 1.11197169900 -275.7771661231 0.02919813125   -3 
-- Local optimization: stuck in the same solution
---- Best joint likelihood found -275.777166123152710 with gradient 0.02920

---- Results for Mmc/112.polyDFE.config.txt 
--  Model: C
--        eps_an        lambda     theta_bar             a 
-- 0.00063252436 0.01928696962 0.01014108953            -1 
--           S_d             b           p_b           S_b 
-- -74.361190249 0.12614588401 0.02887354279 5.51753594025 
--           r 2           r 3           r 4           r 5           r 6           r 7           r 8           r 9          r 10          r 11          r 12          r 13          r 14          r 15          r 16          r 17          r 18          r 19          r 20 
-- 0.86458813647 0.72159295885 0.62214305070 0.55606258532 0.52926545548 0.50987207907 0.49516838071 0.48998338236 0.49495310422 0.48708621142 0.51367930643 0.51964193113 0.52122365642 0.55653360003 0.58665779742 0.64221506267 0.70093416086 0.82571242742 1.11197169900 

---- Expected P_neut(i), 0 < i < n (neutral SFS per site) 
E[P_neut(1)] = 0.0101349538
E[P_neut(2)] = 0.0043814097
E[P_neut(3)] = 0.0024379457
E[P_neut(4)] = 0.0015765396
E[P_neut(5)] = 0.0011273407
E[P_neut(6)] = 0.0008942277
E[P_neut(7)] = 0.0007384547
E[P_neut(8)] = 0.0006275709
E[P_neut(9)] = 0.0005520421
E[P_neut(10)] = 0.0005019364
E[P_neut(11)] = 0.0004491184
E[P_neut(12)] = 0.0004342281
E[P_neut(13)] = 0.0004055751
E[P_neut(14)] = 0.0003778824
E[P_neut(15)] = 0.0003767325
E[P_neut(16)] = 0.0003725968
E[P_neut(17)] = 0.0003844041
E[P_neut(18)] = 0.0003974252
E[P_neut(19)] = 0.0004468528

---- Expected P_sel(i), 0 < i < n (selected SFS per site) 
E[P_sel(1)] = 0.0072555635
E[P_sel(2)] = 0.0028303220
E[P_sel(3)] = 0.0014962409
E[P_sel(4)] = 0.0009368862
E[P_sel(5)] = 0.0006549559
E[P_sel(6)] = 0.0005108728
E[P_sel(7)] = 0.0004165156
E[P_sel(8)] = 0.0003505213
E[P_sel(9)] = 0.0003060699
E[P_sel(10)] = 0.0002768216
E[P_sel(11)] = 0.0002468649
E[P_sel(12)] = 0.0002383337
E[P_sel(13)] = 0.0002227208
E[P_sel(14)] = 0.0002080659
E[P_sel(15)] = 0.0002084975
E[P_sel(16)] = 0.0002078845
E[P_sel(17)] = 0.0002170273
E[P_sel(18)] = 0.0002282111
E[P_sel(19)] = 0.0002631427

---- Expected D_neut and D_sel (neutral and selected divergence per site) 
E[D_neut] = 0.0198507999
E[D_sel] = 0.0125375353

---- Expected neutral and selected misattributed polymorphism per site
E[mis_neut] = 0.0005638302
E[mis_sel] = 0.0003413796

---- alpha_div = 0.262824
---- alpha_dfe = 0.262656

