---- Running command
---- ./polyDFE -d Mmc/113.polyDFE.config.txt -m C -e 
---- Performing inference using model C

---- Performing inference on Mmc/113.polyDFE.config.txt
---- No mutation variability. Using Poisson likelihood.


---- Calculating initial values

-- Starting local optimization
-- Optimizing all parameters
  it        eps_an        lambda     theta_bar           S_d             b           p_b           S_b           r 2           r 3           r 4           r 5           r 6           r 7           r 8           r 9          r 10          r 11          r 12          r 13          r 14          r 15          r 16          r 17          r 18          r 19          r 20           ln lk          grad status 
   0           0.1 0.01925078369 0.01133579496        -20000         0.208           0.1            20 0.87056144553 0.73639242346 0.64699295060 0.58466057418 0.55670551920 0.53912268310 0.54278241535 0.52762793699 0.55509144853 0.54939810776 0.59936206815 0.62698010381 0.66399132373 0.75418611074 0.86347103866 1.11201438773 1.59245583831             1             1 -1114516.685161 23139.6697011   -2 
 512 0.00205819883 0.01940444353 0.01014208838 -83.391027353 0.11754123840 0.01327806324 10.7289051041 0.86164531909 0.72041845547 0.62100977468 0.55654658096 0.52844480176 0.50907793235 0.49753935681 0.48142214362 0.49748467104 0.48032766931 0.51406402476 0.51936140529 0.52444377247 0.55948323889 0.58683085583 0.64206351928 0.70845942404 0.80879914017 0.82325023410 -278.4466539205 0.72022532309   -3 
-- Local optimization: stuck in the same solution
---- Best joint likelihood found -278.446653920560493 with gradient 0.72023

---- Results for Mmc/113.polyDFE.config.txt 
--  Model: C
--        eps_an        lambda     theta_bar             a 
-- 0.00205819883 0.01940444353 0.01014208838            -1 
--           S_d             b           p_b           S_b 
-- -83.391027353 0.11754123840 0.01327806324 10.7289051041 
--           r 2           r 3           r 4           r 5           r 6           r 7           r 8           r 9          r 10          r 11          r 12          r 13          r 14          r 15          r 16          r 17          r 18          r 19          r 20 
-- 0.86164531909 0.72041845547 0.62100977468 0.55654658096 0.52844480176 0.50907793235 0.49753935681 0.48142214362 0.49748467104 0.48032766931 0.51406402476 0.51936140529 0.52444377247 0.55948323889 0.58683085583 0.64206351928 0.70845942404 0.80879914017 0.82325023410 

---- Expected P_neut(i), 0 < i < n (neutral SFS per site) 
E[P_neut(1)] = 0.0101221025
E[P_neut(2)] = 0.0043612699
E[P_neut(3)] = 0.0024312915
E[P_neut(4)] = 0.0015721088
E[P_neut(5)] = 0.0011273640
E[P_neut(6)] = 0.0008921991
E[P_neut(7)] = 0.0007369035
E[P_neut(8)] = 0.0006303570
E[P_neut(9)] = 0.0005423089
E[P_neut(10)] = 0.0005045534
E[P_neut(11)] = 0.0004430711
E[P_neut(12)] = 0.0004348776
E[P_neut(13)] = 0.0004058695
E[P_neut(14)] = 0.0003809819
E[P_neut(15)] = 0.0003798335
E[P_neut(16)] = 0.0003744558
E[P_neut(17)] = 0.0003872753
E[P_neut(18)] = 0.0004073526
E[P_neut(19)] = 0.0004517181

---- Expected P_sel(i), 0 < i < n (selected SFS per site) 
E[P_sel(1)] = 0.0072221415
E[P_sel(2)] = 0.0028147919
E[P_sel(3)] = 0.0014923470
E[P_sel(4)] = 0.0009345318
E[P_sel(5)] = 0.0006549371
E[P_sel(6)] = 0.0005093242
E[P_sel(7)] = 0.0004148998
E[P_sel(8)] = 0.0003509970
E[P_sel(9)] = 0.0002992877
E[P_sel(10)] = 0.0002764829
E[P_sel(11)] = 0.0002414826
E[P_sel(12)] = 0.0002361231
E[P_sel(13)] = 0.0002199177
E[P_sel(14)] = 0.0002064042
E[P_sel(15)] = 0.0002062315
E[P_sel(16)] = 0.0002043853
E[P_sel(17)] = 0.0002134333
E[P_sel(18)] = 0.0002283197
E[P_sel(19)] = 0.0002621471

---- Expected D_neut and D_sel (neutral and selected divergence per site) 
E[D_neut] = 0.0198219174
E[D_sel] = 0.0125046359

---- Expected neutral and selected misattributed polymorphism per site
E[mis_neut] = 0.0004174738
E[mis_sel] = 0.0002477659

---- alpha_div = 0.228766
---- alpha_dfe = 0.228367

