---- Running command
---- ./polyDFE -d Mmc/114.polyDFE.config.txt -m C -e 
---- Performing inference using model C

---- Performing inference on Mmc/114.polyDFE.config.txt
---- No mutation variability. Using Poisson likelihood.


---- Calculating initial values

-- Starting local optimization
-- Optimizing all parameters
  it        eps_an        lambda     theta_bar           S_d             b           p_b           S_b           r 2           r 3           r 4           r 5           r 6           r 7           r 8           r 9          r 10          r 11          r 12          r 13          r 14          r 15          r 16          r 17          r 18          r 19          r 20           ln lk          grad status 
   0           0.1 0.01927979223 0.01137861032        -20000         0.208           0.1            20 0.87309255516 0.72935190102 0.63909341650 0.58677338443 0.55366787281 0.53770139050 0.53550745560 0.52502999923 0.54850296800 0.55258036054 0.59299567105 0.61665618068 0.66112349981 0.74989612428 0.85453538527 1.10687144923 1.58145505485             1             1 -1116626.455354 23174.9168447   -2 
 968 0.00079921753 0.01931388242 0.01016743639 -77.306487250 0.12411012163 0.02354483933 6.59179881698 0.86185368008 0.71700893166 0.61655972666 0.55692313595 0.52526519181 0.50701367808 0.49338672937 0.48165883763 0.49184190202 0.48311981831 0.51053202362 0.50491474159 0.52271759275 0.55922601951 0.58382431627 0.64917233622 0.70678179092 0.82035033872 1.05596863147 -274.4328066511 0.04913576737   -3 
-- Local optimization: stuck in the same solution
---- Best joint likelihood found -274.432806651122519 with gradient 0.04914

---- Results for Mmc/114.polyDFE.config.txt 
--  Model: C
--        eps_an        lambda     theta_bar             a 
-- 0.00079921753 0.01931388242 0.01016743639            -1 
--           S_d             b           p_b           S_b 
-- -77.306487250 0.12411012163 0.02354483933 6.59179881698 
--           r 2           r 3           r 4           r 5           r 6           r 7           r 8           r 9          r 10          r 11          r 12          r 13          r 14          r 15          r 16          r 17          r 18          r 19          r 20 
-- 0.86185368008 0.71700893166 0.61655972666 0.55692313595 0.52526519181 0.50701367808 0.49338672937 0.48165883763 0.49184190202 0.48311981831 0.51053202362 0.50491474159 0.52271759275 0.55922601951 0.58382431627 0.64917233622 0.70678179092 0.82035033872 1.05596863147 

---- Expected P_neut(i), 0 < i < n (neutral SFS per site) 
E[P_neut(1)] = 0.0101596613
E[P_neut(2)] = 0.0043782386
E[P_neut(3)] = 0.0024284157
E[P_neut(4)] = 0.0015662519
E[P_neut(5)] = 0.0011318940
E[P_neut(6)] = 0.0008896921
E[P_neut(7)] = 0.0007361598
E[P_neut(8)] = 0.0006269043
E[P_neut(9)] = 0.0005440593
E[P_neut(10)] = 0.0005000771
E[P_neut(11)] = 0.0004466316
E[P_neut(12)] = 0.0004327223
E[P_neut(13)] = 0.0003951721
E[P_neut(14)] = 0.0003800293
E[P_neut(15)] = 0.0003796618
E[P_neut(16)] = 0.0003719558
E[P_neut(17)] = 0.0003898917
E[P_neut(18)] = 0.0004024137
E[P_neut(19)] = 0.0004467678

---- Expected P_sel(i), 0 < i < n (selected SFS per site) 
E[P_sel(1)] = 0.0072517958
E[P_sel(2)] = 0.0028201840
E[P_sel(3)] = 0.0014861022
E[P_sel(4)] = 0.0009279476
E[P_sel(5)] = 0.0006554393
E[P_sel(6)] = 0.0005064451
E[P_sel(7)] = 0.0004135599
E[P_sel(8)] = 0.0003485922
E[P_sel(9)] = 0.0003001524
E[P_sel(10)] = 0.0002742803
E[P_sel(11)] = 0.0002440010
E[P_sel(12)] = 0.0002359056
E[P_sel(13)] = 0.0002153970
E[P_sel(14)] = 0.0002075484
E[P_sel(15)] = 0.0002082699
E[P_sel(16)] = 0.0002055796
E[P_sel(17)] = 0.0002179810
E[P_sel(18)] = 0.0002288703
E[P_sel(19)] = 0.0002610702

---- Expected D_neut and D_sel (neutral and selected divergence per site) 
E[D_neut] = 0.0198507071
E[D_sel] = 0.0125134715

---- Expected neutral and selected misattributed polymorphism per site
E[mis_neut] = 0.0005368247
E[mis_sel] = 0.0003227883

---- alpha_div = 0.253657
---- alpha_dfe = 0.253489

