---- Running command
---- ./polyDFE -d Mmc/115.polyDFE.config.txt -m C -e 
---- Performing inference using model C

---- Performing inference on Mmc/115.polyDFE.config.txt
---- No mutation variability. Using Poisson likelihood.


---- Calculating initial values

-- Starting local optimization
-- Optimizing all parameters
  it        eps_an        lambda     theta_bar           S_d             b           p_b           S_b           r 2           r 3           r 4           r 5           r 6           r 7           r 8           r 9          r 10          r 11          r 12          r 13          r 14          r 15          r 16          r 17          r 18          r 19          r 20           ln lk          grad status 
   0           0.1 0.01927113191 0.01134014413        -20000         0.208           0.1            20 0.87124824889 0.74079585018 0.64262679460 0.58450510372 0.55929983107 0.54593503918 0.53760348367 0.53729613813 0.56019023211 0.56079794954 0.59580498636 0.62287858736 0.67671450029 0.75385211025 0.86683030207 1.11311462505 1.58309909942             1             1 -1113732.250366 23113.6306917   -2 
 627 0.00203275292 0.01933876782 0.01014378928 -80.138516804 0.11898808331 0.01499779805 9.71645128841 0.86229124464 0.72318898606 0.62305685888 0.55637081075 0.53139654335 0.51150169441 0.49662368014 0.48874322315 0.49842606073 0.48574638727 0.51477449922 0.51622561374 0.53103461652 0.56589853961 0.58583704773 0.64894378370 0.70354238024 0.80736709943 0.98867864190 -272.1653618475 0.13994630786   -3 
-- Local optimization: stuck in the same solution
---- Best joint likelihood found -272.165361847553868 with gradient 0.13995

---- Results for Mmc/115.polyDFE.config.txt 
--  Model: C
--        eps_an        lambda     theta_bar             a 
-- 0.00203275292 0.01933876782 0.01014378928            -1 
--           S_d             b           p_b           S_b 
-- -80.138516804 0.11898808331 0.01499779805 9.71645128841 
--           r 2           r 3           r 4           r 5           r 6           r 7           r 8           r 9          r 10          r 11          r 12          r 13          r 14          r 15          r 16          r 17          r 18          r 19          r 20 
-- 0.86229124464 0.72318898606 0.62305685888 0.55637081075 0.53139654335 0.51150169441 0.49662368014 0.48874322315 0.49842606073 0.48574638727 0.51477449922 0.51622561374 0.53103461652 0.56589853961 0.58583704773 0.64894378370 0.70354238024 0.80736709943 0.98867864190 

---- Expected P_neut(i), 0 < i < n (neutral SFS per site) 
E[P_neut(1)] = 0.0101240457
E[P_neut(2)] = 0.0043653661
E[P_neut(3)] = 0.0024411087
E[P_neut(4)] = 0.0015775825
E[P_neut(5)] = 0.0011272251
E[P_neut(6)] = 0.0008973517
E[P_neut(7)] = 0.0007405357
E[P_neut(8)] = 0.0006293103
E[P_neut(9)] = 0.0005506473
E[P_neut(10)] = 0.0005055929
E[P_neut(11)] = 0.0004481464
E[P_neut(12)] = 0.0004355425
E[P_neut(13)] = 0.0004034944
E[P_neut(14)] = 0.0003858086
E[P_neut(15)] = 0.0003842069
E[P_neut(16)] = 0.0003738698
E[P_neut(17)] = 0.0003914041
E[P_neut(18)] = 0.0004045612
E[P_neut(19)] = 0.0004507837

---- Expected P_sel(i), 0 < i < n (selected SFS per site) 
E[P_sel(1)] = 0.0072390452
E[P_sel(2)] = 0.0028221785
E[P_sel(3)] = 0.0015004667
E[P_sel(4)] = 0.0009389695
E[P_sel(5)] = 0.0006556556
E[P_sel(6)] = 0.0005129036
E[P_sel(7)] = 0.0004174973
E[P_sel(8)] = 0.0003509226
E[P_sel(9)] = 0.0003043829
E[P_sel(10)] = 0.0002775632
E[P_sel(11)] = 0.0002447645
E[P_sel(12)] = 0.0002370596
E[P_sel(13)] = 0.0002192464
E[P_sel(14)] = 0.0002096996
E[P_sel(15)] = 0.0002093903
E[P_sel(16)] = 0.0002049481
E[P_sel(17)] = 0.0002167599
E[P_sel(18)] = 0.0002279833
E[P_sel(19)] = 0.0002628266

---- Expected D_neut and D_sel (neutral and selected divergence per site) 
E[D_neut] = 0.0198402152
E[D_sel] = 0.0125456091

---- Expected neutral and selected misattributed polymorphism per site
E[mis_neut] = 0.0005014474
E[mis_sel] = 0.0002991682

---- alpha_div = 0.233772
---- alpha_dfe = 0.233600

