---- Running command
---- ./polyDFE -d Mmc/116.polyDFE.config.txt -m C -e 
---- Performing inference using model C

---- Performing inference on Mmc/116.polyDFE.config.txt
---- No mutation variability. Using Poisson likelihood.


---- Calculating initial values

-- Starting local optimization
-- Optimizing all parameters
  it        eps_an        lambda     theta_bar           S_d             b           p_b           S_b           r 2           r 3           r 4           r 5           r 6           r 7           r 8           r 9          r 10          r 11          r 12          r 13          r 14          r 15          r 16          r 17          r 18          r 19          r 20           ln lk          grad status 
   0           0.1 0.01931841575 0.01135079195        -20000         0.208           0.1            20 0.87192664943 0.73604653944 0.64490663975 0.58121154240 0.56263618651 0.54366283297 0.53228049131 0.53123026831 0.55623055725 0.55338583079 0.59738907959 0.62092376994 0.66478402672 0.75087532245 0.87334902830 1.10741281490 1.57440032599             1             1 -1121158.313413 23216.6976381   -2 
 340 0.00357670517 0.01937534474 0.01017260140 -82.344258196 0.11672218800 0.01279934566 10.7864175769 0.86309547682 0.72052822261 0.61962185118 0.55608332907 0.52913665772 0.50770894708 0.48984254184 0.48495185406 0.49232642661 0.48428672269 0.51282978925 0.50655778040 0.52094160244 0.55974420280 0.59111071725 0.63511501062 0.69010918199 0.77131632077 1.00503882621 -278.8239509374 0.34808917346   -3 
-- Local optimization: stuck in the same solution
---- Best joint likelihood found -278.823950937425252 with gradient 0.34809

---- Results for Mmc/116.polyDFE.config.txt 
--  Model: C
--        eps_an        lambda     theta_bar             a 
-- 0.00357670517 0.01937534474 0.01017260140            -1 
--           S_d             b           p_b           S_b 
-- -82.344258196 0.11672218800 0.01279934566 10.7864175769 
--           r 2           r 3           r 4           r 5           r 6           r 7           r 8           r 9          r 10          r 11          r 12          r 13          r 14          r 15          r 16          r 17          r 18          r 19          r 20 
-- 0.86309547682 0.72052822261 0.61962185118 0.55608332907 0.52913665772 0.50770894708 0.48984254184 0.48495185406 0.49232642661 0.48428672269 0.51282978925 0.50655778040 0.52094160244 0.55974420280 0.59111071725 0.63511501062 0.69010918199 0.77131632077 1.00503882621 

---- Expected P_neut(i), 0 < i < n (neutral SFS per site) 
E[P_neut(1)] = 0.0101376941
E[P_neut(2)] = 0.0043756565
E[P_neut(3)] = 0.0024358361
E[P_neut(4)] = 0.0015714996
E[P_neut(5)] = 0.0011286740
E[P_neut(6)] = 0.0008952612
E[P_neut(7)] = 0.0007365960
E[P_neut(8)] = 0.0006221987
E[P_neut(9)] = 0.0005477771
E[P_neut(10)] = 0.0005008240
E[P_neut(11)] = 0.0004482183
E[P_neut(12)] = 0.0004354073
E[P_neut(13)] = 0.0003976066
E[P_neut(14)] = 0.0003803785
E[P_neut(15)] = 0.0003822925
E[P_neut(16)] = 0.0003801128
E[P_neut(17)] = 0.0003874248
E[P_neut(18)] = 0.0004043181
E[P_neut(19)] = 0.0004478702

---- Expected P_sel(i), 0 < i < n (selected SFS per site) 
E[P_sel(1)] = 0.0072524800
E[P_sel(2)] = 0.0028334426
E[P_sel(3)] = 0.0015005128
E[P_sel(4)] = 0.0009376677
E[P_sel(5)] = 0.0006582092
E[P_sel(6)] = 0.0005130532
E[P_sel(7)] = 0.0004163409
E[P_sel(8)] = 0.0003477991
E[P_sel(9)] = 0.0003034705
E[P_sel(10)] = 0.0002754834
E[P_sel(11)] = 0.0002452002
E[P_sel(12)] = 0.0002372715
E[P_sel(13)] = 0.0002162026
E[P_sel(14)] = 0.0002067795
E[P_sel(15)] = 0.0002082423
E[P_sel(16)] = 0.0002081254
E[P_sel(17)] = 0.0002142076
E[P_sel(18)] = 0.0002275806
E[P_sel(19)] = 0.0002622918

---- Expected D_neut and D_sel (neutral and selected divergence per site) 
E[D_neut] = 0.0198865377
E[D_sel] = 0.0125124707

---- Expected neutral and selected misattributed polymorphism per site
E[mis_neut] = 0.0005111930
E[mis_sel] = 0.0003031903

---- alpha_div = 0.221874
---- alpha_dfe = 0.221816

