---- Running command
---- ./polyDFE -d Mmc/117.polyDFE.config.txt -m C -e 
---- Performing inference using model C

---- Performing inference on Mmc/117.polyDFE.config.txt
---- No mutation variability. Using Poisson likelihood.


---- Calculating initial values

-- Starting local optimization
-- Optimizing all parameters
  it        eps_an        lambda     theta_bar           S_d             b           p_b           S_b           r 2           r 3           r 4           r 5           r 6           r 7           r 8           r 9          r 10          r 11          r 12          r 13          r 14          r 15          r 16          r 17          r 18          r 19          r 20           ln lk          grad status 
   0           0.1 0.01927494469 0.01136811572        -20000         0.208           0.1            20 0.87516357330 0.73565162412 0.64699847848 0.58258561434 0.56297130462 0.54014780849   0.542071635 0.53560746424 0.55219413683 0.56042964630 0.59862353009 0.61504222999 0.66957353118 0.74955549316 0.86750388942 1.10890771019 1.58350962991             1             1 -1115730.580202 23185.8525445   -2 
 461 0.00830616254 0.01933449843 0.01024183228 -94.737900111 0.11267442919 0.01002104791 13.6055292717 0.86451062330 0.71999383298 0.61857144929 0.55459432965 0.52858073253 0.50566294911 0.49433248416 0.48743170943 0.48842920136 0.48109323319 0.51006146048 0.50494590081 0.51679735329 0.54640247774 0.57893823225 0.62032475287 0.65794125656 0.67433953191 0.99405545015 -300.7246553816 0.53515258867   -3 
-- Local optimization: stuck in the same solution
---- Best joint likelihood found -300.724655381651246 with gradient 0.53515

---- Results for Mmc/117.polyDFE.config.txt 
--  Model: C
--        eps_an        lambda     theta_bar             a 
-- 0.00830616254 0.01933449843 0.01024183228            -1 
--           S_d             b           p_b           S_b 
-- -94.737900111 0.11267442919 0.01002104791 13.6055292717 
--           r 2           r 3           r 4           r 5           r 6           r 7           r 8           r 9          r 10          r 11          r 12          r 13          r 14          r 15          r 16          r 17          r 18          r 19          r 20 
-- 0.86451062330 0.71999383298 0.61857144929 0.55459432965 0.52858073253 0.50566294911 0.49433248416 0.48743170943 0.48842920136 0.48109323319 0.51006146048 0.50494590081 0.51679735329 0.54640247774 0.57893823225 0.62032475287 0.65794125656 0.67433953191 0.99405545015 

---- Expected P_neut(i), 0 < i < n (neutral SFS per site) 
E[P_neut(1)] = 0.0101597812
E[P_neut(2)] = 0.0043934238
E[P_neut(3)] = 0.0024407062
E[P_neut(4)] = 0.0015737489
E[P_neut(5)] = 0.0011296754
E[P_neut(6)] = 0.0008979184
E[P_neut(7)] = 0.0007370040
E[P_neut(8)] = 0.0006312181
E[P_neut(9)] = 0.0005538015
E[P_neut(10)] = 0.0005002410
E[P_neut(11)] = 0.0004488209
E[P_neut(12)] = 0.0004369710
E[P_neut(13)] = 0.0004006541
E[P_neut(14)] = 0.0003824221
E[P_neut(15)] = 0.0003794146
E[P_neut(16)] = 0.0003806641
E[P_neut(17)] = 0.0003910338
E[P_neut(18)] = 0.0004080250
E[P_neut(19)] = 0.0004455496

---- Expected P_sel(i), 0 < i < n (selected SFS per site) 
E[P_sel(1)] = 0.0072143929
E[P_sel(2)] = 0.0028285186
E[P_sel(3)] = 0.0014964896
E[P_sel(4)] = 0.0009352441
E[P_sel(5)] = 0.0006564141
E[P_sel(6)] = 0.0005128357
E[P_sel(7)] = 0.0004152036
E[P_sel(8)] = 0.0003516807
E[P_sel(9)] = 0.0003057722
E[P_sel(10)] = 0.0002741860
E[P_sel(11)] = 0.0002445982
E[P_sel(12)] = 0.0002371437
E[P_sel(13)] = 0.0002168833
E[P_sel(14)] = 0.0002068791
E[P_sel(15)] = 0.0002055966
E[P_sel(16)] = 0.0002073272
E[P_sel(17)] = 0.0002152467
E[P_sel(18)] = 0.0002296012
E[P_sel(19)] = 0.0002660328

---- Expected D_neut and D_sel (neutral and selected divergence per site) 
E[D_neut] = 0.0198435459
E[D_sel] = 0.0125084867

---- Expected neutral and selected misattributed polymorphism per site
E[mis_neut] = 0.0005090475
E[mis_sel] = 0.0002999521

---- alpha_div = 0.217678
---- alpha_dfe = 0.217654

