---- Running command
---- ./polyDFE -d Mmc/118.polyDFE.config.txt -m C -e 
---- Performing inference using model C

---- Performing inference on Mmc/118.polyDFE.config.txt
---- No mutation variability. Using Poisson likelihood.


---- Calculating initial values

-- Starting local optimization
-- Optimizing all parameters
  it        eps_an        lambda     theta_bar           S_d             b           p_b           S_b           r 2           r 3           r 4           r 5           r 6           r 7           r 8           r 9          r 10          r 11          r 12          r 13          r 14          r 15          r 16          r 17          r 18          r 19          r 20           ln lk          grad status 
   0           0.1 0.01928961957 0.01135120169        -20000         0.208           0.1            20 0.87527028516 0.73570044231 0.64560284223 0.58367184845 0.55556678186 0.54604831076 0.54307820412 0.53802679974 0.55626264573 0.56867508006 0.60175897887 0.63266835559 0.66051512475 0.75200685861 0.86980379024 1.11336471154 1.57534791864             1             1 -1113878.442015 23141.8513337   -2 
 969 0.00083911971 0.01929276861 0.01013830917 -74.052792612 0.12562696586 0.02177208427 7.28784628726 0.86550226955 0.72238688128 0.62357949750 0.55894313390 0.52878650970 0.51133455104 0.50237305100 0.48964272819 0.49904084835 0.49419381172 0.51700166125 0.52229520284 0.52403853266 0.55666810918 0.59046585350 0.65483862175 0.70356879616 0.81726559263 1.11563301751 -260.6027161207 0.01608281992   -8 
-- Local optimization: reached maximum number of likelihood evaluations allowed.
---- Best joint likelihood found -260.602716120774858 with gradient 0.01608

---- Results for Mmc/118.polyDFE.config.txt 
--  Model: C
--        eps_an        lambda     theta_bar             a 
-- 0.00083911971 0.01929276861 0.01013830917            -1 
--           S_d             b           p_b           S_b 
-- -74.052792612 0.12562696586 0.02177208427 7.28784628726 
--           r 2           r 3           r 4           r 5           r 6           r 7           r 8           r 9          r 10          r 11          r 12          r 13          r 14          r 15          r 16          r 17          r 18          r 19          r 20 
-- 0.86550226955 0.72238688128 0.62357949750 0.55894313390 0.52878650970 0.51133455104 0.50237305100 0.48964272819 0.49904084835 0.49419381172 0.51700166125 0.52229520284 0.52403853266 0.55666810918 0.59046585350 0.65483862175 0.70356879616 0.81726559263 1.11563301751 

---- Expected P_neut(i), 0 < i < n (neutral SFS per site) 
E[P_neut(1)] = 0.0101301679
E[P_neut(2)] = 0.0043840158
E[P_neut(3)] = 0.0024395397
E[P_neut(4)] = 0.0015794982
E[P_neut(5)] = 0.0011327124
E[P_neut(6)] = 0.0008930689
E[P_neut(7)] = 0.0007403015
E[P_neut(8)] = 0.0006364840
E[P_neut(9)] = 0.0005514915
E[P_neut(10)] = 0.0005059430
E[P_neut(11)] = 0.0004555615
E[P_neut(12)] = 0.0004369613
E[P_neut(13)] = 0.0004076020
E[P_neut(14)] = 0.0003799216
E[P_neut(15)] = 0.0003768802
E[P_neut(16)] = 0.0003751576
E[P_neut(17)] = 0.0003922477
E[P_neut(18)] = 0.0003996267
E[P_neut(19)] = 0.0004442303

---- Expected P_sel(i), 0 < i < n (selected SFS per site) 
E[P_sel(1)] = 0.0072385834
E[P_sel(2)] = 0.0028236503
E[P_sel(3)] = 0.0014915328
E[P_sel(4)] = 0.0009343559
E[P_sel(5)] = 0.0006545766
E[P_sel(6)] = 0.0005071126
E[P_sel(7)] = 0.0004146994
E[P_sel(8)] = 0.0003527824
E[P_sel(9)] = 0.0003031735
E[P_sel(10)] = 0.0002764251
E[P_sel(11)] = 0.0002478424
E[P_sel(12)] = 0.0002371565
E[P_sel(13)] = 0.0002211267
E[P_sel(14)] = 0.0002064698
E[P_sel(15)] = 0.0002056998
E[P_sel(16)] = 0.0002063005
E[P_sel(17)] = 0.0002182388
E[P_sel(18)] = 0.0002263465
E[P_sel(19)] = 0.0002589994

---- Expected D_neut and D_sel (neutral and selected divergence per site) 
E[D_neut] = 0.0198583002
E[D_sel] = 0.0125685888

---- Expected neutral and selected misattributed polymorphism per site
E[mis_neut] = 0.0005655316
E[mis_sel] = 0.0003398578

---- alpha_div = 0.256865
---- alpha_dfe = 0.256773

