---- Running command
---- ./polyDFE -d Mmc/119.polyDFE.config.txt -m C -e 
---- Performing inference using model C

---- Performing inference on Mmc/119.polyDFE.config.txt
---- No mutation variability. Using Poisson likelihood.


---- Calculating initial values

-- Starting local optimization
-- Optimizing all parameters
  it        eps_an        lambda     theta_bar           S_d             b           p_b           S_b           r 2           r 3           r 4           r 5           r 6           r 7           r 8           r 9          r 10          r 11          r 12          r 13          r 14          r 15          r 16          r 17          r 18          r 19          r 20           ln lk          grad status 
   0           0.1 0.01924000926 0.01134774413        -20000         0.208           0.1            20 0.87330319439 0.73908049705 0.64340138550 0.57986048044 0.55475092742 0.54326455343 0.53408982373 0.52597586907 0.54798144554 0.55327723851 0.59350850297 0.62706503380 0.66100157534 0.74840169833 0.85554151637 1.10972902475 1.57858193612             1             1 -1112695.330085 23070.0392571   -2 
 909 0.00027832329 0.01920741660 0.01012820165 -66.738437889 0.13498150670 0.04233306827 4.12983306873 0.86663062615 0.72346843330 0.61965264356 0.55218855691 0.52550873774 0.51137955354 0.49610876113 0.47856641836 0.49295165759 0.48730645126 0.51607868003 0.51469785543 0.52294863169 0.55923651725 0.58734519624 0.64024803522 0.71015339097 0.83200704156 1.18957342556 -287.0367720321 0.01865462918   -8 
-- Local optimization: reached maximum number of likelihood evaluations allowed.
---- Best joint likelihood found -287.036772032122826 with gradient 0.01865

---- Results for Mmc/119.polyDFE.config.txt 
--  Model: C
--        eps_an        lambda     theta_bar             a 
-- 0.00027832329 0.01920741660 0.01012820165            -1 
--           S_d             b           p_b           S_b 
-- -66.738437889 0.13498150670 0.04233306827 4.12983306873 
--           r 2           r 3           r 4           r 5           r 6           r 7           r 8           r 9          r 10          r 11          r 12          r 13          r 14          r 15          r 16          r 17          r 18          r 19          r 20 
-- 0.86663062615 0.72346843330 0.61965264356 0.55218855691 0.52550873774 0.51137955354 0.49610876113 0.47856641836 0.49295165759 0.48730645126 0.51607868003 0.51469785543 0.52294863169 0.55923651725 0.58734519624 0.64024803522 0.71015339097 0.83200704156 1.18957342556 

---- Expected P_neut(i), 0 < i < n (neutral SFS per site) 
E[P_neut(1)] = 0.0101255062
E[P_neut(2)] = 0.0043875946
E[P_neut(3)] = 0.0024419044
E[P_neut(4)] = 0.0015686585
E[P_neut(5)] = 0.0011183292
E[P_neut(6)] = 0.0008869348
E[P_neut(7)] = 0.0007398136
E[P_neut(8)] = 0.0006280326
E[P_neut(9)] = 0.0005385325
E[P_neut(10)] = 0.0004992714
E[P_neut(11)] = 0.0004487103
E[P_neut(12)] = 0.0004356327
E[P_neut(13)] = 0.0004010915
E[P_neut(14)] = 0.0003784651
E[P_neut(15)] = 0.0003778102
E[P_neut(16)] = 0.0003721301
E[P_neut(17)] = 0.0003820184
E[P_neut(18)] = 0.0004006979
E[P_neut(19)] = 0.0004462078

---- Expected P_sel(i), 0 < i < n (selected SFS per site) 
E[P_sel(1)] = 0.0072716422
E[P_sel(2)] = 0.0028355843
E[P_sel(3)] = 0.0014972704
E[P_sel(4)] = 0.0009308010
E[P_sel(5)] = 0.0006486835
E[P_sel(6)] = 0.0005060134
E[P_sel(7)] = 0.0004169079
E[P_sel(8)] = 0.0003506996
E[P_sel(9)] = 0.0002987636
E[P_sel(10)] = 0.0002757968
E[P_sel(11)] = 0.0002473205
E[P_sel(12)] = 0.0002400674
E[P_sel(13)] = 0.0002214481
E[P_sel(14)] = 0.0002098126
E[P_sel(15)] = 0.0002108283
E[P_sel(16)] = 0.0002096254
E[P_sel(17)] = 0.0002179823
E[P_sel(18)] = 0.0002326047
E[P_sel(19)] = 0.0002651166

---- Expected D_neut and D_sel (neutral and selected divergence per site) 
E[D_neut] = 0.0198098286
E[D_sel] = 0.0125529069

---- Expected neutral and selected misattributed polymorphism per site
E[mis_neut] = 0.0006024120
E[mis_sel] = 0.0003679490

---- alpha_div = 0.295293
---- alpha_dfe = 0.295103

