---- Running command
---- ./polyDFE -d Mmc/12.polyDFE.config.txt -m C -e 
---- Performing inference using model C

---- Performing inference on Mmc/12.polyDFE.config.txt
---- No mutation variability. Using Poisson likelihood.


---- Calculating initial values

-- Starting local optimization
-- Optimizing all parameters
  it        eps_an        lambda     theta_bar           S_d             b           p_b           S_b           r 2           r 3           r 4           r 5           r 6           r 7           r 8           r 9          r 10          r 11          r 12          r 13          r 14          r 15          r 16          r 17          r 18          r 19          r 20           ln lk          grad status 
   0           0.1 0.01924594187 0.01137826506        -20000         0.208           0.1            20 0.87315455576 0.73148752937 0.64398161500 0.58453268713 0.56051688429 0.54251655698 0.53885008765 0.53086556214 0.54921116487 0.55869974043 0.59516434804 0.63132926064 0.66622244418 0.74537372099 0.86847652228 1.11055577004 1.58747893695             1             1 -1115619.686817 23177.6137889   -2 
 576 0.00397399981 0.01930289406 0.01018906003 -82.006414924 0.12144982767 0.02076254938 7.36995377172 0.86465828436 0.72146844326 0.62107245986 0.55571440170 0.53117348489 0.50758233353 0.49525291158 0.48205326133 0.49303953360 0.48598062976 0.51391508211 0.51826511067 0.52377181626 0.54866140673 0.58485149148 0.63560684575 0.68856034377 0.75726251382 1.01156927977 -280.6067587759 0.28621337695   -3 
-- Local optimization: stuck in the same solution
---- Best joint likelihood found -280.606758775975322 with gradient 0.28621

---- Results for Mmc/12.polyDFE.config.txt 
--  Model: C
--        eps_an        lambda     theta_bar             a 
-- 0.00397399981 0.01930289406 0.01018906003            -1 
--           S_d             b           p_b           S_b 
-- -82.006414924 0.12144982767 0.02076254938 7.36995377172 
--           r 2           r 3           r 4           r 5           r 6           r 7           r 8           r 9          r 10          r 11          r 12          r 13          r 14          r 15          r 16          r 17          r 18          r 19          r 20 
-- 0.86465828436 0.72146844326 0.62107245986 0.55571440170 0.53117348489 0.50758233353 0.49525291158 0.48205326133 0.49303953360 0.48598062976 0.51391508211 0.51826511067 0.52377181626 0.54866140673 0.58485149148 0.63560684575 0.68856034377 0.75726251382 1.01156927977 

---- Expected P_neut(i), 0 < i < n (neutral SFS per site) 
E[P_neut(1)] = 0.0101501825
E[P_neut(2)] = 0.0043890709
E[P_neut(3)] = 0.0024421379
E[P_neut(4)] = 0.0015772292
E[P_neut(5)] = 0.0011294222
E[P_neut(6)] = 0.0008999566
E[P_neut(7)] = 0.0007375048
E[P_neut(8)] = 0.0006299976
E[P_neut(9)] = 0.0005453612
E[P_neut(10)] = 0.0005023609
E[P_neut(11)] = 0.0004505331
E[P_neut(12)] = 0.0004371319
E[P_neut(13)] = 0.0004075245
E[P_neut(14)] = 0.0003832657
E[P_neut(15)] = 0.0003757089
E[P_neut(16)] = 0.0003772499
E[P_neut(17)] = 0.0003891789
E[P_neut(18)] = 0.0004057224
E[P_neut(19)] = 0.0004449719

---- Expected P_sel(i), 0 < i < n (selected SFS per site) 
E[P_sel(1)] = 0.0072258841
E[P_sel(2)] = 0.0028224548
E[P_sel(3)] = 0.0014929006
E[P_sel(4)] = 0.0009337520
E[P_sel(5)] = 0.0006536236
E[P_sel(6)] = 0.0005120157
E[P_sel(7)] = 0.0004140850
E[P_sel(8)] = 0.0003500876
E[P_sel(9)] = 0.0003006368
E[P_sel(10)] = 0.0002752686
E[P_sel(11)] = 0.0002458420
E[P_sel(12)] = 0.0002379681
E[P_sel(13)] = 0.0002217527
E[P_sel(14)] = 0.0002089099
E[P_sel(15)] = 0.0002056640
E[P_sel(16)] = 0.0002080730
E[P_sel(17)] = 0.0002172753
E[P_sel(18)] = 0.0002310445
E[P_sel(19)] = 0.0002636029

---- Expected D_neut and D_sel (neutral and selected divergence per site) 
E[D_neut] = 0.0198182411
E[D_sel] = 0.0125124664

---- Expected neutral and selected misattributed polymorphism per site
E[mis_neut] = 0.0005153470
E[mis_sel] = 0.0003093317

---- alpha_div = 0.248413
---- alpha_dfe = 0.248149

