---- Running command
---- ./polyDFE -d Mmc/120.polyDFE.config.txt -m C -e 
---- Performing inference using model C

---- Performing inference on Mmc/120.polyDFE.config.txt
---- No mutation variability. Using Poisson likelihood.


---- Calculating initial values

-- Starting local optimization
-- Optimizing all parameters
  it        eps_an        lambda     theta_bar           S_d             b           p_b           S_b           r 2           r 3           r 4           r 5           r 6           r 7           r 8           r 9          r 10          r 11          r 12          r 13          r 14          r 15          r 16          r 17          r 18          r 19          r 20           ln lk          grad status 
   0           0.1 0.01928618377 0.01138228835        -20000         0.208           0.1            20 0.87283948108 0.73268510156 0.64279419455 0.58052423029 0.55755302222 0.53501451388 0.53323242190 0.52757911810 0.55577349129 0.55528764682 0.58591421795 0.62448462542 0.66319295531 0.75225179680 0.86571864659 1.10337767255 1.58245338905             1             1 -1115164.928371 23162.1598276   -2 
1122 0.00098333842 0.01931922142 0.01017104863 -81.493664701 0.12132391223 0.02148520280 7.10553273592 0.86279483730 0.71755843162 0.62074454924 0.55647311069 0.52594683080 0.50322406368 0.49245774150 0.48344211205 0.49784270695 0.48146378820 0.50484384985 0.51638177231 0.52236340508 0.56129060548 0.59051088478 0.64294097404 0.70965440189 0.81712915603 1.05606129932 -263.2335502612 0.06636446725   -3 
-- Local optimization: stuck in the same solution
---- Best joint likelihood found -263.233550261298660 with gradient 0.06636

---- Results for Mmc/120.polyDFE.config.txt 
--  Model: C
--        eps_an        lambda     theta_bar             a 
-- 0.00098333842 0.01931922142 0.01017104863            -1 
--           S_d             b           p_b           S_b 
-- -81.493664701 0.12132391223 0.02148520280 7.10553273592 
--           r 2           r 3           r 4           r 5           r 6           r 7           r 8           r 9          r 10          r 11          r 12          r 13          r 14          r 15          r 16          r 17          r 18          r 19          r 20 
-- 0.86279483730 0.71755843162 0.62074454924 0.55647311069 0.52594683080 0.50322406368 0.49245774150 0.48344211205 0.49784270695 0.48146378820 0.50484384985 0.51638177231 0.52236340508 0.56129060548 0.59051088478 0.64294097404 0.70965440189 0.81712915603 1.05606129932 

---- Expected P_neut(i), 0 < i < n (neutral SFS per site) 
E[P_neut(1)] = 0.0101614772
E[P_neut(2)] = 0.0043838438
E[P_neut(3)] = 0.0024307599
E[P_neut(4)] = 0.0015772228
E[P_neut(5)] = 0.0011312441
E[P_neut(6)] = 0.0008910683
E[P_neut(7)] = 0.0007308663
E[P_neut(8)] = 0.0006259066
E[P_neut(9)] = 0.0005462464
E[P_neut(10)] = 0.0005063582
E[P_neut(11)] = 0.0004452805
E[P_neut(12)] = 0.0004280942
E[P_neut(13)] = 0.0004043328
E[P_neut(14)] = 0.0003800024
E[P_neut(15)] = 0.0003813331
E[P_neut(16)] = 0.0003765652
E[P_neut(17)] = 0.0003866836
E[P_neut(18)] = 0.0004049164
E[P_neut(19)] = 0.0004469957

---- Expected P_sel(i), 0 < i < n (selected SFS per site) 
E[P_sel(1)] = 0.0072429593
E[P_sel(2)] = 0.0028235150
E[P_sel(3)] = 0.0014885435
E[P_sel(4)] = 0.0009355093
E[P_sel(5)] = 0.0006559898
E[P_sel(6)] = 0.0005080278
E[P_sel(7)] = 0.0004112637
E[P_sel(8)] = 0.0003486142
E[P_sel(9)] = 0.0003018428
E[P_sel(10)] = 0.0002781421
E[P_sel(11)] = 0.0002435905
E[P_sel(12)] = 0.0002336501
E[P_sel(13)] = 0.0002205889
E[P_sel(14)] = 0.0002076625
E[P_sel(15)] = 0.0002092515
E[P_sel(16)] = 0.0002081272
E[P_sel(17)] = 0.0002161348
E[P_sel(18)] = 0.0002302317
E[P_sel(19)] = 0.0002613848

---- Expected D_neut and D_sel (neutral and selected divergence per site) 
E[D_neut] = 0.0198562840
E[D_sel] = 0.0125404552

---- Expected neutral and selected misattributed polymorphism per site
E[mis_neut] = 0.0005370625
E[mis_sel] = 0.0003229632

---- alpha_div = 0.247997
---- alpha_dfe = 0.247911

