---- Running command
---- ./polyDFE -d Mmc/121.polyDFE.config.txt -m C -e 
---- Performing inference using model C

---- Performing inference on Mmc/121.polyDFE.config.txt
---- No mutation variability. Using Poisson likelihood.


---- Calculating initial values

-- Starting local optimization
-- Optimizing all parameters
  it        eps_an        lambda     theta_bar           S_d             b           p_b           S_b           r 2           r 3           r 4           r 5           r 6           r 7           r 8           r 9          r 10          r 11          r 12          r 13          r 14          r 15          r 16          r 17          r 18          r 19          r 20           ln lk          grad status 
   0           0.1 0.01931020127 0.01136005377        -20000         0.208           0.1            20 0.87461842558 0.73149321558 0.64393497155 0.58202683266 0.55858377033 0.54152205951 0.53930788747 0.53582458969 0.55446219252 0.55687111475 0.58812963056  0.6219812107 0.66579020353 0.75287086510 0.86774758705 1.10789416582 1.57343339966             1             1 -1118654.048799 23204.0146978   -2 
 654 0.00141714597 0.01934310746 0.01014934773 -70.127415877 0.13209646614 0.03786208399 4.43478163095 0.86586002169 0.72068446418 0.62019957815 0.55445407969 0.53046983689 0.51098522048 0.49689002717 0.48571964446 0.49708147633 0.48387332080 0.50942598868 0.51684917604 0.52171029393 0.55561547075 0.59163940339 0.64802962071 0.69819838280 0.80695082816 1.05865646705 -283.1620066841 0.05329192891   -3 
-- Local optimization: stuck in the same solution
---- Best joint likelihood found -283.162006684156950 with gradient 0.05329

---- Results for Mmc/121.polyDFE.config.txt 
--  Model: C
--        eps_an        lambda     theta_bar             a 
-- 0.00141714597 0.01934310746 0.01014934773            -1 
--           S_d             b           p_b           S_b 
-- -70.127415877 0.13209646614 0.03786208399 4.43478163095 
--           r 2           r 3           r 4           r 5           r 6           r 7           r 8           r 9          r 10          r 11          r 12          r 13          r 14          r 15          r 16          r 17          r 18          r 19          r 20 
-- 0.86586002169 0.72068446418 0.62019957815 0.55445407969 0.53046983689 0.51098522048 0.49689002717 0.48571964446 0.49708147633 0.48387332080 0.50942598868 0.51684917604 0.52171029393 0.55561547075 0.59163940339 0.64802962071 0.69819838280 0.80695082816 1.05865646705 

---- Expected P_neut(i), 0 < i < n (neutral SFS per site) 
E[P_neut(1)] = 0.0101355755
E[P_neut(2)] = 0.0043882882
E[P_neut(3)] = 0.0024352521
E[P_neut(4)] = 0.0015719570
E[P_neut(5)] = 0.0011244073
E[P_neut(6)] = 0.0008965848
E[P_neut(7)] = 0.0007404029
E[P_neut(8)] = 0.0006301060
E[P_neut(9)] = 0.0005476051
E[P_neut(10)] = 0.0005045053
E[P_neut(11)] = 0.0004465980
E[P_neut(12)] = 0.0004311446
E[P_neut(13)] = 0.0004039921
E[P_neut(14)] = 0.0003789513
E[P_neut(15)] = 0.0003770045
E[P_neut(16)] = 0.0003769954
E[P_neut(17)] = 0.0003897939
E[P_neut(18)] = 0.0003993500
E[P_neut(19)] = 0.0004448262

---- Expected P_sel(i), 0 < i < n (selected SFS per site) 
E[P_sel(1)] = 0.0072583572
E[P_sel(2)] = 0.0028298962
E[P_sel(3)] = 0.0014905452
E[P_sel(4)] = 0.0009312536
E[P_sel(5)] = 0.0006511661
E[P_sel(6)] = 0.0005106577
E[P_sel(7)] = 0.0004164704
E[P_sel(8)] = 0.0003511300
E[P_sel(9)] = 0.0003030849
E[P_sel(10)] = 0.0002779442
E[P_sel(11)] = 0.0002454084
E[P_sel(12)] = 0.0002367749
E[P_sel(13)] = 0.0002221823
E[P_sel(14)] = 0.0002091691
E[P_sel(15)] = 0.0002093681
E[P_sel(16)] = 0.0002112627
E[P_sel(17)] = 0.0002212201
E[P_sel(18)] = 0.0002306965
E[P_sel(19)] = 0.0002640447

---- Expected D_neut and D_sel (neutral and selected divergence per site) 
E[D_neut] = 0.0198803411
E[D_sel] = 0.0125279358

---- Expected neutral and selected misattributed polymorphism per site
E[mis_neut] = 0.0005372336
E[mis_sel] = 0.0003260351

---- alpha_div = 0.283007
---- alpha_dfe = 0.282837

