---- Running command
---- ./polyDFE -d Mmc/122.polyDFE.config.txt -m C -e 
---- Performing inference using model C

---- Performing inference on Mmc/122.polyDFE.config.txt
---- No mutation variability. Using Poisson likelihood.


---- Calculating initial values

-- Starting local optimization
-- Optimizing all parameters
  it        eps_an        lambda     theta_bar           S_d             b           p_b           S_b           r 2           r 3           r 4           r 5           r 6           r 7           r 8           r 9          r 10          r 11          r 12          r 13          r 14          r 15          r 16          r 17          r 18          r 19          r 20           ln lk          grad status 
   0           0.1 0.01929052169 0.01135510985        -20000         0.208           0.1            20 0.87564448414 0.73607579360 0.64668881666 0.58505484520 0.55988102655 0.54236581429 0.53840857963 0.53462196644 0.55425477669 0.55482997062 0.59011328143 0.63037350236 0.67141724275 0.74647296584 0.86794809412 1.10960905540 1.58005374503             1             1 -1117960.797339 23212.5190791   -2 
 818 0.00040052219 0.01924341349 0.01013826349 -74.000187753 0.12717908625 0.02523825501 6.32273520481 0.86781508664 0.72023339505 0.62439822158 0.55826663218 0.52950974373 0.51004528849 0.49723279715 0.48880285469 0.49462421825 0.48566703426 0.51326644750 0.52163698947 0.53266167308 0.56041049392 0.58703918249 0.65033458168 0.70975380614 0.82841267112 1.21893043488 -275.7797624171 0.09861860803   -8 
-- Local optimization: reached maximum number of likelihood evaluations allowed.
---- Best joint likelihood found -275.779762417136226 with gradient 0.09862

---- Results for Mmc/122.polyDFE.config.txt 
--  Model: C
--        eps_an        lambda     theta_bar             a 
-- 0.00040052219 0.01924341349 0.01013826349            -1 
--           S_d             b           p_b           S_b 
-- -74.000187753 0.12717908625 0.02523825501 6.32273520481 
--           r 2           r 3           r 4           r 5           r 6           r 7           r 8           r 9          r 10          r 11          r 12          r 13          r 14          r 15          r 16          r 17          r 18          r 19          r 20 
-- 0.86781508664 0.72023339505 0.62439822158 0.55826663218 0.52950974373 0.51004528849 0.49723279715 0.48880285469 0.49462421825 0.48566703426 0.51326644750 0.52163698947 0.53266167308 0.56041049392 0.58703918249 0.65033458168 0.70975380614 0.82841267112 1.21893043488 

---- Expected P_neut(i), 0 < i < n (neutral SFS per site) 
E[P_neut(1)] = 0.0101343799
E[P_neut(2)] = 0.0043974672
E[P_neut(3)] = 0.0024331525
E[P_neut(4)] = 0.0015820935
E[P_neut(5)] = 0.0011316692
E[P_neut(6)] = 0.0008945144
E[P_neut(7)] = 0.0007385776
E[P_neut(8)] = 0.0006300559
E[P_neut(9)] = 0.0005505823
E[P_neut(10)] = 0.0005014631
E[P_neut(11)] = 0.0004476613
E[P_neut(12)] = 0.0004337146
E[P_neut(13)] = 0.0004069401
E[P_neut(14)] = 0.0003859370
E[P_neut(15)] = 0.0003790743
E[P_neut(16)] = 0.0003724572
E[P_neut(17)] = 0.0003886585
E[P_neut(18)] = 0.0004013613
E[P_neut(19)] = 0.0004459186

---- Expected P_sel(i), 0 < i < n (selected SFS per site) 
E[P_sel(1)] = 0.0072339351
E[P_sel(2)] = 0.0028280517
E[P_sel(3)] = 0.0014852329
E[P_sel(4)] = 0.0009344288
E[P_sel(5)] = 0.0006530409
E[P_sel(6)] = 0.0005073098
E[P_sel(7)] = 0.0004133293
E[P_sel(8)] = 0.0003489816
E[P_sel(9)] = 0.0003025700
E[P_sel(10)] = 0.0002739875
E[P_sel(11)] = 0.0002436553
E[P_sel(12)] = 0.0002356084
E[P_sel(13)] = 0.0002210742
E[P_sel(14)] = 0.0002101325
E[P_sel(15)] = 0.0002073820
E[P_sel(16)] = 0.0002053708
E[P_sel(17)] = 0.0002168550
E[P_sel(18)] = 0.0002278460
E[P_sel(19)] = 0.0002598033

---- Expected D_neut and D_sel (neutral and selected divergence per site) 
E[D_neut] = 0.0198613054
E[D_sel] = 0.0125112316

---- Expected neutral and selected misattributed polymorphism per site
E[mis_neut] = 0.0006178919
E[mis_sel] = 0.0003713639

---- alpha_div = 0.261621
---- alpha_dfe = 0.261378

