---- Running command
---- ./polyDFE -d Mmc/123.polyDFE.config.txt -m C -e 
---- Performing inference using model C

---- Performing inference on Mmc/123.polyDFE.config.txt
---- No mutation variability. Using Poisson likelihood.


---- Calculating initial values

-- Starting local optimization
-- Optimizing all parameters
  it        eps_an        lambda     theta_bar           S_d             b           p_b           S_b           r 2           r 3           r 4           r 5           r 6           r 7           r 8           r 9          r 10          r 11          r 12          r 13          r 14          r 15          r 16          r 17          r 18          r 19          r 20           ln lk          grad status 
   0           0.1 0.01929540782 0.01135447038        -20000         0.208           0.1            20 0.87671312894 0.73415026843 0.64653643487 0.58184655944 0.55088109669 0.54072633076 0.53821570094 0.52895996751 0.55563539220 0.55997490182 0.59699503085 0.62477914868 0.66372866178 0.74656086045 0.87306094082 1.11915463568 1.58844500973             1             1 -1117025.102209 23196.6494034   -2 
 814 0.00046628173 0.01926193989 0.01014596049 -83.370099040 0.11850087793 0.01632896866 8.93906110864 0.86472319360 0.71956632471 0.62373393536 0.55432724447 0.52553117326 0.50752033762 0.49675174791 0.48360265860 0.49614002735 0.48973297442 0.51079705326 0.51751755720 0.52803826517 0.55951582894 0.59032498245 0.66177831283 0.71753906795 0.83399835605 1.18960640306 -262.8214741615 0.04376318652   -3 
-- Local optimization: stuck in the same solution
---- Best joint likelihood found -262.821474161508377 with gradient 0.04376

---- Results for Mmc/123.polyDFE.config.txt 
--  Model: C
--        eps_an        lambda     theta_bar             a 
-- 0.00046628173 0.01926193989 0.01014596049            -1 
--           S_d             b           p_b           S_b 
-- -83.370099040 0.11850087793 0.01632896866 8.93906110864 
--           r 2           r 3           r 4           r 5           r 6           r 7           r 8           r 9          r 10          r 11          r 12          r 13          r 14          r 15          r 16          r 17          r 18          r 19          r 20 
-- 0.86472319360 0.71956632471 0.62373393536 0.55432724447 0.52553117326 0.50752033762 0.49675174791 0.48360265860 0.49614002735 0.48973297442 0.51079705326 0.51751755720 0.52803826517 0.55951582894 0.59032498245 0.66177831283 0.71753906795 0.83399835605 1.18960640306 

---- Expected P_neut(i), 0 < i < n (neutral SFS per site) 
E[P_neut(1)] = 0.0101414373
E[P_neut(2)] = 0.0043848668
E[P_neut(3)] = 0.0024326133
E[P_neut(4)] = 0.0015815318
E[P_neut(5)] = 0.0011244884
E[P_neut(6)] = 0.0008884338
E[P_neut(7)] = 0.0007354569
E[P_neut(8)] = 0.0006299106
E[P_neut(9)] = 0.0005451357
E[P_neut(10)] = 0.0005033817
E[P_neut(11)] = 0.0004517537
E[P_neut(12)] = 0.0004319696
E[P_neut(13)] = 0.0004040556
E[P_neut(14)] = 0.0003829113
E[P_neut(15)] = 0.0003788031
E[P_neut(16)] = 0.0003749015
E[P_neut(17)] = 0.0003959139
E[P_neut(18)] = 0.0004063081
E[P_neut(19)] = 0.0004498766

---- Expected P_sel(i), 0 < i < n (selected SFS per site) 
E[P_sel(1)] = 0.0072330200
E[P_sel(2)] = 0.0028285933
E[P_sel(3)] = 0.0014925384
E[P_sel(4)] = 0.0009399125
E[P_sel(5)] = 0.0006532702
E[P_sel(6)] = 0.0005073234
E[P_sel(7)] = 0.0004143455
E[P_sel(8)] = 0.0003511026
E[P_sel(9)] = 0.0003012807
E[P_sel(10)] = 0.0002763715
E[P_sel(11)] = 0.0002468217
E[P_sel(12)] = 0.0002352644
E[P_sel(13)] = 0.0002197530
E[P_sel(14)] = 0.0002083731
E[P_sel(15)] = 0.0002067423
E[P_sel(16)] = 0.0002058290
E[P_sel(17)] = 0.0002195435
E[P_sel(18)] = 0.0002289474
E[P_sel(19)] = 0.0002605275

---- Expected D_neut and D_sel (neutral and selected divergence per site) 
E[D_neut] = 0.0198654249
E[D_sel] = 0.0125364684

---- Expected neutral and selected misattributed polymorphism per site
E[mis_neut] = 0.0006034850
E[mis_sel] = 0.0003605079

---- alpha_div = 0.235188
---- alpha_dfe = 0.234991

