---- Running command
---- ./polyDFE -d Mmc/124.polyDFE.config.txt -m C -e 
---- Performing inference using model C

---- Performing inference on Mmc/124.polyDFE.config.txt
---- No mutation variability. Using Poisson likelihood.


---- Calculating initial values

-- Starting local optimization
-- Optimizing all parameters
  it        eps_an        lambda     theta_bar           S_d             b           p_b           S_b           r 2           r 3           r 4           r 5           r 6           r 7           r 8           r 9          r 10          r 11          r 12          r 13          r 14          r 15          r 16          r 17          r 18          r 19          r 20           ln lk          grad status 
   0           0.1 0.01926500314 0.01136282435        -20000         0.208           0.1            20 0.87216553111 0.73605206269 0.64729249899 0.58292823764 0.55484349145 0.53797432645 0.53783097395 0.52730179788 0.54352155017 0.55351859779 0.59064345784 0.63339372514 0.67455572301 0.74621840499 0.86563902338 1.11080797852 1.57471144146             1             1 -1118023.603718 23159.4872206   -2 
 729 0.00075296780 0.01928575725 0.01014322275 -80.144776898 0.11971825679 0.01799119367 8.13365938626 0.86582286432 0.72110690280 0.62084801460 0.55581436858 0.52836240103 0.50620097011 0.49734822794 0.48214141196 0.48975646838 0.48443560907 0.51363321210 0.52307865676 0.53269250884 0.55831712928 0.58971612215 0.64828986377 0.70422436438 0.82125495495 1.08573637709 -288.7116104181 0.18063033311   -8 
-- Local optimization: reached maximum number of likelihood evaluations allowed.
---- Best joint likelihood found -288.711610418191412 with gradient 0.18063

---- Results for Mmc/124.polyDFE.config.txt 
--  Model: C
--        eps_an        lambda     theta_bar             a 
-- 0.00075296780 0.01928575725 0.01014322275            -1 
--           S_d             b           p_b           S_b 
-- -80.144776898 0.11971825679 0.01799119367 8.13365938626 
--           r 2           r 3           r 4           r 5           r 6           r 7           r 8           r 9          r 10          r 11          r 12          r 13          r 14          r 15          r 16          r 17          r 18          r 19          r 20 
-- 0.86582286432 0.72110690280 0.62084801460 0.55581436858 0.52836240103 0.50620097011 0.49734822794 0.48214141196 0.48975646838 0.48443560907 0.51363321210 0.52307865676 0.53269250884 0.55831712928 0.58971612215 0.64828986377 0.70422436438 0.82125495495 1.08573637709 

---- Expected P_neut(i), 0 < i < n (neutral SFS per site) 
E[P_neut(1)] = 0.0101359154
E[P_neut(2)] = 0.0043881095
E[P_neut(3)] = 0.0024365714
E[P_neut(4)] = 0.0015734460
E[P_neut(5)] = 0.0011269851
E[P_neut(6)] = 0.0008928343
E[P_neut(7)] = 0.0007332563
E[P_neut(8)] = 0.0006304413
E[P_neut(9)] = 0.0005433125
E[P_neut(10)] = 0.0004967709
E[P_neut(11)] = 0.0004467763
E[P_neut(12)] = 0.0004343059
E[P_neut(13)] = 0.0004083760
E[P_neut(14)] = 0.0003863262
E[P_neut(15)] = 0.0003781071
E[P_neut(16)] = 0.0003747553
E[P_neut(17)] = 0.0003883533
E[P_neut(18)] = 0.0003998467
E[P_neut(19)] = 0.0004457375

---- Expected P_sel(i), 0 < i < n (selected SFS per site) 
E[P_sel(1)] = 0.0072474467
E[P_sel(2)] = 0.0028370534
E[P_sel(3)] = 0.0014980183
E[P_sel(4)] = 0.0009369262
E[P_sel(5)] = 0.0006559797
E[P_sel(6)] = 0.0005108315
E[P_sel(7)] = 0.0004139414
E[P_sel(8)] = 0.0003521470
E[P_sel(9)] = 0.0003009552
E[P_sel(10)] = 0.0002734089
E[P_sel(11)] = 0.0002447496
E[P_sel(12)] = 0.0002372207
E[P_sel(13)] = 0.0002228052
E[P_sel(14)] = 0.0002109600
E[P_sel(15)] = 0.0002071443
E[P_sel(16)] = 0.0002065957
E[P_sel(17)] = 0.0002163024
E[P_sel(18)] = 0.0002263507
E[P_sel(19)] = 0.0002593506

---- Expected D_neut and D_sel (neutral and selected divergence per site) 
E[D_neut] = 0.0198364006
E[D_sel] = 0.0125089839

---- Expected neutral and selected misattributed polymorphism per site
E[mis_neut] = 0.0005506433
E[mis_sel] = 0.0003297624

---- alpha_div = 0.236878
---- alpha_dfe = 0.236595

