---- Running command
---- ./polyDFE -d Mmc/125.polyDFE.config.txt -m C -e 
---- Performing inference using model C

---- Performing inference on Mmc/125.polyDFE.config.txt
---- No mutation variability. Using Poisson likelihood.


---- Calculating initial values

-- Starting local optimization
-- Optimizing all parameters
  it        eps_an        lambda     theta_bar           S_d             b           p_b           S_b           r 2           r 3           r 4           r 5           r 6           r 7           r 8           r 9          r 10          r 11          r 12          r 13          r 14          r 15          r 16          r 17          r 18          r 19          r 20           ln lk          grad status 
   0           0.1 0.01929227432 0.01134215561        -20000         0.208           0.1            20 0.87265819379 0.73590087931 0.64362095282 0.58667498610 0.55938691465 0.53992704006 0.54199728869 0.53473816790 0.55365163124 0.55575069156 0.59577326111 0.62452820621 0.66758410150 0.74767639839 0.86816759565 1.11452336370 1.57708133900             1             1 -1116957.154978 23170.0908017   -2 
 402 0.00630057021 0.01934643357 0.01019854924 -95.005540027 0.10976459925 0.00529764468 24.2792759438 0.86317145369 0.71801362232 0.61788195649 0.55656856324 0.52628840563 0.50366211819 0.49394082096 0.48272436969 0.48960049867 0.48114260487 0.51051472250 0.50923536638 0.52407471377 0.54883237194 0.58180042024 0.63761420119 0.67127529924 0.70928302860 1.00362667909 -287.7240346268 0.47032588016   -3 
-- Local optimization: stuck in the same solution
---- Best joint likelihood found -287.724034626880893 with gradient 0.47033

---- Results for Mmc/125.polyDFE.config.txt 
--  Model: C
--        eps_an        lambda     theta_bar             a 
-- 0.00630057021 0.01934643357 0.01019854924            -1 
--           S_d             b           p_b           S_b 
-- -95.005540027 0.10976459925 0.00529764468 24.2792759438 
--           r 2           r 3           r 4           r 5           r 6           r 7           r 8           r 9          r 10          r 11          r 12          r 13          r 14          r 15          r 16          r 17          r 18          r 19          r 20 
-- 0.86317145369 0.71801362232 0.61788195649 0.55656856324 0.52628840563 0.50366211819 0.49394082096 0.48272436969 0.48960049867 0.48114260487 0.51051472250 0.50923536638 0.52407471377 0.54883237194 0.58180042024 0.63761420119 0.67127529924 0.70928302860 1.00362667909 

---- Expected P_neut(i), 0 < i < n (neutral SFS per site) 
E[P_neut(1)] = 0.0101366913
E[P_neut(2)] = 0.0043762124
E[P_neut(3)] = 0.0024279301
E[P_neut(4)] = 0.0015677857
E[P_neut(5)] = 0.0011304368
E[P_neut(6)] = 0.0008913322
E[P_neut(7)] = 0.0007316970
E[P_neut(8)] = 0.0006284513
E[P_neut(9)] = 0.0005463739
E[P_neut(10)] = 0.0004993215
E[P_neut(11)] = 0.0004467228
E[P_neut(12)] = 0.0004351095
E[P_neut(13)] = 0.0004016034
E[P_neut(14)] = 0.0003850024
E[P_neut(15)] = 0.0003779545
E[P_neut(16)] = 0.0003784342
E[P_neut(17)] = 0.0003954831
E[P_neut(18)] = 0.0004056712
E[P_neut(19)] = 0.0004425768

---- Expected P_sel(i), 0 < i < n (selected SFS per site) 
E[P_sel(1)] = 0.0072242727
E[P_sel(2)] = 0.0028316554
E[P_sel(3)] = 0.0014968779
E[P_sel(4)] = 0.0009369312
E[P_sel(5)] = 0.0006604522
E[P_sel(6)] = 0.0005116998
E[P_sel(7)] = 0.0004141500
E[P_sel(8)] = 0.0003515716
E[P_sel(9)] = 0.0003026748
E[P_sel(10)] = 0.0002743367
E[P_sel(11)] = 0.0002437606
E[P_sel(12)] = 0.0002361064
E[P_sel(13)] = 0.0002170092
E[P_sel(14)] = 0.0002074797
E[P_sel(15)] = 0.0002035222
E[P_sel(16)] = 0.0002041966
E[P_sel(17)] = 0.0002148455
E[P_sel(18)] = 0.0002243017
E[P_sel(19)] = 0.0002583060

---- Expected D_neut and D_sel (neutral and selected divergence per site) 
E[D_neut] = 0.0198582104
E[D_sel] = 0.0125372088

---- Expected neutral and selected misattributed polymorphism per site
E[mis_neut] = 0.0005117768
E[mis_sel] = 0.0002962420

---- alpha_div = 0.203720
---- alpha_dfe = 0.203819

