---- Running command
---- ./polyDFE -d Mmc/126.polyDFE.config.txt -m C -e 
---- Performing inference using model C

---- Performing inference on Mmc/126.polyDFE.config.txt
---- No mutation variability. Using Poisson likelihood.


---- Calculating initial values

-- Starting local optimization
-- Optimizing all parameters
  it        eps_an        lambda     theta_bar           S_d             b           p_b           S_b           r 2           r 3           r 4           r 5           r 6           r 7           r 8           r 9          r 10          r 11          r 12          r 13          r 14          r 15          r 16          r 17          r 18          r 19          r 20           ln lk          grad status 
   0           0.1 0.01930078513 0.01134523622        -20000         0.208           0.1            20 0.87150261028 0.73234814534 0.64518532986 0.58281717259 0.55974768467 0.53738401318 0.53968916759 0.52122702167 0.55322123225 0.55762068291 0.59217990697 0.62031152804 0.67353913777 0.75971524395 0.86480562601 1.10466606512 1.58668563250             1             1 -1120235.713431 23217.4587675   -2 
 903 0.00228422680 0.01924717768 0.01013985150 -76.010233048 0.12218635882 0.01976917528 7.56798258391 0.86547072688 0.71918095490 0.62178443319 0.55380631489 0.52600079529 0.50767638740 0.50020524260 0.48027383029 0.49372043634 0.49068352442 0.50834954286 0.50993768319 0.52640170350 0.56706555330 0.58395982018 0.64229745917 0.70042818518 0.78958187242 1.22558806341 -282.3373616180 0.02360539392   -8 
-- Local optimization: reached maximum number of likelihood evaluations allowed.
---- Best joint likelihood found -282.337361618046998 with gradient 0.02361

---- Results for Mmc/126.polyDFE.config.txt 
--  Model: C
--        eps_an        lambda     theta_bar             a 
-- 0.00228422680 0.01924717768 0.01013985150            -1 
--           S_d             b           p_b           S_b 
-- -76.010233048 0.12218635882 0.01976917528 7.56798258391 
--           r 2           r 3           r 4           r 5           r 6           r 7           r 8           r 9          r 10          r 11          r 12          r 13          r 14          r 15          r 16          r 17          r 18          r 19          r 20 
-- 0.86547072688 0.71918095490 0.62178443319 0.55380631489 0.52600079529 0.50767638740 0.50020524260 0.48027383029 0.49372043634 0.49068352442 0.50834954286 0.50993768319 0.52640170350 0.56706555330 0.58395982018 0.64229745917 0.70042818518 0.78958187242 1.22558806341 

---- Expected P_neut(i), 0 < i < n (neutral SFS per site) 
E[P_neut(1)] = 0.0101176523
E[P_neut(2)] = 0.0043787507
E[P_neut(3)] = 0.0024261186
E[P_neut(4)] = 0.0015734454
E[P_neut(5)] = 0.0011214130
E[P_neut(6)] = 0.0008877687
E[P_neut(7)] = 0.0007346235
E[P_neut(8)] = 0.0006335338
E[P_neut(9)] = 0.0005408978
E[P_neut(10)] = 0.0005006252
E[P_neut(11)] = 0.0004525172
E[P_neut(12)] = 0.0004300161
E[P_neut(13)] = 0.0003985168
E[P_neut(14)] = 0.0003824193
E[P_neut(15)] = 0.0003850205
E[P_neut(16)] = 0.0003728342
E[P_neut(17)] = 0.0003877833
E[P_neut(18)] = 0.0004036904
E[P_neut(19)] = 0.0004435804

---- Expected P_sel(i), 0 < i < n (selected SFS per site) 
E[P_sel(1)] = 0.0072473422
E[P_sel(2)] = 0.0028328740
E[P_sel(3)] = 0.0014915449
E[P_sel(4)] = 0.0009365105
E[P_sel(5)] = 0.0006522838
E[P_sel(6)] = 0.0005075112
E[P_sel(7)] = 0.0004143451
E[P_sel(8)] = 0.0003535635
E[P_sel(9)] = 0.0002993752
E[P_sel(10)] = 0.0002753426
E[P_sel(11)] = 0.0002477717
E[P_sel(12)] = 0.0002348195
E[P_sel(13)] = 0.0002174413
E[P_sel(14)] = 0.0002089231
E[P_sel(15)] = 0.0002111299
E[P_sel(16)] = 0.0002058639
E[P_sel(17)] = 0.0002165216
E[P_sel(18)] = 0.0002294821
E[P_sel(19)] = 0.0002606421

---- Expected D_neut and D_sel (neutral and selected divergence per site) 
E[D_neut] = 0.0198685417
E[D_sel] = 0.0125307299

---- Expected neutral and selected misattributed polymorphism per site
E[mis_neut] = 0.0006213640
E[mis_sel] = 0.0003727696

---- alpha_div = 0.242582
---- alpha_dfe = 0.242540

