---- Running command
---- ./polyDFE -d Mmc/127.polyDFE.config.txt -m C -e 
---- Performing inference using model C

---- Performing inference on Mmc/127.polyDFE.config.txt
---- No mutation variability. Using Poisson likelihood.


---- Calculating initial values

-- Starting local optimization
-- Optimizing all parameters
  it        eps_an        lambda     theta_bar           S_d             b           p_b           S_b           r 2           r 3           r 4           r 5           r 6           r 7           r 8           r 9          r 10          r 11          r 12          r 13          r 14          r 15          r 16          r 17          r 18          r 19          r 20           ln lk          grad status 
   0           0.1 0.01931679715 0.01134252535        -20000         0.208           0.1            20 0.87319471882 0.73335490728 0.64493425291 0.58008898256 0.56047812753 0.53577761362 0.54181813215 0.53338268377 0.55071881168 0.55203135514 0.59998187984 0.62537364148 0.67003275868 0.74339481650 0.86603192654 1.10821342714 1.57824441414             1             1 -1118922.900081 23200.4607588   -2 
 921 0.00162809343 0.01935684996 0.01013763575 -74.866369467 0.12322152944 0.02220366930 6.84265519444 0.86468729440 0.71988851816 0.61999647437 0.55513650539 0.53280759446 0.50479924856 0.49774176857 0.48742306003 0.49447123589 0.47988811640 0.51682289512 0.51340472097 0.52549890589 0.55422569809 0.58847280557 0.64890137873 0.69904137562 0.81377581654 1.04268867985 -272.3752462992 0.08316189447   -3 
-- Local optimization: stuck in the same solution
---- Best joint likelihood found -272.375246299270657 with gradient 0.08316

---- Results for Mmc/127.polyDFE.config.txt 
--  Model: C
--        eps_an        lambda     theta_bar             a 
-- 0.00162809343 0.01935684996 0.01013763575            -1 
--           S_d             b           p_b           S_b 
-- -74.866369467 0.12322152944 0.02220366930 6.84265519444 
--           r 2           r 3           r 4           r 5           r 6           r 7           r 8           r 9          r 10          r 11          r 12          r 13          r 14          r 15          r 16          r 17          r 18          r 19          r 20 
-- 0.86468729440 0.71988851816 0.61999647437 0.55513650539 0.53280759446 0.50479924856 0.49774176857 0.48742306003 0.49447123589 0.47988811640 0.51682289512 0.51340472097 0.52549890589 0.55422569809 0.58847280557 0.64890137873 0.69904137562 0.81377581654 1.04268867985 

---- Expected P_neut(i), 0 < i < n (neutral SFS per site) 
E[P_neut(1)] = 0.0101218376
E[P_neut(2)] = 0.0043764476
E[P_neut(3)] = 0.0024293253
E[P_neut(4)] = 0.0015693734
E[P_neut(5)] = 0.0011243317
E[P_neut(6)] = 0.0008993887
E[P_neut(7)] = 0.0007305289
E[P_neut(8)] = 0.0006304245
E[P_neut(9)] = 0.0005488614
E[P_neut(10)] = 0.0005012769
E[P_neut(11)] = 0.0004424403
E[P_neut(12)] = 0.0004369296
E[P_neut(13)] = 0.0004009007
E[P_neut(14)] = 0.0003813687
E[P_neut(15)] = 0.0003757919
E[P_neut(16)] = 0.0003748089
E[P_neut(17)] = 0.0003902909
E[P_neut(18)] = 0.0004001963
E[P_neut(19)] = 0.0004499961

---- Expected P_sel(i), 0 < i < n (selected SFS per site) 
E[P_sel(1)] = 0.0072564493
E[P_sel(2)] = 0.0028333401
E[P_sel(3)] = 0.0014945008
E[P_sel(4)] = 0.0009347549
E[P_sel(5)] = 0.0006545240
E[P_sel(6)] = 0.0005146598
E[P_sel(7)] = 0.0004125193
E[P_sel(8)] = 0.0003523206
E[P_sel(9)] = 0.0003042865
E[P_sel(10)] = 0.0002762379
E[P_sel(11)] = 0.0002428042
E[P_sel(12)] = 0.0002392204
E[P_sel(13)] = 0.0002193987
E[P_sel(14)] = 0.0002090583
E[P_sel(15)] = 0.0002068535
E[P_sel(16)] = 0.0002078060
E[P_sel(17)] = 0.0002188475
E[P_sel(18)] = 0.0002283528
E[P_sel(19)] = 0.0002645276

---- Expected D_neut and D_sel (neutral and selected divergence per site) 
E[D_neut] = 0.0198853699
E[D_sel] = 0.0125532883

---- Expected neutral and selected misattributed polymorphism per site
E[mis_neut] = 0.0005285199
E[mis_sel] = 0.0003182004

---- alpha_div = 0.247434
---- alpha_dfe = 0.247309

