---- Running command
---- ./polyDFE -d Mmc/128.polyDFE.config.txt -m C -e 
---- Performing inference using model C

---- Performing inference on Mmc/128.polyDFE.config.txt
---- No mutation variability. Using Poisson likelihood.


---- Calculating initial values

-- Starting local optimization
-- Optimizing all parameters
  it        eps_an        lambda     theta_bar           S_d             b           p_b           S_b           r 2           r 3           r 4           r 5           r 6           r 7           r 8           r 9          r 10          r 11          r 12          r 13          r 14          r 15          r 16          r 17          r 18          r 19          r 20           ln lk          grad status 
   0           0.1 0.01925842725 0.01135942057        -20000         0.208           0.1            20 0.86877580195 0.73203921332 0.64531757451 0.57956060094 0.55759838880 0.54027983694 0.53723194650 0.52831078221 0.54952870121 0.56129049539 0.59769554865 0.62026524951 0.66794025076 0.74297109455 0.86411965579 1.11445961189 1.58166747325             1             1 -1114464.941947 23133.3666178   -2 
 906 0.00157046404 0.01927431671 0.01014055854 -83.875743442 0.11859160471 0.01881671721 7.79460190431 0.86387832657 0.72036555932 0.62256473322 0.55485922765 0.52551578622 0.50946048549 0.49498885393 0.48181416752 0.49385062028 0.48934609210 0.51401421199 0.51156833550 0.52359964587 0.55230166644 0.58898110436 0.65452843665 0.70522217688 0.81778935087 1.08974644724 -278.3302731641 0.02048500440   -3 
-- Local optimization: stuck in the same solution
---- Best joint likelihood found -278.330273164188839 with gradient 0.02049

---- Results for Mmc/128.polyDFE.config.txt 
--  Model: C
--        eps_an        lambda     theta_bar             a 
-- 0.00157046404 0.01927431671 0.01014055854            -1 
--           S_d             b           p_b           S_b 
-- -83.875743442 0.11859160471 0.01881671721 7.79460190431 
--           r 2           r 3           r 4           r 5           r 6           r 7           r 8           r 9          r 10          r 11          r 12          r 13          r 14          r 15          r 16          r 17          r 18          r 19          r 20 
-- 0.86387832657 0.72036555932 0.62256473322 0.55485922765 0.52551578622 0.50946048549 0.49498885393 0.48181416752 0.49385062028 0.48934609210 0.51401421199 0.51156833550 0.52359964587 0.55230166644 0.58898110436 0.65452843665 0.70522217688 0.81778935087 1.08974644724 

---- Expected P_neut(i), 0 < i < n (neutral SFS per site) 
E[P_neut(1)] = 0.0101253186
E[P_neut(2)] = 0.0043738495
E[P_neut(3)] = 0.0024317588
E[P_neut(4)] = 0.0015763961
E[P_neut(5)] = 0.0011241356
E[P_neut(6)] = 0.0008873714
E[P_neut(7)] = 0.0007374982
E[P_neut(8)] = 0.0006271297
E[P_neut(9)] = 0.0005427298
E[P_neut(10)] = 0.0005007921
E[P_neut(11)] = 0.0004512571
E[P_neut(12)] = 0.0004346691
E[P_neut(13)] = 0.0003995776
E[P_neut(14)] = 0.0003800559
E[P_neut(15)] = 0.0003745574
E[P_neut(16)] = 0.0003751797
E[P_neut(17)] = 0.0003936393
E[P_neut(18)] = 0.0004035519
E[P_neut(19)] = 0.0004517052

---- Expected P_sel(i), 0 < i < n (selected SFS per site) 
E[P_sel(1)] = 0.0072239475
E[P_sel(2)] = 0.0028235967
E[P_sel(3)] = 0.0014936338
E[P_sel(4)] = 0.0009381696
E[P_sel(5)] = 0.0006541787
E[P_sel(6)] = 0.0005077402
E[P_sel(7)] = 0.0004164720
E[P_sel(8)] = 0.0003504964
E[P_sel(9)] = 0.0003008740
E[P_sel(10)] = 0.0002759078
E[P_sel(11)] = 0.0002475184
E[P_sel(12)] = 0.0002377778
E[P_sel(13)] = 0.0002183895
E[P_sel(14)] = 0.0002079567
E[P_sel(15)] = 0.0002056734
E[P_sel(16)] = 0.0002073733
E[P_sel(17)] = 0.0002199078
E[P_sel(18)] = 0.0002293052
E[P_sel(19)] = 0.0002644644

---- Expected D_neut and D_sel (neutral and selected divergence per site) 
E[D_neut] = 0.0198268486
E[D_sel] = 0.0125090480

---- Expected neutral and selected misattributed polymorphism per site
E[mis_neut] = 0.0005525319
E[mis_sel] = 0.0003315251

---- alpha_div = 0.237466
---- alpha_dfe = 0.237426

