---- Running command
---- ./polyDFE -d Mmc/129.polyDFE.config.txt -m C -e 
---- Performing inference using model C

---- Performing inference on Mmc/129.polyDFE.config.txt
---- No mutation variability. Using Poisson likelihood.


---- Calculating initial values

-- Starting local optimization
-- Optimizing all parameters
  it        eps_an        lambda     theta_bar           S_d             b           p_b           S_b           r 2           r 3           r 4           r 5           r 6           r 7           r 8           r 9          r 10          r 11          r 12          r 13          r 14          r 15          r 16          r 17          r 18          r 19          r 20           ln lk          grad status 
   0           0.1 0.01928935298 0.01134449778        -20000         0.208           0.1            20 0.87846380684 0.73408451980 0.64381553236 0.57655870706 0.55629792515 0.54036126886 0.53854133391 0.53213119614 0.55519471580 0.54992617132 0.59064684914 0.62503157228 0.66711827985 0.74281246434 0.86655154202 1.11073215855 1.58329955467             1             1 -1119169.241359 23194.8728730   -2 
 727 0.00040748696 0.01930720734 0.01013431919 -79.854435524 0.12124697039 0.02171432495 6.88163303477 0.86644354197 0.72034440041 0.62316852726 0.55226694973 0.52852474910 0.50672479201 0.49331649224 0.48718805841 0.49620351162 0.47870041887 0.50943214643 0.51595080643 0.52574956337 0.55737720377 0.59375061039 0.65091260257 0.71054287320 0.82718420647 1.08920057608 -267.6844039215 0.06047161454   -3 
-- Local optimization: stuck in the same solution
---- Best joint likelihood found -267.684403921535704 with gradient 0.06047

---- Results for Mmc/129.polyDFE.config.txt 
--  Model: C
--        eps_an        lambda     theta_bar             a 
-- 0.00040748696 0.01930720734 0.01013431919            -1 
--           S_d             b           p_b           S_b 
-- -79.854435524 0.12124697039 0.02171432495 6.88163303477 
--           r 2           r 3           r 4           r 5           r 6           r 7           r 8           r 9          r 10          r 11          r 12          r 13          r 14          r 15          r 16          r 17          r 18          r 19          r 20 
-- 0.86644354197 0.72034440041 0.62316852726 0.55226694973 0.52852474910 0.50672479201 0.49331649224 0.48718805841 0.49620351162 0.47870041887 0.50943214643 0.51595080643 0.52574956337 0.55737720377 0.59375061039 0.65091260257 0.71054287320 0.82718420647 1.08920057608 

---- Expected P_neut(i), 0 < i < n (neutral SFS per site) 
E[P_neut(1)] = 0.0101303694
E[P_neut(2)] = 0.0043887817
E[P_neut(3)] = 0.0024325666
E[P_neut(4)] = 0.0015783571
E[P_neut(5)] = 0.0011190672
E[P_neut(6)] = 0.0008924977
E[P_neut(7)] = 0.0007334808
E[P_neut(8)] = 0.0006248490
E[P_neut(9)] = 0.0005485472
E[P_neut(10)] = 0.0005028685
E[P_neut(11)] = 0.0004410714
E[P_neut(12)] = 0.0004303083
E[P_neut(13)] = 0.0004023512
E[P_neut(14)] = 0.0003807882
E[P_neut(15)] = 0.0003768786
E[P_neut(16)] = 0.0003765688
E[P_neut(17)] = 0.0003888662
E[P_neut(18)] = 0.0004016743
E[P_neut(19)] = 0.0004451576

---- Expected P_sel(i), 0 < i < n (selected SFS per site) 
E[P_sel(1)] = 0.0072379135
E[P_sel(2)] = 0.0028342038
E[P_sel(3)] = 0.0014937326
E[P_sel(4)] = 0.0009387891
E[P_sel(5)] = 0.0006507538
E[P_sel(6)] = 0.0005102825
E[P_sel(7)] = 0.0004139067
E[P_sel(8)] = 0.0003490135
E[P_sel(9)] = 0.0003039725
E[P_sel(10)] = 0.0002770021
E[P_sel(11)] = 0.0002419586
E[P_sel(12)] = 0.0002354992
E[P_sel(13)] = 0.0002200891
E[P_sel(14)] = 0.0002086177
E[P_sel(15)] = 0.0002072921
E[P_sel(16)] = 0.0002085560
E[P_sel(17)] = 0.0002176916
E[P_sel(18)] = 0.0002285128
E[P_sel(19)] = 0.0002596623

---- Expected D_neut and D_sel (neutral and selected divergence per site) 
E[D_neut] = 0.0198591227
E[D_sel] = 0.0125060614

---- Expected neutral and selected misattributed polymorphism per site
E[mis_neut] = 0.0005519153
E[mis_sel] = 0.0003316574

---- alpha_div = 0.243966
---- alpha_dfe = 0.243751

