---- Running command
---- ./polyDFE -d Mmc/13.polyDFE.config.txt -m C -e 
---- Performing inference using model C

---- Performing inference on Mmc/13.polyDFE.config.txt
---- No mutation variability. Using Poisson likelihood.


---- Calculating initial values

-- Starting local optimization
-- Optimizing all parameters
  it        eps_an        lambda     theta_bar           S_d             b           p_b           S_b           r 2           r 3           r 4           r 5           r 6           r 7           r 8           r 9          r 10          r 11          r 12          r 13          r 14          r 15          r 16          r 17          r 18          r 19          r 20           ln lk          grad status 
   0           0.1 0.01925945473 0.01136231387        -20000         0.208           0.1            20 0.87374915605 0.73270800739 0.64794745273 0.58520762867 0.55406505596 0.53897855645 0.53791928973 0.53258901815 0.54783888856 0.55357300509 0.59207837151 0.62285915013 0.66935100471 0.75861657439 0.85777312998 1.09964495734 1.57749828504             1             1 -1115188.688459 23107.6942809   -2 
 592 0.00173097563 0.01927201423 0.01015536048 -66.771475806 0.13254261032 0.03210352157 5.21898683534 0.86544152862 0.71911792298 0.62441788718 0.55728651346 0.52743604633 0.50714923822 0.49842984024 0.48442186437 0.49199589665 0.48524665096 0.50857719244 0.51313852560 0.52618905899 0.55890665180 0.57891503496 0.63823473261 0.69989360123 0.79804654687 1.09806009804 -271.2852810351 0.05289956531   -3 
-- Local optimization: stuck in the same solution
---- Best joint likelihood found -271.285281035161461 with gradient 0.05290

---- Results for Mmc/13.polyDFE.config.txt 
--  Model: C
--        eps_an        lambda     theta_bar             a 
-- 0.00173097563 0.01927201423 0.01015536048            -1 
--           S_d             b           p_b           S_b 
-- -66.771475806 0.13254261032 0.03210352157 5.21898683534 
--           r 2           r 3           r 4           r 5           r 6           r 7           r 8           r 9          r 10          r 11          r 12          r 13          r 14          r 15          r 16          r 17          r 18          r 19          r 20 
-- 0.86544152862 0.71911792298 0.62441788718 0.55728651346 0.52743604633 0.50714923822 0.49842984024 0.48442186437 0.49199589665 0.48524665096 0.50857719244 0.51313852560 0.52618905899 0.55890665180 0.57891503496 0.63823473261 0.69989360123 0.79804654687 1.09806009804 

---- Expected P_neut(i), 0 < i < n (neutral SFS per site) 
E[P_neut(1)] = 0.0101385202
E[P_neut(2)] = 0.0043875122
E[P_neut(3)] = 0.0024307468
E[P_neut(4)] = 0.0015831891
E[P_neut(5)] = 0.0011305848
E[P_neut(6)] = 0.0008918326
E[P_neut(7)] = 0.0007351751
E[P_neut(8)] = 0.0006323666
E[P_neut(9)] = 0.0005464380
E[P_neut(10)] = 0.0004996396
E[P_neut(11)] = 0.0004481575
E[P_neut(12)] = 0.0004307489
E[P_neut(13)] = 0.0004014341
E[P_neut(14)] = 0.0003825731
E[P_neut(15)] = 0.0003796975
E[P_neut(16)] = 0.0003695513
E[P_neut(17)] = 0.0003848187
E[P_neut(18)] = 0.0004017938
E[P_neut(19)] = 0.0004433904

---- Expected P_sel(i), 0 < i < n (selected SFS per site) 
E[P_sel(1)] = 0.0072753752
E[P_sel(2)] = 0.0028322212
E[P_sel(3)] = 0.0014878803
E[P_sel(4)] = 0.0009372213
E[P_sel(5)] = 0.0006537962
E[P_sel(6)] = 0.0005068755
E[P_sel(7)] = 0.0004123870
E[P_sel(8)] = 0.0003511930
E[P_sel(9)] = 0.0003012228
E[P_sel(10)] = 0.0002739865
E[P_sel(11)] = 0.0002449733
E[P_sel(12)] = 0.0002351777
E[P_sel(13)] = 0.0002193665
E[P_sel(14)] = 0.0002097190
E[P_sel(15)] = 0.0002093410
E[P_sel(16)] = 0.0002055679
E[P_sel(17)] = 0.0002168386
E[P_sel(18)] = 0.0002306708
E[P_sel(19)] = 0.0002623377

---- Expected D_neut and D_sel (neutral and selected divergence per site) 
E[D_neut] = 0.0198295740
E[D_sel] = 0.0125274416

---- Expected neutral and selected misattributed polymorphism per site
E[mis_neut] = 0.0005575598
E[mis_sel] = 0.0003375360

---- alpha_div = 0.277499
---- alpha_dfe = 0.277337

