---- Running command
---- ./polyDFE -d Mmc/130.polyDFE.config.txt -m C -e 
---- Performing inference using model C

---- Performing inference on Mmc/130.polyDFE.config.txt
---- No mutation variability. Using Poisson likelihood.


---- Calculating initial values

-- Starting local optimization
-- Optimizing all parameters
  it        eps_an        lambda     theta_bar           S_d             b           p_b           S_b           r 2           r 3           r 4           r 5           r 6           r 7           r 8           r 9          r 10          r 11          r 12          r 13          r 14          r 15          r 16          r 17          r 18          r 19          r 20           ln lk          grad status 
   0           0.1 0.01928059116 0.01137535495        -20000         0.208           0.1            20 0.87296588856 0.73433930493 0.64606886963 0.58460878377 0.55554624063 0.53715656670 0.54153173841 0.53256507869 0.55114861523 0.55712064536 0.59267777371 0.62355059131 0.66212002520 0.75128973035 0.86052803692 1.10431138800 1.58279734613             1             1 -1115771.079862 23176.0342069   -2 
 556 0.00075909547 0.01932083335 0.01016540720 -81.994507322 0.12127892794 0.02193277275 6.93537975207 0.86318045622 0.71992772554 0.61962266008 0.55677976481 0.52695352362 0.50629178602 0.50084575115 0.48733907394 0.49731115951 0.48526888871 0.51236868595 0.51637727516 0.52338049901 0.55549702948 0.58571925497 0.64409314555 0.71359736529 0.83090855581 1.04678040847 -289.3312854798 0.04445240601   -3 
-- Local optimization: stuck in the same solution
---- Best joint likelihood found -289.331285479813232 with gradient 0.04445

---- Results for Mmc/130.polyDFE.config.txt 
--  Model: C
--        eps_an        lambda     theta_bar             a 
-- 0.00075909547 0.01932083335 0.01016540720            -1 
--           S_d             b           p_b           S_b 
-- -81.994507322 0.12127892794 0.02193277275 6.93537975207 
--           r 2           r 3           r 4           r 5           r 6           r 7           r 8           r 9          r 10          r 11          r 12          r 13          r 14          r 15          r 16          r 17          r 18          r 19          r 20 
-- 0.86318045622 0.71992772554 0.61962266008 0.55677976481 0.52695352362 0.50629178602 0.50084575115 0.48733907394 0.49731115951 0.48526888871 0.51236868595 0.51637727516 0.52338049901 0.55549702948 0.58571925497 0.64409314555 0.71359736529 0.83090855581 1.04678040847 

---- Expected P_neut(i), 0 < i < n (neutral SFS per site) 
E[P_neut(1)] = 0.0101580282
E[P_neut(2)] = 0.0043842660
E[P_neut(3)] = 0.0024378934
E[P_neut(4)] = 0.0015737663
E[P_neut(5)] = 0.0011314051
E[P_neut(6)] = 0.0008923936
E[P_neut(7)] = 0.0007349858
E[P_neut(8)] = 0.0006362590
E[P_neut(9)] = 0.0005503670
E[P_neut(10)] = 0.0005055370
E[P_neut(11)] = 0.0004485280
E[P_neut(12)] = 0.0004341900
E[P_neut(13)] = 0.0004040351
E[P_neut(14)] = 0.0003804161
E[P_neut(15)] = 0.0003770304
E[P_neut(16)] = 0.0003730425
E[P_neut(17)] = 0.0003867047
E[P_neut(18)] = 0.0004060249
E[P_neut(19)] = 0.0004519329

---- Expected P_sel(i), 0 < i < n (selected SFS per site) 
E[P_sel(1)] = 0.0072379544
E[P_sel(2)] = 0.0028230184
E[P_sel(3)] = 0.0014926229
E[P_sel(4)] = 0.0009333416
E[P_sel(5)] = 0.0006560415
E[P_sel(6)] = 0.0005087813
E[P_sel(7)] = 0.0004136045
E[P_sel(8)] = 0.0003544203
E[P_sel(9)] = 0.0003041720
E[P_sel(10)] = 0.0002777552
E[P_sel(11)] = 0.0002454382
E[P_sel(12)] = 0.0002370597
E[P_sel(13)] = 0.0002205153
E[P_sel(14)] = 0.0002079819
E[P_sel(15)] = 0.0002069898
E[P_sel(16)] = 0.0002062776
E[P_sel(17)] = 0.0002162296
E[P_sel(18)] = 0.0002308801
E[P_sel(19)] = 0.0002639759

---- Expected D_neut and D_sel (neutral and selected divergence per site) 
E[D_neut] = 0.0198528808
E[D_sel] = 0.0125220290

---- Expected neutral and selected misattributed polymorphism per site
E[mis_neut] = 0.0005320475
E[mis_sel] = 0.0003198462

---- alpha_div = 0.247937
---- alpha_dfe = 0.247639

