---- Running command
---- ./polyDFE -d Mmc/132.polyDFE.config.txt -m C -e 
---- Performing inference using model C

---- Performing inference on Mmc/132.polyDFE.config.txt
---- No mutation variability. Using Poisson likelihood.


---- Calculating initial values

-- Starting local optimization
-- Optimizing all parameters
  it        eps_an        lambda     theta_bar           S_d             b           p_b           S_b           r 2           r 3           r 4           r 5           r 6           r 7           r 8           r 9          r 10          r 11          r 12          r 13          r 14          r 15          r 16          r 17          r 18          r 19          r 20           ln lk          grad status 
   0           0.1 0.01925250855 0.01133867189        -20000         0.208           0.1            20 0.87606553506 0.73529035037 0.64249943293 0.58124453414 0.55482287741 0.53681071366 0.53887770519 0.52891208968 0.55311572551 0.55961015695 0.59171124128 0.62425745142 0.66587671673 0.75147131270 0.85337766243 1.10317639285 1.59497054736             1             1 -1112442.858601 23082.8767972   -2 
 428 0.00151574432 0.01932275765 0.01013730453 -84.964618445 0.11777264269 0.01850451783 7.95384979787 0.86741906613  0.7197987843 0.61941822768 0.55384053965 0.52372802160 0.50476551600 0.49545905994 0.48520456891 0.49613869842 0.48575242355 0.50976079435 0.51479957237 0.52785287587 0.56172513451 0.57977032650 0.64216625615 0.71072631328 0.79858914539 0.98354268697 -278.8281499248 0.10082661302   -3 
-- Local optimization: stuck in the same solution
---- Best joint likelihood found -278.828149924855097 with gradient 0.10083

---- Results for Mmc/132.polyDFE.config.txt 
--  Model: C
--        eps_an        lambda     theta_bar             a 
-- 0.00151574432 0.01932275765 0.01013730453            -1 
--           S_d             b           p_b           S_b 
-- -84.964618445 0.11777264269 0.01850451783 7.95384979787 
--           r 2           r 3           r 4           r 5           r 6           r 7           r 8           r 9          r 10          r 11          r 12          r 13          r 14          r 15          r 16          r 17          r 18          r 19          r 20 
-- 0.86741906613  0.7197987843 0.61941822768 0.55384053965 0.52372802160 0.50476551600 0.49545905994 0.48520456891 0.49613869842 0.48575242355 0.50976079435 0.51479957237 0.52785287587 0.56172513451 0.57977032650 0.64216625615 0.71072631328 0.79858914539 0.98354268697 

---- Expected P_neut(i), 0 < i < n (neutral SFS per site) 
E[P_neut(1)] = 0.0101225848
E[P_neut(2)] = 0.0043905881
E[P_neut(3)] = 0.0024291669
E[P_neut(4)] = 0.0015679852
E[P_neut(5)] = 0.0011217634
E[P_neut(6)] = 0.0008841032
E[P_neut(7)] = 0.0007304950
E[P_neut(8)] = 0.0006275285
E[P_neut(9)] = 0.0005463686
E[P_neut(10)] = 0.0005029509
E[P_neut(11)] = 0.0004478062
E[P_neut(12)] = 0.0004309323
E[P_neut(13)] = 0.0004019365
E[P_neut(14)] = 0.0003829766
E[P_neut(15)] = 0.0003807518
E[P_neut(16)] = 0.0003691544
E[P_neut(17)] = 0.0003860377
E[P_neut(18)] = 0.0004063269
E[P_neut(19)] = 0.0004408009

---- Expected P_sel(i), 0 < i < n (selected SFS per site) 
E[P_sel(1)] = 0.0072227727
E[P_sel(2)] = 0.0028361113
E[P_sel(3)] = 0.0014933689
E[P_sel(4)] = 0.0009341626
E[P_sel(5)] = 0.0006535774
E[P_sel(6)] = 0.0005065189
E[P_sel(7)] = 0.0004130724
E[P_sel(8)] = 0.0003512076
E[P_sel(9)] = 0.0003033223
E[P_sel(10)] = 0.0002774964
E[P_sel(11)] = 0.0002459815
E[P_sel(12)] = 0.0002360748
E[P_sel(13)] = 0.0002199940
E[P_sel(14)] = 0.0002098524
E[P_sel(15)] = 0.0002093673
E[P_sel(16)] = 0.0002043274
E[P_sel(17)] = 0.0002159639
E[P_sel(18)] = 0.0002312049
E[P_sel(19)] = 0.0002584980

---- Expected D_neut and D_sel (neutral and selected divergence per site) 
E[D_neut] = 0.0198212812
E[D_sel] = 0.0125427536

---- Expected neutral and selected misattributed polymorphism per site
E[mis_neut] = 0.0004985236
E[mis_sel] = 0.0002997289

---- alpha_div = 0.237542
---- alpha_dfe = 0.237385

