---- Running command
---- ./polyDFE -d Mmc/133.polyDFE.config.txt -m C -e 
---- Performing inference using model C

---- Performing inference on Mmc/133.polyDFE.config.txt
---- No mutation variability. Using Poisson likelihood.


---- Calculating initial values

-- Starting local optimization
-- Optimizing all parameters
  it        eps_an        lambda     theta_bar           S_d             b           p_b           S_b           r 2           r 3           r 4           r 5           r 6           r 7           r 8           r 9          r 10          r 11          r 12          r 13          r 14          r 15          r 16          r 17          r 18          r 19          r 20           ln lk          grad status 
   0           0.1 0.01926580785 0.01136028449        -20000         0.208           0.1            20 0.87216522618 0.73106193397 0.64761302289 0.58333478898 0.56243840245 0.53797852905 0.53450663799 0.53180786469 0.55391726127 0.55776940967 0.59129152158 0.63012648865 0.66884872195 0.75076719395 0.86357719637 1.11238382959 1.57691632785             1             1 -1115501.752091 23121.7060209   -2 
 305 0.00320573554 0.01931193045 0.01017869443 -100.66870011 0.10561739850 0.00242634691 49.9938986909 0.86090050211 0.71415716996 0.62106412148 0.55150596934 0.52635221173 0.50535658024 0.48985295125 0.48515267366 0.49323438543 0.48561660611 0.50979665765 0.51971909559 0.53188237774 0.55988251710 0.58852384639 0.65013830726 0.70152967023 0.78512563219 1.01782601741 -310.5656589863 0.84763545955   -3 
-- Local optimization: stuck in the same solution
---- Best joint likelihood found -310.565658986350172 with gradient 0.84764

---- Results for Mmc/133.polyDFE.config.txt 
--  Model: C
--        eps_an        lambda     theta_bar             a 
-- 0.00320573554 0.01931193045 0.01017869443            -1 
--           S_d             b           p_b           S_b 
-- -100.66870011 0.10561739850 0.00242634691 49.9938986909 
--           r 2           r 3           r 4           r 5           r 6           r 7           r 8           r 9          r 10          r 11          r 12          r 13          r 14          r 15          r 16          r 17          r 18          r 19          r 20 
-- 0.86090050211 0.71415716996 0.62106412148 0.55150596934 0.52635221173 0.50535658024 0.48985295125 0.48515267366 0.49323438543 0.48561660611 0.50979665765 0.51971909559 0.53188237774 0.55988251710 0.58852384639 0.65013830726 0.70152967023 0.78512563219 1.01782601741 

---- Expected P_neut(i), 0 < i < n (neutral SFS per site) 
E[P_neut(1)] = 0.0101474126
E[P_neut(2)] = 0.0043686476
E[P_neut(3)] = 0.0024165427
E[P_neut(4)] = 0.0015765393
E[P_neut(5)] = 0.0011203409
E[P_neut(6)] = 0.0008913069
E[P_neut(7)] = 0.0007337874
E[P_neut(8)] = 0.0006226462
E[P_neut(9)] = 0.0005483728
E[P_neut(10)] = 0.0005020482
E[P_neut(11)] = 0.0004496769
E[P_neut(12)] = 0.0004330338
E[P_neut(13)] = 0.0004079790
E[P_neut(14)] = 0.0003883277
E[P_neut(15)] = 0.0003823061
E[P_neut(16)] = 0.0003782664
E[P_neut(17)] = 0.0003957880
E[P_neut(18)] = 0.0004094771
E[P_neut(19)] = 0.0004518899

---- Expected P_sel(i), 0 < i < n (selected SFS per site) 
E[P_sel(1)] = 0.0072466683
E[P_sel(2)] = 0.0028397408
E[P_sel(3)] = 0.0014986413
E[P_sel(4)] = 0.0009483955
E[P_sel(5)] = 0.0006591381
E[P_sel(6)] = 0.0005153535
E[P_sel(7)] = 0.0004183042
E[P_sel(8)] = 0.0003507543
E[P_sel(9)] = 0.0003057975
E[P_sel(10)] = 0.0002775223
E[P_sel(11)] = 0.0002466969
E[P_sel(12)] = 0.0002360215
E[P_sel(13)] = 0.0002211462
E[P_sel(14)] = 0.0002095677
E[P_sel(15)] = 0.0002056741
E[P_sel(16)] = 0.0002032517
E[P_sel(17)] = 0.0002130630
E[P_sel(18)] = 0.0002224761
E[P_sel(19)] = 0.0002543281

---- Expected D_neut and D_sel (neutral and selected divergence per site) 
E[D_neut] = 0.0198299375
E[D_sel] = 0.0125475756

---- Expected neutral and selected misattributed polymorphism per site
E[mis_neut] = 0.0005180070
E[mis_sel] = 0.0002935802

---- alpha_div = 0.190963
---- alpha_dfe = 0.191291

