---- Running command
---- ./polyDFE -d Mmc/134.polyDFE.config.txt -m C -e 
---- Performing inference using model C

---- Performing inference on Mmc/134.polyDFE.config.txt
---- No mutation variability. Using Poisson likelihood.


---- Calculating initial values

-- Starting local optimization
-- Optimizing all parameters
  it        eps_an        lambda     theta_bar           S_d             b           p_b           S_b           r 2           r 3           r 4           r 5           r 6           r 7           r 8           r 9          r 10          r 11          r 12          r 13          r 14          r 15          r 16          r 17          r 18          r 19          r 20           ln lk          grad status 
   0           0.1 0.01927063500 0.01133575350        -20000         0.208           0.1            20 0.87741999352 0.73414004595 0.64223499816 0.58301180053 0.55504618639 0.54356017157 0.53442163023 0.53861245038 0.54930089390 0.55615773228 0.58718752751 0.63454917405 0.66888571606 0.75247208894 0.86484911678 1.10332239696 1.58843454863             1             1 -1116470.375397 23148.7675299   -2 
 533 0.00215183299 0.01933098626 0.01014072276 -79.474368819 0.11992592507 0.01695534628 8.63344764463 0.86622018503 0.72159715906 0.62053872614 0.55311767648 0.52642614466 0.51102947962 0.49495507963 0.48859920166 0.49340748593 0.48715072113 0.50868571994 0.51804377361 0.52562083419 0.55864279358 0.58764735863 0.63892627985 0.69846056266 0.80396794040 1.00322537953 -274.8985783652 0.36805968966   -3 
-- Local optimization: stuck in the same solution
---- Best joint likelihood found -274.898578365289723 with gradient 0.36806

---- Results for Mmc/134.polyDFE.config.txt 
--  Model: C
--        eps_an        lambda     theta_bar             a 
-- 0.00215183299 0.01933098626 0.01014072276            -1 
--           S_d             b           p_b           S_b 
-- -79.474368819 0.11992592507 0.01695534628 8.63344764463 
--           r 2           r 3           r 4           r 5           r 6           r 7           r 8           r 9          r 10          r 11          r 12          r 13          r 14          r 15          r 16          r 17          r 18          r 19          r 20 
-- 0.86622018503 0.72159715906 0.62053872614 0.55311767648 0.52642614466 0.51102947962 0.49495507963 0.48859920166 0.49340748593 0.48715072113 0.50868571994 0.51804377361 0.52562083419 0.55864279358 0.58764735863 0.63892627985 0.69846056266 0.80396794040 1.00322537953 

---- Expected P_neut(i), 0 < i < n (neutral SFS per site) 
E[P_neut(1)] = 0.0101198250
E[P_neut(2)] = 0.0043834452
E[P_neut(3)] = 0.0024347437
E[P_neut(4)] = 0.0015705940
E[P_neut(5)] = 0.0011202014
E[P_neut(6)] = 0.0008886283
E[P_neut(7)] = 0.0007395920
E[P_neut(8)] = 0.0006269752
E[P_neut(9)] = 0.0005503094
E[P_neut(10)] = 0.0005003509
E[P_neut(11)] = 0.0004493147
E[P_neut(12)] = 0.0004302951
E[P_neut(13)] = 0.0004048264
E[P_neut(14)] = 0.0003818221
E[P_neut(15)] = 0.0003792707
E[P_neut(16)] = 0.0003750318
E[P_neut(17)] = 0.0003855565
E[P_neut(18)] = 0.0004020984
E[P_neut(19)] = 0.0004499934

---- Expected P_sel(i), 0 < i < n (selected SFS per site) 
E[P_sel(1)] = 0.0072359540
E[P_sel(2)] = 0.0028331226
E[P_sel(3)] = 0.0014960468
E[P_sel(4)] = 0.0009345110
E[P_sel(5)] = 0.0006514140
E[P_sel(6)] = 0.0005078586
E[P_sel(7)] = 0.0004169842
E[P_sel(8)] = 0.0003497055
E[P_sel(9)] = 0.0003043407
E[P_sel(10)] = 0.0002748900
E[P_sel(11)] = 0.0002456609
E[P_sel(12)] = 0.0002345319
E[P_sel(13)] = 0.0002203641
E[P_sel(14)] = 0.0002079936
E[P_sel(15)] = 0.0002072542
E[P_sel(16)] = 0.0002062290
E[P_sel(17)] = 0.0002142790
E[P_sel(18)] = 0.0002274359
E[P_sel(19)] = 0.0002631370

---- Expected D_neut and D_sel (neutral and selected divergence per site) 
E[D_neut] = 0.0198396578
E[D_sel] = 0.0125161860

---- Expected neutral and selected misattributed polymorphism per site
E[mis_neut] = 0.0005086715
E[mis_sel] = 0.0003040429

---- alpha_div = 0.236260
---- alpha_dfe = 0.236080

