---- Running command
---- ./polyDFE -d Mmc/135.polyDFE.config.txt -m C -e 
---- Performing inference using model C

---- Performing inference on Mmc/135.polyDFE.config.txt
---- No mutation variability. Using Poisson likelihood.


---- Calculating initial values

-- Starting local optimization
-- Optimizing all parameters
  it        eps_an        lambda     theta_bar           S_d             b           p_b           S_b           r 2           r 3           r 4           r 5           r 6           r 7           r 8           r 9          r 10          r 11          r 12          r 13          r 14          r 15          r 16          r 17          r 18          r 19          r 20           ln lk          grad status 
   0           0.1 0.01925561466 0.01134848839        -20000         0.208           0.1            20 0.87406661339 0.72822342486 0.64269660410 0.58405844714 0.56345144126 0.53930369128 0.53423204141 0.53783991369 0.55465397580 0.56059792284 0.59525065757 0.62895493171 0.66456842521 0.75242072591 0.86360207807 1.10704894110 1.58175975457             1             1 -1115836.122464 23138.3272828   -2 
 805 0.00063621450 0.01926573810 0.01013030134 -76.728625565 0.12261446354 0.02131153168 7.16261379220 0.86591770066 0.71636404647 0.61958972810 0.55791373450 0.53314437835 0.50726184618 0.49399070086 0.48935473090 0.49672684055 0.49374069868 0.51158937288 0.51764620449 0.52398943208 0.56275775600 0.59313904791 0.65109015247 0.71097777568 0.81836240074 1.10518847050 -276.7060045914 0.03199858240   -3 
-- Local optimization: stuck in the same solution
---- Best joint likelihood found -276.706004591411329 with gradient 0.03200

---- Results for Mmc/135.polyDFE.config.txt 
--  Model: C
--        eps_an        lambda     theta_bar             a 
-- 0.00063621450 0.01926573810 0.01013030134            -1 
--           S_d             b           p_b           S_b 
-- -76.728625565 0.12261446354 0.02131153168 7.16261379220 
--           r 2           r 3           r 4           r 5           r 6           r 7           r 8           r 9          r 10          r 11          r 12          r 13          r 14          r 15          r 16          r 17          r 18          r 19          r 20 
-- 0.86591770066 0.71636404647 0.61958972810 0.55791373450 0.53314437835 0.50726184618 0.49399070086 0.48935473090 0.49672684055 0.49374069868 0.51158937288 0.51764620449 0.52398943208 0.56275775600 0.59313904791 0.65109015247 0.71097777568 0.81836240074 1.10518847050 

---- Expected P_neut(i), 0 < i < n (neutral SFS per site) 
E[P_neut(1)] = 0.0101241339
E[P_neut(2)] = 0.0043834678
E[P_neut(3)] = 0.0024177024
E[P_neut(4)] = 0.0015683983
E[P_neut(5)] = 0.0011298895
E[P_neut(6)] = 0.0008998207
E[P_neut(7)] = 0.0007338918
E[P_neut(8)] = 0.0006254111
E[P_neut(9)] = 0.0005507512
E[P_neut(10)] = 0.0005031993
E[P_neut(11)] = 0.0004547650
E[P_neut(12)] = 0.0004320027
E[P_neut(13)] = 0.0004035883
E[P_neut(14)] = 0.0003794865
E[P_neut(15)] = 0.0003805377
E[P_neut(16)] = 0.0003763017
E[P_neut(17)] = 0.0003892768
E[P_neut(18)] = 0.0004026703
E[P_neut(19)] = 0.0004424968

---- Expected P_sel(i), 0 < i < n (selected SFS per site) 
E[P_sel(1)] = 0.0072443719
E[P_sel(2)] = 0.0028327226
E[P_sel(3)] = 0.0014847782
E[P_sel(4)] = 0.0009326008
E[P_sel(5)] = 0.0006566609
E[P_sel(6)] = 0.0005140421
E[P_sel(7)] = 0.0004137109
E[P_sel(8)] = 0.0003489071
E[P_sel(9)] = 0.0003047822
E[P_sel(10)] = 0.0002767766
E[P_sel(11)] = 0.0002490784
E[P_sel(12)] = 0.0002360369
E[P_sel(13)] = 0.0002203920
E[P_sel(14)] = 0.0002075518
E[P_sel(15)] = 0.0002089606
E[P_sel(16)] = 0.0002080966
E[P_sel(17)] = 0.0002176639
E[P_sel(18)] = 0.0002289622
E[P_sel(19)] = 0.0002584512

---- Expected D_neut and D_sel (neutral and selected divergence per site) 
E[D_neut] = 0.0198255327
E[D_sel] = 0.0125295582

---- Expected neutral and selected misattributed polymorphism per site
E[mis_neut] = 0.0005597946
E[mis_sel] = 0.0003368137

---- alpha_div = 0.247814
---- alpha_dfe = 0.247604

