---- Running command
---- ./polyDFE -d Mmc/136.polyDFE.config.txt -m C -e 
---- Performing inference using model C

---- Performing inference on Mmc/136.polyDFE.config.txt
---- No mutation variability. Using Poisson likelihood.


---- Calculating initial values

-- Starting local optimization
-- Optimizing all parameters
  it        eps_an        lambda     theta_bar           S_d             b           p_b           S_b           r 2           r 3           r 4           r 5           r 6           r 7           r 8           r 9          r 10          r 11          r 12          r 13          r 14          r 15          r 16          r 17          r 18          r 19          r 20           ln lk          grad status 
   0           0.1 0.01930361966 0.01137388005        -20000         0.208           0.1            20 0.87270699007 0.73193702231 0.63968387802 0.58635318027 0.55603575788 0.54241033753 0.54258165317 0.52957748743 0.54296710924 0.55199325586 0.59165076273 0.62749382216 0.66392823480 0.75479939183 0.85916936060 1.11116932868 1.57960904407             1             1 -1118701.759189 23166.1026217   -2 
1090 0.00070655193 0.01929748509 0.01015244885 -76.312772654 0.12426272361 0.02680738547 5.77712220941 0.86508111982 0.71965138186 0.61813969782 0.55702878432 0.52683022192 0.51168660845 0.49850615148 0.48354572709 0.49011491327 0.48247992330 0.51234983171 0.51826364498 0.52400351498 0.55859353488 0.58754332759 0.64982243783 0.71030488399 0.81324893891 1.13462969169 -278.9278338484 0.02427365119   -3 
-- Local optimization: stuck in the same solution
---- Best joint likelihood found -278.927833848458249 with gradient 0.02427

---- Results for Mmc/136.polyDFE.config.txt 
--  Model: C
--        eps_an        lambda     theta_bar             a 
-- 0.00070655193 0.01929748509 0.01015244885            -1 
--           S_d             b           p_b           S_b 
-- -76.312772654 0.12426272361 0.02680738547 5.77712220941 
--           r 2           r 3           r 4           r 5           r 6           r 7           r 8           r 9          r 10          r 11          r 12          r 13          r 14          r 15          r 16          r 17          r 18          r 19          r 20 
-- 0.86508111982 0.71965138186 0.61813969782 0.55702878432 0.52683022192 0.51168660845 0.49850615148 0.48354572709 0.49011491327 0.48247992330 0.51234983171 0.51826364498 0.52400351498 0.55859353488 0.58754332759 0.64982243783 0.71030488399 0.81324893891 1.13462969169 

---- Expected P_neut(i), 0 < i < n (neutral SFS per site) 
E[P_neut(1)] = 0.0101455827
E[P_neut(2)] = 0.0043885263
E[P_neut(3)] = 0.0024339614
E[P_neut(4)] = 0.0015680628
E[P_neut(5)] = 0.0011305092
E[P_neut(6)] = 0.0008910748
E[P_neut(7)] = 0.0007418862
E[P_neut(8)] = 0.0006324916
E[P_neut(9)] = 0.0005453929
E[P_neut(10)] = 0.0004975867
E[P_neut(11)] = 0.0004453756
E[P_neut(12)] = 0.0004336078
E[P_neut(13)] = 0.0004049803
E[P_neut(14)] = 0.0003803556
E[P_neut(15)] = 0.0003786048
E[P_neut(16)] = 0.0003736578
E[P_neut(17)] = 0.0003895224
E[P_neut(18)] = 0.0004034493
E[P_neut(19)] = 0.0004414172

---- Expected P_sel(i), 0 < i < n (selected SFS per site) 
E[P_sel(1)] = 0.0072604601
E[P_sel(2)] = 0.0028360675
E[P_sel(3)] = 0.0014950267
E[P_sel(4)] = 0.0009328179
E[P_sel(5)] = 0.0006575443
E[P_sel(6)] = 0.0005096609
E[P_sel(7)] = 0.0004189188
E[P_sel(8)] = 0.0003536329
E[P_sel(9)] = 0.0003026540
E[P_sel(10)] = 0.0002746202
E[P_sel(11)] = 0.0002449307
E[P_sel(12)] = 0.0002380519
E[P_sel(13)] = 0.0002223828
E[P_sel(14)] = 0.0002093458
E[P_sel(15)] = 0.0002093731
E[P_sel(16)] = 0.0002082322
E[P_sel(17)] = 0.0002195689
E[P_sel(18)] = 0.0002312235
E[P_sel(19)] = 0.0002594601

---- Expected D_neut and D_sel (neutral and selected divergence per site) 
E[D_neut] = 0.0198734486
E[D_sel] = 0.0125237505

---- Expected neutral and selected misattributed polymorphism per site
E[mis_neut] = 0.0005759635
E[mis_sel] = 0.0003478446

---- alpha_div = 0.255170
---- alpha_dfe = 0.255073

