---- Running command
---- ./polyDFE -d Mmc/137.polyDFE.config.txt -m C -e 
---- Performing inference using model C

---- Performing inference on Mmc/137.polyDFE.config.txt
---- No mutation variability. Using Poisson likelihood.


---- Calculating initial values

-- Starting local optimization
-- Optimizing all parameters
  it        eps_an        lambda     theta_bar           S_d             b           p_b           S_b           r 2           r 3           r 4           r 5           r 6           r 7           r 8           r 9          r 10          r 11          r 12          r 13          r 14          r 15          r 16          r 17          r 18          r 19          r 20           ln lk          grad status 
   0           0.1 0.01923935453 0.01133725622        -20000         0.208           0.1            20 0.87581449665 0.73616561427 0.64758121505 0.58346238734 0.55336803756 0.53995198189 0.54164149244 0.53833162438 0.55101389853 0.56197058759 0.59637648567 0.62694215039 0.66847420202 0.75289293612 0.86299370372 1.11264742032 1.59985209586             1             1 -1112134.684255 23089.1806220   -2 
1304 0.00044859751 0.01920977600 0.01011806363 -74.977347308 0.12525811488 0.02380893732 6.64103577726 0.86870628887 0.72317376107 0.62089326047 0.55801431295 0.52722633109 0.50898599656 0.49961845220 0.49165481308 0.49321715958 0.48894464802 0.51461191185 0.52066571380 0.52757016999 0.56494685263 0.59053329238 0.65230550363 0.72107910091 0.83188408622 1.18224418124 -281.6163598640 0.01287640909   -3 
-- Local optimization: stuck in the same solution
---- Best joint likelihood found -281.616359864055994 with gradient 0.01288

---- Results for Mmc/137.polyDFE.config.txt 
--  Model: C
--        eps_an        lambda     theta_bar             a 
-- 0.00044859751 0.01920977600 0.01011806363            -1 
--           S_d             b           p_b           S_b 
-- -74.977347308 0.12525811488 0.02380893732 6.64103577726 
--           r 2           r 3           r 4           r 5           r 6           r 7           r 8           r 9          r 10          r 11          r 12          r 13          r 14          r 15          r 16          r 17          r 18          r 19          r 20 
-- 0.86870628887 0.72317376107 0.62089326047 0.55801431295 0.52722633109 0.50898599656 0.49961845220 0.49165481308 0.49321715958 0.48894464802 0.51461191185 0.52066571380 0.52757016999 0.56494685263 0.59053329238 0.65230550363 0.72107910091 0.83188408622 1.18224418124 

---- Expected P_neut(i), 0 < i < n (neutral SFS per site) 
E[P_neut(1)] = 0.0101137234
E[P_neut(2)] = 0.0043930231
E[P_neut(3)] = 0.0024381194
E[P_neut(4)] = 0.0015700224
E[P_neut(5)] = 0.0011288693
E[P_neut(6)] = 0.0008888571
E[P_neut(7)] = 0.0007355593
E[P_neut(8)] = 0.0006318076
E[P_neut(9)] = 0.0005526865
E[P_neut(10)] = 0.0004990403
E[P_neut(11)] = 0.0004497892
E[P_neut(12)] = 0.0004339952
E[P_neut(13)] = 0.0004053889
E[P_neut(14)] = 0.0003815127
E[P_neut(15)] = 0.0003814135
E[P_neut(16)] = 0.0003739779
E[P_neut(17)] = 0.0003891593
E[P_neut(18)] = 0.0004071188
E[P_neut(19)] = 0.0004473432

---- Expected P_sel(i), 0 < i < n (selected SFS per site) 
E[P_sel(1)] = 0.0072286692
E[P_sel(2)] = 0.0028319135
E[P_sel(3)] = 0.0014926308
E[P_sel(4)] = 0.0009303142
E[P_sel(5)] = 0.0006536657
E[P_sel(6)] = 0.0005058883
E[P_sel(7)] = 0.0004131180
E[P_sel(8)] = 0.0003512074
E[P_sel(9)] = 0.0003048031
E[P_sel(10)] = 0.0002736089
E[P_sel(11)] = 0.0002456344
E[P_sel(12)] = 0.0002365173
E[P_sel(13)] = 0.0002208999
E[P_sel(14)] = 0.0002083124
E[P_sel(15)] = 0.0002092073
E[P_sel(16)] = 0.0002067028
E[P_sel(17)] = 0.0002176128
E[P_sel(18)] = 0.0002316041
E[P_sel(19)] = 0.0002612769

---- Expected D_neut and D_sel (neutral and selected divergence per site) 
E[D_neut] = 0.0198078771
E[D_sel] = 0.0125232173

---- Expected neutral and selected misattributed polymorphism per site
E[mis_neut] = 0.0005981011
E[mis_sel] = 0.0003603606

---- alpha_div = 0.257477
---- alpha_dfe = 0.257339

