---- Running command
---- ./polyDFE -d Mmc/138.polyDFE.config.txt -m C -e 
---- Performing inference using model C

---- Performing inference on Mmc/138.polyDFE.config.txt
---- No mutation variability. Using Poisson likelihood.


---- Calculating initial values

-- Starting local optimization
-- Optimizing all parameters
  it        eps_an        lambda     theta_bar           S_d             b           p_b           S_b           r 2           r 3           r 4           r 5           r 6           r 7           r 8           r 9          r 10          r 11          r 12          r 13          r 14          r 15          r 16          r 17          r 18          r 19          r 20           ln lk          grad status 
   0           0.1 0.01933233431 0.01138787625        -20000         0.208           0.1            20 0.87143846724 0.73090841620 0.64199028545 0.58130483151 0.55433066628 0.53610471974 0.53268000821 0.52584787249 0.54676983032 0.55663440181 0.58194679355 0.61986145202 0.66279097153 0.75037670302 0.87243027557 1.10452868520 1.58368578684             1             1 -1118131.472915 23221.4078501   -2 
 586 0.00063311985 0.01934257275 0.01017047901 -87.812910934 0.11631060319 0.01619978860 8.83694732903 0.86292635901 0.71560070344 0.61981191245 0.55240006432 0.52619995066 0.50465163254 0.49136772718 0.48194597414 0.48956573443 0.48744614835 0.50434082259 0.51043192765 0.52233175271 0.55800234698 0.59934369782 0.65172914439 0.71204840468 0.82724576380 1.10350006729 -274.1398243675 0.03376123080   -3 
-- Local optimization: stuck in the same solution
---- Best joint likelihood found -274.139824367506662 with gradient 0.03376

---- Results for Mmc/138.polyDFE.config.txt 
--  Model: C
--        eps_an        lambda     theta_bar             a 
-- 0.00063311985 0.01934257275 0.01017047901            -1 
--           S_d             b           p_b           S_b 
-- -87.812910934 0.11631060319 0.01619978860 8.83694732903 
--           r 2           r 3           r 4           r 5           r 6           r 7           r 8           r 9          r 10          r 11          r 12          r 13          r 14          r 15          r 16          r 17          r 18          r 19          r 20 
-- 0.86292635901 0.71560070344 0.61981191245 0.55240006432 0.52619995066 0.50465163254 0.49136772718 0.48194597414 0.48956573443 0.48744614835 0.50434082259 0.51043192765 0.52233175271 0.55800234698 0.59934369782 0.65172914439 0.71204840468 0.82724576380 1.10350006729 

---- Expected P_neut(i), 0 < i < n (neutral SFS per site) 
E[P_neut(1)] = 0.0101643202
E[P_neut(2)] = 0.0043856637
E[P_neut(3)] = 0.0024247116
E[P_neut(4)] = 0.0015751895
E[P_neut(5)] = 0.0011231628
E[P_neut(6)] = 0.0008916265
E[P_neut(7)] = 0.0007330099
E[P_neut(8)] = 0.0006245558
E[P_neut(9)] = 0.0005445651
E[P_neut(10)] = 0.0004979118
E[P_neut(11)] = 0.0004507468
E[P_neut(12)] = 0.0004275739
E[P_neut(13)] = 0.0003995450
E[P_neut(14)] = 0.0003797791
E[P_neut(15)] = 0.0003788153
E[P_neut(16)] = 0.0003817323
E[P_neut(17)] = 0.0003911948
E[P_neut(18)] = 0.0004048498
E[P_neut(19)] = 0.0004489738

---- Expected P_sel(i), 0 < i < n (selected SFS per site) 
E[P_sel(1)] = 0.0072411105
E[P_sel(2)] = 0.0028297000
E[P_sel(3)] = 0.0014892629
E[P_sel(4)] = 0.0009376624
E[P_sel(5)] = 0.0006538275
E[P_sel(6)] = 0.0005103426
E[P_sel(7)] = 0.0004140400
E[P_sel(8)] = 0.0003490921
E[P_sel(9)] = 0.0003018562
E[P_sel(10)] = 0.0002742122
E[P_sel(11)] = 0.0002470555
E[P_sel(12)] = 0.0002336269
E[P_sel(13)] = 0.0002180132
E[P_sel(14)] = 0.0002073467
E[P_sel(15)] = 0.0002074175
E[P_sel(16)] = 0.0002102352
E[P_sel(17)] = 0.0002175707
E[P_sel(18)] = 0.0002287516
E[P_sel(19)] = 0.0002606942

---- Expected D_neut and D_sel (neutral and selected divergence per site) 
E[D_neut] = 0.0199037290
E[D_sel] = 0.0125559696

---- Expected neutral and selected misattributed polymorphism per site
E[mis_neut] = 0.0005611562
E[mis_sel] = 0.0003355635

---- alpha_div = 0.230849
---- alpha_dfe = 0.230679

