---- Running command
---- ./polyDFE -d Mmc/139.polyDFE.config.txt -m C -e 
---- Performing inference using model C

---- Performing inference on Mmc/139.polyDFE.config.txt
---- No mutation variability. Using Poisson likelihood.


---- Calculating initial values

-- Starting local optimization
-- Optimizing all parameters
  it        eps_an        lambda     theta_bar           S_d             b           p_b           S_b           r 2           r 3           r 4           r 5           r 6           r 7           r 8           r 9          r 10          r 11          r 12          r 13          r 14          r 15          r 16          r 17          r 18          r 19          r 20           ln lk          grad status 
   0           0.1 0.01929672091 0.01135158400        -20000         0.208           0.1            20 0.87285103091 0.73926125151 0.64504006872 0.58153456221 0.55469362291 0.53749439343 0.54047770094 0.52546459741 0.55547390019 0.54552606030 0.59996218934 0.62008420138 0.66385278417 0.74409967789 0.86820808253 1.10301488477 1.57882918118             1             1 -1120702.989122 23226.1217751   -2 
 613 0.00148049004 0.01933236304 0.01014925440 -81.031928864 0.11991207523 0.02001705108 7.37519677505 0.86466094083 0.72081117253 0.62090368065 0.55684913118 0.52745632002 0.50655736852 0.49579149489 0.48059001698 0.49589671363 0.48010300951 0.51546765058 0.51377089433 0.52309278549 0.55330666025 0.59206787900 0.63476472826 0.69599009899 0.80816615914 1.05365767743 -271.1538751909 0.05328819473   -3 
-- Local optimization: stuck in the same solution
---- Best joint likelihood found -271.153875190924737 with gradient 0.05329

---- Results for Mmc/139.polyDFE.config.txt 
--  Model: C
--        eps_an        lambda     theta_bar             a 
-- 0.00148049004 0.01933236304 0.01014925440            -1 
--           S_d             b           p_b           S_b 
-- -81.031928864 0.11991207523 0.02001705108 7.37519677505 
--           r 2           r 3           r 4           r 5           r 6           r 7           r 8           r 9          r 10          r 11          r 12          r 13          r 14          r 15          r 16          r 17          r 18          r 19          r 20 
-- 0.86466094083 0.72081117253 0.62090368065 0.55684913118 0.52745632002 0.50655736852 0.49579149489 0.48059001698 0.49589671363 0.48010300951 0.51546765058 0.51377089433 0.52309278549 0.55330666025 0.59206787900 0.63476472826 0.69599009899 0.80816615914 1.05365767743 

---- Expected P_neut(i), 0 < i < n (neutral SFS per site) 
E[P_neut(1)] = 0.0101348677
E[P_neut(2)] = 0.0043819168
E[P_neut(3)] = 0.0024355161
E[P_neut(4)] = 0.0015736510
E[P_neut(5)] = 0.0011292015
E[P_neut(6)] = 0.0008914552
E[P_neut(7)] = 0.0007339607
E[P_neut(8)] = 0.0006287035
E[P_neut(9)] = 0.0005418124
E[P_neut(10)] = 0.0005032982
E[P_neut(11)] = 0.0004431181
E[P_neut(12)] = 0.0004362535
E[P_neut(13)] = 0.0004016006
E[P_neut(14)] = 0.0003799739
E[P_neut(15)] = 0.0003754958
E[P_neut(16)] = 0.0003773419
E[P_neut(17)] = 0.0003820133
E[P_neut(18)] = 0.0003983474
E[P_neut(19)] = 0.0004460859

---- Expected P_sel(i), 0 < i < n (selected SFS per site) 
E[P_sel(1)] = 0.0072424733
E[P_sel(2)] = 0.0028319094
E[P_sel(3)] = 0.0014970897
E[P_sel(4)] = 0.0009370765
E[P_sel(5)] = 0.0006574369
E[P_sel(6)] = 0.0005102921
E[P_sel(7)] = 0.0004146454
E[P_sel(8)] = 0.0003515300
E[P_sel(9)] = 0.0003005138
E[P_sel(10)] = 0.0002774482
E[P_sel(11)] = 0.0002432205
E[P_sel(12)] = 0.0002388393
E[P_sel(13)] = 0.0002197081
E[P_sel(14)] = 0.0002081502
E[P_sel(15)] = 0.0002064633
E[P_sel(16)] = 0.0002088819
E[P_sel(17)] = 0.0002137674
E[P_sel(18)] = 0.0002267132
E[P_sel(19)] = 0.0002614275

---- Expected D_neut and D_sel (neutral and selected divergence per site) 
E[D_neut] = 0.0198670550
E[D_sel] = 0.0125268067

---- Expected neutral and selected misattributed polymorphism per site
E[mis_neut] = 0.0005346920
E[mis_sel] = 0.0003211323

---- alpha_div = 0.239949
---- alpha_dfe = 0.239717

