---- Running command
---- ./polyDFE -d Mmc/14.polyDFE.config.txt -m C -e 
---- Performing inference using model C

---- Performing inference on Mmc/14.polyDFE.config.txt
---- No mutation variability. Using Poisson likelihood.


---- Calculating initial values

-- Starting local optimization
-- Optimizing all parameters
  it        eps_an        lambda     theta_bar           S_d             b           p_b           S_b           r 2           r 3           r 4           r 5           r 6           r 7           r 8           r 9          r 10          r 11          r 12          r 13          r 14          r 15          r 16          r 17          r 18          r 19          r 20           ln lk          grad status 
   0           0.1 0.01930155710 0.01133067102        -20000         0.208           0.1            20 0.87503391638 0.73695421773 0.64736163984  0.5820740726 0.55820998243 0.53922987489 0.53571907132 0.52468584711 0.55684939461 0.55180496696 0.59304316524 0.62354681722 0.66648004053 0.74832769513 0.86596169401 1.11305465238 1.58441368106             1             1 -1121870.960766 23246.5138151   -2 
 702 0.00060565967 0.01938706566 0.01011747613 -72.780303604 0.12506541174 0.02370253179 6.48859972353 0.86713724089 0.72264678001 0.62118638526 0.55609615525 0.53031615977 0.50961190553 0.49323108794 0.48021544010 0.49742152184 0.48536408176 0.51090180414 0.51506539473 0.52598818855 0.55677218849 0.59224149961 0.65164342247 0.71106039195 0.82787376003 0.95392791397 -275.9586405050 0.04104494332   -3 
-- Local optimization: stuck in the same solution
---- Best joint likelihood found -275.958640505021322 with gradient 0.04104

---- Results for Mmc/14.polyDFE.config.txt 
--  Model: C
--        eps_an        lambda     theta_bar             a 
-- 0.00060565967 0.01938706566 0.01011747613            -1 
--           S_d             b           p_b           S_b 
-- -72.780303604 0.12506541174 0.02370253179 6.48859972353 
--           r 2           r 3           r 4           r 5           r 6           r 7           r 8           r 9          r 10          r 11          r 12          r 13          r 14          r 15          r 16          r 17          r 18          r 19          r 20 
-- 0.86713724089 0.72264678001 0.62118638526 0.55609615525 0.53031615977 0.50961190553 0.49323108794 0.48021544010 0.49742152184 0.48536408176 0.51090180414 0.51506539473 0.52598818855 0.55677218849 0.59224149961 0.65164342247 0.71106039195 0.82787376003 0.95392791397 

---- Expected P_neut(i), 0 < i < n (neutral SFS per site) 
E[P_neut(1)] = 0.0101116154
E[P_neut(2)] = 0.0043842054
E[P_neut(3)] = 0.0024358793
E[P_neut(4)] = 0.0015704848
E[P_neut(5)] = 0.0011248038
E[P_neut(6)] = 0.0008939321
E[P_neut(7)] = 0.0007363661
E[P_neut(8)] = 0.0006236648
E[P_neut(9)] = 0.0005397843
E[P_neut(10)] = 0.0005032650
E[P_neut(11)] = 0.0004464802
E[P_neut(12)] = 0.0004308700
E[P_neut(13)] = 0.0004010619
E[P_neut(14)] = 0.0003804309
E[P_neut(15)] = 0.0003759960
E[P_neut(16)] = 0.0003752241
E[P_neut(17)] = 0.0003890639
E[P_neut(18)] = 0.0004020890
E[P_neut(19)] = 0.0004467025

---- Expected P_sel(i), 0 < i < n (selected SFS per site) 
E[P_sel(1)] = 0.0072521643
E[P_sel(2)] = 0.0028371247
E[P_sel(3)] = 0.0014971450
E[P_sel(4)] = 0.0009342861
E[P_sel(5)] = 0.0006538995
E[P_sel(6)] = 0.0005107893
E[P_sel(7)] = 0.0004151941
E[P_sel(8)] = 0.0003480259
E[P_sel(9)] = 0.0002988247
E[P_sel(10)] = 0.0002769582
E[P_sel(11)] = 0.0002447169
E[P_sel(12)] = 0.0002356424
E[P_sel(13)] = 0.0002192796
E[P_sel(14)] = 0.0002083823
E[P_sel(15)] = 0.0002068397
E[P_sel(16)] = 0.0002079306
E[P_sel(17)] = 0.0002180313
E[P_sel(18)] = 0.0002291180
E[P_sel(19)] = 0.0002612128

---- Expected D_neut and D_sel (neutral and selected divergence per site) 
E[D_neut] = 0.0198696328
E[D_sel] = 0.0125266062

---- Expected neutral and selected misattributed polymorphism per site
E[mis_neut] = 0.0004825671
E[mis_sel] = 0.0002904635

---- alpha_div = 0.251554
---- alpha_dfe = 0.251425

