---- Running command
---- ./polyDFE -d Mmc/140.polyDFE.config.txt -m C -e 
---- Performing inference using model C

---- Performing inference on Mmc/140.polyDFE.config.txt
---- No mutation variability. Using Poisson likelihood.


---- Calculating initial values

-- Starting local optimization
-- Optimizing all parameters
  it        eps_an        lambda     theta_bar           S_d             b           p_b           S_b           r 2           r 3           r 4           r 5           r 6           r 7           r 8           r 9          r 10          r 11          r 12          r 13          r 14          r 15          r 16          r 17          r 18          r 19          r 20           ln lk          grad status 
   0           0.1 0.01926075269 0.01137082370        -20000         0.208           0.1            20 0.87075599797 0.73247265708 0.64324134405 0.57831795554 0.55368030815 0.53623195648 0.53387820670 0.52732123616 0.54603910420 0.55453553821 0.58788599811 0.62305574441 0.66561819595 0.74478252288 0.86621357783 1.10366611554 1.57564222860             1             1 -1118277.121171 23177.0114465   -2 
 852 0.00205402064 0.01929310401 0.01017010306 -81.074285142 0.12190955098 0.02631174478 5.78340435232 0.86284568811 0.71498738767 0.61700787729 0.55168508986 0.52769104372 0.50826794244 0.48892798082 0.48458287836 0.48997322133 0.48511534682 0.51021484521 0.50830139696 0.52128762553 0.55308901934 0.58679126519 0.64075440139 0.69469351957 0.79509046456 1.05767386555 -287.7613390364 0.04508493176   -8 
-- Local optimization: reached maximum number of likelihood evaluations allowed.
---- Best joint likelihood found -287.761339036485879 with gradient 0.04508

---- Results for Mmc/140.polyDFE.config.txt 
--  Model: C
--        eps_an        lambda     theta_bar             a 
-- 0.00205402064 0.01929310401 0.01017010306            -1 
--           S_d             b           p_b           S_b 
-- -81.074285142 0.12190955098 0.02631174478 5.78340435232 
--           r 2           r 3           r 4           r 5           r 6           r 7           r 8           r 9          r 10          r 11          r 12          r 13          r 14          r 15          r 16          r 17          r 18          r 19          r 20 
-- 0.86284568811 0.71498738767 0.61700787729 0.55168508986 0.52769104372 0.50826794244 0.48892798082 0.48458287836 0.48997322133 0.48511534682 0.51021484521 0.50830139696 0.52128762553 0.55308901934 0.58679126519 0.64075440139 0.69469351957 0.79509046456 1.05767386555 

---- Expected P_neut(i), 0 < i < n (neutral SFS per site) 
E[P_neut(1)] = 0.0101500876
E[P_neut(2)] = 0.0043794088
E[P_neut(3)] = 0.0024196406
E[P_neut(4)] = 0.0015663023
E[P_neut(5)] = 0.0011206042
E[P_neut(6)] = 0.0008933860
E[P_neut(7)] = 0.0007377482
E[P_neut(8)] = 0.0006211675
E[P_neut(9)] = 0.0005473807
E[P_neut(10)] = 0.0004983078
E[P_neut(11)] = 0.0004487192
E[P_neut(12)] = 0.0004328000
E[P_neut(13)] = 0.0003983521
E[P_neut(14)] = 0.0003797415
E[P_neut(15)] = 0.0003765328
E[P_neut(16)] = 0.0003754391
E[P_neut(17)] = 0.0003875170
E[P_neut(18)] = 0.0004007119
E[P_neut(19)] = 0.0004456024

---- Expected P_sel(i), 0 < i < n (selected SFS per site) 
E[P_sel(1)] = 0.0072467424
E[P_sel(2)] = 0.0028269975
E[P_sel(3)] = 0.0014857649
E[P_sel(4)] = 0.0009319794
E[P_sel(5)] = 0.0006521779
E[P_sel(6)] = 0.0005114377
E[P_sel(7)] = 0.0004170431
E[P_sel(8)] = 0.0003477427
E[P_sel(9)] = 0.0003041808
E[P_sel(10)] = 0.0002754266
E[P_sel(11)] = 0.0002471506
E[P_sel(12)] = 0.0002379825
E[P_sel(13)] = 0.0002190896
E[P_sel(14)] = 0.0002093364
E[P_sel(15)] = 0.0002085489
E[P_sel(16)] = 0.0002095497
E[P_sel(17)] = 0.0002188094
E[P_sel(18)] = 0.0002302312
E[P_sel(19)] = 0.0002637190

---- Expected D_neut and D_sel (neutral and selected divergence per site) 
E[D_neut] = 0.0198309366
E[D_sel] = 0.0124856499

---- Expected neutral and selected misattributed polymorphism per site
E[mis_neut] = 0.0005378326
E[mis_sel] = 0.0003247213

---- alpha_div = 0.251001
---- alpha_dfe = 0.250863

