---- Running command
---- ./polyDFE -d Mmc/141.polyDFE.config.txt -m C -e 
---- Performing inference using model C

---- Performing inference on Mmc/141.polyDFE.config.txt
---- No mutation variability. Using Poisson likelihood.


---- Calculating initial values

-- Starting local optimization
-- Optimizing all parameters
  it        eps_an        lambda     theta_bar           S_d             b           p_b           S_b           r 2           r 3           r 4           r 5           r 6           r 7           r 8           r 9          r 10          r 11          r 12          r 13          r 14          r 15          r 16          r 17          r 18          r 19          r 20           ln lk          grad status 
   0           0.1 0.01930423657 0.01134920529        -20000         0.208           0.1            20 0.87539932127 0.73302296074 0.64386653211 0.58678997010 0.56343263636 0.54167620430 0.53965358424 0.53788412535 0.55840269890 0.55570642034 0.59339365713 0.62906131861 0.66802459829 0.75443776542 0.86182748870 1.11478470341 1.58903380350             1             1 -1115869.955961 23162.2774315   -2 
 955 0.00191731724 0.01934434064 0.01014434513 -76.819060910 0.12392841516 0.02282375670 6.75472410676 0.86713413361 0.72046703149 0.62185382855 0.55651732780 0.53521138284 0.51071969553 0.49519708986 0.49216178890 0.49888673565 0.48752456242 0.51226979068 0.51685806452 0.52298436319 0.56017850531 0.58548451506 0.65067678377 0.70586724355 0.80242308323 1.04297662951 -277.6439155433 0.04663538464   -3 
-- Local optimization: stuck in the same solution
---- Best joint likelihood found -277.643915543347248 with gradient 0.04664

---- Results for Mmc/141.polyDFE.config.txt 
--  Model: C
--        eps_an        lambda     theta_bar             a 
-- 0.00191731724 0.01934434064 0.01014434513            -1 
--           S_d             b           p_b           S_b 
-- -76.819060910 0.12392841516 0.02282375670 6.75472410676 
--           r 2           r 3           r 4           r 5           r 6           r 7           r 8           r 9          r 10          r 11          r 12          r 13          r 14          r 15          r 16          r 17          r 18          r 19          r 20 
-- 0.86713413361 0.72046703149 0.62185382855 0.55651732780 0.53521138284 0.51071969553 0.49519708986 0.49216178890 0.49888673565 0.48752456242 0.51226979068 0.51685806452 0.52298436319 0.56017850531 0.58548451506 0.65067678377 0.70586724355 0.80242308323 1.04297662951 

---- Expected P_neut(i), 0 < i < n (neutral SFS per site) 
E[P_neut(1)] = 0.0101257166
E[P_neut(2)] = 0.0043905838
E[P_neut(3)] = 0.0024322955
E[P_neut(4)] = 0.0015747629
E[P_neut(5)] = 0.0011276623
E[P_neut(6)] = 0.0009038864
E[P_neut(7)] = 0.0007394852
E[P_neut(8)] = 0.0006275576
E[P_neut(9)] = 0.0005545383
E[P_neut(10)] = 0.0005060879
E[P_neut(11)] = 0.0004498032
E[P_neut(12)] = 0.0004334271
E[P_neut(13)] = 0.0004039678
E[P_neut(14)] = 0.0003799608
E[P_neut(15)] = 0.0003802814
E[P_neut(16)] = 0.0003735218
E[P_neut(17)] = 0.0003922024
E[P_neut(18)] = 0.0004054791
E[P_neut(19)] = 0.0004470525

---- Expected P_sel(i), 0 < i < n (selected SFS per site) 
E[P_sel(1)] = 0.0072323352
E[P_sel(2)] = 0.0028301125
E[P_sel(3)] = 0.0014894688
E[P_sel(4)] = 0.0009335657
E[P_sel(5)] = 0.0006533520
E[P_sel(6)] = 0.0005147771
E[P_sel(7)] = 0.0004156005
E[P_sel(8)] = 0.0003490723
E[P_sel(9)] = 0.0003060097
E[P_sel(10)] = 0.0002776206
E[P_sel(11)] = 0.0002457482
E[P_sel(12)] = 0.0002362795
E[P_sel(13)] = 0.0002201593
E[P_sel(14)] = 0.0002074624
E[P_sel(15)] = 0.0002085448
E[P_sel(16)] = 0.0002063829
E[P_sel(17)] = 0.0002192475
E[P_sel(18)] = 0.0002307903
E[P_sel(19)] = 0.0002625317

---- Expected D_neut and D_sel (neutral and selected divergence per site) 
E[D_neut] = 0.0198733564
E[D_sel] = 0.0125251014

---- Expected neutral and selected misattributed polymorphism per site
E[mis_neut] = 0.0005290157
E[mis_sel] = 0.0003178513

---- alpha_div = 0.251664
---- alpha_dfe = 0.251526

