---- Running command
---- ./polyDFE -d Mmc/142.polyDFE.config.txt -m C -e 
---- Performing inference using model C

---- Performing inference on Mmc/142.polyDFE.config.txt
---- No mutation variability. Using Poisson likelihood.


---- Calculating initial values

-- Starting local optimization
-- Optimizing all parameters
  it        eps_an        lambda     theta_bar           S_d             b           p_b           S_b           r 2           r 3           r 4           r 5           r 6           r 7           r 8           r 9          r 10          r 11          r 12          r 13          r 14          r 15          r 16          r 17          r 18          r 19          r 20           ln lk          grad status 
   0           0.1 0.01927560802 0.01135600389        -20000         0.208           0.1            20 0.87336374460 0.73378371022 0.64573348319 0.58097790471 0.55641748721 0.53852831457 0.53132413177 0.53283935545 0.55432816883 0.56023338741 0.59151615740 0.62523369171 0.66429865465 0.74372849360 0.85853096896 1.11358376146 1.58321367017             1             1 -1117465.164686 23185.4366326   -2 
 923 0.00083550091 0.01930913723 0.01014286201 -86.910067896 0.11592186585 0.01434505321 9.83095298732 0.86553003123 0.71909376968 0.62327966103 0.55141820553 0.52670775247 0.50732269599 0.49385298141 0.48476484316 0.49649307101 0.48763944613 0.51494029234 0.51295447649 0.52372474790 0.55873082151 0.58596316274 0.65187552941 0.71446623180 0.82539052862 1.05983285015 -295.7404408207 0.05384453046   -8 
-- Local optimization: reached maximum number of likelihood evaluations allowed.
---- Best joint likelihood found -295.740440820736694 with gradient 0.05384

---- Results for Mmc/142.polyDFE.config.txt 
--  Model: C
--        eps_an        lambda     theta_bar             a 
-- 0.00083550091 0.01930913723 0.01014286201            -1 
--           S_d             b           p_b           S_b 
-- -86.910067896 0.11592186585 0.01434505321 9.83095298732 
--           r 2           r 3           r 4           r 5           r 6           r 7           r 8           r 9          r 10          r 11          r 12          r 13          r 14          r 15          r 16          r 17          r 18          r 19          r 20 
-- 0.86553003123 0.71909376968 0.62327966103 0.55141820553 0.52670775247 0.50732269599 0.49385298141 0.48476484316 0.49649307101 0.48763944613 0.51494029234 0.51295447649 0.52372474790 0.55873082151 0.58596316274 0.65187552941 0.71446623180 0.82539052862 1.05983285015 

---- Expected P_neut(i), 0 < i < n (neutral SFS per site) 
E[P_neut(1)] = 0.0101347558
E[P_neut(2)] = 0.0043861448
E[P_neut(3)] = 0.0024295166
E[P_neut(4)] = 0.0015794498
E[P_neut(5)] = 0.0011179728
E[P_neut(6)] = 0.0008899604
E[P_neut(7)] = 0.0007348208
E[P_neut(8)] = 0.0006259758
E[P_neut(9)] = 0.0005462418
E[P_neut(10)] = 0.0005035861
E[P_neut(11)] = 0.0004497226
E[P_neut(12)] = 0.0004354068
E[P_neut(13)] = 0.0004004972
E[P_neut(14)] = 0.0003798603
E[P_neut(15)] = 0.0003784276
E[P_neut(16)] = 0.0003724691
E[P_neut(17)] = 0.0003906407
E[P_neut(18)] = 0.0004059273
E[P_neut(19)] = 0.0004487285

---- Expected P_sel(i), 0 < i < n (selected SFS per site) 
E[P_sel(1)] = 0.0072270300
E[P_sel(2)] = 0.0028327302
E[P_sel(3)] = 0.0014934733
E[P_sel(4)] = 0.0009408477
E[P_sel(5)] = 0.0006511394
E[P_sel(6)] = 0.0005095476
E[P_sel(7)] = 0.0004150992
E[P_sel(8)] = 0.0003498292
E[P_sel(9)] = 0.0003026526
E[P_sel(10)] = 0.0002771298
E[P_sel(11)] = 0.0002462252
E[P_sel(12)] = 0.0002375562
E[P_sel(13)] = 0.0002181184
E[P_sel(14)] = 0.0002069015
E[P_sel(15)] = 0.0002066125
E[P_sel(16)] = 0.0002044450
E[P_sel(17)] = 0.0002164379
E[P_sel(18)] = 0.0002284672
E[P_sel(19)] = 0.0002599224

---- Expected D_neut and D_sel (neutral and selected divergence per site) 
E[D_neut] = 0.0198466242
E[D_sel] = 0.0125163745

---- Expected neutral and selected misattributed polymorphism per site
E[mis_neut] = 0.0005374869
E[mis_sel] = 0.0003202952

---- alpha_div = 0.226855
---- alpha_dfe = 0.226579

