---- Running command
---- ./polyDFE -d Mmc/143.polyDFE.config.txt -m C -e 
---- Performing inference using model C

---- Performing inference on Mmc/143.polyDFE.config.txt
---- No mutation variability. Using Poisson likelihood.


---- Calculating initial values

-- Starting local optimization
-- Optimizing all parameters
  it        eps_an        lambda     theta_bar           S_d             b           p_b           S_b           r 2           r 3           r 4           r 5           r 6           r 7           r 8           r 9          r 10          r 11          r 12          r 13          r 14          r 15          r 16          r 17          r 18          r 19          r 20           ln lk          grad status 
   0           0.1 0.01927139845 0.01136991731        -20000         0.208           0.1            20 0.87120823807 0.73340631182 0.64166429858 0.58202696415 0.55873571891 0.53727412023 0.53321215281 0.53142955889 0.54802425367 0.55411278510 0.58933840928 0.63174949467 0.66479961323 0.74540195527 0.86749004052 1.10387405202 1.58351782875             1             1 -1113729.314118 23120.4050290   -2 
 376 0.00557866463 0.01932995970 0.01022244531 -95.376450977 0.11304561396 0.01597499243 8.77648255357 0.86151170212 0.71603913279 0.61706044972 0.55181071649 0.52434211419 0.50097551880 0.49009048917 0.48111839430 0.49034566194 0.48154897364 0.50421239460 0.51389579254 0.51624241559 0.54632095973 0.58173190836 0.62771417696 0.66961327487 0.73031972530 1.00078481704 -274.8978287893 1.96151267800   -3 
-- Local optimization: stuck in the same solution
---- Best joint likelihood found -274.897828789398773 with gradient 1.96151

---- Results for Mmc/143.polyDFE.config.txt 
--  Model: C
--        eps_an        lambda     theta_bar             a 
-- 0.00557866463 0.01932995970 0.01022244531            -1 
--           S_d             b           p_b           S_b 
-- -95.376450977 0.11304561396 0.01597499243 8.77648255357 
--           r 2           r 3           r 4           r 5           r 6           r 7           r 8           r 9          r 10          r 11          r 12          r 13          r 14          r 15          r 16          r 17          r 18          r 19          r 20 
-- 0.86151170212 0.71603913279 0.61706044972 0.55181071649 0.52434211419 0.50097551880 0.49009048917 0.48111839430 0.49034566194 0.48154897364 0.50421239460 0.51389579254 0.51624241559 0.54632095973 0.58173190836 0.62771417696 0.66961327487 0.73031972530 1.00078481704 

---- Expected P_neut(i), 0 < i < n (neutral SFS per site) 
E[P_neut(1)] = 0.0101676097
E[P_neut(2)] = 0.0043809346
E[P_neut(3)] = 0.0024283847
E[P_neut(4)] = 0.0015702427
E[P_neut(5)] = 0.0011239543
E[P_neut(6)] = 0.0008904623
E[P_neut(7)] = 0.0007297722
E[P_neut(8)] = 0.0006251430
E[P_neut(9)] = 0.0005459153
E[P_neut(10)] = 0.0005012532
E[P_neut(11)] = 0.0004480619
E[P_neut(12)] = 0.0004306211
E[P_neut(13)] = 0.0004059248
E[P_neut(14)] = 0.0003798279
E[P_neut(15)] = 0.0003765324
E[P_neut(16)] = 0.0003783941
E[P_neut(17)] = 0.0003889629
E[P_neut(18)] = 0.0004027260
E[P_neut(19)] = 0.0004477647

---- Expected P_sel(i), 0 < i < n (selected SFS per site) 
E[P_sel(1)] = 0.0072297565
E[P_sel(2)] = 0.0028270188
E[P_sel(3)] = 0.0014935860
E[P_sel(4)] = 0.0009367923
E[P_sel(5)] = 0.0006561370
E[P_sel(6)] = 0.0005113578
E[P_sel(7)] = 0.0004137269
E[P_sel(8)] = 0.0003508165
E[P_sel(9)] = 0.0003038966
E[P_sel(10)] = 0.0002772970
E[P_sel(11)] = 0.0002467445
E[P_sel(12)] = 0.0002364513
E[P_sel(13)] = 0.0002226316
E[P_sel(14)] = 0.0002084913
E[P_sel(15)] = 0.0002073447
E[P_sel(16)] = 0.0002097097
E[P_sel(17)] = 0.0002179756
E[P_sel(18)] = 0.0002301855
E[P_sel(19)] = 0.0002674515

---- Expected D_neut and D_sel (neutral and selected divergence per site) 
E[D_neut] = 0.0198414831
E[D_sel] = 0.0125325705

---- Expected neutral and selected misattributed polymorphism per site
E[mis_neut] = 0.0005115234
E[mis_sel] = 0.0003066755

---- alpha_div = 0.225829
---- alpha_dfe = 0.225724

