---- Running command
---- ./polyDFE -d Mmc/144.polyDFE.config.txt -m C -e 
---- Performing inference using model C

---- Performing inference on Mmc/144.polyDFE.config.txt
---- No mutation variability. Using Poisson likelihood.


---- Calculating initial values

-- Starting local optimization
-- Optimizing all parameters
  it        eps_an        lambda     theta_bar           S_d             b           p_b           S_b           r 2           r 3           r 4           r 5           r 6           r 7           r 8           r 9          r 10          r 11          r 12          r 13          r 14          r 15          r 16          r 17          r 18          r 19          r 20           ln lk          grad status 
   0           0.1 0.01929098699 0.01134262854        -20000         0.208           0.1            20 0.87360040074 0.73286164674 0.64134880244 0.58969874028 0.55726324918 0.54005368195 0.53310014741 0.52960520410 0.55831724902 0.56302903442 0.58856383793 0.63295794192 0.67364998529 0.74999767577 0.86843151013 1.10977367764 1.58772524515             1             1 -1115938.754633 23184.6352134   -2 
 982 0.00064584695 0.01933388002 0.01012798938 -82.472592000 0.11843805249 0.01548264442 9.36453744745 0.86557894730 0.71935504788 0.61783917137 0.56201875526 0.52985952151 0.50737525080 0.49112115262 0.48290994470 0.49879845933 0.49170102496 0.51005523927 0.52142756499 0.53404151011 0.55789364695 0.59618925618 0.65127684865 0.72157701522 0.83897498220 1.03763291017 -276.9639814644 0.06947939424   -3 
-- Local optimization: stuck in the same solution
---- Best joint likelihood found -276.963981464446988 with gradient 0.06948

---- Results for Mmc/144.polyDFE.config.txt 
--  Model: C
--        eps_an        lambda     theta_bar             a 
-- 0.00064584695 0.01933388002 0.01012798938            -1 
--           S_d             b           p_b           S_b 
-- -82.472592000 0.11843805249 0.01548264442 9.36453744745 
--           r 2           r 3           r 4           r 5           r 6           r 7           r 8           r 9          r 10          r 11          r 12          r 13          r 14          r 15          r 16          r 17          r 18          r 19          r 20 
-- 0.86557894730 0.71935504788 0.61783917137 0.56201875526 0.52985952151 0.50737525080 0.49112115262 0.48290994470 0.49879845933 0.49170102496 0.51005523927 0.52142756499 0.53404151011 0.55789364695 0.59618925618 0.65127684865 0.72157701522 0.83897498220 1.03763291017 

---- Expected P_neut(i), 0 < i < n (neutral SFS per site) 
E[P_neut(1)] = 0.0101217371
E[P_neut(2)] = 0.0043807185
E[P_neut(3)] = 0.0024272222
E[P_neut(4)] = 0.0015636005
E[P_neut(5)] = 0.0011379320
E[P_neut(6)] = 0.0008940738
E[P_neut(7)] = 0.0007338870
E[P_neut(8)] = 0.0006216352
E[P_neut(9)] = 0.0005433755
E[P_neut(10)] = 0.0005051826
E[P_neut(11)] = 0.0004527807
E[P_neut(12)] = 0.0004306097
E[P_neut(13)] = 0.0004064435
E[P_neut(14)] = 0.0003866686
E[P_neut(15)] = 0.0003771814
E[P_neut(16)] = 0.0003781540
E[P_neut(17)] = 0.0003893252
E[P_neut(18)] = 0.0004085756
E[P_neut(19)] = 0.0004534697

---- Expected P_sel(i), 0 < i < n (selected SFS per site) 
E[P_sel(1)] = 0.0072251093
E[P_sel(2)] = 0.0028281906
E[P_sel(3)] = 0.0014902854
E[P_sel(4)] = 0.0009298199
E[P_sel(5)] = 0.0006614126
E[P_sel(6)] = 0.0005107440
E[P_sel(7)] = 0.0004135744
E[P_sel(8)] = 0.0003465411
E[P_sel(9)] = 0.0003003110
E[P_sel(10)] = 0.0002773214
E[P_sel(11)] = 0.0002473077
E[P_sel(12)] = 0.0002344102
E[P_sel(13)] = 0.0002209010
E[P_sel(14)] = 0.0002102296
E[P_sel(15)] = 0.0002056272
E[P_sel(16)] = 0.0002073359
E[P_sel(17)] = 0.0002155648
E[P_sel(18)] = 0.0002298832
E[P_sel(19)] = 0.0002624699

---- Expected D_neut and D_sel (neutral and selected divergence per site) 
E[D_neut] = 0.0198593368
E[D_sel] = 0.0125345058

---- Expected neutral and selected misattributed polymorphism per site
E[mis_neut] = 0.0005254568
E[mis_sel] = 0.0003134449

---- alpha_div = 0.233194
---- alpha_dfe = 0.233089

