---- Running command
---- ./polyDFE -d Mmc/145.polyDFE.config.txt -m C -e 
---- Performing inference using model C

---- Performing inference on Mmc/145.polyDFE.config.txt
---- No mutation variability. Using Poisson likelihood.


---- Calculating initial values

-- Starting local optimization
-- Optimizing all parameters
  it        eps_an        lambda     theta_bar           S_d             b           p_b           S_b           r 2           r 3           r 4           r 5           r 6           r 7           r 8           r 9          r 10          r 11          r 12          r 13          r 14          r 15          r 16          r 17          r 18          r 19          r 20           ln lk          grad status 
   0           0.1 0.01929672940 0.01136011761        -20000         0.208           0.1            20 0.87419799677 0.73279100691 0.64513442329 0.58212259576 0.55753669806 0.54095372335 0.53285125186 0.52791462850 0.55266585512 0.55766510742 0.58990359072 0.62239762563 0.66758067491 0.75002998856 0.86248825537 1.11029615936 1.58906645860             1             1 -1117697.065578 23192.4145048   -2 
 526 0.00307735092 0.01933005346 0.01018041678 -96.658620122 0.10976258163 0.00777449309 16.7004722723 0.86451831765 0.71573585910 0.61854480036 0.55171574345 0.52419079778 0.50515273241 0.49125320714 0.48104054598 0.49181950691 0.48671679451 0.50882073348 0.51479924442 0.52417854660 0.56194894688 0.59078223629 0.64512562868 0.69841013344 0.78530726313 1.04821895608 -297.7853099230 0.17922420681   -8 
-- Local optimization: reached maximum number of likelihood evaluations allowed.
---- Best joint likelihood found -297.785309923085151 with gradient 0.17922

---- Results for Mmc/145.polyDFE.config.txt 
--  Model: C
--        eps_an        lambda     theta_bar             a 
-- 0.00307735092 0.01933005346 0.01018041678            -1 
--           S_d             b           p_b           S_b 
-- -96.658620122 0.10976258163 0.00777449309 16.7004722723 
--           r 2           r 3           r 4           r 5           r 6           r 7           r 8           r 9          r 10          r 11          r 12          r 13          r 14          r 15          r 16          r 17          r 18          r 19          r 20 
-- 0.86451831765 0.71573585910 0.61854480036 0.55171574345 0.52419079778 0.50515273241 0.49125320714 0.48104054598 0.49181950691 0.48671679451 0.50882073348 0.51479924442 0.52417854660 0.56194894688 0.59078223629 0.64512562868 0.69841013344 0.78530726313 1.04821895608 

---- Expected P_neut(i), 0 < i < n (neutral SFS per site) 
E[P_neut(1)] = 0.0101503829
E[P_neut(2)] = 0.0043882518
E[P_neut(3)] = 0.0024225443
E[P_neut(4)] = 0.0015705732
E[P_neut(5)] = 0.0011210560
E[P_neut(6)] = 0.0008878494
E[P_neut(7)] = 0.0007336463
E[P_neut(8)] = 0.0006245499
E[P_neut(9)] = 0.0005438443
E[P_neut(10)] = 0.0005006928
E[P_neut(11)] = 0.0004507410
E[P_neut(12)] = 0.0004322627
E[P_neut(13)] = 0.0004041641
E[P_neut(14)] = 0.0003827323
E[P_neut(15)] = 0.0003836749
E[P_neut(16)] = 0.0003795884
E[P_neut(17)] = 0.0003926177
E[P_neut(18)] = 0.0004073325
E[P_neut(19)] = 0.0004508104

---- Expected P_sel(i), 0 < i < n (selected SFS per site) 
E[P_sel(1)] = 0.0072302831
E[P_sel(2)] = 0.0028392801
E[P_sel(3)] = 0.0014941088
E[P_sel(4)] = 0.0009393211
E[P_sel(5)] = 0.0006557400
E[P_sel(6)] = 0.0005105117
E[P_sel(7)] = 0.0004160980
E[P_sel(8)] = 0.0003502674
E[P_sel(9)] = 0.0003021878
E[P_sel(10)] = 0.0002760851
E[P_sel(11)] = 0.0002470025
E[P_sel(12)] = 0.0002357358
E[P_sel(13)] = 0.0002196665
E[P_sel(14)] = 0.0002076508
E[P_sel(15)] = 0.0002082052
E[P_sel(16)] = 0.0002066065
E[P_sel(17)] = 0.0002152560
E[P_sel(18)] = 0.0002268287
E[P_sel(19)] = 0.0002611629

---- Expected D_neut and D_sel (neutral and selected divergence per site) 
E[D_neut] = 0.0198636188
E[D_sel] = 0.0125319029

---- Expected neutral and selected misattributed polymorphism per site
E[mis_neut] = 0.0005335653
E[mis_sel] = 0.0003132436

---- alpha_div = 0.206432
---- alpha_dfe = 0.206518

