---- Running command
---- ./polyDFE -d Mmc/146.polyDFE.config.txt -m C -e 
---- Performing inference using model C

---- Performing inference on Mmc/146.polyDFE.config.txt
---- No mutation variability. Using Poisson likelihood.


---- Calculating initial values

-- Starting local optimization
-- Optimizing all parameters
  it        eps_an        lambda     theta_bar           S_d             b           p_b           S_b           r 2           r 3           r 4           r 5           r 6           r 7           r 8           r 9          r 10          r 11          r 12          r 13          r 14          r 15          r 16          r 17          r 18          r 19          r 20           ln lk          grad status 
   0           0.1 0.01927878526 0.01136566164        -20000         0.208           0.1            20 0.87645838595 0.73477729490 0.64434042996 0.58367829869 0.55879164489 0.53714176152 0.54223462123 0.52843024775 0.55879798563 0.55851897517 0.58783647371 0.62781193053 0.66107361766 0.74973282026 0.86930191848 1.10659994767 1.58622120671             1             1 -1115800.435013 23172.3538017   -2 
 295 0.00600565675 0.01933135680 0.01021268086 -94.053632390 0.11048595936 0.00428290280 30.1915357277 0.86475612858 0.71651539622 0.61823587818 0.55398511955 0.52727361891 0.50113724989 0.49664795356 0.48070742413 0.49644443994 0.48537466442 0.50576499296 0.51375594711 0.52085649980 0.55105902995 0.58339928552 0.63262862701 0.68189246799 0.72959329889 1.00384463175 -288.6936869952 0.52205758810   -3 
-- Local optimization: stuck in the same solution
---- Best joint likelihood found -288.693686995218741 with gradient 0.52206

---- Results for Mmc/146.polyDFE.config.txt 
--  Model: C
--        eps_an        lambda     theta_bar             a 
-- 0.00600565675 0.01933135680 0.01021268086            -1 
--           S_d             b           p_b           S_b 
-- -94.053632390 0.11048595936 0.00428290280 30.1915357277 
--           r 2           r 3           r 4           r 5           r 6           r 7           r 8           r 9          r 10          r 11          r 12          r 13          r 14          r 15          r 16          r 17          r 18          r 19          r 20 
-- 0.86475612858 0.71651539622 0.61823587818 0.55398511955 0.52727361891 0.50113724989 0.49664795356 0.48070742413 0.49644443994 0.48537466442 0.50576499296 0.51375594711 0.52085649980 0.55105902995 0.58339928552 0.63262862701 0.68189246799 0.72959329889 1.00384463175 

---- Expected P_neut(i), 0 < i < n (neutral SFS per site) 
E[P_neut(1)] = 0.0101537022
E[P_neut(2)] = 0.0043915433
E[P_neut(3)] = 0.0024268146
E[P_neut(4)] = 0.0015712181
E[P_neut(5)] = 0.0011269923
E[P_neut(6)] = 0.0008943714
E[P_neut(7)] = 0.0007291693
E[P_neut(8)] = 0.0006327908
E[P_neut(9)] = 0.0005449095
E[P_neut(10)] = 0.0005070029
E[P_neut(11)] = 0.0004512038
E[P_neut(12)] = 0.0004316573
E[P_neut(13)] = 0.0004055690
E[P_neut(14)] = 0.0003830610
E[P_neut(15)] = 0.0003797284
E[P_neut(16)] = 0.0003796227
E[P_neut(17)] = 0.0003924155
E[P_neut(18)] = 0.0004110820
E[P_neut(19)] = 0.0004511420

---- Expected P_sel(i), 0 < i < n (selected SFS per site) 
E[P_sel(1)] = 0.0072290906
E[P_sel(2)] = 0.0028364996
E[P_sel(3)] = 0.0014927917
E[P_sel(4)] = 0.0009365007
E[P_sel(5)] = 0.0006564888
E[P_sel(6)] = 0.0005117727
E[P_sel(7)] = 0.0004112542
E[P_sel(8)] = 0.0003526393
E[P_sel(9)] = 0.0003006088
E[P_sel(10)] = 0.0002773055
E[P_sel(11)] = 0.0002450071
E[P_sel(12)] = 0.0002329947
E[P_sel(13)] = 0.0002178829
E[P_sel(14)] = 0.0002051210
E[P_sel(15)] = 0.0002030296
E[P_sel(16)] = 0.0002032136
E[P_sel(17)] = 0.0002112754
E[P_sel(18)] = 0.0002249601
E[P_sel(19)] = 0.0002602747

---- Expected D_neut and D_sel (neutral and selected divergence per site) 
E[D_neut] = 0.0198439541
E[D_sel] = 0.0125201976

---- Expected neutral and selected misattributed polymorphism per site
E[mis_neut] = 0.0005125972
E[mis_sel] = 0.0002935990

---- alpha_div = 0.204518
---- alpha_dfe = 0.204799

