---- Running command
---- ./polyDFE -d Mmc/147.polyDFE.config.txt -m C -e 
---- Performing inference using model C

---- Performing inference on Mmc/147.polyDFE.config.txt
---- No mutation variability. Using Poisson likelihood.


---- Calculating initial values

-- Starting local optimization
-- Optimizing all parameters
  it        eps_an        lambda     theta_bar           S_d             b           p_b           S_b           r 2           r 3           r 4           r 5           r 6           r 7           r 8           r 9          r 10          r 11          r 12          r 13          r 14          r 15          r 16          r 17          r 18          r 19          r 20           ln lk          grad status 
   0           0.1 0.01930148297 0.01135275740        -20000         0.208           0.1            20 0.87244651617 0.73399469946 0.64255543568 0.58411045544 0.56142848746 0.53343166048 0.54285329259 0.53411009323 0.55877577635 0.55638072644 0.60074997743 0.62373597578 0.66271030196 0.75517925123 0.86621870113 1.09949394230 1.57938677724             1             1 -1118823.717067 23212.7108330   -2 
 422 0.00418936031 0.01935861444 0.01018326665 -97.370702703 0.10982117459 0.00810145606 15.8261816763 0.86314228210 0.71776034093 0.61805016919 0.55474539109 0.52645178458 0.49971921598 0.49489943725 0.48702291155 0.49720129171 0.48168558994 0.51557327432 0.51137566507 0.51971928914 0.56532493676 0.58596787415 0.63520756450 0.69032221843 0.76791011292 1.00064760501 -297.3218568651 1.77325556082   -3 
-- Local optimization: stuck in the same solution
---- Best joint likelihood found -297.321856865120935 with gradient 1.77326

---- Results for Mmc/147.polyDFE.config.txt 
--  Model: C
--        eps_an        lambda     theta_bar             a 
-- 0.00418936031 0.01935861444 0.01018326665            -1 
--           S_d             b           p_b           S_b 
-- -97.370702703 0.10982117459 0.00810145606 15.8261816763 
--           r 2           r 3           r 4           r 5           r 6           r 7           r 8           r 9          r 10          r 11          r 12          r 13          r 14          r 15          r 16          r 17          r 18          r 19          r 20 
-- 0.86314228210 0.71776034093 0.61805016919 0.55474539109 0.52645178458 0.49971921598 0.49489943725 0.48702291155 0.49720129171 0.48168558994 0.51557327432 0.51137566507 0.51971928914 0.56532493676 0.58596787415 0.63520756450 0.69032221843 0.76791011292 1.00064760501 

---- Expected P_neut(i), 0 < i < n (neutral SFS per site) 
E[P_neut(1)] = 0.0101423295
E[P_neut(2)] = 0.0043780287
E[P_neut(3)] = 0.0024277688
E[P_neut(4)] = 0.0015684131
E[P_neut(5)] = 0.0011266986
E[P_neut(6)] = 0.0008913403
E[P_neut(7)] = 0.0007256003
E[P_neut(8)] = 0.0006291554
E[P_neut(9)] = 0.0005506134
E[P_neut(10)] = 0.0005063133
E[P_neut(11)] = 0.0004463616
E[P_neut(12)] = 0.0004383246
E[P_neut(13)] = 0.0004019424
E[P_neut(14)] = 0.0003801909
E[P_neut(15)] = 0.0003869157
E[P_neut(16)] = 0.0003779710
E[P_neut(17)] = 0.0003891121
E[P_neut(18)] = 0.0004073161
E[P_neut(19)] = 0.0004525073

---- Expected P_sel(i), 0 < i < n (selected SFS per site) 
E[P_sel(1)] = 0.0072194370
E[P_sel(2)] = 0.0028305665
E[P_sel(3)] = 0.0014962443
E[P_sel(4)] = 0.0009373720
E[P_sel(5)] = 0.0006585997
E[P_sel(6)] = 0.0005121979
E[P_sel(7)] = 0.0004112957
E[P_sel(8)] = 0.0003526652
E[P_sel(9)] = 0.0003058094
E[P_sel(10)] = 0.0002790785
E[P_sel(11)] = 0.0002445332
E[P_sel(12)] = 0.0002390000
E[P_sel(13)] = 0.0002184511
E[P_sel(14)] = 0.0002063024
E[P_sel(15)] = 0.0002100390
E[P_sel(16)] = 0.0002058687
E[P_sel(17)] = 0.0002135973
E[P_sel(18)] = 0.0002273373
E[P_sel(19)] = 0.0002636476

---- Expected D_neut and D_sel (neutral and selected divergence per site) 
E[D_neut] = 0.0198681075
E[D_sel] = 0.0124915271

---- Expected neutral and selected misattributed polymorphism per site
E[mis_neut] = 0.0005094931
E[mis_sel] = 0.0002989108

---- alpha_div = 0.204689
---- alpha_dfe = 0.204795

