---- Running command
---- ./polyDFE -d Mmc/148.polyDFE.config.txt -m C -e 
---- Performing inference using model C

---- Performing inference on Mmc/148.polyDFE.config.txt
---- No mutation variability. Using Poisson likelihood.


---- Calculating initial values

-- Starting local optimization
-- Optimizing all parameters
  it        eps_an        lambda     theta_bar           S_d             b           p_b           S_b           r 2           r 3           r 4           r 5           r 6           r 7           r 8           r 9          r 10          r 11          r 12          r 13          r 14          r 15          r 16          r 17          r 18          r 19          r 20           ln lk          grad status 
   0           0.1 0.01925695975 0.01136266223        -20000         0.208           0.1            20 0.87001568596 0.73446728222 0.64836681107 0.58400898665 0.55760724594 0.54153362239 0.54046527567 0.53431280647 0.55647735328 0.55360836697 0.59383753630 0.62888117264 0.66633724686 0.75789950395 0.86469439798 1.11366102300 1.58017620254             1             1 -1116392.754767 23191.9374941   -2 
 667 0.00134324059 0.01927129904 0.01014645109 -68.715958198 0.13313074418 0.03337102539 5.07590801341 0.86417495747 0.72019194202 0.62458415223 0.55731237526 0.53018954716 0.50999350741 0.49825051975 0.48896727961 0.49689319647 0.48485133202 0.51301791481 0.51824194593 0.52563839697 0.56427538084 0.58701468143 0.64861991775 0.71064995740 0.81065725594 1.09545334537 -277.2397968825 0.06446706465   -8 
-- Local optimization: reached maximum number of likelihood evaluations allowed.
---- Best joint likelihood found -277.239796882582596 with gradient 0.06447

---- Results for Mmc/148.polyDFE.config.txt 
--  Model: C
--        eps_an        lambda     theta_bar             a 
-- 0.00134324059 0.01927129904 0.01014645109            -1 
--           S_d             b           p_b           S_b 
-- -68.715958198 0.13313074418 0.03337102539 5.07590801341 
--           r 2           r 3           r 4           r 5           r 6           r 7           r 8           r 9          r 10          r 11          r 12          r 13          r 14          r 15          r 16          r 17          r 18          r 19          r 20 
-- 0.86417495747 0.72019194202 0.62458415223 0.55731237526 0.53018954716 0.50999350741 0.49825051975 0.48896727961 0.49689319647 0.48485133202 0.51301791481 0.51824194593 0.52563839697 0.56427538084 0.58701468143 0.64861991775 0.71064995740 0.81065725594 1.09545334537 

---- Expected P_neut(i), 0 < i < n (neutral SFS per site) 
E[P_neut(1)] = 0.0101334035
E[P_neut(2)] = 0.0043788036
E[P_neut(3)] = 0.0024330456
E[P_neut(4)] = 0.0015827000
E[P_neut(5)] = 0.0011299421
E[P_neut(6)] = 0.0008958978
E[P_neut(7)] = 0.0007387824
E[P_neut(8)] = 0.0006316681
E[P_neut(9)] = 0.0005511139
E[P_neut(10)] = 0.0005041703
E[P_neut(11)] = 0.0004473689
E[P_neut(12)] = 0.0004340421
E[P_neut(13)] = 0.0004049355
E[P_neut(14)] = 0.0003816472
E[P_neut(15)] = 0.0003826993
E[P_neut(16)] = 0.0003738853
E[P_neut(17)] = 0.0003898807
E[P_neut(18)] = 0.0004059384
E[P_neut(19)] = 0.0004459578

---- Expected P_sel(i), 0 < i < n (selected SFS per site) 
E[P_sel(1)] = 0.0072460380
E[P_sel(2)] = 0.0028153235
E[P_sel(3)] = 0.0014832207
E[P_sel(4)] = 0.0009331244
E[P_sel(5)] = 0.0006508035
E[P_sel(6)] = 0.0005071837
E[P_sel(7)] = 0.0004128222
E[P_sel(8)] = 0.0003495017
E[P_sel(9)] = 0.0003027124
E[P_sel(10)] = 0.0002755225
E[P_sel(11)] = 0.0002437438
E[P_sel(12)] = 0.0002362448
E[P_sel(13)] = 0.0002206405
E[P_sel(14)] = 0.0002086499
E[P_sel(15)] = 0.0002104729
E[P_sel(16)] = 0.0002075008
E[P_sel(17)] = 0.0002192107
E[P_sel(18)] = 0.0002325041
E[P_sel(19)] = 0.0002628716

---- Expected D_neut and D_sel (neutral and selected divergence per site) 
E[D_neut] = 0.0198270472
E[D_sel] = 0.0125011801

---- Expected neutral and selected misattributed polymorphism per site
E[mis_neut] = 0.0005557482
E[mis_sel] = 0.0003358850

---- alpha_div = 0.281734
---- alpha_dfe = 0.281577

