---- Running command
---- ./polyDFE -d Mmc/149.polyDFE.config.txt -m C -e 
---- Performing inference using model C

---- Performing inference on Mmc/149.polyDFE.config.txt
---- No mutation variability. Using Poisson likelihood.


---- Calculating initial values

-- Starting local optimization
-- Optimizing all parameters
  it        eps_an        lambda     theta_bar           S_d             b           p_b           S_b           r 2           r 3           r 4           r 5           r 6           r 7           r 8           r 9          r 10          r 11          r 12          r 13          r 14          r 15          r 16          r 17          r 18          r 19          r 20           ln lk          grad status 
   0           0.1 0.01930464777 0.01134598342        -20000         0.208           0.1            20 0.87303380553 0.73355387174 0.64439623708 0.58034593881 0.55800388576 0.53930050715 0.53535393028 0.52870452747 0.55707137721 0.55480580696 0.59712980167 0.62645747122 0.65943776232 0.75297148437 0.87012703797 1.09835800361 1.56722271097             1             1 -1116102.208727 23166.8137215   -2 
 699 0.00103474246 0.01932831720 0.01013316086 -73.750940086 0.12573689002 0.02441199051 6.41733854055 0.86571504921 0.72065515394 0.62123959353 0.55273348045 0.52755727946 0.50649434677 0.49552978052 0.48440974427 0.49945660368 0.48118797338 0.51661482589 0.51690919248 0.52290077677 0.56024329825 0.59088612070 0.64518084907 0.69877627550 0.82093063614 1.07867220911 -289.6646260319 0.12345844517   -8 
-- Local optimization: reached maximum number of likelihood evaluations allowed.
---- Best joint likelihood found -289.664626031997614 with gradient 0.12346

---- Results for Mmc/149.polyDFE.config.txt 
--  Model: C
--        eps_an        lambda     theta_bar             a 
-- 0.00103474246 0.01932831720 0.01013316086            -1 
--           S_d             b           p_b           S_b 
-- -73.750940086 0.12573689002 0.02441199051 6.41733854055 
--           r 2           r 3           r 4           r 5           r 6           r 7           r 8           r 9          r 10          r 11          r 12          r 13          r 14          r 15          r 16          r 17          r 18          r 19          r 20 
-- 0.86571504921 0.72065515394 0.62123959353 0.55273348045 0.52755727946 0.50649434677 0.49552978052 0.48440974427 0.49945660368 0.48118797338 0.51661482589 0.51690919248 0.52290077677 0.56024329825 0.59088612070 0.64518084907 0.69877627550 0.82093063614 1.07867220911 

---- Expected P_neut(i), 0 < i < n (neutral SFS per site) 
E[P_neut(1)] = 0.0101231287
E[P_neut(2)] = 0.0043820834
E[P_neut(3)] = 0.0024320507
E[P_neut(4)] = 0.0015725389
E[P_neut(5)] = 0.0011194200
E[P_neut(6)] = 0.0008904402
E[P_neut(7)] = 0.0007328566
E[P_neut(8)] = 0.0006274623
E[P_neut(9)] = 0.0005452945
E[P_neut(10)] = 0.0005061074
E[P_neut(11)] = 0.0004433743
E[P_neut(12)] = 0.0004364432
E[P_neut(13)] = 0.0004032590
E[P_neut(14)] = 0.0003790044
E[P_neut(15)] = 0.0003792365
E[P_neut(16)] = 0.0003754627
E[P_neut(17)] = 0.0003866927
E[P_neut(18)] = 0.0003975100
E[P_neut(19)] = 0.0004478544

---- Expected P_sel(i), 0 < i < n (selected SFS per site) 
E[P_sel(1)] = 0.0072439751
E[P_sel(2)] = 0.0028279421
E[P_sel(3)] = 0.0014904046
E[P_sel(4)] = 0.0009326878
E[P_sel(5)] = 0.0006487895
E[P_sel(6)] = 0.0005072492
E[P_sel(7)] = 0.0004119739
E[P_sel(8)] = 0.0003491124
E[P_sel(9)] = 0.0003010082
E[P_sel(10)] = 0.0002777503
E[P_sel(11)] = 0.0002423709
E[P_sel(12)] = 0.0002380940
E[P_sel(13)] = 0.0002199702
E[P_sel(14)] = 0.0002071663
E[P_sel(15)] = 0.0002082412
E[P_sel(16)] = 0.0002077544
E[P_sel(17)] = 0.0002164814
E[P_sel(18)] = 0.0002264528
E[P_sel(19)] = 0.0002623397

---- Expected D_neut and D_sel (neutral and selected divergence per site) 
E[D_neut] = 0.0198748352
E[D_sel] = 0.0125359245

---- Expected neutral and selected misattributed polymorphism per site
E[mis_neut] = 0.0005465180
E[mis_sel] = 0.0003289893

---- alpha_div = 0.256341
---- alpha_dfe = 0.256101

