---- Running command
---- ./polyDFE -d Mmc/15.polyDFE.config.txt -m C -e 
---- Performing inference using model C

---- Performing inference on Mmc/15.polyDFE.config.txt
---- No mutation variability. Using Poisson likelihood.


---- Calculating initial values

-- Starting local optimization
-- Optimizing all parameters
  it        eps_an        lambda     theta_bar           S_d             b           p_b           S_b           r 2           r 3           r 4           r 5           r 6           r 7           r 8           r 9          r 10          r 11          r 12          r 13          r 14          r 15          r 16          r 17          r 18          r 19          r 20           ln lk          grad status 
   0           0.1 0.01926748924 0.01138405487        -20000         0.208           0.1            20 0.87169072441 0.73086554951 0.64237459985 0.58149249530 0.55668577489 0.53791740828 0.53808330574 0.52726245724 0.55477426997 0.55087762436 0.59571594196 0.62431110964 0.66422731780 0.75308033172 0.86946586542 1.10640546506 1.57514642174             1             1 -1115712.226261 23136.6644803   -2 
 348 0.00277657946 0.01932568371 0.01019458893 -87.456201349 0.11552766995 0.01332088122 10.5827644332 0.86417252324 0.71599650173 0.61857567587 0.55141059922 0.52675885434 0.50461012492 0.49242852367 0.48197949447 0.49588838110 0.47922751494 0.51039963308 0.51257363297 0.51688529983 0.56060705499 0.59166030435 0.64265285440 0.69628884548 0.78012702603 1.00097127384 -284.4933188768 1.65125876039   -3 
-- Local optimization: stuck in the same solution
---- Best joint likelihood found -284.493318876833655 with gradient 1.65126

---- Results for Mmc/15.polyDFE.config.txt 
--  Model: C
--        eps_an        lambda     theta_bar             a 
-- 0.00277657946 0.01932568371 0.01019458893            -1 
--           S_d             b           p_b           S_b 
-- -87.456201349 0.11552766995 0.01332088122 10.5827644332 
--           r 2           r 3           r 4           r 5           r 6           r 7           r 8           r 9          r 10          r 11          r 12          r 13          r 14          r 15          r 16          r 17          r 18          r 19          r 20 
-- 0.86417252324 0.71599650173 0.61857567587 0.55141059922 0.52675885434 0.50461012492 0.49242852367 0.48197949447 0.49588838110 0.47922751494 0.51039963308 0.51257363297 0.51688529983 0.56060705499 0.59166030435 0.64265285440 0.69628884548 0.78012702603 1.00097127384 

---- Expected P_neut(i), 0 < i < n (neutral SFS per site) 
E[P_neut(1)] = 0.0101674451
E[P_neut(2)] = 0.0043938061
E[P_neut(3)] = 0.0024274110
E[P_neut(4)] = 0.0015732005
E[P_neut(5)] = 0.0011222171
E[P_neut(6)] = 0.0008935750
E[P_neut(7)] = 0.0007339745
E[P_neut(8)] = 0.0006269749
E[P_neut(9)] = 0.0005456709
E[P_neut(10)] = 0.0005055378
E[P_neut(11)] = 0.0004444216
E[P_neut(12)] = 0.0004341479
E[P_neut(13)] = 0.0004028842
E[P_neut(14)] = 0.0003778281
E[P_neut(15)] = 0.0003830743
E[P_neut(16)] = 0.0003803140
E[P_neut(17)] = 0.0003910728
E[P_neut(18)] = 0.0004054901
E[P_neut(19)] = 0.0004457267

---- Expected P_sel(i), 0 < i < n (selected SFS per site) 
E[P_sel(1)] = 0.0072478373
E[P_sel(2)] = 0.0028368286
E[P_sel(3)] = 0.0014917182
E[P_sel(4)] = 0.0009367941
E[P_sel(5)] = 0.0006533367
E[P_sel(6)] = 0.0005113610
E[P_sel(7)] = 0.0004143726
E[P_sel(8)] = 0.0003501387
E[P_sel(9)] = 0.0003020847
E[P_sel(10)] = 0.0002779345
E[P_sel(11)] = 0.0002430515
E[P_sel(12)] = 0.0002365677
E[P_sel(13)] = 0.0002191042
E[P_sel(14)] = 0.0002054715
E[P_sel(15)] = 0.0002087966
E[P_sel(16)] = 0.0002084077
E[P_sel(17)] = 0.0002164162
E[P_sel(18)] = 0.0002283578
E[P_sel(19)] = 0.0002604468

---- Expected D_neut and D_sel (neutral and selected divergence per site) 
E[D_neut] = 0.0198359082
E[D_sel] = 0.0125257387

---- Expected neutral and selected misattributed polymorphism per site
E[mis_neut] = 0.0005102245
E[mis_sel] = 0.0003035784

---- alpha_div = 0.225778
---- alpha_dfe = 0.225778

