---- Running command
---- ./polyDFE -d Mmc/150.polyDFE.config.txt -m C -e 
---- Performing inference using model C

---- Performing inference on Mmc/150.polyDFE.config.txt
---- No mutation variability. Using Poisson likelihood.


---- Calculating initial values

-- Starting local optimization
-- Optimizing all parameters
  it        eps_an        lambda     theta_bar           S_d             b           p_b           S_b           r 2           r 3           r 4           r 5           r 6           r 7           r 8           r 9          r 10          r 11          r 12          r 13          r 14          r 15          r 16          r 17          r 18          r 19          r 20           ln lk          grad status 
   0           0.1 0.01929136386 0.01136247769        -20000         0.208           0.1            20 0.86962377437 0.73896941270 0.64472228164 0.58415104454 0.55277730388 0.53492642924 0.53676935632 0.53724472766 0.55308962534 0.55235762634 0.59103376198 0.61734603226 0.66455148871 0.75475181960 0.86803920992 1.11794851685 1.57995011042             1             1 -1118478.800205 23189.4259704   -2 
 744 0.00078834733 0.01933300023 0.01014699310 -84.148715818 0.11675152582 0.01403337219 10.0983144483 0.86267863244 0.72310052507 0.62046493228 0.55483481655 0.52473107529 0.50465547546 0.49540443895 0.48749981051 0.49796060613 0.48456955374 0.51201328551 0.51629831458 0.52580877345 0.56322947765 0.59161834188 0.64621617005 0.71445067357 0.81928430079 1.04077969052 -283.7665819849 0.06461881973   -3 
-- Local optimization: stuck in the same solution
---- Best joint likelihood found -283.766581984949880 with gradient 0.06462

---- Results for Mmc/150.polyDFE.config.txt 
--  Model: C
--        eps_an        lambda     theta_bar             a 
-- 0.00078834733 0.01933300023 0.01014699310            -1 
--           S_d             b           p_b           S_b 
-- -84.148715818 0.11675152582 0.01403337219 10.0983144483 
--           r 2           r 3           r 4           r 5           r 6           r 7           r 8           r 9          r 10          r 11          r 12          r 13          r 14          r 15          r 16          r 17          r 18          r 19          r 20 
-- 0.86267863244 0.72310052507 0.62046493228 0.55483481655 0.52473107529 0.50465547546 0.49540443895 0.48749981051 0.49796060613 0.48456955374 0.51201328551 0.51629831458 0.52580877345 0.56322947765 0.59161834188 0.64621617005 0.71445067357 0.81928430079 1.04077969052 

---- Expected P_neut(i), 0 < i < n (neutral SFS per site) 
E[P_neut(1)] = 0.0101393387
E[P_neut(2)] = 0.0043736641
E[P_neut(3)] = 0.0024441413
E[P_neut(4)] = 0.0015730183
E[P_neut(5)] = 0.0011253937
E[P_neut(6)] = 0.0008870080
E[P_neut(7)] = 0.0007312747
E[P_neut(8)] = 0.0006282041
E[P_neut(9)] = 0.0005495477
E[P_neut(10)] = 0.0005052803
E[P_neut(11)] = 0.0004470740
E[P_neut(12)] = 0.0004331037
E[P_neut(13)] = 0.0004032494
E[P_neut(14)] = 0.0003814976
E[P_neut(15)] = 0.0003815930
E[P_neut(16)] = 0.0003761417
E[P_neut(17)] = 0.0003873388
E[P_neut(18)] = 0.0004058844
E[P_neut(19)] = 0.0004451951

---- Expected P_sel(i), 0 < i < n (selected SFS per site) 
E[P_sel(1)] = 0.0072413996
E[P_sel(2)] = 0.0028276109
E[P_sel(3)] = 0.0015034786
E[P_sel(4)] = 0.0009374014
E[P_sel(5)] = 0.0006555949
E[P_sel(6)] = 0.0005078727
E[P_sel(7)] = 0.0004130458
E[P_sel(8)] = 0.0003509838
E[P_sel(9)] = 0.0003043667
E[P_sel(10)] = 0.0002779210
E[P_sel(11)] = 0.0002446222
E[P_sel(12)] = 0.0002361252
E[P_sel(13)] = 0.0002194303
E[P_sel(14)] = 0.0002075937
E[P_sel(15)] = 0.0002081195
E[P_sel(16)] = 0.0002062226
E[P_sel(17)] = 0.0002143515
E[P_sel(18)] = 0.0002281718
E[P_sel(19)] = 0.0002576464

---- Expected D_neut and D_sel (neutral and selected divergence per site) 
E[D_neut] = 0.0198610394
E[D_sel] = 0.0125360147

---- Expected neutral and selected misattributed polymorphism per site
E[mis_neut] = 0.0005280392
E[mis_sel] = 0.0003145236

---- alpha_div = 0.227464
---- alpha_dfe = 0.227329

