---- Running command
---- ./polyDFE -d Mmc/151.polyDFE.config.txt -m C -e 
---- Performing inference using model C

---- Performing inference on Mmc/151.polyDFE.config.txt
---- No mutation variability. Using Poisson likelihood.


---- Calculating initial values

-- Starting local optimization
-- Optimizing all parameters
  it        eps_an        lambda     theta_bar           S_d             b           p_b           S_b           r 2           r 3           r 4           r 5           r 6           r 7           r 8           r 9          r 10          r 11          r 12          r 13          r 14          r 15          r 16          r 17          r 18          r 19          r 20           ln lk          grad status 
   0           0.1 0.01926597072 0.01131642702        -20000         0.208           0.1            20 0.87971988759 0.74068265834 0.64359119123 0.58432897434 0.55872411834 0.53826544367 0.53509595240 0.52804941755 0.55173023119 0.55430761249 0.59303948036 0.62796835807 0.66397937614 0.74623425880 0.85792191800 1.11492923397 1.58591962308             1             1 -1115217.454598 23123.0302838   -2 
 997 0.00050336358 0.01922296112 0.01011337327 -70.032537387 0.13140458812 0.03731066431 4.52129163176 0.86827746440 0.72390761640 0.62203231562 0.55722088597 0.52828548069 0.50761675844 0.49431879211 0.48553631040 0.49262046197 0.48408137138 0.51453071550 0.51585289180 0.52852186247 0.55722904311 0.58239838938 0.64759209431 0.70571881436 0.82173988365 1.21208746609 -275.3593494514 0.02913230169   -3 
-- Local optimization: stuck in the same solution
---- Best joint likelihood found -275.359349451449816 with gradient 0.02913

---- Results for Mmc/151.polyDFE.config.txt 
--  Model: C
--        eps_an        lambda     theta_bar             a 
-- 0.00050336358 0.01922296112 0.01011337327            -1 
--           S_d             b           p_b           S_b 
-- -70.032537387 0.13140458812 0.03731066431 4.52129163176 
--           r 2           r 3           r 4           r 5           r 6           r 7           r 8           r 9          r 10          r 11          r 12          r 13          r 14          r 15          r 16          r 17          r 18          r 19          r 20 
-- 0.86827746440 0.72390761640 0.62203231562 0.55722088597 0.52828548069 0.50761675844 0.49431879211 0.48553631040 0.49262046197 0.48408137138 0.51453071550 0.51585289180 0.52852186247 0.55722904311 0.58239838938 0.64759209431 0.70571881436 0.82173988365 1.21208746609 

---- Expected P_neut(i), 0 < i < n (neutral SFS per site) 
E[P_neut(1)] = 0.0101085027
E[P_neut(2)] = 0.0043885966
E[P_neut(3)] = 0.0024393482
E[P_neut(4)] = 0.0015721049
E[P_neut(5)] = 0.0011266983
E[P_neut(6)] = 0.0008902020
E[P_neut(7)] = 0.0007332211
E[P_neut(8)] = 0.0006248075
E[P_neut(9)] = 0.0005455505
E[P_neut(10)] = 0.0004982055
E[P_neut(11)] = 0.0004451138
E[P_neut(12)] = 0.0004337330
E[P_neut(13)] = 0.0004014758
E[P_neut(14)] = 0.0003820517
E[P_neut(15)] = 0.0003760759
E[P_neut(16)] = 0.0003687321
E[P_neut(17)] = 0.0003862898
E[P_neut(18)] = 0.0003985215
E[P_neut(19)] = 0.0004422685

---- Expected P_sel(i), 0 < i < n (selected SFS per site) 
E[P_sel(1)] = 0.0072465448
E[P_sel(2)] = 0.0028342507
E[P_sel(3)] = 0.0014955521
E[P_sel(4)] = 0.0009330114
E[P_sel(5)] = 0.0006537120
E[P_sel(6)] = 0.0005079936
E[P_sel(7)] = 0.0004132332
E[P_sel(8)] = 0.0003488606
E[P_sel(9)] = 0.0003025421
E[P_sel(10)] = 0.0002750131
E[P_sel(11)] = 0.0002450718
E[P_sel(12)] = 0.0002386599
E[P_sel(13)] = 0.0002212244
E[P_sel(14)] = 0.0002112826
E[P_sel(15)] = 0.0002092458
E[P_sel(16)] = 0.0002070106
E[P_sel(17)] = 0.0002196010
E[P_sel(18)] = 0.0002304706
E[P_sel(19)] = 0.0002620240

---- Expected D_neut and D_sel (neutral and selected divergence per site) 
E[D_neut] = 0.0198358758
E[D_sel] = 0.0125434808

---- Expected neutral and selected misattributed polymorphism per site
E[mis_neut] = 0.0006129146
E[mis_sel] = 0.0003730686

---- alpha_div = 0.282894
---- alpha_dfe = 0.282567

