---- Running command
---- ./polyDFE -d Mmc/152.polyDFE.config.txt -m C -e 
---- Performing inference using model C

---- Performing inference on Mmc/152.polyDFE.config.txt
---- No mutation variability. Using Poisson likelihood.


---- Calculating initial values

-- Starting local optimization
-- Optimizing all parameters
  it        eps_an        lambda     theta_bar           S_d             b           p_b           S_b           r 2           r 3           r 4           r 5           r 6           r 7           r 8           r 9          r 10          r 11          r 12          r 13          r 14          r 15          r 16          r 17          r 18          r 19          r 20           ln lk          grad status 
   0           0.1 0.01932406981 0.01130405400        -20000         0.208           0.1            20 0.87416968681 0.74200873867 0.64863028654 0.58204651329 0.56199136717 0.54665099582 0.54145390884 0.53962500904 0.56000101014 0.55724628932 0.59273198419 0.62920688582 0.67169863561 0.75544128491 0.86593424477 1.11224949143 1.58422610024             1             1 -1116332.905374 23183.6357991   -2 
 715 0.00070551256 0.01936693177 0.01009245695 -66.549911784 0.13206750700 0.02920928679 5.68199578859 0.86592945281 0.72882492983 0.62350382265 0.55723113558 0.53718935542 0.51326726794 0.49777649604 0.49148241508 0.49926285295 0.48685011546 0.51373651297 0.52065345352 0.52956491976 0.56290615504 0.59189976280 0.64659528746 0.70885077258 0.82938388899 1.03550592784 -274.1619997231 0.06805936022   -3 
-- Local optimization: stuck in the same solution
---- Best joint likelihood found -274.161999723175541 with gradient 0.06806

---- Results for Mmc/152.polyDFE.config.txt 
--  Model: C
--        eps_an        lambda     theta_bar             a 
-- 0.00070551256 0.01936693177 0.01009245695            -1 
--           S_d             b           p_b           S_b 
-- -66.549911784 0.13206750700 0.02920928679 5.68199578859 
--           r 2           r 3           r 4           r 5           r 6           r 7           r 8           r 9          r 10          r 11          r 12          r 13          r 14          r 15          r 16          r 17          r 18          r 19          r 20 
-- 0.86592945281 0.72882492983 0.62350382265 0.55723113558 0.53718935542 0.51326726794 0.49777649604 0.49148241508 0.49926285295 0.48685011546 0.51373651297 0.52065345352 0.52956491976 0.56290615504 0.59189976280 0.64659528746 0.70885077258 0.82938388899 1.03550592784 

---- Expected P_neut(i), 0 < i < n (neutral SFS per site) 
E[P_neut(1)] = 0.0100856474
E[P_neut(2)] = 0.0043668754
E[P_neut(3)] = 0.0024504191
E[P_neut(4)] = 0.0015723249
E[P_neut(5)] = 0.0011242399
E[P_neut(6)] = 0.0009032252
E[P_neut(7)] = 0.0007397813
E[P_neut(8)] = 0.0006278353
E[P_neut(9)] = 0.0005510669
E[P_neut(10)] = 0.0005038789
E[P_neut(11)] = 0.0004467568
E[P_neut(12)] = 0.0004322102
E[P_neut(13)] = 0.0004044425
E[P_neut(14)] = 0.0003821261
E[P_neut(15)] = 0.0003792667
E[P_neut(16)] = 0.0003742042
E[P_neut(17)] = 0.0003853258
E[P_neut(18)] = 0.0004002495
E[P_neut(19)] = 0.0004473633

---- Expected P_sel(i), 0 < i < n (selected SFS per site) 
E[P_sel(1)] = 0.0072362783
E[P_sel(2)] = 0.0028177898
E[P_sel(3)] = 0.0014989738
E[P_sel(4)] = 0.0009299747
E[P_sel(5)] = 0.0006493942
E[P_sel(6)] = 0.0005126362
E[P_sel(7)] = 0.0004142782
E[P_sel(8)] = 0.0003479921
E[P_sel(9)] = 0.0003030841
E[P_sel(10)] = 0.0002755928
E[P_sel(11)] = 0.0002434886
E[P_sel(12)] = 0.0002351957
E[P_sel(13)] = 0.0002201978
E[P_sel(14)] = 0.0002086245
E[P_sel(15)] = 0.0002081769
E[P_sel(16)] = 0.0002071537
E[P_sel(17)] = 0.0002159937
E[P_sel(18)] = 0.0002284223
E[P_sel(19)] = 0.0002622905

---- Expected D_neut and D_sel (neutral and selected divergence per site) 
E[D_neut] = 0.0198894717
E[D_sel] = 0.0125622248

---- Expected neutral and selected misattributed polymorphism per site
E[mis_neut] = 0.0005225400
E[mis_sel] = 0.0003154476

---- alpha_div = 0.273079
---- alpha_dfe = 0.273058

