---- Running command
---- ./polyDFE -d Mmc/153.polyDFE.config.txt -m C -e 
---- Performing inference using model C

---- Performing inference on Mmc/153.polyDFE.config.txt
---- No mutation variability. Using Poisson likelihood.


---- Calculating initial values

-- Starting local optimization
-- Optimizing all parameters
  it        eps_an        lambda     theta_bar           S_d             b           p_b           S_b           r 2           r 3           r 4           r 5           r 6           r 7           r 8           r 9          r 10          r 11          r 12          r 13          r 14          r 15          r 16          r 17          r 18          r 19          r 20           ln lk          grad status 
   0           0.1 0.01925946539 0.01136352757        -20000         0.208           0.1            20 0.86975098117 0.73623892602 0.64805531617 0.58264607650 0.56054999091 0.54328466962 0.53420951353 0.52932417628 0.55112245709 0.55169240849 0.59500433643 0.62693661495 0.66355436535 0.75275899439 0.86838455085 1.11547340933 1.57321422648             1             1 -1115169.969691 23154.8701821   -2 
 492 0.00292591047 0.01929419160 0.01017091469 -73.973817204 0.12543271247 0.02121742597 7.37540689478 0.86157403921 0.72022896469 0.62283996068 0.55725570008 0.52822561887 0.51122962066 0.49232175309 0.48518912200 0.49310471708 0.48164163367 0.51431820636 0.51546891736 0.52183556498 0.55810853618 0.59123629201 0.63994413808 0.69284837598 0.77723114618 1.04825406773 -283.9739657467 0.41515998941   -8 
-- Local optimization: reached maximum number of likelihood evaluations allowed.
---- Best joint likelihood found -283.973965746743488 with gradient 0.41516

---- Results for Mmc/153.polyDFE.config.txt 
--  Model: C
--        eps_an        lambda     theta_bar             a 
-- 0.00292591047 0.01929419160 0.01017091469            -1 
--           S_d             b           p_b           S_b 
-- -73.973817204 0.12543271247 0.02121742597 7.37540689478 
--           r 2           r 3           r 4           r 5           r 6           r 7           r 8           r 9          r 10          r 11          r 12          r 13          r 14          r 15          r 16          r 17          r 18          r 19          r 20 
-- 0.86157403921 0.72022896469 0.62283996068 0.55725570008 0.52822561887 0.51122962066 0.49232175309 0.48518912200 0.49310471708 0.48164163367 0.51431820636 0.51546891736 0.52183556498 0.55810853618 0.59123629201 0.63994413808 0.69284837598 0.77723114618 1.04825406773 

---- Expected P_neut(i), 0 < i < n (neutral SFS per site) 
E[P_neut(1)] = 0.0101423729
E[P_neut(2)] = 0.0043698236
E[P_neut(3)] = 0.0024357716
E[P_neut(4)] = 0.0015801789
E[P_neut(5)] = 0.0011313506
E[P_neut(6)] = 0.0008939123
E[P_neut(7)] = 0.0007418170
E[P_neut(8)] = 0.0006253644
E[P_neut(9)] = 0.0005480117
E[P_neut(10)] = 0.0005015326
E[P_neut(11)] = 0.0004456409
E[P_neut(12)] = 0.0004364798
E[P_neut(13)] = 0.0004042850
E[P_neut(14)] = 0.0003806210
E[P_neut(15)] = 0.0003806411
E[P_neut(16)] = 0.0003793725
E[P_neut(17)] = 0.0003888958
E[P_neut(18)] = 0.0004031689
E[P_neut(19)] = 0.0004446024

---- Expected P_sel(i), 0 < i < n (selected SFS per site) 
E[P_sel(1)] = 0.0072486459
E[P_sel(2)] = 0.0028151112
E[P_sel(3)] = 0.0014895219
E[P_sel(4)] = 0.0009349092
E[P_sel(5)] = 0.0006538648
E[P_sel(6)] = 0.0005076237
E[P_sel(7)] = 0.0004155500
E[P_sel(8)] = 0.0003465976
E[P_sel(9)] = 0.0003012211
E[P_sel(10)] = 0.0002739586
E[P_sel(11)] = 0.0002423757
E[P_sel(12)] = 0.0002368070
E[P_sel(13)] = 0.0002192288
E[P_sel(14)] = 0.0002067439
E[P_sel(15)] = 0.0002076383
E[P_sel(16)] = 0.0002085222
E[P_sel(17)] = 0.0002163648
E[P_sel(18)] = 0.0002287049
E[P_sel(19)] = 0.0002615285

---- Expected D_neut and D_sel (neutral and selected divergence per site) 
E[D_neut] = 0.0198272767
E[D_sel] = 0.0125192688

---- Expected neutral and selected misattributed polymorphism per site
E[mis_neut] = 0.0005330851
E[mis_sel] = 0.0003196411

---- alpha_div = 0.253695
---- alpha_dfe = 0.253723

