---- Running command
---- ./polyDFE -d Mmc/154.polyDFE.config.txt -m C -e 
---- Performing inference using model C

---- Performing inference on Mmc/154.polyDFE.config.txt
---- No mutation variability. Using Poisson likelihood.


---- Calculating initial values

-- Starting local optimization
-- Optimizing all parameters
  it        eps_an        lambda     theta_bar           S_d             b           p_b           S_b           r 2           r 3           r 4           r 5           r 6           r 7           r 8           r 9          r 10          r 11          r 12          r 13          r 14          r 15          r 16          r 17          r 18          r 19          r 20           ln lk          grad status 
   0           0.1 0.01929526714 0.01137009041        -20000         0.208           0.1            20 0.87151430121 0.73745221467 0.64640751369 0.58235426729 0.56105995676 0.53928618602 0.53828543108 0.53497516689 0.55182260268 0.55869105951 0.59423205964 0.62143650109 0.66906953218 0.75111187025 0.86108163749 1.10371840507 1.58498760020             1             1 -1115880.043592 23152.4614015   -2 
1005 0.00072000253 0.01925610687 0.01014681001 -74.729199004 0.12675800987 0.02768473447 5.79100959069 0.86604872973 0.72332884074 0.62319067757 0.55660176340 0.52830974042 0.50782186950 0.49684360869 0.48856738961 0.49714027305 0.48936164943 0.51319114097 0.51893424874 0.52598183604 0.55749692084 0.59122950237 0.64603749318 0.70527698576 0.81849638047 1.20273135056 -290.4058893159 0.02488395283   -8 
-- Local optimization: reached maximum number of likelihood evaluations allowed.
---- Best joint likelihood found -290.405889315923559 with gradient 0.02488

---- Results for Mmc/154.polyDFE.config.txt 
--  Model: C
--        eps_an        lambda     theta_bar             a 
-- 0.00072000253 0.01925610687 0.01014681001            -1 
--           S_d             b           p_b           S_b 
-- -74.729199004 0.12675800987 0.02768473447 5.79100959069 
--           r 2           r 3           r 4           r 5           r 6           r 7           r 8           r 9          r 10          r 11          r 12          r 13          r 14          r 15          r 16          r 17          r 18          r 19          r 20 
-- 0.86604872973 0.72332884074 0.62319067757 0.55660176340 0.52830974042 0.50782186950 0.49684360869 0.48856738961 0.49714027305 0.48936164943 0.51319114097 0.51893424874 0.52598183604 0.55749692084 0.59122950237 0.64603749318 0.70527698576 0.81849638047 1.20273135056 

---- Expected P_neut(i), 0 < i < n (neutral SFS per site) 
E[P_neut(1)] = 0.0101398190
E[P_neut(2)] = 0.0043909387
E[P_neut(3)] = 0.0024450096
E[P_neut(4)] = 0.0015799811
E[P_neut(5)] = 0.0011290047
E[P_neut(6)] = 0.0008930743
E[P_neut(7)] = 0.0007358719
E[P_neut(8)] = 0.0006300309
E[P_neut(9)] = 0.0005507507
E[P_neut(10)] = 0.0005044388
E[P_neut(11)] = 0.0004514770
E[P_neut(12)] = 0.0004340790
E[P_neut(13)] = 0.0004052789
E[P_neut(14)] = 0.0003815858
E[P_neut(15)] = 0.0003776628
E[P_neut(16)] = 0.0003758116
E[P_neut(17)] = 0.0003870850
E[P_neut(18)] = 0.0004004502
E[P_neut(19)] = 0.0004441030

---- Expected P_sel(i), 0 < i < n (selected SFS per site) 
E[P_sel(1)] = 0.0072435690
E[P_sel(2)] = 0.0028282538
E[P_sel(3)] = 0.0014955862
E[P_sel(4)] = 0.0009355253
E[P_sel(5)] = 0.0006533841
E[P_sel(6)] = 0.0005081327
E[P_sel(7)] = 0.0004132882
E[P_sel(8)] = 0.0003503336
E[P_sel(9)] = 0.0003039497
E[P_sel(10)] = 0.0002768806
E[P_sel(11)] = 0.0002469481
E[P_sel(12)] = 0.0002370571
E[P_sel(13)] = 0.0002214182
E[P_sel(14)] = 0.0002090122
E[P_sel(15)] = 0.0002079184
E[P_sel(16)] = 0.0002085893
E[P_sel(17)] = 0.0002174431
E[P_sel(18)] = 0.0002288880
E[P_sel(19)] = 0.0002606015

---- Expected D_neut and D_sel (neutral and selected divergence per site) 
E[D_neut] = 0.0198663012
E[D_sel] = 0.0125332828

---- Expected neutral and selected misattributed polymorphism per site
E[mis_neut] = 0.0006101943
E[mis_sel] = 0.0003683481

---- alpha_div = 0.263893
---- alpha_dfe = 0.263683

