---- Running command
---- ./polyDFE -d Mmc/155.polyDFE.config.txt -m C -e 
---- Performing inference using model C

---- Performing inference on Mmc/155.polyDFE.config.txt
---- No mutation variability. Using Poisson likelihood.


---- Calculating initial values

-- Starting local optimization
-- Optimizing all parameters
  it        eps_an        lambda     theta_bar           S_d             b           p_b           S_b           r 2           r 3           r 4           r 5           r 6           r 7           r 8           r 9          r 10          r 11          r 12          r 13          r 14          r 15          r 16          r 17          r 18          r 19          r 20           ln lk          grad status 
   0           0.1 0.01930132011 0.01134486648        -20000         0.208           0.1            20 0.87059908008 0.73511271344 0.64157405920 0.57802670150 0.55722537342 0.54432628650 0.54083263722 0.53430243452 0.55250281190 0.55571803947 0.58892437998 0.62624167511 0.66643368793 0.74544665415 0.86581626255 1.11786705541 1.58287205437             1             1 -1119288.963583 23199.5901970   -2 
 586 0.00175243610 0.01934553598 0.01013707191 -75.282783783 0.12241006239 0.02029766339 7.37686322672 0.86353125835 0.72177511142 0.61760334093 0.55239301088 0.52996285865 0.50909607043 0.49917065446 0.48560928699 0.49683309484 0.48538383423 0.50798720802 0.51676241358 0.52328540239 0.55753846617 0.58719610696 0.64887464155 0.70904944854 0.80417250643 1.03897413064 -275.1639211520 0.19767341086   -3 
-- Local optimization: stuck in the same solution
---- Best joint likelihood found -275.163921152008697 with gradient 0.19767

---- Results for Mmc/155.polyDFE.config.txt 
--  Model: C
--        eps_an        lambda     theta_bar             a 
-- 0.00175243610 0.01934553598 0.01013707191            -1 
--           S_d             b           p_b           S_b 
-- -75.282783783 0.12241006239 0.02029766339 7.37686322672 
--           r 2           r 3           r 4           r 5           r 6           r 7           r 8           r 9          r 10          r 11          r 12          r 13          r 14          r 15          r 16          r 17          r 18          r 19          r 20 
-- 0.86353125835 0.72177511142 0.61760334093 0.55239301088 0.52996285865 0.50909607043 0.49917065446 0.48560928699 0.49683309484 0.48538383423 0.50798720802 0.51676241358 0.52328540239 0.55753846617 0.58719610696 0.64887464155 0.70904944854 0.80417250643 1.03897413064 

---- Expected P_neut(i), 0 < i < n (neutral SFS per site) 
E[P_neut(1)] = 0.0101200592
E[P_neut(2)] = 0.0043698689
E[P_neut(3)] = 0.0024352995
E[P_neut(4)] = 0.0015630815
E[P_neut(5)] = 0.0011186272
E[P_neut(6)] = 0.0008944735
E[P_neut(7)] = 0.0007366632
E[P_neut(8)] = 0.0006321597
E[P_neut(9)] = 0.0005467872
E[P_neut(10)] = 0.0005036433
E[P_neut(11)] = 0.0004474811
E[P_neut(12)] = 0.0004294817
E[P_neut(13)] = 0.0004035441
E[P_neut(14)] = 0.0003798038
E[P_neut(15)] = 0.0003780895
E[P_neut(16)] = 0.0003741190
E[P_neut(17)] = 0.0003905188
E[P_neut(18)] = 0.0004062862
E[P_neut(19)] = 0.0004460629

---- Expected P_sel(i), 0 < i < n (selected SFS per site) 
E[P_sel(1)] = 0.0072552362
E[P_sel(2)] = 0.0028296037
E[P_sel(3)] = 0.0014985050
E[P_sel(4)] = 0.0009311730
E[P_sel(5)] = 0.0006512613
E[P_sel(6)] = 0.0005118299
E[P_sel(7)] = 0.0004159057
E[P_sel(8)] = 0.0003531605
E[P_sel(9)] = 0.0003029621
E[P_sel(10)] = 0.0002773169
E[P_sel(11)] = 0.0002453067
E[P_sel(12)] = 0.0002348216
E[P_sel(13)] = 0.0002204733
E[P_sel(14)] = 0.0002077786
E[P_sel(15)] = 0.0002076222
E[P_sel(16)] = 0.0002068595
E[P_sel(17)] = 0.0002183229
E[P_sel(18)] = 0.0002311230
E[P_sel(19)] = 0.0002616038

---- Expected D_neut and D_sel (neutral and selected divergence per site) 
E[D_neut] = 0.0198721438
E[D_sel] = 0.0125378345

---- Expected neutral and selected misattributed polymorphism per site
E[mis_neut] = 0.0005266078
E[mis_sel] = 0.0003162530

---- alpha_div = 0.243279
---- alpha_dfe = 0.242979

