---- Running command
---- ./polyDFE -d Mmc/156.polyDFE.config.txt -m C -e 
---- Performing inference using model C

---- Performing inference on Mmc/156.polyDFE.config.txt
---- No mutation variability. Using Poisson likelihood.


---- Calculating initial values

-- Starting local optimization
-- Optimizing all parameters
  it        eps_an        lambda     theta_bar           S_d             b           p_b           S_b           r 2           r 3           r 4           r 5           r 6           r 7           r 8           r 9          r 10          r 11          r 12          r 13          r 14          r 15          r 16          r 17          r 18          r 19          r 20           ln lk          grad status 
   0           0.1 0.01926593535 0.01135278814        -20000         0.208           0.1            20 0.87167876729 0.73863895473 0.64352450532 0.58623604816 0.55679188601 0.54226950507 0.53428160656 0.53324911955 0.55576978379 0.55404154240 0.58898837153 0.62677159164  0.6554111486 0.74704127180 0.86649046664 1.11073103934 1.57918871755             1             1 -1116828.534844 23154.7498710   -2 
 625 0.00053619704 0.01930290203 0.01014216505 -76.575904930 0.12415192669 0.02502490173 6.22062508902 0.86203255298 0.72268590769 0.62023722080 0.55748829325 0.53025760556 0.50947941699 0.49477526830 0.48845790512 0.49716376389 0.48258578630 0.51236741204 0.51677330394 0.52049897923 0.55053846726 0.58976665772 0.65038889127 0.70761525535 0.82139752745 1.05123274380 -273.6222668266 0.08725370431   -3 
-- Local optimization: stuck in the same solution
---- Best joint likelihood found -273.622266826641862 with gradient 0.08725

---- Results for Mmc/156.polyDFE.config.txt 
--  Model: C
--        eps_an        lambda     theta_bar             a 
-- 0.00053619704 0.01930290203 0.01014216505            -1 
--           S_d             b           p_b           S_b 
-- -76.575904930 0.12415192669 0.02502490173 6.22062508902 
--           r 2           r 3           r 4           r 5           r 6           r 7           r 8           r 9          r 10          r 11          r 12          r 13          r 14          r 15          r 16          r 17          r 18          r 19          r 20 
-- 0.86203255298 0.72268590769 0.62023722080 0.55748829325 0.53025760556 0.50947941699 0.49477526830 0.48845790512 0.49716376389 0.48258578630 0.51236741204 0.51677330394 0.52049897923 0.55053846726 0.58976665772 0.65038889127 0.70761525535 0.82139752745 1.05123274380 

---- Expected P_neut(i), 0 < i < n (neutral SFS per site) 
E[P_neut(1)] = 0.0101369620
E[P_neut(2)] = 0.0043693081
E[P_neut(3)] = 0.0024420979
E[P_neut(4)] = 0.0015719943
E[P_neut(5)] = 0.0011304209
E[P_neut(6)] = 0.0008960483
E[P_neut(7)] = 0.0007379953
E[P_neut(8)] = 0.0006271574
E[P_neut(9)] = 0.0005503902
E[P_neut(10)] = 0.0005042317
E[P_neut(11)] = 0.0004450079
E[P_neut(12)] = 0.0004331470
E[P_neut(13)] = 0.0004033489
E[P_neut(14)] = 0.0003773489
E[P_neut(15)] = 0.0003726502
E[P_neut(16)] = 0.0003744872
E[P_neut(17)] = 0.0003891227
E[P_neut(18)] = 0.0004008385
E[P_neut(19)] = 0.0004436636

---- Expected P_sel(i), 0 < i < n (selected SFS per site) 
E[P_sel(1)] = 0.0072472520
E[P_sel(2)] = 0.0028200124
E[P_sel(3)] = 0.0014977675
E[P_sel(4)] = 0.0009335720
E[P_sel(5)] = 0.0006562604
E[P_sel(6)] = 0.0005114533
E[P_sel(7)] = 0.0004157911
E[P_sel(8)] = 0.0003498030
E[P_sel(9)] = 0.0003046312
E[P_sel(10)] = 0.0002775085
E[P_sel(11)] = 0.0002439953
E[P_sel(12)] = 0.0002370398
E[P_sel(13)] = 0.0002207375
E[P_sel(14)] = 0.0002069520
E[P_sel(15)] = 0.0002053182
E[P_sel(16)] = 0.0002079061
E[P_sel(17)] = 0.0002185223
E[P_sel(18)] = 0.0002289112
E[P_sel(19)] = 0.0002599208

---- Expected D_neut and D_sel (neutral and selected divergence per site) 
E[D_neut] = 0.0198359908
E[D_sel] = 0.0125199327

---- Expected neutral and selected misattributed polymorphism per site
E[mis_neut] = 0.0005330888
E[mis_sel] = 0.0003215658

---- alpha_div = 0.254982
---- alpha_dfe = 0.254790

