---- Running command
---- ./polyDFE -d Mmc/157.polyDFE.config.txt -m C -e 
---- Performing inference using model C

---- Performing inference on Mmc/157.polyDFE.config.txt
---- No mutation variability. Using Poisson likelihood.


---- Calculating initial values

-- Starting local optimization
-- Optimizing all parameters
  it        eps_an        lambda     theta_bar           S_d             b           p_b           S_b           r 2           r 3           r 4           r 5           r 6           r 7           r 8           r 9          r 10          r 11          r 12          r 13          r 14          r 15          r 16          r 17          r 18          r 19          r 20           ln lk          grad status 
   0           0.1 0.01922650447 0.01136596694        -20000         0.208           0.1            20 0.87362044864 0.73708787640 0.64423019108 0.58271537118 0.56058889005 0.53992295085 0.54060675374 0.53318503873 0.55013276308 0.55684060418 0.60371242464 0.61743065136 0.66357265602 0.74739655244 0.86409490975 1.10429725284 1.57650303625             1             1 -1111783.982688 23066.5757361   -2 
 778 0.00056882218 0.01925778576 0.01014572557 -70.899503778 0.12927804135 0.02861213387 5.74263879294 0.86631928558 0.72345983937 0.62210477808 0.55644301763 0.53271157171 0.50648867373 0.49674820998 0.48701901176 0.48964853293 0.48898360751 0.52138439391 0.51037757978 0.52562535823 0.55832114221 0.59004021182 0.64499043901 0.70818843809 0.83277345303 1.06326589006 -275.1757465434 0.02556990052   -3 
-- Local optimization: stuck in the same solution
---- Best joint likelihood found -275.175746543449350 with gradient 0.02557

---- Results for Mmc/157.polyDFE.config.txt 
--  Model: C
--        eps_an        lambda     theta_bar             a 
-- 0.00056882218 0.01925778576 0.01014572557            -1 
--           S_d             b           p_b           S_b 
-- -70.899503778 0.12927804135 0.02861213387 5.74263879294 
--           r 2           r 3           r 4           r 5           r 6           r 7           r 8           r 9          r 10          r 11          r 12          r 13          r 14          r 15          r 16          r 17          r 18          r 19          r 20 
-- 0.86631928558 0.72345983937 0.62210477808 0.55644301763 0.53271157171 0.50648867373 0.49674820998 0.48701901176 0.48964853293 0.48898360751 0.52138439391 0.51037757978 0.52562535823 0.55832114221 0.59004021182 0.64499043901 0.70818843809 0.83277345303 1.06326589006 

---- Expected P_neut(i), 0 < i < n (neutral SFS per site) 
E[P_neut(1)] = 0.0101402074
E[P_neut(2)] = 0.0043924461
E[P_neut(3)] = 0.0024455022
E[P_neut(4)] = 0.0015772414
E[P_neut(5)] = 0.0011286762
E[P_neut(6)] = 0.0009004952
E[P_neut(7)] = 0.0007339083
E[P_neut(8)] = 0.0006298763
E[P_neut(9)] = 0.0005489622
E[P_neut(10)] = 0.0004967840
E[P_neut(11)] = 0.0004510642
E[P_neut(12)] = 0.0004409262
E[P_neut(13)] = 0.0003985103
E[P_neut(14)] = 0.0003812136
E[P_neut(15)] = 0.0003780657
E[P_neut(16)] = 0.0003748339
E[P_neut(17)] = 0.0003861078
E[P_neut(18)] = 0.0004014442
E[P_neut(19)] = 0.0004502072

---- Expected P_sel(i), 0 < i < n (selected SFS per site) 
E[P_sel(1)] = 0.0072567552
E[P_sel(2)] = 0.0028307986
E[P_sel(3)] = 0.0014955229
E[P_sel(4)] = 0.0009331943
E[P_sel(5)] = 0.0006524695
E[P_sel(6)] = 0.0005116617
E[P_sel(7)] = 0.0004115582
E[P_sel(8)] = 0.0003496764
E[P_sel(9)] = 0.0003024506
E[P_sel(10)] = 0.0002722141
E[P_sel(11)] = 0.0002463088
E[P_sel(12)] = 0.0002404098
E[P_sel(13)] = 0.0002173959
E[P_sel(14)] = 0.0002085313
E[P_sel(15)] = 0.0002079089
E[P_sel(16)] = 0.0002078718
E[P_sel(17)] = 0.0002167824
E[P_sel(18)] = 0.0002294134
E[P_sel(19)] = 0.0002641285

---- Expected D_neut and D_sel (neutral and selected divergence per site) 
E[D_neut] = 0.0197971660
E[D_sel] = 0.0125171969

---- Expected neutral and selected misattributed polymorphism per site
E[mis_neut] = 0.0005393802
E[mis_sel] = 0.0003260130

---- alpha_div = 0.270029
---- alpha_dfe = 0.269835

