---- Running command
---- ./polyDFE -d Mmc/158.polyDFE.config.txt -m C -e 
---- Performing inference using model C

---- Performing inference on Mmc/158.polyDFE.config.txt
---- No mutation variability. Using Poisson likelihood.


---- Calculating initial values

-- Starting local optimization
-- Optimizing all parameters
  it        eps_an        lambda     theta_bar           S_d             b           p_b           S_b           r 2           r 3           r 4           r 5           r 6           r 7           r 8           r 9          r 10          r 11          r 12          r 13          r 14          r 15          r 16          r 17          r 18          r 19          r 20           ln lk          grad status 
   0           0.1 0.01927448825 0.01135391569        -20000         0.208           0.1            20 0.87077617995 0.73484310298 0.64591048529 0.58461549522 0.55341798239 0.54064403468 0.54250501713 0.53642933065 0.55324719251 0.55457876317 0.59992925674 0.62367099971 0.66665750873 0.74908208737 0.86617524866 1.10542307033 1.56380981267             1             1 -1118844.676369 23189.4565810   -2 
1028 0.00085221100 0.01930298445 0.01013348789 -69.844650299 0.12788255497 0.02345984880 6.71621798452 0.86517082901 0.72039289646 0.62345376320 0.55903177440 0.52567088708 0.51051813590 0.50148194580 0.48779669311 0.49480970543 0.48413878090 0.51633840618 0.51525651294 0.52709214623 0.55594164768 0.58851888141 0.64428973616 0.70221303554 0.82551960762 1.06704066430 -273.5534177389 0.03267797098   -3 
-- Local optimization: stuck in the same solution
---- Best joint likelihood found -273.553417738919961 with gradient 0.03268

---- Results for Mmc/158.polyDFE.config.txt 
--  Model: C
--        eps_an        lambda     theta_bar             a 
-- 0.00085221100 0.01930298445 0.01013348789            -1 
--           S_d             b           p_b           S_b 
-- -69.844650299 0.12788255497 0.02345984880 6.71621798452 
--           r 2           r 3           r 4           r 5           r 6           r 7           r 8           r 9          r 10          r 11          r 12          r 13          r 14          r 15          r 16          r 17          r 18          r 19          r 20 
-- 0.86517082901 0.72039289646 0.62345376320 0.55903177440 0.52567088708 0.51051813590 0.50148194580 0.48779669311 0.49480970543 0.48413878090 0.51633840618 0.51525651294 0.52709214623 0.55594164768 0.58851888141 0.64428973616 0.70221303554 0.82551960762 1.06704066430 

---- Expected P_neut(i), 0 < i < n (neutral SFS per site) 
E[P_neut(1)] = 0.0101252272
E[P_neut(2)] = 0.0043802002
E[P_neut(3)] = 0.0024316178
E[P_neut(4)] = 0.0015784119
E[P_neut(5)] = 0.0011323429
E[P_neut(6)] = 0.0008873818
E[P_neut(7)] = 0.0007387595
E[P_neut(8)] = 0.0006350504
E[P_neut(9)] = 0.0005491433
E[P_neut(10)] = 0.0005014148
E[P_neut(11)] = 0.0004460893
E[P_neut(12)] = 0.0004361955
E[P_neut(13)] = 0.0004019295
E[P_neut(14)] = 0.0003819516
E[P_neut(15)] = 0.0003762207
E[P_neut(16)] = 0.0003737627
E[P_neut(17)] = 0.0003857995
E[P_neut(18)] = 0.0003987248
E[P_neut(19)] = 0.0004485445

---- Expected P_sel(i), 0 < i < n (selected SFS per site) 
E[P_sel(1)] = 0.0072579736
E[P_sel(2)] = 0.0028278042
E[P_sel(3)] = 0.0014892978
E[P_sel(4)] = 0.0009350091
E[P_sel(5)] = 0.0006551195
E[P_sel(6)] = 0.0005043935
E[P_sel(7)] = 0.0004142219
E[P_sel(8)] = 0.0003523059
E[P_sel(9)] = 0.0003021586
E[P_sel(10)] = 0.0002742139
E[P_sel(11)] = 0.0002429400
E[P_sel(12)] = 0.0002370087
E[P_sel(13)] = 0.0002183210
E[P_sel(14)] = 0.0002078559
E[P_sel(15)] = 0.0002056411
E[P_sel(16)] = 0.0002058458
E[P_sel(17)] = 0.0002149641
E[P_sel(18)] = 0.0002260900
E[P_sel(19)] = 0.0002615374

---- Expected D_neut and D_sel (neutral and selected divergence per site) 
E[D_neut] = 0.0198436266
E[D_sel] = 0.0125036509

---- Expected neutral and selected misattributed polymorphism per site
E[mis_neut] = 0.0005406422
E[mis_sel] = 0.0003244928

---- alpha_div = 0.257300
---- alpha_dfe = 0.257182

