---- Running command
---- ./polyDFE -d Mmc/159.polyDFE.config.txt -m C -e 
---- Performing inference using model C

---- Performing inference on Mmc/159.polyDFE.config.txt
---- No mutation variability. Using Poisson likelihood.


---- Calculating initial values

-- Starting local optimization
-- Optimizing all parameters
  it        eps_an        lambda     theta_bar           S_d             b           p_b           S_b           r 2           r 3           r 4           r 5           r 6           r 7           r 8           r 9          r 10          r 11          r 12          r 13          r 14          r 15          r 16          r 17          r 18          r 19          r 20           ln lk          grad status 
   0           0.1 0.01930061272 0.01131840878        -20000         0.208           0.1            20 0.87564948984 0.74054752952 0.64747170450 0.58307260204 0.56301134841 0.54150862801 0.54092371359 0.52933814250 0.55652268314 0.55978561438 0.59781784058 0.62658015994 0.66461102696 0.75789355414 0.87413430396 1.10936461627 1.59056014987             1             1 -1116078.381316 23160.9325322   -2 
1499 0.00033520876 0.01928771028 0.01010383623 -74.936295496 0.12552995562 0.02734333407 5.75660376856 0.86734201019 0.72565587476 0.62657539452 0.55692726822 0.52980231874 0.50976464115 0.49738559072 0.48448275759 0.50085646815 0.49195254421 0.51890165284 0.51667811781 0.52682655138 0.56431311754 0.59421504017 0.65239617165 0.71895989675 0.83772527285 1.15122093720 -275.6917629272 0.01910835527   -3 
-- Local optimization: stuck in the same solution
---- Best joint likelihood found -275.691762927235686 with gradient 0.01911

---- Results for Mmc/159.polyDFE.config.txt 
--  Model: C
--        eps_an        lambda     theta_bar             a 
-- 0.00033520876 0.01928771028 0.01010383623            -1 
--           S_d             b           p_b           S_b 
-- -74.936295496 0.12552995562 0.02734333407 5.75660376856 
--           r 2           r 3           r 4           r 5           r 6           r 7           r 8           r 9          r 10          r 11          r 12          r 13          r 14          r 15          r 16          r 17          r 18          r 19          r 20 
-- 0.86734201019 0.72565587476 0.62657539452 0.55692726822 0.52980231874 0.50976464115 0.49738559072 0.48448275759 0.50085646815 0.49195254421 0.51890165284 0.51667811781 0.52682655138 0.56431311754 0.59421504017 0.65239617165 0.71895989675 0.83772527285 1.15122093720 

---- Expected P_neut(i), 0 < i < n (neutral SFS per site) 
E[P_neut(1)] = 0.0101005987
E[P_neut(2)] = 0.0043804073
E[P_neut(3)] = 0.0024432801
E[P_neut(4)] = 0.0015822990
E[P_neut(5)] = 0.0011251706
E[P_neut(6)] = 0.0008920010
E[P_neut(7)] = 0.0007356849
E[P_neut(8)] = 0.0006281237
E[P_neut(9)] = 0.0005438730
E[P_neut(10)] = 0.0005060572
E[P_neut(11)] = 0.0004519043
E[P_neut(12)] = 0.0004369722
E[P_neut(13)] = 0.0004016837
E[P_neut(14)] = 0.0003803837
E[P_neut(15)] = 0.0003803650
E[P_neut(16)] = 0.0003756455
E[P_neut(17)] = 0.0003884366
E[P_neut(18)] = 0.0004049031
E[P_neut(19)] = 0.0004487238

---- Expected P_sel(i), 0 < i < n (selected SFS per site) 
E[P_sel(1)] = 0.0072278227
E[P_sel(2)] = 0.0028286632
E[P_sel(3)] = 0.0014989962
E[P_sel(4)] = 0.0009399495
E[P_sel(5)] = 0.0006534011
E[P_sel(6)] = 0.0005093251
E[P_sel(7)] = 0.0004146829
E[P_sel(8)] = 0.0003505562
E[P_sel(9)] = 0.0003012611
E[P_sel(10)] = 0.0002787898
E[P_sel(11)] = 0.0002480801
E[P_sel(12)] = 0.0002394872
E[P_sel(13)] = 0.0002202121
E[P_sel(14)] = 0.0002090418
E[P_sel(15)] = 0.0002100539
E[P_sel(16)] = 0.0002090811
E[P_sel(17)] = 0.0002187191
E[P_sel(18)] = 0.0002318054
E[P_sel(19)] = 0.0002632043

---- Expected D_neut and D_sel (neutral and selected divergence per site) 
E[D_neut] = 0.0198692977
E[D_sel] = 0.0125325281

---- Expected neutral and selected misattributed polymorphism per site
E[mis_neut] = 0.0005815874
E[mis_sel] = 0.0003513569

---- alpha_div = 0.259295
---- alpha_dfe = 0.259068

