---- Running command
---- ./polyDFE -d Mmc/16.polyDFE.config.txt -m C -e 
---- Performing inference using model C

---- Performing inference on Mmc/16.polyDFE.config.txt
---- No mutation variability. Using Poisson likelihood.


---- Calculating initial values

-- Starting local optimization
-- Optimizing all parameters
  it        eps_an        lambda     theta_bar           S_d             b           p_b           S_b           r 2           r 3           r 4           r 5           r 6           r 7           r 8           r 9          r 10          r 11          r 12          r 13          r 14          r 15          r 16          r 17          r 18          r 19          r 20           ln lk          grad status 
   0           0.1 0.01932245885 0.01136684937        -20000         0.208           0.1            20 0.87234190253 0.73840907440 0.64380726979 0.58220356925 0.55515121641 0.53990383967 0.53929306682 0.53691732321 0.54340429925 0.55133577253 0.59647451390 0.61919018605 0.66608524347 0.74903613098 0.87170682138 1.11920761528 1.58541119072             1             1 -1121408.501955 23243.8734543   -2 
1001 0.00117436967 0.01944076038 0.01015913504 -80.177125944 0.11986296029 0.01761150024 8.21659096992 0.86362110633 0.72240519393 0.61772066606 0.55673977184 0.52805056298 0.50900346539 0.49754436467 0.48735959685 0.48685089090 0.48187913452 0.51559072662 0.51041476081 0.53069698848 0.55937180670 0.59353186342 0.65060980103 0.71017045583 0.82707499074 0.89067970106 -273.5970515895 0.03588362077   -8 
-- Local optimization: reached maximum number of likelihood evaluations allowed.
---- Best joint likelihood found -273.597051589589682 with gradient 0.03588

---- Results for Mmc/16.polyDFE.config.txt 
--  Model: C
--        eps_an        lambda     theta_bar             a 
-- 0.00117436967 0.01944076038 0.01015913504            -1 
--           S_d             b           p_b           S_b 
-- -80.177125944 0.11986296029 0.01761150024 8.21659096992 
--           r 2           r 3           r 4           r 5           r 6           r 7           r 8           r 9          r 10          r 11          r 12          r 13          r 14          r 15          r 16          r 17          r 18          r 19          r 20 
-- 0.86362110633 0.72240519393 0.61772066606 0.55673977184 0.52805056298 0.50900346539 0.49754436467 0.48735959685 0.48685089090 0.48187913452 0.51559072662 0.51041476081 0.53069698848 0.55937180670 0.59353186342 0.65060980103 0.71017045583 0.82707499074 0.89067970106 

---- Expected P_neut(i), 0 < i < n (neutral SFS per site) 
E[P_neut(1)] = 0.0101477238
E[P_neut(2)] = 0.0043821407
E[P_neut(3)] = 0.0024439210
E[P_neut(4)] = 0.0015674770
E[P_neut(5)] = 0.0011303154
E[P_neut(6)] = 0.0008934918
E[P_neut(7)] = 0.0007383202
E[P_neut(8)] = 0.0006315982
E[P_neut(9)] = 0.0005500046
E[P_neut(10)] = 0.0004945984
E[P_neut(11)] = 0.0004451666
E[P_neut(12)] = 0.0004367257
E[P_neut(13)] = 0.0003992739
E[P_neut(14)] = 0.0003856993
E[P_neut(15)] = 0.0003797325
E[P_neut(16)] = 0.0003782605
E[P_neut(17)] = 0.0003912182
E[P_neut(18)] = 0.0004054987
E[P_neut(19)] = 0.0004536411

---- Expected P_sel(i), 0 < i < n (selected SFS per site) 
E[P_sel(1)] = 0.0072523125
E[P_sel(2)] = 0.0028312131
E[P_sel(3)] = 0.0015012967
E[P_sel(4)] = 0.0009325109
E[P_sel(5)] = 0.0006572559
E[P_sel(6)] = 0.0005106533
E[P_sel(7)] = 0.0004163167
E[P_sel(8)] = 0.0003523570
E[P_sel(9)] = 0.0003042619
E[P_sel(10)] = 0.0002718335
E[P_sel(11)] = 0.0002435068
E[P_sel(12)] = 0.0002381674
E[P_sel(13)] = 0.0002174759
E[P_sel(14)] = 0.0002102443
E[P_sel(15)] = 0.0002076438
E[P_sel(16)] = 0.0002081159
E[P_sel(17)] = 0.0002174595
E[P_sel(18)] = 0.0002291303
E[P_sel(19)] = 0.0002638285

---- Expected D_neut and D_sel (neutral and selected divergence per site) 
E[D_neut] = 0.0198931871
E[D_sel] = 0.0125103098

---- Expected neutral and selected misattributed polymorphism per site
E[mis_neut] = 0.0004524268
E[mis_sel] = 0.0002701574

---- alpha_div = 0.234782
---- alpha_dfe = 0.234579

