---- Running command
---- ./polyDFE -d Mmc/160.polyDFE.config.txt -m C -e 
---- Performing inference using model C

---- Performing inference on Mmc/160.polyDFE.config.txt
---- No mutation variability. Using Poisson likelihood.


---- Calculating initial values

-- Starting local optimization
-- Optimizing all parameters
  it        eps_an        lambda     theta_bar           S_d             b           p_b           S_b           r 2           r 3           r 4           r 5           r 6           r 7           r 8           r 9          r 10          r 11          r 12          r 13          r 14          r 15          r 16          r 17          r 18          r 19          r 20           ln lk          grad status 
   0           0.1 0.01925316225 0.01136025409        -20000         0.208           0.1            20 0.87246243457 0.73564774290 0.64600204068 0.58525818051 0.56009764235 0.53064884650 0.53513377390 0.53074242917 0.55250080473 0.55317402664 0.59159636132 0.62971102238 0.66481951031 0.75322551981 0.86539851493 1.11423464725 1.58556314067             1             1 -1117750.378540 23172.4863444   -2 
 748 0.00179193273 0.01929207016 0.01015317632 -78.909785705 0.12016809501 0.01576792185 9.31382453484 0.86451982975 0.72179522130 0.62255613565 0.55707899487 0.53192642489 0.50295457932 0.49258697848 0.48282192368 0.49415543914 0.48215501913 0.51338502990 0.51594486346 0.52340331463 0.55744343385 0.58706490683 0.65116942920 0.70696369440 0.80188073360 1.04406215551 -280.5591752992 0.04191430570   -3 
-- Local optimization: stuck in the same solution
---- Best joint likelihood found -280.559175299218623 with gradient 0.04191

---- Results for Mmc/160.polyDFE.config.txt 
--  Model: C
--        eps_an        lambda     theta_bar             a 
-- 0.00179193273 0.01929207016 0.01015317632            -1 
--           S_d             b           p_b           S_b 
-- -78.909785705 0.12016809501 0.01576792185 9.31382453484 
--           r 2           r 3           r 4           r 5           r 6           r 7           r 8           r 9          r 10          r 11          r 12          r 13          r 14          r 15          r 16          r 17          r 18          r 19          r 20 
-- 0.86451982975 0.72179522130 0.62255613565 0.55707899487 0.53192642489 0.50295457932 0.49258697848 0.48282192368 0.49415543914 0.48215501913 0.51338502990 0.51594486346 0.52340331463 0.55744343385 0.58706490683 0.65116942920 0.70696369440 0.80188073360 1.04406215551 

---- Expected P_neut(i), 0 < i < n (neutral SFS per site) 
E[P_neut(1)] = 0.0101357504
E[P_neut(2)] = 0.0043816613
E[P_neut(3)] = 0.0024391575
E[P_neut(4)] = 0.0015780664
E[P_neut(5)] = 0.0011298733
E[P_neut(6)] = 0.0008991910
E[P_neut(7)] = 0.0007289272
E[P_neut(8)] = 0.0006248234
E[P_neut(9)] = 0.0005445077
E[P_neut(10)] = 0.0005017247
E[P_neut(11)] = 0.0004452154
E[P_neut(12)] = 0.0004347159
E[P_neut(13)] = 0.0004035451
E[P_neut(14)] = 0.0003805189
E[P_neut(15)] = 0.0003786724
E[P_neut(16)] = 0.0003747000
E[P_neut(17)] = 0.0003925886
E[P_neut(18)] = 0.0004059236
E[P_neut(19)] = 0.0004459331

---- Expected P_sel(i), 0 < i < n (selected SFS per site) 
E[P_sel(1)] = 0.0072455483
E[P_sel(2)] = 0.0028301584
E[P_sel(3)] = 0.0014973817
E[P_sel(4)] = 0.0009378809
E[P_sel(5)] = 0.0006561507
E[P_sel(6)] = 0.0005131001
E[P_sel(7)] = 0.0004102550
E[P_sel(8)] = 0.0003478287
E[P_sel(9)] = 0.0003004855
E[P_sel(10)] = 0.0002749934
E[P_sel(11)] = 0.0002427886
E[P_sel(12)] = 0.0002362693
E[P_sel(13)] = 0.0002189865
E[P_sel(14)] = 0.0002065865
E[P_sel(15)] = 0.0002061737
E[P_sel(16)] = 0.0002052393
E[P_sel(17)] = 0.0002172734
E[P_sel(18)] = 0.0002285888
E[P_sel(19)] = 0.0002595645

---- Expected D_neut and D_sel (neutral and selected divergence per site) 
E[D_neut] = 0.0198220975
E[D_sel] = 0.0125140446

---- Expected neutral and selected misattributed polymorphism per site
E[mis_neut] = 0.0005300274
E[mis_sel] = 0.0003160854

---- alpha_div = 0.236152
---- alpha_dfe = 0.236072

