---- Running command
---- ./polyDFE -d Mmc/161.polyDFE.config.txt -m C -e 
---- Performing inference using model C

---- Performing inference on Mmc/161.polyDFE.config.txt
---- No mutation variability. Using Poisson likelihood.


---- Calculating initial values

-- Starting local optimization
-- Optimizing all parameters
  it        eps_an        lambda     theta_bar           S_d             b           p_b           S_b           r 2           r 3           r 4           r 5           r 6           r 7           r 8           r 9          r 10          r 11          r 12          r 13          r 14          r 15          r 16          r 17          r 18          r 19          r 20           ln lk          grad status 
   0           0.1 0.01932935878 0.01135369402        -20000         0.208           0.1            20 0.87358080638 0.73790047129 0.64316712762 0.58207033277 0.55735444374 0.54315117284 0.53330525297 0.52425928926 0.55502651855 0.55742042708 0.58457132884 0.63315326531 0.66466185836 0.74303107820 0.85895380993 1.10969535818 1.58712714520             1             1 -1118772.270569 23201.4255337   -2 
 811 0.00058560284 0.01926737184 0.01013583275 -70.880498749 0.13021556843 0.03376523872 4.89007321382 0.86537811009 0.72418284251 0.61927828136 0.55707907934 0.52907640657 0.50870457375 0.49442430029 0.48245208279 0.49742018813 0.48576786999 0.51054148315 0.51911541574 0.52239894257 0.55330263417 0.58346366262 0.64861075869 0.70927834755 0.81833581536 1.24930577733 -280.4956144838 0.19193861792   -8 
-- Local optimization: reached maximum number of likelihood evaluations allowed.
---- Best joint likelihood found -280.495614483894315 with gradient 0.19194

---- Results for Mmc/161.polyDFE.config.txt 
--  Model: C
--        eps_an        lambda     theta_bar             a 
-- 0.00058560284 0.01926737184 0.01013583275            -1 
--           S_d             b           p_b           S_b 
-- -70.880498749 0.13021556843 0.03376523872 4.89007321382 
--           r 2           r 3           r 4           r 5           r 6           r 7           r 8           r 9          r 10          r 11          r 12          r 13          r 14          r 15          r 16          r 17          r 18          r 19          r 20 
-- 0.86537811009 0.72418284251 0.61927828136 0.55707907934 0.52907640657 0.50870457375 0.49442430029 0.48245208279 0.49742018813 0.48576786999 0.51054148315 0.51911541574 0.52239894257 0.55330263417 0.58346366262 0.64861075869 0.70927834755 0.81833581536 1.24930577733 

---- Expected P_neut(i), 0 < i < n (neutral SFS per site) 
E[P_neut(1)] = 0.0101301528
E[P_neut(2)] = 0.0043833295
E[P_neut(3)] = 0.0024455257
E[P_neut(4)] = 0.0015685228
E[P_neut(5)] = 0.0011288497
E[P_neut(6)] = 0.0008934697
E[P_neut(7)] = 0.0007363977
E[P_neut(8)] = 0.0006263109
E[P_neut(9)] = 0.0005432832
E[P_neut(10)] = 0.0005041768
E[P_neut(11)] = 0.0004476617
E[P_neut(12)] = 0.0004313446
E[P_neut(13)] = 0.0004049379
E[P_neut(14)] = 0.0003785125
E[P_neut(15)] = 0.0003743212
E[P_neut(16)] = 0.0003703206
E[P_neut(17)] = 0.0003879246
E[P_neut(18)] = 0.0004017303
E[P_neut(19)] = 0.0004422333

---- Expected P_sel(i), 0 < i < n (selected SFS per site) 
E[P_sel(1)] = 0.0072552327
E[P_sel(2)] = 0.0028282320
E[P_sel(3)] = 0.0014978554
E[P_sel(4)] = 0.0009298379
E[P_sel(5)] = 0.0006541031
E[P_sel(6)] = 0.0005090797
E[P_sel(7)] = 0.0004142862
E[P_sel(8)] = 0.0003489821
E[P_sel(9)] = 0.0003005752
E[P_sel(10)] = 0.0002775633
E[P_sel(11)] = 0.0002457281
E[P_sel(12)] = 0.0002365399
E[P_sel(13)] = 0.0002222902
E[P_sel(14)] = 0.0002084561
E[P_sel(15)] = 0.0002073289
E[P_sel(16)] = 0.0002068978
E[P_sel(17)] = 0.0002194186
E[P_sel(18)] = 0.0002311589
E[P_sel(19)] = 0.0002608479

---- Expected D_neut and D_sel (neutral and selected divergence per site) 
E[D_neut] = 0.0199005096
E[D_sel] = 0.0125524907

---- Expected neutral and selected misattributed polymorphism per site
E[mis_neut] = 0.0006331377
E[mis_sel] = 0.0003837807

---- alpha_div = 0.275501
---- alpha_dfe = 0.275218

