---- Running command
---- ./polyDFE -d Mmc/162.polyDFE.config.txt -m C -e 
---- Performing inference using model C

---- Performing inference on Mmc/162.polyDFE.config.txt
---- No mutation variability. Using Poisson likelihood.


---- Calculating initial values

-- Starting local optimization
-- Optimizing all parameters
  it        eps_an        lambda     theta_bar           S_d             b           p_b           S_b           r 2           r 3           r 4           r 5           r 6           r 7           r 8           r 9          r 10          r 11          r 12          r 13          r 14          r 15          r 16          r 17          r 18          r 19          r 20           ln lk          grad status 
   0           0.1 0.01927225446 0.01135609828        -20000         0.208           0.1            20 0.87417695038 0.73369467769 0.64676520503 0.58036837398 0.55889365657 0.53837394355 0.53812710329 0.53121044734 0.55244415249 0.55875258255 0.59690944012 0.62630619824 0.66414792303 0.74525236326 0.86748786576 1.10208986978 1.58264692456             1             1 -1115033.793015 23131.7593938   -2 
 196 0.00416506899 0.01932722050 0.01018386087 -100.43169840 0.10635333258 0.00287587082 42.7106208676 0.86312791499 0.71691061843 0.61877635773 0.55117912091 0.52660483490 0.50256128150 0.49190461516 0.48410603091 0.49343073406 0.48378292002 0.51234987570 0.51700043154 0.52279907021 0.55287198119 0.59081699693 0.64188145414 0.69730827668 0.77160395704 0.99758254539 -304.5229933181 0.80838383906   -3 
-- Local optimization: stuck in the same solution
---- Best joint likelihood found -304.522993318110821 with gradient 0.80838

---- Results for Mmc/162.polyDFE.config.txt 
--  Model: C
--        eps_an        lambda     theta_bar             a 
-- 0.00416506899 0.01932722050 0.01018386087            -1 
--           S_d             b           p_b           S_b 
-- -100.43169840 0.10635333258 0.00287587082 42.7106208676 
--           r 2           r 3           r 4           r 5           r 6           r 7           r 8           r 9          r 10          r 11          r 12          r 13          r 14          r 15          r 16          r 17          r 18          r 19          r 20 
-- 0.86312791499 0.71691061843 0.61877635773 0.55117912091 0.52660483490 0.50256128150 0.49190461516 0.48410603091 0.49343073406 0.48378292002 0.51234987570 0.51700043154 0.52279907021 0.55287198119 0.59081699693 0.64188145414 0.69730827668 0.77160395704 0.99758254539 

---- Expected P_neut(i), 0 < i < n (neutral SFS per site) 
E[P_neut(1)] = 0.0101431670
E[P_neut(2)] = 0.0043783251
E[P_neut(3)] = 0.0024251046
E[P_neut(4)] = 0.0015703878
E[P_neut(5)] = 0.0011195139
E[P_neut(6)] = 0.0008916729
E[P_neut(7)] = 0.0007297865
E[P_neut(8)] = 0.0006253889
E[P_neut(9)] = 0.0005473693
E[P_neut(10)] = 0.0005025030
E[P_neut(11)] = 0.0004483050
E[P_neut(12)] = 0.0004356054
E[P_neut(13)] = 0.0004063630
E[P_neut(14)] = 0.0003824326
E[P_neut(15)] = 0.0003784705
E[P_neut(16)] = 0.0003810452
E[P_neut(17)] = 0.0003930542
E[P_neut(18)] = 0.0004111784
E[P_neut(19)] = 0.0004542680

---- Expected P_sel(i), 0 < i < n (selected SFS per site) 
E[P_sel(1)] = 0.0072349373
E[P_sel(2)] = 0.0028411194
E[P_sel(3)] = 0.0015009774
E[P_sel(4)] = 0.0009426922
E[P_sel(5)] = 0.0006572035
E[P_sel(6)] = 0.0005144124
E[P_sel(7)] = 0.0004150899
E[P_sel(8)] = 0.0003515173
E[P_sel(9)] = 0.0003045771
E[P_sel(10)] = 0.0002771964
E[P_sel(11)] = 0.0002454641
E[P_sel(12)] = 0.0002370005
E[P_sel(13)] = 0.0002199309
E[P_sel(14)] = 0.0002061393
E[P_sel(15)] = 0.0002034617
E[P_sel(16)] = 0.0002047344
E[P_sel(17)] = 0.0002118341
E[P_sel(18)] = 0.0002241431
E[P_sel(19)] = 0.0002580004

---- Expected D_neut and D_sel (neutral and selected divergence per site) 
E[D_neut] = 0.0198351826
E[D_sel] = 0.0125422321

---- Expected neutral and selected misattributed polymorphism per site
E[mis_neut] = 0.0005079621
E[mis_sel] = 0.0002890391

---- alpha_div = 0.193463
---- alpha_dfe = 0.193912

