---- Running command
---- ./polyDFE -d Mmc/163.polyDFE.config.txt -m C -e 
---- Performing inference using model C

---- Performing inference on Mmc/163.polyDFE.config.txt
---- No mutation variability. Using Poisson likelihood.


---- Calculating initial values

-- Starting local optimization
-- Optimizing all parameters
  it        eps_an        lambda     theta_bar           S_d             b           p_b           S_b           r 2           r 3           r 4           r 5           r 6           r 7           r 8           r 9          r 10          r 11          r 12          r 13          r 14          r 15          r 16          r 17          r 18          r 19          r 20           ln lk          grad status 
   0           0.1 0.01927852328 0.01133423661        -20000         0.208           0.1            20 0.87380978799 0.73462008500 0.64250683443 0.58084766482 0.55518611301 0.53884441403 0.53673915499 0.52895386710 0.55137313996 0.55154580843 0.59939411585 0.62207374578 0.67161572290 0.74942647706 0.86412546480 1.11163440059 1.57649359097             1             1 -1118844.513307 23158.9173581   -2 
 734 0.00080739889 0.01928311152 0.01012714580 -74.335516282 0.12321300199 0.02169610208 6.91170028108 0.86314543771 0.72063678822 0.61883560447 0.55556317972 0.52709104382 0.50498332958 0.49760855014 0.48326907793 0.49478686127 0.48219124078 0.51760683419 0.51241335945 0.52397893257 0.56097332892 0.58750747407 0.65119317044 0.70794998177 0.82137014009 1.11254553697 -264.3553548571 0.01973629709   -3 
-- Local optimization: stuck in the same solution
---- Best joint likelihood found -264.355354857136263 with gradient 0.01974

---- Results for Mmc/163.polyDFE.config.txt 
--  Model: C
--        eps_an        lambda     theta_bar             a 
-- 0.00080739889 0.01928311152 0.01012714580            -1 
--           S_d             b           p_b           S_b 
-- -74.335516282 0.12321300199 0.02169610208 6.91170028108 
--           r 2           r 3           r 4           r 5           r 6           r 7           r 8           r 9          r 10          r 11          r 12          r 13          r 14          r 15          r 16          r 17          r 18          r 19          r 20 
-- 0.86314543771 0.72063678822 0.61883560447 0.55556317972 0.52709104382 0.50498332958 0.49760855014 0.48326907793 0.49478686127 0.48219124078 0.51760683419 0.51241335945 0.52397893257 0.56097332892 0.58750747407 0.65119317044 0.70794998177 0.82137014009 1.11254553697 

---- Expected P_neut(i), 0 < i < n (neutral SFS per site) 
E[P_neut(1)] = 0.0101193226
E[P_neut(2)] = 0.0043673926
E[P_neut(3)] = 0.0024310137
E[P_neut(4)] = 0.0015657948
E[P_neut(5)] = 0.0011246511
E[P_neut(6)] = 0.0008892424
E[P_neut(7)] = 0.0007303095
E[P_neut(8)] = 0.0006297634
E[P_neut(9)] = 0.0005437123
E[P_neut(10)] = 0.0005010779
E[P_neut(11)] = 0.0004440098
E[P_neut(12)] = 0.0004369792
E[P_neut(13)] = 0.0003994433
E[P_neut(14)] = 0.0003794416
E[P_neut(15)] = 0.0003793400
E[P_neut(16)] = 0.0003728256
E[P_neut(17)] = 0.0003895761
E[P_neut(18)] = 0.0004015135
E[P_neut(19)] = 0.0004456198

---- Expected P_sel(i), 0 < i < n (selected SFS per site) 
E[P_sel(1)] = 0.0072585701
E[P_sel(2)] = 0.0028288952
E[P_sel(3)] = 0.0014961897
E[P_sel(4)] = 0.0009329659
E[P_sel(5)] = 0.0006549053
E[P_sel(6)] = 0.0005089686
E[P_sel(7)] = 0.0004124568
E[P_sel(8)] = 0.0003519738
E[P_sel(9)] = 0.0003014231
E[P_sel(10)] = 0.0002760916
E[P_sel(11)] = 0.0002436046
E[P_sel(12)] = 0.0002391558
E[P_sel(13)] = 0.0002184831
E[P_sel(14)] = 0.0002078503
E[P_sel(15)] = 0.0002086067
E[P_sel(16)] = 0.0002064454
E[P_sel(17)] = 0.0002180703
E[P_sel(18)] = 0.0002284871
E[P_sel(19)] = 0.0002604251

---- Expected D_neut and D_sel (neutral and selected divergence per site) 
E[D_neut] = 0.0198464571
E[D_sel] = 0.0124994342

---- Expected neutral and selected misattributed polymorphism per site
E[mis_neut] = 0.0005633455
E[mis_sel] = 0.0003384799

---- alpha_div = 0.244626
---- alpha_dfe = 0.244522

