---- Running command
---- ./polyDFE -d Mmc/164.polyDFE.config.txt -m C -e 
---- Performing inference using model C

---- Performing inference on Mmc/164.polyDFE.config.txt
---- No mutation variability. Using Poisson likelihood.


---- Calculating initial values

-- Starting local optimization
-- Optimizing all parameters
  it        eps_an        lambda     theta_bar           S_d             b           p_b           S_b           r 2           r 3           r 4           r 5           r 6           r 7           r 8           r 9          r 10          r 11          r 12          r 13          r 14          r 15          r 16          r 17          r 18          r 19          r 20           ln lk          grad status 
   0           0.1 0.01928946912 0.01136615116        -20000         0.208           0.1            20 0.86963803952 0.73211027438 0.64501040051 0.58288273715 0.55230836328 0.53820253003 0.53675377795 0.52681624853 0.55247758441 0.55632935706 0.59482302231 0.62982601371 0.67541366147 0.74778859705 0.86279518343 1.10984096986 1.58069378971             1             1 -1116985.723148 23142.7923613   -2 
 761 0.00267888300 0.01934205001 0.01016622349 -81.912386437 0.11762554153 0.01518664245 9.34613108327 0.86258915381 0.71709153773 0.62242083508 0.55387112594 0.52641039068 0.50813815993 0.49425507840 0.48347982952 0.49208075275 0.48301027017 0.51091578051 0.51918559683 0.52588097388 0.55283124697 0.58338454682 0.64759743570 0.69825092217 0.78898317386 1.01637119093 -279.5828970433 0.08371637440   -3 
-- Local optimization: stuck in the same solution
---- Best joint likelihood found -279.582897043379489 with gradient 0.08372

---- Results for Mmc/164.polyDFE.config.txt 
--  Model: C
--        eps_an        lambda     theta_bar             a 
-- 0.00267888300 0.01934205001 0.01016622349            -1 
--           S_d             b           p_b           S_b 
-- -81.912386437 0.11762554153 0.01518664245 9.34613108327 
--           r 2           r 3           r 4           r 5           r 6           r 7           r 8           r 9          r 10          r 11          r 12          r 13          r 14          r 15          r 16          r 17          r 18          r 19          r 20 
-- 0.86258915381 0.71709153773 0.62242083508 0.55387112594 0.52641039068 0.50813815993 0.49425507840 0.48347982952 0.49208075275 0.48301027017 0.51091578051 0.51918559683 0.52588097388 0.55283124697 0.58338454682 0.64759743570 0.69825092217 0.78898317386 1.01637119093 

---- Expected P_neut(i), 0 < i < n (neutral SFS per site) 
E[P_neut(1)] = 0.0101401203
E[P_neut(2)] = 0.0043739476
E[P_neut(3)] = 0.0024245653
E[P_neut(4)] = 0.0015786726
E[P_neut(5)] = 0.0011241424
E[P_neut(6)] = 0.0008905679
E[P_neut(7)] = 0.0007370887
E[P_neut(8)] = 0.0006275654
E[P_neut(9)] = 0.0005458622
E[P_neut(10)] = 0.0005002603
E[P_neut(11)] = 0.0004466663
E[P_neut(12)] = 0.0004333634
E[P_neut(13)] = 0.0004069014
E[P_neut(14)] = 0.0003832395
E[P_neut(15)] = 0.0003766935
E[P_neut(16)] = 0.0003739209
E[P_neut(17)] = 0.0003927441
E[P_neut(18)] = 0.0004050547
E[P_neut(19)] = 0.0004482600

---- Expected P_sel(i), 0 < i < n (selected SFS per site) 
E[P_sel(1)] = 0.0072535016
E[P_sel(2)] = 0.0028315914
E[P_sel(3)] = 0.0014931923
E[P_sel(4)] = 0.0009418068
E[P_sel(5)] = 0.0006555732
E[P_sel(6)] = 0.0005104727
E[P_sel(7)] = 0.0004168115
E[P_sel(8)] = 0.0003510632
E[P_sel(9)] = 0.0003027377
E[P_sel(10)] = 0.0002755766
E[P_sel(11)] = 0.0002448149
E[P_sel(12)] = 0.0002367219
E[P_sel(13)] = 0.0002219049
E[P_sel(14)] = 0.0002090710
E[P_sel(15)] = 0.0002060539
E[P_sel(16)] = 0.0002057265
E[P_sel(17)] = 0.0002182822
E[P_sel(18)] = 0.0002291010
E[P_sel(19)] = 0.0002626457

---- Expected D_neut and D_sel (neutral and selected divergence per site) 
E[D_neut] = 0.0198586828
E[D_sel] = 0.0125232454

---- Expected neutral and selected misattributed polymorphism per site
E[mis_neut] = 0.0005166328
E[mis_sel] = 0.0003083134

---- alpha_div = 0.228487
---- alpha_dfe = 0.228407

