---- Running command
---- ./polyDFE -d Mmc/165.polyDFE.config.txt -m C -e 
---- Performing inference using model C

---- Performing inference on Mmc/165.polyDFE.config.txt
---- No mutation variability. Using Poisson likelihood.


---- Calculating initial values

-- Starting local optimization
-- Optimizing all parameters
  it        eps_an        lambda     theta_bar           S_d             b           p_b           S_b           r 2           r 3           r 4           r 5           r 6           r 7           r 8           r 9          r 10          r 11          r 12          r 13          r 14          r 15          r 16          r 17          r 18          r 19          r 20           ln lk          grad status 
   0           0.1 0.01932768170 0.01137982462        -20000         0.208           0.1            20 0.87256844050 0.73054511510 0.64464834000 0.57927729181 0.55866680347 0.53029655469 0.53692389102 0.53336887745 0.55371371313 0.55719407551 0.59685299834 0.62683941203 0.67223586928 0.74631471342 0.86710921030 1.09671705639 1.57291237079             1             1 -1121051.500050 23253.9903198   -2 
 416 0.00223005974 0.01934753144 0.01017956970 -90.328598522 0.11412180646 0.01282407793 10.7289494410 0.86405811848 0.71587058386 0.62019625472 0.55228028777 0.52921719830 0.50395509644 0.49419899663 0.48563796965 0.49389743054 0.48300375673 0.51307150769 0.51558243875 0.52454835797 0.55605772390 0.58842253407 0.63684471878 0.69576133045 0.79370129905 1.07755884360 -279.2746472641 0.19568985204   -8 
-- Local optimization: reached maximum number of likelihood evaluations allowed.
---- Best joint likelihood found -279.274647264144733 with gradient 0.19569

---- Results for Mmc/165.polyDFE.config.txt 
--  Model: C
--        eps_an        lambda     theta_bar             a 
-- 0.00223005974 0.01934753144 0.01017956970            -1 
--           S_d             b           p_b           S_b 
-- -90.328598522 0.11412180646 0.01282407793 10.7289494410 
--           r 2           r 3           r 4           r 5           r 6           r 7           r 8           r 9          r 10          r 11          r 12          r 13          r 14          r 15          r 16          r 17          r 18          r 19          r 20 
-- 0.86405811848 0.71587058386 0.62019625472 0.55228028777 0.52921719830 0.50395509644 0.49419899663 0.48563796965 0.49389743054 0.48300375673 0.51307150769 0.51558243875 0.52454835797 0.55605772390 0.58842253407 0.63684471878 0.69576133045 0.79370129905 1.07755884360 

---- Expected P_neut(i), 0 < i < n (neutral SFS per site) 
E[P_neut(1)] = 0.0101578170
E[P_neut(2)] = 0.0043889399
E[P_neut(3)] = 0.0024245182
E[P_neut(4)] = 0.0015756478
E[P_neut(5)] = 0.0011227292
E[P_neut(6)] = 0.0008967155
E[P_neut(7)] = 0.0007321297
E[P_neut(8)] = 0.0006284099
E[P_neut(9)] = 0.0005490591
E[P_neut(10)] = 0.0005027663
E[P_neut(11)] = 0.0004472073
E[P_neut(12)] = 0.0004356690
E[P_neut(13)] = 0.0004044576
E[P_neut(14)] = 0.0003825572
E[P_neut(15)] = 0.0003790278
E[P_neut(16)] = 0.0003770529
E[P_neut(17)] = 0.0003859081
E[P_neut(18)] = 0.0004024051
E[P_neut(19)] = 0.0004469916

---- Expected P_sel(i), 0 < i < n (selected SFS per site) 
E[P_sel(1)] = 0.0072360039
E[P_sel(2)] = 0.0028340377
E[P_sel(3)] = 0.0014908528
E[P_sel(4)] = 0.0009391151
E[P_sel(5)] = 0.0006543723
E[P_sel(6)] = 0.0005138095
E[P_sel(7)] = 0.0004138952
E[P_sel(8)] = 0.0003514391
E[P_sel(9)] = 0.0003043996
E[P_sel(10)] = 0.0002768075
E[P_sel(11)] = 0.0002449157
E[P_sel(12)] = 0.0002377088
E[P_sel(13)] = 0.0002202223
E[P_sel(14)] = 0.0002082546
E[P_sel(15)] = 0.0002067529
E[P_sel(16)] = 0.0002067106
E[P_sel(17)] = 0.0002135400
E[P_sel(18)] = 0.0002263835
E[P_sel(19)] = 0.0002602133

---- Expected D_neut and D_sel (neutral and selected divergence per site) 
E[D_neut] = 0.0198959857
E[D_sel] = 0.0125323134

---- Expected neutral and selected misattributed polymorphism per site
E[mis_neut] = 0.0005484543
E[mis_sel] = 0.0003258255

---- alpha_div = 0.220756
---- alpha_dfe = 0.220821

