---- Running command
---- ./polyDFE -d Mmc/166.polyDFE.config.txt -m C -e 
---- Performing inference using model C

---- Performing inference on Mmc/166.polyDFE.config.txt
---- No mutation variability. Using Poisson likelihood.


---- Calculating initial values

-- Starting local optimization
-- Optimizing all parameters
  it        eps_an        lambda     theta_bar           S_d             b           p_b           S_b           r 2           r 3           r 4           r 5           r 6           r 7           r 8           r 9          r 10          r 11          r 12          r 13          r 14          r 15          r 16          r 17          r 18          r 19          r 20           ln lk          grad status 
   0           0.1 0.01924443699 0.01136694522        -20000         0.208           0.1            20 0.87132383595 0.73453746005 0.64489239665 0.58605882194 0.55508275297 0.53406064334 0.53836492762 0.53290985764 0.55002025558 0.55441769685 0.60348193628 0.62092518125 0.66527777584 0.75784963455 0.86758858917 1.10890645411 1.57344259253             1             1 -1114112.722249 23115.5378510   -2 
1108 0.00115920837 0.01928589608 0.01016047022 -86.547927523 0.11713242748 0.01764152363 8.25409623623 0.86287561397 0.71809814664 0.61795617875 0.55827592101 0.52818502624 0.50314433398 0.49770356363 0.48709583428 0.49236339280 0.48633610229 0.52128820683 0.51555689141 0.52687335120 0.56232245820 0.58915808727 0.64551372419 0.70164419483 0.81577520223 1.04238310921 -277.7757911651 0.05502517135   -3 
-- Local optimization: stuck in the same solution
---- Best joint likelihood found -277.775791165113333 with gradient 0.05503

---- Results for Mmc/166.polyDFE.config.txt 
--  Model: C
--        eps_an        lambda     theta_bar             a 
-- 0.00115920837 0.01928589608 0.01016047022            -1 
--           S_d             b           p_b           S_b 
-- -86.547927523 0.11713242748 0.01764152363 8.25409623623 
--           r 2           r 3           r 4           r 5           r 6           r 7           r 8           r 9          r 10          r 11          r 12          r 13          r 14          r 15          r 16          r 17          r 18          r 19          r 20 
-- 0.86287561397 0.71809814664 0.61795617875 0.55827592101 0.52818502624 0.50314433398 0.49770356363 0.48709583428 0.49236339280 0.48633610229 0.52128820683 0.51555689141 0.52687335120 0.56232245820 0.58915808727 0.64551372419 0.70164419483 0.81577520223 1.04238310921 

---- Expected P_neut(i), 0 < i < n (neutral SFS per site) 
E[P_neut(1)] = 0.0101491978
E[P_neut(2)] = 0.0043789886
E[P_neut(3)] = 0.0024296996
E[P_neut(4)] = 0.0015682954
E[P_neut(5)] = 0.0011335956
E[P_neut(6)] = 0.0008938411
E[P_neut(7)] = 0.0007299324
E[P_neut(8)] = 0.0006318917
E[P_neut(9)] = 0.0005497858
E[P_neut(10)] = 0.0005002644
E[P_neut(11)] = 0.0004493352
E[P_neut(12)] = 0.0004415989
E[P_neut(13)] = 0.0004033257
E[P_neut(14)] = 0.0003829708
E[P_neut(15)] = 0.0003817709
E[P_neut(16)] = 0.0003755186
E[P_neut(17)] = 0.0003881793
E[P_neut(18)] = 0.0004006799
E[P_neut(19)] = 0.0004475176

---- Expected P_sel(i), 0 < i < n (selected SFS per site) 
E[P_sel(1)] = 0.0072341853
E[P_sel(2)] = 0.0028261962
E[P_sel(3)] = 0.0014925898
E[P_sel(4)] = 0.0009337033
E[P_sel(5)] = 0.0006600240
E[P_sel(6)] = 0.0005117422
E[P_sel(7)] = 0.0004124508
E[P_sel(8)] = 0.0003533679
E[P_sel(9)] = 0.0003049517
E[P_sel(10)] = 0.0002757444
E[P_sel(11)] = 0.0002465502
E[P_sel(12)] = 0.0002416176
E[P_sel(13)] = 0.0002204430
E[P_sel(14)] = 0.0002095125
E[P_sel(15)] = 0.0002095439
E[P_sel(16)] = 0.0002074132
E[P_sel(17)] = 0.0002166382
E[P_sel(18)] = 0.0002273446
E[P_sel(19)] = 0.0002613602

---- Expected D_neut and D_sel (neutral and selected divergence per site) 
E[D_neut] = 0.0198154512
E[D_sel] = 0.0125205105

---- Expected neutral and selected misattributed polymorphism per site
E[mis_neut] = 0.0005295551
E[mis_sel] = 0.0003176733

---- alpha_div = 0.235076
---- alpha_dfe = 0.234848

