---- Running command
---- ./polyDFE -d Mmc/167.polyDFE.config.txt -m C -e 
---- Performing inference using model C

---- Performing inference on Mmc/167.polyDFE.config.txt
---- No mutation variability. Using Poisson likelihood.


---- Calculating initial values

-- Starting local optimization
-- Optimizing all parameters
  it        eps_an        lambda     theta_bar           S_d             b           p_b           S_b           r 2           r 3           r 4           r 5           r 6           r 7           r 8           r 9          r 10          r 11          r 12          r 13          r 14          r 15          r 16          r 17          r 18          r 19          r 20           ln lk          grad status 
   0           0.1 0.01929272851 0.01135223872        -20000         0.208           0.1            20 0.87316413613 0.73232449875 0.64389219107 0.58322722099 0.55346362553 0.53978693810 0.53830380618 0.52603620269 0.54839649885 0.54923351212 0.59665209073 0.62362192732 0.66617420707 0.74794258532 0.87276544152 1.10494057400 1.58693705208             1             1 -1115693.128114 23153.4763101   -2 
 720 0.00374554260 0.01934733913 0.01016593069 -75.924748160 0.12203231863 0.01933030806 7.77337168067 0.86461045760 0.71956922162 0.61997899523 0.55365690882 0.52635375623 0.50456367198 0.49539539172 0.48169722416 0.48743837354 0.47867290605 0.51460444794 0.51617168117 0.51910317042 0.55667685244 0.58701804585 0.63344765707 0.69419580687 0.77715271281 1.01032245280 -273.4619909458 0.17147905213   -3 
-- Local optimization: stuck in the same solution
---- Best joint likelihood found -273.461990945856087 with gradient 0.17148

---- Results for Mmc/167.polyDFE.config.txt 
--  Model: C
--        eps_an        lambda     theta_bar             a 
-- 0.00374554260 0.01934733913 0.01016593069            -1 
--           S_d             b           p_b           S_b 
-- -75.924748160 0.12203231863 0.01933030806 7.77337168067 
--           r 2           r 3           r 4           r 5           r 6           r 7           r 8           r 9          r 10          r 11          r 12          r 13          r 14          r 15          r 16          r 17          r 18          r 19          r 20 
-- 0.86461045760 0.71956922162 0.61997899523 0.55365690882 0.52635375623 0.50456367198 0.49539539172 0.48169722416 0.48743837354 0.47867290605 0.51460444794 0.51617168117 0.51910317042 0.55667685244 0.58701804585 0.63344765707 0.69419580687 0.77715271281 1.01032245280 

---- Expected P_neut(i), 0 < i < n (neutral SFS per site) 
E[P_neut(1)] = 0.0101294112
E[P_neut(2)] = 0.0043797926
E[P_neut(3)] = 0.0024306494
E[P_neut(4)] = 0.0015711611
E[P_neut(5)] = 0.0011228843
E[P_neut(6)] = 0.0008898842
E[P_neut(7)] = 0.0007315329
E[P_neut(8)] = 0.0006287944
E[P_neut(9)] = 0.0005437191
E[P_neut(10)] = 0.0004955265
E[P_neut(11)] = 0.0004427588
E[P_neut(12)] = 0.0004366778
E[P_neut(13)] = 0.0004048762
E[P_neut(14)] = 0.0003788690
E[P_neut(15)] = 0.0003800791
E[P_neut(16)] = 0.0003774788
E[P_neut(17)] = 0.0003865133
E[P_neut(18)] = 0.0004070561
E[P_neut(19)] = 0.0004523342

---- Expected P_sel(i), 0 < i < n (selected SFS per site) 
E[P_sel(1)] = 0.0072571371
E[P_sel(2)] = 0.0028341805
E[P_sel(3)] = 0.0014946571
E[P_sel(4)] = 0.0009353372
E[P_sel(5)] = 0.0006532532
E[P_sel(6)] = 0.0005087941
E[P_sel(7)] = 0.0004126469
E[P_sel(8)] = 0.0003509444
E[P_sel(9)] = 0.0003009488
E[P_sel(10)] = 0.0002725395
E[P_sel(11)] = 0.0002424220
E[P_sel(12)] = 0.0002384435
E[P_sel(13)] = 0.0002208954
E[P_sel(14)] = 0.0002069736
E[P_sel(15)] = 0.0002084234
E[P_sel(16)] = 0.0002084683
E[P_sel(17)] = 0.0002159626
E[P_sel(18)] = 0.0002318742
E[P_sel(19)] = 0.0002678101

---- Expected D_neut and D_sel (neutral and selected divergence per site) 
E[D_neut] = 0.0198608825
E[D_sel] = 0.0125513965

---- Expected neutral and selected misattributed polymorphism per site
E[mis_neut] = 0.0005135434
E[mis_sel] = 0.0003082780

---- alpha_div = 0.242928
---- alpha_dfe = 0.242883

