---- Running command
---- ./polyDFE -d Mmc/168.polyDFE.config.txt -m C -e 
---- Performing inference using model C

---- Performing inference on Mmc/168.polyDFE.config.txt
---- No mutation variability. Using Poisson likelihood.


---- Calculating initial values

-- Starting local optimization
-- Optimizing all parameters
  it        eps_an        lambda     theta_bar           S_d             b           p_b           S_b           r 2           r 3           r 4           r 5           r 6           r 7           r 8           r 9          r 10          r 11          r 12          r 13          r 14          r 15          r 16          r 17          r 18          r 19          r 20           ln lk          grad status 
   0           0.1 0.01930094820 0.01138978179        -20000         0.208           0.1            20 0.86974936213 0.73646597622 0.64034483595 0.58316238200 0.56222730107 0.54006558236 0.53674334570 0.52654149591 0.54922156410 0.55114735401 0.59490289482 0.62478419315 0.67471340353 0.74408002575 0.86222987397 1.10417201006 1.56826307513             1             1 -1116975.918327 23181.4492812   -2 
 274 0.00357728248 0.01935759096 0.01022033749 -104.81514838 0.10724602176 0.00609599237 20.8888547617 0.85944952094 0.71694536243 0.61472391863 0.55179437926 0.52678894462 0.50510719503 0.49640951235 0.48150189746 0.48895199723 0.48104271619 0.50757296410 0.51613575577 0.52580967430 0.55597828962 0.58665509524 0.63801988415 0.68677518291 0.76746151253 0.99914296076 -305.0659887217 1.86868448863   -3 
-- Local optimization: stuck in the same solution
---- Best joint likelihood found -305.065988721791655 with gradient 1.86868

---- Results for Mmc/168.polyDFE.config.txt 
--  Model: C
--        eps_an        lambda     theta_bar             a 
-- 0.00357728248 0.01935759096 0.01022033749            -1 
--           S_d             b           p_b           S_b 
-- -104.81514838 0.10724602176 0.00609599237 20.8888547617 
--           r 2           r 3           r 4           r 5           r 6           r 7           r 8           r 9          r 10          r 11          r 12          r 13          r 14          r 15          r 16          r 17          r 18          r 19          r 20 
-- 0.85944952094 0.71694536243 0.61472391863 0.55179437926 0.52678894462 0.50510719503 0.49640951235 0.48150189746 0.48895199723 0.48104271619 0.50757296410 0.51613575577 0.52580967430 0.55597828962 0.58665509524 0.63801988415 0.68677518291 0.76746151253 0.99914296076 

---- Expected P_neut(i), 0 < i < n (neutral SFS per site) 
E[P_neut(1)] = 0.0101852533
E[P_neut(2)] = 0.0043776159
E[P_neut(3)] = 0.0024351093
E[P_neut(4)] = 0.0015663933
E[P_neut(5)] = 0.0011252253
E[P_neut(6)] = 0.0008954900
E[P_neut(7)] = 0.0007362943
E[P_neut(8)] = 0.0006334619
E[P_neut(9)] = 0.0005464330
E[P_neut(10)] = 0.0004997254
E[P_neut(11)] = 0.0004473043
E[P_neut(12)] = 0.0004330195
E[P_neut(13)] = 0.0004069621
E[P_neut(14)] = 0.0003856906
E[P_neut(15)] = 0.0003814987
E[P_neut(16)] = 0.0003790165
E[P_neut(17)] = 0.0003909405
E[P_neut(18)] = 0.0004042648
E[P_neut(19)] = 0.0004479114

---- Expected P_sel(i), 0 < i < n (selected SFS per site) 
E[P_sel(1)] = 0.0072315543
E[P_sel(2)] = 0.0028267193
E[P_sel(3)] = 0.0014999634
E[P_sel(4)] = 0.0009360428
E[P_sel(5)] = 0.0006577976
E[P_sel(6)] = 0.0005146739
E[P_sel(7)] = 0.0004174278
E[P_sel(8)] = 0.0003551044
E[P_sel(9)] = 0.0003034530
E[P_sel(10)] = 0.0002753412
E[P_sel(11)] = 0.0002448653
E[P_sel(12)] = 0.0002358182
E[P_sel(13)] = 0.0002207739
E[P_sel(14)] = 0.0002087421
E[P_sel(15)] = 0.0002063664
E[P_sel(16)] = 0.0002054600
E[P_sel(17)] = 0.0002132748
E[P_sel(18)] = 0.0002238789
E[P_sel(19)] = 0.0002586742

---- Expected D_neut and D_sel (neutral and selected divergence per site) 
E[D_neut] = 0.0198681699
E[D_sel] = 0.0125407081

---- Expected neutral and selected misattributed polymorphism per site
E[mis_neut] = 0.0005105789
E[mis_sel] = 0.0002975914

---- alpha_div = 0.201873
---- alpha_dfe = 0.202044

