---- Running command
---- ./polyDFE -d Mmc/169.polyDFE.config.txt -m C -e 
---- Performing inference using model C

---- Performing inference on Mmc/169.polyDFE.config.txt
---- No mutation variability. Using Poisson likelihood.


---- Calculating initial values

-- Starting local optimization
-- Optimizing all parameters
  it        eps_an        lambda     theta_bar           S_d             b           p_b           S_b           r 2           r 3           r 4           r 5           r 6           r 7           r 8           r 9          r 10          r 11          r 12          r 13          r 14          r 15          r 16          r 17          r 18          r 19          r 20           ln lk          grad status 
   0           0.1 0.01925645761 0.01138485089        -20000         0.208           0.1            20 0.86965311268 0.73173735541 0.64334880488 0.58264318484 0.55969879167 0.54184877500 0.53539844958 0.52597894358 0.55127601530 0.55830715064 0.60090625039 0.62056492188 0.66344267327 0.75154455091 0.86224853966 1.09878733671 1.56729799260             1             1 -1114960.640620 23154.3878073   -2 
 262 0.00530564160 0.01931593994 0.01022100552 -103.52974453 0.10755794472 0.00638251893 20.1053346567 0.86094506811 0.71596726938 0.61609944556 0.55275924074 0.52439390657 0.50691524313 0.49013125222 0.47743533686 0.48885466739 0.48338859719 0.51501350351 0.51287824389 0.52178800554 0.56093987827 0.57870564043 0.62814221329 0.67377456872 0.73494250292 0.99545139786 -302.1496414795 0.36732912759   -3 
-- Local optimization: stuck in the same solution
---- Best joint likelihood found -302.149641479511047 with gradient 0.36733

---- Results for Mmc/169.polyDFE.config.txt 
--  Model: C
--        eps_an        lambda     theta_bar             a 
-- 0.00530564160 0.01931593994 0.01022100552            -1 
--           S_d             b           p_b           S_b 
-- -103.52974453 0.10755794472 0.00638251893 20.1053346567 
--           r 2           r 3           r 4           r 5           r 6           r 7           r 8           r 9          r 10          r 11          r 12          r 13          r 14          r 15          r 16          r 17          r 18          r 19          r 20 
-- 0.86094506811 0.71596726938 0.61609944556 0.55275924074 0.52439390657 0.50691524313 0.49013125222 0.47743533686 0.48885466739 0.48338859719 0.51501350351 0.51287824389 0.52178800554 0.56093987827 0.57870564043 0.62814221329 0.67377456872 0.73494250292 0.99545139786 

---- Expected P_neut(i), 0 < i < n (neutral SFS per site) 
E[P_neut(1)] = 0.0101688742
E[P_neut(2)] = 0.0043785480
E[P_neut(3)] = 0.0024283635
E[P_neut(4)] = 0.0015678978
E[P_neut(5)] = 0.0011259839
E[P_neut(6)] = 0.0008905871
E[P_neut(7)] = 0.0007383815
E[P_neut(8)] = 0.0006252093
E[P_neut(9)] = 0.0005417140
E[P_neut(10)] = 0.0004996586
E[P_neut(11)] = 0.0004496498
E[P_neut(12)] = 0.0004396580
E[P_neut(13)] = 0.0004050285
E[P_neut(14)] = 0.0003836611
E[P_neut(15)] = 0.0003861918
E[P_neut(16)] = 0.0003760758
E[P_neut(17)] = 0.0003885998
E[P_neut(18)] = 0.0004039061
E[P_neut(19)] = 0.0004474919

---- Expected P_sel(i), 0 < i < n (selected SFS per site) 
E[P_sel(1)] = 0.0072245021
E[P_sel(2)] = 0.0028287323
E[P_sel(3)] = 0.0014964255
E[P_sel(4)] = 0.0009372845
E[P_sel(5)] = 0.0006584649
E[P_sel(6)] = 0.0005120297
E[P_sel(7)] = 0.0004187590
E[P_sel(8)] = 0.0003506112
E[P_sel(9)] = 0.0003009616
E[P_sel(10)] = 0.0002754414
E[P_sel(11)] = 0.0002462940
E[P_sel(12)] = 0.0002396021
E[P_sel(13)] = 0.0002199182
E[P_sel(14)] = 0.0002078738
E[P_sel(15)] = 0.0002092004
E[P_sel(16)] = 0.0002042671
E[P_sel(17)] = 0.0002126083
E[P_sel(18)] = 0.0002247874
E[P_sel(19)] = 0.0002614354

---- Expected D_neut and D_sel (neutral and selected divergence per site) 
E[D_neut] = 0.0198246657
E[D_sel] = 0.0125275787

---- Expected neutral and selected misattributed polymorphism per site
E[mis_neut] = 0.0005087257
E[mis_sel] = 0.0002971532

---- alpha_div = 0.203325
---- alpha_dfe = 0.203433

