---- Running command
---- ./polyDFE -d Mmc/17.polyDFE.config.txt -m C -e 
---- Performing inference using model C

---- Performing inference on Mmc/17.polyDFE.config.txt
---- No mutation variability. Using Poisson likelihood.


---- Calculating initial values

-- Starting local optimization
-- Optimizing all parameters
  it        eps_an        lambda     theta_bar           S_d             b           p_b           S_b           r 2           r 3           r 4           r 5           r 6           r 7           r 8           r 9          r 10          r 11          r 12          r 13          r 14          r 15          r 16          r 17          r 18          r 19          r 20           ln lk          grad status 
   0           0.1 0.01925669053 0.01134568595        -20000         0.208           0.1            20 0.87410946206 0.73748515807 0.64468722427 0.58579305756 0.55900113923 0.54590374551 0.53546426443 0.53769497862 0.56020194812 0.55382466470 0.59272398666 0.62097966726 0.66524162289 0.75402516962 0.86810377765 1.11198516932 1.57603573813             1             1 -1116185.471342 23166.5322990   -2 
 676 0.00107574037 0.01926259189 0.01012856553 -80.645038312 0.12075688521 0.02010146957 7.47698663951 0.86806382556 0.72445939885 0.62104446571 0.55837330765 0.53205585815 0.51205074185 0.49521837386 0.48979331220 0.49842988195 0.48622931378 0.51194426416 0.51243152436 0.52447072231 0.56002417945 0.59057802727 0.65160405618 0.70906612329 0.81957109755 1.11035681531 -278.8470965628 0.07499309644   -3 
-- Local optimization: stuck in the same solution
---- Best joint likelihood found -278.847096562894876 with gradient 0.07499

---- Results for Mmc/17.polyDFE.config.txt 
--  Model: C
--        eps_an        lambda     theta_bar             a 
-- 0.00107574037 0.01926259189 0.01012856553            -1 
--           S_d             b           p_b           S_b 
-- -80.645038312 0.12075688521 0.02010146957 7.47698663951 
--           r 2           r 3           r 4           r 5           r 6           r 7           r 8           r 9          r 10          r 11          r 12          r 13          r 14          r 15          r 16          r 17          r 18          r 19          r 20 
-- 0.86806382556 0.72445939885 0.62104446571 0.55837330765 0.53205585815 0.51205074185 0.49521837386 0.48979331220 0.49842988195 0.48622931378 0.51194426416 0.51243152436 0.52447072231 0.56002417945 0.59057802727 0.65160405618 0.70906612329 0.81957109755 1.11035681531 

---- Expected P_neut(i), 0 < i < n (neutral SFS per site) 
E[P_neut(1)] = 0.0101181398
E[P_neut(2)] = 0.0043918208
E[P_neut(3)] = 0.0024436980
E[P_neut(4)] = 0.0015712829
E[P_neut(5)] = 0.0011302941
E[P_neut(6)] = 0.0008976024
E[P_neut(7)] = 0.0007405381
E[P_neut(8)] = 0.0006267718
E[P_neut(9)] = 0.0005511002
E[P_neut(10)] = 0.0005048380
E[P_neut(11)] = 0.0004478209
E[P_neut(12)] = 0.0004323147
E[P_neut(13)] = 0.0003996134
E[P_neut(14)] = 0.0003799963
E[P_neut(15)] = 0.0003789594
E[P_neut(16)] = 0.0003751463
E[P_neut(17)] = 0.0003904379
E[P_neut(18)] = 0.0004032900
E[P_neut(19)] = 0.0004473246

---- Expected P_sel(i), 0 < i < n (selected SFS per site) 
E[P_sel(1)] = 0.0072229686
E[P_sel(2)] = 0.0028336273
E[P_sel(3)] = 0.0014991483
E[P_sel(4)] = 0.0009336231
E[P_sel(5)] = 0.0006565419
E[P_sel(6)] = 0.0005125625
E[P_sel(7)] = 0.0004173133
E[P_sel(8)] = 0.0003495532
E[P_sel(9)] = 0.0003048721
E[P_sel(10)] = 0.0002775698
E[P_sel(11)] = 0.0002451592
E[P_sel(12)] = 0.0002360684
E[P_sel(13)] = 0.0002180615
E[P_sel(14)] = 0.0002076426
E[P_sel(15)] = 0.0002078659
E[P_sel(16)] = 0.0002071921
E[P_sel(17)] = 0.0002180083
E[P_sel(18)] = 0.0002290361
E[P_sel(19)] = 0.0002613763

---- Expected D_neut and D_sel (neutral and selected divergence per site) 
E[D_neut] = 0.0198249080
E[D_sel] = 0.0125160637

---- Expected neutral and selected misattributed polymorphism per site
E[mis_neut] = 0.0005623161
E[mis_sel] = 0.0003377064

---- alpha_div = 0.243647
---- alpha_dfe = 0.243566

