---- Running command
---- ./polyDFE -d Mmc/170.polyDFE.config.txt -m C -e 
---- Performing inference using model C

---- Performing inference on Mmc/170.polyDFE.config.txt
---- No mutation variability. Using Poisson likelihood.


---- Calculating initial values

-- Starting local optimization
-- Optimizing all parameters
  it        eps_an        lambda     theta_bar           S_d             b           p_b           S_b           r 2           r 3           r 4           r 5           r 6           r 7           r 8           r 9          r 10          r 11          r 12          r 13          r 14          r 15          r 16          r 17          r 18          r 19          r 20           ln lk          grad status 
   0           0.1 0.01925700709 0.01137300276        -20000         0.208           0.1            20 0.87384004155 0.73593586743 0.64313979626 0.58079524346 0.55312010122 0.53511872265 0.53640729495 0.53146704425 0.55367497408 0.55557502542 0.59723928736 0.62432665009 0.66375394067 0.74767798325 0.85761287767 1.12319805365 1.57761593235             1             1 -1114554.690716 23141.6351267   -2 
 654 0.00059483455 0.01924581401 0.01015440478 -77.035792090 0.12573473045 0.02693193112 5.91070609759 0.86592600944 0.72062533950 0.62170191927 0.55383315168 0.52306088390 0.50369120645 0.49588056637 0.48812811412 0.49751683079 0.48239967487 0.51331950956 0.51544115548 0.52497434357 0.55702394112 0.58610760820 0.66085260947 0.71173694935 0.82063897337 1.14443309472 -272.8644636218 0.03955007372   -3 
-- Local optimization: stuck in the same solution
---- Best joint likelihood found -272.864463621866889 with gradient 0.03955

---- Results for Mmc/170.polyDFE.config.txt 
--  Model: C
--        eps_an        lambda     theta_bar             a 
-- 0.00059483455 0.01924581401 0.01015440478            -1 
--           S_d             b           p_b           S_b 
-- -77.035792090 0.12573473045 0.02693193112 5.91070609759 
--           r 2           r 3           r 4           r 5           r 6           r 7           r 8           r 9          r 10          r 11          r 12          r 13          r 14          r 15          r 16          r 17          r 18          r 19          r 20 
-- 0.86592600944 0.72062533950 0.62170191927 0.55383315168 0.52306088390 0.50369120645 0.49588056637 0.48812811412 0.49751683079 0.48239967487 0.51331950956 0.51544115548 0.52497434357 0.55702394112 0.58610760820 0.66085260947 0.71173694935 0.82063897337 1.14443309472 

---- Expected P_neut(i), 0 < i < n (neutral SFS per site) 
E[P_neut(1)] = 0.0101486255
E[P_neut(2)] = 0.0043941053
E[P_neut(3)] = 0.0024379577
E[P_neut(4)] = 0.0015775357
E[P_neut(5)] = 0.0011243245
E[P_neut(6)] = 0.0008849286
E[P_neut(7)] = 0.0007304741
E[P_neut(8)] = 0.0006293055
E[P_neut(9)] = 0.0005506762
E[P_neut(10)] = 0.0005051987
E[P_neut(11)] = 0.0004453792
E[P_neut(12)] = 0.0004344872
E[P_neut(13)] = 0.0004028104
E[P_neut(14)] = 0.0003810716
E[P_neut(15)] = 0.0003775279
E[P_neut(16)] = 0.0003726909
E[P_neut(17)] = 0.0003959552
E[P_neut(18)] = 0.0004038911
E[P_neut(19)] = 0.0004443635

---- Expected P_sel(i), 0 < i < n (selected SFS per site) 
E[P_sel(1)] = 0.0072368412
E[P_sel(2)] = 0.0028262087
E[P_sel(3)] = 0.0014895132
E[P_sel(4)] = 0.0009331295
E[P_sel(5)] = 0.0006500829
E[P_sel(6)] = 0.0005030715
E[P_sel(7)] = 0.0004099231
E[P_sel(8)] = 0.0003496495
E[P_sel(9)] = 0.0003036622
E[P_sel(10)] = 0.0002770655
E[P_sel(11)] = 0.0002433984
E[P_sel(12)] = 0.0002370575
E[P_sel(13)] = 0.0002198472
E[P_sel(14)] = 0.0002085017
E[P_sel(15)] = 0.0002075960
E[P_sel(16)] = 0.0002065880
E[P_sel(17)] = 0.0002221082
E[P_sel(18)] = 0.0002304898
E[P_sel(19)] = 0.0002602374

---- Expected D_neut and D_sel (neutral and selected divergence per site) 
E[D_neut] = 0.0198268659
E[D_sel] = 0.0124988338

---- Expected neutral and selected misattributed polymorphism per site
E[mis_neut] = 0.0005810518
E[mis_sel] = 0.0003503205

---- alpha_div = 0.261774
---- alpha_dfe = 0.261674

