---- Running command
---- ./polyDFE -d Mmc/171.polyDFE.config.txt -m C -e 
---- Performing inference using model C

---- Performing inference on Mmc/171.polyDFE.config.txt
---- No mutation variability. Using Poisson likelihood.


---- Calculating initial values

-- Starting local optimization
-- Optimizing all parameters
  it        eps_an        lambda     theta_bar           S_d             b           p_b           S_b           r 2           r 3           r 4           r 5           r 6           r 7           r 8           r 9          r 10          r 11          r 12          r 13          r 14          r 15          r 16          r 17          r 18          r 19          r 20           ln lk          grad status 
   0           0.1 0.01928999999 0.01136677313        -20000         0.208           0.1            20 0.87099617055 0.73537854898 0.64652804578 0.57772225079 0.55294934138 0.54267168381 0.54018903538 0.52846691486 0.55501785819 0.55460551391 0.59296173150 0.62197599325 0.66795774879 0.75007755076 0.86652048113 1.11023420267 1.57724454787             1             1 -1115674.486752 23161.6449659   -2 
 791 0.00102440975 0.01931392980 0.01015374287 -75.324856360 0.12514577595 0.02477840631 6.35486672134 0.86260554132 0.72122753311 0.62176105121 0.55342435706 0.52350083963 0.51119632834 0.49747414100 0.48432272882 0.49592624967 0.48403920914 0.51241286627 0.51534236154 0.52792280856 0.55728772641 0.58956977794 0.64885758670 0.70407114702 0.81910587576 1.07676292228 -270.6027909351 0.09559143985   -8 
-- Local optimization: reached maximum number of likelihood evaluations allowed.
---- Best joint likelihood found -270.602790935110534 with gradient 0.09559

---- Results for Mmc/171.polyDFE.config.txt 
--  Model: C
--        eps_an        lambda     theta_bar             a 
-- 0.00102440975 0.01931392980 0.01015374287            -1 
--           S_d             b           p_b           S_b 
-- -75.324856360 0.12514577595 0.02477840631 6.35486672134 
--           r 2           r 3           r 4           r 5           r 6           r 7           r 8           r 9          r 10          r 11          r 12          r 13          r 14          r 15          r 16          r 17          r 18          r 19          r 20 
-- 0.86260554132 0.72122753311 0.62176105121 0.55342435706 0.52350083963 0.51119632834 0.49747414100 0.48432272882 0.49592624967 0.48403920914 0.51241286627 0.51534236154 0.52792280856 0.55728772641 0.58956977794 0.64885758670 0.70407114702 0.81910587576 1.07676292228 

---- Expected P_neut(i), 0 < i < n (neutral SFS per site) 
E[P_neut(1)] = 0.0101437897
E[P_neut(2)] = 0.0043752581
E[P_neut(3)] = 0.0024389493
E[P_neut(4)] = 0.0015770669
E[P_neut(5)] = 0.0011231009
E[P_neut(6)] = 0.0008854002
E[P_neut(7)] = 0.0007411607
E[P_neut(8)] = 0.0006312004
E[P_neut(9)] = 0.0005463078
E[P_neut(10)] = 0.0005035508
E[P_neut(11)] = 0.0004469029
E[P_neut(12)] = 0.0004337784
E[P_neut(13)] = 0.0004028591
E[P_neut(14)] = 0.0003834005
E[P_neut(15)] = 0.0003780019
E[P_neut(16)] = 0.0003753798
E[P_neut(17)] = 0.0003896526
E[P_neut(18)] = 0.0004012437
E[P_neut(19)] = 0.0004476895

---- Expected P_sel(i), 0 < i < n (selected SFS per site) 
E[P_sel(1)] = 0.0072511779
E[P_sel(2)] = 0.0028215660
E[P_sel(3)] = 0.0014939963
E[P_sel(4)] = 0.0009351652
E[P_sel(5)] = 0.0006508844
E[P_sel(6)] = 0.0005044185
E[P_sel(7)] = 0.0004167277
E[P_sel(8)] = 0.0003513051
E[P_sel(9)] = 0.0003016976
E[P_sel(10)] = 0.0002764959
E[P_sel(11)] = 0.0002444570
E[P_sel(12)] = 0.0002368178
E[P_sel(13)] = 0.0002199405
E[P_sel(14)] = 0.0002097712
E[P_sel(15)] = 0.0002077868
E[P_sel(16)] = 0.0002079545
E[P_sel(17)] = 0.0002184180
E[P_sel(18)] = 0.0002288857
E[P_sel(19)] = 0.0002625910

---- Expected D_neut and D_sel (neutral and selected divergence per site) 
E[D_neut] = 0.0198605885
E[D_sel] = 0.0125437587

---- Expected neutral and selected misattributed polymorphism per site
E[mis_neut] = 0.0005466587
E[mis_sel] = 0.0003295586

---- alpha_div = 0.257393
---- alpha_dfe = 0.257214

