---- Running command
---- ./polyDFE -d Mmc/172.polyDFE.config.txt -m C -e 
---- Performing inference using model C

---- Performing inference on Mmc/172.polyDFE.config.txt
---- No mutation variability. Using Poisson likelihood.


---- Calculating initial values

-- Starting local optimization
-- Optimizing all parameters
  it        eps_an        lambda     theta_bar           S_d             b           p_b           S_b           r 2           r 3           r 4           r 5           r 6           r 7           r 8           r 9          r 10          r 11          r 12          r 13          r 14          r 15          r 16          r 17          r 18          r 19          r 20           ln lk          grad status 
   0           0.1 0.01928608395 0.01137311070        -20000         0.208           0.1            20 0.87218249496 0.73214583830 0.64391040529 0.58071843152 0.55639385011 0.53927901744 0.53880284085 0.53775311837 0.54706202810 0.55992335350 0.59208546737 0.62085186435 0.66100086692 0.74730620079 0.87206532132 1.10668393369 1.59034009135             1             1 -1115639.399817 23134.0313901   -2 
1106 0.00014150994 0.01930775808 0.01014523740 -69.143217669 0.12928628181 0.02802154754 5.79459576398 0.86472900756 0.71992540778 0.61985370444 0.55556563507 0.52815630718 0.50807474229 0.49620286470 0.48844890507 0.49257541871 0.48845597032 0.51407816009 0.51564256022 0.52311166580 0.55832498483 0.59707399465 0.65442829588 0.72006684239 0.83491564441 1.08376144524 -277.3014733299 0.07914853274   -8 
-- Local optimization: reached maximum number of likelihood evaluations allowed.
---- Best joint likelihood found -277.301473329935106 with gradient 0.07915

---- Results for Mmc/172.polyDFE.config.txt 
--  Model: C
--        eps_an        lambda     theta_bar             a 
-- 0.00014150994 0.01930775808 0.01014523740            -1 
--           S_d             b           p_b           S_b 
-- -69.143217669 0.12928628181 0.02802154754 5.79459576398 
--           r 2           r 3           r 4           r 5           r 6           r 7           r 8           r 9          r 10          r 11          r 12          r 13          r 14          r 15          r 16          r 17          r 18          r 19          r 20 
-- 0.86472900756 0.71992540778 0.61985370444 0.55556563507 0.52815630718 0.50807474229 0.49620286470 0.48844890507 0.49257541871 0.48845597032 0.51407816009 0.51564256022 0.52311166580 0.55832498483 0.59707399465 0.65442829588 0.72006684239 0.83491564441 1.08376144524 

---- Expected P_neut(i), 0 < i < n (neutral SFS per site) 
E[P_neut(1)] = 0.0101438648
E[P_neut(2)] = 0.0043858772
E[P_neut(3)] = 0.0024343155
E[P_neut(4)] = 0.0015719718
E[P_neut(5)] = 0.0011271630
E[P_neut(6)] = 0.0008929725
E[P_neut(7)] = 0.0007363154
E[P_neut(8)] = 0.0006292344
E[P_neut(9)] = 0.0005505892
E[P_neut(10)] = 0.0004997295
E[P_neut(11)] = 0.0004505143
E[P_neut(12)] = 0.0004346480
E[P_neut(13)] = 0.0004024562
E[P_neut(14)] = 0.0003791507
E[P_neut(15)] = 0.0003777287
E[P_neut(16)] = 0.0003787600
E[P_neut(17)] = 0.0003908381
E[P_neut(18)] = 0.0004064105
E[P_neut(19)] = 0.0004471840

---- Expected P_sel(i), 0 < i < n (selected SFS per site) 
E[P_sel(1)] = 0.0072771146
E[P_sel(2)] = 0.0028337900
E[P_sel(3)] = 0.0014923980
E[P_sel(4)] = 0.0009323241
E[P_sel(5)] = 0.0006531140
E[P_sel(6)] = 0.0005085248
E[P_sel(7)] = 0.0004137948
E[P_sel(8)] = 0.0003500348
E[P_sel(9)] = 0.0003039344
E[P_sel(10)] = 0.0002743255
E[P_sel(11)] = 0.0002464226
E[P_sel(12)] = 0.0002373509
E[P_sel(13)] = 0.0002198494
E[P_sel(14)] = 0.0002076477
E[P_sel(15)] = 0.0002079232
E[P_sel(16)] = 0.0002101938
E[P_sel(17)] = 0.0002195097
E[P_sel(18)] = 0.0002321822
E[P_sel(19)] = 0.0002618031

---- Expected D_neut and D_sel (neutral and selected divergence per site) 
E[D_neut] = 0.0198575089
E[D_sel] = 0.0125481575

---- Expected neutral and selected misattributed polymorphism per site
E[mis_neut] = 0.0005497509
E[mis_sel] = 0.0003321856

---- alpha_div = 0.266869
---- alpha_dfe = 0.266643

