---- Running command
---- ./polyDFE -d Mmc/173.polyDFE.config.txt -m C -e 
---- Performing inference using model C

---- Performing inference on Mmc/173.polyDFE.config.txt
---- No mutation variability. Using Poisson likelihood.


---- Calculating initial values

-- Starting local optimization
-- Optimizing all parameters
  it        eps_an        lambda     theta_bar           S_d             b           p_b           S_b           r 2           r 3           r 4           r 5           r 6           r 7           r 8           r 9          r 10          r 11          r 12          r 13          r 14          r 15          r 16          r 17          r 18          r 19          r 20           ln lk          grad status 
   0           0.1 0.01925652710 0.01135861965        -20000         0.208           0.1            20 0.87340939020 0.73589306003 0.64729084480 0.58290869933 0.55539719023 0.53552478041 0.53812705840 0.53655651176 0.55655022356 0.55054175490 0.59142605430 0.61893905543 0.66318638542 0.75726566908 0.86728235726 1.10983495355 1.57990602179             1             1 -1115806.575765 23135.4787053   -2 
 826 0.00053257152 0.01927385269 0.01014326614 -83.051863650 0.11814442625 0.01695917099 8.54706781181 0.86557229199 0.72073213442 0.62366520663 0.55428404497 0.52686751514 0.50483597147 0.49862100577 0.48909564092 0.49967657125 0.48064762132 0.51446730938 0.51133722847 0.52276838099 0.56501711456 0.58997442325 0.65416354039 0.70879813163 0.83980421846 1.09030795207 -280.6109595166 0.15963952307   -8 
-- Local optimization: reached maximum number of likelihood evaluations allowed.
---- Best joint likelihood found -280.610959516605362 with gradient 0.15964

---- Results for Mmc/173.polyDFE.config.txt 
--  Model: C
--        eps_an        lambda     theta_bar             a 
-- 0.00053257152 0.01927385269 0.01014326614            -1 
--           S_d             b           p_b           S_b 
-- -83.051863650 0.11814442625 0.01695917099 8.54706781181 
--           r 2           r 3           r 4           r 5           r 6           r 7           r 8           r 9          r 10          r 11          r 12          r 13          r 14          r 15          r 16          r 17          r 18          r 19          r 20 
-- 0.86557229199 0.72073213442 0.62366520663 0.55428404497 0.52686751514 0.50483597147 0.49862100577 0.48909564092 0.49967657125 0.48064762132 0.51446730938 0.51133722847 0.52276838099 0.56501711456 0.58997442325 0.65416354039 0.70879813163 0.83980421846 1.09030795207 

---- Expected P_neut(i), 0 < i < n (neutral SFS per site) 
E[P_neut(1)] = 0.0101381029
E[P_neut(2)] = 0.0043877399
E[P_neut(3)] = 0.0024357694
E[P_neut(4)] = 0.0015808575
E[P_neut(5)] = 0.0011240548
E[P_neut(6)] = 0.0008904203
E[P_neut(7)] = 0.0007313494
E[P_neut(8)] = 0.0006321006
E[P_neut(9)] = 0.0005511677
E[P_neut(10)] = 0.0005068352
E[P_neut(11)] = 0.0004432700
E[P_neut(12)] = 0.0004349700
E[P_neut(13)] = 0.0003991486
E[P_neut(14)] = 0.0003790283
E[P_neut(15)] = 0.0003824700
E[P_neut(16)] = 0.0003746598
E[P_neut(17)] = 0.0003914049
E[P_neut(18)] = 0.0004015434
E[P_neut(19)] = 0.0004534979

---- Expected P_sel(i), 0 < i < n (selected SFS per site) 
E[P_sel(1)] = 0.0072405401
E[P_sel(2)] = 0.0028356157
E[P_sel(3)] = 0.0014975823
E[P_sel(4)] = 0.0009416374
E[P_sel(5)] = 0.0006545944
E[P_sel(6)] = 0.0005097530
E[P_sel(7)] = 0.0004131324
E[P_sel(8)] = 0.0003533069
E[P_sel(9)] = 0.0003055008
E[P_sel(10)] = 0.0002791100
E[P_sel(11)] = 0.0002429483
E[P_sel(12)] = 0.0002376716
E[P_sel(13)] = 0.0002178183
E[P_sel(14)] = 0.0002069809
E[P_sel(15)] = 0.0002094937
E[P_sel(16)] = 0.0002064501
E[P_sel(17)] = 0.0002178409
E[P_sel(18)] = 0.0002270664
E[P_sel(19)] = 0.0002634196

---- Expected D_neut and D_sel (neutral and selected divergence per site) 
E[D_neut] = 0.0198268169
E[D_sel] = 0.0125137656

---- Expected neutral and selected misattributed polymorphism per site
E[mis_neut] = 0.0005529642
E[mis_sel] = 0.0003310196

---- alpha_div = 0.233938
---- alpha_dfe = 0.233724

