---- Running command
---- ./polyDFE -d Mmc/174.polyDFE.config.txt -m C -e 
---- Performing inference using model C

---- Performing inference on Mmc/174.polyDFE.config.txt
---- No mutation variability. Using Poisson likelihood.


---- Calculating initial values

-- Starting local optimization
-- Optimizing all parameters
  it        eps_an        lambda     theta_bar           S_d             b           p_b           S_b           r 2           r 3           r 4           r 5           r 6           r 7           r 8           r 9          r 10          r 11          r 12          r 13          r 14          r 15          r 16          r 17          r 18          r 19          r 20           ln lk          grad status 
   0           0.1 0.01930378009 0.01134595409        -20000         0.208           0.1            20 0.87326969250 0.73552299289 0.64692209692 0.58940312598 0.56329362778 0.54024245917 0.54562455122 0.53300076346 0.55301249497 0.55822159832 0.59014980698 0.61622423063 0.66250834851 0.75588056092 0.86187593767 1.11732567602 1.57851797343             1             1 -1117865.634320 23188.3837427   -2 
 626 0.00157012491 0.01936461560 0.01013896634 -73.536937892 0.12705105461 0.02672217811 5.94324456118 0.86694048712 0.72006767817 0.62183462845 0.56088005482 0.53219577728 0.50968035021 0.50201517161 0.48957626628 0.49851193897 0.49022094956 0.51017261688 0.50892549627 0.52202736162 0.55852571675 0.57862956741 0.65220315098 0.70068656669 0.80326277819 1.00471671364 -285.3705027529 0.37649484459   -3 
-- Local optimization: stuck in the same solution
---- Best joint likelihood found -285.370502752935863 with gradient 0.37649

---- Results for Mmc/174.polyDFE.config.txt 
--  Model: C
--        eps_an        lambda     theta_bar             a 
-- 0.00157012491 0.01936461560 0.01013896634            -1 
--           S_d             b           p_b           S_b 
-- -73.536937892 0.12705105461 0.02672217811 5.94324456118 
--           r 2           r 3           r 4           r 5           r 6           r 7           r 8           r 9          r 10          r 11          r 12          r 13          r 14          r 15          r 16          r 17          r 18          r 19          r 20 
-- 0.86694048712 0.72006767817 0.62183462845 0.56088005482 0.53219577728 0.50968035021 0.50201517161 0.48957626628 0.49851193897 0.49022094956 0.51017261688 0.50892549627 0.52202736162 0.55852571675 0.57862956741 0.65220315098 0.70068656669 0.80326277819 1.00471671364 

---- Expected P_neut(i), 0 < i < n (neutral SFS per site) 
E[P_neut(1)] = 0.0101237199
E[P_neut(2)] = 0.0043886593
E[P_neut(3)] = 0.0024303704
E[P_neut(4)] = 0.0015742910
E[P_neut(5)] = 0.0011361558
E[P_neut(6)] = 0.0008985007
E[P_neut(7)] = 0.0007376972
E[P_neut(8)] = 0.0006359172
E[P_neut(9)] = 0.0005513765
E[P_neut(10)] = 0.0005054396
E[P_neut(11)] = 0.0004520050
E[P_neut(12)] = 0.0004313741
E[P_neut(13)] = 0.0003974573
E[P_neut(14)] = 0.0003788769
E[P_neut(15)] = 0.0003787179
E[P_neut(16)] = 0.0003685682
E[P_neut(17)] = 0.0003921906
E[P_neut(18)] = 0.0004009608
E[P_neut(19)] = 0.0004438914

---- Expected P_sel(i), 0 < i < n (selected SFS per site) 
E[P_sel(1)] = 0.0072376409
E[P_sel(2)] = 0.0028281462
E[P_sel(3)] = 0.0014869758
E[P_sel(4)] = 0.0009321823
E[P_sel(5)] = 0.0006574225
E[P_sel(6)] = 0.0005110578
E[P_sel(7)] = 0.0004141157
E[P_sel(8)] = 0.0003533826
E[P_sel(9)] = 0.0003040547
E[P_sel(10)] = 0.0002771669
E[P_sel(11)] = 0.0002469629
E[P_sel(12)] = 0.0002352806
E[P_sel(13)] = 0.0002168342
E[P_sel(14)] = 0.0002071994
E[P_sel(15)] = 0.0002081400
E[P_sel(16)] = 0.0002042024
E[P_sel(17)] = 0.0002199289
E[P_sel(18)] = 0.0002289273
E[P_sel(19)] = 0.0002610214

---- Expected D_neut and D_sel (neutral and selected divergence per site) 
E[D_neut] = 0.0198739551
E[D_sel] = 0.0125190237

---- Expected neutral and selected misattributed polymorphism per site
E[mis_neut] = 0.0005093394
E[mis_sel] = 0.0003067769

---- alpha_div = 0.261428
---- alpha_dfe = 0.261213

