---- Running command
---- ./polyDFE -d Mmc/175.polyDFE.config.txt -m C -e 
---- Performing inference using model C

---- Performing inference on Mmc/175.polyDFE.config.txt
---- No mutation variability. Using Poisson likelihood.


---- Calculating initial values

-- Starting local optimization
-- Optimizing all parameters
  it        eps_an        lambda     theta_bar           S_d             b           p_b           S_b           r 2           r 3           r 4           r 5           r 6           r 7           r 8           r 9          r 10          r 11          r 12          r 13          r 14          r 15          r 16          r 17          r 18          r 19          r 20           ln lk          grad status 
   0           0.1 0.01929422454 0.01133525917        -20000         0.208           0.1            20 0.87480321778 0.73658406030 0.65050474562 0.57863599044 0.56356923351 0.53717752902 0.53757410916 0.53198046161 0.55654465119 0.55584006639 0.59409652332 0.62897131647 0.66740295427 0.74570298626 0.87195684801 1.10725891933 1.57571569141             1             1 -1119315.919663 23229.6745735   -2 
 959 0.00083239186 0.01929699539 0.01012052962 -73.933297198 0.12768339451 0.02956278594 5.45716535945 0.86840916023 0.72080943870 0.62649999058 0.55340609498 0.53349955305 0.50546885637 0.49619495683 0.48768540859 0.50021485192 0.48725069898 0.51549824402 0.51581974616 0.52693812293 0.55764939053 0.59129264164 0.64176221362 0.70559326237 0.81231163207 1.11826025680 -276.7121030325 0.04094868817   -8 
-- Local optimization: reached maximum number of likelihood evaluations allowed.
---- Best joint likelihood found -276.712103032521554 with gradient 0.04095

---- Results for Mmc/175.polyDFE.config.txt 
--  Model: C
--        eps_an        lambda     theta_bar             a 
-- 0.00083239186 0.01929699539 0.01012052962            -1 
--           S_d             b           p_b           S_b 
-- -73.933297198 0.12768339451 0.02956278594 5.45716535945 
--           r 2           r 3           r 4           r 5           r 6           r 7           r 8           r 9          r 10          r 11          r 12          r 13          r 14          r 15          r 16          r 17          r 18          r 19          r 20 
-- 0.86840916023 0.72080943870 0.62649999058 0.55340609498 0.53349955305 0.50546885637 0.49619495683 0.48768540859 0.50021485192 0.48725069898 0.51549824402 0.51581974616 0.52693812293 0.55764939053 0.59129264164 0.64176221362 0.70559326237 0.81231163207 1.11826025680 

---- Expected P_neut(i), 0 < i < n (neutral SFS per site) 
E[P_neut(1)] = 0.0101124655
E[P_neut(2)] = 0.0043910527
E[P_neut(3)] = 0.0024299517
E[P_neut(4)] = 0.0015841198
E[P_neut(5)] = 0.0011195333
E[P_neut(6)] = 0.0008994510
E[P_neut(7)] = 0.0007305277
E[P_neut(8)] = 0.0006275589
E[P_neut(9)] = 0.0005483205
E[P_neut(10)] = 0.0005062439
E[P_neut(11)] = 0.0004483774
E[P_neut(12)] = 0.0004349202
E[P_neut(13)] = 0.0004018409
E[P_neut(14)] = 0.0003813529
E[P_neut(15)] = 0.0003768664
E[P_neut(16)] = 0.0003750203
E[P_neut(17)] = 0.0003837633
E[P_neut(18)] = 0.0004000486
E[P_neut(19)] = 0.0004407496

---- Expected P_sel(i), 0 < i < n (selected SFS per site) 
E[P_sel(1)] = 0.0072268991
E[P_sel(2)] = 0.0028288510
E[P_sel(3)] = 0.0014865269
E[P_sel(4)] = 0.0009380683
E[P_sel(5)] = 0.0006479956
E[P_sel(6)] = 0.0005118748
E[P_sel(7)] = 0.0004104213
E[P_sel(8)] = 0.0003491182
E[P_sel(9)] = 0.0003027918
E[P_sel(10)] = 0.0002780864
E[P_sel(11)] = 0.0002454878
E[P_sel(12)] = 0.0002377915
E[P_sel(13)] = 0.0002198402
E[P_sel(14)] = 0.0002092151
E[P_sel(15)] = 0.0002078504
E[P_sel(16)] = 0.0002085586
E[P_sel(17)] = 0.0002160249
E[P_sel(18)] = 0.0002291364
E[P_sel(19)] = 0.0002591692

---- Expected D_neut and D_sel (neutral and selected divergence per site) 
E[D_neut] = 0.0198628647
E[D_sel] = 0.0125213205

---- Expected neutral and selected misattributed polymorphism per site
E[mis_neut] = 0.0005658693
E[mis_sel] = 0.0003418650

---- alpha_div = 0.266856
---- alpha_dfe = 0.266702

