---- Running command
---- ./polyDFE -d Mmc/176.polyDFE.config.txt -m C -e 
---- Performing inference using model C

---- Performing inference on Mmc/176.polyDFE.config.txt
---- No mutation variability. Using Poisson likelihood.


---- Calculating initial values

-- Starting local optimization
-- Optimizing all parameters
  it        eps_an        lambda     theta_bar           S_d             b           p_b           S_b           r 2           r 3           r 4           r 5           r 6           r 7           r 8           r 9          r 10          r 11          r 12          r 13          r 14          r 15          r 16          r 17          r 18          r 19          r 20           ln lk          grad status 
   0           0.1 0.01928985488 0.01136842574        -20000         0.208           0.1            20 0.86869425285 0.73310560025 0.64272702424 0.57894324242 0.55876556651 0.53466377380 0.54469465690 0.53131893424 0.54240687735 0.55788468888 0.59275955656 0.62090978359 0.67104272466 0.74757895979 0.86534718831 1.10356093231 1.57644366200             1             1 -1115812.989445 23162.0523526   -2 
 445 0.00742883155 0.01934142243 0.01020839356 -91.666840711 0.11311295464 0.01270888086 10.7289470914 0.86280870512 0.71801022047 0.61788640719 0.55243935663 0.52830347401 0.50135314998 0.49885672131 0.48263726588 0.48774430366 0.48419066179 0.50600166608 0.50845432968 0.51930080674 0.55196815761 0.57307136972 0.62705811846 0.66250633642 0.68936528652 1.01485358795 -289.2577064100 0.84363985844   -8 
-- Local optimization: reached maximum number of likelihood evaluations allowed.
---- Best joint likelihood found -289.257706410062383 with gradient 0.84364

---- Results for Mmc/176.polyDFE.config.txt 
--  Model: C
--        eps_an        lambda     theta_bar             a 
-- 0.00742883155 0.01934142243 0.01020839356            -1 
--           S_d             b           p_b           S_b 
-- -91.666840711 0.11311295464 0.01270888086 10.7289470914 
--           r 2           r 3           r 4           r 5           r 6           r 7           r 8           r 9          r 10          r 11          r 12          r 13          r 14          r 15          r 16          r 17          r 18          r 19          r 20 
-- 0.86280870512 0.71801022047 0.61788640719 0.55243935663 0.52830347401 0.50135314998 0.49885672131 0.48263726588 0.48774430366 0.48419066179 0.50600166608 0.50845432968 0.51930080674 0.55196815761 0.57307136972 0.62705811846 0.66250633642 0.68936528652 1.01485358795 

---- Expected P_neut(i), 0 < i < n (neutral SFS per site) 
E[P_neut(1)] = 0.0101353087
E[P_neut(2)] = 0.0043740205
E[P_neut(3)] = 0.0024278905
E[P_neut(4)] = 0.0015679086
E[P_neut(5)] = 0.0011223153
E[P_neut(6)] = 0.0008949905
E[P_neut(7)] = 0.0007286789
E[P_neut(8)] = 0.0006350346
E[P_neut(9)] = 0.0005467103
E[P_neut(10)] = 0.0004979086
E[P_neut(11)] = 0.0004500750
E[P_neut(12)] = 0.0004319865
E[P_neut(13)] = 0.0004017348
E[P_neut(14)] = 0.0003825235
E[P_neut(15)] = 0.0003812356
E[P_neut(16)] = 0.0003746320
E[P_neut(17)] = 0.0003918976
E[P_neut(18)] = 0.0004056541
E[P_neut(19)] = 0.0004434698

---- Expected P_sel(i), 0 < i < n (selected SFS per site) 
E[P_sel(1)] = 0.0072234836
E[P_sel(2)] = 0.0028277083
E[P_sel(3)] = 0.0014952369
E[P_sel(4)] = 0.0009361766
E[P_sel(5)] = 0.0006554146
E[P_sel(6)] = 0.0005138998
E[P_sel(7)] = 0.0004128572
E[P_sel(8)] = 0.0003559677
E[P_sel(9)] = 0.0003038301
E[P_sel(10)] = 0.0002748232
E[P_sel(11)] = 0.0002471338
E[P_sel(12)] = 0.0002363498
E[P_sel(13)] = 0.0002193803
E[P_sel(14)] = 0.0002089001
E[P_sel(15)] = 0.0002086966
E[P_sel(16)] = 0.0002062760
E[P_sel(17)] = 0.0002181400
E[P_sel(18)] = 0.0002306290
E[P_sel(19)] = 0.0002658931

---- Expected D_neut and D_sel (neutral and selected divergence per site) 
E[D_neut] = 0.0198594237
E[D_sel] = 0.0125211689

---- Expected neutral and selected misattributed polymorphism per site
E[mis_neut] = 0.0005180012
E[mis_sel] = 0.0003081871

---- alpha_div = 0.218690
---- alpha_dfe = 0.218652

