---- Running command
---- ./polyDFE -d Mmc/177.polyDFE.config.txt -m C -e 
---- Performing inference using model C

---- Performing inference on Mmc/177.polyDFE.config.txt
---- No mutation variability. Using Poisson likelihood.


---- Calculating initial values

-- Starting local optimization
-- Optimizing all parameters
  it        eps_an        lambda     theta_bar           S_d             b           p_b           S_b           r 2           r 3           r 4           r 5           r 6           r 7           r 8           r 9          r 10          r 11          r 12          r 13          r 14          r 15          r 16          r 17          r 18          r 19          r 20           ln lk          grad status 
   0           0.1 0.01923723194 0.01135228149        -20000         0.208           0.1            20 0.87485575842 0.73951414336 0.64946963708 0.58044368277 0.56169753236 0.54346971322 0.53860804526 0.52877109166 0.54500269582 0.55836847735 0.59854067628 0.62987949904 0.67234193295 0.75069982034 0.86290052138 1.11082661436 1.59339417177             1             1 -1113064.129027 23120.4930940   -2 
 344 0.00137178071 0.01929691572 0.01015029087 -78.026529820 0.12184685593 0.01528798310 9.86031191976 0.86559191727 0.72361227332 0.62314755514 0.55465794207 0.53110973564 0.50979619643 0.49641050770 0.48321680716 0.49147628715 0.48534945939 0.51576980397 0.51874128018 0.53244674079 0.56135914294 0.58892659701 0.64570366947 0.71022156827 0.82022533456 1.00293509518 -277.9620724028 0.81210787250   -3 
-- Local optimization: stuck in the same solution
---- Best joint likelihood found -277.962072402835474 with gradient 0.81211

---- Results for Mmc/177.polyDFE.config.txt 
--  Model: C
--        eps_an        lambda     theta_bar             a 
-- 0.00137178071 0.01929691572 0.01015029087            -1 
--           S_d             b           p_b           S_b 
-- -78.026529820 0.12184685593 0.01528798310 9.86031191976 
--           r 2           r 3           r 4           r 5           r 6           r 7           r 8           r 9          r 10          r 11          r 12          r 13          r 14          r 15          r 16          r 17          r 18          r 19          r 20 
-- 0.86559191727 0.72361227332 0.62314755514 0.55465794207 0.53110973564 0.50979619643 0.49641050770 0.48321680716 0.49147628715 0.48534945939 0.51576980397 0.51874128018 0.53244674079 0.56135914294 0.58892659701 0.64570366947 0.71022156827 0.82022533456 1.00293509518 

---- Expected P_neut(i), 0 < i < n (neutral SFS per site) 
E[P_neut(1)] = 0.0101369680
E[P_neut(2)] = 0.0043875280
E[P_neut(3)] = 0.0024454620
E[P_neut(4)] = 0.0015796256
E[P_neut(5)] = 0.0011249644
E[P_neut(6)] = 0.0008977834
E[P_neut(7)] = 0.0007387672
E[P_neut(8)] = 0.0006295733
E[P_neut(9)] = 0.0005448436
E[P_neut(10)] = 0.0004988627
E[P_neut(11)] = 0.0004479912
E[P_neut(12)] = 0.0004365333
E[P_neut(13)] = 0.0004054873
E[P_neut(14)] = 0.0003867379
E[P_neut(15)] = 0.0003808874
E[P_neut(16)] = 0.0003752677
E[P_neut(17)] = 0.0003883638
E[P_neut(18)] = 0.0004059744
E[P_neut(19)] = 0.0004515084

---- Expected P_sel(i), 0 < i < n (selected SFS per site) 
E[P_sel(1)] = 0.0072308665
E[P_sel(2)] = 0.0028240374
E[P_sel(3)] = 0.0014948536
E[P_sel(4)] = 0.0009343224
E[P_sel(5)] = 0.0006499259
E[P_sel(6)] = 0.0005094917
E[P_sel(7)] = 0.0004134084
E[P_sel(8)] = 0.0003483837
E[P_sel(9)] = 0.0002988187
E[P_sel(10)] = 0.0002716921
E[P_sel(11)] = 0.0002427158
E[P_sel(12)] = 0.0002356839
E[P_sel(13)] = 0.0002185563
E[P_sel(14)] = 0.0002085275
E[P_sel(15)] = 0.0002059534
E[P_sel(16)] = 0.0002041400
E[P_sel(17)] = 0.0002134869
E[P_sel(18)] = 0.0002271190
E[P_sel(19)] = 0.0002610557

---- Expected D_neut and D_sel (neutral and selected divergence per site) 
E[D_neut] = 0.0198059199
E[D_sel] = 0.0125153922

---- Expected neutral and selected misattributed polymorphism per site
E[mis_neut] = 0.0005090041
E[mis_sel] = 0.0003026316

---- alpha_div = 0.241807
---- alpha_dfe = 0.241690

