---- Running command
---- ./polyDFE -d Mmc/178.polyDFE.config.txt -m C -e 
---- Performing inference using model C

---- Performing inference on Mmc/178.polyDFE.config.txt
---- No mutation variability. Using Poisson likelihood.


---- Calculating initial values

-- Starting local optimization
-- Optimizing all parameters
  it        eps_an        lambda     theta_bar           S_d             b           p_b           S_b           r 2           r 3           r 4           r 5           r 6           r 7           r 8           r 9          r 10          r 11          r 12          r 13          r 14          r 15          r 16          r 17          r 18          r 19          r 20           ln lk          grad status 
   0           0.1 0.01926431814 0.01138414142        -20000         0.208           0.1            20 0.87142425630 0.73729620436 0.64263370689 0.57887987577 0.55841795224 0.53277569731 0.53284324303 0.52697797192 0.55472084340 0.55667737241 0.58940887924 0.62867441166 0.66562405392 0.73901617976 0.86703001873 1.11123482459 1.57612657531             1             1 -1117729.005065 23164.7326193   -2 
 419 0.00153983267 0.01930175893 0.01017315253 -80.623980340 0.12092237331 0.02050184242 7.30402109690 0.86311048704 0.72241620885 0.61957466881 0.55295513019 0.52935178079 0.50398760522 0.49356023715 0.48319483956 0.49287176706 0.48487466252 0.50829305649 0.51864264947 0.52037784702 0.55293020898 0.59314912376 0.64689123143 0.69547824259 0.80201426416 1.05032629973 -278.2609770657 0.22641553677   -8 
-- Local optimization: reached maximum number of likelihood evaluations allowed.
---- Best joint likelihood found -278.260977065743646 with gradient 0.22642

---- Results for Mmc/178.polyDFE.config.txt 
--  Model: C
--        eps_an        lambda     theta_bar             a 
-- 0.00153983267 0.01930175893 0.01017315253            -1 
--           S_d             b           p_b           S_b 
-- -80.623980340 0.12092237331 0.02050184242 7.30402109690 
--           r 2           r 3           r 4           r 5           r 6           r 7           r 8           r 9          r 10          r 11          r 12          r 13          r 14          r 15          r 16          r 17          r 18          r 19          r 20 
-- 0.86311048704 0.72241620885 0.61957466881 0.55295513019 0.52935178079 0.50398760522 0.49356023715 0.48319483956 0.49287176706 0.48487466252 0.50829305649 0.51864264947 0.52037784702 0.55293020898 0.59314912376 0.64689123143 0.69547824259 0.80201426416 1.05032629973 

---- Expected P_neut(i), 0 < i < n (neutral SFS per site) 
E[P_neut(1)] = 0.0101581488
E[P_neut(2)] = 0.0043841223
E[P_neut(3)] = 0.0024465740
E[P_neut(4)] = 0.0015739112
E[P_neut(5)] = 0.0011239044
E[P_neut(6)] = 0.0008967296
E[P_neut(7)] = 0.0007319461
E[P_neut(8)] = 0.0006273300
E[P_neut(9)] = 0.0005460289
E[P_neut(10)] = 0.0005014060
E[P_neut(11)] = 0.0004485781
E[P_neut(12)] = 0.0004312148
E[P_neut(13)] = 0.0004063668
E[P_neut(14)] = 0.0003789343
E[P_neut(15)] = 0.0003761579
E[P_neut(16)] = 0.0003789830
E[P_neut(17)] = 0.0003902892
E[P_neut(18)] = 0.0003992220
E[P_neut(19)] = 0.0004444255

---- Expected P_sel(i), 0 < i < n (selected SFS per site) 
E[P_sel(1)] = 0.0072507837
E[P_sel(2)] = 0.0028282359
E[P_sel(3)] = 0.0015006704
E[P_sel(4)] = 0.0009350385
E[P_sel(5)] = 0.0006527381
E[P_sel(6)] = 0.0005120033
E[P_sel(7)] = 0.0004124337
E[P_sel(8)] = 0.0003498446
E[P_sel(9)] = 0.0003020612
E[P_sel(10)] = 0.0002756901
E[P_sel(11)] = 0.0002455923
E[P_sel(12)] = 0.0002354985
E[P_sel(13)] = 0.0002217885
E[P_sel(14)] = 0.0002071155
E[P_sel(15)] = 0.0002063965
E[P_sel(16)] = 0.0002093961
E[P_sel(17)] = 0.0002180413
E[P_sel(18)] = 0.0002269196
E[P_sel(19)] = 0.0002602763

---- Expected D_neut and D_sel (neutral and selected divergence per site) 
E[D_neut] = 0.0198360154
E[D_sel] = 0.0125049398

---- Expected neutral and selected misattributed polymorphism per site
E[mis_neut] = 0.0005342565
E[mis_sel] = 0.0003206788

---- alpha_div = 0.243507
---- alpha_dfe = 0.243302

