---- Running command
---- ./polyDFE -d Mmc/179.polyDFE.config.txt -m C -e 
---- Performing inference using model C

---- Performing inference on Mmc/179.polyDFE.config.txt
---- No mutation variability. Using Poisson likelihood.


---- Calculating initial values

-- Starting local optimization
-- Optimizing all parameters
  it        eps_an        lambda     theta_bar           S_d             b           p_b           S_b           r 2           r 3           r 4           r 5           r 6           r 7           r 8           r 9          r 10          r 11          r 12          r 13          r 14          r 15          r 16          r 17          r 18          r 19          r 20           ln lk          grad status 
   0           0.1 0.01932278080 0.01135422557        -20000         0.208           0.1            20 0.87126947495 0.73506864349 0.64321686469 0.58457809079 0.55890812736 0.53703942982 0.53819550082 0.53138602466 0.54687182410 0.56048741853 0.59533091753 0.62701462939 0.66195115759 0.75044486017 0.87046888192 1.11503908090 1.58103060650             1             1 -1121414.799495 23247.7292946   -2 
 335 0.00469066704 0.01938034551 0.01016829935 -81.827944114 0.11739239665 0.01412207607 9.92369693198 0.86263642624 0.72192665121 0.61930440692 0.55660037732 0.53028184684 0.50402339376 0.49283244919 0.48592564844 0.48978737931 0.48830872512 0.51424239186 0.51885627382 0.52224077604 0.55706688037 0.58621697625 0.63804535738 0.68154079990 0.73977265294 1.00129964435 -275.2149370188 1.03711185728   -3 
-- Local optimization: stuck in the same solution
---- Best joint likelihood found -275.214937018856290 with gradient 1.03711

---- Results for Mmc/179.polyDFE.config.txt 
--  Model: C
--        eps_an        lambda     theta_bar             a 
-- 0.00469066704 0.01938034551 0.01016829935            -1 
--           S_d             b           p_b           S_b 
-- -81.827944114 0.11739239665 0.01412207607 9.92369693198 
--           r 2           r 3           r 4           r 5           r 6           r 7           r 8           r 9          r 10          r 11          r 12          r 13          r 14          r 15          r 16          r 17          r 18          r 19          r 20 
-- 0.86263642624 0.72192665121 0.61930440692 0.55660037732 0.53028184684 0.50402339376 0.49283244919 0.48592564844 0.48978737931 0.48830872512 0.51424239186 0.51885627382 0.52224077604 0.55706688037 0.58621697625 0.63804535738 0.68154079990 0.73977265294 1.00129964435 

---- Expected P_neut(i), 0 < i < n (neutral SFS per site) 
E[P_neut(1)] = 0.0101224603
E[P_neut(2)] = 0.0043670064
E[P_neut(3)] = 0.0024372345
E[P_neut(4)] = 0.0015686811
E[P_neut(5)] = 0.0011283976
E[P_neut(6)] = 0.0008962412
E[P_neut(7)] = 0.0007306209
E[P_neut(8)] = 0.0006255142
E[P_neut(9)] = 0.0005485463
E[P_neut(10)] = 0.0004980305
E[P_neut(11)] = 0.0004518460
E[P_neut(12)] = 0.0004366419
E[P_neut(13)] = 0.0004073680
E[P_neut(14)] = 0.0003817434
E[P_neut(15)] = 0.0003811664
E[P_neut(16)] = 0.0003781889
E[P_neut(17)] = 0.0003913250
E[P_neut(18)] = 0.0004037724
E[P_neut(19)] = 0.0004417459

---- Expected P_sel(i), 0 < i < n (selected SFS per site) 
E[P_sel(1)] = 0.0072412423
E[P_sel(2)] = 0.0028271181
E[P_sel(3)] = 0.0015008856
E[P_sel(4)] = 0.0009356874
E[P_sel(5)] = 0.0006578723
E[P_sel(6)] = 0.0005135230
E[P_sel(7)] = 0.0004129379
E[P_sel(8)] = 0.0003496839
E[P_sel(9)] = 0.0003039795
E[P_sel(10)] = 0.0002740810
E[P_sel(11)] = 0.0002473691
E[P_sel(12)] = 0.0002381932
E[P_sel(13)] = 0.0002218188
E[P_sel(14)] = 0.0002078998
E[P_sel(15)] = 0.0002081112
E[P_sel(16)] = 0.0002076815
E[P_sel(17)] = 0.0002171690
E[P_sel(18)] = 0.0002284241
E[P_sel(19)] = 0.0002610337

---- Expected D_neut and D_sel (neutral and selected divergence per site) 
E[D_neut] = 0.0198894212
E[D_sel] = 0.0125243677

---- Expected neutral and selected misattributed polymorphism per site
E[mis_neut] = 0.0005090757
E[mis_sel] = 0.0003028748

---- alpha_div = 0.225357
---- alpha_dfe = 0.225465

