---- Running command
---- ./polyDFE -d Mmc/18.polyDFE.config.txt -m C -e 
---- Performing inference using model C

---- Performing inference on Mmc/18.polyDFE.config.txt
---- No mutation variability. Using Poisson likelihood.


---- Calculating initial values

-- Starting local optimization
-- Optimizing all parameters
  it        eps_an        lambda     theta_bar           S_d             b           p_b           S_b           r 2           r 3           r 4           r 5           r 6           r 7           r 8           r 9          r 10          r 11          r 12          r 13          r 14          r 15          r 16          r 17          r 18          r 19          r 20           ln lk          grad status 
   0           0.1 0.01926674468 0.01135800906        -20000         0.208           0.1            20 0.87203379601 0.73494867257 0.64246853395 0.58106701218 0.56513148637 0.53182334545 0.53968970223 0.53237334468 0.55121076824 0.56131320861 0.59390957383 0.62439514415 0.67540744685 0.74306389730 0.87301265094 1.11074761235 1.58208502540             1             1 -1116675.553689 23178.2550529   -2 
 547 0.00189394773 0.01932531568 0.01015658243 -89.978932985 0.11429587194 0.01276269434 10.8593421543 0.86366708936 0.71952004785 0.61864228892 0.55488401418 0.53073611305 0.50366524860 0.49436724882 0.48794001576 0.49340686220 0.49121559180 0.51215153129 0.51487730170 0.53042310999 0.55244207641 0.59693279470 0.64914844536 0.70718631862 0.80353409080 1.00580947951 -287.2557175240 0.21947700384   -3 
-- Local optimization: stuck in the same solution
---- Best joint likelihood found -287.255717524036299 with gradient 0.21948

---- Results for Mmc/18.polyDFE.config.txt 
--  Model: C
--        eps_an        lambda     theta_bar             a 
-- 0.00189394773 0.01932531568 0.01015658243            -1 
--           S_d             b           p_b           S_b 
-- -89.978932985 0.11429587194 0.01276269434 10.8593421543 
--           r 2           r 3           r 4           r 5           r 6           r 7           r 8           r 9          r 10          r 11          r 12          r 13          r 14          r 15          r 16          r 17          r 18          r 19          r 20 
-- 0.86366708936 0.71952004785 0.61864228892 0.55488401418 0.53073611305 0.50366524860 0.49436724882 0.48794001576 0.49340686220 0.49121559180 0.51215153129 0.51487730170 0.53042310999 0.55244207641 0.59693279470 0.64914844536 0.70718631862 0.80353409080 1.00580947951 

---- Expected P_neut(i), 0 < i < n (neutral SFS per site) 
E[P_neut(1)] = 0.0101381599
E[P_neut(2)] = 0.0043784020
E[P_neut(3)] = 0.0024320759
E[P_neut(4)] = 0.0015685655
E[P_neut(5)] = 0.0011257187
E[P_neut(6)] = 0.0008974381
E[P_neut(7)] = 0.0007301660
E[P_neut(8)] = 0.0006272675
E[P_neut(9)] = 0.0005504609
E[P_neut(10)] = 0.0005011327
E[P_neut(11)] = 0.0004537359
E[P_neut(12)] = 0.0004338435
E[P_neut(13)] = 0.0004028833
E[P_neut(14)] = 0.0003857789
E[P_neut(15)] = 0.0003754879
E[P_neut(16)] = 0.0003811822
E[P_neut(17)] = 0.0003917102
E[P_neut(18)] = 0.0004065841
E[P_neut(19)] = 0.0004479573

---- Expected P_sel(i), 0 < i < n (selected SFS per site) 
E[P_sel(1)] = 0.0072221082
E[P_sel(2)] = 0.0028269150
E[P_sel(3)] = 0.0014952152
E[P_sel(4)] = 0.0009346656
E[P_sel(5)] = 0.0006559286
E[P_sel(6)] = 0.0005140600
E[P_sel(7)] = 0.0004126422
E[P_sel(8)] = 0.0003506699
E[P_sel(9)] = 0.0003050560
E[P_sel(10)] = 0.0002757931
E[P_sel(11)] = 0.0002483823
E[P_sel(12)] = 0.0002366045
E[P_sel(13)] = 0.0002192604
E[P_sel(14)] = 0.0002099035
E[P_sel(15)] = 0.0002047170
E[P_sel(16)] = 0.0002088576
E[P_sel(17)] = 0.0002166156
E[P_sel(18)] = 0.0002285421
E[P_sel(19)] = 0.0002603151

---- Expected D_neut and D_sel (neutral and selected divergence per site) 
E[D_neut] = 0.0198360950
E[D_sel] = 0.0125112772

---- Expected neutral and selected misattributed polymorphism per site
E[mis_neut] = 0.0005107793
E[mis_sel] = 0.0003035559

---- alpha_div = 0.222221
---- alpha_dfe = 0.222095

