---- Running command
---- ./polyDFE -d Mmc/180.polyDFE.config.txt -m C -e 
---- Performing inference using model C

---- Performing inference on Mmc/180.polyDFE.config.txt
---- No mutation variability. Using Poisson likelihood.


---- Calculating initial values

-- Starting local optimization
-- Optimizing all parameters
  it        eps_an        lambda     theta_bar           S_d             b           p_b           S_b           r 2           r 3           r 4           r 5           r 6           r 7           r 8           r 9          r 10          r 11          r 12          r 13          r 14          r 15          r 16          r 17          r 18          r 19          r 20           ln lk          grad status 
   0           0.1 0.01928286212 0.01137587042        -20000         0.208           0.1            20 0.87141156142 0.73123102415 0.64448167549 0.57804327860 0.55794622234 0.53583429022 0.53520785408 0.52820979424 0.54491494287 0.55129736886 0.59013118622 0.62038500241 0.66777164375 0.74810720062 0.87387855599 1.09779842231 1.58298491736             1             1 -1116888.081877 23163.4843772   -2 
 629 0.00154554356 0.01932479963 0.01016563238 -88.537006257 0.11496624413 0.01589269393 8.89788275792 0.86458892568 0.71583938988 0.61926462769 0.55293783900 0.52875242396 0.50300019996 0.49413651790 0.48306812570 0.48760770668 0.48398775681 0.50892837590 0.51201506249 0.52508474922 0.55427974886 0.59419272790 0.64210665186 0.70545575728 0.80843824090 1.03837781680 -269.4801617311 0.06513090335   -3 
-- Local optimization: stuck in the same solution
---- Best joint likelihood found -269.480161731160479 with gradient 0.06513

---- Results for Mmc/180.polyDFE.config.txt 
--  Model: C
--        eps_an        lambda     theta_bar             a 
-- 0.00154554356 0.01932479963 0.01016563238            -1 
--           S_d             b           p_b           S_b 
-- -88.537006257 0.11496624413 0.01589269393 8.89788275792 
--           r 2           r 3           r 4           r 5           r 6           r 7           r 8           r 9          r 10          r 11          r 12          r 13          r 14          r 15          r 16          r 17          r 18          r 19          r 20 
-- 0.86458892568 0.71583938988 0.61926462769 0.55293783900 0.52875242396 0.50300019996 0.49413651790 0.48306812570 0.48760770668 0.48398775681 0.50892837590 0.51201506249 0.52508474922 0.55427974886 0.59419272790 0.64210665186 0.70545575728 0.80843824090 1.03837781680 

---- Expected P_neut(i), 0 < i < n (neutral SFS per site) 
E[P_neut(1)] = 0.0101505895
E[P_neut(2)] = 0.0043883704
E[P_neut(3)] = 0.0024224978
E[P_neut(4)] = 0.0015719552
E[P_neut(5)] = 0.0011230356
E[P_neut(6)] = 0.0008950552
E[P_neut(7)] = 0.0007299634
E[P_neut(8)] = 0.0006275972
E[P_neut(9)] = 0.0005454805
E[P_neut(10)] = 0.0004956841
E[P_neut(11)] = 0.0004474285
E[P_neut(12)] = 0.0004314357
E[P_neut(13)] = 0.0004008915
E[P_neut(14)] = 0.0003820681
E[P_neut(15)] = 0.0003767972
E[P_neut(16)] = 0.0003793705
E[P_neut(17)] = 0.0003871214
E[P_neut(18)] = 0.0004045875
E[P_neut(19)] = 0.0004475843

---- Expected P_sel(i), 0 < i < n (selected SFS per site) 
E[P_sel(1)] = 0.0072435487
E[P_sel(2)] = 0.0028389889
E[P_sel(3)] = 0.0014926311
E[P_sel(4)] = 0.0009390106
E[P_sel(5)] = 0.0006561849
E[P_sel(6)] = 0.0005142926
E[P_sel(7)] = 0.0004139672
E[P_sel(8)] = 0.0003522244
E[P_sel(9)] = 0.0003036165
E[P_sel(10)] = 0.0002741269
E[P_sel(11)] = 0.0002462669
E[P_sel(12)] = 0.0002367271
E[P_sel(13)] = 0.0002196628
E[P_sel(14)] = 0.0002094626
E[P_sel(15)] = 0.0002071608
E[P_sel(16)] = 0.0002097895
E[P_sel(17)] = 0.0002162052
E[P_sel(18)] = 0.0002296818
E[P_sel(19)] = 0.0002618884

---- Expected D_neut and D_sel (neutral and selected divergence per site) 
E[D_neut] = 0.0198525880
E[D_sel] = 0.0125490229

---- Expected neutral and selected misattributed polymorphism per site
E[mis_neut] = 0.0005277884
E[mis_sel] = 0.0003163943

---- alpha_div = 0.227459
---- alpha_dfe = 0.227378

