---- Running command
---- ./polyDFE -d Mmc/181.polyDFE.config.txt -m C -e 
---- Performing inference using model C

---- Performing inference on Mmc/181.polyDFE.config.txt
---- No mutation variability. Using Poisson likelihood.


---- Calculating initial values

-- Starting local optimization
-- Optimizing all parameters
  it        eps_an        lambda     theta_bar           S_d             b           p_b           S_b           r 2           r 3           r 4           r 5           r 6           r 7           r 8           r 9          r 10          r 11          r 12          r 13          r 14          r 15          r 16          r 17          r 18          r 19          r 20           ln lk          grad status 
   0           0.1 0.01927911498 0.01136837306        -20000         0.208           0.1            20 0.87270002104 0.73016809651 0.64415700250 0.58130036766 0.56121384583 0.53944625966 0.53866036228 0.53139110980 0.55327301573 0.55898616257 0.59693882090 0.62460105361 0.66546442584 0.75570876607 0.85972627962 1.10671781592 1.58053872067             1             1 -1114701.530342 23154.8553198   -2 
 551 0.00248346463 0.01929626908 0.01017924271 -77.315022554 0.12311592318 0.02100625911 7.37689014581 0.86134604087 0.71673157637 0.61869235584 0.55661062517 0.53183672671 0.50529176163 0.49647015864 0.48508639809 0.49408807379 0.48631588703 0.51156554675 0.51180722256 0.52208189682 0.56045450411 0.57916847377 0.64167410318 0.69768575484 0.78747246348 1.08654003259 -264.2196395286 0.20750228726   -3 
-- Local optimization: stuck in the same solution
---- Best joint likelihood found -264.219639528630069 with gradient 0.20750

---- Results for Mmc/181.polyDFE.config.txt 
--  Model: C
--        eps_an        lambda     theta_bar             a 
-- 0.00248346463 0.01929626908 0.01017924271            -1 
--           S_d             b           p_b           S_b 
-- -77.315022554 0.12311592318 0.02100625911 7.37689014581 
--           r 2           r 3           r 4           r 5           r 6           r 7           r 8           r 9          r 10          r 11          r 12          r 13          r 14          r 15          r 16          r 17          r 18          r 19          r 20 
-- 0.86134604087 0.71673157637 0.61869235584 0.55661062517 0.53183672671 0.50529176163 0.49647015864 0.48508639809 0.49408807379 0.48631588703 0.51156554675 0.51180722256 0.52208189682 0.56045450411 0.57916847377 0.64167410318 0.69768575484 0.78747246348 1.08654003259 

---- Expected P_neut(i), 0 < i < n (neutral SFS per site) 
E[P_neut(1)] = 0.0101550107
E[P_neut(2)] = 0.0043740177
E[P_neut(3)] = 0.0024268428
E[P_neut(4)] = 0.0015714599
E[P_neut(5)] = 0.0011313053
E[P_neut(6)] = 0.0009009845
E[P_neut(7)] = 0.0007339544
E[P_neut(8)] = 0.0006312201
E[P_neut(9)] = 0.0005484009
E[P_neut(10)] = 0.0005029442
E[P_neut(11)] = 0.0004502747
E[P_neut(12)] = 0.0004344370
E[P_neut(13)] = 0.0004015842
E[P_neut(14)] = 0.0003808979
E[P_neut(15)] = 0.0003822032
E[P_neut(16)] = 0.0003714636
E[P_neut(17)] = 0.0003893064
E[P_neut(18)] = 0.0004044582
E[P_neut(19)] = 0.0004461201

---- Expected P_sel(i), 0 < i < n (selected SFS per site) 
E[P_sel(1)] = 0.0072529307
E[P_sel(2)] = 0.0028198496
E[P_sel(3)] = 0.0014864275
E[P_sel(4)] = 0.0009317741
E[P_sel(5)] = 0.0006555360
E[P_sel(6)] = 0.0005131319
E[P_sel(7)] = 0.0004124476
E[P_sel(8)] = 0.0003510208
E[P_sel(9)] = 0.0003024966
E[P_sel(10)] = 0.0002757305
E[P_sel(11)] = 0.0002458094
E[P_sel(12)] = 0.0002365912
E[P_sel(13)] = 0.0002185926
E[P_sel(14)] = 0.0002076774
E[P_sel(15)] = 0.0002092639
E[P_sel(16)] = 0.0002049045
E[P_sel(17)] = 0.0002172998
E[P_sel(18)] = 0.0002300352
E[P_sel(19)] = 0.0002625354

---- Expected D_neut and D_sel (neutral and selected divergence per site) 
E[D_neut] = 0.0198492768
E[D_sel] = 0.0125580095

---- Expected neutral and selected misattributed polymorphism per site
E[mis_neut] = 0.0005530077
E[mis_sel] = 0.0003324625

---- alpha_div = 0.250883
---- alpha_dfe = 0.250740

