---- Running command
---- ./polyDFE -d Mmc/182.polyDFE.config.txt -m C -e 
---- Performing inference using model C

---- Performing inference on Mmc/182.polyDFE.config.txt
---- No mutation variability. Using Poisson likelihood.


---- Calculating initial values

-- Starting local optimization
-- Optimizing all parameters
  it        eps_an        lambda     theta_bar           S_d             b           p_b           S_b           r 2           r 3           r 4           r 5           r 6           r 7           r 8           r 9          r 10          r 11          r 12          r 13          r 14          r 15          r 16          r 17          r 18          r 19          r 20           ln lk          grad status 
   0           0.1 0.01930636075 0.01133924698        -20000         0.208           0.1            20 0.87798854491 0.73742880647 0.65044774983 0.57841716413 0.56016348530 0.53895876871 0.53729464906 0.52631458096 0.55728845875 0.55758520151 0.59376968144 0.62588940251 0.66781952972 0.74732791039 0.87008732305 1.11558902679 1.59186209440             1             1 -1118997.388763 23205.9806200   -2 
 564 0.00156368175 0.01931660472 0.01013825066 -72.245672892 0.12572412204 0.02095836151 7.37698877560 0.86815753202 0.72248028226 0.62462341475 0.55404571188 0.52799091297 0.50848421367 0.49637768210 0.48359232975 0.49716780941 0.49026530539 0.51369146453 0.51580863212 0.52445405851 0.55773007281 0.58913912462 0.64637010848 0.71161502063 0.80405034612 1.10269873797 -278.1628350784 0.06940442408   -8 
-- Local optimization: reached maximum number of likelihood evaluations allowed.
---- Best joint likelihood found -278.162835078401258 with gradient 0.06940

---- Results for Mmc/182.polyDFE.config.txt 
--  Model: C
--        eps_an        lambda     theta_bar             a 
-- 0.00156368175 0.01931660472 0.01013825066            -1 
--           S_d             b           p_b           S_b 
-- -72.245672892 0.12572412204 0.02095836151 7.37698877560 
--           r 2           r 3           r 4           r 5           r 6           r 7           r 8           r 9          r 10          r 11          r 12          r 13          r 14          r 15          r 16          r 17          r 18          r 19          r 20 
-- 0.86815753202 0.72248028226 0.62462341475 0.55404571188 0.52799091297 0.50848421367 0.49637768210 0.48359232975 0.49716780941 0.49026530539 0.51369146453 0.51580863212 0.52445405851 0.55773007281 0.58913912462 0.64637010848 0.71161502063 0.80405034612 1.10269873797 

---- Expected P_neut(i), 0 < i < n (neutral SFS per site) 
E[P_neut(1)] = 0.0101230685
E[P_neut(2)] = 0.0043945446
E[P_neut(3)] = 0.0024383470
E[P_neut(4)] = 0.0015812554
E[P_neut(5)] = 0.0011222437
E[P_neut(6)] = 0.0008913495
E[P_neut(7)] = 0.0007359261
E[P_neut(8)] = 0.0006287452
E[P_neut(9)] = 0.0005446081
E[P_neut(10)] = 0.0005040412
E[P_neut(11)] = 0.0004520028
E[P_neut(12)] = 0.0004342994
E[P_neut(13)] = 0.0004027839
E[P_neut(14)] = 0.0003805902
E[P_neut(15)] = 0.0003781277
E[P_neut(16)] = 0.0003751943
E[P_neut(17)] = 0.0003886893
E[P_neut(18)] = 0.0004070620
E[P_neut(19)] = 0.0004442171

---- Expected P_sel(i), 0 < i < n (selected SFS per site) 
E[P_sel(1)] = 0.0072487072
E[P_sel(2)] = 0.0028362925
E[P_sel(3)] = 0.0014936757
E[P_sel(4)] = 0.0009370620
E[P_sel(5)] = 0.0006495898
E[P_sel(6)] = 0.0005068937
E[P_sel(7)] = 0.0004128044
E[P_sel(8)] = 0.0003489090
E[P_sel(9)] = 0.0002996974
E[P_sel(10)] = 0.0002756202
E[P_sel(11)] = 0.0002460675
E[P_sel(12)] = 0.0002358156
E[P_sel(13)] = 0.0002185575
E[P_sel(14)] = 0.0002068215
E[P_sel(15)] = 0.0002063094
E[P_sel(16)] = 0.0002061911
E[P_sel(17)] = 0.0002160739
E[P_sel(18)] = 0.0002303832
E[P_sel(19)] = 0.0002593743

---- Expected D_neut and D_sel (neutral and selected divergence per site) 
E[D_neut] = 0.0198755765
E[D_sel] = 0.0125280081

---- Expected neutral and selected misattributed polymorphism per site
E[mis_neut] = 0.0005589718
E[mis_sel] = 0.0003348049

---- alpha_div = 0.251287
---- alpha_dfe = 0.251100

