---- Running command
---- ./polyDFE -d Mmc/183.polyDFE.config.txt -m C -e 
---- Performing inference using model C

---- Performing inference on Mmc/183.polyDFE.config.txt
---- No mutation variability. Using Poisson likelihood.


---- Calculating initial values

-- Starting local optimization
-- Optimizing all parameters
  it        eps_an        lambda     theta_bar           S_d             b           p_b           S_b           r 2           r 3           r 4           r 5           r 6           r 7           r 8           r 9          r 10          r 11          r 12          r 13          r 14          r 15          r 16          r 17          r 18          r 19          r 20           ln lk          grad status 
   0           0.1 0.01926841006 0.01134620331        -20000         0.208           0.1            20 0.87294556965 0.73151142842 0.64716281327 0.58131557134 0.55686478003 0.54122679184 0.53637244158 0.53223794940 0.55799292006 0.55781537813 0.59304679512 0.62341424842 0.66919274502 0.75101910237 0.85382506418 1.11338494316 1.58632951484             1             1 -1119782.756090 23196.7700506   -2 
 980 0.00068164444 0.01928950918 0.01013495474 -78.344545983 0.11985689289 0.01757496986 8.26378706801 0.86333152374 0.71850921129 0.62349303006 0.55239458807 0.53064081536 0.50645272113 0.49486375931 0.48802335052 0.49843685205 0.48737883903 0.51425136702 0.51831494833 0.52834169044 0.55881271011 0.57690060033 0.65375868451 0.71751513872 0.83583500480 1.08240820143 -276.5582137400 0.03546690534   -3 
-- Local optimization: stuck in the same solution
---- Best joint likelihood found -276.558213740048814 with gradient 0.03547

---- Results for Mmc/183.polyDFE.config.txt 
--  Model: C
--        eps_an        lambda     theta_bar             a 
-- 0.00068164444 0.01928950918 0.01013495474            -1 
--           S_d             b           p_b           S_b 
-- -78.344545983 0.11985689289 0.01757496986 8.26378706801 
--           r 2           r 3           r 4           r 5           r 6           r 7           r 8           r 9          r 10          r 11          r 12          r 13          r 14          r 15          r 16          r 17          r 18          r 19          r 20 
-- 0.86333152374 0.71850921129 0.62349303006 0.55239458807 0.53064081536 0.50645272113 0.49486375931 0.48802335052 0.49843685205 0.48737883903 0.51425136702 0.51831494833 0.52834169044 0.55881271011 0.57690060033 0.65375868451 0.71751513872 0.83583500480 1.08240820143 

---- Expected P_neut(i), 0 < i < n (neutral SFS per site) 
E[P_neut(1)] = 0.0101283502
E[P_neut(2)] = 0.0043722062
E[P_neut(3)] = 0.0024259639
E[P_neut(4)] = 0.0015789407
E[P_neut(5)] = 0.0011191930
E[P_neut(6)] = 0.0008959865
E[P_neut(7)] = 0.0007330435
E[P_neut(8)] = 0.0006267964
E[P_neut(9)] = 0.0005494975
E[P_neut(10)] = 0.0005051635
E[P_neut(11)] = 0.0004491196
E[P_neut(12)] = 0.0004344575
E[P_neut(13)] = 0.0004043089
E[P_neut(14)] = 0.0003828302
E[P_neut(15)] = 0.0003780753
E[P_neut(16)] = 0.0003662566
E[P_neut(17)] = 0.0003911427
E[P_neut(18)] = 0.0004067058
E[P_neut(19)] = 0.0004524545

---- Expected P_sel(i), 0 < i < n (selected SFS per site) 
E[P_sel(1)] = 0.0072559138
E[P_sel(2)] = 0.0028321626
E[P_sel(3)] = 0.0014941986
E[P_sel(4)] = 0.0009418158
E[P_sel(5)] = 0.0006525089
E[P_sel(6)] = 0.0005134302
E[P_sel(7)] = 0.0004144285
E[P_sel(8)] = 0.0003505946
E[P_sel(9)] = 0.0003047742
E[P_sel(10)] = 0.0002783602
E[P_sel(11)] = 0.0002463018
E[P_sel(12)] = 0.0002375355
E[P_sel(13)] = 0.0002207744
E[P_sel(14)] = 0.0002092003
E[P_sel(15)] = 0.0002072425
E[P_sel(16)] = 0.0002019894
E[P_sel(17)] = 0.0002178963
E[P_sel(18)] = 0.0002302199
E[P_sel(19)] = 0.0002631483

---- Expected D_neut and D_sel (neutral and selected divergence per site) 
E[D_neut] = 0.0198380171
E[D_sel] = 0.0125095185

---- Expected neutral and selected misattributed polymorphism per site
E[mis_neut] = 0.0005485079
E[mis_sel] = 0.0003284216

---- alpha_div = 0.234883
---- alpha_dfe = 0.234688

