---- Running command
---- ./polyDFE -d Mmc/184.polyDFE.config.txt -m C -e 
---- Performing inference using model C

---- Performing inference on Mmc/184.polyDFE.config.txt
---- No mutation variability. Using Poisson likelihood.


---- Calculating initial values

-- Starting local optimization
-- Optimizing all parameters
  it        eps_an        lambda     theta_bar           S_d             b           p_b           S_b           r 2           r 3           r 4           r 5           r 6           r 7           r 8           r 9          r 10          r 11          r 12          r 13          r 14          r 15          r 16          r 17          r 18          r 19          r 20           ln lk          grad status 
   0           0.1 0.01926726263 0.01136709075        -20000         0.208           0.1            20 0.87351860290 0.73168519537 0.64323368903 0.58159806305 0.55524386960 0.53427223746 0.54129191439 0.52880968822 0.56418682767 0.55847812107 0.59528295829 0.62022863417 0.66662589698 0.75714779239 0.86367974732 1.11502131350 1.58165333576             1             1 -1118581.131142 23163.2824569   -2 
 771 0.00141039609 0.01930076149 0.01015791094 -84.114623538 0.11664346041 0.01431394578 9.85822084371 0.86433846956 0.71762618201 0.61943629051 0.55527108014 0.52786462106 0.50570772625 0.49894331652 0.48448759571 0.50130693801 0.48596173014 0.51486466421 0.50859638432 0.52672548538 0.56491041909 0.58758884766 0.65153708715 0.70299783437 0.80407783058 1.05555366883 -271.7857022489 0.03597977065   -3 
-- Local optimization: stuck in the same solution
---- Best joint likelihood found -271.785702248918824 with gradient 0.03598

---- Results for Mmc/184.polyDFE.config.txt 
--  Model: C
--        eps_an        lambda     theta_bar             a 
-- 0.00141039609 0.01930076149 0.01015791094            -1 
--           S_d             b           p_b           S_b 
-- -84.114623538 0.11664346041 0.01431394578 9.85822084371 
--           r 2           r 3           r 4           r 5           r 6           r 7           r 8           r 9          r 10          r 11          r 12          r 13          r 14          r 15          r 16          r 17          r 18          r 19          r 20 
-- 0.86433846956 0.71762618201 0.61943629051 0.55527108014 0.52786462106 0.50570772625 0.49894331652 0.48448759571 0.50130693801 0.48596173014 0.51486466421 0.50859638432 0.52672548538 0.56491041909 0.58758884766 0.65153708715 0.70299783437 0.80407783058 1.05555366883 

---- Expected P_neut(i), 0 < i < n (neutral SFS per site) 
E[P_neut(1)] = 0.0101441906
E[P_neut(2)] = 0.0043843046
E[P_neut(3)] = 0.0024269830
E[P_neut(4)] = 0.0015713522
E[P_neut(5)] = 0.0011270274
E[P_neut(6)] = 0.0008929456
E[P_neut(7)] = 0.0007333732
E[P_neut(8)] = 0.0006332489
E[P_neut(9)] = 0.0005466819
E[P_neut(10)] = 0.0005092231
E[P_neut(11)] = 0.0004488979
E[P_neut(12)] = 0.0004361080
E[P_neut(13)] = 0.0003978804
E[P_neut(14)] = 0.0003828950
E[P_neut(15)] = 0.0003836055
E[P_neut(16)] = 0.0003747347
E[P_neut(17)] = 0.0003921871
E[P_neut(18)] = 0.0004023536
E[P_neut(19)] = 0.0004436020

---- Expected P_sel(i), 0 < i < n (selected SFS per site) 
E[P_sel(1)] = 0.0072475858
E[P_sel(2)] = 0.0028359813
E[P_sel(3)] = 0.0014938395
E[P_sel(4)] = 0.0009370461
E[P_sel(5)] = 0.0006570311
E[P_sel(6)] = 0.0005116772
E[P_sel(7)] = 0.0004145811
E[P_sel(8)] = 0.0003541199
E[P_sel(9)] = 0.0003030683
E[P_sel(10)] = 0.0002803734
E[P_sel(11)] = 0.0002458848
E[P_sel(12)] = 0.0002380357
E[P_sel(13)] = 0.0002167742
E[P_sel(14)] = 0.0002086283
E[P_sel(15)] = 0.0002095135
E[P_sel(16)] = 0.0002057719
E[P_sel(17)] = 0.0002174166
E[P_sel(18)] = 0.0002267067
E[P_sel(19)] = 0.0002578212

---- Expected D_neut and D_sel (neutral and selected divergence per site) 
E[D_neut] = 0.0198368725
E[D_sel] = 0.0125134747

---- Expected neutral and selected misattributed polymorphism per site
E[mis_neut] = 0.0005361110
E[mis_sel] = 0.0003195238

---- alpha_div = 0.226746
---- alpha_dfe = 0.226639

