---- Running command
---- ./polyDFE -d Mmc/186.polyDFE.config.txt -m C -e 
---- Performing inference using model C

---- Performing inference on Mmc/186.polyDFE.config.txt
---- No mutation variability. Using Poisson likelihood.


---- Calculating initial values

-- Starting local optimization
-- Optimizing all parameters
  it        eps_an        lambda     theta_bar           S_d             b           p_b           S_b           r 2           r 3           r 4           r 5           r 6           r 7           r 8           r 9          r 10          r 11          r 12          r 13          r 14          r 15          r 16          r 17          r 18          r 19          r 20           ln lk          grad status 
   0           0.1 0.01928577242 0.01134865514        -20000         0.208           0.1            20 0.87449149605 0.73519030799 0.64806180001 0.58226280909 0.55210768914 0.54167570688 0.53758810946 0.53227222617 0.55651052589 0.56088430043 0.59728293839 0.63090807588 0.66773441999 0.74525058771 0.87239684391 1.11494986533 1.58380819512             1             1 -1117854.597724 23199.6955508   -2 
 705 0.00093286118 0.01930050844 0.01013592685 -72.550775471 0.12608441079 0.02293840445 6.84168560193 0.86676505269 0.72000259750 0.62408785113 0.55618917004 0.52619028616 0.50789203518 0.49446881355 0.48468649332 0.49613001430 0.49400155439 0.51428432180 0.52472495418 0.52723674582 0.55944930826 0.59591633401 0.64986209906 0.71043980057 0.82138050105 1.09423683178 -272.0042727888 0.05941429482   -8 
-- Local optimization: reached maximum number of likelihood evaluations allowed.
---- Best joint likelihood found -272.004272788864910 with gradient 0.05941

---- Results for Mmc/186.polyDFE.config.txt 
--  Model: C
--        eps_an        lambda     theta_bar             a 
-- 0.00093286118 0.01930050844 0.01013592685            -1 
--           S_d             b           p_b           S_b 
-- -72.550775471 0.12608441079 0.02293840445 6.84168560193 
--           r 2           r 3           r 4           r 5           r 6           r 7           r 8           r 9          r 10          r 11          r 12          r 13          r 14          r 15          r 16          r 17          r 18          r 19          r 20 
-- 0.86676505269 0.72000259750 0.62408785113 0.55618917004 0.52619028616 0.50789203518 0.49446881355 0.48468649332 0.49613001430 0.49400155439 0.51428432180 0.52472495418 0.52723674582 0.55944930826 0.59591633401 0.64986209906 0.71043980057 0.82138050105 1.09423683178 

---- Expected P_neut(i), 0 < i < n (neutral SFS per site) 
E[P_neut(1)] = 0.0101268802
E[P_neut(2)] = 0.0043890090
E[P_neut(3)] = 0.0024307234
E[P_neut(4)] = 0.0015803041
E[P_neut(5)] = 0.0011267994
E[P_neut(6)] = 0.0008884312
E[P_neut(7)] = 0.0007351180
E[P_neut(8)] = 0.0006263083
E[P_neut(9)] = 0.0005457762
E[P_neut(10)] = 0.0005028738
E[P_neut(11)] = 0.0004552813
E[P_neut(12)] = 0.0004345749
E[P_neut(13)] = 0.0004094255
E[P_neut(14)] = 0.0003821898
E[P_neut(15)] = 0.0003787350
E[P_neut(16)] = 0.0003786334
E[P_neut(17)] = 0.0003893758
E[P_neut(18)] = 0.0004037783
E[P_neut(19)] = 0.0004472284

---- Expected P_sel(i), 0 < i < n (selected SFS per site) 
E[P_sel(1)] = 0.0072501707
E[P_sel(2)] = 0.0028325571
E[P_sel(3)] = 0.0014891570
E[P_sel(4)] = 0.0009367582
E[P_sel(5)] = 0.0006525327
E[P_sel(6)] = 0.0005055748
E[P_sel(7)] = 0.0004127208
E[P_sel(8)] = 0.0003479520
E[P_sel(9)] = 0.0003007597
E[P_sel(10)] = 0.0002754430
E[P_sel(11)] = 0.0002483432
E[P_sel(12)] = 0.0002365095
E[P_sel(13)] = 0.0002227502
E[P_sel(14)] = 0.0002083153
E[P_sel(15)] = 0.0002073355
E[P_sel(16)] = 0.0002088412
E[P_sel(17)] = 0.0002172745
E[P_sel(18)] = 0.0002292952
E[P_sel(19)] = 0.0002612505

---- Expected D_neut and D_sel (neutral and selected divergence per site) 
E[D_neut] = 0.0198550637
E[D_sel] = 0.0125346787

---- Expected neutral and selected misattributed polymorphism per site
E[mis_neut] = 0.0005545552
E[mis_sel] = 0.0003333541

---- alpha_div = 0.255578
---- alpha_dfe = 0.255419

