---- Running command
---- ./polyDFE -d Mmc/187.polyDFE.config.txt -m C -e 
---- Performing inference using model C

---- Performing inference on Mmc/187.polyDFE.config.txt
---- No mutation variability. Using Poisson likelihood.


---- Calculating initial values

-- Starting local optimization
-- Optimizing all parameters
  it        eps_an        lambda     theta_bar           S_d             b           p_b           S_b           r 2           r 3           r 4           r 5           r 6           r 7           r 8           r 9          r 10          r 11          r 12          r 13          r 14          r 15          r 16          r 17          r 18          r 19          r 20           ln lk          grad status 
   0           0.1 0.01926146633 0.01133356114        -20000         0.208           0.1            20 0.87717391733 0.73571461728 0.64614293225 0.58308288503 0.55967098232 0.54526572049 0.54309375283 0.53438036963 0.55243305338 0.54997386825 0.59638099900 0.62275994361 0.67169417344 0.75288152582 0.86026654587 1.10202217793 1.58632063865             1             1 -1116297.506289 23165.3306962   -2 
 653 0.00081606259 0.01938724919 0.01012010857 -67.857313620 0.13130268926 0.02914227321 5.67671442289 0.86911188233 0.72260185366 0.62280558928 0.55837773291 0.53016809934 0.51172583177 0.49679416184 0.48916863791 0.49604264222 0.48538694821 0.51335976939 0.51565966553 0.52978861630 0.56188415177 0.58249643486 0.64081043871 0.70952655195 0.82948544621 0.87565750085 -271.1094633388 0.08045614660   -8 
-- Local optimization: reached maximum number of likelihood evaluations allowed.
---- Best joint likelihood found -271.109463338885689 with gradient 0.08046

---- Results for Mmc/187.polyDFE.config.txt 
--  Model: C
--        eps_an        lambda     theta_bar             a 
-- 0.00081606259 0.01938724919 0.01012010857            -1 
--           S_d             b           p_b           S_b 
-- -67.857313620 0.13130268926 0.02914227321 5.67671442289 
--           r 2           r 3           r 4           r 5           r 6           r 7           r 8           r 9          r 10          r 11          r 12          r 13          r 14          r 15          r 16          r 17          r 18          r 19          r 20 
-- 0.86911188233 0.72260185366 0.62280558928 0.55837773291 0.53016809934 0.51172583177 0.49679416184 0.48916863791 0.49604264222 0.48538694821 0.51335976939 0.51565966553 0.52978861630 0.56188415177 0.58249643486 0.64081043871 0.70952655195 0.82948544621 0.87565750085 

---- Expected P_neut(i), 0 < i < n (neutral SFS per site) 
E[P_neut(1)] = 0.0101122105
E[P_neut(2)] = 0.0043944900
E[P_neut(3)] = 0.0024359251
E[P_neut(4)] = 0.0015747298
E[P_neut(5)] = 0.0011295557
E[P_neut(6)] = 0.0008938092
E[P_neut(7)] = 0.0007395411
E[P_neut(8)] = 0.0006282918
E[P_neut(9)] = 0.0005499644
E[P_neut(10)] = 0.0005020005
E[P_neut(11)] = 0.0004466452
E[P_neut(12)] = 0.0004330976
E[P_neut(13)] = 0.0004017017
E[P_neut(14)] = 0.0003833828
E[P_neut(15)] = 0.0003797015
E[P_neut(16)] = 0.0003694182
E[P_neut(17)] = 0.0003831527
E[P_neut(18)] = 0.0004021792
E[P_neut(19)] = 0.0004497130

---- Expected P_sel(i), 0 < i < n (selected SFS per site) 
E[P_sel(1)] = 0.0072486761
E[P_sel(2)] = 0.0028340175
E[P_sel(3)] = 0.0014896664
E[P_sel(4)] = 0.0009312918
E[P_sel(5)] = 0.0006524786
E[P_sel(6)] = 0.0005073553
E[P_sel(7)] = 0.0004142294
E[P_sel(8)] = 0.0003483403
E[P_sel(9)] = 0.0003025766
E[P_sel(10)] = 0.0002746670
E[P_sel(11)] = 0.0002435260
E[P_sel(12)] = 0.0002357796
E[P_sel(13)] = 0.0002188030
E[P_sel(14)] = 0.0002094054
E[P_sel(15)] = 0.0002085101
E[P_sel(16)] = 0.0002045964
E[P_sel(17)] = 0.0002148705
E[P_sel(18)] = 0.0002296328
E[P_sel(19)] = 0.0002638703

---- Expected D_neut and D_sel (neutral and selected divergence per site) 
E[D_neut] = 0.0198303366
E[D_sel] = 0.0125263817

---- Expected neutral and selected misattributed polymorphism per site
E[mis_neut] = 0.0004430874
E[mis_sel] = 0.0002675148

---- alpha_div = 0.272393
---- alpha_dfe = 0.272213

