---- Running command
---- ./polyDFE -d Mmc/188.polyDFE.config.txt -m C -e 
---- Performing inference using model C

---- Performing inference on Mmc/188.polyDFE.config.txt
---- No mutation variability. Using Poisson likelihood.


---- Calculating initial values

-- Starting local optimization
-- Optimizing all parameters
  it        eps_an        lambda     theta_bar           S_d             b           p_b           S_b           r 2           r 3           r 4           r 5           r 6           r 7           r 8           r 9          r 10          r 11          r 12          r 13          r 14          r 15          r 16          r 17          r 18          r 19          r 20           ln lk          grad status 
   0           0.1 0.01924779892 0.01134812751        -20000         0.208           0.1            20 0.87627763594 0.73613540753 0.64363139045 0.58436161191 0.55796074830 0.54153949447 0.53901698996 0.52785794368 0.55499397207 0.55643512854 0.59229304160 0.62742965378 0.66855053689 0.76268278736 0.85843211387 1.11276053833 1.59529407486             1             1 -1113465.537385 23111.1942402   -2 
 852 0.00160033230 0.01922433170 0.01014416934 -80.460267380 0.11940174223 0.01485991005 9.89273474734 0.86628352219 0.72261438537 0.62223712777 0.55652461216 0.52979668144 0.50755539135 0.49774466978 0.48263125349 0.49516081748 0.48868820121 0.51076496755 0.51195018177 0.52706627118 0.56593057634 0.58553921100 0.64708505307 0.71119339997 0.81707294564 1.16615175822 -267.9903627182 0.06717878037   -3 
-- Local optimization: stuck in the same solution
---- Best joint likelihood found -267.990362718293909 with gradient 0.06718

---- Results for Mmc/188.polyDFE.config.txt 
--  Model: C
--        eps_an        lambda     theta_bar             a 
-- 0.00160033230 0.01922433170 0.01014416934            -1 
--           S_d             b           p_b           S_b 
-- -80.460267380 0.11940174223 0.01485991005 9.89273474734 
--           r 2           r 3           r 4           r 5           r 6           r 7           r 8           r 9          r 10          r 11          r 12          r 13          r 14          r 15          r 16          r 17          r 18          r 19          r 20 
-- 0.86628352219 0.72261438537 0.62223712777 0.55652461216 0.52979668144 0.50755539135 0.49774466978 0.48263125349 0.49516081748 0.48868820121 0.51076496755 0.51195018177 0.52706627118 0.56593057634 0.58553921100 0.64708505307 0.71119339997 0.81707294564 1.16615175822 

---- Expected P_neut(i), 0 < i < n (neutral SFS per site) 
E[P_neut(1)] = 0.0101286334
E[P_neut(2)] = 0.0043874732
E[P_neut(3)] = 0.0024401485
E[P_neut(4)] = 0.0015760884
E[P_neut(5)] = 0.0011279015
E[P_neut(6)] = 0.0008949023
E[P_neut(7)] = 0.0007349948
E[P_neut(8)] = 0.0006308317
E[P_neut(9)] = 0.0005438388
E[P_neut(10)] = 0.0005022995
E[P_neut(11)] = 0.0004508162
E[P_neut(12)] = 0.0004320929
E[P_neut(13)] = 0.0004000231
E[P_neut(14)] = 0.0003827258
E[P_neut(15)] = 0.0003839208
E[P_neut(16)] = 0.0003731693
E[P_neut(17)] = 0.0003894183
E[P_neut(18)] = 0.0004071939
E[P_neut(19)] = 0.0004517741

---- Expected P_sel(i), 0 < i < n (selected SFS per site) 
E[P_sel(1)] = 0.0072332200
E[P_sel(2)] = 0.0028317797
E[P_sel(3)] = 0.0014970962
E[P_sel(4)] = 0.0009362184
E[P_sel(5)] = 0.0006546832
E[P_sel(6)] = 0.0005103987
E[P_sel(7)] = 0.0004134513
E[P_sel(8)] = 0.0003509683
E[P_sel(9)] = 0.0002999177
E[P_sel(10)] = 0.0002750990
E[P_sel(11)] = 0.0002456263
E[P_sel(12)] = 0.0002346039
E[P_sel(13)] = 0.0002168181
E[P_sel(14)] = 0.0002074989
E[P_sel(15)] = 0.0002087008
E[P_sel(16)] = 0.0002040355
E[P_sel(17)] = 0.0002150926
E[P_sel(18)] = 0.0002288138
E[P_sel(19)] = 0.0002623631

---- Expected D_neut and D_sel (neutral and selected divergence per site) 
E[D_neut] = 0.0198158137
E[D_sel] = 0.0125277348

---- Expected neutral and selected misattributed polymorphism per site
E[mis_neut] = 0.0005914820
E[mis_sel] = 0.0003524634

---- alpha_div = 0.235558
---- alpha_dfe = 0.235511

