---- Running command
---- ./polyDFE -d Mmc/189.polyDFE.config.txt -m C -e 
---- Performing inference using model C

---- Performing inference on Mmc/189.polyDFE.config.txt
---- No mutation variability. Using Poisson likelihood.


---- Calculating initial values

-- Starting local optimization
-- Optimizing all parameters
  it        eps_an        lambda     theta_bar           S_d             b           p_b           S_b           r 2           r 3           r 4           r 5           r 6           r 7           r 8           r 9          r 10          r 11          r 12          r 13          r 14          r 15          r 16          r 17          r 18          r 19          r 20           ln lk          grad status 
   0           0.1 0.01928750570 0.01136561656        -20000         0.208           0.1            20 0.87250694294 0.73459252647 0.64365462609 0.58090048122 0.55719476050 0.53905162633 0.53787874438 0.52992952269 0.55231541937 0.55527880495 0.58843627832 0.62605291463 0.66315478609 0.74945025867 0.86280867571 1.11132505675 1.58215977826             1             1 -1115892.920720 23162.9639314   -2 
 564 0.00188739319 0.01933819934 0.01017115225 -85.799284915 0.11812788668 0.02002378651 7.37685044946 0.86408900072 0.71701176709 0.61873006229 0.55547888120 0.52671303165 0.50472942008 0.49439221573 0.48394490077 0.49285444724 0.48333625743 0.50538881704 0.51740363006 0.52070921251 0.55872216822 0.58613344512 0.64391178960 0.69805646041 0.80169391683 1.02559087564 -269.6082331668 0.62116707581   -3 
-- Local optimization: stuck in the same solution
---- Best joint likelihood found -269.608233166873106 with gradient 0.62117

---- Results for Mmc/189.polyDFE.config.txt 
--  Model: C
--        eps_an        lambda     theta_bar             a 
-- 0.00188739319 0.01933819934 0.01017115225            -1 
--           S_d             b           p_b           S_b 
-- -85.799284915 0.11812788668 0.02002378651 7.37685044946 
--           r 2           r 3           r 4           r 5           r 6           r 7           r 8           r 9          r 10          r 11          r 12          r 13          r 14          r 15          r 16          r 17          r 18          r 19          r 20 
-- 0.86408900072 0.71701176709 0.61873006229 0.55547888120 0.52671303165 0.50472942008 0.49439221573 0.48394490077 0.49285444724 0.48333625743 0.50538881704 0.51740363006 0.52070921251 0.55872216822 0.58613344512 0.64391178960 0.69805646041 0.80169391683 1.02559087564 

---- Expected P_neut(i), 0 < i < n (neutral SFS per site) 
E[P_neut(1)] = 0.0101527653
E[P_neut(2)] = 0.0043868409
E[P_neut(3)] = 0.0024270843
E[P_neut(4)] = 0.0015710332
E[P_neut(5)] = 0.0011285544
E[P_neut(6)] = 0.0008919085
E[P_neut(7)] = 0.0007327627
E[P_neut(8)] = 0.0006281895
E[P_neut(9)] = 0.0005467310
E[P_neut(10)] = 0.0005012898
E[P_neut(11)] = 0.0004471057
E[P_neut(12)] = 0.0004287434
E[P_neut(13)] = 0.0004054348
E[P_neut(14)] = 0.0003792721
E[P_neut(15)] = 0.0003802742
E[P_neut(16)] = 0.0003748695
E[P_neut(17)] = 0.0003891154
E[P_neut(18)] = 0.0004019961
E[P_neut(19)] = 0.0004475528

---- Expected P_sel(i), 0 < i < n (selected SFS per site) 
E[P_sel(1)] = 0.0072370733
E[P_sel(2)] = 0.0028307435
E[P_sel(3)] = 0.0014906391
E[P_sel(4)] = 0.0009351656
E[P_sel(5)] = 0.0006570445
E[P_sel(6)] = 0.0005106826
E[P_sel(7)] = 0.0004141700
E[P_sel(8)] = 0.0003514824
E[P_sel(9)] = 0.0003035002
E[P_sel(10)] = 0.0002766178
E[P_sel(11)] = 0.0002456878
E[P_sel(12)] = 0.0002350231
E[P_sel(13)] = 0.0002221094
E[P_sel(14)] = 0.0002080729
E[P_sel(15)] = 0.0002094210
E[P_sel(16)] = 0.0002078677
E[P_sel(17)] = 0.0002181450
E[P_sel(18)] = 0.0002292979
E[P_sel(19)] = 0.0002631522

---- Expected D_neut and D_sel (neutral and selected divergence per site) 
E[D_neut] = 0.0198597714
E[D_sel] = 0.0125445391

---- Expected neutral and selected misattributed polymorphism per site
E[mis_neut] = 0.0005215720
E[mis_sel] = 0.0003138017

---- alpha_div = 0.239767
---- alpha_dfe = 0.239429

