---- Running command
---- ./polyDFE -d Mmc/19.polyDFE.config.txt -m C -e 
---- Performing inference using model C

---- Performing inference on Mmc/19.polyDFE.config.txt
---- No mutation variability. Using Poisson likelihood.


---- Calculating initial values

-- Starting local optimization
-- Optimizing all parameters
  it        eps_an        lambda     theta_bar           S_d             b           p_b           S_b           r 2           r 3           r 4           r 5           r 6           r 7           r 8           r 9          r 10          r 11          r 12          r 13          r 14          r 15          r 16          r 17          r 18          r 19          r 20           ln lk          grad status 
   0           0.1 0.01926814990 0.01136759313        -20000         0.208           0.1            20 0.87687784366 0.73646806364 0.64015371371 0.58031982902 0.55907810829 0.53956118294 0.53928910905 0.53100065628 0.55363763377 0.56173320933 0.59205456896 0.63178592976 0.65922346041 0.75236041454 0.85430656756 1.11530300974 1.58896475336             1             1 -1115795.856343 23149.6569205   -2 
 678 0.00060608923 0.01926154023 0.01014911544 -72.487072046 0.12873934932 0.03015776707 5.42667683952 0.86804860724 0.72170432175 0.61968057435 0.55448328394 0.52913032533 0.50878126568 0.49919290729 0.48580475144 0.49340010921 0.49401243727 0.51198037479 0.51437351214 0.52357282725 0.55900549111 0.58338169537 0.65050362210 0.72003860802 0.81997478498 1.13704585946 -280.2150907922 0.03990279464   -8 
-- Local optimization: reached maximum number of likelihood evaluations allowed.
---- Best joint likelihood found -280.215090792233241 with gradient 0.03990

---- Results for Mmc/19.polyDFE.config.txt 
--  Model: C
--        eps_an        lambda     theta_bar             a 
-- 0.00060608923 0.01926154023 0.01014911544            -1 
--           S_d             b           p_b           S_b 
-- -72.487072046 0.12873934932 0.03015776707 5.42667683952 
--           r 2           r 3           r 4           r 5           r 6           r 7           r 8           r 9          r 10          r 11          r 12          r 13          r 14          r 15          r 16          r 17          r 18          r 19          r 20 
-- 0.86804860724 0.72170432175 0.61968057435 0.55448328394 0.52913032533 0.50878126568 0.49919290729 0.48580475144 0.49340010921 0.49401243727 0.51198037479 0.51437351214 0.52357282725 0.55900549111 0.58338169537 0.65050362210 0.72003860802 0.81997478498 1.13704585946 

---- Expected P_neut(i), 0 < i < n (neutral SFS per site) 
E[P_neut(1)] = 0.0101432296
E[P_neut(2)] = 0.0044025390
E[P_neut(3)] = 0.0024403091
E[P_neut(4)] = 0.0015715738
E[P_neut(5)] = 0.0011250501
E[P_neut(6)] = 0.0008947217
E[P_neut(7)] = 0.0007374648
E[P_neut(8)] = 0.0006331744
E[P_neut(9)] = 0.0005477763
E[P_neut(10)] = 0.0005007575
E[P_neut(11)] = 0.0004558548
E[P_neut(12)] = 0.0004331337
E[P_neut(13)] = 0.0004017757
E[P_neut(14)] = 0.0003798696
E[P_neut(15)] = 0.0003786803
E[P_neut(16)] = 0.0003707792
E[P_neut(17)] = 0.0003895995
E[P_neut(18)] = 0.0004084101
E[P_neut(19)] = 0.0004438868

---- Expected P_sel(i), 0 < i < n (selected SFS per site) 
E[P_sel(1)] = 0.0072532047
E[P_sel(2)] = 0.0028365575
E[P_sel(3)] = 0.0014925707
E[P_sel(4)] = 0.0009302834
E[P_sel(5)] = 0.0006508630
E[P_sel(6)] = 0.0005088910
E[P_sel(7)] = 0.0004140637
E[P_sel(8)] = 0.0003520201
E[P_sel(9)] = 0.0003023025
E[P_sel(10)] = 0.0002749087
E[P_sel(11)] = 0.0002494449
E[P_sel(12)] = 0.0002367013
E[P_sel(13)] = 0.0002197190
E[P_sel(14)] = 0.0002083434
E[P_sel(15)] = 0.0002088211
E[P_sel(16)] = 0.0002062023
E[P_sel(17)] = 0.0002193460
E[P_sel(18)] = 0.0002339786
E[P_sel(19)] = 0.0002609373

---- Expected D_neut and D_sel (neutral and selected divergence per site) 
E[D_neut] = 0.0198385407
E[D_sel] = 0.0125261655

---- Expected neutral and selected misattributed polymorphism per site
E[mis_neut] = 0.0005770005
E[mis_sel] = 0.0003490211

---- alpha_div = 0.270381
---- alpha_dfe = 0.270217

