---- Running command
---- ./polyDFE -d Mmc/190.polyDFE.config.txt -m C -e 
---- Performing inference using model C

---- Performing inference on Mmc/190.polyDFE.config.txt
---- No mutation variability. Using Poisson likelihood.


---- Calculating initial values

-- Starting local optimization
-- Optimizing all parameters
  it        eps_an        lambda     theta_bar           S_d             b           p_b           S_b           r 2           r 3           r 4           r 5           r 6           r 7           r 8           r 9          r 10          r 11          r 12          r 13          r 14          r 15          r 16          r 17          r 18          r 19          r 20           ln lk          grad status 
   0           0.1 0.01927081649 0.01139411950        -20000         0.208           0.1            20 0.86936757807 0.73036790976 0.64150351388 0.58205272077 0.55560405999 0.53641614344 0.53408556480 0.53409129671 0.55092292103 0.55709418783 0.59521112732 0.62616465881 0.65781998559 0.73756811184 0.86050859373 1.10943288620 1.56929742799             1             1 -1116389.882513 23145.2418102   -2 
 940 0.00040431516 0.01929530306 0.01017107035 -76.733453787 0.12402745062 0.02467614924 6.31099400309 0.86109752124 0.71680857579 0.61804548386 0.55630119306 0.52915210523 0.50583517765 0.49311873045 0.48437055893 0.49625798427 0.48545952347 0.51318055882 0.51519793625 0.52164180136 0.55063374541 0.58231724816 0.65143595065 0.70658478657 0.82477456484 1.07539604293 -267.7835627572 0.04361990881   -8 
-- Local optimization: reached maximum number of likelihood evaluations allowed.
---- Best joint likelihood found -267.783562757234904 with gradient 0.04362

---- Results for Mmc/190.polyDFE.config.txt 
--  Model: C
--        eps_an        lambda     theta_bar             a 
-- 0.00040431516 0.01929530306 0.01017107035            -1 
--           S_d             b           p_b           S_b 
-- -76.733453787 0.12402745062 0.02467614924 6.31099400309 
--           r 2           r 3           r 4           r 5           r 6           r 7           r 8           r 9          r 10          r 11          r 12          r 13          r 14          r 15          r 16          r 17          r 18          r 19          r 20 
-- 0.86109752124 0.71680857579 0.61804548386 0.55630119306 0.52915210523 0.50583517765 0.49311873045 0.48437055893 0.49625798427 0.48545952347 0.51318055882 0.51519793625 0.52164180136 0.55063374541 0.58231724816 0.65143595065 0.70658478657 0.82477456484 1.07539604293 

---- Expected P_neut(i), 0 < i < n (neutral SFS per site) 
E[P_neut(1)] = 0.0101671366
E[P_neut(2)] = 0.0043775326
E[P_neut(3)] = 0.0024294118
E[P_neut(4)] = 0.0015710603
E[P_neut(5)] = 0.0011313291
E[P_neut(6)] = 0.0008967978
E[P_neut(7)] = 0.0007348494
E[P_neut(8)] = 0.0006268655
E[P_neut(9)] = 0.0005473565
E[P_neut(10)] = 0.0005047475
E[P_neut(11)] = 0.0004489165
E[P_neut(12)] = 0.0004350439
E[P_neut(13)] = 0.0004032199
E[P_neut(14)] = 0.0003791848
E[P_neut(15)] = 0.0003736755
E[P_neut(16)] = 0.0003706601
E[P_neut(17)] = 0.0003905780
E[P_neut(18)] = 0.0004008715
E[P_neut(19)] = 0.0004454517

---- Expected P_sel(i), 0 < i < n (selected SFS per site) 
E[P_sel(1)] = 0.0072677205
E[P_sel(2)] = 0.0028249074
E[P_sel(3)] = 0.0014897653
E[P_sel(4)] = 0.0009328687
E[P_sel(5)] = 0.0006566717
E[P_sel(6)] = 0.0005117799
E[P_sel(7)] = 0.0004139265
E[P_sel(8)] = 0.0003495524
E[P_sel(9)] = 0.0003028664
E[P_sel(10)] = 0.0002777041
E[P_sel(11)] = 0.0002460509
E[P_sel(12)] = 0.0002379836
E[P_sel(13)] = 0.0002205703
E[P_sel(14)] = 0.0002078589
E[P_sel(15)] = 0.0002057756
E[P_sel(16)] = 0.0002056662
E[P_sel(17)] = 0.0002192082
E[P_sel(18)] = 0.0002287789
E[P_sel(19)] = 0.0002607101

---- Expected D_neut and D_sel (neutral and selected divergence per site) 
E[D_neut] = 0.0198421995
E[D_sel] = 0.0125284367

---- Expected neutral and selected misattributed polymorphism per site
E[mis_neut] = 0.0005468964
E[mis_sel] = 0.0003298599

---- alpha_div = 0.254708
---- alpha_dfe = 0.254566

