---- Running command
---- ./polyDFE -d Mmc/191.polyDFE.config.txt -m C -e 
---- Performing inference using model C

---- Performing inference on Mmc/191.polyDFE.config.txt
---- No mutation variability. Using Poisson likelihood.


---- Calculating initial values

-- Starting local optimization
-- Optimizing all parameters
  it        eps_an        lambda     theta_bar           S_d             b           p_b           S_b           r 2           r 3           r 4           r 5           r 6           r 7           r 8           r 9          r 10          r 11          r 12          r 13          r 14          r 15          r 16          r 17          r 18          r 19          r 20           ln lk          grad status 
   0           0.1 0.01926930341 0.01134168601        -20000         0.208           0.1            20 0.87391889176 0.73277788362 0.64874533604 0.58537924618 0.55570796539 0.53691220460 0.53828128114 0.53227278357 0.55997171775 0.56133375169 0.59145905536 0.62469335979 0.66719757727 0.74904790645 0.86614727665 1.10092278783 1.57198021493             1             1 -1116702.714615 23143.4105814   -2 
 545 0.00130804918 0.01935407204 0.01013082008 -75.060643844 0.12514606393 0.02720092302 5.73082676080 0.86669234153 0.72183876888 0.62375997208 0.55496516085 0.52669941889 0.50799657389 0.49745330750 0.48687380208 0.49945692125 0.49056423093 0.50970035078 0.51440980627 0.52453435423 0.56093408263 0.58834389256 0.64365540116 0.69775160743 0.81872245530 0.95771982852 -297.9872069346 0.08356942171   -3 
-- Local optimization: stuck in the same solution
---- Best joint likelihood found -297.987206934660207 with gradient 0.08357

---- Results for Mmc/191.polyDFE.config.txt 
--  Model: C
--        eps_an        lambda     theta_bar             a 
-- 0.00130804918 0.01935407204 0.01013082008            -1 
--           S_d             b           p_b           S_b 
-- -75.060643844 0.12514606393 0.02720092302 5.73082676080 
--           r 2           r 3           r 4           r 5           r 6           r 7           r 8           r 9          r 10          r 11          r 12          r 13          r 14          r 15          r 16          r 17          r 18          r 19          r 20 
-- 0.86669234153 0.72183876888 0.62375997208 0.55496516085 0.52669941889 0.50799657389 0.49745330750 0.48687380208 0.49945692125 0.49056423093 0.50970035078 0.51440980627 0.52453435423 0.56093408263 0.58834389256 0.64365540116 0.69775160743 0.81872245530 0.95771982852 

---- Expected P_neut(i), 0 < i < n (neutral SFS per site) 
E[P_neut(1)] = 0.0101181395
E[P_neut(2)] = 0.0043849232
E[P_neut(3)] = 0.0024349195
E[P_neut(4)] = 0.0015782208
E[P_neut(5)] = 0.0011234752
E[P_neut(6)] = 0.0008886494
E[P_neut(7)] = 0.0007347658
E[P_neut(8)] = 0.0006296901
E[P_neut(9)] = 0.0005479220
E[P_neut(10)] = 0.0005059908
E[P_neut(11)] = 0.0004519275
E[P_neut(12)] = 0.0004305680
E[P_neut(13)] = 0.0004013137
E[P_neut(14)] = 0.0003802356
E[P_neut(15)] = 0.0003798234
E[P_neut(16)] = 0.0003741046
E[P_neut(17)] = 0.0003862607
E[P_neut(18)] = 0.0003979397
E[P_neut(19)] = 0.0004492243

---- Expected P_sel(i), 0 < i < n (selected SFS per site) 
E[P_sel(1)] = 0.0072434465
E[P_sel(2)] = 0.0028334790
E[P_sel(3)] = 0.0014950567
E[P_sel(4)] = 0.0009383427
E[P_sel(5)] = 0.0006530142
E[P_sel(6)] = 0.0005078911
E[P_sel(7)] = 0.0004145634
E[P_sel(8)] = 0.0003517711
E[P_sel(9)] = 0.0003037977
E[P_sel(10)] = 0.0002790205
E[P_sel(11)] = 0.0002483267
E[P_sel(12)] = 0.0002361943
E[P_sel(13)] = 0.0002202053
E[P_sel(14)] = 0.0002091399
E[P_sel(15)] = 0.0002099284
E[P_sel(16)] = 0.0002083973
E[P_sel(17)] = 0.0002177009
E[P_sel(18)] = 0.0002281778
E[P_sel(19)] = 0.0002647522

---- Expected D_neut and D_sel (neutral and selected divergence per site) 
E[D_neut] = 0.0198391964
E[D_sel] = 0.0125026809

---- Expected neutral and selected misattributed polymorphism per site
E[mis_neut] = 0.0004851244
E[mis_sel] = 0.0002929294

---- alpha_div = 0.257163
---- alpha_dfe = 0.256924

