---- Running command
---- ./polyDFE -d Mmc/192.polyDFE.config.txt -m C -e 
---- Performing inference using model C

---- Performing inference on Mmc/192.polyDFE.config.txt
---- No mutation variability. Using Poisson likelihood.


---- Calculating initial values

-- Starting local optimization
-- Optimizing all parameters
  it        eps_an        lambda     theta_bar           S_d             b           p_b           S_b           r 2           r 3           r 4           r 5           r 6           r 7           r 8           r 9          r 10          r 11          r 12          r 13          r 14          r 15          r 16          r 17          r 18          r 19          r 20           ln lk          grad status 
   0           0.1 0.01931220411 0.01134233500        -20000         0.208           0.1            20 0.87289018104 0.73720464853 0.64745527600 0.58011685024 0.56235611548 0.54210942299 0.53454560222 0.53479343469 0.55019063315 0.56453944465 0.59249456534 0.62137666249 0.67319984096 0.75550382893 0.86502590007 1.11179020124 1.58158442486             1             1 -1121623.449815 23219.7394154   -2 
 884 0.00219274431 0.01934455735 0.01014122235 -80.302747521 0.12005724509 0.01992061893 7.30407984932 0.86539973406 0.72199230701 0.62286580867 0.55406207303 0.53210612820 0.51092577908 0.49392623698 0.48987011016 0.49366705315 0.49238831390 0.51051522750 0.51341926526 0.52708931444 0.55959546500 0.58480748066 0.64412631934 0.70197628505 0.78290197031 1.05658481180 -271.7127724577 0.07688126405   -8 
-- Local optimization: reached maximum number of likelihood evaluations allowed.
---- Best joint likelihood found -271.712772457773099 with gradient 0.07688

---- Results for Mmc/192.polyDFE.config.txt 
--  Model: C
--        eps_an        lambda     theta_bar             a 
-- 0.00219274431 0.01934455735 0.01014122235            -1 
--           S_d             b           p_b           S_b 
-- -80.302747521 0.12005724509 0.01992061893 7.30407984932 
--           r 2           r 3           r 4           r 5           r 6           r 7           r 8           r 9          r 10          r 11          r 12          r 13          r 14          r 15          r 16          r 17          r 18          r 19          r 20 
-- 0.86539973406 0.72199230701 0.62286580867 0.55406207303 0.53210612820 0.51092577908 0.49392623698 0.48987011016 0.49366705315 0.49238831390 0.51051522750 0.51341926526 0.52708931444 0.55959546500 0.58480748066 0.64412631934 0.70197628505 0.78290197031 1.05658481180 

---- Expected P_neut(i), 0 < i < n (neutral SFS per site) 
E[P_neut(1)] = 0.0101199015
E[P_neut(2)] = 0.0043793508
E[P_neut(3)] = 0.0024361191
E[P_neut(4)] = 0.0015765053
E[P_neut(5)] = 0.0011221388
E[P_neut(6)] = 0.0008982329
E[P_neut(7)] = 0.0007394569
E[P_neut(8)] = 0.0006257001
E[P_neut(9)] = 0.0005517719
E[P_neut(10)] = 0.0005006387
E[P_neut(11)] = 0.0004541622
E[P_neut(12)] = 0.0004318643
E[P_neut(13)] = 0.0004012601
E[P_neut(14)] = 0.0003829442
E[P_neut(15)] = 0.0003799667
E[P_neut(16)] = 0.0003733163
E[P_neut(17)] = 0.0003887578
E[P_neut(18)] = 0.0004042491
E[P_neut(19)] = 0.0004391936

---- Expected P_sel(i), 0 < i < n (selected SFS per site) 
E[P_sel(1)] = 0.0072361824
E[P_sel(2)] = 0.0028317976
E[P_sel(3)] = 0.0014981693
E[P_sel(4)] = 0.0009391657
E[P_sel(5)] = 0.0006535619
E[P_sel(6)] = 0.0005143351
E[P_sel(7)] = 0.0004178648
E[P_sel(8)] = 0.0003499312
E[P_sel(9)] = 0.0003060946
E[P_sel(10)] = 0.0002760207
E[P_sel(11)] = 0.0002493049
E[P_sel(12)] = 0.0002364451
E[P_sel(13)] = 0.0002195173
E[P_sel(14)] = 0.0002097595
E[P_sel(15)] = 0.0002088880
E[P_sel(16)] = 0.0002066126
E[P_sel(17)] = 0.0002174960
E[P_sel(18)] = 0.0002300988
E[P_sel(19)] = 0.0002580404

---- Expected D_neut and D_sel (neutral and selected divergence per site) 
E[D_neut] = 0.0198803104
E[D_sel] = 0.0124978420

---- Expected neutral and selected misattributed polymorphism per site
E[mis_neut] = 0.0005357531
E[mis_sel] = 0.0003211241

---- alpha_div = 0.237162
---- alpha_dfe = 0.237077

