---- Running command
---- ./polyDFE -d Mmc/193.polyDFE.config.txt -m C -e 
---- Performing inference using model C

---- Performing inference on Mmc/193.polyDFE.config.txt
---- No mutation variability. Using Poisson likelihood.


---- Calculating initial values

-- Starting local optimization
-- Optimizing all parameters
  it        eps_an        lambda     theta_bar           S_d             b           p_b           S_b           r 2           r 3           r 4           r 5           r 6           r 7           r 8           r 9          r 10          r 11          r 12          r 13          r 14          r 15          r 16          r 17          r 18          r 19          r 20           ln lk          grad status 
   0           0.1 0.01927569453 0.01133210228        -20000         0.208           0.1            20 0.87710685434 0.73674210368 0.64254398726 0.57393489556 0.55899467718 0.53542243718 0.53759558183 0.53362315818 0.55873213131 0.55661832634 0.59847057722 0.62246300126 0.67556608515 0.75294755017 0.87495630727 1.10117251373 1.58752792973             1             1 -1114409.428286 23135.7880160   -2 
 236 0.00505215244 0.01933472478 0.01018814956 -109.92025268 0.10415569215 0.00388535504 31.3033130528 0.86434857722 0.71582524577 0.61478242288 0.54496164241 0.52710960767 0.50108040910 0.49484801542 0.48256602583 0.49173495291 0.48289065479 0.51311628988 0.51070044883 0.52889597951 0.55505248951 0.58930567395 0.63641714554 0.68650328629 0.74781274463 0.99277970224 -285.7339885377 0.32484472337   -3 
-- Local optimization: stuck in the same solution
---- Best joint likelihood found -285.733988537744153 with gradient 0.32484

---- Results for Mmc/193.polyDFE.config.txt 
--  Model: C
--        eps_an        lambda     theta_bar             a 
-- 0.00505215244 0.01933472478 0.01018814956            -1 
--           S_d             b           p_b           S_b 
-- -109.92025268 0.10415569215 0.00388535504 31.3033130528 
--           r 2           r 3           r 4           r 5           r 6           r 7           r 8           r 9          r 10          r 11          r 12          r 13          r 14          r 15          r 16          r 17          r 18          r 19          r 20 
-- 0.86434857722 0.71582524577 0.61478242288 0.54496164241 0.52710960767 0.50108040910 0.49484801542 0.48256602583 0.49173495291 0.48289065479 0.51311628988 0.51070044883 0.52889597951 0.55505248951 0.58930567395 0.63641714554 0.68650328629 0.74781274463 0.99277970224 

---- Expected P_neut(i), 0 < i < n (neutral SFS per site) 
E[P_neut(1)] = 0.0101387034
E[P_neut(2)] = 0.0043827745
E[P_neut(3)] = 0.0024206235
E[P_neut(4)] = 0.0015598586
E[P_neut(5)] = 0.0011067247
E[P_neut(6)] = 0.0008924679
E[P_neut(7)] = 0.0007276350
E[P_neut(8)] = 0.0006292153
E[P_neut(9)] = 0.0005457725
E[P_neut(10)] = 0.0005009869
E[P_neut(11)] = 0.0004477514
E[P_neut(12)] = 0.0004366251
E[P_neut(13)] = 0.0004019003
E[P_neut(14)] = 0.0003874682
E[P_neut(15)] = 0.0003807026
E[P_neut(16)] = 0.0003812611
E[P_neut(17)] = 0.0003917614
E[P_neut(18)] = 0.0004088484
E[P_neut(19)] = 0.0004504372

---- Expected P_sel(i), 0 < i < n (selected SFS per site) 
E[P_sel(1)] = 0.0072083069
E[P_sel(2)] = 0.0028392669
E[P_sel(3)] = 0.0014973094
E[P_sel(4)] = 0.0009365380
E[P_sel(5)] = 0.0006502161
E[P_sel(6)] = 0.0005155637
E[P_sel(7)] = 0.0004146305
E[P_sel(8)] = 0.0003544905
E[P_sel(9)] = 0.0003045403
E[P_sel(10)] = 0.0002772721
E[P_sel(11)] = 0.0002460998
E[P_sel(12)] = 0.0002386039
E[P_sel(13)] = 0.0002186215
E[P_sel(14)] = 0.0002100781
E[P_sel(15)] = 0.0002060568
E[P_sel(16)] = 0.0002065040
E[P_sel(17)] = 0.0002132054
E[P_sel(18)] = 0.0002256352
E[P_sel(19)] = 0.0002602205

---- Expected D_neut and D_sel (neutral and selected divergence per site) 
E[D_neut] = 0.0198404542
E[D_sel] = 0.0125403673

---- Expected neutral and selected misattributed polymorphism per site
E[mis_neut] = 0.0005057294
E[mis_sel] = 0.0002915688

---- alpha_div = 0.192124
---- alpha_dfe = 0.192292

