---- Running command
---- ./polyDFE -d Mmc/194.polyDFE.config.txt -m C -e 
---- Performing inference using model C

---- Performing inference on Mmc/194.polyDFE.config.txt
---- No mutation variability. Using Poisson likelihood.


---- Calculating initial values

-- Starting local optimization
-- Optimizing all parameters
  it        eps_an        lambda     theta_bar           S_d             b           p_b           S_b           r 2           r 3           r 4           r 5           r 6           r 7           r 8           r 9          r 10          r 11          r 12          r 13          r 14          r 15          r 16          r 17          r 18          r 19          r 20           ln lk          grad status 
   0           0.1 0.01926453651 0.01134953024        -20000         0.208           0.1            20 0.87709411599 0.73205615675 0.64425241327 0.58489205025 0.55651748693 0.54096474209 0.53705440216 0.53016893849 0.54663821958 0.55400523605 0.59184981140 0.61628277161 0.66967073347 0.74558310580 0.86098450855 1.10422695670 1.58809385780             1             1 -1115532.540096 23131.3474589   -2 
 476 0.00534424112 0.01928862311 0.01020718161 -109.15306391 0.10359624352 0.00239585222 50.2290422875 0.86320126196 0.71540059463 0.61631225352 0.55236746527 0.52051488572 0.50347486066 0.49124825015 0.48286380036 0.48429805447 0.47821787130 0.50550014791 0.50520752958 0.52090261584 0.55396485084 0.58018050397 0.63325882121 0.68708508954 0.73526979078 1.06043407075 -302.8495010660 0.19538772852   -3 
-- Local optimization: stuck in the same solution
---- Best joint likelihood found -302.849501066055382 with gradient 0.19539

---- Results for Mmc/194.polyDFE.config.txt 
--  Model: C
--        eps_an        lambda     theta_bar             a 
-- 0.00534424112 0.01928862311 0.01020718161            -1 
--           S_d             b           p_b           S_b 
-- -109.15306391 0.10359624352 0.00239585222 50.2290422875 
--           r 2           r 3           r 4           r 5           r 6           r 7           r 8           r 9          r 10          r 11          r 12          r 13          r 14          r 15          r 16          r 17          r 18          r 19          r 20 
-- 0.86320126196 0.71540059463 0.61631225352 0.55236746527 0.52051488572 0.50347486066 0.49124825015 0.48286380036 0.48429805447 0.47821787130 0.50550014791 0.50520752958 0.52090261584 0.55396485084 0.58018050397 0.63325882121 0.68708508954 0.73526979078 1.06043407075 

---- Expected P_neut(i), 0 < i < n (neutral SFS per site) 
E[P_neut(1)] = 0.0101547430
E[P_neut(2)] = 0.0043839646
E[P_neut(3)] = 0.0024230983
E[P_neut(4)] = 0.0015662759
E[P_neut(5)] = 0.0011236113
E[P_neut(6)] = 0.0008827957
E[P_neut(7)] = 0.0007323478
E[P_neut(8)] = 0.0006257307
E[P_neut(9)] = 0.0005470758
E[P_neut(10)] = 0.0004943318
E[P_neut(11)] = 0.0004443058
E[P_neut(12)] = 0.0004310294
E[P_neut(13)] = 0.0003984763
E[P_neut(14)] = 0.0003824846
E[P_neut(15)] = 0.0003809730
E[P_neut(16)] = 0.0003765523
E[P_neut(17)] = 0.0003911991
E[P_neut(18)] = 0.0004110838
E[P_neut(19)] = 0.0004474404

---- Expected P_sel(i), 0 < i < n (selected SFS per site) 
E[P_sel(1)] = 0.0072287290
E[P_sel(2)] = 0.0028441268
E[P_sel(3)] = 0.0015009870
E[P_sel(4)] = 0.0009416588
E[P_sel(5)] = 0.0006609374
E[P_sel(6)] = 0.0005105025
E[P_sel(7)] = 0.0004176550
E[P_sel(8)] = 0.0003527190
E[P_sel(9)] = 0.0003053355
E[P_sel(10)] = 0.0002735441
E[P_sel(11)] = 0.0002440528
E[P_sel(12)] = 0.0002352650
E[P_sel(13)] = 0.0002163500
E[P_sel(14)] = 0.0002068025
E[P_sel(15)] = 0.0002054062
E[P_sel(16)] = 0.0002028770
E[P_sel(17)] = 0.0002113727
E[P_sel(18)] = 0.0002247095
E[P_sel(19)] = 0.0002556394

---- Expected D_neut and D_sel (neutral and selected divergence per site) 
E[D_neut] = 0.0198298253
E[D_sel] = 0.0125515493

---- Expected neutral and selected misattributed polymorphism per site
E[mis_neut] = 0.0005412022
E[mis_sel] = 0.0003070962

---- alpha_div = 0.189491
---- alpha_dfe = 0.189693

