---- Running command
---- ./polyDFE -d Mmc/195.polyDFE.config.txt -m C -e 
---- Performing inference using model C

---- Performing inference on Mmc/195.polyDFE.config.txt
---- No mutation variability. Using Poisson likelihood.


---- Calculating initial values

-- Starting local optimization
-- Optimizing all parameters
  it        eps_an        lambda     theta_bar           S_d             b           p_b           S_b           r 2           r 3           r 4           r 5           r 6           r 7           r 8           r 9          r 10          r 11          r 12          r 13          r 14          r 15          r 16          r 17          r 18          r 19          r 20           ln lk          grad status 
   0           0.1 0.01930114424 0.01137239391        -20000         0.208           0.1            20 0.87332897257 0.73434565370 0.64156530387 0.58921808599 0.55718780672 0.53915975985 0.53347148832 0.52815172686 0.54902492595 0.56131349393 0.59407331965 0.62736392680 0.67110469263 0.75204107187 0.87206747565 1.10228756285 1.58528123292             1             1 -1114156.684391 23137.4180809   -2 
 879 0.00072198898 0.01927045738 0.01016089223 -80.341309404 0.12135068756 0.02077090445 7.33429628702 0.86217049583 0.72118487993 0.62121563909 0.55749928402 0.52672290786 0.50862860132 0.49547163676 0.48381810996 0.49047634990 0.49159887527 0.51158674404 0.51725763527 0.52937194529 0.56136280226 0.59464763170 0.64268134123 0.71238162131 0.82574655790 1.18238737707 -268.7232900971 0.01880545392   -3 
-- Local optimization: stuck in the same solution
---- Best joint likelihood found -268.723290097113932 with gradient 0.01881

---- Results for Mmc/195.polyDFE.config.txt 
--  Model: C
--        eps_an        lambda     theta_bar             a 
-- 0.00072198898 0.01927045738 0.01016089223            -1 
--           S_d             b           p_b           S_b 
-- -80.341309404 0.12135068756 0.02077090445 7.33429628702 
--           r 2           r 3           r 4           r 5           r 6           r 7           r 8           r 9          r 10          r 11          r 12          r 13          r 14          r 15          r 16          r 17          r 18          r 19          r 20 
-- 0.86217049583 0.72118487993 0.62121563909 0.55749928402 0.52672290786 0.50862860132 0.49547163676 0.48381810996 0.49047634990 0.49159887527 0.51158674404 0.51725763527 0.52937194529 0.56136280226 0.59464763170 0.64268134123 0.71238162131 0.82574655790 1.18238737707 

---- Expected P_neut(i), 0 < i < n (neutral SFS per site) 
E[P_neut(1)] = 0.0101538750
E[P_neut(2)] = 0.0043773386
E[P_neut(3)] = 0.0024411411
E[P_neut(4)] = 0.0015771596
E[P_neut(5)] = 0.0011323946
E[P_neut(6)] = 0.0008916292
E[P_neut(7)] = 0.0007380618
E[P_neut(8)] = 0.0006291626
E[P_neut(9)] = 0.0005461583
E[P_neut(10)] = 0.0004983677
E[P_neut(11)] = 0.0004541650
E[P_neut(12)] = 0.0004333231
E[P_neut(13)] = 0.0004045334
E[P_neut(14)] = 0.0003845731
E[P_neut(15)] = 0.0003808066
E[P_neut(16)] = 0.0003785011
E[P_neut(17)] = 0.0003856166
E[P_neut(18)] = 0.0004050073
E[P_neut(19)] = 0.0004486131

---- Expected P_sel(i), 0 < i < n (selected SFS per site) 
E[P_sel(1)] = 0.0072455877
E[P_sel(2)] = 0.0028223257
E[P_sel(3)] = 0.0014963388
E[P_sel(4)] = 0.0009362790
E[P_sel(5)] = 0.0006571603
E[P_sel(6)] = 0.0005086874
E[P_sel(7)] = 0.0004155495
E[P_sel(8)] = 0.0003505913
E[P_sel(9)] = 0.0003019019
E[P_sel(10)] = 0.0002738190
E[P_sel(11)] = 0.0002484799
E[P_sel(12)] = 0.0002365003
E[P_sel(13)] = 0.0002206639
E[P_sel(14)] = 0.0002100957
E[P_sel(15)] = 0.0002088659
E[P_sel(16)] = 0.0002090659
E[P_sel(17)] = 0.0002153672
E[P_sel(18)] = 0.0002300471
E[P_sel(19)] = 0.0002618772

---- Expected D_neut and D_sel (neutral and selected divergence per site) 
E[D_neut] = 0.0198711629
E[D_sel] = 0.0125582676

---- Expected neutral and selected misattributed polymorphism per site
E[mis_neut] = 0.0006007055
E[mis_sel] = 0.0003611785

---- alpha_div = 0.246928
---- alpha_dfe = 0.246809

