---- Running command
---- ./polyDFE -d Mmc/196.polyDFE.config.txt -m C -e 
---- Performing inference using model C

---- Performing inference on Mmc/196.polyDFE.config.txt
---- No mutation variability. Using Poisson likelihood.


---- Calculating initial values

-- Starting local optimization
-- Optimizing all parameters
  it        eps_an        lambda     theta_bar           S_d             b           p_b           S_b           r 2           r 3           r 4           r 5           r 6           r 7           r 8           r 9          r 10          r 11          r 12          r 13          r 14          r 15          r 16          r 17          r 18          r 19          r 20           ln lk          grad status 
   0           0.1 0.01928770215 0.01136128198        -20000         0.208           0.1            20 0.87198586593 0.74106524206 0.64357269898 0.58137151746 0.55868485857 0.53741529545 0.53973818319 0.53240835589 0.55093281490 0.54920859013 0.59271198927 0.62587053294 0.66519423011 0.74929764446 0.86794658849 1.12283773492 1.58450586513             1             1 -1116668.116716 23175.1274746   -2 
 912 0.00096295774 0.01930901384 0.01014852105 -76.673476637 0.12379936981 0.02201253681 6.99280768229 0.86469295944 0.72266293377 0.62228057418 0.55605890870 0.52889619722 0.50579306008 0.49795929135 0.48468343619 0.49100967095 0.48500365242 0.51204989178 0.51755811192 0.52990802152 0.55925226335 0.59126733333 0.65048472809 0.71050291732 0.82175605758 1.08219552301 -272.9678610976 0.03669742209   -3 
-- Local optimization: stuck in the same solution
---- Best joint likelihood found -272.967861097626155 with gradient 0.03670

---- Results for Mmc/196.polyDFE.config.txt 
--  Model: C
--        eps_an        lambda     theta_bar             a 
-- 0.00096295774 0.01930901384 0.01014852105            -1 
--           S_d             b           p_b           S_b 
-- -76.673476637 0.12379936981 0.02201253681 6.99280768229 
--           r 2           r 3           r 4           r 5           r 6           r 7           r 8           r 9          r 10          r 11          r 12          r 13          r 14          r 15          r 16          r 17          r 18          r 19          r 20 
-- 0.86469295944 0.72266293377 0.62228057418 0.55605890870 0.52889619722 0.50579306008 0.49795929135 0.48468343619 0.49100967095 0.48500365242 0.51204989178 0.51755811192 0.52990802152 0.55925226335 0.59126733333 0.65048472809 0.71050291732 0.82175605758 1.08219552301 

---- Expected P_neut(i), 0 < i < n (neutral SFS per site) 
E[P_neut(1)] = 0.0101391711
E[P_neut(2)] = 0.0043838380
E[P_neut(3)] = 0.0024426732
E[P_neut(4)] = 0.0015776477
E[P_neut(5)] = 0.0011279126
E[P_neut(6)] = 0.0008940941
E[P_neut(7)] = 0.0007329760
E[P_neut(8)] = 0.0006315025
E[P_neut(9)] = 0.0005464402
E[P_neut(10)] = 0.0004983022
E[P_neut(11)] = 0.0004475563
E[P_neut(12)] = 0.0004332370
E[P_neut(13)] = 0.0004043516
E[P_neut(14)] = 0.0003846189
E[P_neut(15)] = 0.0003790947
E[P_neut(16)] = 0.0003761897
E[P_neut(17)] = 0.0003903012
E[P_neut(18)] = 0.0004044257
E[P_neut(19)] = 0.0004482767

---- Expected P_sel(i), 0 < i < n (selected SFS per site) 
E[P_sel(1)] = 0.0072424577
E[P_sel(2)] = 0.0028258126
E[P_sel(3)] = 0.0014957527
E[P_sel(4)] = 0.0009351656
E[P_sel(5)] = 0.0006533714
E[P_sel(6)] = 0.0005090604
E[P_sel(7)] = 0.0004117932
E[P_sel(8)] = 0.0003511061
E[P_sel(9)] = 0.0003013715
E[P_sel(10)] = 0.0002731650
E[P_sel(11)] = 0.0002443248
E[P_sel(12)] = 0.0002359546
E[P_sel(13)] = 0.0002201284
E[P_sel(14)] = 0.0002097408
E[P_sel(15)] = 0.0002075936
E[P_sel(16)] = 0.0002075064
E[P_sel(17)] = 0.0002177447
E[P_sel(18)] = 0.0002295453
E[P_sel(19)] = 0.0002616774

---- Expected D_neut and D_sel (neutral and selected divergence per site) 
E[D_neut] = 0.0198581480
E[D_sel] = 0.0125200032

---- Expected neutral and selected misattributed polymorphism per site
E[mis_neut] = 0.0005491342
E[mis_sel] = 0.0003296971

---- alpha_div = 0.250787
---- alpha_dfe = 0.250586

