---- Running command
---- ./polyDFE -d Mmc/197.polyDFE.config.txt -m C -e 
---- Performing inference using model C

---- Performing inference on Mmc/197.polyDFE.config.txt
---- No mutation variability. Using Poisson likelihood.


---- Calculating initial values

-- Starting local optimization
-- Optimizing all parameters
  it        eps_an        lambda     theta_bar           S_d             b           p_b           S_b           r 2           r 3           r 4           r 5           r 6           r 7           r 8           r 9          r 10          r 11          r 12          r 13          r 14          r 15          r 16          r 17          r 18          r 19          r 20           ln lk          grad status 
   0           0.1 0.01930114167 0.01135843219        -20000         0.208           0.1            20 0.87083025672 0.73480631479 0.64295204168 0.58146688270 0.55682489029 0.53964067973 0.53381371062 0.53308960438 0.54869955771 0.55389038473 0.59852307162 0.62260313592 0.66981285323 0.74817540097 0.86447427806 1.11326342452 1.57701360417             1             1 -1117805.367859 23218.3975308   -2 
 835 0.00163371898 0.01933516508 0.01014926037 -75.553996556 0.12413786591 0.01991164321 7.68599554747 0.86378766849 0.71966141694 0.62174299992 0.55243947912 0.52913890403 0.50852717785 0.49355800008 0.48675430692 0.49180332144 0.48283587734 0.51275624561 0.51271111071 0.52695198511 0.56005296588 0.58485940515 0.64891732427 0.70277130707 0.81524748401 1.05406761758 -265.1809898598 0.03153080619   -3 
-- Local optimization: stuck in the same solution
---- Best joint likelihood found -265.180989859873080 with gradient 0.03153

---- Results for Mmc/197.polyDFE.config.txt 
--  Model: C
--        eps_an        lambda     theta_bar             a 
-- 0.00163371898 0.01933516508 0.01014926037            -1 
--           S_d             b           p_b           S_b 
-- -75.553996556 0.12413786591 0.01991164321 7.68599554747 
--           r 2           r 3           r 4           r 5           r 6           r 7           r 8           r 9          r 10          r 11          r 12          r 13          r 14          r 15          r 16          r 17          r 18          r 19          r 20 
-- 0.86378766849 0.71966141694 0.62174299992 0.55243947912 0.52913890403 0.50852717785 0.49355800008 0.48675430692 0.49180332144 0.48283587734 0.51275624561 0.51271111071 0.52695198511 0.56005296588 0.58485940515 0.64891732427 0.70277130707 0.81524748401 1.05406761758 

---- Expected P_neut(i), 0 < i < n (neutral SFS per site) 
E[P_neut(1)] = 0.0101333908
E[P_neut(2)] = 0.0043768891
E[P_neut(3)] = 0.0024313324
E[P_neut(4)] = 0.0015755867
E[P_neut(5)] = 0.0011201575
E[P_neut(6)] = 0.0008942232
E[P_neut(7)] = 0.0007367601
E[P_neut(8)] = 0.0006258416
E[P_neut(9)] = 0.0005487417
E[P_neut(10)] = 0.0004991440
E[P_neut(11)] = 0.0004456623
E[P_neut(12)] = 0.0004339892
E[P_neut(13)] = 0.0004008305
E[P_neut(14)] = 0.0003828505
E[P_neut(15)] = 0.0003801545
E[P_neut(16)] = 0.0003729643
E[P_neut(17)] = 0.0003907582
E[P_neut(18)] = 0.0004027699
E[P_neut(19)] = 0.0004513516

---- Expected P_sel(i), 0 < i < n (selected SFS per site) 
E[P_sel(1)] = 0.0072382583
E[P_sel(2)] = 0.0028196273
E[P_sel(3)] = 0.0014872367
E[P_sel(4)] = 0.0009326094
E[P_sel(5)] = 0.0006477328
E[P_sel(6)] = 0.0005080716
E[P_sel(7)] = 0.0004129248
E[P_sel(8)] = 0.0003470120
E[P_sel(9)] = 0.0003017193
E[P_sel(10)] = 0.0002727012
E[P_sel(11)] = 0.0002423838
E[P_sel(12)] = 0.0002353982
E[P_sel(13)] = 0.0002172403
E[P_sel(14)] = 0.0002077721
E[P_sel(15)] = 0.0002071025
E[P_sel(16)] = 0.0002046210
E[P_sel(17)] = 0.0002168230
E[P_sel(18)] = 0.0002275285
E[P_sel(19)] = 0.0002631239

---- Expected D_neut and D_sel (neutral and selected divergence per site) 
E[D_neut] = 0.0198700654
E[D_sel] = 0.0125171694

---- Expected neutral and selected misattributed polymorphism per site
E[mis_neut] = 0.0005349003
E[mis_sel] = 0.0003198485

---- alpha_div = 0.248347
---- alpha_dfe = 0.248264

