---- Running command
---- ./polyDFE -d Mmc/198.polyDFE.config.txt -m C -e 
---- Performing inference using model C

---- Performing inference on Mmc/198.polyDFE.config.txt
---- No mutation variability. Using Poisson likelihood.


---- Calculating initial values

-- Starting local optimization
-- Optimizing all parameters
  it        eps_an        lambda     theta_bar           S_d             b           p_b           S_b           r 2           r 3           r 4           r 5           r 6           r 7           r 8           r 9          r 10          r 11          r 12          r 13          r 14          r 15          r 16          r 17          r 18          r 19          r 20           ln lk          grad status 
   0           0.1 0.01928558669 0.01133694370        -20000         0.208           0.1            20 0.87470054156 0.73603234498 0.64391656487 0.58197021533 0.55408833734 0.54013163739 0.53809704202 0.53243874979 0.55494795711 0.56594070557 0.59498958614 0.62877060048 0.66639796168 0.74704374872 0.86899247756 1.10514236336 1.58803549358             1             1 -1118877.742390 23198.6080066   -2 
 492 0.00613798115 0.01930655921 0.01018695605 -85.962323139 0.11404818283 0.00807706799 16.7003945701 0.86359334328 0.71985874086 0.62061502799 0.55254395070 0.52304118351 0.50466191964 0.49097073284 0.48532642016 0.49683604304 0.49109065400 0.51207464503 0.51231274228 0.51812580052 0.54986085369 0.57856258360 0.62967343630 0.67149954449 0.71437721111 1.07104403521 -270.2005800535 0.13566389810   -8 
-- Local optimization: reached maximum number of likelihood evaluations allowed.
---- Best joint likelihood found -270.200580053540762 with gradient 0.13566

---- Results for Mmc/198.polyDFE.config.txt 
--  Model: C
--        eps_an        lambda     theta_bar             a 
-- 0.00613798115 0.01930655921 0.01018695605            -1 
--           S_d             b           p_b           S_b 
-- -85.962323139 0.11404818283 0.00807706799 16.7003945701 
--           r 2           r 3           r 4           r 5           r 6           r 7           r 8           r 9          r 10          r 11          r 12          r 13          r 14          r 15          r 16          r 17          r 18          r 19          r 20 
-- 0.86359334328 0.71985874086 0.62061502799 0.55254395070 0.52304118351 0.50466191964 0.49097073284 0.48532642016 0.49683604304 0.49109065400 0.51207464503 0.51231274228 0.51812580052 0.54986085369 0.57856258360 0.62967343630 0.67149954449 0.71437721111 1.07104403521 

---- Expected P_neut(i), 0 < i < n (neutral SFS per site) 
E[P_neut(1)] = 0.0101267797
E[P_neut(2)] = 0.0043740272
E[P_neut(3)] = 0.0024317022
E[P_neut(4)] = 0.0015731042
E[P_neut(5)] = 0.0011211305
E[P_neut(6)] = 0.0008848963
E[P_neut(7)] = 0.0007323804
E[P_neut(8)] = 0.0006240180
E[P_neut(9)] = 0.0005487529
E[P_neut(10)] = 0.0005061247
E[P_neut(11)] = 0.0004553729
E[P_neut(12)] = 0.0004358760
E[P_neut(13)] = 0.0004034982
E[P_neut(14)] = 0.0003801456
E[P_neut(15)] = 0.0003780450
E[P_neut(16)] = 0.0003758023
E[P_neut(17)] = 0.0003900085
E[P_neut(18)] = 0.0004046963
E[P_neut(19)] = 0.0004431937

---- Expected P_sel(i), 0 < i < n (selected SFS per site) 
E[P_sel(1)] = 0.0072351418
E[P_sel(2)] = 0.0028309230
E[P_sel(3)] = 0.0014976451
E[P_sel(4)] = 0.0009384368
E[P_sel(5)] = 0.0006535670
E[P_sel(6)] = 0.0005067714
E[P_sel(7)] = 0.0004135050
E[P_sel(8)] = 0.0003482501
E[P_sel(9)] = 0.0003033239
E[P_sel(10)] = 0.0002775589
E[P_sel(11)] = 0.0002481414
E[P_sel(12)] = 0.0002363545
E[P_sel(13)] = 0.0002180641
E[P_sel(14)] = 0.0002051158
E[P_sel(15)] = 0.0002040995
E[P_sel(16)] = 0.0002036571
E[P_sel(17)] = 0.0002132315
E[P_sel(18)] = 0.0002256213
E[P_sel(19)] = 0.0002606448

---- Expected D_neut and D_sel (neutral and selected divergence per site) 
E[D_neut] = 0.0198520931
E[D_sel] = 0.0125320101

---- Expected neutral and selected misattributed polymorphism per site
E[mis_neut] = 0.0005455339
E[mis_sel] = 0.0003195464

---- alpha_div = 0.214374
---- alpha_dfe = 0.214402

