---- Running command
---- ./polyDFE -d Mmc/199.polyDFE.config.txt -m C -e 
---- Performing inference using model C

---- Performing inference on Mmc/199.polyDFE.config.txt
---- No mutation variability. Using Poisson likelihood.


---- Calculating initial values

-- Starting local optimization
-- Optimizing all parameters
  it        eps_an        lambda     theta_bar           S_d             b           p_b           S_b           r 2           r 3           r 4           r 5           r 6           r 7           r 8           r 9          r 10          r 11          r 12          r 13          r 14          r 15          r 16          r 17          r 18          r 19          r 20           ln lk          grad status 
   0           0.1 0.01927121697 0.01134663711        -20000         0.208           0.1            20 0.87041268946 0.73475663249 0.64240067499 0.58155316775 0.55668293285 0.53954370942 0.53956412733 0.52828499011 0.56013615015 0.55387476956 0.59824826275 0.62438016044 0.66428691972 0.74810198047 0.86055755076 1.11256528249 1.57551971997             1             1 -1116120.556680 23141.6630795   -2 
 752 0.00133830911 0.01929982710 0.01012968155 -77.641766418 0.12158581160 0.02029268358 7.37687380001 0.86444194531 0.72263679761 0.62111457296 0.55385325398 0.52823220960 0.50880386284 0.49737884130 0.48163204852 0.50083005378 0.48349143532 0.51324485583 0.51466452855 0.52436858621 0.55804571580 0.58799802666 0.64601868110 0.70475687850 0.81879165829 1.06636781962 -275.0973392690 0.03634808070   -3 
-- Local optimization: stuck in the same solution
---- Best joint likelihood found -275.097339269093936 with gradient 0.03635

---- Results for Mmc/199.polyDFE.config.txt 
--  Model: C
--        eps_an        lambda     theta_bar             a 
-- 0.00133830911 0.01929982710 0.01012968155            -1 
--           S_d             b           p_b           S_b 
-- -77.641766418 0.12158581160 0.02029268358 7.37687380001 
--           r 2           r 3           r 4           r 5           r 6           r 7           r 8           r 9          r 10          r 11          r 12          r 13          r 14          r 15          r 16          r 17          r 18          r 19          r 20 
-- 0.86444194531 0.72263679761 0.62111457296 0.55385325398 0.52823220960 0.50880386284 0.49737884130 0.48163204852 0.50083005378 0.48349143532 0.51324485583 0.51466452855 0.52436858621 0.55804571580 0.58799802666 0.64601868110 0.70475687850 0.81879165829 1.06636781962 

---- Expected P_neut(i), 0 < i < n (neutral SFS per site) 
E[P_neut(1)] = 0.0101167091
E[P_neut(2)] = 0.0043729321
E[P_neut(3)] = 0.0024372765
E[P_neut(4)] = 0.0015713164
E[P_neut(5)] = 0.0011210741
E[P_neut(6)] = 0.0008911183
E[P_neut(7)] = 0.0007358400
E[P_neut(8)] = 0.0006295231
E[P_neut(9)] = 0.0005419570
E[P_neut(10)] = 0.0005073249
E[P_neut(11)] = 0.0004453673
E[P_neut(12)] = 0.0004335136
E[P_neut(13)] = 0.0004014785
E[P_neut(14)] = 0.0003800919
E[P_neut(15)] = 0.0003778524
E[P_neut(16)] = 0.0003738714
E[P_neut(17)] = 0.0003876894
E[P_neut(18)] = 0.0004019377
E[P_neut(19)] = 0.0004495039

---- Expected P_sel(i), 0 < i < n (selected SFS per site) 
E[P_sel(1)] = 0.0072402068
E[P_sel(2)] = 0.0028277341
E[P_sel(3)] = 0.0014981362
E[P_sel(4)] = 0.0009352905
E[P_sel(5)] = 0.0006522420
E[P_sel(6)] = 0.0005096285
E[P_sel(7)] = 0.0004152554
E[P_sel(8)] = 0.0003515615
E[P_sel(9)] = 0.0003002008
E[P_sel(10)] = 0.0002792831
E[P_sel(11)] = 0.0002441080
E[P_sel(12)] = 0.0002369981
E[P_sel(13)] = 0.0002193269
E[P_sel(14)] = 0.0002079239
E[P_sel(15)] = 0.0002074818
E[P_sel(16)] = 0.0002067069
E[P_sel(17)] = 0.0002167032
E[P_sel(18)] = 0.0002285321
E[P_sel(19)] = 0.0002630495

---- Expected D_neut and D_sel (neutral and selected divergence per site) 
E[D_neut] = 0.0198399254
E[D_sel] = 0.0125189854

---- Expected neutral and selected misattributed polymorphism per site
E[mis_neut] = 0.0005400983
E[mis_sel] = 0.0003244036

---- alpha_div = 0.242997
---- alpha_dfe = 0.242882

