---- Running command
---- ./polyDFE -d Mmc/2.polyDFE.config.txt -m C -e 
---- Performing inference using model C

---- Performing inference on Mmc/2.polyDFE.config.txt
---- No mutation variability. Using Poisson likelihood.


---- Calculating initial values

-- Starting local optimization
-- Optimizing all parameters
  it        eps_an        lambda     theta_bar           S_d             b           p_b           S_b           r 2           r 3           r 4           r 5           r 6           r 7           r 8           r 9          r 10          r 11          r 12          r 13          r 14          r 15          r 16          r 17          r 18          r 19          r 20           ln lk          grad status 
   0           0.1 0.01929532531 0.01136631472        -20000         0.208           0.1            20 0.87209281763 0.73177824364 0.64322330378 0.58325537576 0.55328251113 0.53911983403 0.54059152096 0.52752621512 0.55190441293 0.55873954120 0.59670010510 0.62523768378 0.66581599895 0.74775144523 0.86293093376 1.10745889299 1.57897467270             1             1 -1119093.345765 23240.4488355   -2 
 625 0.00252044862 0.01934906666 0.01016419553 -88.268832425 0.11775964229 0.02050663571 7.12518691478 0.86519793064 0.71847167007 0.61926602900 0.55522905865 0.52602864020 0.50734715883 0.49835478876 0.48272818315 0.49011582375 0.48786471280 0.51099443258 0.51811968322 0.52340660554 0.55554776965 0.58258150328 0.64202560010 0.69595435446 0.78830082708 1.01703416134 -274.9945028859 0.11367250666   -3 
-- Local optimization: stuck in the same solution
---- Best joint likelihood found -274.994502885921975 with gradient 0.11367

---- Results for Mmc/2.polyDFE.config.txt 
--  Model: C
--        eps_an        lambda     theta_bar             a 
-- 0.00252044862 0.01934906666 0.01016419553            -1 
--           S_d             b           p_b           S_b 
-- -88.268832425 0.11775964229 0.02050663571 7.12518691478 
--           r 2           r 3           r 4           r 5           r 6           r 7           r 8           r 9          r 10          r 11          r 12          r 13          r 14          r 15          r 16          r 17          r 18          r 19          r 20 
-- 0.86519793064 0.71847167007 0.61926602900 0.55522905865 0.52602864020 0.50734715883 0.49835478876 0.48272818315 0.49011582375 0.48786471280 0.51099443258 0.51811968322 0.52340660554 0.55554776965 0.58258150328 0.64202560010 0.69595435446 0.78830082708 1.01703416134 

---- Expected P_neut(i), 0 < i < n (neutral SFS per site) 
E[P_neut(1)] = 0.0101396401
E[P_neut(2)] = 0.0043869285
E[P_neut(3)] = 0.0024290610
E[P_neut(4)] = 0.0015705519
E[P_neut(5)] = 0.0011267953
E[P_neut(6)] = 0.0008898214
E[P_neut(7)] = 0.0007358465
E[P_neut(8)] = 0.0006326670
E[P_neut(9)] = 0.0005449336
E[P_neut(10)] = 0.0004981633
E[P_neut(11)] = 0.0004510335
E[P_neut(12)] = 0.0004333256
E[P_neut(13)] = 0.0004059334
E[P_neut(14)] = 0.0003812887
E[P_neut(15)] = 0.0003783424
E[P_neut(16)] = 0.0003731254
E[P_neut(17)] = 0.0003890310
E[P_neut(18)] = 0.0004030817
E[P_neut(19)] = 0.0004462630

---- Expected P_sel(i), 0 < i < n (selected SFS per site) 
E[P_sel(1)] = 0.0072133708
E[P_sel(2)] = 0.0028256724
E[P_sel(3)] = 0.0014894343
E[P_sel(4)] = 0.0009335044
E[P_sel(5)] = 0.0006551384
E[P_sel(6)] = 0.0005088594
E[P_sel(7)] = 0.0004154430
E[P_sel(8)] = 0.0003536221
E[P_sel(9)] = 0.0003022184
E[P_sel(10)] = 0.0002746597
E[P_sel(11)] = 0.0002476586
E[P_sel(12)] = 0.0002373761
E[P_sel(13)] = 0.0002222533
E[P_sel(14)] = 0.0002090750
E[P_sel(15)] = 0.0002082697
E[P_sel(16)] = 0.0002068305
E[P_sel(17)] = 0.0002180453
E[P_sel(18)] = 0.0002299310
E[P_sel(19)] = 0.0002629363

---- Expected D_neut and D_sel (neutral and selected divergence per site) 
E[D_neut] = 0.0198659334
E[D_sel] = 0.0125025461

---- Expected neutral and selected misattributed polymorphism per site
E[mis_neut] = 0.0005168667
E[mis_sel] = 0.0003103251

---- alpha_div = 0.238304
---- alpha_dfe = 0.238102

