---- Running command
---- ./polyDFE -d Mmc/20.polyDFE.config.txt -m C -e 
---- Performing inference using model C

---- Performing inference on Mmc/20.polyDFE.config.txt
---- No mutation variability. Using Poisson likelihood.


---- Calculating initial values

-- Starting local optimization
-- Optimizing all parameters
  it        eps_an        lambda     theta_bar           S_d             b           p_b           S_b           r 2           r 3           r 4           r 5           r 6           r 7           r 8           r 9          r 10          r 11          r 12          r 13          r 14          r 15          r 16          r 17          r 18          r 19          r 20           ln lk          grad status 
   0           0.1 0.01930029165 0.01135384204        -20000         0.208           0.1            20 0.87107577288 0.73284879925 0.64381098436 0.57723897813 0.55899194150 0.53961350322 0.53180790436 0.52862811217 0.55759422919 0.55618560784 0.59622054132 0.62263683292 0.66479710658 0.75416639773 0.85284921224 1.11149968299 1.58596831736             1             1 -1118266.207611 23202.7629056   -2 
 357 0.00599096974 0.01936295803 0.01018834437 -80.348690854 0.11895108668 0.01590553936 9.09349922222 0.86355179170 0.72029899295 0.61763148841 0.55124307984 0.52458754136 0.50560641098 0.49032826768 0.48186897002 0.49493918834 0.48625493953 0.51045480386 0.50807791465 0.51713467309 0.55460594590 0.57429118808 0.63662340942 0.66901619628 0.71980690697 0.99429456392 -294.7339123881 0.30102496234   -3 
-- Local optimization: stuck in the same solution
---- Best joint likelihood found -294.733912388139288 with gradient 0.30102

---- Results for Mmc/20.polyDFE.config.txt 
--  Model: C
--        eps_an        lambda     theta_bar             a 
-- 0.00599096974 0.01936295803 0.01018834437            -1 
--           S_d             b           p_b           S_b 
-- -80.348690854 0.11895108668 0.01590553936 9.09349922222 
--           r 2           r 3           r 4           r 5           r 6           r 7           r 8           r 9          r 10          r 11          r 12          r 13          r 14          r 15          r 16          r 17          r 18          r 19          r 20 
-- 0.86355179170 0.72029899295 0.61763148841 0.55124307984 0.52458754136 0.50560641098 0.49032826768 0.48186897002 0.49493918834 0.48625493953 0.51045480386 0.50807791465 0.51713467309 0.55460594590 0.57429118808 0.63662340942 0.66901619628 0.71980690697 0.99429456392 

---- Expected P_neut(i), 0 < i < n (neutral SFS per site) 
E[P_neut(1)] = 0.0101296187
E[P_neut(2)] = 0.0043749954
E[P_neut(3)] = 0.0024338486
E[P_neut(4)] = 0.0015659267
E[P_neut(5)] = 0.0011187783
E[P_neut(6)] = 0.0008876978
E[P_neut(7)] = 0.0007338757
E[P_neut(8)] = 0.0006233095
E[P_neut(9)] = 0.0005449243
E[P_neut(10)] = 0.0005042611
E[P_neut(11)] = 0.0004509456
E[P_neut(12)] = 0.0004345354
E[P_neut(13)] = 0.0004002134
E[P_neut(14)] = 0.0003794210
E[P_neut(15)] = 0.0003811736
E[P_neut(16)] = 0.0003729262
E[P_neut(17)] = 0.0003939070
E[P_neut(18)] = 0.0004027621
E[P_neut(19)] = 0.0004447067

---- Expected P_sel(i), 0 < i < n (selected SFS per site) 
E[P_sel(1)] = 0.0072443670
E[P_sel(2)] = 0.0028294603
E[P_sel(3)] = 0.0014967684
E[P_sel(4)] = 0.0009326235
E[P_sel(5)] = 0.0006512318
E[P_sel(6)] = 0.0005078326
E[P_sel(7)] = 0.0004141624
E[P_sel(8)] = 0.0003479800
E[P_sel(9)] = 0.0003016198
E[P_sel(10)] = 0.0002772525
E[P_sel(11)] = 0.0002467208
E[P_sel(12)] = 0.0002369812
E[P_sel(13)] = 0.0002179632
E[P_sel(14)] = 0.0002067816
E[P_sel(15)] = 0.0002083945
E[P_sel(16)] = 0.0002052388
E[P_sel(17)] = 0.0002192981
E[P_sel(18)] = 0.0002289866
E[P_sel(19)] = 0.0002652621

---- Expected D_neut and D_sel (neutral and selected divergence per site) 
E[D_neut] = 0.0198694688
E[D_sel] = 0.0125385326

---- Expected neutral and selected misattributed polymorphism per site
E[mis_neut] = 0.0005065108
E[mis_sel] = 0.0003024561

---- alpha_div = 0.232917
---- alpha_dfe = 0.232797

