---- Running command
---- ./polyDFE -d Mmc/200.polyDFE.config.txt -m C -e 
---- Performing inference using model C

---- Performing inference on Mmc/200.polyDFE.config.txt
---- No mutation variability. Using Poisson likelihood.


---- Calculating initial values

-- Starting local optimization
-- Optimizing all parameters
  it        eps_an        lambda     theta_bar           S_d             b           p_b           S_b           r 2           r 3           r 4           r 5           r 6           r 7           r 8           r 9          r 10          r 11          r 12          r 13          r 14          r 15          r 16          r 17          r 18          r 19          r 20           ln lk          grad status 
   0           0.1 0.01928446865 0.01136991967        -20000         0.208           0.1            20 0.87068995874 0.73608478042 0.64441690647 0.58371144910 0.55453840276 0.54511713869 0.53779487902 0.52935795633 0.55173699436 0.55050740437 0.59608445766 0.62176794953 0.66236917198 0.75306203538 0.86388444307 1.11125089660 1.58289400290             1             1 -1116841.602767 23206.1689254   -2 
 804 0.00287631750 0.01933615895 0.01018105418 -85.153424373 0.11797935640 0.01669826996 8.76974983476 0.86148804958 0.71932339764 0.62050548902 0.55426822605 0.52486221711 0.51091317306 0.49694528425 0.48622657038 0.49486054964 0.47785064112 0.51202462566 0.51191655412 0.52176216637 0.55652770943 0.58447900950 0.64221059211 0.70017460604 0.77942676252 1.01783204723 -276.0136167182 0.13095914617   -3 
-- Local optimization: stuck in the same solution
---- Best joint likelihood found -276.013616718293633 with gradient 0.13096

---- Results for Mmc/200.polyDFE.config.txt 
--  Model: C
--        eps_an        lambda     theta_bar             a 
-- 0.00287631750 0.01933615895 0.01018105418            -1 
--           S_d             b           p_b           S_b 
-- -85.153424373 0.11797935640 0.01669826996 8.76974983476 
--           r 2           r 3           r 4           r 5           r 6           r 7           r 8           r 9          r 10          r 11          r 12          r 13          r 14          r 15          r 16          r 17          r 18          r 19          r 20 
-- 0.86148804958 0.71932339764 0.62050548902 0.55426822605 0.52486221711 0.51091317306 0.49694528425 0.48622657038 0.49486054964 0.47785064112 0.51202462566 0.51191655412 0.52176216637 0.55652770943 0.58447900950 0.64221059211 0.70017460604 0.77942676252 1.01783204723 

---- Expected P_neut(i), 0 < i < n (neutral SFS per site) 
E[P_neut(1)] = 0.0101529715
E[P_neut(2)] = 0.0043739535
E[P_neut(3)] = 0.0024352415
E[P_neut(4)] = 0.0015758770
E[P_neut(5)] = 0.0011264472
E[P_neut(6)] = 0.0008891381
E[P_neut(7)] = 0.0007421065
E[P_neut(8)] = 0.0006318588
E[P_neut(9)] = 0.0005497233
E[P_neut(10)] = 0.0005038202
E[P_neut(11)] = 0.0004425848
E[P_neut(12)] = 0.0004349821
E[P_neut(13)] = 0.0004018958
E[P_neut(14)] = 0.0003809052
E[P_neut(15)] = 0.0003798957
E[P_neut(16)] = 0.0003753863
E[P_neut(17)] = 0.0003905259
E[P_neut(18)] = 0.0004075034
E[P_neut(19)] = 0.0004457345

---- Expected P_sel(i), 0 < i < n (selected SFS per site) 
E[P_sel(1)] = 0.0072337941
E[P_sel(2)] = 0.0028195671
E[P_sel(3)] = 0.0014934673
E[P_sel(4)] = 0.0009362953
E[P_sel(5)] = 0.0006543265
E[P_sel(6)] = 0.0005077305
E[P_sel(7)] = 0.0004181481
E[P_sel(8)] = 0.0003522788
E[P_sel(9)] = 0.0003039325
E[P_sel(10)] = 0.0002767546
E[P_sel(11)] = 0.0002419717
E[P_sel(12)] = 0.0002370992
E[P_sel(13)] = 0.0002187998
E[P_sel(14)] = 0.0002075408
E[P_sel(15)] = 0.0002076613
E[P_sel(16)] = 0.0002065176
E[P_sel(17)] = 0.0002171896
E[P_sel(18)] = 0.0002307971
E[P_sel(19)] = 0.0002617564

---- Expected D_neut and D_sel (neutral and selected divergence per site) 
E[D_neut] = 0.0198542891
E[D_sel] = 0.0125415397

---- Expected neutral and selected misattributed polymorphism per site
E[mis_neut] = 0.0005181302
E[mis_sel] = 0.0003099176

---- alpha_div = 0.235847
---- alpha_dfe = 0.235734

