---- Running command
---- ./polyDFE -d Mmc/201.polyDFE.config.txt -m C -e 
---- Performing inference using model C

---- Performing inference on Mmc/201.polyDFE.config.txt
---- No mutation variability. Using Poisson likelihood.


---- Calculating initial values

-- Starting local optimization
-- Optimizing all parameters
  it        eps_an        lambda     theta_bar           S_d             b           p_b           S_b           r 2           r 3           r 4           r 5           r 6           r 7           r 8           r 9          r 10          r 11          r 12          r 13          r 14          r 15          r 16          r 17          r 18          r 19          r 20           ln lk          grad status 
   0           0.1 0.01929966370 0.01135409727        -20000         0.208           0.1            20 0.87397657992 0.73552724925 0.64251053937 0.58741015339 0.55914173919 0.54417469462 0.54124570384 0.53249653229 0.55015234820 0.56424010687 0.60368786141 0.62389144328 0.66611347293 0.75342343973 0.87102277088 1.11094838391 1.59018439217             1             1 -1116306.557178 23188.5195582   -2 
1389 0.00046221783 0.01921478364 0.01013171344 -74.598543886 0.12541086888 0.02234224031 7.01308877618 0.86703890775 0.72194400012 0.62134424289 0.55937970461 0.53196232859 0.51048780942 0.49874532574 0.48786669123 0.49565698134 0.49331989875 0.51649224849 0.51464245665 0.52351711281 0.56377728994 0.60118606804 0.65023290942 0.71895635935 0.83752813380 1.29047808900 -270.7594027319 0.01248923210   -3 
-- Local optimization: stuck in the same solution
---- Best joint likelihood found -270.759402731942828 with gradient 0.01249

---- Results for Mmc/201.polyDFE.config.txt 
--  Model: C
--        eps_an        lambda     theta_bar             a 
-- 0.00046221783 0.01921478364 0.01013171344            -1 
--           S_d             b           p_b           S_b 
-- -74.598543886 0.12541086888 0.02234224031 7.01308877618 
--           r 2           r 3           r 4           r 5           r 6           r 7           r 8           r 9          r 10          r 11          r 12          r 13          r 14          r 15          r 16          r 17          r 18          r 19          r 20 
-- 0.86703890775 0.72194400012 0.62134424289 0.55937970461 0.53196232859 0.51048780942 0.49874532574 0.48786669123 0.49565698134 0.49331989875 0.51649224849 0.51464245665 0.52351711281 0.56377728994 0.60118606804 0.65023290942 0.71895635935 0.83752813380 1.29047808900 

---- Expected P_neut(i), 0 < i < n (neutral SFS per site) 
E[P_neut(1)] = 0.0101272368
E[P_neut(2)] = 0.0043904517
E[P_neut(3)] = 0.0024372287
E[P_neut(4)] = 0.0015732690
E[P_neut(5)] = 0.0011331471
E[P_neut(6)] = 0.0008980416
E[P_neut(7)] = 0.0007387176
E[P_neut(8)] = 0.0006315527
E[P_neut(9)] = 0.0005491701
E[P_neut(10)] = 0.0005021854
E[P_neut(11)] = 0.0004544235
E[P_neut(12)] = 0.0004361697
E[P_neut(13)] = 0.0004012492
E[P_neut(14)] = 0.0003791062
E[P_neut(15)] = 0.0003811499
E[P_neut(16)] = 0.0003812418
E[P_neut(17)] = 0.0003884757
E[P_neut(18)] = 0.0004065242
E[P_neut(19)] = 0.0004510869

---- Expected P_sel(i), 0 < i < n (selected SFS per site) 
E[P_sel(1)] = 0.0072354356
E[P_sel(2)] = 0.0028280092
E[P_sel(3)] = 0.0014904756
E[P_sel(4)] = 0.0009310103
E[P_sel(5)] = 0.0006551362
E[P_sel(6)] = 0.0005102244
E[P_sel(7)] = 0.0004140819
E[P_sel(8)] = 0.0003503057
E[P_sel(9)] = 0.0003021416
E[P_sel(10)] = 0.0002746136
E[P_sel(11)] = 0.0002474570
E[P_sel(12)] = 0.0002369640
E[P_sel(13)] = 0.0002179074
E[P_sel(14)] = 0.0002062451
E[P_sel(15)] = 0.0002082455
E[P_sel(16)] = 0.0002098408
E[P_sel(17)] = 0.0002162862
E[P_sel(18)] = 0.0002302526
E[P_sel(19)] = 0.0002624201

---- Expected D_neut and D_sel (neutral and selected divergence per site) 
E[D_neut] = 0.0198685214
E[D_sel] = 0.0125341499

---- Expected neutral and selected misattributed polymorphism per site
E[mis_neut] = 0.0006537377
E[mis_sel] = 0.0003924497

---- alpha_div = 0.254910
---- alpha_dfe = 0.254812

