---- Running command
---- ./polyDFE -d Mmc/202.polyDFE.config.txt -m C -e 
---- Performing inference using model C

---- Performing inference on Mmc/202.polyDFE.config.txt
---- No mutation variability. Using Poisson likelihood.


---- Calculating initial values

-- Starting local optimization
-- Optimizing all parameters
  it        eps_an        lambda     theta_bar           S_d             b           p_b           S_b           r 2           r 3           r 4           r 5           r 6           r 7           r 8           r 9          r 10          r 11          r 12          r 13          r 14          r 15          r 16          r 17          r 18          r 19          r 20           ln lk          grad status 
   0           0.1 0.01926972056 0.01134738220        -20000         0.208           0.1            20 0.87685838551 0.73541810642 0.64599091408 0.58243511445 0.55584458455 0.53723988871 0.53895382996 0.53387094476 0.55250908111 0.55970577697 0.59580068054 0.62203937284 0.66815663019 0.75091161284 0.86517360010 1.11734366135 1.57752712176             1             1 -1112382.993368 23124.5524560   -2 
 784 0.00153889806 0.01931942527 0.01014363651 -83.884565896 0.12023034333 0.02133255050 7.12051637539 0.86806320096 0.72205813220 0.62171581843 0.55261062410 0.52811150357 0.50490595337 0.49736553037 0.48619565113 0.49760038012 0.48924829353 0.51385177116 0.51435283560 0.52922252856 0.55495091810 0.58707605476 0.65055674316 0.70112714344 0.81499610081 1.02518027942 -280.1905135778 0.06946301139   -3 
-- Local optimization: stuck in the same solution
---- Best joint likelihood found -280.190513577879756 with gradient 0.06946

---- Results for Mmc/202.polyDFE.config.txt 
--  Model: C
--        eps_an        lambda     theta_bar             a 
-- 0.00153889806 0.01931942527 0.01014363651            -1 
--           S_d             b           p_b           S_b 
-- -83.884565896 0.12023034333 0.02133255050 7.12051637539 
--           r 2           r 3           r 4           r 5           r 6           r 7           r 8           r 9          r 10          r 11          r 12          r 13          r 14          r 15          r 16          r 17          r 18          r 19          r 20 
-- 0.86806320096 0.72205813220 0.62171581843 0.55261062410 0.52811150357 0.50490595337 0.49736553037 0.48619565113 0.49760038012 0.48924829353 0.51385177116 0.51435283560 0.52922252856 0.55495091810 0.58707605476 0.65055674316 0.70112714344 0.81499610081 1.02518027942 

---- Expected P_neut(i), 0 < i < n (neutral SFS per site) 
E[P_neut(1)] = 0.0101286961
E[P_neut(2)] = 0.0043964916
E[P_neut(3)] = 0.0024382720
E[P_neut(4)] = 0.0015747613
E[P_neut(5)] = 0.0011199485
E[P_neut(6)] = 0.0008920446
E[P_neut(7)] = 0.0007311463
E[P_neut(8)] = 0.0006303348
E[P_neut(9)] = 0.0005478279
E[P_neut(10)] = 0.0005047477
E[P_neut(11)] = 0.0004513087
E[P_neut(12)] = 0.0004346625
E[P_neut(13)] = 0.0004018474
E[P_neut(14)] = 0.0003842297
E[P_neut(15)] = 0.0003764291
E[P_neut(16)] = 0.0003740464
E[P_neut(17)] = 0.0003913369
E[P_neut(18)] = 0.0004012771
E[P_neut(19)] = 0.0004500470

---- Expected P_sel(i), 0 < i < n (selected SFS per site) 
E[P_sel(1)] = 0.0072120993
E[P_sel(2)] = 0.0028304233
E[P_sel(3)] = 0.0014930837
E[P_sel(4)] = 0.0009342602
E[P_sel(5)] = 0.0006497107
E[P_sel(6)] = 0.0005088709
E[P_sel(7)] = 0.0004117003
E[P_sel(8)] = 0.0003513508
E[P_sel(9)] = 0.0003029720
E[P_sel(10)] = 0.0002775077
E[P_sel(11)] = 0.0002471226
E[P_sel(12)] = 0.0002374686
E[P_sel(13)] = 0.0002194549
E[P_sel(14)] = 0.0002101894
E[P_sel(15)] = 0.0002067779
E[P_sel(16)] = 0.0002069611
E[P_sel(17)] = 0.0002189950
E[P_sel(18)] = 0.0002285267
E[P_sel(19)] = 0.0002640528

---- Expected D_neut and D_sel (neutral and selected divergence per site) 
E[D_neut] = 0.0198393781
E[D_sel] = 0.0125344351

---- Expected neutral and selected misattributed polymorphism per site
E[mis_neut] = 0.0005199528
E[mis_sel] = 0.0003128357

---- alpha_div = 0.246759
---- alpha_dfe = 0.246564

