---- Running command
---- ./polyDFE -d Mmc/203.polyDFE.config.txt -m C -e 
---- Performing inference using model C

---- Performing inference on Mmc/203.polyDFE.config.txt
---- No mutation variability. Using Poisson likelihood.


---- Calculating initial values

-- Starting local optimization
-- Optimizing all parameters
  it        eps_an        lambda     theta_bar           S_d             b           p_b           S_b           r 2           r 3           r 4           r 5           r 6           r 7           r 8           r 9          r 10          r 11          r 12          r 13          r 14          r 15          r 16          r 17          r 18          r 19          r 20           ln lk          grad status 
   0           0.1 0.01926419564 0.01137086306        -20000         0.208           0.1            20 0.87306492176 0.73230415349 0.64182905249 0.58245068250 0.55763010612 0.54039756051 0.54131868506 0.53520875804 0.55188929574 0.55446592030 0.60127893527 0.62537759936 0.67156743586 0.74833083675 0.86346288736 1.10680704574 1.58612368549             1             1 -1113486.027390 23110.4354050   -2 
 568 0.00265952450 0.01932267153 0.01016944217 -78.137757175 0.12198105093 0.01847642409 8.21910833926 0.86450417428 0.71949170683 0.61914865695 0.55727817791 0.52786857330 0.50979312641 0.49771762537 0.48540827954 0.49081421686 0.48653052550 0.51772952714 0.51202921923 0.52547242980 0.55624671585 0.59059270734 0.64300745808 0.70240345770 0.77045338496 1.00633384846 -279.0146134343 0.34259958701   -3 
-- Local optimization: stuck in the same solution
---- Best joint likelihood found -279.014613434366765 with gradient 0.34260

---- Results for Mmc/203.polyDFE.config.txt 
--  Model: C
--        eps_an        lambda     theta_bar             a 
-- 0.00265952450 0.01932267153 0.01016944217            -1 
--           S_d             b           p_b           S_b 
-- -78.137757175 0.12198105093 0.01847642409 8.21910833926 
--           r 2           r 3           r 4           r 5           r 6           r 7           r 8           r 9          r 10          r 11          r 12          r 13          r 14          r 15          r 16          r 17          r 18          r 19          r 20 
-- 0.86450417428 0.71949170683 0.61914865695 0.55727817791 0.52786857330 0.50979312641 0.49771762537 0.48540827954 0.49081421686 0.48653052550 0.51772952714 0.51202921923 0.52547242980 0.55624671585 0.59059270734 0.64300745808 0.70240345770 0.77045338496 1.00633384846 

---- Expected P_neut(i), 0 < i < n (neutral SFS per site) 
E[P_neut(1)] = 0.0101434930
E[P_neut(2)] = 0.0043851274
E[P_neut(3)] = 0.0024334797
E[P_neut(4)] = 0.0015709111
E[P_neut(5)] = 0.0011314302
E[P_neut(6)] = 0.0008933238
E[P_neut(7)] = 0.0007397115
E[P_neut(8)] = 0.0006321730
E[P_neut(9)] = 0.0005482188
E[P_neut(10)] = 0.0004991307
E[P_neut(11)] = 0.0004500574
E[P_neut(12)] = 0.0004392675
E[P_neut(13)] = 0.0004014469
E[P_neut(14)] = 0.0003830616
E[P_neut(15)] = 0.0003791261
E[P_neut(16)] = 0.0003785629
E[P_neut(17)] = 0.0003901121
E[P_neut(18)] = 0.0004074714
E[P_neut(19)] = 0.0004383219

---- Expected P_sel(i), 0 < i < n (selected SFS per site) 
E[P_sel(1)] = 0.0072431993
E[P_sel(2)] = 0.0028271340
E[P_sel(3)] = 0.0014906460
E[P_sel(4)] = 0.0009314985
E[P_sel(5)] = 0.0006555681
E[P_sel(6)] = 0.0005086525
E[P_sel(7)] = 0.0004155005
E[P_sel(8)] = 0.0003513081
E[P_sel(9)] = 0.0003020997
E[P_sel(10)] = 0.0002732807
E[P_sel(11)] = 0.0002452762
E[P_sel(12)] = 0.0002387178
E[P_sel(13)] = 0.0002179569
E[P_sel(14)] = 0.0002082150
E[P_sel(15)] = 0.0002068328
E[P_sel(16)] = 0.0002079583
E[P_sel(17)] = 0.0002167640
E[P_sel(18)] = 0.0002306845
E[P_sel(19)] = 0.0002572702

---- Expected D_neut and D_sel (neutral and selected divergence per site) 
E[D_neut] = 0.0198343642
E[D_sel] = 0.0125369722

---- Expected neutral and selected misattributed polymorphism per site
E[mis_neut] = 0.0005116927
E[mis_sel] = 0.0003063887

---- alpha_div = 0.245023
---- alpha_dfe = 0.244869

