---- Running command
---- ./polyDFE -d Mmc/204.polyDFE.config.txt -m C -e 
---- Performing inference using model C

---- Performing inference on Mmc/204.polyDFE.config.txt
---- No mutation variability. Using Poisson likelihood.


---- Calculating initial values

-- Starting local optimization
-- Optimizing all parameters
  it        eps_an        lambda     theta_bar           S_d             b           p_b           S_b           r 2           r 3           r 4           r 5           r 6           r 7           r 8           r 9          r 10          r 11          r 12          r 13          r 14          r 15          r 16          r 17          r 18          r 19          r 20           ln lk          grad status 
   0           0.1 0.01928626453 0.01133856812        -20000         0.208           0.1            20 0.87562509380 0.73642073920 0.64746687551 0.58144826115 0.55419496830 0.53565123828 0.53856621733 0.52879605942 0.54578997063 0.55536889330 0.59374826510 0.62510608176 0.66921941070 0.75400627762 0.87984219596 1.10960654960 1.59405692805             1             1 -1118923.725339 23220.3707665   -2 
 576 0.00290550603 0.01934365234 0.01016708460 -94.448547570 0.11026103972 0.00700546714 18.4273863521 0.86343459738 0.71712136837 0.62070836069 0.55298405858 0.52201920892 0.50228000110 0.49428145027 0.48148093908 0.48825145447 0.48454869041 0.51343051120 0.51532103052 0.52480065498 0.56250592008 0.59279393936 0.64906072329 0.70890101625 0.79490689721 1.00284700292 -278.6877144884 0.80800023974   -3 
-- Local optimization: stuck in the same solution
---- Best joint likelihood found -278.687714488420170 with gradient 0.80800

---- Results for Mmc/204.polyDFE.config.txt 
--  Model: C
--        eps_an        lambda     theta_bar             a 
-- 0.00290550603 0.01934365234 0.01016708460            -1 
--           S_d             b           p_b           S_b 
-- -94.448547570 0.11026103972 0.00700546714 18.4273863521 
--           r 2           r 3           r 4           r 5           r 6           r 7           r 8           r 9          r 10          r 11          r 12          r 13          r 14          r 15          r 16          r 17          r 18          r 19          r 20 
-- 0.86343459738 0.71712136837 0.62070836069 0.55298405858 0.52201920892 0.50228000110 0.49428145027 0.48148093908 0.48825145447 0.48454869041 0.51343051120 0.51532103052 0.52480065498 0.56250592008 0.59279393936 0.64906072329 0.70890101625 0.79490689721 1.00284700292 

---- Expected P_neut(i), 0 < i < n (neutral SFS per site) 
E[P_neut(1)] = 0.0101387800
E[P_neut(2)] = 0.0043777165
E[P_neut(3)] = 0.0024244110
E[P_neut(4)] = 0.0015742091
E[P_neut(5)] = 0.0011222878
E[P_neut(6)] = 0.0008831061
E[P_neut(7)] = 0.0007285832
E[P_neut(8)] = 0.0006276139
E[P_neut(9)] = 0.0005436384
E[P_neut(10)] = 0.0004964094
E[P_neut(11)] = 0.0004481380
E[P_neut(12)] = 0.0004355689
E[P_neut(13)] = 0.0004039727
E[P_neut(14)] = 0.0003825837
E[P_neut(15)] = 0.0003834290
E[P_neut(16)] = 0.0003801762
E[P_neut(17)] = 0.0003941132
E[P_neut(18)] = 0.0004120040
E[P_neut(19)] = 0.0004536670

---- Expected P_sel(i), 0 < i < n (selected SFS per site) 
E[P_sel(1)] = 0.0072283225
E[P_sel(2)] = 0.0028337012
E[P_sel(3)] = 0.0014954286
E[P_sel(4)] = 0.0009413618
E[P_sel(5)] = 0.0006562219
E[P_sel(6)] = 0.0005074949
E[P_sel(7)] = 0.0004129075
E[P_sel(8)] = 0.0003516421
E[P_sel(9)] = 0.0003017140
E[P_sel(10)] = 0.0002733347
E[P_sel(11)] = 0.0002451660
E[P_sel(12)] = 0.0002370757
E[P_sel(13)] = 0.0002190646
E[P_sel(14)] = 0.0002070237
E[P_sel(15)] = 0.0002074367
E[P_sel(16)] = 0.0002061926
E[P_sel(17)] = 0.0002151868
E[P_sel(18)] = 0.0002283413
E[P_sel(19)] = 0.0002615283

---- Expected D_neut and D_sel (neutral and selected divergence per site) 
E[D_neut] = 0.0198534539
E[D_sel] = 0.0125153212

---- Expected neutral and selected misattributed polymorphism per site
E[mis_neut] = 0.0005098015
E[mis_sel] = 0.0002979447

---- alpha_div = 0.205332
---- alpha_dfe = 0.205308

