---- Running command
---- ./polyDFE -d Mmc/205.polyDFE.config.txt -m C -e 
---- Performing inference using model C

---- Performing inference on Mmc/205.polyDFE.config.txt
---- No mutation variability. Using Poisson likelihood.


---- Calculating initial values

-- Starting local optimization
-- Optimizing all parameters
  it        eps_an        lambda     theta_bar           S_d             b           p_b           S_b           r 2           r 3           r 4           r 5           r 6           r 7           r 8           r 9          r 10          r 11          r 12          r 13          r 14          r 15          r 16          r 17          r 18          r 19          r 20           ln lk          grad status 
   0           0.1 0.01929619284 0.01137059677        -20000         0.208           0.1            20 0.87413573044 0.73301162659 0.64350481677 0.58305472675 0.56649242522 0.53911556158 0.53891896033 0.53441830617 0.54792755851 0.55787402128 0.59378260856 0.62776660441 0.66279108305 0.74675836746 0.86759176038 1.11254659107 1.57845120627             1             1 -1118859.177517 23208.2152516   -2 
1444 0.00029764758 0.01930702745 0.01015314879 -81.186931316 0.11940135518 0.01512931793 9.61488395981 0.86429670558 0.71981394448 0.62208155724 0.55520810988 0.53474545118 0.50770303459 0.49744584235 0.48877592276 0.49310081999 0.48565178300 0.50986119048 0.51965194260 0.52249987222 0.56087923783 0.59994864891 0.65090291700 0.70891579889 0.83358960601 1.10549679348 -284.4991521636 0.02358250451   -3 
-- Local optimization: stuck in the same solution
---- Best joint likelihood found -284.499152163611143 with gradient 0.02358

---- Results for Mmc/205.polyDFE.config.txt 
--  Model: C
--        eps_an        lambda     theta_bar             a 
-- 0.00029764758 0.01930702745 0.01015314879            -1 
--           S_d             b           p_b           S_b 
-- -81.186931316 0.11940135518 0.01512931793 9.61488395981 
--           r 2           r 3           r 4           r 5           r 6           r 7           r 8           r 9          r 10          r 11          r 12          r 13          r 14          r 15          r 16          r 17          r 18          r 19          r 20 
-- 0.86429670558 0.71981394448 0.62208155724 0.55520810988 0.53474545118 0.50770303459 0.49744584235 0.48877592276 0.49310081999 0.48565178300 0.50986119048 0.51965194260 0.52249987222 0.56087923783 0.59994864891 0.65090291700 0.70891579889 0.83358960601 1.10549679348 

---- Expected P_neut(i), 0 < i < n (neutral SFS per site) 
E[P_neut(1)] = 0.0101502593
E[P_neut(2)] = 0.0043864796
E[P_neut(3)] = 0.0024355166
E[P_neut(4)] = 0.0015786650
E[P_neut(5)] = 0.0011271995
E[P_neut(6)] = 0.0009047351
E[P_neut(7)] = 0.0007362994
E[P_neut(8)] = 0.0006312707
E[P_neut(9)] = 0.0005513709
E[P_neut(10)] = 0.0005006526
E[P_neut(11)] = 0.0004482939
E[P_neut(12)] = 0.0004314509
E[P_neut(13)] = 0.0004059525
E[P_neut(14)] = 0.0003790865
E[P_neut(15)] = 0.0003798686
E[P_neut(16)] = 0.0003810672
E[P_neut(17)] = 0.0003893573
E[P_neut(18)] = 0.0004010607
E[P_neut(19)] = 0.0004483400

---- Expected P_sel(i), 0 < i < n (selected SFS per site) 
E[P_sel(1)] = 0.0072428393
E[P_sel(2)] = 0.0028288232
E[P_sel(3)] = 0.0014930828
E[P_sel(4)] = 0.0009370476
E[P_sel(5)] = 0.0006538105
E[P_sel(6)] = 0.0005156571
E[P_sel(7)] = 0.0004139181
E[P_sel(8)] = 0.0003509973
E[P_sel(9)] = 0.0003038941
E[P_sel(10)] = 0.0002740442
E[P_sel(11)] = 0.0002441211
E[P_sel(12)] = 0.0002341327
E[P_sel(13)] = 0.0002199159
E[P_sel(14)] = 0.0002054108
E[P_sel(15)] = 0.0002063664
E[P_sel(16)] = 0.0002081748
E[P_sel(17)] = 0.0002147694
E[P_sel(18)] = 0.0002247529
E[P_sel(19)] = 0.0002582484

---- Expected D_neut and D_sel (neutral and selected divergence per site) 
E[D_neut] = 0.0198682411
E[D_sel] = 0.0125210765

---- Expected neutral and selected misattributed polymorphism per site
E[mis_neut] = 0.0005612137
E[mis_sel] = 0.0003338677

---- alpha_div = 0.234305
---- alpha_dfe = 0.234003

