---- Running command
---- ./polyDFE -d Mmc/206.polyDFE.config.txt -m C -e 
---- Performing inference using model C

---- Performing inference on Mmc/206.polyDFE.config.txt
---- No mutation variability. Using Poisson likelihood.


---- Calculating initial values

-- Starting local optimization
-- Optimizing all parameters
  it        eps_an        lambda     theta_bar           S_d             b           p_b           S_b           r 2           r 3           r 4           r 5           r 6           r 7           r 8           r 9          r 10          r 11          r 12          r 13          r 14          r 15          r 16          r 17          r 18          r 19          r 20           ln lk          grad status 
   0           0.1 0.01923755006 0.01132981380        -20000         0.208           0.1            20 0.87661814544 0.73545094418 0.64658013655 0.58316482243 0.56289605458 0.53844331898 0.54073549555 0.53345472045 0.55364354960 0.55439868146 0.59953571754 0.61753440211 0.66954251947 0.74978212584 0.86606835207 1.11378541330 1.58321381979             1             1 -1113023.197110 23096.5714098   -2 
 838 0.00067423041 0.01920358592 0.01012214486 -72.118069712 0.12617945346 0.02325271086 6.84428884140 0.86690522534 0.72097403213 0.62247546440 0.55522150245 0.53349140731 0.50891822339 0.50094151583 0.48670030966 0.49446235452 0.48705506394 0.51418209717 0.51430900123 0.52536570200 0.55875135412 0.58968813634 0.65283083103 0.70484283862 0.82784484241 1.19112709663 -268.0887081837 0.03364909677   -3 
-- Local optimization: stuck in the same solution
---- Best joint likelihood found -268.088708183771814 with gradient 0.03365

---- Results for Mmc/206.polyDFE.config.txt 
--  Model: C
--        eps_an        lambda     theta_bar             a 
-- 0.00067423041 0.01920358592 0.01012214486            -1 
--           S_d             b           p_b           S_b 
-- -72.118069712 0.12617945346 0.02325271086 6.84428884140 
--           r 2           r 3           r 4           r 5           r 6           r 7           r 8           r 9          r 10          r 11          r 12          r 13          r 14          r 15          r 16          r 17          r 18          r 19          r 20 
-- 0.86690522534 0.72097403213 0.62247546440 0.55522150245 0.53349140731 0.50891822339 0.50094151583 0.48670030966 0.49446235452 0.48705506394 0.51418209717 0.51430900123 0.52536570200 0.55875135412 0.58968813634 0.65283083103 0.70484283862 0.82784484241 1.19112709663 

---- Expected P_neut(i), 0 < i < n (neutral SFS per site) 
E[P_neut(1)] = 0.0101156176
E[P_neut(2)] = 0.0043847792
E[P_neut(3)] = 0.0024312231
E[P_neut(4)] = 0.0015743862
E[P_neut(5)] = 0.0011235029
E[P_neut(6)] = 0.0008996622
E[P_neut(7)] = 0.0007356801
E[P_neut(8)] = 0.0006336904
E[P_neut(9)] = 0.0005473166
E[P_neut(10)] = 0.0005005020
E[P_neut(11)] = 0.0004482525
E[P_neut(12)] = 0.0004338537
E[P_neut(13)] = 0.0004006808
E[P_neut(14)] = 0.0003801956
E[P_neut(15)] = 0.0003775544
E[P_neut(16)] = 0.0003738673
E[P_neut(17)] = 0.0003900868
E[P_neut(18)] = 0.0003990532
E[P_neut(19)] = 0.0004475571

---- Expected P_sel(i), 0 < i < n (selected SFS per site) 
E[P_sel(1)] = 0.0072466353
E[P_sel(2)] = 0.0028317603
E[P_sel(3)] = 0.0014905193
E[P_sel(4)] = 0.0009339371
E[P_sel(5)] = 0.0006511226
E[P_sel(6)] = 0.0005123766
E[P_sel(7)] = 0.0004133844
E[P_sel(8)] = 0.0003523658
E[P_sel(9)] = 0.0003018921
E[P_sel(10)] = 0.0002744179
E[P_sel(11)] = 0.0002447702
E[P_sel(12)] = 0.0002363877
E[P_sel(13)] = 0.0002182624
E[P_sel(14)] = 0.0002075065
E[P_sel(15)] = 0.0002069915
E[P_sel(16)] = 0.0002065419
E[P_sel(17)] = 0.0002180471
E[P_sel(18)] = 0.0002270137
E[P_sel(19)] = 0.0002617362

---- Expected D_neut and D_sel (neutral and selected divergence per site) 
E[D_neut] = 0.0198064240
E[D_sel] = 0.0125468938

---- Expected neutral and selected misattributed polymorphism per site
E[mis_neut] = 0.0006028381
E[mis_sel] = 0.0003634515

---- alpha_div = 0.258287
---- alpha_dfe = 0.258090

