---- Running command
---- ./polyDFE -d Mmc/207.polyDFE.config.txt -m C -e 
---- Performing inference using model C

---- Performing inference on Mmc/207.polyDFE.config.txt
---- No mutation variability. Using Poisson likelihood.


---- Calculating initial values

-- Starting local optimization
-- Optimizing all parameters
  it        eps_an        lambda     theta_bar           S_d             b           p_b           S_b           r 2           r 3           r 4           r 5           r 6           r 7           r 8           r 9          r 10          r 11          r 12          r 13          r 14          r 15          r 16          r 17          r 18          r 19          r 20           ln lk          grad status 
   0           0.1 0.01926682099 0.01136523532        -20000         0.208           0.1            20 0.87058756700 0.73538090985 0.64226920187 0.58606378726 0.55500861536 0.53987154408 0.54023250626 0.52950258327 0.55126323031 0.56041349273 0.59047654712 0.62854102902 0.66828263674 0.74223611499 0.86109986544 1.10728479135 1.57851206758             1             1 -1115845.409338 23131.6884811   -2 
 800 0.00118206821 0.01929455591 0.01015050768 -75.984876364 0.12364850926 0.02279446106 6.76663738717 0.86413649441 0.72032815348 0.62058356904 0.55761255799 0.52692178744 0.50628447241 0.49592480473 0.48547920291 0.49581798024 0.49248484098 0.51040430537 0.51762262019 0.52204811848 0.55406092197 0.58657752018 0.64518338204 0.70524423713 0.81211776780 1.06759812515 -279.1612891069 0.04070897700   -8 
-- Local optimization: reached maximum number of likelihood evaluations allowed.
---- Best joint likelihood found -279.161289106981712 with gradient 0.04071

---- Results for Mmc/207.polyDFE.config.txt 
--  Model: C
--        eps_an        lambda     theta_bar             a 
-- 0.00118206821 0.01929455591 0.01015050768            -1 
--           S_d             b           p_b           S_b 
-- -75.984876364 0.12364850926 0.02279446106 6.76663738717 
--           r 2           r 3           r 4           r 5           r 6           r 7           r 8           r 9          r 10          r 11          r 12          r 13          r 14          r 15          r 16          r 17          r 18          r 19          r 20 
-- 0.86413649441 0.72032815348 0.62058356904 0.55761255799 0.52692178744 0.50628447241 0.49592480473 0.48547920291 0.49581798024 0.49248484098 0.51040430537 0.51762262019 0.52204811848 0.55406092197 0.58657752018 0.64518338204 0.70524423713 0.81211776780 1.06759812515 

---- Expected P_neut(i), 0 < i < n (neutral SFS per site) 
E[P_neut(1)] = 0.0101390219
E[P_neut(2)] = 0.0043809980
E[P_neut(3)] = 0.0024348065
E[P_neut(4)] = 0.0015733879
E[P_neut(5)] = 0.0011311152
E[P_neut(6)] = 0.0008908143
E[P_neut(7)] = 0.0007337591
E[P_neut(8)] = 0.0006290026
E[P_neut(9)] = 0.0005474300
E[P_neut(10)] = 0.0005032804
E[P_neut(11)] = 0.0004545620
E[P_neut(12)] = 0.0004319720
E[P_neut(13)] = 0.0004045541
E[P_neut(14)] = 0.0003791101
E[P_neut(15)] = 0.0003758282
E[P_neut(16)] = 0.0003735504
E[P_neut(17)] = 0.0003876573
E[P_neut(18)] = 0.0004024134
E[P_neut(19)] = 0.0004453493

---- Expected P_sel(i), 0 < i < n (selected SFS per site) 
E[P_sel(1)] = 0.0072538245
E[P_sel(2)] = 0.0028295006
E[P_sel(3)] = 0.0014941399
E[P_sel(4)] = 0.0009347812
E[P_sel(5)] = 0.0006568131
E[P_sel(6)] = 0.0005084804
E[P_sel(7)] = 0.0004133261
E[P_sel(8)] = 0.0003506828
E[P_sel(9)] = 0.0003027865
E[P_sel(10)] = 0.0002767204
E[P_sel(11)] = 0.0002489225
E[P_sel(12)] = 0.0002360281
E[P_sel(13)] = 0.0002209805
E[P_sel(14)] = 0.0002074601
E[P_sel(15)] = 0.0002065511
E[P_sel(16)] = 0.0002068218
E[P_sel(17)] = 0.0002171019
E[P_sel(18)] = 0.0002293100
E[P_sel(19)] = 0.0002611223

---- Expected D_neut and D_sel (neutral and selected divergence per site) 
E[D_neut] = 0.0198363891
E[D_sel] = 0.0125283075

---- Expected neutral and selected misattributed polymorphism per site
E[mis_neut] = 0.0005418331
E[mis_sel] = 0.0003262597

---- alpha_div = 0.251194
---- alpha_dfe = 0.251083

