---- Running command
---- ./polyDFE -d Mmc/208.polyDFE.config.txt -m C -e 
---- Performing inference using model C

---- Performing inference on Mmc/208.polyDFE.config.txt
---- No mutation variability. Using Poisson likelihood.


---- Calculating initial values

-- Starting local optimization
-- Optimizing all parameters
  it        eps_an        lambda     theta_bar           S_d             b           p_b           S_b           r 2           r 3           r 4           r 5           r 6           r 7           r 8           r 9          r 10          r 11          r 12          r 13          r 14          r 15          r 16          r 17          r 18          r 19          r 20           ln lk          grad status 
   0           0.1 0.01928539194 0.01133997084        -20000         0.208           0.1            20 0.87540383371 0.73021219848 0.64351142631 0.58306903039 0.55479949457 0.53685945957 0.53180962639 0.52721564999 0.55356074290 0.56001985797 0.59416995682 0.62517683501 0.66970482473 0.75754709764 0.86027208048 1.10278893913 1.58334943705             1             1 -1117276.906552 23186.1144830   -2 
 416 0.00747207389 0.01934374658 0.01018903409 -85.370606862 0.11514660652 0.01161994972 11.8240513314 0.86549745057 0.71722134461 0.61795028711 0.55460656528 0.52674036965 0.50446318051 0.48963476622 0.48137275996 0.49027133755 0.48388981333 0.50963263229 0.51323179226 0.52724105760 0.55277088941 0.57304441742 0.62104514486 0.66385379621 0.69260669879 1.00014726119 -293.7512844754 15.2866410324   -3 
-- Local optimization: stuck in the same solution
---- Best joint likelihood found -293.751284475452849 with gradient 15.28664

---- Results for Mmc/208.polyDFE.config.txt 
--  Model: C
--        eps_an        lambda     theta_bar             a 
-- 0.00747207389 0.01934374658 0.01018903409            -1 
--           S_d             b           p_b           S_b 
-- -85.370606862 0.11514660652 0.01161994972 11.8240513314 
--           r 2           r 3           r 4           r 5           r 6           r 7           r 8           r 9          r 10          r 11          r 12          r 13          r 14          r 15          r 16          r 17          r 18          r 19          r 20 
-- 0.86549745057 0.71722134461 0.61795028711 0.55460656528 0.52674036965 0.50446318051 0.48963476622 0.48137275996 0.49027133755 0.48388981333 0.50963263229 0.51323179226 0.52724105760 0.55277088941 0.57304441742 0.62104514486 0.66385379621 0.69260669879 1.00014726119 

---- Expected P_neut(i), 0 < i < n (neutral SFS per site) 
E[P_neut(1)] = 0.0101156762
E[P_neut(2)] = 0.0043791528
E[P_neut(3)] = 0.0024205108
E[P_neut(4)] = 0.0015650442
E[P_neut(5)] = 0.0011245419
E[P_neut(6)] = 0.0008906794
E[P_neut(7)] = 0.0007318037
E[P_neut(8)] = 0.0006221868
E[P_neut(9)] = 0.0005442463
E[P_neut(10)] = 0.0004995391
E[P_neut(11)] = 0.0004489384
E[P_neut(12)] = 0.0004341484
E[P_neut(13)] = 0.0004047376
E[P_neut(14)] = 0.0003875364
E[P_neut(15)] = 0.0003811193
E[P_neut(16)] = 0.0003739580
E[P_neut(17)] = 0.0003876466
E[P_neut(18)] = 0.0004059181
E[P_neut(19)] = 0.0004447786

---- Expected P_sel(i), 0 < i < n (selected SFS per site) 
E[P_sel(1)] = 0.0072282505
E[P_sel(2)] = 0.0028344498
E[P_sel(3)] = 0.0014910425
E[P_sel(4)] = 0.0009340247
E[P_sel(5)] = 0.0006560351
E[P_sel(6)] = 0.0005106485
E[P_sel(7)] = 0.0004138225
E[P_sel(8)] = 0.0003479497
E[P_sel(9)] = 0.0003016397
E[P_sel(10)] = 0.0002748735
E[P_sel(11)] = 0.0002456603
E[P_sel(12)] = 0.0002366257
E[P_sel(13)] = 0.0002200959
E[P_sel(14)] = 0.0002106720
E[P_sel(15)] = 0.0002076108
E[P_sel(16)] = 0.0002048343
E[P_sel(17)] = 0.0002146302
E[P_sel(18)] = 0.0002296296
E[P_sel(19)] = 0.0002658731

---- Expected D_neut and D_sel (neutral and selected divergence per site) 
E[D_neut] = 0.0198532733
E[D_sel] = 0.0125200871

---- Expected neutral and selected misattributed polymorphism per site
E[mis_neut] = 0.0005095267
E[mis_sel] = 0.0003019342

---- alpha_div = 0.219861
---- alpha_dfe = 0.219799

