---- Running command
---- ./polyDFE -d Mmc/209.polyDFE.config.txt -m C -e 
---- Performing inference using model C

---- Performing inference on Mmc/209.polyDFE.config.txt
---- No mutation variability. Using Poisson likelihood.


---- Calculating initial values

-- Starting local optimization
-- Optimizing all parameters
  it        eps_an        lambda     theta_bar           S_d             b           p_b           S_b           r 2           r 3           r 4           r 5           r 6           r 7           r 8           r 9          r 10          r 11          r 12          r 13          r 14          r 15          r 16          r 17          r 18          r 19          r 20           ln lk          grad status 
   0           0.1 0.01930105302 0.01135794769        -20000         0.208           0.1            20 0.87699721004 0.73027883103 0.64302202365 0.58655832188 0.55674716547 0.53603678525 0.53884657598 0.52796962432 0.56200912016 0.54623751276 0.59608612344 0.62745952810 0.66306435363 0.74960078152 0.86754055208 1.10039292302 1.59517894900             1             1 -1118482.933389 23224.6611722   -2 
 803 0.00102546641 0.01932716356 0.01015294718 -77.375830413 0.12402657011 0.02285266537 6.76025933190 0.86533339083 0.71810999522 0.61916707274 0.55869734007 0.52771840768 0.50448379659 0.49570145840 0.48425463011 0.50282886804 0.47869363563 0.50895192269 0.51985488990 0.52277254576 0.55689303117 0.59170968527 0.64677278249 0.70996084842 0.82193892946 1.07118102233 -267.7053064742 0.07702596243   -8 
-- Local optimization: reached maximum number of likelihood evaluations allowed.
---- Best joint likelihood found -267.705306474279496 with gradient 0.07703

---- Results for Mmc/209.polyDFE.config.txt 
--  Model: C
--        eps_an        lambda     theta_bar             a 
-- 0.00102546641 0.01932716356 0.01015294718            -1 
--           S_d             b           p_b           S_b 
-- -77.375830413 0.12402657011 0.02285266537 6.76025933190 
--           r 2           r 3           r 4           r 5           r 6           r 7           r 8           r 9          r 10          r 11          r 12          r 13          r 14          r 15          r 16          r 17          r 18          r 19          r 20 
-- 0.86533339083 0.71810999522 0.61916707274 0.55869734007 0.52771840768 0.50448379659 0.49570145840 0.48425463011 0.50282886804 0.47869363563 0.50895192269 0.51985488990 0.52277254576 0.55689303117 0.59170968527 0.64677278249 0.70996084842 0.82193892946 1.07118102233 

---- Expected P_neut(i), 0 < i < n (neutral SFS per site) 
E[P_neut(1)] = 0.0101429861
E[P_neut(2)] = 0.0043887481
E[P_neut(3)] = 0.0024282149
E[P_neut(4)] = 0.0015703661
E[P_neut(5)] = 0.0011337081
E[P_neut(6)] = 0.0008924559
E[P_neut(7)] = 0.0007313799
E[P_neut(8)] = 0.0006289003
E[P_neut(9)] = 0.0005461831
E[P_neut(10)] = 0.0005105195
E[P_neut(11)] = 0.0004419390
E[P_neut(12)] = 0.0004308170
E[P_neut(13)] = 0.0004063386
E[P_neut(14)] = 0.0003796471
E[P_neut(15)] = 0.0003777172
E[P_neut(16)] = 0.0003767014
E[P_neut(17)] = 0.0003883696
E[P_neut(18)] = 0.0004045493
E[P_neut(19)] = 0.0004491770

---- Expected P_sel(i), 0 < i < n (selected SFS per site) 
E[P_sel(1)] = 0.0072379802
E[P_sel(2)] = 0.0028259416
E[P_sel(3)] = 0.0014853369
E[P_sel(4)] = 0.0009299169
E[P_sel(5)] = 0.0006561121
E[P_sel(6)] = 0.0005076882
E[P_sel(7)] = 0.0004105754
E[P_sel(8)] = 0.0003494185
E[P_sel(9)] = 0.0003010532
E[P_sel(10)] = 0.0002797298
E[P_sel(11)] = 0.0002411738
E[P_sel(12)] = 0.0002345858
E[P_sel(13)] = 0.0002211938
E[P_sel(14)] = 0.0002070460
E[P_sel(15)] = 0.0002068879
E[P_sel(16)] = 0.0002078678
E[P_sel(17)] = 0.0002167773
E[P_sel(18)] = 0.0002297496
E[P_sel(19)] = 0.0002623503

---- Expected D_neut and D_sel (neutral and selected divergence per site) 
E[D_neut] = 0.0198709458
E[D_sel] = 0.0125163863

---- Expected neutral and selected misattributed polymorphism per site
E[mis_neut] = 0.0005437822
E[mis_sel] = 0.0003264926

---- alpha_div = 0.252342
---- alpha_dfe = 0.252175

