---- Running command
---- ./polyDFE -d Mmc/21.polyDFE.config.txt -m C -e 
---- Performing inference using model C

---- Performing inference on Mmc/21.polyDFE.config.txt
---- No mutation variability. Using Poisson likelihood.


---- Calculating initial values

-- Starting local optimization
-- Optimizing all parameters
  it        eps_an        lambda     theta_bar           S_d             b           p_b           S_b           r 2           r 3           r 4           r 5           r 6           r 7           r 8           r 9          r 10          r 11          r 12          r 13          r 14          r 15          r 16          r 17          r 18          r 19          r 20           ln lk          grad status 
   0           0.1 0.01928137371 0.01136581452        -20000         0.208           0.1            20 0.87152082503 0.73186070503 0.64641773556 0.58113760297 0.55449637146 0.54377281579 0.52973171968 0.52544511258 0.55138075142 0.55668449660 0.59144883372 0.62860858285 0.66194712362 0.75290198197 0.86538763107 1.10874393750 1.57877926218             1             1 -1117549.292826 23171.6766929   -2 
 922 0.00152335421 0.01931016592 0.01015685408 -76.982089892 0.12313880333 0.02243192877 6.83737074997 0.86302869757 0.71875802697 0.62223921567 0.55268315853 0.52823988600 0.50621482086 0.49001507124 0.47993899775 0.49625710155 0.48614090188 0.51361101016 0.51924073068 0.52493062896 0.56286962511 0.58437240118 0.63993777616 0.70341241020 0.79602705017 1.06613001140 -276.2861338139 0.09822816208   -8 
-- Local optimization: reached maximum number of likelihood evaluations allowed.
---- Best joint likelihood found -276.286133813919150 with gradient 0.09823

---- Results for Mmc/21.polyDFE.config.txt 
--  Model: C
--        eps_an        lambda     theta_bar             a 
-- 0.00152335421 0.01931016592 0.01015685408            -1 
--           S_d             b           p_b           S_b 
-- -76.982089892 0.12313880333 0.02243192877 6.83737074997 
--           r 2           r 3           r 4           r 5           r 6           r 7           r 8           r 9          r 10          r 11          r 12          r 13          r 14          r 15          r 16          r 17          r 18          r 19          r 20 
-- 0.86302869757 0.71875802697 0.62223921567 0.55268315853 0.52823988600 0.50621482086 0.49001507124 0.47993899775 0.49625710155 0.48614090188 0.51361101016 0.51924073068 0.52493062896 0.56286962511 0.58437240118 0.63993777616 0.70341241020 0.79602705017 1.06613001140 

---- Expected P_neut(i), 0 < i < n (neutral SFS per site) 
E[P_neut(1)] = 0.0101420298
E[P_neut(2)] = 0.0043767563
E[P_neut(3)] = 0.0024303156
E[P_neut(4)] = 0.0015781564
E[P_neut(5)] = 0.0011215748
E[P_neut(6)] = 0.0008934272
E[P_neut(7)] = 0.0007340062
E[P_neut(8)] = 0.0006218410
E[P_neut(9)] = 0.0005414887
E[P_neut(10)] = 0.0005040411
E[P_neut(11)] = 0.0004490197
E[P_neut(12)] = 0.0004350082
E[P_neut(13)] = 0.0004061819
E[P_neut(14)] = 0.0003816138
E[P_neut(15)] = 0.0003822620
E[P_neut(16)] = 0.0003728034
E[P_neut(17)] = 0.0003854631
E[P_neut(18)] = 0.0004029862
E[P_neut(19)] = 0.0004403574

---- Expected P_sel(i), 0 < i < n (selected SFS per site) 
E[P_sel(1)] = 0.0072514120
E[P_sel(2)] = 0.0028255598
E[P_sel(3)] = 0.0014909531
E[P_sel(4)] = 0.0009374203
E[P_sel(5)] = 0.0006511708
E[P_sel(6)] = 0.0005099072
E[P_sel(7)] = 0.0004134188
E[P_sel(8)] = 0.0003466517
E[P_sel(9)] = 0.0002994648
E[P_sel(10)] = 0.0002771008
E[P_sel(11)] = 0.0002458476
E[P_sel(12)] = 0.0002376401
E[P_sel(13)] = 0.0002218168
E[P_sel(14)] = 0.0002087708
E[P_sel(15)] = 0.0002100161
E[P_sel(16)] = 0.0002063337
E[P_sel(17)] = 0.0002157988
E[P_sel(18)] = 0.0002296052
E[P_sel(19)] = 0.0002585011

---- Expected D_neut and D_sel (neutral and selected divergence per site) 
E[D_neut] = 0.0198515923
E[D_sel] = 0.0125303086

---- Expected neutral and selected misattributed polymorphism per site
E[mis_neut] = 0.0005414263
E[mis_sel] = 0.0003257791

---- alpha_div = 0.249858
---- alpha_dfe = 0.249690

