---- Running command
---- ./polyDFE -d Mmc/211.polyDFE.config.txt -m C -e 
---- Performing inference using model C

---- Performing inference on Mmc/211.polyDFE.config.txt
---- No mutation variability. Using Poisson likelihood.


---- Calculating initial values

-- Starting local optimization
-- Optimizing all parameters
  it        eps_an        lambda     theta_bar           S_d             b           p_b           S_b           r 2           r 3           r 4           r 5           r 6           r 7           r 8           r 9          r 10          r 11          r 12          r 13          r 14          r 15          r 16          r 17          r 18          r 19          r 20           ln lk          grad status 
   0           0.1 0.01927157754 0.01137987561        -20000         0.208           0.1            20 0.87258518027 0.72489798461 0.64579214138 0.58419774042 0.56008024026 0.53634647092 0.53925897196 0.52736441270 0.54979982423 0.55972564553 0.59740311445 0.62396344767 0.66290430383 0.75434766080 0.85832069002 1.10452044073 1.57221402061             1             1 -1115457.200541 23153.9262493   -2 
1062 0.00121455568 0.01923235869 0.01016563170 -87.692260868 0.11753321996 0.02003289329 7.37529507716 0.86348015852 0.71408700029 0.62233035690 0.55731785913 0.52808983096 0.50692966429 0.49478717867 0.48304412662 0.49334747749 0.48836788559 0.51316945489 0.51959030821 0.51993686476 0.56146594228 0.58407605343 0.64610586176 0.69657946992 0.81064412846 1.19855611237 -278.3763650874 0.04809552742   -8 
-- Local optimization: reached maximum number of likelihood evaluations allowed.
---- Best joint likelihood found -278.376365087460726 with gradient 0.04810

---- Results for Mmc/211.polyDFE.config.txt 
--  Model: C
--        eps_an        lambda     theta_bar             a 
-- 0.00121455568 0.01923235869 0.01016563170            -1 
--           S_d             b           p_b           S_b 
-- -87.692260868 0.11753321996 0.02003289329 7.37529507716 
--           r 2           r 3           r 4           r 5           r 6           r 7           r 8           r 9          r 10          r 11          r 12          r 13          r 14          r 15          r 16          r 17          r 18          r 19          r 20 
-- 0.86348015852 0.71408700029 0.62233035690 0.55731785913 0.52808983096 0.50692966429 0.49478717867 0.48304412662 0.49334747749 0.48836788559 0.51316945489 0.51959030821 0.51993686476 0.56146594228 0.58407605343 0.64610586176 0.69657946992 0.81064412846 1.19855611237 

---- Expected P_neut(i), 0 < i < n (neutral SFS per site) 
E[P_neut(1)] = 0.0101538118
E[P_neut(2)] = 0.0043840579
E[P_neut(3)] = 0.0024172455
E[P_neut(4)] = 0.0015801251
E[P_neut(5)] = 0.0011321836
E[P_neut(6)] = 0.0008940996
E[P_neut(7)] = 0.0007357794
E[P_neut(8)] = 0.0006284924
E[P_neut(9)] = 0.0005454909
E[P_neut(10)] = 0.0005015189
E[P_neut(11)] = 0.0004514389
E[P_neut(12)] = 0.0004349599
E[P_neut(13)] = 0.0004067056
E[P_neut(14)] = 0.0003781629
E[P_neut(15)] = 0.0003814245
E[P_neut(16)] = 0.0003725641
E[P_neut(17)] = 0.0003888269
E[P_neut(18)] = 0.0003982511
E[P_neut(19)] = 0.0004455415

---- Expected P_sel(i), 0 < i < n (selected SFS per site) 
E[P_sel(1)] = 0.0072300354
E[P_sel(2)] = 0.0028268006
E[P_sel(3)] = 0.0014838124
E[P_sel(4)] = 0.0009402322
E[P_sel(5)] = 0.0006589947
E[P_sel(6)] = 0.0005118592
E[P_sel(7)] = 0.0004158441
E[P_sel(8)] = 0.0003516483
E[P_sel(9)] = 0.0003028250
E[P_sel(10)] = 0.0002767688
E[P_sel(11)] = 0.0002481002
E[P_sel(12)] = 0.0002384676
E[P_sel(13)] = 0.0002228442
E[P_sel(14)] = 0.0002075011
E[P_sel(15)] = 0.0002100883
E[P_sel(16)] = 0.0002066096
E[P_sel(17)] = 0.0002179647
E[P_sel(18)] = 0.0002270174
E[P_sel(19)] = 0.0002611711

---- Expected D_neut and D_sel (neutral and selected divergence per site) 
E[D_neut] = 0.0198415627
E[D_sel] = 0.0125351575

---- Expected neutral and selected misattributed polymorphism per site
E[mis_neut] = 0.0006092040
E[mis_sel] = 0.0003666654

---- alpha_div = 0.239482
---- alpha_dfe = 0.239398

