---- Running command
---- ./polyDFE -d Mmc/212.polyDFE.config.txt -m C -e 
---- Performing inference using model C

---- Performing inference on Mmc/212.polyDFE.config.txt
---- No mutation variability. Using Poisson likelihood.


---- Calculating initial values

-- Starting local optimization
-- Optimizing all parameters
  it        eps_an        lambda     theta_bar           S_d             b           p_b           S_b           r 2           r 3           r 4           r 5           r 6           r 7           r 8           r 9          r 10          r 11          r 12          r 13          r 14          r 15          r 16          r 17          r 18          r 19          r 20           ln lk          grad status 
   0           0.1 0.01927781157 0.01135998608        -20000         0.208           0.1            20 0.86973509605 0.73015137185 0.63831522807 0.58340014773 0.55752525408 0.53990152692 0.54028970409 0.52894350925 0.55420921801 0.55828033259 0.59633189164 0.62578649639 0.66823862026 0.74728736056 0.86740243043 1.11006091331 1.57641908550             1             1 -1119788.794738 23202.8535121   -2 
 563 0.00553357279 0.01933693498 0.01020004812 -95.483067730 0.10913830472 0.00548631123 22.8862454453 0.86149126491 0.71342122392 0.61287774250 0.55212241898 0.52404790275 0.50500841845 0.49477231706 0.48296793021 0.49147488830 0.48491363650 0.50831201713 0.51336050212 0.52559471382 0.55337848150 0.58630567232 0.63614644656 0.67858008758 0.72925589800 0.99647279507 -287.2531465906 0.84744182853   -3 
-- Local optimization: stuck in the same solution
---- Best joint likelihood found -287.253146590621327 with gradient 0.84744

---- Results for Mmc/212.polyDFE.config.txt 
--  Model: C
--        eps_an        lambda     theta_bar             a 
-- 0.00553357279 0.01933693498 0.01020004812            -1 
--           S_d             b           p_b           S_b 
-- -95.483067730 0.10913830472 0.00548631123 22.8862454453 
--           r 2           r 3           r 4           r 5           r 6           r 7           r 8           r 9          r 10          r 11          r 12          r 13          r 14          r 15          r 16          r 17          r 18          r 19          r 20 
-- 0.86149126491 0.71342122392 0.61287774250 0.55212241898 0.52404790275 0.50500841845 0.49477231706 0.48296793021 0.49147488830 0.48491363650 0.50831201713 0.51336050212 0.52559471382 0.55337848150 0.58630567232 0.63614644656 0.67858008758 0.72925589800 0.99647279507 

---- Expected P_neut(i), 0 < i < n (neutral SFS per site) 
E[P_neut(1)] = 0.0101457718
E[P_neut(2)] = 0.0043714416
E[P_neut(3)] = 0.0024143332
E[P_neut(4)] = 0.0015562658
E[P_neut(5)] = 0.0011221847
E[P_neut(6)] = 0.0008880749
E[P_neut(7)] = 0.0007340298
E[P_neut(8)] = 0.0006297378
E[P_neut(9)] = 0.0005468255
E[P_neut(10)] = 0.0005013068
E[P_neut(11)] = 0.0004501900
E[P_neut(12)] = 0.0004331672
E[P_neut(13)] = 0.0004046356
E[P_neut(14)] = 0.0003857459
E[P_neut(15)] = 0.0003804495
E[P_neut(16)] = 0.0003803515
E[P_neut(17)] = 0.0003930000
E[P_neut(18)] = 0.0004067152
E[P_neut(19)] = 0.0004457734

---- Expected P_sel(i), 0 < i < n (selected SFS per site) 
E[P_sel(1)] = 0.0072375059
E[P_sel(2)] = 0.0028327635
E[P_sel(3)] = 0.0014911642
E[P_sel(4)] = 0.0009319096
E[P_sel(5)] = 0.0006570504
E[P_sel(6)] = 0.0005110022
E[P_sel(7)] = 0.0004164735
E[P_sel(8)] = 0.0003531784
E[P_sel(9)] = 0.0003037152
E[P_sel(10)] = 0.0002761696
E[P_sel(11)] = 0.0002463338
E[P_sel(12)] = 0.0002357221
E[P_sel(13)] = 0.0002192834
E[P_sel(14)] = 0.0002084939
E[P_sel(15)] = 0.0002054704
E[P_sel(16)] = 0.0002058204
E[P_sel(17)] = 0.0002140591
E[P_sel(18)] = 0.0002252396
E[P_sel(19)] = 0.0002595193

---- Expected D_neut and D_sel (neutral and selected divergence per site) 
E[D_neut] = 0.0198451385
E[D_sel] = 0.0124957261

---- Expected neutral and selected misattributed polymorphism per site
E[mis_neut] = 0.0005082035
E[mis_sel] = 0.0002946959

---- alpha_div = 0.199487
---- alpha_dfe = 0.199584

