---- Running command
---- ./polyDFE -d Mmc/213.polyDFE.config.txt -m C -e 
---- Performing inference using model C

---- Performing inference on Mmc/213.polyDFE.config.txt
---- No mutation variability. Using Poisson likelihood.


---- Calculating initial values

-- Starting local optimization
-- Optimizing all parameters
  it        eps_an        lambda     theta_bar           S_d             b           p_b           S_b           r 2           r 3           r 4           r 5           r 6           r 7           r 8           r 9          r 10          r 11          r 12          r 13          r 14          r 15          r 16          r 17          r 18          r 19          r 20           ln lk          grad status 
   0           0.1 0.01927039516 0.01134156343        -20000         0.208           0.1            20 0.87590293586 0.73639700186 0.64171260456 0.58193515940 0.55792411482 0.54244030930 0.54134366063 0.52912282282 0.54795253425 0.55419681449 0.59667704369 0.62608281090 0.66704022847 0.75177616228 0.86723723629 1.11851843353 1.59062528777             1             1 -1115951.752296 23162.8313525   -2 
1222 0.00021860164 0.01926037647 0.01012912874 -78.770286918 0.12187762552 0.02076626549 7.35114419933 0.86439971169 0.72218732813 0.62137795745 0.55406910812 0.52966880250 0.50897055735 0.49818953016 0.48370917902 0.49149557375 0.48302442328 0.51715181809 0.51949254897 0.52451536590 0.56232126927 0.59644748828 0.65682985308 0.71830304511 0.82478025885 1.14314388574 -265.3362328179 0.01992788755   -3 
-- Local optimization: stuck in the same solution
---- Best joint likelihood found -265.336232817993732 with gradient 0.01993

---- Results for Mmc/213.polyDFE.config.txt 
--  Model: C
--        eps_an        lambda     theta_bar             a 
-- 0.00021860164 0.01926037647 0.01012912874            -1 
--           S_d             b           p_b           S_b 
-- -78.770286918 0.12187762552 0.02076626549 7.35114419933 
--           r 2           r 3           r 4           r 5           r 6           r 7           r 8           r 9          r 10          r 11          r 12          r 13          r 14          r 15          r 16          r 17          r 18          r 19          r 20 
-- 0.86439971169 0.72218732813 0.62137795745 0.55406910812 0.52966880250 0.50897055735 0.49818953016 0.48370917902 0.49149557375 0.48302442328 0.51715181809 0.51949254897 0.52451536590 0.56232126927 0.59644748828 0.65682985308 0.71830304511 0.82478025885 1.14314388574 

---- Expected P_neut(i), 0 < i < n (neutral SFS per site) 
E[P_neut(1)] = 0.0101270106
E[P_neut(2)] = 0.0043769393
E[P_neut(3)] = 0.0024379287
E[P_neut(4)] = 0.0015732429
E[P_neut(5)] = 0.0011222851
E[P_neut(6)] = 0.0008940681
E[P_neut(7)] = 0.0007364172
E[P_neut(8)] = 0.0006307358
E[P_neut(9)] = 0.0005443730
E[P_neut(10)] = 0.0004978422
E[P_neut(11)] = 0.0004448051
E[P_neut(12)] = 0.0004365672
E[P_neut(13)] = 0.0004048423
E[P_neut(14)] = 0.0003796042
E[P_neut(15)] = 0.0003798840
E[P_neut(16)] = 0.0003778548
E[P_neut(17)] = 0.0003918071
E[P_neut(18)] = 0.0004050789
E[P_neut(19)] = 0.0004418184

---- Expected P_sel(i), 0 < i < n (selected SFS per site) 
E[P_sel(1)] = 0.0072343828
E[P_sel(2)] = 0.0028244754
E[P_sel(3)] = 0.0014953541
E[P_sel(4)] = 0.0009344419
E[P_sel(5)] = 0.0006515671
E[P_sel(6)] = 0.0005102519
E[P_sel(7)] = 0.0004147359
E[P_sel(8)] = 0.0003515427
E[P_sel(9)] = 0.0003009638
E[P_sel(10)] = 0.0002735622
E[P_sel(11)] = 0.0002433773
E[P_sel(12)] = 0.0002382795
E[P_sel(13)] = 0.0002208316
E[P_sel(14)] = 0.0002073718
E[P_sel(15)] = 0.0002083405
E[P_sel(16)] = 0.0002086739
E[P_sel(17)] = 0.0002187552
E[P_sel(18)] = 0.0002299227
E[P_sel(19)] = 0.0002572730

---- Expected D_neut and D_sel (neutral and selected divergence per site) 
E[D_neut] = 0.0198393291
E[D_sel] = 0.0125429660

---- Expected neutral and selected misattributed polymorphism per site
E[mis_neut] = 0.0005789526
E[mis_sel] = 0.0003481571

---- alpha_div = 0.247366
---- alpha_dfe = 0.247211

