---- Running command
---- ./polyDFE -d Mmc/214.polyDFE.config.txt -m C -e 
---- Performing inference using model C

---- Performing inference on Mmc/214.polyDFE.config.txt
---- No mutation variability. Using Poisson likelihood.


---- Calculating initial values

-- Starting local optimization
-- Optimizing all parameters
  it        eps_an        lambda     theta_bar           S_d             b           p_b           S_b           r 2           r 3           r 4           r 5           r 6           r 7           r 8           r 9          r 10          r 11          r 12          r 13          r 14          r 15          r 16          r 17          r 18          r 19          r 20           ln lk          grad status 
   0           0.1 0.01929523900 0.01136627394        -20000         0.208           0.1            20 0.87226195586 0.73666512159 0.64399175483 0.58119071332 0.55899306257 0.54021777093 0.54039430625 0.53145552977 0.55359972075 0.55146494570 0.58814746828 0.63068414754 0.66706660849 0.75731393411 0.86845974828 1.11300241969 1.56845462937             1             1 -1117051.128360 23174.8674595   -2 
 905 0.00083784666 0.01925889303 0.01014319731 -74.296141434 0.12521830843 0.02316428669 6.73271138221 0.86678012108 0.72417020794 0.62074990276 0.55294406452 0.53058945309 0.50632269834 0.49985193347 0.48664189281 0.49698426341 0.48327147811 0.51251494466 0.51834099588 0.52413843163 0.56258297138 0.59109855889 0.65095621481 0.69973562024 0.83138761449 1.19260407128 -281.2956449635 0.01490969795   -3 
-- Local optimization: stuck in the same solution
---- Best joint likelihood found -281.295644963509403 with gradient 0.01491

---- Results for Mmc/214.polyDFE.config.txt 
--  Model: C
--        eps_an        lambda     theta_bar             a 
-- 0.00083784666 0.01925889303 0.01014319731            -1 
--           S_d             b           p_b           S_b 
-- -74.296141434 0.12521830843 0.02316428669 6.73271138221 
--           r 2           r 3           r 4           r 5           r 6           r 7           r 8           r 9          r 10          r 11          r 12          r 13          r 14          r 15          r 16          r 17          r 18          r 19          r 20 
-- 0.86678012108 0.72417020794 0.62074990276 0.55294406452 0.53058945309 0.50632269834 0.49985193347 0.48664189281 0.49698426341 0.48327147811 0.51251494466 0.51834099588 0.52413843163 0.56258297138 0.59109855889 0.65095621481 0.69973562024 0.83138761449 1.19260407128 

---- Expected P_neut(i), 0 < i < n (neutral SFS per site) 
E[P_neut(1)] = 0.0101350707
E[P_neut(2)] = 0.0043926081
E[P_neut(3)] = 0.0024467411
E[P_neut(4)] = 0.0015730923
E[P_neut(5)] = 0.0011211031
E[P_neut(6)] = 0.0008965456
E[P_neut(7)] = 0.0007334000
E[P_neut(8)] = 0.0006335941
E[P_neut(9)] = 0.0005483699
E[P_neut(10)] = 0.0005041009
E[P_neut(11)] = 0.0004457151
E[P_neut(12)] = 0.0004333797
E[P_neut(13)] = 0.0004047093
E[P_neut(14)] = 0.0003801790
E[P_neut(15)] = 0.0003810471
E[P_neut(16)] = 0.0003757317
E[P_neut(17)] = 0.0003901247
E[P_neut(18)] = 0.0003976615
E[P_neut(19)] = 0.0004519649

---- Expected P_sel(i), 0 < i < n (selected SFS per site) 
E[P_sel(1)] = 0.0072493270
E[P_sel(2)] = 0.0028336729
E[P_sel(3)] = 0.0014988657
E[P_sel(4)] = 0.0009326533
E[P_sel(5)] = 0.0006494768
E[P_sel(6)] = 0.0005104624
E[P_sel(7)] = 0.0004120276
E[P_sel(8)] = 0.0003522708
E[P_sel(9)] = 0.0003024512
E[P_sel(10)] = 0.0002763783
E[P_sel(11)] = 0.0002433747
E[P_sel(12)] = 0.0002361162
E[P_sel(13)] = 0.0002204354
E[P_sel(14)] = 0.0002074625
E[P_sel(15)] = 0.0002088475
E[P_sel(16)] = 0.0002074798
E[P_sel(17)] = 0.0002179233
E[P_sel(18)] = 0.0002260111
E[P_sel(19)] = 0.0002640350

---- Expected D_neut and D_sel (neutral and selected divergence per site) 
E[D_neut] = 0.0198637340
E[D_sel] = 0.0125306136

---- Expected neutral and selected misattributed polymorphism per site
E[mis_neut] = 0.0006048409
E[mis_sel] = 0.0003636638

---- alpha_div = 0.254222
---- alpha_dfe = 0.254206

