---- Running command
---- ./polyDFE -d Mmc/215.polyDFE.config.txt -m C -e 
---- Performing inference using model C

---- Performing inference on Mmc/215.polyDFE.config.txt
---- No mutation variability. Using Poisson likelihood.


---- Calculating initial values

-- Starting local optimization
-- Optimizing all parameters
  it        eps_an        lambda     theta_bar           S_d             b           p_b           S_b           r 2           r 3           r 4           r 5           r 6           r 7           r 8           r 9          r 10          r 11          r 12          r 13          r 14          r 15          r 16          r 17          r 18          r 19          r 20           ln lk          grad status 
   0           0.1 0.01923786131 0.01136506930        -20000         0.208           0.1            20 0.87027689238 0.73517047087 0.64531075371 0.57855796020 0.55618171805 0.53502824416 0.53282422169 0.52470821241 0.54894275394 0.55733626621 0.59589843629 0.62301359075 0.66459348310 0.74516596515 0.85893989671 1.10341432373 1.56470779367             1             1 -1113458.682932 23115.4343390   -2 
1296 0.00068571876 0.01921483227 0.01014677660 -76.103679629 0.12562255044 0.02764728613 5.79697409732 0.86302158011 0.72078593455 0.62173818978 0.55293859104 0.52644677738 0.50415481676 0.49222147598 0.48208626861 0.49491025325 0.48455876193 0.51117130035 0.51702875895 0.52253617087 0.55778214484 0.57875683208 0.64166769317 0.70325653011 0.82386250276 1.16800613308 -272.1952868365 0.02721785206   -8 
-- Local optimization: reached maximum number of likelihood evaluations allowed.
---- Best joint likelihood found -272.195286836533342 with gradient 0.02722

---- Results for Mmc/215.polyDFE.config.txt 
--  Model: C
--        eps_an        lambda     theta_bar             a 
-- 0.00068571876 0.01921483227 0.01014677660            -1 
--           S_d             b           p_b           S_b 
-- -76.103679629 0.12562255044 0.02764728613 5.79697409732 
--           r 2           r 3           r 4           r 5           r 6           r 7           r 8           r 9          r 10          r 11          r 12          r 13          r 14          r 15          r 16          r 17          r 18          r 19          r 20 
-- 0.86302158011 0.72078593455 0.62173818978 0.55293859104 0.52644677738 0.50415481676 0.49222147598 0.48208626861 0.49491025325 0.48455876193 0.51117130035 0.51702875895 0.52253617087 0.55778214484 0.57875683208 0.64166769317 0.70325653011 0.82386250276 1.16800613308 

---- Expected P_neut(i), 0 < i < n (neutral SFS per site) 
E[P_neut(1)] = 0.0101401205
E[P_neut(2)] = 0.0043757130
E[P_neut(3)] = 0.0024364755
E[P_neut(4)] = 0.0015763298
E[P_neut(5)] = 0.0011215982
E[P_neut(6)] = 0.0008899388
E[P_neut(7)] = 0.0007305679
E[P_neut(8)] = 0.0006241760
E[P_neut(9)] = 0.0005434473
E[P_neut(10)] = 0.0005021744
E[P_neut(11)] = 0.0004470398
E[P_neut(12)] = 0.0004323601
E[P_neut(13)] = 0.0004037763
E[P_neut(14)] = 0.0003790692
E[P_neut(15)] = 0.0003778234
E[P_neut(16)] = 0.0003678621
E[P_neut(17)] = 0.0003844008
E[P_neut(18)] = 0.0003991631
E[P_neut(19)] = 0.0004466324

---- Expected P_sel(i), 0 < i < n (selected SFS per site) 
E[P_sel(1)] = 0.0072440026
E[P_sel(2)] = 0.0028205251
E[P_sel(3)] = 0.0014921152
E[P_sel(4)] = 0.0009347309
E[P_sel(5)] = 0.0006501866
E[P_sel(6)] = 0.0005072814
E[P_sel(7)] = 0.0004111190
E[P_sel(8)] = 0.0003478001
E[P_sel(9)] = 0.0003005699
E[P_sel(10)] = 0.0002762562
E[P_sel(11)] = 0.0002450847
E[P_sel(12)] = 0.0002366744
E[P_sel(13)] = 0.0002211253
E[P_sel(14)] = 0.0002081366
E[P_sel(15)] = 0.0002085138
E[P_sel(16)] = 0.0002046760
E[P_sel(17)] = 0.0002164591
E[P_sel(18)] = 0.0002286933
E[P_sel(19)] = 0.0002626531

---- Expected D_neut and D_sel (neutral and selected divergence per site) 
E[D_neut] = 0.0198074071
E[D_sel] = 0.0125252041

---- Expected neutral and selected misattributed polymorphism per site
E[mis_neut] = 0.0005925749
E[mis_sel] = 0.0003585540

---- alpha_div = 0.263086
---- alpha_dfe = 0.262978

