---- Running command
---- ./polyDFE -d Mmc/216.polyDFE.config.txt -m C -e 
---- Performing inference using model C

---- Performing inference on Mmc/216.polyDFE.config.txt
---- No mutation variability. Using Poisson likelihood.


---- Calculating initial values

-- Starting local optimization
-- Optimizing all parameters
  it        eps_an        lambda     theta_bar           S_d             b           p_b           S_b           r 2           r 3           r 4           r 5           r 6           r 7           r 8           r 9          r 10          r 11          r 12          r 13          r 14          r 15          r 16          r 17          r 18          r 19          r 20           ln lk          grad status 
   0           0.1 0.01928298644 0.01131374457        -20000         0.208           0.1            20 0.87770111839 0.73790329248 0.64756133467 0.58680133499 0.56018337730 0.53623914235 0.53689673318 0.53360664683 0.55623330812 0.55825544278 0.59456021889 0.61899107047 0.66496613835 0.74907809497 0.86242829660 1.11685937358 1.59252741467             1             1 -1118658.442710 23196.4669176   -2 
 928 0.00070364061 0.01933387591 0.01011165734 -75.394467245 0.12304705115 0.02012439074 7.51038570659 0.86727864948 0.72463907754 0.62102751848 0.55858684556 0.53025067225 0.50805600208 0.49713726999 0.48447259799 0.49682301103 0.48661972406 0.51430072785 0.51115245164 0.52521573580 0.55958969020 0.59111153009 0.65469311336 0.71384236354 0.82751258613 1.02596503844 -299.1570345787 0.11994008818   -3 
-- Local optimization: stuck in the same solution
---- Best joint likelihood found -299.157034578791354 with gradient 0.11994

---- Results for Mmc/216.polyDFE.config.txt 
--  Model: C
--        eps_an        lambda     theta_bar             a 
-- 0.00070364061 0.01933387591 0.01011165734            -1 
--           S_d             b           p_b           S_b 
-- -75.394467245 0.12304705115 0.02012439074 7.51038570659 
--           r 2           r 3           r 4           r 5           r 6           r 7           r 8           r 9          r 10          r 11          r 12          r 13          r 14          r 15          r 16          r 17          r 18          r 19          r 20 
-- 0.86727864948 0.72463907754 0.62102751848 0.55858684556 0.53025067225 0.50805600208 0.49713726999 0.48447259799 0.49682301103 0.48661972406 0.51430072785 0.51115245164 0.52521573580 0.55958969020 0.59111153009 0.65469311336 0.71384236354 0.82751258613 1.02596503844 

---- Expected P_neut(i), 0 < i < n (neutral SFS per site) 
E[P_neut(1)] = 0.0101048523
E[P_neut(2)] = 0.0043820091
E[P_neut(3)] = 0.0024409894
E[P_neut(4)] = 0.0015690626
E[P_neut(5)] = 0.0011291183
E[P_neut(6)] = 0.0008932570
E[P_neut(7)] = 0.0007336617
E[P_neut(8)] = 0.0006282230
E[P_neut(9)] = 0.0005442452
E[P_neut(10)] = 0.0005023704
E[P_neut(11)] = 0.0004473893
E[P_neut(12)] = 0.0004335066
E[P_neut(13)] = 0.0003978211
E[P_neut(14)] = 0.0003797048
E[P_neut(15)] = 0.0003777547
E[P_neut(16)] = 0.0003744116
E[P_neut(17)] = 0.0003908583
E[P_neut(18)] = 0.0004038104
E[P_neut(19)] = 0.0004472011

---- Expected P_sel(i), 0 < i < n (selected SFS per site) 
E[P_sel(1)] = 0.0072343996
E[P_sel(2)] = 0.0028320195
E[P_sel(3)] = 0.0014986913
E[P_sel(4)] = 0.0009324974
E[P_sel(5)] = 0.0006557043
E[P_sel(6)] = 0.0005097830
E[P_sel(7)] = 0.0004130793
E[P_sel(8)] = 0.0003499753
E[P_sel(9)] = 0.0003006862
E[P_sel(10)] = 0.0002758040
E[P_sel(11)] = 0.0002445236
E[P_sel(12)] = 0.0002363028
E[P_sel(13)] = 0.0002166776
E[P_sel(14)] = 0.0002070758
E[P_sel(15)] = 0.0002067822
E[P_sel(16)] = 0.0002063494
E[P_sel(17)] = 0.0002177621
E[P_sel(18)] = 0.0002287719
E[P_sel(19)] = 0.0002603748

---- Expected D_neut and D_sel (neutral and selected divergence per site) 
E[D_neut] = 0.0198525863
E[D_sel] = 0.0125221329

---- Expected neutral and selected misattributed polymorphism per site
E[mis_neut] = 0.0005187103
E[mis_sel] = 0.0003110544

---- alpha_div = 0.245467
---- alpha_dfe = 0.245133

