---- Running command
---- ./polyDFE -d Mmc/217.polyDFE.config.txt -m C -e 
---- Performing inference using model C

---- Performing inference on Mmc/217.polyDFE.config.txt
---- No mutation variability. Using Poisson likelihood.


---- Calculating initial values

-- Starting local optimization
-- Optimizing all parameters
  it        eps_an        lambda     theta_bar           S_d             b           p_b           S_b           r 2           r 3           r 4           r 5           r 6           r 7           r 8           r 9          r 10          r 11          r 12          r 13          r 14          r 15          r 16          r 17          r 18          r 19          r 20           ln lk          grad status 
   0           0.1 0.01929995332 0.01136643500        -20000         0.208           0.1            20 0.87117523465 0.73315441041 0.64190292691 0.57504336043 0.55348020268 0.54054385796 0.53737151292 0.52740994667 0.55235256665 0.54987381249 0.59643702059 0.62517099811 0.66411993479 0.74816044949 0.85687339680 1.10427870299 1.58309196175             1             1 -1117568.753054 23159.8393584   -2 
 387 0.00411799964 0.01935790087 0.01019331973 -95.389860189 0.10922962279 0.00693293523 18.3787030979 0.86241431307 0.71700861341 0.61578120145 0.54709337007 0.52145522300 0.49970207299 0.49199371620 0.47790748381 0.49136436135 0.47814947566 0.51280936912 0.51816429799 0.52409931642 0.56173502639 0.57964261016 0.63998142890 0.68720286938 0.76053914826 1.00187337014 -299.3283179432 0.86221018842   -3 
-- Local optimization: stuck in the same solution
---- Best joint likelihood found -299.328317943276488 with gradient 0.86221

---- Results for Mmc/217.polyDFE.config.txt 
--  Model: C
--        eps_an        lambda     theta_bar             a 
-- 0.00411799964 0.01935790087 0.01019331973            -1 
--           S_d             b           p_b           S_b 
-- -95.389860189 0.10922962279 0.00693293523 18.3787030979 
--           r 2           r 3           r 4           r 5           r 6           r 7           r 8           r 9          r 10          r 11          r 12          r 13          r 14          r 15          r 16          r 17          r 18          r 19          r 20 
-- 0.86241431307 0.71700861341 0.61578120145 0.54709337007 0.52145522300 0.49970207299 0.49199371620 0.47790748381 0.49136436135 0.47814947566 0.51280936912 0.51816429799 0.52409931642 0.56173502639 0.57964261016 0.63998142890 0.68720286938 0.76053914826 1.00187337014 

---- Expected P_neut(i), 0 < i < n (neutral SFS per site) 
E[P_neut(1)] = 0.0101530239
E[P_neut(2)] = 0.0043789346
E[P_neut(3)] = 0.0024277805
E[P_neut(4)] = 0.0015642723
E[P_neut(5)] = 0.0011123185
E[P_neut(6)] = 0.0008838166
E[P_neut(7)] = 0.0007263370
E[P_neut(8)] = 0.0006260935
E[P_neut(9)] = 0.0005408694
E[P_neut(10)] = 0.0005008634
E[P_neut(11)] = 0.0004434889
E[P_neut(12)] = 0.0004363902
E[P_neut(13)] = 0.0004076168
E[P_neut(14)] = 0.0003836704
E[P_neut(15)] = 0.0003847507
E[P_neut(16)] = 0.0003742215
E[P_neut(17)] = 0.0003921895
E[P_neut(18)] = 0.0004056577
E[P_neut(19)] = 0.0004483179

---- Expected P_sel(i), 0 < i < n (selected SFS per site) 
E[P_sel(1)] = 0.0072469381
E[P_sel(2)] = 0.0028400357
E[P_sel(3)] = 0.0015010744
E[P_sel(4)] = 0.0009379060
E[P_sel(5)] = 0.0006522484
E[P_sel(6)] = 0.0005094307
E[P_sel(7)] = 0.0004129227
E[P_sel(8)] = 0.0003519241
E[P_sel(9)] = 0.0003011738
E[P_sel(10)] = 0.0002767235
E[P_sel(11)] = 0.0002434627
E[P_sel(12)] = 0.0002383594
E[P_sel(13)] = 0.0002218321
E[P_sel(14)] = 0.0002083700
E[P_sel(15)] = 0.0002089268
E[P_sel(16)] = 0.0002037577
E[P_sel(17)] = 0.0002150481
E[P_sel(18)] = 0.0002260308
E[P_sel(19)] = 0.0002609358

---- Expected D_neut and D_sel (neutral and selected divergence per site) 
E[D_neut] = 0.0198685217
E[D_sel] = 0.0125353684

---- Expected neutral and selected misattributed polymorphism per site
E[mis_neut] = 0.0005106208
E[mis_sel] = 0.0002990405

---- alpha_div = 0.202524
---- alpha_dfe = 0.202485

