---- Running command
---- ./polyDFE -d Mmc/218.polyDFE.config.txt -m C -e 
---- Performing inference using model C

---- Performing inference on Mmc/218.polyDFE.config.txt
---- No mutation variability. Using Poisson likelihood.


---- Calculating initial values

-- Starting local optimization
-- Optimizing all parameters
  it        eps_an        lambda     theta_bar           S_d             b           p_b           S_b           r 2           r 3           r 4           r 5           r 6           r 7           r 8           r 9          r 10          r 11          r 12          r 13          r 14          r 15          r 16          r 17          r 18          r 19          r 20           ln lk          grad status 
   0           0.1 0.01930163011 0.01133329282        -20000         0.208           0.1            20 0.87672977455 0.73631473966 0.64475883751 0.58588358402 0.55498010235 0.53949993389 0.53557457236 0.53414511415 0.54625350477 0.55646969634 0.59253589709 0.62624352840 0.66641520445 0.75564253367 0.86787032532 1.11916664216 1.59013724983             1             1 -1117273.551700 23156.0012517   -2 
 400 0.00196963201 0.01931275177 0.01014191732 -79.112052245 0.12020772951 0.02005311471 7.37688968322 0.86526687523 0.72222539820 0.62080043041 0.55586440015 0.52752473378 0.50638844053 0.49218089870 0.48832241318 0.49269302751 0.48327682232 0.51367560399 0.51550767536 0.52346007183 0.55983436187 0.59331226886 0.64961272303 0.70306254997 0.80099724543 1.10037769124 -280.0718660893 0.12067040316   -3 
-- Local optimization: stuck in the same solution
---- Best joint likelihood found -280.071866089318064 with gradient 0.12067

---- Results for Mmc/218.polyDFE.config.txt 
--  Model: C
--        eps_an        lambda     theta_bar             a 
-- 0.00196963201 0.01931275177 0.01014191732            -1 
--           S_d             b           p_b           S_b 
-- -79.112052245 0.12020772951 0.02005311471 7.37688968322 
--           r 2           r 3           r 4           r 5           r 6           r 7           r 8           r 9          r 10          r 11          r 12          r 13          r 14          r 15          r 16          r 17          r 18          r 19          r 20 
-- 0.86526687523 0.72222539820 0.62080043041 0.55586440015 0.52752473378 0.50638844053 0.49218089870 0.48832241318 0.49269302751 0.48327682232 0.51367560399 0.51550767536 0.52346007183 0.55983436187 0.59331226886 0.64961272303 0.70306254997 0.80099724543 1.10037769124 

---- Expected P_neut(i), 0 < i < n (neutral SFS per site) 
E[P_neut(1)] = 0.0101227836
E[P_neut(2)] = 0.0043798706
E[P_neut(3)] = 0.0024375377
E[P_neut(4)] = 0.0015716672
E[P_neut(5)] = 0.0011260309
E[P_neut(6)] = 0.0008906760
E[P_neut(7)] = 0.0007330256
E[P_neut(8)] = 0.0006235834
E[P_neut(9)] = 0.0005500744
E[P_neut(10)] = 0.0004996852
E[P_neut(11)] = 0.0004457838
E[P_neut(12)] = 0.0004345118
E[P_neut(13)] = 0.0004028250
E[P_neut(14)] = 0.0003802157
E[P_neut(15)] = 0.0003799948
E[P_neut(16)] = 0.0003784423
E[P_neut(17)] = 0.0003915938
E[P_neut(18)] = 0.0004039954
E[P_neut(19)] = 0.0004466941

---- Expected P_sel(i), 0 < i < n (selected SFS per site) 
E[P_sel(1)] = 0.0072479422
E[P_sel(2)] = 0.0028360446
E[P_sel(3)] = 0.0015010866
E[P_sel(4)] = 0.0009375500
E[P_sel(5)] = 0.0006567142
E[P_sel(6)] = 0.0005106979
E[P_sel(7)] = 0.0004147945
E[P_sel(8)] = 0.0003492274
E[P_sel(9)] = 0.0003055795
E[P_sel(10)] = 0.0002758877
E[P_sel(11)] = 0.0002450636
E[P_sel(12)] = 0.0002382532
E[P_sel(13)] = 0.0002207181
E[P_sel(14)] = 0.0002086064
E[P_sel(15)] = 0.0002092662
E[P_sel(16)] = 0.0002098348
E[P_sel(17)] = 0.0002195157
E[P_sel(18)] = 0.0002304319
E[P_sel(19)] = 0.0002627560

---- Expected D_neut and D_sel (neutral and selected divergence per site) 
E[D_neut] = 0.0198707488
E[D_sel] = 0.0125475479

---- Expected neutral and selected misattributed polymorphism per site
E[mis_neut] = 0.0005579970
E[mis_sel] = 0.0003356317

---- alpha_div = 0.240044
---- alpha_dfe = 0.239835

