---- Running command
---- ./polyDFE -d Mmc/219.polyDFE.config.txt -m C -e 
---- Performing inference using model C

---- Performing inference on Mmc/219.polyDFE.config.txt
---- No mutation variability. Using Poisson likelihood.


---- Calculating initial values

-- Starting local optimization
-- Optimizing all parameters
  it        eps_an        lambda     theta_bar           S_d             b           p_b           S_b           r 2           r 3           r 4           r 5           r 6           r 7           r 8           r 9          r 10          r 11          r 12          r 13          r 14          r 15          r 16          r 17          r 18          r 19          r 20           ln lk          grad status 
   0           0.1 0.01929883171 0.01137358996        -20000         0.208           0.1            20 0.86993578647 0.73490936259 0.64152694896 0.58050555097 0.55407543446 0.53386755480 0.53606464148 0.53166437952 0.53777674841 0.55156855299 0.59804439760 0.62513895233 0.67178975472 0.74757481465 0.86101629449 1.10661465554 1.55868409451             1             1 -1120275.386785 23207.2967272   -2 
1083 0.00068356084 0.01931385384 0.01015207797 -81.022494497 0.11991329968 0.01987223981 7.37345251783 0.86378052115 0.71969553506 0.61938209727 0.55349980132 0.52462305081 0.50396445958 0.49366478883 0.48705784500 0.48565099404 0.48365154970 0.51568370536 0.51410614503 0.52742271246 0.55548855490 0.58533286349 0.65134463682 0.70107326340 0.81610208718 1.09565100514 -287.3037971848 0.07714686246   -8 
-- Local optimization: reached maximum number of likelihood evaluations allowed.
---- Best joint likelihood found -287.303797184824361 with gradient 0.07715

---- Results for Mmc/219.polyDFE.config.txt 
--  Model: C
--        eps_an        lambda     theta_bar             a 
-- 0.00068356084 0.01931385384 0.01015207797            -1 
--           S_d             b           p_b           S_b 
-- -81.022494497 0.11991329968 0.01987223981 7.37345251783 
--           r 2           r 3           r 4           r 5           r 6           r 7           r 8           r 9          r 10          r 11          r 12          r 13          r 14          r 15          r 16          r 17          r 18          r 19          r 20 
-- 0.86378052115 0.71969553506 0.61938209727 0.55349980132 0.52462305081 0.50396445958 0.49366478883 0.48705784500 0.48565099404 0.48365154970 0.51568370536 0.51410614503 0.52742271246 0.55548855490 0.58533286349 0.65134463682 0.70107326340 0.81610208718 1.09565100514 

---- Expected P_neut(i), 0 < i < n (neutral SFS per site) 
E[P_neut(1)] = 0.0101454365
E[P_neut(2)] = 0.0043818568
E[P_neut(3)] = 0.0024340695
E[P_neut(4)] = 0.0015711831
E[P_neut(5)] = 0.0011233234
E[P_neut(6)] = 0.0008873237
E[P_neut(7)] = 0.0007306729
E[P_neut(8)] = 0.0006263354
E[P_neut(9)] = 0.0005493350
E[P_neut(10)] = 0.0004930367
E[P_neut(11)] = 0.0004464403
E[P_neut(12)] = 0.0004364018
E[P_neut(13)] = 0.0004017056
E[P_neut(14)] = 0.0003828051
E[P_neut(15)] = 0.0003764688
E[P_neut(16)] = 0.0003722172
E[P_neut(17)] = 0.0003903696
E[P_neut(18)] = 0.0003981352
E[P_neut(19)] = 0.0004427011

---- Expected P_sel(i), 0 < i < n (selected SFS per site) 
E[P_sel(1)] = 0.0072496507
E[P_sel(2)] = 0.0028316360
E[P_sel(3)] = 0.0014960420
E[P_sel(4)] = 0.0009354887
E[P_sel(5)] = 0.0006539176
E[P_sel(6)] = 0.0005078398
E[P_sel(7)] = 0.0004127064
E[P_sel(8)] = 0.0003501264
E[P_sel(9)] = 0.0003046064
E[P_sel(10)] = 0.0002717092
E[P_sel(11)] = 0.0002449580
E[P_sel(12)] = 0.0002388229
E[P_sel(13)] = 0.0002196594
E[P_sel(14)] = 0.0002095795
E[P_sel(15)] = 0.0002068514
E[P_sel(16)] = 0.0002058587
E[P_sel(17)] = 0.0002181641
E[P_sel(18)] = 0.0002261144
E[P_sel(19)] = 0.0002581044

---- Expected D_neut and D_sel (neutral and selected divergence per site) 
E[D_neut] = 0.0198700106
E[D_sel] = 0.0125072070

---- Expected neutral and selected misattributed polymorphism per site
E[mis_neut] = 0.0005561567
E[mis_sel] = 0.0003335781

---- alpha_div = 0.238540
---- alpha_dfe = 0.238327

