---- Running command
---- ./polyDFE -d Mmc/22.polyDFE.config.txt -m C -e 
---- Performing inference using model C

---- Performing inference on Mmc/22.polyDFE.config.txt
---- No mutation variability. Using Poisson likelihood.


---- Calculating initial values

-- Starting local optimization
-- Optimizing all parameters
  it        eps_an        lambda     theta_bar           S_d             b           p_b           S_b           r 2           r 3           r 4           r 5           r 6           r 7           r 8           r 9          r 10          r 11          r 12          r 13          r 14          r 15          r 16          r 17          r 18          r 19          r 20           ln lk          grad status 
   0           0.1 0.01930500252 0.01134094075        -20000         0.208           0.1            20 0.87052490784 0.73547415220 0.64177533072 0.58642479506 0.55725561200 0.53773744234 0.53708723473 0.53572529620 0.55516863190 0.55308333414 0.58567278943 0.62134170738 0.67201069409 0.75613406408 0.86783973804 1.10766480172 1.58399882575             1             1 -1118521.873324 23193.0451223   -2 
 395 0.00210083289 0.01935611265 0.01013716047 -74.733157312 0.12295792972 0.02066199965 7.30281822086 0.86412167376 0.72131306830 0.61852001162 0.55626028940 0.52862822655 0.50680278714 0.49554964051 0.48799474518 0.49612581781 0.48698762479 0.50917949972 0.50955238758 0.52617007318 0.56036313741 0.59170482328 0.64404040173 0.70382118440 0.80018493387 1.02225784004 -288.7851602856 0.06936839814   -3 
-- Local optimization: stuck in the same solution
---- Best joint likelihood found -288.785160285697202 with gradient 0.06937

---- Results for Mmc/22.polyDFE.config.txt 
--  Model: C
--        eps_an        lambda     theta_bar             a 
-- 0.00210083289 0.01935611265 0.01013716047            -1 
--           S_d             b           p_b           S_b 
-- -74.733157312 0.12295792972 0.02066199965 7.30281822086 
--           r 2           r 3           r 4           r 5           r 6           r 7           r 8           r 9          r 10          r 11          r 12          r 13          r 14          r 15          r 16          r 17          r 18          r 19          r 20 
-- 0.86412167376 0.72131306830 0.61852001162 0.55626028940 0.52862822655 0.50680278714 0.49554964051 0.48799474518 0.49612581781 0.48698762479 0.50917949972 0.50955238758 0.52617007318 0.56036313741 0.59170482328 0.64404040173 0.70382118440 0.80018493387 1.02225784004 

---- Expected P_neut(i), 0 < i < n (neutral SFS per site) 
E[P_neut(1)] = 0.0101167609
E[P_neut(2)] = 0.0043715014
E[P_neut(3)] = 0.0024330418
E[P_neut(4)] = 0.0015650037
E[P_neut(5)] = 0.0011262063
E[P_neut(6)] = 0.0008920556
E[P_neut(7)] = 0.0007332273
E[P_neut(8)] = 0.0006275177
E[P_neut(9)] = 0.0005494415
E[P_neut(10)] = 0.0005029307
E[P_neut(11)] = 0.0004490002
E[P_neut(12)] = 0.0004305517
E[P_neut(13)] = 0.0003980467
E[P_neut(14)] = 0.0003820667
E[P_neut(15)] = 0.0003802731
E[P_neut(16)] = 0.0003773934
E[P_neut(17)] = 0.0003883572
E[P_neut(18)] = 0.0004047436
E[P_neut(19)] = 0.0004473261

---- Expected P_sel(i), 0 < i < n (selected SFS per site) 
E[P_sel(1)] = 0.0072525142
E[P_sel(2)] = 0.0028297098
E[P_sel(3)] = 0.0014963716
E[P_sel(4)] = 0.0009317661
E[P_sel(5)] = 0.0006552484
E[P_sel(6)] = 0.0005100987
E[P_sel(7)] = 0.0004136785
E[P_sel(8)] = 0.0003503244
E[P_sel(9)] = 0.0003042267
E[P_sel(10)] = 0.0002767453
E[P_sel(11)] = 0.0002459907
E[P_sel(12)] = 0.0002352778
E[P_sel(13)] = 0.0002173675
E[P_sel(14)] = 0.0002089376
E[P_sel(15)] = 0.0002087680
E[P_sel(16)] = 0.0002086497
E[P_sel(17)] = 0.0002171470
E[P_sel(18)] = 0.0002303839
E[P_sel(19)] = 0.0002629431

---- Expected D_neut and D_sel (neutral and selected divergence per site) 
E[D_neut] = 0.0198742522
E[D_sel] = 0.0125440791

---- Expected neutral and selected misattributed polymorphism per site
E[mis_neut] = 0.0005181396
E[mis_sel] = 0.0003112745

---- alpha_div = 0.245063
---- alpha_dfe = 0.244878

