---- Running command
---- ./polyDFE -d Mmc/220.polyDFE.config.txt -m C -e 
---- Performing inference using model C

---- Performing inference on Mmc/220.polyDFE.config.txt
---- No mutation variability. Using Poisson likelihood.


---- Calculating initial values

-- Starting local optimization
-- Optimizing all parameters
  it        eps_an        lambda     theta_bar           S_d             b           p_b           S_b           r 2           r 3           r 4           r 5           r 6           r 7           r 8           r 9          r 10          r 11          r 12          r 13          r 14          r 15          r 16          r 17          r 18          r 19          r 20           ln lk          grad status 
   0           0.1 0.01929284445 0.01132540745        -20000         0.208           0.1            20 0.87625698906 0.73756030589 0.63906568947 0.58256328566 0.55298145954 0.53695242419 0.54150392000 0.52949313260 0.55244924298 0.55947340807 0.59001205581 0.62126060542 0.66892657265 0.74935409721 0.86503543585 1.11198889429 1.58227841182             1             1 -1118400.512483 23160.8369550   -2 
 922 0.00125538928 0.01929394370 0.01012142026 -77.400855941 0.12087165545 0.01879681785 7.83559629714 0.86613173366 0.72287981900 0.61766995608 0.55558240845 0.52456538943 0.50696132429 0.49952123719 0.48368595213 0.49543852078 0.48828394072 0.50716957971 0.51200957856 0.52336683886 0.55837437827 0.58744330618 0.64963546192 0.70446723175 0.80629324931 1.11834933984 -259.4696797945 0.02087442103   -3 
-- Local optimization: stuck in the same solution
---- Best joint likelihood found -259.469679794579861 with gradient 0.02087

---- Results for Mmc/220.polyDFE.config.txt 
--  Model: C
--        eps_an        lambda     theta_bar             a 
-- 0.00125538928 0.01929394370 0.01012142026            -1 
--           S_d             b           p_b           S_b 
-- -77.400855941 0.12087165545 0.01879681785 7.83559629714 
--           r 2           r 3           r 4           r 5           r 6           r 7           r 8           r 9          r 10          r 11          r 12          r 13          r 14          r 15          r 16          r 17          r 18          r 19          r 20 
-- 0.86613173366 0.72287981900 0.61766995608 0.55558240845 0.52456538943 0.50696132429 0.49952123719 0.48368595213 0.49543852078 0.48828394072 0.50716957971 0.51200957856 0.52336683886 0.55837437827 0.58744330618 0.64963546192 0.70446723175 0.80629324931 1.11834933984 

---- Expected P_neut(i), 0 < i < n (neutral SFS per site) 
E[P_neut(1)] = 0.0101092532
E[P_neut(2)] = 0.0043782363
E[P_neut(3)] = 0.0024362807
E[P_neut(4)] = 0.0015614287
E[P_neut(5)] = 0.0011237177
E[P_neut(6)] = 0.0008842552
E[P_neut(7)] = 0.0007326043
E[P_neut(8)] = 0.0006317267
E[P_neut(9)] = 0.0005438355
E[P_neut(10)] = 0.0005014541
E[P_neut(11)] = 0.0004494031
E[P_neut(12)] = 0.0004280294
E[P_neut(13)] = 0.0003990555
E[P_neut(14)] = 0.0003790084
E[P_neut(15)] = 0.0003777083
E[P_neut(16)] = 0.0003731056
E[P_neut(17)] = 0.0003893546
E[P_neut(18)] = 0.0004011281
E[P_neut(19)] = 0.0004416846

---- Expected P_sel(i), 0 < i < n (selected SFS per site) 
E[P_sel(1)] = 0.0072417882
E[P_sel(2)] = 0.0028346387
E[P_sel(3)] = 0.0014994653
E[P_sel(4)] = 0.0009305981
E[P_sel(5)] = 0.0006545805
E[P_sel(6)] = 0.0005062753
E[P_sel(7)] = 0.0004138465
E[P_sel(8)] = 0.0003530957
E[P_sel(9)] = 0.0003014478
E[P_sel(10)] = 0.0002761847
E[P_sel(11)] = 0.0002463823
E[P_sel(12)] = 0.0002339981
E[P_sel(13)] = 0.0002179375
E[P_sel(14)] = 0.0002072010
E[P_sel(15)] = 0.0002071989
E[P_sel(16)] = 0.0002060028
E[P_sel(17)] = 0.0002172565
E[P_sel(18)] = 0.0002276077
E[P_sel(19)] = 0.0002580328

---- Expected D_neut and D_sel (neutral and selected divergence per site) 
E[D_neut] = 0.0198599079
E[D_sel] = 0.0125250433

---- Expected neutral and selected misattributed polymorphism per site
E[mis_neut] = 0.0005659642
E[mis_sel] = 0.0003393356

---- alpha_div = 0.238522
---- alpha_dfe = 0.238454

