---- Running command
---- ./polyDFE -d Mmc/221.polyDFE.config.txt -m C -e 
---- Performing inference using model C

---- Performing inference on Mmc/221.polyDFE.config.txt
---- No mutation variability. Using Poisson likelihood.


---- Calculating initial values

-- Starting local optimization
-- Optimizing all parameters
  it        eps_an        lambda     theta_bar           S_d             b           p_b           S_b           r 2           r 3           r 4           r 5           r 6           r 7           r 8           r 9          r 10          r 11          r 12          r 13          r 14          r 15          r 16          r 17          r 18          r 19          r 20           ln lk          grad status 
   0           0.1 0.01931806020 0.01137046333        -20000         0.208           0.1            20 0.87133891466 0.73262293342 0.64049253814 0.58795908028 0.56020913602 0.53688302612 0.54033555513 0.53701260821 0.55578100258 0.55466643576 0.59548357900 0.62158930346 0.67600292579 0.75309594335 0.85990884972 1.10676908258 1.57417150331             1             1 -1121959.411149 23273.9029088   -2 
 640 0.00083632698 0.01935886216 0.01015108481 -79.319499363 0.12261351577 0.02487058359 6.11986226649 0.86448895678 0.72009597516 0.61739056686 0.55862274488 0.53067097696 0.50593643702 0.50088313036 0.49039773519 0.49823849573 0.48553591893 0.51266087764 0.51394519900 0.52829519651 0.56195063360 0.58668301144 0.64698959104 0.70801166889 0.82892073300 1.04030926003 -276.1892257115 0.03930262652   -3 
-- Local optimization: stuck in the same solution
---- Best joint likelihood found -276.189225711583276 with gradient 0.03930

---- Results for Mmc/221.polyDFE.config.txt 
--  Model: C
--        eps_an        lambda     theta_bar             a 
-- 0.00083632698 0.01935886216 0.01015108481            -1 
--           S_d             b           p_b           S_b 
-- -79.319499363 0.12261351577 0.02487058359 6.11986226649 
--           r 2           r 3           r 4           r 5           r 6           r 7           r 8           r 9          r 10          r 11          r 12          r 13          r 14          r 15          r 16          r 17          r 18          r 19          r 20 
-- 0.86448895678 0.72009597516 0.61739056686 0.55862274488 0.53067097696 0.50593643702 0.50088313036 0.49039773519 0.49823849573 0.48553591893 0.51266087764 0.51394519900 0.52829519651 0.56195063360 0.58668301144 0.64698959104 0.70801166889 0.82892073300 1.04030926003 

---- Expected P_neut(i), 0 < i < n (neutral SFS per site) 
E[P_neut(1)] = 0.0101429656
E[P_neut(2)] = 0.0043844147
E[P_neut(3)] = 0.0024348704
E[P_neut(4)] = 0.0015657969
E[P_neut(5)] = 0.0011334949
E[P_neut(6)] = 0.0008973838
E[P_neut(7)] = 0.0007334083
E[P_neut(8)] = 0.0006353945
E[P_neut(9)] = 0.0005530309
E[P_neut(10)] = 0.0005057661
E[P_neut(11)] = 0.0004481530
E[P_neut(12)] = 0.0004338409
E[P_neut(13)] = 0.0004015935
E[P_neut(14)] = 0.0003834855
E[P_neut(15)] = 0.0003809244
E[P_neut(16)] = 0.0003732159
E[P_neut(17)] = 0.0003880468
E[P_neut(18)] = 0.0004026182
E[P_neut(19)] = 0.0004509848

---- Expected P_sel(i), 0 < i < n (selected SFS per site) 
E[P_sel(1)] = 0.0072442168
E[P_sel(2)] = 0.0028293312
E[P_sel(3)] = 0.0014939376
E[P_sel(4)] = 0.0009306094
E[P_sel(5)] = 0.0006587247
E[P_sel(6)] = 0.0005128440
E[P_sel(7)] = 0.0004137738
E[P_sel(8)] = 0.0003549221
E[P_sel(9)] = 0.0003065698
E[P_sel(10)] = 0.0002788003
E[P_sel(11)] = 0.0002461197
E[P_sel(12)] = 0.0002378037
E[P_sel(13)] = 0.0002201234
E[P_sel(14)] = 0.0002106323
E[P_sel(15)] = 0.0002101642
E[P_sel(16)] = 0.0002074470
E[P_sel(17)] = 0.0002181263
E[P_sel(18)] = 0.0002300962
E[P_sel(19)] = 0.0002644811

---- Expected D_neut and D_sel (neutral and selected divergence per site) 
E[D_neut] = 0.0198868755
E[D_sel] = 0.0125161227

---- Expected neutral and selected misattributed polymorphism per site
E[mis_neut] = 0.0005280134
E[mis_sel] = 0.0003180662

---- alpha_div = 0.250120
---- alpha_dfe = 0.250093

