---- Running command
---- ./polyDFE -d Mmc/222.polyDFE.config.txt -m C -e 
---- Performing inference using model C

---- Performing inference on Mmc/222.polyDFE.config.txt
---- No mutation variability. Using Poisson likelihood.


---- Calculating initial values

-- Starting local optimization
-- Optimizing all parameters
  it        eps_an        lambda     theta_bar           S_d             b           p_b           S_b           r 2           r 3           r 4           r 5           r 6           r 7           r 8           r 9          r 10          r 11          r 12          r 13          r 14          r 15          r 16          r 17          r 18          r 19          r 20           ln lk          grad status 
   0           0.1 0.01929119391 0.01136973511        -20000         0.208           0.1            20 0.87379015654 0.73465891280 0.64286964330 0.58726707042 0.55901745647 0.54305823915 0.53954387648 0.53321081060 0.55240239798 0.56116077512 0.59725670044 0.62421034063 0.66547378285 0.74948058361 0.85976281945 1.11028233007 1.58220838735             1             1 -1118135.179636 23196.0016418   -2 
 249 0.00664032209 0.01934312119 0.01019823842 -80.884583198 0.11733633551 0.01041691000 13.3647061173 0.86696961819 0.71900069467 0.62066658405 0.55650700595 0.52811882774 0.50902614631 0.49375411635 0.48663292737 0.49279169435 0.48917173737 0.51574803687 0.51420021776 0.52268511945 0.55268595457 0.57899776634 0.63255303821 0.67359656893 0.70695383640 1.00136395666 -298.4237800858 1.13055117523   -3 
-- Local optimization: stuck in the same solution
---- Best joint likelihood found -298.423780085882754 with gradient 1.13055

---- Results for Mmc/222.polyDFE.config.txt 
--  Model: C
--        eps_an        lambda     theta_bar             a 
-- 0.00664032209 0.01934312119 0.01019823842            -1 
--           S_d             b           p_b           S_b 
-- -80.884583198 0.11733633551 0.01041691000 13.3647061173 
--           r 2           r 3           r 4           r 5           r 6           r 7           r 8           r 9          r 10          r 11          r 12          r 13          r 14          r 15          r 16          r 17          r 18          r 19          r 20 
-- 0.86696961819 0.71900069467 0.62066658405 0.55650700595 0.52811882774 0.50902614631 0.49375411635 0.48663292737 0.49279169435 0.48917173737 0.51574803687 0.51420021776 0.52268511945 0.55268595457 0.57899776634 0.63255303821 0.67359656893 0.70695383640 1.00136395666 

---- Expected P_neut(i), 0 < i < n (neutral SFS per site) 
E[P_neut(1)] = 0.0101330386
E[P_neut(2)] = 0.0043939602
E[P_neut(3)] = 0.0024304698
E[P_neut(4)] = 0.0015743692
E[P_neut(5)] = 0.0011300361
E[P_neut(6)] = 0.0008942146
E[P_neut(7)] = 0.0007393499
E[P_neut(8)] = 0.0006281587
E[P_neut(9)] = 0.0005507719
E[P_neut(10)] = 0.0005025607
E[P_neut(11)] = 0.0004541674
E[P_neut(12)] = 0.0004395792
E[P_neut(13)] = 0.0004056256
E[P_neut(14)] = 0.0003841801
E[P_neut(15)] = 0.0003808036
E[P_neut(16)] = 0.0003771046
E[P_neut(17)] = 0.0003931766
E[P_neut(18)] = 0.0004084600
E[P_neut(19)] = 0.0004446569

---- Expected P_sel(i), 0 < i < n (selected SFS per site) 
E[P_sel(1)] = 0.0072458354
E[P_sel(2)] = 0.0028414326
E[P_sel(3)] = 0.0014942024
E[P_sel(4)] = 0.0009370003
E[P_sel(5)] = 0.0006570205
E[P_sel(6)] = 0.0005106812
E[P_sel(7)] = 0.0004162664
E[P_sel(8)] = 0.0003496026
E[P_sel(9)] = 0.0003036618
E[P_sel(10)] = 0.0002749760
E[P_sel(11)] = 0.0002470148
E[P_sel(12)] = 0.0002380292
E[P_sel(13)] = 0.0002190475
E[P_sel(14)] = 0.0002073002
E[P_sel(15)] = 0.0002057990
E[P_sel(16)] = 0.0002048158
E[P_sel(17)] = 0.0002157374
E[P_sel(18)] = 0.0002288895
E[P_sel(19)] = 0.0002631439

---- Expected D_neut and D_sel (neutral and selected divergence per site) 
E[D_neut] = 0.0198537286
E[D_sel] = 0.0125147820

---- Expected neutral and selected misattributed polymorphism per site
E[mis_neut] = 0.0005106074
E[mis_sel] = 0.0003006653

---- alpha_div = 0.221776
---- alpha_dfe = 0.222306

