---- Running command
---- ./polyDFE -d Mmc/223.polyDFE.config.txt -m C -e 
---- Performing inference using model C

---- Performing inference on Mmc/223.polyDFE.config.txt
---- No mutation variability. Using Poisson likelihood.


---- Calculating initial values

-- Starting local optimization
-- Optimizing all parameters
  it        eps_an        lambda     theta_bar           S_d             b           p_b           S_b           r 2           r 3           r 4           r 5           r 6           r 7           r 8           r 9          r 10          r 11          r 12          r 13          r 14          r 15          r 16          r 17          r 18          r 19          r 20           ln lk          grad status 
   0           0.1 0.01925461464 0.01135661145        -20000         0.208           0.1            20 0.87039477776 0.73581412079 0.64223927079 0.58410722002 0.56234700863 0.53876135371 0.53326956648 0.52912622067 0.55398754862 0.55127229889 0.59442170116 0.62172289926 0.66778827564 0.74429074836 0.86712676256 1.10696918528 1.57087476331             1             1 -1113588.812891 23066.0425380   -2 
 450 0.00188683089 0.01928899739 0.01016051105 -83.180621983 0.11824236378 0.01984203719 7.37683704697 0.86161936223 0.71947954528 0.61886447917 0.55424175289 0.53009919682 0.50661605242 0.49431921590 0.48666978860 0.49487912772 0.48474403307 0.51215372059 0.51317327745 0.52187955638 0.54840056850 0.58768232186 0.64222723986 0.69604442654 0.79641240354 1.06241701944 -286.2563443830 0.67235552809   -8 
-- Local optimization: reached maximum number of likelihood evaluations allowed.
---- Best joint likelihood found -286.256344383087708 with gradient 0.67236

---- Results for Mmc/223.polyDFE.config.txt 
--  Model: C
--        eps_an        lambda     theta_bar             a 
-- 0.00188683089 0.01928899739 0.01016051105            -1 
--           S_d             b           p_b           S_b 
-- -83.180621983 0.11824236378 0.01984203719 7.37683704697 
--           r 2           r 3           r 4           r 5           r 6           r 7           r 8           r 9          r 10          r 11          r 12          r 13          r 14          r 15          r 16          r 17          r 18          r 19          r 20 
-- 0.86161936223 0.71947954528 0.61886447917 0.55424175289 0.53009919682 0.50661605242 0.49431921590 0.48666978860 0.49487912772 0.48474403307 0.51215372059 0.51317327745 0.52187955638 0.54840056850 0.58768232186 0.64222723986 0.69604442654 0.79641240354 1.06241701944 

---- Expected P_neut(i), 0 < i < n (neutral SFS per site) 
E[P_neut(1)] = 0.0101421435
E[P_neut(2)] = 0.0043697287
E[P_neut(3)] = 0.0024328865
E[P_neut(4)] = 0.0015697329
E[P_neut(5)] = 0.0011248517
E[P_neut(6)] = 0.0008967007
E[P_neut(7)] = 0.0007347233
E[P_neut(8)] = 0.0006274506
E[P_neut(9)] = 0.0005492319
E[P_neut(10)] = 0.0005028225
E[P_neut(11)] = 0.0004479416
E[P_neut(12)] = 0.0004340117
E[P_neut(13)] = 0.0004017155
E[P_neut(14)] = 0.0003797336
E[P_neut(15)] = 0.0003728929
E[P_neut(16)] = 0.0003754590
E[P_neut(17)] = 0.0003877180
E[P_neut(18)] = 0.0004004160
E[P_neut(19)] = 0.0004442601

---- Expected P_sel(i), 0 < i < n (selected SFS per site) 
E[P_sel(1)] = 0.0072503889
E[P_sel(2)] = 0.0028281680
E[P_sel(3)] = 0.0014986240
E[P_sel(4)] = 0.0009371061
E[P_sel(5)] = 0.0006567570
E[P_sel(6)] = 0.0005148639
E[P_sel(7)] = 0.0004164188
E[P_sel(8)] = 0.0003520135
E[P_sel(9)] = 0.0003056910
E[P_sel(10)] = 0.0002781761
E[P_sel(11)] = 0.0002467621
E[P_sel(12)] = 0.0002384864
E[P_sel(13)] = 0.0002205850
E[P_sel(14)] = 0.0002087902
E[P_sel(15)] = 0.0002057895
E[P_sel(16)] = 0.0002086024
E[P_sel(17)] = 0.0002177507
E[P_sel(18)] = 0.0002287550
E[P_sel(19)] = 0.0002615751

---- Expected D_neut and D_sel (neutral and selected divergence per site) 
E[D_neut] = 0.0198287324
E[D_sel] = 0.0125284570

---- Expected neutral and selected misattributed polymorphism per site
E[mis_neut] = 0.0005397350
E[mis_sel] = 0.0003250040

---- alpha_div = 0.237721
---- alpha_dfe = 0.237181

