---- Running command
---- ./polyDFE -d Mmc/224.polyDFE.config.txt -m C -e 
---- Performing inference using model C

---- Performing inference on Mmc/224.polyDFE.config.txt
---- No mutation variability. Using Poisson likelihood.


---- Calculating initial values

-- Starting local optimization
-- Optimizing all parameters
  it        eps_an        lambda     theta_bar           S_d             b           p_b           S_b           r 2           r 3           r 4           r 5           r 6           r 7           r 8           r 9          r 10          r 11          r 12          r 13          r 14          r 15          r 16          r 17          r 18          r 19          r 20           ln lk          grad status 
   0           0.1 0.01931026992 0.01137272299        -20000         0.208           0.1            20 0.87056452682 0.73556440329 0.64388141132 0.58313400738 0.56202688363 0.54164411521 0.53498464484 0.52995334589 0.55228169600 0.56021014449 0.59387149709 0.62315740472 0.66608799940 0.75285175276 0.86394420070 1.12085699356 1.57950687254             1             1 -1119605.897714 23213.7675914   -2 
 676 0.00165916242 0.01935785869 0.01015998442 -82.757629512 0.11859029140 0.01573773740 9.15326092624 0.86416211393 0.72169682277 0.61902460285 0.55833707581 0.53101732308 0.50915926295 0.49217778774 0.48669763280 0.49526086383 0.48925217424 0.51208856688 0.51552124028 0.52421933468 0.56022433795 0.58925125610 0.64963016259 0.70221027552 0.80380301491 1.02754741769 -277.7252226227 0.04492853797   -3 
-- Local optimization: stuck in the same solution
---- Best joint likelihood found -277.725222622713773 with gradient 0.04493

---- Results for Mmc/224.polyDFE.config.txt 
--  Model: C
--        eps_an        lambda     theta_bar             a 
-- 0.00165916242 0.01935785869 0.01015998442            -1 
--           S_d             b           p_b           S_b 
-- -82.757629512 0.11859029140 0.01573773740 9.15326092624 
--           r 2           r 3           r 4           r 5           r 6           r 7           r 8           r 9          r 10          r 11          r 12          r 13          r 14          r 15          r 16          r 17          r 18          r 19          r 20 
-- 0.86416211393 0.72169682277 0.61902460285 0.55833707581 0.53101732308 0.50915926295 0.49217778774 0.48669763280 0.49526086383 0.48925217424 0.51208856688 0.51552124028 0.52421933468 0.56022433795 0.58925125610 0.64963016259 0.70221027552 0.80380301491 1.02754741769 

---- Expected P_neut(i), 0 < i < n (neutral SFS per site) 
E[P_neut(1)] = 0.0101438405
E[P_neut(2)] = 0.0043833108
E[P_neut(3)] = 0.0024407318
E[P_neut(4)] = 0.0015703322
E[P_neut(5)] = 0.0011332864
E[P_neut(6)] = 0.0008983273
E[P_neut(7)] = 0.0007384495
E[P_neut(8)] = 0.0006247471
E[P_neut(9)] = 0.0005492649
E[P_neut(10)] = 0.0005031843
E[P_neut(11)] = 0.0004520522
E[P_neut(12)] = 0.0004338854
E[P_neut(13)] = 0.0004034567
E[P_neut(14)] = 0.0003812936
E[P_neut(15)] = 0.0003807108
E[P_neut(16)] = 0.0003761619
E[P_neut(17)] = 0.0003916600
E[P_neut(18)] = 0.0004029841
E[P_neut(19)] = 0.0004459663

---- Expected P_sel(i), 0 < i < n (selected SFS per site) 
E[P_sel(1)] = 0.0072369688
E[P_sel(2)] = 0.0028280434
E[P_sel(3)] = 0.0014975635
E[P_sel(4)] = 0.0009331781
E[P_sel(5)] = 0.0006582569
E[P_sel(6)] = 0.0005128238
E[P_sel(7)] = 0.0004158681
E[P_sel(8)] = 0.0003480512
E[P_sel(9)] = 0.0003033790
E[P_sel(10)] = 0.0002760644
E[P_sel(11)] = 0.0002467776
E[P_sel(12)] = 0.0002360793
E[P_sel(13)] = 0.0002191868
E[P_sel(14)] = 0.0002072391
E[P_sel(15)] = 0.0002075045
E[P_sel(16)] = 0.0002062331
E[P_sel(17)] = 0.0002169127
E[P_sel(18)] = 0.0002269877
E[P_sel(19)] = 0.0002593128

---- Expected D_neut and D_sel (neutral and selected divergence per site) 
E[D_neut] = 0.0198798520
E[D_sel] = 0.0125173554

---- Expected neutral and selected misattributed polymorphism per site
E[mis_neut] = 0.0005219933
E[mis_sel] = 0.0003109807

---- alpha_div = 0.232393
---- alpha_dfe = 0.232310

