---- Running command
---- ./polyDFE -d Mmc/225.polyDFE.config.txt -m C -e 
---- Performing inference using model C

---- Performing inference on Mmc/225.polyDFE.config.txt
---- No mutation variability. Using Poisson likelihood.


---- Calculating initial values

-- Starting local optimization
-- Optimizing all parameters
  it        eps_an        lambda     theta_bar           S_d             b           p_b           S_b           r 2           r 3           r 4           r 5           r 6           r 7           r 8           r 9          r 10          r 11          r 12          r 13          r 14          r 15          r 16          r 17          r 18          r 19          r 20           ln lk          grad status 
   0           0.1 0.01925427934 0.01135965437        -20000         0.208           0.1            20 0.87433292305 0.73075386202 0.64270677307 0.58350603009 0.55726589444 0.54069872427 0.53531789691 0.52887971087 0.55079960917 0.55873856243 0.59116933619 0.62594237478 0.65918072730 0.75915887733 0.86586032578 1.10351472860 1.58847953732             1             1 -1115101.227989 23146.0924666   -2 
 484 0.00478374950 0.01931570533 0.01019621247 -92.318433154 0.11211881772 0.00870688706 15.4564278814 0.86422161157 0.71523697228 0.61581434840 0.55229500248 0.52661062625 0.50415609319 0.49120573935  0.4830139941 0.48988766190 0.48542459209 0.50957351052 0.51162648855 0.51721896966 0.56221273183 0.58055379869 0.63533235560 0.69040301833 0.73876152647 0.99199504239 -284.5139879974 0.31025888361   -3 
-- Local optimization: stuck in the same solution
---- Best joint likelihood found -284.513987997415825 with gradient 0.31026

---- Results for Mmc/225.polyDFE.config.txt 
--  Model: C
--        eps_an        lambda     theta_bar             a 
-- 0.00478374950 0.01931570533 0.01019621247            -1 
--           S_d             b           p_b           S_b 
-- -92.318433154 0.11211881772 0.00870688706 15.4564278814 
--           r 2           r 3           r 4           r 5           r 6           r 7           r 8           r 9          r 10          r 11          r 12          r 13          r 14          r 15          r 16          r 17          r 18          r 19          r 20 
-- 0.86422161157 0.71523697228 0.61581434840 0.55229500248 0.52661062625 0.50415609319 0.49120573935  0.4830139941 0.48988766190 0.48542459209 0.50957351052 0.51162648855 0.51721896966 0.56221273183 0.58055379869 0.63533235560 0.69040301833 0.73876152647 0.99199504239 

---- Expected P_neut(i), 0 < i < n (neutral SFS per site) 
E[P_neut(1)] = 0.0101493329
E[P_neut(2)] = 0.0043866877
E[P_neut(3)] = 0.0024210968
E[P_neut(4)] = 0.0015640040
E[P_neut(5)] = 0.0011227038
E[P_neut(6)] = 0.0008924266
E[P_neut(7)] = 0.0007327613
E[P_neut(8)] = 0.0006251311
E[P_neut(9)] = 0.0005467473
E[P_neut(10)] = 0.0004994999
E[P_neut(11)] = 0.0004504191
E[P_neut(12)] = 0.0004339003
E[P_neut(13)] = 0.0004028743
E[P_neut(14)] = 0.0003791700
E[P_neut(15)] = 0.0003857223
E[P_neut(16)] = 0.0003757051
E[P_neut(17)] = 0.0003908638
E[P_neut(18)] = 0.0004102890
E[P_neut(19)] = 0.0004433306

---- Expected P_sel(i), 0 < i < n (selected SFS per site) 
E[P_sel(1)] = 0.0072298123
E[P_sel(2)] = 0.0028342039
E[P_sel(3)] = 0.0014898350
E[P_sel(4)] = 0.0009327936
E[P_sel(5)] = 0.0006546557
E[P_sel(6)] = 0.0005114299
E[P_sel(7)] = 0.0004141494
E[P_sel(8)] = 0.0003493482
E[P_sel(9)] = 0.0003027204
E[P_sel(10)] = 0.0002744634
E[P_sel(11)] = 0.0002459931
E[P_sel(12)] = 0.0002358772
E[P_sel(13)] = 0.0002183350
E[P_sel(14)] = 0.0002052139
E[P_sel(15)] = 0.0002089210
E[P_sel(16)] = 0.0002042873
E[P_sel(17)] = 0.0002143669
E[P_sel(18)] = 0.0002291255
E[P_sel(19)] = 0.0002595269

---- Expected D_neut and D_sel (neutral and selected divergence per site) 
E[D_neut] = 0.0198214349
E[D_sel] = 0.0125232796

---- Expected neutral and selected misattributed polymorphism per site
E[mis_neut] = 0.0005057296
E[mis_sel] = 0.0002974571

---- alpha_div = 0.213885
---- alpha_dfe = 0.213957

