---- Running command
---- ./polyDFE -d Mmc/226.polyDFE.config.txt -m C -e 
---- Performing inference using model C

---- Performing inference on Mmc/226.polyDFE.config.txt
---- No mutation variability. Using Poisson likelihood.


---- Calculating initial values

-- Starting local optimization
-- Optimizing all parameters
  it        eps_an        lambda     theta_bar           S_d             b           p_b           S_b           r 2           r 3           r 4           r 5           r 6           r 7           r 8           r 9          r 10          r 11          r 12          r 13          r 14          r 15          r 16          r 17          r 18          r 19          r 20           ln lk          grad status 
   0           0.1 0.01925493384 0.01136323050        -20000         0.208           0.1            20 0.87760682872 0.73264095443 0.64695414963 0.58276523229 0.55256929208 0.54351243115 0.54080157030 0.53236314337 0.55457731603 0.55794577822 0.59213601166 0.62756087790 0.66352253206 0.74873716419 0.86411496171 1.10775119428 1.58485847698             1             1 -1113683.613423 23107.6456549   -2 
1356 0.00045637990 0.01915612072 0.01015072128 -83.927923799 0.11938505490 0.02037409560 7.37843016770 0.86685157004 0.71877534432 0.62247584977 0.55528240929 0.52851251034 0.50917365780 0.49815763602 0.48988530877 0.49694990006 0.48699534569 0.51348238476 0.51378135827 0.52449111963 0.55639424393 0.58598101983 0.65007762228 0.71182739727 0.82734806166 1.31736493836 -273.3084774552 0.02007822903   -8 
-- Local optimization: reached maximum number of likelihood evaluations allowed.
---- Best joint likelihood found -273.308477455269895 with gradient 0.02008

---- Results for Mmc/226.polyDFE.config.txt 
--  Model: C
--        eps_an        lambda     theta_bar             a 
-- 0.00045637990 0.01915612072 0.01015072128            -1 
--           S_d             b           p_b           S_b 
-- -83.927923799 0.11938505490 0.02037409560 7.37843016770 
--           r 2           r 3           r 4           r 5           r 6           r 7           r 8           r 9          r 10          r 11          r 12          r 13          r 14          r 15          r 16          r 17          r 18          r 19          r 20 
-- 0.86685157004 0.71877534432 0.62247584977 0.55528240929 0.52851251034 0.50917365780 0.49815763602 0.48988530877 0.49694990006 0.48699534569 0.51348238476 0.51378135827 0.52449111963 0.55639424393 0.58598101983 0.65007762228 0.71182739727 0.82734806166 1.31736493836 

---- Expected P_neut(i), 0 < i < n (neutral SFS per site) 
E[P_neut(1)] = 0.0101462904
E[P_neut(2)] = 0.0043977597
E[P_neut(3)] = 0.0024310966
E[P_neut(4)] = 0.0015790935
E[P_neut(5)] = 0.0011269608
E[P_neut(6)] = 0.0008938960
E[P_neut(7)] = 0.0007382004
E[P_neut(8)] = 0.0006319922
E[P_neut(9)] = 0.0005524740
E[P_neut(10)] = 0.0005044400
E[P_neut(11)] = 0.0004494429
E[P_neut(12)] = 0.0004344416
E[P_neut(13)] = 0.0004013271
E[P_neut(14)] = 0.0003805176
E[P_neut(15)] = 0.0003768628
E[P_neut(16)] = 0.0003723094
E[P_neut(17)] = 0.0003890949
E[P_neut(18)] = 0.0004032448
E[P_neut(19)] = 0.0004464403

---- Expected P_sel(i), 0 < i < n (selected SFS per site) 
E[P_sel(1)] = 0.0072327314
E[P_sel(2)] = 0.0028357525
E[P_sel(3)] = 0.0014913750
E[P_sel(4)] = 0.0009386138
E[P_sel(5)] = 0.0006550498
E[P_sel(6)] = 0.0005109186
E[P_sel(7)] = 0.0004164679
E[P_sel(8)] = 0.0003529284
E[P_sel(9)] = 0.0003060831
E[P_sel(10)] = 0.0002778001
E[P_sel(11)] = 0.0002464773
E[P_sel(12)] = 0.0002376724
E[P_sel(13)] = 0.0002194272
E[P_sel(14)] = 0.0002083531
E[P_sel(15)] = 0.0002071505
E[P_sel(16)] = 0.0002060564
E[P_sel(17)] = 0.0002176838
E[P_sel(18)] = 0.0002293325
E[P_sel(19)] = 0.0002605955

---- Expected D_neut and D_sel (neutral and selected divergence per site) 
E[D_neut] = 0.0198247309
E[D_sel] = 0.0125320000

---- Expected neutral and selected misattributed polymorphism per site
E[mis_neut] = 0.0006686102
E[mis_sel] = 0.0004023714

---- alpha_div = 0.243524
---- alpha_dfe = 0.243386

