---- Running command
---- ./polyDFE -d Mmc/227.polyDFE.config.txt -m C -e 
---- Performing inference using model C

---- Performing inference on Mmc/227.polyDFE.config.txt
---- No mutation variability. Using Poisson likelihood.


---- Calculating initial values

-- Starting local optimization
-- Optimizing all parameters
  it        eps_an        lambda     theta_bar           S_d             b           p_b           S_b           r 2           r 3           r 4           r 5           r 6           r 7           r 8           r 9          r 10          r 11          r 12          r 13          r 14          r 15          r 16          r 17          r 18          r 19          r 20           ln lk          grad status 
   0           0.1 0.01926690532 0.01137014683        -20000         0.208           0.1            20 0.87508376673 0.73141107950 0.64646743372 0.58586624375 0.55967589221 0.54341265120 0.53498417418 0.52640069131 0.54935135780 0.55670055341 0.59082716508 0.62453828185 0.66710025718 0.75520013272 0.86676228716 1.10186159577 1.58098623008             1             1 -1117778.064180 23168.8098423   -2 
1250 0.00040742871 0.01926150441 0.01014715452 -74.087700588 0.12709532498 0.02831944368 5.63147559128 0.86805383788 0.71880470777 0.62148510634 0.55813987756 0.53047016608 0.50885257178 0.49791603754 0.48248300328 0.49454386757 0.48847191858 0.51176535030 0.51406533946 0.52613622601 0.56346009042 0.58521301681 0.64988693390 0.71055343592 0.82866238139 1.13545796860 -277.4730880011 0.01490574893   -3 
-- Local optimization: stuck in the same solution
---- Best joint likelihood found -277.473088001133874 with gradient 0.01491

---- Results for Mmc/227.polyDFE.config.txt 
--  Model: C
--        eps_an        lambda     theta_bar             a 
-- 0.00040742871 0.01926150441 0.01014715452            -1 
--           S_d             b           p_b           S_b 
-- -74.087700588 0.12709532498 0.02831944368 5.63147559128 
--           r 2           r 3           r 4           r 5           r 6           r 7           r 8           r 9          r 10          r 11          r 12          r 13          r 14          r 15          r 16          r 17          r 18          r 19          r 20 
-- 0.86805383788 0.71880470777 0.62148510634 0.55813987756 0.53047016608 0.50885257178 0.49791603754 0.48248300328 0.49454386757 0.48847191858 0.51176535030 0.51406533946 0.52613622601 0.56346009042 0.58521301681 0.64988693390 0.71055343592 0.82866238139 1.13545796860 

---- Expected P_neut(i), 0 < i < n (neutral SFS per site) 
E[P_neut(1)] = 0.0101432006
E[P_neut(2)] = 0.0044025070
E[P_neut(3)] = 0.0024304416
E[P_neut(4)] = 0.0015760852
E[P_neut(5)] = 0.0011324001
E[P_neut(6)] = 0.0008969170
E[P_neut(7)] = 0.0007374923
E[P_neut(8)] = 0.0006314729
E[P_neut(9)] = 0.0005439430
E[P_neut(10)] = 0.0005018213
E[P_neut(11)] = 0.0004506380
E[P_neut(12)] = 0.0004328278
E[P_neut(13)] = 0.0004013909
E[P_neut(14)] = 0.0003815520
E[P_neut(15)] = 0.0003814740
E[P_neut(16)] = 0.0003716316
E[P_neut(17)] = 0.0003887445
E[P_neut(18)] = 0.0004021920
E[P_neut(19)] = 0.0004465100

---- Expected P_sel(i), 0 < i < n (selected SFS per site) 
E[P_sel(1)] = 0.0072505270
E[P_sel(2)] = 0.0028373481
E[P_sel(3)] = 0.0014874838
E[P_sel(4)] = 0.0009337148
E[P_sel(5)] = 0.0006556998
E[P_sel(6)] = 0.0005105991
E[P_sel(7)] = 0.0004144341
E[P_sel(8)] = 0.0003513445
E[P_sel(9)] = 0.0003003803
E[P_sel(10)] = 0.0002756247
E[P_sel(11)] = 0.0002466589
E[P_sel(12)] = 0.0002365433
E[P_sel(13)] = 0.0002194559
E[P_sel(14)] = 0.0002091490
E[P_sel(15)] = 0.0002101681
E[P_sel(16)] = 0.0002064023
E[P_sel(17)] = 0.0002184748
E[P_sel(18)] = 0.0002298814
E[P_sel(19)] = 0.0002616004

---- Expected D_neut and D_sel (neutral and selected divergence per site) 
E[D_neut] = 0.0198375878
E[D_sel] = 0.0124945368

---- Expected neutral and selected misattributed polymorphism per site
E[mis_neut] = 0.0005760834
E[mis_sel] = 0.0003475515

---- alpha_div = 0.263445
---- alpha_dfe = 0.263265

