---- Running command
---- ./polyDFE -d Mmc/228.polyDFE.config.txt -m C -e 
---- Performing inference using model C

---- Performing inference on Mmc/228.polyDFE.config.txt
---- No mutation variability. Using Poisson likelihood.


---- Calculating initial values

-- Starting local optimization
-- Optimizing all parameters
  it        eps_an        lambda     theta_bar           S_d             b           p_b           S_b           r 2           r 3           r 4           r 5           r 6           r 7           r 8           r 9          r 10          r 11          r 12          r 13          r 14          r 15          r 16          r 17          r 18          r 19          r 20           ln lk          grad status 
   0           0.1 0.01934024162 0.01134590344        -20000         0.208           0.1            20 0.87222347170 0.74125848935 0.64145143404 0.58034151868 0.55922128263 0.53624779568 0.53670799557 0.53377270887 0.55936765451 0.55828836006 0.59268929685 0.62342511995 0.66260360464 0.75142490579 0.86195284734 1.10789781615 1.56701758610             1             1 -1121691.455242 23249.3419080   -2 
 603 0.00175113453 0.01940173660 0.01013917610 -77.666902062 0.12410535558 0.02670621573 5.73556744291 0.86485285932 0.72454703142 0.62028719926 0.55440532553 0.53298246279 0.50495617443 0.49474247616 0.48902643818 0.49792797724 0.48665882151 0.50935997282 0.51636040538 0.52388123645 0.55717200310 0.58204872359 0.64581048886 0.68775253630 0.79766038405 1.00393830172 -272.1769686229 0.08379176285   -8 
-- Local optimization: reached maximum number of likelihood evaluations allowed.
---- Best joint likelihood found -272.176968622923596 with gradient 0.08379

---- Results for Mmc/228.polyDFE.config.txt 
--  Model: C
--        eps_an        lambda     theta_bar             a 
-- 0.00175113453 0.01940173660 0.01013917610            -1 
--           S_d             b           p_b           S_b 
-- -77.666902062 0.12410535558 0.02670621573 5.73556744291 
--           r 2           r 3           r 4           r 5           r 6           r 7           r 8           r 9          r 10          r 11          r 12          r 13          r 14          r 15          r 16          r 17          r 18          r 19          r 20 
-- 0.86485285932 0.72454703142 0.62028719926 0.55440532553 0.53298246279 0.50495617443 0.49474247616 0.48902643818 0.49792797724 0.48665882151 0.50935997282 0.51636040538 0.52388123645 0.55717200310 0.58204872359 0.64581048886 0.68775253630 0.79766038405 1.00393830172 

---- Expected P_neut(i), 0 < i < n (neutral SFS per site) 
E[P_neut(1)] = 0.0101221664
E[P_neut(2)] = 0.0043774484
E[P_neut(3)] = 0.0024451564
E[P_neut(4)] = 0.0015701929
E[P_neut(5)] = 0.0011229335
E[P_neut(6)] = 0.0008997544
E[P_neut(7)] = 0.0007308301
E[P_neut(8)] = 0.0006266908
E[P_neut(9)] = 0.0005507458
E[P_neut(10)] = 0.0005048579
E[P_neut(11)] = 0.0004487537
E[P_neut(12)] = 0.0004307186
E[P_neut(13)] = 0.0004033039
E[P_neut(14)] = 0.0003803217
E[P_neut(15)] = 0.0003779269
E[P_neut(16)] = 0.0003709508
E[P_neut(17)] = 0.0003887893
E[P_neut(18)] = 0.0003944018
E[P_neut(19)] = 0.0004426738

---- Expected P_sel(i), 0 < i < n (selected SFS per site) 
E[P_sel(1)] = 0.0072318542
E[P_sel(2)] = 0.0028241053
E[P_sel(3)] = 0.0014993790
E[P_sel(4)] = 0.0009325297
E[P_sel(5)] = 0.0006520563
E[P_sel(6)] = 0.0005137758
E[P_sel(7)] = 0.0004119944
E[P_sel(8)] = 0.0003498100
E[P_sel(9)] = 0.0003051168
E[P_sel(10)] = 0.0002781675
E[P_sel(11)] = 0.0002463729
E[P_sel(12)] = 0.0002360633
E[P_sel(13)] = 0.0002210811
E[P_sel(14)] = 0.0002089639
E[P_sel(15)] = 0.0002086325
E[P_sel(16)] = 0.0002063698
E[P_sel(17)] = 0.0002188142
E[P_sel(18)] = 0.0002258503
E[P_sel(19)] = 0.0002608905

---- Expected D_neut and D_sel (neutral and selected divergence per site) 
E[D_neut] = 0.0199106920
E[D_sel] = 0.0125035754

---- Expected neutral and selected misattributed polymorphism per site
E[mis_neut] = 0.0005089554
E[mis_sel] = 0.0003064427

---- alpha_div = 0.253593
---- alpha_dfe = 0.253329

