---- Running command
---- ./polyDFE -d Mmc/229.polyDFE.config.txt -m C -e 
---- Performing inference using model C

---- Performing inference on Mmc/229.polyDFE.config.txt
---- No mutation variability. Using Poisson likelihood.


---- Calculating initial values

-- Starting local optimization
-- Optimizing all parameters
  it        eps_an        lambda     theta_bar           S_d             b           p_b           S_b           r 2           r 3           r 4           r 5           r 6           r 7           r 8           r 9          r 10          r 11          r 12          r 13          r 14          r 15          r 16          r 17          r 18          r 19          r 20           ln lk          grad status 
   0           0.1 0.01925098038 0.01136908718        -20000         0.208           0.1            20 0.87615597435 0.73072539701 0.64387636575 0.58476826366 0.55702105010 0.53966808984 0.54272694010 0.52746505229 0.54603652917 0.55339448776 0.59099836676 0.62769393564 0.66668879373 0.75882528712 0.86384099887 1.11625130981 1.58590006188             1             1 -1111080.839692 23108.3980119   -2 
 515 0.00269379817 0.01930590124 0.01017458967 -83.308023117 0.11941951300 0.01752238780 8.60794262626 0.86616374882 0.71788062325 0.62037328798 0.55460865560 0.52818694725 0.50592896494 0.49798931518 0.48349579313 0.49256614688 0.48131003511 0.51334286280 0.51274072157 0.52189249271 0.56235442857 0.58577300982 0.65003979575 0.70190082284 0.78823218819 1.01167932075 -290.4866718534 0.14347216165   -3 
-- Local optimization: stuck in the same solution
---- Best joint likelihood found -290.486671853432199 with gradient 0.14347

---- Results for Mmc/229.polyDFE.config.txt 
--  Model: C
--        eps_an        lambda     theta_bar             a 
-- 0.00269379817 0.01930590124 0.01017458967            -1 
--           S_d             b           p_b           S_b 
-- -83.308023117 0.11941951300 0.01752238780 8.60794262626 
--           r 2           r 3           r 4           r 5           r 6           r 7           r 8           r 9          r 10          r 11          r 12          r 13          r 14          r 15          r 16          r 17          r 18          r 19          r 20 
-- 0.86616374882 0.71788062325 0.62037328798 0.55460865560 0.52818694725 0.50592896494 0.49798931518 0.48349579313 0.49256614688 0.48131003511 0.51334286280 0.51274072157 0.52189249271 0.56235442857 0.58577300982 0.65003979575 0.70190082284 0.78823218819 1.01167932075 

---- Expected P_neut(i), 0 < i < n (neutral SFS per site) 
E[P_neut(1)] = 0.0101483184
E[P_neut(2)] = 0.0043956291
E[P_neut(3)] = 0.0024292030
E[P_neut(4)] = 0.0015747635
E[P_neut(5)] = 0.0011265705
E[P_neut(6)] = 0.0008942899
E[P_neut(7)] = 0.0007344743
E[P_neut(8)] = 0.0006328210
E[P_neut(9)] = 0.0005463237
E[P_neut(10)] = 0.0005011658
E[P_neut(11)] = 0.0004454670
E[P_neut(12)] = 0.0004357881
E[P_neut(13)] = 0.0004022020
E[P_neut(14)] = 0.0003806798
E[P_neut(15)] = 0.0003834610
E[P_neut(16)] = 0.0003757474
E[P_neut(17)] = 0.0003945628
E[P_neut(18)] = 0.0004075542
E[P_neut(19)] = 0.0004483733

---- Expected P_sel(i), 0 < i < n (selected SFS per site) 
E[P_sel(1)] = 0.0072296503
E[P_sel(2)] = 0.0028309345
E[P_sel(3)] = 0.0014877288
E[P_sel(4)] = 0.0009341090
E[P_sel(5)] = 0.0006532259
E[P_sel(6)] = 0.0005097091
E[P_sel(7)] = 0.0004130477
E[P_sel(8)] = 0.0003521313
E[P_sel(9)] = 0.0003014765
E[P_sel(10)] = 0.0002747894
E[P_sel(11)] = 0.0002431234
E[P_sel(12)] = 0.0002371586
E[P_sel(13)] = 0.0002186560
E[P_sel(14)] = 0.0002071728
E[P_sel(15)] = 0.0002094220
E[P_sel(16)] = 0.0002066035
E[P_sel(17)] = 0.0002193998
E[P_sel(18)] = 0.0002308904
E[P_sel(19)] = 0.0002633324

---- Expected D_neut and D_sel (neutral and selected divergence per site) 
E[D_neut] = 0.0198205723
E[D_sel] = 0.0125583522

---- Expected neutral and selected misattributed polymorphism per site
E[mis_neut] = 0.0005146711
E[mis_sel] = 0.0003085146

---- alpha_div = 0.242310
---- alpha_dfe = 0.242216

