---- Running command
---- ./polyDFE -d Mmc/23.polyDFE.config.txt -m C -e 
---- Performing inference using model C

---- Performing inference on Mmc/23.polyDFE.config.txt
---- No mutation variability. Using Poisson likelihood.


---- Calculating initial values

-- Starting local optimization
-- Optimizing all parameters
  it        eps_an        lambda     theta_bar           S_d             b           p_b           S_b           r 2           r 3           r 4           r 5           r 6           r 7           r 8           r 9          r 10          r 11          r 12          r 13          r 14          r 15          r 16          r 17          r 18          r 19          r 20           ln lk          grad status 
   0           0.1 0.01932137124 0.01138154715        -20000         0.208           0.1            20 0.87199058614 0.73183295960 0.64623347754 0.58268567017 0.56260366355 0.53274247988 0.53832134567 0.52406595153 0.55571130441 0.54720683372 0.58960020891 0.62978116548 0.66161126668 0.75991784498 0.86036488122 1.09815269162 1.57878854067             1             1 -1124624.995392 23278.6431799   -2 
 820 0.00126687544 0.01935215672 0.01016559394 -79.251744261 0.12264817669 0.02670033167 5.63241357549 0.86527218765 0.71777517813 0.62190383062 0.55667624699 0.53241598183 0.50341250630 0.49853738595 0.48155569263 0.49372347524 0.48011338876 0.50676758289 0.51751679448 0.51961767574 0.56563127890 0.58365410552 0.64179425778 0.70366948685 0.81804812557 1.06236388822 -279.5147904666 0.09138010931   -8 
-- Local optimization: reached maximum number of likelihood evaluations allowed.
---- Best joint likelihood found -279.514790466695558 with gradient 0.09138

---- Results for Mmc/23.polyDFE.config.txt 
--  Model: C
--        eps_an        lambda     theta_bar             a 
-- 0.00126687544 0.01935215672 0.01016559394            -1 
--           S_d             b           p_b           S_b 
-- -79.251744261 0.12264817669 0.02670033167 5.63241357549 
--           r 2           r 3           r 4           r 5           r 6           r 7           r 8           r 9          r 10          r 11          r 12          r 13          r 14          r 15          r 16          r 17          r 18          r 19          r 20 
-- 0.86527218765 0.71777517813 0.62190383062 0.55667624699 0.53241598183 0.50341250630 0.49853738595 0.48155569263 0.49372347524 0.48011338876 0.50676758289 0.51751679448 0.51961767574 0.56563127890 0.58365410552 0.64179425778 0.70366948685 0.81804812557 1.06236388822 

---- Expected P_neut(i), 0 < i < n (neutral SFS per site) 
E[P_neut(1)] = 0.0101532699
E[P_neut(2)] = 0.0043929346
E[P_neut(3)] = 0.0024296086
E[P_neut(4)] = 0.0015789729
E[P_neut(5)] = 0.0011308407
E[P_neut(6)] = 0.0009013893
E[P_neut(7)] = 0.0007306561
E[P_neut(8)] = 0.0006332324
E[P_neut(9)] = 0.0005437952
E[P_neut(10)] = 0.0005018992
E[P_neut(11)] = 0.0004438213
E[P_neut(12)] = 0.0004295581
E[P_neut(13)] = 0.0004050955
E[P_neut(14)] = 0.0003779664
E[P_neut(15)] = 0.0003842801
E[P_neut(16)] = 0.0003723569
E[P_neut(17)] = 0.0003863727
E[P_neut(18)] = 0.0004024693
E[P_neut(19)] = 0.0004500054

---- Expected P_sel(i), 0 < i < n (selected SFS per site) 
E[P_sel(1)] = 0.0072577372
E[P_sel(2)] = 0.0028382501
E[P_sel(3)] = 0.0014928726
E[P_sel(4)] = 0.0009399968
E[P_sel(5)] = 0.0006583979
E[P_sel(6)] = 0.0005161821
E[P_sel(7)] = 0.0004131361
E[P_sel(8)] = 0.0003545650
E[P_sel(9)] = 0.0003022311
E[P_sel(10)] = 0.0002774375
E[P_sel(11)] = 0.0002444635
E[P_sel(12)] = 0.0002361971
E[P_sel(13)] = 0.0002227790
E[P_sel(14)] = 0.0002083201
E[P_sel(15)] = 0.0002127707
E[P_sel(16)] = 0.0002077152
E[P_sel(17)] = 0.0002179528
E[P_sel(18)] = 0.0002307951
E[P_sel(19)] = 0.0002649219

---- Expected D_neut and D_sel (neutral and selected divergence per site) 
E[D_neut] = 0.0198921347
E[D_sel] = 0.0124815050

---- Expected neutral and selected misattributed polymorphism per site
E[mis_neut] = 0.0005399780
E[mis_sel] = 0.0003253185

---- alpha_div = 0.249377
---- alpha_dfe = 0.249232

