---- Running command
---- ./polyDFE -d Mmc/230.polyDFE.config.txt -m C -e 
---- Performing inference using model C

---- Performing inference on Mmc/230.polyDFE.config.txt
---- No mutation variability. Using Poisson likelihood.


---- Calculating initial values

-- Starting local optimization
-- Optimizing all parameters
  it        eps_an        lambda     theta_bar           S_d             b           p_b           S_b           r 2           r 3           r 4           r 5           r 6           r 7           r 8           r 9          r 10          r 11          r 12          r 13          r 14          r 15          r 16          r 17          r 18          r 19          r 20           ln lk          grad status 
   0           0.1 0.01927372877 0.01136081868        -20000         0.208           0.1            20 0.87560683235 0.73769077803 0.64555453730 0.58337252247 0.55556058962 0.54233121986 0.53260916401 0.53517239089 0.54665605636 0.55988225896 0.58912560048 0.61923011602 0.66598981181 0.75462557463 0.87514961575 1.10068567159 1.58004361563             1             1 -1113671.819433 23125.8834721   -2 
1194 0.00111802392 0.01930782720 0.01015546208 -77.787433878 0.12568476487 0.02995317501 5.37882800293 0.86500753385 0.72244615516 0.62165583758 0.55715397171 0.52764312447 0.51187606996 0.49275299132 0.48632847794 0.49152024378 0.48776699844 0.51185814597 0.50940567671 0.52078419385 0.55964815378 0.59184161383 0.64118364941 0.70948765725 0.81024485190 1.05471531128 -271.0424301322 0.04018346237   -3 
-- Local optimization: stuck in the same solution
---- Best joint likelihood found -271.042430132205482 with gradient 0.04018

---- Results for Mmc/230.polyDFE.config.txt 
--  Model: C
--        eps_an        lambda     theta_bar             a 
-- 0.00111802392 0.01930782720 0.01015546208            -1 
--           S_d             b           p_b           S_b 
-- -77.787433878 0.12568476487 0.02995317501 5.37882800293 
--           r 2           r 3           r 4           r 5           r 6           r 7           r 8           r 9          r 10          r 11          r 12          r 13          r 14          r 15          r 16          r 17          r 18          r 19          r 20 
-- 0.86500753385 0.72244615516 0.62165583758 0.55715397171 0.52764312447 0.51187606996 0.49275299132 0.48632847794 0.49152024378 0.48776699844 0.51185814597 0.50940567671 0.52078419385 0.55964815378 0.59184161383 0.64118364941 0.70948765725 0.81024485190 1.05471531128 

---- Expected P_neut(i), 0 < i < n (neutral SFS per site) 
E[P_neut(1)] = 0.0101445922
E[P_neut(2)] = 0.0043878125
E[P_neut(3)] = 0.0024432855
E[P_neut(4)] = 0.0015769560
E[P_neut(5)] = 0.0011307896
E[P_neut(6)] = 0.0008925005
E[P_neut(7)] = 0.0007422344
E[P_neut(8)] = 0.0006253018
E[P_neut(9)] = 0.0005486555
E[P_neut(10)] = 0.0004991615
E[P_neut(11)] = 0.0004504282
E[P_neut(12)] = 0.0004333947
E[P_neut(13)] = 0.0003983277
E[P_neut(14)] = 0.0003783478
E[P_neut(15)] = 0.0003797406
E[P_neut(16)] = 0.0003769962
E[P_neut(17)] = 0.0003853364
E[P_neut(18)] = 0.0004047506
E[P_neut(19)] = 0.0004439441

---- Expected P_sel(i), 0 < i < n (selected SFS per site) 
E[P_sel(1)] = 0.0072371082
E[P_sel(2)] = 0.0028250759
E[P_sel(3)] = 0.0014949938
E[P_sel(4)] = 0.0009345442
E[P_sel(5)] = 0.0006552927
E[P_sel(6)] = 0.0005086996
E[P_sel(7)] = 0.0004177581
E[P_sel(8)] = 0.0003485817
E[P_sel(9)] = 0.0003036684
E[P_sel(10)] = 0.0002748743
E[P_sel(11)] = 0.0002472631
E[P_sel(12)] = 0.0002376208
E[P_sel(13)] = 0.0002185585
E[P_sel(14)] = 0.0002082011
E[P_sel(15)] = 0.0002100972
E[P_sel(16)] = 0.0002103370
E[P_sel(17)] = 0.0002176310
E[P_sel(18)] = 0.0002326298
E[P_sel(19)] = 0.0002621481

---- Expected D_neut and D_sel (neutral and selected divergence per site) 
E[D_neut] = 0.0198433833
E[D_sel] = 0.0125354795

---- Expected neutral and selected misattributed polymorphism per site
E[mis_neut] = 0.0005355561
E[mis_sel] = 0.0003244046

---- alpha_div = 0.266228
---- alpha_dfe = 0.266093

