---- Running command
---- ./polyDFE -d Mmc/231.polyDFE.config.txt -m C -e 
---- Performing inference using model C

---- Performing inference on Mmc/231.polyDFE.config.txt
---- No mutation variability. Using Poisson likelihood.


---- Calculating initial values

-- Starting local optimization
-- Optimizing all parameters
  it        eps_an        lambda     theta_bar           S_d             b           p_b           S_b           r 2           r 3           r 4           r 5           r 6           r 7           r 8           r 9          r 10          r 11          r 12          r 13          r 14          r 15          r 16          r 17          r 18          r 19          r 20           ln lk          grad status 
   0           0.1 0.01927204769 0.01132551773        -20000         0.208           0.1            20 0.87612657387 0.73373929764 0.64149638318 0.58435134208 0.55576510556 0.53941504860 0.54238321830 0.53057229680 0.55145088793 0.55881658884 0.59073626018 0.62960296050 0.67149854846 0.75480440184 0.86188781956 1.10065448253 1.58486141685             1             1 -1116089.080866 23130.8061397   -2 
 356 0.00515596904 0.01932604092 0.01017312843 -86.372529989 0.11235008349 0.00709885451 18.5523105606 0.86462683204 0.71657186057 0.61644756206 0.55247844786 0.52432566981 0.50541263883 0.49781009502 0.48022819974 0.48985531458 0.48327684098 0.50755338736 0.51713594789 0.52523717002 0.55567535182 0.58225405955 0.63032177117 0.68687453323 0.73978063194 1.00704990463 -291.5468213367 0.45189552643   -3 
-- Local optimization: stuck in the same solution
---- Best joint likelihood found -291.546821336727589 with gradient 0.45190

---- Results for Mmc/231.polyDFE.config.txt 
--  Model: C
--        eps_an        lambda     theta_bar             a 
-- 0.00515596904 0.01932604092 0.01017312843            -1 
--           S_d             b           p_b           S_b 
-- -86.372529989 0.11235008349 0.00709885451 18.5523105606 
--           r 2           r 3           r 4           r 5           r 6           r 7           r 8           r 9          r 10          r 11          r 12          r 13          r 14          r 15          r 16          r 17          r 18          r 19          r 20 
-- 0.86462683204 0.71657186057 0.61644756206 0.55247844786 0.52432566981 0.50541263883 0.49781009502 0.48022819974 0.48985531458 0.48327684098 0.50755338736 0.51713594789 0.52523717002 0.55567535182 0.58225405955 0.63032177117 0.68687453323 0.73978063194 1.00704990463 

---- Expected P_neut(i), 0 < i < n (neutral SFS per site) 
E[P_neut(1)] = 0.0101227184
E[P_neut(2)] = 0.0043773056
E[P_neut(3)] = 0.0024193420
E[P_neut(4)] = 0.0015616253
E[P_neut(5)] = 0.0011202342
E[P_neut(6)] = 0.0008863896
E[P_neut(7)] = 0.0007328176
E[P_neut(8)] = 0.0006319904
E[P_neut(9)] = 0.0005423305
E[P_neut(10)] = 0.0004983361
E[P_neut(11)] = 0.0004474432
E[P_neut(12)] = 0.0004313292
E[P_neut(13)] = 0.0004063845
E[P_neut(14)] = 0.0003842805
E[P_neut(15)] = 0.0003807164
E[P_neut(16)] = 0.0003763838
E[P_neut(17)] = 0.0003877805
E[P_neut(18)] = 0.0004088778
E[P_neut(19)] = 0.0004465092

---- Expected P_sel(i), 0 < i < n (selected SFS per site) 
E[P_sel(1)] = 0.0072503082
E[P_sel(2)] = 0.0028434394
E[P_sel(3)] = 0.0014963605
E[P_sel(4)] = 0.0009358520
E[P_sel(5)] = 0.0006561622
E[P_sel(6)] = 0.0005101058
E[P_sel(7)] = 0.0004157912
E[P_sel(8)] = 0.0003544346
E[P_sel(9)] = 0.0003012282
E[P_sel(10)] = 0.0002745804
E[P_sel(11)] = 0.0002449299
E[P_sel(12)] = 0.0002348965
E[P_sel(13)] = 0.0002204950
E[P_sel(14)] = 0.0002080769
E[P_sel(15)] = 0.0002061460
E[P_sel(16)] = 0.0002044076
E[P_sel(17)] = 0.0002122341
E[P_sel(18)] = 0.0002277538
E[P_sel(19)] = 0.0002612537

---- Expected D_neut and D_sel (neutral and selected divergence per site) 
E[D_neut] = 0.0198382833
E[D_sel] = 0.0125477553

---- Expected neutral and selected misattributed polymorphism per site
E[mis_neut] = 0.0005122424
E[mis_sel] = 0.0002998957

---- alpha_div = 0.208688
---- alpha_dfe = 0.208731

