---- Running command
---- ./polyDFE -d Mmc/232.polyDFE.config.txt -m C -e 
---- Performing inference using model C

---- Performing inference on Mmc/232.polyDFE.config.txt
---- No mutation variability. Using Poisson likelihood.


---- Calculating initial values

-- Starting local optimization
-- Optimizing all parameters
  it        eps_an        lambda     theta_bar           S_d             b           p_b           S_b           r 2           r 3           r 4           r 5           r 6           r 7           r 8           r 9          r 10          r 11          r 12          r 13          r 14          r 15          r 16          r 17          r 18          r 19          r 20           ln lk          grad status 
   0           0.1 0.01929733886 0.01136190981        -20000         0.208           0.1            20 0.87024409469 0.73901218203 0.64379110187 0.58030514009 0.55792414028 0.53925524773 0.53615209938 0.53209882053 0.56007827624 0.55491962971 0.59551599402 0.61664114130 0.66997871505 0.74824020253 0.85638413961 1.11916666703 1.57646477291             1             1 -1119784.952343 23229.4322692   -2 
 823 0.00123051181 0.01933389842 0.01015192090 -76.209305688 0.12364441147 0.02086455070 7.29874065698 0.86212197642 0.72318623596 0.62065522971 0.55524884999 0.52818275091 0.50796537420 0.49538820727 0.48501857345 0.50258304684 0.48316640310 0.51428376446 0.50793733596 0.52763601871 0.55933828882 0.58411022665 0.65006507182 0.70458233396 0.81309275088 1.05120830544 -272.0404443566 0.03472888300   -3 
-- Local optimization: stuck in the same solution
---- Best joint likelihood found -272.040444356665830 with gradient 0.03473

---- Results for Mmc/232.polyDFE.config.txt 
--  Model: C
--        eps_an        lambda     theta_bar             a 
-- 0.00123051181 0.01933389842 0.01015192090            -1 
--           S_d             b           p_b           S_b 
-- -76.209305688 0.12364441147 0.02086455070 7.29874065698 
--           r 2           r 3           r 4           r 5           r 6           r 7           r 8           r 9          r 10          r 11          r 12          r 13          r 14          r 15          r 16          r 17          r 18          r 19          r 20 
-- 0.86212197642 0.72318623596 0.62065522971 0.55524884999 0.52818275091 0.50796537420 0.49538820727 0.48501857345 0.50258304684 0.48316640310 0.51428376446 0.50793733596 0.52763601871 0.55933828882 0.58411022665 0.65006507182 0.70458233396 0.81309275088 1.05120830544 

---- Expected P_neut(i), 0 < i < n (neutral SFS per site) 
E[P_neut(1)] = 0.0101399634
E[P_neut(2)] = 0.0043712012
E[P_neut(3)] = 0.0024447095
E[P_neut(4)] = 0.0015737284
E[P_neut(5)] = 0.0011264471
E[P_neut(6)] = 0.0008930494
E[P_neut(7)] = 0.0007362708
E[P_neut(8)] = 0.0006284046
E[P_neut(9)] = 0.0005469722
E[P_neut(10)] = 0.0005102183
E[P_neut(11)] = 0.0004460397
E[P_neut(12)] = 0.0004353189
E[P_neut(13)] = 0.0003970753
E[P_neut(14)] = 0.0003832374
E[P_neut(15)] = 0.0003794786
E[P_neut(16)] = 0.0003720973
E[P_neut(17)] = 0.0003907342
E[P_neut(18)] = 0.0004022772
E[P_neut(19)] = 0.0004464024

---- Expected P_sel(i), 0 < i < n (selected SFS per site) 
E[P_sel(1)] = 0.0072458899
E[P_sel(2)] = 0.0028185683
E[P_sel(3)] = 0.0014973153
E[P_sel(4)] = 0.0009329314
E[P_sel(5)] = 0.0006525051
E[P_sel(6)] = 0.0005083866
E[P_sel(7)] = 0.0004135232
E[P_sel(8)] = 0.0003492295
E[P_sel(9)] = 0.0003014839
E[P_sel(10)] = 0.0002794812
E[P_sel(11)] = 0.0002432634
E[P_sel(12)] = 0.0002368133
E[P_sel(13)] = 0.0002158702
E[P_sel(14)] = 0.0002086527
E[P_sel(15)] = 0.0002074230
E[P_sel(16)] = 0.0002048303
E[P_sel(17)] = 0.0002175100
E[P_sel(18)] = 0.0002278527
E[P_sel(19)] = 0.0002603607

---- Expected D_neut and D_sel (neutral and selected divergence per site) 
E[D_neut] = 0.0198674876
E[D_sel] = 0.0125113732

---- Expected neutral and selected misattributed polymorphism per site
E[mis_neut] = 0.0005335892
E[mis_sel] = 0.0003196500

---- alpha_div = 0.247869
---- alpha_dfe = 0.247695

