---- Running command
---- ./polyDFE -d Mmc/233.polyDFE.config.txt -m C -e 
---- Performing inference using model C

---- Performing inference on Mmc/233.polyDFE.config.txt
---- No mutation variability. Using Poisson likelihood.


---- Calculating initial values

-- Starting local optimization
-- Optimizing all parameters
  it        eps_an        lambda     theta_bar           S_d             b           p_b           S_b           r 2           r 3           r 4           r 5           r 6           r 7           r 8           r 9          r 10          r 11          r 12          r 13          r 14          r 15          r 16          r 17          r 18          r 19          r 20           ln lk          grad status 
   0           0.1 0.01929262931 0.01135624832        -20000         0.208           0.1            20 0.87162916288 0.73662715435 0.64446207221 0.58259694065 0.55618157054 0.54116590675 0.53731891490 0.52919881011 0.55476192915 0.55324189872 0.59532905147 0.62922231180 0.66390967513 0.75808632691 0.86015009651 1.11109812471 1.57519668570             1             1 -1119665.663498 23212.1395036   -2 
 938 0.00088560833 0.01928057623 0.01013876894 -69.401943390 0.12916690525 0.02722183820 5.88550576237 0.86448935756 0.72257632688 0.62199801770 0.55472394745 0.52759982235 0.51214102964 0.49800249673 0.48284558761 0.49406559463 0.48523784877 0.51225178366 0.52057202224 0.52527552395 0.55982587599 0.58183627643 0.65255085777 0.71154205192 0.82347702253 1.14579902427 -275.6328011802 0.04710385148   -8 
-- Local optimization: reached maximum number of likelihood evaluations allowed.
---- Best joint likelihood found -275.632801180297974 with gradient 0.04710

---- Results for Mmc/233.polyDFE.config.txt 
--  Model: C
--        eps_an        lambda     theta_bar             a 
-- 0.00088560833 0.01928057623 0.01013876894            -1 
--           S_d             b           p_b           S_b 
-- -69.401943390 0.12916690525 0.02722183820 5.88550576237 
--           r 2           r 3           r 4           r 5           r 6           r 7           r 8           r 9          r 10          r 11          r 12          r 13          r 14          r 15          r 16          r 17          r 18          r 19          r 20 
-- 0.86448935756 0.72257632688 0.62199801770 0.55472394745 0.52759982235 0.51214102964 0.49800249673 0.48284558761 0.49406559463 0.48523784877 0.51225178366 0.52057202224 0.52527552395 0.55982587599 0.58183627643 0.65255085777 0.71154205192 0.82347702253 1.14579902427 

---- Expected P_neut(i), 0 < i < n (neutral SFS per site) 
E[P_neut(1)] = 0.0101301791
E[P_neut(2)] = 0.0043789027
E[P_neut(3)] = 0.0024401935
E[P_neut(4)] = 0.0015755038
E[P_neut(5)] = 0.0011241825
E[P_neut(6)] = 0.0008910828
E[P_neut(7)] = 0.0007414854
E[P_neut(8)] = 0.0006309659
E[P_neut(9)] = 0.0005438544
E[P_neut(10)] = 0.0005009217
E[P_neut(11)] = 0.0004473324
E[P_neut(12)] = 0.0004329759
E[P_neut(13)] = 0.0004062943
E[P_neut(14)] = 0.0003808560
E[P_neut(15)] = 0.0003790574
E[P_neut(16)] = 0.0003697637
E[P_neut(17)] = 0.0003909981
E[P_neut(18)] = 0.0004043129
E[P_neut(19)] = 0.0004480132

---- Expected P_sel(i), 0 < i < n (selected SFS per site) 
E[P_sel(1)] = 0.0072631143
E[P_sel(2)] = 0.0028272966
E[P_sel(3)] = 0.0014948195
E[P_sel(4)] = 0.0009336037
E[P_sel(5)] = 0.0006507638
E[P_sel(6)] = 0.0005069191
E[P_sel(7)] = 0.0004162268
E[P_sel(8)] = 0.0003505648
E[P_sel(9)] = 0.0002998147
E[P_sel(10)] = 0.0002745808
E[P_sel(11)] = 0.0002442977
E[P_sel(12)] = 0.0002360357
E[P_sel(13)] = 0.0002215384
E[P_sel(14)] = 0.0002081696
E[P_sel(15)] = 0.0002082138
E[P_sel(16)] = 0.0002047486
E[P_sel(17)] = 0.0002191155
E[P_sel(18)] = 0.0002305752
E[P_sel(19)] = 0.0002625098

---- Expected D_neut and D_sel (neutral and selected divergence per site) 
E[D_neut] = 0.0198614258
E[D_sel] = 0.0125101789

---- Expected neutral and selected misattributed polymorphism per site
E[mis_neut] = 0.0005808496
E[mis_sel] = 0.0003498631

---- alpha_div = 0.263737
---- alpha_dfe = 0.263657

