---- Running command
---- ./polyDFE -d Mmc/234.polyDFE.config.txt -m C -e 
---- Performing inference using model C

---- Performing inference on Mmc/234.polyDFE.config.txt
---- No mutation variability. Using Poisson likelihood.


---- Calculating initial values

-- Starting local optimization
-- Optimizing all parameters
  it        eps_an        lambda     theta_bar           S_d             b           p_b           S_b           r 2           r 3           r 4           r 5           r 6           r 7           r 8           r 9          r 10          r 11          r 12          r 13          r 14          r 15          r 16          r 17          r 18          r 19          r 20           ln lk          grad status 
   0           0.1 0.01925090809 0.01134914389        -20000         0.208           0.1            20 0.87104333001 0.73177555658 0.65062684410 0.58715477125 0.55902152954 0.53691235131 0.54484128072 0.52533778679 0.55359170235 0.55293724918 0.59801977704 0.62341945684 0.67099954920 0.74791227108 0.86229913826 1.10517121728 1.58271689064             1             1 -1111652.986880 23113.3903526   -2 
 907 0.00054462285 0.01924598906 0.01012948615 -71.641284809 0.12875384073 0.02637959978 6.24664984880 0.86359768898 0.71980169565 0.62692261628 0.55881002606 0.52797114230 0.50841392137 0.50265990554 0.48273709250 0.49665193394 0.48073008887 0.51803307270 0.51378464874 0.52943485141 0.55670825491 0.58619554158 0.64528867968 0.72109499258 0.82020909896 1.13432366848 -291.9140011259 0.01605204281   -3 
-- Local optimization: stuck in the same solution
---- Best joint likelihood found -291.914001125915092 with gradient 0.01605

---- Results for Mmc/234.polyDFE.config.txt 
--  Model: C
--        eps_an        lambda     theta_bar             a 
-- 0.00054462285 0.01924598906 0.01012948615            -1 
--           S_d             b           p_b           S_b 
-- -71.641284809 0.12875384073 0.02637959978 6.24664984880 
--           r 2           r 3           r 4           r 5           r 6           r 7           r 8           r 9          r 10          r 11          r 12          r 13          r 14          r 15          r 16          r 17          r 18          r 19          r 20 
-- 0.86359768898 0.71980169565 0.62692261628 0.55881002606 0.52797114230 0.50841392137 0.50265990554 0.48273709250 0.49665193394 0.48073008887 0.51803307270 0.51378464874 0.52943485141 0.55670825491 0.58619554158 0.64528867968 0.72109499258 0.82020909896 1.13432366848 

---- Expected P_neut(i), 0 < i < n (neutral SFS per site) 
E[P_neut(1)] = 0.0101242076
E[P_neut(2)] = 0.0043717393
E[P_neut(3)] = 0.0024292929
E[P_neut(4)] = 0.0015869385
E[P_neut(5)] = 0.0011316799
E[P_neut(6)] = 0.0008910692
E[P_neut(7)] = 0.0007355276
E[P_neut(8)] = 0.0006363523
E[P_neut(9)] = 0.0005432650
E[P_neut(10)] = 0.0005030829
E[P_neut(11)] = 0.0004427411
E[P_neut(12)] = 0.0004373925
E[P_neut(13)] = 0.0004005192
E[P_neut(14)] = 0.0003833413
E[P_neut(15)] = 0.0003763564
E[P_neut(16)] = 0.0003717788
E[P_neut(17)] = 0.0003856109
E[P_neut(18)] = 0.0004079568
E[P_neut(19)] = 0.0004425574

---- Expected P_sel(i), 0 < i < n (selected SFS per site) 
E[P_sel(1)] = 0.0072362351
E[P_sel(2)] = 0.0028134154
E[P_sel(3)] = 0.0014832793
E[P_sel(4)] = 0.0009373210
E[P_sel(5)] = 0.0006529783
E[P_sel(6)] = 0.0005052675
E[P_sel(7)] = 0.0004115431
E[P_sel(8)] = 0.0003524101
E[P_sel(9)] = 0.0002985182
E[P_sel(10)] = 0.0002748730
E[P_sel(11)] = 0.0002410122
E[P_sel(12)] = 0.0002376850
E[P_sel(13)] = 0.0002177091
E[P_sel(14)] = 0.0002088979
E[P_sel(15)] = 0.0002061448
E[P_sel(16)] = 0.0002053356
E[P_sel(17)] = 0.0002156286
E[P_sel(18)] = 0.0002322655
E[P_sel(19)] = 0.0002589249

---- Expected D_neut and D_sel (neutral and selected divergence per site) 
E[D_neut] = 0.0198204949
E[D_sel] = 0.0125531574

---- Expected neutral and selected misattributed polymorphism per site
E[mis_neut] = 0.0005745058
E[mis_sel] = 0.0003467892

---- alpha_div = 0.268841
---- alpha_dfe = 0.268668

