---- Running command
---- ./polyDFE -d Mmc/235.polyDFE.config.txt -m C -e 
---- Performing inference using model C

---- Performing inference on Mmc/235.polyDFE.config.txt
---- No mutation variability. Using Poisson likelihood.


---- Calculating initial values

-- Starting local optimization
-- Optimizing all parameters
  it        eps_an        lambda     theta_bar           S_d             b           p_b           S_b           r 2           r 3           r 4           r 5           r 6           r 7           r 8           r 9          r 10          r 11          r 12          r 13          r 14          r 15          r 16          r 17          r 18          r 19          r 20           ln lk          grad status 
   0           0.1 0.01929296816 0.01132177398        -20000         0.208           0.1            20 0.87588932785 0.73037314646 0.64794866340 0.58367121715 0.55964993333 0.54416461601 0.54624511787 0.53101093876 0.55408277434 0.55052063657 0.60249544257 0.62516342729 0.67200539216 0.75295888613 0.87557204112 1.11737315469 1.59061148449             1             1 -1117829.261073 23170.1635487   -2 
 814 0.00073158889 0.01932395840 0.01011253048 -68.960230514 0.12888997448 0.02638880296 6.03503113485 0.86489024502 0.72079917185 0.62246247754 0.55634311528 0.53122193051 0.51149958611 0.50078806922 0.48623246814 0.49568780924 0.48683580955 0.52040300155 0.51203368575 0.53076365553 0.56202816248 0.60209799091 0.65976273128 0.70946407448 0.82227664617 1.06295495033 -284.5374664442 0.05150780938   -3 
-- Local optimization: stuck in the same solution
---- Best joint likelihood found -284.537466444278834 with gradient 0.05151

---- Results for Mmc/235.polyDFE.config.txt 
--  Model: C
--        eps_an        lambda     theta_bar             a 
-- 0.00073158889 0.01932395840 0.01011253048            -1 
--           S_d             b           p_b           S_b 
-- -68.960230514 0.12888997448 0.02638880296 6.03503113485 
--           r 2           r 3           r 4           r 5           r 6           r 7           r 8           r 9          r 10          r 11          r 12          r 13          r 14          r 15          r 16          r 17          r 18          r 19          r 20 
-- 0.86489024502 0.72079917185 0.62246247754 0.55634311528 0.53122193051 0.51149958611 0.50078806922 0.48623246814 0.49568780924 0.48683580955 0.52040300155 0.51203368575 0.53076365553 0.56202816248 0.60209799091 0.65976273128 0.70946407448 0.82227664617 1.06295495033 

---- Expected P_neut(i), 0 < i < n (neutral SFS per site) 
E[P_neut(1)] = 0.0101054524
E[P_neut(2)] = 0.0043702068
E[P_neut(3)] = 0.0024282108
E[P_neut(4)] = 0.0015727948
E[P_neut(5)] = 0.0011246614
E[P_neut(6)] = 0.0008949585
E[P_neut(7)] = 0.0007386872
E[P_neut(8)] = 0.0006328870
E[P_neut(9)] = 0.0005462656
E[P_neut(10)] = 0.0005012658
E[P_neut(11)] = 0.0004476306
E[P_neut(12)] = 0.0004386915
E[P_neut(13)] = 0.0003985535
E[P_neut(14)] = 0.0003837577
E[P_neut(15)] = 0.0003794478
E[P_neut(16)] = 0.0003814188
E[P_neut(17)] = 0.0003939534
E[P_neut(18)] = 0.0004014898
E[P_neut(19)] = 0.0004447253

---- Expected P_sel(i), 0 < i < n (selected SFS per site) 
E[P_sel(1)] = 0.0072510536
E[P_sel(2)] = 0.0028241566
E[P_sel(3)] = 0.0014887758
E[P_sel(4)] = 0.0009327777
E[P_sel(5)] = 0.0006515519
E[P_sel(6)] = 0.0005094909
E[P_sel(7)] = 0.0004149244
E[P_sel(8)] = 0.0003518302
E[P_sel(9)] = 0.0003012854
E[P_sel(10)] = 0.0002748702
E[P_sel(11)] = 0.0002445223
E[P_sel(12)] = 0.0002391824
E[P_sel(13)] = 0.0002173167
E[P_sel(14)] = 0.0002097244
E[P_sel(15)] = 0.0002083660
E[P_sel(16)] = 0.0002111045
E[P_sel(17)] = 0.0002206349
E[P_sel(18)] = 0.0002287821
E[P_sel(19)] = 0.0002602532

---- Expected D_neut and D_sel (neutral and selected divergence per site) 
E[D_neut] = 0.0198614166
E[D_sel] = 0.0125138112

---- Expected neutral and selected misattributed polymorphism per site
E[mis_neut] = 0.0005374582
E[mis_sel] = 0.0003236074

---- alpha_div = 0.261798
---- alpha_dfe = 0.261605

