---- Running command
---- ./polyDFE -d Mmc/236.polyDFE.config.txt -m C -e 
---- Performing inference using model C

---- Performing inference on Mmc/236.polyDFE.config.txt
---- No mutation variability. Using Poisson likelihood.


---- Calculating initial values

-- Starting local optimization
-- Optimizing all parameters
  it        eps_an        lambda     theta_bar           S_d             b           p_b           S_b           r 2           r 3           r 4           r 5           r 6           r 7           r 8           r 9          r 10          r 11          r 12          r 13          r 14          r 15          r 16          r 17          r 18          r 19          r 20           ln lk          grad status 
   0           0.1 0.01927048139 0.01137369509        -20000         0.208           0.1            20 0.86947842495 0.72953828323 0.64262132955 0.58292631852 0.56269446709 0.53830119307 0.53570216818 0.52877360795 0.55491415032 0.55182290981 0.59258258575 0.62866326792 0.65839038685 0.75319702826 0.86057132490 1.11268759693 1.57962417040             1             1 -1116022.248917 23137.2944777   -2 
 297 0.00356131124 0.01932619619 0.01019932778 -104.61013952 0.10515958714 0.00343705476 35.5324914052 0.85818845765 0.71542217269 0.61597316071 0.55092515508 0.52720438097 0.50314864499 0.48999800339 0.48254175284 0.49211535969 0.48130750604 0.51117409393 0.51619443821 0.51913342474 0.56040130517 0.58553067176 0.64886182128 0.69653899246 0.77057672535 1.00403151621 -303.7095779923 0.56761895911   -3 
-- Local optimization: stuck in the same solution
---- Best joint likelihood found -303.709577992398408 with gradient 0.56762

---- Results for Mmc/236.polyDFE.config.txt 
--  Model: C
--        eps_an        lambda     theta_bar             a 
-- 0.00356131124 0.01932619619 0.01019932778            -1 
--           S_d             b           p_b           S_b 
-- -104.61013952 0.10515958714 0.00343705476 35.5324914052 
--           r 2           r 3           r 4           r 5           r 6           r 7           r 8           r 9          r 10          r 11          r 12          r 13          r 14          r 15          r 16          r 17          r 18          r 19          r 20 
-- 0.85818845765 0.71542217269 0.61597316071 0.55092515508 0.52720438097 0.50314864499 0.48999800339 0.48254175284 0.49211535969 0.48130750604 0.51117409393 0.51619443821 0.51913342474 0.56040130517 0.58553067176 0.64886182128 0.69653899246 0.77057672535 1.00403151621 

---- Expected P_neut(i), 0 < i < n (neutral SFS per site) 
E[P_neut(1)] = 0.0101644779
E[P_neut(2)] = 0.0043622923
E[P_neut(3)] = 0.0024249994
E[P_neut(4)] = 0.0015663638
E[P_neut(5)] = 0.0011211680
E[P_neut(6)] = 0.0008943437
E[P_neut(7)] = 0.0007319426
E[P_neut(8)] = 0.0006240288
E[P_neut(9)] = 0.0005464864
E[P_neut(10)] = 0.0005019246
E[P_neut(11)] = 0.0004466321
E[P_neut(12)] = 0.0004351468
E[P_neut(13)] = 0.0004061560
E[P_neut(14)] = 0.0003800456
E[P_neut(15)] = 0.0003836930
E[P_neut(16)] = 0.0003775154
E[P_neut(17)] = 0.0003965671
E[P_neut(18)] = 0.0004088598
E[P_neut(19)] = 0.0004485006

---- Expected P_sel(i), 0 < i < n (selected SFS per site) 
E[P_sel(1)] = 0.0072429218
E[P_sel(2)] = 0.0028304730
E[P_sel(3)] = 0.0015016787
E[P_sel(4)] = 0.0009411637
E[P_sel(5)] = 0.0006590225
E[P_sel(6)] = 0.0005167733
E[P_sel(7)] = 0.0004170916
E[P_sel(8)] = 0.0003514969
E[P_sel(9)] = 0.0003048087
E[P_sel(10)] = 0.0002776078
E[P_sel(11)] = 0.0002452602
E[P_sel(12)] = 0.0002375106
E[P_sel(13)] = 0.0002205961
E[P_sel(14)] = 0.0002056533
E[P_sel(15)] = 0.0002071610
E[P_sel(16)] = 0.0002038178
E[P_sel(17)] = 0.0002148597
E[P_sel(18)] = 0.0002241231
E[P_sel(19)] = 0.0002558033

---- Expected D_neut and D_sel (neutral and selected divergence per site) 
E[D_neut] = 0.0198382185
E[D_sel] = 0.0125483522

---- Expected neutral and selected misattributed polymorphism per site
E[mis_neut] = 0.0005120223
E[mis_sel] = 0.0002938225

---- alpha_div = 0.192766
---- alpha_dfe = 0.192843

