---- Running command
---- ./polyDFE -d Mmc/237.polyDFE.config.txt -m C -e 
---- Performing inference using model C

---- Performing inference on Mmc/237.polyDFE.config.txt
---- No mutation variability. Using Poisson likelihood.


---- Calculating initial values

-- Starting local optimization
-- Optimizing all parameters
  it        eps_an        lambda     theta_bar           S_d             b           p_b           S_b           r 2           r 3           r 4           r 5           r 6           r 7           r 8           r 9          r 10          r 11          r 12          r 13          r 14          r 15          r 16          r 17          r 18          r 19          r 20           ln lk          grad status 
   0           0.1 0.01927552017 0.01135387812        -20000         0.208           0.1            20 0.87521951097 0.73693162319 0.64193547377 0.58565849494 0.55537927968 0.54260868751 0.53388736942 0.52636869371 0.55224237374 0.55396267350 0.60215590058 0.62277674855 0.66606396480 0.75921471460 0.86075398167 1.11531010819 1.57474193939             1             1 -1113097.031686 23109.6680838   -2 
 462 0.00346499998 0.01933420891 0.01017997383 -79.757389034 0.11876457613 0.01358546379 10.7477585325 0.86204141860 0.71954605872 0.61637607044 0.55670272593 0.52579295887 0.50969699113 0.49308945692 0.48123830125 0.49518099780 0.47986131739 0.51554321876 0.51708417053 0.52368151606 0.56439272773 0.58471935616 0.64202071738 0.68225945037 0.77237359489 1.00127098706 -276.2437771574 1.19326367566   -3 
-- Local optimization: stuck in the same solution
---- Best joint likelihood found -276.243777157447767 with gradient 1.19326

---- Results for Mmc/237.polyDFE.config.txt 
--  Model: C
--        eps_an        lambda     theta_bar             a 
-- 0.00346499998 0.01933420891 0.01017997383            -1 
--           S_d             b           p_b           S_b 
-- -79.757389034 0.11876457613 0.01358546379 10.7477585325 
--           r 2           r 3           r 4           r 5           r 6           r 7           r 8           r 9          r 10          r 11          r 12          r 13          r 14          r 15          r 16          r 17          r 18          r 19          r 20 
-- 0.86204141860 0.71954605872 0.61637607044 0.55670272593 0.52579295887 0.50969699113 0.49308945692 0.48123830125 0.49518099780 0.47986131739 0.51554321876 0.51708417053 0.52368151606 0.56439272773 0.58471935616 0.64202071738 0.68225945037 0.77237359489 1.00127098706 

---- Expected P_neut(i), 0 < i < n (neutral SFS per site) 
E[P_neut(1)] = 0.0101461341
E[P_neut(2)] = 0.0043739129
E[P_neut(3)] = 0.0024345252
E[P_neut(4)] = 0.0015645267
E[P_neut(5)] = 0.0011308437
E[P_neut(6)] = 0.0008903214
E[P_neut(7)] = 0.0007400778
E[P_neut(8)] = 0.0006267960
E[P_neut(9)] = 0.0005439852
E[P_neut(10)] = 0.0005040930
E[P_neut(11)] = 0.0004444360
E[P_neut(12)] = 0.0004380101
E[P_neut(13)] = 0.0004060810
E[P_neut(14)] = 0.0003825620
E[P_neut(15)] = 0.0003856337
E[P_neut(16)] = 0.0003761731
E[P_neut(17)] = 0.0003915843
E[P_neut(18)] = 0.0003997213
E[P_neut(19)] = 0.0004476683

---- Expected P_sel(i), 0 < i < n (selected SFS per site) 
E[P_sel(1)] = 0.0072567352
E[P_sel(2)] = 0.0028281737
E[P_sel(3)] = 0.0014964699
E[P_sel(4)] = 0.0009310951
E[P_sel(5)] = 0.0006575852
E[P_sel(6)] = 0.0005086661
E[P_sel(7)] = 0.0004169847
E[P_sel(8)] = 0.0003492400
E[P_sel(9)] = 0.0003003966
E[P_sel(10)] = 0.0002763978
E[P_sel(11)] = 0.0002423790
E[P_sel(12)] = 0.0002379874
E[P_sel(13)] = 0.0002202076
E[P_sel(14)] = 0.0002074603
E[P_sel(15)] = 0.0002096355
E[P_sel(16)] = 0.0002056622
E[P_sel(17)] = 0.0002163308
E[P_sel(18)] = 0.0002250379
E[P_sel(19)] = 0.0002624984

---- Expected D_neut and D_sel (neutral and selected divergence per site) 
E[D_neut] = 0.0198438545
E[D_sel] = 0.0125745378

---- Expected neutral and selected misattributed polymorphism per site
E[mis_neut] = 0.0005096456
E[mis_sel] = 0.0003034857

---- alpha_div = 0.232965
---- alpha_dfe = 0.232938

