---- Running command
---- ./polyDFE -d Mmc/238.polyDFE.config.txt -m C -e 
---- Performing inference using model C

---- Performing inference on Mmc/238.polyDFE.config.txt
---- No mutation variability. Using Poisson likelihood.


---- Calculating initial values

-- Starting local optimization
-- Optimizing all parameters
  it        eps_an        lambda     theta_bar           S_d             b           p_b           S_b           r 2           r 3           r 4           r 5           r 6           r 7           r 8           r 9          r 10          r 11          r 12          r 13          r 14          r 15          r 16          r 17          r 18          r 19          r 20           ln lk          grad status 
   0           0.1 0.01928080604 0.01132918448        -20000         0.208           0.1            20 0.87420072727 0.74010993777 0.65063039894 0.58294936692 0.55696677270 0.53822109391 0.53730633747 0.53556846842 0.55833244271 0.56274176628 0.59164383107 0.62272400165 0.66452125651 0.74812091686 0.86751639838 1.11041211125 1.58301981453             1             1 -1120184.271255 23191.0463576   -2 
 857 0.00033282484 0.01929059521 0.01011534264 -75.628919722 0.12226868056 0.01972604034 7.51782224583 0.86717344185 0.72302436615 0.62311305780 0.55801937941 0.53288550839 0.50792173104 0.49582886232 0.48898545860 0.49889151309 0.49180050090 0.50878657382 0.51630066949 0.52761323227 0.56102860004 0.59038202567 0.64799446841 0.71507714295 0.83835829648 1.10789183178 -291.3991083436 0.02427711314   -3 
-- Local optimization: stuck in the same solution
---- Best joint likelihood found -291.399108343641274 with gradient 0.02428

---- Results for Mmc/238.polyDFE.config.txt 
--  Model: C
--        eps_an        lambda     theta_bar             a 
-- 0.00033282484 0.01929059521 0.01011534264            -1 
--           S_d             b           p_b           S_b 
-- -75.628919722 0.12226868056 0.01972604034 7.51782224583 
--           r 2           r 3           r 4           r 5           r 6           r 7           r 8           r 9          r 10          r 11          r 12          r 13          r 14          r 15          r 16          r 17          r 18          r 19          r 20 
-- 0.86717344185 0.72302436615 0.62311305780 0.55801937941 0.53288550839 0.50792173104 0.49582886232 0.48898545860 0.49889151309 0.49180050090 0.50878657382 0.51630066949 0.52761323227 0.56102860004 0.59038202567 0.64799446841 0.71507714295 0.83835829648 1.10789183178 

---- Expected P_neut(i), 0 < i < n (neutral SFS per site) 
E[P_neut(1)] = 0.0101121246
E[P_neut(2)] = 0.0043845523
E[P_neut(3)] = 0.0024371967
E[P_neut(4)] = 0.0015753503
E[P_neut(5)] = 0.0011286616
E[P_neut(6)] = 0.0008982145
E[P_neut(7)] = 0.0007338612
E[P_neut(8)] = 0.0006268689
E[P_neut(9)] = 0.0005495515
E[P_neut(10)] = 0.0005046459
E[P_neut(11)] = 0.0004522806
E[P_neut(12)] = 0.0004289451
E[P_neut(13)] = 0.0004018458
E[P_neut(14)] = 0.0003813856
E[P_neut(15)] = 0.0003785829
E[P_neut(16)] = 0.0003736450
E[P_neut(17)] = 0.0003862528
E[P_neut(18)] = 0.0004031732
E[P_neut(19)] = 0.0004495487

---- Expected P_sel(i), 0 < i < n (selected SFS per site) 
E[P_sel(1)] = 0.0072460923
E[P_sel(2)] = 0.0028376143
E[P_sel(3)] = 0.0014988306
E[P_sel(4)] = 0.0009379173
E[P_sel(5)] = 0.0006566769
E[P_sel(6)] = 0.0005136076
E[P_sel(7)] = 0.0004140043
E[P_sel(8)] = 0.0003499086
E[P_sel(9)] = 0.0003042097
E[P_sel(10)] = 0.0002775820
E[P_sel(11)] = 0.0002476528
E[P_sel(12)] = 0.0002342268
E[P_sel(13)] = 0.0002192275
E[P_sel(14)] = 0.0002082995
E[P_sel(15)] = 0.0002074982
E[P_sel(16)] = 0.0002061289
E[P_sel(17)] = 0.0002153184
E[P_sel(18)] = 0.0002283745
E[P_sel(19)] = 0.0002611963

---- Expected D_neut and D_sel (neutral and selected divergence per site) 
E[D_neut] = 0.0198509305
E[D_sel] = 0.0124983399

---- Expected neutral and selected misattributed polymorphism per site
E[mis_neut] = 0.0005603353
E[mis_sel] = 0.0003357474

---- alpha_div = 0.241237
---- alpha_dfe = 0.240927

