---- Running command
---- ./polyDFE -d Mmc/239.polyDFE.config.txt -m C -e 
---- Performing inference using model C

---- Performing inference on Mmc/239.polyDFE.config.txt
---- No mutation variability. Using Poisson likelihood.


---- Calculating initial values

-- Starting local optimization
-- Optimizing all parameters
  it        eps_an        lambda     theta_bar           S_d             b           p_b           S_b           r 2           r 3           r 4           r 5           r 6           r 7           r 8           r 9          r 10          r 11          r 12          r 13          r 14          r 15          r 16          r 17          r 18          r 19          r 20           ln lk          grad status 
   0           0.1 0.01931128663 0.01134305110        -20000         0.208           0.1            20 0.87479462791 0.73490584750 0.64491226976 0.58371837489 0.55616526192 0.54276584590 0.54051265851 0.52757884419 0.55378929024 0.56232809067 0.59725546154 0.63133016890 0.67171086244 0.75124228341 0.86102386228 1.11102095683 1.58384702321             1             1 -1120355.618191 23217.0819110   -2 
 319 0.00659412864 0.01936749187 0.01020366950 -96.004946966 0.10817107186 0.00356668918 34.5211398583 0.86334037579 0.71697599892 0.61871499034 0.55202491180 0.52402959922 0.50628690840 0.49442622850 0.47893913082 0.48954644919 0.48399311177 0.51372833922 0.51513637669 0.52691213411 0.55295300003 0.57389439964 0.63506369619 0.67105780672 0.71523857730 1.00200287932 -287.9330881647 0.87176818834   -3 
-- Local optimization: stuck in the same solution
---- Best joint likelihood found -287.933088164776564 with gradient 0.87177

---- Results for Mmc/239.polyDFE.config.txt 
--  Model: C
--        eps_an        lambda     theta_bar             a 
-- 0.00659412864 0.01936749187 0.01020366950            -1 
--           S_d             b           p_b           S_b 
-- -96.004946966 0.10817107186 0.00356668918 34.5211398583 
--           r 2           r 3           r 4           r 5           r 6           r 7           r 8           r 9          r 10          r 11          r 12          r 13          r 14          r 15          r 16          r 17          r 18          r 19          r 20 
-- 0.86334037579 0.71697599892 0.61871499034 0.55202491180 0.52402959922 0.50628690840 0.49442622850 0.47893913082 0.48954644919 0.48399311177 0.51372833922 0.51513637669 0.52691213411 0.55295300003 0.57389439964 0.63506369619 0.67105780672 0.71523857730 1.00200287932 

---- Expected P_neut(i), 0 < i < n (neutral SFS per site) 
E[P_neut(1)] = 0.0101389181
E[P_neut(2)] = 0.0043780837
E[P_neut(3)] = 0.0024250285
E[P_neut(4)] = 0.0015702967
E[P_neut(5)] = 0.0011215878
E[P_neut(6)] = 0.0008878267
E[P_neut(7)] = 0.0007357975
E[P_neut(8)] = 0.0006293423
E[P_neut(9)] = 0.0005423729
E[P_neut(10)] = 0.0004995170
E[P_neut(11)] = 0.0004495752
E[P_neut(12)] = 0.0004381041
E[P_neut(13)] = 0.0004065296
E[P_neut(14)] = 0.0003873754
E[P_neut(15)] = 0.0003810915
E[P_neut(16)] = 0.0003739834
E[P_neut(17)] = 0.0003947422
E[P_neut(18)] = 0.0004069391
E[P_neut(19)] = 0.0004488598

---- Expected P_sel(i), 0 < i < n (selected SFS per site) 
E[P_sel(1)] = 0.0072371922
E[P_sel(2)] = 0.0028398454
E[P_sel(3)] = 0.0014993533
E[P_sel(4)] = 0.0009412673
E[P_sel(5)] = 0.0006572851
E[P_sel(6)] = 0.0005112210
E[P_sel(7)] = 0.0004176729
E[P_sel(8)] = 0.0003530177
E[P_sel(9)] = 0.0003011866
E[P_sel(10)] = 0.0002750140
E[P_sel(11)] = 0.0002457175
E[P_sel(12)] = 0.0002379870
E[P_sel(13)] = 0.0002197533
E[P_sel(14)] = 0.0002086515
E[P_sel(15)] = 0.0002048733
E[P_sel(16)] = 0.0002011918
E[P_sel(17)] = 0.0002134164
E[P_sel(18)] = 0.0002234919
E[P_sel(19)] = 0.0002599634

---- Expected D_neut and D_sel (neutral and selected divergence per site) 
E[D_neut] = 0.0198786972
E[D_sel] = 0.0125240549

---- Expected neutral and selected misattributed polymorphism per site
E[mis_neut] = 0.0005112053
E[mis_sel] = 0.0002921827

---- alpha_div = 0.195267
---- alpha_dfe = 0.195212

