---- Running command
---- ./polyDFE -d Mmc/24.polyDFE.config.txt -m C -e 
---- Performing inference using model C

---- Performing inference on Mmc/24.polyDFE.config.txt
---- No mutation variability. Using Poisson likelihood.


---- Calculating initial values

-- Starting local optimization
-- Optimizing all parameters
  it        eps_an        lambda     theta_bar           S_d             b           p_b           S_b           r 2           r 3           r 4           r 5           r 6           r 7           r 8           r 9          r 10          r 11          r 12          r 13          r 14          r 15          r 16          r 17          r 18          r 19          r 20           ln lk          grad status 
   0           0.1 0.01928835300 0.01139374099        -20000         0.208           0.1            20 0.87073478993 0.73179218969 0.64429095192 0.58489239588 0.55608968728 0.53972448962 0.53471139224 0.53133120556 0.54923320774 0.54981442368 0.58833447714 0.62951413809 0.66702600056 0.75327935001 0.87293647892 1.10503996010 1.57454348044             1             1 -1112552.192886 23128.5818886   -2 
 555 0.00121064862 0.01919082943 0.01017460181 -85.606736434 0.11851033085 0.01657714600 8.94091058426 0.86397300261 0.72023223738 0.61845838333 0.55745140819 0.52804590773 0.50714294111 0.49391918114 0.48330746120 0.49241921366 0.48256040370 0.51061565353 0.51905790004 0.52659438706 0.56209244808 0.59181372273 0.64728936919 0.70631801407 0.81687524751 1.31622107418 -285.4952476894 0.05112850065   -8 
-- Local optimization: reached maximum number of likelihood evaluations allowed.
---- Best joint likelihood found -285.495247689425014 with gradient 0.05113

---- Results for Mmc/24.polyDFE.config.txt 
--  Model: C
--        eps_an        lambda     theta_bar             a 
-- 0.00121064862 0.01919082943 0.01017460181            -1 
--           S_d             b           p_b           S_b 
-- -85.606736434 0.11851033085 0.01657714600 8.94091058426 
--           r 2           r 3           r 4           r 5           r 6           r 7           r 8           r 9          r 10          r 11          r 12          r 13          r 14          r 15          r 16          r 17          r 18          r 19          r 20 
-- 0.86397300261 0.72023223738 0.61845838333 0.55745140819 0.52804590773 0.50714294111 0.49391918114 0.48330746120 0.49241921366 0.48256040370 0.51061565353 0.51905790004 0.52659438706 0.56209244808 0.59181372273 0.64728936919 0.70631801407 0.81687524751 1.31622107418 

---- Expected P_neut(i), 0 < i < n (neutral SFS per site) 
E[P_neut(1)] = 0.0101628135
E[P_neut(2)] = 0.0043904528
E[P_neut(3)] = 0.0024402038
E[P_neut(4)] = 0.0015716930
E[P_neut(5)] = 0.0011334575
E[P_neut(6)] = 0.0008948221
E[P_neut(7)] = 0.0007367390
E[P_neut(8)] = 0.0006279425
E[P_neut(9)] = 0.0005462634
E[P_neut(10)] = 0.0005010169
E[P_neut(11)] = 0.0004464720
E[P_neut(12)] = 0.0004331789
E[P_neut(13)] = 0.0004066473
E[P_neut(14)] = 0.0003833270
E[P_neut(15)] = 0.0003821829
E[P_neut(16)] = 0.0003777907
E[P_neut(17)] = 0.0003898948
E[P_neut(18)] = 0.0004040881
E[P_neut(19)] = 0.0004492294

---- Expected P_sel(i), 0 < i < n (selected SFS per site) 
E[P_sel(1)] = 0.0072290646
E[P_sel(2)] = 0.0028242193
E[P_sel(3)] = 0.0014929853
E[P_sel(4)] = 0.0009314648
E[P_sel(5)] = 0.0006566724
E[P_sel(6)] = 0.0005095906
E[P_sel(7)] = 0.0004139673
E[P_sel(8)] = 0.0003490979
E[P_sel(9)] = 0.0003011415
E[P_sel(10)] = 0.0002744000
E[P_sel(11)] = 0.0002433617
E[P_sel(12)] = 0.0002353938
E[P_sel(13)] = 0.0002206965
E[P_sel(14)] = 0.0002081961
E[P_sel(15)] = 0.0002082300
E[P_sel(16)] = 0.0002071259
E[P_sel(17)] = 0.0002160144
E[P_sel(18)] = 0.0002277263
E[P_sel(19)] = 0.0002610268

---- Expected D_neut and D_sel (neutral and selected divergence per site) 
E[D_neut] = 0.0198604307
E[D_sel] = 0.0125431752

---- Expected neutral and selected misattributed polymorphism per site
E[mis_neut] = 0.0006696013
E[mis_sel] = 0.0004000366

---- alpha_div = 0.238577
---- alpha_dfe = 0.238372

