---- Running command
---- ./polyDFE -d Mmc/240.polyDFE.config.txt -m C -e 
---- Performing inference using model C

---- Performing inference on Mmc/240.polyDFE.config.txt
---- No mutation variability. Using Poisson likelihood.


---- Calculating initial values

-- Starting local optimization
-- Optimizing all parameters
  it        eps_an        lambda     theta_bar           S_d             b           p_b           S_b           r 2           r 3           r 4           r 5           r 6           r 7           r 8           r 9          r 10          r 11          r 12          r 13          r 14          r 15          r 16          r 17          r 18          r 19          r 20           ln lk          grad status 
   0           0.1 0.01928821156 0.01138784870        -20000         0.208           0.1            20 0.86660949633 0.73232688875 0.63948150987 0.58181275130 0.55380606816 0.53698811677 0.52894909978 0.52928134224 0.55334335375 0.55059255637 0.58821647473 0.62729813570 0.66839472726 0.74842519352 0.85648989051 1.09909777210 1.56913617208             1             1 -1114654.982678 23163.6777498   -2 
 928 0.00042264103 0.01924433407 0.01016087577 -86.422848038 0.11797777472 0.01979253905 7.48966697438 0.86013113198 0.71848660945 0.61823424194 0.55379900405 0.52582337536 0.50626965115 0.49032063090 0.47985766162 0.49516435611 0.47907221525 0.51193856240 0.52179170790 0.52675085899 0.55832371279 0.58260775408 0.64390909745 0.71191085561 0.83210248251 1.20993841564 -278.3002828852 0.10077075330   -8 
-- Local optimization: reached maximum number of likelihood evaluations allowed.
---- Best joint likelihood found -278.300282885291381 with gradient 0.10077

---- Results for Mmc/240.polyDFE.config.txt 
--  Model: C
--        eps_an        lambda     theta_bar             a 
-- 0.00042264103 0.01924433407 0.01016087577            -1 
--           S_d             b           p_b           S_b 
-- -86.422848038 0.11797777472 0.01979253905 7.48966697438 
--           r 2           r 3           r 4           r 5           r 6           r 7           r 8           r 9          r 10          r 11          r 12          r 13          r 14          r 15          r 16          r 17          r 18          r 19          r 20 
-- 0.86013113198 0.71848660945 0.61823424194 0.55379900405 0.52582337536 0.50626965115 0.49032063090 0.47985766162 0.49516435611 0.47907221525 0.51193856240 0.52179170790 0.52675085899 0.55832371279 0.58260775408 0.64390909745 0.71191085561 0.83210248251 1.20993841564 

---- Expected P_neut(i), 0 < i < n (neutral SFS per site) 
E[P_neut(1)] = 0.0101567694
E[P_neut(2)] = 0.0043681658
E[P_neut(3)] = 0.0024326186
E[P_neut(4)] = 0.0015699430
E[P_neut(5)] = 0.0011251008
E[P_neut(6)] = 0.0008902562
E[P_neut(7)] = 0.0007347394
E[P_neut(8)] = 0.0006226809
E[P_neut(9)] = 0.0005417107
E[P_neut(10)] = 0.0005031304
E[P_neut(11)] = 0.0004425686
E[P_neut(12)] = 0.0004335587
E[P_neut(13)] = 0.0004079737
E[P_neut(14)] = 0.0003825183
E[P_neut(15)] = 0.0003785197
E[P_neut(16)] = 0.0003704952
E[P_neut(17)] = 0.0003857294
E[P_neut(18)] = 0.0004035458
E[P_neut(19)] = 0.0004491005

---- Expected P_sel(i), 0 < i < n (selected SFS per site) 
E[P_sel(1)] = 0.0072359563
E[P_sel(2)] = 0.0028172062
E[P_sel(3)] = 0.0014932904
E[P_sel(4)] = 0.0009340624
E[P_sel(5)] = 0.0006547194
E[P_sel(6)] = 0.0005094905
E[P_sel(7)] = 0.0004150838
E[P_sel(8)] = 0.0003482248
E[P_sel(9)] = 0.0003005559
E[P_sel(10)] = 0.0002774807
E[P_sel(11)] = 0.0002430527
E[P_sel(12)] = 0.0002375138
E[P_sel(13)] = 0.0002233480
E[P_sel(14)] = 0.0002096943
E[P_sel(15)] = 0.0002082749
E[P_sel(16)] = 0.0002052252
E[P_sel(17)] = 0.0002159344
E[P_sel(18)] = 0.0002295800
E[P_sel(19)] = 0.0002621395

---- Expected D_neut and D_sel (neutral and selected divergence per site) 
E[D_neut] = 0.0198590358
E[D_sel] = 0.0125509546

---- Expected neutral and selected misattributed polymorphism per site
E[mis_neut] = 0.0006147017
E[mis_sel] = 0.0003698625

---- alpha_div = 0.240064
---- alpha_dfe = 0.239930

