---- Running command
---- ./polyDFE -d Mmc/241.polyDFE.config.txt -m C -e 
---- Performing inference using model C

---- Performing inference on Mmc/241.polyDFE.config.txt
---- No mutation variability. Using Poisson likelihood.


---- Calculating initial values

-- Starting local optimization
-- Optimizing all parameters
  it        eps_an        lambda     theta_bar           S_d             b           p_b           S_b           r 2           r 3           r 4           r 5           r 6           r 7           r 8           r 9          r 10          r 11          r 12          r 13          r 14          r 15          r 16          r 17          r 18          r 19          r 20           ln lk          grad status 
   0           0.1 0.01930563215 0.01132866027        -20000         0.208           0.1            20 0.87719225287 0.73693826777 0.65103354783 0.57818359964 0.56294931775 0.54009964323 0.53577993330 0.53893861528 0.55428782216 0.55967558372 0.59509172185 0.62451765548 0.67680518169 0.75179289584 0.86727177095 1.10573638150 1.58829046292             1             1 -1121062.111087 23244.8886336   -2 
 330 0.00523130186 0.01936100893 0.01018326310 -89.763710852 0.11197818112 0.00654855871 19.7999215947 0.86445172198 0.71905386966 0.62340241296 0.54838441210 0.52922295746 0.50629129974 0.49361697917 0.48494998938 0.49172521997 0.48540013564 0.50915489052 0.51272866451 0.52439749625 0.56056437763 0.58420591715 0.63563169066 0.68352975972 0.74490188619 1.00169792144 -293.3667984929 0.72206142340   -3 
-- Local optimization: stuck in the same solution
---- Best joint likelihood found -293.366798492919770 with gradient 0.72206

---- Results for Mmc/241.polyDFE.config.txt 
--  Model: C
--        eps_an        lambda     theta_bar             a 
-- 0.00523130186 0.01936100893 0.01018326310            -1 
--           S_d             b           p_b           S_b 
-- -89.763710852 0.11197818112 0.00654855871 19.7999215947 
--           r 2           r 3           r 4           r 5           r 6           r 7           r 8           r 9          r 10          r 11          r 12          r 13          r 14          r 15          r 16          r 17          r 18          r 19          r 20 
-- 0.86445172198 0.71905386966 0.62340241296 0.54838441210 0.52922295746 0.50629129974 0.49361697917 0.48494998938 0.49172521997 0.48540013564 0.50915489052 0.51272866451 0.52439749625 0.56056437763 0.58420591715 0.63563169066 0.68352975972 0.74490188619 1.00169792144 

---- Expected P_neut(i), 0 < i < n (neutral SFS per site) 
E[P_neut(1)] = 0.0101320799
E[P_neut(2)] = 0.0043804672
E[P_neut(3)] = 0.0024299950
E[P_neut(4)] = 0.0015807104
E[P_neut(5)] = 0.0011130167
E[P_neut(6)] = 0.0008954994
E[P_neut(7)] = 0.0007347763
E[P_neut(8)] = 0.0006273023
E[P_neut(9)] = 0.0005481884
E[P_neut(10)] = 0.0005007367
E[P_neut(11)] = 0.0004498795
E[P_neut(12)] = 0.0004330982
E[P_neut(13)] = 0.0004033866
E[P_neut(14)] = 0.0003841375
E[P_neut(15)] = 0.0003844102
E[P_neut(16)] = 0.0003781775
E[P_neut(17)] = 0.0003915298
E[P_neut(18)] = 0.0004077004
E[P_neut(19)] = 0.0004504217

---- Expected P_sel(i), 0 < i < n (selected SFS per site) 
E[P_sel(1)] = 0.0072326549
E[P_sel(2)] = 0.0028356469
E[P_sel(3)] = 0.0014977769
E[P_sel(4)] = 0.0009440337
E[P_sel(5)] = 0.0006496813
E[P_sel(6)] = 0.0005135517
E[P_sel(7)] = 0.0004154284
E[P_sel(8)] = 0.0003505374
E[P_sel(9)] = 0.0003033597
E[P_sel(10)] = 0.0002748580
E[P_sel(11)] = 0.0002453000
E[P_sel(12)] = 0.0002349007
E[P_sel(13)] = 0.0002179396
E[P_sel(14)] = 0.0002070711
E[P_sel(15)] = 0.0002071543
E[P_sel(16)] = 0.0002043446
E[P_sel(17)] = 0.0002131172
E[P_sel(18)] = 0.0002258029
E[P_sel(19)] = 0.0002620673

---- Expected D_neut and D_sel (neutral and selected divergence per site) 
E[D_neut] = 0.0198710366
E[D_sel] = 0.0125076728

---- Expected neutral and selected misattributed polymorphism per site
E[mis_neut] = 0.0005100277
E[mis_sel] = 0.0002966113

---- alpha_div = 0.206293
---- alpha_dfe = 0.206384

