---- Running command
---- ./polyDFE -d Mmc/242.polyDFE.config.txt -m C -e 
---- Performing inference using model C

---- Performing inference on Mmc/242.polyDFE.config.txt
---- No mutation variability. Using Poisson likelihood.


---- Calculating initial values

-- Starting local optimization
-- Optimizing all parameters
  it        eps_an        lambda     theta_bar           S_d             b           p_b           S_b           r 2           r 3           r 4           r 5           r 6           r 7           r 8           r 9          r 10          r 11          r 12          r 13          r 14          r 15          r 16          r 17          r 18          r 19          r 20           ln lk          grad status 
   0           0.1 0.01927771705 0.01135286486        -20000         0.208           0.1            20 0.87466674890 0.73433694863 0.64765289906 0.58616249915 0.55923972886 0.53099782636 0.53805728761 0.53613298279 0.55793410516 0.55389478689 0.59888886254 0.62092206410 0.66738946582 0.75261495612 0.86623917112 1.10373375457 1.57966792439             1             1 -1116758.445871 23176.4320500   -2 
 478 0.00428147995 0.01925199792 0.01019543524 -89.997591969 0.11453496438 0.01310919347 10.7289737969 0.86446372492 0.71731417215 0.62089784925 0.55453133789 0.52709448942 0.50067846545 0.49423911608 0.48706374339 0.49494935121 0.47902684851 0.51022699174 0.51103978263 0.52212570285 0.55534839946 0.57948261535 0.63676861148 0.68669852542 0.74381481082 1.16318078206 -296.1129826413 1.04272647549   -8 
-- Local optimization: reached maximum number of likelihood evaluations allowed.
---- Best joint likelihood found -296.112982641352573 with gradient 1.04273

---- Results for Mmc/242.polyDFE.config.txt 
--  Model: C
--        eps_an        lambda     theta_bar             a 
-- 0.00428147995 0.01925199792 0.01019543524            -1 
--           S_d             b           p_b           S_b 
-- -89.997591969 0.11453496438 0.01310919347 10.7289737969 
--           r 2           r 3           r 4           r 5           r 6           r 7           r 8           r 9          r 10          r 11          r 12          r 13          r 14          r 15          r 16          r 17          r 18          r 19          r 20 
-- 0.86446372492 0.71731417215 0.62089784925 0.55453133789 0.52709448942 0.50067846545 0.49423911608 0.48706374339 0.49494935121 0.47902684851 0.51022699174 0.51103978263 0.52212570285 0.55534839946 0.57948261535 0.63676861148 0.68669852542 0.74381481082 1.16318078206 

---- Expected P_neut(i), 0 < i < n (neutral SFS per site) 
E[P_neut(1)] = 0.0101534926
E[P_neut(2)] = 0.0043895897
E[P_neut(3)] = 0.0024289745
E[P_neut(4)] = 0.0015773861
E[P_neut(5)] = 0.0011275126
E[P_neut(6)] = 0.0008934528
E[P_neut(7)] = 0.0007278273
E[P_neut(8)] = 0.0006290321
E[P_neut(9)] = 0.0005512971
E[P_neut(10)] = 0.0005046224
E[P_neut(11)] = 0.0004444512
E[P_neut(12)] = 0.0004343396
E[P_neut(13)] = 0.0004021965
E[P_neut(14)] = 0.0003824424
E[P_neut(15)] = 0.0003806930
E[P_neut(16)] = 0.0003744497
E[P_neut(17)] = 0.0003906924
E[P_neut(18)] = 0.0004061573
E[P_neut(19)] = 0.0004410751

---- Expected P_sel(i), 0 < i < n (selected SFS per site) 
E[P_sel(1)] = 0.0072304298
E[P_sel(2)] = 0.0028327453
E[P_sel(3)] = 0.0014924919
E[P_sel(4)] = 0.0009393892
E[P_sel(5)] = 0.0006565998
E[P_sel(6)] = 0.0005114955
E[P_sel(7)] = 0.0004111067
E[P_sel(8)] = 0.0003514904
E[P_sel(9)] = 0.0003053956
E[P_sel(10)] = 0.0002776245
E[P_sel(11)] = 0.0002432487
E[P_sel(12)] = 0.0002368585
E[P_sel(13)] = 0.0002189123
E[P_sel(14)] = 0.0002081666
E[P_sel(15)] = 0.0002077048
E[P_sel(16)] = 0.0002054423
E[P_sel(17)] = 0.0002165584
E[P_sel(18)] = 0.0002294100
E[P_sel(19)] = 0.0002599872

---- Expected D_neut and D_sel (neutral and selected divergence per site) 
E[D_neut] = 0.0198449546
E[D_sel] = 0.0125401010

---- Expected neutral and selected misattributed polymorphism per site
E[mis_neut] = 0.0005929567
E[mis_sel] = 0.0003530090

---- alpha_div = 0.224889
---- alpha_dfe = 0.224974

