---- Running command
---- ./polyDFE -d Mmc/243.polyDFE.config.txt -m C -e 
---- Performing inference using model C

---- Performing inference on Mmc/243.polyDFE.config.txt
---- No mutation variability. Using Poisson likelihood.


---- Calculating initial values

-- Starting local optimization
-- Optimizing all parameters
  it        eps_an        lambda     theta_bar           S_d             b           p_b           S_b           r 2           r 3           r 4           r 5           r 6           r 7           r 8           r 9          r 10          r 11          r 12          r 13          r 14          r 15          r 16          r 17          r 18          r 19          r 20           ln lk          grad status 
   0           0.1 0.01925343685 0.01134309261        -20000         0.208           0.1            20 0.86907131265 0.73327473867 0.64803794033 0.58019600612 0.55265485480 0.53816644863 0.53634077851 0.53257285490 0.55770976230 0.55981394349 0.59763619242 0.62379307871 0.66225116250 0.75476845519 0.87175649486 1.11039585074 1.58860216750             1             1 -1112362.092448 23092.3024316   -2 
 380 0.00380269058 0.01928158014 0.01017297901 -111.86033729 0.10263158709 0.00236580538 50.3752583594 0.86045599949 0.71507820781 0.61832028546 0.55226343723 0.52149499121 0.50284743022 0.49195094703 0.48293845247 0.49094607581 0.48508115776 0.51167317728 0.51064833905 0.52567396656 0.56124706872 0.59133955351 0.64851511274 0.70700658552 0.77943528387 1.05502374759 -301.4557782468 0.14412098571   -3 
-- Local optimization: stuck in the same solution
---- Best joint likelihood found -301.455778246861883 with gradient 0.14412

---- Results for Mmc/243.polyDFE.config.txt 
--  Model: C
--        eps_an        lambda     theta_bar             a 
-- 0.00380269058 0.01928158014 0.01017297901            -1 
--           S_d             b           p_b           S_b 
-- -111.86033729 0.10263158709 0.00236580538 50.3752583594 
--           r 2           r 3           r 4           r 5           r 6           r 7           r 8           r 9          r 10          r 11          r 12          r 13          r 14          r 15          r 16          r 17          r 18          r 19          r 20 
-- 0.86045599949 0.71507820781 0.61832028546 0.55226343723 0.52149499121 0.50284743022 0.49195094703 0.48293845247 0.49094607581 0.48508115776 0.51167317728 0.51064833905 0.52567396656 0.56124706872 0.59133955351 0.64851511274 0.70700658552 0.77943528387 1.05502374759 

---- Expected P_neut(i), 0 < i < n (neutral SFS per site) 
E[P_neut(1)] = 0.0101358813
E[P_neut(2)] = 0.0043615766
E[P_neut(3)] = 0.0024170801
E[P_neut(4)] = 0.0015679897
E[P_neut(5)] = 0.0011208075
E[P_neut(6)] = 0.0008822832
E[P_neut(7)] = 0.0007295201
E[P_neut(8)] = 0.0006248465
E[P_neut(9)] = 0.0005455104
E[P_neut(10)] = 0.0004994384
E[P_neut(11)] = 0.0004489808
E[P_neut(12)] = 0.0004344994
E[P_neut(13)] = 0.0004008605
E[P_neut(14)] = 0.0003838862
E[P_neut(15)] = 0.0003834624
E[P_neut(16)] = 0.0003805304
E[P_neut(17)] = 0.0003958234
E[P_neut(18)] = 0.0004146995
E[P_neut(19)] = 0.0004544229

---- Expected P_sel(i), 0 < i < n (selected SFS per site) 
E[P_sel(1)] = 0.0072147082
E[P_sel(2)] = 0.0028313743
E[P_sel(3)] = 0.0014988200
E[P_sel(4)] = 0.0009439330
E[P_sel(5)] = 0.0006602916
E[P_sel(6)] = 0.0005110616
E[P_sel(7)] = 0.0004167906
E[P_sel(8)] = 0.0003528881
E[P_sel(9)] = 0.0003050615
E[P_sel(10)] = 0.0002769293
E[P_sel(11)] = 0.0002471276
E[P_sel(12)] = 0.0002376482
E[P_sel(13)] = 0.0002180866
E[P_sel(14)] = 0.0002079657
E[P_sel(15)] = 0.0002071181
E[P_sel(16)] = 0.0002053129
E[P_sel(17)] = 0.0002140108
E[P_sel(18)] = 0.0002263742
E[P_sel(19)] = 0.0002573657

---- Expected D_neut and D_sel (neutral and selected divergence per site) 
E[D_neut] = 0.0198182169
E[D_sel] = 0.0125496709

---- Expected neutral and selected misattributed polymorphism per site
E[mis_neut] = 0.0005366367
E[mis_sel] = 0.0003049555

---- alpha_div = 0.187575
---- alpha_dfe = 0.187786

