---- Running command
---- ./polyDFE -d Mmc/244.polyDFE.config.txt -m C -e 
---- Performing inference using model C

---- Performing inference on Mmc/244.polyDFE.config.txt
---- No mutation variability. Using Poisson likelihood.


---- Calculating initial values

-- Starting local optimization
-- Optimizing all parameters
  it        eps_an        lambda     theta_bar           S_d             b           p_b           S_b           r 2           r 3           r 4           r 5           r 6           r 7           r 8           r 9          r 10          r 11          r 12          r 13          r 14          r 15          r 16          r 17          r 18          r 19          r 20           ln lk          grad status 
   0           0.1 0.01929352503 0.01134926484        -20000         0.208           0.1            20 0.87347999321 0.73497047393 0.64636298325 0.58055901988 0.54973967401 0.54117574882 0.53802345433 0.52917409240 0.54908021978 0.55485961611 0.59638673206 0.62369163106 0.66286651353 0.75714991878 0.86768152070 1.11757169338 1.58475349655             1             1 -1118470.300386 23205.9615752   -2 
 423 0.00176219894 0.01934271791 0.01015074949 -89.927908810 0.11333277706 0.01072296877 12.6242080633 0.86408176790 0.71809650215 0.62264005934 0.55377247326 0.52195037487 0.50770725682 0.49563519898 0.48356145742 0.49317833495 0.48405542517 0.51536976277 0.51454955285 0.52188142086 0.55880746675 0.59367797951 0.65260329155 0.70846778591 0.81102591478 1.02420874790 -275.3316662101 0.10575321169   -3 
-- Local optimization: stuck in the same solution
---- Best joint likelihood found -275.331666210156982 with gradient 0.10575

---- Results for Mmc/244.polyDFE.config.txt 
--  Model: C
--        eps_an        lambda     theta_bar             a 
-- 0.00176219894 0.01934271791 0.01015074949            -1 
--           S_d             b           p_b           S_b 
-- -89.927908810 0.11333277706 0.01072296877 12.6242080633 
--           r 2           r 3           r 4           r 5           r 6           r 7           r 8           r 9          r 10          r 11          r 12          r 13          r 14          r 15          r 16          r 17          r 18          r 19          r 20 
-- 0.86408176790 0.71809650215 0.62264005934 0.55377247326 0.52195037487 0.50770725682 0.49563519898 0.48356145742 0.49317833495 0.48405542517 0.51536976277 0.51454955285 0.52188142086 0.55880746675 0.59367797951 0.65260329155 0.70846778591 0.81102591478 1.02420874790 

---- Expected P_neut(i), 0 < i < n (neutral SFS per site) 
E[P_neut(1)] = 0.0101336254
E[P_neut(2)] = 0.0043785146
E[P_neut(3)] = 0.0024261442
E[P_neut(4)] = 0.0015779451
E[P_neut(5)] = 0.0011229264
E[P_neut(6)] = 0.0008821420
E[P_neut(7)] = 0.0007356405
E[P_neut(8)] = 0.0006285436
E[P_neut(9)] = 0.0005452162
E[P_neut(10)] = 0.0005006130
E[P_neut(11)] = 0.0004468581
E[P_neut(12)] = 0.0004362891
E[P_neut(13)] = 0.0004023635
E[P_neut(14)] = 0.0003792812
E[P_neut(15)] = 0.0003794691
E[P_neut(16)] = 0.0003787630
E[P_neut(17)] = 0.0003932663
E[P_neut(18)] = 0.0004065508
E[P_neut(19)] = 0.0004504147

---- Expected P_sel(i), 0 < i < n (selected SFS per site) 
E[P_sel(1)] = 0.0072265894
E[P_sel(2)] = 0.0028310183
E[P_sel(3)] = 0.0014938218
E[P_sel(4)] = 0.0009416455
E[P_sel(5)] = 0.0006552019
E[P_sel(6)] = 0.0005059153
E[P_sel(7)] = 0.0004161596
E[P_sel(8)] = 0.0003516538
E[P_sel(9)] = 0.0003022926
E[P_sel(10)] = 0.0002755412
E[P_sel(11)] = 0.0002445477
E[P_sel(12)] = 0.0002377574
E[P_sel(13)] = 0.0002186905
E[P_sel(14)] = 0.0002059654
E[P_sel(15)] = 0.0002063310
E[P_sel(16)] = 0.0002068060
E[P_sel(17)] = 0.0002165236
E[P_sel(18)] = 0.0002273610
E[P_sel(19)] = 0.0002605027

---- Expected D_neut and D_sel (neutral and selected divergence per site) 
E[D_neut] = 0.0198625422
E[D_sel] = 0.0125223968

---- Expected neutral and selected misattributed polymorphism per site
E[mis_neut] = 0.0005198243
E[mis_sel] = 0.0003074563

---- alpha_div = 0.216475
---- alpha_dfe = 0.216342

