---- Running command
---- ./polyDFE -d Mmc/245.polyDFE.config.txt -m C -e 
---- Performing inference using model C

---- Performing inference on Mmc/245.polyDFE.config.txt
---- No mutation variability. Using Poisson likelihood.


---- Calculating initial values

-- Starting local optimization
-- Optimizing all parameters
  it        eps_an        lambda     theta_bar           S_d             b           p_b           S_b           r 2           r 3           r 4           r 5           r 6           r 7           r 8           r 9          r 10          r 11          r 12          r 13          r 14          r 15          r 16          r 17          r 18          r 19          r 20           ln lk          grad status 
   0           0.1 0.01928738667 0.01138067680        -20000         0.208           0.1            20 0.86623206972 0.73289468535 0.64550699441 0.58201608211 0.55948980001 0.53972162094 0.53503936225 0.53102973524 0.55214173284 0.56080285022 0.59754040335 0.62253636275 0.67002198721 0.74877510227 0.85814180438 1.11636911947 1.57348814718             1             1 -1118233.303348 23226.0737160   -2 
 512 0.00092495302 0.01929175963 0.01015321083 -81.599947020 0.12086519002 0.02045412645 7.37688011088 0.86225983743 0.71864847086 0.62176248027 0.55627737655 0.53259053638 0.50901350568 0.49422212730 0.48430466580 0.49596633268 0.48666583899 0.51427178889 0.51480911746 0.53058123551 0.55882090510 0.58783807751 0.65212629068 0.70844126505 0.81542869909 1.11768051573 -288.8538835224 0.28693707274   -8 
-- Local optimization: reached maximum number of likelihood evaluations allowed.
---- Best joint likelihood found -288.853883522460819 with gradient 0.28694

---- Results for Mmc/245.polyDFE.config.txt 
--  Model: C
--        eps_an        lambda     theta_bar             a 
-- 0.00092495302 0.01929175963 0.01015321083            -1 
--           S_d             b           p_b           S_b 
-- -81.599947020 0.12086519002 0.02045412645 7.37688011088 
--           r 2           r 3           r 4           r 5           r 6           r 7           r 8           r 9          r 10          r 11          r 12          r 13          r 14          r 15          r 16          r 17          r 18          r 19          r 20 
-- 0.86225983743 0.71864847086 0.62176248027 0.55627737655 0.53259053638 0.50901350568 0.49422212730 0.48430466580 0.49596633268 0.48666583899 0.51427178889 0.51480911746 0.53058123551 0.55882090510 0.58783807751 0.65212629068 0.70844126505 0.81542869909 1.11768051573 

---- Expected P_neut(i), 0 < i < n (neutral SFS per site) 
E[P_neut(1)] = 0.0101442226
E[P_neut(2)] = 0.0043736737
E[P_neut(3)] = 0.0024303071
E[P_neut(4)] = 0.0015771066
E[P_neut(5)] = 0.0011289053
E[P_neut(6)] = 0.0009007730
E[P_neut(7)] = 0.0007379921
E[P_neut(8)] = 0.0006270650
E[P_neut(9)] = 0.0005462710
E[P_neut(10)] = 0.0005035651
E[P_neut(11)] = 0.0004492918
E[P_neut(12)] = 0.0004353035
E[P_neut(13)] = 0.0004023853
E[P_neut(14)] = 0.0003852708
E[P_neut(15)] = 0.0003789501
E[P_neut(16)] = 0.0003741425
E[P_neut(17)] = 0.0003913703
E[P_neut(18)] = 0.0004032878
E[P_neut(19)] = 0.0004447366

---- Expected P_sel(i), 0 < i < n (selected SFS per site) 
E[P_sel(1)] = 0.0072324399
E[P_sel(2)] = 0.0028180284
E[P_sel(3)] = 0.0014888712
E[P_sel(4)] = 0.0009358038
E[P_sel(5)] = 0.0006548572
E[P_sel(6)] = 0.0005137012
E[P_sel(7)] = 0.0004153515
E[P_sel(8)] = 0.0003492889
E[P_sel(9)] = 0.0003018458
E[P_sel(10)] = 0.0002765602
E[P_sel(11)] = 0.0002457043
E[P_sel(12)] = 0.0002374652
E[P_sel(13)] = 0.0002193730
E[P_sel(14)] = 0.0002103486
E[P_sel(15)] = 0.0002077045
E[P_sel(16)] = 0.0002064991
E[P_sel(17)] = 0.0002183926
E[P_sel(18)] = 0.0002288794
E[P_sel(19)] = 0.0002594697

---- Expected D_neut and D_sel (neutral and selected divergence per site) 
E[D_neut] = 0.0198591619
E[D_sel] = 0.0125295146

---- Expected neutral and selected misattributed polymorphism per site
E[mis_neut] = 0.0005674023
E[mis_sel] = 0.0003406233

---- alpha_div = 0.245038
---- alpha_dfe = 0.244826

