---- Running command
---- ./polyDFE -d Mmc/246.polyDFE.config.txt -m C -e 
---- Performing inference using model C

---- Performing inference on Mmc/246.polyDFE.config.txt
---- No mutation variability. Using Poisson likelihood.


---- Calculating initial values

-- Starting local optimization
-- Optimizing all parameters
  it        eps_an        lambda     theta_bar           S_d             b           p_b           S_b           r 2           r 3           r 4           r 5           r 6           r 7           r 8           r 9          r 10          r 11          r 12          r 13          r 14          r 15          r 16          r 17          r 18          r 19          r 20           ln lk          grad status 
   0           0.1 0.01925047166 0.01131720709        -20000         0.208           0.1            20 0.87712861605 0.73305027302 0.64527243811 0.58596341913 0.55756693342 0.54100393954 0.53930168654 0.53534188433 0.54860178447 0.55842646792 0.59695956953 0.62577101880 0.66142479299 0.75166684084 0.87076986147 1.11848821860 1.58684314913             1             1 -1112820.860006 23097.6001370   -2 
 698 0.00101840696 0.01920530851 0.01011235473 -73.176063314 0.12500025224 0.02281930743 6.83624617470 0.86748449044 0.71896737927 0.62266565434 0.55754514620 0.52971784247 0.50800291583 0.49596547232 0.49007384623 0.49417340079 0.48762828726 0.51309105107 0.51757701765 0.52624139622 0.56048571609 0.58730882507 0.65415797165 0.71145862939 0.83457318554 1.21232714465 -265.8906128658 0.03791336901   -8 
-- Local optimization: reached maximum number of likelihood evaluations allowed.
---- Best joint likelihood found -265.890612865841831 with gradient 0.03791

---- Results for Mmc/246.polyDFE.config.txt 
--  Model: C
--        eps_an        lambda     theta_bar             a 
-- 0.00101840696 0.01920530851 0.01011235473            -1 
--           S_d             b           p_b           S_b 
-- -73.176063314 0.12500025224 0.02281930743 6.83624617470 
--           r 2           r 3           r 4           r 5           r 6           r 7           r 8           r 9          r 10          r 11          r 12          r 13          r 14          r 15          r 16          r 17          r 18          r 19          r 20 
-- 0.86748449044 0.71896737927 0.62266565434 0.55754514620 0.52971784247 0.50800291583 0.49596547232 0.49007384623 0.49417340079 0.48762828726 0.51309105107 0.51757701765 0.52624139622 0.56048571609 0.58730882507 0.65415797165 0.71145862939 0.83457318554 1.21232714465 

---- Expected P_neut(i), 0 < i < n (neutral SFS per site) 
E[P_neut(1)] = 0.0101025086
E[P_neut(2)] = 0.0043820956
E[P_neut(3)] = 0.0024214126
E[P_neut(4)] = 0.0015729289
E[P_neut(5)] = 0.0011268553
E[P_neut(6)] = 0.0008922603
E[P_neut(7)] = 0.0007335349
E[P_neut(8)] = 0.0006267242
E[P_neut(9)] = 0.0005505403
E[P_neut(10)] = 0.0004997257
E[P_neut(11)] = 0.0004483834
E[P_neut(12)] = 0.0004325780
E[P_neut(13)] = 0.0004029468
E[P_neut(14)] = 0.0003806321
E[P_neut(15)] = 0.0003786189
E[P_neut(16)] = 0.0003724173
E[P_neut(17)] = 0.0003911940
E[P_neut(18)] = 0.0004037555
E[P_neut(19)] = 0.0004540303

---- Expected P_sel(i), 0 < i < n (selected SFS per site) 
E[P_sel(1)] = 0.0072393995
E[P_sel(2)] = 0.0028327956
E[P_sel(3)] = 0.0014865362
E[P_sel(4)] = 0.0009345758
E[P_sel(5)] = 0.0006542214
E[P_sel(6)] = 0.0005091148
E[P_sel(7)] = 0.0004129808
E[P_sel(8)] = 0.0003491833
E[P_sel(9)] = 0.0003042759
E[P_sel(10)] = 0.0002745351
E[P_sel(11)] = 0.0002453174
E[P_sel(12)] = 0.0002361352
E[P_sel(13)] = 0.0002198886
E[P_sel(14)] = 0.0002080897
E[P_sel(15)] = 0.0002078864
E[P_sel(16)] = 0.0002060097
E[P_sel(17)] = 0.0002189033
E[P_sel(18)] = 0.0002299085
E[P_sel(19)] = 0.0002659415

---- Expected D_neut and D_sel (neutral and selected divergence per site) 
E[D_neut] = 0.0198182826
E[D_sel] = 0.0125306168

---- Expected neutral and selected misattributed polymorphism per site
E[mis_neut] = 0.0006129741
E[mis_sel] = 0.0003692440

---- alpha_div = 0.253642
---- alpha_dfe = 0.253479

