---- Running command
---- ./polyDFE -d Mmc/247.polyDFE.config.txt -m C -e 
---- Performing inference using model C

---- Performing inference on Mmc/247.polyDFE.config.txt
---- No mutation variability. Using Poisson likelihood.


---- Calculating initial values

-- Starting local optimization
-- Optimizing all parameters
  it        eps_an        lambda     theta_bar           S_d             b           p_b           S_b           r 2           r 3           r 4           r 5           r 6           r 7           r 8           r 9          r 10          r 11          r 12          r 13          r 14          r 15          r 16          r 17          r 18          r 19          r 20           ln lk          grad status 
   0           0.1 0.01924200081 0.01135041128        -20000         0.208           0.1            20 0.87803740658 0.73241429116 0.64071034888 0.58653337678 0.55856838926 0.53839842036 0.53775665250 0.53713239286 0.54864675077 0.55716226798 0.60404797003 0.62296536592 0.66576001210 0.75781403251 0.85288782984 1.10911258169 1.58825574899             1             1 -1113529.561277 23102.0631558   -2 
 613 0.00115181951 0.01929222649 0.01014033954 -70.610904723 0.12780080204 0.02397177361 6.68506146397 0.86879439361 0.72006227608 0.61968674247 0.55732074441 0.52966637238 0.50607840988 0.49752609416 0.49024535260 0.49034423431 0.48449751286 0.51904829092 0.51537059191 0.52434124407 0.56161990737 0.58541569706 0.64952848857 0.70989463743 0.81873964428 1.02444595452 -278.6675080004 0.07107386849   -3 
-- Local optimization: stuck in the same solution
---- Best joint likelihood found -278.667508000406087 with gradient 0.07107

---- Results for Mmc/247.polyDFE.config.txt 
--  Model: C
--        eps_an        lambda     theta_bar             a 
-- 0.00115181951 0.01929222649 0.01014033954            -1 
--           S_d             b           p_b           S_b 
-- -70.610904723 0.12780080204 0.02397177361 6.68506146397 
--           r 2           r 3           r 4           r 5           r 6           r 7           r 8           r 9          r 10          r 11          r 12          r 13          r 14          r 15          r 16          r 17          r 18          r 19          r 20 
-- 0.86879439361 0.72006227608 0.61968674247 0.55732074441 0.52966637238 0.50607840988 0.49752609416 0.49024535260 0.49034423431 0.48449751286 0.51904829092 0.51537059191 0.52434124407 0.56161990737 0.58541569706 0.64952848857 0.70989463743 0.81873964428 1.02444595452 

---- Expected P_neut(i), 0 < i < n (neutral SFS per site) 
E[P_neut(1)] = 0.0101291630
E[P_neut(2)] = 0.0044003220
E[P_neut(3)] = 0.0024315348
E[P_neut(4)] = 0.0015695764
E[P_neut(5)] = 0.0011294197
E[P_neut(6)] = 0.0008945725
E[P_neut(7)] = 0.0007327339
E[P_neut(8)] = 0.0006304143
E[P_neut(9)] = 0.0005522398
E[P_neut(10)] = 0.0004972257
E[P_neut(11)] = 0.0004467554
E[P_neut(12)] = 0.0004388317
E[P_neut(13)] = 0.0004023839
E[P_neut(14)] = 0.0003803792
E[P_neut(15)] = 0.0003805323
E[P_neut(16)] = 0.0003724017
E[P_neut(17)] = 0.0003897948
E[P_neut(18)] = 0.0004045338
E[P_neut(19)] = 0.0004481396

---- Expected P_sel(i), 0 < i < n (selected SFS per site) 
E[P_sel(1)] = 0.0072549339
E[P_sel(2)] = 0.0028387065
E[P_sel(3)] = 0.0014883058
E[P_sel(4)] = 0.0009292770
E[P_sel(5)] = 0.0006531382
E[P_sel(6)] = 0.0005083022
E[P_sel(7)] = 0.0004107379
E[P_sel(8)] = 0.0003496792
E[P_sel(9)] = 0.0003038478
E[P_sel(10)] = 0.0002719419
E[P_sel(11)] = 0.0002433516
E[P_sel(12)] = 0.0002385239
E[P_sel(13)] = 0.0002186805
E[P_sel(14)] = 0.0002071479
E[P_sel(15)] = 0.0002081936
E[P_sel(16)] = 0.0002053487
E[P_sel(17)] = 0.0002175383
E[P_sel(18)] = 0.0002298877
E[P_sel(19)] = 0.0002622695

---- Expected D_neut and D_sel (neutral and selected divergence per site) 
E[D_neut] = 0.0198116380
E[D_sel] = 0.0125254367

---- Expected neutral and selected misattributed polymorphism per site
E[mis_neut] = 0.0005194115
E[mis_sel] = 0.0003125979

---- alpha_div = 0.260943
---- alpha_dfe = 0.260772

