---- Running command
---- ./polyDFE -d Mmc/248.polyDFE.config.txt -m C -e 
---- Performing inference using model C

---- Performing inference on Mmc/248.polyDFE.config.txt
---- No mutation variability. Using Poisson likelihood.


---- Calculating initial values

-- Starting local optimization
-- Optimizing all parameters
  it        eps_an        lambda     theta_bar           S_d             b           p_b           S_b           r 2           r 3           r 4           r 5           r 6           r 7           r 8           r 9          r 10          r 11          r 12          r 13          r 14          r 15          r 16          r 17          r 18          r 19          r 20           ln lk          grad status 
   0           0.1 0.01924522760 0.01131124002        -20000         0.208           0.1            20 0.87893988964 0.74203613398 0.64445135796 0.58491513883 0.55708171581 0.54090777097 0.54293860168 0.53905010424 0.55540289445 0.56342902582 0.58985474368 0.62895378682 0.66622994129 0.75365572833 0.87637405721 1.11371783036 1.59646700870             1             1 -1113331.222120 23101.3171151   -2 
 195 0.00501858759 0.01930176073 0.01017685068 -108.39258787 0.10449537014 0.00374833178 32.7169582818 0.86561225106 0.72193343083 0.61469788323 0.55220791109 0.52465908325 0.50926665341 0.49573422642 0.48767629141 0.49138420702 0.48511318697 0.50628318768 0.51483544662 0.52462867380 0.55476434308 0.58759439374 0.63989339641 0.68992969194 0.75491991403 0.99961342362 -296.4263699229 2.92487061488   -3 
-- Local optimization: stuck in the same solution
---- Best joint likelihood found -296.426369922977756 with gradient 2.92487

---- Results for Mmc/248.polyDFE.config.txt 
--  Model: C
--        eps_an        lambda     theta_bar             a 
-- 0.00501858759 0.01930176073 0.01017685068            -1 
--           S_d             b           p_b           S_b 
-- -108.39258787 0.10449537014 0.00374833178 32.7169582818 
--           r 2           r 3           r 4           r 5           r 6           r 7           r 8           r 9          r 10          r 11          r 12          r 13          r 14          r 15          r 16          r 17          r 18          r 19          r 20 
-- 0.86561225106 0.72193343083 0.61469788323 0.55220791109 0.52465908325 0.50926665341 0.49573422642 0.48767629141 0.49138420702 0.48511318697 0.50628318768 0.51483544662 0.52462867380 0.55476434308 0.58759439374 0.63989339641 0.68992969194 0.75491991403 0.99961342362 

---- Expected P_neut(i), 0 < i < n (neutral SFS per site) 
E[P_neut(1)] = 0.0101278065
E[P_neut(2)] = 0.0043844560
E[P_neut(3)] = 0.0024386348
E[P_neut(4)] = 0.0015579491
E[P_neut(5)] = 0.0011201958
E[P_neut(6)] = 0.0008873441
E[P_neut(7)] = 0.0007386970
E[P_neut(8)] = 0.0006296166
E[P_neut(9)] = 0.0005509303
E[P_neut(10)] = 0.0005000744
E[P_neut(11)] = 0.0004493264
E[P_neut(12)] = 0.0004303741
E[P_neut(13)] = 0.0004047241
E[P_neut(14)] = 0.0003839141
E[P_neut(15)] = 0.0003801353
E[P_neut(16)] = 0.0003797143
E[P_neut(17)] = 0.0003934328
E[P_neut(18)] = 0.0004102201
E[P_neut(19)] = 0.0004533971

---- Expected P_sel(i), 0 < i < n (selected SFS per site) 
E[P_sel(1)] = 0.0072040988
E[P_sel(2)] = 0.0028410594
E[P_sel(3)] = 0.0015085780
E[P_sel(4)] = 0.0009353611
E[P_sel(5)] = 0.0006580490
E[P_sel(6)] = 0.0005124987
E[P_sel(7)] = 0.0004208177
E[P_sel(8)] = 0.0003545946
E[P_sel(9)] = 0.0003072918
E[P_sel(10)] = 0.0002766344
E[P_sel(11)] = 0.0002468299
E[P_sel(12)] = 0.0002350419
E[P_sel(13)] = 0.0002200025
E[P_sel(14)] = 0.0002079847
E[P_sel(15)] = 0.0002055657
E[P_sel(16)] = 0.0002054533
E[P_sel(17)] = 0.0002138626
E[P_sel(18)] = 0.0002260805
E[P_sel(19)] = 0.0002615137

---- Expected D_neut and D_sel (neutral and selected divergence per site) 
E[D_neut] = 0.0198104066
E[D_sel] = 0.0125376748

---- Expected neutral and selected misattributed polymorphism per site
E[mis_neut] = 0.0005086458
E[mis_sel] = 0.0002929063

---- alpha_div = 0.193560
---- alpha_dfe = 0.193596

