---- Running command
---- ./polyDFE -d Mmc/249.polyDFE.config.txt -m C -e 
---- Performing inference using model C

---- Performing inference on Mmc/249.polyDFE.config.txt
---- No mutation variability. Using Poisson likelihood.


---- Calculating initial values

-- Starting local optimization
-- Optimizing all parameters
  it        eps_an        lambda     theta_bar           S_d             b           p_b           S_b           r 2           r 3           r 4           r 5           r 6           r 7           r 8           r 9          r 10          r 11          r 12          r 13          r 14          r 15          r 16          r 17          r 18          r 19          r 20           ln lk          grad status 
   0           0.1 0.01927072095 0.01138425001        -20000         0.208           0.1            20 0.86672008190 0.73416313682 0.64597572938 0.58068634882 0.55919117072 0.53637914822 0.54110750584 0.52905355465 0.55157857223 0.55769510255 0.59245429113 0.62097393348 0.67098851474 0.75368420826 0.86501402630 1.10755353345 1.57463180488             1             1 -1114461.468872 23144.7765063   -2 
 964 0.00087404254 0.01921284746 0.01015523415 -79.835575689 0.12168745212 0.01944211934 7.83065451566 0.86306111204 0.72107487554 0.62244235647 0.55397747904 0.52892301705 0.50695715076 0.49744463390 0.48495273224 0.49445662579 0.48712676586 0.51090836058 0.51544036992 0.52994011259 0.55902816556 0.59114158676 0.65124709019 0.70907244309 0.81689633906 1.23651806761 -288.2986158469 0.03497479495   -8 
-- Local optimization: reached maximum number of likelihood evaluations allowed.
---- Best joint likelihood found -288.298615846913890 with gradient 0.03497

---- Results for Mmc/249.polyDFE.config.txt 
--  Model: C
--        eps_an        lambda     theta_bar             a 
-- 0.00087404254 0.01921284746 0.01015523415            -1 
--           S_d             b           p_b           S_b 
-- -79.835575689 0.12168745212 0.01944211934 7.83065451566 
--           r 2           r 3           r 4           r 5           r 6           r 7           r 8           r 9          r 10          r 11          r 12          r 13          r 14          r 15          r 16          r 17          r 18          r 19          r 20 
-- 0.86306111204 0.72107487554 0.62244235647 0.55397747904 0.52892301705 0.50695715076 0.49744463390 0.48495273224 0.49445662579 0.48712676586 0.51090836058 0.51544036992 0.52994011259 0.55902816556 0.59114158676 0.65124709019 0.70907244309 0.81689633906 1.23651806761 

---- Expected P_neut(i), 0 < i < n (neutral SFS per site) 
E[P_neut(1)] = 0.0101467397
E[P_neut(2)] = 0.0043788132
E[P_neut(3)] = 0.0024391013
E[P_neut(4)] = 0.0015792087
E[P_neut(5)] = 0.0011245016
E[P_neut(6)] = 0.0008947764
E[P_neut(7)] = 0.0007351760
E[P_neut(8)] = 0.0006312843
E[P_neut(9)] = 0.0005471157
E[P_neut(10)] = 0.0005021323
E[P_neut(11)] = 0.0004498021
E[P_neut(12)] = 0.0004325402
E[P_neut(13)] = 0.0004029384
E[P_neut(14)] = 0.0003848512
E[P_neut(15)] = 0.0003791234
E[P_neut(16)] = 0.0003762521
E[P_neut(17)] = 0.0003908267
E[P_neut(18)] = 0.0004035249
E[P_neut(19)] = 0.0004451141

---- Expected P_sel(i), 0 < i < n (selected SFS per site) 
E[P_sel(1)] = 0.0072363458
E[P_sel(2)] = 0.0028202378
E[P_sel(3)] = 0.0014929724
E[P_sel(4)] = 0.0009359174
E[P_sel(5)] = 0.0006513277
E[P_sel(6)] = 0.0005093920
E[P_sel(7)] = 0.0004129518
E[P_sel(8)] = 0.0003508721
E[P_sel(9)] = 0.0003015913
E[P_sel(10)] = 0.0002750605
E[P_sel(11)] = 0.0002452997
E[P_sel(12)] = 0.0002352571
E[P_sel(13)] = 0.0002189819
E[P_sel(14)] = 0.0002094214
E[P_sel(15)] = 0.0002070797
E[P_sel(16)] = 0.0002069258
E[P_sel(17)] = 0.0002173194
E[P_sel(18)] = 0.0002282573
E[P_sel(19)] = 0.0002591077

---- Expected D_neut and D_sel (neutral and selected divergence per site) 
E[D_neut] = 0.0198407040
E[D_sel] = 0.0125308951

---- Expected neutral and selected misattributed polymorphism per site
E[mis_neut] = 0.0006278565
E[mis_sel] = 0.0003763789

---- alpha_div = 0.246153
---- alpha_dfe = 0.246085

