---- Running command
---- ./polyDFE -d Mmc/25.polyDFE.config.txt -m C -e 
---- Performing inference using model C

---- Performing inference on Mmc/25.polyDFE.config.txt
---- No mutation variability. Using Poisson likelihood.


---- Calculating initial values

-- Starting local optimization
-- Optimizing all parameters
  it        eps_an        lambda     theta_bar           S_d             b           p_b           S_b           r 2           r 3           r 4           r 5           r 6           r 7           r 8           r 9          r 10          r 11          r 12          r 13          r 14          r 15          r 16          r 17          r 18          r 19          r 20           ln lk          grad status 
   0           0.1 0.01922843652 0.01135068450        -20000         0.208           0.1            20 0.87649635643 0.73377425616 0.64460652850 0.58282447896 0.55973284790 0.53790434008 0.53712626034 0.52883961377 0.55727366111 0.55660485836 0.59320827427 0.62440934986 0.66052783012 0.74836058506 0.86264626801 1.11346039143 1.59270014877             1             1 -1114197.138456 23089.7230493   -2 
 742 0.00104023040 0.01916654610 0.01014039169 -72.769885098 0.12428447203 0.02100154749 7.37688441753 0.86658730282 0.71951576872 0.62139925153 0.55701566615 0.53057166073 0.50821655371 0.49485063707 0.48414772321 0.49658758458 0.48472491903 0.51553228750 0.51305662778 0.52200518859 0.56163773990 0.58620006999 0.65040983177 0.71508165887 0.81655490622 1.24673312522 -276.1064952070 0.16004551859   -8 
-- Local optimization: reached maximum number of likelihood evaluations allowed.
---- Best joint likelihood found -276.106495207030093 with gradient 0.16005

---- Results for Mmc/25.polyDFE.config.txt 
--  Model: C
--        eps_an        lambda     theta_bar             a 
-- 0.00104023040 0.01916654610 0.01014039169            -1 
--           S_d             b           p_b           S_b 
-- -72.769885098 0.12428447203 0.02100154749 7.37688441753 
--           r 2           r 3           r 4           r 5           r 6           r 7           r 8           r 9          r 10          r 11          r 12          r 13          r 14          r 15          r 16          r 17          r 18          r 19          r 20 
-- 0.86658730282 0.71951576872 0.62139925153 0.55701566615 0.53057166073 0.50821655371 0.49485063707 0.48414772321 0.49658758458 0.48472491903 0.51553228750 0.51305662778 0.52200518859 0.56163773990 0.58620006999 0.65040983177 0.71508165887 0.81655490622 1.24673312522 

---- Expected P_neut(i), 0 < i < n (neutral SFS per site) 
E[P_neut(1)] = 0.0101302967
E[P_neut(2)] = 0.0043896159
E[P_neut(3)] = 0.0024299309
E[P_neut(4)] = 0.0015740557
E[P_neut(5)] = 0.0011288912
E[P_neut(6)] = 0.0008961613
E[P_neut(7)] = 0.0007358669
E[P_neut(8)] = 0.0006270481
E[P_neut(9)] = 0.0005453916
E[P_neut(10)] = 0.0005035593
E[P_neut(11)] = 0.0004469481
E[P_neut(12)] = 0.0004358409
E[P_neut(13)] = 0.0004005492
E[P_neut(14)] = 0.0003786350
E[P_neut(15)] = 0.0003804619
E[P_neut(16)] = 0.0003727709
E[P_neut(17)] = 0.0003900916
E[P_neut(18)] = 0.0004069964
E[P_neut(19)] = 0.0004458943

---- Expected P_sel(i), 0 < i < n (selected SFS per site) 
E[P_sel(1)] = 0.0072667954
E[P_sel(2)] = 0.0028412003
E[P_sel(3)] = 0.0014936647
E[P_sel(4)] = 0.0009363882
E[P_sel(5)] = 0.0006561430
E[P_sel(6)] = 0.0005118538
E[P_sel(7)] = 0.0004146466
E[P_sel(8)] = 0.0003495997
E[P_sel(9)] = 0.0003015736
E[P_sel(10)] = 0.0002767106
E[P_sel(11)] = 0.0002445328
E[P_sel(12)] = 0.0002378522
E[P_sel(13)] = 0.0002184573
E[P_sel(14)] = 0.0002068176
E[P_sel(15)] = 0.0002086506
E[P_sel(16)] = 0.0002059011
E[P_sel(17)] = 0.0002179195
E[P_sel(18)] = 0.0002313628
E[P_sel(19)] = 0.0002608596

---- Expected D_neut and D_sel (neutral and selected divergence per site) 
E[D_neut] = 0.0197986642
E[D_sel] = 0.0125396534

---- Expected neutral and selected misattributed polymorphism per site
E[mis_neut] = 0.0006321181
E[mis_sel] = 0.0003805632

---- alpha_div = 0.250585
---- alpha_dfe = 0.250359

