---- Running command
---- ./polyDFE -d Mmc/250.polyDFE.config.txt -m C -e 
---- Performing inference using model C

---- Performing inference on Mmc/250.polyDFE.config.txt
---- No mutation variability. Using Poisson likelihood.


---- Calculating initial values

-- Starting local optimization
-- Optimizing all parameters
  it        eps_an        lambda     theta_bar           S_d             b           p_b           S_b           r 2           r 3           r 4           r 5           r 6           r 7           r 8           r 9          r 10          r 11          r 12          r 13          r 14          r 15          r 16          r 17          r 18          r 19          r 20           ln lk          grad status 
   0           0.1 0.01926597190 0.01135120170        -20000         0.208           0.1            20 0.87643639076 0.73535312119 0.63889799236 0.57794417248 0.56025072171 0.53533209966 0.53724747898 0.53721945210 0.55364636832 0.55682757043 0.59241962376 0.61933274932 0.67578525098 0.74979721971 0.86426074431 1.10928237919 1.57779779197             1             1 -1115857.494117 23144.1002214   -2 
 650 0.00480109793 0.01931656788 0.01018682351 -100.99169442 0.10711780524 0.00410418362 30.5709001177 0.86516622496 0.71967368684 0.61434681816 0.54944394781 0.52716724453 0.50139656551 0.49357650623 0.48526979753 0.49334847080 0.48229917559 0.50831154232 0.50950608007 0.52928800138 0.55610476196 0.58665549889 0.63593062794 0.67721129276 0.74704593553 1.01151085861 -273.5376929524 0.14060052371   -3 
-- Local optimization: stuck in the same solution
---- Best joint likelihood found -273.537692952479119 with gradient 0.14060

---- Results for Mmc/250.polyDFE.config.txt 
--  Model: C
--        eps_an        lambda     theta_bar             a 
-- 0.00480109793 0.01931656788 0.01018682351            -1 
--           S_d             b           p_b           S_b 
-- -100.99169442 0.10711780524 0.00410418362 30.5709001177 
--           r 2           r 3           r 4           r 5           r 6           r 7           r 8           r 9          r 10          r 11          r 12          r 13          r 14          r 15          r 16          r 17          r 18          r 19          r 20 
-- 0.86516622496 0.71967368684 0.61434681816 0.54944394781 0.52716724453 0.50139656551 0.49357650623 0.48526979753 0.49334847080 0.48229917559 0.50831154232 0.50950608007 0.52928800138 0.55610476196 0.58665549889 0.63593062794 0.67721129276 0.74704593553 1.01151085861 

---- Expected P_neut(i), 0 < i < n (neutral SFS per site) 
E[P_neut(1)] = 0.0101398385
E[P_neut(2)] = 0.0043873311
E[P_neut(3)] = 0.0024338266
E[P_neut(4)] = 0.0015588423
E[P_neut(5)] = 0.0011158565
E[P_neut(6)] = 0.0008925785
E[P_neut(7)] = 0.0007280763
E[P_neut(8)] = 0.0006275513
E[P_neut(9)] = 0.0005487693
E[P_neut(10)] = 0.0005025654
E[P_neut(11)] = 0.0004471378
E[P_neut(12)] = 0.0004324524
E[P_neut(13)] = 0.0004008362
E[P_neut(14)] = 0.0003875740
E[P_neut(15)] = 0.0003812240
E[P_neut(16)] = 0.0003792281
E[P_neut(17)] = 0.0003909685
E[P_neut(18)] = 0.0004025740
E[P_neut(19)] = 0.0004475126

---- Expected P_sel(i), 0 < i < n (selected SFS per site) 
E[P_sel(1)] = 0.0072206079
E[P_sel(2)] = 0.0028410666
E[P_sel(3)] = 0.0015030552
E[P_sel(4)] = 0.0009336791
E[P_sel(5)] = 0.0006536282
E[P_sel(6)] = 0.0005138621
E[P_sel(7)] = 0.0004133147
E[P_sel(8)] = 0.0003521160
E[P_sel(9)] = 0.0003048958
E[P_sel(10)] = 0.0002768966
E[P_sel(11)] = 0.0002446220
E[P_sel(12)] = 0.0002352009
E[P_sel(13)] = 0.0002169910
E[P_sel(14)] = 0.0002091164
E[P_sel(15)] = 0.0002053467
E[P_sel(16)] = 0.0002044367
E[P_sel(17)] = 0.0002118210
E[P_sel(18)] = 0.0002212817
E[P_sel(19)] = 0.0002576297

---- Expected D_neut and D_sel (neutral and selected divergence per site) 
E[D_neut] = 0.0198317720
E[D_sel] = 0.0125381047

---- Expected neutral and selected misattributed polymorphism per site
E[mis_neut] = 0.0005152041
E[mis_sel] = 0.0002965071

---- alpha_div = 0.198158
---- alpha_dfe = 0.198315

