---- Running command
---- ./polyDFE -d Mmc/251.polyDFE.config.txt -m C -e 
---- Performing inference using model C

---- Performing inference on Mmc/251.polyDFE.config.txt
---- No mutation variability. Using Poisson likelihood.


---- Calculating initial values

-- Starting local optimization
-- Optimizing all parameters
  it        eps_an        lambda     theta_bar           S_d             b           p_b           S_b           r 2           r 3           r 4           r 5           r 6           r 7           r 8           r 9          r 10          r 11          r 12          r 13          r 14          r 15          r 16          r 17          r 18          r 19          r 20           ln lk          grad status 
   0           0.1 0.01931358994 0.01138152864        -20000         0.208           0.1            20 0.87143617269 0.73560915128 0.64350666199 0.58378253644 0.55679715522 0.54000084464 0.53905413499 0.53170497928 0.54994804871 0.55002139523 0.58707368937 0.62404000292 0.66593241598 0.74560847284 0.85554524828 1.10759765398 1.57197082945             1             1 -1117353.024545 23195.2740790   -2 
 449 0.00180953362 0.01937593844 0.01017526919 -86.198333673 0.11667379282 0.01570235496 9.10606232240 0.86227025992 0.72075786918 0.62015053575 0.55616227058 0.52668491475 0.50580295047 0.49365261756 0.48767956303 0.49323854388 0.48358045556 0.50542737234 0.51409377461 0.52554863842 0.55567995231 0.58445007564 0.64438717275 0.69734063856 0.80118534805 1.00174548831 -289.8298481971 1.80731804402   -3 
-- Local optimization: stuck in the same solution
---- Best joint likelihood found -289.829848197143292 with gradient 1.80732

---- Results for Mmc/251.polyDFE.config.txt 
--  Model: C
--        eps_an        lambda     theta_bar             a 
-- 0.00180953362 0.01937593844 0.01017526919            -1 
--           S_d             b           p_b           S_b 
-- -86.198333673 0.11667379282 0.01570235496 9.10606232240 
--           r 2           r 3           r 4           r 5           r 6           r 7           r 8           r 9          r 10          r 11          r 12          r 13          r 14          r 15          r 16          r 17          r 18          r 19          r 20 
-- 0.86227025992 0.72075786918 0.62015053575 0.55616227058 0.52668491475 0.50580295047 0.49365261756 0.48767956303 0.49323854388 0.48358045556 0.50542737234 0.51409377461 0.52554863842 0.55567995231 0.58445007564 0.64438717275 0.69734063856 0.80118534805 1.00174548831 

---- Expected P_neut(i), 0 < i < n (neutral SFS per site) 
E[P_neut(1)] = 0.0101576331
E[P_neut(2)] = 0.0043796911
E[P_neut(3)] = 0.0024409094
E[P_neut(4)] = 0.0015753676
E[P_neut(5)] = 0.0011304542
E[P_neut(6)] = 0.0008922684
E[P_neut(7)] = 0.0007346379
E[P_neut(8)] = 0.0006275204
E[P_neut(9)] = 0.0005511752
E[P_neut(10)] = 0.0005018835
E[P_neut(11)] = 0.0004475120
E[P_neut(12)] = 0.0004289323
E[P_neut(13)] = 0.0004029902
E[P_neut(14)] = 0.0003828964
E[P_neut(15)] = 0.0003783122
E[P_neut(16)] = 0.0003738656
E[P_neut(17)] = 0.0003894206
E[P_neut(18)] = 0.0004014265
E[P_neut(19)] = 0.0004467033

---- Expected P_sel(i), 0 < i < n (selected SFS per site) 
E[P_sel(1)] = 0.0072431900
E[P_sel(2)] = 0.0028277683
E[P_sel(3)] = 0.0014999066
E[P_sel(4)] = 0.0009380455
E[P_sel(5)] = 0.0006581730
E[P_sel(6)] = 0.0005107243
E[P_sel(7)] = 0.0004149226
E[P_sel(8)] = 0.0003506791
E[P_sel(9)] = 0.0003054264
E[P_sel(10)] = 0.0002762854
E[P_sel(11)] = 0.0002451559
E[P_sel(12)] = 0.0002342245
E[P_sel(13)] = 0.0002197366
E[P_sel(14)] = 0.0002088837
E[P_sel(15)] = 0.0002069692
E[P_sel(16)] = 0.0002057420
E[P_sel(17)] = 0.0002164735
E[P_sel(18)] = 0.0002269414
E[P_sel(19)] = 0.0002607285

---- Expected D_neut and D_sel (neutral and selected divergence per site) 
E[D_neut] = 0.0198855899
E[D_sel] = 0.0125476623

---- Expected neutral and selected misattributed polymorphism per site
E[mis_neut] = 0.0005096515
E[mis_sel] = 0.0003044839

---- alpha_div = 0.230390
---- alpha_dfe = 0.230151

