---- Running command
---- ./polyDFE -d Mmc/252.polyDFE.config.txt -m C -e 
---- Performing inference using model C

---- Performing inference on Mmc/252.polyDFE.config.txt
---- No mutation variability. Using Poisson likelihood.


---- Calculating initial values

-- Starting local optimization
-- Optimizing all parameters
  it        eps_an        lambda     theta_bar           S_d             b           p_b           S_b           r 2           r 3           r 4           r 5           r 6           r 7           r 8           r 9          r 10          r 11          r 12          r 13          r 14          r 15          r 16          r 17          r 18          r 19          r 20           ln lk          grad status 
   0           0.1 0.01929379722 0.01134592137        -20000         0.208           0.1            20 0.87030825959 0.73846715678 0.64113011736 0.58325605393 0.55839866922 0.54297969519 0.54066294927 0.53248862727 0.55269139937 0.55824990101 0.59324580770 0.62945285525 0.65744590827 0.75059942381 0.86094705398 1.11431717264 1.58195351394             1             1 -1117552.493410 23199.4089386   -2 
 336 0.00571221855 0.01935016580 0.01020015695 -105.89496624 0.10548740423 0.00327374948 37.2435148782 0.86150953804 0.71893250526 0.61532266518 0.54916978268 0.52343721354 0.50476359170 0.49226880812 0.48115902845 0.48978000387 0.48260755544 0.50730799211 0.51288127061 0.51756950062 0.55209000006 0.58682530802 0.64223465264 0.68475186474 0.72520555718 0.99724061955 -325.7092822645 1.08676195917   -3 
-- Local optimization: stuck in the same solution
---- Best joint likelihood found -325.709282264549984 with gradient 1.08676

---- Results for Mmc/252.polyDFE.config.txt 
--  Model: C
--        eps_an        lambda     theta_bar             a 
-- 0.00571221855 0.01935016580 0.01020015695            -1 
--           S_d             b           p_b           S_b 
-- -105.89496624 0.10548740423 0.00327374948 37.2435148782 
--           r 2           r 3           r 4           r 5           r 6           r 7           r 8           r 9          r 10          r 11          r 12          r 13          r 14          r 15          r 16          r 17          r 18          r 19          r 20 
-- 0.86150953804 0.71893250526 0.61532266518 0.54916978268 0.52343721354 0.50476359170 0.49226880812 0.48115902845 0.48978000387 0.48260755544 0.50730799211 0.51288127061 0.51756950062 0.55209000006 0.58682530802 0.64223465264 0.68475186474 0.72520555718 0.99724061955 

---- Expected P_neut(i), 0 < i < n (neutral SFS per site) 
E[P_neut(1)] = 0.0101441153
E[P_neut(2)] = 0.0043708846
E[P_neut(3)] = 0.0024326463
E[P_neut(4)] = 0.0015622709
E[P_neut(5)] = 0.0011160686
E[P_neut(6)] = 0.0008869279
E[P_neut(7)] = 0.0007336212
E[P_neut(8)] = 0.0006265303
E[P_neut(9)] = 0.0005447633
E[P_neut(10)] = 0.0004995833
E[P_neut(11)] = 0.0004480744
E[P_neut(12)] = 0.0004323405
E[P_neut(13)] = 0.0004043235
E[P_neut(14)] = 0.0003800212
E[P_neut(15)] = 0.0003796820
E[P_neut(16)] = 0.0003809329
E[P_neut(17)] = 0.0003971085
E[P_neut(18)] = 0.0004109137
E[P_neut(19)] = 0.0004453685

---- Expected P_sel(i), 0 < i < n (selected SFS per site) 
E[P_sel(1)] = 0.0072138900
E[P_sel(2)] = 0.0028291831
E[P_sel(3)] = 0.0015024657
E[P_sel(4)] = 0.0009361155
E[P_sel(5)] = 0.0006541477
E[P_sel(6)] = 0.0005109781
E[P_sel(7)] = 0.0004167860
E[P_sel(8)] = 0.0003518183
E[P_sel(9)] = 0.0003028947
E[P_sel(10)] = 0.0002754335
E[P_sel(11)] = 0.0002452601
E[P_sel(12)] = 0.0002352137
E[P_sel(13)] = 0.0002188885
E[P_sel(14)] = 0.0002049801
E[P_sel(15)] = 0.0002043587
E[P_sel(16)] = 0.0002050781
E[P_sel(17)] = 0.0002147028
E[P_sel(18)] = 0.0002252763
E[P_sel(19)] = 0.0002563424

---- Expected D_neut and D_sel (neutral and selected divergence per site) 
E[D_neut] = 0.0198587663
E[D_sel] = 0.0125276287

---- Expected neutral and selected misattributed polymorphism per site
E[mis_neut] = 0.0005086005
E[mis_sel] = 0.0002904854

---- alpha_div = 0.192810
---- alpha_dfe = 0.193017

