---- Running command
---- ./polyDFE -d Mmc/253.polyDFE.config.txt -m C -e 
---- Performing inference using model C

---- Performing inference on Mmc/253.polyDFE.config.txt
---- No mutation variability. Using Poisson likelihood.


---- Calculating initial values

-- Starting local optimization
-- Optimizing all parameters
  it        eps_an        lambda     theta_bar           S_d             b           p_b           S_b           r 2           r 3           r 4           r 5           r 6           r 7           r 8           r 9          r 10          r 11          r 12          r 13          r 14          r 15          r 16          r 17          r 18          r 19          r 20           ln lk          grad status 
   0           0.1 0.01929664726 0.01137948008        -20000         0.208           0.1            20 0.87187096557 0.73599697124 0.64041566538 0.57892537073 0.55270097252 0.54147870107 0.53730355323 0.52983977757 0.55519172709 0.55043962270 0.58554914102 0.62078936437 0.66759096259 0.75259473408 0.86734319379 1.10022897755 1.58308125621             1             1 -1119050.422001 23200.9852771   -2 
1110 0.00036031535 0.01923353111 0.01015845248 -87.451836705 0.11625051876 0.01759942082 8.10717701673 0.86424341653 0.72018951103 0.61851952574 0.55263659401 0.52608054754 0.50673767823 0.49552142204 0.48303652569 0.49763383405 0.48159293371 0.51023857683 0.51286231189 0.52707879221 0.56232202042 0.59097878481 0.64610520429 0.71457474972 0.83454105254 1.24879846334 -272.5184493989 0.04861728899   -8 
-- Local optimization: reached maximum number of likelihood evaluations allowed.
---- Best joint likelihood found -272.518449398950906 with gradient 0.04862

---- Results for Mmc/253.polyDFE.config.txt 
--  Model: C
--        eps_an        lambda     theta_bar             a 
-- 0.00036031535 0.01923353111 0.01015845248            -1 
--           S_d             b           p_b           S_b 
-- -87.451836705 0.11625051876 0.01759942082 8.10717701673 
--           r 2           r 3           r 4           r 5           r 6           r 7           r 8           r 9          r 10          r 11          r 12          r 13          r 14          r 15          r 16          r 17          r 18          r 19          r 20 
-- 0.86424341653 0.72018951103 0.61851952574 0.55263659401 0.52608054754 0.50673767823 0.49552142204 0.48303652569 0.49763383405 0.48159293371 0.51023857683 0.51286231189 0.52707879221 0.56232202042 0.59097878481 0.64610520429 0.71457474972 0.83454105254 1.24879846334 

---- Expected P_neut(i), 0 < i < n (neutral SFS per site) 
E[P_neut(1)] = 0.0101549530
E[P_neut(2)] = 0.0043882515
E[P_neut(3)] = 0.0024379307
E[P_neut(4)] = 0.0015703695
E[P_neut(5)] = 0.0011225192
E[P_neut(6)] = 0.0008905109
E[P_neut(7)] = 0.0007352609
E[P_neut(8)] = 0.0006291453
E[P_neut(9)] = 0.0005451753
E[P_neut(10)] = 0.0005055190
E[P_neut(11)] = 0.0004447852
E[P_neut(12)] = 0.0004320073
E[P_neut(13)] = 0.0004008811
E[P_neut(14)] = 0.0003826335
E[P_neut(15)] = 0.0003810888
E[P_neut(16)] = 0.0003756452
E[P_neut(17)] = 0.0003868236
E[P_neut(18)] = 0.0004047127
E[P_neut(19)] = 0.0004496914

---- Expected P_sel(i), 0 < i < n (selected SFS per site) 
E[P_sel(1)] = 0.0072430227
E[P_sel(2)] = 0.0028358094
E[P_sel(3)] = 0.0015000988
E[P_sel(4)] = 0.0009366823
E[P_sel(5)] = 0.0006548992
E[P_sel(6)] = 0.0005109288
E[P_sel(7)] = 0.0004163891
E[P_sel(8)] = 0.0003526397
E[P_sel(9)] = 0.0003031011
E[P_sel(10)] = 0.0002792978
E[P_sel(11)] = 0.0002446289
E[P_sel(12)] = 0.0002369208
E[P_sel(13)] = 0.0002196048
E[P_sel(14)] = 0.0002097817
E[P_sel(15)] = 0.0002095879
E[P_sel(16)] = 0.0002078389
E[P_sel(17)] = 0.0002161423
E[P_sel(18)] = 0.0002296496
E[P_sel(19)] = 0.0002616884

---- Expected D_neut and D_sel (neutral and selected divergence per site) 
E[D_neut] = 0.0198678241
E[D_sel] = 0.0125251607

---- Expected neutral and selected misattributed polymorphism per site
E[mis_neut] = 0.0006342930
E[mis_sel] = 0.0003803777

---- alpha_div = 0.230932
---- alpha_dfe = 0.230745

