---- Running command
---- ./polyDFE -d Mmc/254.polyDFE.config.txt -m C -e 
---- Performing inference using model C

---- Performing inference on Mmc/254.polyDFE.config.txt
---- No mutation variability. Using Poisson likelihood.


---- Calculating initial values

-- Starting local optimization
-- Optimizing all parameters
  it        eps_an        lambda     theta_bar           S_d             b           p_b           S_b           r 2           r 3           r 4           r 5           r 6           r 7           r 8           r 9          r 10          r 11          r 12          r 13          r 14          r 15          r 16          r 17          r 18          r 19          r 20           ln lk          grad status 
   0           0.1 0.01928881331 0.01137473179        -20000         0.208           0.1            20 0.87273577231 0.72991105547 0.64582960541 0.58126850907 0.55644678824 0.53853323684 0.53209659574 0.53565890691 0.55111191645 0.55331358267 0.59457207181 0.62086747527 0.67174905269 0.75519142934 0.85728062591 1.10601836130 1.58790733348             1             1 -1118950.733860 23207.6959653   -2 
 967 0.00097630916 0.01932050732 0.01016144389 -81.654014371 0.11945544578 0.01711986215 8.52629615388 0.86417426485 0.71648984110 0.62123125448 0.55574390433 0.52802441364 0.50404308442 0.49086259521 0.48727135531 0.49372917205 0.48519266504 0.51466456242 0.50985635038 0.53162615307 0.56312656275 0.58874727059 0.65206293784 0.71131183928 0.81534015079 1.06359637189 -288.7185112538 0.05280472463   -3 
-- Local optimization: stuck in the same solution
---- Best joint likelihood found -288.718511253828183 with gradient 0.05280

---- Results for Mmc/254.polyDFE.config.txt 
--  Model: C
--        eps_an        lambda     theta_bar             a 
-- 0.00097630916 0.01932050732 0.01016144389            -1 
--           S_d             b           p_b           S_b 
-- -81.654014371 0.11945544578 0.01711986215 8.52629615388 
--           r 2           r 3           r 4           r 5           r 6           r 7           r 8           r 9          r 10          r 11          r 12          r 13          r 14          r 15          r 16          r 17          r 18          r 19          r 20 
-- 0.86417426485 0.71648984110 0.62123125448 0.55574390433 0.52802441364 0.50404308442 0.49086259521 0.48727135531 0.49372917205 0.48519266504 0.51466456242 0.50985635038 0.53162615307 0.56312656275 0.58874727059 0.65206293784 0.71131183928 0.81534015079 1.06359637189 

---- Expected P_neut(i), 0 < i < n (neutral SFS per site) 
E[P_neut(1)] = 0.0101519489
E[P_neut(2)] = 0.0043867346
E[P_neut(3)] = 0.0024248683
E[P_neut(4)] = 0.0015769759
E[P_neut(5)] = 0.0011287019
E[P_neut(6)] = 0.0008937521
E[P_neut(7)] = 0.0007313612
E[P_neut(8)] = 0.0006233009
E[P_neut(9)] = 0.0005500539
E[P_neut(10)] = 0.0005017001
E[P_neut(11)] = 0.0004483048
E[P_neut(12)] = 0.0004359945
E[P_neut(13)] = 0.0003988542
E[P_neut(14)] = 0.0003863599
E[P_neut(15)] = 0.0003822088
E[P_neut(16)] = 0.0003750834
E[P_neut(17)] = 0.0003917477
E[P_neut(18)] = 0.0004054476
E[P_neut(19)] = 0.0004455494

---- Expected P_sel(i), 0 < i < n (selected SFS per site) 
E[P_sel(1)] = 0.0072455658
E[P_sel(2)] = 0.0028305482
E[P_sel(3)] = 0.0014877970
E[P_sel(4)] = 0.0009370718
E[P_sel(5)] = 0.0006555688
E[P_sel(6)] = 0.0005102220
E[P_sel(7)] = 0.0004119219
E[P_sel(8)] = 0.0003473254
E[P_sel(9)] = 0.0003039292
E[P_sel(10)] = 0.0002754017
E[P_sel(11)] = 0.0002449161
E[P_sel(12)] = 0.0002374604
E[P_sel(13)] = 0.0002169556
E[P_sel(14)] = 0.0002103121
E[P_sel(15)] = 0.0002086995
E[P_sel(16)] = 0.0002060697
E[P_sel(17)] = 0.0002174381
E[P_sel(18)] = 0.0002287785
E[P_sel(19)] = 0.0002587552

---- Expected D_neut and D_sel (neutral and selected divergence per site) 
E[D_neut] = 0.0198608911
E[D_sel] = 0.0125114307

---- Expected neutral and selected misattributed polymorphism per site
E[mis_neut] = 0.0005403837
E[mis_sel] = 0.0003227325

---- alpha_div = 0.236122
---- alpha_dfe = 0.235839

