---- Running command
---- ./polyDFE -d Mmc/255.polyDFE.config.txt -m C -e 
---- Performing inference using model C

---- Performing inference on Mmc/255.polyDFE.config.txt
---- No mutation variability. Using Poisson likelihood.


---- Calculating initial values

-- Starting local optimization
-- Optimizing all parameters
  it        eps_an        lambda     theta_bar           S_d             b           p_b           S_b           r 2           r 3           r 4           r 5           r 6           r 7           r 8           r 9          r 10          r 11          r 12          r 13          r 14          r 15          r 16          r 17          r 18          r 19          r 20           ln lk          grad status 
   0           0.1 0.01929752982 0.01135622318        -20000         0.208           0.1            20 0.87212346739 0.73710197875 0.64302333229 0.58044507942 0.55563458065 0.53993425776 0.53994591775 0.53105625489 0.55532837283 0.54927730374 0.59410080745 0.62941586236 0.66049724331 0.74218336306 0.86994659710 1.10932595816 1.58087746987             1             1 -1118716.066304 23233.6135798   -2 
 618 0.00219209010 0.01934804605 0.01016374828 -81.388160021 0.12034573590 0.01876171232 7.89899751927 0.86258230366 0.71985145835 0.61706446958 0.55553386207 0.52841804600 0.50859448040 0.49442456650 0.48677863869 0.49600648674 0.48097562023 0.51102218540 0.51326331079 0.52125527875 0.55091618247 0.59415927207 0.64354305568 0.69674971296 0.80115055938 1.02259129037 -281.6061134733 0.13085055523   -3 
-- Local optimization: stuck in the same solution
---- Best joint likelihood found -281.606113473331789 with gradient 0.13085

---- Results for Mmc/255.polyDFE.config.txt 
--  Model: C
--        eps_an        lambda     theta_bar             a 
-- 0.00219209010 0.01934804605 0.01016374828            -1 
--           S_d             b           p_b           S_b 
-- -81.388160021 0.12034573590 0.01876171232 7.89899751927 
--           r 2           r 3           r 4           r 5           r 6           r 7           r 8           r 9          r 10          r 11          r 12          r 13          r 14          r 15          r 16          r 17          r 18          r 19          r 20 
-- 0.86258230366 0.71985145835 0.61706446958 0.55553386207 0.52841804600 0.50859448040 0.49442456650 0.48677863869 0.49600648674 0.48097562023 0.51102218540 0.51326331079 0.52125527875 0.55091618247 0.59415927207 0.64354305568 0.69674971296 0.80115055938 1.02259129037 

---- Expected P_neut(i), 0 < i < n (neutral SFS per site) 
E[P_neut(1)] = 0.0101424079
E[P_neut(2)] = 0.0043747880
E[P_neut(3)] = 0.0024342937
E[P_neut(4)] = 0.0015653123
E[P_neut(5)] = 0.0011276041
E[P_neut(6)] = 0.0008939854
E[P_neut(7)] = 0.0007377218
E[P_neut(8)] = 0.0006277227
E[P_neut(9)] = 0.0005494909
E[P_neut(10)] = 0.0005041285
E[P_neut(11)] = 0.0004446413
E[P_neut(12)] = 0.0004332532
E[P_neut(13)] = 0.0004020221
E[P_neut(14)] = 0.0003795546
E[P_neut(15)] = 0.0003749487
E[P_neut(16)] = 0.0003800400
E[P_neut(17)] = 0.0003892562
E[P_neut(18)] = 0.0004021683
E[P_neut(19)] = 0.0004499032

---- Expected P_sel(i), 0 < i < n (selected SFS per site) 
E[P_sel(1)] = 0.0072344506
E[P_sel(2)] = 0.0028202156
E[P_sel(3)] = 0.0014920175
E[P_sel(4)] = 0.0009291528
E[P_sel(5)] = 0.0006542648
E[P_sel(6)] = 0.0005098809
E[P_sel(7)] = 0.0004151695
E[P_sel(8)] = 0.0003495630
E[P_sel(9)] = 0.0003034802
E[P_sel(10)] = 0.0002766723
E[P_sel(11)] = 0.0002429249
E[P_sel(12)] = 0.0002360505
E[P_sel(13)] = 0.0002188346
E[P_sel(14)] = 0.0002068419
E[P_sel(15)] = 0.0002050664
E[P_sel(16)] = 0.0002092496
E[P_sel(17)] = 0.0002166966
E[P_sel(18)] = 0.0002279029
E[P_sel(19)] = 0.0002634545

---- Expected D_neut and D_sel (neutral and selected divergence per site) 
E[D_neut] = 0.0198677141
E[D_sel] = 0.0125163053

---- Expected neutral and selected misattributed polymorphism per site
E[mis_neut] = 0.0005196680
E[mis_sel] = 0.0003109721

---- alpha_div = 0.240339
---- alpha_dfe = 0.240143

