---- Running command
---- ./polyDFE -d Mmc/256.polyDFE.config.txt -m C -e 
---- Performing inference using model C

---- Performing inference on Mmc/256.polyDFE.config.txt
---- No mutation variability. Using Poisson likelihood.


---- Calculating initial values

-- Starting local optimization
-- Optimizing all parameters
  it        eps_an        lambda     theta_bar           S_d             b           p_b           S_b           r 2           r 3           r 4           r 5           r 6           r 7           r 8           r 9          r 10          r 11          r 12          r 13          r 14          r 15          r 16          r 17          r 18          r 19          r 20           ln lk          grad status 
   0           0.1 0.01926740945 0.01133291831        -20000         0.208           0.1            20 0.87725981963 0.73198532069 0.64344945910 0.58426760785 0.55808759901 0.53399882677 0.54106056613 0.52971927779 0.56000111911 0.55578706748 0.59053813039 0.62261674488 0.66138045697 0.75449308056 0.86978540840 1.11540629023 1.59152500099             1             1 -1111580.445844 23075.9335225   -2 
 443 0.00160963347 0.01926215683 0.01013237021 -80.633938557 0.12003266792 0.02036319008 7.37686582913 0.86946350107 0.71975290003 0.61669565311 0.55622423631 0.52830760905 0.50286012952 0.49695857095 0.48411787704 0.49637515390 0.48863157636 0.51010537229 0.51309375681 0.51671262588 0.55717542605 0.59552680509 0.65275614850 0.70784620042 0.81595050695 1.13579469479 -289.2837150661 1.13807573476   -8 
-- Local optimization: reached maximum number of likelihood evaluations allowed.
---- Best joint likelihood found -289.283715066136210 with gradient 1.13808

---- Results for Mmc/256.polyDFE.config.txt 
--  Model: C
--        eps_an        lambda     theta_bar             a 
-- 0.00160963347 0.01926215683 0.01013237021            -1 
--           S_d             b           p_b           S_b 
-- -80.633938557 0.12003266792 0.02036319008 7.37686582913 
--           r 2           r 3           r 4           r 5           r 6           r 7           r 8           r 9          r 10          r 11          r 12          r 13          r 14          r 15          r 16          r 17          r 18          r 19          r 20 
-- 0.86946350107 0.71975290003 0.61669565311 0.55622423631 0.52830760905 0.50286012952 0.49695857095 0.48411787704 0.49637515390 0.48863157636 0.51010537229 0.51309375681 0.51671262588 0.55717542605 0.59552680509 0.65275614850 0.70784620042 0.81595050695 1.13579469479 

---- Expected P_neut(i), 0 < i < n (neutral SFS per site) 
E[P_neut(1)] = 0.0101167612
E[P_neut(2)] = 0.0043984142
E[P_neut(3)] = 0.0024276476
E[P_neut(4)] = 0.0015602397
E[P_neut(5)] = 0.0011259655
E[P_neut(6)] = 0.0008913339
E[P_neut(7)] = 0.0007273528
E[P_neut(8)] = 0.0006291012
E[P_neut(9)] = 0.0005448762
E[P_neut(10)] = 0.0005029457
E[P_neut(11)] = 0.0004502434
E[P_neut(12)] = 0.0004310346
E[P_neut(13)] = 0.0004004399
E[P_neut(14)] = 0.0003748001
E[P_neut(15)] = 0.0003775757
E[P_neut(16)] = 0.0003790386
E[P_neut(17)] = 0.0003923436
E[P_neut(18)] = 0.0004049022
E[P_neut(19)] = 0.0004507412

---- Expected P_sel(i), 0 < i < n (selected SFS per site) 
E[P_sel(1)] = 0.0072327625
E[P_sel(2)] = 0.0028439086
E[P_sel(3)] = 0.0014929764
E[P_sel(4)] = 0.0009295619
E[P_sel(5)] = 0.0006559050
E[P_sel(6)] = 0.0005105159
E[P_sel(7)] = 0.0004111662
E[P_sel(8)] = 0.0003519879
E[P_sel(9)] = 0.0003024334
E[P_sel(10)] = 0.0002774754
E[P_sel(11)] = 0.0002473491
E[P_sel(12)] = 0.0002362131
E[P_sel(13)] = 0.0002193126
E[P_sel(14)] = 0.0002055698
E[P_sel(15)] = 0.0002078981
E[P_sel(16)] = 0.0002101601
E[P_sel(17)] = 0.0002199605
E[P_sel(18)] = 0.0002309737
E[P_sel(19)] = 0.0002648860

---- Expected D_neut and D_sel (neutral and selected divergence per site) 
E[D_neut] = 0.0198375714
E[D_sel] = 0.0125557313

---- Expected neutral and selected misattributed polymorphism per site
E[mis_neut] = 0.0005754146
E[mis_sel] = 0.0003466791

---- alpha_div = 0.243303
---- alpha_dfe = 0.242962

