---- Running command
---- ./polyDFE -d Mmc/257.polyDFE.config.txt -m C -e 
---- Performing inference using model C

---- Performing inference on Mmc/257.polyDFE.config.txt
---- No mutation variability. Using Poisson likelihood.


---- Calculating initial values

-- Starting local optimization
-- Optimizing all parameters
  it        eps_an        lambda     theta_bar           S_d             b           p_b           S_b           r 2           r 3           r 4           r 5           r 6           r 7           r 8           r 9          r 10          r 11          r 12          r 13          r 14          r 15          r 16          r 17          r 18          r 19          r 20           ln lk          grad status 
   0           0.1 0.01929531930 0.01136305054        -20000         0.208           0.1            20 0.87190076232 0.73384738868 0.64317241491 0.57925488380 0.56264427616 0.53353777280 0.53350008913 0.52783498435 0.54933312213 0.55429976526 0.59071624357 0.62234194038 0.66763589911 0.73838472591 0.86233441036 1.11375131493 1.57172671274             1             1 -1115463.440787 23175.6858219   -2 
1042 0.00097234690 0.01931281214 0.01014603872 -77.392179910 0.12433730032 0.02739919246 5.79546059865 0.86502695953 0.72018696996 0.61915297879 0.55334147457 0.53318673474 0.50235252144 0.49539967583 0.48189821158 0.49385098812 0.48193125778 0.50724554285 0.51261005081 0.52409892410 0.55220429849 0.58878587186 0.65045159796 0.70555684873 0.81536177525 1.08921388616 -279.5500934877 0.03646293498   -3 
-- Local optimization: stuck in the same solution
---- Best joint likelihood found -279.550093487749109 with gradient 0.03646

---- Results for Mmc/257.polyDFE.config.txt 
--  Model: C
--        eps_an        lambda     theta_bar             a 
-- 0.00097234690 0.01931281214 0.01014603872            -1 
--           S_d             b           p_b           S_b 
-- -77.392179910 0.12433730032 0.02739919246 5.79546059865 
--           r 2           r 3           r 4           r 5           r 6           r 7           r 8           r 9          r 10          r 11          r 12          r 13          r 14          r 15          r 16          r 17          r 18          r 19          r 20 
-- 0.86502695953 0.72018696996 0.61915297879 0.55334147457 0.53318673474 0.50235252144 0.49539967583 0.48189821158 0.49385098812 0.48193125778 0.50724554285 0.51261005081 0.52409892410 0.55220429849 0.58878587186 0.65045159796 0.70555684873 0.81536177525 1.08921388616 

---- Expected P_neut(i), 0 < i < n (neutral SFS per site) 
E[P_neut(1)] = 0.0101365966
E[P_neut(2)] = 0.0043844183
E[P_neut(3)] = 0.0024336908
E[P_neut(4)] = 0.0015693235
E[P_neut(5)] = 0.0011221162
E[P_neut(6)] = 0.0009011148
E[P_neut(7)] = 0.0007278079
E[P_neut(8)] = 0.0006280991
E[P_neut(9)] = 0.0005431660
E[P_neut(10)] = 0.0005010631
E[P_neut(11)] = 0.0004446136
E[P_neut(12)] = 0.0004290716
E[P_neut(13)] = 0.0004003929
E[P_neut(14)] = 0.0003803308
E[P_neut(15)] = 0.0003742410
E[P_neut(16)] = 0.0003745293
E[P_neut(17)] = 0.0003901972
E[P_neut(18)] = 0.0004015806
E[P_neut(19)] = 0.0004448470

---- Expected P_sel(i), 0 < i < n (selected SFS per site) 
E[P_sel(1)] = 0.0072442859
E[P_sel(2)] = 0.0028294760
E[P_sel(3)] = 0.0014928625
E[P_sel(4)] = 0.0009323852
E[P_sel(5)] = 0.0006518869
E[P_sel(6)] = 0.0005148356
E[P_sel(7)] = 0.0004105557
E[P_sel(8)] = 0.0003508612
E[P_sel(9)] = 0.0003011832
E[P_sel(10)] = 0.0002763607
E[P_sel(11)] = 0.0002443919
E[P_sel(12)] = 0.0002354882
E[P_sel(13)] = 0.0002198410
E[P_sel(14)] = 0.0002093626
E[P_sel(15)] = 0.0002070516
E[P_sel(16)] = 0.0002088878
E[P_sel(17)] = 0.0002202352
E[P_sel(18)] = 0.0002306209
E[P_sel(19)] = 0.0002624149

---- Expected D_neut and D_sel (neutral and selected divergence per site) 
E[D_neut] = 0.0198653725
E[D_sel] = 0.0125737898

---- Expected neutral and selected misattributed polymorphism per site
E[mis_neut] = 0.0005525603
E[mis_sel] = 0.0003347883

---- alpha_div = 0.260488
---- alpha_dfe = 0.260335

