---- Running command
---- ./polyDFE -d Mmc/258.polyDFE.config.txt -m C -e 
---- Performing inference using model C

---- Performing inference on Mmc/258.polyDFE.config.txt
---- No mutation variability. Using Poisson likelihood.


---- Calculating initial values

-- Starting local optimization
-- Optimizing all parameters
  it        eps_an        lambda     theta_bar           S_d             b           p_b           S_b           r 2           r 3           r 4           r 5           r 6           r 7           r 8           r 9          r 10          r 11          r 12          r 13          r 14          r 15          r 16          r 17          r 18          r 19          r 20           ln lk          grad status 
   0           0.1 0.01927670448 0.01135185270        -20000         0.208           0.1            20 0.87413191661 0.73877525102 0.64746579092 0.58530945362 0.55607031801 0.53699157636 0.53561342047 0.53384606708 0.55704948156 0.55817851515 0.58755839151 0.61621462340 0.66614786096 0.74987736323 0.86872866874 1.11127797879 1.57021276158             1             1 -1113265.018520 23094.7472406   -2 
 359 0.00433001462 0.01933872435 0.01020861638 -106.99267882 0.10605738884 0.00662760890 19.0343407140 0.86180034781 0.71841852789 0.61718634301 0.55122955895 0.52301928319 0.50371853648 0.48951139559 0.48381498814 0.49346685379 0.48123162424 0.50642129178 0.50683063074 0.51990092848 0.55130731217 0.58381323342 0.63935026275 0.67784175381 0.75569303527 1.00065282790 -310.5600221461 2.02897560000   -3 
-- Local optimization: stuck in the same solution
---- Best joint likelihood found -310.560022146179108 with gradient 2.02898

---- Results for Mmc/258.polyDFE.config.txt 
--  Model: C
--        eps_an        lambda     theta_bar             a 
-- 0.00433001462 0.01933872435 0.01020861638            -1 
--           S_d             b           p_b           S_b 
-- -106.99267882 0.10605738884 0.00662760890 19.0343407140 
--           r 2           r 3           r 4           r 5           r 6           r 7           r 8           r 9          r 10          r 11          r 12          r 13          r 14          r 15          r 16          r 17          r 18          r 19          r 20 
-- 0.86180034781 0.71841852789 0.61718634301 0.55122955895 0.52301928319 0.50371853648 0.48951139559 0.48381498814 0.49346685379 0.48123162424 0.50642129178 0.50683063074 0.51990092848 0.55130731217 0.58381323342 0.63935026275 0.67784175381 0.75569303527 1.00065282790 

---- Expected P_neut(i), 0 < i < n (neutral SFS per site) 
E[P_neut(1)] = 0.0101661710
E[P_neut(2)] = 0.0043815119
E[P_neut(3)] = 0.0024357633
E[P_neut(4)] = 0.0015699471
E[P_neut(5)] = 0.0011222096
E[P_neut(6)] = 0.0008876722
E[P_neut(7)] = 0.0007331524
E[P_neut(8)] = 0.0006238150
E[P_neut(9)] = 0.0005483444
E[P_neut(10)] = 0.0005037614
E[P_neut(11)] = 0.0004470523
E[P_neut(12)] = 0.0004316610
E[P_neut(13)] = 0.0003994605
E[P_neut(14)] = 0.0003813166
E[P_neut(15)] = 0.0003784543
E[P_neut(16)] = 0.0003777029
E[P_neut(17)] = 0.0003928573
E[P_neut(18)] = 0.0004018175
E[P_neut(19)] = 0.0004484759

---- Expected P_sel(i), 0 < i < n (selected SFS per site) 
E[P_sel(1)] = 0.0072246423
E[P_sel(2)] = 0.0028347153
E[P_sel(3)] = 0.0015041659
E[P_sel(4)] = 0.0009409344
E[P_sel(5)] = 0.0006581858
E[P_sel(6)] = 0.0005119967
E[P_sel(7)] = 0.0004172318
E[P_sel(8)] = 0.0003511128
E[P_sel(9)] = 0.0003058192
E[P_sel(10)] = 0.0002788196
E[P_sel(11)] = 0.0002458935
E[P_sel(12)] = 0.0002362594
E[P_sel(13)] = 0.0002178571
E[P_sel(14)] = 0.0002075395
E[P_sel(15)] = 0.0002059530
E[P_sel(16)] = 0.0002060782
E[P_sel(17)] = 0.0002158369
E[P_sel(18)] = 0.0002243175
E[P_sel(19)] = 0.0002615551

---- Expected D_neut and D_sel (neutral and selected divergence per site) 
E[D_neut] = 0.0198494884
E[D_sel] = 0.0125448151

---- Expected neutral and selected misattributed polymorphism per site
E[mis_neut] = 0.0005107640
E[mis_sel] = 0.0002994694

---- alpha_div = 0.200538
---- alpha_dfe = 0.200068

