---- Running command
---- ./polyDFE -d Mmc/259.polyDFE.config.txt -m C -e 
---- Performing inference using model C

---- Performing inference on Mmc/259.polyDFE.config.txt
---- No mutation variability. Using Poisson likelihood.


---- Calculating initial values

-- Starting local optimization
-- Optimizing all parameters
  it        eps_an        lambda     theta_bar           S_d             b           p_b           S_b           r 2           r 3           r 4           r 5           r 6           r 7           r 8           r 9          r 10          r 11          r 12          r 13          r 14          r 15          r 16          r 17          r 18          r 19          r 20           ln lk          grad status 
   0           0.1 0.01929402163 0.01129224070        -20000         0.208           0.1            20 0.87661892604 0.73550632801 0.64565134299 0.58138102026 0.55713390838 0.53679536663 0.54102491731 0.53075158516 0.55371624737 0.56142326673 0.59689480041 0.62410424636 0.66328657295 0.75351387198 0.85922382971 1.11229741628 1.58961025899             1             1 -1119646.994066 23171.0790363   -2 
1170 0.00039127367 0.01925639839 0.01008621636 -65.492961928 0.12833528478 0.02367695141 6.60030149433 0.86606454484 0.72192627685 0.62161784267 0.55531572742 0.52749817252 0.50732799583 0.49796622585 0.48518952257 0.49533172216 0.48939472250 0.51568303634 0.51785507093 0.52185066554 0.56487008613 0.59094184868 0.64862019255 0.71405917514 0.83718838467 1.19962547778 -279.8475383638 0.02099173524   -3 
-- Local optimization: stuck in the same solution
---- Best joint likelihood found -279.847538363843341 with gradient 0.02099

---- Results for Mmc/259.polyDFE.config.txt 
--  Model: C
--        eps_an        lambda     theta_bar             a 
-- 0.00039127367 0.01925639839 0.01008621636            -1 
--           S_d             b           p_b           S_b 
-- -65.492961928 0.12833528478 0.02367695141 6.60030149433 
--           r 2           r 3           r 4           r 5           r 6           r 7           r 8           r 9          r 10          r 11          r 12          r 13          r 14          r 15          r 16          r 17          r 18          r 19          r 20 
-- 0.86606454484 0.72192627685 0.62161784267 0.55531572742 0.52749817252 0.50732799583 0.49796622585 0.48518952257 0.49533172216 0.48939472250 0.51568303634 0.51785507093 0.52185066554 0.56487008613 0.59094184868 0.64862019255 0.71405917514 0.83718838467 1.19962547778 

---- Expected P_neut(i), 0 < i < n (neutral SFS per site) 
E[P_neut(1)] = 0.0100824438
E[P_neut(2)] = 0.0043661048
E[P_neut(3)] = 0.0024263691
E[P_neut(4)] = 0.0015669755
E[P_neut(5)] = 0.0011199172
E[P_neut(6)] = 0.0008865436
E[P_neut(7)] = 0.0007308740
E[P_neut(8)] = 0.0006277483
E[P_neut(9)] = 0.0005437102
E[P_neut(10)] = 0.0004996023
E[P_neut(11)] = 0.0004487773
E[P_neut(12)] = 0.0004335169
E[P_neut(13)] = 0.0004019133
E[P_neut(14)] = 0.0003761640
E[P_neut(15)] = 0.0003801165
E[P_neut(16)] = 0.0003729905
E[P_neut(17)] = 0.0003856299
E[P_neut(18)] = 0.0004016721
E[P_neut(19)] = 0.0004481970

---- Expected P_sel(i), 0 < i < n (selected SFS per site) 
E[P_sel(1)] = 0.0072729361
E[P_sel(2)] = 0.0028375084
E[P_sel(3)] = 0.0014959241
E[P_sel(4)] = 0.0009343112
E[P_sel(5)] = 0.0006521271
E[P_sel(6)] = 0.0005071493
E[P_sel(7)] = 0.0004124052
E[P_sel(8)] = 0.0003504491
E[P_sel(9)] = 0.0003010374
E[P_sel(10)] = 0.0002749129
E[P_sel(11)] = 0.0002459001
E[P_sel(12)] = 0.0002369781
E[P_sel(13)] = 0.0002196130
E[P_sel(14)] = 0.0002059028
E[P_sel(15)] = 0.0002089522
E[P_sel(16)] = 0.0002065418
E[P_sel(17)] = 0.0002159627
E[P_sel(18)] = 0.0002287458
E[P_sel(19)] = 0.0002618648

---- Expected D_neut and D_sel (neutral and selected divergence per site) 
E[D_neut] = 0.0198613825
E[D_sel] = 0.0125446246

---- Expected neutral and selected misattributed polymorphism per site
E[mis_neut] = 0.0006049841
E[mis_sel] = 0.0003644769

---- alpha_div = 0.254912
---- alpha_dfe = 0.254682

