---- Running command
---- ./polyDFE -d Mmc/26.polyDFE.config.txt -m C -e 
---- Performing inference using model C

---- Performing inference on Mmc/26.polyDFE.config.txt
---- No mutation variability. Using Poisson likelihood.


---- Calculating initial values

-- Starting local optimization
-- Optimizing all parameters
  it        eps_an        lambda     theta_bar           S_d             b           p_b           S_b           r 2           r 3           r 4           r 5           r 6           r 7           r 8           r 9          r 10          r 11          r 12          r 13          r 14          r 15          r 16          r 17          r 18          r 19          r 20           ln lk          grad status 
   0           0.1 0.01933743708 0.01135253206        -20000         0.208           0.1            20 0.86980642637 0.73425345317 0.64767686129 0.58359885093 0.55644428282 0.53823548090 0.54485678728 0.53413861971 0.55485773024 0.55119773396 0.58784000466 0.61329604393 0.67045169394 0.74490583847 0.86506590996 1.11209500643 1.57652481598             1             1 -1121541.316833 23273.9283059   -2 
1031 0.00048552282 0.01932866148 0.01012896906 -78.218335617 0.12294915963 0.02557100067 5.95399412605 0.86408645410 0.72202650230 0.62335527373 0.55708240124 0.52663377309 0.51082493022 0.49951876244 0.48755216040 0.49763161284 0.48037022193 0.50654524906 0.50879030981 0.52942668077 0.55891999118 0.58491655534 0.65577796613 0.71329979277 0.84115894864 1.14280068879 -289.2283721860 0.02113196304   -3 
-- Local optimization: stuck in the same solution
---- Best joint likelihood found -289.228372186029446 with gradient 0.02113

---- Results for Mmc/26.polyDFE.config.txt 
--  Model: C
--        eps_an        lambda     theta_bar             a 
-- 0.00048552282 0.01932866148 0.01012896906            -1 
--           S_d             b           p_b           S_b 
-- -78.218335617 0.12294915963 0.02557100067 5.95399412605 
--           r 2           r 3           r 4           r 5           r 6           r 7           r 8           r 9          r 10          r 11          r 12          r 13          r 14          r 15          r 16          r 17          r 18          r 19          r 20 
-- 0.86408645410 0.72202650230 0.62335527373 0.55708240124 0.52663377309 0.51082493022 0.49951876244 0.48755216040 0.49763161284 0.48037022193 0.50654524906 0.50879030981 0.52942668077 0.55891999118 0.58491655534 0.65577796613 0.71329979277 0.84115894864 1.14280068879 

---- Expected P_neut(i), 0 < i < n (neutral SFS per site) 
E[P_neut(1)] = 0.0101242689
E[P_neut(2)] = 0.0043742226
E[P_neut(3)] = 0.0024368008
E[P_neut(4)] = 0.0015779000
E[P_neut(5)] = 0.0011281694
E[P_neut(6)] = 0.0008887972
E[P_neut(7)] = 0.0007389950
E[P_neut(8)] = 0.0006323518
E[P_neut(9)] = 0.0005486595
E[P_neut(10)] = 0.0005040495
E[P_neut(11)] = 0.0004423839
E[P_neut(12)] = 0.0004276646
E[P_neut(13)] = 0.0003965911
E[P_neut(14)] = 0.0003832847
E[P_neut(15)] = 0.0003777836
E[P_neut(16)] = 0.0003708742
E[P_neut(17)] = 0.0003917206
E[P_neut(18)] = 0.0004033183
E[P_neut(19)] = 0.0004531250

---- Expected P_sel(i), 0 < i < n (selected SFS per site) 
E[P_sel(1)] = 0.0072393953
E[P_sel(2)] = 0.0028260988
E[P_sel(3)] = 0.0014968668
E[P_sel(4)] = 0.0009388983
E[P_sel(5)] = 0.0006564063
E[P_sel(6)] = 0.0005085518
E[P_sel(7)] = 0.0004174454
E[P_sel(8)] = 0.0003536777
E[P_sel(9)] = 0.0003045531
E[P_sel(10)] = 0.0002782405
E[P_sel(11)] = 0.0002433032
E[P_sel(12)] = 0.0002347717
E[P_sel(13)] = 0.0002177218
E[P_sel(14)] = 0.0002108618
E[P_sel(15)] = 0.0002087747
E[P_sel(16)] = 0.0002064827
E[P_sel(17)] = 0.0002205268
E[P_sel(18)] = 0.0002307578
E[P_sel(19)] = 0.0002656241

---- Expected D_neut and D_sel (neutral and selected divergence per site) 
E[D_neut] = 0.0199074311
E[D_sel] = 0.0125281853

---- Expected neutral and selected misattributed polymorphism per site
E[mis_neut] = 0.0005787696
E[mis_sel] = 0.0003489731

---- alpha_div = 0.250794
---- alpha_dfe = 0.250596

