---- Running command
---- ./polyDFE -d Mmc/260.polyDFE.config.txt -m C -e 
---- Performing inference using model C

---- Performing inference on Mmc/260.polyDFE.config.txt
---- No mutation variability. Using Poisson likelihood.


---- Calculating initial values

-- Starting local optimization
-- Optimizing all parameters
  it        eps_an        lambda     theta_bar           S_d             b           p_b           S_b           r 2           r 3           r 4           r 5           r 6           r 7           r 8           r 9          r 10          r 11          r 12          r 13          r 14          r 15          r 16          r 17          r 18          r 19          r 20           ln lk          grad status 
   0           0.1 0.01924706647 0.01134246283        -20000         0.208           0.1            20 0.87145778122 0.73756614007 0.64705775988 0.58371495488 0.56025912308 0.54592829843 0.54284772482 0.53375141310 0.55345300718 0.55841996231 0.59259117559 0.63748773671 0.66353504657 0.75235400682 0.87134740064 1.11591488398 1.58532334309             1             1 -1114894.083589 23076.6697923   -2 
1025 0.00037953819 0.01927845777 0.01011776260 -69.225304519 0.12744350620 0.02485625382 6.36427035897 0.86652406803 0.72323033341 0.62369984186 0.55720420270 0.53077365008 0.51221852412 0.49978876603 0.48993132859 0.49935907841 0.49015082289 0.51030649132 0.52611942786 0.52463256484 0.55936560157 0.59712656442 0.65552224216 0.72401453140 0.82127066690 1.06180787926 -283.1720502617 0.03440864515   -3 
-- Local optimization: stuck in the same solution
---- Best joint likelihood found -283.172050261782715 with gradient 0.03441

---- Results for Mmc/260.polyDFE.config.txt 
--  Model: C
--        eps_an        lambda     theta_bar             a 
-- 0.00037953819 0.01927845777 0.01011776260            -1 
--           S_d             b           p_b           S_b 
-- -69.225304519 0.12744350620 0.02485625382 6.36427035897 
--           r 2           r 3           r 4           r 5           r 6           r 7           r 8           r 9          r 10          r 11          r 12          r 13          r 14          r 15          r 16          r 17          r 18          r 19          r 20 
-- 0.86652406803 0.72323033341 0.62369984186 0.55720420270 0.53077365008 0.51221852412 0.49978876603 0.48993132859 0.49935907841 0.49015082289 0.51030649132 0.52611942786 0.52463256484 0.55936560157 0.59712656442 0.65552224216 0.72401453140 0.82127066690 1.06180787926 

---- Expected P_neut(i), 0 < i < n (neutral SFS per site) 
E[P_neut(1)] = 0.0101140885
E[P_neut(2)] = 0.0043821331
E[P_neut(3)] = 0.0024383799
E[P_neut(4)] = 0.0015771563
E[P_neut(5)] = 0.0011272472
E[P_neut(6)] = 0.0008948445
E[P_neut(7)] = 0.0007402323
E[P_neut(8)] = 0.0006320164
E[P_neut(9)] = 0.0005507408
E[P_neut(10)] = 0.0005052397
E[P_neut(11)] = 0.0004508770
E[P_neut(12)] = 0.0004303399
E[P_neut(13)] = 0.0004095988
E[P_neut(14)] = 0.0003793464
E[P_neut(15)] = 0.0003775866
E[P_neut(16)] = 0.0003780545
E[P_neut(17)] = 0.0003909199
E[P_neut(18)] = 0.0004084764
E[P_neut(19)] = 0.0004410121

---- Expected P_sel(i), 0 < i < n (selected SFS per site) 
E[P_sel(1)] = 0.0072669660
E[P_sel(2)] = 0.0028377560
E[P_sel(3)] = 0.0014986514
E[P_sel(4)] = 0.0009378121
E[P_sel(5)] = 0.0006548159
E[P_sel(6)] = 0.0005108166
E[P_sel(7)] = 0.0004169190
E[P_sel(8)] = 0.0003522786
E[P_sel(9)] = 0.0003045326
E[P_sel(10)] = 0.0002777270
E[P_sel(11)] = 0.0002468622
E[P_sel(12)] = 0.0002351283
E[P_sel(13)] = 0.0002237703
E[P_sel(14)] = 0.0002076686
E[P_sel(15)] = 0.0002076504
E[P_sel(16)] = 0.0002095001
E[P_sel(17)] = 0.0002191497
E[P_sel(18)] = 0.0002329073
E[P_sel(19)] = 0.0002579817

---- Expected D_neut and D_sel (neutral and selected divergence per site) 
E[D_neut] = 0.0198156138
E[D_sel] = 0.0125257464

---- Expected neutral and selected misattributed polymorphism per site
E[mis_neut] = 0.0005371560
E[mis_sel] = 0.0003240323

---- alpha_div = 0.258287
---- alpha_dfe = 0.258171

