---- Running command
---- ./polyDFE -d Mmc/261.polyDFE.config.txt -m C -e 
---- Performing inference using model C

---- Performing inference on Mmc/261.polyDFE.config.txt
---- No mutation variability. Using Poisson likelihood.


---- Calculating initial values

-- Starting local optimization
-- Optimizing all parameters
  it        eps_an        lambda     theta_bar           S_d             b           p_b           S_b           r 2           r 3           r 4           r 5           r 6           r 7           r 8           r 9          r 10          r 11          r 12          r 13          r 14          r 15          r 16          r 17          r 18          r 19          r 20           ln lk          grad status 
   0           0.1 0.01929491996 0.01135408375        -20000         0.208           0.1            20 0.87224815441 0.73061175729 0.64550517399 0.58443398385 0.55775777117 0.54204858685 0.53920864399 0.52776677129 0.54789573507 0.55795405365 0.59614767080 0.62830195297 0.67356280116 0.76099006162 0.86518521080 1.10209631497 1.57866068596             1             1 -1116921.165936 23186.2788291   -2 
 772 0.00111990136 0.01932697766 0.01014248587 -83.726154442 0.11851112040 0.01759966605 8.28113646784 0.86349617733 0.71815236547 0.62121283622 0.55764512877 0.52893584740 0.50856909753 0.49842516506 0.48450430580 0.49249937439 0.48668362712 0.51267444974 0.51725623561 0.53369650390 0.56337868776 0.58918764409 0.64992467064 0.70369308216 0.82005866673 1.06067078629 -276.3302948226 0.05709054830   -8 
-- Local optimization: reached maximum number of likelihood evaluations allowed.
---- Best joint likelihood found -276.330294822633732 with gradient 0.05709

---- Results for Mmc/261.polyDFE.config.txt 
--  Model: C
--        eps_an        lambda     theta_bar             a 
-- 0.00111990136 0.01932697766 0.01014248587            -1 
--           S_d             b           p_b           S_b 
-- -83.726154442 0.11851112040 0.01759966605 8.28113646784 
--           r 2           r 3           r 4           r 5           r 6           r 7           r 8           r 9          r 10          r 11          r 12          r 13          r 14          r 15          r 16          r 17          r 18          r 19          r 20 
-- 0.86349617733 0.71815236547 0.62121283622 0.55764512877 0.52893584740 0.50856909753 0.49842516506 0.48450430580 0.49249937439 0.48668362712 0.51267444974 0.51725623561 0.53369650390 0.56337868776 0.58918764409 0.64992467064 0.70369308216 0.82005866673 1.06067078629 

---- Expected P_neut(i), 0 < i < n (neutral SFS per site) 
E[P_neut(1)] = 0.0101316175
E[P_neut(2)] = 0.0043745389
E[P_neut(3)] = 0.0024256653
E[P_neut(4)] = 0.0015738149
E[P_neut(5)] = 0.0011303414
E[P_neut(6)] = 0.0008935524
E[P_neut(7)] = 0.0007365060
E[P_neut(8)] = 0.0006316864
E[P_neut(9)] = 0.0005458997
E[P_neut(10)] = 0.0004995168
E[P_neut(11)] = 0.0004488527
E[P_neut(12)] = 0.0004335385
E[P_neut(13)] = 0.0004039321
E[P_neut(14)] = 0.0003872118
E[P_neut(15)] = 0.0003817776
E[P_neut(16)] = 0.0003748350
E[P_neut(17)] = 0.0003900408
E[P_neut(18)] = 0.0004009709
E[P_neut(19)] = 0.0004486280

---- Expected P_sel(i), 0 < i < n (selected SFS per site) 
E[P_sel(1)] = 0.0072268700
E[P_sel(2)] = 0.0028229132
E[P_sel(3)] = 0.0014890703
E[P_sel(4)] = 0.0009359830
E[P_sel(5)] = 0.0006572391
E[P_sel(6)] = 0.0005107729
E[P_sel(7)] = 0.0004154367
E[P_sel(8)] = 0.0003525812
E[P_sel(9)] = 0.0003021809
E[P_sel(10)] = 0.0002747418
E[P_sel(11)] = 0.0002457329
E[P_sel(12)] = 0.0002366551
E[P_sel(13)] = 0.0002202438
E[P_sel(14)] = 0.0002113097
E[P_sel(15)] = 0.0002090195
E[P_sel(16)] = 0.0002065067
E[P_sel(17)] = 0.0002171152
E[P_sel(18)] = 0.0002269229
E[P_sel(19)] = 0.0002613284

---- Expected D_neut and D_sel (neutral and selected divergence per site) 
E[D_neut] = 0.0198648696
E[D_sel] = 0.0125249612

---- Expected neutral and selected misattributed polymorphism per site
E[mis_neut] = 0.0005378919
E[mis_sel] = 0.0003219105

---- alpha_div = 0.235718
---- alpha_dfe = 0.235526

