---- Running command
---- ./polyDFE -d Mmc/262.polyDFE.config.txt -m C -e 
---- Performing inference using model C

---- Performing inference on Mmc/262.polyDFE.config.txt
---- No mutation variability. Using Poisson likelihood.


---- Calculating initial values

-- Starting local optimization
-- Optimizing all parameters
  it        eps_an        lambda     theta_bar           S_d             b           p_b           S_b           r 2           r 3           r 4           r 5           r 6           r 7           r 8           r 9          r 10          r 11          r 12          r 13          r 14          r 15          r 16          r 17          r 18          r 19          r 20           ln lk          grad status 
   0           0.1 0.01927788600 0.01134975603        -20000         0.208           0.1            20 0.87419203055 0.73501867981 0.64376421525 0.58781836733 0.55752237331 0.53448040742 0.54069382622 0.52828419519 0.55525282718 0.55879083442 0.59037292944 0.62122238756 0.66256803177 0.75441088905 0.86460648091 1.10472431742 1.58812790628             1             1 -1114204.639277 23122.9205672   -2 
1249 0.00046022817 0.01927781364 0.01013439012 -75.140542942 0.12461609913 0.02389139038 6.55884376677 0.86645281882 0.71934123137 0.61999369699 0.55766606650 0.52929478360 0.50469315256 0.50224895007 0.48446748614 0.49876868193 0.48659687566 0.51086144680 0.51496103514 0.52222690584 0.56011516306 0.59148869366 0.64822495666 0.71350840836 0.83048158730 1.12628630652 -284.9923069758 0.01902684214   -3 
-- Local optimization: stuck in the same solution
---- Best joint likelihood found -284.992306975822430 with gradient 0.01903

---- Results for Mmc/262.polyDFE.config.txt 
--  Model: C
--        eps_an        lambda     theta_bar             a 
-- 0.00046022817 0.01927781364 0.01013439012            -1 
--           S_d             b           p_b           S_b 
-- -75.140542942 0.12461609913 0.02389139038 6.55884376677 
--           r 2           r 3           r 4           r 5           r 6           r 7           r 8           r 9          r 10          r 11          r 12          r 13          r 14          r 15          r 16          r 17          r 18          r 19          r 20 
-- 0.86645281882 0.71934123137 0.61999369699 0.55766606650 0.52929478360 0.50469315256 0.50224895007 0.48446748614 0.49876868193 0.48659687566 0.51086144680 0.51496103514 0.52222690584 0.56011516306 0.59148869366 0.64822495666 0.71350840836 0.83048158730 1.12628630652 

---- Expected P_neut(i), 0 < i < n (neutral SFS per site) 
E[P_neut(1)] = 0.0101299299
E[P_neut(2)] = 0.0043886497
E[P_neut(3)] = 0.0024290877
E[P_neut(4)] = 0.0015702640
E[P_neut(5)] = 0.0011299751
E[P_neut(6)] = 0.0008937758
E[P_neut(7)] = 0.0007305281
E[P_neut(8)] = 0.0006361541
E[P_neut(9)] = 0.0005454866
E[P_neut(10)] = 0.0005054716
E[P_neut(11)] = 0.0004483504
E[P_neut(12)] = 0.0004315334
E[P_neut(13)] = 0.0004015989
E[P_neut(14)] = 0.0003782697
E[P_neut(15)] = 0.0003787744
E[P_neut(16)] = 0.0003751991
E[P_neut(17)] = 0.0003873737
E[P_neut(18)] = 0.0004035564
E[P_neut(19)] = 0.0004474300

---- Expected P_sel(i), 0 < i < n (selected SFS per site) 
E[P_sel(1)] = 0.0072470752
E[P_sel(2)] = 0.0028331691
E[P_sel(3)] = 0.0014896470
E[P_sel(4)] = 0.0009322139
E[P_sel(5)] = 0.0006556240
E[P_sel(6)] = 0.0005097613
E[P_sel(7)] = 0.0004111890
E[P_sel(8)] = 0.0003544173
E[P_sel(9)] = 0.0003015213
E[P_sel(10)] = 0.0002777790
E[P_sel(11)] = 0.0002454228
E[P_sel(12)] = 0.0002357290
E[P_sel(13)] = 0.0002193478
E[P_sel(14)] = 0.0002070204
E[P_sel(15)] = 0.0002082302
E[P_sel(16)] = 0.0002078283
E[P_sel(17)] = 0.0002170538
E[P_sel(18)] = 0.0002299922
E[P_sel(19)] = 0.0002617018

---- Expected D_neut and D_sel (neutral and selected divergence per site) 
E[D_neut] = 0.0198485249
E[D_sel] = 0.0125490943

---- Expected neutral and selected misattributed polymorphism per site
E[mis_neut] = 0.0005707112
E[mis_sel] = 0.0003441522

---- alpha_div = 0.255489
---- alpha_dfe = 0.255227

