---- Running command
---- ./polyDFE -d Mmc/263.polyDFE.config.txt -m C -e 
---- Performing inference using model C

---- Performing inference on Mmc/263.polyDFE.config.txt
---- No mutation variability. Using Poisson likelihood.


---- Calculating initial values

-- Starting local optimization
-- Optimizing all parameters
  it        eps_an        lambda     theta_bar           S_d             b           p_b           S_b           r 2           r 3           r 4           r 5           r 6           r 7           r 8           r 9          r 10          r 11          r 12          r 13          r 14          r 15          r 16          r 17          r 18          r 19          r 20           ln lk          grad status 
   0           0.1 0.01925180740 0.01135370400        -20000         0.208           0.1            20 0.87218066741 0.73300016336 0.64418462619 0.58311099550 0.55887478244 0.53909955072 0.53859765613 0.52843192994 0.54939656839 0.56055654461 0.59639085179 0.62591432179 0.66653005495 0.75453541873 0.86916706499 1.10720583654 1.57320526536             1             1 -1114546.437985 23116.3720841   -2 
 605 0.00290544270 0.01931377595 0.01015065865 -67.089636823 0.13371062831 0.03631555384 4.68003249330 0.86599757610 0.72103809038 0.62192871402 0.55371434962 0.52966967001 0.51026873374 0.49897493537 0.48530888279 0.49389283806 0.48869672563 0.51236282610 0.51508944539 0.52071360956 0.55592822420 0.58170939829 0.63608292960 0.68899224342 0.78507206797 1.00552114288 -282.9224528697 0.65459474296   -3 
-- Local optimization: stuck in the same solution
---- Best joint likelihood found -282.922452869781409 with gradient 0.65459

---- Results for Mmc/263.polyDFE.config.txt 
--  Model: C
--        eps_an        lambda     theta_bar             a 
-- 0.00290544270 0.01931377595 0.01015065865            -1 
--           S_d             b           p_b           S_b 
-- -67.089636823 0.13371062831 0.03631555384 4.68003249330 
--           r 2           r 3           r 4           r 5           r 6           r 7           r 8           r 9          r 10          r 11          r 12          r 13          r 14          r 15          r 16          r 17          r 18          r 19          r 20 
-- 0.86599757610 0.72103809038 0.62192871402 0.55371434962 0.52966967001 0.51026873374 0.49897493537 0.48530888279 0.49389283806 0.48869672563 0.51236282610 0.51508944539 0.52071360956 0.55592822420 0.58170939829 0.63608292960 0.68899224342 0.78507206797 1.00552114288 

---- Expected P_neut(i), 0 < i < n (neutral SFS per site) 
E[P_neut(1)] = 0.0101223851
E[P_neut(2)] = 0.0043835817
E[P_neut(3)] = 0.0024336857
E[P_neut(4)] = 0.0015747333
E[P_neut(5)] = 0.0011219401
E[P_neut(6)] = 0.0008945761
E[P_neut(7)] = 0.0007389564
E[P_neut(8)] = 0.0006325353
E[P_neut(9)] = 0.0005470760
E[P_neut(10)] = 0.0005013338
E[P_neut(11)] = 0.0004512431
E[P_neut(12)] = 0.0004339819
E[P_neut(13)] = 0.0004031734
E[P_neut(14)] = 0.0003790485
E[P_neut(15)] = 0.0003783755
E[P_neut(16)] = 0.0003725591
E[P_neut(17)] = 0.0003857884
E[P_neut(18)] = 0.0004001815
E[P_neut(19)] = 0.0004476945

---- Expected P_sel(i), 0 < i < n (selected SFS per site) 
E[P_sel(1)] = 0.0072600542
E[P_sel(2)] = 0.0028281794
E[P_sel(3)] = 0.0014891094
E[P_sel(4)] = 0.0009320650
E[P_sel(5)] = 0.0006488641
E[P_sel(6)] = 0.0005086399
E[P_sel(7)] = 0.0004148117
E[P_sel(8)] = 0.0003516694
E[P_sel(9)] = 0.0003020191
E[P_sel(10)] = 0.0002754336
E[P_sel(11)] = 0.0002472315
E[P_sel(12)] = 0.0002375990
E[P_sel(13)] = 0.0002210296
E[P_sel(14)] = 0.0002085567
E[P_sel(15)] = 0.0002094783
E[P_sel(16)] = 0.0002081908
E[P_sel(17)] = 0.0002184765
E[P_sel(18)] = 0.0002310744
E[P_sel(19)] = 0.0002672823

---- Expected D_neut and D_sel (neutral and selected divergence per site) 
E[D_neut] = 0.0198241111
E[D_sel] = 0.0125156004

---- Expected neutral and selected misattributed polymorphism per site
E[mis_neut] = 0.0005103351
E[mis_sel] = 0.0003096125

---- alpha_div = 0.284658
---- alpha_dfe = 0.284245

