---- Running command
---- ./polyDFE -d Mmc/264.polyDFE.config.txt -m C -e 
---- Performing inference using model C

---- Performing inference on Mmc/264.polyDFE.config.txt
---- No mutation variability. Using Poisson likelihood.


---- Calculating initial values

-- Starting local optimization
-- Optimizing all parameters
  it        eps_an        lambda     theta_bar           S_d             b           p_b           S_b           r 2           r 3           r 4           r 5           r 6           r 7           r 8           r 9          r 10          r 11          r 12          r 13          r 14          r 15          r 16          r 17          r 18          r 19          r 20           ln lk          grad status 
   0           0.1 0.01928659607 0.01134104279        -20000         0.208           0.1            20 0.87446890599 0.73710924089 0.64506403982 0.57733920813 0.55375710509 0.53893744894 0.53471870656 0.52967719390 0.55073738778 0.55529132790 0.59803577882 0.62669693354 0.66104804738 0.74586200846 0.86998943463 1.11655421961 1.58743845549             1             1 -1116671.306698 23160.0960397   -2 
 216 0.00528003502 0.01934210740 0.01019829965 -109.86771505 0.10446027693 0.00537385459 22.6475198023 0.86392325947 0.71669323368 0.61557054284 0.54841976320 0.52399269739 0.50034832327 0.48968477430 0.48212841749 0.49138050113 0.48073006350 0.51117519544 0.51178608095 0.51600071456 0.55206328417 0.58689290508 0.64029637085 0.68543592330 0.74400054840 0.99910753461 -287.4844133853 3.34955822154   -3 
-- Local optimization: stuck in the same solution
---- Best joint likelihood found -287.484413385333028 with gradient 3.34956

---- Results for Mmc/264.polyDFE.config.txt 
--  Model: C
--        eps_an        lambda     theta_bar             a 
-- 0.00528003502 0.01934210740 0.01019829965            -1 
--           S_d             b           p_b           S_b 
-- -109.86771505 0.10446027693 0.00537385459 22.6475198023 
--           r 2           r 3           r 4           r 5           r 6           r 7           r 8           r 9          r 10          r 11          r 12          r 13          r 14          r 15          r 16          r 17          r 18          r 19          r 20 
-- 0.86392325947 0.71669323368 0.61557054284 0.54841976320 0.52399269739 0.50034832327 0.48968477430 0.48212841749 0.49138050113 0.48073006350 0.51117519544 0.51178608095 0.51600071456 0.55206328417 0.58689290508 0.64029637085 0.68543592330 0.74400054840 0.99910753461 

---- Expected P_neut(i), 0 < i < n (neutral SFS per site) 
E[P_neut(1)] = 0.0101465608
E[P_neut(2)] = 0.0043840646
E[P_neut(3)] = 0.0024255149
E[P_neut(4)] = 0.0015631317
E[P_neut(5)] = 0.0011146654
E[P_neut(6)] = 0.0008879211
E[P_neut(7)] = 0.0007272284
E[P_neut(8)] = 0.0006232418
E[P_neut(9)] = 0.0005457898
E[P_neut(10)] = 0.0005011246
E[P_neut(11)] = 0.0004462249
E[P_neut(12)] = 0.0004354287
E[P_neut(13)] = 0.0004032173
E[P_neut(14)] = 0.0003785987
E[P_neut(15)] = 0.0003792648
E[P_neut(16)] = 0.0003803934
E[P_neut(17)] = 0.0003949497
E[P_neut(18)] = 0.0004095584
E[P_neut(19)] = 0.0004510831

---- Expected P_sel(i), 0 < i < n (selected SFS per site) 
E[P_sel(1)] = 0.0072142456
E[P_sel(2)] = 0.0028404381
E[P_sel(3)] = 0.0015006904
E[P_sel(4)] = 0.0009388684
E[P_sel(5)] = 0.0006552541
E[P_sel(6)] = 0.0005133360
E[P_sel(7)] = 0.0004148190
E[P_sel(8)] = 0.0003515781
E[P_sel(9)] = 0.0003050410
E[P_sel(10)] = 0.0002778996
E[P_sel(11)] = 0.0002458570
E[P_sel(12)] = 0.0002386540
E[P_sel(13)] = 0.0002201265
E[P_sel(14)] = 0.0002061706
E[P_sel(15)] = 0.0002063787
E[P_sel(16)] = 0.0002073862
E[P_sel(17)] = 0.0002166649
E[P_sel(18)] = 0.0002282299
E[P_sel(19)] = 0.0002633951

---- Expected D_neut and D_sel (neutral and selected divergence per site) 
E[D_neut] = 0.0198515673
E[D_sel] = 0.0125247568

---- Expected neutral and selected misattributed polymorphism per site
E[mis_neut] = 0.0005094599
E[mis_sel] = 0.0002969679

---- alpha_div = 0.192820
---- alpha_dfe = 0.193094

