---- Running command
---- ./polyDFE -d Mmc/265.polyDFE.config.txt -m C -e 
---- Performing inference using model C

---- Performing inference on Mmc/265.polyDFE.config.txt
---- No mutation variability. Using Poisson likelihood.


---- Calculating initial values

-- Starting local optimization
-- Optimizing all parameters
  it        eps_an        lambda     theta_bar           S_d             b           p_b           S_b           r 2           r 3           r 4           r 5           r 6           r 7           r 8           r 9          r 10          r 11          r 12          r 13          r 14          r 15          r 16          r 17          r 18          r 19          r 20           ln lk          grad status 
   0           0.1 0.01926973105 0.01132752664        -20000         0.208           0.1            20 0.87473791353 0.73648051085 0.64695772810 0.57983997416 0.56077389899 0.53792806502 0.53615975028 0.53444738740 0.54912149487 0.55719843878 0.59556458350 0.62516476251 0.66981435420 0.74931130698 0.86503225846 1.11018499194 1.58725940945             1             1 -1113304.775245 23104.9486130   -2 
 392 0.00125069671 0.01931938303 0.01011810128 -77.233972628 0.12351940710 0.02644359303 5.89090692568 0.86637652365 0.72358381218 0.62399994785 0.55467932216 0.53118880181 0.50813322605 0.49349372026 0.48695784058 0.49410225608 0.48770492788 0.51191389580 0.51504855643 0.52433522692 0.55730913172 0.59218955322 0.64356827203 0.71435317095 0.81960821768 1.02719057107 -278.8323343473 0.13157011192   -3 
-- Local optimization: stuck in the same solution
---- Best joint likelihood found -278.832334347360302 with gradient 0.13157

---- Results for Mmc/265.polyDFE.config.txt 
--  Model: C
--        eps_an        lambda     theta_bar             a 
-- 0.00125069671 0.01931938303 0.01011810128            -1 
--           S_d             b           p_b           S_b 
-- -77.233972628 0.12351940710 0.02644359303 5.89090692568 
--           r 2           r 3           r 4           r 5           r 6           r 7           r 8           r 9          r 10          r 11          r 12          r 13          r 14          r 15          r 16          r 17          r 18          r 19          r 20 
-- 0.86637652365 0.72358381218 0.62399994785 0.55467932216 0.53118880181 0.50813322605 0.49349372026 0.48695784058 0.49410225608 0.48770492788 0.51191389580 0.51504855643 0.52433522692 0.55730913172 0.59218955322 0.64356827203 0.71435317095 0.81960821768 1.02719057107 

---- Expected P_neut(i), 0 < i < n (neutral SFS per site) 
E[P_neut(1)] = 0.0101059925
E[P_neut(2)] = 0.0043780631
E[P_neut(3)] = 0.0024378583
E[P_neut(4)] = 0.0015769179
E[P_neut(5)] = 0.0011215266
E[P_neut(6)] = 0.0008951240
E[P_neut(7)] = 0.0007340604
E[P_neut(8)] = 0.0006239116
E[P_neut(9)] = 0.0005473307
E[P_neut(10)] = 0.0004999377
E[P_neut(11)] = 0.0004487280
E[P_neut(12)] = 0.0004318738
E[P_neut(13)] = 0.0004012875
E[P_neut(14)] = 0.0003795947
E[P_neut(15)] = 0.0003768610
E[P_neut(16)] = 0.0003759954
E[P_neut(17)] = 0.0003856137
E[P_neut(18)] = 0.0004065295
E[P_neut(19)] = 0.0004485761

---- Expected P_sel(i), 0 < i < n (selected SFS per site) 
E[P_sel(1)] = 0.0072313910
E[P_sel(2)] = 0.0028301513
E[P_sel(3)] = 0.0014982280
E[P_sel(4)] = 0.0009387352
E[P_sel(5)] = 0.0006528402
E[P_sel(6)] = 0.0005124249
E[P_sel(7)] = 0.0004148863
E[P_sel(8)] = 0.0003491763
E[P_sel(9)] = 0.0003040364
E[P_sel(10)] = 0.0002762043
E[P_sel(11)] = 0.0002470368
E[P_sel(12)] = 0.0002373577
E[P_sel(13)] = 0.0002206011
E[P_sel(14)] = 0.0002091693
E[P_sel(15)] = 0.0002086639
E[P_sel(16)] = 0.0002098172
E[P_sel(17)] = 0.0002177129
E[P_sel(18)] = 0.0002334975
E[P_sel(19)] = 0.0002648174

---- Expected D_neut and D_sel (neutral and selected divergence per site) 
E[D_neut] = 0.0198390439
E[D_sel] = 0.0125413081

---- Expected neutral and selected misattributed polymorphism per site
E[mis_neut] = 0.0005196609
E[mis_sel] = 0.0003145335

---- alpha_div = 0.255710
---- alpha_dfe = 0.255458

