---- Running command
---- ./polyDFE -d Mmc/266.polyDFE.config.txt -m C -e 
---- Performing inference using model C

---- Performing inference on Mmc/266.polyDFE.config.txt
---- No mutation variability. Using Poisson likelihood.


---- Calculating initial values

-- Starting local optimization
-- Optimizing all parameters
  it        eps_an        lambda     theta_bar           S_d             b           p_b           S_b           r 2           r 3           r 4           r 5           r 6           r 7           r 8           r 9          r 10          r 11          r 12          r 13          r 14          r 15          r 16          r 17          r 18          r 19          r 20           ln lk          grad status 
   0           0.1 0.01926795695  0.0113772331        -20000         0.208           0.1            20 0.87065911507 0.73617660063 0.63645632168 0.58430259037 0.55938129550 0.53948669841 0.53303712390 0.53068998264 0.54989949325 0.55461623996 0.58611776323 0.62856286345 0.66081169128 0.74425928753 0.84864723239 1.10260492721 1.58228284155             1             1 -1112571.495831 23085.4474570   -2 
 226 0.00438740275 0.01932464798 0.01021520103 -101.55523914 0.10646922150 0.00468044840 26.7828927524 0.85853094138 0.71519344009 0.61260704583 0.55286646751 0.52556505977 0.50169879941 0.49076891256 0.48138122047 0.49310353798 0.48026305152 0.50931243764 0.51256610725 0.51853822620 0.55202693582 0.57646785407 0.63334872541 0.69423866607 0.76052000675 0.99993842062 -310.2522525716 18.2721889670   -3 
-- Local optimization: stuck in the same solution
---- Best joint likelihood found -310.252252571648569 with gradient 18.27219

---- Results for Mmc/266.polyDFE.config.txt 
--  Model: C
--        eps_an        lambda     theta_bar             a 
-- 0.00438740275 0.01932464798 0.01021520103            -1 
--           S_d             b           p_b           S_b 
-- -101.55523914 0.10646922150 0.00468044840 26.7828927524 
--           r 2           r 3           r 4           r 5           r 6           r 7           r 8           r 9          r 10          r 11          r 12          r 13          r 14          r 15          r 16          r 17          r 18          r 19          r 20 
-- 0.85853094138 0.71519344009 0.61260704583 0.55286646751 0.52556505977 0.50169879941 0.49076891256 0.48138122047 0.49310353798 0.48026305152 0.50931243764 0.51256610725 0.51853822620 0.55202693582 0.57646785407 0.63334872541 0.69423866607 0.76052000675 0.99993842062 

---- Expected P_neut(i), 0 < i < n (neutral SFS per site) 
E[P_neut(1)] = 0.0101721768
E[P_neut(2)] = 0.0043675228
E[P_neut(3)] = 0.0024262668
E[P_neut(4)] = 0.0015592268
E[P_neut(5)] = 0.0011262221
E[P_neut(6)] = 0.0008925263
E[P_neut(7)] = 0.0007306912
E[P_neut(8)] = 0.0006258157
E[P_neut(9)] = 0.0005459380
E[P_neut(10)] = 0.0005037152
E[P_neut(11)] = 0.0004464389
E[P_neut(12)] = 0.0004344080
E[P_neut(13)] = 0.0004042117
E[P_neut(14)] = 0.0003806210
E[P_neut(15)] = 0.0003792440
E[P_neut(16)] = 0.0003732952
E[P_neut(17)] = 0.0003895904
E[P_neut(18)] = 0.0004114985
E[P_neut(19)] = 0.0004519119

---- Expected P_sel(i), 0 < i < n (selected SFS per site) 
E[P_sel(1)] = 0.0072521126
E[P_sel(2)] = 0.0028334092
E[P_sel(3)] = 0.0015017092
E[P_sel(4)] = 0.0009362464
E[P_sel(5)] = 0.0006615055
E[P_sel(6)] = 0.0005153457
E[P_sel(7)] = 0.0004161019
E[P_sel(8)] = 0.0003523130
E[P_sel(9)] = 0.0003043943
E[P_sel(10)] = 0.0002785682
E[P_sel(11)] = 0.0002452077
E[P_sel(12)] = 0.0002372589
E[P_sel(13)] = 0.0002197998
E[P_sel(14)] = 0.0002063538
E[P_sel(15)] = 0.0002053401
E[P_sel(16)] = 0.0002023678
E[P_sel(17)] = 0.0002123381
E[P_sel(18)] = 0.0002275152
E[P_sel(19)] = 0.0002612729

---- Expected D_neut and D_sel (neutral and selected divergence per site) 
E[D_neut] = 0.0198353766
E[D_sel] = 0.0125641903

---- Expected neutral and selected misattributed polymorphism per site
E[mis_neut] = 0.0005107286
E[mis_sel] = 0.0002961851

---- alpha_div = 0.197741
---- alpha_dfe = 0.197891

