---- Running command
---- ./polyDFE -d Mmc/267.polyDFE.config.txt -m C -e 
---- Performing inference using model C

---- Performing inference on Mmc/267.polyDFE.config.txt
---- No mutation variability. Using Poisson likelihood.


---- Calculating initial values

-- Starting local optimization
-- Optimizing all parameters
  it        eps_an        lambda     theta_bar           S_d             b           p_b           S_b           r 2           r 3           r 4           r 5           r 6           r 7           r 8           r 9          r 10          r 11          r 12          r 13          r 14          r 15          r 16          r 17          r 18          r 19          r 20           ln lk          grad status 
   0           0.1 0.01932284185 0.01135049227        -20000         0.208           0.1            20 0.87467369930 0.73297221597 0.64523208612 0.58252394943 0.55932896395 0.54138808996 0.53853590016 0.53024318323 0.55206942815 0.54877476344 0.59278683464 0.62711352127 0.67030802684 0.76044280873 0.85407589422 1.11118503553 1.57668942066             1             1 -1121107.612627 23231.4912061   -2 
 522 0.00110612610 0.01936258391 0.01014460592 -78.912748823 0.12138952406 0.02221149693 6.73701202638 0.86461400326 0.71979923227 0.62036166378 0.55393100083 0.53084750902 0.50826417010 0.49669397129 0.48798793135 0.49484620740 0.48240322052 0.51050404726 0.51781389097 0.52229504457 0.56713766075 0.58125581637 0.64734736951 0.70061166997 0.81527381366 1.04183910475 -275.7339145550 0.04660274817   -3 
-- Local optimization: stuck in the same solution
---- Best joint likelihood found -275.733914555035881 with gradient 0.04660

---- Results for Mmc/267.polyDFE.config.txt 
--  Model: C
--        eps_an        lambda     theta_bar             a 
-- 0.00110612610 0.01936258391 0.01014460592            -1 
--           S_d             b           p_b           S_b 
-- -78.912748823 0.12138952406 0.02221149693 6.73701202638 
--           r 2           r 3           r 4           r 5           r 6           r 7           r 8           r 9          r 10          r 11          r 12          r 13          r 14          r 15          r 16          r 17          r 18          r 19          r 20 
-- 0.86461400326 0.71979923227 0.62036166378 0.55393100083 0.53084750902 0.50826417010 0.49669397129 0.48798793135 0.49484620740 0.48240322052 0.51050404726 0.51781389097 0.52229504457 0.56713766075 0.58125581637 0.64734736951 0.70061166997 0.81527381366 1.04183910475 

---- Expected P_neut(i), 0 < i < n (neutral SFS per site) 
E[P_neut(1)] = 0.0101338662
E[P_neut(2)] = 0.0043811699
E[P_neut(3)] = 0.0024317615
E[P_neut(4)] = 0.0015719985
E[P_neut(5)] = 0.0011230635
E[P_neut(6)] = 0.0008969656
E[P_neut(7)] = 0.0007362236
E[P_neut(8)] = 0.0006296263
E[P_neut(9)] = 0.0005499332
E[P_neut(10)] = 0.0005020020
E[P_neut(11)] = 0.0004450064
E[P_neut(12)] = 0.0004317912
E[P_neut(13)] = 0.0004044461
E[P_neut(14)] = 0.0003790368
E[P_neut(15)] = 0.0003843781
E[P_neut(16)] = 0.0003698709
E[P_neut(17)] = 0.0003885641
E[P_neut(18)] = 0.0003992714
E[P_neut(19)] = 0.0004460361

---- Expected P_sel(i), 0 < i < n (selected SFS per site) 
E[P_sel(1)] = 0.0072490947
E[P_sel(2)] = 0.0028329414
E[P_sel(3)] = 0.0014952085
E[P_sel(4)] = 0.0009362670
E[P_sel(5)] = 0.0006539778
E[P_sel(6)] = 0.0005135632
E[P_sel(7)] = 0.0004160600
E[P_sel(8)] = 0.0003522112
E[P_sel(9)] = 0.0003052155
E[P_sel(10)] = 0.0002769724
E[P_sel(11)] = 0.0002445287
E[P_sel(12)] = 0.0002367265
E[P_sel(13)] = 0.0002216430
E[P_sel(14)] = 0.0002080614
E[P_sel(15)] = 0.0002118497
E[P_sel(16)] = 0.0002052975
E[P_sel(17)] = 0.0002180503
E[P_sel(18)] = 0.0002278280
E[P_sel(19)] = 0.0002615667

---- Expected D_neut and D_sel (neutral and selected divergence per site) 
E[D_neut] = 0.0198910363
E[D_sel] = 0.0125368542

---- Expected neutral and selected misattributed polymorphism per site
E[mis_neut] = 0.0005284524
E[mis_sel] = 0.0003180368

---- alpha_div = 0.244223
---- alpha_dfe = 0.244169

