---- Running command
---- ./polyDFE -d Mmc/268.polyDFE.config.txt -m C -e 
---- Performing inference using model C

---- Performing inference on Mmc/268.polyDFE.config.txt
---- No mutation variability. Using Poisson likelihood.


---- Calculating initial values

-- Starting local optimization
-- Optimizing all parameters
  it        eps_an        lambda     theta_bar           S_d             b           p_b           S_b           r 2           r 3           r 4           r 5           r 6           r 7           r 8           r 9          r 10          r 11          r 12          r 13          r 14          r 15          r 16          r 17          r 18          r 19          r 20           ln lk          grad status 
   0           0.1 0.01929097532 0.01136562287        -20000         0.208           0.1            20 0.87193732261 0.72916741781 0.64812877345 0.57981548888 0.55846105859 0.54005718909 0.53555265849 0.53027053953 0.55223649264 0.55608955573 0.58893804043 0.62482754782 0.67173273082 0.75039855868 0.86811026534 1.10528615531 1.57663707895             1             1 -1116408.298066 23171.5912983   -2 
1065 0.00033130012 0.01927835393 0.01014738516 -75.880251965 0.12310477776 0.02089849409 7.37526679385 0.86305561779 0.71762151105 0.62130673466 0.55419127212 0.52756117172 0.50625297136 0.49423949432 0.48656748294 0.49794930766 0.48523498592 0.50921138751 0.51818929314 0.52855078961 0.56117819670 0.59307127537 0.65213015797 0.70893549216 0.82816997593 1.14743543249 -280.8222064851 0.05339545213   -8 
-- Local optimization: reached maximum number of likelihood evaluations allowed.
---- Best joint likelihood found -280.822206485143397 with gradient 0.05340

---- Results for Mmc/268.polyDFE.config.txt 
--  Model: C
--        eps_an        lambda     theta_bar             a 
-- 0.00033130012 0.01927835393 0.01014738516            -1 
--           S_d             b           p_b           S_b 
-- -75.880251965 0.12310477776 0.02089849409 7.37526679385 
--           r 2           r 3           r 4           r 5           r 6           r 7           r 8           r 9          r 10          r 11          r 12          r 13          r 14          r 15          r 16          r 17          r 18          r 19          r 20 
-- 0.86305561779 0.71762151105 0.62130673466 0.55419127212 0.52756117172 0.50625297136 0.49423949432 0.48656748294 0.49794930766 0.48523498592 0.50921138751 0.51818929314 0.52855078961 0.56117819670 0.59307127537 0.65213015797 0.70893549216 0.82816997593 1.14743543249 

---- Expected P_neut(i), 0 < i < n (neutral SFS per site) 
E[P_neut(1)] = 0.0101441699
E[P_neut(2)] = 0.0043775606
E[P_neut(3)] = 0.0024266521
E[P_neut(4)] = 0.0015757621
E[P_neut(5)] = 0.0011244716
E[P_neut(6)] = 0.0008920591
E[P_neut(7)] = 0.0007337686
E[P_neut(8)] = 0.0006268398
E[P_neut(9)] = 0.0005485652
E[P_neut(10)] = 0.0005052883
E[P_neut(11)] = 0.0004476577
E[P_neut(12)] = 0.0004306620
E[P_neut(13)] = 0.0004045912
E[P_neut(14)] = 0.0003832693
E[P_neut(15)] = 0.0003798796
E[P_neut(16)] = 0.0003765302
E[P_neut(17)] = 0.0003899350
E[P_neut(18)] = 0.0004009762
E[P_neut(19)] = 0.0004455184

---- Expected P_sel(i), 0 < i < n (selected SFS per site) 
E[P_sel(1)] = 0.0072594681
E[P_sel(2)] = 0.0028281463
E[P_sel(3)] = 0.0014895054
E[P_sel(4)] = 0.0009363290
E[P_sel(5)] = 0.0006529663
E[P_sel(6)] = 0.0005091217
E[P_sel(7)] = 0.0004132038
E[P_sel(8)] = 0.0003493010
E[P_sel(9)] = 0.0003031960
E[P_sel(10)] = 0.0002775584
E[P_sel(11)] = 0.0002448432
E[P_sel(12)] = 0.0002349594
E[P_sel(13)] = 0.0002206020
E[P_sel(14)] = 0.0002092895
E[P_sel(15)] = 0.0002082630
E[P_sel(16)] = 0.0002078848
E[P_sel(17)] = 0.0002176806
E[P_sel(18)] = 0.0002276259
E[P_sel(19)] = 0.0002595557

---- Expected D_neut and D_sel (neutral and selected divergence per site) 
E[D_neut] = 0.0198605274
E[D_sel] = 0.0125707267

---- Expected neutral and selected misattributed polymorphism per site
E[mis_neut] = 0.0005821735
E[mis_sel] = 0.0003502992

---- alpha_div = 0.249380
---- alpha_dfe = 0.249274

