---- Running command
---- ./polyDFE -d Mmc/269.polyDFE.config.txt -m C -e 
---- Performing inference using model C

---- Performing inference on Mmc/269.polyDFE.config.txt
---- No mutation variability. Using Poisson likelihood.


---- Calculating initial values

-- Starting local optimization
-- Optimizing all parameters
  it        eps_an        lambda     theta_bar           S_d             b           p_b           S_b           r 2           r 3           r 4           r 5           r 6           r 7           r 8           r 9          r 10          r 11          r 12          r 13          r 14          r 15          r 16          r 17          r 18          r 19          r 20           ln lk          grad status 
   0           0.1 0.01928395477 0.01135082047        -20000         0.208           0.1            20 0.87292437216 0.73454469072 0.64652879755 0.57942842335 0.55512363907 0.53584634593 0.54010999744 0.53070969380 0.55726439934 0.55755410323 0.59150115465 0.62224041956 0.66640350666 0.75392126540 0.85863915628 1.10785885961 1.58055300311             1             1 -1117352.879593 23197.1840146   -2 
 258 0.00426001974 0.01934225278 0.01023082513 -136.47111108 0.09843811132 0.00302800892 37.7113169272 0.85859752140 0.71162925667 0.61423868124 0.54554085017 0.52026533103 0.49499930233 0.48933732365 0.47923639685 0.49030760217 0.48094392058 0.50428602681 0.50887506955 0.51520126652 0.55773926867 0.57717651542 0.64279015556 0.68948928877 0.75951110443 0.99940627255 -325.2989394031 2.98445275745   -3 
-- Local optimization: stuck in the same solution
---- Best joint likelihood found -325.298939403117402 with gradient 2.98445

---- Results for Mmc/269.polyDFE.config.txt 
--  Model: C
--        eps_an        lambda     theta_bar             a 
-- 0.00426001974 0.01934225278 0.01023082513            -1 
--           S_d             b           p_b           S_b 
-- -136.47111108 0.09843811132 0.00302800892 37.7113169272 
--           r 2           r 3           r 4           r 5           r 6           r 7           r 8           r 9          r 10          r 11          r 12          r 13          r 14          r 15          r 16          r 17          r 18          r 19          r 20 
-- 0.85859752140 0.71162925667 0.61423868124 0.54554085017 0.52026533103 0.49499930233 0.48933732365 0.47923639685 0.49030760217 0.48094392058 0.50428602681 0.50887506955 0.51520126652 0.55773926867 0.57717651542 0.64279015556 0.68948928877 0.75951110443 0.99940627255 

---- Expected P_neut(i), 0 < i < n (neutral SFS per site) 
E[P_neut(1)] = 0.0101889838
E[P_neut(2)] = 0.0043750397
E[P_neut(3)] = 0.0024181610
E[P_neut(4)] = 0.0015659217
E[P_neut(5)] = 0.0011131318
E[P_neut(6)] = 0.0008849486
E[P_neut(7)] = 0.0007220885
E[P_neut(8)] = 0.0006249562
E[P_neut(9)] = 0.0005443608
E[P_neut(10)] = 0.0005016251
E[P_neut(11)] = 0.0004477291
E[P_neut(12)] = 0.0004307728
E[P_neut(13)] = 0.0004018538
E[P_neut(14)] = 0.0003786706
E[P_neut(15)] = 0.0003835436
E[P_neut(16)] = 0.0003741825
E[P_neut(17)] = 0.0003955301
E[P_neut(18)] = 0.0004089322
E[P_neut(19)] = 0.0004508111

---- Expected P_sel(i), 0 < i < n (selected SFS per site) 
E[P_sel(1)] = 0.0071950823
E[P_sel(2)] = 0.0028256511
E[P_sel(3)] = 0.0014946221
E[P_sel(4)] = 0.0009408377
E[P_sel(5)] = 0.0006551268
E[P_sel(6)] = 0.0005125205
E[P_sel(7)] = 0.0004127647
E[P_sel(8)] = 0.0003533628
E[P_sel(9)] = 0.0003049543
E[P_sel(10)] = 0.0002787897
E[P_sel(11)] = 0.0002471520
E[P_sel(12)] = 0.0002364292
E[P_sel(13)] = 0.0002195207
E[P_sel(14)] = 0.0002061216
E[P_sel(15)] = 0.0002083111
E[P_sel(16)] = 0.0002032059
E[P_sel(17)] = 0.0002154983
E[P_sel(18)] = 0.0002253334
E[P_sel(19)] = 0.0002583875

---- Expected D_neut and D_sel (neutral and selected divergence per site) 
E[D_neut] = 0.0198534903
E[D_sel] = 0.0125078927

---- Expected neutral and selected misattributed polymorphism per site
E[mis_neut] = 0.0005112375
E[mis_sel] = 0.0002933819

---- alpha_div = 0.181042
---- alpha_dfe = 0.181027

