---- Running command
---- ./polyDFE -d Mmc/27.polyDFE.config.txt -m C -e 
---- Performing inference using model C

---- Performing inference on Mmc/27.polyDFE.config.txt
---- No mutation variability. Using Poisson likelihood.


---- Calculating initial values

-- Starting local optimization
-- Optimizing all parameters
  it        eps_an        lambda     theta_bar           S_d             b           p_b           S_b           r 2           r 3           r 4           r 5           r 6           r 7           r 8           r 9          r 10          r 11          r 12          r 13          r 14          r 15          r 16          r 17          r 18          r 19          r 20           ln lk          grad status 
   0           0.1 0.01929752890 0.01134797181        -20000         0.208           0.1            20 0.87358800085 0.73738932825 0.64783657182 0.58061509512 0.56004194206 0.54100927574 0.53894532259 0.52813374857 0.55150198939 0.55554872227 0.60391650546 0.62180172196 0.66856744570 0.75295980753 0.86668688593 1.10458621506 1.58785350145             1             1 -1118210.760195 23216.9834554   -2 
1212 0.00032601997 0.01930848210 0.01012946567 -70.789998632 0.12926524497 0.02752636370 5.89968010677 0.86578073872 0.72201414046 0.62385818591 0.55600459898 0.53131126620 0.50876514736 0.49837772713 0.48776939932 0.49482737076 0.48440626164 0.51615147822 0.51257558349 0.52907898956 0.56267071334 0.59272600475 0.64847348794 0.71769081992 0.82927506920 1.10479707270 -276.9351820041 0.05335298898   -8 
-- Local optimization: reached maximum number of likelihood evaluations allowed.
---- Best joint likelihood found -276.935182004162925 with gradient 0.05335

---- Results for Mmc/27.polyDFE.config.txt 
--  Model: C
--        eps_an        lambda     theta_bar             a 
-- 0.00032601997 0.01930848210 0.01012946567            -1 
--           S_d             b           p_b           S_b 
-- -70.789998632 0.12926524497 0.02752636370 5.89968010677 
--           r 2           r 3           r 4           r 5           r 6           r 7           r 8           r 9          r 10          r 11          r 12          r 13          r 14          r 15          r 16          r 17          r 18          r 19          r 20 
-- 0.86578073872 0.72201414046 0.62385818591 0.55600459898 0.53131126620 0.50876514736 0.49837772713 0.48776939932 0.49482737076 0.48440626164 0.51615147822 0.51257558349 0.52907898956 0.56267071334 0.59272600475 0.64847348794 0.71769081992 0.82927506920 1.10479707270 

---- Expected P_neut(i), 0 < i < n (neutral SFS per site) 
E[P_neut(1)] = 0.0101263074
E[P_neut(2)] = 0.0043836502
E[P_neut(3)] = 0.0024372037
E[P_neut(4)] = 0.0015794448
E[P_neut(5)] = 0.0011261625
E[P_neut(6)] = 0.0008968156
E[P_neut(7)] = 0.0007361072
E[P_neut(8)] = 0.0006309738
E[P_neut(9)] = 0.0005489490
E[P_neut(10)] = 0.0005012337
E[P_neut(11)] = 0.0004461042
E[P_neut(12)] = 0.0004357586
E[P_neut(13)] = 0.0003995034
E[P_neut(14)] = 0.0003829739
E[P_neut(15)] = 0.0003802136
E[P_neut(16)] = 0.0003756426
E[P_neut(17)] = 0.0003870623
E[P_neut(18)] = 0.0004051770
E[P_neut(19)] = 0.0004452695

---- Expected P_sel(i), 0 < i < n (selected SFS per site) 
E[P_sel(1)] = 0.0072446004
E[P_sel(2)] = 0.0028236629
E[P_sel(3)] = 0.0014894324
E[P_sel(4)] = 0.0009337281
E[P_sel(5)] = 0.0006503918
E[P_sel(6)] = 0.0005090133
E[P_sel(7)] = 0.0004122828
E[P_sel(8)] = 0.0003498041
E[P_sel(9)] = 0.0003019821
E[P_sel(10)] = 0.0002741896
E[P_sel(11)] = 0.0002431485
E[P_sel(12)] = 0.0002371085
E[P_sel(13)] = 0.0002174516
E[P_sel(14)] = 0.0002089834
E[P_sel(15)] = 0.0002085344
E[P_sel(16)] = 0.0002077177
E[P_sel(17)] = 0.0002166338
E[P_sel(18)] = 0.0002307373
E[P_sel(19)] = 0.0002600986

---- Expected D_neut and D_sel (neutral and selected divergence per site) 
E[D_neut] = 0.0198680323
E[D_sel] = 0.0125284741

---- Expected neutral and selected misattributed polymorphism per site
E[mis_neut] = 0.0005595502
E[mis_sel] = 0.0003371547

---- alpha_div = 0.267163
---- alpha_dfe = 0.266912

