---- Running command
---- ./polyDFE -d Mmc/270.polyDFE.config.txt -m C -e 
---- Performing inference using model C

---- Performing inference on Mmc/270.polyDFE.config.txt
---- No mutation variability. Using Poisson likelihood.


---- Calculating initial values

-- Starting local optimization
-- Optimizing all parameters
  it        eps_an        lambda     theta_bar           S_d             b           p_b           S_b           r 2           r 3           r 4           r 5           r 6           r 7           r 8           r 9          r 10          r 11          r 12          r 13          r 14          r 15          r 16          r 17          r 18          r 19          r 20           ln lk          grad status 
   0           0.1 0.01924689775 0.01133540856        -20000         0.208           0.1            20 0.87626940431 0.73495827614 0.64338970009 0.58475615366 0.55785262372 0.54160672616 0.54161750011 0.52714376251 0.55304358735 0.55697560637 0.60107360901 0.62997310679 0.66625575662 0.75719051210 0.86539098207 1.10628520206 1.59244906089             1             1 -1110513.024689 23068.5716214   -2 
 791 0.00282703659 0.01930371586 0.01014502900 -78.646447374 0.12169000070 0.01873015685 8.13425950646 0.86735003206 0.71990315318 0.61885784237 0.55612779322 0.53034985705 0.50918707626 0.49919407296 0.48583832735 0.49638396289 0.48555222608 0.51363695344 0.51601173077 0.52120562559 0.56493873786 0.58605296700 0.64158764776 0.69650277787 0.78355136177 1.00892476275 -276.0163602998 0.12327236791   -8 
-- Local optimization: reached maximum number of likelihood evaluations allowed.
---- Best joint likelihood found -276.016360299865482 with gradient 0.12327

---- Results for Mmc/270.polyDFE.config.txt 
--  Model: C
--        eps_an        lambda     theta_bar             a 
-- 0.00282703659 0.01930371586 0.01014502900            -1 
--           S_d             b           p_b           S_b 
-- -78.646447374 0.12169000070 0.01873015685 8.13425950646 
--           r 2           r 3           r 4           r 5           r 6           r 7           r 8           r 9          r 10          r 11          r 12          r 13          r 14          r 15          r 16          r 17          r 18          r 19          r 20 
-- 0.86735003206 0.71990315318 0.61885784237 0.55612779322 0.53034985705 0.50918707626 0.49919407296 0.48583832735 0.49638396289 0.48555222608 0.51363695344 0.51601173077 0.52120562559 0.56493873786 0.58605296700 0.64158764776 0.69650277787 0.78355136177 1.00892476275 

---- Expected P_neut(i), 0 < i < n (neutral SFS per site) 
E[P_neut(1)] = 0.0101175314
E[P_neut(2)] = 0.0043883174
E[P_neut(3)] = 0.0024286795
E[P_neut(4)] = 0.0015661959
E[P_neut(5)] = 0.0011262767
E[P_neut(6)] = 0.0008952684
E[P_neut(7)] = 0.0007370118
E[P_neut(8)] = 0.0006324803
E[P_neut(9)] = 0.0005473671
E[P_neut(10)] = 0.0005035830
E[P_neut(11)] = 0.0004480951
E[P_neut(12)] = 0.0004348005
E[P_neut(13)] = 0.0004036366
E[P_neut(14)] = 0.0003791564
E[P_neut(15)] = 0.0003841978
E[P_neut(16)] = 0.0003749820
E[P_neut(17)] = 0.0003886779
E[P_neut(18)] = 0.0004038860
E[P_neut(19)] = 0.0004458740

---- Expected P_sel(i), 0 < i < n (selected SFS per site) 
E[P_sel(1)] = 0.0072244271
E[P_sel(2)] = 0.0028297574
E[P_sel(3)] = 0.0014882332
E[P_sel(4)] = 0.0009291375
E[P_sel(5)] = 0.0006529470
E[P_sel(6)] = 0.0005100865
E[P_sel(7)] = 0.0004142795
E[P_sel(8)] = 0.0003517545
E[P_sel(9)] = 0.0003018875
E[P_sel(10)] = 0.0002759723
E[P_sel(11)] = 0.0002444488
E[P_sel(12)] = 0.0002365417
E[P_sel(13)] = 0.0002193953
E[P_sel(14)] = 0.0002063451
E[P_sel(15)] = 0.0002098726
E[P_sel(16)] = 0.0002062829
E[P_sel(17)] = 0.0002162978
E[P_sel(18)] = 0.0002290546
E[P_sel(19)] = 0.0002622122

---- Expected D_neut and D_sel (neutral and selected divergence per site) 
E[D_neut] = 0.0198154944
E[D_sel] = 0.0125399663

---- Expected neutral and selected misattributed polymorphism per site
E[mis_neut] = 0.0005117785
E[mis_sel] = 0.0003068865

---- alpha_div = 0.245638
---- alpha_dfe = 0.245474

