---- Running command
---- ./polyDFE -d Mmc/271.polyDFE.config.txt -m C -e 
---- Performing inference using model C

---- Performing inference on Mmc/271.polyDFE.config.txt
---- No mutation variability. Using Poisson likelihood.


---- Calculating initial values

-- Starting local optimization
-- Optimizing all parameters
  it        eps_an        lambda     theta_bar           S_d             b           p_b           S_b           r 2           r 3           r 4           r 5           r 6           r 7           r 8           r 9          r 10          r 11          r 12          r 13          r 14          r 15          r 16          r 17          r 18          r 19          r 20           ln lk          grad status 
   0           0.1 0.01927980220 0.01135729837        -20000         0.208           0.1            20 0.87101899926 0.73144720704 0.64326802213 0.58684602576 0.55813281381 0.54189965555 0.53762513092 0.52684290768 0.55483855389 0.55086706631 0.59392933855 0.62470161733 0.66677196629 0.75894639589 0.86943445040 1.09850557801 1.58316065399             1             1 -1120393.126664 23233.1450489   -2 
 943 0.00067995421 0.01929576660 0.01014233167 -83.853778466 0.11702941347 0.01430472203 9.90064999427 0.86249386578 0.71816526782 0.62015532799 0.55726865913 0.52820898500 0.50961686577 0.49942879074 0.48541725465 0.49603975594 0.48362199487 0.51250875756 0.51264433645 0.52530673346 0.56479499732 0.58877067874 0.64508734535 0.71681373041 0.82885350380 1.09123376375 -272.5904411884 0.02189400882   -3 
-- Local optimization: stuck in the same solution
---- Best joint likelihood found -272.590441188454861 with gradient 0.02189

---- Results for Mmc/271.polyDFE.config.txt 
--  Model: C
--        eps_an        lambda     theta_bar             a 
-- 0.00067995421 0.01929576660 0.01014233167            -1 
--           S_d             b           p_b           S_b 
-- -83.853778466 0.11702941347 0.01430472203 9.90064999427 
--           r 2           r 3           r 4           r 5           r 6           r 7           r 8           r 9          r 10          r 11          r 12          r 13          r 14          r 15          r 16          r 17          r 18          r 19          r 20 
-- 0.86249386578 0.71816526782 0.62015532799 0.55726865913 0.52820898500 0.50961686577 0.49942879074 0.48541725465 0.49603975594 0.48362199487 0.51250875756 0.51264433645 0.52530673346 0.56479499732 0.58877067874 0.64508734535 0.71681373041 0.82885350380 1.09123376375 

---- Expected P_neut(i), 0 < i < n (neutral SFS per site) 
E[P_neut(1)] = 0.0101357362
E[P_neut(2)] = 0.0043711500
E[P_neut(3)] = 0.0024265676
E[P_neut(4)] = 0.0015716398
E[P_neut(5)] = 0.0011298918
E[P_neut(6)] = 0.0008925301
E[P_neut(7)] = 0.0007381561
E[P_neut(8)] = 0.0006330356
E[P_neut(9)] = 0.0005469604
E[P_neut(10)] = 0.0005031000
E[P_neut(11)] = 0.0004459828
E[P_neut(12)] = 0.0004333055
E[P_neut(13)] = 0.0004001846
E[P_neut(14)] = 0.0003809080
E[P_neut(15)] = 0.0003823982
E[P_neut(16)] = 0.0003740346
E[P_neut(17)] = 0.0003862533
E[P_neut(18)] = 0.0004065973
E[P_neut(19)] = 0.0004490432

---- Expected P_sel(i), 0 < i < n (selected SFS per site) 
E[P_sel(1)] = 0.0072384307
E[P_sel(2)] = 0.0028254354
E[P_sel(3)] = 0.0014922705
E[P_sel(4)] = 0.0009362958
E[P_sel(5)] = 0.0006580035
E[P_sel(6)] = 0.0005108670
E[P_sel(7)] = 0.0004167977
E[P_sel(8)] = 0.0003535729
E[P_sel(9)] = 0.0003028451
E[P_sel(10)] = 0.0002766479
E[P_sel(11)] = 0.0002439680
E[P_sel(12)] = 0.0002361890
E[P_sel(13)] = 0.0002177300
E[P_sel(14)] = 0.0002072522
E[P_sel(15)] = 0.0002085486
E[P_sel(16)] = 0.0002050667
E[P_sel(17)] = 0.0002137519
E[P_sel(18)] = 0.0002285507
E[P_sel(19)] = 0.0002596775

---- Expected D_neut and D_sel (neutral and selected divergence per site) 
E[D_neut] = 0.0198491493
E[D_sel] = 0.0125153476

---- Expected neutral and selected misattributed polymorphism per site
E[mis_neut] = 0.0005533827
E[mis_sel] = 0.0003295439

---- alpha_div = 0.227663
---- alpha_dfe = 0.227534

