---- Running command
---- ./polyDFE -d Mmc/272.polyDFE.config.txt -m C -e 
---- Performing inference using model C

---- Performing inference on Mmc/272.polyDFE.config.txt
---- No mutation variability. Using Poisson likelihood.


---- Calculating initial values

-- Starting local optimization
-- Optimizing all parameters
  it        eps_an        lambda     theta_bar           S_d             b           p_b           S_b           r 2           r 3           r 4           r 5           r 6           r 7           r 8           r 9          r 10          r 11          r 12          r 13          r 14          r 15          r 16          r 17          r 18          r 19          r 20           ln lk          grad status 
   0           0.1 0.01926287783 0.01134699848        -20000         0.208           0.1            20 0.87279218888 0.73867478968 0.64134222215 0.58367093652 0.55243928287 0.54081839172 0.53654875236 0.53352688006 0.55112525458 0.55459730544 0.59746792295 0.62750082496 0.65647480196 0.74998519540 0.85792388508 1.11696239351 1.58700804009             1             1 -1119576.405317 23187.6166323   -2 
 941 0.00103611251 0.01929253797 0.01013872000 -78.867804605 0.11993463914 0.01653730319 8.73102089460 0.86410230299 0.72237590660 0.62037626080 0.55625236710 0.52484793921 0.50568220562 0.49538780702 0.48810654145 0.49772757081 0.48575671645 0.51115699269 0.51484863377 0.52140097454 0.55246501299 0.59088160941 0.65049106436 0.71412003043 0.82564281124 1.06499024862 -280.1134427994 0.03355881551   -3 
-- Local optimization: stuck in the same solution
---- Best joint likelihood found -280.113442799454788 with gradient 0.03356

---- Results for Mmc/272.polyDFE.config.txt 
--  Model: C
--        eps_an        lambda     theta_bar             a 
-- 0.00103611251 0.01929253797 0.01013872000            -1 
--           S_d             b           p_b           S_b 
-- -78.867804605 0.11993463914 0.01653730319 8.73102089460 
--           r 2           r 3           r 4           r 5           r 6           r 7           r 8           r 9          r 10          r 11          r 12          r 13          r 14          r 15          r 16          r 17          r 18          r 19          r 20 
-- 0.86410230299 0.72237590660 0.62037626080 0.55625236710 0.52484793921 0.50568220562 0.49538780702 0.48810654145 0.49772757081 0.48575671645 0.51115699269 0.51484863377 0.52140097454 0.55246501299 0.59088160941 0.65049106436 0.71412003043 0.82564281124 1.06499024862 

---- Expected P_neut(i), 0 < i < n (neutral SFS per site) 
E[P_neut(1)] = 0.0101286716
E[P_neut(2)] = 0.0043763238
E[P_neut(3)] = 0.0024391948
E[P_neut(4)] = 0.0015712140
E[P_neut(5)] = 0.0011271556
E[P_neut(6)] = 0.0008863534
E[P_neut(7)] = 0.0007320815
E[P_neut(8)] = 0.0006276218
E[P_neut(9)] = 0.0005497581
E[P_neut(10)] = 0.0005046320
E[P_neut(11)] = 0.0004478287
E[P_neut(12)] = 0.0004320762
E[P_neut(13)] = 0.0004018741
E[P_neut(14)] = 0.0003781233
E[P_neut(15)] = 0.0003742010
E[P_neut(16)] = 0.0003756652
E[P_neut(17)] = 0.0003900773
E[P_neut(18)] = 0.0004063587
E[P_neut(19)] = 0.0004506253

---- Expected P_sel(i), 0 < i < n (selected SFS per site) 
E[P_sel(1)] = 0.0072466160
E[P_sel(2)] = 0.0028301230
E[P_sel(3)] = 0.0014995424
E[P_sel(4)] = 0.0009352984
E[P_sel(5)] = 0.0006557117
E[P_sel(6)] = 0.0005067209
E[P_sel(7)] = 0.0004128526
E[P_sel(8)] = 0.0003501259
E[P_sel(9)] = 0.0003040607
E[P_sel(10)] = 0.0002772367
E[P_sel(11)] = 0.0002448151
E[P_sel(12)] = 0.0002354384
E[P_sel(13)] = 0.0002186613
E[P_sel(14)] = 0.0002058467
E[P_sel(15)] = 0.0002043009
E[P_sel(16)] = 0.0002063143
E[P_sel(17)] = 0.0002163843
E[P_sel(18)] = 0.0002291167
E[P_sel(19)] = 0.0002615349

---- Expected D_neut and D_sel (neutral and selected divergence per site) 
E[D_neut] = 0.0198324199
E[D_sel] = 0.0124816857

---- Expected neutral and selected misattributed polymorphism per site
E[mis_neut] = 0.0005398819
E[mis_sel] = 0.0003220388

---- alpha_div = 0.233502
---- alpha_dfe = 0.233313

