---- Running command
---- ./polyDFE -d Mmc/273.polyDFE.config.txt -m C -e 
---- Performing inference using model C

---- Performing inference on Mmc/273.polyDFE.config.txt
---- No mutation variability. Using Poisson likelihood.


---- Calculating initial values

-- Starting local optimization
-- Optimizing all parameters
  it        eps_an        lambda     theta_bar           S_d             b           p_b           S_b           r 2           r 3           r 4           r 5           r 6           r 7           r 8           r 9          r 10          r 11          r 12          r 13          r 14          r 15          r 16          r 17          r 18          r 19          r 20           ln lk          grad status 
   0           0.1 0.01927532815 0.01135871789        -20000         0.208           0.1            20 0.87071355790 0.73201711140 0.64688193254 0.57790020370 0.55952083419 0.54337659570 0.53813683647 0.53535915025 0.55098060775 0.55780021606 0.60046957067 0.62032280984 0.66419774618 0.74910486149 0.85960024482 1.10141827403 1.58228093307             1             1 -1114932.941963 23130.6045102   -2 
 253 0.00527232937 0.01932920014 0.01021162914 -114.40961243 0.10343629107 0.00501541278 24.1686995061 0.85979122995 0.71448358705 0.61868148033 0.54615904345 0.52433039756 0.50600339946 0.49390769594 0.48258148802 0.49128109054 0.48127943620 0.51561792169 0.50942702589 0.52279257834 0.55232217150 0.57670883765 0.63192940081 0.68461165510 0.72988445163 1.00216051893 -300.3296527371 0.84925222159   -3 
-- Local optimization: stuck in the same solution
---- Best joint likelihood found -300.329652737185825 with gradient 0.84925

---- Results for Mmc/273.polyDFE.config.txt 
--  Model: C
--        eps_an        lambda     theta_bar             a 
-- 0.00527232937 0.01932920014 0.01021162914            -1 
--           S_d             b           p_b           S_b 
-- -114.40961243 0.10343629107 0.00501541278 24.1686995061 
--           r 2           r 3           r 4           r 5           r 6           r 7           r 8           r 9          r 10          r 11          r 12          r 13          r 14          r 15          r 16          r 17          r 18          r 19          r 20 
-- 0.85979122995 0.71448358705 0.61868148033 0.54615904345 0.52433039756 0.50600339946 0.49390769594 0.48258148802 0.49128109054 0.48127943620 0.51561792169 0.50942702589 0.52279257834 0.55232217150 0.57670883765 0.63192940081 0.68461165510 0.72988445163 1.00216051893 

---- Expected P_neut(i), 0 < i < n (neutral SFS per site) 
E[P_neut(1)] = 0.0101598583
E[P_neut(2)] = 0.0043688371
E[P_neut(3)] = 0.0024211928
E[P_neut(4)] = 0.0015730497
E[P_neut(5)] = 0.0011115362
E[P_neut(6)] = 0.0008896835
E[P_neut(7)] = 0.0007363778
E[P_neut(8)] = 0.0006294397
E[P_neut(9)] = 0.0005470180
E[P_neut(10)] = 0.0005016780
E[P_neut(11)] = 0.0004473174
E[P_neut(12)] = 0.0004397855
E[P_neut(13)] = 0.0004019420
E[P_neut(14)] = 0.0003840204
E[P_neut(15)] = 0.0003799058
E[P_neut(16)] = 0.0003744578
E[P_neut(17)] = 0.0003904110
E[P_neut(18)] = 0.0004094864
E[P_neut(19)] = 0.0004440503

---- Expected P_sel(i), 0 < i < n (selected SFS per site) 
E[P_sel(1)] = 0.0072117919
E[P_sel(2)] = 0.0028275469
E[P_sel(3)] = 0.0014969593
E[P_sel(4)] = 0.0009443766
E[P_sel(5)] = 0.0006532029
E[P_sel(6)] = 0.0005142424
E[P_sel(7)] = 0.0004199777
E[P_sel(8)] = 0.0003550384
E[P_sel(9)] = 0.0003057022
E[P_sel(10)] = 0.0002781821
E[P_sel(11)] = 0.0002464301
E[P_sel(12)] = 0.0002410001
E[P_sel(13)] = 0.0002193746
E[P_sel(14)] = 0.0002090405
E[P_sel(15)] = 0.0002066110
E[P_sel(16)] = 0.0002039998
E[P_sel(17)] = 0.0002139518
E[P_sel(18)] = 0.0002278546
E[P_sel(19)] = 0.0002589918

---- Expected D_neut and D_sel (neutral and selected divergence per site) 
E[D_neut] = 0.0198408847
E[D_sel] = 0.0125239832

---- Expected neutral and selected misattributed polymorphism per site
E[mis_neut] = 0.0005116846
E[mis_sel] = 0.0002977468

---- alpha_div = 0.191882
---- alpha_dfe = 0.192147

