---- Running command
---- ./polyDFE -d Mmc/274.polyDFE.config.txt -m C -e 
---- Performing inference using model C

---- Performing inference on Mmc/274.polyDFE.config.txt
---- No mutation variability. Using Poisson likelihood.


---- Calculating initial values

-- Starting local optimization
-- Optimizing all parameters
  it        eps_an        lambda     theta_bar           S_d             b           p_b           S_b           r 2           r 3           r 4           r 5           r 6           r 7           r 8           r 9          r 10          r 11          r 12          r 13          r 14          r 15          r 16          r 17          r 18          r 19          r 20           ln lk          grad status 
   0           0.1 0.01926189927 0.01135629292        -20000         0.208           0.1            20 0.87142107155 0.73399853582 0.64354779977 0.58638670900 0.55731690968 0.54289507198 0.53402261439 0.52930966289 0.54931349601 0.56298869676 0.59092185116 0.62746348081 0.66285589212 0.74230202805 0.86641863554 1.11246271990 1.57002054072             1             1 -1116257.861803 23151.1251765   -2 
 936 0.00099672188 0.01927232326 0.01013657345 -74.572841081 0.12486352324 0.02283889864 6.82576927277 0.86653403157 0.72004148064 0.61967060538 0.55903390238 0.52791808125 0.50982042858 0.49338620746 0.48511239151 0.49417840144 0.48897792813 0.50996178561 0.52099803720 0.52510041522 0.55333723072 0.59107542426 0.64660947909 0.69903636535 0.81526125992 1.10315900364 -283.9443563803 0.03052209697   -3 
-- Local optimization: stuck in the same solution
---- Best joint likelihood found -283.944356380350655 with gradient 0.03052

---- Results for Mmc/274.polyDFE.config.txt 
--  Model: C
--        eps_an        lambda     theta_bar             a 
-- 0.00099672188 0.01927232326 0.01013657345            -1 
--           S_d             b           p_b           S_b 
-- -74.572841081 0.12486352324 0.02283889864 6.82576927277 
--           r 2           r 3           r 4           r 5           r 6           r 7           r 8           r 9          r 10          r 11          r 12          r 13          r 14          r 15          r 16          r 17          r 18          r 19          r 20 
-- 0.86653403157 0.72004148064 0.61967060538 0.55903390238 0.52791808125 0.50982042858 0.49338620746 0.48511239151 0.49417840144 0.48897792813 0.50996178561 0.52099803720 0.52510041522 0.55333723072 0.59107542426 0.64660947909 0.69903636535 0.81526125992 1.10315900364 

---- Expected P_neut(i), 0 < i < n (neutral SFS per site) 
E[P_neut(1)] = 0.0101269036
E[P_neut(2)] = 0.0043878579
E[P_neut(3)] = 0.0024308771
E[P_neut(4)] = 0.0015691422
E[P_neut(5)] = 0.0011325807
E[P_neut(6)] = 0.0008913701
E[P_neut(7)] = 0.0007379308
E[P_neut(8)] = 0.0006249619
E[P_neut(9)] = 0.0005462798
E[P_neut(10)] = 0.0005009276
E[P_neut(11)] = 0.0004506919
E[P_neut(12)] = 0.0004309658
E[P_neut(13)] = 0.0004065721
E[P_neut(14)] = 0.0003807042
E[P_neut(15)] = 0.0003746865
E[P_neut(16)] = 0.0003756594
E[P_neut(17)] = 0.0003875939
E[P_neut(18)] = 0.0003976425
E[P_neut(19)] = 0.0004446149

---- Expected P_sel(i), 0 < i < n (selected SFS per site) 
E[P_sel(1)] = 0.0072440769
E[P_sel(2)] = 0.0028313297
E[P_sel(3)] = 0.0014896636
E[P_sel(4)] = 0.0009306809
E[P_sel(5)] = 0.0006564054
E[P_sel(6)] = 0.0005077382
E[P_sel(7)] = 0.0004147560
E[P_sel(8)] = 0.0003476227
E[P_sel(9)] = 0.0003014257
E[P_sel(10)] = 0.0002747493
E[P_sel(11)] = 0.0002461856
E[P_sel(12)] = 0.0002348833
E[P_sel(13)] = 0.0002215206
E[P_sel(14)] = 0.0002078085
E[P_sel(15)] = 0.0002054150
E[P_sel(16)] = 0.0002074903
E[P_sel(17)] = 0.0002165681
E[P_sel(18)] = 0.0002260966
E[P_sel(19)] = 0.0002600527

---- Expected D_neut and D_sel (neutral and selected divergence per site) 
E[D_neut] = 0.0198314359
E[D_sel] = 0.0125226752

---- Expected neutral and selected misattributed polymorphism per site
E[mis_neut] = 0.0005591126
E[mis_sel] = 0.0003363205

---- alpha_div = 0.253834
---- alpha_dfe = 0.253691

