---- Running command
---- ./polyDFE -d Mmc/275.polyDFE.config.txt -m C -e 
---- Performing inference using model C

---- Performing inference on Mmc/275.polyDFE.config.txt
---- No mutation variability. Using Poisson likelihood.


---- Calculating initial values

-- Starting local optimization
-- Optimizing all parameters
  it        eps_an        lambda     theta_bar           S_d             b           p_b           S_b           r 2           r 3           r 4           r 5           r 6           r 7           r 8           r 9          r 10          r 11          r 12          r 13          r 14          r 15          r 16          r 17          r 18          r 19          r 20           ln lk          grad status 
   0           0.1 0.01927035324 0.01131872065        -20000         0.208           0.1            20 0.87319714893 0.73919225119 0.64861323588 0.57997058315 0.56161161942 0.53985923372 0.53285525196 0.53580873041 0.55125959111 0.55619290431 0.59319277090 0.63311076047 0.66649353949 0.74787442541 0.87154574842 1.12092574563 1.57563447287             1             1 -1116056.924464 23153.2838187   -2 
 821 0.00036453479 0.01928101263 0.01010265937 -72.954625450 0.12514748326 0.02302521681 6.73323403275 0.86712884983 0.72379281724 0.62323211567 0.55456444143 0.53114083174 0.50786484679 0.49286837153 0.48979888196 0.49438684691 0.48844178647 0.51198361986 0.52436235805 0.52747982361 0.56112368774 0.59134711806 0.65991635983 0.70909058331 0.84455945064 1.10359488687 -275.2115537856 0.05071063584   -8 
-- Local optimization: reached maximum number of likelihood evaluations allowed.
---- Best joint likelihood found -275.211553785644355 with gradient 0.05071

---- Results for Mmc/275.polyDFE.config.txt 
--  Model: C
--        eps_an        lambda     theta_bar             a 
-- 0.00036453479 0.01928101263 0.01010265937            -1 
--           S_d             b           p_b           S_b 
-- -72.954625450 0.12514748326 0.02302521681 6.73323403275 
--           r 2           r 3           r 4           r 5           r 6           r 7           r 8           r 9          r 10          r 11          r 12          r 13          r 14          r 15          r 16          r 17          r 18          r 19          r 20 
-- 0.86712884983 0.72379281724 0.62323211567 0.55456444143 0.53114083174 0.50786484679 0.49286837153 0.48979888196 0.49438684691 0.48844178647 0.51198361986 0.52436235805 0.52747982361 0.56112368774 0.59134711806 0.65991635983 0.70909058331 0.84455945064 1.10359488687 

---- Expected P_neut(i), 0 < i < n (neutral SFS per site) 
E[P_neut(1)] = 0.0100991403
E[P_neut(2)] = 0.0043787021
E[P_neut(3)] = 0.0024366652
E[P_neut(4)] = 0.0015736378
E[P_neut(5)] = 0.0011202444
E[P_neut(6)] = 0.0008941352
E[P_neut(7)] = 0.0007328507
E[P_neut(8)] = 0.0006223404
E[P_neut(9)] = 0.0005497710
E[P_neut(10)] = 0.0004994622
E[P_neut(11)] = 0.0004486333
E[P_neut(12)] = 0.0004311028
E[P_neut(13)] = 0.0004076151
E[P_neut(14)] = 0.0003808265
E[P_neut(15)] = 0.0003781935
E[P_neut(16)] = 0.0003738238
E[P_neut(17)] = 0.0003929167
E[P_neut(18)] = 0.0003994350
E[P_neut(19)] = 0.0004525873

---- Expected P_sel(i), 0 < i < n (selected SFS per site) 
E[P_sel(1)] = 0.0072381531
E[P_sel(2)] = 0.0028309369
E[P_sel(3)] = 0.0014960378
E[P_sel(4)] = 0.0009350695
E[P_sel(5)] = 0.0006504297
E[P_sel(6)] = 0.0005102194
E[P_sel(7)] = 0.0004126235
E[P_sel(8)] = 0.0003467646
E[P_sel(9)] = 0.0003038716
E[P_sel(10)] = 0.0002744088
E[P_sel(11)] = 0.0002454695
E[P_sel(12)] = 0.0002353425
E[P_sel(13)] = 0.0002224433
E[P_sel(14)] = 0.0002081946
E[P_sel(15)] = 0.0002076371
E[P_sel(16)] = 0.0002067432
E[P_sel(17)] = 0.0002197597
E[P_sel(18)] = 0.0002271719
E[P_sel(19)] = 0.0002640658

---- Expected D_neut and D_sel (neutral and selected divergence per site) 
E[D_neut] = 0.0198384748
E[D_sel] = 0.0125231414

---- Expected neutral and selected misattributed polymorphism per site
E[mis_neut] = 0.0005574622
E[mis_sel] = 0.0003354824

---- alpha_div = 0.252737
---- alpha_dfe = 0.252558

