---- Running command
---- ./polyDFE -d Mmc/276.polyDFE.config.txt -m C -e 
---- Performing inference using model C

---- Performing inference on Mmc/276.polyDFE.config.txt
---- No mutation variability. Using Poisson likelihood.


---- Calculating initial values

-- Starting local optimization
-- Optimizing all parameters
  it        eps_an        lambda     theta_bar           S_d             b           p_b           S_b           r 2           r 3           r 4           r 5           r 6           r 7           r 8           r 9          r 10          r 11          r 12          r 13          r 14          r 15          r 16          r 17          r 18          r 19          r 20           ln lk          grad status 
   0           0.1 0.01927945720 0.01135237076        -20000         0.208           0.1            20 0.87489853278 0.73350527455 0.64634913356 0.58301756525 0.55910777935 0.54494852930 0.54052052401 0.52886868543 0.55807899867 0.55667592130 0.59574093856 0.62611218836 0.67825266882 0.75413053806 0.87005300834 1.10811189283 1.58742918258             1             1 -1114163.392889 23136.3450747   -2 
 491 0.00250121722 0.01933737955 0.01015451757 -71.818972126 0.12819397841 0.02762679736 5.88827104076 0.86554127623 0.72113097000 0.62243099641 0.55881770174 0.52773619378 0.51037220069 0.49761422483 0.48371718126 0.49432098516 0.48808352441 0.51619843281 0.51895987201 0.53187917698 0.56039220337 0.58939499594 0.64190241834 0.70016136541 0.78444866593 1.00911103658 -276.5945956449 0.17543097754   -3 
-- Local optimization: stuck in the same solution
---- Best joint likelihood found -276.594595644928631 with gradient 0.17543

---- Results for Mmc/276.polyDFE.config.txt 
--  Model: C
--        eps_an        lambda     theta_bar             a 
-- 0.00250121722 0.01933737955 0.01015451757            -1 
--           S_d             b           p_b           S_b 
-- -71.818972126 0.12819397841 0.02762679736 5.88827104076 
--           r 2           r 3           r 4           r 5           r 6           r 7           r 8           r 9          r 10          r 11          r 12          r 13          r 14          r 15          r 16          r 17          r 18          r 19          r 20 
-- 0.86554127623 0.72113097000 0.62243099641 0.55881770174 0.52773619378 0.51037220069 0.49761422483 0.48371718126 0.49432098516 0.48808352441 0.51619843281 0.51895987201 0.53187917698 0.56039220337 0.58939499594 0.64190241834 0.70016136541 0.78444866593 1.00911103658 

---- Expected P_neut(i), 0 < i < n (neutral SFS per site) 
E[P_neut(1)] = 0.0101301676
E[P_neut(2)] = 0.0043845732
E[P_neut(3)] = 0.0024357661
E[P_neut(4)] = 0.0015771050
E[P_neut(5)] = 0.0011330151
E[P_neut(6)] = 0.0008918820
E[P_neut(7)] = 0.0007395312
E[P_neut(8)] = 0.0006311418
E[P_neut(9)] = 0.0005455302
E[P_neut(10)] = 0.0005019591
E[P_neut(11)] = 0.0004508065
E[P_neut(12)] = 0.0004372995
E[P_neut(13)] = 0.0004062062
E[P_neut(14)] = 0.0003870531
E[P_neut(15)] = 0.0003812573
E[P_neut(16)] = 0.0003770805
E[P_neut(17)] = 0.0003885703
E[P_neut(18)] = 0.0004049928
E[P_neut(19)] = 0.0004435973

---- Expected P_sel(i), 0 < i < n (selected SFS per site) 
E[P_sel(1)] = 0.0072494397
E[P_sel(2)] = 0.0028270397
E[P_sel(3)] = 0.0014906559
E[P_sel(4)] = 0.0009339305
E[P_sel(5)] = 0.0006556025
E[P_sel(6)] = 0.0005072696
E[P_sel(7)] = 0.0004151245
E[P_sel(8)] = 0.0003507215
E[P_sel(9)] = 0.0003008425
E[P_sel(10)] = 0.0002752937
E[P_sel(11)] = 0.0002463697
E[P_sel(12)] = 0.0002386092
E[P_sel(13)] = 0.0002217410
E[P_sel(14)] = 0.0002118510
E[P_sel(15)] = 0.0002097809
E[P_sel(16)] = 0.0002092513
E[P_sel(17)] = 0.0002183875
E[P_sel(18)] = 0.0002320190
E[P_sel(19)] = 0.0002627684

---- Expected D_neut and D_sel (neutral and selected divergence per site) 
E[D_neut] = 0.0198497313
E[D_sel] = 0.0125534217

---- Expected neutral and selected misattributed polymorphism per site
E[mis_neut] = 0.0005123518
E[mis_sel] = 0.0003096109

---- alpha_div = 0.266866
---- alpha_dfe = 0.266654

