---- Running command
---- ./polyDFE -d Mmc/277.polyDFE.config.txt -m C -e 
---- Performing inference using model C

---- Performing inference on Mmc/277.polyDFE.config.txt
---- No mutation variability. Using Poisson likelihood.


---- Calculating initial values

-- Starting local optimization
-- Optimizing all parameters
  it        eps_an        lambda     theta_bar           S_d             b           p_b           S_b           r 2           r 3           r 4           r 5           r 6           r 7           r 8           r 9          r 10          r 11          r 12          r 13          r 14          r 15          r 16          r 17          r 18          r 19          r 20           ln lk          grad status 
   0           0.1 0.01929784151 0.01134886742        -20000         0.208           0.1            20 0.87213290141 0.73668590389 0.64383107069 0.58646661410 0.55407096905 0.54041540785 0.53038200332 0.53180542638 0.55795429155 0.55962068756 0.58905591848 0.62541215313 0.66065793196 0.74948375816 0.86722583155 1.11456927553 1.57729900311             1             1 -1117152.216167 23159.0186306   -2 
 561 0.00364791321 0.01928466715 0.01017462684 -83.607989488 0.11670082226 0.01314992181 10.7289763213 0.86283455996 0.72121360622 0.61807640545 0.55642849707 0.52280740790 0.50445253899 0.49002183286 0.48365622586 0.49761242729 0.48608090228 0.50665527039 0.51578877968 0.52232671423 0.55496379637 0.58108122934 0.64321110216 0.68591607679 0.76200108669 1.14304839641 -277.8693388459 0.34825503748   -8 
-- Local optimization: reached maximum number of likelihood evaluations allowed.
---- Best joint likelihood found -277.869338845994207 with gradient 0.34826

---- Results for Mmc/277.polyDFE.config.txt 
--  Model: C
--        eps_an        lambda     theta_bar             a 
-- 0.00364791321 0.01928466715 0.01017462684            -1 
--           S_d             b           p_b           S_b 
-- -83.607989488 0.11670082226 0.01314992181 10.7289763213 
--           r 2           r 3           r 4           r 5           r 6           r 7           r 8           r 9          r 10          r 11          r 12          r 13          r 14          r 15          r 16          r 17          r 18          r 19          r 20 
-- 0.86283455996 0.72121360622 0.61807640545 0.55642849707 0.52280740790 0.50445253899 0.49002183286 0.48365622586 0.49761242729 0.48608090228 0.50665527039 0.51578877968 0.52232671423 0.55496379637 0.58108122934 0.64321110216 0.68591607679 0.76200108669 1.14304839641 

---- Expected P_neut(i), 0 < i < n (neutral SFS per site) 
E[P_neut(1)] = 0.0101389992
E[P_neut(2)] = 0.0043749117
E[P_neut(3)] = 0.0024385079
E[P_neut(4)] = 0.0015677870
E[P_neut(5)] = 0.0011295332
E[P_neut(6)] = 0.0008847124
E[P_neut(7)] = 0.0007320288
E[P_neut(8)] = 0.0006225173
E[P_neut(9)] = 0.0005464257
E[P_neut(10)] = 0.0005063021
E[P_neut(11)] = 0.0004499628
E[P_neut(12)] = 0.0004302921
E[P_neut(13)] = 0.0004048912
E[P_neut(14)] = 0.0003814550
E[P_neut(15)] = 0.0003791939
E[P_neut(16)] = 0.0003739050
E[P_neut(17)] = 0.0003924852
E[P_neut(18)] = 0.0004023171
E[P_neut(19)] = 0.0004436843

---- Expected P_sel(i), 0 < i < n (selected SFS per site) 
E[P_sel(1)] = 0.0072435625
E[P_sel(2)] = 0.0028290400
E[P_sel(3)] = 0.0015001539
E[P_sel(4)] = 0.0009342593
E[P_sel(5)] = 0.0006579092
E[P_sel(6)] = 0.0005064225
E[P_sel(7)] = 0.0004133095
E[P_sel(8)] = 0.0003476256
E[P_sel(9)] = 0.0003024407
E[P_sel(10)] = 0.0002782640
E[P_sel(11)] = 0.0002459750
E[P_sel(12)] = 0.0002343423
E[P_sel(13)] = 0.0002200608
E[P_sel(14)] = 0.0002073037
E[P_sel(15)] = 0.0002065401
E[P_sel(16)] = 0.0002047684
E[P_sel(17)] = 0.0002171115
E[P_sel(18)] = 0.0002266789
E[P_sel(19)] = 0.0002603156

---- Expected D_neut and D_sel (neutral and selected divergence per site) 
E[D_neut] = 0.0198661717
E[D_sel] = 0.0125381454

---- Expected neutral and selected misattributed polymorphism per site
E[mis_neut] = 0.0005815045
E[mis_sel] = 0.0003456785

---- alpha_div = 0.226028
---- alpha_dfe = 0.225956

