---- Running command
---- ./polyDFE -d Mmc/278.polyDFE.config.txt -m C -e 
---- Performing inference using model C

---- Performing inference on Mmc/278.polyDFE.config.txt
---- No mutation variability. Using Poisson likelihood.


---- Calculating initial values

-- Starting local optimization
-- Optimizing all parameters
  it        eps_an        lambda     theta_bar           S_d             b           p_b           S_b           r 2           r 3           r 4           r 5           r 6           r 7           r 8           r 9          r 10          r 11          r 12          r 13          r 14          r 15          r 16          r 17          r 18          r 19          r 20           ln lk          grad status 
   0           0.1 0.01931285089 0.01137916067        -20000         0.208           0.1            20 0.86731590542 0.73053977407 0.64124802097 0.58049039827 0.56013104885 0.54047736236 0.53128530339 0.52907635319 0.54997159740 0.55599247387 0.59301521792 0.62071148564 0.66931701844 0.74824537135 0.85799675348 1.11529050352 1.56230443086             1             1 -1120086.658279 23253.3574984   -2 
 350 0.00564845612 0.01936675551 0.01020712300 -96.292762480 0.11046945136 0.00865725320 15.0612909272 0.86212134946 0.71572369719 0.61612594678 0.55051345927 0.52636501646 0.50572400724 0.48836226879 0.48095817446 0.49118248278 0.48636355536 0.50861297886 0.50840129759 0.52161019228 0.55182726313 0.57741139478 0.63498887974 0.67165755739 0.73216728706 1.00830666459 -300.2792464812 0.17678191476   -3 
-- Local optimization: stuck in the same solution
---- Best joint likelihood found -300.279246481281007 with gradient 0.17678

---- Results for Mmc/278.polyDFE.config.txt 
--  Model: C
--        eps_an        lambda     theta_bar             a 
-- 0.00564845612 0.01936675551 0.01020712300            -1 
--           S_d             b           p_b           S_b 
-- -96.292762480 0.11046945136 0.00865725320 15.0612909272 
--           r 2           r 3           r 4           r 5           r 6           r 7           r 8           r 9          r 10          r 11          r 12          r 13          r 14          r 15          r 16          r 17          r 18          r 19          r 20 
-- 0.86212134946 0.71572369719 0.61612594678 0.55051345927 0.52636501646 0.50572400724 0.48836226879 0.48095817446 0.49118248278 0.48636355536 0.50861297886 0.50840129759 0.52161019228 0.55182726313 0.57741139478 0.63498887974 0.67165755739 0.73216728706 1.00830666459 

---- Expected P_neut(i), 0 < i < n (neutral SFS per site) 
E[P_neut(1)] = 0.0101516902
E[P_neut(2)] = 0.0043771881
E[P_neut(3)] = 0.0024235586
E[P_neut(4)] = 0.0015654184
E[P_neut(5)] = 0.0011196048
E[P_neut(6)] = 0.0008925356
E[P_neut(7)] = 0.0007355162
E[P_neut(8)] = 0.0006220208
E[P_neut(9)] = 0.0005449347
E[P_neut(10)] = 0.0005013560
E[P_neut(11)] = 0.0004518385
E[P_neut(12)] = 0.0004336988
E[P_neut(13)] = 0.0004010886
E[P_neut(14)] = 0.0003832055
E[P_neut(15)] = 0.0003797315
E[P_neut(16)] = 0.0003751568
E[P_neut(17)] = 0.0003928608
E[P_neut(18)] = 0.0004035730
E[P_neut(19)] = 0.0004487655

---- Expected P_sel(i), 0 < i < n (selected SFS per site) 
E[P_sel(1)] = 0.0072258957
E[P_sel(2)] = 0.0028289326
E[P_sel(3)] = 0.0014927929
E[P_sel(4)] = 0.0009349537
E[P_sel(5)] = 0.0006539808
E[P_sel(6)] = 0.0005125068
E[P_sel(7)] = 0.0004166160
E[P_sel(8)] = 0.0003484281
E[P_sel(9)] = 0.0003024694
E[P_sel(10)] = 0.0002762031
E[P_sel(11)] = 0.0002474373
E[P_sel(12)] = 0.0002364259
E[P_sel(13)] = 0.0002179894
E[P_sel(14)] = 0.0002079999
E[P_sel(15)] = 0.0002062839
E[P_sel(16)] = 0.0002045981
E[P_sel(17)] = 0.0002161165
E[P_sel(18)] = 0.0002261756
E[P_sel(19)] = 0.0002640359

---- Expected D_neut and D_sel (neutral and selected divergence per site) 
E[D_neut] = 0.0198813510
E[D_sel] = 0.0125178217

---- Expected neutral and selected misattributed polymorphism per site
E[mis_neut] = 0.0005145955
E[mis_sel] = 0.0003025954

---- alpha_div = 0.208052
---- alpha_dfe = 0.208093

