---- Running command
---- ./polyDFE -d Mmc/279.polyDFE.config.txt -m C -e 
---- Performing inference using model C

---- Performing inference on Mmc/279.polyDFE.config.txt
---- No mutation variability. Using Poisson likelihood.


---- Calculating initial values

-- Starting local optimization
-- Optimizing all parameters
  it        eps_an        lambda     theta_bar           S_d             b           p_b           S_b           r 2           r 3           r 4           r 5           r 6           r 7           r 8           r 9          r 10          r 11          r 12          r 13          r 14          r 15          r 16          r 17          r 18          r 19          r 20           ln lk          grad status 
   0           0.1 0.01927369588 0.01133911539        -20000         0.208           0.1            20 0.87453637113 0.73395225699 0.64654251318 0.58068875778 0.55852657025 0.54152374131 0.53846193273 0.53597253604 0.55250159911 0.55893351736 0.59097043260 0.61574083559 0.66356316592 0.75129405860 0.86666698247 1.10985189695 1.58542588149             1             1 -1115910.670720 23142.1786857   -2 
 578 0.00068808557 0.01915066031 0.01013253201 -75.678114949 0.12325604173 0.02303001123 6.69646682708 0.86367707557 0.72044890954 0.62095615118 0.55538734647 0.52905777890 0.51101636200 0.49571121786 0.48665175949 0.49433311376 0.48786648795 0.51364743434 0.51045000106 0.52464423581 0.56317737087 0.58882885131 0.64798168262 0.70924896584 0.82883285052 1.36806080688 -275.5691519306 0.08411762378   -3 
-- Local optimization: stuck in the same solution
---- Best joint likelihood found -275.569151930685621 with gradient 0.08412

---- Results for Mmc/279.polyDFE.config.txt 
--  Model: C
--        eps_an        lambda     theta_bar             a 
-- 0.00068808557 0.01915066031 0.01013253201            -1 
--           S_d             b           p_b           S_b 
-- -75.678114949 0.12325604173 0.02303001123 6.69646682708 
--           r 2           r 3           r 4           r 5           r 6           r 7           r 8           r 9          r 10          r 11          r 12          r 13          r 14          r 15          r 16          r 17          r 18          r 19          r 20 
-- 0.86367707557 0.72044890954 0.62095615118 0.55538734647 0.52905777890 0.51101636200 0.49571121786 0.48665175949 0.49433311376 0.48786648795 0.51364743434 0.51045000106 0.52464423581 0.56317737087 0.58882885131 0.64798168262 0.70924896584 0.82883285052 1.36806080688 

---- Expected P_neut(i), 0 < i < n (neutral SFS per site) 
E[P_neut(1)] = 0.0101258641
E[P_neut(2)] = 0.0043728817
E[P_neut(3)] = 0.0024319153
E[P_neut(4)] = 0.0015721388
E[P_neut(5)] = 0.0011249833
E[P_neut(6)] = 0.0008930957
E[P_neut(7)] = 0.0007394633
E[P_neut(8)] = 0.0006277176
E[P_neut(9)] = 0.0005478227
E[P_neut(10)] = 0.0005008846
E[P_neut(11)] = 0.0004494608
E[P_neut(12)] = 0.0004338460
E[P_neut(13)] = 0.0003980930
E[P_neut(14)] = 0.0003800660
E[P_neut(15)] = 0.0003809402
E[P_neut(16)] = 0.0003737212
E[P_neut(17)] = 0.0003876259
E[P_neut(18)] = 0.0004019854
E[P_neut(19)] = 0.0004486771

---- Expected P_sel(i), 0 < i < n (selected SFS per site) 
E[P_sel(1)] = 0.0072534190
E[P_sel(2)] = 0.0028288944
E[P_sel(3)] = 0.0014951231
E[P_sel(4)] = 0.0009358936
E[P_sel(5)] = 0.0006546178
E[P_sel(6)] = 0.0005108915
E[P_sel(7)] = 0.0004174757
E[P_sel(8)] = 0.0003507752
E[P_sel(9)] = 0.0003037209
E[P_sel(10)] = 0.0002760686
E[P_sel(11)] = 0.0002467345
E[P_sel(12)] = 0.0002376440
E[P_sel(13)] = 0.0002180005
E[P_sel(14)] = 0.0002085110
E[P_sel(15)] = 0.0002098897
E[P_sel(16)] = 0.0002074280
E[P_sel(17)] = 0.0002175860
E[P_sel(18)] = 0.0002294832
E[P_sel(19)] = 0.0002630186

---- Expected D_neut and D_sel (neutral and selected divergence per site) 
E[D_neut] = 0.0198437563
E[D_sel] = 0.0125502235

---- Expected neutral and selected misattributed polymorphism per site
E[mis_neut] = 0.0006930960
E[mis_sel] = 0.0004182593

---- alpha_div = 0.251005
---- alpha_dfe = 0.250751

