---- Running command
---- ./polyDFE -d Mmc/28.polyDFE.config.txt -m C -e 
---- Performing inference using model C

---- Performing inference on Mmc/28.polyDFE.config.txt
---- No mutation variability. Using Poisson likelihood.


---- Calculating initial values

-- Starting local optimization
-- Optimizing all parameters
  it        eps_an        lambda     theta_bar           S_d             b           p_b           S_b           r 2           r 3           r 4           r 5           r 6           r 7           r 8           r 9          r 10          r 11          r 12          r 13          r 14          r 15          r 16          r 17          r 18          r 19          r 20           ln lk          grad status 
   0           0.1 0.01927020434 0.01133982281        -20000         0.208           0.1            20 0.87186666708 0.73791493294 0.64237654149 0.58525818935 0.55445315707 0.54508799641 0.53771844146 0.53237237405 0.54971665567 0.56092338354 0.58891463530 0.62837566242 0.66393555131 0.75262858314 0.86052570398 1.10986467542 1.57780114391             1             1 -1115009.633250 23141.0985370   -2 
 928 0.00069918708 0.01930391869 0.01012983057 -66.190994731 0.13367152315 0.03414148288 4.98878024897 0.86212340796 0.72159706460 0.62291050794 0.55842450749 0.52733589937 0.51068340789 0.49702586603 0.48514577214 0.49198476290 0.49294132485 0.50936474765 0.51504789382 0.52252673790 0.56187487585 0.58633494332 0.64716810820 0.70714805352 0.82362553251 1.05730863680 -262.8235618690 0.03294710942   -3 
-- Local optimization: stuck in the same solution
---- Best joint likelihood found -262.823561869008699 with gradient 0.03295

---- Results for Mmc/28.polyDFE.config.txt 
--  Model: C
--        eps_an        lambda     theta_bar             a 
-- 0.00069918708 0.01930391869 0.01012983057            -1 
--           S_d             b           p_b           S_b 
-- -66.190994731 0.13367152315 0.03414148288 4.98878024897 
--           r 2           r 3           r 4           r 5           r 6           r 7           r 8           r 9          r 10          r 11          r 12          r 13          r 14          r 15          r 16          r 17          r 18          r 19          r 20 
-- 0.86212340796 0.72159706460 0.62291050794 0.55842450749 0.52733589937 0.51068340789 0.49702586603 0.48514577214 0.49198476290 0.49294132485 0.50936474765 0.51504789382 0.52252673790 0.56187487585 0.58633494332 0.64716810820 0.70714805352 0.82362553251 1.05730863680 

---- Expected P_neut(i), 0 < i < n (neutral SFS per site) 
E[P_neut(1)] = 0.0101230550
E[P_neut(2)] = 0.0043638072
E[P_neut(3)] = 0.0024351180
E[P_neut(4)] = 0.0015766511
E[P_neut(5)] = 0.0011308234
E[P_neut(6)] = 0.0008899457
E[P_neut(7)] = 0.0007387834
E[P_neut(8)] = 0.0006292091
E[P_neut(9)] = 0.0005459850
E[P_neut(10)] = 0.0004983722
E[P_neut(11)] = 0.0004540110
E[P_neut(12)] = 0.0004301209
E[P_neut(13)] = 0.0004015706
E[P_neut(14)] = 0.0003784372
E[P_neut(15)] = 0.0003799722
E[P_neut(16)] = 0.0003720605
E[P_neut(17)] = 0.0003870636
E[P_neut(18)] = 0.0004007354
E[P_neut(19)] = 0.0004458907

---- Expected P_sel(i), 0 < i < n (selected SFS per site) 
E[P_sel(1)] = 0.0072648263
E[P_sel(2)] = 0.0028162844
E[P_sel(3)] = 0.0014900375
E[P_sel(4)] = 0.0009330061
E[P_sel(5)] = 0.0006537179
E[P_sel(6)] = 0.0005056755
E[P_sel(7)] = 0.0004143524
E[P_sel(8)] = 0.0003494379
E[P_sel(9)] = 0.0003010202
E[P_sel(10)] = 0.0002733844
E[P_sel(11)] = 0.0002483076
E[P_sel(12)] = 0.0002350139
E[P_sel(13)] = 0.0002196592
E[P_sel(14)] = 0.0002077062
E[P_sel(15)] = 0.0002097945
E[P_sel(16)] = 0.0002072898
E[P_sel(17)] = 0.0002184368
E[P_sel(18)] = 0.0002302500
E[P_sel(19)] = 0.0002630014

---- Expected D_neut and D_sel (neutral and selected divergence per site) 
E[D_neut] = 0.0198394366
E[D_sel] = 0.0125491960

---- Expected neutral and selected misattributed polymorphism per site
E[mis_neut] = 0.0005355179
E[mis_sel] = 0.0003248412

---- alpha_div = 0.282835
---- alpha_dfe = 0.282655

