---- Running command
---- ./polyDFE -d Mmc/280.polyDFE.config.txt -m C -e 
---- Performing inference using model C

---- Performing inference on Mmc/280.polyDFE.config.txt
---- No mutation variability. Using Poisson likelihood.


---- Calculating initial values

-- Starting local optimization
-- Optimizing all parameters
  it        eps_an        lambda     theta_bar           S_d             b           p_b           S_b           r 2           r 3           r 4           r 5           r 6           r 7           r 8           r 9          r 10          r 11          r 12          r 13          r 14          r 15          r 16          r 17          r 18          r 19          r 20           ln lk          grad status 
   0           0.1 0.01925967583 0.01139704505        -20000         0.208           0.1            20 0.87138846019 0.73042327725 0.63890333856 0.58438259544 0.55451023423 0.53827809903 0.53629545892 0.52630055982 0.54955326497 0.54565048908 0.59190592138 0.62268995313 0.66624701053 0.75183581029 0.86152108850 1.09364576882 1.57673182742             1             1 -1115134.643432 23165.1430359   -2 
 512 0.00317744100 0.01928026504 0.01022635850 -123.43217473 0.10121674401 0.00233034292 50.7306939431 0.85891503345 0.71191015912 0.61113892878 0.55014646180 0.52187893086 0.50115825367 0.48710245172 0.48209406014 0.48917643566 0.47915676224 0.50919227522 0.50980812702 0.52306180425 0.55835227902 0.59147294242 0.64034421056 0.69711460213 0.78159282210 1.07067704353 -321.7197786720 0.11323166254   -3 
-- Local optimization: stuck in the same solution
---- Best joint likelihood found -321.719778672078974 with gradient 0.11323

---- Results for Mmc/280.polyDFE.config.txt 
--  Model: C
--        eps_an        lambda     theta_bar             a 
-- 0.00317744100 0.01928026504 0.01022635850            -1 
--           S_d             b           p_b           S_b 
-- -123.43217473 0.10121674401 0.00233034292 50.7306939431 
--           r 2           r 3           r 4           r 5           r 6           r 7           r 8           r 9          r 10          r 11          r 12          r 13          r 14          r 15          r 16          r 17          r 18          r 19          r 20 
-- 0.85891503345 0.71191015912 0.61113892878 0.55014646180 0.52187893086 0.50115825367 0.48710245172 0.48209406014 0.48917643566 0.47915676224 0.50919227522 0.50980812702 0.52306180425 0.55835227902 0.59147294242 0.64034421056 0.69711460213 0.78159282210 1.07067704353 

---- Expected P_neut(i), 0 < i < n (neutral SFS per site) 
E[P_neut(1)] = 0.0101952015
E[P_neut(2)] = 0.0043790903
E[P_neut(3)] = 0.0024202626
E[P_neut(4)] = 0.0015586681
E[P_neut(5)] = 0.0011228333
E[P_neut(6)] = 0.0008878746
E[P_neut(7)] = 0.0007310942
E[P_neut(8)] = 0.0006220609
E[P_neut(9)] = 0.0005474600
E[P_neut(10)] = 0.0005002494
E[P_neut(11)] = 0.0004457823
E[P_neut(12)] = 0.0004345316
E[P_neut(13)] = 0.0004020891
E[P_neut(14)] = 0.0003836850
E[P_neut(15)] = 0.0003830264
E[P_neut(16)] = 0.0003818017
E[P_neut(17)] = 0.0003916863
E[P_neut(18)] = 0.0004087486
E[P_neut(19)] = 0.0004518332

---- Expected P_sel(i), 0 < i < n (selected SFS per site) 
E[P_sel(1)] = 0.0072142587
E[P_sel(2)] = 0.0028280270
E[P_sel(3)] = 0.0014938509
E[P_sel(4)] = 0.0009343383
E[P_sel(5)] = 0.0006588669
E[P_sel(6)] = 0.0005123802
E[P_sel(7)] = 0.0004162064
E[P_sel(8)] = 0.0003501206
E[P_sel(9)] = 0.0003051500
E[P_sel(10)] = 0.0002765009
E[P_sel(11)] = 0.0002446120
E[P_sel(12)] = 0.0002369506
E[P_sel(13)] = 0.0002181068
E[P_sel(14)] = 0.0002072452
E[P_sel(15)] = 0.0002062692
E[P_sel(16)] = 0.0002053615
E[P_sel(17)] = 0.0002110691
E[P_sel(18)] = 0.0002222211
E[P_sel(19)] = 0.0002541332

---- Expected D_neut and D_sel (neutral and selected divergence per site) 
E[D_neut] = 0.0198277214
E[D_sel] = 0.0125135704

---- Expected neutral and selected misattributed polymorphism per site
E[mis_neut] = 0.0005474564
E[mis_sel] = 0.0003101543

---- alpha_div = 0.186728
---- alpha_dfe = 0.186893

