---- Running command
---- ./polyDFE -d Mmc/281.polyDFE.config.txt -m C -e 
---- Performing inference using model C

---- Performing inference on Mmc/281.polyDFE.config.txt
---- No mutation variability. Using Poisson likelihood.


---- Calculating initial values

-- Starting local optimization
-- Optimizing all parameters
  it        eps_an        lambda     theta_bar           S_d             b           p_b           S_b           r 2           r 3           r 4           r 5           r 6           r 7           r 8           r 9          r 10          r 11          r 12          r 13          r 14          r 15          r 16          r 17          r 18          r 19          r 20           ln lk          grad status 
   0           0.1 0.01930629953 0.01137930005        -20000         0.208           0.1            20 0.87188317748 0.73360736053 0.64221365035 0.58502225260 0.55571868354 0.54147201397 0.53961778418 0.53235435211 0.55568478852 0.55851170242 0.59532196681 0.62588437142 0.65860326395 0.75124650890 0.86300115647 1.09978223457 1.56930939301             1             1 -1118581.598436 23213.9105389   -2 
 614 0.00227921254 0.01936075457 0.01017065385 -74.227410352 0.12717905537 0.02684622705 5.94454241045 0.86608143161 0.71964909729 0.61990820416 0.55778882743 0.52685880694 0.50953562049 0.49713107863 0.48672866127 0.49830722612 0.48547867713 0.50970918466 0.51816902896 0.51778522773 0.55461159503 0.58095234495 0.63844994440 0.69574827245 0.78309347503 1.01478322080 -278.3307290436 0.12705332622   -3 
-- Local optimization: stuck in the same solution
---- Best joint likelihood found -278.330729043620522 with gradient 0.12705

---- Results for Mmc/281.polyDFE.config.txt 
--  Model: C
--        eps_an        lambda     theta_bar             a 
-- 0.00227921254 0.01936075457 0.01017065385            -1 
--           S_d             b           p_b           S_b 
-- -74.227410352 0.12717905537 0.02684622705 5.94454241045 
--           r 2           r 3           r 4           r 5           r 6           r 7           r 8           r 9          r 10          r 11          r 12          r 13          r 14          r 15          r 16          r 17          r 18          r 19          r 20 
-- 0.86608143161 0.71964909729 0.61990820416 0.55778882743 0.52685880694 0.50953562049 0.49713107863 0.48672866127 0.49830722612 0.48547867713 0.50970918466 0.51816902896 0.51778522773 0.55461159503 0.58095234495 0.63844994440 0.69574827245 0.78309347503 1.01478322080 

---- Expected P_neut(i), 0 < i < n (neutral SFS per site) 
E[P_neut(1)] = 0.0101484282
E[P_neut(2)] = 0.0043951649
E[P_neut(3)] = 0.0024350771
E[P_neut(4)] = 0.0015734671
E[P_neut(5)] = 0.0011328865
E[P_neut(6)] = 0.0008919049
E[P_neut(7)] = 0.0007395667
E[P_neut(8)] = 0.0006315626
E[P_neut(9)] = 0.0005498082
E[P_neut(10)] = 0.0005068110
E[P_neut(11)] = 0.0004491065
E[P_neut(12)] = 0.0004324622
E[P_neut(13)] = 0.0004061571
E[P_neut(14)] = 0.0003773363
E[P_neut(15)] = 0.0003777798
E[P_neut(16)] = 0.0003720424
E[P_neut(17)] = 0.0003866580
E[P_neut(18)] = 0.0004022654
E[P_neut(19)] = 0.0004414137

---- Expected P_sel(i), 0 < i < n (selected SFS per site) 
E[P_sel(1)] = 0.0072467814
E[P_sel(2)] = 0.0028285557
E[P_sel(3)] = 0.0014877975
E[P_sel(4)] = 0.0009303901
E[P_sel(5)] = 0.0006546101
E[P_sel(6)] = 0.0005065957
E[P_sel(7)] = 0.0004145877
E[P_sel(8)] = 0.0003504805
E[P_sel(9)] = 0.0003027804
E[P_sel(10)] = 0.0002775519
E[P_sel(11)] = 0.0002450646
E[P_sel(12)] = 0.0002355829
E[P_sel(13)] = 0.0002213204
E[P_sel(14)] = 0.0002061323
E[P_sel(15)] = 0.0002074213
E[P_sel(16)] = 0.0002059604
E[P_sel(17)] = 0.0002167200
E[P_sel(18)] = 0.0002297211
E[P_sel(19)] = 0.0002603602

---- Expected D_neut and D_sel (neutral and selected divergence per site) 
E[D_neut] = 0.0198768050
E[D_sel] = 0.0125185791

---- Expected neutral and selected misattributed polymorphism per site
E[mis_neut] = 0.0005160504
E[mis_sel] = 0.0003106871

---- alpha_div = 0.262648
---- alpha_dfe = 0.262521

