---- Running command
---- ./polyDFE -d Mmc/282.polyDFE.config.txt -m C -e 
---- Performing inference using model C

---- Performing inference on Mmc/282.polyDFE.config.txt
---- No mutation variability. Using Poisson likelihood.


---- Calculating initial values

-- Starting local optimization
-- Optimizing all parameters
  it        eps_an        lambda     theta_bar           S_d             b           p_b           S_b           r 2           r 3           r 4           r 5           r 6           r 7           r 8           r 9          r 10          r 11          r 12          r 13          r 14          r 15          r 16          r 17          r 18          r 19          r 20           ln lk          grad status 
   0           0.1 0.01927855323 0.01135773738        -20000         0.208           0.1            20 0.87192710917 0.73334921118 0.64481417170 0.58146416219 0.56375814406 0.53528148048 0.54299262910 0.53183753566 0.55425038024 0.55193210780 0.59474327854 0.62510150458 0.66790043990 0.75388033841 0.85921125190 1.10331457898 1.57331250683             1             1 -1114958.076002 23152.4515060   -2 
 571 0.00155041865 0.01924699629 0.01014637387 -80.613787607 0.12094354265 0.02051249269 7.37685316311 0.86358337579 0.72064423054 0.62215628283 0.55553758395 0.53171917212 0.50772605782 0.49815237580 0.48608558307 0.49296356618 0.48538417756 0.51269709367 0.51468197009 0.52215425408 0.56017606420 0.58395639932 0.64795617777 0.70196877043 0.80210531629 1.18552152791 -285.1417764894 0.57721391860   -8 
-- Local optimization: reached maximum number of likelihood evaluations allowed.
---- Best joint likelihood found -285.141776489472250 with gradient 0.57721

---- Results for Mmc/282.polyDFE.config.txt 
--  Model: C
--        eps_an        lambda     theta_bar             a 
-- 0.00155041865 0.01924699629 0.01014637387            -1 
--           S_d             b           p_b           S_b 
-- -80.613787607 0.12094354265 0.02051249269 7.37685316311 
--           r 2           r 3           r 4           r 5           r 6           r 7           r 8           r 9          r 10          r 11          r 12          r 13          r 14          r 15          r 16          r 17          r 18          r 19          r 20 
-- 0.86358337579 0.72064423054 0.62215628283 0.55553758395 0.53171917212 0.50772605782 0.49815237580 0.48608558307 0.49296356618 0.48538417756 0.51269709367 0.51468197009 0.52215425408 0.56017606420 0.58395639932 0.64795617777 0.70196877043 0.80210531629 1.18552152791 

---- Expected P_neut(i), 0 < i < n (neutral SFS per site) 
E[P_neut(1)] = 0.0101313068
E[P_neut(2)] = 0.0043749408
E[P_neut(3)] = 0.0024341293
E[P_neut(4)] = 0.0015762849
E[P_neut(5)] = 0.0011261780
E[P_neut(6)] = 0.0008983629
E[P_neut(7)] = 0.0007354216
E[P_neut(8)] = 0.0006314976
E[P_neut(9)] = 0.0005478452
E[P_neut(10)] = 0.0005001793
E[P_neut(11)] = 0.0004478727
E[P_neut(12)] = 0.0004338088
E[P_neut(13)] = 0.0004022225
E[P_neut(14)] = 0.0003792340
E[P_neut(15)] = 0.0003800774
E[P_neut(16)] = 0.0003721877
E[P_neut(17)] = 0.0003899090
E[P_neut(18)] = 0.0004018701
E[P_neut(19)] = 0.0004434070

---- Expected P_sel(i), 0 < i < n (selected SFS per site) 
E[P_sel(1)] = 0.0072314877
E[P_sel(2)] = 0.0028222310
E[P_sel(3)] = 0.0014929899
E[P_sel(4)] = 0.0009364207
E[P_sel(5)] = 0.0006540409
E[P_sel(6)] = 0.0005129252
E[P_sel(7)] = 0.0004143871
E[P_sel(8)] = 0.0003521682
E[P_sel(9)] = 0.0003030700
E[P_sel(10)] = 0.0002750243
E[P_sel(11)] = 0.0002452196
E[P_sel(12)] = 0.0002369354
E[P_sel(13)] = 0.0002195545
E[P_sel(14)] = 0.0002073163
E[P_sel(15)] = 0.0002085990
E[P_sel(16)] = 0.0002057158
E[P_sel(17)] = 0.0002179361
E[P_sel(18)] = 0.0002285836
E[P_sel(19)] = 0.0002598812

---- Expected D_neut and D_sel (neutral and selected divergence per site) 
E[D_neut] = 0.0198484335
E[D_sel] = 0.0125400094

---- Expected neutral and selected misattributed polymorphism per site
E[mis_neut] = 0.0006014372
E[mis_sel] = 0.0003615571

---- alpha_div = 0.245333
---- alpha_dfe = 0.245164

