---- Running command
---- ./polyDFE -d Mmc/283.polyDFE.config.txt -m C -e 
---- Performing inference using model C

---- Performing inference on Mmc/283.polyDFE.config.txt
---- No mutation variability. Using Poisson likelihood.


---- Calculating initial values

-- Starting local optimization
-- Optimizing all parameters
  it        eps_an        lambda     theta_bar           S_d             b           p_b           S_b           r 2           r 3           r 4           r 5           r 6           r 7           r 8           r 9          r 10          r 11          r 12          r 13          r 14          r 15          r 16          r 17          r 18          r 19          r 20           ln lk          grad status 
   0           0.1 0.01923931475 0.01133566299        -20000         0.208           0.1            20 0.87828202914 0.73679356668 0.64656142598 0.58501824603 0.55777996231 0.53938752380 0.53824660724 0.53833812415 0.55920478785 0.56074793317 0.59281096328 0.62764919228 0.67191845614 0.75334319122 0.87092951830 1.11440864663 1.58349546748             1             1 -1112667.940875 23094.1496838   -2 
 451 0.00325344299 0.01929352715 0.01016354737 -94.266931590 0.10993515576 0.00518981939 25.1146391829 0.86802361930 0.71576982410 0.62047178194 0.55356898025 0.52876301783 0.50491548435 0.49614885732 0.48823103297 0.49781216368 0.48820697543 0.50971379305 0.51705655073 0.52765558302 0.56015153462 0.59266497478 0.65196392597 0.70291217474 0.77888373996 1.00693559111 -302.8892137911 0.42641656804   -3 
-- Local optimization: stuck in the same solution
---- Best joint likelihood found -302.889213791131624 with gradient 0.42642

---- Results for Mmc/283.polyDFE.config.txt 
--  Model: C
--        eps_an        lambda     theta_bar             a 
-- 0.00325344299 0.01929352715 0.01016354737            -1 
--           S_d             b           p_b           S_b 
-- -94.266931590 0.10993515576 0.00518981939 25.1146391829 
--           r 2           r 3           r 4           r 5           r 6           r 7           r 8           r 9          r 10          r 11          r 12          r 13          r 14          r 15          r 16          r 17          r 18          r 19          r 20 
-- 0.86802361930 0.71576982410 0.62047178194 0.55356898025 0.52876301783 0.50491548435 0.49614885732 0.48823103297 0.49781216368 0.48820697543 0.50971379305 0.51705655073 0.52765558302 0.56015153462 0.59266497478 0.65196392597 0.70291217474 0.77888373996 1.00693559111 

---- Expected P_neut(i), 0 < i < n (neutral SFS per site) 
E[P_neut(1)] = 0.0101318364
E[P_neut(2)] = 0.0043980396
E[P_neut(3)] = 0.0024182990
E[P_neut(4)] = 0.0015726442
E[P_neut(5)] = 0.0011228188
E[P_neut(6)] = 0.0008940169
E[P_neut(7)] = 0.0007320347
E[P_neut(8)] = 0.0006296829
E[P_neut(9)] = 0.0005510248
E[P_neut(10)] = 0.0005059538
E[P_neut(11)] = 0.0004514094
E[P_neut(12)] = 0.0004323546
E[P_neut(13)] = 0.0004053106
E[P_neut(14)] = 0.0003847287
E[P_neut(15)] = 0.0003819679
E[P_neut(16)] = 0.0003803780
E[P_neut(17)] = 0.0003964016
E[P_neut(18)] = 0.0004099534
E[P_neut(19)] = 0.0004483542

---- Expected P_sel(i), 0 < i < n (selected SFS per site) 
E[P_sel(1)] = 0.0072235780
E[P_sel(2)] = 0.0028465926
E[P_sel(3)] = 0.0014912666
E[P_sel(4)] = 0.0009399933
E[P_sel(5)] = 0.0006560829
E[P_sel(6)] = 0.0005132831
E[P_sel(7)] = 0.0004143553
E[P_sel(8)] = 0.0003522546
E[P_sel(9)] = 0.0003052256
E[P_sel(10)] = 0.0002779354
E[P_sel(11)] = 0.0002462533
E[P_sel(12)] = 0.0002345207
E[P_sel(13)] = 0.0002188876
E[P_sel(14)] = 0.0002071619
E[P_sel(15)] = 0.0002054324
E[P_sel(16)] = 0.0002048598
E[P_sel(17)] = 0.0002146590
E[P_sel(18)] = 0.0002251741
E[P_sel(19)] = 0.0002568066

---- Expected D_neut and D_sel (neutral and selected divergence per site) 
E[D_neut] = 0.0198052290
E[D_sel] = 0.0125372963

---- Expected neutral and selected misattributed polymorphism per site
E[mis_neut] = 0.0005117019
E[mis_sel] = 0.0002962636

---- alpha_div = 0.205824
---- alpha_dfe = 0.205940

