---- Running command
---- ./polyDFE -d Mmc/284.polyDFE.config.txt -m C -e 
---- Performing inference using model C

---- Performing inference on Mmc/284.polyDFE.config.txt
---- No mutation variability. Using Poisson likelihood.


---- Calculating initial values

-- Starting local optimization
-- Optimizing all parameters
  it        eps_an        lambda     theta_bar           S_d             b           p_b           S_b           r 2           r 3           r 4           r 5           r 6           r 7           r 8           r 9          r 10          r 11          r 12          r 13          r 14          r 15          r 16          r 17          r 18          r 19          r 20           ln lk          grad status 
   0           0.1 0.01931051569 0.01134690379        -20000         0.208           0.1            20 0.87154648514 0.73590202934 0.64479805373 0.58437273201 0.55824810457 0.54812126690 0.53761207719 0.53328879921 0.54765879348 0.55521744592 0.59128502011 0.62478947261 0.67087627073 0.75200976073 0.86346555702 1.11457770917 1.56797550285             1             1 -1119702.717495 23192.8190137   -2 
 921 0.00044490141 0.01930064001 0.01012826074 -68.610008974 0.13108508545 0.03489250288 4.71904261852 0.86403355941 0.72081952869 0.62254137499 0.55759067339 0.53189510847 0.51572166881 0.49718813184 0.48610222965 0.49144751580 0.48435161737 0.51200122108 0.51387098692 0.52690090649 0.56007653501 0.59049906159 0.65522980588 0.70456322983 0.82571688775 1.14315131413 -272.4128153452 0.08799172494   -8 
-- Local optimization: reached maximum number of likelihood evaluations allowed.
---- Best joint likelihood found -272.412815345247509 with gradient 0.08799

---- Results for Mmc/284.polyDFE.config.txt 
--  Model: C
--        eps_an        lambda     theta_bar             a 
-- 0.00044490141 0.01930064001 0.01012826074            -1 
--           S_d             b           p_b           S_b 
-- -68.610008974 0.13108508545 0.03489250288 4.71904261852 
--           r 2           r 3           r 4           r 5           r 6           r 7           r 8           r 9          r 10          r 11          r 12          r 13          r 14          r 15          r 16          r 17          r 18          r 19          r 20 
-- 0.86403355941 0.72081952869 0.62254137499 0.55759067339 0.53189510847 0.51572166881 0.49718813184 0.48610222965 0.49144751580 0.48435161737 0.51200122108 0.51387098692 0.52690090649 0.56007653501 0.59049906159 0.65522980588 0.70456322983 0.82571688775 1.14315131413 

---- Expected P_neut(i), 0 < i < n (neutral SFS per site) 
E[P_neut(1)] = 0.0101239505
E[P_neut(2)] = 0.0043738083
E[P_neut(3)] = 0.0024326404
E[P_neut(4)] = 0.0015757803
E[P_neut(5)] = 0.0011291505
E[P_neut(6)] = 0.0008976322
E[P_neut(7)] = 0.0007460409
E[P_neut(8)] = 0.0006293686
E[P_neut(9)] = 0.0005469962
E[P_neut(10)] = 0.0004977509
E[P_neut(11)] = 0.0004460122
E[P_neut(12)] = 0.0004322279
E[P_neut(13)] = 0.0004005092
E[P_neut(14)] = 0.0003814149
E[P_neut(15)] = 0.0003785077
E[P_neut(16)] = 0.0003743305
E[P_neut(17)] = 0.0003912819
E[P_neut(18)] = 0.0003982148
E[P_neut(19)] = 0.0004444721

---- Expected P_sel(i), 0 < i < n (selected SFS per site) 
E[P_sel(1)] = 0.0072696642
E[P_sel(2)] = 0.0028291628
E[P_sel(3)] = 0.0014934853
E[P_sel(4)] = 0.0009362656
E[P_sel(5)] = 0.0006557337
E[P_sel(6)] = 0.0005125776
E[P_sel(7)] = 0.0004206337
E[P_sel(8)] = 0.0003514597
E[P_sel(9)] = 0.0003033029
E[P_sel(10)] = 0.0002746424
E[P_sel(11)] = 0.0002453808
E[P_sel(12)] = 0.0002375713
E[P_sel(13)] = 0.0002203710
E[P_sel(14)] = 0.0002105446
E[P_sel(15)] = 0.0002101317
E[P_sel(16)] = 0.0002096048
E[P_sel(17)] = 0.0002217731
E[P_sel(18)] = 0.0002295244
E[P_sel(19)] = 0.0002623569

---- Expected D_neut and D_sel (neutral and selected divergence per site) 
E[D_neut] = 0.0198795467
E[D_sel] = 0.0125332482

---- Expected neutral and selected misattributed polymorphism per site
E[mis_neut] = 0.0005789067
E[mis_sel] = 0.0003511409

---- alpha_div = 0.275664
---- alpha_dfe = 0.275520

