---- Running command
---- ./polyDFE -d Mmc/285.polyDFE.config.txt -m C -e 
---- Performing inference using model C

---- Performing inference on Mmc/285.polyDFE.config.txt
---- No mutation variability. Using Poisson likelihood.


---- Calculating initial values

-- Starting local optimization
-- Optimizing all parameters
  it        eps_an        lambda     theta_bar           S_d             b           p_b           S_b           r 2           r 3           r 4           r 5           r 6           r 7           r 8           r 9          r 10          r 11          r 12          r 13          r 14          r 15          r 16          r 17          r 18          r 19          r 20           ln lk          grad status 
   0           0.1 0.01928885995 0.01135000189        -20000         0.208           0.1            20 0.87582224579 0.73458794510 0.64751641366 0.57902921778 0.55504180275 0.54255367584 0.54306679312 0.52915587768 0.55601555234 0.55682745376 0.60093747661 0.62786533966 0.66706152949 0.75652440605 0.86366198537 1.12015829517 1.58019986970             1             1 -1117227.771770 23193.9635451   -2 
 867 0.00061521988 0.01929960824 0.01013761902 -73.880432349 0.12636756638 0.02467519344 6.37188813419 0.86566564818 0.72247880456 0.62306904632 0.55270302186 0.52659542180 0.51042040061 0.49749135030 0.48666033217 0.49629295682 0.48784022650 0.51937637534 0.51980075086 0.52834756888 0.56131582631 0.58964196900 0.65505416938 0.71354352924 0.83736212395 1.10113765068 -281.2250669320 0.02407067307   -3 
-- Local optimization: stuck in the same solution
---- Best joint likelihood found -281.225066932034679 with gradient 0.02407

---- Results for Mmc/285.polyDFE.config.txt 
--  Model: C
--        eps_an        lambda     theta_bar             a 
-- 0.00061521988 0.01929960824 0.01013761902            -1 
--           S_d             b           p_b           S_b 
-- -73.880432349 0.12636756638 0.02467519344 6.37188813419 
--           r 2           r 3           r 4           r 5           r 6           r 7           r 8           r 9          r 10          r 11          r 12          r 13          r 14          r 15          r 16          r 17          r 18          r 19          r 20 
-- 0.86566564818 0.72247880456 0.62306904632 0.55270302186 0.52659542180 0.51042040061 0.49749135030 0.48666033217 0.49629295682 0.48784022650 0.51937637534 0.51980075086 0.52834756888 0.56131582631 0.58964196900 0.65505416938 0.71354352924 0.83736212395 1.10113765068 

---- Expected P_neut(i), 0 < i < n (neutral SFS per site) 
E[P_neut(1)] = 0.0101316570
E[P_neut(2)] = 0.0043854420
E[P_neut(3)] = 0.0024401433
E[P_neut(4)] = 0.0015783675
E[P_neut(5)] = 0.0011201625
E[P_neut(6)] = 0.0008894253
E[P_neut(7)] = 0.0007390014
E[P_neut(8)] = 0.0006303043
E[P_neut(9)] = 0.0005481146
E[P_neut(10)] = 0.0005031229
E[P_neut(11)] = 0.0004496550
E[P_neut(12)] = 0.0004388879
E[P_neut(13)] = 0.0004055548
E[P_neut(14)] = 0.0003828968
E[P_neut(15)] = 0.0003798164
E[P_neut(16)] = 0.0003743395
E[P_neut(17)] = 0.0003918905
E[P_neut(18)] = 0.0004043208
E[P_neut(19)] = 0.0004527440

---- Expected P_sel(i), 0 < i < n (selected SFS per site) 
E[P_sel(1)] = 0.0072416091
E[P_sel(2)] = 0.0028255328
E[P_sel(3)] = 0.0014926169
E[P_sel(4)] = 0.0009343030
E[P_sel(5)] = 0.0006478875
E[P_sel(6)] = 0.0005056023
E[P_sel(7)] = 0.0004145365
E[P_sel(8)] = 0.0003499331
E[P_sel(9)] = 0.0003019056
E[P_sel(10)] = 0.0002755108
E[P_sel(11)] = 0.0002452710
E[P_sel(12)] = 0.0002389127
E[P_sel(13)] = 0.0002207523
E[P_sel(14)] = 0.0002088550
E[P_sel(15)] = 0.0002081292
E[P_sel(16)] = 0.0002067083
E[P_sel(17)] = 0.0002189311
E[P_sel(18)] = 0.0002297822
E[P_sel(19)] = 0.0002641802

---- Expected D_neut and D_sel (neutral and selected divergence per site) 
E[D_neut] = 0.0198577539
E[D_sel] = 0.0125048643

---- Expected neutral and selected misattributed polymorphism per site
E[mis_neut] = 0.0005581457
E[mis_sel] = 0.0003354524

---- alpha_div = 0.257658
---- alpha_dfe = 0.257543

