---- Running command
---- ./polyDFE -d Mmc/286.polyDFE.config.txt -m C -e 
---- Performing inference using model C

---- Performing inference on Mmc/286.polyDFE.config.txt
---- No mutation variability. Using Poisson likelihood.


---- Calculating initial values

-- Starting local optimization
-- Optimizing all parameters
  it        eps_an        lambda     theta_bar           S_d             b           p_b           S_b           r 2           r 3           r 4           r 5           r 6           r 7           r 8           r 9          r 10          r 11          r 12          r 13          r 14          r 15          r 16          r 17          r 18          r 19          r 20           ln lk          grad status 
   0           0.1 0.01924474891 0.01135667832        -20000         0.208           0.1            20 0.87661873323 0.73125480827 0.64284736523 0.58308595114 0.55841853319 0.54200094005 0.53175007076 0.53175846526 0.55603331704 0.56242890533 0.59311541106 0.62611115033 0.67236391084 0.75173461288 0.86503852662 1.09876254081 1.58663126866             1             1 -1113172.414598 23108.8599250   -2 
 761 0.00103279079 0.01928234563 0.01014796207 -72.767063872 0.12665031893 0.02445096700 6.54912518229 0.86553193409 0.71797477754 0.62147622458 0.55719688750 0.53046783429 0.50990136817 0.48851117459 0.48794754825 0.49839772667 0.48921541138 0.51194700878 0.51445843203 0.52750479926 0.56016078621 0.58714948435 0.64258827470 0.71178298294 0.81670434742 1.04852790978 -263.7919785971 0.06906473053   -8 
-- Local optimization: reached maximum number of likelihood evaluations allowed.
---- Best joint likelihood found -263.791978597160778 with gradient 0.06906

---- Results for Mmc/286.polyDFE.config.txt 
--  Model: C
--        eps_an        lambda     theta_bar             a 
-- 0.00103279079 0.01928234563 0.01014796207            -1 
--           S_d             b           p_b           S_b 
-- -72.767063872 0.12665031893 0.02445096700 6.54912518229 
--           r 2           r 3           r 4           r 5           r 6           r 7           r 8           r 9          r 10          r 11          r 12          r 13          r 14          r 15          r 16          r 17          r 18          r 19          r 20 
-- 0.86553193409 0.71797477754 0.62147622458 0.55719688750 0.53046783429 0.50990136817 0.48851117459 0.48794754825 0.49839772667 0.48921541138 0.51194700878 0.51445843203 0.52750479926 0.56016078621 0.58714948435 0.64258827470 0.71178298294 0.81670434742 1.04852790978 

---- Expected P_neut(i), 0 < i < n (neutral SFS per site) 
E[P_neut(1)] = 0.0101379319
E[P_neut(2)] = 0.0043875714
E[P_neut(3)] = 0.0024265481
E[P_neut(4)] = 0.0015754355
E[P_neut(5)] = 0.0011301060
E[P_neut(6)] = 0.0008966629
E[P_neut(7)] = 0.0007388598
E[P_neut(8)] = 0.0006194812
E[P_neut(9)] = 0.0005500838
E[P_neut(10)] = 0.0005057721
E[P_neut(11)] = 0.0004514239
E[P_neut(12)] = 0.0004331278
E[P_neut(13)] = 0.0004019414
E[P_neut(14)] = 0.0003828959
E[P_neut(15)] = 0.0003797426
E[P_neut(16)] = 0.0003736419
E[P_neut(17)] = 0.0003856981
E[P_neut(18)] = 0.0004054072
E[P_neut(19)] = 0.0004462347

---- Expected P_sel(i), 0 < i < n (selected SFS per site) 
E[P_sel(1)] = 0.0072536311
E[P_sel(2)] = 0.0028295148
E[P_sel(3)] = 0.0014854934
E[P_sel(4)] = 0.0009332332
E[P_sel(5)] = 0.0006540604
E[P_sel(6)] = 0.0005100178
E[P_sel(7)] = 0.0004146843
E[P_sel(8)] = 0.0003441014
E[P_sel(9)] = 0.0003031393
E[P_sel(10)] = 0.0002770944
E[P_sel(11)] = 0.0002463541
E[P_sel(12)] = 0.0002358944
E[P_sel(13)] = 0.0002189033
E[P_sel(14)] = 0.0002089828
E[P_sel(15)] = 0.0002082427
E[P_sel(16)] = 0.0002065203
E[P_sel(17)] = 0.0002157598
E[P_sel(18)] = 0.0002308836
E[P_sel(19)] = 0.0002615350

---- Expected D_neut and D_sel (neutral and selected divergence per site) 
E[D_neut] = 0.0198143667
E[D_sel] = 0.0125393174

---- Expected neutral and selected misattributed polymorphism per site
E[mis_neut] = 0.0005320211
E[mis_sel] = 0.0003207690

---- alpha_div = 0.260756
---- alpha_dfe = 0.260610

