---- Running command
---- ./polyDFE -d Mmc/287.polyDFE.config.txt -m C -e 
---- Performing inference using model C

---- Performing inference on Mmc/287.polyDFE.config.txt
---- No mutation variability. Using Poisson likelihood.


---- Calculating initial values

-- Starting local optimization
-- Optimizing all parameters
  it        eps_an        lambda     theta_bar           S_d             b           p_b           S_b           r 2           r 3           r 4           r 5           r 6           r 7           r 8           r 9          r 10          r 11          r 12          r 13          r 14          r 15          r 16          r 17          r 18          r 19          r 20           ln lk          grad status 
   0           0.1 0.01927354960 0.01132457040        -20000         0.208           0.1            20 0.87603139937 0.73478550823 0.64369430607 0.58402099818 0.56038522445 0.54560477009 0.53930923812 0.52736784910 0.55427484400 0.56162205736 0.59271159148 0.62682731849 0.66685437837 0.76072336793 0.86452523423 1.09980893977 1.59005135675             1             1 -1115475.960675 23134.6948232   -2 
 347 0.00305463111 0.01930296995 0.01015019044 -97.023500274 0.10714943572 0.00243986723 50.0274554569 0.86284173338 0.71841006812 0.61845020934 0.55431756676 0.52663012360 0.50615389581 0.49261607775 0.48163121329 0.49233222696 0.48959584538 0.51017351305 0.51648972033 0.52768161721 0.56393662827 0.58961108703 0.64555536941 0.71118977208 0.80221733448 1.05036061411 -304.6222335296 0.64459690748   -3 
-- Local optimization: stuck in the same solution
---- Best joint likelihood found -304.622233529662481 with gradient 0.64460

---- Results for Mmc/287.polyDFE.config.txt 
--  Model: C
--        eps_an        lambda     theta_bar             a 
-- 0.00305463111 0.01930296995 0.01015019044            -1 
--           S_d             b           p_b           S_b 
-- -97.023500274 0.10714943572 0.00243986723 50.0274554569 
--           r 2           r 3           r 4           r 5           r 6           r 7           r 8           r 9          r 10          r 11          r 12          r 13          r 14          r 15          r 16          r 17          r 18          r 19          r 20 
-- 0.86284173338 0.71841006812 0.61845020934 0.55431756676 0.52663012360 0.50615389581 0.49261607775 0.48163121329 0.49233222696 0.48959584538 0.51017351305 0.51648972033 0.52768161721 0.56393662827 0.58961108703 0.64555536941 0.71118977208 0.80221733448 1.05036061411 

---- Expected P_neut(i), 0 < i < n (neutral SFS per site) 
E[P_neut(1)] = 0.0101204944
E[P_neut(2)] = 0.0043668527
E[P_neut(3)] = 0.0024244189
E[P_neut(4)] = 0.0015656956
E[P_neut(5)] = 0.0011230141
E[P_neut(6)] = 0.0008893466
E[P_neut(7)] = 0.0007329268
E[P_neut(8)] = 0.0006244273
E[P_neut(9)] = 0.0005429039
E[P_neut(10)] = 0.0004997266
E[P_neut(11)] = 0.0004520511
E[P_neut(12)] = 0.0004321209
E[P_neut(13)] = 0.0004042769
E[P_neut(14)] = 0.0003841291
E[P_neut(15)] = 0.0003838760
E[P_neut(16)] = 0.0003776928
E[P_neut(17)] = 0.0003916892
E[P_neut(18)] = 0.0004131907
E[P_neut(19)] = 0.0004582570

---- Expected P_sel(i), 0 < i < n (selected SFS per site) 
E[P_sel(1)] = 0.0072289603
E[P_sel(2)] = 0.0028361050
E[P_sel(3)] = 0.0015012521
E[P_sel(4)] = 0.0009400422
E[P_sel(5)] = 0.0006592178
E[P_sel(6)] = 0.0005129302
E[P_sel(7)] = 0.0004166801
E[P_sel(8)] = 0.0003507425
E[P_sel(9)] = 0.0003018288
E[P_sel(10)] = 0.0002753646
E[P_sel(11)] = 0.0002471856
E[P_sel(12)] = 0.0002347273
E[P_sel(13)] = 0.0002183785
E[P_sel(14)] = 0.0002065655
E[P_sel(15)] = 0.0002057689
E[P_sel(16)] = 0.0002021914
E[P_sel(17)] = 0.0002100718
E[P_sel(18)] = 0.0002236137
E[P_sel(19)] = 0.0002567624

---- Expected D_neut and D_sel (neutral and selected divergence per site) 
E[D_neut] = 0.0198360380
E[D_sel] = 0.0125227223

---- Expected neutral and selected misattributed polymorphism per site
E[mis_neut] = 0.0005330680
E[mis_sel] = 0.0003011482

---- alpha_div = 0.192540
---- alpha_dfe = 0.192907

