---- Running command
---- ./polyDFE -d Mmc/288.polyDFE.config.txt -m C -e 
---- Performing inference using model C

---- Performing inference on Mmc/288.polyDFE.config.txt
---- No mutation variability. Using Poisson likelihood.


---- Calculating initial values

-- Starting local optimization
-- Optimizing all parameters
  it        eps_an        lambda     theta_bar           S_d             b           p_b           S_b           r 2           r 3           r 4           r 5           r 6           r 7           r 8           r 9          r 10          r 11          r 12          r 13          r 14          r 15          r 16          r 17          r 18          r 19          r 20           ln lk          grad status 
   0           0.1 0.01932372732 0.01138146859        -20000         0.208           0.1            20 0.87133577184 0.73397255217 0.64034400075 0.58060894538 0.55859426580 0.53468026761 0.53352268031 0.52734349962 0.55369485293 0.55515273454 0.59671762352 0.61305051042 0.67022285171 0.74753152200 0.85835632859 1.10034225793 1.57498790470             1             1 -1121427.650331 23253.5700835   -2 
 995 0.00144563820 0.01934341611 0.01017203805 -86.130664478 0.11816289763 0.01953889577 7.37688834831 0.86195224952 0.71990076689 0.61770346280 0.55526219158 0.53003294623 0.50391625722 0.48982219492 0.48601504078 0.49370262559 0.48224738799 0.51514570675 0.50709910117 0.52146402346 0.55385497863 0.58348267932 0.64454914287 0.70154315840 0.80808604300 1.08510087923 -277.6270510731 0.20369115461   -8 
-- Local optimization: reached maximum number of likelihood evaluations allowed.
---- Best joint likelihood found -277.627051073170151 with gradient 0.20369

---- Results for Mmc/288.polyDFE.config.txt 
--  Model: C
--        eps_an        lambda     theta_bar             a 
-- 0.00144563820 0.01934341611 0.01017203805            -1 
--           S_d             b           p_b           S_b 
-- -86.130664478 0.11816289763 0.01953889577 7.37688834831 
--           r 2           r 3           r 4           r 5           r 6           r 7           r 8           r 9          r 10          r 11          r 12          r 13          r 14          r 15          r 16          r 17          r 18          r 19          r 20 
-- 0.86195224952 0.71990076689 0.61770346280 0.55526219158 0.53003294623 0.50391625722 0.48982219492 0.48601504078 0.49370262559 0.48224738799 0.51514570675 0.50709910117 0.52146402346 0.55385497863 0.58348267932 0.64454914287 0.70154315840 0.80808604300 1.08510087923 

---- Expected P_neut(i), 0 < i < n (neutral SFS per site) 
E[P_neut(1)] = 0.0101579584
E[P_neut(2)] = 0.0043781411
E[P_neut(3)] = 0.0024379815
E[P_neut(4)] = 0.0015690912
E[P_neut(5)] = 0.0011285396
E[P_neut(6)] = 0.0008978346
E[P_neut(7)] = 0.0007317801
E[P_neut(8)] = 0.0006225422
E[P_neut(9)] = 0.0005491576
E[P_neut(10)] = 0.0005021962
E[P_neut(11)] = 0.0004460984
E[P_neut(12)] = 0.0004369426
E[P_neut(13)] = 0.0003972720
E[P_neut(14)] = 0.0003796336
E[P_neut(15)] = 0.0003766790
E[P_neut(16)] = 0.0003726851
E[P_neut(17)] = 0.0003886405
E[P_neut(18)] = 0.0004022157
E[P_neut(19)] = 0.0004467050

---- Expected P_sel(i), 0 < i < n (selected SFS per site) 
E[P_sel(1)] = 0.0072357747
E[P_sel(2)] = 0.0028227019
E[P_sel(3)] = 0.0014958944
E[P_sel(4)] = 0.0009330338
E[P_sel(5)] = 0.0006562966
E[P_sel(6)] = 0.0005134551
E[P_sel(7)] = 0.0004130800
E[P_sel(8)] = 0.0003478397
E[P_sel(9)] = 0.0003043936
E[P_sel(10)] = 0.0002766738
E[P_sel(11)] = 0.0002447097
E[P_sel(12)] = 0.0002390665
E[P_sel(13)] = 0.0002171899
E[P_sel(14)] = 0.0002077985
E[P_sel(15)] = 0.0002069169
E[P_sel(16)] = 0.0002060642
E[P_sel(17)] = 0.0002171526
E[P_sel(18)] = 0.0002284729
E[P_sel(19)] = 0.0002610267

---- Expected D_neut and D_sel (neutral and selected divergence per site) 
E[D_neut] = 0.0198953005
E[D_sel] = 0.0124922740

---- Expected neutral and selected misattributed polymorphism per site
E[mis_neut] = 0.0005518844
E[mis_sel] = 0.0003304222

---- alpha_div = 0.235235
---- alpha_dfe = 0.235019

