---- Running command
---- ./polyDFE -d Mmc/289.polyDFE.config.txt -m C -e 
---- Performing inference using model C

---- Performing inference on Mmc/289.polyDFE.config.txt
---- No mutation variability. Using Poisson likelihood.


---- Calculating initial values

-- Starting local optimization
-- Optimizing all parameters
  it        eps_an        lambda     theta_bar           S_d             b           p_b           S_b           r 2           r 3           r 4           r 5           r 6           r 7           r 8           r 9          r 10          r 11          r 12          r 13          r 14          r 15          r 16          r 17          r 18          r 19          r 20           ln lk          grad status 
   0           0.1 0.01926838452 0.01133849417        -20000         0.208           0.1            20 0.87695142968 0.73334942600 0.64474772484 0.58718644563 0.55550200281 0.54303445320 0.54131592124 0.53558437077 0.55734525671 0.55645624598 0.58631092446 0.62822694553 0.66809424917 0.75136277567 0.86393958952 1.11057157478 1.57042533267             1             1 -1113962.048052 23142.5096265   -2 
 594 0.00107435974 0.01931813373 0.01012838766 -76.151430062 0.12631724418 0.02962793261 5.47175402675 0.86859300776 0.71971735792 0.62316103501 0.55858750839 0.52734771286 0.51272539354 0.49835355044 0.48938604687 0.49861388160 0.48927630444 0.50497868567 0.51686763291 0.52840666516 0.55392619356 0.58662097594 0.64863904524 0.69996478272 0.81431864778 1.02842580328 -283.2950727002 0.10753730985   -3 
-- Local optimization: stuck in the same solution
---- Best joint likelihood found -283.295072700231685 with gradient 0.10754

---- Results for Mmc/289.polyDFE.config.txt 
--  Model: C
--        eps_an        lambda     theta_bar             a 
-- 0.00107435974 0.01931813373 0.01012838766            -1 
--           S_d             b           p_b           S_b 
-- -76.151430062 0.12631724418 0.02962793261 5.47175402675 
--           r 2           r 3           r 4           r 5           r 6           r 7           r 8           r 9          r 10          r 11          r 12          r 13          r 14          r 15          r 16          r 17          r 18          r 19          r 20 
-- 0.86859300776 0.71971735792 0.62316103501 0.55858750839 0.52734771286 0.51272539354 0.49835355044 0.48938604687 0.49861388160 0.48927630444 0.50497868567 0.51686763291 0.52840666516 0.55392619356 0.58662097594 0.64863904524 0.69996478272 0.81431864778 1.02842580328 

---- Expected P_neut(i), 0 < i < n (neutral SFS per site) 
E[P_neut(1)] = 0.0101179725
E[P_neut(2)] = 0.0043944207
E[P_neut(3)] = 0.0024276634
E[P_neut(4)] = 0.0015766079
E[P_neut(5)] = 0.0011307043
E[P_neut(6)] = 0.0008896513
E[P_neut(7)] = 0.0007415044
E[P_neut(8)] = 0.0006307198
E[P_neut(9)] = 0.0005506358
E[P_neut(10)] = 0.0005050155
E[P_neut(11)] = 0.0004506150
E[P_neut(12)] = 0.0004264383
E[P_neut(13)] = 0.0004030595
E[P_neut(14)] = 0.0003828248
E[P_neut(15)] = 0.0003748391
E[P_neut(16)] = 0.0003726416
E[P_neut(17)] = 0.0003886464
E[P_neut(18)] = 0.0003981646
E[P_neut(19)] = 0.0004445065

---- Expected P_sel(i), 0 < i < n (selected SFS per site) 
E[P_sel(1)] = 0.0072253634
E[P_sel(2)] = 0.0028311374
E[P_sel(3)] = 0.0014859759
E[P_sel(4)] = 0.0009344946
E[P_sel(5)] = 0.0006552535
E[P_sel(6)] = 0.0005070203
E[P_sel(7)] = 0.0004172579
E[P_sel(8)] = 0.0003514950
E[P_sel(9)] = 0.0003046474
E[P_sel(10)] = 0.0002779717
E[P_sel(11)] = 0.0002472385
E[P_sel(12)] = 0.0002336752
E[P_sel(13)] = 0.0002210219
E[P_sel(14)] = 0.0002105337
E[P_sel(15)] = 0.0002072573
E[P_sel(16)] = 0.0002077862
E[P_sel(17)] = 0.0002193871
E[P_sel(18)] = 0.0002287663
E[P_sel(19)] = 0.0002624250

---- Expected D_neut and D_sel (neutral and selected divergence per site) 
E[D_neut] = 0.0198389485
E[D_sel] = 0.0125486350

---- Expected neutral and selected misattributed polymorphism per site
E[mis_neut] = 0.0005208148
E[mis_sel] = 0.0003156165

---- alpha_div = 0.267366
---- alpha_dfe = 0.267071

