---- Running command
---- ./polyDFE -d Mmc/29.polyDFE.config.txt -m C -e 
---- Performing inference using model C

---- Performing inference on Mmc/29.polyDFE.config.txt
---- No mutation variability. Using Poisson likelihood.


---- Calculating initial values

-- Starting local optimization
-- Optimizing all parameters
  it        eps_an        lambda     theta_bar           S_d             b           p_b           S_b           r 2           r 3           r 4           r 5           r 6           r 7           r 8           r 9          r 10          r 11          r 12          r 13          r 14          r 15          r 16          r 17          r 18          r 19          r 20           ln lk          grad status 
   0           0.1 0.01926724951 0.01136069033        -20000         0.208           0.1            20 0.87258380138 0.73370278467 0.64657422048 0.58600457540 0.56500219940 0.53597662134 0.53612462657 0.53051493161 0.55219620321 0.55416914029 0.58805904278 0.62895766499 0.66231409229 0.75239566558 0.87224298978 1.10562334312 1.57539690931             1             1 -1116376.039199 23159.5781852   -2 
 319 0.00313011176 0.01931941724 0.01019887843 -107.20675522 0.10465626051 0.00221021259 54.5827524919 0.85789797601 0.71529042042 0.61781455917 0.55338010303 0.52682152150 0.50322896576 0.49223487000 0.48068652503 0.48926783600 0.48391618914 0.50825733532 0.51411178319 0.52056578605 0.55674420424 0.59323656207 0.64526599420 0.70262445672 0.78609100191 1.00556306888 -320.7338625859 0.42117604771   -3 
-- Local optimization: stuck in the same solution
---- Best joint likelihood found -320.733862585911993 with gradient 0.42118

---- Results for Mmc/29.polyDFE.config.txt 
--  Model: C
--        eps_an        lambda     theta_bar             a 
-- 0.00313011176 0.01931941724 0.01019887843            -1 
--           S_d             b           p_b           S_b 
-- -107.20675522 0.10465626051 0.00221021259 54.5827524919 
--           r 2           r 3           r 4           r 5           r 6           r 7           r 8           r 9          r 10          r 11          r 12          r 13          r 14          r 15          r 16          r 17          r 18          r 19          r 20 
-- 0.85789797601 0.71529042042 0.61781455917 0.55338010303 0.52682152150 0.50322896576 0.49223487000 0.48068652503 0.48926783600 0.48391618914 0.50825733532 0.51411178319 0.52056578605 0.55674420424 0.59323656207 0.64526599420 0.70262445672 0.78609100191 1.00556306888 

---- Expected P_neut(i), 0 < i < n (neutral SFS per site) 
E[P_neut(1)] = 0.0101682756
E[P_neut(2)] = 0.0043623511
E[P_neut(3)] = 0.0024253202
E[P_neut(4)] = 0.0015715068
E[P_neut(5)] = 0.0011264230
E[P_neut(6)] = 0.0008938821
E[P_neut(7)] = 0.0007321634
E[P_neut(8)] = 0.0006269183
E[P_neut(9)] = 0.0005444175
E[P_neut(10)] = 0.0004989983
E[P_neut(11)] = 0.0004489736
E[P_neut(12)] = 0.0004325834
E[P_neut(13)] = 0.0004043682
E[P_neut(14)] = 0.0003808436
E[P_neut(15)] = 0.0003808927
E[P_neut(16)] = 0.0003818938
E[P_neut(17)] = 0.0003935169
E[P_neut(18)] = 0.0004105576
E[P_neut(19)] = 0.0004525632

---- Expected P_sel(i), 0 < i < n (selected SFS per site) 
E[P_sel(1)] = 0.0072326560
E[P_sel(2)] = 0.0028254733
E[P_sel(3)] = 0.0014991839
E[P_sel(4)] = 0.0009424966
E[P_sel(5)] = 0.0006608094
E[P_sel(6)] = 0.0005154155
E[P_sel(7)] = 0.0004162608
E[P_sel(8)] = 0.0003522363
E[P_sel(9)] = 0.0003028084
E[P_sel(10)] = 0.0002751295
E[P_sel(11)] = 0.0002456787
E[P_sel(12)] = 0.0002351644
E[P_sel(13)] = 0.0002186078
E[P_sel(14)] = 0.0002049663
E[P_sel(15)] = 0.0002043217
E[P_sel(16)] = 0.0002045548
E[P_sel(17)] = 0.0002111069
E[P_sel(18)] = 0.0002221383
E[P_sel(19)] = 0.0002533206

---- Expected D_neut and D_sel (neutral and selected divergence per site) 
E[D_neut] = 0.0198321980
E[D_sel] = 0.0125223665

---- Expected neutral and selected misattributed polymorphism per site
E[mis_neut] = 0.0005127808
E[mis_sel] = 0.0002891094

---- alpha_div = 0.190344
---- alpha_dfe = 0.190623

