---- Running command
---- ./polyDFE -d Mmc/290.polyDFE.config.txt -m C -e 
---- Performing inference using model C

---- Performing inference on Mmc/290.polyDFE.config.txt
---- No mutation variability. Using Poisson likelihood.


---- Calculating initial values

-- Starting local optimization
-- Optimizing all parameters
  it        eps_an        lambda     theta_bar           S_d             b           p_b           S_b           r 2           r 3           r 4           r 5           r 6           r 7           r 8           r 9          r 10          r 11          r 12          r 13          r 14          r 15          r 16          r 17          r 18          r 19          r 20           ln lk          grad status 
   0           0.1 0.01925927391 0.01134840565        -20000         0.208           0.1            20 0.87544496467 0.73612959567 0.64478384686 0.57909264915 0.56097513261 0.53967660273 0.54034035542 0.53529074419 0.55602116822 0.55466420596 0.60160553721 0.62896410350 0.67307052040 0.75216837327 0.86592942150 1.11485675997 1.59591843259             1             1 -1112466.791541 23072.7759098   -2 
 839 0.00076084787 0.01938781229 0.01013114034 -72.632874180 0.12440938778 0.02093792288 7.37526335274 0.86786963279 0.72321999431 0.62142393373 0.55279122983 0.52951712579 0.50909249956 0.49576890471 0.48971888658 0.50164661623 0.48535100801 0.51725902738 0.51917321613 0.52924406640 0.56519099081 0.59892297768 0.65522509486 0.72178139357 0.83242303512 0.87191697858 -292.1040998187 0.07739414421   -8 
-- Local optimization: reached maximum number of likelihood evaluations allowed.
---- Best joint likelihood found -292.104099818796385 with gradient 0.07739

---- Results for Mmc/290.polyDFE.config.txt 
--  Model: C
--        eps_an        lambda     theta_bar             a 
-- 0.00076084787 0.01938781229 0.01013114034            -1 
--           S_d             b           p_b           S_b 
-- -72.632874180 0.12440938778 0.02093792288 7.37526335274 
--           r 2           r 3           r 4           r 5           r 6           r 7           r 8           r 9          r 10          r 11          r 12          r 13          r 14          r 15          r 16          r 17          r 18          r 19          r 20 
-- 0.86786963279 0.72321999431 0.62142393373 0.55279122983 0.52951712579 0.50909249956 0.49576890471 0.48971888658 0.50164661623 0.48535100801 0.51725902738 0.51917321613 0.52924406640 0.56519099081 0.59892297768 0.65522509486 0.72178139357 0.83242303512 0.87191697858 

---- Expected P_neut(i), 0 < i < n (neutral SFS per site) 
E[P_neut(1)] = 0.0101237698
E[P_neut(2)] = 0.0043932187
E[P_neut(3)] = 0.0024407866
E[P_neut(4)] = 0.0015730243
E[P_neut(5)] = 0.0011195193
E[P_neut(6)] = 0.0008937132
E[P_neut(7)] = 0.0007365597
E[P_neut(8)] = 0.0006276926
E[P_neut(9)] = 0.0005511885
E[P_neut(10)] = 0.0005082252
E[P_neut(11)] = 0.0004470938
E[P_neut(12)] = 0.0004368474
E[P_neut(13)] = 0.0004048540
E[P_neut(14)] = 0.0003833779
E[P_neut(15)] = 0.0003822971
E[P_neut(16)] = 0.0003801448
E[P_neut(17)] = 0.0003920422
E[P_neut(18)] = 0.0004092840
E[P_neut(19)] = 0.0004512334

---- Expected P_sel(i), 0 < i < n (selected SFS per site) 
E[P_sel(1)] = 0.0072617727
E[P_sel(2)] = 0.0028431306
E[P_sel(3)] = 0.0015000363
E[P_sel(4)] = 0.0009355464
E[P_sel(5)] = 0.0006505151
E[P_sel(6)] = 0.0005102988
E[P_sel(7)] = 0.0004148985
E[P_sel(8)] = 0.0003498333
E[P_sel(9)] = 0.0003046617
E[P_sel(10)] = 0.0002791597
E[P_sel(11)] = 0.0002445049
E[P_sel(12)] = 0.0002382892
E[P_sel(13)] = 0.0002206930
E[P_sel(14)] = 0.0002092925
E[P_sel(15)] = 0.0002095295
E[P_sel(16)] = 0.0002098283
E[P_sel(17)] = 0.0002188288
E[P_sel(18)] = 0.0002323992
E[P_sel(19)] = 0.0002633759

---- Expected D_neut and D_sel (neutral and selected divergence per site) 
E[D_neut] = 0.0198294880
E[D_sel] = 0.0125523580

---- Expected neutral and selected misattributed polymorphism per site
E[mis_neut] = 0.0004416757
E[mis_sel] = 0.0002656702

---- alpha_div = 0.250042
---- alpha_dfe = 0.249808

