---- Running command
---- ./polyDFE -d Mmc/291.polyDFE.config.txt -m C -e 
---- Performing inference using model C

---- Performing inference on Mmc/291.polyDFE.config.txt
---- No mutation variability. Using Poisson likelihood.


---- Calculating initial values

-- Starting local optimization
-- Optimizing all parameters
  it        eps_an        lambda     theta_bar           S_d             b           p_b           S_b           r 2           r 3           r 4           r 5           r 6           r 7           r 8           r 9          r 10          r 11          r 12          r 13          r 14          r 15          r 16          r 17          r 18          r 19          r 20           ln lk          grad status 
   0           0.1 0.01926888156 0.01133847098        -20000         0.208           0.1            20 0.87353888183 0.73559756156 0.64782368033 0.58124754554 0.55921144685 0.53802525616 0.53209279940 0.53052737291 0.55321182578 0.55786799372 0.59511767665 0.62838487849 0.66503011222 0.75034241740 0.87851629286 1.10858967420 1.58355386797             1             1 -1115912.932900 23107.7898925   -2 
 599 0.00219703496 0.01930495783 0.01014500038 -74.662256453 0.12201165785 0.01841137893 8.07162805892 0.86324719827 0.72079951976 0.62285271586 0.55540302240 0.53003397978 0.50701018384 0.49143093061 0.48418612208 0.49420191205 0.48647716328 0.51434665331 0.51441304030 0.52245776570 0.55972628554 0.59491321665 0.64161036765 0.69879834120 0.80124223482 1.04858338584 -263.0507494583 0.06225862977   -3 
-- Local optimization: stuck in the same solution
---- Best joint likelihood found -263.050749458358041 with gradient 0.06226

---- Results for Mmc/291.polyDFE.config.txt 
--  Model: C
--        eps_an        lambda     theta_bar             a 
-- 0.00219703496 0.01930495783 0.01014500038            -1 
--           S_d             b           p_b           S_b 
-- -74.662256453 0.12201165785 0.01841137893 8.07162805892 
--           r 2           r 3           r 4           r 5           r 6           r 7           r 8           r 9          r 10          r 11          r 12          r 13          r 14          r 15          r 16          r 17          r 18          r 19          r 20 
-- 0.86324719827 0.72079951976 0.62285271586 0.55540302240 0.53003397978 0.50701018384 0.49143093061 0.48418612208 0.49420191205 0.48647716328 0.51434665331 0.51441304030 0.52245776570 0.55972628554 0.59491321665 0.64161036765 0.69879834120 0.80124223482 1.04858338584 

---- Expected P_neut(i), 0 < i < n (neutral SFS per site) 
E[P_neut(1)] = 0.0101236514
E[P_neut(2)] = 0.0043700665
E[P_neut(3)] = 0.0024329897
E[P_neut(4)] = 0.0015770683
E[P_neut(5)] = 0.0011252686
E[P_neut(6)] = 0.0008950620
E[P_neut(7)] = 0.0007340702
E[P_neut(8)] = 0.0006227820
E[P_neut(9)] = 0.0005455720
E[P_neut(10)] = 0.0005013679
E[P_neut(11)] = 0.0004488780
E[P_neut(12)] = 0.0004352511
E[P_neut(13)] = 0.0004021724
E[P_neut(14)] = 0.0003797325
E[P_neut(15)] = 0.0003802057
E[P_neut(16)] = 0.0003798541
E[P_neut(17)] = 0.0003874045
E[P_neut(18)] = 0.0004026056
E[P_neut(19)] = 0.0004491702

---- Expected P_sel(i), 0 < i < n (selected SFS per site) 
E[P_sel(1)] = 0.0072631360
E[P_sel(2)] = 0.0028317526
E[P_sel(3)] = 0.0014979779
E[P_sel(4)] = 0.0009399268
E[P_sel(5)] = 0.0006553113
E[P_sel(6)] = 0.0005122146
E[P_sel(7)] = 0.0004143954
E[P_sel(8)] = 0.0003478044
E[P_sel(9)] = 0.0003021132
E[P_sel(10)] = 0.0002758302
E[P_sel(11)] = 0.0002457929
E[P_sel(12)] = 0.0002376310
E[P_sel(13)] = 0.0002193329
E[P_sel(14)] = 0.0002072989
E[P_sel(15)] = 0.0002082705
E[P_sel(16)] = 0.0002094537
E[P_sel(17)] = 0.0002159637
E[P_sel(18)] = 0.0002284690
E[P_sel(19)] = 0.0002634888

---- Expected D_neut and D_sel (neutral and selected divergence per site) 
E[D_neut] = 0.0198368518
E[D_sel] = 0.0125266120

---- Expected neutral and selected misattributed polymorphism per site
E[mis_neut] = 0.0005318939
E[mis_sel] = 0.0003188109

---- alpha_div = 0.240111
---- alpha_dfe = 0.240020

