---- Running command
---- ./polyDFE -d Mmc/292.polyDFE.config.txt -m C -e 
---- Performing inference using model C

---- Performing inference on Mmc/292.polyDFE.config.txt
---- No mutation variability. Using Poisson likelihood.


---- Calculating initial values

-- Starting local optimization
-- Optimizing all parameters
  it        eps_an        lambda     theta_bar           S_d             b           p_b           S_b           r 2           r 3           r 4           r 5           r 6           r 7           r 8           r 9          r 10          r 11          r 12          r 13          r 14          r 15          r 16          r 17          r 18          r 19          r 20           ln lk          grad status 
   0           0.1 0.01931523647 0.01135529113        -20000         0.208           0.1            20 0.87761691875 0.72915825960 0.65128038183 0.58290539906 0.55818371698 0.53958863643 0.53521865177 0.52999245139 0.55331257433 0.56024537501 0.59542920010 0.62318305208 0.67424692244 0.74857054783 0.87259095141 1.10399064740 1.59370645599             1             1 -1118145.855323 23208.2783397   -2 
 892 0.00113869480 0.01931561001 0.01014394602 -77.131932427 0.12313860446 0.02148529034 7.11806277489 0.86812137433 0.71666984756 0.62787016236 0.55764524217 0.52978502179 0.50805722828 0.49349396594 0.48371672077 0.49521423532 0.49055986903 0.51277718690 0.51136465228 0.52859273078 0.55760415932 0.59331711903 0.64770275217 0.71473442341 0.81766031339 1.12080993541 -263.6027131932 0.04871944329   -3 
-- Local optimization: stuck in the same solution
---- Best joint likelihood found -263.602713193293312 with gradient 0.04872

---- Results for Mmc/292.polyDFE.config.txt 
--  Model: C
--        eps_an        lambda     theta_bar             a 
-- 0.00113869480 0.01931561001 0.01014394602            -1 
--           S_d             b           p_b           S_b 
-- -77.131932427 0.12313860446 0.02148529034 7.11806277489 
--           r 2           r 3           r 4           r 5           r 6           r 7           r 8           r 9          r 10          r 11          r 12          r 13          r 14          r 15          r 16          r 17          r 18          r 19          r 20 
-- 0.86812137433 0.71666984756 0.62787016236 0.55764524217 0.52978502179 0.50805722828 0.49349396594 0.48371672077 0.49521423532 0.49055986903 0.51277718690 0.51136465228 0.52859273078 0.55760415932 0.59331711903 0.64770275217 0.71473442341 0.81766031339 1.12080993541 

---- Expected P_neut(i), 0 < i < n (neutral SFS per site) 
E[P_neut(1)] = 0.0101328923
E[P_neut(2)] = 0.0043985331
E[P_neut(3)] = 0.0024209675
E[P_neut(4)] = 0.0015908855
E[P_neut(5)] = 0.0011304858
E[P_neut(6)] = 0.0008951013
E[P_neut(7)] = 0.0007358596
E[P_neut(8)] = 0.0006255281
E[P_neut(9)] = 0.0005450939
E[P_neut(10)] = 0.0005023426
E[P_neut(11)] = 0.0004524887
E[P_neut(12)] = 0.0004336843
E[P_neut(13)] = 0.0003994036
E[P_neut(14)] = 0.0003835849
E[P_neut(15)] = 0.0003779460
E[P_neut(16)] = 0.0003775458
E[P_neut(17)] = 0.0003888053
E[P_neut(18)] = 0.0004073455
E[P_neut(19)] = 0.0004475960

---- Expected P_sel(i), 0 < i < n (selected SFS per site) 
E[P_sel(1)] = 0.0072402839
E[P_sel(2)] = 0.0028371910
E[P_sel(3)] = 0.0014837305
E[P_sel(4)] = 0.0009439165
E[P_sel(5)] = 0.0006555278
E[P_sel(6)] = 0.0005101669
E[P_sel(7)] = 0.0004138489
E[P_sel(8)] = 0.0003481475
E[P_sel(9)] = 0.0003009356
E[P_sel(10)] = 0.0002756499
E[P_sel(11)] = 0.0002472468
E[P_sel(12)] = 0.0002364021
E[P_sel(13)] = 0.0002176057
E[P_sel(14)] = 0.0002093225
E[P_sel(15)] = 0.0002070883
E[P_sel(16)] = 0.0002083588
E[P_sel(17)] = 0.0002170020
E[P_sel(18)] = 0.0002313105
E[P_sel(19)] = 0.0002615714

---- Expected D_neut and D_sel (neutral and selected divergence per site) 
E[D_neut] = 0.0198840818
E[D_sel] = 0.0125412002

---- Expected neutral and selected misattributed polymorphism per site
E[mis_neut] = 0.0005684718
E[mis_sel] = 0.0003413593

---- alpha_div = 0.248732
---- alpha_dfe = 0.248641

