---- Running command
---- ./polyDFE -d Mmc/293.polyDFE.config.txt -m C -e 
---- Performing inference using model C

---- Performing inference on Mmc/293.polyDFE.config.txt
---- No mutation variability. Using Poisson likelihood.


---- Calculating initial values

-- Starting local optimization
-- Optimizing all parameters
  it        eps_an        lambda     theta_bar           S_d             b           p_b           S_b           r 2           r 3           r 4           r 5           r 6           r 7           r 8           r 9          r 10          r 11          r 12          r 13          r 14          r 15          r 16          r 17          r 18          r 19          r 20           ln lk          grad status 
   0           0.1 0.01927605294 0.01138138481        -20000         0.208           0.1            20 0.87104151835 0.72981086264 0.64599787536 0.57942016496 0.55479976515 0.54070880559 0.53156333973 0.53193662610 0.54683076613 0.55405085161 0.59461680662 0.62483591363 0.66777768734 0.74859714468 0.87367987326 1.11767803108 1.56855224189             1             1 -1115642.262551 23170.5000903   -2 
 910 0.00041638631 0.01927180451 0.01016075673 -88.156581129 0.11597115232 0.01551616237 9.27410118895 0.86307620540 0.71591344565 0.62165074568 0.55092826991 0.52738191932 0.50803621530 0.49241489456 0.48412719648 0.49201292526 0.48552206066 0.51480234524 0.51491688231 0.52877350051 0.56343798100 0.59587150623 0.65631334389 0.70816374061 0.82812436417 1.13255710333 -276.8175223991 0.02015081626   -3 
-- Local optimization: stuck in the same solution
---- Best joint likelihood found -276.817522399142035 with gradient 0.02015

---- Results for Mmc/293.polyDFE.config.txt 
--  Model: C
--        eps_an        lambda     theta_bar             a 
-- 0.00041638631 0.01927180451 0.01016075673            -1 
--           S_d             b           p_b           S_b 
-- -88.156581129 0.11597115232 0.01551616237 9.27410118895 
--           r 2           r 3           r 4           r 5           r 6           r 7           r 8           r 9          r 10          r 11          r 12          r 13          r 14          r 15          r 16          r 17          r 18          r 19          r 20 
-- 0.86307620540 0.71591344565 0.62165074568 0.55092826991 0.52738191932 0.50803621530 0.49241489456 0.48412719648 0.49201292526 0.48552206066 0.51480234524 0.51491688231 0.52877350051 0.56343798100 0.59587150623 0.65631334389 0.70816374061 0.82812436417 1.13255710333 

---- Expected P_neut(i), 0 < i < n (neutral SFS per site) 
E[P_neut(1)] = 0.0101567103
E[P_neut(2)] = 0.0043830944
E[P_neut(3)] = 0.0024238945
E[P_neut(4)] = 0.0015786105
E[P_neut(5)] = 0.0011192624
E[P_neut(6)] = 0.0008928878
E[P_neut(7)] = 0.0007372937
E[P_neut(8)] = 0.0006253346
E[P_neut(9)] = 0.0005465257
E[P_neut(10)] = 0.0004999224
E[P_neut(11)] = 0.0004485201
E[P_neut(12)] = 0.0004359774
E[P_neut(13)] = 0.0004025968
E[P_neut(14)] = 0.0003839791
E[P_neut(15)] = 0.0003819710
E[P_neut(16)] = 0.0003789065
E[P_neut(17)] = 0.0003931192
E[P_neut(18)] = 0.0004014082
E[P_neut(19)] = 0.0004469080

---- Expected P_sel(i), 0 < i < n (selected SFS per site) 
E[P_sel(1)] = 0.0072354089
E[P_sel(2)] = 0.0028282243
E[P_sel(3)] = 0.0014889113
E[P_sel(4)] = 0.0009397946
E[P_sel(5)] = 0.0006516098
E[P_sel(6)] = 0.0005110874
E[P_sel(7)] = 0.0004164579
E[P_sel(8)] = 0.0003495044
E[P_sel(9)] = 0.0003029008
E[P_sel(10)] = 0.0002752578
E[P_sel(11)] = 0.0002457563
E[P_sel(12)] = 0.0002381164
E[P_sel(13)] = 0.0002195578
E[P_sel(14)] = 0.0002094974
E[P_sel(15)] = 0.0002089751
E[P_sel(16)] = 0.0002084818
E[P_sel(17)] = 0.0002184090
E[P_sel(18)] = 0.0002265477
E[P_sel(19)] = 0.0002591602

---- Expected D_neut and D_sel (neutral and selected divergence per site) 
E[D_neut] = 0.0198471864
E[D_sel] = 0.0125485577

---- Expected neutral and selected misattributed polymorphism per site
E[mis_neut] = 0.0005753819
E[mis_sel] = 0.0003441733

---- alpha_div = 0.231153
---- alpha_dfe = 0.230977

