---- Running command
---- ./polyDFE -d Mmc/294.polyDFE.config.txt -m C -e 
---- Performing inference using model C

---- Performing inference on Mmc/294.polyDFE.config.txt
---- No mutation variability. Using Poisson likelihood.


---- Calculating initial values

-- Starting local optimization
-- Optimizing all parameters
  it        eps_an        lambda     theta_bar           S_d             b           p_b           S_b           r 2           r 3           r 4           r 5           r 6           r 7           r 8           r 9          r 10          r 11          r 12          r 13          r 14          r 15          r 16          r 17          r 18          r 19          r 20           ln lk          grad status 
   0           0.1 0.01930125204 0.01137054771        -20000         0.208           0.1            20 0.87098687949 0.73169380179 0.64283175818 0.58046371349 0.55832666536 0.54036379348 0.53357067276 0.52669477653 0.55039674302 0.55379351195 0.59374886142 0.62232579072 0.66380940414 0.74311711415 0.85707222545 1.11081886846 1.57330844019             1             1 -1116297.118995 23168.2807630   -2 
 697 0.00150055445 0.01930574292 0.01015723182 -80.660893662 0.12092823704 0.02158357669 6.97855423720 0.86368440554 0.71965339172 0.61989019259 0.55310519191 0.52835341714 0.50611407607 0.49325883878 0.48362280517 0.49159264077 0.48233395386 0.51348180326 0.51263012326 0.52151405457 0.55266683880 0.58776664870 0.64485885924 0.69971065191 0.81234982074 1.11384589856 -285.1131172075 0.04028094249   -3 
-- Local optimization: stuck in the same solution
---- Best joint likelihood found -285.113117207525647 with gradient 0.04028

---- Results for Mmc/294.polyDFE.config.txt 
--  Model: C
--        eps_an        lambda     theta_bar             a 
-- 0.00150055445 0.01930574292 0.01015723182            -1 
--           S_d             b           p_b           S_b 
-- -80.660893662 0.12092823704 0.02158357669 6.97855423720 
--           r 2           r 3           r 4           r 5           r 6           r 7           r 8           r 9          r 10          r 11          r 12          r 13          r 14          r 15          r 16          r 17          r 18          r 19          r 20 
-- 0.86368440554 0.71965339172 0.61989019259 0.55310519191 0.52835341714 0.50611407607 0.49325883878 0.48362280517 0.49159264077 0.48233395386 0.51348180326 0.51263012326 0.52151405457 0.55266683880 0.58776664870 0.64485885924 0.69971065191 0.81234982074 1.11384589856 

---- Expected P_neut(i), 0 < i < n (neutral SFS per site) 
E[P_neut(1)] = 0.0101426420
E[P_neut(2)] = 0.0043803319
E[P_neut(3)] = 0.0024334841
E[P_neut(4)] = 0.0015722900
E[P_neut(5)] = 0.0011224791
E[P_neut(6)] = 0.0008936603
E[P_neut(7)] = 0.0007338873
E[P_neut(8)] = 0.0006259805
E[P_neut(9)] = 0.0005456570
E[P_neut(10)] = 0.0004993220
E[P_neut(11)] = 0.0004455305
E[P_neut(12)] = 0.0004349170
E[P_neut(13)] = 0.0004010320
E[P_neut(14)] = 0.0003791415
E[P_neut(15)] = 0.0003753621
E[P_neut(16)] = 0.0003749322
E[P_neut(17)] = 0.0003883710
E[P_neut(18)] = 0.0004008296
E[P_neut(19)] = 0.0004488648

---- Expected P_sel(i), 0 < i < n (selected SFS per site) 
E[P_sel(1)] = 0.0072428820
E[P_sel(2)] = 0.0028276636
E[P_sel(3)] = 0.0014938752
E[P_sel(4)] = 0.0009349818
E[P_sel(5)] = 0.0006526319
E[P_sel(6)] = 0.0005108851
E[P_sel(7)] = 0.0004140995
E[P_sel(8)] = 0.0003496252
E[P_sel(9)] = 0.0003023627
E[P_sel(10)] = 0.0002750499
E[P_sel(11)] = 0.0002444147
E[P_sel(12)] = 0.0002380414
E[P_sel(13)] = 0.0002193991
E[P_sel(14)] = 0.0002077634
E[P_sel(15)] = 0.0002065317
E[P_sel(16)] = 0.0002077706
E[P_sel(17)] = 0.0002176364
E[P_sel(18)] = 0.0002285238
E[P_sel(19)] = 0.0002635120

---- Expected D_neut and D_sel (neutral and selected divergence per site) 
E[D_neut] = 0.0198714225
E[D_sel] = 0.0125400112

---- Expected neutral and selected misattributed polymorphism per site
E[mis_neut] = 0.0005656796
E[mis_sel] = 0.0003403752

---- alpha_div = 0.245136
---- alpha_dfe = 0.244998

