---- Running command
---- ./polyDFE -d Mmc/295.polyDFE.config.txt -m C -e 
---- Performing inference using model C

---- Performing inference on Mmc/295.polyDFE.config.txt
---- No mutation variability. Using Poisson likelihood.


---- Calculating initial values

-- Starting local optimization
-- Optimizing all parameters
  it        eps_an        lambda     theta_bar           S_d             b           p_b           S_b           r 2           r 3           r 4           r 5           r 6           r 7           r 8           r 9          r 10          r 11          r 12          r 13          r 14          r 15          r 16          r 17          r 18          r 19          r 20           ln lk          grad status 
   0           0.1 0.01930762640 0.01133943309        -20000         0.208           0.1            20 0.87398849711 0.73645430863 0.64572128430 0.58240887515 0.55644303371 0.54198866190 0.53460335236 0.53568710225 0.54677589493 0.55746522230 0.59274902912 0.62557434262 0.66616968183 0.75569130216 0.87437911277 1.10056822755 1.58502765942             1             1 -1119093.392955 23195.6063413   -2 
1621 0.00049185380 0.01926031136 0.01012236197 -75.074078303 0.12410594276 0.02481843421 6.18519325793 0.86681215650 0.72199244297 0.62091441242 0.55729511506 0.52628578598 0.50874680622 0.49829135859 0.48741976836 0.49276335264 0.48691169025 0.50998704341 0.51935430028 0.52657752864 0.56348258515 0.59540153112 0.64255046170 0.71606056038 0.83422505111 1.21752141139 -270.2980526551 0.03338723998   -3 
-- Local optimization: stuck in the same solution
---- Best joint likelihood found -270.298052655125502 with gradient 0.03339

---- Results for Mmc/295.polyDFE.config.txt 
--  Model: C
--        eps_an        lambda     theta_bar             a 
-- 0.00049185380 0.01926031136 0.01012236197            -1 
--           S_d             b           p_b           S_b 
-- -75.074078303 0.12410594276 0.02481843421 6.18519325793 
--           r 2           r 3           r 4           r 5           r 6           r 7           r 8           r 9          r 10          r 11          r 12          r 13          r 14          r 15          r 16          r 17          r 18          r 19          r 20 
-- 0.86681215650 0.72199244297 0.62091441242 0.55729511506 0.52628578598 0.50874680622 0.49829135859 0.48741976836 0.49276335264 0.48691169025 0.50998704341 0.51935430028 0.52657752864 0.56348258515 0.59540153112 0.64255046170 0.71606056038 0.83422505111 1.21752141139 

---- Expected P_neut(i), 0 < i < n (neutral SFS per site) 
E[P_neut(1)] = 0.0101176018
E[P_neut(2)] = 0.0043851335
E[P_neut(3)] = 0.0024350796
E[P_neut(4)] = 0.0015706925
E[P_neut(5)] = 0.0011278607
E[P_neut(6)] = 0.0008876264
E[P_neut(7)] = 0.0007355112
E[P_neut(8)] = 0.0006303872
E[P_neut(9)] = 0.0005481551
E[P_neut(10)] = 0.0004987929
E[P_neut(11)] = 0.0004481126
E[P_neut(12)] = 0.0004302880
E[P_neut(13)] = 0.0004045547
E[P_neut(14)] = 0.0003809786
E[P_neut(15)] = 0.0003806195
E[P_neut(16)] = 0.0003772669
E[P_neut(17)] = 0.0003836058
E[P_neut(18)] = 0.0004046389
E[P_neut(19)] = 0.0004491984

---- Expected P_sel(i), 0 < i < n (selected SFS per site) 
E[P_sel(1)] = 0.0072484882
E[P_sel(2)] = 0.0028365935
E[P_sel(3)] = 0.0014968339
E[P_sel(4)] = 0.0009348861
E[P_sel(5)] = 0.0006562198
E[P_sel(6)] = 0.0005077465
E[P_sel(7)] = 0.0004152739
E[P_sel(8)] = 0.0003523359
E[P_sel(9)] = 0.0003040080
E[P_sel(10)] = 0.0002750527
E[P_sel(11)] = 0.0002461598
E[P_sel(12)] = 0.0002358968
E[P_sel(13)] = 0.0002217698
E[P_sel(14)] = 0.0002092667
E[P_sel(15)] = 0.0002100002
E[P_sel(16)] = 0.0002096978
E[P_sel(17)] = 0.0002156239
E[P_sel(18)] = 0.0002312096
E[P_sel(19)] = 0.0002631401

---- Expected D_neut and D_sel (neutral and selected divergence per site) 
E[D_neut] = 0.0198765210
E[D_sel] = 0.0125271716

---- Expected neutral and selected misattributed polymorphism per site
E[mis_neut] = 0.0006162096
E[mis_sel] = 0.0003715435

---- alpha_div = 0.251824
---- alpha_dfe = 0.251662

