---- Running command
---- ./polyDFE -d Mmc/296.polyDFE.config.txt -m C -e 
---- Performing inference using model C

---- Performing inference on Mmc/296.polyDFE.config.txt
---- No mutation variability. Using Poisson likelihood.


---- Calculating initial values

-- Starting local optimization
-- Optimizing all parameters
  it        eps_an        lambda     theta_bar           S_d             b           p_b           S_b           r 2           r 3           r 4           r 5           r 6           r 7           r 8           r 9          r 10          r 11          r 12          r 13          r 14          r 15          r 16          r 17          r 18          r 19          r 20           ln lk          grad status 
   0           0.1 0.01929437200 0.01134811144        -20000         0.208           0.1            20 0.87530644618 0.73623242708 0.64391865203 0.58675361032 0.56206845162 0.53849158022 0.54165911728 0.53041200456 0.55524680345 0.55796455532 0.59811792885 0.62979645596 0.66879857941 0.75334639397 0.86627059918 1.11201306542 1.58829327338             1             1 -1115469.944557 23175.5651416   -2 
 575 0.00116207173 0.01934645539 0.01013673720 -77.426293060 0.12341363104 0.02206470405 7.02325367742 0.86734238870 0.72300492157 0.62116230279 0.55992261469 0.53281803216 0.50565216413 0.49893480750 0.48532532067 0.49821864893 0.48687400671 0.51183092169 0.51871831348 0.53087082714 0.56021533724 0.59038847457 0.65276119405 0.71371514934 0.81624723625 1.02149693524 -274.7491096524 0.07669988708   -3 
-- Local optimization: stuck in the same solution
---- Best joint likelihood found -274.749109652431798 with gradient 0.07670

---- Results for Mmc/296.polyDFE.config.txt 
--  Model: C
--        eps_an        lambda     theta_bar             a 
-- 0.00116207173 0.01934645539 0.01013673720            -1 
--           S_d             b           p_b           S_b 
-- -77.426293060 0.12341363104 0.02206470405 7.02325367742 
--           r 2           r 3           r 4           r 5           r 6           r 7           r 8           r 9          r 10          r 11          r 12          r 13          r 14          r 15          r 16          r 17          r 18          r 19          r 20 
-- 0.86734238870 0.72300492157 0.62116230279 0.55992261469 0.53281803216 0.50565216413 0.49893480750 0.48532532067 0.49821864893 0.48687400671 0.51183092169 0.51871831348 0.53087082714 0.56021533724 0.59038847457 0.65276119405 0.71371514934 0.81624723625 1.02149693524 

---- Expected P_neut(i), 0 < i < n (neutral SFS per site) 
E[P_neut(1)] = 0.0101254636
E[P_neut(2)] = 0.0043913695
E[P_neut(3)] = 0.0024405837
E[P_neut(4)] = 0.0015727452
E[P_neut(5)] = 0.0011342785
E[P_neut(6)] = 0.0008995733
E[P_neut(7)] = 0.0007318567
E[P_neut(8)] = 0.0006319642
E[P_neut(9)] = 0.0005465101
E[P_neut(10)] = 0.0005050312
E[P_neut(11)] = 0.0004487787
E[P_neut(12)] = 0.0004325902
E[P_neut(13)] = 0.0004048510
E[P_neut(14)] = 0.0003849778
E[P_neut(15)] = 0.0003794629
E[P_neut(16)] = 0.0003754329
E[P_neut(17)] = 0.0003916142
E[P_neut(18)] = 0.0004065716
E[P_neut(19)] = 0.0004467516

---- Expected P_sel(i), 0 < i < n (selected SFS per site) 
E[P_sel(1)] = 0.0072303891
E[P_sel(2)] = 0.0028304279
E[P_sel(3)] = 0.0014945833
E[P_sel(4)] = 0.0009324324
E[P_sel(5)] = 0.0006572374
E[P_sel(6)] = 0.0005123557
E[P_sel(7)] = 0.0004113307
E[P_sel(8)] = 0.0003515247
E[P_sel(9)] = 0.0003015650
E[P_sel(10)] = 0.0002770102
E[P_sel(11)] = 0.0002451434
E[P_sel(12)] = 0.0002357607
E[P_sel(13)] = 0.0002205615
E[P_sel(14)] = 0.0002101048
E[P_sel(15)] = 0.0002079791
E[P_sel(16)] = 0.0002072948
E[P_sel(17)] = 0.0002187295
E[P_sel(18)] = 0.0002311000
E[P_sel(19)] = 0.0002614119

---- Expected D_neut and D_sel (neutral and selected divergence per site) 
E[D_neut] = 0.0198641877
E[D_sel] = 0.0125509947

---- Expected neutral and selected misattributed polymorphism per site
E[mis_neut] = 0.0005177323
E[mis_sel] = 0.0003113612

---- alpha_div = 0.251887
---- alpha_dfe = 0.251690

