---- Running command
---- ./polyDFE -d Mmc/297.polyDFE.config.txt -m C -e 
---- Performing inference using model C

---- Performing inference on Mmc/297.polyDFE.config.txt
---- No mutation variability. Using Poisson likelihood.


---- Calculating initial values

-- Starting local optimization
-- Optimizing all parameters
  it        eps_an        lambda     theta_bar           S_d             b           p_b           S_b           r 2           r 3           r 4           r 5           r 6           r 7           r 8           r 9          r 10          r 11          r 12          r 13          r 14          r 15          r 16          r 17          r 18          r 19          r 20           ln lk          grad status 
   0           0.1 0.01927589288 0.01133504286        -20000         0.208           0.1            20 0.87328891925 0.73362971439 0.64395875065 0.58696504339 0.55603852313 0.54191354030 0.54184288046 0.52767630641 0.55649025838 0.54655134420 0.60086838196 0.62536261667 0.66353890311 0.75321176315 0.85935655345 1.11664460866 1.57841489163             1             1 -1118701.827115 23187.0402615   -2 
 563 0.00363623918 0.01929182221 0.01015685178 -84.787378866 0.11555041489 0.01291067061 10.7289163584 0.86491701959 0.71672011963 0.62008273687 0.55878173760 0.52521860549 0.50972688705 0.49484577420 0.48119489079 0.49793220292 0.47760286177 0.51203798357 0.51431415201 0.52668661239 0.55874066834 0.57975704026 0.64265728756 0.68385204731 0.77526497062 1.08683276285 -277.2181411237 0.17768642335   -8 
-- Local optimization: reached maximum number of likelihood evaluations allowed.
---- Best joint likelihood found -277.218141123768874 with gradient 0.17769

---- Results for Mmc/297.polyDFE.config.txt 
--  Model: C
--        eps_an        lambda     theta_bar             a 
-- 0.00363623918 0.01929182221 0.01015685178            -1 
--           S_d             b           p_b           S_b 
-- -84.787378866 0.11555041489 0.01291067061 10.7289163584 
--           r 2           r 3           r 4           r 5           r 6           r 7           r 8           r 9          r 10          r 11          r 12          r 13          r 14          r 15          r 16          r 17          r 18          r 19          r 20 
-- 0.86491701959 0.71672011963 0.62008273687 0.55878173760 0.52521860549 0.50972688705 0.49484577420 0.48119489079 0.49793220292 0.47760286177 0.51203798357 0.51431415201 0.52668661239 0.55874066834 0.57975704026 0.64265728756 0.68385204731 0.77526497062 1.08683276285 

---- Expected P_neut(i), 0 < i < n (neutral SFS per site) 
E[P_neut(1)] = 0.0101214260
E[P_neut(2)] = 0.0043778482
E[P_neut(3)] = 0.0024191127
E[P_neut(4)] = 0.0015701350
E[P_neut(5)] = 0.0011323409
E[P_neut(6)] = 0.0008872511
E[P_neut(7)] = 0.0007383747
E[P_neut(8)] = 0.0006275508
E[P_neut(9)] = 0.0005426762
E[P_neut(10)] = 0.0005057424
E[P_neut(11)] = 0.0004413658
E[P_neut(12)] = 0.0004340997
E[P_neut(13)] = 0.0004030600
E[P_neut(14)] = 0.0003839491
E[P_neut(15)] = 0.0003810882
E[P_neut(16)] = 0.0003724187
E[P_neut(17)] = 0.0003913905
E[P_neut(18)] = 0.0004004456
E[P_neut(19)] = 0.0004498600

---- Expected P_sel(i), 0 < i < n (selected SFS per site) 
E[P_sel(1)] = 0.0072361193
E[P_sel(2)] = 0.0028351500
E[P_sel(3)] = 0.0014910852
E[P_sel(4)] = 0.0009377191
E[P_sel(5)] = 0.0006611238
E[P_sel(6)] = 0.0005091625
E[P_sel(7)] = 0.0004179918
E[P_sel(8)] = 0.0003513856
E[P_sel(9)] = 0.0003011935
E[P_sel(10)] = 0.0002787297
E[P_sel(11)] = 0.0002419475
E[P_sel(12)] = 0.0002370694
E[P_sel(13)] = 0.0002196613
E[P_sel(14)] = 0.0002092088
E[P_sel(15)] = 0.0002080936
E[P_sel(16)] = 0.0002044332
E[P_sel(17)] = 0.0002169547
E[P_sel(18)] = 0.0002260169
E[P_sel(19)] = 0.0002641349

---- Expected D_neut and D_sel (neutral and selected divergence per site) 
E[D_neut] = 0.0198437622
E[D_sel] = 0.0125168318

---- Expected neutral and selected misattributed polymorphism per site
E[mis_neut] = 0.0005519400
E[mis_sel] = 0.0003282589

---- alpha_div = 0.222092
---- alpha_dfe = 0.221997

