---- Running command
---- ./polyDFE -d Mmc/298.polyDFE.config.txt -m C -e 
---- Performing inference using model C

---- Performing inference on Mmc/298.polyDFE.config.txt
---- No mutation variability. Using Poisson likelihood.


---- Calculating initial values

-- Starting local optimization
-- Optimizing all parameters
  it        eps_an        lambda     theta_bar           S_d             b           p_b           S_b           r 2           r 3           r 4           r 5           r 6           r 7           r 8           r 9          r 10          r 11          r 12          r 13          r 14          r 15          r 16          r 17          r 18          r 19          r 20           ln lk          grad status 
   0           0.1 0.01928727961 0.01136481706        -20000         0.208           0.1            20 0.87487211411 0.73342904653 0.63997203622 0.58429857550 0.55668476699 0.53958888805 0.53902420040 0.52917137060 0.54764046038 0.55182431650 0.59059880173 0.63089959172 0.66512046549 0.75966702557 0.86040393411 1.10089742978 1.58029945477             1             1 -1115966.095946 23169.1734505   -2 
1005 0.00093522032 0.01927960730 0.01014936156 -81.920825209 0.12056397615 0.02097490004 7.21637020443 0.86621112657 0.72072589710 0.61853377333 0.55701669070 0.52800809620 0.50734599401 0.49541084379 0.48461445979 0.49173033628 0.48293029093 0.50907157214 0.51522504315 0.52697467598 0.56260369866 0.58711478107 0.64682792922 0.70441258417 0.81796473707 1.13662900205 -273.0313681682 0.02115441300   -8 
-- Local optimization: reached maximum number of likelihood evaluations allowed.
---- Best joint likelihood found -273.031368168260087 with gradient 0.02115

---- Results for Mmc/298.polyDFE.config.txt 
--  Model: C
--        eps_an        lambda     theta_bar             a 
-- 0.00093522032 0.01927960730 0.01014936156            -1 
--           S_d             b           p_b           S_b 
-- -81.920825209 0.12056397615 0.02097490004 7.21637020443 
--           r 2           r 3           r 4           r 5           r 6           r 7           r 8           r 9          r 10          r 11          r 12          r 13          r 14          r 15          r 16          r 17          r 18          r 19          r 20 
-- 0.86621112657 0.72072589710 0.61853377333 0.55701669070 0.52800809620 0.50734599401 0.49541084379 0.48461445979 0.49173033628 0.48293029093 0.50907157214 0.51522504315 0.52697467598 0.56260369866 0.58711478107 0.64682792922 0.70441258417 0.81796473707 1.13662900205 

---- Expected P_neut(i), 0 < i < n (neutral SFS per site) 
E[P_neut(1)] = 0.0101402783
E[P_neut(2)] = 0.0043920054
E[P_neut(3)] = 0.0024363834
E[P_neut(4)] = 0.0015683113
E[P_neut(5)] = 0.0011299713
E[P_neut(6)] = 0.0008926795
E[P_neut(7)] = 0.0007352937
E[P_neut(8)] = 0.0006283278
E[P_neut(9)] = 0.0005464087
E[P_neut(10)] = 0.0004990749
E[P_neut(11)] = 0.0004456793
E[P_neut(12)] = 0.0004307477
E[P_neut(13)] = 0.0004025583
E[P_neut(14)] = 0.0003825106
E[P_neut(15)] = 0.0003813726
E[P_neut(16)] = 0.0003735470
E[P_neut(17)] = 0.0003880892
E[P_neut(18)] = 0.0004009250
E[P_neut(19)] = 0.0004460211

---- Expected P_sel(i), 0 < i < n (selected SFS per site) 
E[P_sel(1)] = 0.0072324884
E[P_sel(2)] = 0.0028318697
E[P_sel(3)] = 0.0014939671
E[P_sel(4)] = 0.0009315816
E[P_sel(5)] = 0.0006562602
E[P_sel(6)] = 0.0005097524
E[P_sel(7)] = 0.0004144184
E[P_sel(8)] = 0.0003505235
E[P_sel(9)] = 0.0003024104
E[P_sel(10)] = 0.0002745654
E[P_sel(11)] = 0.0002441729
E[P_sel(12)] = 0.0002354331
E[P_sel(13)] = 0.0002199142
E[P_sel(14)] = 0.0002092899
E[P_sel(15)] = 0.0002095034
E[P_sel(16)] = 0.0002066552
E[P_sel(17)] = 0.0002170886
E[P_sel(18)] = 0.0002280970
E[P_sel(19)] = 0.0002608924

---- Expected D_neut and D_sel (neutral and selected divergence per site) 
E[D_neut] = 0.0198564102
E[D_sel] = 0.0125451361

---- Expected neutral and selected misattributed polymorphism per site
E[mis_neut] = 0.0005768029
E[mis_sel] = 0.0003469937

---- alpha_div = 0.245578
---- alpha_dfe = 0.245504

