---- Running command
---- ./polyDFE -d Mmc/299.polyDFE.config.txt -m C -e 
---- Performing inference using model C

---- Performing inference on Mmc/299.polyDFE.config.txt
---- No mutation variability. Using Poisson likelihood.


---- Calculating initial values

-- Starting local optimization
-- Optimizing all parameters
  it        eps_an        lambda     theta_bar           S_d             b           p_b           S_b           r 2           r 3           r 4           r 5           r 6           r 7           r 8           r 9          r 10          r 11          r 12          r 13          r 14          r 15          r 16          r 17          r 18          r 19          r 20           ln lk          grad status 
   0           0.1 0.01924764601 0.01135697035        -20000         0.208           0.1            20 0.87099321428 0.73544066908 0.64504030960 0.58065181256 0.55854747977 0.53814417322 0.53249421192 0.53152512589 0.55417858925 0.55834568900 0.59164158959 0.62045532396 0.67131224642 0.74885603256 0.87232136993 1.10879849797 1.58954429570             1             1 -1113251.467841 23079.0136155   -2 
 412 0.00131069367 0.01929090931 0.01014999244 -81.787528905 0.11810319701 0.01575088396 9.22276639348 0.86240128279 0.71905673413 0.62100141219 0.55499123597 0.52983255165 0.50657300028 0.49030257941 0.48647820508 0.49484257283 0.48415378147 0.51299515557 0.51516238433 0.53156960233 0.55887987723 0.59393414202 0.64740339830 0.71193882031 0.80564631752 1.03713346714 -270.2767492467 0.05325908568   -3 
-- Local optimization: stuck in the same solution
---- Best joint likelihood found -270.276749246797408 with gradient 0.05326

---- Results for Mmc/299.polyDFE.config.txt 
--  Model: C
--        eps_an        lambda     theta_bar             a 
-- 0.00131069367 0.01929090931 0.01014999244            -1 
--           S_d             b           p_b           S_b 
-- -81.787528905 0.11810319701 0.01575088396 9.22276639348 
--           r 2           r 3           r 4           r 5           r 6           r 7           r 8           r 9          r 10          r 11          r 12          r 13          r 14          r 15          r 16          r 17          r 18          r 19          r 20 
-- 0.86240128279 0.71905673413 0.62100141219 0.55499123597 0.52983255165 0.50657300028 0.49030257941 0.48647820508 0.49484257283 0.48415378147 0.51299515557 0.51516238433 0.53156960233 0.55887987723 0.59393414202 0.64740339830 0.71193882031 0.80564631752 1.03713346714 

---- Expected P_neut(i), 0 < i < n (neutral SFS per site) 
E[P_neut(1)] = 0.0101372530
E[P_neut(2)] = 0.0043714729
E[P_neut(3)] = 0.0024301248
E[P_neut(4)] = 0.0015742184
E[P_neut(5)] = 0.0011256504
E[P_neut(6)] = 0.0008956298
E[P_neut(7)] = 0.0007340948
E[P_neut(8)] = 0.0006218243
E[P_neut(9)] = 0.0005485053
E[P_neut(10)] = 0.0005022648
E[P_neut(11)] = 0.0004468751
E[P_neut(12)] = 0.0004341547
E[P_neut(13)] = 0.0004026582
E[P_neut(14)] = 0.0003860573
E[P_neut(15)] = 0.0003791561
E[P_neut(16)] = 0.0003783482
E[P_neut(17)] = 0.0003892197
E[P_neut(18)] = 0.0004066644
E[P_neut(19)] = 0.0004431239

---- Expected P_sel(i), 0 < i < n (selected SFS per site) 
E[P_sel(1)] = 0.0072479313
E[P_sel(2)] = 0.0028279285
E[P_sel(3)] = 0.0014953751
E[P_sel(4)] = 0.0009383319
E[P_sel(5)] = 0.0006558770
E[P_sel(6)] = 0.0005129316
E[P_sel(7)] = 0.0004147744
E[P_sel(8)] = 0.0003475799
E[P_sel(9)] = 0.0003039850
E[P_sel(10)] = 0.0002765033
E[P_sel(11)] = 0.0002447945
E[P_sel(12)] = 0.0002370489
E[P_sel(13)] = 0.0002195202
E[P_sel(14)] = 0.0002105676
E[P_sel(15)] = 0.0002073883
E[P_sel(16)] = 0.0002081643
E[P_sel(17)] = 0.0002163127
E[P_sel(18)] = 0.0002298014
E[P_sel(19)] = 0.0002582169

---- Expected D_neut and D_sel (neutral and selected divergence per site) 
E[D_neut] = 0.0198172542
E[D_sel] = 0.0125379105

---- Expected neutral and selected misattributed polymorphism per site
E[mis_neut] = 0.0005263448
E[mis_sel] = 0.0003149194

---- alpha_div = 0.233240
---- alpha_dfe = 0.233088

