---- Running command
---- ./polyDFE -d Mmc/3.polyDFE.config.txt -m C -e 
---- Performing inference using model C

---- Performing inference on Mmc/3.polyDFE.config.txt
---- No mutation variability. Using Poisson likelihood.


---- Calculating initial values

-- Starting local optimization
-- Optimizing all parameters
  it        eps_an        lambda     theta_bar           S_d             b           p_b           S_b           r 2           r 3           r 4           r 5           r 6           r 7           r 8           r 9          r 10          r 11          r 12          r 13          r 14          r 15          r 16          r 17          r 18          r 19          r 20           ln lk          grad status 
   0           0.1 0.01926257135 0.01134741107        -20000         0.208           0.1            20 0.87225342595 0.73508419787 0.64478724913 0.58229836943 0.55849123972 0.53868989469 0.53631392803 0.53355244245 0.55246096186 0.55635643383 0.59220492314 0.62570439238 0.67053845754 0.75131478534 0.85781340037 1.11673522715 1.58398741555             1             1 -1109669.317163 23079.9639014   -2 
 538 0.00468139991 0.01928382139 0.01019625011 -111.03623667 0.10364640006 0.00241635148 50.6015144019 0.85994407154 0.71584418889 0.61733180745 0.54892136303 0.52338708610 0.50119671365 0.49131314767 0.48405817610 0.49285287965 0.48592091138 0.50760042735 0.51097608620 0.52467834022 0.55736220376 0.58409033473 0.64714027829 0.69375311144 0.76972955153 1.06749199930 -310.5966313679 0.14564413187   -3 
-- Local optimization: stuck in the same solution
---- Best joint likelihood found -310.596631367909140 with gradient 0.14564

---- Results for Mmc/3.polyDFE.config.txt 
--  Model: C
--        eps_an        lambda     theta_bar             a 
-- 0.00468139991 0.01928382139 0.01019625011            -1 
--           S_d             b           p_b           S_b 
-- -111.03623667 0.10364640006 0.00241635148 50.6015144019 
--           r 2           r 3           r 4           r 5           r 6           r 7           r 8           r 9          r 10          r 11          r 12          r 13          r 14          r 15          r 16          r 17          r 18          r 19          r 20 
-- 0.85994407154 0.71584418889 0.61733180745 0.54892136303 0.52338708610 0.50119671365 0.49131314767 0.48405817610 0.49285287965 0.48592091138 0.50760042735 0.51097608620 0.52467834022 0.55736220376 0.58409033473 0.64714027829 0.69375311144 0.76972955153 1.06749199930 

---- Expected P_neut(i), 0 < i < n (neutral SFS per site) 
E[P_neut(1)] = 0.0101504511
E[P_neut(2)] = 0.0043654184
E[P_neut(3)] = 0.0024234028
E[P_neut(4)] = 0.0015679932
E[P_neut(5)] = 0.0011159212
E[P_neut(6)] = 0.0008870560
E[P_neut(7)] = 0.0007285053
E[P_neut(8)] = 0.0006252816
E[P_neut(9)] = 0.0005479389
E[P_neut(10)] = 0.0005025251
E[P_neut(11)] = 0.0004508743
E[P_neut(12)] = 0.0004322141
E[P_neut(13)] = 0.0004023138
E[P_neut(14)] = 0.0003845000
E[P_neut(15)] = 0.0003823336
E[P_neut(16)] = 0.0003778449
E[P_neut(17)] = 0.0003977141
E[P_neut(18)] = 0.0004116663
E[P_neut(19)] = 0.0004588703

---- Expected P_sel(i), 0 < i < n (selected SFS per site) 
E[P_sel(1)] = 0.0072131703
E[P_sel(2)] = 0.0028268123
E[P_sel(3)] = 0.0014983279
E[P_sel(4)] = 0.0009408921
E[P_sel(5)] = 0.0006551560
E[P_sel(6)] = 0.0005119813
E[P_sel(7)] = 0.0004146636
E[P_sel(8)] = 0.0003517865
E[P_sel(9)] = 0.0003052264
E[P_sel(10)] = 0.0002775397
E[P_sel(11)] = 0.0002471793
E[P_sel(12)] = 0.0002354508
E[P_sel(13)] = 0.0002180018
E[P_sel(14)] = 0.0002074768
E[P_sel(15)] = 0.0002057154
E[P_sel(16)] = 0.0002031341
E[P_sel(17)] = 0.0002143649
E[P_sel(18)] = 0.0002243286
E[P_sel(19)] = 0.0002605078

---- Expected D_neut and D_sel (neutral and selected divergence per site) 
E[D_neut] = 0.0198280422
E[D_sel] = 0.0125667695

---- Expected neutral and selected misattributed polymorphism per site
E[mis_neut] = 0.0005442208
E[mis_sel] = 0.0003085815

---- alpha_div = 0.192297
---- alpha_dfe = 0.192469

