---- Running command
---- ./polyDFE -d Mmc/30.polyDFE.config.txt -m C -e 
---- Performing inference using model C

---- Performing inference on Mmc/30.polyDFE.config.txt
---- No mutation variability. Using Poisson likelihood.


---- Calculating initial values

-- Starting local optimization
-- Optimizing all parameters
  it        eps_an        lambda     theta_bar           S_d             b           p_b           S_b           r 2           r 3           r 4           r 5           r 6           r 7           r 8           r 9          r 10          r 11          r 12          r 13          r 14          r 15          r 16          r 17          r 18          r 19          r 20           ln lk          grad status 
   0           0.1 0.01926129933 0.01132671394        -20000         0.208           0.1            20 0.87304530257 0.73849759680 0.64186174436 0.58587271417 0.55886551962 0.54363430626 0.53924315894 0.53418451354 0.55362075708 0.55636576962 0.59530791447 0.63091371790 0.67475553380 0.75190628827 0.86198986604 1.11856382035 1.58856553364             1             1 -1111911.105750 23072.6089772   -2 
 389 0.00333656814 0.01931827682 0.01015239833 -84.559850192 0.11443983681 0.00855443038 15.9583986585 0.86396063454 0.71907354791 0.61678181774 0.55553137604 0.52782500509 0.51040116548 0.49386548518 0.48645490254 0.49703455026 0.48386949480 0.51490212329 0.51993444546 0.52751978757 0.55822835547 0.58694810779 0.64645238439 0.70451543897 0.78219386865 1.00186384854 -294.2914341860 1.14562686229   -3 
-- Local optimization: stuck in the same solution
---- Best joint likelihood found -294.291434186015977 with gradient 1.14563

---- Results for Mmc/30.polyDFE.config.txt 
--  Model: C
--        eps_an        lambda     theta_bar             a 
-- 0.00333656814 0.01931827682 0.01015239833            -1 
--           S_d             b           p_b           S_b 
-- -84.559850192 0.11443983681 0.00855443038 15.9583986585 
--           r 2           r 3           r 4           r 5           r 6           r 7           r 8           r 9          r 10          r 11          r 12          r 13          r 14          r 15          r 16          r 17          r 18          r 19          r 20 
-- 0.86396063454 0.71907354791 0.61678181774 0.55553137604 0.52782500509 0.51040116548 0.49386548518 0.48645490254 0.49703455026 0.48386949480 0.51490212329 0.51993444546 0.52751978757 0.55822835547 0.58694810779 0.64645238439 0.70451543897 0.78219386865 1.00186384854 

---- Expected P_neut(i), 0 < i < n (neutral SFS per site) 
E[P_neut(1)] = 0.0101199187
E[P_neut(2)] = 0.0043723291
E[P_neut(3)] = 0.0024266091
E[P_neut(4)] = 0.0015614731
E[P_neut(5)] = 0.0011254922
E[P_neut(6)] = 0.0008914114
E[P_neut(7)] = 0.0007391414
E[P_neut(8)] = 0.0006261022
E[P_neut(9)] = 0.0005484018
E[P_neut(10)] = 0.0005046093
E[P_neut(11)] = 0.0004469259
E[P_neut(12)] = 0.0004362620
E[P_neut(13)] = 0.0004071599
E[P_neut(14)] = 0.0003842458
E[P_neut(15)] = 0.0003803268
E[P_neut(16)] = 0.0003764138
E[P_neut(17)] = 0.0003928925
E[P_neut(18)] = 0.0004106694
E[P_neut(19)] = 0.0004504346

---- Expected P_sel(i), 0 < i < n (selected SFS per site) 
E[P_sel(1)] = 0.0072384204
E[P_sel(2)] = 0.0028328174
E[P_sel(3)] = 0.0014960110
E[P_sel(4)] = 0.0009324180
E[P_sel(5)] = 0.0006567615
E[P_sel(6)] = 0.0005110179
E[P_sel(7)] = 0.0004177561
E[P_sel(8)] = 0.0003497899
E[P_sel(9)] = 0.0003034694
E[P_sel(10)] = 0.0002770512
E[P_sel(11)] = 0.0002438360
E[P_sel(12)] = 0.0002368658
E[P_sel(13)] = 0.0002203325
E[P_sel(14)] = 0.0002076023
E[P_sel(15)] = 0.0002055936
E[P_sel(16)] = 0.0002041912
E[P_sel(17)] = 0.0002148513
E[P_sel(18)] = 0.0002283750
E[P_sel(19)] = 0.0002612717

---- Expected D_neut and D_sel (neutral and selected divergence per site) 
E[D_neut] = 0.0198268429
E[D_sel] = 0.0125459882

---- Expected neutral and selected misattributed polymorphism per site
E[mis_neut] = 0.0005085660
E[mis_sel] = 0.0002989046

---- alpha_div = 0.216634
---- alpha_dfe = 0.216609

