---- Running command
---- ./polyDFE -d Mmc/300.polyDFE.config.txt -m C -e 
---- Performing inference using model C

---- Performing inference on Mmc/300.polyDFE.config.txt
---- No mutation variability. Using Poisson likelihood.


---- Calculating initial values

-- Starting local optimization
-- Optimizing all parameters
  it        eps_an        lambda     theta_bar           S_d             b           p_b           S_b           r 2           r 3           r 4           r 5           r 6           r 7           r 8           r 9          r 10          r 11          r 12          r 13          r 14          r 15          r 16          r 17          r 18          r 19          r 20           ln lk          grad status 
   0           0.1 0.01929392284 0.01134801908        -20000         0.208           0.1            20 0.87084741121 0.73230571439 0.64730878427 0.58352099162 0.56726569555 0.54002910618 0.53284926684 0.53350591081 0.55462387067 0.55552943104 0.59594304730 0.62913995738 0.66554162780 0.75525815278 0.86184294585 1.10913546552 1.57786153985             1             1 -1114863.926360 23133.0252869   -2 
 366 0.00390389869 0.01935103112 0.01016924898 -89.495805911 0.11319101847 0.01095374741 12.3922364526 0.86358622180 0.71691290440 0.62092996540 0.55435143127 0.53168000340 0.50561662102 0.49273490535 0.48670520619 0.49458336240 0.48514845838 0.51328744045 0.51742557493 0.51835956132 0.56009529345 0.58302763033 0.64164155967 0.69162279825 0.76578163395 1.00277850273 -297.8087461754 0.63758730990   -3 
-- Local optimization: stuck in the same solution
---- Best joint likelihood found -297.808746175433043 with gradient 0.63759

---- Results for Mmc/300.polyDFE.config.txt 
--  Model: C
--        eps_an        lambda     theta_bar             a 
-- 0.00390389869 0.01935103112 0.01016924898            -1 
--           S_d             b           p_b           S_b 
-- -89.495805911 0.11319101847 0.01095374741 12.3922364526 
--           r 2           r 3           r 4           r 5           r 6           r 7           r 8           r 9          r 10          r 11          r 12          r 13          r 14          r 15          r 16          r 17          r 18          r 19          r 20 
-- 0.86358622180 0.71691290440 0.62092996540 0.55435143127 0.53168000340 0.50561662102 0.49273490535 0.48670520619 0.49458336240 0.48514845838 0.51328744045 0.51742557493 0.51835956132 0.56009529345 0.58302763033 0.64164155967 0.69162279825 0.76578163395 1.00277850273 

---- Expected P_neut(i), 0 < i < n (neutral SFS per site) 
E[P_neut(1)] = 0.0101311493
E[P_neut(2)] = 0.0043753950
E[P_neut(3)] = 0.0024221666
E[P_neut(4)] = 0.0015738818
E[P_neut(5)] = 0.0011245484
E[P_neut(6)] = 0.0008990830
E[P_neut(7)] = 0.0007332471
E[P_neut(8)] = 0.0006255959
E[P_neut(9)] = 0.0005495403
E[P_neut(10)] = 0.0005029541
E[P_neut(11)] = 0.0004489046
E[P_neut(12)] = 0.0004357260
E[P_neut(13)] = 0.0004060435
E[P_neut(14)] = 0.0003785714
E[P_neut(15)] = 0.0003826357
E[P_neut(16)] = 0.0003752756
E[P_neut(17)] = 0.0003918130
E[P_neut(18)] = 0.0004063547
E[P_neut(19)] = 0.0004479641

---- Expected P_sel(i), 0 < i < n (selected SFS per site) 
E[P_sel(1)] = 0.0072310785
E[P_sel(2)] = 0.0028320070
E[P_sel(3)] = 0.0014930992
E[P_sel(4)] = 0.0009403730
E[P_sel(5)] = 0.0006569903
E[P_sel(6)] = 0.0005163238
E[P_sel(7)] = 0.0004153855
E[P_sel(8)] = 0.0003505158
E[P_sel(9)] = 0.0003051569
E[P_sel(10)] = 0.0002772762
E[P_sel(11)] = 0.0002460876
E[P_sel(12)] = 0.0002378834
E[P_sel(13)] = 0.0002211255
E[P_sel(14)] = 0.0002060291
E[P_sel(15)] = 0.0002085607
E[P_sel(16)] = 0.0002055001
E[P_sel(17)] = 0.0002165323
E[P_sel(18)] = 0.0002285887
E[P_sel(19)] = 0.0002626791

---- Expected D_neut and D_sel (neutral and selected divergence per site) 
E[D_neut] = 0.0198609063
E[D_sel] = 0.0125404858

---- Expected neutral and selected misattributed polymorphism per site
E[mis_neut] = 0.0005098752
E[mis_sel] = 0.0003022168

---- alpha_div = 0.216661
---- alpha_dfe = 0.216688

