---- Running command
---- ./polyDFE -d Mmc/301.polyDFE.config.txt -m C -e 
---- Performing inference using model C

---- Performing inference on Mmc/301.polyDFE.config.txt
---- No mutation variability. Using Poisson likelihood.


---- Calculating initial values

-- Starting local optimization
-- Optimizing all parameters
  it        eps_an        lambda     theta_bar           S_d             b           p_b           S_b           r 2           r 3           r 4           r 5           r 6           r 7           r 8           r 9          r 10          r 11          r 12          r 13          r 14          r 15          r 16          r 17          r 18          r 19          r 20           ln lk          grad status 
   0           0.1 0.01924929587 0.01136491015        -20000         0.208           0.1            20 0.87208246432 0.72941825163 0.64095638025 0.58133519974 0.55224413170 0.53960096111 0.53798944685 0.53199269185 0.55396909994 0.55019631988 0.59224533684 0.61708844976 0.67438429703 0.74618974221 0.86767434845 1.10418150221 1.57844010843             1             1 -1113878.785125 23093.2538432   -2 
 544 0.00046365621 0.01930310505 0.01015070123 -89.096711162 0.11489011108 0.01635195552 8.62750870853 0.86223077399 0.71635651946 0.61734711382 0.55446775316 0.52448589163 0.50696400180 0.49370529663 0.48668222491 0.49737958955 0.48150975904 0.51005950719 0.51305747974 0.52792713918 0.55554631439 0.59347190855 0.65422569195 0.71311311216 0.83029992914 1.01805786288 -276.9286530033 0.08676348386   -3 
-- Local optimization: stuck in the same solution
---- Best joint likelihood found -276.928653003356885 with gradient 0.08676

---- Results for Mmc/301.polyDFE.config.txt 
--  Model: C
--        eps_an        lambda     theta_bar             a 
-- 0.00046365621 0.01930310505 0.01015070123            -1 
--           S_d             b           p_b           S_b 
-- -89.096711162 0.11489011108 0.01635195552 8.62750870853 
--           r 2           r 3           r 4           r 5           r 6           r 7           r 8           r 9          r 10          r 11          r 12          r 13          r 14          r 15          r 16          r 17          r 18          r 19          r 20 
-- 0.86223077399 0.71635651946 0.61734711382 0.55446775316 0.52448589163 0.50696400180 0.49370529663 0.48668222491 0.49737958955 0.48150975904 0.51005950719 0.51305747974 0.52792713918 0.55554631439 0.59347190855 0.65422569195 0.71311311216 0.83029992914 1.01805786288 

---- Expected P_neut(i), 0 < i < n (neutral SFS per site) 
E[P_neut(1)] = 0.0101462005
E[P_neut(2)] = 0.0043742809
E[P_neut(3)] = 0.0024228976
E[P_neut(4)] = 0.0015660747
E[P_neut(5)] = 0.0011252997
E[P_neut(6)] = 0.0008870827
E[P_neut(7)] = 0.0007349935
E[P_neut(8)] = 0.0006263415
E[P_neut(9)] = 0.0005488588
E[P_neut(10)] = 0.0005048752
E[P_neut(11)] = 0.0004443814
E[P_neut(12)] = 0.0004315455
E[P_neut(13)] = 0.0004007623
E[P_neut(14)] = 0.0003830076
E[P_neut(15)] = 0.0003762932
E[P_neut(16)] = 0.0003770616
E[P_neut(17)] = 0.0003915809
E[P_neut(18)] = 0.0004039869
E[P_neut(19)] = 0.0004480864

---- Expected P_sel(i), 0 < i < n (selected SFS per site) 
E[P_sel(1)] = 0.0072384847
E[P_sel(2)] = 0.0028294481
E[P_sel(3)] = 0.0014928013
E[P_sel(4)] = 0.0009355292
E[P_sel(5)] = 0.0006575800
E[P_sel(6)] = 0.0005098040
E[P_sel(7)] = 0.0004169247
E[P_sel(8)] = 0.0003516326
E[P_sel(9)] = 0.0003056161
E[P_sel(10)] = 0.0002793382
E[P_sel(11)] = 0.0002447190
E[P_sel(12)] = 0.0002369282
E[P_sel(13)] = 0.0002197356
E[P_sel(14)] = 0.0002101234
E[P_sel(15)] = 0.0002070296
E[P_sel(16)] = 0.0002086431
E[P_sel(17)] = 0.0002187658
E[P_sel(18)] = 0.0002291816
E[P_sel(19)] = 0.0002608689

---- Expected D_neut and D_sel (neutral and selected divergence per site) 
E[D_neut] = 0.0198198051
E[D_sel] = 0.0125174596

---- Expected neutral and selected misattributed polymorphism per site
E[mis_neut] = 0.0005167001
E[mis_sel] = 0.0003098457

---- alpha_div = 0.227475
---- alpha_dfe = 0.227284

