---- Running command
---- ./polyDFE -d Mmc/302.polyDFE.config.txt -m C -e 
---- Performing inference using model C

---- Performing inference on Mmc/302.polyDFE.config.txt
---- No mutation variability. Using Poisson likelihood.


---- Calculating initial values

-- Starting local optimization
-- Optimizing all parameters
  it        eps_an        lambda     theta_bar           S_d             b           p_b           S_b           r 2           r 3           r 4           r 5           r 6           r 7           r 8           r 9          r 10          r 11          r 12          r 13          r 14          r 15          r 16          r 17          r 18          r 19          r 20           ln lk          grad status 
   0           0.1 0.01926074258 0.01133503844        -20000         0.208           0.1            20 0.87895997200 0.73265957129 0.64497062556 0.58549019506 0.56063254212 0.54173881785 0.54881230013 0.52981945775 0.55898656626 0.55768473806 0.59641880811 0.63000565559 0.66557923751 0.74602131876 0.86775013266 1.10889027942 1.60084356498             1             1 -1115425.161521 23155.7237325   -2 
1084 0.00047212697 0.01923358750 0.01012344369 -76.888465877 0.12362717459 0.02242618052 6.88169025485 0.86879135881 0.72022883706 0.61999909492 0.55950900486 0.53053661832 0.50932612980 0.50414281119 0.48957198196 0.49795677092 0.48783801213 0.51710209926 0.52034935098 0.52323085797 0.55949995928 0.59381882457 0.65111077825 0.72184587506 0.83790107774 1.17942865282 -286.9854456612 0.02469335927   -8 
-- Local optimization: reached maximum number of likelihood evaluations allowed.
---- Best joint likelihood found -286.985445661237463 with gradient 0.02469

---- Results for Mmc/302.polyDFE.config.txt 
--  Model: C
--        eps_an        lambda     theta_bar             a 
-- 0.00047212697 0.01923358750 0.01012344369            -1 
--           S_d             b           p_b           S_b 
-- -76.888465877 0.12362717459 0.02242618052 6.88169025485 
--           r 2           r 3           r 4           r 5           r 6           r 7           r 8           r 9          r 10          r 11          r 12          r 13          r 14          r 15          r 16          r 17          r 18          r 19          r 20 
-- 0.86879135881 0.72022883706 0.61999909492 0.55950900486 0.53053661832 0.50932612980 0.50414281119 0.48957198196 0.49795677092 0.48783801213 0.51710209926 0.52034935098 0.52323085797 0.55949995928 0.59381882457 0.65111077825 0.72184587506 0.83790107774 1.17942865282 

---- Expected P_neut(i), 0 < i < n (neutral SFS per site) 
E[P_neut(1)] = 0.0101188749
E[P_neut(2)] = 0.0043956957
E[P_neut(3)] = 0.0024294343
E[P_neut(4)] = 0.0015685680
E[P_neut(5)] = 0.0011324750
E[P_neut(6)] = 0.0008948989
E[P_neut(7)] = 0.0007364342
E[P_neut(8)] = 0.0006378624
E[P_neut(9)] = 0.0005506358
E[P_neut(10)] = 0.0005041037
E[P_neut(11)] = 0.0004490117
E[P_neut(12)] = 0.0004363331
E[P_neut(13)] = 0.0004053663
E[P_neut(14)] = 0.0003785939
E[P_neut(15)] = 0.0003779610
E[P_neut(16)] = 0.0003762817
E[P_neut(17)] = 0.0003886987
E[P_neut(18)] = 0.0004078604
E[P_neut(19)] = 0.0004510132

---- Expected P_sel(i), 0 < i < n (selected SFS per site) 
E[P_sel(1)] = 0.0072294543
E[P_sel(2)] = 0.0028346163
E[P_sel(3)] = 0.0014884545
E[P_sel(4)] = 0.0009303843
E[P_sel(5)] = 0.0006564955
E[P_sel(6)] = 0.0005099325
E[P_sel(7)] = 0.0004141028
E[P_sel(8)] = 0.0003549819
E[P_sel(9)] = 0.0003039980
E[P_sel(10)] = 0.0002766490
E[P_sel(11)] = 0.0002454059
E[P_sel(12)] = 0.0002379352
E[P_sel(13)] = 0.0002209689
E[P_sel(14)] = 0.0002067373
E[P_sel(15)] = 0.0002072651
E[P_sel(16)] = 0.0002078507
E[P_sel(17)] = 0.0002171376
E[P_sel(18)] = 0.0002317032
E[P_sel(19)] = 0.0002629977

---- Expected D_neut and D_sel (neutral and selected divergence per site) 
E[D_neut] = 0.0198305815
E[D_sel] = 0.0125126337

---- Expected neutral and selected misattributed polymorphism per site
E[mis_neut] = 0.0005969940
E[mis_sel] = 0.0003589341

---- alpha_div = 0.251470
---- alpha_dfe = 0.251211

