---- Running command
---- ./polyDFE -d Mmc/303.polyDFE.config.txt -m C -e 
---- Performing inference using model C

---- Performing inference on Mmc/303.polyDFE.config.txt
---- No mutation variability. Using Poisson likelihood.


---- Calculating initial values

-- Starting local optimization
-- Optimizing all parameters
  it        eps_an        lambda     theta_bar           S_d             b           p_b           S_b           r 2           r 3           r 4           r 5           r 6           r 7           r 8           r 9          r 10          r 11          r 12          r 13          r 14          r 15          r 16          r 17          r 18          r 19          r 20           ln lk          grad status 
   0           0.1 0.01929812642 0.01139308468        -20000         0.208           0.1            20 0.87406506964 0.73387909038 0.64228818006 0.58078942112 0.55499742469 0.53929272978 0.53485237768 0.53005741778 0.55115090468 0.55394281496 0.58977084375 0.62182675725 0.66380868941 0.75074644228 0.85890985147 1.10691133566 1.58524773532             1             1 -1117216.418217 23196.8783898   -2 
 514 0.00153360783 0.01931946341 0.01019274160 -88.329384222 0.11808626058 0.02006882603 7.37574334844 0.86411836070 0.71806816774 0.61966432602 0.55343527372 0.52563769160 0.50463479353 0.49478259156 0.48422950554 0.49076574570 0.48235974248 0.50864793162 0.51525129671 0.52526845415 0.55826144605 0.58330302940 0.64642873744 0.70372969611 0.80325089373 1.07672732248 -274.1589716712 0.77929856934   -8 
-- Local optimization: reached maximum number of likelihood evaluations allowed.
---- Best joint likelihood found -274.158971671247855 with gradient 0.77930

---- Results for Mmc/303.polyDFE.config.txt 
--  Model: C
--        eps_an        lambda     theta_bar             a 
-- 0.00153360783 0.01931946341 0.01019274160            -1 
--           S_d             b           p_b           S_b 
-- -88.329384222 0.11808626058 0.02006882603 7.37574334844 
--           r 2           r 3           r 4           r 5           r 6           r 7           r 8           r 9          r 10          r 11          r 12          r 13          r 14          r 15          r 16          r 17          r 18          r 19          r 20 
-- 0.86411836070 0.71806816774 0.61966432602 0.55343527372 0.52563769160 0.50463479353 0.49478259156 0.48422950554 0.49076574570 0.48235974248 0.50864793162 0.51525129671 0.52526845415 0.55826144605 0.58330302940 0.64642873744 0.70372969611 0.80325089373 1.07672732248 

---- Expected P_neut(i), 0 < i < n (neutral SFS per site) 
E[P_neut(1)] = 0.0101777708
E[P_neut(2)] = 0.0043977249
E[P_neut(3)] = 0.0024365473
E[P_neut(4)] = 0.0015771679
E[P_neut(5)] = 0.0011270561
E[P_neut(6)] = 0.0008921652
E[P_neut(7)] = 0.0007342944
E[P_neut(8)] = 0.0006300947
E[P_neut(9)] = 0.0005482473
E[P_neut(10)] = 0.0005002248
E[P_neut(11)] = 0.0004471163
E[P_neut(12)] = 0.0004323473
E[P_neut(13)] = 0.0004044938
E[P_neut(14)] = 0.0003832062
E[P_neut(15)] = 0.0003804961
E[P_neut(16)] = 0.0003734428
E[P_neut(17)] = 0.0003907284
E[P_neut(18)] = 0.0004046391
E[P_neut(19)] = 0.0004458829

---- Expected P_sel(i), 0 < i < n (selected SFS per site) 
E[P_sel(1)] = 0.0072339579
E[P_sel(2)] = 0.0028290596
E[P_sel(3)] = 0.0014918510
E[P_sel(4)] = 0.0009359448
E[P_sel(5)] = 0.0006541764
E[P_sel(6)] = 0.0005092856
E[P_sel(7)] = 0.0004137900
E[P_sel(8)] = 0.0003514976
E[P_sel(9)] = 0.0003034416
E[P_sel(10)] = 0.0002752201
E[P_sel(11)] = 0.0002449789
E[P_sel(12)] = 0.0002363154
E[P_sel(13)] = 0.0002209616
E[P_sel(14)] = 0.0002096369
E[P_sel(15)] = 0.0002089572
E[P_sel(16)] = 0.0002065012
E[P_sel(17)] = 0.0002184337
E[P_sel(18)] = 0.0002301063
E[P_sel(19)] = 0.0002610910

---- Expected D_neut and D_sel (neutral and selected divergence per site) 
E[D_neut] = 0.0198682036
E[D_sel] = 0.0125242171

---- Expected neutral and selected misattributed polymorphism per site
E[mis_neut] = 0.0005487402
E[mis_sel] = 0.0003294222

---- alpha_div = 0.240415
---- alpha_dfe = 0.240408

