---- Running command
---- ./polyDFE -d Mmc/304.polyDFE.config.txt -m C -e 
---- Performing inference using model C

---- Performing inference on Mmc/304.polyDFE.config.txt
---- No mutation variability. Using Poisson likelihood.


---- Calculating initial values

-- Starting local optimization
-- Optimizing all parameters
  it        eps_an        lambda     theta_bar           S_d             b           p_b           S_b           r 2           r 3           r 4           r 5           r 6           r 7           r 8           r 9          r 10          r 11          r 12          r 13          r 14          r 15          r 16          r 17          r 18          r 19          r 20           ln lk          grad status 
   0           0.1 0.01926722116 0.01135140544        -20000         0.208           0.1            20 0.87452385843 0.73319663747 0.64677920147 0.58361502197 0.55890543428 0.54579962691 0.53740429145 0.53300177751 0.55421305108 0.55694307880 0.59623389901 0.62616055429 0.66507440399 0.74825806697 0.86294584180 1.11759408577 1.58130032877             1             1 -1115848.742904 23148.9470713   -2 
 822 0.00055191312 0.01922119046 0.01012841610 -76.369679081 0.12356320819 0.02269321803 6.82707441462 0.86832912451 0.72085743973 0.62192434032 0.55929735936 0.53174086067 0.51082376848 0.49541659476 0.48770095192 0.49615432758 0.48471655762 0.51585658851 0.51855043928 0.52632247823 0.55582742071 0.59009471285 0.65294582367 0.71444668169 0.82720235484 1.21361256638 -280.8335229244 0.02518475425   -3 
-- Local optimization: stuck in the same solution
---- Best joint likelihood found -280.833522924498538 with gradient 0.02518

---- Results for Mmc/304.polyDFE.config.txt 
--  Model: C
--        eps_an        lambda     theta_bar             a 
-- 0.00055191312 0.01922119046 0.01012841610            -1 
--           S_d             b           p_b           S_b 
-- -76.369679081 0.12356320819 0.02269321803 6.82707441462 
--           r 2           r 3           r 4           r 5           r 6           r 7           r 8           r 9          r 10          r 11          r 12          r 13          r 14          r 15          r 16          r 17          r 18          r 19          r 20 
-- 0.86832912451 0.72085743973 0.62192434032 0.55929735936 0.53174086067 0.51082376848 0.49541659476 0.48770095192 0.49615432758 0.48471655762 0.51585658851 0.51855043928 0.52632247823 0.55582742071 0.59009471285 0.65294582367 0.71444668169 0.82720235484 1.21361256638 

---- Expected P_neut(i), 0 < i < n (neutral SFS per site) 
E[P_neut(1)] = 0.0101230695
E[P_neut(2)] = 0.0043951942
E[P_neut(3)] = 0.0024325862
E[P_neut(4)] = 0.0015741142
E[P_neut(5)] = 0.0011325411
E[P_neut(6)] = 0.0008973302
E[P_neut(7)] = 0.0007389344
E[P_neut(8)] = 0.0006271173
E[P_neut(9)] = 0.0005487921
E[P_neut(10)] = 0.0005025257
E[P_neut(11)] = 0.0004463667
E[P_neut(12)] = 0.0004355067
E[P_neut(13)] = 0.0004041922
E[P_neut(14)] = 0.0003810576
E[P_neut(15)] = 0.0003757282
E[P_neut(16)] = 0.0003742083
E[P_neut(17)] = 0.0003901466
E[P_neut(18)] = 0.0004042170
E[P_neut(19)] = 0.0004463071

---- Expected P_sel(i), 0 < i < n (selected SFS per site) 
E[P_sel(1)] = 0.0072393628
E[P_sel(2)] = 0.0028374835
E[P_sel(3)] = 0.0014921797
E[P_sel(4)] = 0.0009348500
E[P_sel(5)] = 0.0006573918
E[P_sel(6)] = 0.0005120084
E[P_sel(7)] = 0.0004160873
E[P_sel(8)] = 0.0003495027
E[P_sel(9)] = 0.0003034278
E[P_sel(10)] = 0.0002762029
E[P_sel(11)] = 0.0002443432
E[P_sel(12)] = 0.0002378693
E[P_sel(13)] = 0.0002206978
E[P_sel(14)] = 0.0002084430
E[P_sel(15)] = 0.0002064104
E[P_sel(16)] = 0.0002070906
E[P_sel(17)] = 0.0002183685
E[P_sel(18)] = 0.0002301039
E[P_sel(19)] = 0.0002608628

---- Expected D_neut and D_sel (neutral and selected divergence per site) 
E[D_neut] = 0.0198357891
E[D_sel] = 0.0125371066

---- Expected neutral and selected misattributed polymorphism per site
E[mis_neut] = 0.0006145987
E[mis_sel] = 0.0003702219

---- alpha_div = 0.251937
---- alpha_dfe = 0.251852

