---- Running command
---- ./polyDFE -d Mmc/305.polyDFE.config.txt -m C -e 
---- Performing inference using model C

---- Performing inference on Mmc/305.polyDFE.config.txt
---- No mutation variability. Using Poisson likelihood.


---- Calculating initial values

-- Starting local optimization
-- Optimizing all parameters
  it        eps_an        lambda     theta_bar           S_d             b           p_b           S_b           r 2           r 3           r 4           r 5           r 6           r 7           r 8           r 9          r 10          r 11          r 12          r 13          r 14          r 15          r 16          r 17          r 18          r 19          r 20           ln lk          grad status 
   0           0.1 0.01929061724 0.01132825415        -20000         0.208           0.1            20 0.87389042872 0.73731770596 0.64207004671 0.58078626822 0.55176548185 0.53716940225 0.53826449995 0.53721238566 0.55301814536 0.55919694476 0.59480123633 0.63004989246 0.66991646867 0.75097945036 0.87629830982 1.11401521841 1.58049236210             1             1 -1119405.330996 23210.4682907   -2 
 775 0.00143847179 0.01932959272 0.01012549614 -78.697991877 0.11977348020 0.01764510593 8.22702174512 0.86526026126 0.72134079739 0.61878224820 0.55492186620 0.52238438429 0.50654658642 0.49665501329 0.48915804958 0.49922481955 0.48715139619 0.51456095596 0.51727628692 0.52407665034 0.56081510911 0.59500426259 0.65211455071 0.70778588015 0.82284415237 1.04341046135 -269.1658174295 0.05475661176   -3 
-- Local optimization: stuck in the same solution
---- Best joint likelihood found -269.165817429515300 with gradient 0.05476

---- Results for Mmc/305.polyDFE.config.txt 
--  Model: C
--        eps_an        lambda     theta_bar             a 
-- 0.00143847179 0.01932959272 0.01012549614            -1 
--           S_d             b           p_b           S_b 
-- -78.697991877 0.11977348020 0.01764510593 8.22702174512 
--           r 2           r 3           r 4           r 5           r 6           r 7           r 8           r 9          r 10          r 11          r 12          r 13          r 14          r 15          r 16          r 17          r 18          r 19          r 20 
-- 0.86526026126 0.72134079739 0.61878224820 0.55492186620 0.52238438429 0.50654658642 0.49665501329 0.48915804958 0.49922481955 0.48715139619 0.51456095596 0.51727628692 0.52407665034 0.56081510911 0.59500426259 0.65211455071 0.70778588015 0.82284415237 1.04341046135 

---- Expected P_neut(i), 0 < i < n (neutral SFS per site) 
E[P_neut(1)] = 0.0101115617
E[P_neut(2)] = 0.0043748661
E[P_neut(3)] = 0.0024317010
E[P_neut(4)] = 0.0015646578
E[P_neut(5)] = 0.0011226999
E[P_neut(6)] = 0.0008808440
E[P_neut(7)] = 0.0007322449
E[P_neut(8)] = 0.0006283301
E[P_neut(9)] = 0.0005501832
E[P_neut(10)] = 0.0005054899
E[P_neut(11)] = 0.0004485693
E[P_neut(12)] = 0.0004344618
E[P_neut(13)] = 0.0004033728
E[P_neut(14)] = 0.0003797612
E[P_neut(15)] = 0.0003796407
E[P_neut(16)] = 0.0003782561
E[P_neut(17)] = 0.0003913542
E[P_neut(18)] = 0.0004038777
E[P_neut(19)] = 0.0004524453

---- Expected P_sel(i), 0 < i < n (selected SFS per site) 
E[P_sel(1)] = 0.0072418075
E[P_sel(2)] = 0.0028331870
E[P_sel(3)] = 0.0014974186
E[P_sel(4)] = 0.0009331271
E[P_sel(5)] = 0.0006544509
E[P_sel(6)] = 0.0005046851
E[P_sel(7)] = 0.0004139301
E[P_sel(8)] = 0.0003514202
E[P_sel(9)] = 0.0003051335
E[P_sel(10)] = 0.0002785278
E[P_sel(11)] = 0.0002459961
E[P_sel(12)] = 0.0002375418
E[P_sel(13)] = 0.0002202760
E[P_sel(14)] = 0.0002075464
E[P_sel(15)] = 0.0002081391
E[P_sel(16)] = 0.0002086703
E[P_sel(17)] = 0.0002181369
E[P_sel(18)] = 0.0002289059
E[P_sel(19)] = 0.0002641890

---- Expected D_neut and D_sel (neutral and selected divergence per site) 
E[D_neut] = 0.0198578452
E[D_sel] = 0.0125199512

---- Expected neutral and selected misattributed polymorphism per site
E[mis_neut] = 0.0005282524
E[mis_sel] = 0.0003162797

---- alpha_div = 0.234735
---- alpha_dfe = 0.234668

