---- Running command
---- ./polyDFE -d Mmc/306.polyDFE.config.txt -m C -e 
---- Performing inference using model C

---- Performing inference on Mmc/306.polyDFE.config.txt
---- No mutation variability. Using Poisson likelihood.


---- Calculating initial values

-- Starting local optimization
-- Optimizing all parameters
  it        eps_an        lambda     theta_bar           S_d             b           p_b           S_b           r 2           r 3           r 4           r 5           r 6           r 7           r 8           r 9          r 10          r 11          r 12          r 13          r 14          r 15          r 16          r 17          r 18          r 19          r 20           ln lk          grad status 
   0           0.1 0.01926097874 0.01136129443        -20000         0.208           0.1            20 0.87488488696 0.73415237993 0.64270964415 0.58213551739 0.55786439509 0.54022378140 0.53930096706 0.52737699490 0.54998659168 0.55557097234 0.59314741684 0.62569427012 0.66972744854 0.75338142165 0.86832724032 1.10540097369 1.58283263750             1             1 -1113176.814609 23132.2854004   -2 
 508 0.00108440032 0.01891388262 0.01016241605 -88.740726176 0.11770916138 0.02040041600 7.37686085926 0.86593662363 0.71870361914 0.62092020603 0.55280721231 0.52926951027 0.50670296881 0.49367113149 0.48163932565 0.49495190291 0.48352436916 0.50664717999 0.51395660972 0.52531169160 0.56346381152 0.59015967916 0.64160298960 0.70723185086 0.81617202199 1.80961944762 -272.6112946221 0.48994875802   -8 
-- Local optimization: reached maximum number of likelihood evaluations allowed.
---- Best joint likelihood found -272.611294622183777 with gradient 0.48995

---- Results for Mmc/306.polyDFE.config.txt 
--  Model: C
--        eps_an        lambda     theta_bar             a 
-- 0.00108440032 0.01891388262 0.01016241605            -1 
--           S_d             b           p_b           S_b 
-- -88.740726176 0.11770916138 0.02040041600 7.37686085926 
--           r 2           r 3           r 4           r 5           r 6           r 7           r 8           r 9          r 10          r 11          r 12          r 13          r 14          r 15          r 16          r 17          r 18          r 19          r 20 
-- 0.86593662363 0.71870361914 0.62092020603 0.55280721231 0.52926951027 0.50670296881 0.49367113149 0.48163932565 0.49495190291 0.48352436916 0.50664717999 0.51395660972 0.52531169160 0.56346381152 0.59015967916 0.64160298960 0.70723185086 0.81617202199 1.80961944762 

---- Expected P_neut(i), 0 < i < n (neutral SFS per site) 
E[P_neut(1)] = 0.0101518693
E[P_neut(2)] = 0.0043956657
E[P_neut(3)] = 0.0024323642
E[P_neut(4)] = 0.0015762082
E[P_neut(5)] = 0.0011227669
E[P_neut(6)] = 0.0008958842
E[P_neut(7)] = 0.0007352560
E[P_neut(8)] = 0.0006268967
E[P_neut(9)] = 0.0005437412
E[P_neut(10)] = 0.0005029907
E[P_neut(11)] = 0.0004468122
E[P_neut(12)] = 0.0004292780
E[P_neut(13)] = 0.0004021344
E[P_neut(14)] = 0.0003818755
E[P_neut(15)] = 0.0003825480
E[P_neut(16)] = 0.0003761447
E[P_neut(17)] = 0.0003857675
E[P_neut(18)] = 0.0004036264
E[P_neut(19)] = 0.0004470878

---- Expected P_sel(i), 0 < i < n (selected SFS per site) 
E[P_sel(1)] = 0.0072186028
E[P_sel(2)] = 0.0028299185
E[P_sel(3)] = 0.0014907576
E[P_sel(4)] = 0.0009364416
E[P_sel(5)] = 0.0006525121
E[P_sel(6)] = 0.0005121128
E[P_sel(7)] = 0.0004149450
E[P_sel(8)] = 0.0003502654
E[P_sel(9)] = 0.0003014516
E[P_sel(10)] = 0.0002772327
E[P_sel(11)] = 0.0002452716
E[P_sel(12)] = 0.0002351037
E[P_sel(13)] = 0.0002201348
E[P_sel(14)] = 0.0002093747
E[P_sel(15)] = 0.0002105809
E[P_sel(16)] = 0.0002085148
E[P_sel(17)] = 0.0002162245
E[P_sel(18)] = 0.0002301078
E[P_sel(19)] = 0.0002621081

---- Expected D_neut and D_sel (neutral and selected divergence per site) 
E[D_neut] = 0.0198333879
E[D_sel] = 0.0125502085

---- Expected neutral and selected misattributed polymorphism per site
E[mis_neut] = 0.0009195053
E[mis_sel] = 0.0005542639

---- alpha_div = 0.243607
---- alpha_dfe = 0.243251

