---- Running command
---- ./polyDFE -d Mmc/307.polyDFE.config.txt -m C -e 
---- Performing inference using model C

---- Performing inference on Mmc/307.polyDFE.config.txt
---- No mutation variability. Using Poisson likelihood.


---- Calculating initial values

-- Starting local optimization
-- Optimizing all parameters
  it        eps_an        lambda     theta_bar           S_d             b           p_b           S_b           r 2           r 3           r 4           r 5           r 6           r 7           r 8           r 9          r 10          r 11          r 12          r 13          r 14          r 15          r 16          r 17          r 18          r 19          r 20           ln lk          grad status 
   0           0.1 0.01929331261 0.01132369058        -20000         0.208           0.1            20 0.87623192818 0.73789114775 0.64810223884 0.58523208338 0.55433063371 0.53463321584 0.54016012834 0.52626259614 0.55111104940 0.55148980771 0.59049750283 0.62495890045 0.67115582569 0.75521997813 0.86298719898 1.10443011880 1.58559420230             1             1 -1118408.486650 23190.3760863   -2 
 279 0.00458778292 0.01933058968 0.01016461672 -92.019751537 0.11083286137 0.00779262399 16.7004102317 0.86636303335 0.71947411226 0.61850698124 0.55445762560 0.52521188128 0.50099970348 0.49450072695 0.48035132340 0.48989612914 0.47938621055 0.50858200072 0.51510976768 0.52824873125 0.55737909595 0.58429594879 0.63827562310 0.68335786977 0.75402663966 1.04320284152 -315.7123806964 1.30077130114   -8 
-- Local optimization: reached maximum number of likelihood evaluations allowed.
---- Best joint likelihood found -315.712380696408218 with gradient 1.30077

---- Results for Mmc/307.polyDFE.config.txt 
--  Model: C
--        eps_an        lambda     theta_bar             a 
-- 0.00458778292 0.01933058968 0.01016461672            -1 
--           S_d             b           p_b           S_b 
-- -92.019751537 0.11083286137 0.00779262399 16.7004102317 
--           r 2           r 3           r 4           r 5           r 6           r 7           r 8           r 9          r 10          r 11          r 12          r 13          r 14          r 15          r 16          r 17          r 18          r 19          r 20 
-- 0.86636303335 0.71947411226 0.61850698124 0.55445762560 0.52521188128 0.50099970348 0.49450072695 0.48035132340 0.48989612914 0.47938621055 0.50858200072 0.51510976768 0.52824873125 0.55737909595 0.58429594879 0.63827562310 0.68335786977 0.75402663966 1.04320284152 

---- Expected P_neut(i), 0 < i < n (neutral SFS per site) 
E[P_neut(1)] = 0.0101198343
E[P_neut(2)] = 0.0043846939
E[P_neut(3)] = 0.0024282933
E[P_neut(4)] = 0.0015662139
E[P_neut(5)] = 0.0011237315
E[P_neut(6)] = 0.0008874404
E[P_neut(7)] = 0.0007260059
E[P_neut(8)] = 0.0006273952
E[P_neut(9)] = 0.0005420531
E[P_neut(10)] = 0.0004979606
E[P_neut(11)] = 0.0004434364
E[P_neut(12)] = 0.0004317012
E[P_neut(13)] = 0.0004042508
E[P_neut(14)] = 0.0003858543
E[P_neut(15)] = 0.0003811414
E[P_neut(16)] = 0.0003767043
E[P_neut(17)] = 0.0003910698
E[P_neut(18)] = 0.0004043230
E[P_neut(19)] = 0.0004481714

---- Expected P_sel(i), 0 < i < n (selected SFS per site) 
E[P_sel(1)] = 0.0072273861
E[P_sel(2)] = 0.0028427921
E[P_sel(3)] = 0.0015000904
E[P_sel(4)] = 0.0009379622
E[P_sel(5)] = 0.0006580367
E[P_sel(6)] = 0.0005107570
E[P_sel(7)] = 0.0004120956
E[P_sel(8)] = 0.0003521070
E[P_sel(9)] = 0.0003013744
E[P_sel(10)] = 0.0002747247
E[P_sel(11)] = 0.0002431167
E[P_sel(12)] = 0.0002355360
E[P_sel(13)] = 0.0002198118
E[P_sel(14)] = 0.0002094466
E[P_sel(15)] = 0.0002069545
E[P_sel(16)] = 0.0002052122
E[P_sel(17)] = 0.0002147147
E[P_sel(18)] = 0.0002258443
E[P_sel(19)] = 0.0002619783

---- Expected D_neut and D_sel (neutral and selected divergence per site) 
E[D_neut] = 0.0198607775
E[D_sel] = 0.0125345839

---- Expected neutral and selected misattributed polymorphism per site
E[mis_neut] = 0.0005301879
E[mis_sel] = 0.0003113303

---- alpha_div = 0.207017
---- alpha_dfe = 0.206927

