---- Running command
---- ./polyDFE -d Mmc/308.polyDFE.config.txt -m C -e 
---- Performing inference using model C

---- Performing inference on Mmc/308.polyDFE.config.txt
---- No mutation variability. Using Poisson likelihood.


---- Calculating initial values

-- Starting local optimization
-- Optimizing all parameters
  it        eps_an        lambda     theta_bar           S_d             b           p_b           S_b           r 2           r 3           r 4           r 5           r 6           r 7           r 8           r 9          r 10          r 11          r 12          r 13          r 14          r 15          r 16          r 17          r 18          r 19          r 20           ln lk          grad status 
   0           0.1 0.01923875906 0.01134383543        -20000         0.208           0.1            20 0.87420567737 0.73485473103 0.64599185175 0.58384641016 0.55955663931 0.54316920599 0.53287654239 0.52776589670 0.55403284854 0.55894650478 0.58868774568 0.62485289824 0.66296621337 0.75384572772 0.86677313595 1.10540927736 1.57647839978             1             1 -1115993.850210 23144.7391600   -2 
 687 0.00101037608 0.01922728826 0.01013327049 -82.977491705 0.11973705359 0.02022326701 7.37527768015 0.86656715944 0.72067921303 0.62340722600 0.55448934080 0.53239470772 0.50919434835 0.48991261801 0.48331919430 0.49753155289 0.48671258894 0.51192767537 0.51794488380 0.52466439744 0.55981636377 0.58929750794 0.64275174567 0.70409583343 0.81538323048 1.14559260729 -283.2738334545 0.40515331286   -8 
-- Local optimization: reached maximum number of likelihood evaluations allowed.
---- Best joint likelihood found -283.273833454542910 with gradient 0.40515

---- Results for Mmc/308.polyDFE.config.txt 
--  Model: C
--        eps_an        lambda     theta_bar             a 
-- 0.00101037608 0.01922728826 0.01013327049            -1 
--           S_d             b           p_b           S_b 
-- -82.977491705 0.11973705359 0.02022326701 7.37527768015 
--           r 2           r 3           r 4           r 5           r 6           r 7           r 8           r 9          r 10          r 11          r 12          r 13          r 14          r 15          r 16          r 17          r 18          r 19          r 20 
-- 0.86656715944 0.72067921303 0.62340722600 0.55448934080 0.53239470772 0.50919434835 0.48991261801 0.48331919430 0.49753155289 0.48671258894 0.51192767537 0.51794488380 0.52466439744 0.55981636377 0.58929750794 0.64275174567 0.70409583343 0.81538323048 1.14559260729 

---- Expected P_neut(i), 0 < i < n (neutral SFS per site) 
E[P_neut(1)] = 0.0101234715
E[P_neut(2)] = 0.0043865441
E[P_neut(3)] = 0.0024322067
E[P_neut(4)] = 0.0015780699
E[P_neut(5)] = 0.0011230048
E[P_neut(6)] = 0.0008986251
E[P_neut(7)] = 0.0007367780
E[P_neut(8)] = 0.0006203619
E[P_neut(9)] = 0.0005440814
E[P_neut(10)] = 0.0005041622
E[P_neut(11)] = 0.0004484596
E[P_neut(12)] = 0.0004324820
E[P_neut(13)] = 0.0004040657
E[P_neut(14)] = 0.0003802795
E[P_neut(15)] = 0.0003789380
E[P_neut(16)] = 0.0003744380
E[P_neut(17)] = 0.0003852005
E[P_neut(18)] = 0.0004004131
E[P_neut(19)] = 0.0004446674

---- Expected P_sel(i), 0 < i < n (selected SFS per site) 
E[P_sel(1)] = 0.0072196210
E[P_sel(2)] = 0.0028291136
E[P_sel(3)] = 0.0014921258
E[P_sel(4)] = 0.0009379382
E[P_sel(5)] = 0.0006526422
E[P_sel(6)] = 0.0005134958
E[P_sel(7)] = 0.0004155341
E[P_sel(8)] = 0.0003463017
E[P_sel(9)] = 0.0003013004
E[P_sel(10)] = 0.0002775082
E[P_sel(11)] = 0.0002458008
E[P_sel(12)] = 0.0002364544
E[P_sel(13)] = 0.0002207757
E[P_sel(14)] = 0.0002080711
E[P_sel(15)] = 0.0002081281
E[P_sel(16)] = 0.0002070670
E[P_sel(17)] = 0.0002153407
E[P_sel(18)] = 0.0002276235
E[P_sel(19)] = 0.0002598404

---- Expected D_neut and D_sel (neutral and selected divergence per site) 
E[D_neut] = 0.0198077183
E[D_sel] = 0.0124979861

---- Expected neutral and selected misattributed polymorphism per site
E[mis_neut] = 0.0005804300
E[mis_sel] = 0.0003486995

---- alpha_div = 0.242139
---- alpha_dfe = 0.241990

