---- Running command
---- ./polyDFE -d Mmc/309.polyDFE.config.txt -m C -e 
---- Performing inference using model C

---- Performing inference on Mmc/309.polyDFE.config.txt
---- No mutation variability. Using Poisson likelihood.


---- Calculating initial values

-- Starting local optimization
-- Optimizing all parameters
  it        eps_an        lambda     theta_bar           S_d             b           p_b           S_b           r 2           r 3           r 4           r 5           r 6           r 7           r 8           r 9          r 10          r 11          r 12          r 13          r 14          r 15          r 16          r 17          r 18          r 19          r 20           ln lk          grad status 
   0           0.1 0.01931475111 0.01137220920        -20000         0.208           0.1            20 0.87190650456 0.73490567387 0.64477947824 0.58000431389 0.55422392726 0.54068555296 0.53685258500 0.52887724114 0.54581624541 0.55401066779 0.59029501525 0.62847445038 0.66904200333 0.75465979619 0.86072414592 1.10451393680 1.57258302571             1             1 -1117969.493332 23215.1560898   -2 
 550 0.00176863973 0.01937342978 0.01016227351 -86.216765939 0.11851105139 0.02100863955 6.99999926923 0.86386926168 0.72151781900 0.62062792566 0.55290825707 0.52440664365 0.50845889785 0.49420829457 0.48627426020 0.49142193630 0.48254261432 0.51120782417 0.51795100981 0.52550044687 0.56580396287 0.58191151555 0.64858017901 0.69199191645 0.80812517569 1.00641324164 -283.2954814269 0.39608080327   -3 
-- Local optimization: stuck in the same solution
---- Best joint likelihood found -283.295481426946935 with gradient 0.39608

---- Results for Mmc/309.polyDFE.config.txt 
--  Model: C
--        eps_an        lambda     theta_bar             a 
-- 0.00176863973 0.01937342978 0.01016227351            -1 
--           S_d             b           p_b           S_b 
-- -86.216765939 0.11851105139 0.02100863955 6.99999926923 
--           r 2           r 3           r 4           r 5           r 6           r 7           r 8           r 9          r 10          r 11          r 12          r 13          r 14          r 15          r 16          r 17          r 18          r 19          r 20 
-- 0.86386926168 0.72151781900 0.62062792566 0.55290825707 0.52440664365 0.50845889785 0.49420829457 0.48627426020 0.49142193630 0.48254261432 0.51120782417 0.51795100981 0.52550044687 0.56580396287 0.58191151555 0.64858017901 0.69199191645 0.80812517569 1.00641324164 

---- Expected P_neut(i), 0 < i < n (neutral SFS per site) 
E[P_neut(1)] = 0.0101450646
E[P_neut(2)] = 0.0043823655
E[P_neut(3)] = 0.0024404501
E[P_neut(4)] = 0.0015746127
E[P_neut(5)] = 0.0011224514
E[P_neut(6)] = 0.0008872977
E[P_neut(7)] = 0.0007375675
E[P_neut(8)] = 0.0006274403
E[P_neut(9)] = 0.0005488898
E[P_neut(10)] = 0.0004993964
E[P_neut(11)] = 0.0004459763
E[P_neut(12)] = 0.0004332641
E[P_neut(13)] = 0.0004054786
E[P_neut(14)] = 0.0003823448
E[P_neut(15)] = 0.0003846332
E[P_neut(16)] = 0.0003717315
E[P_neut(17)] = 0.0003913458
E[P_neut(18)] = 0.0003977508
E[P_neut(19)] = 0.0004494399

---- Expected P_sel(i), 0 < i < n (selected SFS per site) 
E[P_sel(1)] = 0.0072258762
E[P_sel(2)] = 0.0028252238
E[P_sel(3)] = 0.0014974221
E[P_sel(4)] = 0.0009364244
E[P_sel(5)] = 0.0006529119
E[P_sel(6)] = 0.0005076228
E[P_sel(7)] = 0.0004165724
E[P_sel(8)] = 0.0003508291
E[P_sel(9)] = 0.0003045247
E[P_sel(10)] = 0.0002754449
E[P_sel(11)] = 0.0002449817
E[P_sel(12)] = 0.0002374474
E[P_sel(13)] = 0.0002221115
E[P_sel(14)] = 0.0002097634
E[P_sel(15)] = 0.0002118493
E[P_sel(16)] = 0.0002061710
E[P_sel(17)] = 0.0002194348
E[P_sel(18)] = 0.0002268640
E[P_sel(19)] = 0.0002640391

---- Expected D_neut and D_sel (neutral and selected divergence per site) 
E[D_neut] = 0.0198848021
E[D_sel] = 0.0125219436

---- Expected neutral and selected misattributed polymorphism per site
E[mis_neut] = 0.0005113723
E[mis_sel] = 0.0003073070

---- alpha_div = 0.239872
---- alpha_dfe = 0.239712

