---- Running command
---- ./polyDFE -d Mmc/31.polyDFE.config.txt -m C -e 
---- Performing inference using model C

---- Performing inference on Mmc/31.polyDFE.config.txt
---- No mutation variability. Using Poisson likelihood.


---- Calculating initial values

-- Starting local optimization
-- Optimizing all parameters
  it        eps_an        lambda     theta_bar           S_d             b           p_b           S_b           r 2           r 3           r 4           r 5           r 6           r 7           r 8           r 9          r 10          r 11          r 12          r 13          r 14          r 15          r 16          r 17          r 18          r 19          r 20           ln lk          grad status 
   0           0.1 0.01927745839 0.01131783975        -20000         0.208           0.1            20 0.87826338116 0.74069790312 0.65067376643 0.58096718007 0.55944485438 0.54141093566 0.54317521257 0.53509235974 0.54916739691 0.55771717445 0.60167610921 0.62682966692 0.67015874587 0.74931966457 0.86502520978 1.11538224945 1.59817827356             1             1 -1117042.423935 23164.0053298   -2 
 338 0.00185813350 0.01933306789 0.01013264183 -82.623233002 0.11762763377 0.01331751497 10.6265899975 0.86740677022 0.72258242071 0.62353988908 0.55544246030 0.52957920690 0.50826601280 0.49846390839 0.48652826236 0.49349960199 0.48743349933 0.51709546722 0.51488320515 0.52674223111 0.56282954572 0.58895309025 0.65077246176 0.70797188716 0.80689305748 1.00862568130 -278.8037103218 0.23667753987   -3 
-- Local optimization: stuck in the same solution
---- Best joint likelihood found -278.803710321823019 with gradient 0.23668

---- Results for Mmc/31.polyDFE.config.txt 
--  Model: C
--        eps_an        lambda     theta_bar             a 
-- 0.00185813350 0.01933306789 0.01013264183            -1 
--           S_d             b           p_b           S_b 
-- -82.623233002 0.11762763377 0.01331751497 10.6265899975 
--           r 2           r 3           r 4           r 5           r 6           r 7           r 8           r 9          r 10          r 11          r 12          r 13          r 14          r 15          r 16          r 17          r 18          r 19          r 20 
-- 0.86740677022 0.72258242071 0.62353988908 0.55544246030 0.52957920690 0.50826601280 0.49846390839 0.48652826236 0.49349960199 0.48743349933 0.51709546722 0.51488320515 0.52674223111 0.56282954572 0.58895309025 0.65077246176 0.70797188716 0.80689305748 1.00862568130 

---- Expected P_neut(i), 0 < i < n (neutral SFS per site) 
E[P_neut(1)] = 0.0101146136
E[P_neut(2)] = 0.0043871359
E[P_neut(3)] = 0.0024367422
E[P_neut(4)] = 0.0015772847
E[P_neut(5)] = 0.0011242348
E[P_neut(6)] = 0.0008933860
E[P_neut(7)] = 0.0007351040
E[P_neut(8)] = 0.0006309827
E[P_neut(9)] = 0.0005475739
E[P_neut(10)] = 0.0005000455
E[P_neut(11)] = 0.0004491825
E[P_neut(12)] = 0.0004369904
E[P_neut(13)] = 0.0004019388
E[P_neut(14)] = 0.0003821884
E[P_neut(15)] = 0.0003815818
E[P_neut(16)] = 0.0003752201
E[P_neut(17)] = 0.0003916991
E[P_neut(18)] = 0.0004059599
E[P_neut(19)] = 0.0004483418

---- Expected P_sel(i), 0 < i < n (selected SFS per site) 
E[P_sel(1)] = 0.0072226302
E[P_sel(2)] = 0.0028338125
E[P_sel(3)] = 0.0014968924
E[P_sel(4)] = 0.0009383450
E[P_sel(5)] = 0.0006536234
E[P_sel(6)] = 0.0005103899
E[P_sel(7)] = 0.0004141977
E[P_sel(8)] = 0.0003516061
E[P_sel(9)] = 0.0003024145
E[P_sel(10)] = 0.0002742104
E[P_sel(11)] = 0.0002449869
E[P_sel(12)] = 0.0002374348
E[P_sel(13)] = 0.0002179347
E[P_sel(14)] = 0.0002071908
E[P_sel(15)] = 0.0002073040
E[P_sel(16)] = 0.0002049094
E[P_sel(17)] = 0.0002159511
E[P_sel(18)] = 0.0002275881
E[P_sel(19)] = 0.0002599534

---- Expected D_neut and D_sel (neutral and selected divergence per site) 
E[D_neut] = 0.0198440700
E[D_sel] = 0.0125030079

---- Expected neutral and selected misattributed polymorphism per site
E[mis_neut] = 0.0005110021
E[mis_sel] = 0.0003032130

---- alpha_div = 0.227193
---- alpha_dfe = 0.227135

