---- Running command
---- ./polyDFE -d Mmc/310.polyDFE.config.txt -m C -e 
---- Performing inference using model C

---- Performing inference on Mmc/310.polyDFE.config.txt
---- No mutation variability. Using Poisson likelihood.


---- Calculating initial values

-- Starting local optimization
-- Optimizing all parameters
  it        eps_an        lambda     theta_bar           S_d             b           p_b           S_b           r 2           r 3           r 4           r 5           r 6           r 7           r 8           r 9          r 10          r 11          r 12          r 13          r 14          r 15          r 16          r 17          r 18          r 19          r 20           ln lk          grad status 
   0           0.1 0.01927107483 0.01136814997        -20000         0.208           0.1            20 0.87247667887 0.73611099766 0.64493465076 0.57610736967 0.55753180329 0.54123919924 0.54405929529 0.52708962135 0.55461252517 0.55409582129 0.59266879262 0.62843977186 0.67108583941 0.75127585463 0.86246219041 1.11173689025 1.57888221641             1             1 -1115601.083573 23133.1995227   -2 
 728 0.00511453068 0.01933893500 0.01018855138 -73.065700709 0.12720977635 0.02774370657 5.76884026378 0.86558801609 0.72174513224 0.62364333413 0.55052410885 0.52733037247 0.50622534586 0.49903736488 0.48143786839 0.49802958011 0.48154589521 0.50844345225 0.51329939595 0.52003603071 0.55492587665 0.57605698725 0.63455413766 0.67305227895 0.73196095801 0.98501693253 -268.8207089958 0.10565613303   -3 
-- Local optimization: stuck in the same solution
---- Best joint likelihood found -268.820708995874156 with gradient 0.10566

---- Results for Mmc/310.polyDFE.config.txt 
--  Model: C
--        eps_an        lambda     theta_bar             a 
-- 0.00511453068 0.01933893500 0.01018855138            -1 
--           S_d             b           p_b           S_b 
-- -73.065700709 0.12720977635 0.02774370657 5.76884026378 
--           r 2           r 3           r 4           r 5           r 6           r 7           r 8           r 9          r 10          r 11          r 12          r 13          r 14          r 15          r 16          r 17          r 18          r 19          r 20 
-- 0.86558801609 0.72174513224 0.62364333413 0.55052410885 0.52733037247 0.50622534586 0.49903736488 0.48143786839 0.49802958011 0.48154589521 0.50844345225 0.51329939595 0.52003603071 0.55492587665 0.57605698725 0.63455413766 0.67305227895 0.73196095801 0.98501693253 

---- Expected P_neut(i), 0 < i < n (neutral SFS per site) 
E[P_neut(1)] = 0.0101384492
E[P_neut(2)] = 0.0043889397
E[P_neut(3)] = 0.0024405876
E[P_neut(4)] = 0.0015822572
E[P_neut(5)] = 0.0011179989
E[P_neut(6)] = 0.0008928112
E[P_neut(7)] = 0.0007351038
E[P_neut(8)] = 0.0006345158
E[P_neut(9)] = 0.0005445109
E[P_neut(10)] = 0.0005074200
E[P_neut(11)] = 0.0004465295
E[P_neut(12)] = 0.0004327345
E[P_neut(13)] = 0.0004040015
E[P_neut(14)] = 0.0003811023
E[P_neut(15)] = 0.0003807358
E[P_neut(16)] = 0.0003730725
E[P_neut(17)] = 0.0003908967
E[P_neut(18)] = 0.0004015725
E[P_neut(19)] = 0.0004426086

---- Expected P_sel(i), 0 < i < n (selected SFS per site) 
E[P_sel(1)] = 0.0072543944
E[P_sel(2)] = 0.0028311794
E[P_sel(3)] = 0.0014948680
E[P_sel(4)] = 0.0009380105
E[P_sel(5)] = 0.0006477406
E[P_sel(6)] = 0.0005085204
E[P_sel(7)] = 0.0004132720
E[P_sel(8)] = 0.0003531695
E[P_sel(9)] = 0.0003007911
E[P_sel(10)] = 0.0002787792
E[P_sel(11)] = 0.0002444749
E[P_sel(12)] = 0.0002365568
E[P_sel(13)] = 0.0002209549
E[P_sel(14)] = 0.0002089988
E[P_sel(15)] = 0.0002099097
E[P_sel(16)] = 0.0002074793
E[P_sel(17)] = 0.0002202734
E[P_sel(18)] = 0.0002310931
E[P_sel(19)] = 0.0002657053

---- Expected D_neut and D_sel (neutral and selected divergence per site) 
E[D_neut] = 0.0198407298
E[D_sel] = 0.0125211238

---- Expected neutral and selected misattributed polymorphism per site
E[mis_neut] = 0.0005017948
E[mis_sel] = 0.0003030061

---- alpha_div = 0.263389
---- alpha_dfe = 0.263283

