---- Running command
---- ./polyDFE -d Mmc/311.polyDFE.config.txt -m C -e 
---- Performing inference using model C

---- Performing inference on Mmc/311.polyDFE.config.txt
---- No mutation variability. Using Poisson likelihood.


---- Calculating initial values

-- Starting local optimization
-- Optimizing all parameters
  it        eps_an        lambda     theta_bar           S_d             b           p_b           S_b           r 2           r 3           r 4           r 5           r 6           r 7           r 8           r 9          r 10          r 11          r 12          r 13          r 14          r 15          r 16          r 17          r 18          r 19          r 20           ln lk          grad status 
   0           0.1 0.01930286630 0.01136744863        -20000         0.208           0.1            20 0.87147027136 0.73186270902 0.64110257883 0.58248906007 0.55899064135 0.54005698446 0.53412187438 0.53130568288 0.55526418572 0.55343742874 0.59361445648 0.62582349125 0.67124463955 0.74859032366 0.86225359107 1.11487295704 1.58770024161             1             1 -1116275.185879 23175.3244966   -2 
 610 0.00165351656 0.01931152054 0.01015685088 -78.488258937 0.12197284442 0.02051614807 7.37522795009 0.86425091160 0.71883664970 0.61815372350 0.55396091098 0.52740804834 0.51046752223 0.49340025760 0.48575983099 0.50016217417 0.48200823012 0.51142778181 0.51523305249 0.52626142162 0.55066912091 0.59211280778 0.65509911976 0.70935191189 0.80649042896 1.10501121684 -284.5532139646 0.04950045848   -3 
-- Local optimization: stuck in the same solution
---- Best joint likelihood found -284.553213964623865 with gradient 0.04950

---- Results for Mmc/311.polyDFE.config.txt 
--  Model: C
--        eps_an        lambda     theta_bar             a 
-- 0.00165351656 0.01931152054 0.01015685088            -1 
--           S_d             b           p_b           S_b 
-- -78.488258937 0.12197284442 0.02051614807 7.37522795009 
--           r 2           r 3           r 4           r 5           r 6           r 7           r 8           r 9          r 10          r 11          r 12          r 13          r 14          r 15          r 16          r 17          r 18          r 19          r 20 
-- 0.86425091160 0.71883664970 0.61815372350 0.55396091098 0.52740804834 0.51046752223 0.49340025760 0.48575983099 0.50016217417 0.48200823012 0.51142778181 0.51523305249 0.52626142162 0.55066912091 0.59211280778 0.65509911976 0.70935191189 0.80649042896 1.10501121684 

---- Expected P_neut(i), 0 < i < n (neutral SFS per site) 
E[P_neut(1)] = 0.0101407692
E[P_neut(2)] = 0.0043824383
E[P_neut(3)] = 0.0024303286
E[P_neut(4)] = 0.0015676499
E[P_neut(5)] = 0.0011240555
E[P_neut(6)] = 0.0008919559
E[P_neut(7)] = 0.0007401184
E[P_neut(8)] = 0.0006261041
E[P_neut(9)] = 0.0005480284
E[P_neut(10)] = 0.0005080073
E[P_neut(11)] = 0.0004452329
E[P_neut(12)] = 0.0004331947
E[P_neut(13)] = 0.0004031087
E[P_neut(14)] = 0.0003826420
E[P_neut(15)] = 0.0003741151
E[P_neut(16)] = 0.0003778490
E[P_neut(17)] = 0.0003947737
E[P_neut(18)] = 0.0004068611
E[P_neut(19)] = 0.0004472081

---- Expected P_sel(i), 0 < i < n (selected SFS per site) 
E[P_sel(1)] = 0.0072447510
E[P_sel(2)] = 0.0028279343
E[P_sel(3)] = 0.0014905223
E[P_sel(4)] = 0.0009309521
E[P_sel(5)] = 0.0006524396
E[P_sel(6)] = 0.0005088983
E[P_sel(7)] = 0.0004166781
E[P_sel(8)] = 0.0003488249
E[P_sel(9)] = 0.0003028521
E[P_sel(10)] = 0.0002790125
E[P_sel(11)] = 0.0002434819
E[P_sel(12)] = 0.0002363024
E[P_sel(13)] = 0.0002197509
E[P_sel(14)] = 0.0002088975
E[P_sel(15)] = 0.0002050455
E[P_sel(16)] = 0.0002085536
E[P_sel(17)] = 0.0002203504
E[P_sel(18)] = 0.0002311232
E[P_sel(19)] = 0.0002619623

---- Expected D_neut and D_sel (neutral and selected divergence per site) 
E[D_neut] = 0.0198726922
E[D_sel] = 0.0125390441

---- Expected neutral and selected misattributed polymorphism per site
E[mis_neut] = 0.0005611717
E[mis_sel] = 0.0003368664

---- alpha_div = 0.245624
---- alpha_dfe = 0.245500

