---- Running command
---- ./polyDFE -d Mmc/312.polyDFE.config.txt -m C -e 
---- Performing inference using model C

---- Performing inference on Mmc/312.polyDFE.config.txt
---- No mutation variability. Using Poisson likelihood.


---- Calculating initial values

-- Starting local optimization
-- Optimizing all parameters
  it        eps_an        lambda     theta_bar           S_d             b           p_b           S_b           r 2           r 3           r 4           r 5           r 6           r 7           r 8           r 9          r 10          r 11          r 12          r 13          r 14          r 15          r 16          r 17          r 18          r 19          r 20           ln lk          grad status 
   0           0.1 0.01927049571 0.01135914356        -20000         0.208           0.1            20 0.87200220154 0.73691928494 0.64161921129 0.58705797650 0.55942396082 0.53776368291 0.54415325708 0.52800599135 0.55531744450 0.55622401098 0.59906452216 0.62521966129 0.66614467417 0.75373349550 0.86616278882 1.10585070184 1.58679806573             1             1 -1112362.349777 23132.5981724   -2 
 532 0.00493009432 0.01932582659 0.01019041778 -78.967945665 0.12146515704 0.01709354182 8.88273851582 0.86264505553 0.72120769281 0.61738291591 0.55762873786 0.53002516297 0.50223692589 0.50091459455 0.48300504259 0.49531437472 0.48269289391 0.51148043630 0.51251924844 0.52145371679 0.55760265437 0.58512217266 0.63139932238 0.68416092083 0.74248043833 1.00481104210 -274.1304932903 0.43946994724   -3 
-- Local optimization: stuck in the same solution
---- Best joint likelihood found -274.130493290387676 with gradient 0.43947

---- Results for Mmc/312.polyDFE.config.txt 
--  Model: C
--        eps_an        lambda     theta_bar             a 
-- 0.00493009432 0.01932582659 0.01019041778            -1 
--           S_d             b           p_b           S_b 
-- -78.967945665 0.12146515704 0.01709354182 8.88273851582 
--           r 2           r 3           r 4           r 5           r 6           r 7           r 8           r 9          r 10          r 11          r 12          r 13          r 14          r 15          r 16          r 17          r 18          r 19          r 20 
-- 0.86264505553 0.72120769281 0.61738291591 0.55762873786 0.53002516297 0.50223692589 0.50091459455 0.48300504259 0.49531437472 0.48269289391 0.51148043630 0.51251924844 0.52145371679 0.55760265437 0.58512217266 0.63139932238 0.68416092083 0.74248043833 1.00481104210 

---- Expected P_neut(i), 0 < i < n (neutral SFS per site) 
E[P_neut(1)] = 0.0101421413
E[P_neut(2)] = 0.0043755968
E[P_neut(3)] = 0.0024395908
E[P_neut(4)] = 0.0015669304
E[P_neut(5)] = 0.0011327585
E[P_neut(6)] = 0.0008976295
E[P_neut(7)] = 0.0007295195
E[P_neut(8)] = 0.0006370618
E[P_neut(9)] = 0.0005463998
E[P_neut(10)] = 0.0005047460
E[P_neut(11)] = 0.0004476591
E[P_neut(12)] = 0.0004353543
E[P_neut(13)] = 0.0004033766
E[P_neut(14)] = 0.0003821262
E[P_neut(15)] = 0.0003825490
E[P_neut(16)] = 0.0003785820
E[P_neut(17)] = 0.0003886955
E[P_neut(18)] = 0.0004070869
E[P_neut(19)] = 0.0004464968

---- Expected P_sel(i), 0 < i < n (selected SFS per site) 
E[P_sel(1)] = 0.0072363496
E[P_sel(2)] = 0.0028187183
E[P_sel(3)] = 0.0014931503
E[P_sel(4)] = 0.0009283098
E[P_sel(5)] = 0.0006556952
E[P_sel(6)] = 0.0005105510
E[P_sel(7)] = 0.0004092813
E[P_sel(8)] = 0.0003535503
E[P_sel(9)] = 0.0003006486
E[P_sel(10)] = 0.0002758983
E[P_sel(11)] = 0.0002435238
E[P_sel(12)] = 0.0002361172
E[P_sel(13)] = 0.0002185266
E[P_sel(14)] = 0.0002072249
E[P_sel(15)] = 0.0002081961
E[P_sel(16)] = 0.0002074889
E[P_sel(17)] = 0.0002156103
E[P_sel(18)] = 0.0002305634
E[P_sel(19)] = 0.0002645765

---- Expected D_neut and D_sel (neutral and selected divergence per site) 
E[D_neut] = 0.0198377988
E[D_sel] = 0.0125546956

---- Expected neutral and selected misattributed polymorphism per site
E[mis_neut] = 0.0005119722
E[mis_sel] = 0.0003060301

---- alpha_div = 0.243804
---- alpha_dfe = 0.243849

