---- Running command
---- ./polyDFE -d Mmc/313.polyDFE.config.txt -m C -e 
---- Performing inference using model C

---- Performing inference on Mmc/313.polyDFE.config.txt
---- No mutation variability. Using Poisson likelihood.


---- Calculating initial values

-- Starting local optimization
-- Optimizing all parameters
  it        eps_an        lambda     theta_bar           S_d             b           p_b           S_b           r 2           r 3           r 4           r 5           r 6           r 7           r 8           r 9          r 10          r 11          r 12          r 13          r 14          r 15          r 16          r 17          r 18          r 19          r 20           ln lk          grad status 
   0           0.1 0.01927835455 0.01132582527        -20000         0.208           0.1            20 0.87634214242 0.73833590421 0.64512975758 0.58662966507 0.56234724534 0.54127075234 0.54145088142 0.53407533797 0.55733215016 0.55994120152 0.59749599377 0.62274407421 0.67042972436  0.7586626274 0.86471392488 1.11176500972 1.57895109617             1             1 -1115918.615391 23150.5423423   -2 
 814 0.00077508339 0.01925480897 0.01011232833 -66.949620583 0.13085949006 0.02708083904 6.08097763594 0.86924724020 0.72339983752 0.62233700096 0.55979613602 0.53395309239 0.51049496667 0.49916120738 0.48597306337 0.49833577987 0.48968555385 0.51463550508 0.51638886705 0.53073626888 0.56761651655 0.59218226262 0.64601906753 0.70500583173 0.82024039505 1.17170623020 -275.1974422143 0.03448385501   -3 
-- Local optimization: stuck in the same solution
---- Best joint likelihood found -275.197442214383045 with gradient 0.03448

---- Results for Mmc/313.polyDFE.config.txt 
--  Model: C
--        eps_an        lambda     theta_bar             a 
-- 0.00077508339 0.01925480897 0.01011232833            -1 
--           S_d             b           p_b           S_b 
-- -66.949620583 0.13085949006 0.02708083904 6.08097763594 
--           r 2           r 3           r 4           r 5           r 6           r 7           r 8           r 9          r 10          r 11          r 12          r 13          r 14          r 15          r 16          r 17          r 18          r 19          r 20 
-- 0.86924724020 0.72339983752 0.62233700096 0.55979613602 0.53395309239 0.51049496667 0.49916120738 0.48597306337 0.49833577987 0.48968555385 0.51463550508 0.51638886705 0.53073626888 0.56761651655 0.59218226262 0.64601906753 0.70500583173 0.82024039505 1.17170623020 

---- Expected P_neut(i), 0 < i < n (neutral SFS per site) 
E[P_neut(1)] = 0.0101048288
E[P_neut(2)] = 0.0043919572
E[P_neut(3)] = 0.0024368268
E[P_neut(4)] = 0.0015723897
E[P_neut(5)] = 0.0011315875
E[P_neut(6)] = 0.0008995178
E[P_neut(7)] = 0.0007372101
E[P_neut(8)] = 0.0006308073
E[P_neut(9)] = 0.0005459612
E[P_neut(10)] = 0.0005039335
E[P_neut(11)] = 0.0004502435
E[P_neut(12)] = 0.0004338332
E[P_neut(13)] = 0.0004019444
E[P_neut(14)] = 0.0003837561
E[P_neut(15)] = 0.0003832426
E[P_neut(16)] = 0.0003752007
E[P_neut(17)] = 0.0003858719
E[P_neut(18)] = 0.0003991690
E[P_neut(19)] = 0.0004440543

---- Expected P_sel(i), 0 < i < n (selected SFS per site) 
E[P_sel(1)] = 0.0072526256
E[P_sel(2)] = 0.0028360757
E[P_sel(3)] = 0.0014919927
E[P_sel(4)] = 0.0009308787
E[P_sel(5)] = 0.0006542261
E[P_sel(6)] = 0.0005109513
E[P_sel(7)] = 0.0004131303
E[P_sel(8)] = 0.0003498362
E[P_sel(9)] = 0.0003003933
E[P_sel(10)] = 0.0002756760
E[P_sel(11)] = 0.0002453823
E[P_sel(12)] = 0.0002360157
E[P_sel(13)] = 0.0002187232
E[P_sel(14)] = 0.0002093494
E[P_sel(15)] = 0.0002101400
E[P_sel(16)] = 0.0002074439
E[P_sel(17)] = 0.0002160010
E[P_sel(18)] = 0.0002275171
E[P_sel(19)] = 0.0002602216

---- Expected D_neut and D_sel (neutral and selected divergence per site) 
E[D_neut] = 0.0198472429
E[D_sel] = 0.0125556713

---- Expected neutral and selected misattributed polymorphism per site
E[mis_neut] = 0.0005924339
E[mis_sel] = 0.0003575771

---- alpha_div = 0.269449
---- alpha_dfe = 0.269239

