---- Running command
---- ./polyDFE -d Mmc/314.polyDFE.config.txt -m C -e 
---- Performing inference using model C

---- Performing inference on Mmc/314.polyDFE.config.txt
---- No mutation variability. Using Poisson likelihood.


---- Calculating initial values

-- Starting local optimization
-- Optimizing all parameters
  it        eps_an        lambda     theta_bar           S_d             b           p_b           S_b           r 2           r 3           r 4           r 5           r 6           r 7           r 8           r 9          r 10          r 11          r 12          r 13          r 14          r 15          r 16          r 17          r 18          r 19          r 20           ln lk          grad status 
   0           0.1 0.01930103297 0.01134213579        -20000         0.208           0.1            20 0.87657081822 0.73918266094 0.64193702315 0.58481683697 0.55940205876 0.54402296703 0.53976453201 0.53276546852 0.55600909135 0.55154839700 0.59143226425 0.62599308684 0.66608669641 0.74711154065 0.85258572831 1.11445444069 1.57623903193             1             1 -1119160.160796 23208.1178749   -2 
 931 0.00052866633 0.01932146105 0.01012293862 -70.727711694 0.13067459238 0.03370054081 4.89012536712 0.87005288746 0.72326926335 0.62161350386 0.55816840102 0.53151845409 0.51216757358 0.49840991193 0.48590149191 0.49842284590 0.48198974429 0.51094148981 0.51517663713 0.52509688903 0.55868563224 0.58131258076 0.64955039035 0.70671973007 0.82771317410 1.08715757721 -279.1432095614 0.03812496231   -3 
-- Local optimization: stuck in the same solution
---- Best joint likelihood found -279.143209561487311 with gradient 0.03812

---- Results for Mmc/314.polyDFE.config.txt 
--  Model: C
--        eps_an        lambda     theta_bar             a 
-- 0.00052866633 0.01932146105 0.01012293862            -1 
--           S_d             b           p_b           S_b 
-- -70.727711694 0.13067459238 0.03370054081 4.89012536712 
--           r 2           r 3           r 4           r 5           r 6           r 7           r 8           r 9          r 10          r 11          r 12          r 13          r 14          r 15          r 16          r 17          r 18          r 19          r 20 
-- 0.87005288746 0.72326926335 0.62161350386 0.55816840102 0.53151845409 0.51216757358 0.49840991193 0.48590149191 0.49842284590 0.48198974429 0.51094148981 0.51517663713 0.52509688903 0.55868563224 0.58131258076 0.64955039035 0.70671973007 0.82771317410 1.08715757721 

---- Expected P_neut(i), 0 < i < n (neutral SFS per site) 
E[P_neut(1)] = 0.0101178201
E[P_neut(2)] = 0.0044016280
E[P_neut(3)] = 0.0024394510
E[P_neut(4)] = 0.0015725016
E[P_neut(5)] = 0.0011296628
E[P_neut(6)] = 0.0008964814
E[P_neut(7)] = 0.0007404835
E[P_neut(8)] = 0.0006305661
E[P_neut(9)] = 0.0005464735
E[P_neut(10)] = 0.0005045504
E[P_neut(11)] = 0.0004436138
E[P_neut(12)] = 0.0004311247
E[P_neut(13)] = 0.0004013411
E[P_neut(14)] = 0.0003799536
E[P_neut(15)] = 0.0003774341
E[P_neut(16)] = 0.0003684242
E[P_neut(17)] = 0.0003878716
E[P_neut(18)] = 0.0003995669
E[P_neut(19)] = 0.0004461127

---- Expected P_sel(i), 0 < i < n (selected SFS per site) 
E[P_sel(1)] = 0.0072423361
E[P_sel(2)] = 0.0028374777
E[P_sel(3)] = 0.0014925007
E[P_sel(4)] = 0.0009310585
E[P_sel(5)] = 0.0006537138
E[P_sel(6)] = 0.0005100864
E[P_sel(7)] = 0.0004159810
E[P_sel(8)] = 0.0003508256
E[P_sel(9)] = 0.0003018727
E[P_sel(10)] = 0.0002773283
E[P_sel(11)] = 0.0002431111
E[P_sel(12)] = 0.0002360280
E[P_sel(13)] = 0.0002199444
E[P_sel(14)] = 0.0002088911
E[P_sel(15)] = 0.0002086888
E[P_sel(16)] = 0.0002054739
E[P_sel(17)] = 0.0002189921
E[P_sel(18)] = 0.0002294859
E[P_sel(19)] = 0.0002625812

---- Expected D_neut and D_sel (neutral and selected divergence per site) 
E[D_neut] = 0.0198717225
E[D_sel] = 0.0125132120

---- Expected neutral and selected misattributed polymorphism per site
E[mis_neut] = 0.0005502615
E[mis_sel] = 0.0003329325

---- alpha_div = 0.275494
---- alpha_dfe = 0.275203

