---- Running command
---- ./polyDFE -d Mmc/315.polyDFE.config.txt -m C -e 
---- Performing inference using model C

---- Performing inference on Mmc/315.polyDFE.config.txt
---- No mutation variability. Using Poisson likelihood.


---- Calculating initial values

-- Starting local optimization
-- Optimizing all parameters
  it        eps_an        lambda     theta_bar           S_d             b           p_b           S_b           r 2           r 3           r 4           r 5           r 6           r 7           r 8           r 9          r 10          r 11          r 12          r 13          r 14          r 15          r 16          r 17          r 18          r 19          r 20           ln lk          grad status 
   0           0.1 0.01926885027 0.01135850152        -20000         0.208           0.1            20 0.87088069803 0.73626637213 0.64544727627 0.58312941997 0.56232924605 0.54373670496 0.53831562874 0.52427509582 0.54664790085 0.55299027243 0.59508209242 0.62771617878 0.67125506931 0.74459814645 0.86587832055 1.11224632858 1.58169611719             1             1 -1116190.137584 23135.0705713   -2 
 720 0.00068572300 0.01938354564 0.01014152720 -72.506492182 0.12563955860 0.02338594312 6.69964273444 0.86301198278 0.72217209327 0.62211467618 0.55665727187 0.53331188424 0.50976369224 0.49570819721 0.48392654741 0.49149714016 0.48470870734 0.50985126696 0.51802914439 0.52894365439 0.55537790272 0.58909213971 0.65233997519 0.71036361337 0.82023020812 0.89660036119 -267.6385897583 0.02246210101   -3 
-- Local optimization: stuck in the same solution
---- Best joint likelihood found -267.638589758382295 with gradient 0.02246

---- Results for Mmc/315.polyDFE.config.txt 
--  Model: C
--        eps_an        lambda     theta_bar             a 
-- 0.00068572300 0.01938354564 0.01014152720            -1 
--           S_d             b           p_b           S_b 
-- -72.506492182 0.12563955860 0.02338594312 6.69964273444 
--           r 2           r 3           r 4           r 5           r 6           r 7           r 8           r 9          r 10          r 11          r 12          r 13          r 14          r 15          r 16          r 17          r 18          r 19          r 20 
-- 0.86301198278 0.72217209327 0.62211467618 0.55665727187 0.53331188424 0.50976369224 0.49570819721 0.48392654741 0.49149714016 0.48470870734 0.50985126696 0.51802914439 0.52894365439 0.55537790272 0.58909213971 0.65233997519 0.71036361337 0.82023020812 0.89660036119 

---- Expected P_neut(i), 0 < i < n (neutral SFS per site) 
E[P_neut(1)] = 0.0101348731
E[P_neut(2)] = 0.0043734034
E[P_neut(3)] = 0.0024399021
E[P_neut(4)] = 0.0015764727
E[P_neut(5)] = 0.0011285542
E[P_neut(6)] = 0.0009010774
E[P_neut(7)] = 0.0007383110
E[P_neut(8)] = 0.0006282693
E[P_neut(9)] = 0.0005452385
E[P_neut(10)] = 0.0004984532
E[P_neut(11)] = 0.0004469481
E[P_neut(12)] = 0.0004310246
E[P_neut(13)] = 0.0004043529
E[P_neut(14)] = 0.0003835194
E[P_neut(15)] = 0.0003760088
E[P_neut(16)] = 0.0003742189
E[P_neut(17)] = 0.0003905674
E[P_neut(18)] = 0.0004029581
E[P_neut(19)] = 0.0004444639

---- Expected P_sel(i), 0 < i < n (selected SFS per site) 
E[P_sel(1)] = 0.0072634772
E[P_sel(2)] = 0.0028267075
E[P_sel(3)] = 0.0014973961
E[P_sel(4)] = 0.0009362889
E[P_sel(5)] = 0.0006549006
E[P_sel(6)] = 0.0005138923
E[P_sel(7)] = 0.0004154630
E[P_sel(8)] = 0.0003498741
E[P_sel(9)] = 0.0003012066
E[P_sel(10)] = 0.0002737196
E[P_sel(11)] = 0.0002444398
E[P_sel(12)] = 0.0002352121
E[P_sel(13)] = 0.0002205999
E[P_sel(14)] = 0.0002096297
E[P_sel(15)] = 0.0002064299
E[P_sel(16)] = 0.0002069923
E[P_sel(17)] = 0.0002185363
E[P_sel(18)] = 0.0002293800
E[P_sel(19)] = 0.0002599423

---- Expected D_neut and D_sel (neutral and selected divergence per site) 
E[D_neut] = 0.0198381905
E[D_sel] = 0.0125419629

---- Expected neutral and selected misattributed polymorphism per site
E[mis_neut] = 0.0004546448
E[mis_sel] = 0.0002738685

---- alpha_div = 0.255094
---- alpha_dfe = 0.254978

