---- Running command
---- ./polyDFE -d Mmc/316.polyDFE.config.txt -m C -e 
---- Performing inference using model C

---- Performing inference on Mmc/316.polyDFE.config.txt
---- No mutation variability. Using Poisson likelihood.


---- Calculating initial values

-- Starting local optimization
-- Optimizing all parameters
  it        eps_an        lambda     theta_bar           S_d             b           p_b           S_b           r 2           r 3           r 4           r 5           r 6           r 7           r 8           r 9          r 10          r 11          r 12          r 13          r 14          r 15          r 16          r 17          r 18          r 19          r 20           ln lk          grad status 
   0           0.1 0.01927790593 0.01138353412        -20000         0.208           0.1            20 0.86781203453 0.73044618769 0.64401093959 0.58086383183 0.55565396871 0.53587188723 0.53745807221 0.53070509743 0.54504747319 0.55818956333 0.59188828018 0.61932964312 0.66467508454 0.74844081560 0.86960602430 1.11052793566 1.56519192240             1             1 -1117055.016501 23176.0670358   -2 
 408 0.00327980380 0.01933194378 0.01020805886 -110.46412980 0.10384121968 0.00366839658 32.9526168030 0.85833178402 0.71149646418 0.61440221342 0.55095237715 0.52209035854 0.50124572564 0.49411872900 0.48289920489 0.49017700661 0.48594209051 0.50647709461 0.51111510731 0.52106110301 0.55507467970 0.59128685253 0.64941644180 0.69227074751 0.77954591519 1.00594260951 -300.2283807979 0.23157704893   -3 
-- Local optimization: stuck in the same solution
---- Best joint likelihood found -300.228380797969294 with gradient 0.23158

---- Results for Mmc/316.polyDFE.config.txt 
--  Model: C
--        eps_an        lambda     theta_bar             a 
-- 0.00327980380 0.01933194378 0.01020805886            -1 
--           S_d             b           p_b           S_b 
-- -110.46412980 0.10384121968 0.00366839658 32.9526168030 
--           r 2           r 3           r 4           r 5           r 6           r 7           r 8           r 9          r 10          r 11          r 12          r 13          r 14          r 15          r 16          r 17          r 18          r 19          r 20 
-- 0.85833178402 0.71149646418 0.61440221342 0.55095237715 0.52209035854 0.50124572564 0.49411872900 0.48289920489 0.49017700661 0.48594209051 0.50647709461 0.51111510731 0.52106110301 0.55507467970 0.59128685253 0.64941644180 0.69227074751 0.77954591519 1.00594260951 

---- Expected P_neut(i), 0 < i < n (neutral SFS per site) 
E[P_neut(1)] = 0.0101759521
E[P_neut(2)] = 0.0043678697
E[P_neut(3)] = 0.0024143378
E[P_neut(4)] = 0.0015640582
E[P_neut(5)] = 0.0011223806
E[P_neut(6)] = 0.0008865876
E[P_neut(7)] = 0.0007298826
E[P_neut(8)] = 0.0006298443
E[P_neut(9)] = 0.0005474008
E[P_neut(10)] = 0.0005003756
E[P_neut(11)] = 0.0004512742
E[P_neut(12)] = 0.0004315005
E[P_neut(13)] = 0.0004024267
E[P_neut(14)] = 0.0003815974
E[P_neut(15)] = 0.0003801993
E[P_neut(16)] = 0.0003811485
E[P_neut(17)] = 0.0003966191
E[P_neut(18)] = 0.0004056777
E[P_neut(19)] = 0.0004509305

---- Expected P_sel(i), 0 < i < n (selected SFS per site) 
E[P_sel(1)] = 0.0072359928
E[P_sel(2)] = 0.0028306705
E[P_sel(3)] = 0.0014941408
E[P_sel(4)] = 0.0009395714
E[P_sel(5)] = 0.0006597978
E[P_sel(6)] = 0.0005124708
E[P_sel(7)] = 0.0004161568
E[P_sel(8)] = 0.0003550477
E[P_sel(9)] = 0.0003056115
E[P_sel(10)] = 0.0002770654
E[P_sel(11)] = 0.0002481335
E[P_sel(12)] = 0.0002358702
E[P_sel(13)] = 0.0002189341
E[P_sel(14)] = 0.0002068730
E[P_sel(15)] = 0.0002056968
E[P_sel(16)] = 0.0002062381
E[P_sel(17)] = 0.0002154056
E[P_sel(18)] = 0.0002229215
E[P_sel(19)] = 0.0002574687

---- Expected D_neut and D_sel (neutral and selected divergence per site) 
E[D_neut] = 0.0198453799
E[D_sel] = 0.0125418013

---- Expected neutral and selected misattributed polymorphism per site
E[mis_neut] = 0.0005134361
E[mis_sel] = 0.0002955481

---- alpha_div = 0.190960
---- alpha_dfe = 0.191103

