---- Running command
---- ./polyDFE -d Mmc/317.polyDFE.config.txt -m C -e 
---- Performing inference using model C

---- Performing inference on Mmc/317.polyDFE.config.txt
---- No mutation variability. Using Poisson likelihood.


---- Calculating initial values

-- Starting local optimization
-- Optimizing all parameters
  it        eps_an        lambda     theta_bar           S_d             b           p_b           S_b           r 2           r 3           r 4           r 5           r 6           r 7           r 8           r 9          r 10          r 11          r 12          r 13          r 14          r 15          r 16          r 17          r 18          r 19          r 20           ln lk          grad status 
   0           0.1 0.01929404155 0.01134325147        -20000         0.208           0.1            20 0.87493428040 0.73459138752 0.64603723022 0.58408258692 0.55753077787 0.54613620174 0.53916766465 0.53772601022 0.54954277441 0.55557952794 0.59945352597 0.63233658331 0.67073093396 0.75478995799 0.87445457012 1.11614665411 1.58445574835             1             1 -1120338.682783 23213.2959498   -2 
 854 0.00122697679 0.01933213152 0.01013265830 -77.964050527 0.12099834503 0.01835888747 7.99425148755 0.86602381291 0.72345585658 0.62242000731 0.55597520361 0.52975412890 0.51227226016 0.49607398262 0.49171188778 0.49467504050 0.48438997574 0.51679638733 0.51846454562 0.53100637175 0.56215044605 0.59610188784 0.65349027034 0.71406414299 0.81244266237 1.04738621819 -275.7422638211 0.04753537635   -3 
-- Local optimization: stuck in the same solution
---- Best joint likelihood found -275.742263821113738 with gradient 0.04754

---- Results for Mmc/317.polyDFE.config.txt 
--  Model: C
--        eps_an        lambda     theta_bar             a 
-- 0.00122697679 0.01933213152 0.01013265830            -1 
--           S_d             b           p_b           S_b 
-- -77.964050527 0.12099834503 0.01835888747 7.99425148755 
--           r 2           r 3           r 4           r 5           r 6           r 7           r 8           r 9          r 10          r 11          r 12          r 13          r 14          r 15          r 16          r 17          r 18          r 19          r 20 
-- 0.86602381291 0.72345585658 0.62242000731 0.55597520361 0.52975412890 0.51227226016 0.49607398262 0.49171188778 0.49467504050 0.48438997574 0.51679638733 0.51846454562 0.53100637175 0.56215044605 0.59610188784 0.65349027034 0.71406414299 0.81244266237 1.04738621819 

---- Expected P_neut(i), 0 < i < n (neutral SFS per site) 
E[P_neut(1)] = 0.0101207574
E[P_neut(2)] = 0.0043826715
E[P_neut(3)] = 0.0024409901
E[P_neut(4)] = 0.0015752209
E[P_neut(5)] = 0.0011257848
E[P_neut(6)] = 0.0008940101
E[P_neut(7)] = 0.0007411117
E[P_neut(8)] = 0.0006280830
E[P_neut(9)] = 0.0005534625
E[P_neut(10)] = 0.0005012373
E[P_neut(11)] = 0.0004463280
E[P_neut(12)] = 0.0004366123
E[P_neut(13)] = 0.0004045235
E[P_neut(14)] = 0.0003849480
E[P_neut(15)] = 0.0003806551
E[P_neut(16)] = 0.0003789774
E[P_neut(17)] = 0.0003920257
E[P_neut(18)] = 0.0004068551
E[P_neut(19)] = 0.0004451748

---- Expected P_sel(i), 0 < i < n (selected SFS per site) 
E[P_sel(1)] = 0.0072413954
E[P_sel(2)] = 0.0028333927
E[P_sel(3)] = 0.0014999853
E[P_sel(4)] = 0.0009372407
E[P_sel(5)] = 0.0006546285
E[P_sel(6)] = 0.0005109190
E[P_sel(7)] = 0.0004178516
E[P_sel(8)] = 0.0003503618
E[P_sel(9)] = 0.0003061520
E[P_sel(10)] = 0.0002754751
E[P_sel(11)] = 0.0002441536
E[P_sel(12)] = 0.0002381403
E[P_sel(13)] = 0.0002203953
E[P_sel(14)] = 0.0002099250
E[P_sel(15)] = 0.0002082764
E[P_sel(16)] = 0.0002086854
E[P_sel(17)] = 0.0002181452
E[P_sel(18)] = 0.0002302090
E[P_sel(19)] = 0.0002593572

---- Expected D_neut and D_sel (neutral and selected divergence per site) 
E[D_neut] = 0.0198627719
E[D_sel] = 0.0125048578

---- Expected neutral and selected misattributed polymorphism per site
E[mis_neut] = 0.0005306403
E[mis_sel] = 0.0003173682

---- alpha_div = 0.237992
---- alpha_dfe = 0.237860

