---- Running command
---- ./polyDFE -d Mmc/318.polyDFE.config.txt -m C -e 
---- Performing inference using model C

---- Performing inference on Mmc/318.polyDFE.config.txt
---- No mutation variability. Using Poisson likelihood.


---- Calculating initial values

-- Starting local optimization
-- Optimizing all parameters
  it        eps_an        lambda     theta_bar           S_d             b           p_b           S_b           r 2           r 3           r 4           r 5           r 6           r 7           r 8           r 9          r 10          r 11          r 12          r 13          r 14          r 15          r 16          r 17          r 18          r 19          r 20           ln lk          grad status 
   0           0.1 0.01929529767 0.01135283014        -20000         0.208           0.1            20 0.87119071454 0.73361789370 0.64688569189 0.58463498678 0.56146050853 0.54145074493 0.54198912788 0.53682049229 0.55535889776 0.55385224761 0.59854419481 0.62688025562 0.67066830138 0.75103663889 0.86182290032 1.10888952427 1.57450852261             1             1 -1116925.307277 23186.7429528   -2 
 858 0.00094742992 0.01929982971 0.01013503821 -79.483876590 0.12225087926 0.02134380526 7.15327009120 0.86515600250 0.72012901056 0.62155981737 0.55973858878 0.53124277944 0.51076182922 0.49982653766 0.48838466595 0.49880162230 0.48708486978 0.51335271644 0.51828531743 0.53140029283 0.55909981242 0.58715224656 0.64605250299 0.70325416569 0.81067882425 1.11430338830 -277.8391465220 0.04231787053   -3 
-- Local optimization: stuck in the same solution
---- Best joint likelihood found -277.839146522048395 with gradient 0.04232

---- Results for Mmc/318.polyDFE.config.txt 
--  Model: C
--        eps_an        lambda     theta_bar             a 
-- 0.00094742992 0.01929982971 0.01013503821            -1 
--           S_d             b           p_b           S_b 
-- -79.483876590 0.12225087926 0.02134380526 7.15327009120 
--           r 2           r 3           r 4           r 5           r 6           r 7           r 8           r 9          r 10          r 11          r 12          r 13          r 14          r 15          r 16          r 17          r 18          r 19          r 20 
-- 0.86515600250 0.72012901056 0.62155981737 0.55973858878 0.53124277944 0.51076182922 0.49982653766 0.48838466595 0.49880162230 0.48708486978 0.51335271644 0.51828531743 0.53140029283 0.55909981242 0.58715224656 0.64605250299 0.70325416569 0.81067882425 1.11430338830 

---- Expected P_neut(i), 0 < i < n (neutral SFS per site) 
E[P_neut(1)] = 0.0101258457
E[P_neut(2)] = 0.0043804160
E[P_neut(3)] = 0.0024309050
E[P_neut(4)] = 0.0015737434
E[P_neut(5)] = 0.0011338774
E[P_neut(6)] = 0.0008968753
E[P_neut(7)] = 0.0007391951
E[P_neut(8)] = 0.0006330310
E[P_neut(9)] = 0.0005498816
E[P_neut(10)] = 0.0005055374
E[P_neut(11)] = 0.0004488799
E[P_neut(12)] = 0.0004337599
E[P_neut(13)] = 0.0004043825
E[P_neut(14)] = 0.0003851830
E[P_neut(15)] = 0.0003784836
E[P_neut(16)] = 0.0003730654
E[P_neut(17)] = 0.0003871028
E[P_neut(18)] = 0.0003997512
E[P_neut(19)] = 0.0004416273

---- Expected P_sel(i), 0 < i < n (selected SFS per site) 
E[P_sel(1)] = 0.0072235855
E[P_sel(2)] = 0.0028221074
E[P_sel(3)] = 0.0014884914
E[P_sel(4)] = 0.0009331112
E[P_sel(5)] = 0.0006571503
E[P_sel(6)] = 0.0005109714
E[P_sel(7)] = 0.0004155960
E[P_sel(8)] = 0.0003522409
E[P_sel(9)] = 0.0003035261
E[P_sel(10)] = 0.0002773682
E[P_sel(11)] = 0.0002452533
E[P_sel(12)] = 0.0002364290
E[P_sel(13)] = 0.0002203085
E[P_sel(14)] = 0.0002101866
E[P_sel(15)] = 0.0002073738
E[P_sel(16)] = 0.0002058717
E[P_sel(17)] = 0.0002160245
E[P_sel(18)] = 0.0002269337
E[P_sel(19)] = 0.0002578383

---- Expected D_neut and D_sel (neutral and selected divergence per site) 
E[D_neut] = 0.0198645051
E[D_sel] = 0.0125307592

---- Expected neutral and selected misattributed polymorphism per site
E[mis_neut] = 0.0005646754
E[mis_sel] = 0.0003390929

---- alpha_div = 0.248264
---- alpha_dfe = 0.248131

