---- Running command
---- ./polyDFE -d Mmc/319.polyDFE.config.txt -m C -e 
---- Performing inference using model C

---- Performing inference on Mmc/319.polyDFE.config.txt
---- No mutation variability. Using Poisson likelihood.


---- Calculating initial values

-- Starting local optimization
-- Optimizing all parameters
  it        eps_an        lambda     theta_bar           S_d             b           p_b           S_b           r 2           r 3           r 4           r 5           r 6           r 7           r 8           r 9          r 10          r 11          r 12          r 13          r 14          r 15          r 16          r 17          r 18          r 19          r 20           ln lk          grad status 
   0           0.1 0.01925175746 0.01137281946        -20000         0.208           0.1            20 0.87194505508 0.72930361882 0.64473818373 0.58681959538 0.55736277712 0.54252766291 0.53559354655 0.53239892810 0.55104974814 0.55056856863 0.59130064834 0.62328103216 0.66844111404 0.74950901258 0.86813391068 1.10521812844 1.58793275792             1             1 -1113304.150872 23128.5298423   -2 
 563 0.00228606698 0.01930755994 0.01016522387 -74.880832468 0.12576768306 0.02365268189 6.74874602903 0.86509202918 0.71726494693 0.62041822512 0.55904633623 0.52919355630 0.50878035398 0.49389756566 0.48708561859 0.49344852506 0.48208092787 0.50942740635 0.51504488419 0.52137253859 0.55578636744 0.58738732420 0.64672366622 0.70185743231 0.78401254500 1.01295225594 -274.8629725150 0.17427605105   -3 
-- Local optimization: stuck in the same solution
---- Best joint likelihood found -274.862972515053116 with gradient 0.17428

---- Results for Mmc/319.polyDFE.config.txt 
--  Model: C
--        eps_an        lambda     theta_bar             a 
-- 0.00228606698 0.01930755994 0.01016522387            -1 
--           S_d             b           p_b           S_b 
-- -74.880832468 0.12576768306 0.02365268189 6.74874602903 
--           r 2           r 3           r 4           r 5           r 6           r 7           r 8           r 9          r 10          r 11          r 12          r 13          r 14          r 15          r 16          r 17          r 18          r 19          r 20 
-- 0.86509202918 0.71726494693 0.62041822512 0.55904633623 0.52919355630 0.50878035398 0.49389756566 0.48708561859 0.49344852506 0.48208092787 0.50942740635 0.51504488419 0.52137253859 0.55578636744 0.58738732420 0.64672366622 0.70185743231 0.78401254500 1.01295225594 

---- Expected P_neut(i), 0 < i < n (neutral SFS per site) 
E[P_neut(1)] = 0.0101429444
E[P_neut(2)] = 0.0043877815
E[P_neut(3)] = 0.0024257143
E[P_neut(4)] = 0.0015739213
E[P_neut(5)] = 0.0011348290
E[P_neut(6)] = 0.0008953776
E[P_neut(7)] = 0.0007380697
E[P_neut(8)] = 0.0006271243
E[P_neut(9)] = 0.0005499090
E[P_neut(10)] = 0.0005016015
E[P_neut(11)] = 0.0004457357
E[P_neut(12)] = 0.0004319851
E[P_neut(13)] = 0.0004035027
E[P_neut(14)] = 0.0003797462
E[P_neut(15)] = 0.0003783834
E[P_neut(16)] = 0.0003759340
E[P_neut(17)] = 0.0003913832
E[P_neut(18)] = 0.0004055088
E[P_neut(19)] = 0.0004417354

---- Expected P_sel(i), 0 < i < n (selected SFS per site) 
E[P_sel(1)] = 0.0072434245
E[P_sel(2)] = 0.0028249488
E[P_sel(3)] = 0.0014828061
E[P_sel(4)] = 0.0009310804
E[P_sel(5)] = 0.0006559549
E[P_sel(6)] = 0.0005086555
E[P_sel(7)] = 0.0004137327
E[P_sel(8)] = 0.0003479180
E[P_sel(9)] = 0.0003026643
E[P_sel(10)] = 0.0002744575
E[P_sel(11)] = 0.0002429289
E[P_sel(12)] = 0.0002349509
E[P_sel(13)] = 0.0002194440
E[P_sel(14)] = 0.0002069658
E[P_sel(15)] = 0.0002071991
E[P_sel(16)] = 0.0002075074
E[P_sel(17)] = 0.0002187133
E[P_sel(18)] = 0.0002309618
E[P_sel(19)] = 0.0002602144

---- Expected D_neut and D_sel (neutral and selected divergence per site) 
E[D_neut] = 0.0198224043
E[D_sel] = 0.0125427002

---- Expected neutral and selected misattributed polymorphism per site
E[mis_neut] = 0.0005148443
E[mis_sel] = 0.0003100588

---- alpha_div = 0.259567
---- alpha_dfe = 0.259408

