---- Running command
---- ./polyDFE -d Mmc/32.polyDFE.config.txt -m C -e 
---- Performing inference using model C

---- Performing inference on Mmc/32.polyDFE.config.txt
---- No mutation variability. Using Poisson likelihood.


---- Calculating initial values

-- Starting local optimization
-- Optimizing all parameters
  it        eps_an        lambda     theta_bar           S_d             b           p_b           S_b           r 2           r 3           r 4           r 5           r 6           r 7           r 8           r 9          r 10          r 11          r 12          r 13          r 14          r 15          r 16          r 17          r 18          r 19          r 20           ln lk          grad status 
   0           0.1 0.01929394707 0.01134316545        -20000         0.208           0.1            20 0.87597250943 0.73636300884 0.64050758267 0.58800656877 0.55996705431 0.54268617368 0.53873965991 0.52273295771 0.55570296878 0.55603195571 0.58689107474 0.62849727049 0.66932818644 0.75329796814 0.86419491716 1.11242660955 1.58308721023             1             1 -1115582.243209 23137.4578984   -2 
 329 0.00427487199 0.01935244885 0.01017654315 -86.681848247 0.11382495419 0.01001660396 13.5738254849 0.86568743505 0.71756100090 0.61623889671 0.55705964329 0.52658017177 0.50915910198 0.49391212225 0.47993193557 0.49639559792 0.48164031463 0.50658126212 0.51717586518 0.52981500171 0.55510802671 0.58227673176 0.63981728177 0.68667875072 0.75967527393 0.99843871191 -290.6767343113 0.86262733500   -3 
-- Local optimization: stuck in the same solution
---- Best joint likelihood found -290.676734311331529 with gradient 0.86263

---- Results for Mmc/32.polyDFE.config.txt 
--  Model: C
--        eps_an        lambda     theta_bar             a 
-- 0.00427487199 0.01935244885 0.01017654315            -1 
--           S_d             b           p_b           S_b 
-- -86.681848247 0.11382495419 0.01001660396 13.5738254849 
--           r 2           r 3           r 4           r 5           r 6           r 7           r 8           r 9          r 10          r 11          r 12          r 13          r 14          r 15          r 16          r 17          r 18          r 19          r 20 
-- 0.86568743505 0.71756100090 0.61623889671 0.55705964329 0.52658017177 0.50915910198 0.49391212225 0.47993193557 0.49639559792 0.48164031463 0.50658126212 0.51717586518 0.52981500171 0.55510802671 0.58227673176 0.63981728177 0.68667875072 0.75967527393 0.99843871191 

---- Expected P_neut(i), 0 < i < n (neutral SFS per site) 
E[P_neut(1)] = 0.0101347791
E[P_neut(2)] = 0.0043876822
E[P_neut(3)] = 0.0024253287
E[P_neut(4)] = 0.0015626765
E[P_neut(5)] = 0.0011305514
E[P_neut(6)] = 0.0008909560
E[P_neut(7)] = 0.0007387777
E[P_neut(8)] = 0.0006274404
E[P_neut(9)] = 0.0005422570
E[P_neut(10)] = 0.0005051591
E[P_neut(11)] = 0.0004459999
E[P_neut(12)] = 0.0004304532
E[P_neut(13)] = 0.0004062846
E[P_neut(14)] = 0.0003872920
E[P_neut(15)] = 0.0003798422
E[P_neut(16)] = 0.0003754667
E[P_neut(17)] = 0.0003917757
E[P_neut(18)] = 0.0004053937
E[P_neut(19)] = 0.0004486518

---- Expected P_sel(i), 0 < i < n (selected SFS per site) 
E[P_sel(1)] = 0.0072445760
E[P_sel(2)] = 0.0028428342
E[P_sel(3)] = 0.0014959717
E[P_sel(4)] = 0.0009339646
E[P_sel(5)] = 0.0006605256
E[P_sel(6)] = 0.0005115519
E[P_sel(7)] = 0.0004183370
E[P_sel(8)] = 0.0003513158
E[P_sel(9)] = 0.0003008414
E[P_sel(10)] = 0.0002781734
E[P_sel(11)] = 0.0002441528
E[P_sel(12)] = 0.0002346118
E[P_sel(13)] = 0.0002208219
E[P_sel(14)] = 0.0002102911
E[P_sel(15)] = 0.0002065010
E[P_sel(16)] = 0.0002050051
E[P_sel(17)] = 0.0002158434
E[P_sel(18)] = 0.0002274207
E[P_sel(19)] = 0.0002630014

---- Expected D_neut and D_sel (neutral and selected divergence per site) 
E[D_neut] = 0.0198604816
E[D_sel] = 0.0125526023

---- Expected neutral and selected misattributed polymorphism per site
E[mis_neut] = 0.0005080327
E[mis_sel] = 0.0003003133

---- alpha_div = 0.216426
---- alpha_dfe = 0.216484

