---- Running command
---- ./polyDFE -d Mmc/320.polyDFE.config.txt -m C -e 
---- Performing inference using model C

---- Performing inference on Mmc/320.polyDFE.config.txt
---- No mutation variability. Using Poisson likelihood.


---- Calculating initial values

-- Starting local optimization
-- Optimizing all parameters
  it        eps_an        lambda     theta_bar           S_d             b           p_b           S_b           r 2           r 3           r 4           r 5           r 6           r 7           r 8           r 9          r 10          r 11          r 12          r 13          r 14          r 15          r 16          r 17          r 18          r 19          r 20           ln lk          grad status 
   0           0.1 0.01929380374 0.01132928209        -20000         0.208           0.1            20 0.87522970232 0.73159605429 0.64493915771 0.58330663875 0.55888972979 0.53995656952 0.53563558806 0.53077383646 0.55001821334 0.55862100267 0.59726321924 0.62664647783 0.66066360061 0.75968134664 0.86816771343 1.10486144071 1.59335136794             1             1 -1118120.654975 23173.0754562   -2 
 251 0.00491957135 0.01935049137 0.01017438132 -95.503578504 0.10892048212 0.00623139226 20.2512711850 0.86339982475 0.71612836230 0.61836116344 0.55149211798 0.52529809957 0.50558182005 0.49073511595 0.48176906801 0.49093035659 0.48470846261 0.51663282179 0.51437540274 0.52018269174 0.55783562793 0.58217822452 0.63552141665 0.68972770474 0.74348347865 1.00244026376 -287.2260461941 0.69148445842   -3 
-- Local optimization: stuck in the same solution
---- Best joint likelihood found -287.226046194147784 with gradient 0.69148

---- Results for Mmc/320.polyDFE.config.txt 
--  Model: C
--        eps_an        lambda     theta_bar             a 
-- 0.00491957135 0.01935049137 0.01017438132            -1 
--           S_d             b           p_b           S_b 
-- -95.503578504 0.10892048212 0.00623139226 20.2512711850 
--           r 2           r 3           r 4           r 5           r 6           r 7           r 8           r 9          r 10          r 11          r 12          r 13          r 14          r 15          r 16          r 17          r 18          r 19          r 20 
-- 0.86339982475 0.71612836230 0.61836116344 0.55149211798 0.52529809957 0.50558182005 0.49073511595 0.48176906801 0.49093035659 0.48470846261 0.51663282179 0.51437540274 0.52018269174 0.55783562793 0.58217822452 0.63552141665 0.68972770474 0.74348347865 1.00244026376 

---- Expected P_neut(i), 0 < i < n (neutral SFS per site) 
E[P_neut(1)] = 0.0101262864
E[P_neut(2)] = 0.0043725894
E[P_neut(3)] = 0.0024186439
E[P_neut(4)] = 0.0015669440
E[P_neut(5)] = 0.0011185588
E[P_neut(6)] = 0.0008882415
E[P_neut(7)] = 0.0007332199
E[P_neut(8)] = 0.0006232003
E[P_neut(9)] = 0.0005441598
E[P_neut(10)] = 0.0004994913
E[P_neut(11)] = 0.0004488018
E[P_neut(12)] = 0.0004389504
E[P_neut(13)] = 0.0004042079
E[P_neut(14)] = 0.0003805608
E[P_neut(15)] = 0.0003820349
E[P_neut(16)] = 0.0003761230
E[P_neut(17)] = 0.0003904322
E[P_neut(18)] = 0.0004095542
E[P_neut(19)] = 0.0004462257

---- Expected P_sel(i), 0 < i < n (selected SFS per site) 
E[P_sel(1)] = 0.0072293711
E[P_sel(2)] = 0.0028367793
E[P_sel(3)] = 0.0014958958
E[P_sel(4)] = 0.0009397785
E[P_sel(5)] = 0.0006560647
E[P_sel(6)] = 0.0005120698
E[P_sel(7)] = 0.0004168729
E[P_sel(8)] = 0.0003502926
E[P_sel(9)] = 0.0003029659
E[P_sel(10)] = 0.0002758903
E[P_sel(11)] = 0.0002462720
E[P_sel(12)] = 0.0002396067
E[P_sel(13)] = 0.0002197912
E[P_sel(14)] = 0.0002064544
E[P_sel(15)] = 0.0002071642
E[P_sel(16)] = 0.0002044469
E[P_sel(17)] = 0.0002136828
E[P_sel(18)] = 0.0002278375
E[P_sel(19)] = 0.0002602047

---- Expected D_neut and D_sel (neutral and selected divergence per site) 
E[D_neut] = 0.0198604519
E[D_sel] = 0.0125249277

---- Expected neutral and selected misattributed polymorphism per site
E[mis_neut] = 0.0005099605
E[mis_sel] = 0.0002975764

---- alpha_div = 0.200504
---- alpha_dfe = 0.200456

