---- Running command
---- ./polyDFE -d Mmc/321.polyDFE.config.txt -m C -e 
---- Performing inference using model C

---- Performing inference on Mmc/321.polyDFE.config.txt
---- No mutation variability. Using Poisson likelihood.


---- Calculating initial values

-- Starting local optimization
-- Optimizing all parameters
  it        eps_an        lambda     theta_bar           S_d             b           p_b           S_b           r 2           r 3           r 4           r 5           r 6           r 7           r 8           r 9          r 10          r 11          r 12          r 13          r 14          r 15          r 16          r 17          r 18          r 19          r 20           ln lk          grad status 
   0           0.1 0.01924768098 0.01131551813        -20000         0.208           0.1            20 0.87473885265 0.73673787588 0.64652160142 0.58839725347 0.55831519107 0.53931717704 0.53534078997 0.53532431332 0.55489803464 0.55274319461 0.59509523660 0.63101402632 0.66238808577 0.76106787874 0.86532394396 1.10699310695 1.57739922319             1             1 -1114046.943518 23119.2011550   -2 
1205 0.00081229398 0.01924879334 0.01010612698 -67.316967201 0.13423965559 0.03812871266 4.48876569770 0.86682479155 0.72079329592 0.62531649248 0.55930898817 0.52994610093 0.51040768342 0.49578715574 0.48784287374 0.49627676979 0.48343610933 0.51176427632 0.52280552469 0.52219143711 0.56570048234 0.58432324906 0.64839724017 0.70782094949 0.82796773520 1.12072001952 -268.3741124375 0.02199622579   -3 
-- Local optimization: stuck in the same solution
---- Best joint likelihood found -268.374112437595613 with gradient 0.02200

---- Results for Mmc/321.polyDFE.config.txt 
--  Model: C
--        eps_an        lambda     theta_bar             a 
-- 0.00081229398 0.01924879334 0.01010612698            -1 
--           S_d             b           p_b           S_b 
-- -67.316967201 0.13423965559 0.03812871266 4.48876569770 
--           r 2           r 3           r 4           r 5           r 6           r 7           r 8           r 9          r 10          r 11          r 12          r 13          r 14          r 15          r 16          r 17          r 18          r 19          r 20 
-- 0.86682479155 0.72079329592 0.62531649248 0.55930898817 0.52994610093 0.51040768342 0.49578715574 0.48784287374 0.49627676979 0.48343610933 0.51176427632 0.52280552469 0.52219143711 0.56570048234 0.58432324906 0.64839724017 0.70782094949 0.82796773520 1.12072001952 

---- Expected P_neut(i), 0 < i < n (neutral SFS per site) 
E[P_neut(1)] = 0.0100982756
E[P_neut(2)] = 0.0043768856
E[P_neut(3)] = 0.0024264836
E[P_neut(4)] = 0.0015788984
E[P_neut(5)] = 0.0011298808
E[P_neut(6)] = 0.0008921982
E[P_neut(7)] = 0.0007366237
E[P_neut(8)] = 0.0006261523
E[P_neut(9)] = 0.0005477160
E[P_neut(10)] = 0.0005015436
E[P_neut(11)] = 0.0004442357
E[P_neut(12)] = 0.0004311549
E[P_neut(13)] = 0.0004066945
E[P_neut(14)] = 0.0003773712
E[P_neut(15)] = 0.0003817448
E[P_neut(16)] = 0.0003700613
E[P_neut(17)] = 0.0003871172
E[P_neut(18)] = 0.0004006423
E[P_neut(19)] = 0.0004482486

---- Expected P_sel(i), 0 < i < n (selected SFS per site) 
E[P_sel(1)] = 0.0072399685
E[P_sel(2)] = 0.0028226752
E[P_sel(3)] = 0.0014841639
E[P_sel(4)] = 0.0009342750
E[P_sel(5)] = 0.0006533492
E[P_sel(6)] = 0.0005072653
E[P_sel(7)] = 0.0004135382
E[P_sel(8)] = 0.0003481998
E[P_sel(9)] = 0.0003024853
E[P_sel(10)] = 0.0002756934
E[P_sel(11)] = 0.0002435571
E[P_sel(12)] = 0.0002362461
E[P_sel(13)] = 0.0002231738
E[P_sel(14)] = 0.0002078537
E[P_sel(15)] = 0.0002115764
E[P_sel(16)] = 0.0002069966
E[P_sel(17)] = 0.0002193334
E[P_sel(18)] = 0.0002310432
E[P_sel(19)] = 0.0002651978

---- Expected D_neut and D_sel (neutral and selected divergence per site) 
E[D_neut] = 0.0198151003
E[D_sel] = 0.0125054966

---- Expected neutral and selected misattributed polymorphism per site
E[mis_neut] = 0.0005663069
E[mis_sel] = 0.0003438369

---- alpha_div = 0.287618
---- alpha_dfe = 0.287485

