---- Running command
---- ./polyDFE -d Mmc/322.polyDFE.config.txt -m C -e 
---- Performing inference using model C

---- Performing inference on Mmc/322.polyDFE.config.txt
---- No mutation variability. Using Poisson likelihood.


---- Calculating initial values

-- Starting local optimization
-- Optimizing all parameters
  it        eps_an        lambda     theta_bar           S_d             b           p_b           S_b           r 2           r 3           r 4           r 5           r 6           r 7           r 8           r 9          r 10          r 11          r 12          r 13          r 14          r 15          r 16          r 17          r 18          r 19          r 20           ln lk          grad status 
   0           0.1 0.01926072284 0.01135755807        -20000         0.208           0.1            20 0.87182129366 0.73373617975 0.64399356030 0.58019080727 0.55736241630 0.54220124320 0.53251552937 0.52450552691 0.55547440661 0.54446450330 0.59053201305 0.62276714665 0.65992775259 0.74522804130 0.85633079600 1.10699001566 1.58454793226             1             1 -1117729.900351 23134.1050680   -2 
 796 0.00072331313 0.01924622995 0.01014130701 -78.498967886 0.12124708673 0.02357894688 6.35411304719 0.86428371998 0.71924779311 0.62038501293 0.55400587468 0.52709622161 0.50891842833 0.49303619489 0.48206391154 0.49777356715 0.47837442298 0.51016851609 0.51237452117 0.52178958176 0.55110818923 0.58333380440 0.65054292573 0.71063179383 0.82278676569 1.15363434501 -276.6789388202 0.02880169671   -8 
-- Local optimization: reached maximum number of likelihood evaluations allowed.
---- Best joint likelihood found -276.678938820230542 with gradient 0.02880

---- Results for Mmc/322.polyDFE.config.txt 
--  Model: C
--        eps_an        lambda     theta_bar             a 
-- 0.00072331313 0.01924622995 0.01014130701            -1 
--           S_d             b           p_b           S_b 
-- -78.498967886 0.12124708673 0.02357894688 6.35411304719 
--           r 2           r 3           r 4           r 5           r 6           r 7           r 8           r 9          r 10          r 11          r 12          r 13          r 14          r 15          r 16          r 17          r 18          r 19          r 20 
-- 0.86428371998 0.71924779311 0.62038501293 0.55400587468 0.52709622161 0.50891842833 0.49303619489 0.48206391154 0.49777356715 0.47837442298 0.51016851609 0.51237452117 0.52178958176 0.55110818923 0.58333380440 0.65054292573 0.71063179383 0.82278676569 1.15363434501 

---- Expected P_neut(i), 0 < i < n (neutral SFS per site) 
E[P_neut(1)] = 0.0101342893
E[P_neut(2)] = 0.0043796030
E[P_neut(3)] = 0.0024298930
E[P_neut(4)] = 0.0015720085
E[P_neut(5)] = 0.0011231255
E[P_neut(6)] = 0.0008905364
E[P_neut(7)] = 0.0007370555
E[P_neut(8)] = 0.0006248637
E[P_neut(9)] = 0.0005431215
E[P_neut(10)] = 0.0005048075
E[P_neut(11)] = 0.0004411050
E[P_neut(12)] = 0.0004312882
E[P_neut(13)] = 0.0003999478
E[P_neut(14)] = 0.0003783445
E[P_neut(15)] = 0.0003731404
E[P_neut(16)] = 0.0003706057
E[P_neut(17)] = 0.0003895577
E[P_neut(18)] = 0.0004032545
E[P_neut(19)] = 0.0004461826

---- Expected P_sel(i), 0 < i < n (selected SFS per site) 
E[P_sel(1)] = 0.0072597889
E[P_sel(2)] = 0.0028372596
E[P_sel(3)] = 0.0014972774
E[P_sel(4)] = 0.0009384904
E[P_sel(5)] = 0.0006556888
E[P_sel(6)] = 0.0005112799
E[P_sel(7)] = 0.0004177461
E[P_sel(8)] = 0.0003506293
E[P_sel(9)] = 0.0003024224
E[P_sel(10)] = 0.0002794836
E[P_sel(11)] = 0.0002432683
E[P_sel(12)] = 0.0002373570
E[P_sel(13)] = 0.0002200584
E[P_sel(14)] = 0.0002085511
E[P_sel(15)] = 0.0002065483
E[P_sel(16)] = 0.0002066115
E[P_sel(17)] = 0.0002195548
E[P_sel(18)] = 0.0002309836
E[P_sel(19)] = 0.0002621292

---- Expected D_neut and D_sel (neutral and selected divergence per site) 
E[D_neut] = 0.0198311980
E[D_sel] = 0.0125111921

---- Expected neutral and selected misattributed polymorphism per site
E[mis_neut] = 0.0005849680
E[mis_sel] = 0.0003531342

---- alpha_div = 0.245225
---- alpha_dfe = 0.245004

