---- Running command
---- ./polyDFE -d Mmc/323.polyDFE.config.txt -m C -e 
---- Performing inference using model C

---- Performing inference on Mmc/323.polyDFE.config.txt
---- No mutation variability. Using Poisson likelihood.


---- Calculating initial values

-- Starting local optimization
-- Optimizing all parameters
  it        eps_an        lambda     theta_bar           S_d             b           p_b           S_b           r 2           r 3           r 4           r 5           r 6           r 7           r 8           r 9          r 10          r 11          r 12          r 13          r 14          r 15          r 16          r 17          r 18          r 19          r 20           ln lk          grad status 
   0           0.1 0.01926890300 0.01134152622        -20000         0.208           0.1            20 0.87336372528 0.73189169795 0.64772637539 0.58859108316 0.55719851238 0.53950643379 0.54067730874 0.52262185713 0.54794493221 0.55913919987 0.59248501434 0.62293329628 0.66978484584 0.75233647248 0.86754327739 1.09896296024 1.57907027512             1             1 -1114702.047733 23114.0447009   -2 
 740 0.00060581461 0.01929530088 0.01012395308 -73.208384152 0.12608890950 0.02689382136 5.90476725059 0.86485048611 0.72111245954 0.62373953651 0.56028582507 0.52932566186 0.50901645627 0.49769764767 0.48079691655 0.49433810126 0.48801093621 0.50812105255 0.51232580942 0.52835036761 0.56070366460 0.58818416024 0.64440379897 0.70733390648 0.82783025038 1.07313854593 -278.2983659008 0.05664448781   -3 
-- Local optimization: stuck in the same solution
---- Best joint likelihood found -278.298365900802310 with gradient 0.05664

---- Results for Mmc/323.polyDFE.config.txt 
--  Model: C
--        eps_an        lambda     theta_bar             a 
-- 0.00060581461 0.01929530088 0.01012395308            -1 
--           S_d             b           p_b           S_b 
-- -73.208384152 0.12608890950 0.02689382136 5.90476725059 
--           r 2           r 3           r 4           r 5           r 6           r 7           r 8           r 9          r 10          r 11          r 12          r 13          r 14          r 15          r 16          r 17          r 18          r 19          r 20 
-- 0.86485048611 0.72111245954 0.62373953651 0.56028582507 0.52932566186 0.50901645627 0.49769764767 0.48079691655 0.49433810126 0.48801093621 0.50812105255 0.51232580942 0.52835036761 0.56070366460 0.58818416024 0.64440379897 0.70733390648 0.82783025038 1.07313854593 

---- Expected P_neut(i), 0 < i < n (neutral SFS per site) 
E[P_neut(1)] = 0.0101180871
E[P_neut(2)] = 0.0043754417
E[P_neut(3)] = 0.0024322611
E[P_neut(4)] = 0.0015779465
E[P_neut(5)] = 0.0011340035
E[P_neut(6)] = 0.0008928351
E[P_neut(7)] = 0.0007359755
E[P_neut(8)] = 0.0006297116
E[P_neut(9)] = 0.0005407851
E[P_neut(10)] = 0.0005004656
E[P_neut(11)] = 0.0004492010
E[P_neut(12)] = 0.0004288047
E[P_neut(13)] = 0.0003991860
E[P_neut(14)] = 0.0003823806
E[P_neut(15)] = 0.0003788939
E[P_neut(16)] = 0.0003729027
E[P_neut(17)] = 0.0003850014
E[P_neut(18)] = 0.0004002453
E[P_neut(19)] = 0.0004469668

---- Expected P_sel(i), 0 < i < n (selected SFS per site) 
E[P_sel(1)] = 0.0072498142
E[P_sel(2)] = 0.0028282830
E[P_sel(3)] = 0.0014933422
E[P_sel(4)] = 0.0009378779
E[P_sel(5)] = 0.0006587908
E[P_sel(6)] = 0.0005099377
E[P_sel(7)] = 0.0004149119
E[P_sel(8)] = 0.0003514634
E[P_sel(9)] = 0.0002995425
E[P_sel(10)] = 0.0002756805
E[P_sel(11)] = 0.0002465539
E[P_sel(12)] = 0.0002349578
E[P_sel(13)] = 0.0002187849
E[P_sel(14)] = 0.0002100802
E[P_sel(15)] = 0.0002091869
E[P_sel(16)] = 0.0002075169
E[P_sel(17)] = 0.0002167872
E[P_sel(18)] = 0.0002292471
E[P_sel(19)] = 0.0002626766

---- Expected D_neut and D_sel (neutral and selected divergence per site) 
E[D_neut] = 0.0198385211
E[D_sel] = 0.0125433861

---- Expected neutral and selected misattributed polymorphism per site
E[mis_neut] = 0.0005432202
E[mis_sel] = 0.0003285605

---- alpha_div = 0.260516
---- alpha_dfe = 0.260309

