---- Running command
---- ./polyDFE -d Mmc/324.polyDFE.config.txt -m C -e 
---- Performing inference using model C

---- Performing inference on Mmc/324.polyDFE.config.txt
---- No mutation variability. Using Poisson likelihood.


---- Calculating initial values

-- Starting local optimization
-- Optimizing all parameters
  it        eps_an        lambda     theta_bar           S_d             b           p_b           S_b           r 2           r 3           r 4           r 5           r 6           r 7           r 8           r 9          r 10          r 11          r 12          r 13          r 14          r 15          r 16          r 17          r 18          r 19          r 20           ln lk          grad status 
   0           0.1 0.01929853453 0.01133646361        -20000         0.208           0.1            20 0.87651755750 0.73733610645 0.64894724698 0.58529626757 0.55734422423 0.53584901116 0.53930600147 0.52915708330 0.55285649616 0.55168292352 0.59459085967 0.62750880143 0.66626564250 0.75439579034 0.86756507319 1.11739717917 1.59124240718             1             1 -1118910.972331 23198.9808434   -2 
1509 0.00062747313 0.01931449929 0.01012196240 -75.541083015 0.12442780711 0.02451161783 6.32761548234 0.86879226784 0.72289580015 0.62340898649 0.55760008418 0.53065281077 0.50558219894 0.49619746980 0.48547836123 0.49578522915 0.48637901585 0.51165886578 0.51820912097 0.52270836479 0.56278640644 0.59399057102 0.65393455185  0.7150973044 0.81885227084 1.09175112566 -278.3515862681 0.01614435395   -3 
-- Local optimization: stuck in the same solution
---- Best joint likelihood found -278.351586268167011 with gradient 0.01614

---- Results for Mmc/324.polyDFE.config.txt 
--  Model: C
--        eps_an        lambda     theta_bar             a 
-- 0.00062747313 0.01931449929 0.01012196240            -1 
--           S_d             b           p_b           S_b 
-- -75.541083015 0.12442780711 0.02451161783 6.32761548234 
--           r 2           r 3           r 4           r 5           r 6           r 7           r 8           r 9          r 10          r 11          r 12          r 13          r 14          r 15          r 16          r 17          r 18          r 19          r 20 
-- 0.86879226784 0.72289580015 0.62340898649 0.55760008418 0.53065281077 0.50558219894 0.49619746980 0.48547836123 0.49578522915 0.48637901585 0.51165886578 0.51820912097 0.52270836479 0.56278640644 0.59399057102 0.65393455185  0.7150973044 0.81885227084 1.09175112566 

---- Expected P_neut(i), 0 < i < n (neutral SFS per site) 
E[P_neut(1)] = 0.0101158849
E[P_neut(2)] = 0.0043944347
E[P_neut(3)] = 0.0024377552
E[P_neut(4)] = 0.0015767765
E[P_neut(5)] = 0.0011283314
E[P_neut(6)] = 0.0008948834
E[P_neut(7)] = 0.0007308636
E[P_neut(8)] = 0.0006276884
E[P_neut(9)] = 0.0005459375
E[P_neut(10)] = 0.0005018319
E[P_neut(11)] = 0.0004476172
E[P_neut(12)] = 0.0004317058
E[P_neut(13)] = 0.0004036896
E[P_neut(14)] = 0.0003782413
E[P_neut(15)] = 0.0003802369
E[P_neut(16)] = 0.0003765260
E[P_neut(17)] = 0.0003906450
E[P_neut(18)] = 0.0004046282
E[P_neut(19)] = 0.0004423087

---- Expected P_sel(i), 0 < i < n (selected SFS per site) 
E[P_sel(1)] = 0.0072373640
E[P_sel(2)] = 0.0028376790
E[P_sel(3)] = 0.0014956068
E[P_sel(4)] = 0.0009365975
E[P_sel(5)] = 0.0006550995
E[P_sel(6)] = 0.0005107746
E[P_sel(7)] = 0.0004117205
E[P_sel(8)] = 0.0003500203
E[P_sel(9)] = 0.0003020697
E[P_sel(10)] = 0.0002760725
E[P_sel(11)] = 0.0002452995
E[P_sel(12)] = 0.0002361056
E[P_sel(13)] = 0.0002207656
E[P_sel(14)] = 0.0002072719
E[P_sel(15)] = 0.0002093061
E[P_sel(16)] = 0.0002088289
E[P_sel(17)] = 0.0002191460
E[P_sel(18)] = 0.0002308415
E[P_sel(19)] = 0.0002589762

---- Expected D_neut and D_sel (neutral and selected divergence per site) 
E[D_neut] = 0.0198670325
E[D_sel] = 0.0125320722

---- Expected neutral and selected misattributed polymorphism per site
E[mis_neut] = 0.0005525332
E[mis_sel] = 0.0003329709

---- alpha_div = 0.253878
---- alpha_dfe = 0.253737

