---- Running command
---- ./polyDFE -d Mmc/325.polyDFE.config.txt -m C -e 
---- Performing inference using model C

---- Performing inference on Mmc/325.polyDFE.config.txt
---- No mutation variability. Using Poisson likelihood.


---- Calculating initial values

-- Starting local optimization
-- Optimizing all parameters
  it        eps_an        lambda     theta_bar           S_d             b           p_b           S_b           r 2           r 3           r 4           r 5           r 6           r 7           r 8           r 9          r 10          r 11          r 12          r 13          r 14          r 15          r 16          r 17          r 18          r 19          r 20           ln lk          grad status 
   0           0.1 0.01925121412 0.01136251618        -20000         0.208           0.1            20 0.87467323913 0.73885944997 0.63905874421 0.59133865943 0.56184477111 0.53829979036 0.54015792769 0.53252819556 0.54767304735 0.56021428637 0.58864691773 0.61964154732 0.67075699726 0.75285890905 0.86484014795 1.10816949084 1.58038673490             1             1 -1114162.841810 23086.8655271   -2 
1135 0.00075107407 0.01925934684 0.01014674619 -71.149980318 0.12777876363 0.02564422524 6.26808682257 0.86628017711 0.72436717091 0.61737032914 0.56402805022 0.53153113543 0.50742700197 0.49885318317 0.48695672426 0.49331182979 0.48771397493 0.50878607905 0.51002016036 0.52764273865 0.55999333932 0.59120005376 0.64735863002 0.70392304714 0.81637286534 1.10693598377 -267.8666557068 0.02816904016   -3 
-- Local optimization: stuck in the same solution
---- Best joint likelihood found -267.866655706806341 with gradient 0.02817

---- Results for Mmc/325.polyDFE.config.txt 
--  Model: C
--        eps_an        lambda     theta_bar             a 
-- 0.00075107407 0.01925934684 0.01014674619            -1 
--           S_d             b           p_b           S_b 
-- -71.149980318 0.12777876363 0.02564422524 6.26808682257 
--           r 2           r 3           r 4           r 5           r 6           r 7           r 8           r 9          r 10          r 11          r 12          r 13          r 14          r 15          r 16          r 17          r 18          r 19          r 20 
-- 0.86628017711 0.72436717091 0.61737032914 0.56402805022 0.53153113543 0.50742700197 0.49885318317 0.48695672426 0.49331182979 0.48771397493 0.50878607905 0.51002016036 0.52764273865 0.55999333932 0.59120005376 0.64735863002 0.70392304714 0.81637286534 1.10693598377 

---- Expected P_neut(i), 0 < i < n (neutral SFS per site) 
E[P_neut(1)] = 0.0101394527
E[P_neut(2)] = 0.0043919596
E[P_neut(3)] = 0.0024484400
E[P_neut(4)] = 0.0015651804
E[P_neut(5)] = 0.0011440347
E[P_neut(6)] = 0.0008984973
E[P_neut(7)] = 0.0007352798
E[P_neut(8)] = 0.0006325650
E[P_neut(9)] = 0.0005489285
E[P_neut(10)] = 0.0005005510
E[P_neut(11)] = 0.0004499572
E[P_neut(12)] = 0.0004303624
E[P_neut(13)] = 0.0003983338
E[P_neut(14)] = 0.0003828063
E[P_neut(15)] = 0.0003793825
E[P_neut(16)] = 0.0003758169
E[P_neut(17)] = 0.0003879372
E[P_neut(18)] = 0.0003998100
E[P_neut(19)] = 0.0004432687

---- Expected P_sel(i), 0 < i < n (selected SFS per site) 
E[P_sel(1)] = 0.0072621288
E[P_sel(2)] = 0.0028341149
E[P_sel(3)] = 0.0014994612
E[P_sel(4)] = 0.0009273821
E[P_sel(5)] = 0.0006622358
E[P_sel(6)] = 0.0005111363
E[P_sel(7)] = 0.0004127388
E[P_sel(8)] = 0.0003514353
E[P_sel(9)] = 0.0003025767
E[P_sel(10)] = 0.0002743220
E[P_sel(11)] = 0.0002456557
E[P_sel(12)] = 0.0002345114
E[P_sel(13)] = 0.0002170785
E[P_sel(14)] = 0.0002090946
E[P_sel(15)] = 0.0002082302
E[P_sel(16)] = 0.0002079228
E[P_sel(17)] = 0.0002172199
E[P_sel(18)] = 0.0002278519
E[P_sel(19)] = 0.0002596144

---- Expected D_neut and D_sel (neutral and selected divergence per site) 
E[D_neut] = 0.0198209368
E[D_sel] = 0.0125286982

---- Expected neutral and selected misattributed polymorphism per site
E[mis_neut] = 0.0005615899
E[mis_sel] = 0.0003386796

---- alpha_div = 0.262687
---- alpha_dfe = 0.262555

