---- Running command
---- ./polyDFE -d Mmc/326.polyDFE.config.txt -m C -e 
---- Performing inference using model C

---- Performing inference on Mmc/326.polyDFE.config.txt
---- No mutation variability. Using Poisson likelihood.


---- Calculating initial values

-- Starting local optimization
-- Optimizing all parameters
  it        eps_an        lambda     theta_bar           S_d             b           p_b           S_b           r 2           r 3           r 4           r 5           r 6           r 7           r 8           r 9          r 10          r 11          r 12          r 13          r 14          r 15          r 16          r 17          r 18          r 19          r 20           ln lk          grad status 
   0           0.1 0.01926998045 0.01132677205        -20000         0.208           0.1            20 0.87590555269 0.73620029406 0.64903496149 0.58431528205 0.56089765012 0.54006840164 0.54202002538 0.52846932709 0.55287963633 0.56089353789 0.59424466462 0.63272076447 0.66966778768 0.76281652222 0.86987406254 1.10140588217 1.59456718849             1             1 -1114406.632826 23143.6159812   -2 
 370 0.00186299354 0.01932433957 0.01013542468 -83.775590608 0.11720383052 0.01305106300 10.9519833146 0.86436347670 0.72170735364 0.62382748799 0.55880184216 0.52741607584 0.50759174987 0.49864338413 0.48340468450 0.49784019670 0.48944822737 0.51119764461 0.52188479154 0.52811900483 0.56619388855 0.58939403770 0.64541379762 0.71365119701 0.80206422646 1.01320674565 -283.6630016468 0.13974642873   -3 
-- Local optimization: stuck in the same solution
---- Best joint likelihood found -283.663001646840712 with gradient 0.13975

---- Results for Mmc/326.polyDFE.config.txt 
--  Model: C
--        eps_an        lambda     theta_bar             a 
-- 0.00186299354 0.01932433957 0.01013542468            -1 
--           S_d             b           p_b           S_b 
-- -83.775590608 0.11720383052 0.01305106300 10.9519833146 
--           r 2           r 3           r 4           r 5           r 6           r 7           r 8           r 9          r 10          r 11          r 12          r 13          r 14          r 15          r 16          r 17          r 18          r 19          r 20 
-- 0.86436347670 0.72170735364 0.62382748799 0.55880184216 0.52741607584 0.50759174987 0.49864338413 0.48340468450 0.49784019670 0.48944822737 0.51119764461 0.52188479154 0.52811900483 0.56619388855 0.58939403770 0.64541379762 0.71365119701 0.80206422646 1.01320674565 

---- Expected P_neut(i), 0 < i < n (neutral SFS per site) 
E[P_neut(1)] = 0.0101173395
E[P_neut(2)] = 0.0043729335
E[P_neut(3)] = 0.0024344446
E[P_neut(4)] = 0.0015784399
E[P_neut(5)] = 0.0011313412
E[P_neut(6)] = 0.0008899835
E[P_neut(7)] = 0.0007343400
E[P_neut(8)] = 0.0006313727
E[P_neut(9)] = 0.0005442162
E[P_neut(10)] = 0.0005045822
E[P_neut(11)] = 0.0004511527
E[P_neut(12)] = 0.0004321397
E[P_neut(13)] = 0.0004074976
E[P_neut(14)] = 0.0003832840
E[P_neut(15)] = 0.0003839719
E[P_neut(16)] = 0.0003756092
E[P_neut(17)] = 0.0003886223
E[P_neut(18)] = 0.0004092540
E[P_neut(19)] = 0.0004459410

---- Expected P_sel(i), 0 < i < n (selected SFS per site) 
E[P_sel(1)] = 0.0072193028
E[P_sel(2)] = 0.0028230756
E[P_sel(3)] = 0.0014948380
E[P_sel(4)] = 0.0009387013
E[P_sel(5)] = 0.0006575565
E[P_sel(6)] = 0.0005083089
E[P_sel(7)] = 0.0004136637
E[P_sel(8)] = 0.0003517392
E[P_sel(9)] = 0.0003004886
E[P_sel(10)] = 0.0002766310
E[P_sel(11)] = 0.0002459989
E[P_sel(12)] = 0.0002347358
E[P_sel(13)] = 0.0002208842
E[P_sel(14)] = 0.0002077200
E[P_sel(15)] = 0.0002085349
E[P_sel(16)] = 0.0002050562
E[P_sel(17)] = 0.0002141988
E[P_sel(18)] = 0.0002294032
E[P_sel(19)] = 0.0002587005

---- Expected D_neut and D_sel (neutral and selected divergence per site) 
E[D_neut] = 0.0198378036
E[D_sel] = 0.0125322797

---- Expected neutral and selected misattributed polymorphism per site
E[mis_neut] = 0.0005134640
E[mis_sel] = 0.0003049647

---- alpha_div = 0.228758
---- alpha_dfe = 0.228628

