---- Running command
---- ./polyDFE -d Mmc/327.polyDFE.config.txt -m C -e 
---- Performing inference using model C

---- Performing inference on Mmc/327.polyDFE.config.txt
---- No mutation variability. Using Poisson likelihood.


---- Calculating initial values

-- Starting local optimization
-- Optimizing all parameters
  it        eps_an        lambda     theta_bar           S_d             b           p_b           S_b           r 2           r 3           r 4           r 5           r 6           r 7           r 8           r 9          r 10          r 11          r 12          r 13          r 14          r 15          r 16          r 17          r 18          r 19          r 20           ln lk          grad status 
   0           0.1 0.01927643291 0.01132751087        -20000         0.208           0.1            20 0.87846983197 0.73924124797 0.65002229598 0.57922959087 0.56259721579 0.54393427770 0.54388343328 0.53086018194 0.55607403167 0.55557711291 0.60096102785 0.62829035013 0.66420331140 0.74426804026 0.87231440102 1.11338532607 1.58645625096             1             1 -1117919.026047 23166.2593529   -2 
 749 0.00037752952 0.01929127610 0.01011998750 -69.952659918 0.12916719435 0.03024419111 5.36370712694 0.86828872442 0.72367060636 0.62357254618 0.55670215487 0.53407204128 0.50830664149 0.50350335639 0.48544380514 0.49785433968 0.48764956233 0.52040028177 0.51731723535 0.52358930163 0.55653409607 0.59151877083 0.65282279011 0.71180029263 0.83731771253 1.09479278907 -269.0258753730 0.06809804458   -8 
-- Local optimization: reached maximum number of likelihood evaluations allowed.
---- Best joint likelihood found -269.025875373030431 with gradient 0.06810

---- Results for Mmc/327.polyDFE.config.txt 
--  Model: C
--        eps_an        lambda     theta_bar             a 
-- 0.00037752952 0.01929127610 0.01011998750            -1 
--           S_d             b           p_b           S_b 
-- -69.952659918 0.12916719435 0.03024419111 5.36370712694 
--           r 2           r 3           r 4           r 5           r 6           r 7           r 8           r 9          r 10          r 11          r 12          r 13          r 14          r 15          r 16          r 17          r 18          r 19          r 20 
-- 0.86828872442 0.72367060636 0.62357254618 0.55670215487 0.53407204128 0.50830664149 0.50350335639 0.48544380514 0.49785433968 0.48764956233 0.52040028177 0.51731723535 0.52358930163 0.55653409607 0.59151877083 0.65282279011 0.71180029263 0.83731771253 1.09479278907 

---- Expected P_neut(i), 0 < i < n (neutral SFS per site) 
E[P_neut(1)] = 0.0101163353
E[P_neut(2)] = 0.0043920279
E[P_neut(3)] = 0.0024404043
E[P_neut(4)] = 0.0015771822
E[P_neut(5)] = 0.0011264801
E[P_neut(6)] = 0.0009006032
E[P_neut(7)] = 0.0007347399
E[P_neut(8)] = 0.0006368562
E[P_neut(9)] = 0.0005458172
E[P_neut(10)] = 0.0005038280
E[P_neut(11)] = 0.0004486737
E[P_neut(12)] = 0.0004389451
E[P_neut(13)] = 0.0004028365
E[P_neut(14)] = 0.0003786770
E[P_neut(15)] = 0.0003757582
E[P_neut(16)] = 0.0003745895
E[P_neut(17)] = 0.0003893960
E[P_neut(18)] = 0.0004016971
E[P_neut(19)] = 0.0004496335

---- Expected P_sel(i), 0 < i < n (selected SFS per site) 
E[P_sel(1)] = 0.0072568840
E[P_sel(2)] = 0.0028388467
E[P_sel(3)] = 0.0014972360
E[P_sel(4)] = 0.0009363891
E[P_sel(5)] = 0.0006535793
E[P_sel(6)] = 0.0005136826
E[P_sel(7)] = 0.0004136705
E[P_sel(8)] = 0.0003550197
E[P_sel(9)] = 0.0003020126
E[P_sel(10)] = 0.0002773025
E[P_sel(11)] = 0.0002461267
E[P_sel(12)] = 0.0002404554
E[P_sel(13)] = 0.0002208100
E[P_sel(14)] = 0.0002081481
E[P_sel(15)] = 0.0002076388
E[P_sel(16)] = 0.0002087136
E[P_sel(17)] = 0.0002195854
E[P_sel(18)] = 0.0002303988
E[P_sel(19)] = 0.0002642840

---- Expected D_neut and D_sel (neutral and selected divergence per site) 
E[D_neut] = 0.0198452406
E[D_sel] = 0.0125269821

---- Expected neutral and selected misattributed polymorphism per site
E[mis_neut] = 0.0005539645
E[mis_sel] = 0.0003352525

---- alpha_div = 0.268375
---- alpha_dfe = 0.268176

