---- Running command
---- ./polyDFE -d Mmc/328.polyDFE.config.txt -m C -e 
---- Performing inference using model C

---- Performing inference on Mmc/328.polyDFE.config.txt
---- No mutation variability. Using Poisson likelihood.


---- Calculating initial values

-- Starting local optimization
-- Optimizing all parameters
  it        eps_an        lambda     theta_bar           S_d             b           p_b           S_b           r 2           r 3           r 4           r 5           r 6           r 7           r 8           r 9          r 10          r 11          r 12          r 13          r 14          r 15          r 16          r 17          r 18          r 19          r 20           ln lk          grad status 
   0           0.1 0.01929770558 0.01134201421        -20000         0.208           0.1            20 0.87615050548 0.73427126899 0.64522052743 0.58165632097 0.55411565548 0.54018450416 0.53631964551 0.53378436025 0.55843379136 0.56402734250 0.59623732705 0.62928459616 0.66993055978 0.75540396177 0.85546642198 1.10352603854 1.59155121852             1             1 -1118966.831009 23204.4143414   -2 
 825 0.00073964702 0.01929894382 0.01012762842 -75.551119308 0.12230979876 0.01726681625 8.62749433066 0.86812100732 0.72026820154 0.62157697851 0.55460281508 0.52661983600 0.51016936349 0.49832789145 0.48522249469 0.49781589762 0.49315714429 0.51478720136 0.51784823760 0.52768101646 0.56200684257 0.58430041207 0.64826618702 0.71374672071 0.83195772935 1.11977795947 -276.1389664401 0.02728276825   -3 
-- Local optimization: stuck in the same solution
---- Best joint likelihood found -276.138966440194054 with gradient 0.02728

---- Results for Mmc/328.polyDFE.config.txt 
--  Model: C
--        eps_an        lambda     theta_bar             a 
-- 0.00073964702 0.01929894382 0.01012762842            -1 
--           S_d             b           p_b           S_b 
-- -75.551119308 0.12230979876 0.01726681625 8.62749433066 
--           r 2           r 3           r 4           r 5           r 6           r 7           r 8           r 9          r 10          r 11          r 12          r 13          r 14          r 15          r 16          r 17          r 18          r 19          r 20 
-- 0.86812100732 0.72026820154 0.62157697851 0.55460281508 0.52661983600 0.51016936349 0.49832789145 0.48522249469 0.49781589762 0.49315714429 0.51478720136 0.51784823760 0.52768101646 0.56200684257 0.58430041207 0.64826618702 0.71374672071 0.83195772935 1.11977795947 

---- Expected P_neut(i), 0 < i < n (neutral SFS per site) 
E[P_neut(1)] = 0.0101204656
E[P_neut(2)] = 0.0043930490
E[P_neut(3)] = 0.0024300234
E[P_neut(4)] = 0.0015728847
E[P_neut(5)] = 0.0011228120
E[P_neut(6)] = 0.0008885265
E[P_neut(7)] = 0.0007378676
E[P_neut(8)] = 0.0006307147
E[P_neut(9)] = 0.0005459490
E[P_neut(10)] = 0.0005041694
E[P_neut(11)] = 0.0004541146
E[P_neut(12)] = 0.0004346097
E[P_neut(13)] = 0.0004036764
E[P_neut(14)] = 0.0003821006
E[P_neut(15)] = 0.0003800033
E[P_neut(16)] = 0.0003707391
E[P_neut(17)] = 0.0003877128
E[P_neut(18)] = 0.0004045412
E[P_neut(19)] = 0.0004506239

---- Expected P_sel(i), 0 < i < n (selected SFS per site) 
E[P_sel(1)] = 0.0072442142
E[P_sel(2)] = 0.0028384475
E[P_sel(3)] = 0.0014913701
E[P_sel(4)] = 0.0009342160
E[P_sel(5)] = 0.0006515027
E[P_sel(6)] = 0.0005065274
E[P_sel(7)] = 0.0004148662
E[P_sel(8)] = 0.0003507536
E[P_sel(9)] = 0.0003009914
E[P_sel(10)] = 0.0002760937
E[P_sel(11)] = 0.0002474603
E[P_sel(12)] = 0.0002360806
E[P_sel(13)] = 0.0002189831
E[P_sel(14)] = 0.0002074238
E[P_sel(15)] = 0.0002069308
E[P_sel(16)] = 0.0002031441
E[P_sel(17)] = 0.0002146597
E[P_sel(18)] = 0.0002277325
E[P_sel(19)] = 0.0002610345

---- Expected D_neut and D_sel (neutral and selected divergence per site) 
E[D_neut] = 0.0198659786
E[D_sel] = 0.0125264367

---- Expected neutral and selected misattributed polymorphism per site
E[mis_neut] = 0.0005670348
E[mis_sel] = 0.0003384749

---- alpha_div = 0.240435
---- alpha_dfe = 0.240335

