---- Running command
---- ./polyDFE -d Mmc/329.polyDFE.config.txt -m C -e 
---- Performing inference using model C

---- Performing inference on Mmc/329.polyDFE.config.txt
---- No mutation variability. Using Poisson likelihood.


---- Calculating initial values

-- Starting local optimization
-- Optimizing all parameters
  it        eps_an        lambda     theta_bar           S_d             b           p_b           S_b           r 2           r 3           r 4           r 5           r 6           r 7           r 8           r 9          r 10          r 11          r 12          r 13          r 14          r 15          r 16          r 17          r 18          r 19          r 20           ln lk          grad status 
   0           0.1 0.01928912488 0.01133349434        -20000         0.208           0.1            20 0.87659478070 0.73357132762 0.64735900185 0.58335522117 0.55762973996 0.54091837130 0.53282257105 0.53612260432 0.54938512657 0.56387540240 0.59846199525 0.62020400211 0.66556467435 0.75161302119 0.87224963684 1.11174871611 1.58294577243             1             1 -1120812.044541 23218.6029184   -2 
 913 0.00110530853 0.01933503733 0.01012828283 -74.325818848 0.12548333668 0.02510186387 6.13840878406 0.86607865932 0.72159964602 0.62207853416 0.55669569691 0.52985244557 0.50780690551 0.49237850379 0.48989945632 0.49270335438 0.48776569424 0.51938944353 0.51199456522 0.52431494727 0.56390849734 0.59061527461 0.65142243410 0.70239978446 0.81419781599 1.03321473317 -272.3811406842 0.04845498448   -3 
-- Local optimization: stuck in the same solution
---- Best joint likelihood found -272.381140684257844 with gradient 0.04845

---- Results for Mmc/329.polyDFE.config.txt 
--  Model: C
--        eps_an        lambda     theta_bar             a 
-- 0.00110530853 0.01933503733 0.01012828283            -1 
--           S_d             b           p_b           S_b 
-- -74.325818848 0.12548333668 0.02510186387 6.13840878406 
--           r 2           r 3           r 4           r 5           r 6           r 7           r 8           r 9          r 10          r 11          r 12          r 13          r 14          r 15          r 16          r 17          r 18          r 19          r 20 
-- 0.86607865932 0.72159964602 0.62207853416 0.55669569691 0.52985244557 0.50780690551 0.49237850379 0.48989945632 0.49270335438 0.48776569424 0.51938944353 0.51199456522 0.52431494727 0.56390849734 0.59061527461 0.65142243410 0.70239978446 0.81419781599 1.03321473317 

---- Expected P_neut(i), 0 < i < n (neutral SFS per site) 
E[P_neut(1)] = 0.0101175677
E[P_neut(2)] = 0.0043815338
E[P_neut(3)] = 0.0024339247
E[P_neut(4)] = 0.0015738191
E[P_neut(5)] = 0.0011268487
E[P_neut(6)] = 0.0008938466
E[P_neut(7)] = 0.0007343733
E[P_neut(8)] = 0.0006231641
E[P_neut(9)] = 0.0005512026
E[P_neut(10)] = 0.0004990239
E[P_neut(11)] = 0.0004492247
E[P_neut(12)] = 0.0004385814
E[P_neut(13)] = 0.0003992655
E[P_neut(14)] = 0.0003798844
E[P_neut(15)] = 0.0003815872
E[P_neut(16)] = 0.0003751977
E[P_neut(17)] = 0.0003903691
E[P_neut(18)] = 0.0003996390
E[P_neut(19)] = 0.0004447376

---- Expected P_sel(i), 0 < i < n (selected SFS per site) 
E[P_sel(1)] = 0.0072394338
E[P_sel(2)] = 0.0028281168
E[P_sel(3)] = 0.0014921121
E[P_sel(4)] = 0.0009339303
E[P_sel(5)] = 0.0006535101
E[P_sel(6)] = 0.0005095658
E[P_sel(7)] = 0.0004131699
E[P_sel(8)] = 0.0003470387
E[P_sel(9)] = 0.0003045724
E[P_sel(10)] = 0.0002741549
E[P_sel(11)] = 0.0002458461
E[P_sel(12)] = 0.0002395423
E[P_sel(13)] = 0.0002180554
E[P_sel(14)] = 0.0002078993
E[P_sel(15)] = 0.0002097781
E[P_sel(16)] = 0.0002078295
E[P_sel(17)] = 0.0002187251
E[P_sel(18)] = 0.0002277723
E[P_sel(19)] = 0.0002604907

---- Expected D_neut and D_sel (neutral and selected divergence per site) 
E[D_neut] = 0.0198582719
E[D_sel] = 0.0124781840

---- Expected neutral and selected misattributed polymorphism per site
E[mis_neut] = 0.0005232346
E[mis_sel] = 0.0003144573

---- alpha_div = 0.253742
---- alpha_dfe = 0.253539

