---- Running command
---- ./polyDFE -d Mmc/33.polyDFE.config.txt -m C -e 
---- Performing inference using model C

---- Performing inference on Mmc/33.polyDFE.config.txt
---- No mutation variability. Using Poisson likelihood.


---- Calculating initial values

-- Starting local optimization
-- Optimizing all parameters
  it        eps_an        lambda     theta_bar           S_d             b           p_b           S_b           r 2           r 3           r 4           r 5           r 6           r 7           r 8           r 9          r 10          r 11          r 12          r 13          r 14          r 15          r 16          r 17          r 18          r 19          r 20           ln lk          grad status 
   0           0.1 0.01928885159 0.01135291096        -20000         0.208           0.1            20 0.87480518902 0.73519733643 0.64447521360 0.58107987808 0.56238721253 0.54277737630 0.54224133574 0.53472176230 0.55126954611 0.56345567387 0.60020010157 0.63491647941 0.66887181713 0.74102278233 0.87556595552 1.10527249741 1.58442658259             1             1 -1119150.915700 23218.5570157   -2 
 324 0.00549505644 0.01934367297 0.01019518571 -83.503997851 0.11618341344 0.00878031548 15.6858509014 0.86389889643 0.71934225493 0.61891621022 0.55310694829 0.53112697198 0.50867147807 0.49541615092 0.48368696366 0.49386701251 0.48720592593 0.51677348467 0.51905671222 0.52227557756 0.54752842123 0.58650770699 0.63225683437 0.67894013356 0.72924331785 1.00487352031 -275.8159440332 0.29336240058   -3 
-- Local optimization: stuck in the same solution
---- Best joint likelihood found -275.815944033267442 with gradient 0.29336

---- Results for Mmc/33.polyDFE.config.txt 
--  Model: C
--        eps_an        lambda     theta_bar             a 
-- 0.00549505644 0.01934367297 0.01019518571            -1 
--           S_d             b           p_b           S_b 
-- -83.503997851 0.11618341344 0.00878031548 15.6858509014 
--           r 2           r 3           r 4           r 5           r 6           r 7           r 8           r 9          r 10          r 11          r 12          r 13          r 14          r 15          r 16          r 17          r 18          r 19          r 20 
-- 0.86389889643 0.71934225493 0.61891621022 0.55310694829 0.53112697198 0.50867147807 0.49541615092 0.48368696366 0.49386701251 0.48720592593 0.51677348467 0.51905671222 0.52227557756 0.54752842123 0.58650770699 0.63225683437 0.67894013356 0.72924331785 1.00487352031 

---- Expected P_neut(i), 0 < i < n (neutral SFS per site) 
E[P_neut(1)] = 0.0101413128
E[P_neut(2)] = 0.0043817188
E[P_neut(3)] = 0.0024332596
E[P_neut(4)] = 0.0015708766
E[P_neut(5)] = 0.0011236532
E[P_neut(6)] = 0.0008996204
E[P_neut(7)] = 0.0007390230
E[P_neut(8)] = 0.0006303007
E[P_neut(9)] = 0.0005473903
E[P_neut(10)] = 0.0005035066
E[P_neut(11)] = 0.0004520890
E[P_neut(12)] = 0.0004401069
E[P_neut(13)] = 0.0004089019
E[P_neut(14)] = 0.0003832047
E[P_neut(15)] = 0.0003762960
E[P_neut(16)] = 0.0003803370
E[P_neut(17)] = 0.0003905247
E[P_neut(18)] = 0.0004066372
E[P_neut(19)] = 0.0004451766

---- Expected P_sel(i), 0 < i < n (selected SFS per site) 
E[P_sel(1)] = 0.0072387287
E[P_sel(2)] = 0.0028293320
E[P_sel(3)] = 0.0014939835
E[P_sel(4)] = 0.0009337693
E[P_sel(5)] = 0.0006524953
E[P_sel(6)] = 0.0005130891
E[P_sel(7)] = 0.0004154785
E[P_sel(8)] = 0.0003502245
E[P_sel(9)] = 0.0003012378
E[P_sel(10)] = 0.0002749051
E[P_sel(11)] = 0.0002452744
E[P_sel(12)] = 0.0002376247
E[P_sel(13)] = 0.0002200646
E[P_sel(14)] = 0.0002059453
E[P_sel(15)] = 0.0002023980
E[P_sel(16)] = 0.0002053948
E[P_sel(17)] = 0.0002128300
E[P_sel(18)] = 0.0002259551
E[P_sel(19)] = 0.0002604035

---- Expected D_neut and D_sel (neutral and selected divergence per site) 
E[D_neut] = 0.0198559166
E[D_sel] = 0.0125146541

---- Expected neutral and selected misattributed polymorphism per site
E[mis_neut] = 0.0005122436
E[mis_sel] = 0.0002998015

---- alpha_div = 0.219400
---- alpha_dfe = 0.219440

