---- Running command
---- ./polyDFE -d Mmc/330.polyDFE.config.txt -m C -e 
---- Performing inference using model C

---- Performing inference on Mmc/330.polyDFE.config.txt
---- No mutation variability. Using Poisson likelihood.


---- Calculating initial values

-- Starting local optimization
-- Optimizing all parameters
  it        eps_an        lambda     theta_bar           S_d             b           p_b           S_b           r 2           r 3           r 4           r 5           r 6           r 7           r 8           r 9          r 10          r 11          r 12          r 13          r 14          r 15          r 16          r 17          r 18          r 19          r 20           ln lk          grad status 
   0           0.1 0.01926607363 0.01134910851        -20000         0.208           0.1            20 0.87493121467 0.73398188345 0.64324213107 0.58192399806 0.55387806885 0.53527249764 0.53894019343 0.53359995935 0.55255124346 0.56249978591 0.58948032501 0.62616737046 0.66548301947 0.75122984447 0.86851946087 1.10972018639 1.58445571936             1             1 -1115245.605474 23145.6248241   -2 
1165 0.00057198641 0.01923855098 0.01013277483 -76.222530454 0.12391972842 0.02379019773 6.55164073439 0.86668326711 0.71996212208 0.61869583488 0.55585914568 0.52807374671 0.50475500709 0.49699049676 0.48496879418 0.49831123272 0.48566278520 0.51132640484 0.51756493376 0.52639963216 0.55938381029 0.59457499419 0.65127750035 0.71397747073 0.82644351518 1.17743435705 -280.4620027345 0.01340996747   -3 
-- Local optimization: stuck in the same solution
---- Best joint likelihood found -280.462002734551788 with gradient 0.01341

---- Results for Mmc/330.polyDFE.config.txt 
--  Model: C
--        eps_an        lambda     theta_bar             a 
-- 0.00057198641 0.01923855098 0.01013277483            -1 
--           S_d             b           p_b           S_b 
-- -76.222530454 0.12391972842 0.02379019773 6.55164073439 
--           r 2           r 3           r 4           r 5           r 6           r 7           r 8           r 9          r 10          r 11          r 12          r 13          r 14          r 15          r 16          r 17          r 18          r 19          r 20 
-- 0.86668326711 0.71996212208 0.61869583488 0.55585914568 0.52807374671 0.50475500709 0.49699049676 0.48496879418 0.49831123272 0.48566278520 0.51132640484 0.51756493376 0.52639963216 0.55938381029 0.59457499419 0.65127750035 0.71397747073 0.82644351518 1.17743435705 

---- Expected P_neut(i), 0 < i < n (neutral SFS per site) 
E[P_neut(1)] = 0.0101272311
E[P_neut(2)] = 0.0043886715
E[P_neut(3)] = 0.0024305691
E[P_neut(4)] = 0.0015665953
E[P_neut(5)] = 0.0011260509
E[P_neut(6)] = 0.0008915165
E[P_neut(7)] = 0.0007304655
E[P_neut(8)] = 0.0006293735
E[P_neut(9)] = 0.0005459524
E[P_neut(10)] = 0.0005049276
E[P_neut(11)] = 0.0004474302
E[P_neut(12)] = 0.0004318760
E[P_neut(13)] = 0.0004036002
E[P_neut(14)] = 0.0003812842
E[P_neut(15)] = 0.0003783022
E[P_neut(16)] = 0.0003772245
E[P_neut(17)] = 0.0003893600
E[P_neut(18)] = 0.0004042024
E[P_neut(19)] = 0.0004462893

---- Expected P_sel(i), 0 < i < n (selected SFS per site) 
E[P_sel(1)] = 0.0072427993
E[P_sel(2)] = 0.0028333799
E[P_sel(3)] = 0.0014910331
E[P_sel(4)] = 0.0009304884
E[P_sel(5)] = 0.0006537426
E[P_sel(6)] = 0.0005088255
E[P_sel(7)] = 0.0004114669
E[P_sel(8)] = 0.0003509250
E[P_sel(9)] = 0.0003020362
E[P_sel(10)] = 0.0002777245
E[P_sel(11)] = 0.0002451393
E[P_sel(12)] = 0.0002361301
E[P_sel(13)] = 0.0002206402
E[P_sel(14)] = 0.0002088561
E[P_sel(15)] = 0.0002081505
E[P_sel(16)] = 0.0002091231
E[P_sel(17)] = 0.0002183376
E[P_sel(18)] = 0.0002305373
E[P_sel(19)] = 0.0002613001

---- Expected D_neut and D_sel (neutral and selected divergence per site) 
E[D_neut] = 0.0198350848
E[D_sel] = 0.0125391092

---- Expected neutral and selected misattributed polymorphism per site
E[mis_neut] = 0.0005965339
E[mis_sel] = 0.0003598118

---- alpha_div = 0.254030
---- alpha_dfe = 0.253899

