---- Running command
---- ./polyDFE -d Mmc/331.polyDFE.config.txt -m C -e 
---- Performing inference using model C

---- Performing inference on Mmc/331.polyDFE.config.txt
---- No mutation variability. Using Poisson likelihood.


---- Calculating initial values

-- Starting local optimization
-- Optimizing all parameters
  it        eps_an        lambda     theta_bar           S_d             b           p_b           S_b           r 2           r 3           r 4           r 5           r 6           r 7           r 8           r 9          r 10          r 11          r 12          r 13          r 14          r 15          r 16          r 17          r 18          r 19          r 20           ln lk          grad status 
   0           0.1 0.01929999346 0.01138012852        -20000         0.208           0.1            20 0.86996611523 0.73497150359 0.64356874483 0.57991093379 0.56049128624 0.54171428606 0.53152767940 0.52788376821 0.56284815400 0.55193519775 0.59785094826 0.62555088644 0.66506851219 0.74950855067 0.87125161520 1.10696136019 1.56735904660             1             1 -1116687.000583 23177.8771986   -2 
 314 0.00530632187 0.01935794602 0.01022586041 -98.650241205 0.10789226270 0.00339161391 36.7498321754 0.85675482163 0.71688924441 0.61511516531 0.54982984163 0.52370482722 0.50550972697 0.48757850527 0.48235607086 0.49833492030 0.48060697538 0.51398950619 0.51430255031 0.52268509653 0.55560018404 0.58541645327 0.63706267506 0.67608424865 0.74069708581 1.00059553332 -296.3666787629 2.01842443868   -3 
-- Local optimization: stuck in the same solution
---- Best joint likelihood found -296.366678762948141 with gradient 2.01842

---- Results for Mmc/331.polyDFE.config.txt 
--  Model: C
--        eps_an        lambda     theta_bar             a 
-- 0.00530632187 0.01935794602 0.01022586041            -1 
--           S_d             b           p_b           S_b 
-- -98.650241205 0.10789226270 0.00339161391 36.7498321754 
--           r 2           r 3           r 4           r 5           r 6           r 7           r 8           r 9          r 10          r 11          r 12          r 13          r 14          r 15          r 16          r 17          r 18          r 19          r 20 
-- 0.85675482163 0.71688924441 0.61511516531 0.54982984163 0.52370482722 0.50550972697 0.48757850527 0.48235607086 0.49833492030 0.48060697538 0.51398950619 0.51430255031 0.52268509653 0.55560018404 0.58541645327 0.63706267506 0.67608424865 0.74069708581 1.00059553332 

---- Expected P_neut(i), 0 < i < n (neutral SFS per site) 
E[P_neut(1)] = 0.0101737140
E[P_neut(2)] = 0.0043593212
E[P_neut(3)] = 0.0024326700
E[P_neut(4)] = 0.0015661615
E[P_neut(5)] = 0.0011205396
E[P_neut(6)] = 0.0008898451
E[P_neut(7)] = 0.0007366956
E[P_neut(8)] = 0.0006222558
E[P_neut(9)] = 0.0005475188
E[P_neut(10)] = 0.0005095903
E[P_neut(11)] = 0.0004473210
E[P_neut(12)] = 0.0004389817
E[P_neut(13)] = 0.0004063246
E[P_neut(14)] = 0.0003844893
E[P_neut(15)] = 0.0003827231
E[P_neut(16)] = 0.0003805081
E[P_neut(17)] = 0.0003941398
E[P_neut(18)] = 0.0004052921
E[P_neut(19)] = 0.0004507919

---- Expected P_sel(i), 0 < i < n (selected SFS per site) 
E[P_sel(1)] = 0.0072465471
E[P_sel(2)] = 0.0028217117
E[P_sel(3)] = 0.0015010145
E[P_sel(4)] = 0.0009369184
E[P_sel(5)] = 0.0006553840
E[P_sel(6)] = 0.0005113872
E[P_sel(7)] = 0.0004173696
E[P_sel(8)] = 0.0003483593
E[P_sel(9)] = 0.0003034420
E[P_sel(10)] = 0.0002799925
E[P_sel(11)] = 0.0002439768
E[P_sel(12)] = 0.0002379468
E[P_sel(13)] = 0.0002191413
E[P_sel(14)] = 0.0002065909
E[P_sel(15)] = 0.0002051935
E[P_sel(16)] = 0.0002040518
E[P_sel(17)] = 0.0002122753
E[P_sel(18)] = 0.0002213468
E[P_sel(19)] = 0.0002582273

---- Expected D_neut and D_sel (neutral and selected divergence per site) 
E[D_neut] = 0.0198695435
E[D_sel] = 0.0125337986

---- Expected neutral and selected misattributed polymorphism per site
E[mis_neut] = 0.0005115975
E[mis_sel] = 0.0002916612

---- alpha_div = 0.197364
---- alpha_dfe = 0.197320

