---- Running command
---- ./polyDFE -d Mmc/332.polyDFE.config.txt -m C -e 
---- Performing inference using model C

---- Performing inference on Mmc/332.polyDFE.config.txt
---- No mutation variability. Using Poisson likelihood.


---- Calculating initial values

-- Starting local optimization
-- Optimizing all parameters
  it        eps_an        lambda     theta_bar           S_d             b           p_b           S_b           r 2           r 3           r 4           r 5           r 6           r 7           r 8           r 9          r 10          r 11          r 12          r 13          r 14          r 15          r 16          r 17          r 18          r 19          r 20           ln lk          grad status 
   0           0.1 0.01926206997 0.01134270423        -20000         0.208           0.1            20 0.87224057969 0.73599887329 0.64802737077 0.58643886656 0.56427207309 0.54416592624 0.53762363731 0.53455126013 0.55015156882 0.55760776145 0.59548901778 0.62073207898 0.67020190671 0.75057529127 0.87184683314 1.11673725663 1.58144933601             1             1 -1115118.216664 23136.8431463   -2 
1128 0.00047774645 0.01926875394 0.01012183561 -78.353784159 0.12218580639 0.02104812947 7.21719107436 0.86617487792 0.72275710276 0.62287066466 0.56139779553 0.53152591340 0.51123046422 0.49570467630 0.49118528617 0.49469931799 0.48716152537 0.51502372700 0.51427768306 0.52791473838 0.56135470523 0.59412835790 0.65727970673 0.71570504473 0.83023522955 1.10913759798 -280.0511546312 0.06976637648   -8 
-- Local optimization: reached maximum number of likelihood evaluations allowed.
---- Best joint likelihood found -280.051154631291865 with gradient 0.06977

---- Results for Mmc/332.polyDFE.config.txt 
--  Model: C
--        eps_an        lambda     theta_bar             a 
-- 0.00047774645 0.01926875394 0.01012183561            -1 
--           S_d             b           p_b           S_b 
-- -78.353784159 0.12218580639 0.02104812947 7.21719107436 
--           r 2           r 3           r 4           r 5           r 6           r 7           r 8           r 9          r 10          r 11          r 12          r 13          r 14          r 15          r 16          r 17          r 18          r 19          r 20 
-- 0.86617487792 0.72275710276 0.62287066466 0.56139779553 0.53152591340 0.51123046422 0.49570467630 0.49118528617 0.49469931799 0.48716152537 0.51502372700 0.51427768306 0.52791473838 0.56135470523 0.59412835790 0.65727970673 0.71570504473 0.83023522955 1.10913759798 

---- Expected P_neut(i), 0 < i < n (neutral SFS per site) 
E[P_neut(1)] = 0.0101172112
E[P_neut(2)] = 0.0043817379
E[P_neut(3)] = 0.0024375648
E[P_neut(4)] = 0.0015755752
E[P_neut(5)] = 0.0011361133
E[P_neut(6)] = 0.0008964236
E[P_neut(7)] = 0.0007390654
E[P_neut(8)] = 0.0006270881
E[P_neut(9)] = 0.0005523610
E[P_neut(10)] = 0.0005007265
E[P_neut(11)] = 0.0004483197
E[P_neut(12)] = 0.0004345076
E[P_neut(13)] = 0.0004005799
E[P_neut(14)] = 0.0003819222
E[P_neut(15)] = 0.0003791580
E[P_neut(16)] = 0.0003764278
E[P_neut(17)] = 0.0003923238
E[P_neut(18)] = 0.0004043603
E[P_neut(19)] = 0.0004469141

---- Expected P_sel(i), 0 < i < n (selected SFS per site) 
E[P_sel(1)] = 0.0072282290
E[P_sel(2)] = 0.0028275043
E[P_sel(3)] = 0.0014949723
E[P_sel(4)] = 0.0009356827
E[P_sel(5)] = 0.0006594748
E[P_sel(6)] = 0.0005114946
E[P_sel(7)] = 0.0004161419
E[P_sel(8)] = 0.0003494380
E[P_sel(9)] = 0.0003053194
E[P_sel(10)] = 0.0002750954
E[P_sel(11)] = 0.0002452578
E[P_sel(12)] = 0.0002371187
E[P_sel(13)] = 0.0002184774
E[P_sel(14)] = 0.0002086147
E[P_sel(15)] = 0.0002079232
E[P_sel(16)] = 0.0002078709
E[P_sel(17)] = 0.0002190333
E[P_sel(18)] = 0.0002295278
E[P_sel(19)] = 0.0002604183

---- Expected D_neut and D_sel (neutral and selected divergence per site) 
E[D_neut] = 0.0198300794
E[D_sel] = 0.0125144704

---- Expected neutral and selected misattributed polymorphism per site
E[mis_neut] = 0.0005613254
E[mis_sel] = 0.0003372188

---- alpha_div = 0.246744
---- alpha_dfe = 0.246671

