---- Running command
---- ./polyDFE -d Mmc/333.polyDFE.config.txt -m C -e 
---- Performing inference using model C

---- Performing inference on Mmc/333.polyDFE.config.txt
---- No mutation variability. Using Poisson likelihood.


---- Calculating initial values

-- Starting local optimization
-- Optimizing all parameters
  it        eps_an        lambda     theta_bar           S_d             b           p_b           S_b           r 2           r 3           r 4           r 5           r 6           r 7           r 8           r 9          r 10          r 11          r 12          r 13          r 14          r 15          r 16          r 17          r 18          r 19          r 20           ln lk          grad status 
   0           0.1 0.01926964671 0.01133090802        -20000         0.208           0.1            20 0.87072894679 0.73704057542 0.64182734612 0.58507591872 0.56517090901 0.54121928622 0.53710002630 0.53341497749 0.55316106294 0.55978173350 0.60065097089 0.62804884277 0.66229643420 0.75811532941 0.86220921142 1.10258513958 1.59453562320             1             1 -1117950.482993 23155.2484724   -2 
 905 0.00120973194 0.01932388344 0.01011774949 -71.469414344 0.12413453922 0.01995933858 7.55802111560 0.86522643661 0.72237324024 0.61963404084 0.55765669779 0.53140993887 0.51007522358 0.49824569724 0.48674197398 0.49764397043 0.48801549385 0.51871293263 0.51942964801 0.52405338944 0.56022452315 0.58879101736 0.64432202457 0.71857391145 0.82696232163 1.01538800205 -286.3534476761 0.10493166966   -3 
-- Local optimization: stuck in the same solution
---- Best joint likelihood found -286.353447676112410 with gradient 0.10493

---- Results for Mmc/333.polyDFE.config.txt 
--  Model: C
--        eps_an        lambda     theta_bar             a 
-- 0.00120973194 0.01932388344 0.01011774949            -1 
--           S_d             b           p_b           S_b 
-- -71.469414344 0.12413453922 0.01995933858 7.55802111560 
--           r 2           r 3           r 4           r 5           r 6           r 7           r 8           r 9          r 10          r 11          r 12          r 13          r 14          r 15          r 16          r 17          r 18          r 19          r 20 
-- 0.86522643661 0.72237324024 0.61963404084 0.55765669779 0.53140993887 0.51007522358 0.49824569724 0.48674197398 0.49764397043 0.48801549385 0.51871293263 0.51942964801 0.52405338944 0.56022452315 0.58879101736 0.64432202457 0.71857391145 0.82696232163 1.01538800205 

---- Expected P_neut(i), 0 < i < n (neutral SFS per site) 
E[P_neut(1)] = 0.0101060425
E[P_neut(2)] = 0.0043722657
E[P_neut(3)] = 0.0024337805
E[P_neut(4)] = 0.0015658799
E[P_neut(5)] = 0.0011275382
E[P_neut(6)] = 0.0008954862
E[P_neut(7)] = 0.0007368562
E[P_neut(8)] = 0.0006299074
E[P_neut(9)] = 0.0005470737
E[P_neut(10)] = 0.0005035037
E[P_neut(11)] = 0.0004489933
E[P_neut(12)] = 0.0004375839
E[P_neut(13)] = 0.0004046689
E[P_neut(14)] = 0.0003793574
E[P_neut(15)] = 0.0003787887
E[P_neut(16)] = 0.0003737731
E[P_neut(17)] = 0.0003859591
E[P_neut(18)] = 0.0004087148
E[P_neut(19)] = 0.0004520753

---- Expected P_sel(i), 0 < i < n (selected SFS per site) 
E[P_sel(1)] = 0.0072617517
E[P_sel(2)] = 0.0028349457
E[P_sel(3)] = 0.0014985372
E[P_sel(4)] = 0.0009329837
E[P_sel(5)] = 0.0006563040
E[P_sel(6)] = 0.0005121400
E[P_sel(7)] = 0.0004156890
E[P_sel(8)] = 0.0003515481
E[P_sel(9)] = 0.0003027554
E[P_sel(10)] = 0.0002768560
E[P_sel(11)] = 0.0002457542
E[P_sel(12)] = 0.0002388442
E[P_sel(13)] = 0.0002206806
E[P_sel(14)] = 0.0002071253
E[P_sel(15)] = 0.0002075725
E[P_sel(16)] = 0.0002062139
E[P_sel(17)] = 0.0002152726
E[P_sel(18)] = 0.0002318886
E[P_sel(19)] = 0.0002640864

---- Expected D_neut and D_sel (neutral and selected divergence per site) 
E[D_neut] = 0.0198375555
E[D_sel] = 0.0125202390

---- Expected neutral and selected misattributed polymorphism per site
E[mis_neut] = 0.0005136721
E[mis_sel] = 0.0003081988

---- alpha_div = 0.244575
---- alpha_dfe = 0.244452

