---- Running command
---- ./polyDFE -d Mmc/334.polyDFE.config.txt -m C -e 
---- Performing inference using model C

---- Performing inference on Mmc/334.polyDFE.config.txt
---- No mutation variability. Using Poisson likelihood.


---- Calculating initial values

-- Starting local optimization
-- Optimizing all parameters
  it        eps_an        lambda     theta_bar           S_d             b           p_b           S_b           r 2           r 3           r 4           r 5           r 6           r 7           r 8           r 9          r 10          r 11          r 12          r 13          r 14          r 15          r 16          r 17          r 18          r 19          r 20           ln lk          grad status 
   0           0.1 0.01927126659 0.01135580789        -20000         0.208           0.1            20 0.87220591877 0.73430508207 0.64250770639 0.58293467152 0.55786395972 0.53325782403 0.53452545614 0.53239329233 0.55047171496 0.55521870494 0.59623775005 0.62508005802 0.66798134122 0.75060387720 0.86513380000 1.10390800173 1.57708647503             1             1 -1115658.372763 23134.2020074   -2 
 732 0.00174763957 0.01924153021 0.01014826951 -79.537620943 0.12096109623 0.02030153048 7.37526474204 0.86436774213 0.71968870582 0.61920799311 0.55573279189 0.53092061124 0.50246599811 0.49440454794 0.48767682027 0.49171779802 0.48521863899 0.51456564210 0.51130708262 0.52608221898 0.55581196229 0.58722547369 0.64408277090 0.69897530317 0.80257595324 1.17976196894 -269.8664599121 0.09694961721   -8 
-- Local optimization: reached maximum number of likelihood evaluations allowed.
---- Best joint likelihood found -269.866459912183927 with gradient 0.09695

---- Results for Mmc/334.polyDFE.config.txt 
--  Model: C
--        eps_an        lambda     theta_bar             a 
-- 0.00174763957 0.01924153021 0.01014826951            -1 
--           S_d             b           p_b           S_b 
-- -79.537620943 0.12096109623 0.02030153048 7.37526474204 
--           r 2           r 3           r 4           r 5           r 6           r 7           r 8           r 9          r 10          r 11          r 12          r 13          r 14          r 15          r 16          r 17          r 18          r 19          r 20 
-- 0.86436774213 0.71968870582 0.61920799311 0.55573279189 0.53092061124 0.50246599811 0.49440454794 0.48767682027 0.49171779802 0.48521863899 0.51456564210 0.51130708262 0.52608221898 0.55581196229 0.58722547369 0.64408277090 0.69897530317 0.80257595324 1.17976196894 

---- Expected P_neut(i), 0 < i < n (neutral SFS per site) 
E[P_neut(1)] = 0.0101312832
E[P_neut(2)] = 0.0043789421
E[P_neut(3)] = 0.0024309489
E[P_neut(4)] = 0.0015688778
E[P_neut(5)] = 0.0011266312
E[P_neut(6)] = 0.0008970847
E[P_neut(7)] = 0.0007278760
E[P_neut(8)] = 0.0006268333
E[P_neut(9)] = 0.0005497186
E[P_neut(10)] = 0.0004990085
E[P_neut(11)] = 0.0004478268
E[P_neut(12)] = 0.0004354981
E[P_neut(13)] = 0.0003997203
E[P_neut(14)] = 0.0003822475
E[P_neut(15)] = 0.0003773494
E[P_neut(16)] = 0.0003745522
E[P_neut(17)] = 0.0003880725
E[P_neut(18)] = 0.0004010535
E[P_neut(19)] = 0.0004456578

---- Expected P_sel(i), 0 < i < n (selected SFS per site) 
E[P_sel(1)] = 0.0072406826
E[P_sel(2)] = 0.0028285553
E[P_sel(3)] = 0.0014929738
E[P_sel(4)] = 0.0009331961
E[P_sel(5)] = 0.0006551051
E[P_sel(6)] = 0.0005128019
E[P_sel(7)] = 0.0004106039
E[P_sel(8)] = 0.0003499504
E[P_sel(9)] = 0.0003044248
E[P_sel(10)] = 0.0002746529
E[P_sel(11)] = 0.0002454229
E[P_sel(12)] = 0.0002380630
E[P_sel(13)] = 0.0002183595
E[P_sel(14)] = 0.0002091083
E[P_sel(15)] = 0.0002072240
E[P_sel(16)] = 0.0002071196
E[P_sel(17)] = 0.0002169876
E[P_sel(18)] = 0.0002281920
E[P_sel(19)] = 0.0002613918

---- Expected D_neut and D_sel (neutral and selected divergence per site) 
E[D_neut] = 0.0198401573
E[D_sel] = 0.0125193995

---- Expected neutral and selected misattributed polymorphism per site
E[mis_neut] = 0.0005986271
E[mis_sel] = 0.0003596133

---- alpha_div = 0.242991
---- alpha_dfe = 0.242897

