---- Running command
---- ./polyDFE -d Mmc/335.polyDFE.config.txt -m C -e 
---- Performing inference using model C

---- Performing inference on Mmc/335.polyDFE.config.txt
---- No mutation variability. Using Poisson likelihood.


---- Calculating initial values

-- Starting local optimization
-- Optimizing all parameters
  it        eps_an        lambda     theta_bar           S_d             b           p_b           S_b           r 2           r 3           r 4           r 5           r 6           r 7           r 8           r 9          r 10          r 11          r 12          r 13          r 14          r 15          r 16          r 17          r 18          r 19          r 20           ln lk          grad status 
   0           0.1 0.01929830514 0.01135896978        -20000         0.208           0.1            20 0.86826580709 0.73614063456 0.64725363544 0.57937671135 0.56047381856 0.53639624485 0.53998216785 0.52394210434 0.55502943310 0.55867647034 0.58993520432 0.62564680461 0.66856097671 0.75348238643 0.86570680254 1.11739573936 1.57095531728             1             1 -1118742.365491 23197.9183853   -2 
1085 0.00103850440 0.01932919980 0.01014317542 -82.657598766 0.11940956534 0.02166751360 6.81287378245 0.86163113620 0.72259673979 0.62229493574 0.55126048589 0.53126692074 0.50549390248 0.49612858522 0.48281275477 0.49644398861 0.48866054829 0.51558191019 0.51804937937 0.52230425365 0.56406032224 0.58810299494 0.64946744011 0.70633873779 0.81795120949 1.06239772297 -295.3660146781 0.05629577274   -8 
-- Local optimization: reached maximum number of likelihood evaluations allowed.
---- Best joint likelihood found -295.366014678133070 with gradient 0.05630

---- Results for Mmc/335.polyDFE.config.txt 
--  Model: C
--        eps_an        lambda     theta_bar             a 
-- 0.00103850440 0.01932919980 0.01014317542            -1 
--           S_d             b           p_b           S_b 
-- -82.657598766 0.11940956534 0.02166751360 6.81287378245 
--           r 2           r 3           r 4           r 5           r 6           r 7           r 8           r 9          r 10          r 11          r 12          r 13          r 14          r 15          r 16          r 17          r 18          r 19          r 20 
-- 0.86163113620 0.72259673979 0.62229493574 0.55126048589 0.53126692074 0.50549390248 0.49612858522 0.48281275477 0.49644398861 0.48866054829 0.51558191019 0.51804937937 0.52230425365 0.56406032224 0.58810299494 0.64946744011 0.70633873779 0.81795120949 1.06239772297 

---- Expected P_neut(i), 0 < i < n (neutral SFS per site) 
E[P_neut(1)] = 0.0101330952
E[P_neut(2)] = 0.0043657131
E[P_neut(3)] = 0.0024410070
E[P_neut(4)] = 0.0015767601
E[P_neut(5)] = 0.0011175411
E[P_neut(6)] = 0.0008975825
E[P_neut(7)] = 0.0007321324
E[P_neut(8)] = 0.0006288392
E[P_neut(9)] = 0.0005440422
E[P_neut(10)] = 0.0005035518
E[P_neut(11)] = 0.0004506944
E[P_neut(12)] = 0.0004360038
E[P_neut(13)] = 0.0004045460
E[P_neut(14)] = 0.0003789557
E[P_neut(15)] = 0.0003821894
E[P_neut(16)] = 0.0003740786
E[P_neut(17)] = 0.0003896443
E[P_neut(18)] = 0.0004021535
E[P_neut(19)] = 0.0004467446

---- Expected P_sel(i), 0 < i < n (selected SFS per site) 
E[P_sel(1)] = 0.0072386275
E[P_sel(2)] = 0.0028220974
E[P_sel(3)] = 0.0015014716
E[P_sel(4)] = 0.0009398843
E[P_sel(5)] = 0.0006515074
E[P_sel(6)] = 0.0005146221
E[P_sel(7)] = 0.0004143857
E[P_sel(8)] = 0.0003523561
E[P_sel(9)] = 0.0003024740
E[P_sel(10)] = 0.0002783277
E[P_sel(11)] = 0.0002481053
E[P_sel(12)] = 0.0002394695
E[P_sel(13)] = 0.0002220908
E[P_sel(14)] = 0.0002083706
E[P_sel(15)] = 0.0002109787
E[P_sel(16)] = 0.0002079311
E[P_sel(17)] = 0.0002189260
E[P_sel(18)] = 0.0002296839
E[P_sel(19)] = 0.0002620852

---- Expected D_neut and D_sel (neutral and selected divergence per site) 
E[D_neut] = 0.0198680041
E[D_sel] = 0.0125246326

---- Expected neutral and selected misattributed polymorphism per site
E[mis_neut] = 0.0005388043
E[mis_sel] = 0.0003244232

---- alpha_div = 0.240832
---- alpha_dfe = 0.240683

