---- Running command
---- ./polyDFE -d Mmc/336.polyDFE.config.txt -m C -e 
---- Performing inference using model C

---- Performing inference on Mmc/336.polyDFE.config.txt
---- No mutation variability. Using Poisson likelihood.


---- Calculating initial values

-- Starting local optimization
-- Optimizing all parameters
  it        eps_an        lambda     theta_bar           S_d             b           p_b           S_b           r 2           r 3           r 4           r 5           r 6           r 7           r 8           r 9          r 10          r 11          r 12          r 13          r 14          r 15          r 16          r 17          r 18          r 19          r 20           ln lk          grad status 
   0           0.1 0.01933399289 0.01137627240        -20000         0.208           0.1            20 0.87422527835 0.73478214529 0.64295131720 0.58585787072 0.55772330341 0.53905486270 0.53518808038 0.53084145903 0.54556678365 0.55841785775 0.59106842689 0.62134159310 0.67153422309 0.75277138301 0.86003458757 1.10392238422 1.56962764109             1             1 -1120951.905756 23262.4800807   -2 
 704 0.00091243475 0.01935892527 0.01015977665 -81.669738671 0.12318884037 0.02827183467 5.48886576585 0.86665483360 0.71900552954 0.62221056198 0.55910685060 0.52747714831 0.50908690168 0.49304308175 0.48722564079 0.49349899745 0.48639549367 0.50847810464 0.50829752865 0.52685318402 0.56004769330 0.58559503373 0.64901005000 0.69679058401 0.81425425559 1.07572534557 -279.4541021119 0.05320717136   -8 
-- Local optimization: reached maximum number of likelihood evaluations allowed.
---- Best joint likelihood found -279.454102111994871 with gradient 0.05321

---- Results for Mmc/336.polyDFE.config.txt 
--  Model: C
--        eps_an        lambda     theta_bar             a 
-- 0.00091243475 0.01935892527 0.01015977665            -1 
--           S_d             b           p_b           S_b 
-- -81.669738671 0.12318884037 0.02827183467 5.48886576585 
--           r 2           r 3           r 4           r 5           r 6           r 7           r 8           r 9          r 10          r 11          r 12          r 13          r 14          r 15          r 16          r 17          r 18          r 19          r 20 
-- 0.86665483360 0.71900552954 0.62221056198 0.55910685060 0.52747714831 0.50908690168 0.49304308175 0.48722564079 0.49349899745 0.48639549367 0.50847810464 0.50829752865 0.52685318402 0.56004769330 0.58559503373 0.64901005000 0.69679058401 0.81425425559 1.07572534557 

---- Expected P_neut(i), 0 < i < n (neutral SFS per site) 
E[P_neut(1)] = 0.0101509038
E[P_neut(2)] = 0.0043988516
E[P_neut(3)] = 0.0024331107
E[P_neut(4)] = 0.0015792774
E[P_neut(5)] = 0.0011353897
E[P_neut(6)] = 0.0008927089
E[P_neut(7)] = 0.0007385753
E[P_neut(8)] = 0.0006259724
E[P_neut(9)] = 0.0005499196
E[P_neut(10)] = 0.0005013840
E[P_neut(11)] = 0.0004493346
E[P_neut(12)] = 0.0004306805
E[P_neut(13)] = 0.0003975571
E[P_neut(14)] = 0.0003828026
E[P_neut(15)] = 0.0003800211
E[P_neut(16)] = 0.0003729474
E[P_neut(17)] = 0.0003897383
E[P_neut(18)] = 0.0003969491
E[P_neut(19)] = 0.0004442750

---- Expected P_sel(i), 0 < i < n (selected SFS per site) 
E[P_sel(1)] = 0.0072312934
E[P_sel(2)] = 0.0028314276
E[P_sel(3)] = 0.0014894089
E[P_sel(4)] = 0.0009367113
E[P_sel(5)] = 0.0006586809
E[P_sel(6)] = 0.0005094511
E[P_sel(7)] = 0.0004162436
E[P_sel(8)] = 0.0003494144
E[P_sel(9)] = 0.0003047520
E[P_sel(10)] = 0.0002764172
E[P_sel(11)] = 0.0002469088
E[P_sel(12)] = 0.0002363183
E[P_sel(13)] = 0.0002182480
E[P_sel(14)] = 0.0002106902
E[P_sel(15)] = 0.0002102045
E[P_sel(16)] = 0.0002079279
E[P_sel(17)] = 0.0002198213
E[P_sel(18)] = 0.0002276636
E[P_sel(19)] = 0.0002614026

---- Expected D_neut and D_sel (neutral and selected divergence per site) 
E[D_neut] = 0.0199053817
E[D_sel] = 0.0125202433

---- Expected neutral and selected misattributed polymorphism per site
E[mis_neut] = 0.0005464565
E[mis_sel] = 0.0003298596

---- alpha_div = 0.257234
---- alpha_dfe = 0.257020

