---- Running command
---- ./polyDFE -d Mmc/337.polyDFE.config.txt -m C -e 
---- Performing inference using model C

---- Performing inference on Mmc/337.polyDFE.config.txt
---- No mutation variability. Using Poisson likelihood.


---- Calculating initial values

-- Starting local optimization
-- Optimizing all parameters
  it        eps_an        lambda     theta_bar           S_d             b           p_b           S_b           r 2           r 3           r 4           r 5           r 6           r 7           r 8           r 9          r 10          r 11          r 12          r 13          r 14          r 15          r 16          r 17          r 18          r 19          r 20           ln lk          grad status 
   0           0.1 0.01926702691 0.01137435632        -20000         0.208           0.1            20 0.87179505947 0.73754688407 0.64182106924 0.58085407928 0.54948569015 0.53625580530 0.54163904094 0.53350322011 0.55346388998 0.55557099304 0.59902572279 0.62199436887 0.66711014019 0.75666899110 0.86288532411 1.11847208370 1.58906275035             1             1 -1115980.396673 23189.3692831   -2 
1498 0.00047732096 0.01918909142 0.01016105322 -89.110834320 0.11471572208 0.01152814071 12.1613335502 0.86165072678 0.72069087614 0.61953520901 0.55527437812 0.52396525173 0.50511901889 0.49688040837 0.48523862060 0.49684963788 0.48629272069 0.51673382194 0.51787083166 0.52760344668 0.56195306891 0.58396672096 0.65839854510 0.72640711570 0.84323871026 1.27576688041 -263.8252130683 0.01604053647   -3 
-- Local optimization: stuck in the same solution
---- Best joint likelihood found -263.825213068339508 with gradient 0.01604

---- Results for Mmc/337.polyDFE.config.txt 
--  Model: C
--        eps_an        lambda     theta_bar             a 
-- 0.00047732096 0.01918909142 0.01016105322            -1 
--           S_d             b           p_b           S_b 
-- -89.110834320 0.11471572208 0.01152814071 12.1613335502 
--           r 2           r 3           r 4           r 5           r 6           r 7           r 8           r 9          r 10          r 11          r 12          r 13          r 14          r 15          r 16          r 17          r 18          r 19          r 20 
-- 0.86165072678 0.72069087614 0.61953520901 0.55527437812 0.52396525173 0.50511901889 0.49688040837 0.48523862060 0.49684963788 0.48629272069 0.51673382194 0.51787083166 0.52760344668 0.56195306891 0.58396672096 0.65839854510 0.72640711570 0.84323871026 1.27576688041 

---- Expected P_neut(i), 0 < i < n (neutral SFS per site) 
E[P_neut(1)] = 0.0101564184
E[P_neut(2)] = 0.0043757456
E[P_neut(3)] = 0.0024400155
E[P_neut(4)] = 0.0015732084
E[P_neut(5)] = 0.0011280776
E[P_neut(6)] = 0.0008870990
E[P_neut(7)] = 0.0007330634
E[P_neut(8)] = 0.0006310111
E[P_neut(9)] = 0.0005477902
E[P_neut(10)] = 0.0005048516
E[P_neut(11)] = 0.0004492513
E[P_neut(12)] = 0.0004376390
E[P_neut(13)] = 0.0004049347
E[P_neut(14)] = 0.0003831698
E[P_neut(15)] = 0.0003810259
E[P_neut(16)] = 0.0003714315
E[P_neut(17)] = 0.0003945080
E[P_neut(18)] = 0.0004119528
E[P_neut(19)] = 0.0004555924

---- Expected P_sel(i), 0 < i < n (selected SFS per site) 
E[P_sel(1)] = 0.0072320353
E[P_sel(2)] = 0.0028224725
E[P_sel(3)] = 0.0014981046
E[P_sel(4)] = 0.0009359188
E[P_sel(5)] = 0.0006560744
E[P_sel(6)] = 0.0005070649
E[P_sel(7)] = 0.0004133056
E[P_sel(8)] = 0.0003518464
E[P_sel(9)] = 0.0003027087
E[P_sel(10)] = 0.0002769689
E[P_sel(11)] = 0.0002450825
E[P_sel(12)] = 0.0002377756
E[P_sel(13)] = 0.0002194654
E[P_sel(14)] = 0.0002075342
E[P_sel(15)] = 0.0002066915
E[P_sel(16)] = 0.0002023790
E[P_sel(17)] = 0.0002167853
E[P_sel(18)] = 0.0002298108
E[P_sel(19)] = 0.0002617647

---- Expected D_neut and D_sel (neutral and selected divergence per site) 
E[D_neut] = 0.0198372482
E[D_sel] = 0.0125324852

---- Expected neutral and selected misattributed polymorphism per site
E[mis_neut] = 0.0006481568
E[mis_sel] = 0.0003840229

---- alpha_div = 0.223777
---- alpha_dfe = 0.223646

