---- Running command
---- ./polyDFE -d Mmc/338.polyDFE.config.txt -m C -e 
---- Performing inference using model C

---- Performing inference on Mmc/338.polyDFE.config.txt
---- No mutation variability. Using Poisson likelihood.


---- Calculating initial values

-- Starting local optimization
-- Optimizing all parameters
  it        eps_an        lambda     theta_bar           S_d             b           p_b           S_b           r 2           r 3           r 4           r 5           r 6           r 7           r 8           r 9          r 10          r 11          r 12          r 13          r 14          r 15          r 16          r 17          r 18          r 19          r 20           ln lk          grad status 
   0           0.1 0.01928052996 0.01132981276        -20000         0.208           0.1            20 0.87362650320 0.73723544523 0.65157272836 0.58258647060 0.55675745190 0.54609898698 0.54048955882 0.53331449440 0.55289676258 0.55432366081 0.59896072411 0.62750796753 0.67189317518 0.75788682530 0.86579852501 1.11533660726 1.58542683576             1             1 -1114393.428241 23109.2385928   -2 
 457 0.00214691065 0.01933873545 0.01012953473 -70.837214440 0.12722783684 0.02564931848 6.22259165906 0.86585906345 0.72359344568 0.62508040083 0.55660453738 0.52980206621 0.51013926215 0.49629593567 0.48991006485 0.49810896498 0.48943272335 0.51880374565 0.51538578847 0.52936394062 0.55827378626 0.58515397302 0.64960197943 0.69977076851 0.79040571620 1.01087233081 -291.4072942515 0.18534395271   -3 
-- Local optimization: stuck in the same solution
---- Best joint likelihood found -291.407294251548592 with gradient 0.18534

---- Results for Mmc/338.polyDFE.config.txt 
--  Model: C
--        eps_an        lambda     theta_bar             a 
-- 0.00214691065 0.01933873545 0.01012953473            -1 
--           S_d             b           p_b           S_b 
-- -70.837214440 0.12722783684 0.02564931848 6.22259165906 
--           r 2           r 3           r 4           r 5           r 6           r 7           r 8           r 9          r 10          r 11          r 12          r 13          r 14          r 15          r 16          r 17          r 18          r 19          r 20 
-- 0.86585906345 0.72359344568 0.62508040083 0.55660453738 0.52980206621 0.51013926215 0.49629593567 0.48991006485 0.49810896498 0.48943272335 0.51880374565 0.51538578847 0.52936394062 0.55827378626 0.58515397302 0.64960197943 0.69977076851 0.79040571620 1.01087233081 

---- Expected P_neut(i), 0 < i < n (neutral SFS per site) 
E[P_neut(1)] = 0.0101086922
E[P_neut(2)] = 0.0043768052
E[P_neut(3)] = 0.0024388073
E[P_neut(4)] = 0.0015803403
E[P_neut(5)] = 0.0011260175
E[P_neut(6)] = 0.0008933434
E[P_neut(7)] = 0.0007374878
E[P_neut(8)] = 0.0006279969
E[P_neut(9)] = 0.0005511795
E[P_neut(10)] = 0.0005045612
E[P_neut(11)] = 0.0004509185
E[P_neut(12)] = 0.0004383456
E[P_neut(13)] = 0.0004023087
E[P_neut(14)] = 0.0003841130
E[P_neut(15)] = 0.0003786151
E[P_neut(16)] = 0.0003730617
E[P_neut(17)] = 0.0003914830
E[P_neut(18)] = 0.0004023669
E[P_neut(19)] = 0.0004422342

---- Expected P_sel(i), 0 < i < n (selected SFS per site) 
E[P_sel(1)] = 0.0072502862
E[P_sel(2)] = 0.0028296172
E[P_sel(3)] = 0.0014966923
E[P_sel(4)] = 0.0009384586
E[P_sel(5)] = 0.0006533267
E[P_sel(6)] = 0.0005094266
E[P_sel(7)] = 0.0004149967
E[P_sel(8)] = 0.0003497706
E[P_sel(9)] = 0.0003045885
E[P_sel(10)] = 0.0002772287
E[P_sel(11)] = 0.0002468167
E[P_sel(12)] = 0.0002394823
E[P_sel(13)] = 0.0002198179
E[P_sel(14)] = 0.0002103607
E[P_sel(15)] = 0.0002083621
E[P_sel(16)] = 0.0002069699
E[P_sel(17)] = 0.0002198679
E[P_sel(18)] = 0.0002302325
E[P_sel(19)] = 0.0002613237

---- Expected D_neut and D_sel (neutral and selected divergence per site) 
E[D_neut] = 0.0198507188
E[D_sel] = 0.0125569088

---- Expected neutral and selected misattributed polymorphism per site
E[mis_neut] = 0.0005119833
E[mis_sel] = 0.0003091589

---- alpha_div = 0.260968
---- alpha_dfe = 0.260654

