---- Running command
---- ./polyDFE -d Mmc/339.polyDFE.config.txt -m C -e 
---- Performing inference using model C

---- Performing inference on Mmc/339.polyDFE.config.txt
---- No mutation variability. Using Poisson likelihood.


---- Calculating initial values

-- Starting local optimization
-- Optimizing all parameters
  it        eps_an        lambda     theta_bar           S_d             b           p_b           S_b           r 2           r 3           r 4           r 5           r 6           r 7           r 8           r 9          r 10          r 11          r 12          r 13          r 14          r 15          r 16          r 17          r 18          r 19          r 20           ln lk          grad status 
   0           0.1 0.01928566693 0.01133692885        -20000         0.208           0.1            20 0.87478498228 0.73839464027 0.64050599172 0.58418238603 0.56080391675 0.54218195004 0.54105623103 0.53626653454 0.55310355062 0.55413362984 0.59251281858 0.63223090041 0.66156603240 0.75389700895 0.86448857629 1.10927673807 1.58474250510             1             1 -1117565.288592 23181.6803846   -2 
 848 0.00063962106 0.01931240126 0.01012433038 -73.664468851 0.12612234974 0.02615747788 6.03358532583 0.86608383054 0.72275513433 0.62051961208 0.55914487857 0.52841674351 0.50858543901 0.50015899645 0.49146887823 0.49331896445 0.48663158300 0.50857764115 0.52243953312 0.52261820187 0.56116604606 0.59293375337 0.64846740291 0.71300576950 0.82412685063 1.07035964227 -267.2369297585 0.03288756740   -3 
-- Local optimization: stuck in the same solution
---- Best joint likelihood found -267.236929758539191 with gradient 0.03289

---- Results for Mmc/339.polyDFE.config.txt 
--  Model: C
--        eps_an        lambda     theta_bar             a 
-- 0.00063962106 0.01931240126 0.01012433038            -1 
--           S_d             b           p_b           S_b 
-- -73.664468851 0.12612234974 0.02615747788 6.03358532583 
--           r 2           r 3           r 4           r 5           r 6           r 7           r 8           r 9          r 10          r 11          r 12          r 13          r 14          r 15          r 16          r 17          r 18          r 19          r 20 
-- 0.86608383054 0.72275513433 0.62051961208 0.55914487857 0.52841674351 0.50858543901 0.50015899645 0.49146887823 0.49331896445 0.48663158300 0.50857764115 0.52243953312 0.52261820187 0.56116604606 0.59293375337 0.64846740291 0.71300576950 0.82412685063 1.07035964227 

---- Expected P_neut(i), 0 < i < n (neutral SFS per site) 
E[P_neut(1)] = 0.0101181355
E[P_neut(2)] = 0.0043817117
E[P_neut(3)] = 0.0024378242
E[P_neut(4)] = 0.0015698218
E[P_neut(5)] = 0.0011317116
E[P_neut(6)] = 0.0008913157
E[P_neut(7)] = 0.0007353736
E[P_neut(8)] = 0.0006328415
E[P_neut(9)] = 0.0005527988
E[P_neut(10)] = 0.0004994524
E[P_neut(11)] = 0.0004479598
E[P_neut(12)] = 0.0004292144
E[P_neut(13)] = 0.0004070834
E[P_neut(14)] = 0.0003782685
E[P_neut(15)] = 0.0003792439
E[P_neut(16)] = 0.0003759557
E[P_neut(17)] = 0.0003875071
E[P_neut(18)] = 0.0004035870
E[P_neut(19)] = 0.0004453387

---- Expected P_sel(i), 0 < i < n (selected SFS per site) 
E[P_sel(1)] = 0.0072421904
E[P_sel(2)] = 0.0028286526
E[P_sel(3)] = 0.0014946087
E[P_sel(4)] = 0.0009316091
E[P_sel(5)] = 0.0006563813
E[P_sel(6)] = 0.0005081879
E[P_sel(7)] = 0.0004138159
E[P_sel(8)] = 0.0003525325
E[P_sel(9)] = 0.0003055797
E[P_sel(10)] = 0.0002745402
E[P_sel(11)] = 0.0002453265
E[P_sel(12)] = 0.0002346343
E[P_sel(13)] = 0.0002225680
E[P_sel(14)] = 0.0002072895
E[P_sel(15)] = 0.0002088208
E[P_sel(16)] = 0.0002086351
E[P_sel(17)] = 0.0002175766
E[P_sel(18)] = 0.0002305017
E[P_sel(19)] = 0.0002610400

---- Expected D_neut and D_sel (neutral and selected divergence per site) 
E[D_neut] = 0.0198542350
E[D_sel] = 0.0125268468

---- Expected neutral and selected misattributed polymorphism per site
E[mis_neut] = 0.0005418337
E[mis_sel] = 0.0003268548

---- alpha_div = 0.259034
---- alpha_dfe = 0.258891

