---- Running command
---- ./polyDFE -d Mmc/34.polyDFE.config.txt -m C -e 
---- Performing inference using model C

---- Performing inference on Mmc/34.polyDFE.config.txt
---- No mutation variability. Using Poisson likelihood.


---- Calculating initial values

-- Starting local optimization
-- Optimizing all parameters
  it        eps_an        lambda     theta_bar           S_d             b           p_b           S_b           r 2           r 3           r 4           r 5           r 6           r 7           r 8           r 9          r 10          r 11          r 12          r 13          r 14          r 15          r 16          r 17          r 18          r 19          r 20           ln lk          grad status 
   0           0.1 0.01924920652 0.01135840350        -20000         0.208           0.1            20 0.87400455448 0.73472697565 0.64744453298 0.58712006147 0.55702496866 0.53876875744 0.53995252784 0.53478578404 0.55545283656 0.56096898319 0.59134717076 0.62270307187 0.67069807542 0.75967614962 0.87360551768 1.10947748146 1.57660936803             1             1 -1114119.312085 23114.6023566   -2 
 792 0.00110659075 0.01925188370 0.01015164763 -75.395167482 0.12514583217 0.02250755170 6.94226014331 0.86444732964 0.71906426994 0.62283194096 0.55793668246 0.53151702937 0.51028202854 0.49925448375 0.48788448224 0.49808874094 0.48803362212 0.51019560834 0.51843000448 0.52359374250 0.56174694390 0.59444186057 0.64750958065 0.70745254409 0.81193702030 1.11650349392 -280.4409907536 0.07382449449   -3 
-- Local optimization: stuck in the same solution
---- Best joint likelihood found -280.440990753602819 with gradient 0.07382

---- Results for Mmc/34.polyDFE.config.txt 
--  Model: C
--        eps_an        lambda     theta_bar             a 
-- 0.00110659075 0.01925188370 0.01015164763            -1 
--           S_d             b           p_b           S_b 
-- -75.395167482 0.12514583217 0.02250755170 6.94226014331 
--           r 2           r 3           r 4           r 5           r 6           r 7           r 8           r 9          r 10          r 11          r 12          r 13          r 14          r 15          r 16          r 17          r 18          r 19          r 20 
-- 0.86444732964 0.71906426994 0.62283194096 0.55793668246 0.53151702937 0.51028202854 0.49925448375 0.48788448224 0.49808874094 0.48803362212 0.51019560834 0.51843000448 0.52359374250 0.56174694390 0.59444186057 0.64750958065 0.70745254409 0.81193702030 1.11650349392 

---- Expected P_neut(i), 0 < i < n (neutral SFS per site) 
E[P_neut(1)] = 0.0101408940
E[P_neut(2)] = 0.0043833684
E[P_neut(3)] = 0.0024309643
E[P_neut(4)] = 0.0015793608
E[P_neut(5)] = 0.0011319625
E[P_neut(6)] = 0.0008987206
E[P_neut(7)] = 0.0007396581
E[P_neut(8)] = 0.0006333085
E[P_neut(9)] = 0.0005502040
E[P_neut(10)] = 0.0005056421
E[P_neut(11)] = 0.0004505056
E[P_neut(12)] = 0.0004318339
E[P_neut(13)] = 0.0004052108
E[P_neut(14)] = 0.0003802421
E[P_neut(15)] = 0.0003810100
E[P_neut(16)] = 0.0003784921
E[P_neut(17)] = 0.0003889288
E[P_neut(18)] = 0.0004034033
E[P_neut(19)] = 0.0004445694

---- Expected P_sel(i), 0 < i < n (selected SFS per site) 
E[P_sel(1)] = 0.0072408645
E[P_sel(2)] = 0.0028221622
E[P_sel(3)] = 0.0014861423
E[P_sel(4)] = 0.0009343806
E[P_sel(5)] = 0.0006543324
E[P_sel(6)] = 0.0005105480
E[P_sel(7)] = 0.0004145804
E[P_sel(8)] = 0.0003512726
E[P_sel(9)] = 0.0003027186
E[P_sel(10)] = 0.0002765239
E[P_sel(11)] = 0.0002453524
E[P_sel(12)] = 0.0002346471
E[P_sel(13)] = 0.0002201057
E[P_sel(14)] = 0.0002069185
E[P_sel(15)] = 0.0002082375
E[P_sel(16)] = 0.0002084158
E[P_sel(17)] = 0.0002166673
E[P_sel(18)] = 0.0002287363
E[P_sel(19)] = 0.0002595020

---- Expected D_neut and D_sel (neutral and selected divergence per site) 
E[D_neut] = 0.0198186012
E[D_sel] = 0.0124962958

---- Expected neutral and selected misattributed polymorphism per site
E[mis_neut] = 0.0005667175
E[mis_sel] = 0.0003401268

---- alpha_div = 0.254550
---- alpha_dfe = 0.254420

