---- Running command
---- ./polyDFE -d Mmc/340.polyDFE.config.txt -m C -e 
---- Performing inference using model C

---- Performing inference on Mmc/340.polyDFE.config.txt
---- No mutation variability. Using Poisson likelihood.


---- Calculating initial values

-- Starting local optimization
-- Optimizing all parameters
  it        eps_an        lambda     theta_bar           S_d             b           p_b           S_b           r 2           r 3           r 4           r 5           r 6           r 7           r 8           r 9          r 10          r 11          r 12          r 13          r 14          r 15          r 16          r 17          r 18          r 19          r 20           ln lk          grad status 
   0           0.1 0.01925779510 0.01132886168        -20000         0.208           0.1            20 0.87538009260 0.73617544937 0.64685995378 0.58387957831 0.55413814691 0.53767144998 0.54263703168 0.53835450220 0.55814358101 0.55782487397 0.59700329434 0.62673016137 0.66599586224 0.75912828752 0.86921434883 1.11178667573 1.58868208055             1             1 -1116522.398896 23150.1328379   -2 
 828 0.00129499413 0.01930320581 0.01012241064 -71.048822556 0.12722602637 0.02511669158 6.28180953055 0.86639017018 0.72151781831 0.62465756469 0.55757223816 0.52880080829 0.50566776013 0.50067221731 0.48887812047 0.49708421074 0.48657899701 0.51656281625 0.51712235500 0.52743697522 0.56457938173 0.59113394381 0.64778215030 0.71049262993 0.82176316997 1.03366200086 -265.8639953162 0.07005614627   -3 
-- Local optimization: stuck in the same solution
---- Best joint likelihood found -265.863995316263754 with gradient 0.07006

---- Results for Mmc/340.polyDFE.config.txt 
--  Model: C
--        eps_an        lambda     theta_bar             a 
-- 0.00129499413 0.01930320581 0.01012241064            -1 
--           S_d             b           p_b           S_b 
-- -71.048822556 0.12722602637 0.02511669158 6.28180953055 
--           r 2           r 3           r 4           r 5           r 6           r 7           r 8           r 9          r 10          r 11          r 12          r 13          r 14          r 15          r 16          r 17          r 18          r 19          r 20 
-- 0.86639017018 0.72151781831 0.62465756469 0.55757223816 0.52880080829 0.50566776013 0.50067221731 0.48887812047 0.49708421074 0.48657899701 0.51656281625 0.51712235500 0.52743697522 0.56457938173 0.59113394381 0.64778215030 0.71049262993 0.82176316997 1.03366200086 

---- Expected P_neut(i), 0 < i < n (neutral SFS per site) 
E[P_neut(1)] = 0.0101098691
E[P_neut(2)] = 0.0043798174
E[P_neut(3)] = 0.0024318467
E[P_neut(4)] = 0.0015791973
E[P_neut(5)] = 0.0011278266
E[P_neut(6)] = 0.0008914617
E[P_neut(7)] = 0.0007307998
E[P_neut(8)] = 0.0006332451
E[P_neut(9)] = 0.0005497150
E[P_neut(10)] = 0.0005031691
E[P_neut(11)] = 0.0004478915
E[P_neut(12)] = 0.0004359945
E[P_neut(13)] = 0.0004030813
E[P_neut(14)] = 0.0003820138
E[P_neut(15)] = 0.0003819620
E[P_neut(16)] = 0.0003755441
E[P_neut(17)] = 0.0003883659
E[P_neut(18)] = 0.0004047110
E[P_neut(19)] = 0.0004503428

---- Expected P_sel(i), 0 < i < n (selected SFS per site) 
E[P_sel(1)] = 0.0072471052
E[P_sel(2)] = 0.0028295822
E[P_sel(3)] = 0.0014912445
E[P_sel(4)] = 0.0009369704
E[P_sel(5)] = 0.0006537650
E[P_sel(6)] = 0.0005078417
E[P_sel(7)] = 0.0004107879
E[P_sel(8)] = 0.0003522833
E[P_sel(9)] = 0.0003033988
E[P_sel(10)] = 0.0002760906
E[P_sel(11)] = 0.0002448023
E[P_sel(12)] = 0.0002378214
E[P_sel(13)] = 0.0002198603
E[P_sel(14)] = 0.0002088156
E[P_sel(15)] = 0.0002097636
E[P_sel(16)] = 0.0002078521
E[P_sel(17)] = 0.0002175097
E[P_sel(18)] = 0.0002307147
E[P_sel(19)] = 0.0002642262

---- Expected D_neut and D_sel (neutral and selected divergence per site) 
E[D_neut] = 0.0198263634
E[D_sel] = 0.0125035950

---- Expected neutral and selected misattributed polymorphism per site
E[mis_neut] = 0.0005231576
E[mis_sel] = 0.0003149963

---- alpha_div = 0.258477
---- alpha_dfe = 0.258300

