---- Running command
---- ./polyDFE -d Mmc/341.polyDFE.config.txt -m C -e 
---- Performing inference using model C

---- Performing inference on Mmc/341.polyDFE.config.txt
---- No mutation variability. Using Poisson likelihood.


---- Calculating initial values

-- Starting local optimization
-- Optimizing all parameters
  it        eps_an        lambda     theta_bar           S_d             b           p_b           S_b           r 2           r 3           r 4           r 5           r 6           r 7           r 8           r 9          r 10          r 11          r 12          r 13          r 14          r 15          r 16          r 17          r 18          r 19          r 20           ln lk          grad status 
   0           0.1 0.01925407629 0.01135200735        -20000         0.208           0.1            20 0.87192348220 0.73268387711 0.64504563226 0.58147022179 0.56151686932 0.53958323808 0.54031842903 0.52523987791 0.55664219400 0.55413691649 0.59351330956 0.62128702733 0.66851526747 0.75235149319 0.87272554902 1.11790896464 1.58002463056             1             1 -1114812.553461 23091.8279949   -2 
 679 0.00078004376 0.01915202056 0.01013803874 -70.978118857 0.12699053596 0.02668327083 5.93634816186 0.86367581483 0.71918578856 0.62149504965 0.55255985476 0.52954906973 0.50951196153 0.49809572839 0.48455084758 0.49747247772 0.48584073423 0.51264670139 0.51577327928 0.52787731836 0.55967969380 0.59459186933 0.65512020184 0.71306108077 0.82444581139 1.32469877727 -279.8522873660 0.03795886769   -3 
-- Local optimization: stuck in the same solution
---- Best joint likelihood found -279.852287366040400 with gradient 0.03796

---- Results for Mmc/341.polyDFE.config.txt 
--  Model: C
--        eps_an        lambda     theta_bar             a 
-- 0.00078004376 0.01915202056 0.01013803874            -1 
--           S_d             b           p_b           S_b 
-- -70.978118857 0.12699053596 0.02668327083 5.93634816186 
--           r 2           r 3           r 4           r 5           r 6           r 7           r 8           r 9          r 10          r 11          r 12          r 13          r 14          r 15          r 16          r 17          r 18          r 19          r 20 
-- 0.86367581483 0.71918578856 0.62149504965 0.55255985476 0.52954906973 0.50951196153 0.49809572839 0.48455084758 0.49747247772 0.48584073423 0.51264670139 0.51577327928 0.52787731836 0.55967969380 0.59459186933 0.65512020184 0.71306108077 0.82444581139 1.32469877727 

---- Expected P_neut(i), 0 < i < n (neutral SFS per site) 
E[P_neut(1)] = 0.0101304738
E[P_neut(2)] = 0.0043748877
E[P_neut(3)] = 0.0024287867
E[P_neut(4)] = 0.0015742504
E[P_neut(5)] = 0.0011197958
E[P_neut(6)] = 0.0008943651
E[P_neut(7)] = 0.0007376599
E[P_neut(8)] = 0.0006310597
E[P_neut(9)] = 0.0005457452
E[P_neut(10)] = 0.0005043395
E[P_neut(11)] = 0.0004478467
E[P_neut(12)] = 0.0004332572
E[P_neut(13)] = 0.0004024872
E[P_neut(14)] = 0.0003826598
E[P_neut(15)] = 0.0003788492
E[P_neut(16)] = 0.0003776845
E[P_neut(17)] = 0.0003922754
E[P_neut(18)] = 0.0004047151
E[P_neut(19)] = 0.0004474736

---- Expected P_sel(i), 0 < i < n (selected SFS per site) 
E[P_sel(1)] = 0.0072707358
E[P_sel(2)] = 0.0028313480
E[P_sel(3)] = 0.0014924789
E[P_sel(4)] = 0.0009362349
E[P_sel(5)] = 0.0006507905
E[P_sel(6)] = 0.0005109262
E[P_sel(7)] = 0.0004158960
E[P_sel(8)] = 0.0003522011
E[P_sel(9)] = 0.0003022433
E[P_sel(10)] = 0.0002777430
E[P_sel(11)] = 0.0002457234
E[P_sel(12)] = 0.0002372917
E[P_sel(13)] = 0.0002204770
E[P_sel(14)] = 0.0002101052
E[P_sel(15)] = 0.0002090190
E[P_sel(16)] = 0.0002100219
E[P_sel(17)] = 0.0002207134
E[P_sel(18)] = 0.0002316509
E[P_sel(19)] = 0.0002629677

---- Expected D_neut and D_sel (neutral and selected divergence per site) 
E[D_neut] = 0.0198235129
E[D_sel] = 0.0125189877

---- Expected neutral and selected misattributed polymorphism per site
E[mis_neut] = 0.0006714924
E[mis_sel] = 0.0004057491

---- alpha_div = 0.259947
---- alpha_dfe = 0.259795

