---- Running command
---- ./polyDFE -d Mmc/342.polyDFE.config.txt -m C -e 
---- Performing inference using model C

---- Performing inference on Mmc/342.polyDFE.config.txt
---- No mutation variability. Using Poisson likelihood.


---- Calculating initial values

-- Starting local optimization
-- Optimizing all parameters
  it        eps_an        lambda     theta_bar           S_d             b           p_b           S_b           r 2           r 3           r 4           r 5           r 6           r 7           r 8           r 9          r 10          r 11          r 12          r 13          r 14          r 15          r 16          r 17          r 18          r 19          r 20           ln lk          grad status 
   0           0.1 0.01928957028 0.01137267791        -20000         0.208           0.1            20 0.87321782105 0.73377291626 0.64368285579 0.58322102101 0.55701249630 0.54382962437 0.53611267767 0.53180199169 0.55297093774 0.54819953989 0.59650321169 0.62472400456 0.66673494340 0.75259476623 0.87025921309 1.10904211524 1.58550094488             1             1 -1116007.725775 23155.3128720   -2 
1045 0.00042048168 0.01931670314 0.01015239290 -77.503901401 0.12265526649 0.02074481349 7.37528698311 0.86384426945 0.71965654114 0.62034266292 0.55492695530 0.52983166053 0.50880024139 0.49919114161 0.48657649123 0.49874490019 0.48118560854 0.51608264029 0.51397426067 0.52735101289 0.56227804881 0.59427091927 0.65469270326 0.71271942961 0.82184816015 1.07154494175 -269.8766492600 0.36646898819   -8 
-- Local optimization: reached maximum number of likelihood evaluations allowed.
---- Best joint likelihood found -269.876649260069826 with gradient 0.36647

---- Results for Mmc/342.polyDFE.config.txt 
--  Model: C
--        eps_an        lambda     theta_bar             a 
-- 0.00042048168 0.01931670314 0.01015239290            -1 
--           S_d             b           p_b           S_b 
-- -77.503901401 0.12265526649 0.02074481349 7.37528698311 
--           r 2           r 3           r 4           r 5           r 6           r 7           r 8           r 9          r 10          r 11          r 12          r 13          r 14          r 15          r 16          r 17          r 18          r 19          r 20 
-- 0.86384426945 0.71965654114 0.62034266292 0.55492695530 0.52983166053 0.50880024139 0.49919114161 0.48657649123 0.49874490019 0.48118560854 0.51608264029 0.51397426067 0.52735101289 0.56227804881 0.59427091927 0.65469270326 0.71271942961 0.82184816015 1.07154494175 

---- Expected P_neut(i), 0 < i < n (neutral SFS per site) 
E[P_neut(1)] = 0.0101483087
E[P_neut(2)] = 0.0043833684
E[P_neut(3)] = 0.0024345523
E[P_neut(4)] = 0.0015739871
E[P_neut(5)] = 0.0011264535
E[P_neut(6)] = 0.0008962937
E[P_neut(7)] = 0.0007377928
E[P_neut(8)] = 0.0006334153
E[P_neut(9)] = 0.0005488355
E[P_neut(10)] = 0.0005063454
E[P_neut(11)] = 0.0004441518
E[P_neut(12)] = 0.0004367056
E[P_neut(13)] = 0.0004015314
E[P_neut(14)] = 0.0003826358
E[P_neut(15)] = 0.0003808783
E[P_neut(16)] = 0.0003775830
E[P_neut(17)] = 0.0003918419
E[P_neut(18)] = 0.0004036641
E[P_neut(19)] = 0.0004432277

---- Expected P_sel(i), 0 < i < n (selected SFS per site) 
E[P_sel(1)] = 0.0072515754
E[P_sel(2)] = 0.0028280351
E[P_sel(3)] = 0.0014925130
E[P_sel(4)] = 0.0009342071
E[P_sel(5)] = 0.0006534131
E[P_sel(6)] = 0.0005110117
E[P_sel(7)] = 0.0004150557
E[P_sel(8)] = 0.0003526213
E[P_sel(9)] = 0.0003030541
E[P_sel(10)] = 0.0002778735
E[P_sel(11)] = 0.0002426931
E[P_sel(12)] = 0.0002380259
E[P_sel(13)] = 0.0002187176
E[P_sel(14)] = 0.0002087311
E[P_sel(15)] = 0.0002085897
E[P_sel(16)] = 0.0002082348
E[P_sel(17)] = 0.0002184895
E[P_sel(18)] = 0.0002288746
E[P_sel(19)] = 0.0002579566

---- Expected D_neut and D_sel (neutral and selected divergence per site) 
E[D_neut] = 0.0198606404
E[D_sel] = 0.0125468134

---- Expected neutral and selected misattributed polymorphism per site
E[mis_neut] = 0.0005439373
E[mis_sel] = 0.0003267311

---- alpha_div = 0.248112
---- alpha_dfe = 0.247941

