---- Running command
---- ./polyDFE -d Mmc/343.polyDFE.config.txt -m C -e 
---- Performing inference using model C

---- Performing inference on Mmc/343.polyDFE.config.txt
---- No mutation variability. Using Poisson likelihood.


---- Calculating initial values

-- Starting local optimization
-- Optimizing all parameters
  it        eps_an        lambda     theta_bar           S_d             b           p_b           S_b           r 2           r 3           r 4           r 5           r 6           r 7           r 8           r 9          r 10          r 11          r 12          r 13          r 14          r 15          r 16          r 17          r 18          r 19          r 20           ln lk          grad status 
   0           0.1 0.01932012931 0.01133019894        -20000         0.208           0.1            20 0.87518901391 0.73763349320 0.64957729952 0.58424140512 0.56184123024 0.54294349989 0.53617375609 0.53492252400 0.55024307828 0.55923090622 0.59910292156 0.62410233242 0.67203232107 0.75541099528 0.87057402546 1.10781723610 1.58521588482             1             1 -1120807.666527 23238.0038900   -2 
1063 0.00070819493 0.01936140022 0.01012267265 -77.065286657 0.12311129166 0.02187503293 6.92776224960 0.86510059017 0.72412292005 0.62480720542 0.55763275526 0.53006198123 0.50957821425 0.49598218462 0.49044691099 0.49671965994 0.48891291227 0.51444667021 0.51624962705 0.53195548557 0.56262125250 0.59651502923 0.64955768219 0.70753355511 0.81177778763 1.04502524264 -281.7085740594 0.04916503734   -3 
-- Local optimization: stuck in the same solution
---- Best joint likelihood found -281.708574059492094 with gradient 0.04917

---- Results for Mmc/343.polyDFE.config.txt 
--  Model: C
--        eps_an        lambda     theta_bar             a 
-- 0.00070819493 0.01936140022 0.01012267265            -1 
--           S_d             b           p_b           S_b 
-- -77.065286657 0.12311129166 0.02187503293 6.92776224960 
--           r 2           r 3           r 4           r 5           r 6           r 7           r 8           r 9          r 10          r 11          r 12          r 13          r 14          r 15          r 16          r 17          r 18          r 19          r 20 
-- 0.86510059017 0.72412292005 0.62480720542 0.55763275526 0.53006198123 0.50957821425 0.49598218462 0.49044691099 0.49671965994 0.48891291227 0.51444667021 0.51624962705 0.53195548557 0.56262125250 0.59651502923 0.64955768219 0.70753355511 0.81177778763 1.04502524264 

---- Expected P_neut(i), 0 < i < n (neutral SFS per site) 
E[P_neut(1)] = 0.0101158101
E[P_neut(2)] = 0.0043757460
E[P_neut(3)] = 0.0024418966
E[P_neut(4)] = 0.0015803272
E[P_neut(5)] = 0.0011284161
E[P_neut(6)] = 0.0008939131
E[P_neut(7)] = 0.0007366619
E[P_neut(8)] = 0.0006274460
E[P_neut(9)] = 0.0005515539
E[P_neut(10)] = 0.0005028131
E[P_neut(11)] = 0.0004499907
E[P_neut(12)] = 0.0004341017
E[P_neut(13)] = 0.0004022238
E[P_neut(14)] = 0.0003849903
E[P_neut(15)] = 0.0003802127
E[P_neut(16)] = 0.0003782479
E[P_neut(17)] = 0.0003882364
E[P_neut(18)] = 0.0004007152
E[P_neut(19)] = 0.0004393552

---- Expected P_sel(i), 0 < i < n (selected SFS per site) 
E[P_sel(1)] = 0.0072303884
E[P_sel(2)] = 0.0028237088
E[P_sel(3)] = 0.0014973058
E[P_sel(4)] = 0.0009381724
E[P_sel(5)] = 0.0006547222
E[P_sel(6)] = 0.0005098193
E[P_sel(7)] = 0.0004145855
E[P_sel(8)] = 0.0003494694
E[P_sel(9)] = 0.0003047352
E[P_sel(10)] = 0.0002761289
E[P_sel(11)] = 0.0002460862
E[P_sel(12)] = 0.0002368318
E[P_sel(13)] = 0.0002193319
E[P_sel(14)] = 0.0002102696
E[P_sel(15)] = 0.0002085003
E[P_sel(16)] = 0.0002088936
E[P_sel(17)] = 0.0002167867
E[P_sel(18)] = 0.0002275156
E[P_sel(19)] = 0.0002561925

---- Expected D_neut and D_sel (neutral and selected divergence per site) 
E[D_neut] = 0.0198903226
E[D_sel] = 0.0125210928

---- Expected neutral and selected misattributed polymorphism per site
E[mis_neut] = 0.0005289224
E[mis_sel] = 0.0003174025

---- alpha_div = 0.247526
---- alpha_dfe = 0.247217

