---- Running command
---- ./polyDFE -d Mmc/344.polyDFE.config.txt -m C -e 
---- Performing inference using model C

---- Performing inference on Mmc/344.polyDFE.config.txt
---- No mutation variability. Using Poisson likelihood.


---- Calculating initial values

-- Starting local optimization
-- Optimizing all parameters
  it        eps_an        lambda     theta_bar           S_d             b           p_b           S_b           r 2           r 3           r 4           r 5           r 6           r 7           r 8           r 9          r 10          r 11          r 12          r 13          r 14          r 15          r 16          r 17          r 18          r 19          r 20           ln lk          grad status 
   0           0.1 0.01931170468 0.01138519965        -20000         0.208           0.1            20 0.87034164942 0.72904706516 0.64213710449 0.57902430424 0.55502147423 0.53545747051 0.53980072699 0.53245474214 0.55264683710 0.55743227482 0.59018553834 0.61571111506 0.66375174594 0.74920146982 0.86890324177 1.10625662557 1.58325087045             1             1 -1120185.023393 23175.6664180   -2 
 669 0.00211284180 0.01933571307 0.01017812027 -89.040102023 0.11283288738 0.01252893469 10.7289015805 0.86355041970 0.71598232640 0.61814062014 0.55395538724 0.52151412770 0.50429574188 0.49697599363 0.48426263358 0.49595261227 0.48607067341 0.50794648800 0.50832663984 0.52185464789 0.55648556152 0.59159286035 0.64957163953 0.69781992854 0.79370268214 1.07412344983 -277.5842698736 0.23382636730   -8 
-- Local optimization: reached maximum number of likelihood evaluations allowed.
---- Best joint likelihood found -277.584269873652374 with gradient 0.23383

---- Results for Mmc/344.polyDFE.config.txt 
--  Model: C
--        eps_an        lambda     theta_bar             a 
-- 0.00211284180 0.01933571307 0.01017812027            -1 
--           S_d             b           p_b           S_b 
-- -89.040102023 0.11283288738 0.01252893469 10.7289015805 
--           r 2           r 3           r 4           r 5           r 6           r 7           r 8           r 9          r 10          r 11          r 12          r 13          r 14          r 15          r 16          r 17          r 18          r 19          r 20 
-- 0.86355041970 0.71598232640 0.61814062014 0.55395538724 0.52151412770 0.50429574188 0.49697599363 0.48426263358 0.49595261227 0.48607067341 0.50794648800 0.50832663984 0.52185464789 0.55648556152 0.59159286035 0.64957163953 0.69781992854 0.79370268214 1.07412344983 

---- Expected P_neut(i), 0 < i < n (neutral SFS per site) 
E[P_neut(1)] = 0.0101575139
E[P_neut(2)] = 0.0043862085
E[P_neut(3)] = 0.0024248074
E[P_neut(4)] = 0.0015703493
E[P_neut(5)] = 0.0011260602
E[P_neut(6)] = 0.0008836047
E[P_neut(7)] = 0.0007325463
E[P_neut(8)] = 0.0006318595
E[P_neut(9)] = 0.0005474469
E[P_neut(10)] = 0.0005047865
E[P_neut(11)] = 0.0004499601
E[P_neut(12)] = 0.0004312540
E[P_neut(13)] = 0.0003986937
E[P_neut(14)] = 0.0003804604
E[P_neut(15)] = 0.0003791832
E[P_neut(16)] = 0.0003788596
E[P_neut(17)] = 0.0003932176
E[P_neut(18)] = 0.0004030346
E[P_neut(19)] = 0.0004457854

---- Expected P_sel(i), 0 < i < n (selected SFS per site) 
E[P_sel(1)] = 0.0072642528
E[P_sel(2)] = 0.0028465799
E[P_sel(3)] = 0.0014993452
E[P_sel(4)] = 0.0009414743
E[P_sel(5)] = 0.0006603234
E[P_sel(6)] = 0.0005094660
E[P_sel(7)] = 0.0004167667
E[P_sel(8)] = 0.0003556423
E[P_sel(9)] = 0.0003054706
E[P_sel(10)] = 0.0002797222
E[P_sel(11)] = 0.0002480171
E[P_sel(12)] = 0.0002368106
E[P_sel(13)] = 0.0002184595
E[P_sel(14)] = 0.0002083978
E[P_sel(15)] = 0.0002080830
E[P_sel(16)] = 0.0002088945
E[P_sel(17)] = 0.0002187456
E[P_sel(18)] = 0.0002277872
E[P_sel(19)] = 0.0002604254

---- Expected D_neut and D_sel (neutral and selected divergence per site) 
E[D_neut] = 0.0198823410
E[D_sel] = 0.0125441803

---- Expected neutral and selected misattributed polymorphism per site
E[mis_neut] = 0.0005466279
E[mis_sel] = 0.0003257768

---- alpha_div = 0.215541
---- alpha_dfe = 0.215396

