---- Running command
---- ./polyDFE -d Mmc/345.polyDFE.config.txt -m C -e 
---- Performing inference using model C

---- Performing inference on Mmc/345.polyDFE.config.txt
---- No mutation variability. Using Poisson likelihood.


---- Calculating initial values

-- Starting local optimization
-- Optimizing all parameters
  it        eps_an        lambda     theta_bar           S_d             b           p_b           S_b           r 2           r 3           r 4           r 5           r 6           r 7           r 8           r 9          r 10          r 11          r 12          r 13          r 14          r 15          r 16          r 17          r 18          r 19          r 20           ln lk          grad status 
   0           0.1 0.01933874619 0.01136173068        -20000         0.208           0.1            20 0.87692422644 0.73659446839 0.64526254371 0.58863350686 0.55837205920 0.53238791781 0.53915214314 0.53277239908 0.55260267507 0.55778677345 0.58761397846 0.62089742596 0.66222858812 0.75930686733 0.85649833786 1.10550176192 1.58489480368             1             1 -1120433.585052 23248.3158999   -2 
 844 0.00141362007 0.01937486619 0.01015429992 -73.006086415 0.12821992296 0.02912553345 5.54592255789 0.86870462044 0.72180235387 0.62127337149 0.55837587351 0.53036795817 0.50493411927 0.49928879226 0.48642767460 0.49309293542 0.48544754564 0.50774253902 0.51815328853 0.52089718669 0.55869067865 0.58269160409 0.64143714662 0.69911365102 0.80866874615 1.05355754125 -289.1483787294 0.03595823043   -3 
-- Local optimization: stuck in the same solution
---- Best joint likelihood found -289.148378729485557 with gradient 0.03596

---- Results for Mmc/345.polyDFE.config.txt 
--  Model: C
--        eps_an        lambda     theta_bar             a 
-- 0.00141362007 0.01937486619 0.01015429992            -1 
--           S_d             b           p_b           S_b 
-- -73.006086415 0.12821992296 0.02912553345 5.54592255789 
--           r 2           r 3           r 4           r 5           r 6           r 7           r 8           r 9          r 10          r 11          r 12          r 13          r 14          r 15          r 16          r 17          r 18          r 19          r 20 
-- 0.86870462044 0.72180235387 0.62127337149 0.55837587351 0.53036795817 0.50493411927 0.49928879226 0.48642767460 0.49309293542 0.48544754564 0.50774253902 0.51815328853 0.52089718669 0.55869067865 0.58269160409 0.64143714662 0.69911365102 0.80866874615 1.05355754125 

---- Expected P_neut(i), 0 < i < n (neutral SFS per site) 
E[P_neut(1)] = 0.0101405565
E[P_neut(2)] = 0.0044048663
E[P_neut(3)] = 0.0024402205
E[P_neut(4)] = 0.0015754423
E[P_neut(5)] = 0.0011329148
E[P_neut(6)] = 0.0008968511
E[P_neut(7)] = 0.0007320013
E[P_neut(8)] = 0.0006334525
E[P_neut(9)] = 0.0005486724
E[P_neut(10)] = 0.0005007014
E[P_neut(11)] = 0.0004482678
E[P_neut(12)] = 0.0004299360
E[P_neut(13)] = 0.0004051928
E[P_neut(14)] = 0.0003785452
E[P_neut(15)] = 0.0003792759
E[P_neut(16)] = 0.0003715083
E[P_neut(17)] = 0.0003860500
E[P_neut(18)] = 0.0004000667
E[P_neut(19)] = 0.0004459257

---- Expected P_sel(i), 0 < i < n (selected SFS per site) 
E[P_sel(1)] = 0.0072486704
E[P_sel(2)] = 0.0028373161
E[P_sel(3)] = 0.0014921834
E[P_sel(4)] = 0.0009323595
E[P_sel(5)] = 0.0006552407
E[P_sel(6)] = 0.0005099414
E[P_sel(7)] = 0.0004108381
E[P_sel(8)] = 0.0003520103
E[P_sel(9)] = 0.0003026268
E[P_sel(10)] = 0.0002746933
E[P_sel(11)] = 0.0002450991
E[P_sel(12)] = 0.0002347367
E[P_sel(13)] = 0.0002213515
E[P_sel(14)] = 0.0002073662
E[P_sel(15)] = 0.0002088674
E[P_sel(16)] = 0.0002063097
E[P_sel(17)] = 0.0002170405
E[P_sel(18)] = 0.0002289942
E[P_sel(19)] = 0.0002626408

---- Expected D_neut and D_sel (neutral and selected divergence per site) 
E[D_neut] = 0.0199097732
E[D_sel] = 0.0125469763

---- Expected neutral and selected misattributed polymorphism per site
E[mis_neut] = 0.0005349070
E[mis_sel] = 0.0003228403

---- alpha_div = 0.267052
---- alpha_dfe = 0.266814

