---- Running command
---- ./polyDFE -d Mmc/346.polyDFE.config.txt -m C -e 
---- Performing inference using model C

---- Performing inference on Mmc/346.polyDFE.config.txt
---- No mutation variability. Using Poisson likelihood.


---- Calculating initial values

-- Starting local optimization
-- Optimizing all parameters
  it        eps_an        lambda     theta_bar           S_d             b           p_b           S_b           r 2           r 3           r 4           r 5           r 6           r 7           r 8           r 9          r 10          r 11          r 12          r 13          r 14          r 15          r 16          r 17          r 18          r 19          r 20           ln lk          grad status 
   0           0.1 0.01925427820 0.01137702761        -20000         0.208           0.1            20 0.87151229480 0.73336439696 0.64554387529 0.58206564678 0.55390540527 0.53875509479 0.53654529626 0.53430170955 0.55739434842 0.54843607770 0.59129339246 0.62081786780 0.66608260049 0.74521099866 0.86540587167 1.10978066386 1.58639425281             1             1 -1112671.008850 23090.7025962   -2 
 614 0.00161890070 0.01929618911 0.01017177188 -85.015206330 0.11904086476 0.02260596248 6.62468844994 0.86308623536 0.71821827783 0.61998037608 0.55567225584 0.52507954717 0.50696524725 0.49573583142 0.48877870240 0.49690114365 0.48337285432 0.50796347744 0.51231273989 0.52518309206 0.55817302869 0.58634600183 0.64617673382 0.70283572634 0.81901469242 1.04349963199 -276.4924812258 0.04995742429   -3 
-- Local optimization: stuck in the same solution
---- Best joint likelihood found -276.492481225839583 with gradient 0.04996

---- Results for Mmc/346.polyDFE.config.txt 
--  Model: C
--        eps_an        lambda     theta_bar             a 
-- 0.00161890070 0.01929618911 0.01017177188            -1 
--           S_d             b           p_b           S_b 
-- -85.015206330 0.11904086476 0.02260596248 6.62468844994 
--           r 2           r 3           r 4           r 5           r 6           r 7           r 8           r 9          r 10          r 11          r 12          r 13          r 14          r 15          r 16          r 17          r 18          r 19          r 20 
-- 0.86308623536 0.71821827783 0.61998037608 0.55567225584 0.52507954717 0.50696524725 0.49573583142 0.48877870240 0.49690114365 0.48337285432 0.50796347744 0.51231273989 0.52518309206 0.55817302869 0.58634600183 0.64617673382 0.70283572634 0.81901469242 1.04349963199 

---- Expected P_neut(i), 0 < i < n (neutral SFS per site) 
E[P_neut(1)] = 0.0101560146
E[P_neut(2)] = 0.0043830949
E[P_neut(3)] = 0.0024318678
E[P_neut(4)] = 0.0015746259
E[P_neut(5)] = 0.0011292170
E[P_neut(6)] = 0.0008893415
E[P_neut(7)] = 0.0007361327
E[P_neut(8)] = 0.0006299906
E[P_neut(9)] = 0.0005522455
E[P_neut(10)] = 0.0005054365
E[P_neut(11)] = 0.0004471487
E[P_neut(12)] = 0.0004308974
E[P_neut(13)] = 0.0004013997
E[P_neut(14)] = 0.0003823978
E[P_neut(15)] = 0.0003797245
E[P_neut(16)] = 0.0003747100
E[P_neut(17)] = 0.0003899495
E[P_neut(18)] = 0.0004036346
E[P_neut(19)] = 0.0004542220

---- Expected P_sel(i), 0 < i < n (selected SFS per site) 
E[P_sel(1)] = 0.0072421255
E[P_sel(2)] = 0.0028290740
E[P_sel(3)] = 0.0014939989
E[P_sel(4)] = 0.0009376585
E[P_sel(5)] = 0.0006577744
E[P_sel(6)] = 0.0005095725
E[P_sel(7)] = 0.0004164594
E[P_sel(8)] = 0.0003529035
E[P_sel(9)] = 0.0003070067
E[P_sel(10)] = 0.0002793980
E[P_sel(11)] = 0.0002462294
E[P_sel(12)] = 0.0002367901
E[P_sel(13)] = 0.0002205333
E[P_sel(14)] = 0.0002104804
E[P_sel(15)] = 0.0002098973
E[P_sel(16)] = 0.0002086307
E[P_sel(17)] = 0.0002195579
E[P_sel(18)] = 0.0002311788
E[P_sel(19)] = 0.0002677550

---- Expected D_neut and D_sel (neutral and selected divergence per site) 
E[D_neut] = 0.0198269011
E[D_sel] = 0.0125238154

---- Expected neutral and selected misattributed polymorphism per site
E[mis_neut] = 0.0005307120
E[mis_sel] = 0.0003202852

---- alpha_div = 0.244367
---- alpha_dfe = 0.244048

