---- Running command
---- ./polyDFE -d Mmc/347.polyDFE.config.txt -m C -e 
---- Performing inference using model C

---- Performing inference on Mmc/347.polyDFE.config.txt
---- No mutation variability. Using Poisson likelihood.


---- Calculating initial values

-- Starting local optimization
-- Optimizing all parameters
  it        eps_an        lambda     theta_bar           S_d             b           p_b           S_b           r 2           r 3           r 4           r 5           r 6           r 7           r 8           r 9          r 10          r 11          r 12          r 13          r 14          r 15          r 16          r 17          r 18          r 19          r 20           ln lk          grad status 
   0           0.1 0.01931289564 0.01135930251        -20000         0.208           0.1            20 0.87031922063 0.73672146822 0.64238287830 0.58239377006 0.55419761151 0.53836834343 0.53223832927 0.53227351616 0.55980619707 0.55187902854 0.59430854278 0.61803955488 0.66199073351 0.74707810958 0.85492016300 1.11422063324 1.57601586960             1             1 -1121106.569953 23242.3300867   -2 
 600 0.00076944245 0.01931641697 0.01014770022 -80.298506326 0.12218533812 0.02538818092 5.96932912985 0.86080542728 0.72185763676 0.61885221864 0.55557593606 0.52929503204 0.50499346021 0.49090983662 0.48891642327 0.49600819526 0.48147391280 0.51346892076 0.51110862841 0.52569966773 0.55633553990 0.58545867317 0.64933802114 0.70304449033 0.81742447005 1.11764025330 -277.7554664076 0.03169810571   -3 
-- Local optimization: stuck in the same solution
---- Best joint likelihood found -277.755466407659696 with gradient 0.03170

---- Results for Mmc/347.polyDFE.config.txt 
--  Model: C
--        eps_an        lambda     theta_bar             a 
-- 0.00076944245 0.01931641697 0.01014770022            -1 
--           S_d             b           p_b           S_b 
-- -80.298506326 0.12218533812 0.02538818092 5.96932912985 
--           r 2           r 3           r 4           r 5           r 6           r 7           r 8           r 9          r 10          r 11          r 12          r 13          r 14          r 15          r 16          r 17          r 18          r 19          r 20 
-- 0.86080542728 0.72185763676 0.61885221864 0.55557593606 0.52929503204 0.50499346021 0.49090983662 0.48891642327 0.49600819526 0.48147391280 0.51346892076 0.51110862841 0.52569966773 0.55633553990 0.58545867317 0.64933802114 0.70304449033 0.81742447005 1.11764025330 

---- Expected P_neut(i), 0 < i < n (neutral SFS per site) 
E[P_neut(1)] = 0.0101402281
E[P_neut(2)] = 0.0043645421
E[P_neut(3)] = 0.0024401511
E[P_neut(4)] = 0.0015690594
E[P_neut(5)] = 0.0011269856
E[P_neut(6)] = 0.0008947923
E[P_neut(7)] = 0.0007318183
E[P_neut(8)] = 0.0006225557
E[P_neut(9)] = 0.0005511817
E[P_neut(10)] = 0.0005033342
E[P_neut(11)] = 0.0004442509
E[P_neut(12)] = 0.0004343558
E[P_neut(13)] = 0.0003992238
E[P_neut(14)] = 0.0003814415
E[P_neut(15)] = 0.0003769464
E[P_neut(16)] = 0.0003722385
E[P_neut(17)] = 0.0003891857
E[P_neut(18)] = 0.0003994048
E[P_neut(19)] = 0.0004440500

---- Expected P_sel(i), 0 < i < n (selected SFS per site) 
E[P_sel(1)] = 0.0072403244
E[P_sel(2)] = 0.0028167150
E[P_sel(3)] = 0.0014976417
E[P_sel(4)] = 0.0009329990
E[P_sel(5)] = 0.0006553500
E[P_sel(6)] = 0.0005117428
E[P_sel(7)] = 0.0004132278
E[P_sel(8)] = 0.0003480801
E[P_sel(9)] = 0.0003058621
E[P_sel(10)] = 0.0002777718
E[P_sel(11)] = 0.0002442707
E[P_sel(12)] = 0.0002383904
E[P_sel(13)] = 0.0002191186
E[P_sel(14)] = 0.0002098020
E[P_sel(15)] = 0.0002082660
E[P_sel(16)] = 0.0002071974
E[P_sel(17)] = 0.0002190607
E[P_sel(18)] = 0.0002285198
E[P_sel(19)] = 0.0002605672

---- Expected D_neut and D_sel (neutral and selected divergence per site) 
E[D_neut] = 0.0198834909
E[D_sel] = 0.0125054544

---- Expected neutral and selected misattributed polymorphism per site
E[mis_neut] = 0.0005670739
E[mis_sel] = 0.0003417327

---- alpha_div = 0.249784
---- alpha_dfe = 0.249564

