---- Running command
---- ./polyDFE -d Mmc/348.polyDFE.config.txt -m C -e 
---- Performing inference using model C

---- Performing inference on Mmc/348.polyDFE.config.txt
---- No mutation variability. Using Poisson likelihood.


---- Calculating initial values

-- Starting local optimization
-- Optimizing all parameters
  it        eps_an        lambda     theta_bar           S_d             b           p_b           S_b           r 2           r 3           r 4           r 5           r 6           r 7           r 8           r 9          r 10          r 11          r 12          r 13          r 14          r 15          r 16          r 17          r 18          r 19          r 20           ln lk          grad status 
   0           0.1 0.01926454106 0.01138376007        -20000         0.208           0.1            20 0.87019796924 0.73520987635 0.64523245117 0.58021931437 0.55384970017 0.54337670590 0.53694963322 0.52681276804 0.55068401572 0.55216374217 0.59420600853 0.62695860335 0.66622376616 0.74605108134 0.86453631894 1.11406114350 1.57293502273             1             1 -1113878.515448 23123.3136200   -2 
 660 0.00356482385 0.01928582283 0.01021689722 -116.09489398 0.10206303481 0.00237114573 50.4844926514 0.85858757134 0.71492663664 0.61587462816 0.54998655433 0.52192731139 0.50703738268 0.49138029655 0.47982442558 0.49057532459 0.48102230510 0.51046919332 0.51366572803 0.52187076077 0.55511848092 0.58641985846 0.64675235591 0.69991727521 0.77629719384 1.06869889321 -303.0038277064 0.13732748390   -3 
-- Local optimization: stuck in the same solution
---- Best joint likelihood found -303.003827706415905 with gradient 0.13733

---- Results for Mmc/348.polyDFE.config.txt 
--  Model: C
--        eps_an        lambda     theta_bar             a 
-- 0.00356482385 0.01928582283 0.01021689722            -1 
--           S_d             b           p_b           S_b 
-- -116.09489398 0.10206303481 0.00237114573 50.4844926514 
--           r 2           r 3           r 4           r 5           r 6           r 7           r 8           r 9          r 10          r 11          r 12          r 13          r 14          r 15          r 16          r 17          r 18          r 19          r 20 
-- 0.85858757134 0.71492663664 0.61587462816 0.54998655433 0.52192731139 0.50703738268 0.49138029655 0.47982442558 0.49057532459 0.48102230510 0.51046919332 0.51366572803 0.52187076077 0.55511848092 0.58641985846 0.64675235591 0.69991727521 0.77629719384 1.06869889321 

---- Expected P_neut(i), 0 < i < n (neutral SFS per site) 
E[P_neut(1)] = 0.0101819639
E[P_neut(2)] = 0.0043718312
E[P_neut(3)] = 0.0024274834
E[P_neut(4)] = 0.0015688091
E[P_neut(5)] = 0.0011211728
E[P_neut(6)] = 0.0008869357
E[P_neut(7)] = 0.0007388508
E[P_neut(8)] = 0.0006268600
E[P_neut(9)] = 0.0005443528
E[P_neut(10)] = 0.0005012158
E[P_neut(11)] = 0.0004471269
E[P_neut(12)] = 0.0004353054
E[P_neut(13)] = 0.0004048967
E[P_neut(14)] = 0.0003826606
E[P_neut(15)] = 0.0003807643
E[P_neut(16)] = 0.0003787348
E[P_neut(17)] = 0.0003959882
E[P_neut(18)] = 0.0004114961
E[P_neut(19)] = 0.0004523727

---- Expected P_sel(i), 0 < i < n (selected SFS per site) 
E[P_sel(1)] = 0.0072318780
E[P_sel(2)] = 0.0028327438
E[P_sel(3)] = 0.0015028074
E[P_sel(4)] = 0.0009430296
E[P_sel(5)] = 0.0006596086
E[P_sel(6)] = 0.0005131063
E[P_sel(7)] = 0.0004216195
E[P_sel(8)] = 0.0003536278
E[P_sel(9)] = 0.0003040895
E[P_sel(10)] = 0.0002776322
E[P_sel(11)] = 0.0002458674
E[P_sel(12)] = 0.0002378660
E[P_sel(13)] = 0.0002200831
E[P_sel(14)] = 0.0002071196
E[P_sel(15)] = 0.0002054829
E[P_sel(16)] = 0.0002041647
E[P_sel(17)] = 0.0002138982
E[P_sel(18)] = 0.0002243729
E[P_sel(19)] = 0.0002556958

---- Expected D_neut and D_sel (neutral and selected divergence per site) 
E[D_neut] = 0.0198317622
E[D_sel] = 0.0125607790

---- Expected neutral and selected misattributed polymorphism per site
E[mis_neut] = 0.0005459393
E[mis_sel] = 0.0003101330

---- alpha_div = 0.188399
---- alpha_dfe = 0.188568

