---- Running command
---- ./polyDFE -d Mmc/349.polyDFE.config.txt -m C -e 
---- Performing inference using model C

---- Performing inference on Mmc/349.polyDFE.config.txt
---- No mutation variability. Using Poisson likelihood.


---- Calculating initial values

-- Starting local optimization
-- Optimizing all parameters
  it        eps_an        lambda     theta_bar           S_d             b           p_b           S_b           r 2           r 3           r 4           r 5           r 6           r 7           r 8           r 9          r 10          r 11          r 12          r 13          r 14          r 15          r 16          r 17          r 18          r 19          r 20           ln lk          grad status 
   0           0.1 0.01927497557 0.01136516714        -20000         0.208           0.1            20 0.86702811128 0.73545449929 0.64099590739 0.58746285458 0.55806808853 0.53477055282 0.54032988917 0.52840159778 0.54916222581 0.55751341294 0.58865007471 0.62404477382 0.66559543317 0.74795352853 0.85442775621 1.11316283826 1.57078847022             1             1 -1116001.653705 23149.7637021   -2 
 703 0.00082493307 0.01931278088 0.01014605654 -75.801044270 0.12410575785 0.02291331064 6.73437352551 0.86116737573 0.71987822502 0.61823464462 0.56117620567 0.52592132501 0.50506736874 0.49706897602 0.48366493813 0.49725086729 0.48541766620 0.50912165282 0.51541140083 0.52364140294 0.55912899084 0.58330746128 0.64715680560 0.70757561777 0.82029881957 1.04858264480 -289.9515325076 0.09155323629   -8 
-- Local optimization: reached maximum number of likelihood evaluations allowed.
---- Best joint likelihood found -289.951532507649972 with gradient 0.09155

---- Results for Mmc/349.polyDFE.config.txt 
--  Model: C
--        eps_an        lambda     theta_bar             a 
-- 0.00082493307 0.01931278088 0.01014605654            -1 
--           S_d             b           p_b           S_b 
-- -75.801044270 0.12410575785 0.02291331064 6.73437352551 
--           r 2           r 3           r 4           r 5           r 6           r 7           r 8           r 9          r 10          r 11          r 12          r 13          r 14          r 15          r 16          r 17          r 18          r 19          r 20 
-- 0.86116737573 0.71987822502 0.61823464462 0.56117620567 0.52592132501 0.50506736874 0.49706897602 0.48366493813 0.49725086729 0.48541766620 0.50912165282 0.51541140083 0.52364140294 0.55912899084 0.58330746128 0.64715680560 0.70757561777 0.82029881957 1.04858264480 

---- Expected P_neut(i), 0 < i < n (neutral SFS per site) 
E[P_neut(1)] = 0.0101380481
E[P_neut(2)] = 0.0043654516
E[P_neut(3)] = 0.0024329519
E[P_neut(4)] = 0.0015671724
E[P_neut(5)] = 0.0011381177
E[P_neut(6)] = 0.0008889173
E[P_neut(7)] = 0.0007317911
E[P_neut(8)] = 0.0006302463
E[P_neut(9)] = 0.0005451742
E[P_neut(10)] = 0.0005045135
E[P_neut(11)] = 0.0004478145
E[P_neut(12)] = 0.0004306297
E[P_neut(13)] = 0.0004025331
E[P_neut(14)] = 0.0003799131
E[P_neut(15)] = 0.0003788244
E[P_neut(16)] = 0.0003708804
E[P_neut(17)] = 0.0003879304
E[P_neut(18)] = 0.0004021139
E[P_neut(19)] = 0.0004460505

---- Expected P_sel(i), 0 < i < n (selected SFS per site) 
E[P_sel(1)] = 0.0072494611
E[P_sel(2)] = 0.0028171563
E[P_sel(3)] = 0.0014915318
E[P_sel(4)] = 0.0009300733
E[P_sel(5)] = 0.0006601106
E[P_sel(6)] = 0.0005067805
E[P_sel(7)] = 0.0004116999
E[P_sel(8)] = 0.0003509245
E[P_sel(9)] = 0.0003011444
E[P_sel(10)] = 0.0002770309
E[P_sel(11)] = 0.0002449000
E[P_sel(12)] = 0.0002349786
E[P_sel(13)] = 0.0002195800
E[P_sel(14)] = 0.0002076175
E[P_sel(15)] = 0.0002079131
E[P_sel(16)] = 0.0002050565
E[P_sel(17)] = 0.0002169318
E[P_sel(18)] = 0.0002287311
E[P_sel(19)] = 0.0002607230

---- Expected D_neut and D_sel (neutral and selected divergence per site) 
E[D_neut] = 0.0198447298
E[D_sel] = 0.0125168119

---- Expected neutral and selected misattributed polymorphism per site
E[mis_neut] = 0.0005319489
E[mis_sel] = 0.0003199000

---- alpha_div = 0.251729
---- alpha_dfe = 0.251594

