---- Running command
---- ./polyDFE -d Mmc/35.polyDFE.config.txt -m C -e 
---- Performing inference using model C

---- Performing inference on Mmc/35.polyDFE.config.txt
---- No mutation variability. Using Poisson likelihood.


---- Calculating initial values

-- Starting local optimization
-- Optimizing all parameters
  it        eps_an        lambda     theta_bar           S_d             b           p_b           S_b           r 2           r 3           r 4           r 5           r 6           r 7           r 8           r 9          r 10          r 11          r 12          r 13          r 14          r 15          r 16          r 17          r 18          r 19          r 20           ln lk          grad status 
   0           0.1 0.01926737696 0.01139844128        -20000         0.208           0.1            20 0.87143599342 0.72977289332 0.63926346439 0.58090695824 0.55110124591 0.54344829231 0.53835388824 0.53131909503 0.54710428044 0.55421029092 0.59262831150 0.62641548869 0.66917553623 0.74585439721 0.86461139154 1.09566362891 1.59075709775             1             1 -1118623.790548 23199.8967164   -2 
 732 0.00217570425 0.01927552015 0.01019162993 -87.442784594 0.11913027321 0.02372805286 6.28961269112 0.86226756835 0.71716786151 0.61611705887 0.55324891584 0.52671881039 0.50946470760 0.49539604000 0.48418236156 0.48947040698 0.48145118458 0.51378696696 0.51620598324 0.52489679092 0.54915070283 0.58503983134 0.63975899038 0.70573408253 0.78146404076 1.10314240142 -271.5337364847 0.02089515224   -3 
-- Local optimization: stuck in the same solution
---- Best joint likelihood found -271.533736484780093 with gradient 0.02090

---- Results for Mmc/35.polyDFE.config.txt 
--  Model: C
--        eps_an        lambda     theta_bar             a 
-- 0.00217570425 0.01927552015 0.01019162993            -1 
--           S_d             b           p_b           S_b 
-- -87.442784594 0.11913027321 0.02372805286 6.28961269112 
--           r 2           r 3           r 4           r 5           r 6           r 7           r 8           r 9          r 10          r 11          r 12          r 13          r 14          r 15          r 16          r 17          r 18          r 19          r 20 
-- 0.86226756835 0.71716786151 0.61611705887 0.55324891584 0.52671881039 0.50946470760 0.49539604000 0.48418236156 0.48947040698 0.48145118458 0.51378696696 0.51620598324 0.52489679092 0.54915070283 0.58503983134 0.63975899038 0.70573408253 0.78146404076 1.10314240142 

---- Expected P_neut(i), 0 < i < n (neutral SFS per site) 
E[P_neut(1)] = 0.0101703680
E[P_neut(2)] = 0.0043852654
E[P_neut(3)] = 0.0024319035
E[P_neut(4)] = 0.0015672046
E[P_neut(5)] = 0.0011260599
E[P_neut(6)] = 0.0008935720
E[P_neut(7)] = 0.0007410203
E[P_neut(8)] = 0.0006306879
E[P_neut(9)] = 0.0005480673
E[P_neut(10)] = 0.0004988501
E[P_neut(11)] = 0.0004462926
E[P_neut(12)] = 0.0004367843
E[P_neut(13)] = 0.0004054241
E[P_neut(14)] = 0.0003832262
E[P_neut(15)] = 0.0003747578
E[P_neut(16)] = 0.0003752615
E[P_neut(17)] = 0.0003880068
E[P_neut(18)] = 0.0004082784
E[P_neut(19)] = 0.0004404405

---- Expected P_sel(i), 0 < i < n (selected SFS per site) 
E[P_sel(1)] = 0.0072337526
E[P_sel(2)] = 0.0028230369
E[P_sel(3)] = 0.0014902344
E[P_sel(4)] = 0.0009309762
E[P_sel(5)] = 0.0006544206
E[P_sel(6)] = 0.0005108756
E[P_sel(7)] = 0.0004183595
E[P_sel(8)] = 0.0003526120
E[P_sel(9)] = 0.0003041387
E[P_sel(10)] = 0.0002753048
E[P_sel(11)] = 0.0002453934
E[P_sel(12)] = 0.0002397084
E[P_sel(13)] = 0.0002224889
E[P_sel(14)] = 0.0002107316
E[P_sel(15)] = 0.0002069872
E[P_sel(16)] = 0.0002088059
E[P_sel(17)] = 0.0002183667
E[P_sel(18)] = 0.0002337985
E[P_sel(19)] = 0.0002600441

---- Expected D_neut and D_sel (neutral and selected divergence per site) 
E[D_neut] = 0.0198376611
E[D_sel] = 0.0124819625

---- Expected neutral and selected misattributed polymorphism per site
E[mis_neut] = 0.0005621410
E[mis_sel] = 0.0003385469

---- alpha_div = 0.244892
---- alpha_dfe = 0.244862

