---- Running command
---- ./polyDFE -d Mmc/350.polyDFE.config.txt -m C -e 
---- Performing inference using model C

---- Performing inference on Mmc/350.polyDFE.config.txt
---- No mutation variability. Using Poisson likelihood.


---- Calculating initial values

-- Starting local optimization
-- Optimizing all parameters
  it        eps_an        lambda     theta_bar           S_d             b           p_b           S_b           r 2           r 3           r 4           r 5           r 6           r 7           r 8           r 9          r 10          r 11          r 12          r 13          r 14          r 15          r 16          r 17          r 18          r 19          r 20           ln lk          grad status 
   0           0.1 0.01923124080 0.01138140358        -20000         0.208           0.1            20 0.86700010639 0.73288584163 0.64263336227 0.57684502251 0.55171961626 0.53963035407 0.53760664570 0.52540670319 0.55358461453 0.55832486404 0.58944802445 0.62209240402 0.66273902733 0.74785802396 0.86341605437 1.10783061156 1.57036665891             1             1 -1112873.384562 23099.9034748   -2 
 773 0.00040996463 0.01922241973 0.01015275872 -82.104657267 0.12073807658 0.02337681383 6.51043373010 0.86201980550 0.71790613634 0.61864819958 0.55428257221 0.52567232208 0.50636571818 0.49447445442 0.48347566426 0.49214402010 0.48568813222 0.50744281714 0.51506018797   0.526283885 0.55780337636 0.59156173585 0.65462439847 0.71040890233 0.83394429602 1.14178500430 -286.3203144799 0.02890103259   -3 
-- Local optimization: stuck in the same solution
---- Best joint likelihood found -286.320314479933586 with gradient 0.02890

---- Results for Mmc/350.polyDFE.config.txt 
--  Model: C
--        eps_an        lambda     theta_bar             a 
-- 0.00040996463 0.01922241973 0.01015275872            -1 
--           S_d             b           p_b           S_b 
-- -82.104657267 0.12073807658 0.02337681383 6.51043373010 
--           r 2           r 3           r 4           r 5           r 6           r 7           r 8           r 9          r 10          r 11          r 12          r 13          r 14          r 15          r 16          r 17          r 18          r 19          r 20 
-- 0.86201980550 0.71790613634 0.61864819958 0.55428257221 0.52567232208 0.50636571818 0.49447445442 0.48347566426 0.49214402010 0.48568813222 0.50744281714 0.51506018797   0.526283885 0.55780337636 0.59156173585 0.65462439847 0.71040890233 0.83394429602 1.14178500430 

---- Expected P_neut(i), 0 < i < n (neutral SFS per site) 
E[P_neut(1)] = 0.0101487791
E[P_neut(2)] = 0.0043743098
E[P_neut(3)] = 0.0024287402
E[P_neut(4)] = 0.0015697566
E[P_neut(5)] = 0.0011251928
E[P_neut(6)] = 0.0008892958
E[P_neut(7)] = 0.0007342937
E[P_neut(8)] = 0.0006274537
E[P_neut(9)] = 0.0005453615
E[P_neut(10)] = 0.0004996619
E[P_neut(11)] = 0.0004483193
E[P_neut(12)] = 0.0004294100
E[P_neut(13)] = 0.0004023886
E[P_neut(14)] = 0.0003818677
E[P_neut(15)] = 0.0003778562
E[P_neut(16)] = 0.0003758638
E[P_neut(17)] = 0.0003917913
E[P_neut(18)] = 0.0004023303
E[P_neut(19)] = 0.0004496025

---- Expected P_sel(i), 0 < i < n (selected SFS per site) 
E[P_sel(1)] = 0.0072424924
E[P_sel(2)] = 0.0028230020
E[P_sel(3)] = 0.0014910526
E[P_sel(4)] = 0.0009337991
E[P_sel(5)] = 0.0006546096
E[P_sel(6)] = 0.0005088298
E[P_sel(7)] = 0.0004147922
E[P_sel(8)] = 0.0003509299
E[P_sel(9)] = 0.0003026936
E[P_sel(10)] = 0.0002757624
E[P_sel(11)] = 0.0002464831
E[P_sel(12)] = 0.0002356101
E[P_sel(13)] = 0.0002207515
E[P_sel(14)] = 0.0002098966
E[P_sel(15)] = 0.0002085925
E[P_sel(16)] = 0.0002090092
E[P_sel(17)] = 0.0002202950
E[P_sel(18)] = 0.0002299500
E[P_sel(19)] = 0.0002634405

---- Expected D_neut and D_sel (neutral and selected divergence per site) 
E[D_neut] = 0.0198020331
E[D_sel] = 0.0125111057

---- Expected neutral and selected misattributed polymorphism per site
E[mis_neut] = 0.0005796134
E[mis_sel] = 0.0003498633

---- alpha_div = 0.248310
---- alpha_dfe = 0.248164

