---- Running command
---- ./polyDFE -d Mmc/351.polyDFE.config.txt -m C -e 
---- Performing inference using model C

---- Performing inference on Mmc/351.polyDFE.config.txt
---- No mutation variability. Using Poisson likelihood.


---- Calculating initial values

-- Starting local optimization
-- Optimizing all parameters
  it        eps_an        lambda     theta_bar           S_d             b           p_b           S_b           r 2           r 3           r 4           r 5           r 6           r 7           r 8           r 9          r 10          r 11          r 12          r 13          r 14          r 15          r 16          r 17          r 18          r 19          r 20           ln lk          grad status 
   0           0.1 0.01931277477 0.01137424228        -20000         0.208           0.1            20 0.87014584039 0.73511592489 0.63997956953 0.57879150110 0.55761894630 0.53561023575 0.53809684605 0.53263651942 0.54983293741 0.56920159248 0.59077610906 0.61774041839 0.66137466365 0.75264475196 0.86133522424 1.10697155323 1.58413654376             1             1 -1118631.634110 23197.2654576   -2 
 657 0.00061366160 0.01934615358 0.01015131860 -79.967301106 0.12032175586 0.01951602921 7.55543449112 0.86342332825 0.72122092850 0.61877456286 0.55256652260 0.52529620576 0.50754049653 0.49618681509 0.48638243714 0.49478516100 0.48970889985 0.51278227489 0.51057818571 0.52233675975 0.56766476702 0.58855706052 0.64646138448 0.72121693900 0.82737822818 1.06015989891 -298.6322761159 0.04248690022   -3 
-- Local optimization: stuck in the same solution
---- Best joint likelihood found -298.632276115939021 with gradient 0.04249

---- Results for Mmc/351.polyDFE.config.txt 
--  Model: C
--        eps_an        lambda     theta_bar             a 
-- 0.00061366160 0.01934615358 0.01015131860            -1 
--           S_d             b           p_b           S_b 
-- -79.967301106 0.12032175586 0.01951602921 7.55543449112 
--           r 2           r 3           r 4           r 5           r 6           r 7           r 8           r 9          r 10          r 11          r 12          r 13          r 14          r 15          r 16          r 17          r 18          r 19          r 20 
-- 0.86342332825 0.72122092850 0.61877456286 0.55256652260 0.52529620576 0.50754049653 0.49618681509 0.48638243714 0.49478516100 0.48970889985 0.51278227489 0.51057818571 0.52233675975 0.56766476702 0.58855706052 0.64646138448 0.72121693900 0.82737822818 1.06015989891 

---- Expected P_neut(i), 0 < i < n (neutral SFS per site) 
E[P_neut(1)] = 0.0101453604
E[P_neut(2)] = 0.0043800029
E[P_neut(3)] = 0.0024391871
E[P_neut(4)] = 0.0015696099
E[P_neut(5)] = 0.0011214031
E[P_neut(6)] = 0.0008884286
E[P_neut(7)] = 0.0007358223
E[P_neut(8)] = 0.0006294986
E[P_neut(9)] = 0.0005485432
E[P_neut(10)] = 0.0005022722
E[P_neut(11)] = 0.0004519858
E[P_neut(12)] = 0.0004339049
E[P_neut(13)] = 0.0003989025
E[P_neut(14)] = 0.0003790563
E[P_neut(15)] = 0.0003846224
E[P_neut(16)] = 0.0003741489
E[P_neut(17)] = 0.0003872863
E[P_neut(18)] = 0.0004091788
E[P_neut(19)] = 0.0004480098

---- Expected P_sel(i), 0 < i < n (selected SFS per site) 
E[P_sel(1)] = 0.0072527376
E[P_sel(2)] = 0.0028308572
E[P_sel(3)] = 0.0014990995
E[P_sel(4)] = 0.0009343548
E[P_sel(5)] = 0.0006525827
E[P_sel(6)] = 0.0005082506
E[P_sel(7)] = 0.0004153957
E[P_sel(8)] = 0.0003516793
E[P_sel(9)] = 0.0003039570
E[P_sel(10)] = 0.0002765867
E[P_sel(11)] = 0.0002477930
E[P_sel(12)] = 0.0002372418
E[P_sel(13)] = 0.0002179161
E[P_sel(14)] = 0.0002073158
E[P_sel(15)] = 0.0002111073
E[P_sel(16)] = 0.0002067046
E[P_sel(17)] = 0.0002162152
E[P_sel(18)] = 0.0002321575
E[P_sel(19)] = 0.0002609803

---- Expected D_neut and D_sel (neutral and selected divergence per site) 
E[D_neut] = 0.0198842546
E[D_sel] = 0.0125311038

---- Expected neutral and selected misattributed polymorphism per site
E[mis_neut] = 0.0005381010
E[mis_sel] = 0.0003227510

---- alpha_div = 0.239528
---- alpha_dfe = 0.239292

