---- Running command
---- ./polyDFE -d Mmc/352.polyDFE.config.txt -m C -e 
---- Performing inference using model C

---- Performing inference on Mmc/352.polyDFE.config.txt
---- No mutation variability. Using Poisson likelihood.


---- Calculating initial values

-- Starting local optimization
-- Optimizing all parameters
  it        eps_an        lambda     theta_bar           S_d             b           p_b           S_b           r 2           r 3           r 4           r 5           r 6           r 7           r 8           r 9          r 10          r 11          r 12          r 13          r 14          r 15          r 16          r 17          r 18          r 19          r 20           ln lk          grad status 
   0           0.1 0.01927374737 0.01134237310        -20000         0.208           0.1            20 0.87854204090 0.73649556962 0.64072825173 0.58324991106 0.56248500618 0.53782927861 0.54026909736 0.52631912058 0.55902486342 0.55191426509 0.58955437133 0.63169839345 0.67310365615 0.75309842037 0.86334062202 1.11350747118 1.57402164151             1             1 -1116781.983025 23179.8959103   -2 
 841 0.00142765528 0.01928856867 0.01014012255 -70.200628797 0.13008649968 0.02819276058 5.81653812629 0.86789743509 0.72224790201 0.61957898171 0.55644635064 0.52996211749 0.50829618517 0.49697830664 0.48614107649 0.49894810100 0.48116928819 0.50843077858 0.51857780213 0.52604270842 0.55917447102 0.58703471803 0.65044767972 0.69594010194 0.80788092944 1.09061922057 -274.6077950903 0.03510336807   -3 
-- Local optimization: stuck in the same solution
---- Best joint likelihood found -274.607795090341824 with gradient 0.03510

---- Results for Mmc/352.polyDFE.config.txt 
--  Model: C
--        eps_an        lambda     theta_bar             a 
-- 0.00142765528 0.01928856867 0.01014012255            -1 
--           S_d             b           p_b           S_b 
-- -70.200628797 0.13008649968 0.02819276058 5.81653812629 
--           r 2           r 3           r 4           r 5           r 6           r 7           r 8           r 9          r 10          r 11          r 12          r 13          r 14          r 15          r 16          r 17          r 18          r 19          r 20 
-- 0.86789743509 0.72224790201 0.61957898171 0.55644635064 0.52996211749 0.50829618517 0.49697830664 0.48614107649 0.49894810100 0.48116928819 0.50843077858 0.51857780213 0.52604270842 0.55917447102 0.58703471803 0.65044767972 0.69594010194 0.80788092944 1.09061922057 

---- Expected P_neut(i), 0 < i < n (neutral SFS per site) 
E[P_neut(1)] = 0.0101262615
E[P_neut(2)] = 0.0043945708
E[P_neut(3)] = 0.0024382961
E[P_neut(4)] = 0.0015689405
E[P_neut(5)] = 0.0011274154
E[P_neut(6)] = 0.0008949121
E[P_neut(7)] = 0.0007358385
E[P_neut(8)] = 0.0006296417
E[P_neut(9)] = 0.0005475768
E[P_neut(10)] = 0.0005059395
E[P_neut(11)] = 0.0004437047
E[P_neut(12)] = 0.0004299152
E[P_neut(13)] = 0.0004049693
E[P_neut(14)] = 0.0003817445
E[P_neut(15)] = 0.0003790779
E[P_neut(16)] = 0.0003737490
E[P_neut(17)] = 0.0003909089
E[P_neut(18)] = 0.0003977734
E[P_neut(19)] = 0.0004450196

---- Expected P_sel(i), 0 < i < n (selected SFS per site) 
E[P_sel(1)] = 0.0072432959
E[P_sel(2)] = 0.0028290720
E[P_sel(3)] = 0.0014889183
E[P_sel(4)] = 0.0009266687
E[P_sel(5)] = 0.0006504737
E[P_sel(6)] = 0.0005074156
E[P_sel(7)] = 0.0004117099
E[P_sel(8)] = 0.0003487137
E[P_sel(9)] = 0.0003009349
E[P_sel(10)] = 0.0002765112
E[P_sel(11)] = 0.0002416387
E[P_sel(12)] = 0.0002337572
E[P_sel(13)] = 0.0002202928
E[P_sel(14)] = 0.0002082200
E[P_sel(15)] = 0.0002078618
E[P_sel(16)] = 0.0002066826
E[P_sel(17)] = 0.0002189030
E[P_sel(18)] = 0.0002269006
E[P_sel(19)] = 0.0002614791

---- Expected D_neut and D_sel (neutral and selected divergence per site) 
E[D_neut] = 0.0198415193
E[D_sel] = 0.0125156502

---- Expected neutral and selected misattributed polymorphism per site
E[mis_neut] = 0.0005529506
E[mis_sel] = 0.0003332886

---- alpha_div = 0.269748
---- alpha_dfe = 0.269694

