---- Running command
---- ./polyDFE -d Mmc/353.polyDFE.config.txt -m C -e 
---- Performing inference using model C

---- Performing inference on Mmc/353.polyDFE.config.txt
---- No mutation variability. Using Poisson likelihood.


---- Calculating initial values

-- Starting local optimization
-- Optimizing all parameters
  it        eps_an        lambda     theta_bar           S_d             b           p_b           S_b           r 2           r 3           r 4           r 5           r 6           r 7           r 8           r 9          r 10          r 11          r 12          r 13          r 14          r 15          r 16          r 17          r 18          r 19          r 20           ln lk          grad status 
   0           0.1 0.01924874473 0.01134759723        -20000         0.208           0.1            20 0.86944517668 0.73326797792 0.64733332272 0.58231023833 0.55492738114 0.54055894748 0.53900150693 0.52826777735 0.55126265421 0.55181929163 0.59331258666 0.62594471857 0.66438951790 0.74607626102 0.86054822601 1.11238193642 1.57705439321             1             1 -1110926.649598 23093.2147999   -2 
 733 0.00040411093 0.01922519293 0.01012662646 -79.493911695 0.12220848783 0.02126412431 7.25163501387 0.86212027295 0.72085926537 0.62515858754 0.55404148698 0.52833470112 0.50649736268 0.49713283753 0.48275883735 0.49215032591 0.48339175070 0.51440351854 0.51677091538 0.52335160709 0.55712212081 0.58573469225 0.65649657111 0.71503405967 0.83175560636 1.17232022138 -280.5497707672 0.04031929144   -3 
-- Local optimization: stuck in the same solution
---- Best joint likelihood found -280.549770767291193 with gradient 0.04032

---- Results for Mmc/353.polyDFE.config.txt 
--  Model: C
--        eps_an        lambda     theta_bar             a 
-- 0.00040411093 0.01922519293 0.01012662646            -1 
--           S_d             b           p_b           S_b 
-- -79.493911695 0.12220848783 0.02126412431 7.25163501387 
--           r 2           r 3           r 4           r 5           r 6           r 7           r 8           r 9          r 10          r 11          r 12          r 13          r 14          r 15          r 16          r 17          r 18          r 19          r 20 
-- 0.86212027295 0.72085926537 0.62515858754 0.55404148698 0.52833470112 0.50649736268 0.49713283753 0.48275883735 0.49215032591 0.48339175070 0.51440351854 0.51677091538 0.52335160709 0.55712212081 0.58573469225 0.65649657111 0.71503405967 0.83175560636 1.17232022138 

---- Expected P_neut(i), 0 < i < n (neutral SFS per site) 
E[P_neut(1)] = 0.0101227133
E[P_neut(2)] = 0.0043635835
E[P_neut(3)] = 0.0024324656
E[P_neut(4)] = 0.0015821971
E[P_neut(5)] = 0.0011218128
E[P_neut(6)] = 0.0008915007
E[P_neut(7)] = 0.0007325965
E[P_neut(8)] = 0.0006292059
E[P_neut(9)] = 0.0005431513
E[P_neut(10)] = 0.0004983823
E[P_neut(11)] = 0.0004450513
E[P_neut(12)] = 0.0004341766
E[P_neut(13)] = 0.0004026831
E[P_neut(14)] = 0.0003787635
E[P_neut(15)] = 0.0003764193
E[P_neut(16)] = 0.0003712095
E[P_neut(17)] = 0.0003918897
E[P_neut(18)] = 0.0004038727
E[P_neut(19)] = 0.0004472225

---- Expected P_sel(i), 0 < i < n (selected SFS per site) 
E[P_sel(1)] = 0.0072216046
E[P_sel(2)] = 0.0028114211
E[P_sel(3)] = 0.0014895475
E[P_sel(4)] = 0.0009381941
E[P_sel(5)] = 0.0006502107
E[P_sel(6)] = 0.0005079527
E[P_sel(7)] = 0.0004119228
E[P_sel(8)] = 0.0003501451
E[P_sel(9)] = 0.0002998402
E[P_sel(10)] = 0.0002734704
E[P_sel(11)] = 0.0002431879
E[P_sel(12)] = 0.0002366840
E[P_sel(13)] = 0.0002194111
E[P_sel(14)] = 0.0002067136
E[P_sel(15)] = 0.0002062766
E[P_sel(16)] = 0.0002048835
E[P_sel(17)] = 0.0002187271
E[P_sel(18)] = 0.0002292446
E[P_sel(19)] = 0.0002606430

---- Expected D_neut and D_sel (neutral and selected divergence per site) 
E[D_neut] = 0.0198187754
E[D_sel] = 0.0125321301

---- Expected neutral and selected misattributed polymorphism per site
E[mis_neut] = 0.0005935824
E[mis_sel] = 0.0003570138

---- alpha_div = 0.250038
---- alpha_dfe = 0.249814

