---- Running command
---- ./polyDFE -d Mmc/354.polyDFE.config.txt -m C -e 
---- Performing inference using model C

---- Performing inference on Mmc/354.polyDFE.config.txt
---- No mutation variability. Using Poisson likelihood.


---- Calculating initial values

-- Starting local optimization
-- Optimizing all parameters
  it        eps_an        lambda     theta_bar           S_d             b           p_b           S_b           r 2           r 3           r 4           r 5           r 6           r 7           r 8           r 9          r 10          r 11          r 12          r 13          r 14          r 15          r 16          r 17          r 18          r 19          r 20           ln lk          grad status 
   0           0.1 0.01932669568 0.01137901628        -20000         0.208           0.1            20 0.87252736215 0.73461078043 0.64210143366 0.58246499890 0.54858957122 0.53477261844 0.53215239203 0.53503868312 0.55836689640 0.55019118324 0.58842719605 0.62228664067 0.66144661501 0.74830367112 0.85101647835 1.10166069424 1.58141254503             1             1 -1122180.104980 23287.6586299   -2 
 277 0.00268577064 0.01938746499 0.01019196299 -103.72673928 0.10798012464 0.00713156656 17.6712196909 0.86294598667 0.71661706838 0.61701248050 0.55227191895 0.52098287542 0.50351271265 0.48785313608 0.48517732760 0.49556379799 0.47634337945 0.51024612217 0.51561808908 0.52462692951 0.55524292585 0.57904529011 0.63615139827 0.69809428194 0.79216570410 1.00060937013 -297.5421124671 1.86920222810   -3 
-- Local optimization: stuck in the same solution
---- Best joint likelihood found -297.542112467155675 with gradient 1.86920

---- Results for Mmc/354.polyDFE.config.txt 
--  Model: C
--        eps_an        lambda     theta_bar             a 
-- 0.00268577064 0.01938746499 0.01019196299            -1 
--           S_d             b           p_b           S_b 
-- -103.72673928 0.10798012464 0.00713156656 17.6712196909 
--           r 2           r 3           r 4           r 5           r 6           r 7           r 8           r 9          r 10          r 11          r 12          r 13          r 14          r 15          r 16          r 17          r 18          r 19          r 20 
-- 0.86294598667 0.71661706838 0.61701248050 0.55227191895 0.52098287542 0.50351271265 0.48785313608 0.48517732760 0.49556379799 0.47634337945 0.51024612217 0.51561808908 0.52462692951 0.55524292585 0.57904529011 0.63615139827 0.69809428194 0.79216570410 1.00060937013 

---- Expected P_neut(i), 0 < i < n (neutral SFS per site) 
E[P_neut(1)] = 0.0101657310
E[P_neut(2)] = 0.0043868076
E[P_neut(3)] = 0.0024290638
E[P_neut(4)] = 0.0015689103
E[P_neut(5)] = 0.0011237367
E[P_neut(6)] = 0.0008836220
E[P_neut(7)] = 0.0007322286
E[P_neut(8)] = 0.0006210173
E[P_neut(9)] = 0.0005491441
E[P_neut(10)] = 0.0005050768
E[P_neut(11)] = 0.0004416425
E[P_neut(12)] = 0.0004338728
E[P_neut(13)] = 0.0004051264
E[P_neut(14)] = 0.0003832781
E[P_neut(15)] = 0.0003792779
E[P_neut(16)] = 0.0003720823
E[P_neut(17)] = 0.0003869045
E[P_neut(18)] = 0.0004060243
E[P_neut(19)] = 0.0004511648

---- Expected P_sel(i), 0 < i < n (selected SFS per site) 
E[P_sel(1)] = 0.0072168656
E[P_sel(2)] = 0.0028313906
E[P_sel(3)] = 0.0014953689
E[P_sel(4)] = 0.0009369622
E[P_sel(5)] = 0.0006565252
E[P_sel(6)] = 0.0005075669
E[P_sel(7)] = 0.0004149240
E[P_sel(8)] = 0.0003480007
E[P_sel(9)] = 0.0003048915
E[P_sel(10)] = 0.0002782782
E[P_sel(11)] = 0.0002418081
E[P_sel(12)] = 0.0002363845
E[P_sel(13)] = 0.0002199403
E[P_sel(14)] = 0.0002076627
E[P_sel(15)] = 0.0002054740
E[P_sel(16)] = 0.0002020918
E[P_sel(17)] = 0.0002115403
E[P_sel(18)] = 0.0002252425
E[P_sel(19)] = 0.0002598468

---- Expected D_neut and D_sel (neutral and selected divergence per site) 
E[D_neut] = 0.0198973737
E[D_sel] = 0.0125003001

---- Expected neutral and selected misattributed polymorphism per site
E[mis_neut] = 0.0005099087
E[mis_sel] = 0.0002979754

---- alpha_div = 0.201329
---- alpha_dfe = 0.201204

