---- Running command
---- ./polyDFE -d Mmc/355.polyDFE.config.txt -m C -e 
---- Performing inference using model C

---- Performing inference on Mmc/355.polyDFE.config.txt
---- No mutation variability. Using Poisson likelihood.


---- Calculating initial values

-- Starting local optimization
-- Optimizing all parameters
  it        eps_an        lambda     theta_bar           S_d             b           p_b           S_b           r 2           r 3           r 4           r 5           r 6           r 7           r 8           r 9          r 10          r 11          r 12          r 13          r 14          r 15          r 16          r 17          r 18          r 19          r 20           ln lk          grad status 
   0           0.1 0.01928329200 0.01139472078        -20000         0.208           0.1            20 0.86867588089 0.72695547303 0.64223282097 0.58022754652 0.55714185223 0.53803857064 0.54381930982 0.53363305797 0.55074698055 0.55181925585 0.59777989069 0.62056287402 0.65578596544 0.74578539545 0.86603013324 1.09463016217 1.58488393179             1             1 -1112234.806580 23122.9887344   -2 
1179 0.00027557298 0.01921607878 0.01016423178 -75.885814112 0.12534690475 0.02450831768 6.51399664762 0.86229398544 0.71654807348 0.61815238396 0.55203736296 0.52955907192 0.50741492330 0.49721083929 0.48766998666 0.49415556056 0.48215211934 0.51740817785 0.51521649117 0.51655271923 0.55664021598 0.59630254772 0.64973698812 0.71353687343 0.83594421909 1.25829501933 -296.5030702182 0.02097870457   -3 
-- Local optimization: stuck in the same solution
---- Best joint likelihood found -296.503070218212088 with gradient 0.02098

---- Results for Mmc/355.polyDFE.config.txt 
--  Model: C
--        eps_an        lambda     theta_bar             a 
-- 0.00027557298 0.01921607878 0.01016423178            -1 
--           S_d             b           p_b           S_b 
-- -75.885814112 0.12534690475 0.02450831768 6.51399664762 
--           r 2           r 3           r 4           r 5           r 6           r 7           r 8           r 9          r 10          r 11          r 12          r 13          r 14          r 15          r 16          r 17          r 18          r 19          r 20 
-- 0.86229398544 0.71654807348 0.61815238396 0.55203736296 0.52955907192 0.50741492330 0.49721083929 0.48766998666 0.49415556056 0.48215211934 0.51740817785 0.51521649117 0.51655271923 0.55664021598 0.59630254772 0.64973698812 0.71353687343 0.83594421909 1.25829501933 

---- Expected P_neut(i), 0 < i < n (neutral SFS per site) 
E[P_neut(1)] = 0.0101615540
E[P_neut(2)] = 0.0043811814
E[P_neut(3)] = 0.0024271583
E[P_neut(4)] = 0.0015704326
E[P_neut(5)] = 0.0011220018
E[P_neut(6)] = 0.0008969497
E[P_neut(7)] = 0.0007366912
E[P_neut(8)] = 0.0006316675
E[P_neut(9)] = 0.0005507255
E[P_neut(10)] = 0.0005022712
E[P_neut(11)] = 0.0004455477
E[P_neut(12)] = 0.0004383080
E[P_neut(13)] = 0.0004029212
E[P_neut(14)] = 0.0003751697
E[P_neut(15)] = 0.0003773933
E[P_neut(16)] = 0.0003791383
E[P_neut(17)] = 0.0003890371
E[P_neut(18)] = 0.0004040163
E[P_neut(19)] = 0.0004498741

---- Expected P_sel(i), 0 < i < n (selected SFS per site) 
E[P_sel(1)] = 0.0072547151
E[P_sel(2)] = 0.0028210432
E[P_sel(3)] = 0.0014843038
E[P_sel(4)] = 0.0009296110
E[P_sel(5)] = 0.0006490787
E[P_sel(6)] = 0.0005100565
E[P_sel(7)] = 0.0004134357
E[P_sel(8)] = 0.0003508932
E[P_sel(9)] = 0.0003035486
E[P_sel(10)] = 0.0002752544
E[P_sel(11)] = 0.0002432367
E[P_sel(12)] = 0.0002388196
E[P_sel(13)] = 0.0002195428
E[P_sel(14)] = 0.0002048696
E[P_sel(15)] = 0.0002070572
E[P_sel(16)] = 0.0002096447
E[P_sel(17)] = 0.0002176681
E[P_sel(18)] = 0.0002299760
E[P_sel(19)] = 0.0002627625

---- Expected D_neut and D_sel (neutral and selected divergence per site) 
E[D_neut] = 0.0198555589
E[D_sel] = 0.0125622517

---- Expected neutral and selected misattributed polymorphism per site
E[mis_neut] = 0.0006394801
E[mis_sel] = 0.0003856868

---- alpha_div = 0.260109
---- alpha_dfe = 0.259897

