---- Running command
---- ./polyDFE -d Mmc/356.polyDFE.config.txt -m C -e 
---- Performing inference using model C

---- Performing inference on Mmc/356.polyDFE.config.txt
---- No mutation variability. Using Poisson likelihood.


---- Calculating initial values

-- Starting local optimization
-- Optimizing all parameters
  it        eps_an        lambda     theta_bar           S_d             b           p_b           S_b           r 2           r 3           r 4           r 5           r 6           r 7           r 8           r 9          r 10          r 11          r 12          r 13          r 14          r 15          r 16          r 17          r 18          r 19          r 20           ln lk          grad status 
   0           0.1 0.01924359229 0.01135620640        -20000         0.208           0.1            20 0.87383734542 0.73244763806 0.64693339434 0.58518984645 0.56191039825 0.53701805691 0.53712336936 0.53456609746 0.55065030470 0.55538510109 0.58625823318 0.63066899137 0.66438249380 0.75573199131 0.86221178891 1.10165674337 1.58358124146             1             1 -1112402.140250 23077.2352708   -2 
 408 0.00550996476 0.01930304173 0.01018649585 -77.823666434 0.12176457039 0.01911960988 7.93850875829 0.86608153302 0.71931736443 0.62278799184 0.55687598666 0.52937673288 0.50558527944 0.49408835486 0.48417921788 0.49135373623 0.48496670911 0.50328380398 0.51886239043 0.51904503796 0.55685718771 0.57174322440 0.62550202452 0.67711335576 0.72272260553 1.00232401150 -285.0962174223 1.02074017557   -3 
-- Local optimization: stuck in the same solution
---- Best joint likelihood found -285.096217422367772 with gradient 1.02074

---- Results for Mmc/356.polyDFE.config.txt 
--  Model: C
--        eps_an        lambda     theta_bar             a 
-- 0.00550996476 0.01930304173 0.01018649585            -1 
--           S_d             b           p_b           S_b 
-- -77.823666434 0.12176457039 0.01911960988 7.93850875829 
--           r 2           r 3           r 4           r 5           r 6           r 7           r 8           r 9          r 10          r 11          r 12          r 13          r 14          r 15          r 16          r 17          r 18          r 19          r 20 
-- 0.86608153302 0.71931736443 0.62278799184 0.55687598666 0.52937673288 0.50558527944 0.49408835486 0.48417921788 0.49135373623 0.48496670911 0.50328380398 0.51886239043 0.51904503796 0.55685718771 0.57174322440 0.62550202452 0.67711335576 0.72272260553 1.00232401150 

---- Expected P_neut(i), 0 < i < n (neutral SFS per site) 
E[P_neut(1)] = 0.0101325036
E[P_neut(2)] = 0.0043889740
E[P_neut(3)] = 0.0024310485
E[P_neut(4)] = 0.0015792736
E[P_neut(5)] = 0.0011303555
E[P_neut(6)] = 0.0008958778
E[P_neut(7)] = 0.0007339209
E[P_neut(8)] = 0.0006280161
E[P_neut(9)] = 0.0005474650
E[P_neut(10)] = 0.0005005173
E[P_neut(11)] = 0.0004496460
E[P_neut(12)] = 0.0004283373
E[P_neut(13)] = 0.0004083821
E[P_neut(14)] = 0.0003805319
E[P_neut(15)] = 0.0003823291
E[P_neut(16)] = 0.0003707369
E[P_neut(17)] = 0.0003861969
E[P_neut(18)] = 0.0004053836
E[P_neut(19)] = 0.0004414665

---- Expected P_sel(i), 0 < i < n (selected SFS per site) 
E[P_sel(1)] = 0.0072432947
E[P_sel(2)] = 0.0028336797
E[P_sel(3)] = 0.0014915759
E[P_sel(4)] = 0.0009381111
E[P_sel(5)] = 0.0006561789
E[P_sel(6)] = 0.0005111273
E[P_sel(7)] = 0.0004131183
E[P_sel(8)] = 0.0003497769
E[P_sel(9)] = 0.0003023955
E[P_sel(10)] = 0.0002747233
E[P_sel(11)] = 0.0002457004
E[P_sel(12)] = 0.0002334343
E[P_sel(13)] = 0.0002223908
E[P_sel(14)] = 0.0002075189
E[P_sel(15)] = 0.0002093290
E[P_sel(16)] = 0.0002045045
E[P_sel(17)] = 0.0002156760
E[P_sel(18)] = 0.0002312283
E[P_sel(19)] = 0.0002636794

---- Expected D_neut and D_sel (neutral and selected divergence per site) 
E[D_neut] = 0.0198135502
E[D_sel] = 0.0125352825

---- Expected neutral and selected misattributed polymorphism per site
E[mis_neut] = 0.0005105085
E[mis_sel] = 0.0003063881

---- alpha_div = 0.245017
---- alpha_dfe = 0.244854

