---- Running command
---- ./polyDFE -d Mmc/357.polyDFE.config.txt -m C -e 
---- Performing inference using model C

---- Performing inference on Mmc/357.polyDFE.config.txt
---- No mutation variability. Using Poisson likelihood.


---- Calculating initial values

-- Starting local optimization
-- Optimizing all parameters
  it        eps_an        lambda     theta_bar           S_d             b           p_b           S_b           r 2           r 3           r 4           r 5           r 6           r 7           r 8           r 9          r 10          r 11          r 12          r 13          r 14          r 15          r 16          r 17          r 18          r 19          r 20           ln lk          grad status 
   0           0.1 0.01926469620 0.01134619864        -20000         0.208           0.1            20 0.87281216069 0.73808170826 0.63964905011 0.58186388598 0.55945458018 0.54182548393 0.53527365844 0.53197529593 0.55723191637 0.55247069037 0.59312115517 0.63342255882 0.67158017605 0.74123044451 0.86059054999 1.11460194946 1.58833819792             1             1 -1114379.165840 23138.5998474   -2 
 960 0.00196364984 0.01933242081 0.01014973021 -78.278548974 0.12195684678 0.01970117833 7.70402528381 0.86419005698 0.72036467292 0.61596982153 0.55469501116 0.52923341856 0.50758461151 0.49523206473 0.48712924373 0.50013454636 0.48453234678 0.51245275901 0.51761464618 0.52983373819 0.55424971410 0.58492919007 0.64618482625 0.70588982352 0.79709898600 0.98945213114 -278.3642665897 0.12102385175   -3 
-- Local optimization: stuck in the same solution
---- Best joint likelihood found -278.364266589735053 with gradient 0.12102

---- Results for Mmc/357.polyDFE.config.txt 
--  Model: C
--        eps_an        lambda     theta_bar             a 
-- 0.00196364984 0.01933242081 0.01014973021            -1 
--           S_d             b           p_b           S_b 
-- -78.278548974 0.12195684678 0.01970117833 7.70402528381 
--           r 2           r 3           r 4           r 5           r 6           r 7           r 8           r 9          r 10          r 11          r 12          r 13          r 14          r 15          r 16          r 17          r 18          r 19          r 20 
-- 0.86419005698 0.72036467292 0.61596982153 0.55469501116 0.52923341856 0.50758461151 0.49523206473 0.48712924373 0.50013454636 0.48453234678 0.51245275901 0.51761464618 0.52983373819 0.55424971410 0.58492919007 0.64618482625 0.70588982352 0.79709898600 0.98945213114 

---- Expected P_neut(i), 0 < i < n (neutral SFS per site) 
E[P_neut(1)] = 0.0101306358
E[P_neut(2)] = 0.0043778177
E[P_neut(3)] = 0.0024331409
E[P_neut(4)] = 0.0015606413
E[P_neut(5)] = 0.0011245263
E[P_neut(6)] = 0.0008942590
E[P_neut(7)] = 0.0007353265
E[P_neut(8)] = 0.0006279263
E[P_neut(9)] = 0.0005491581
E[P_neut(10)] = 0.0005076231
E[P_neut(11)] = 0.0004472802
E[P_neut(12)] = 0.0004338208
E[P_neut(13)] = 0.0004047785
E[P_neut(14)] = 0.0003851230
E[P_neut(15)] = 0.0003765070
E[P_neut(16)] = 0.0003733951
E[P_neut(17)] = 0.0003898283
E[P_neut(18)] = 0.0004058631
E[P_neut(19)] = 0.0004449017

---- Expected P_sel(i), 0 < i < n (selected SFS per site) 
E[P_sel(1)] = 0.0072370576
E[P_sel(2)] = 0.0028243794
E[P_sel(3)] = 0.0014917729
E[P_sel(4)] = 0.0009263995
E[P_sel(5)] = 0.0006523728
E[P_sel(6)] = 0.0005098963
E[P_sel(7)] = 0.0004136822
E[P_sel(8)] = 0.0003495522
E[P_sel(9)] = 0.0003031941
E[P_sel(10)] = 0.0002785110
E[P_sel(11)] = 0.0002443184
E[P_sel(12)] = 0.0002363420
E[P_sel(13)] = 0.0002203533
E[P_sel(14)] = 0.0002099354
E[P_sel(15)] = 0.0002060267
E[P_sel(16)] = 0.0002057591
E[P_sel(17)] = 0.0002172542
E[P_sel(18)] = 0.0002302921
E[P_sel(19)] = 0.0002607702

---- Expected D_neut and D_sel (neutral and selected divergence per site) 
E[D_neut] = 0.0198345544
E[D_sel] = 0.0125316268

---- Expected neutral and selected misattributed polymorphism per site
E[mis_neut] = 0.0005021336
E[mis_sel] = 0.0003012645

---- alpha_div = 0.245708
---- alpha_dfe = 0.245492

