---- Running command
---- ./polyDFE -d Mmc/358.polyDFE.config.txt -m C -e 
---- Performing inference using model C

---- Performing inference on Mmc/358.polyDFE.config.txt
---- No mutation variability. Using Poisson likelihood.


---- Calculating initial values

-- Starting local optimization
-- Optimizing all parameters
  it        eps_an        lambda     theta_bar           S_d             b           p_b           S_b           r 2           r 3           r 4           r 5           r 6           r 7           r 8           r 9          r 10          r 11          r 12          r 13          r 14          r 15          r 16          r 17          r 18          r 19          r 20           ln lk          grad status 
   0           0.1 0.01932534107 0.01135599140        -20000         0.208           0.1            20 0.87265532708 0.73836339952 0.64352509671 0.58140314732 0.56387211969 0.53865541827 0.53858880715 0.52971976211 0.56124760274 0.55679306773 0.58732502432 0.62687533475 0.66479212969 0.76067785733 0.86388862147 1.11354572426 1.58528174489             1             1 -1118399.702685 23221.5231874   -2 
 835 0.00044752576 0.01930794213 0.01013809331 -79.500607597 0.12197318623 0.02044615515 7.37688231092 0.86464132513 0.72323710942 0.62438186094 0.55442852419 0.53262796884 0.50533849307 0.49660967810 0.48472075750 0.50216613622 0.48765458482 0.50859834132 0.51504869263 0.52517357889 0.56701635968 0.59418410936 0.65318990201 0.71741087501 0.82971010905 1.16031393886 -279.8803938208 0.14217944489   -3 
-- Local optimization: stuck in the same solution
---- Best joint likelihood found -279.880393820800236 with gradient 0.14218

---- Results for Mmc/358.polyDFE.config.txt 
--  Model: C
--        eps_an        lambda     theta_bar             a 
-- 0.00044752576 0.01930794213 0.01013809331            -1 
--           S_d             b           p_b           S_b 
-- -79.500607597 0.12197318623 0.02044615515 7.37688231092 
--           r 2           r 3           r 4           r 5           r 6           r 7           r 8           r 9          r 10          r 11          r 12          r 13          r 14          r 15          r 16          r 17          r 18          r 19          r 20 
-- 0.86464132513 0.72323710942 0.62438186094 0.55442852419 0.53262796884 0.50533849307 0.49660967810 0.48472075750 0.50216613622 0.48765458482 0.50859834132 0.51504869263 0.52517357889 0.56701635968 0.59418410936 0.65318990201 0.71741087501 0.82971010905 1.16031393886 

---- Expected P_neut(i), 0 < i < n (neutral SFS per site) 
E[P_neut(1)] = 0.0101337544
E[P_neut(2)] = 0.0043811266
E[P_neut(3)] = 0.0024431623
E[P_neut(4)] = 0.0015819707
E[P_neut(5)] = 0.0011238380
E[P_neut(6)] = 0.0008997394
E[P_neut(7)] = 0.0007317335
E[P_neut(8)] = 0.0006292451
E[P_neut(9)] = 0.0005459728
E[P_neut(10)] = 0.0005091007
E[P_neut(11)] = 0.0004494876
E[P_neut(12)] = 0.0004297741
E[P_neut(13)] = 0.0004018102
E[P_neut(14)] = 0.0003805368
E[P_neut(15)] = 0.0003835626
E[P_neut(16)] = 0.0003770331
E[P_neut(17)] = 0.0003904548
E[P_neut(18)] = 0.0004058461
E[P_neut(19)] = 0.0004470589

---- Expected P_sel(i), 0 < i < n (selected SFS per site) 
E[P_sel(1)] = 0.0072298025
E[P_sel(2)] = 0.0028228562
E[P_sel(3)] = 0.0014961133
E[P_sel(4)] = 0.0009380165
E[P_sel(5)] = 0.0006513080
E[P_sel(6)] = 0.0005125438
E[P_sel(7)] = 0.0004113152
E[P_sel(8)] = 0.0003500243
E[P_sel(9)] = 0.0003012375
E[P_sel(10)] = 0.0002791640
E[P_sel(11)] = 0.0002454076
E[P_sel(12)] = 0.0002340464
E[P_sel(13)] = 0.0002186678
E[P_sel(14)] = 0.0002073781
E[P_sel(15)] = 0.0002098263
E[P_sel(16)] = 0.0002076716
E[P_sel(17)] = 0.0002174045
E[P_sel(18)] = 0.0002297289
E[P_sel(19)] = 0.0002596865

---- Expected D_neut and D_sel (neutral and selected divergence per site) 
E[D_neut] = 0.0198961107
E[D_sel] = 0.0125290596

---- Expected neutral and selected misattributed polymorphism per site
E[mis_neut] = 0.0005881685
E[mis_sel] = 0.0003524218

---- alpha_div = 0.245431
---- alpha_dfe = 0.245183

