---- Running command
---- ./polyDFE -d Mmc/359.polyDFE.config.txt -m C -e 
---- Performing inference using model C

---- Performing inference on Mmc/359.polyDFE.config.txt
---- No mutation variability. Using Poisson likelihood.


---- Calculating initial values

-- Starting local optimization
-- Optimizing all parameters
  it        eps_an        lambda     theta_bar           S_d             b           p_b           S_b           r 2           r 3           r 4           r 5           r 6           r 7           r 8           r 9          r 10          r 11          r 12          r 13          r 14          r 15          r 16          r 17          r 18          r 19          r 20           ln lk          grad status 
   0           0.1 0.01927836122 0.01136993876        -20000         0.208           0.1            20 0.87319241827 0.73206775502 0.64576170169 0.58290269179 0.56198393944 0.53011143200 0.54172884966 0.53584606724 0.54795803403 0.56115779529 0.59264546224 0.61803433549 0.67765081258 0.74199577811 0.86746646735 1.10342088522  1.5922897305             1             1 -1115663.164593 23164.4785996   -2 
 809 0.00032909751 0.01930094318 0.01014906840 -74.602552642 0.12542942508 0.02320191304 6.78372004584 0.86556950849 0.71727335104 0.62150249636 0.55646841144 0.53309185772 0.50158605765 0.49936031811 0.48785294650 0.49222769489 0.48757701703 0.51278373161 0.51526891918 0.53275503693 0.56052173053 0.59456184221 0.64831654659 0.71802491765 0.83117154949 1.08370675788 -292.2996646672 0.09491724969   -3 
-- Local optimization: stuck in the same solution
---- Best joint likelihood found -292.299664667283650 with gradient 0.09492

---- Results for Mmc/359.polyDFE.config.txt 
--  Model: C
--        eps_an        lambda     theta_bar             a 
-- 0.00032909751 0.01930094318 0.01014906840            -1 
--           S_d             b           p_b           S_b 
-- -74.602552642 0.12542942508 0.02320191304 6.78372004584 
--           r 2           r 3           r 4           r 5           r 6           r 7           r 8           r 9          r 10          r 11          r 12          r 13          r 14          r 15          r 16          r 17          r 18          r 19          r 20 
-- 0.86556950849 0.71727335104 0.62150249636 0.55646841144 0.53309185772 0.50158605765 0.49936031811 0.48785294650 0.49222769489 0.48757701703 0.51278373161 0.51526891918 0.53275503693 0.56052173053 0.59456184221 0.64831654659 0.71802491765 0.83117154949 1.08370675788 

---- Expected P_neut(i), 0 < i < n (neutral SFS per site) 
E[P_neut(1)] = 0.0101458745
E[P_neut(2)] = 0.0043910498
E[P_neut(3)] = 0.0024258809
E[P_neut(4)] = 0.0015765230
E[P_neut(5)] = 0.0011292803
E[P_neut(6)] = 0.0009015613
E[P_neut(7)] = 0.0007271261
E[P_neut(8)] = 0.0006334395
E[P_neut(9)] = 0.0005501062
E[P_neut(10)] = 0.0004995653
E[P_neut(11)] = 0.0004498923
E[P_neut(12)] = 0.0004337555
E[P_neut(13)] = 0.0004023761
E[P_neut(14)] = 0.0003863816
E[P_neut(15)] = 0.0003794985
E[P_neut(16)] = 0.0003775354
E[P_neut(17)] = 0.0003877188
E[P_neut(18)] = 0.0004061614
E[P_neut(19)] = 0.0004471738

---- Expected P_sel(i), 0 < i < n (selected SFS per site) 
E[P_sel(1)] = 0.0072513304
E[P_sel(2)] = 0.0028298929
E[P_sel(3)] = 0.0014845102
E[P_sel(4)] = 0.0009336529
E[P_sel(5)] = 0.0006534720
E[P_sel(6)] = 0.0005127268
E[P_sel(7)] = 0.0004080286
E[P_sel(8)] = 0.0003517749
E[P_sel(9)] = 0.0003030565
E[P_sel(10)] = 0.0002735758
E[P_sel(11)] = 0.0002453761
E[P_sel(12)] = 0.0002360569
E[P_sel(13)] = 0.0002189259
E[P_sel(14)] = 0.0002106249
E[P_sel(15)] = 0.0002077890
E[P_sel(16)] = 0.0002082729
E[P_sel(17)] = 0.0002163681
E[P_sel(18)] = 0.0002305596
E[P_sel(19)] = 0.0002605323

---- Expected D_neut and D_sel (neutral and selected divergence per site) 
E[D_neut] = 0.0198508739
E[D_sel] = 0.0125372967

---- Expected neutral and selected misattributed polymorphism per site
E[mis_neut] = 0.0005499307
E[mis_sel] = 0.0003307596

---- alpha_div = 0.256507
---- alpha_dfe = 0.256173

