---- Running command
---- ./polyDFE -d Mmc/36.polyDFE.config.txt -m C -e 
---- Performing inference using model C

---- Performing inference on Mmc/36.polyDFE.config.txt
---- No mutation variability. Using Poisson likelihood.


---- Calculating initial values

-- Starting local optimization
-- Optimizing all parameters
  it        eps_an        lambda     theta_bar           S_d             b           p_b           S_b           r 2           r 3           r 4           r 5           r 6           r 7           r 8           r 9          r 10          r 11          r 12          r 13          r 14          r 15          r 16          r 17          r 18          r 19          r 20           ln lk          grad status 
   0           0.1 0.01926911992 0.01135929153        -20000         0.208           0.1            20 0.87352553577 0.73534735718 0.63991316770 0.58207468055 0.56222460374 0.53966841032 0.53889376057 0.52842003376 0.55052071375 0.55018949840 0.59411227226 0.62256392296 0.66787575981 0.75829849025 0.86935198146 1.10264216415 1.57190130911             1             1 -1115047.527487 23174.2690790   -2 
 239 0.00450446396 0.01932392729 0.01018950186 -90.570291467 0.11210535257 0.00625310441 21.2267157241 0.86184111503 0.71577231997 0.61574270142 0.55266073593 0.52918781484 0.50596959590 0.49394564931 0.48163188924 0.48913792429 0.47967755371 0.51307457796 0.51467351320 0.52389216692 0.56438347841 0.58933212881 0.64104637996 0.68600563706 0.75192846891 1.00292518386 -299.9956574346 0.82131440588   -3 
-- Local optimization: stuck in the same solution
---- Best joint likelihood found -299.995657434643363 with gradient 0.82131

---- Results for Mmc/36.polyDFE.config.txt 
--  Model: C
--        eps_an        lambda     theta_bar             a 
-- 0.00450446396 0.01932392729 0.01018950186            -1 
--           S_d             b           p_b           S_b 
-- -90.570291467 0.11210535257 0.00625310441 21.2267157241 
--           r 2           r 3           r 4           r 5           r 6           r 7           r 8           r 9          r 10          r 11          r 12          r 13          r 14          r 15          r 16          r 17          r 18          r 19          r 20 
-- 0.86184111503 0.71577231997 0.61574270142 0.55266073593 0.52918781484 0.50596959590 0.49394564931 0.48163188924 0.48913792429 0.47967755371 0.51307457796 0.51467351320 0.52389216692 0.56438347841 0.58933212881 0.64104637996 0.68600563706 0.75192846891 1.00292518386 

---- Expected P_neut(i), 0 < i < n (neutral SFS per site) 
E[P_neut(1)] = 0.0101454201
E[P_neut(2)] = 0.0043728366
E[P_neut(3)] = 0.0024219010
E[P_neut(4)] = 0.0015631531
E[P_neut(5)] = 0.0011229212
E[P_neut(6)] = 0.0008963628
E[P_neut(7)] = 0.0007350107
E[P_neut(8)] = 0.0006282610
E[P_neut(9)] = 0.0005448329
E[P_neut(10)] = 0.0004984072
E[P_neut(11)] = 0.0004447889
E[P_neut(12)] = 0.0004365360
E[P_neut(13)] = 0.0004049056
E[P_neut(14)] = 0.0003836306
E[P_neut(15)] = 0.0003867321
E[P_neut(16)] = 0.0003806873
E[P_neut(17)] = 0.0003934521
E[P_neut(18)] = 0.0004063657
E[P_neut(19)] = 0.0004473332

---- Expected P_sel(i), 0 < i < n (selected SFS per site) 
E[P_sel(1)] = 0.0072328146
E[P_sel(2)] = 0.0028263793
E[P_sel(3)] = 0.0014903359
E[P_sel(4)] = 0.0009319368
E[P_sel(5)] = 0.0006542869
E[P_sel(6)] = 0.0005130896
E[P_sel(7)] = 0.0004147587
E[P_sel(8)] = 0.0003503707
E[P_sel(9)] = 0.0003008767
E[P_sel(10)] = 0.0002729881
E[P_sel(11)] = 0.0002419773
E[P_sel(12)] = 0.0002362052
E[P_sel(13)] = 0.0002182146
E[P_sel(14)] = 0.0002062504
E[P_sel(15)] = 0.0002078155
E[P_sel(16)] = 0.0002050563
E[P_sel(17)] = 0.0002134149
E[P_sel(18)] = 0.0002241323
E[P_sel(19)] = 0.0002587496

---- Expected D_neut and D_sel (neutral and selected divergence per site) 
E[D_neut] = 0.0198348927
E[D_sel] = 0.0125297132

---- Expected neutral and selected misattributed polymorphism per site
E[mis_neut] = 0.0005109654
E[mis_sel] = 0.0002968150

---- alpha_div = 0.210193
---- alpha_dfe = 0.210390

