---- Running command
---- ./polyDFE -d Mmc/360.polyDFE.config.txt -m C -e 
---- Performing inference using model C

---- Performing inference on Mmc/360.polyDFE.config.txt
---- No mutation variability. Using Poisson likelihood.


---- Calculating initial values

-- Starting local optimization
-- Optimizing all parameters
  it        eps_an        lambda     theta_bar           S_d             b           p_b           S_b           r 2           r 3           r 4           r 5           r 6           r 7           r 8           r 9          r 10          r 11          r 12          r 13          r 14          r 15          r 16          r 17          r 18          r 19          r 20           ln lk          grad status 
   0           0.1 0.01926980734 0.01133477340        -20000         0.208           0.1            20 0.87601670809 0.73195423117 0.64883845489 0.58687975564 0.55680297508 0.54117924499 0.54097803224 0.52809480803 0.55915564250 0.56216237160 0.59951332633 0.62181794384 0.66628387247 0.75260460185 0.86255225067 1.10841561991 1.59348582871             1             1 -1116521.540325 23156.1436645   -2 
 787 0.00187236312 0.01927936071 0.01012849043 -74.353075438 0.12608379633 0.02749222069 5.76490496514 0.86749742683 0.72160214110 0.62401089033 0.55949216556 0.52981303643 0.50961463176 0.49824426895 0.48475947240 0.49965963897 0.48890865317 0.51348635653 0.51299394878 0.52437236535 0.55999843461 0.57992626416 0.64333697977 0.71218336636 0.79672884960 1.10124613912 -272.9651730304 0.03997395983   -8 
-- Local optimization: reached maximum number of likelihood evaluations allowed.
---- Best joint likelihood found -272.965173030417645 with gradient 0.03997

---- Results for Mmc/360.polyDFE.config.txt 
--  Model: C
--        eps_an        lambda     theta_bar             a 
-- 0.00187236312 0.01927936071 0.01012849043            -1 
--           S_d             b           p_b           S_b 
-- -74.353075438 0.12608379633 0.02749222069 5.76490496514 
--           r 2           r 3           r 4           r 5           r 6           r 7           r 8           r 9          r 10          r 11          r 12          r 13          r 14          r 15          r 16          r 17          r 18          r 19          r 20 
-- 0.86749742683 0.72160214110 0.62401089033 0.55949216556 0.52981303643 0.50961463176 0.49824426895 0.48475947240 0.49965963897 0.48890865317 0.51348635653 0.51299394878 0.52437236535 0.55999843461 0.57992626416 0.64333697977 0.71218336636 0.79672884960 1.10124613912 

---- Expected P_neut(i), 0 < i < n (neutral SFS per site) 
E[P_neut(1)] = 0.0101103214
E[P_neut(2)] = 0.0043857443
E[P_neut(3)] = 0.0024324029
E[P_neut(4)] = 0.0015778010
E[P_neut(5)] = 0.0011319481
E[P_neut(6)] = 0.0008934034
E[P_neut(7)] = 0.0007367430
E[P_neut(8)] = 0.0006304382
E[P_neut(9)] = 0.0005453638
E[P_neut(10)] = 0.0005060798
E[P_neut(11)] = 0.0004503519
E[P_neut(12)] = 0.0004337731
E[P_neut(13)] = 0.0004003134
E[P_neut(14)] = 0.0003803286
E[P_neut(15)] = 0.0003795433
E[P_neut(16)] = 0.0003693822
E[P_neut(17)] = 0.0003871399
E[P_neut(18)] = 0.0004082166
E[P_neut(19)] = 0.0004428880

---- Expected P_sel(i), 0 < i < n (selected SFS per site) 
E[P_sel(1)] = 0.0072342002
E[P_sel(2)] = 0.0028309566
E[P_sel(3)] = 0.0014914254
E[P_sel(4)] = 0.0009365980
E[P_sel(5)] = 0.0006568047
E[P_sel(6)] = 0.0005096837
E[P_sel(7)] = 0.0004149035
E[P_sel(8)] = 0.0003515216
E[P_sel(9)] = 0.0003018046
E[P_sel(10)] = 0.0002785438
E[P_sel(11)] = 0.0002470045
E[P_sel(12)] = 0.0002375291
E[P_sel(13)] = 0.0002192869
E[P_sel(14)] = 0.0002088678
E[P_sel(15)] = 0.0002094889
E[P_sel(16)] = 0.0002055453
E[P_sel(17)] = 0.0002180524
E[P_sel(18)] = 0.0002340976
E[P_sel(19)] = 0.0002617539

---- Expected D_neut and D_sel (neutral and selected divergence per site) 
E[D_neut] = 0.0198370588
E[D_sel] = 0.0125175804

---- Expected neutral and selected misattributed polymorphism per site
E[mis_neut] = 0.0005576980
E[mis_sel] = 0.0003369337

---- alpha_div = 0.260771
---- alpha_dfe = 0.260727

