---- Running command
---- ./polyDFE -d Mmc/361.polyDFE.config.txt -m C -e 
---- Performing inference using model C

---- Performing inference on Mmc/361.polyDFE.config.txt
---- No mutation variability. Using Poisson likelihood.


---- Calculating initial values

-- Starting local optimization
-- Optimizing all parameters
  it        eps_an        lambda     theta_bar           S_d             b           p_b           S_b           r 2           r 3           r 4           r 5           r 6           r 7           r 8           r 9          r 10          r 11          r 12          r 13          r 14          r 15          r 16          r 17          r 18          r 19          r 20           ln lk          grad status 
   0           0.1 0.01924344056 0.01135932949        -20000         0.208           0.1            20 0.87441086709 0.73280199647 0.64680088783 0.58526316827 0.55436788770 0.53425503812 0.53545116195 0.52937827582 0.55433787126 0.55199596729 0.59040170755 0.62604477797 0.66498829976 0.75093373985 0.87144364829 1.12025040158 1.57863775539             1             1 -1110549.746495 23074.5517926   -2 
 936 0.00041891148 0.01925929975 0.01014421002 -84.456554238 0.11900624988 0.02049908327 7.34701056110 0.86454619722 0.71924434996 0.62259779196 0.55916772534 0.52590628537 0.50414767319 0.49465091440 0.48516491496 0.49449722560 0.48152769503 0.51082215871 0.51598850806 0.52315497604 0.56019902780 0.59594406980 0.65993382049 0.71568043688 0.83519994264 1.09224402373 -275.4517778399 0.02993929262   -3 
-- Local optimization: stuck in the same solution
---- Best joint likelihood found -275.451777839989518 with gradient 0.02994

---- Results for Mmc/361.polyDFE.config.txt 
--  Model: C
--        eps_an        lambda     theta_bar             a 
-- 0.00041891148 0.01925929975 0.01014421002            -1 
--           S_d             b           p_b           S_b 
-- -84.456554238 0.11900624988 0.02049908327 7.34701056110 
--           r 2           r 3           r 4           r 5           r 6           r 7           r 8           r 9          r 10          r 11          r 12          r 13          r 14          r 15          r 16          r 17          r 18          r 19          r 20 
-- 0.86454619722 0.71924434996 0.62259779196 0.55916772534 0.52590628537 0.50414767319 0.49465091440 0.48516491496 0.49449722560 0.48152769503 0.51082215871 0.51598850806 0.52315497604 0.56019902780 0.59594406980 0.65993382049 0.71568043688 0.83519994264 1.09224402373 

---- Expected P_neut(i), 0 < i < n (neutral SFS per site) 
E[P_neut(1)] = 0.0101401473
E[P_neut(2)] = 0.0043834011
E[P_neut(3)] = 0.0024312014
E[P_neut(4)] = 0.0015784375
E[P_neut(5)] = 0.0011341464
E[P_neut(6)] = 0.0008889370
E[P_neut(7)] = 0.0007304597
E[P_neut(8)] = 0.0006271485
E[P_neut(9)] = 0.0005468030
E[P_neut(10)] = 0.0005016284
E[P_neut(11)] = 0.0004441083
E[P_neut(12)] = 0.0004319058
E[P_neut(13)] = 0.0004027755
E[P_neut(14)] = 0.0003792847
E[P_neut(15)] = 0.0003791683
E[P_neut(16)] = 0.0003783395
E[P_neut(17)] = 0.0003946484
E[P_neut(18)] = 0.0004050020
E[P_neut(19)] = 0.0004499808

---- Expected P_sel(i), 0 < i < n (selected SFS per site) 
E[P_sel(1)] = 0.0072293076
E[P_sel(2)] = 0.0028276662
E[P_sel(3)] = 0.0014923148
E[P_sel(4)] = 0.0009388863
E[P_sel(5)] = 0.0006597524
E[P_sel(6)] = 0.0005085272
E[P_sel(7)] = 0.0004124866
E[P_sel(8)] = 0.0003505714
E[P_sel(9)] = 0.0003032580
E[P_sel(10)] = 0.0002765539
E[P_sel(11)] = 0.0002438295
E[P_sel(12)] = 0.0002365648
E[P_sel(13)] = 0.0002204892
E[P_sel(14)] = 0.0002079412
E[P_sel(15)] = 0.0002086899
E[P_sel(16)] = 0.0002096738
E[P_sel(17)] = 0.0002210905
E[P_sel(18)] = 0.0002306415
E[P_sel(19)] = 0.0002629704

---- Expected D_neut and D_sel (neutral and selected divergence per site) 
E[D_neut] = 0.0198132974
E[D_sel] = 0.0125443319

---- Expected neutral and selected misattributed polymorphism per site
E[mis_neut] = 0.0005539976
E[mis_sel] = 0.0003338591

---- alpha_div = 0.243734
---- alpha_dfe = 0.243573

