---- Running command
---- ./polyDFE -d Mmc/362.polyDFE.config.txt -m C -e 
---- Performing inference using model C

---- Performing inference on Mmc/362.polyDFE.config.txt
---- No mutation variability. Using Poisson likelihood.


---- Calculating initial values

-- Starting local optimization
-- Optimizing all parameters
  it        eps_an        lambda     theta_bar           S_d             b           p_b           S_b           r 2           r 3           r 4           r 5           r 6           r 7           r 8           r 9          r 10          r 11          r 12          r 13          r 14          r 15          r 16          r 17          r 18          r 19          r 20           ln lk          grad status 
   0           0.1 0.01926744508 0.01135684780        -20000         0.208           0.1            20 0.87425927529 0.73264077101 0.64076179926 0.58230613659 0.55861672133 0.53723078296 0.52925575946 0.53241690498 0.55192702189 0.56222233317 0.59485960827 0.62047846081 0.66680474719 0.74950038456 0.86607594766 1.10809565385 1.58360067720             1             1 -1116638.133134 23161.6921490   -2 
 401 0.00513062076 0.01932001332 0.01019149212 -78.373628858 0.12157498227 0.02031650216 7.40615438835 0.86386353481 0.71770090288 0.61658792047 0.55287107714 0.52768603448 0.50516628843 0.49080262975 0.48409243830 0.49348794292 0.48656599257 0.51222195717 0.50552129395 0.51924963653 0.55154554365 0.58190574253 0.63427652379 0.67677615276 0.73297340555 1.01439231140 -274.6659958506 0.21340128617   -3 
-- Local optimization: stuck in the same solution
---- Best joint likelihood found -274.665995850678883 with gradient 0.21340

---- Results for Mmc/362.polyDFE.config.txt 
--  Model: C
--        eps_an        lambda     theta_bar             a 
-- 0.00513062076 0.01932001332 0.01019149212            -1 
--           S_d             b           p_b           S_b 
-- -78.373628858 0.12157498227 0.02031650216 7.40615438835 
--           r 2           r 3           r 4           r 5           r 6           r 7           r 8           r 9          r 10          r 11          r 12          r 13          r 14          r 15          r 16          r 17          r 18          r 19          r 20 
-- 0.86386353481 0.71770090288 0.61658792047 0.55287107714 0.52768603448 0.50516628843 0.49080262975 0.48409243830 0.49348794292 0.48656599257 0.51222195717 0.50552129395 0.51924963653 0.55154554365 0.58190574253 0.63427652379 0.67677615276 0.73297340555 1.01439231140 

---- Expected P_neut(i), 0 < i < n (neutral SFS per site) 
E[P_neut(1)] = 0.0101412206
E[P_neut(2)] = 0.0043814100
E[P_neut(3)] = 0.0024275894
E[P_neut(4)] = 0.0015648293
E[P_neut(5)] = 0.0011230571
E[P_neut(6)] = 0.0008936587
E[P_neut(7)] = 0.0007337453
E[P_neut(8)] = 0.0006242754
E[P_neut(9)] = 0.0005476809
E[P_neut(10)] = 0.0005029378
E[P_neut(11)] = 0.0004513027
E[P_neut(12)] = 0.0004360015
E[P_neut(13)] = 0.0003980491
E[P_neut(14)] = 0.0003806542
E[P_neut(15)] = 0.0003785973
E[P_neut(16)] = 0.0003768139
E[P_neut(17)] = 0.0003908068
E[P_neut(18)] = 0.0004038058
E[P_neut(19)] = 0.0004434343

---- Expected P_sel(i), 0 < i < n (selected SFS per site) 
E[P_sel(1)] = 0.0072506481
E[P_sel(2)] = 0.0028302176
E[P_sel(3)] = 0.0014905784
E[P_sel(4)] = 0.0009304249
E[P_sel(5)] = 0.0006526925
E[P_sel(6)] = 0.0005105372
E[P_sel(7)] = 0.0004136391
E[P_sel(8)] = 0.0003482732
E[P_sel(9)] = 0.0003030717
E[P_sel(10)] = 0.0002766085
E[P_sel(11)] = 0.0002471465
E[P_sel(12)] = 0.0002381734
E[P_sel(13)] = 0.0002173166
E[P_sel(14)] = 0.0002081446
E[P_sel(15)] = 0.0002078697
E[P_sel(16)] = 0.0002084375
E[P_sel(17)] = 0.0002188247
E[P_sel(18)] = 0.0002307953
E[P_sel(19)] = 0.0002647057

---- Expected D_neut and D_sel (neutral and selected divergence per site) 
E[D_neut] = 0.0198369219
E[D_sel] = 0.0125222852

---- Expected neutral and selected misattributed polymorphism per site
E[mis_neut] = 0.0005169086
E[mis_sel] = 0.0003104584

---- alpha_div = 0.244138
---- alpha_dfe = 0.243999

