---- Running command
---- ./polyDFE -d Mmc/363.polyDFE.config.txt -m C -e 
---- Performing inference using model C

---- Performing inference on Mmc/363.polyDFE.config.txt
---- No mutation variability. Using Poisson likelihood.


---- Calculating initial values

-- Starting local optimization
-- Optimizing all parameters
  it        eps_an        lambda     theta_bar           S_d             b           p_b           S_b           r 2           r 3           r 4           r 5           r 6           r 7           r 8           r 9          r 10          r 11          r 12          r 13          r 14          r 15          r 16          r 17          r 18          r 19          r 20           ln lk          grad status 
   0           0.1 0.01928377177 0.01133680264        -20000         0.208           0.1            20 0.87701283805 0.73404293973 0.64886915915 0.58447294347 0.55911290350 0.53733336906 0.53845708662 0.53917971538 0.55408840121 0.56318905772 0.58716995688 0.63307393474 0.67595312057 0.75699057782 0.86669068195 1.10354169069 1.58723503918             1             1 -1117991.731610 23176.5122017   -2 
 876 0.00083696081 0.01927737105 0.01012296254 -72.247691187 0.12673430178 0.02365846636 6.61847325460 0.86900366604 0.72126791150 0.62416781450 0.55829648186 0.53058335357 0.50665693598 0.49624366955 0.49253308052 0.49764529067 0.48823585573 0.50902413577 0.52670256057 0.53108223756 0.56267816971 0.58866170903 0.64532960670 0.71292732170 0.81976306312 1.13532518183 -277.9205076112 0.01936804514   -3 
-- Local optimization: stuck in the same solution
---- Best joint likelihood found -277.920507611270295 with gradient 0.01937

---- Results for Mmc/363.polyDFE.config.txt 
--  Model: C
--        eps_an        lambda     theta_bar             a 
-- 0.00083696081 0.01927737105 0.01012296254            -1 
--           S_d             b           p_b           S_b 
-- -72.247691187 0.12673430178 0.02365846636 6.61847325460 
--           r 2           r 3           r 4           r 5           r 6           r 7           r 8           r 9          r 10          r 11          r 12          r 13          r 14          r 15          r 16          r 17          r 18          r 19          r 20 
-- 0.86900366604 0.72126791150 0.62416781450 0.55829648186 0.53058335357 0.50665693598 0.49624366955 0.49253308052 0.49764529067 0.48823585573 0.50902413577 0.52670256057 0.53108223756 0.56267816971 0.58866170903 0.64532960670 0.71292732170 0.81976306312 1.13532518183 

---- Expected P_neut(i), 0 < i < n (neutral SFS per site) 
E[P_neut(1)] = 0.0101148556
E[P_neut(2)] = 0.0043951000
E[P_neut(3)] = 0.0024320740
E[P_neut(4)] = 0.0015785965
E[P_neut(5)] = 0.0011296947
E[P_neut(6)] = 0.0008947514
E[P_neut(7)] = 0.0007324256
E[P_neut(8)] = 0.0006277658
E[P_neut(9)] = 0.0005539006
E[P_neut(10)] = 0.0005037645
E[P_neut(11)] = 0.0004493961
E[P_neut(12)] = 0.0004295688
E[P_neut(13)] = 0.0004104077
E[P_neut(14)] = 0.0003844368
E[P_neut(15)] = 0.0003803596
E[P_neut(16)] = 0.0003734479
E[P_neut(17)] = 0.0003859887
E[P_neut(18)] = 0.0004042867
E[P_neut(19)] = 0.0004448665

---- Expected P_sel(i), 0 < i < n (selected SFS per site) 
E[P_sel(1)] = 0.0072390038
E[P_sel(2)] = 0.0028346051
E[P_sel(3)] = 0.0014887668
E[P_sel(4)] = 0.0009349078
E[P_sel(5)] = 0.0006535985
E[P_sel(6)] = 0.0005086902
E[P_sel(7)] = 0.0004108240
E[P_sel(8)] = 0.0003484433
E[P_sel(9)] = 0.0003049692
E[P_sel(10)] = 0.0002757023
E[P_sel(11)] = 0.0002449441
E[P_sel(12)] = 0.0002336202
E[P_sel(13)] = 0.0002231428
E[P_sel(14)] = 0.0002094218
E[P_sel(15)] = 0.0002081201
E[P_sel(16)] = 0.0002058854
E[P_sel(17)] = 0.0002152788
E[P_sel(18)] = 0.0002294275
E[P_sel(19)] = 0.0002595102

---- Expected D_neut and D_sel (neutral and selected divergence per site) 
E[D_neut] = 0.0198520138
E[D_sel] = 0.0124998740

---- Expected neutral and selected misattributed polymorphism per site
E[mis_neut] = 0.0005746427
E[mis_sel] = 0.0003449545

---- alpha_div = 0.256072
---- alpha_dfe = 0.255954

