---- Running command
---- ./polyDFE -d Mmc/364.polyDFE.config.txt -m C -e 
---- Performing inference using model C

---- Performing inference on Mmc/364.polyDFE.config.txt
---- No mutation variability. Using Poisson likelihood.


---- Calculating initial values

-- Starting local optimization
-- Optimizing all parameters
  it        eps_an        lambda     theta_bar           S_d             b           p_b           S_b           r 2           r 3           r 4           r 5           r 6           r 7           r 8           r 9          r 10          r 11          r 12          r 13          r 14          r 15          r 16          r 17          r 18          r 19          r 20           ln lk          grad status 
   0           0.1 0.01927160807 0.01137639933        -20000         0.208           0.1            20 0.87213630153 0.73467864313 0.64515253197 0.57929817338 0.55456494179 0.54365991660 0.53628143162 0.53244541953 0.54595113783 0.55751245220 0.59232254398 0.62884729589 0.65147830021 0.74720962057 0.85878908773 1.10108654858 1.58341306374             1             1 -1116586.537677 23179.0499242   -2 
1468 0.00034478248 0.01924543547 0.01015311114 -79.718792500 0.12308815800 0.02489676735 6.23137709077 0.86531432180 0.72052666242 0.62224979434 0.55232617644 0.52586661357 0.50936200868 0.49581106370 0.48680610762 0.49140671239 0.48788704666 0.51263723837 0.51593316860 0.51816054677 0.55902149630 0.58468078194 0.64520697857 0.71200546776 0.83555673682 1.17762642565 -279.8886410894 0.01201457404   -3 
-- Local optimization: stuck in the same solution
---- Best joint likelihood found -279.888641089492012 with gradient 0.01201

---- Results for Mmc/364.polyDFE.config.txt 
--  Model: C
--        eps_an        lambda     theta_bar             a 
-- 0.00034478248 0.01924543547 0.01015311114            -1 
--           S_d             b           p_b           S_b 
-- -79.718792500 0.12308815800 0.02489676735 6.23137709077 
--           r 2           r 3           r 4           r 5           r 6           r 7           r 8           r 9          r 10          r 11          r 12          r 13          r 14          r 15          r 16          r 17          r 18          r 19          r 20 
-- 0.86531432180 0.72052666242 0.62224979434 0.55232617644 0.52586661357 0.50936200868 0.49581106370 0.48680610762 0.49140671239 0.48788704666 0.51263723837 0.51593316860 0.51816054677 0.55902149630 0.58468078194 0.64520697857 0.71200546776 0.83555673682 1.17762642565 

---- Expected P_neut(i), 0 < i < n (neutral SFS per site) 
E[P_neut(1)] = 0.0101497645
E[P_neut(2)] = 0.0043914401
E[P_neut(3)] = 0.0024378212
E[P_neut(4)] = 0.0015790262
E[P_neut(5)] = 0.0011213096
E[P_neut(6)] = 0.0008896864
E[P_neut(7)] = 0.0007386855
E[P_neut(8)] = 0.0006291857
E[P_neut(9)] = 0.0005491433
E[P_neut(10)] = 0.0004989307
E[P_neut(11)] = 0.0004503588
E[P_neut(12)] = 0.0004338060
E[P_neut(13)] = 0.0004030640
E[P_neut(14)] = 0.0003759588
E[P_neut(15)] = 0.0003786434
E[P_neut(16)] = 0.0003714372
E[P_neut(17)] = 0.0003860525
E[P_neut(18)] = 0.0004029911
E[P_neut(19)] = 0.0004498467

---- Expected P_sel(i), 0 < i < n (selected SFS per site) 
E[P_sel(1)] = 0.0072391083
E[P_sel(2)] = 0.0028288299
E[P_sel(3)] = 0.0014928113
E[P_sel(4)] = 0.0009365265
E[P_sel(5)] = 0.0006502464
E[P_sel(6)] = 0.0005073318
E[P_sel(7)] = 0.0004158273
E[P_sel(8)] = 0.0003506705
E[P_sel(9)] = 0.0003037364
E[P_sel(10)] = 0.0002744238
E[P_sel(11)] = 0.0002467915
E[P_sel(12)] = 0.0002372774
E[P_sel(13)] = 0.0002204734
E[P_sel(14)] = 0.0002060914
E[P_sel(15)] = 0.0002085205
E[P_sel(16)] = 0.0002061099
E[P_sel(17)] = 0.0002166759
E[P_sel(18)] = 0.0002299674
E[P_sel(19)] = 0.0002631427

---- Expected D_neut and D_sel (neutral and selected divergence per site) 
E[D_neut] = 0.0198432641
E[D_sel] = 0.0125150870

---- Expected neutral and selected misattributed polymorphism per site
E[mis_neut] = 0.0005978286
E[mis_sel] = 0.0003604182

---- alpha_div = 0.254289
---- alpha_dfe = 0.254051

