---- Running command
---- ./polyDFE -d Mmc/365.polyDFE.config.txt -m C -e 
---- Performing inference using model C

---- Performing inference on Mmc/365.polyDFE.config.txt
---- No mutation variability. Using Poisson likelihood.


---- Calculating initial values

-- Starting local optimization
-- Optimizing all parameters
  it        eps_an        lambda     theta_bar           S_d             b           p_b           S_b           r 2           r 3           r 4           r 5           r 6           r 7           r 8           r 9          r 10          r 11          r 12          r 13          r 14          r 15          r 16          r 17          r 18          r 19          r 20           ln lk          grad status 
   0           0.1 0.01927545052 0.01138117286        -20000         0.208           0.1            20 0.87084650801 0.73044043390 0.64346945736 0.58212757590 0.56480608628 0.53899477776 0.53635938227 0.52803035745 0.54952864321 0.54660029470 0.58618457482 0.62111452650 0.66306584557 0.75922263591 0.86343657407 1.10465038709 1.58215809149             1             1 -1118183.152411 23173.8723637   -2 
 933 0.00090241154 0.01930588857 0.01016236796 -79.816783336 0.12119210061 0.01990874119 7.47506407149 0.86267056180 0.71750985332 0.62152870475 0.55502914906 0.53129729538 0.50842528057 0.49506213729 0.48600584218 0.49373460154 0.48118178969 0.50538124528 0.51085597988 0.52315063480 0.56094221035 0.58757695900 0.64714445984 0.71282082425 0.81425535243 1.06453587238 -279.0092268319 0.14426755796   -8 
-- Local optimization: reached maximum number of likelihood evaluations allowed.
---- Best joint likelihood found -279.009226831985870 with gradient 0.14427

---- Results for Mmc/365.polyDFE.config.txt 
--  Model: C
--        eps_an        lambda     theta_bar             a 
-- 0.00090241154 0.01930588857 0.01016236796            -1 
--           S_d             b           p_b           S_b 
-- -79.816783336 0.12119210061 0.01990874119 7.47506407149 
--           r 2           r 3           r 4           r 5           r 6           r 7           r 8           r 9          r 10          r 11          r 12          r 13          r 14          r 15          r 16          r 17          r 18          r 19          r 20 
-- 0.86267056180 0.71750985332 0.62152870475 0.55502914906 0.53129729538 0.50842528057 0.49506213729 0.48600584218 0.49373460154 0.48118178969 0.50538124528 0.51085597988 0.52315063480 0.56094221035 0.58757695900 0.64714445984 0.71282082425 0.81425535243 1.06453587238 

---- Expected P_neut(i), 0 < i < n (neutral SFS per site) 
E[P_neut(1)] = 0.0101535903
E[P_neut(2)] = 0.0043797954
E[P_neut(3)] = 0.0024286888
E[P_neut(4)] = 0.0015779627
E[P_neut(5)] = 0.0011274070
E[P_neut(6)] = 0.0008994037
E[P_neut(7)] = 0.0007378093
E[P_neut(8)] = 0.0006286942
E[P_neut(9)] = 0.0005486804
E[P_neut(10)] = 0.0005017513
E[P_neut(11)] = 0.0004446346
E[P_neut(12)] = 0.0004281705
E[P_neut(13)] = 0.0003996524
E[P_neut(14)] = 0.0003802157
E[P_neut(15)] = 0.0003807085
E[P_neut(16)] = 0.0003742865
E[P_neut(17)] = 0.0003886984
E[P_neut(18)] = 0.0004060340
E[P_neut(19)] = 0.0004442914

---- Expected P_sel(i), 0 < i < n (selected SFS per site) 
E[P_sel(1)] = 0.0072495884
E[P_sel(2)] = 0.0028255176
E[P_sel(3)] = 0.0014894531
E[P_sel(4)] = 0.0009371489
E[P_sel(5)] = 0.0006544796
E[P_sel(6)] = 0.0005132383
E[P_sel(7)] = 0.0004154533
E[P_sel(8)] = 0.0003503247
E[P_sel(9)] = 0.0003032489
E[P_sel(10)] = 0.0002755920
E[P_sel(11)] = 0.0002431473
E[P_sel(12)] = 0.0002335283
E[P_sel(13)] = 0.0002178037
E[P_sel(14)] = 0.0002074746
E[P_sel(15)] = 0.0002085101
E[P_sel(16)] = 0.0002063745
E[P_sel(17)] = 0.0002166325
E[P_sel(18)] = 0.0002300853
E[P_sel(19)] = 0.0002588280

---- Expected D_neut and D_sel (neutral and selected divergence per site) 
E[D_neut] = 0.0198467988
E[D_sel] = 0.0124939811

---- Expected neutral and selected misattributed polymorphism per site
E[mis_neut] = 0.0005409103
E[mis_sel] = 0.0003240359

---- alpha_div = 0.242063
---- alpha_dfe = 0.241881

