---- Running command
---- ./polyDFE -d Mmc/366.polyDFE.config.txt -m C -e 
---- Performing inference using model C

---- Performing inference on Mmc/366.polyDFE.config.txt
---- No mutation variability. Using Poisson likelihood.


---- Calculating initial values

-- Starting local optimization
-- Optimizing all parameters
  it        eps_an        lambda     theta_bar           S_d             b           p_b           S_b           r 2           r 3           r 4           r 5           r 6           r 7           r 8           r 9          r 10          r 11          r 12          r 13          r 14          r 15          r 16          r 17          r 18          r 19          r 20           ln lk          grad status 
   0           0.1 0.01930238845 0.01134256666        -20000         0.208           0.1            20 0.87659951307 0.73618982942 0.64615294590 0.58779963649 0.55984748164 0.54307699069 0.54211549448 0.53496593437 0.55441951747 0.56075006064 0.59744127317 0.63133012571 0.66465032787 0.75129912573 0.86368483837 1.10863091471 1.58911723067             1             1 -1115261.184669 23211.6541321   -2 
 301 0.00291681558 0.01936117419 0.01017674127 -105.41669056 0.10762850465 0.00595390570 21.6936446356 0.86471767945 0.71916038850 0.61774634488 0.55609756882 0.52816145702 0.50732622305 0.49499465900 0.48478370828 0.49162599581 0.48709593936 0.51390722968 0.51995505721 0.52499374371 0.55880219533 0.58771645495 0.64722524782 0.70051555293 0.79979841663 0.99991930532 -304.5746421621 13.9440101211   -3 
-- Local optimization: stuck in the same solution
---- Best joint likelihood found -304.574642162115197 with gradient 13.94401

---- Results for Mmc/366.polyDFE.config.txt 
--  Model: C
--        eps_an        lambda     theta_bar             a 
-- 0.00291681558 0.01936117419 0.01017674127            -1 
--           S_d             b           p_b           S_b 
-- -105.41669056 0.10762850465 0.00595390570 21.6936446356 
--           r 2           r 3           r 4           r 5           r 6           r 7           r 8           r 9          r 10          r 11          r 12          r 13          r 14          r 15          r 16          r 17          r 18          r 19          r 20 
-- 0.86471767945 0.71916038850 0.61774634488 0.55609756882 0.52816145702 0.50732622305 0.49499465900 0.48478370828 0.49162599581 0.48709593936 0.51390722968 0.51995505721 0.52499374371 0.55880219533 0.58771645495 0.64722524782 0.70051555293 0.79979841663 0.99991930532 

---- Expected P_neut(i), 0 < i < n (neutral SFS per site) 
E[P_neut(1)] = 0.0101483071
E[P_neut(2)] = 0.0043883253
E[P_neut(3)] = 0.0024335841
E[P_neut(4)] = 0.0015681673
E[P_neut(5)] = 0.0011296566
E[P_neut(6)] = 0.0008943272
E[P_neut(7)] = 0.0007365970
E[P_neut(8)] = 0.0006291136
E[P_neut(9)] = 0.0005478842
E[P_neut(10)] = 0.0005003151
E[P_neut(11)] = 0.0004509253
E[P_neut(12)] = 0.0004363905
E[P_neut(13)] = 0.0004079986
E[P_neut(14)] = 0.0003831231
E[P_neut(15)] = 0.0003813146
E[P_neut(16)] = 0.0003773088
E[P_neut(17)] = 0.0003934353
E[P_neut(18)] = 0.0004077324
E[P_neut(19)] = 0.0004568206

---- Expected P_sel(i), 0 < i < n (selected SFS per site) 
E[P_sel(1)] = 0.0071946935
E[P_sel(2)] = 0.0028283390
E[P_sel(3)] = 0.0014959294
E[P_sel(4)] = 0.0009350472
E[P_sel(5)] = 0.0006588735
E[P_sel(6)] = 0.0005127832
E[P_sel(7)] = 0.0004165748
E[P_sel(8)] = 0.0003517766
E[P_sel(9)] = 0.0003034702
E[P_sel(10)] = 0.0002749325
E[P_sel(11)] = 0.0002461727
E[P_sel(12)] = 0.0002369854
E[P_sel(13)] = 0.0002206943
E[P_sel(14)] = 0.0002067300
E[P_sel(15)] = 0.0002056216
E[P_sel(16)] = 0.0002038583
E[P_sel(17)] = 0.0002138597
E[P_sel(18)] = 0.0002248405
E[P_sel(19)] = 0.0002620943

---- Expected D_neut and D_sel (neutral and selected divergence per site) 
E[D_neut] = 0.0198699702
E[D_sel] = 0.0125516591

---- Expected neutral and selected misattributed polymorphism per site
E[mis_neut] = 0.0005087960
E[mis_sel] = 0.0002959636

---- alpha_div = 0.204752
---- alpha_dfe = 0.204714

