---- Running command
---- ./polyDFE -d Mmc/367.polyDFE.config.txt -m C -e 
---- Performing inference using model C

---- Performing inference on Mmc/367.polyDFE.config.txt
---- No mutation variability. Using Poisson likelihood.


---- Calculating initial values

-- Starting local optimization
-- Optimizing all parameters
  it        eps_an        lambda     theta_bar           S_d             b           p_b           S_b           r 2           r 3           r 4           r 5           r 6           r 7           r 8           r 9          r 10          r 11          r 12          r 13          r 14          r 15          r 16          r 17          r 18          r 19          r 20           ln lk          grad status 
   0           0.1 0.01927090311 0.01136135642        -20000         0.208           0.1            20 0.87433372067 0.72807072912 0.64119459943 0.58472095530 0.55675414144 0.53700048825 0.53789872379 0.52927331484 0.54808810915 0.55703396976 0.59498867008 0.62870810278 0.66449754237 0.75893707618 0.86290422525 1.09822484727 1.58045951293             1             1 -1117375.030999 23137.0980213   -2 
 512 0.00421708757 0.01932144554 0.01017971829 -91.072989814 0.11298986011 0.01457873408 9.41108769638 0.86567362436 0.71631627460 0.61615732847 0.55502193096 0.52770327786 0.50468251330 0.49547893223 0.48339853869 0.49090375366 0.48719342712 0.50780010435 0.51677691886 0.51710996679 0.55556131819 0.58075204423 0.63368805964 0.67994780773 0.74621053423 1.01838948737 -275.8346271261 0.12677717201   -3 
-- Local optimization: stuck in the same solution
---- Best joint likelihood found -275.834627126139821 with gradient 0.12678

---- Results for Mmc/367.polyDFE.config.txt 
--  Model: C
--        eps_an        lambda     theta_bar             a 
-- 0.00421708757 0.01932144554 0.01017971829            -1 
--           S_d             b           p_b           S_b 
-- -91.072989814 0.11298986011 0.01457873408 9.41108769638 
--           r 2           r 3           r 4           r 5           r 6           r 7           r 8           r 9          r 10          r 11          r 12          r 13          r 14          r 15          r 16          r 17          r 18          r 19          r 20 
-- 0.86567362436 0.71631627460 0.61615732847 0.55502193096 0.52770327786 0.50468251330 0.49547893223 0.48339853869 0.49090375366 0.48719342712 0.50780010435 0.51677691886 0.51710996679 0.55556131819 0.58075204423 0.63368805964 0.67994780773 0.74621053423 1.01838948737 

---- Expected P_neut(i), 0 < i < n (neutral SFS per site) 
E[P_neut(1)] = 0.0101384755
E[P_neut(2)] = 0.0043891973
E[P_neut(3)] = 0.0024219826
E[P_neut(4)] = 0.0015630225
E[P_neut(5)] = 0.0011268181
E[P_neut(6)] = 0.0008931218
E[P_neut(7)] = 0.0007325437
E[P_neut(8)] = 0.0006296373
E[P_neut(9)] = 0.0005463579
E[P_neut(10)] = 0.0004997262
E[P_neut(11)] = 0.0004512673
E[P_neut(12)] = 0.0004316140
E[P_neut(13)] = 0.0004060534
E[P_neut(14)] = 0.0003781924
E[P_neut(15)] = 0.0003802058
E[P_neut(16)] = 0.0003745478
E[P_neut(17)] = 0.0003881068
E[P_neut(18)] = 0.0004014971
E[P_neut(19)] = 0.0004410435

---- Expected P_sel(i), 0 < i < n (selected SFS per site) 
E[P_sel(1)] = 0.0072386690
E[P_sel(2)] = 0.0028442128
E[P_sel(3)] = 0.0014956700
E[P_sel(4)] = 0.0009360959
E[P_sel(5)] = 0.0006602365
E[P_sel(6)] = 0.0005146785
E[P_sel(7)] = 0.0004166631
E[P_sel(8)] = 0.0003544188
E[P_sel(9)] = 0.0003049954
E[P_sel(10)] = 0.0002771491
E[P_sel(11)] = 0.0002490573
E[P_sel(12)] = 0.0002374343
E[P_sel(13)] = 0.0002230224
E[P_sel(14)] = 0.0002077938
E[P_sel(15)] = 0.0002094520
E[P_sel(16)] = 0.0002075240
E[P_sel(17)] = 0.0002172425
E[P_sel(18)] = 0.0002288754
E[P_sel(19)] = 0.0002616384

---- Expected D_neut and D_sel (neutral and selected divergence per site) 
E[D_neut] = 0.0198397915
E[D_sel] = 0.0125315644

---- Expected neutral and selected misattributed polymorphism per site
E[mis_neut] = 0.0005183459
E[mis_sel] = 0.0003103804

---- alpha_div = 0.220468
---- alpha_dfe = 0.220395

