---- Running command
---- ./polyDFE -d Mmc/368.polyDFE.config.txt -m C -e 
---- Performing inference using model C

---- Performing inference on Mmc/368.polyDFE.config.txt
---- No mutation variability. Using Poisson likelihood.


---- Calculating initial values

-- Starting local optimization
-- Optimizing all parameters
  it        eps_an        lambda     theta_bar           S_d             b           p_b           S_b           r 2           r 3           r 4           r 5           r 6           r 7           r 8           r 9          r 10          r 11          r 12          r 13          r 14          r 15          r 16          r 17          r 18          r 19          r 20           ln lk          grad status 
   0           0.1 0.01929080377 0.01136853514        -20000         0.208           0.1            20 0.87186739950 0.73630667201 0.64380736185 0.58780318624 0.55859216279 0.54019014987 0.53353822573 0.53941551976 0.53336349460 0.55212304087 0.59797509933 0.62408487770 0.66534628843 0.75154194167 0.85950184853 1.10721154833 1.58172777551             1             1 -1115549.168356 23156.3103482   -2 
 346 0.00321338158 0.01934894301 0.01018131841 -89.096445268 0.11292485759 0.00924931590 14.6508202298 0.86242832631 0.71860278570 0.61722121688 0.55640404431 0.52875555194 0.50933813222 0.49433850684 0.49290270273 0.48215621065 0.48011522059 0.51410176216 0.51571131685 0.52428119320 0.55568318714 0.58351397963 0.64202182177 0.69608714481 0.78506770398 1.00103560190 -292.9152727013 1.30859618650   -3 
-- Local optimization: stuck in the same solution
---- Best joint likelihood found -292.915272701386129 with gradient 1.30860

---- Results for Mmc/368.polyDFE.config.txt 
--  Model: C
--        eps_an        lambda     theta_bar             a 
-- 0.00321338158 0.01934894301 0.01018131841            -1 
--           S_d             b           p_b           S_b 
-- -89.096445268 0.11292485759 0.00924931590 14.6508202298 
--           r 2           r 3           r 4           r 5           r 6           r 7           r 8           r 9          r 10          r 11          r 12          r 13          r 14          r 15          r 16          r 17          r 18          r 19          r 20 
-- 0.86242832631 0.71860278570 0.61722121688 0.55640404431 0.52875555194 0.50933813222 0.49433850684 0.49290270273 0.48215621065 0.48011522059 0.51410176216 0.51571131685 0.52428119320 0.55568318714 0.58351397963 0.64202182177 0.69608714481 0.78506770398 1.00103560190 

---- Expected P_neut(i), 0 < i < n (neutral SFS per site) 
E[P_neut(1)] = 0.0101499538
E[P_neut(2)] = 0.0043774861
E[P_neut(3)] = 0.0024321734
E[P_neut(4)] = 0.0015671763
E[P_neut(5)] = 0.0011305566
E[P_neut(6)] = 0.0008955801
E[P_neut(7)] = 0.0007397364
E[P_neut(8)] = 0.0006285072
E[P_neut(9)] = 0.0005572361
E[P_neut(10)] = 0.0004908986
E[P_neut(11)] = 0.0004447462
E[P_neut(12)] = 0.0004368061
E[P_neut(13)] = 0.0004049766
E[P_neut(14)] = 0.0003829347
E[P_neut(15)] = 0.0003796012
E[P_neut(16)] = 0.0003751640
E[P_neut(17)] = 0.0003911087
E[P_neut(18)] = 0.0004065695
E[P_neut(19)] = 0.0004520501

---- Expected P_sel(i), 0 < i < n (selected SFS per site) 
E[P_sel(1)] = 0.0072460081
E[P_sel(2)] = 0.0028336153
E[P_sel(3)] = 0.0014991674
E[P_sel(4)] = 0.0009361375
E[P_sel(5)] = 0.0006602105
E[P_sel(6)] = 0.0005139728
E[P_sel(7)] = 0.0004186846
E[P_sel(8)] = 0.0003517341
E[P_sel(9)] = 0.0003089727
E[P_sel(10)] = 0.0002701357
E[P_sel(11)] = 0.0002432665
E[P_sel(12)] = 0.0002378355
E[P_sel(13)] = 0.0002198406
E[P_sel(14)] = 0.0002076108
E[P_sel(15)] = 0.0002059804
E[P_sel(16)] = 0.0002043521
E[P_sel(17)] = 0.0002148128
E[P_sel(18)] = 0.0002270791
E[P_sel(19)] = 0.0002629005

---- Expected D_neut and D_sel (neutral and selected divergence per site) 
E[D_neut] = 0.0198585361
E[D_sel] = 0.0125606568

---- Expected neutral and selected misattributed polymorphism per site
E[mis_neut] = 0.0005095931
E[mis_sel] = 0.0003006032

---- alpha_div = 0.215275
---- alpha_dfe = 0.215353

