---- Running command
---- ./polyDFE -d Mmc/369.polyDFE.config.txt -m C -e 
---- Performing inference using model C

---- Performing inference on Mmc/369.polyDFE.config.txt
---- No mutation variability. Using Poisson likelihood.


---- Calculating initial values

-- Starting local optimization
-- Optimizing all parameters
  it        eps_an        lambda     theta_bar           S_d             b           p_b           S_b           r 2           r 3           r 4           r 5           r 6           r 7           r 8           r 9          r 10          r 11          r 12          r 13          r 14          r 15          r 16          r 17          r 18          r 19          r 20           ln lk          grad status 
   0           0.1 0.01925972699 0.01134051222        -20000         0.208           0.1            20 0.87375910322 0.74073825939 0.64658477738 0.57756973680 0.55603826905 0.54071423410 0.53674087043 0.52955844468 0.55138872818 0.54917582784 0.60346289819 0.62710085365 0.67539414446 0.74961876623 0.86912258693 1.11101000568 1.58318130649             1             1 -1114762.438341 23118.0228445   -2 
 443 0.00473102604 0.01931757118 0.01018132670 -91.743320421 0.11154760481 0.00863655602 15.4787165148 0.86338265313 0.72272702792 0.62113505895 0.54950183882 0.52454329234 0.50636428013 0.49059738360 0.48265507348 0.49263369948 0.48021379683 0.51778868590 0.50939385906 0.52622658067 0.55403649525 0.58720617147 0.63460680178 0.68349313754 0.74569724225 1.00201479644 -277.3396452624 1.19559304464   -3 
-- Local optimization: stuck in the same solution
---- Best joint likelihood found -277.339645262458362 with gradient 1.19559

---- Results for Mmc/369.polyDFE.config.txt 
--  Model: C
--        eps_an        lambda     theta_bar             a 
-- 0.00473102604 0.01931757118 0.01018132670            -1 
--           S_d             b           p_b           S_b 
-- -91.743320421 0.11154760481 0.00863655602 15.4787165148 
--           r 2           r 3           r 4           r 5           r 6           r 7           r 8           r 9          r 10          r 11          r 12          r 13          r 14          r 15          r 16          r 17          r 18          r 19          r 20 
-- 0.86338265313 0.72272702792 0.62113505895 0.54950183882 0.52454329234 0.50636428013 0.49059738360 0.48265507348 0.49263369948 0.48021379683 0.51778868590 0.50939385906 0.52622658067 0.55403649525 0.58720617147 0.63460680178 0.68349313754 0.74569724225 1.00201479644 

---- Expected P_neut(i), 0 < i < n (neutral SFS per site) 
E[P_neut(1)] = 0.0101350490
E[P_neut(2)] = 0.0043762257
E[P_neut(3)] = 0.0024429673
E[P_neut(4)] = 0.0015752828
E[P_neut(5)] = 0.0011154170
E[P_neut(6)] = 0.0008876906
E[P_neut(7)] = 0.0007348974
E[P_neut(8)] = 0.0006234910
E[P_neut(9)] = 0.0005455273
E[P_neut(10)] = 0.0005015665
E[P_neut(11)] = 0.0004449543
E[P_neut(12)] = 0.0004401901
E[P_neut(13)] = 0.0004005435
E[P_neut(14)] = 0.0003850923
E[P_neut(15)] = 0.0003795697
E[P_neut(16)] = 0.0003793706
E[P_neut(17)] = 0.0003898730
E[P_neut(18)] = 0.0004055684
E[P_neut(19)] = 0.0004458665

---- Expected P_sel(i), 0 < i < n (selected SFS per site) 
E[P_sel(1)] = 0.0072324952
E[P_sel(2)] = 0.0028339313
E[P_sel(3)] = 0.0015071128
E[P_sel(4)] = 0.0009420500
E[P_sel(5)] = 0.0006522283
E[P_sel(6)] = 0.0005101788
E[P_sel(7)] = 0.0004165775
E[P_sel(8)] = 0.0003494705
E[P_sel(9)] = 0.0003029562
E[P_sel(10)] = 0.0002764364
E[P_sel(11)] = 0.0002437501
E[P_sel(12)] = 0.0002400261
E[P_sel(13)] = 0.0002177326
E[P_sel(14)] = 0.0002090444
E[P_sel(15)] = 0.0002062008
E[P_sel(16)] = 0.0002068758
E[P_sel(17)] = 0.0002144246
E[P_sel(18)] = 0.0002270838
E[P_sel(19)] = 0.0002614867

---- Expected D_neut and D_sel (neutral and selected divergence per site) 
E[D_neut] = 0.0198276632
E[D_sel] = 0.0125459920

---- Expected neutral and selected misattributed polymorphism per site
E[mis_neut] = 0.0005100920
E[mis_sel] = 0.0003006469

---- alpha_div = 0.212251
---- alpha_dfe = 0.212213

