---- Running command
---- ./polyDFE -d Mmc/37.polyDFE.config.txt -m C -e 
---- Performing inference using model C

---- Performing inference on Mmc/37.polyDFE.config.txt
---- No mutation variability. Using Poisson likelihood.


---- Calculating initial values

-- Starting local optimization
-- Optimizing all parameters
  it        eps_an        lambda     theta_bar           S_d             b           p_b           S_b           r 2           r 3           r 4           r 5           r 6           r 7           r 8           r 9          r 10          r 11          r 12          r 13          r 14          r 15          r 16          r 17          r 18          r 19          r 20           ln lk          grad status 
   0           0.1 0.01929593471 0.01132196951        -20000         0.208           0.1            20 0.87763818714 0.73566146247 0.64084711437 0.58500281070 0.56145969825 0.54252056269 0.53696012181 0.53525847494 0.55115241569 0.54637957770 0.58917536753 0.63263075231 0.66763745809 0.75560867567 0.86481320261 1.10861817712 1.56913493969             1             1 -1118988.556594 23194.4317566   -2 
 815 0.00223693407 0.01934721990 0.01012962229 -69.483943728 0.13148409523 0.03695754444 4.49134627598 0.86694764767   0.723185518 0.61861619476 0.55415406876 0.53352403504 0.50944976715 0.49510800308 0.49158073368 0.49420128302 0.47660636977 0.50733056684 0.51961149727 0.52361892988 0.55977633935 0.58538330490 0.64226097981 0.68261283087 0.79528601230 1.02244207617 -274.4958518311 0.13301173127   -3 
-- Local optimization: stuck in the same solution
---- Best joint likelihood found -274.495851831161417 with gradient 0.13301

---- Results for Mmc/37.polyDFE.config.txt 
--  Model: C
--        eps_an        lambda     theta_bar             a 
-- 0.00223693407 0.01934721990 0.01012962229            -1 
--           S_d             b           p_b           S_b 
-- -69.483943728 0.13148409523 0.03695754444 4.49134627598 
--           r 2           r 3           r 4           r 5           r 6           r 7           r 8           r 9          r 10          r 11          r 12          r 13          r 14          r 15          r 16          r 17          r 18          r 19          r 20 
-- 0.86694764767   0.723185518 0.61861619476 0.55415406876 0.53352403504 0.50944976715 0.49510800308 0.49158073368 0.49420128302 0.47660636977 0.50733056684 0.51961149727 0.52361892988 0.55977633935 0.58538330490 0.64226097981 0.68261283087 0.79528601230 1.02244207617 

---- Expected P_neut(i), 0 < i < n (neutral SFS per site) 
E[P_neut(1)] = 0.0101079115
E[P_neut(2)] = 0.0043819632
E[P_neut(3)] = 0.0024372592
E[P_neut(4)] = 0.0015639118
E[P_neut(5)] = 0.0011210085
E[P_neut(6)] = 0.0008995654
E[P_neut(7)] = 0.0007364757
E[P_neut(8)] = 0.0006264628
E[P_neut(9)] = 0.0005530249
E[P_neut(10)] = 0.0005006072
E[P_neut(11)] = 0.0004391506
E[P_neut(12)] = 0.0004287000
E[P_neut(13)] = 0.0004056256
E[P_neut(14)] = 0.0003800290
E[P_neut(15)] = 0.0003796873
E[P_neut(16)] = 0.0003732823
E[P_neut(17)] = 0.0003873039
E[P_neut(18)] = 0.0003931079
E[P_neut(19)] = 0.0004457080

---- Expected P_sel(i), 0 < i < n (selected SFS per site) 
E[P_sel(1)] = 0.0072500595
E[P_sel(2)] = 0.0028313017
E[P_sel(3)] = 0.0014948414
E[P_sel(4)] = 0.0009284275
E[P_sel(5)] = 0.0006505556
E[P_sel(6)] = 0.0005134133
E[P_sel(7)] = 0.0004150974
E[P_sel(8)] = 0.0003497828
E[P_sel(9)] = 0.0003066603
E[P_sel(10)] = 0.0002762907
E[P_sel(11)] = 0.0002417240
E[P_sel(12)] = 0.0002358037
E[P_sel(13)] = 0.0002234051
E[P_sel(14)] = 0.0002100428
E[P_sel(15)] = 0.0002111112
E[P_sel(16)] = 0.0002094155
E[P_sel(17)] = 0.0002200578
E[P_sel(18)] = 0.0002274656
E[P_sel(19)] = 0.0002657152

---- Expected D_neut and D_sel (neutral and selected divergence per site) 
E[D_neut] = 0.0198650675
E[D_sel] = 0.0125191792

---- Expected neutral and selected misattributed polymorphism per site
E[mis_neut] = 0.0005178476
E[mis_sel] = 0.0003143110

---- alpha_div = 0.279475
---- alpha_dfe = 0.279232

