---- Running command
---- ./polyDFE -d Mmc/370.polyDFE.config.txt -m C -e 
---- Performing inference using model C

---- Performing inference on Mmc/370.polyDFE.config.txt
---- No mutation variability. Using Poisson likelihood.


---- Calculating initial values

-- Starting local optimization
-- Optimizing all parameters
  it        eps_an        lambda     theta_bar           S_d             b           p_b           S_b           r 2           r 3           r 4           r 5           r 6           r 7           r 8           r 9          r 10          r 11          r 12          r 13          r 14          r 15          r 16          r 17          r 18          r 19          r 20           ln lk          grad status 
   0           0.1 0.01928111418 0.01134787973        -20000         0.208           0.1            20 0.87274117667 0.73308709927 0.64267896559 0.57822905918 0.56283767226 0.54449507003 0.53091252815 0.53193226488 0.55225626566  0.5595022304 0.59380489863 0.63142894775 0.67510049456 0.75210093468 0.86053573684 1.10293980025 1.57833643285             1             1 -1118060.118777 23177.9871401   -2 
1549 0.00048107690 0.01925211861 0.01012489215 -77.189140346 0.12184274354 0.02008222387 7.47961319132 0.86647763318 0.72009566827 0.61939008417 0.55405494521 0.53340941243 0.50965874078 0.49290616099 0.48753705448 0.49370587072 0.48666962795 0.51440473614 0.51960175629 0.52862804798 0.56461402897 0.58747980747 0.65021363919 0.71308305490 0.82448864521 1.18114831330 -279.5967622786 0.01628256599   -3 
-- Local optimization: stuck in the same solution
---- Best joint likelihood found -279.596762278670212 with gradient 0.01628

---- Results for Mmc/370.polyDFE.config.txt 
--  Model: C
--        eps_an        lambda     theta_bar             a 
-- 0.00048107690 0.01925211861 0.01012489215            -1 
--           S_d             b           p_b           S_b 
-- -77.189140346 0.12184274354 0.02008222387 7.47961319132 
--           r 2           r 3           r 4           r 5           r 6           r 7           r 8           r 9          r 10          r 11          r 12          r 13          r 14          r 15          r 16          r 17          r 18          r 19          r 20 
-- 0.86647763318 0.72009566827 0.61939008417 0.55405494521 0.53340941243 0.50965874078 0.49290616099 0.48753705448 0.49370587072 0.48666962795 0.51440473614 0.51960175629 0.52862804798 0.56461402897 0.58747980747 0.65021363919 0.71308305490 0.82448864521 1.18114831330 

---- Expected P_neut(i), 0 < i < n (neutral SFS per site) 
E[P_neut(1)] = 0.0101202327
E[P_neut(2)] = 0.0043845790
E[P_neut(3)] = 0.0024293141
E[P_neut(4)] = 0.0015672391
E[P_neut(5)] = 0.0011215929
E[P_neut(6)] = 0.0008998697
E[P_neut(7)] = 0.0007370172
E[P_neut(8)] = 0.0006237364
E[P_neut(9)] = 0.0005484250
E[P_neut(10)] = 0.0004998719
E[P_neut(11)] = 0.0004480009
E[P_neut(12)] = 0.0004341157
E[P_neut(13)] = 0.0004048455
E[P_neut(14)] = 0.0003825564
E[P_neut(15)] = 0.0003814668
E[P_neut(16)] = 0.0003723360
E[P_neut(17)] = 0.0003882383
E[P_neut(18)] = 0.0004030222
E[P_neut(19)] = 0.0004440205

---- Expected P_sel(i), 0 < i < n (selected SFS per site) 
E[P_sel(1)] = 0.0072431307
E[P_sel(2)] = 0.0028348719
E[P_sel(3)] = 0.0014928435
E[P_sel(4)] = 0.0009325288
E[P_sel(5)] = 0.0006522620
E[P_sel(6)] = 0.0005143784
E[P_sel(7)] = 0.0004156899
E[P_sel(8)] = 0.0003481189
E[P_sel(9)] = 0.0003035837
E[P_sel(10)] = 0.0002749849
E[P_sel(11)] = 0.0002453642
E[P_sel(12)] = 0.0002371333
E[P_sel(13)] = 0.0002209723
E[P_sel(14)] = 0.0002090742
E[P_sel(15)] = 0.0002092515
E[P_sel(16)] = 0.0002056206
E[P_sel(17)] = 0.0002167082
E[P_sel(18)] = 0.0002286769
E[P_sel(19)] = 0.0002586456

---- Expected D_neut and D_sel (neutral and selected divergence per site) 
E[D_neut] = 0.0198500686
E[D_sel] = 0.0125286663

---- Expected neutral and selected misattributed polymorphism per site
E[mis_neut] = 0.0005979500
E[mis_sel] = 0.0003590604

---- alpha_div = 0.243590
---- alpha_dfe = 0.243457

