---- Running command
---- ./polyDFE -d Mmc/371.polyDFE.config.txt -m C -e 
---- Performing inference using model C

---- Performing inference on Mmc/371.polyDFE.config.txt
---- No mutation variability. Using Poisson likelihood.


---- Calculating initial values

-- Starting local optimization
-- Optimizing all parameters
  it        eps_an        lambda     theta_bar           S_d             b           p_b           S_b           r 2           r 3           r 4           r 5           r 6           r 7           r 8           r 9          r 10          r 11          r 12          r 13          r 14          r 15          r 16          r 17          r 18          r 19          r 20           ln lk          grad status 
   0           0.1 0.01925927775 0.01139573551        -20000         0.208           0.1            20 0.87033066115 0.73163020165 0.64246393345 0.57844457483 0.55520523682 0.53639476900 0.53772261109 0.52411898033 0.54762659639 0.55291460514 0.59393972065 0.62511545347 0.66129438770 0.74527333509 0.86753798906 1.11442266506 1.56766832784             1             1 -1114778.131639 23157.1197936   -2 
 397 0.00575765729 0.01931033472 0.01023522817 -104.59822738 0.10821960256 0.00832974871 15.7146325993 0.86046960319 0.71647048015 0.61654683743 0.54838257713 0.52501498202 0.50086248702 0.49142122494 0.47792227971 0.48749267147 0.48068604143 0.50791314889 0.50861932007 0.52107434343 0.54880104294 0.58453881122 0.63231276672 0.67206626454 0.71821291219 1.01102013159 -289.1034453882 0.23071802341   -3 
-- Local optimization: stuck in the same solution
---- Best joint likelihood found -289.103445388202090 with gradient 0.23072

---- Results for Mmc/371.polyDFE.config.txt 
--  Model: C
--        eps_an        lambda     theta_bar             a 
-- 0.00575765729 0.01931033472 0.01023522817            -1 
--           S_d             b           p_b           S_b 
-- -104.59822738 0.10821960256 0.00832974871 15.7146325993 
--           r 2           r 3           r 4           r 5           r 6           r 7           r 8           r 9          r 10          r 11          r 12          r 13          r 14          r 15          r 16          r 17          r 18          r 19          r 20 
-- 0.86046960319 0.71647048015 0.61654683743 0.54838257713 0.52501498202 0.50086248702 0.49142122494 0.47792227971 0.48749267147 0.48068604143 0.50791314889 0.50861932007 0.52107434343 0.54880104294 0.58453881122 0.63231276672 0.67206626454 0.71821291219 1.01102013159 

---- Expected P_neut(i), 0 < i < n (neutral SFS per site) 
E[P_neut(1)] = 0.0101785249
E[P_neut(2)] = 0.0043803975
E[P_neut(3)] = 0.0024325308
E[P_neut(4)] = 0.0015706939
E[P_neut(5)] = 0.0011182569
E[P_neut(6)] = 0.0008926448
E[P_neut(7)] = 0.0007304379
E[P_neut(8)] = 0.0006276004
E[P_neut(9)] = 0.0005429618
E[P_neut(10)] = 0.0004989599
E[P_neut(11)] = 0.0004478207
E[P_neut(12)] = 0.0004343429
E[P_neut(13)] = 0.0004023598
E[P_neut(14)] = 0.0003839143
E[P_neut(15)] = 0.0003787808
E[P_neut(16)] = 0.0003808610
E[P_neut(17)] = 0.0003925801
E[P_neut(18)] = 0.0004053067
E[P_neut(19)] = 0.0004436019

---- Expected P_sel(i), 0 < i < n (selected SFS per site) 
E[P_sel(1)] = 0.0072201590
E[P_sel(2)] = 0.0028249708
E[P_sel(3)] = 0.0014964044
E[P_sel(4)] = 0.0009374376
E[P_sel(5)] = 0.0006529988
E[P_sel(6)] = 0.0005125769
E[P_sel(7)] = 0.0004138467
E[P_sel(8)] = 0.0003517138
E[P_sel(9)] = 0.0003015583
E[P_sel(10)] = 0.0002750839
E[P_sel(11)] = 0.0002454386
E[P_sel(12)] = 0.0002369865
E[P_sel(13)] = 0.0002188798
E[P_sel(14)] = 0.0002085765
E[P_sel(15)] = 0.0002059527
E[P_sel(16)] = 0.0002078797
E[P_sel(17)] = 0.0002161361
E[P_sel(18)] = 0.0002273124
E[P_sel(19)] = 0.0002613945

---- Expected D_neut and D_sel (neutral and selected divergence per site) 
E[D_neut] = 0.0198277358
E[D_sel] = 0.0125233410

---- Expected neutral and selected misattributed polymorphism per site
E[mis_neut] = 0.0005174011
E[mis_sel] = 0.0003046460

---- alpha_div = 0.208031
---- alpha_dfe = 0.208132

