---- Running command
---- ./polyDFE -d Mmc/372.polyDFE.config.txt -m C -e 
---- Performing inference using model C

---- Performing inference on Mmc/372.polyDFE.config.txt
---- No mutation variability. Using Poisson likelihood.


---- Calculating initial values

-- Starting local optimization
-- Optimizing all parameters
  it        eps_an        lambda     theta_bar           S_d             b           p_b           S_b           r 2           r 3           r 4           r 5           r 6           r 7           r 8           r 9          r 10          r 11          r 12          r 13          r 14          r 15          r 16          r 17          r 18          r 19          r 20           ln lk          grad status 
   0           0.1 0.01926021308 0.01137274556        -20000         0.208           0.1            20 0.87346813420 0.73165560331 0.64020252742 0.57707065129 0.55393453420 0.54732836393 0.53848011627 0.53189339342 0.55552143773 0.55093538496 0.59257943933 0.63050180358 0.66454464008 0.74672595498 0.86166295595 1.10462102809 1.58038867675             1             1 -1116715.678006 23171.6358928   -2 
 912 0.00071937113 0.01925558182 0.01015313304 -73.971902506 0.12580305995 0.02340611999 6.70525719036 0.86611432082 0.71736579759 0.61920445231 0.55176644804 0.52437069346 0.51145152672 0.49685637655 0.48576627796 0.49718610697 0.48250929478 0.51332625438 0.51900160983 0.52470123562 0.55953628661 0.59038104180 0.64866494366 0.70441400456 0.82956039515 1.13301647220 -269.1469213775 0.02097562482   -3 
-- Local optimization: stuck in the same solution
---- Best joint likelihood found -269.146921377512626 with gradient 0.02098

---- Results for Mmc/372.polyDFE.config.txt 
--  Model: C
--        eps_an        lambda     theta_bar             a 
-- 0.00071937113 0.01925558182 0.01015313304            -1 
--           S_d             b           p_b           S_b 
-- -73.971902506 0.12580305995 0.02340611999 6.70525719036 
--           r 2           r 3           r 4           r 5           r 6           r 7           r 8           r 9          r 10          r 11          r 12          r 13          r 14          r 15          r 16          r 17          r 18          r 19          r 20 
-- 0.86611432082 0.71736579759 0.61920445231 0.55176644804 0.52437069346 0.51145152672 0.49685637655 0.48576627796 0.49718610697 0.48250929478 0.51332625438 0.51900160983 0.52470123562 0.55953628661 0.59038104180 0.64866494366 0.70441400456 0.82956039515 1.13301647220 

---- Expected P_neut(i), 0 < i < n (neutral SFS per site) 
E[P_neut(1)] = 0.0101461481
E[P_neut(2)] = 0.0043940098
E[P_neut(3)] = 0.0024263690
E[P_neut(4)] = 0.0015708552
E[P_neut(5)] = 0.0011198981
E[P_neut(6)] = 0.0008869697
E[P_neut(7)] = 0.0007415916
E[P_neut(8)] = 0.0006304399
E[P_neut(9)] = 0.0005479317
E[P_neut(10)] = 0.0005047997
E[P_neut(11)] = 0.0004454358
E[P_neut(12)] = 0.0004344637
E[P_neut(13)] = 0.0004055876
E[P_neut(14)] = 0.0003808904
E[P_neut(15)] = 0.0003792700
E[P_neut(16)] = 0.0003754997
E[P_neut(17)] = 0.0003888785
E[P_neut(18)] = 0.0004002110
E[P_neut(19)] = 0.0004502817

---- Expected P_sel(i), 0 < i < n (selected SFS per site) 
E[P_sel(1)] = 0.0072539876
E[P_sel(2)] = 0.0028322788
E[P_sel(3)] = 0.0014848897
E[P_sel(4)] = 0.0009302784
E[P_sel(5)] = 0.0006479978
E[P_sel(6)] = 0.0005043759
E[P_sel(7)] = 0.0004160926
E[P_sel(8)] = 0.0003500587
E[P_sel(9)] = 0.0003018123
E[P_sel(10)] = 0.0002763990
E[P_sel(11)] = 0.0002429077
E[P_sel(12)] = 0.0002364069
E[P_sel(13)] = 0.0002206426
E[P_sel(14)] = 0.0002076057
E[P_sel(15)] = 0.0002076419
E[P_sel(16)] = 0.0002071356
E[P_sel(17)] = 0.0002170165
E[P_sel(18)] = 0.0002272447
E[P_sel(19)] = 0.0002627366

---- Expected D_neut and D_sel (neutral and selected divergence per site) 
E[D_neut] = 0.0198307652
E[D_sel] = 0.0125078746

---- Expected neutral and selected misattributed polymorphism per site
E[mis_neut] = 0.0005751833
E[mis_sel] = 0.0003456882

---- alpha_div = 0.256083
---- alpha_dfe = 0.255923

