---- Running command
---- ./polyDFE -d Mmc/373.polyDFE.config.txt -m C -e 
---- Performing inference using model C

---- Performing inference on Mmc/373.polyDFE.config.txt
---- No mutation variability. Using Poisson likelihood.


---- Calculating initial values

-- Starting local optimization
-- Optimizing all parameters
  it        eps_an        lambda     theta_bar           S_d             b           p_b           S_b           r 2           r 3           r 4           r 5           r 6           r 7           r 8           r 9          r 10          r 11          r 12          r 13          r 14          r 15          r 16          r 17          r 18          r 19          r 20           ln lk          grad status 
   0           0.1 0.01925693558 0.01133955301        -20000         0.208           0.1            20 0.87550761029 0.73359706612 0.63756616470 0.58416652330 0.56084467690 0.54327448105 0.54183606085 0.53582110344 0.55574642180 0.55802710086 0.59793399001 0.62521173495 0.67126795069 0.75750418549 0.85755376389 1.11288229263 1.58231583938             1             1 -1116620.308332 23176.0831045   -2 
 336 0.00120644353 0.01931952560 0.01016232103 -101.36279682 0.11036098427 0.01253194943 10.8206937709 0.86288909972 0.71787833234 0.61417225689 0.55486930001 0.52787177580 0.50941794243 0.49374305125 0.48717613845 0.49759699788 0.48459604828 0.51238017754 0.51337363500 0.52419606953 0.56350140775 0.58296834484 0.64857577136 0.70613367750 0.81234662724 0.99987833688 -275.6994765427 18.5350823271   -3 
-- Local optimization: stuck in the same solution
---- Best joint likelihood found -275.699476542751654 with gradient 18.53508

---- Results for Mmc/373.polyDFE.config.txt 
--  Model: C
--        eps_an        lambda     theta_bar             a 
-- 0.00120644353 0.01931952560 0.01016232103            -1 
--           S_d             b           p_b           S_b 
-- -101.36279682 0.11036098427 0.01253194943 10.8206937709 
--           r 2           r 3           r 4           r 5           r 6           r 7           r 8           r 9          r 10          r 11          r 12          r 13          r 14          r 15          r 16          r 17          r 18          r 19          r 20 
-- 0.86288909972 0.71787833234 0.61417225689 0.55486930001 0.52787177580 0.50941794243 0.49374305125 0.48717613845 0.49759699788 0.48459604828 0.51238017754 0.51337363500 0.52419606953 0.56350140775 0.58296834484 0.64857577136 0.70613367750 0.81234662724 0.99987833688 

---- Expected P_neut(i), 0 < i < n (neutral SFS per site) 
E[P_neut(1)] = 0.0101505850
E[P_neut(2)] = 0.0043796694
E[P_neut(3)] = 0.0024293040
E[P_neut(4)] = 0.0015589181
E[P_neut(5)] = 0.0011268520
E[P_neut(6)] = 0.0008934475
E[P_neut(7)] = 0.0007391446
E[P_neut(8)] = 0.0006269637
E[P_neut(9)] = 0.0005499698
E[P_neut(10)] = 0.0005056740
E[P_neut(11)] = 0.0004478163
E[P_neut(12)] = 0.0004341475
E[P_neut(13)] = 0.0004017210
E[P_neut(14)] = 0.0003811231
E[P_neut(15)] = 0.0003826655
E[P_neut(16)] = 0.0003717052
E[P_neut(17)] = 0.0003901740
E[P_neut(18)] = 0.0004034729
E[P_neut(19)] = 0.0004462270

---- Expected P_sel(i), 0 < i < n (selected SFS per site) 
E[P_sel(1)] = 0.0072034502
E[P_sel(2)] = 0.0028237901
E[P_sel(3)] = 0.0014937391
E[P_sel(4)] = 0.0009300244
E[P_sel(5)] = 0.0006578700
E[P_sel(6)] = 0.0005130734
E[P_sel(7)] = 0.0004189730
E[P_sel(8)] = 0.0003516882
E[P_sel(9)] = 0.0003059122
E[P_sel(10)] = 0.0002793930
E[P_sel(11)] = 0.0002461604
E[P_sel(12)] = 0.0002377890
E[P_sel(13)] = 0.0002195888
E[P_sel(14)] = 0.0002082867
E[P_sel(15)] = 0.0002095388
E[P_sel(16)] = 0.0002045160
E[P_sel(17)] = 0.0002165735
E[P_sel(18)] = 0.0002274110
E[P_sel(19)] = 0.0002591415

---- Expected D_neut and D_sel (neutral and selected divergence per site) 
E[D_neut] = 0.0198275798
E[D_sel] = 0.0125181303

---- Expected neutral and selected misattributed polymorphism per site
E[mis_neut] = 0.0005080542
E[mis_sel] = 0.0003026817

---- alpha_div = 0.217449
---- alpha_dfe = 0.217119

