---- Running command
---- ./polyDFE -d Mmc/374.polyDFE.config.txt -m C -e 
---- Performing inference using model C

---- Performing inference on Mmc/374.polyDFE.config.txt
---- No mutation variability. Using Poisson likelihood.


---- Calculating initial values

-- Starting local optimization
-- Optimizing all parameters
  it        eps_an        lambda     theta_bar           S_d             b           p_b           S_b           r 2           r 3           r 4           r 5           r 6           r 7           r 8           r 9          r 10          r 11          r 12          r 13          r 14          r 15          r 16          r 17          r 18          r 19          r 20           ln lk          grad status 
   0           0.1 0.01928238390 0.01137230114        -20000         0.208           0.1            20 0.87164727103 0.73418428841 0.64016307537 0.57753479223 0.55718691352 0.54100743746 0.52985773537 0.52863859099 0.54216529705 0.55087927155 0.59362961954 0.62414371057 0.66466966021 0.74230091868 0.86499656201 1.11068565005 1.57559756423             1             1 -1118483.229816 23195.5670273   -2 
 784 0.00139151930 0.01931769351 0.01016417856 -87.662557325 0.11715155091 0.01969903421 7.37538006779 0.86533201105 0.71738867367 0.61676409702 0.55223538825 0.52593664016 0.50950610952 0.49035674969 0.48127213074 0.48609041285 0.48371265157 0.51190828217 0.51253701139 0.52465263236 0.55517833995 0.59124370417 0.64476426619 0.70160171486 0.81240088846 1.04593439268 -275.2708017899 1.08018591297   -8 
-- Local optimization: reached maximum number of likelihood evaluations allowed.
---- Best joint likelihood found -275.270801789956749 with gradient 1.08019

---- Results for Mmc/374.polyDFE.config.txt 
--  Model: C
--        eps_an        lambda     theta_bar             a 
-- 0.00139151930 0.01931769351 0.01016417856            -1 
--           S_d             b           p_b           S_b 
-- -87.662557325 0.11715155091 0.01969903421 7.37538006779 
--           r 2           r 3           r 4           r 5           r 6           r 7           r 8           r 9          r 10          r 11          r 12          r 13          r 14          r 15          r 16          r 17          r 18          r 19          r 20 
-- 0.86533201105 0.71738867367 0.61676409702 0.55223538825 0.52593664016 0.50950610952 0.49035674969 0.48127213074 0.48609041285 0.48371265157 0.51190828217 0.51253701139 0.52465263236 0.55517833995 0.59124370417 0.64476426619 0.70160171486 0.81240088846 1.04593439268 

---- Expected P_neut(i), 0 < i < n (neutral SFS per site) 
E[P_neut(1)] = 0.0101506397
E[P_neut(2)] = 0.0043921264
E[P_neut(3)] = 0.0024277098
E[P_neut(4)] = 0.0015655669
E[P_neut(5)] = 0.0011215652
E[P_neut(6)] = 0.0008902426
E[P_neut(7)] = 0.0007393440
E[P_neut(8)] = 0.0006227456
E[P_neut(9)] = 0.0005433918
E[P_neut(10)] = 0.0004940710
E[P_neut(11)] = 0.0004470927
E[P_neut(12)] = 0.0004338575
E[P_neut(13)] = 0.0004012040
E[P_neut(14)] = 0.0003816142
E[P_neut(15)] = 0.0003772341
E[P_neut(16)] = 0.0003772523
E[P_neut(17)] = 0.0003883457
E[P_neut(18)] = 0.0004017462
E[P_neut(19)] = 0.0004481382

---- Expected P_sel(i), 0 < i < n (selected SFS per site) 
E[P_sel(1)] = 0.0072322866
E[P_sel(2)] = 0.0028344408
E[P_sel(3)] = 0.0014916745
E[P_sel(4)] = 0.0009325164
E[P_sel(5)] = 0.0006534929
E[P_sel(6)] = 0.0005101828
E[P_sel(7)] = 0.0004182903
E[P_sel(8)] = 0.0003487842
E[P_sel(9)] = 0.0003019529
E[P_sel(10)] = 0.0002729101
E[P_sel(11)] = 0.0002459226
E[P_sel(12)] = 0.0002380484
E[P_sel(13)] = 0.0002199798
E[P_sel(14)] = 0.0002095121
E[P_sel(15)] = 0.0002078664
E[P_sel(16)] = 0.0002092578
E[P_sel(17)] = 0.0002177044
E[P_sel(18)] = 0.0002289772
E[P_sel(19)] = 0.0002627061

---- Expected D_neut and D_sel (neutral and selected divergence per site) 
E[D_neut] = 0.0198492467
E[D_sel] = 0.0125147575

---- Expected neutral and selected misattributed polymorphism per site
E[mis_neut] = 0.0005315532
E[mis_sel] = 0.0003194729

---- alpha_div = 0.235815
---- alpha_dfe = 0.235936

