---- Running command
---- ./polyDFE -d Mmc/375.polyDFE.config.txt -m C -e 
---- Performing inference using model C

---- Performing inference on Mmc/375.polyDFE.config.txt
---- No mutation variability. Using Poisson likelihood.


---- Calculating initial values

-- Starting local optimization
-- Optimizing all parameters
  it        eps_an        lambda     theta_bar           S_d             b           p_b           S_b           r 2           r 3           r 4           r 5           r 6           r 7           r 8           r 9          r 10          r 11          r 12          r 13          r 14          r 15          r 16          r 17          r 18          r 19          r 20           ln lk          grad status 
   0           0.1 0.01927673407 0.01132465023        -20000         0.208           0.1            20 0.87448844608 0.73857655824 0.64604725644 0.58206674259 0.55790136632 0.53491262268 0.53593239131 0.52750886103 0.55168497647 0.55639343097 0.59308486057 0.62070261138 0.66477088047 0.75193779520 0.86904861416 1.10668313148 1.59700764400             1             1 -1118214.588776 23156.7377717   -2 
 547 0.00296733821 0.01932682592 0.01016309197 -87.368869754 0.11250778606 0.00780928505 16.7005859398 0.85961226890 0.71978955469 0.61592025244 0.55150638191 0.52621860205 0.50265920724 0.49183977190 0.48089623455 0.49391245087 0.48542364127 0.50890310892 0.51176145473 0.52733045432 0.56018567711 0.59006110498 0.63726895185 0.71033991312 0.78410608496 1.01180485285 -291.0857904090 0.33281250062   -8 
-- Local optimization: reached maximum number of likelihood evaluations allowed.
---- Best joint likelihood found -291.085790409095353 with gradient 0.33281

---- Results for Mmc/375.polyDFE.config.txt 
--  Model: C
--        eps_an        lambda     theta_bar             a 
-- 0.00296733821 0.01932682592 0.01016309197            -1 
--           S_d             b           p_b           S_b 
-- -87.368869754 0.11250778606 0.00780928505 16.7005859398 
--           r 2           r 3           r 4           r 5           r 6           r 7           r 8           r 9          r 10          r 11          r 12          r 13          r 14          r 15          r 16          r 17          r 18          r 19          r 20 
-- 0.85961226890 0.71978955469 0.61592025244 0.55150638191 0.52621860205 0.50265920724 0.49183977190 0.48089623455 0.49391245087 0.48542364127 0.50890310892 0.51176145473 0.52733045432 0.56018567711 0.59006110498 0.63726895185 0.71033991312 0.78410608496 1.01180485285 

---- Expected P_neut(i), 0 < i < n (neutral SFS per site) 
E[P_neut(1)] = 0.0101341792
E[P_neut(2)] = 0.0043563876
E[P_neut(3)] = 0.0024323240
E[P_neut(4)] = 0.0015613821
E[P_neut(5)] = 0.0011188019
E[P_neut(6)] = 0.0008898257
E[P_neut(7)] = 0.0007288176
E[P_neut(8)] = 0.0006242515
E[P_neut(9)] = 0.0005427631
E[P_neut(10)] = 0.0005019678
E[P_neut(11)] = 0.0004487719
E[P_neut(12)] = 0.0004315776
E[P_neut(13)] = 0.0004010613
E[P_neut(14)] = 0.0003843167
E[P_neut(15)] = 0.0003817480
E[P_neut(16)] = 0.0003783343
E[P_neut(17)] = 0.0003870830
E[P_neut(18)] = 0.0004128411
E[P_neut(19)] = 0.0004483308

---- Expected P_sel(i), 0 < i < n (selected SFS per site) 
E[P_sel(1)] = 0.0072503344
E[P_sel(2)] = 0.0028265206
E[P_sel(3)] = 0.0015026938
E[P_sel(4)] = 0.0009347168
E[P_sel(5)] = 0.0006546848
E[P_sel(6)] = 0.0005116301
E[P_sel(7)] = 0.0004131969
E[P_sel(8)] = 0.0003498567
E[P_sel(9)] = 0.0003012993
E[P_sel(10)] = 0.0002764616
E[P_sel(11)] = 0.0002455848
E[P_sel(12)] = 0.0002349971
E[P_sel(13)] = 0.0002176091
E[P_sel(14)] = 0.0002081279
E[P_sel(15)] = 0.0002067575
E[P_sel(16)] = 0.0002055055
E[P_sel(17)] = 0.0002117889
E[P_sel(18)] = 0.0002293886
E[P_sel(19)] = 0.0002592081

---- Expected D_neut and D_sel (neutral and selected divergence per site) 
E[D_neut] = 0.0198409792
E[D_sel] = 0.0125001297

---- Expected neutral and selected misattributed polymorphism per site
E[mis_neut] = 0.0005141533
E[mis_sel] = 0.0003012899

---- alpha_div = 0.207572
---- alpha_dfe = 0.207746

