---- Running command
---- ./polyDFE -d Mmc/376.polyDFE.config.txt -m C -e 
---- Performing inference using model C

---- Performing inference on Mmc/376.polyDFE.config.txt
---- No mutation variability. Using Poisson likelihood.


---- Calculating initial values

-- Starting local optimization
-- Optimizing all parameters
  it        eps_an        lambda     theta_bar           S_d             b           p_b           S_b           r 2           r 3           r 4           r 5           r 6           r 7           r 8           r 9          r 10          r 11          r 12          r 13          r 14          r 15          r 16          r 17          r 18          r 19          r 20           ln lk          grad status 
   0           0.1 0.01930294914 0.01132991651        -20000         0.208           0.1            20 0.87370129477 0.73872533363 0.64691826062 0.58675761884 0.55989331703 0.54328191641 0.53652665731 0.53168609412 0.55425937081 0.56021090593 0.59801916389 0.61610170353 0.67057214178 0.74688476614 0.87512632968 1.11023510582 1.58253109755             1             1 -1119844.051201 23209.3916520   -2 
 788 0.00042115503 0.01924779668 0.01011030204 -72.529878821 0.12775320027 0.03012738356 5.28105277911 0.86802816370 0.72203880261 0.62620690266 0.55904150460 0.53121543352 0.51111750219 0.49555889022 0.48806022481 0.49620536953 0.48763130859 0.51635736781 0.51377211062 0.52571159023 0.55789452349 0.59788919030 0.65135634029 0.71267400343 0.83168865040 1.23380607112 -276.5295799697 0.01110022730   -3 
-- Local optimization: stuck in the same solution
---- Best joint likelihood found -276.529579969763290 with gradient 0.01110

---- Results for Mmc/376.polyDFE.config.txt 
--  Model: C
--        eps_an        lambda     theta_bar             a 
-- 0.00042115503 0.01924779668 0.01011030204            -1 
--           S_d             b           p_b           S_b 
-- -72.529878821 0.12775320027 0.03012738356 5.28105277911 
--           r 2           r 3           r 4           r 5           r 6           r 7           r 8           r 9          r 10          r 11          r 12          r 13          r 14          r 15          r 16          r 17          r 18          r 19          r 20 
-- 0.86802816370 0.72203880261 0.62620690266 0.55904150460 0.53121543352 0.51111750219 0.49555889022 0.48806022481 0.49620536953 0.48763130859 0.51635736781 0.51377211062 0.52571159023 0.55789452349 0.59788919030 0.65135634029 0.71267400343 0.83168865040 1.23380607112 

---- Expected P_neut(i), 0 < i < n (neutral SFS per site) 
E[P_neut(1)] = 0.0101062304
E[P_neut(2)] = 0.0043863340
E[P_neut(3)] = 0.0024324818
E[P_neut(4)] = 0.0015822777
E[P_neut(5)] = 0.0011300980
E[P_neut(6)] = 0.0008949077
E[P_neut(7)] = 0.0007380791
E[P_neut(8)] = 0.0006262007
E[P_neut(9)] = 0.0005482285
E[P_neut(10)] = 0.0005016786
E[P_neut(11)] = 0.0004482330
E[P_neut(12)] = 0.0004351246
E[P_neut(13)] = 0.0003997112
E[P_neut(14)] = 0.0003798673
E[P_neut(15)] = 0.0003763499
E[P_neut(16)] = 0.0003783100
E[P_neut(17)] = 0.0003882387
E[P_neut(18)] = 0.0004019766
E[P_neut(19)] = 0.0004466307

---- Expected P_sel(i), 0 < i < n (selected SFS per site) 
E[P_sel(1)] = 0.0072383002
E[P_sel(2)] = 0.0028326954
E[P_sel(3)] = 0.0014918059
E[P_sel(4)] = 0.0009393666
E[P_sel(5)] = 0.0006557998
E[P_sel(6)] = 0.0005106179
E[P_sel(7)] = 0.0004157550
E[P_sel(8)] = 0.0003492855
E[P_sel(9)] = 0.0003035463
E[P_sel(10)] = 0.0002763125
E[P_sel(11)] = 0.0002460603
E[P_sel(12)] = 0.0002385292
E[P_sel(13)] = 0.0002192400
E[P_sel(14)] = 0.0002089210
E[P_sel(15)] = 0.0002080563
E[P_sel(16)] = 0.0002108371
E[P_sel(17)] = 0.0002189246
E[P_sel(18)] = 0.0002304623
E[P_sel(19)] = 0.0002622897

---- Expected D_neut and D_sel (neutral and selected divergence per site) 
E[D_neut] = 0.0198715043
E[D_sel] = 0.0125020296

---- Expected neutral and selected misattributed polymorphism per site
E[mis_neut] = 0.0006237076
E[mis_sel] = 0.0003767316

---- alpha_div = 0.264354
---- alpha_dfe = 0.264185

