---- Running command
---- ./polyDFE -d Mmc/377.polyDFE.config.txt -m C -e 
---- Performing inference using model C

---- Performing inference on Mmc/377.polyDFE.config.txt
---- No mutation variability. Using Poisson likelihood.


---- Calculating initial values

-- Starting local optimization
-- Optimizing all parameters
  it        eps_an        lambda     theta_bar           S_d             b           p_b           S_b           r 2           r 3           r 4           r 5           r 6           r 7           r 8           r 9          r 10          r 11          r 12          r 13          r 14          r 15          r 16          r 17          r 18          r 19          r 20           ln lk          grad status 
   0           0.1 0.01926652584 0.01136871426        -20000         0.208           0.1            20 0.87560955317 0.73974056100 0.64527819405 0.58054148877 0.55595338195 0.53912999561 0.53527426024 0.52915084047 0.55146618577 0.55577114357 0.58908289872 0.62582269543 0.67129049775 0.75549977831 0.86113183011 1.11757140560 1.58866457440             1             1 -1113333.889388 23101.0335104   -2 
 737 0.00156592013 0.01928358613 0.01016510502 -77.142410530 0.12439649865 0.02397868993 6.54449164583 0.86693429814 0.72195492687 0.62075052964 0.55475164115 0.52558669518 0.50640967173 0.49725189739 0.48609648227 0.49516444372 0.48628161575 0.50619368966 0.51879478081 0.52816339269 0.55964068483 0.58454173355 0.64780461027 0.70506544803 0.80373419103 1.08789079052 -269.0162725496 0.02416438930   -3 
-- Local optimization: stuck in the same solution
---- Best joint likelihood found -269.016272549662972 with gradient 0.02416

---- Results for Mmc/377.polyDFE.config.txt 
--  Model: C
--        eps_an        lambda     theta_bar             a 
-- 0.00156592013 0.01928358613 0.01016510502            -1 
--           S_d             b           p_b           S_b 
-- -77.142410530 0.12439649865 0.02397868993 6.54449164583 
--           r 2           r 3           r 4           r 5           r 6           r 7           r 8           r 9          r 10          r 11          r 12          r 13          r 14          r 15          r 16          r 17          r 18          r 19          r 20 
-- 0.86693429814 0.72195492687 0.62075052964 0.55475164115 0.52558669518 0.50640967173 0.49725189739 0.48609648227 0.49516444372 0.48628161575 0.50619368966 0.51879478081 0.52816339269 0.55964068483 0.58454173355 0.64780461027 0.70506544803 0.80373419103 1.08789079052 

---- Expected P_neut(i), 0 < i < n (neutral SFS per site) 
E[P_neut(1)] = 0.0101498606
E[P_neut(2)] = 0.0043999628
E[P_neut(3)] = 0.0024430252
E[P_neut(4)] = 0.0015756099
E[P_neut(5)] = 0.0011266495
E[P_neut(6)] = 0.0008896468
E[P_neut(7)] = 0.0007348705
E[P_neut(8)] = 0.0006315093
E[P_neut(9)] = 0.0005488686
E[P_neut(10)] = 0.0005033399
E[P_neut(11)] = 0.0004495291
E[P_neut(12)] = 0.0004291106
E[P_neut(13)] = 0.0004061781
E[P_neut(14)] = 0.0003842822
E[P_neut(15)] = 0.0003804260
E[P_neut(16)] = 0.0003732592
E[P_neut(17)] = 0.0003905771
E[P_neut(18)] = 0.0004044466
E[P_neut(19)] = 0.0004452466

---- Expected P_sel(i), 0 < i < n (selected SFS per site) 
E[P_sel(1)] = 0.0072441213
E[P_sel(2)] = 0.0028335966
E[P_sel(3)] = 0.0014946659
E[P_sel(4)] = 0.0009332434
E[P_sel(5)] = 0.0006522317
E[P_sel(6)] = 0.0005062965
E[P_sel(7)] = 0.0004127483
E[P_sel(8)] = 0.0003510937
E[P_sel(9)] = 0.0003027711
E[P_sel(10)] = 0.0002760569
E[P_sel(11)] = 0.0002455923
E[P_sel(12)] = 0.0002339675
E[P_sel(13)] = 0.0002214513
E[P_sel(14)] = 0.0002099545
E[P_sel(15)] = 0.0002088107
E[P_sel(16)] = 0.0002064746
E[P_sel(17)] = 0.0002186368
E[P_sel(18)] = 0.0002305103
E[P_sel(19)] = 0.0002615178

---- Expected D_neut and D_sel (neutral and selected divergence per site) 
E[D_neut] = 0.0198365123
E[D_sel] = 0.0125257226

---- Expected neutral and selected misattributed polymorphism per site
E[mis_neut] = 0.0005529262
E[mis_sel] = 0.0003329687

---- alpha_div = 0.256091
---- alpha_dfe = 0.255962

