---- Running command
---- ./polyDFE -d Mmc/378.polyDFE.config.txt -m C -e 
---- Performing inference using model C

---- Performing inference on Mmc/378.polyDFE.config.txt
---- No mutation variability. Using Poisson likelihood.


---- Calculating initial values

-- Starting local optimization
-- Optimizing all parameters
  it        eps_an        lambda     theta_bar           S_d             b           p_b           S_b           r 2           r 3           r 4           r 5           r 6           r 7           r 8           r 9          r 10          r 11          r 12          r 13          r 14          r 15          r 16          r 17          r 18          r 19          r 20           ln lk          grad status 
   0           0.1 0.01925683353 0.01133020357        -20000         0.208           0.1            20 0.87533582975 0.73474167939 0.64475760955 0.58263348640 0.55774136909 0.54191217413 0.54727448251 0.52956313208 0.55616790496 0.55914339978 0.59513734324 0.62834414292 0.67077246411 0.75113666486 0.86473777243 1.11545816716 1.59725539359             1             1 -1115835.173352 23145.4426378   -2 
1016 0.00142710110 0.01927964428 0.01012492735 -76.727214330 0.12126080325 0.01643780147 8.99982000095 0.86546871877 0.72279258182 0.62305160974 0.55446830667 0.52988840436 0.51072388704 0.50044746742 0.48653728679 0.49869721740 0.48878578097 0.50793294558 0.51925730294 0.52518720290 0.56016588280 0.58916123959 0.65193528030 0.71581144717 0.82279993986 1.07634165277 -271.4007937080 0.02771274933   -3 
-- Local optimization: stuck in the same solution
---- Best joint likelihood found -271.400793708002311 with gradient 0.02771

---- Results for Mmc/378.polyDFE.config.txt 
--  Model: C
--        eps_an        lambda     theta_bar             a 
-- 0.00142710110 0.01927964428 0.01012492735            -1 
--           S_d             b           p_b           S_b 
-- -76.727214330 0.12126080325 0.01643780147 8.99982000095 
--           r 2           r 3           r 4           r 5           r 6           r 7           r 8           r 9          r 10          r 11          r 12          r 13          r 14          r 15          r 16          r 17          r 18          r 19          r 20 
-- 0.86546871877 0.72279258182 0.62305160974 0.55446830667 0.52988840436 0.51072388704 0.50044746742 0.48653728679 0.49869721740 0.48878578097 0.50793294558 0.51925730294 0.52518720290 0.56016588280 0.58916123959 0.65193528030 0.71581144717 0.82279993986 1.07634165277 

---- Expected P_neut(i), 0 < i < n (neutral SFS per site) 
E[P_neut(1)] = 0.0101111038
E[P_neut(2)] = 0.0043757259
E[P_neut(3)] = 0.0024364803
E[P_neut(4)] = 0.0015753695
E[P_neut(5)] = 0.0011217275
E[P_neut(6)] = 0.0008934462
E[P_neut(7)] = 0.0007382432
E[P_neut(8)] = 0.0006330820
E[P_neut(9)] = 0.0005472115
E[P_neut(10)] = 0.0005049273
E[P_neut(11)] = 0.0004500409
E[P_neut(12)] = 0.0004288576
E[P_neut(13)] = 0.0004048957
E[P_neut(14)] = 0.0003805542
E[P_neut(15)] = 0.0003791720
E[P_neut(16)] = 0.0003745445
E[P_neut(17)] = 0.0003912094
E[P_neut(18)] = 0.0004083191
E[P_neut(19)] = 0.0004522862

---- Expected P_sel(i), 0 < i < n (selected SFS per site) 
E[P_sel(1)] = 0.0072368071
E[P_sel(2)] = 0.0028284321
E[P_sel(3)] = 0.0014963827
E[P_sel(4)] = 0.0009364999
E[P_sel(5)] = 0.0006514949
E[P_sel(6)] = 0.0005098421
E[P_sel(7)] = 0.0004154980
E[P_sel(8)] = 0.0003524214
E[P_sel(9)] = 0.0003019765
E[P_sel(10)] = 0.0002767565
E[P_sel(11)] = 0.0002454400
E[P_sel(12)] = 0.0002331219
E[P_sel(13)] = 0.0002197742
E[P_sel(14)] = 0.0002066792
E[P_sel(15)] = 0.0002065443
E[P_sel(16)] = 0.0002052751
E[P_sel(17)] = 0.0002166495
E[P_sel(18)] = 0.0002300306
E[P_sel(19)] = 0.0002629322

---- Expected D_neut and D_sel (neutral and selected divergence per site) 
E[D_neut] = 0.0198245383
E[D_sel] = 0.0125146251

---- Expected neutral and selected misattributed polymorphism per site
E[mis_neut] = 0.0005448941
E[mis_sel] = 0.0003252336

---- alpha_div = 0.238171
---- alpha_dfe = 0.238070

