---- Running command
---- ./polyDFE -d Mmc/379.polyDFE.config.txt -m C -e 
---- Performing inference using model C

---- Performing inference on Mmc/379.polyDFE.config.txt
---- No mutation variability. Using Poisson likelihood.


---- Calculating initial values

-- Starting local optimization
-- Optimizing all parameters
  it        eps_an        lambda     theta_bar           S_d             b           p_b           S_b           r 2           r 3           r 4           r 5           r 6           r 7           r 8           r 9          r 10          r 11          r 12          r 13          r 14          r 15          r 16          r 17          r 18          r 19          r 20           ln lk          grad status 
   0           0.1 0.01924416700 0.01134228238        -20000         0.208           0.1            20 0.87750832486 0.73385182111 0.64481668711 0.57639612552 0.55463342120 0.53606776856 0.54241945349 0.52980853216 0.55968705703 0.55682953025 0.59123697341 0.62770573656 0.66967920587 0.74081074609 0.86184238960 1.10431087696 1.58519974256             1             1 -1115148.663058 23121.0580036   -2 
 666 0.00432032601 0.01929675229 0.01016940052 -72.922604356 0.12701679141 0.02757801439 5.78858387277 0.86701290039 0.72020773399 0.62046736470 0.55164229357 0.52409643151 0.50467617491 0.49821406043 0.48273914441 0.49683620568 0.48357164561 0.50739758022 0.51247045908 0.52443069565 0.54556272320 0.58016380053 0.62823357601 0.68187132504 0.75183389106 1.01333528234 -269.7683189750 0.20218292922   -3 
-- Local optimization: stuck in the same solution
---- Best joint likelihood found -269.768318975082366 with gradient 0.20218

---- Results for Mmc/379.polyDFE.config.txt 
--  Model: C
--        eps_an        lambda     theta_bar             a 
-- 0.00432032601 0.01929675229 0.01016940052            -1 
--           S_d             b           p_b           S_b 
-- -72.922604356 0.12701679141 0.02757801439 5.78858387277 
--           r 2           r 3           r 4           r 5           r 6           r 7           r 8           r 9          r 10          r 11          r 12          r 13          r 14          r 15          r 16          r 17          r 18          r 19          r 20 
-- 0.86701290039 0.72020773399 0.62046736470 0.55164229357 0.52409643151 0.50467617491 0.49821406043 0.48273914441 0.49683620568 0.48357164561 0.50739758022 0.51247045908 0.52443069565 0.54556272320 0.58016380053 0.62823357601 0.68187132504 0.75183389106 1.01333528234 

---- Expected P_neut(i), 0 < i < n (neutral SFS per site) 
E[P_neut(1)] = 0.0101272039
E[P_neut(2)] = 0.0043911189
E[P_neut(3)] = 0.0024324364
E[P_neut(4)] = 0.0015722233
E[P_neut(5)] = 0.0011187249
E[P_neut(6)] = 0.0008860992
E[P_neut(7)] = 0.0007317436
E[P_neut(8)] = 0.0006324389
E[P_neut(9)] = 0.0005450379
E[P_neut(10)] = 0.0005052526
E[P_neut(11)] = 0.0004474828
E[P_neut(12)] = 0.0004308725
E[P_neut(13)] = 0.0004023216
E[P_neut(14)] = 0.0003831309
E[P_neut(15)] = 0.0003731191
E[P_neut(16)] = 0.0003739669
E[P_neut(17)] = 0.0003847332
E[P_neut(18)] = 0.0004026164
E[P_neut(19)] = 0.0004446019

---- Expected P_sel(i), 0 < i < n (selected SFS per site) 
E[P_sel(1)] = 0.0072497755
E[P_sel(2)] = 0.0028343049
E[P_sel(3)] = 0.0014908677
E[P_sel(4)] = 0.0009327096
E[P_sel(5)] = 0.0006486230
E[P_sel(6)] = 0.0005050583
E[P_sel(7)] = 0.0004116768
E[P_sel(8)] = 0.0003522622
E[P_sel(9)] = 0.0003012904
E[P_sel(10)] = 0.0002777746
E[P_sel(11)] = 0.0002451541
E[P_sel(12)] = 0.0002356814
E[P_sel(13)] = 0.0002201585
E[P_sel(14)] = 0.0002102132
E[P_sel(15)] = 0.0002057962
E[P_sel(16)] = 0.0002080269
E[P_sel(17)] = 0.0002168035
E[P_sel(18)] = 0.0002315204
E[P_sel(19)] = 0.0002658949

---- Expected D_neut and D_sel (neutral and selected divergence per site) 
E[D_neut] = 0.0198120029
E[D_sel] = 0.0125057924

---- Expected neutral and selected misattributed polymorphism per site
E[mis_neut] = 0.0005152506
E[mis_sel] = 0.0003112170

---- alpha_div = 0.262534
---- alpha_dfe = 0.262479

