---- Running command
---- ./polyDFE -d Mmc/38.polyDFE.config.txt -m C -e 
---- Performing inference using model C

---- Performing inference on Mmc/38.polyDFE.config.txt
---- No mutation variability. Using Poisson likelihood.


---- Calculating initial values

-- Starting local optimization
-- Optimizing all parameters
  it        eps_an        lambda     theta_bar           S_d             b           p_b           S_b           r 2           r 3           r 4           r 5           r 6           r 7           r 8           r 9          r 10          r 11          r 12          r 13          r 14          r 15          r 16          r 17          r 18          r 19          r 20           ln lk          grad status 
   0           0.1 0.01927495052 0.01135625972        -20000         0.208           0.1            20 0.87513304470 0.73328114917 0.64358775862 0.58087363652 0.55598763353 0.54004796334 0.53784117367 0.52630743280 0.54706704945 0.55712717240 0.58949041529 0.62679295297 0.65872784680 0.74619548591 0.85679399835 1.10610404456 1.58677955555             1             1 -1118897.298076 23184.1442212   -2 
 909 0.00114768991 0.01932017746 0.01014489212 -83.987776146 0.11806239252 0.01869659871 7.73883461397 0.86733318899 0.71808384167 0.62053792762 0.55523795543 0.52757739173 0.50702123020 0.49675839795 0.48234251535 0.48927661054 0.48444287460 0.50776224941 0.51440225865 0.51953093374 0.55457131487 0.59049239743 0.64643994109 0.70456820452 0.81553646882 1.03242828125 -281.8166110259 0.07921610950   -3 
-- Local optimization: stuck in the same solution
---- Best joint likelihood found -281.816611025933526 with gradient 0.07922

---- Results for Mmc/38.polyDFE.config.txt 
--  Model: C
--        eps_an        lambda     theta_bar             a 
-- 0.00114768991 0.01932017746 0.01014489212            -1 
--           S_d             b           p_b           S_b 
-- -83.987776146 0.11806239252 0.01869659871 7.73883461397 
--           r 2           r 3           r 4           r 5           r 6           r 7           r 8           r 9          r 10          r 11          r 12          r 13          r 14          r 15          r 16          r 17          r 18          r 19          r 20 
-- 0.86733318899 0.71808384167 0.62053792762 0.55523795543 0.52757739173 0.50702123020 0.49675839795 0.48234251535 0.48927661054 0.48444287460 0.50776224941 0.51440225865 0.51953093374 0.55457131487 0.59049239743 0.64643994109 0.70456820452 0.81553646882 1.03242828125 

---- Expected P_neut(i), 0 < i < n (neutral SFS per site) 
E[P_neut(1)] = 0.0101337487
E[P_neut(2)] = 0.0043949073
E[P_neut(3)] = 0.0024259502
E[P_neut(4)] = 0.0015724460
E[P_neut(5)] = 0.0011257033
E[P_neut(6)] = 0.0008914442
E[P_neut(7)] = 0.0007344282
E[P_neut(8)] = 0.0006297147
E[P_neut(9)] = 0.0005435902
E[P_neut(10)] = 0.0004963658
E[P_neut(11)] = 0.0004468949
E[P_neut(12)] = 0.0004294964
E[P_neut(13)] = 0.0004018100
E[P_neut(14)] = 0.0003770621
E[P_neut(15)] = 0.0003759336
E[P_neut(16)] = 0.0003757817
E[P_neut(17)] = 0.0003881126
E[P_neut(18)] = 0.0004016918
E[P_neut(19)] = 0.0004465924

---- Expected P_sel(i), 0 < i < n (selected SFS per site) 
E[P_sel(1)] = 0.0072359274
E[P_sel(2)] = 0.0028406403
E[P_sel(3)] = 0.0014921775
E[P_sel(4)] = 0.0009372597
E[P_sel(5)] = 0.0006561536
E[P_sel(6)] = 0.0005109266
E[P_sel(7)] = 0.0004154493
E[P_sel(8)] = 0.0003525521
E[P_sel(9)] = 0.0003018762
E[P_sel(10)] = 0.0002739438
E[P_sel(11)] = 0.0002455459
E[P_sel(12)] = 0.0002353418
E[P_sel(13)] = 0.0002199635
E[P_sel(14)] = 0.0002066330
E[P_sel(15)] = 0.0002067163
E[P_sel(16)] = 0.0002079532
E[P_sel(17)] = 0.0002170108
E[P_sel(18)] = 0.0002283006
E[P_sel(19)] = 0.0002610298

---- Expected D_neut and D_sel (neutral and selected divergence per site) 
E[D_neut] = 0.0198438711
E[D_sel] = 0.0125068081

---- Expected neutral and selected misattributed polymorphism per site
E[mis_neut] = 0.0005236937
E[mis_sel] = 0.0003141678

---- alpha_div = 0.234650
---- alpha_dfe = 0.234558

