---- Running command
---- ./polyDFE -d Mmc/380.polyDFE.config.txt -m C -e 
---- Performing inference using model C

---- Performing inference on Mmc/380.polyDFE.config.txt
---- No mutation variability. Using Poisson likelihood.


---- Calculating initial values

-- Starting local optimization
-- Optimizing all parameters
  it        eps_an        lambda     theta_bar           S_d             b           p_b           S_b           r 2           r 3           r 4           r 5           r 6           r 7           r 8           r 9          r 10          r 11          r 12          r 13          r 14          r 15          r 16          r 17          r 18          r 19          r 20           ln lk          grad status 
   0           0.1 0.01927862557 0.01133379371        -20000         0.208           0.1            20 0.87552879075 0.73765100812 0.64744170661 0.58511226426 0.55616828644 0.54136911354 0.54026376760 0.53223091103 0.55308442633 0.55591495130 0.59792511879 0.62337741606 0.66665545776 0.75302992778 0.86729834829 1.11676728840 1.59058710360             1             1 -1116629.667293 23157.8854356   -2 
 664 0.00189200305 0.01933190958 0.01013661406 -71.578524344 0.12666534390 0.02495754311 6.34039791866 0.86611198596 0.72378698289 0.62317444529 0.55555139996 0.52793263095 0.50815308569 0.49625895281 0.48869545552 0.49604465373 0.48602992732 0.51237323724 0.51914713026 0.52247510462 0.55872403598 0.59285015117 0.64979383082 0.70681589329 0.79721992109 1.01940736772 -286.6775226128 0.09019355577   -3 
-- Local optimization: stuck in the same solution
---- Best joint likelihood found -286.677522612895700 with gradient 0.09019

---- Results for Mmc/380.polyDFE.config.txt 
--  Model: C
--        eps_an        lambda     theta_bar             a 
-- 0.00189200305 0.01933190958 0.01013661406            -1 
--           S_d             b           p_b           S_b 
-- -71.578524344 0.12666534390 0.02495754311 6.34039791866 
--           r 2           r 3           r 4           r 5           r 6           r 7           r 8           r 9          r 10          r 11          r 12          r 13          r 14          r 15          r 16          r 17          r 18          r 19          r 20 
-- 0.86611198596 0.72378698289 0.62317444529 0.55555139996 0.52793263095 0.50815308569 0.49625895281 0.48869545552 0.49604465373 0.48602992732 0.51237323724 0.51914713026 0.52247510462 0.55872403598 0.59285015117 0.64979383082 0.70681589329 0.79721992109 1.01940736772 

---- Expected P_neut(i), 0 < i < n (neutral SFS per site) 
E[P_neut(1)] = 0.0101182403
E[P_neut(2)] = 0.0043821692
E[P_neut(3)] = 0.0024416891
E[P_neut(4)] = 0.0015769424
E[P_neut(5)] = 0.0011248655
E[P_neut(6)] = 0.0008909365
E[P_neut(7)] = 0.0007352239
E[P_neut(8)] = 0.0006284274
E[P_neut(9)] = 0.0005502190
E[P_neut(10)] = 0.0005028213
E[P_neut(11)] = 0.0004480756
E[P_neut(12)] = 0.0004331816
E[P_neut(13)] = 0.0004054259
E[P_neut(14)] = 0.0003792667
E[P_neut(15)] = 0.0003789879
E[P_neut(16)] = 0.0003778706
E[P_neut(17)] = 0.0003913475
E[P_neut(18)] = 0.0004055923
E[P_neut(19)] = 0.0004436954

---- Expected P_sel(i), 0 < i < n (selected SFS per site) 
E[P_sel(1)] = 0.0072537585
E[P_sel(2)] = 0.0028322838
E[P_sel(3)] = 0.0014981982
E[P_sel(4)] = 0.0009363252
E[P_sel(5)] = 0.0006525901
E[P_sel(6)] = 0.0005079987
E[P_sel(7)] = 0.0004136678
E[P_sel(8)] = 0.0003499505
E[P_sel(9)] = 0.0003039894
E[P_sel(10)] = 0.0002761921
E[P_sel(11)] = 0.0002451691
E[P_sel(12)] = 0.0002365500
E[P_sel(13)] = 0.0002213919
E[P_sel(14)] = 0.0002075593
E[P_sel(15)] = 0.0002083883
E[P_sel(16)] = 0.0002094202
E[P_sel(17)] = 0.0002195205
E[P_sel(18)] = 0.0002317107
E[P_sel(19)] = 0.0002615218

---- Expected D_neut and D_sel (neutral and selected divergence per site) 
E[D_neut] = 0.0198485765
E[D_sel] = 0.0125431043

---- Expected neutral and selected misattributed polymorphism per site
E[mis_neut] = 0.0005166670
E[mis_sel] = 0.0003115942

---- alpha_div = 0.258661
---- alpha_dfe = 0.258392

