---- Running command
---- ./polyDFE -d Mmc/381.polyDFE.config.txt -m C -e 
---- Performing inference using model C

---- Performing inference on Mmc/381.polyDFE.config.txt
---- No mutation variability. Using Poisson likelihood.


---- Calculating initial values

-- Starting local optimization
-- Optimizing all parameters
  it        eps_an        lambda     theta_bar           S_d             b           p_b           S_b           r 2           r 3           r 4           r 5           r 6           r 7           r 8           r 9          r 10          r 11          r 12          r 13          r 14          r 15          r 16          r 17          r 18          r 19          r 20           ln lk          grad status 
   0           0.1 0.01927044856 0.01132833367        -20000         0.208           0.1            20 0.87429789631 0.73558970712  0.6444242159 0.58582298571 0.56259367603 0.54034737356 0.54053398678 0.52976677803 0.55693511832 0.55982106562 0.59230769292 0.62450211284 0.66463431503 0.75397658431 0.86471923601 1.11261067371 1.58747752749             1             1 -1116222.677287 23130.2821001   -2 
1029 0.00045115024 0.01922759769 0.01011172962 -67.821133794 0.13035388770 0.02861618451 5.66469320777 0.86627752349 0.72300572354 0.62090542582 0.55820681265 0.53285696199 0.50551588614 0.50005521246 0.48528339189 0.49897634084 0.48948263952 0.51550708038 0.51783129821 0.52442326007 0.56289813087 0.59218599798 0.64914050500 0.71466728991 0.83142415902 1.21101231460 -280.2098973068 0.10365164495   -3 
-- Local optimization: stuck in the same solution
---- Best joint likelihood found -280.209897306878702 with gradient 0.10365

---- Results for Mmc/381.polyDFE.config.txt 
--  Model: C
--        eps_an        lambda     theta_bar             a 
-- 0.00045115024 0.01922759769 0.01011172962            -1 
--           S_d             b           p_b           S_b 
-- -67.821133794 0.13035388770 0.02861618451 5.66469320777 
--           r 2           r 3           r 4           r 5           r 6           r 7           r 8           r 9          r 10          r 11          r 12          r 13          r 14          r 15          r 16          r 17          r 18          r 19          r 20 
-- 0.86627752349 0.72300572354 0.62090542582 0.55820681265 0.53285696199 0.50551588614 0.50005521246 0.48528339189 0.49897634084 0.48948263952 0.51550708038 0.51783129821 0.52442326007 0.56289813087 0.59218599798 0.64914050500 0.71466728991 0.83142415902 1.21101231460 

---- Expected P_neut(i), 0 < i < n (neutral SFS per site) 
E[P_neut(1)] = 0.0101073673
E[P_neut(2)] = 0.0043779872
E[P_neut(3)] = 0.0024360209
E[P_neut(4)] = 0.0015690677
E[P_neut(5)] = 0.0011285492
E[P_neut(6)] = 0.0008977833
E[P_neut(7)] = 0.0007300866
E[P_neut(8)] = 0.0006319637
E[P_neut(9)] = 0.0005451853
E[P_neut(10)] = 0.0005045514
E[P_neut(11)] = 0.0004499990
E[P_neut(12)] = 0.0004344782
E[P_neut(13)] = 0.0004029300
E[P_neut(14)] = 0.0003790076
E[P_neut(15)] = 0.0003797964
E[P_neut(16)] = 0.0003747908
E[P_neut(17)] = 0.0003870390
E[P_neut(18)] = 0.0004032683
E[P_neut(19)] = 0.0004468431

---- Expected P_sel(i), 0 < i < n (selected SFS per site) 
E[P_sel(1)] = 0.0072552022
E[P_sel(2)] = 0.0028289718
E[P_sel(3)] = 0.0014931171
E[P_sel(4)] = 0.0009302102
E[P_sel(5)] = 0.0006535531
E[P_sel(6)] = 0.0005109320
E[P_sel(7)] = 0.0004100010
E[P_sel(8)] = 0.0003512871
E[P_sel(9)] = 0.0003007164
E[P_sel(10)] = 0.0002767536
E[P_sel(11)] = 0.0002459471
E[P_sel(12)] = 0.0002370745
E[P_sel(13)] = 0.0002199424
E[P_sel(14)] = 0.0002074187
E[P_sel(15)] = 0.0002089158
E[P_sel(16)] = 0.0002078537
E[P_sel(17)] = 0.0002172433
E[P_sel(18)] = 0.0002302826
E[P_sel(19)] = 0.0002617177

---- Expected D_neut and D_sel (neutral and selected divergence per site) 
E[D_neut] = 0.0198398692
E[D_sel] = 0.0125061743

---- Expected neutral and selected misattributed polymorphism per site
E[mis_neut] = 0.0006122715
E[mis_sel] = 0.0003693937

---- alpha_div = 0.267482
---- alpha_dfe = 0.267236

