---- Running command
---- ./polyDFE -d Mmc/382.polyDFE.config.txt -m C -e 
---- Performing inference using model C

---- Performing inference on Mmc/382.polyDFE.config.txt
---- No mutation variability. Using Poisson likelihood.


---- Calculating initial values

-- Starting local optimization
-- Optimizing all parameters
  it        eps_an        lambda     theta_bar           S_d             b           p_b           S_b           r 2           r 3           r 4           r 5           r 6           r 7           r 8           r 9          r 10          r 11          r 12          r 13          r 14          r 15          r 16          r 17          r 18          r 19          r 20           ln lk          grad status 
   0           0.1 0.01929092674 0.01139205928        -20000         0.208           0.1            20 0.86865750164 0.73346131893 0.64048489237 0.57668572927 0.55938158303 0.53668687870 0.53448496534 0.51943904921 0.55368541686 0.55392598977 0.59402705650 0.61756572226 0.66462283171 0.74623018150 0.86276750456 1.10688806102 1.57655828461             1             1 -1117456.633034 23188.3947915   -2 
 366 0.00430848307 0.01934430699 0.01021414875 -104.65066747 0.10730366637 0.00741370224 17.1882058555 0.86035879354 0.71819515517 0.61446897274 0.54675769232 0.52668614860 0.50638093478 0.49016179645 0.47730810815 0.49098526508 0.48276335249 0.50961520261 0.50855406718 0.51941286361 0.55286595752 0.58618911039 0.63731515488 0.67951289044 0.75645017413 1.01442495745 -296.9915121212 0.16713140854   -3 
-- Local optimization: stuck in the same solution
---- Best joint likelihood found -296.991512121225242 with gradient 0.16713

---- Results for Mmc/382.polyDFE.config.txt 
--  Model: C
--        eps_an        lambda     theta_bar             a 
-- 0.00430848307 0.01934430699 0.01021414875            -1 
--           S_d             b           p_b           S_b 
-- -104.65066747 0.10730366637 0.00741370224 17.1882058555 
--           r 2           r 3           r 4           r 5           r 6           r 7           r 8           r 9          r 10          r 11          r 12          r 13          r 14          r 15          r 16          r 17          r 18          r 19          r 20 
-- 0.86035879354 0.71819515517 0.61446897274 0.54675769232 0.52668614860 0.50638093478 0.49016179645 0.47730810815 0.49098526508 0.48276335249 0.50961520261 0.50855406718 0.51941286361 0.55286595752 0.58618911039 0.63731515488 0.67951289044 0.75645017413 1.01442495745 

---- Expected P_neut(i), 0 < i < n (neutral SFS per site) 
E[P_neut(1)] = 0.0101718933
E[P_neut(2)] = 0.0043766465
E[P_neut(3)] = 0.0024363652
E[P_neut(4)] = 0.0015639214
E[P_neut(5)] = 0.0011137426
E[P_neut(6)] = 0.0008943781
E[P_neut(7)] = 0.0007374309
E[P_neut(8)] = 0.0006249957
E[P_neut(9)] = 0.0005412970
E[P_neut(10)] = 0.0005014997
E[P_neut(11)] = 0.0004486768
E[P_neut(12)] = 0.0004346012
E[P_neut(13)] = 0.0004010348
E[P_neut(14)] = 0.0003811846
E[P_neut(15)] = 0.0003796606
E[P_neut(16)] = 0.0003793619
E[P_neut(17)] = 0.0003918050
E[P_neut(18)] = 0.0004028612
E[P_neut(19)] = 0.0004489130

---- Expected P_sel(i), 0 < i < n (selected SFS per site) 
E[P_sel(1)] = 0.0072267119
E[P_sel(2)] = 0.0028286200
E[P_sel(3)] = 0.0015023712
E[P_sel(4)] = 0.0009357581
E[P_sel(5)] = 0.0006520410
E[P_sel(6)] = 0.0005148970
E[P_sel(7)] = 0.0004188681
E[P_sel(8)] = 0.0003511125
E[P_sel(9)] = 0.0003013332
E[P_sel(10)] = 0.0002770815
E[P_sel(11)] = 0.0002463858
E[P_sel(12)] = 0.0002375231
E[P_sel(13)] = 0.0002184473
E[P_sel(14)] = 0.0002072734
E[P_sel(15)] = 0.0002064874
E[P_sel(16)] = 0.0002069519
E[P_sel(17)] = 0.0002153430
E[P_sel(18)] = 0.0002250891
E[P_sel(19)] = 0.0002619853

---- Expected D_neut and D_sel (neutral and selected divergence per site) 
E[D_neut] = 0.0198623814
E[D_sel] = 0.0125303063

---- Expected neutral and selected misattributed polymorphism per site
E[mis_neut] = 0.0005180744
E[mis_sel] = 0.0003041826

---- alpha_div = 0.202814
---- alpha_dfe = 0.202652

