---- Running command
---- ./polyDFE -d Mmc/383.polyDFE.config.txt -m C -e 
---- Performing inference using model C

---- Performing inference on Mmc/383.polyDFE.config.txt
---- No mutation variability. Using Poisson likelihood.


---- Calculating initial values

-- Starting local optimization
-- Optimizing all parameters
  it        eps_an        lambda     theta_bar           S_d             b           p_b           S_b           r 2           r 3           r 4           r 5           r 6           r 7           r 8           r 9          r 10          r 11          r 12          r 13          r 14          r 15          r 16          r 17          r 18          r 19          r 20           ln lk          grad status 
   0           0.1 0.01925958741 0.01136214039        -20000         0.208           0.1            20 0.87291303417 0.73685909537 0.64070240441 0.57963342788 0.56183128605 0.54358305219 0.54089905077 0.53369282739 0.54782912382 0.56088309715 0.59262663755 0.63087772642 0.67716163779 0.74885030511 0.86141336653 1.10641793516 1.57816706444             1             1 -1114904.066527 23154.1304727   -2 
 338 0.00310645951 0.01932584275 0.01019542877 -116.53166191 0.10228658377 0.00235253448 50.4863927426 0.86093583346 0.71749638254 0.61277267438 0.54945891269 0.52495996986 0.50475312473 0.49644973982 0.48559162382 0.49134310313 0.48815901800 0.50894458292 0.51566830928 0.52654597465 0.55789855984 0.58804901164 0.64772017448 0.70307087144 0.79828032707 0.97904474371 -312.5441735470 0.16167769236   -3 
-- Local optimization: stuck in the same solution
---- Best joint likelihood found -312.544173547066748 with gradient 0.16168

---- Results for Mmc/383.polyDFE.config.txt 
--  Model: C
--        eps_an        lambda     theta_bar             a 
-- 0.00310645951 0.01932584275 0.01019542877            -1 
--           S_d             b           p_b           S_b 
-- -116.53166191 0.10228658377 0.00235253448 50.4863927426 
--           r 2           r 3           r 4           r 5           r 6           r 7           r 8           r 9          r 10          r 11          r 12          r 13          r 14          r 15          r 16          r 17          r 18          r 19          r 20 
-- 0.86093583346 0.71749638254 0.61277267438 0.54945891269 0.52495996986 0.50475312473 0.49644973982 0.48559162382 0.49134310313 0.48815901800 0.50894458292 0.51566830928 0.52654597465 0.55789855984 0.58804901164 0.64772017448 0.70307087144 0.79828032707 0.97904474371 

---- Expected P_neut(i), 0 < i < n (neutral SFS per site) 
E[P_neut(1)] = 0.0101650878
E[P_neut(2)] = 0.0043764084
E[P_neut(3)] = 0.0024320264
E[P_neut(4)] = 0.0015581822
E[P_neut(5)] = 0.0011180914
E[P_neut(6)] = 0.0008904521
E[P_neut(7)] = 0.0007341403
E[P_neut(8)] = 0.0006320676
E[P_neut(9)] = 0.0005497872
E[P_neut(10)] = 0.0005009454
E[P_neut(11)] = 0.0004527570
E[P_neut(12)] = 0.0004330312
E[P_neut(13)] = 0.0004054474
E[P_neut(14)] = 0.0003850343
E[P_neut(15)] = 0.0003815035
E[P_neut(16)] = 0.0003784011
E[P_neut(17)] = 0.0003948260
E[P_neut(18)] = 0.0004106248
E[P_neut(19)] = 0.0004586994

---- Expected P_sel(i), 0 < i < n (selected SFS per site) 
E[P_sel(1)] = 0.0072134539
E[P_sel(2)] = 0.0028325606
E[P_sel(3)] = 0.0015037899
E[P_sel(4)] = 0.0009354393
E[P_sel(5)] = 0.0006569187
E[P_sel(6)] = 0.0005144327
E[P_sel(7)] = 0.0004183409
E[P_sel(8)] = 0.0003560520
E[P_sel(9)] = 0.0003066730
E[P_sel(10)] = 0.0002770653
E[P_sel(11)] = 0.0002485808
E[P_sel(12)] = 0.0002362518
E[P_sel(13)] = 0.0002200257
E[P_sel(14)] = 0.0002080554
E[P_sel(15)] = 0.0002055207
E[P_sel(16)] = 0.0002035992
E[P_sel(17)] = 0.0002128212
E[P_sel(18)] = 0.0002232952
E[P_sel(19)] = 0.0002579641

---- Expected D_neut and D_sel (neutral and selected divergence per site) 
E[D_neut] = 0.0198249318
E[D_sel] = 0.0125250744

---- Expected neutral and selected misattributed polymorphism per site
E[mis_neut] = 0.0004990890
E[mis_sel] = 0.0002829133

---- alpha_div = 0.187368
---- alpha_dfe = 0.187613

