---- Running command
---- ./polyDFE -d Mmc/384.polyDFE.config.txt -m C -e 
---- Performing inference using model C

---- Performing inference on Mmc/384.polyDFE.config.txt
---- No mutation variability. Using Poisson likelihood.


---- Calculating initial values

-- Starting local optimization
-- Optimizing all parameters
  it        eps_an        lambda     theta_bar           S_d             b           p_b           S_b           r 2           r 3           r 4           r 5           r 6           r 7           r 8           r 9          r 10          r 11          r 12          r 13          r 14          r 15          r 16          r 17          r 18          r 19          r 20           ln lk          grad status 
   0           0.1 0.01928950784 0.01133172911        -20000         0.208           0.1            20 0.87623542326 0.73214384600 0.64507901373 0.58774633994 0.55773297689 0.54252782198 0.54054194517 0.52924411681 0.55987411710 0.55121438123 0.60260694504 0.61773951344 0.66422162719 0.75016333207 0.86560715174 1.10728340358 1.59445706944             1             1 -1118492.499585 23183.6094806   -2 
 822 0.00086145771 0.01932611724 0.01012770556 -79.073416400 0.12066115002 0.01862861990 7.85673840017 0.86451547181 0.71996424936 0.62133710188 0.56053916215 0.53083597457 0.50650853865 0.49594116904 0.48713170996 0.49865406790 0.48279326532 0.51898106357 0.51355776440 0.52673357656 0.55389982317 0.58912600812 0.65048344397 0.71719726295 0.82782780906 1.05267989281 -278.0091479038 0.04210159208   -3 
-- Local optimization: stuck in the same solution
---- Best joint likelihood found -278.009147903809207 with gradient 0.04210

---- Results for Mmc/384.polyDFE.config.txt 
--  Model: C
--        eps_an        lambda     theta_bar             a 
-- 0.00086145771 0.01932611724 0.01012770556            -1 
--           S_d             b           p_b           S_b 
-- -79.073416400 0.12066115002 0.01862861990 7.85673840017 
--           r 2           r 3           r 4           r 5           r 6           r 7           r 8           r 9          r 10          r 11          r 12          r 13          r 14          r 15          r 16          r 17          r 18          r 19          r 20 
-- 0.86451547181 0.71996424936 0.62133710188 0.56053916215 0.53083597457 0.50650853865 0.49594116904 0.48713170996 0.49865406790 0.48279326532 0.51898106357 0.51355776440 0.52673357656 0.55389982317 0.58912600812 0.65048344397 0.71719726295 0.82782780906 1.05267989281 

---- Expected P_neut(i), 0 < i < n (neutral SFS per site) 
E[P_neut(1)] = 0.0101193611
E[P_neut(2)] = 0.0043743554
E[P_neut(3)] = 0.0024287687
E[P_neut(4)] = 0.0015721458
E[P_neut(5)] = 0.0011347392
E[P_neut(6)] = 0.0008955814
E[P_neut(7)] = 0.0007325376
E[P_neut(8)] = 0.0006276797
E[P_neut(9)] = 0.0005480803
E[P_neut(10)] = 0.0005050222
E[P_neut(11)] = 0.0004445973
E[P_neut(12)] = 0.0004381708
E[P_neut(13)] = 0.0004003760
E[P_neut(14)] = 0.0003814867
E[P_neut(15)] = 0.0003746382
E[P_neut(16)] = 0.0003739399
E[P_neut(17)] = 0.0003892838
E[P_neut(18)] = 0.0004069549
E[P_neut(19)] = 0.0004496074

---- Expected P_sel(i), 0 < i < n (selected SFS per site) 
E[P_sel(1)] = 0.0072351190
E[P_sel(2)] = 0.0028265376
E[P_sel(3)] = 0.0014919419
E[P_sel(4)] = 0.0009351932
E[P_sel(5)] = 0.0006597483
E[P_sel(6)] = 0.0005117934
E[P_sel(7)] = 0.0004130300
E[P_sel(8)] = 0.0003501724
E[P_sel(9)] = 0.0003032256
E[P_sel(10)] = 0.0002776191
E[P_sel(11)] = 0.0002432772
E[P_sel(12)] = 0.0002390728
E[P_sel(13)] = 0.0002182216
E[P_sel(14)] = 0.0002081279
E[P_sel(15)] = 0.0002050786
E[P_sel(16)] = 0.0002060020
E[P_sel(17)] = 0.0002166898
E[P_sel(18)] = 0.0002302486
E[P_sel(19)] = 0.0002614791

---- Expected D_neut and D_sel (neutral and selected divergence per site) 
E[D_neut] = 0.0198591788
E[D_sel] = 0.0124935706

---- Expected neutral and selected misattributed polymorphism per site
E[mis_neut] = 0.0005330616
E[mis_sel] = 0.0003188244

---- alpha_div = 0.237804
---- alpha_dfe = 0.237541

