---- Running command
---- ./polyDFE -d Mmc/385.polyDFE.config.txt -m C -e 
---- Performing inference using model C

---- Performing inference on Mmc/385.polyDFE.config.txt
---- No mutation variability. Using Poisson likelihood.


---- Calculating initial values

-- Starting local optimization
-- Optimizing all parameters
  it        eps_an        lambda     theta_bar           S_d             b           p_b           S_b           r 2           r 3           r 4           r 5           r 6           r 7           r 8           r 9          r 10          r 11          r 12          r 13          r 14          r 15          r 16          r 17          r 18          r 19          r 20           ln lk          grad status 
   0           0.1 0.01927014494 0.01135266963        -20000         0.208           0.1            20 0.87886803475 0.73627576158 0.64638888825 0.58582819166 0.55713478169 0.54389179199 0.53642790344 0.52706195325 0.55310792528 0.56174945189 0.59503098725 0.63098364146 0.66915000993 0.75365941378 0.86026059191 1.10334904015 1.58664001164             1             1 -1114745.587590 23152.5918548   -2 
1138 0.00070967651 0.01930287044 0.01014589980 -76.660471389 0.12605305232 0.02800567062 5.74912819439 0.86721882062 0.72167082603 0.62293112285 0.56169543181 0.52714999765 0.50983122980 0.49492915063 0.48603203313 0.49559761231 0.48943823103 0.51648656979 0.51745327080 0.52656510032 0.56062536657 0.58338862767 0.64312796643 0.70730127659 0.82900907023 1.05810844854 -269.3820734319 0.02748978706   -3 
-- Local optimization: stuck in the same solution
---- Best joint likelihood found -269.382073431974277 with gradient 0.02749

---- Results for Mmc/385.polyDFE.config.txt 
--  Model: C
--        eps_an        lambda     theta_bar             a 
-- 0.00070967651 0.01930287044 0.01014589980            -1 
--           S_d             b           p_b           S_b 
-- -76.660471389 0.12605305232 0.02800567062 5.74912819439 
--           r 2           r 3           r 4           r 5           r 6           r 7           r 8           r 9          r 10          r 11          r 12          r 13          r 14          r 15          r 16          r 17          r 18          r 19          r 20 
-- 0.86721882062 0.72167082603 0.62293112285 0.56169543181 0.52714999765 0.50983122980 0.49492915063 0.48603203313 0.49559761231 0.48943823103 0.51648656979 0.51745327080 0.52656510032 0.56062536657 0.58338862767 0.64312796643 0.70730127659 0.82900907023 1.05810844854 

---- Expected P_neut(i), 0 < i < n (neutral SFS per site) 
E[P_neut(1)] = 0.0101390137
E[P_neut(2)] = 0.0043965184
E[P_neut(3)] = 0.0024392069
E[P_neut(4)] = 0.0015791904
E[P_neut(5)] = 0.0011392414
E[P_neut(6)] = 0.0008910401
E[P_neut(7)] = 0.0007387188
E[P_neut(8)] = 0.0006275521
E[P_neut(9)] = 0.0005478462
E[P_neut(10)] = 0.0005028284
E[P_neut(11)] = 0.0004515040
E[P_neut(12)] = 0.0004368206
E[P_neut(13)] = 0.0004040862
E[P_neut(14)] = 0.0003819673
E[P_neut(15)] = 0.0003797430
E[P_neut(16)] = 0.0003707964
E[P_neut(17)] = 0.0003852898
E[P_neut(18)] = 0.0004015174
E[P_neut(19)] = 0.0004495726

---- Expected P_sel(i), 0 < i < n (selected SFS per site) 
E[P_sel(1)] = 0.0072332541
E[P_sel(2)] = 0.0028291258
E[P_sel(3)] = 0.0014910578
E[P_sel(4)] = 0.0009346537
E[P_sel(5)] = 0.0006591409
E[P_sel(6)] = 0.0005069224
E[P_sel(7)] = 0.0004148984
E[P_sel(8)] = 0.0003490065
E[P_sel(9)] = 0.0003024250
E[P_sel(10)] = 0.0002760973
E[P_sel(11)] = 0.0002470785
E[P_sel(12)] = 0.0002386901
E[P_sel(13)] = 0.0002209145
E[P_sel(14)] = 0.0002093821
E[P_sel(15)] = 0.0002092454
E[P_sel(16)] = 0.0002060049
E[P_sel(17)] = 0.0002166630
E[P_sel(18)] = 0.0002297546
E[P_sel(19)] = 0.0002640896

---- Expected D_neut and D_sel (neutral and selected divergence per site) 
E[D_neut] = 0.0198396436
E[D_sel] = 0.0125330689

---- Expected neutral and selected misattributed polymorphism per site
E[mis_neut] = 0.0005367731
E[mis_sel] = 0.0003244271

---- alpha_div = 0.264788
---- alpha_dfe = 0.264634

