---- Running command
---- ./polyDFE -d Mmc/386.polyDFE.config.txt -m C -e 
---- Performing inference using model C

---- Performing inference on Mmc/386.polyDFE.config.txt
---- No mutation variability. Using Poisson likelihood.


---- Calculating initial values

-- Starting local optimization
-- Optimizing all parameters
  it        eps_an        lambda     theta_bar           S_d             b           p_b           S_b           r 2           r 3           r 4           r 5           r 6           r 7           r 8           r 9          r 10          r 11          r 12          r 13          r 14          r 15          r 16          r 17          r 18          r 19          r 20           ln lk          grad status 
   0           0.1 0.01928523494 0.01132327783        -20000         0.208           0.1            20 0.87857879734 0.73652984003 0.64347884415 0.58813279830 0.56265298920 0.54052610977 0.53781828666 0.52735056565 0.55413714938 0.55405926025 0.60075057449 0.61875637517 0.67812257522 0.74906930080 0.86869528065 1.10852459251 1.58653335371             1             1 -1115911.253815 23139.7874813   -2 
 328 0.00524053607 0.01933800007 0.01017910774 -91.274824952 0.11116041364 0.00705094728 18.6349517578 0.86603823700 0.71862457009 0.61455406886 0.55480502851 0.52931763401 0.50762683384 0.49567399007 0.48140898254 0.49333164097 0.47999223619 0.51142587292 0.51015713360 0.52712607901 0.55242867549 0.58806397972 0.63542882847 0.68306496367 0.73140310001 1.00575915748 -303.8151832575 0.26947528255   -3 
-- Local optimization: stuck in the same solution
---- Best joint likelihood found -303.815183257553144 with gradient 0.26948

---- Results for Mmc/386.polyDFE.config.txt 
--  Model: C
--        eps_an        lambda     theta_bar             a 
-- 0.00524053607 0.01933800007 0.01017910774            -1 
--           S_d             b           p_b           S_b 
-- -91.274824952 0.11116041364 0.00705094728 18.6349517578 
--           r 2           r 3           r 4           r 5           r 6           r 7           r 8           r 9          r 10          r 11          r 12          r 13          r 14          r 15          r 16          r 17          r 18          r 19          r 20 
-- 0.86603823700 0.71862457009 0.61455406886 0.55480502851 0.52931763401 0.50762683384 0.49567399007 0.48140898254 0.49333164097 0.47999223619 0.51142587292 0.51015713360 0.52712607901 0.55242867549 0.58806397972 0.63542882847 0.68306496367 0.73140310001 1.00575915748 

---- Expected P_neut(i), 0 < i < n (neutral SFS per site) 
E[P_neut(1)] = 0.0101278172
E[P_neut(2)] = 0.0043866736
E[P_neut(3)] = 0.0024275348
E[P_neut(4)] = 0.0015576679
E[P_neut(5)] = 0.0011255295
E[P_neut(6)] = 0.0008952994
E[P_neut(7)] = 0.0007363947
E[P_neut(8)] = 0.0006296582
E[P_neut(9)] = 0.0005439537
E[P_neut(10)] = 0.0005021676
E[P_neut(11)] = 0.0004446977
E[P_neut(12)] = 0.0004348533
E[P_neut(13)] = 0.0004012323
E[P_neut(14)] = 0.0003859599
E[P_neut(15)] = 0.0003788366
E[P_neut(16)] = 0.0003803580
E[P_neut(17)] = 0.0003912606
E[P_neut(18)] = 0.0004073520
E[P_neut(19)] = 0.0004431342

---- Expected P_sel(i), 0 < i < n (selected SFS per site) 
E[P_sel(1)] = 0.0072314850
E[P_sel(2)] = 0.0028423394
E[P_sel(3)] = 0.0014983114
E[P_sel(4)] = 0.0009318331
E[P_sel(5)] = 0.0006582560
E[P_sel(6)] = 0.0005145399
E[P_sel(7)] = 0.0004173219
E[P_sel(8)] = 0.0003527482
E[P_sel(9)] = 0.0003018389
E[P_sel(10)] = 0.0002764505
E[P_sel(11)] = 0.0002432346
E[P_sel(12)] = 0.0002366439
E[P_sel(13)] = 0.0002175566
E[P_sel(14)] = 0.0002088586
E[P_sel(15)] = 0.0002050124
E[P_sel(16)] = 0.0002064468
E[P_sel(17)] = 0.0002140204
E[P_sel(18)] = 0.0002268004
E[P_sel(19)] = 0.0002592314

---- Expected D_neut and D_sel (neutral and selected divergence per site) 
E[D_neut] = 0.0198498866
E[D_sel] = 0.0125487998

---- Expected neutral and selected misattributed polymorphism per site
E[mis_neut] = 0.0005118865
E[mis_sel] = 0.0002995152

---- alpha_div = 0.208219
---- alpha_dfe = 0.208343

