---- Running command
---- ./polyDFE -d Mmc/387.polyDFE.config.txt -m C -e 
---- Performing inference using model C

---- Performing inference on Mmc/387.polyDFE.config.txt
---- No mutation variability. Using Poisson likelihood.


---- Calculating initial values

-- Starting local optimization
-- Optimizing all parameters
  it        eps_an        lambda     theta_bar           S_d             b           p_b           S_b           r 2           r 3           r 4           r 5           r 6           r 7           r 8           r 9          r 10          r 11          r 12          r 13          r 14          r 15          r 16          r 17          r 18          r 19          r 20           ln lk          grad status 
   0           0.1 0.01928639664 0.01137857688        -20000         0.208           0.1            20 0.86750272271 0.73563953672 0.64641605160 0.58098208280 0.55697180142 0.53679149884 0.53816513499 0.52892728513 0.55122373573 0.56015915917 0.59341737792 0.61930858532 0.66646757357 0.74961112459 0.86372901542 1.11756385925 1.56838557793             1             1 -1114773.136809 23152.9405301   -2 
 869 0.00078061164 0.01929112338 0.01015884799 -78.875940155 0.12366819748 0.02572220806 6.11673165764 0.86063391459 0.72094849825 0.62307315059 0.55422352697 0.52810825845 0.50585165878 0.49468277474 0.48496350155 0.49572534483 0.48735575347 0.51252203180 0.51479917213 0.52588999444 0.56179264749 0.58863308539 0.64944768491 0.70633931557 0.81389837826 1.11569816985 -282.4820479465 0.03208537549   -8 
-- Local optimization: reached maximum number of likelihood evaluations allowed.
---- Best joint likelihood found -282.482047946585226 with gradient 0.03209

---- Results for Mmc/387.polyDFE.config.txt 
--  Model: C
--        eps_an        lambda     theta_bar             a 
-- 0.00078061164 0.01929112338 0.01015884799            -1 
--           S_d             b           p_b           S_b 
-- -78.875940155 0.12366819748 0.02572220806 6.11673165764 
--           r 2           r 3           r 4           r 5           r 6           r 7           r 8           r 9          r 10          r 11          r 12          r 13          r 14          r 15          r 16          r 17          r 18          r 19          r 20 
-- 0.86063391459 0.72094849825 0.62307315059 0.55422352697 0.52810825845 0.50585165878 0.49468277474 0.48496350155 0.49572534483 0.48735575347 0.51252203180 0.51479917213 0.52588999444 0.56179264749 0.58863308539 0.64944768491 0.70633931557 0.81389837826 1.11569816985 

---- Expected P_neut(i), 0 < i < n (neutral SFS per site) 
E[P_neut(1)] = 0.0101512576
E[P_neut(2)] = 0.0043684233
E[P_neut(3)] = 0.0024397326
E[P_neut(4)] = 0.0015814828
E[P_neut(5)] = 0.0011254725
E[P_neut(6)] = 0.0008937618
E[P_neut(7)] = 0.0007338653
E[P_neut(8)] = 0.0006280242
E[P_neut(9)] = 0.0005473319
E[P_neut(10)] = 0.0005035998
E[P_neut(11)] = 0.0004501644
E[P_neut(12)] = 0.0004340378
E[P_neut(13)] = 0.0004025488
E[P_neut(14)] = 0.0003820027
E[P_neut(15)] = 0.0003810597
E[P_neut(16)] = 0.0003746831
E[P_neut(17)] = 0.0003896993
E[P_neut(18)] = 0.0004017454
E[P_neut(19)] = 0.0004427625

---- Expected P_sel(i), 0 < i < n (selected SFS per site) 
E[P_sel(1)] = 0.0072433920
E[P_sel(2)] = 0.0028147338
E[P_sel(3)] = 0.0014942232
E[P_sel(4)] = 0.0009380981
E[P_sel(5)] = 0.0006527377
E[P_sel(6)] = 0.0005097272
E[P_sel(7)] = 0.0004131889
E[P_sel(8)] = 0.0003501077
E[P_sel(9)] = 0.0003028311
E[P_sel(10)] = 0.0002771067
E[P_sel(11)] = 0.0002468151
E[P_sel(12)] = 0.0002375610
E[P_sel(13)] = 0.0002203714
E[P_sel(14)] = 0.0002096139
E[P_sel(15)] = 0.0002101058
E[P_sel(16)] = 0.0002082180
E[P_sel(17)] = 0.0002191199
E[P_sel(18)] = 0.0002298061
E[P_sel(19)] = 0.0002600799

---- Expected D_neut and D_sel (neutral and selected divergence per site) 
E[D_neut] = 0.0198578338
E[D_sel] = 0.0125515449

---- Expected neutral and selected misattributed polymorphism per site
E[mis_neut] = 0.0005667104
E[mis_sel] = 0.0003423923

---- alpha_div = 0.257605
---- alpha_dfe = 0.257394

