---- Running command
---- ./polyDFE -d Mmc/388.polyDFE.config.txt -m C -e 
---- Performing inference using model C

---- Performing inference on Mmc/388.polyDFE.config.txt
---- No mutation variability. Using Poisson likelihood.


---- Calculating initial values

-- Starting local optimization
-- Optimizing all parameters
  it        eps_an        lambda     theta_bar           S_d             b           p_b           S_b           r 2           r 3           r 4           r 5           r 6           r 7           r 8           r 9          r 10          r 11          r 12          r 13          r 14          r 15          r 16          r 17          r 18          r 19          r 20           ln lk          grad status 
   0           0.1 0.01931274353 0.01135386506        -20000         0.208           0.1            20 0.87090760618 0.73573966342 0.64271978706 0.58137892180 0.55707987308 0.53887481420 0.53429897289 0.53193001690 0.55238056978 0.55147643685 0.59251844724 0.62632190883 0.66449338648 0.75222048022 0.86850386463 1.11686178603 1.57928902023             1             1 -1121780.987950 23251.4309273   -2 
 950 0.00088639036 0.01929250338 0.01013871546 -76.970048256 0.12220996726 0.02027476055 7.34460810525 0.86352659360 0.72063586014 0.61919075718 0.55511263199 0.52862982149 0.50839303506 0.49390371489 0.48265245017 0.49254440050 0.48807495471 0.51295189993 0.51676423273 0.52030170270 0.56093310357 0.59529795073 0.65386682805 0.70818373752 0.82048272132 1.16267773430 -272.8809827213 0.03871599187   -3 
-- Local optimization: stuck in the same solution
---- Best joint likelihood found -272.880982721311739 with gradient 0.03872

---- Results for Mmc/388.polyDFE.config.txt 
--  Model: C
--        eps_an        lambda     theta_bar             a 
-- 0.00088639036 0.01929250338 0.01013871546            -1 
--           S_d             b           p_b           S_b 
-- -76.970048256 0.12220996726 0.02027476055 7.34460810525 
--           r 2           r 3           r 4           r 5           r 6           r 7           r 8           r 9          r 10          r 11          r 12          r 13          r 14          r 15          r 16          r 17          r 18          r 19          r 20 
-- 0.86352659360 0.72063586014 0.61919075718 0.55511263199 0.52862982149 0.50839303506 0.49390371489 0.48265245017 0.49254440050 0.48807495471 0.51295189993 0.51676423273 0.52030170270 0.56093310357 0.59529795073 0.65386682805 0.70818373752 0.82048272132 1.16267773430 

---- Expected P_neut(i), 0 < i < n (neutral SFS per site) 
E[P_neut(1)] = 0.0101301167
E[P_neut(2)] = 0.0043739986
E[P_neut(3)] = 0.0024336276
E[P_neut(4)] = 0.0015683929
E[P_neut(5)] = 0.0011249641
E[P_neut(6)] = 0.0008928134
E[P_neut(7)] = 0.0007360549
E[P_neut(8)] = 0.0006257730
E[P_neut(9)] = 0.0005436363
E[P_neut(10)] = 0.0004993768
E[P_neut(11)] = 0.0004499426
E[P_neut(12)] = 0.0004335601
E[P_neut(13)] = 0.0004033205
E[P_neut(14)] = 0.0003772571
E[P_neut(15)] = 0.0003798044
E[P_neut(16)] = 0.0003782791
E[P_neut(17)] = 0.0003917760
E[P_neut(18)] = 0.0004024196
E[P_neut(19)] = 0.0004464220

---- Expected P_sel(i), 0 < i < n (selected SFS per site) 
E[P_sel(1)] = 0.0072481105
E[P_sel(2)] = 0.0028265644
E[P_sel(3)] = 0.0014945303
E[P_sel(4)] = 0.0009325403
E[P_sel(5)] = 0.0006537144
E[P_sel(6)] = 0.0005099294
E[P_sel(7)] = 0.0004147978
E[P_sel(8)] = 0.0003489549
E[P_sel(9)] = 0.0003006697
E[P_sel(10)] = 0.0002744698
E[P_sel(11)] = 0.0002462086
E[P_sel(12)] = 0.0002366186
E[P_sel(13)] = 0.0002199433
E[P_sel(14)] = 0.0002059938
E[P_sel(15)] = 0.0002081526
E[P_sel(16)] = 0.0002087149
E[P_sel(17)] = 0.0002184920
E[P_sel(18)] = 0.0002281781
E[P_sel(19)] = 0.0002601591

---- Expected D_neut and D_sel (neutral and selected divergence per site) 
E[D_neut] = 0.0198819063
E[D_sel] = 0.0125098473

---- Expected neutral and selected misattributed polymorphism per site
E[mis_neut] = 0.0005894029
E[mis_sel] = 0.0003531667

---- alpha_div = 0.242440
---- alpha_dfe = 0.242315

