---- Running command
---- ./polyDFE -d Mmc/389.polyDFE.config.txt -m C -e 
---- Performing inference using model C

---- Performing inference on Mmc/389.polyDFE.config.txt
---- No mutation variability. Using Poisson likelihood.


---- Calculating initial values

-- Starting local optimization
-- Optimizing all parameters
  it        eps_an        lambda     theta_bar           S_d             b           p_b           S_b           r 2           r 3           r 4           r 5           r 6           r 7           r 8           r 9          r 10          r 11          r 12          r 13          r 14          r 15          r 16          r 17          r 18          r 19          r 20           ln lk          grad status 
   0           0.1 0.01927606970 0.01133565210        -20000         0.208           0.1            20 0.87379515271 0.73575296886 0.64329425857 0.58036665642 0.55764997557 0.54074192487 0.53814575757 0.53384530517 0.55451188974 0.55378107196 0.59806385876 0.63160306762 0.66004558174 0.75128392826 0.86844952282 1.11516189508 1.56810766776             1             1 -1117749.437359 23166.1872752   -2 
 777 0.00085777766 0.01931628048 0.01012457980 -73.711658945 0.12530352022 0.02517487337 6.18700044818 0.86466116940 0.72172544019 0.62141026298 0.55464555118 0.52981792498 0.50718319134 0.49691955308 0.48965344916 0.49318188732 0.48554211909 0.51564670125 0.52135407613 0.51544802043 0.56121918555 0.59459280132 0.65456106745 0.69783667264 0.81570862245 1.04395480864 -265.9746188044 0.04176203453   -3 
-- Local optimization: stuck in the same solution
---- Best joint likelihood found -265.974618804480997 with gradient 0.04176

---- Results for Mmc/389.polyDFE.config.txt 
--  Model: C
--        eps_an        lambda     theta_bar             a 
-- 0.00085777766 0.01931628048 0.01012457980            -1 
--           S_d             b           p_b           S_b 
-- -73.711658945 0.12530352022 0.02517487337 6.18700044818 
--           r 2           r 3           r 4           r 5           r 6           r 7           r 8           r 9          r 10          r 11          r 12          r 13          r 14          r 15          r 16          r 17          r 18          r 19          r 20 
-- 0.86466116940 0.72172544019 0.62141026298 0.55464555118 0.52981792498 0.50718319134 0.49691955308 0.48965344916 0.49318188732 0.48554211909 0.51564670125 0.52135407613 0.51544802043 0.56121918555 0.59459280132 0.65456106745 0.69783667264 0.81570862245 1.04395480864 

---- Expected P_neut(i), 0 < i < n (neutral SFS per site) 
E[P_neut(1)] = 0.0101162680
E[P_neut(2)] = 0.0043737476
E[P_neut(3)] = 0.0024339674
E[P_neut(4)] = 0.0015718530
E[P_neut(5)] = 0.0011224722
E[P_neut(6)] = 0.0008935835
E[P_neut(7)] = 0.0007332929
E[P_neut(8)] = 0.0006287214
E[P_neut(9)] = 0.0005507481
E[P_neut(10)] = 0.0004993259
E[P_neut(11)] = 0.0004469901
E[P_neut(12)] = 0.0004352251
E[P_neut(13)] = 0.0004063187
E[P_neut(14)] = 0.0003732110
E[P_neut(15)] = 0.0003794457
E[P_neut(16)] = 0.0003772766
E[P_neut(17)] = 0.0003915876
E[P_neut(18)] = 0.0003959348
E[P_neut(19)] = 0.0004429806

---- Expected P_sel(i), 0 < i < n (selected SFS per site) 
E[P_sel(1)] = 0.0072474798
E[P_sel(2)] = 0.0028272674
E[P_sel(3)] = 0.0014945007
E[P_sel(4)] = 0.0009343028
E[P_sel(5)] = 0.0006520797
E[P_sel(6)] = 0.0005103048
E[P_sel(7)] = 0.0004132979
E[P_sel(8)] = 0.0003507712
E[P_sel(9)] = 0.0003048865
E[P_sel(10)] = 0.0002748406
E[P_sel(11)] = 0.0002450964
E[P_sel(12)] = 0.0002381796
E[P_sel(13)] = 0.0002223573
E[P_sel(14)] = 0.0002046733
E[P_sel(15)] = 0.0002090499
E[P_sel(16)] = 0.0002094458
E[P_sel(17)] = 0.0002199113
E[P_sel(18)] = 0.0002261762
E[P_sel(19)] = 0.0002598898

---- Expected D_neut and D_sel (neutral and selected divergence per site) 
E[D_neut] = 0.0198447607
E[D_sel] = 0.0125191576

---- Expected neutral and selected misattributed polymorphism per site
E[mis_neut] = 0.0005284802
E[mis_sel] = 0.0003186748

---- alpha_div = 0.255307
---- alpha_dfe = 0.255147

