---- Running command
---- ./polyDFE -d Mmc/39.polyDFE.config.txt -m C -e 
---- Performing inference using model C

---- Performing inference on Mmc/39.polyDFE.config.txt
---- No mutation variability. Using Poisson likelihood.


---- Calculating initial values

-- Starting local optimization
-- Optimizing all parameters
  it        eps_an        lambda     theta_bar           S_d             b           p_b           S_b           r 2           r 3           r 4           r 5           r 6           r 7           r 8           r 9          r 10          r 11          r 12          r 13          r 14          r 15          r 16          r 17          r 18          r 19          r 20           ln lk          grad status 
   0           0.1 0.01929139736 0.01134759713        -20000         0.208           0.1            20 0.87371132079 0.73567774563 0.64495780915 0.57905775375 0.55910193457 0.54335372059 0.52813141321 0.52884827681 0.55431655006 0.55134434443 0.59153157072 0.62475503141 0.67110275050 0.75301938367 0.86742311931 1.11611675032 1.57983979005             1             1 -1119360.982574 23216.0603091   -2 
 568 0.00261185787 0.01933670025 0.01015529357 -79.739488223 0.12148075975 0.02212614993 6.77998534302 0.86506887380 0.71898220358 0.62016422446 0.55358397952 0.52944987346 0.50886883997 0.49203744045 0.48275297275 0.49360720192 0.48081201985 0.51080546746 0.51580189789 0.52760731072 0.55841278185 0.58721515767 0.64258636656 0.69600787565 0.78418345129 1.03136960426 -270.6278584755 0.12083416490   -3 
-- Local optimization: stuck in the same solution
---- Best joint likelihood found -270.627858475520043 with gradient 0.12083

---- Results for Mmc/39.polyDFE.config.txt 
--  Model: C
--        eps_an        lambda     theta_bar             a 
-- 0.00261185787 0.01933670025 0.01015529357            -1 
--           S_d             b           p_b           S_b 
-- -79.739488223 0.12148075975 0.02212614993 6.77998534302 
--           r 2           r 3           r 4           r 5           r 6           r 7           r 8           r 9          r 10          r 11          r 12          r 13          r 14          r 15          r 16          r 17          r 18          r 19          r 20 
-- 0.86506887380 0.71898220358 0.62016422446 0.55358397952 0.52944987346 0.50886883997 0.49203744045 0.48275297275 0.49360720192 0.48081201985 0.51080546746 0.51580189789 0.52760731072 0.55841278185 0.58721515767 0.64258636656 0.69600787565 0.78418345129 1.03136960426 

---- Expected P_neut(i), 0 < i < n (neutral SFS per site) 
E[P_neut(1)] = 0.0101298641
E[P_neut(2)] = 0.0043820672
E[P_neut(3)] = 0.0024284709
E[P_neut(4)] = 0.0015713486
E[P_neut(5)] = 0.0011224123
E[P_neut(6)] = 0.0008947789
E[P_neut(7)] = 0.0007373688
E[P_neut(8)] = 0.0006240958
E[P_neut(9)] = 0.0005444587
E[P_neut(10)] = 0.0005012726
E[P_neut(11)] = 0.0004441531
E[P_neut(12)] = 0.0004327839
E[P_neut(13)] = 0.0004038081
E[P_neut(14)] = 0.0003840557
E[P_neut(15)] = 0.0003800056
E[P_neut(16)] = 0.0003758478
E[P_neut(17)] = 0.0003892162
E[P_neut(18)] = 0.0004031228
E[P_neut(19)] = 0.0004445670

---- Expected P_sel(i), 0 < i < n (selected SFS per site) 
E[P_sel(1)] = 0.0072367567
E[P_sel(2)] = 0.0028292959
E[P_sel(3)] = 0.0014908573
E[P_sel(4)] = 0.0009343834
E[P_sel(5)] = 0.0006525356
E[P_sel(6)] = 0.0005114681
E[P_sel(7)] = 0.0004160160
E[P_sel(8)] = 0.0003485355
E[P_sel(9)] = 0.0003016733
E[P_sel(10)] = 0.0002761103
E[P_sel(11)] = 0.0002436577
E[P_sel(12)] = 0.0002368857
E[P_sel(13)] = 0.0002209443
E[P_sel(14)] = 0.0002104994
E[P_sel(15)] = 0.0002091508
E[P_sel(16)] = 0.0002083760
E[P_sel(17)] = 0.0002182754
E[P_sel(18)] = 0.0002301947
E[P_sel(19)] = 0.0002623933

---- Expected D_neut and D_sel (neutral and selected divergence per site) 
E[D_neut] = 0.0198603933
E[D_sel] = 0.0125088293

---- Expected neutral and selected misattributed polymorphism per site
E[mis_neut] = 0.0005236931
E[mis_sel] = 0.0003148286

---- alpha_div = 0.245007
---- alpha_dfe = 0.244872

