---- Running command
---- ./polyDFE -d Mmc/390.polyDFE.config.txt -m C -e 
---- Performing inference using model C

---- Performing inference on Mmc/390.polyDFE.config.txt
---- No mutation variability. Using Poisson likelihood.


---- Calculating initial values

-- Starting local optimization
-- Optimizing all parameters
  it        eps_an        lambda     theta_bar           S_d             b           p_b           S_b           r 2           r 3           r 4           r 5           r 6           r 7           r 8           r 9          r 10          r 11          r 12          r 13          r 14          r 15          r 16          r 17          r 18          r 19          r 20           ln lk          grad status 
   0           0.1 0.01929616029 0.01134691114        -20000         0.208           0.1            20 0.87535772794 0.73627411911 0.64491834751 0.58137864113 0.56231065949 0.53732119985 0.53633406517 0.53038032441 0.55101033167 0.56509068677 0.59128546728 0.62522964168 0.66857140044 0.75442054516 0.86576852190 1.11945058072 1.58688336799             1             1 -1118397.540525 23200.1446133   -2 
 827 0.00163048730 0.01923750927 0.01014273788 -85.528516831 0.11912131679 0.02315973471 6.41733428555 0.86641941590 0.72291710165 0.61977036396 0.55546050437 0.53182476376 0.50753107011 0.49381960242 0.48311170494 0.49860277900 0.48907132457 0.51596462403 0.51421372468 0.52536444658 0.55728656885 0.58883581313 0.65215241906 0.70170569343 0.80841587326 1.23734208139 -286.8427643106 0.03183730108   -3 
-- Local optimization: stuck in the same solution
---- Best joint likelihood found -286.842764310698840 with gradient 0.03184

---- Results for Mmc/390.polyDFE.config.txt 
--  Model: C
--        eps_an        lambda     theta_bar             a 
-- 0.00163048730 0.01923750927 0.01014273788            -1 
--           S_d             b           p_b           S_b 
-- -85.528516831 0.11912131679 0.02315973471 6.41733428555 
--           r 2           r 3           r 4           r 5           r 6           r 7           r 8           r 9          r 10          r 11          r 12          r 13          r 14          r 15          r 16          r 17          r 18          r 19          r 20 
-- 0.86641941590 0.72291710165 0.61977036396 0.55546050437 0.53182476376 0.50753107011 0.49381960242 0.48311170494 0.49860277900 0.48907132457 0.51596462403 0.51421372468 0.52536444658 0.55728656885 0.58883581313 0.65215241906 0.70170569343 0.80841587326 1.23734208139 

---- Expected P_neut(i), 0 < i < n (neutral SFS per site) 
E[P_neut(1)] = 0.0101269039
E[P_neut(2)] = 0.0043874130
E[P_neut(3)] = 0.0024407689
E[P_neut(4)] = 0.0015695883
E[P_neut(5)] = 0.0011255553
E[P_neut(6)] = 0.0008981813
E[P_neut(7)] = 0.0007348486
E[P_neut(8)] = 0.0006257756
E[P_neut(9)] = 0.0005443004
E[P_neut(10)] = 0.0005057197
E[P_neut(11)] = 0.0004511090
E[P_neut(12)] = 0.0004364176
E[P_neut(13)] = 0.0004017399
E[P_neut(14)] = 0.0003814620
E[P_neut(15)] = 0.0003780502
E[P_neut(16)] = 0.0003752292
E[P_neut(17)] = 0.0003924455
E[P_neut(18)] = 0.0004019205
E[P_neut(19)] = 0.0004473892

---- Expected P_sel(i), 0 < i < n (selected SFS per site) 
E[P_sel(1)] = 0.0072175824
E[P_sel(2)] = 0.0028303779
E[P_sel(3)] = 0.0014987373
E[P_sel(4)] = 0.0009342435
E[P_sel(5)] = 0.0006553798
E[P_sel(6)] = 0.0005144566
E[P_sel(7)] = 0.0004156071
E[P_sel(8)] = 0.0003504540
E[P_sel(9)] = 0.0003025296
E[P_sel(10)] = 0.0002795142
E[P_sel(11)] = 0.0002483876
E[P_sel(12)] = 0.0002398142
E[P_sel(13)] = 0.0002207222
E[P_sel(14)] = 0.0002099755
E[P_sel(15)] = 0.0002089853
E[P_sel(16)] = 0.0002089293
E[P_sel(17)] = 0.0002209557
E[P_sel(18)] = 0.0002301452
E[P_sel(19)] = 0.0002635805

---- Expected D_neut and D_sel (neutral and selected divergence per site) 
E[D_neut] = 0.0198650111
E[D_sel] = 0.0125118362

---- Expected neutral and selected misattributed polymorphism per site
E[mis_neut] = 0.0006275018
E[mis_sel] = 0.0003781938

---- alpha_div = 0.243412
---- alpha_dfe = 0.243283

