---- Running command
---- ./polyDFE -d Mmc/391.polyDFE.config.txt -m C -e 
---- Performing inference using model C

---- Performing inference on Mmc/391.polyDFE.config.txt
---- No mutation variability. Using Poisson likelihood.


---- Calculating initial values

-- Starting local optimization
-- Optimizing all parameters
  it        eps_an        lambda     theta_bar           S_d             b           p_b           S_b           r 2           r 3           r 4           r 5           r 6           r 7           r 8           r 9          r 10          r 11          r 12          r 13          r 14          r 15          r 16          r 17          r 18          r 19          r 20           ln lk          grad status 
   0           0.1 0.01928628134 0.01133429147        -20000         0.208           0.1            20 0.87297926317 0.73302522516 0.64669065234 0.58288345186 0.56168582140 0.53564737598 0.54517380226 0.53269464959 0.55452908251 0.55446205444 0.58715984230 0.61931067235 0.67169685993 0.74940483659 0.86238220587 1.10307766246 1.57411933745             1             1 -1116880.563976 23153.8761655   -2 
1074 0.00082897765 0.01929919591 0.01011631178 -70.669974858 0.12975940541 0.03358223028 4.89012711276 0.86667426402 0.72014976636 0.62252914797 0.55816722958 0.53240629237 0.50604826218 0.50047272215 0.48583543122 0.49772903349 0.48477979717 0.50855879036 0.51102020741 0.52506207908 0.55949525272 0.58676964967 0.64703560078 0.70410826697 0.81439711090 1.09862210941 -285.2639593404 0.08208241286   -8 
-- Local optimization: reached maximum number of likelihood evaluations allowed.
---- Best joint likelihood found -285.263959340445581 with gradient 0.08208

---- Results for Mmc/391.polyDFE.config.txt 
--  Model: C
--        eps_an        lambda     theta_bar             a 
-- 0.00082897765 0.01929919591 0.01011631178            -1 
--           S_d             b           p_b           S_b 
-- -70.669974858 0.12975940541 0.03358223028 4.89012711276 
--           r 2           r 3           r 4           r 5           r 6           r 7           r 8           r 9          r 10          r 11          r 12          r 13          r 14          r 15          r 16          r 17          r 18          r 19          r 20 
-- 0.86667426402 0.72014976636 0.62252914797 0.55816722958 0.53240629237 0.50604826218 0.50047272215 0.48583543122 0.49772903349 0.48477979717 0.50855879036 0.51102020741 0.52506207908 0.55949525272 0.58676964967 0.64703560078 0.70410826697 0.81439711090 1.09862210941 

---- Expected P_neut(i), 0 < i < n (neutral SFS per site) 
E[P_neut(1)] = 0.0101082850
E[P_neut(2)] = 0.0043804675
E[P_neut(3)] = 0.0024267259
E[P_neut(4)] = 0.0015734271
E[P_neut(5)] = 0.0011286954
E[P_neut(6)] = 0.0008972351
E[P_neut(7)] = 0.0007310580
E[P_neut(8)] = 0.0006326980
E[P_neut(9)] = 0.0005460127
E[P_neut(10)] = 0.0005035182
E[P_neut(11)] = 0.0004459180
E[P_neut(12)] = 0.0004288975
E[P_neut(13)] = 0.0003979412
E[P_neut(14)] = 0.0003798362
E[P_neut(15)] = 0.0003779586
E[P_neut(16)] = 0.0003719942
E[P_neut(17)] = 0.0003867300
E[P_neut(18)] = 0.0003990270
E[P_neut(19)] = 0.0004416423

---- Expected P_sel(i), 0 < i < n (selected SFS per site) 
E[P_sel(1)] = 0.0072467978
E[P_sel(2)] = 0.0028301443
E[P_sel(3)] = 0.0014885496
E[P_sel(4)] = 0.0009342157
E[P_sel(5)] = 0.0006550819
E[P_sel(6)] = 0.0005120785
E[P_sel(7)] = 0.0004119773
E[P_sel(8)] = 0.0003531402
E[P_sel(9)] = 0.0003025985
E[P_sel(10)] = 0.0002776688
E[P_sel(11)] = 0.0002451797
E[P_sel(12)] = 0.0002355843
E[P_sel(13)] = 0.0002188002
E[P_sel(14)] = 0.0002095115
E[P_sel(15)] = 0.0002096586
E[P_sel(16)] = 0.0002081341
E[P_sel(17)] = 0.0002190505
E[P_sel(18)] = 0.0002299430
E[P_sel(19)] = 0.0002610691

---- Expected D_neut and D_sel (neutral and selected divergence per site) 
E[D_neut] = 0.0198548961
E[D_sel] = 0.0125320245

---- Expected neutral and selected misattributed polymorphism per site
E[mis_neut] = 0.0005557002
E[mis_sel] = 0.0003371000

---- alpha_div = 0.273749
---- alpha_dfe = 0.273592

