---- Running command
---- ./polyDFE -d Mmc/392.polyDFE.config.txt -m C -e 
---- Performing inference using model C

---- Performing inference on Mmc/392.polyDFE.config.txt
---- No mutation variability. Using Poisson likelihood.


---- Calculating initial values

-- Starting local optimization
-- Optimizing all parameters
  it        eps_an        lambda     theta_bar           S_d             b           p_b           S_b           r 2           r 3           r 4           r 5           r 6           r 7           r 8           r 9          r 10          r 11          r 12          r 13          r 14          r 15          r 16          r 17          r 18          r 19          r 20           ln lk          grad status 
   0           0.1 0.01923772266 0.01137501665        -20000         0.208           0.1            20 0.87214190224 0.72914947025 0.64284791347 0.58292831510 0.55932095890 0.53267874883 0.53531226105 0.52963139372 0.55077673790 0.54781238409 0.59062484292 0.62416605098 0.66193511011 0.74466718975 0.86604497707 1.10580402394 1.58139220446             1             1 -1114030.556104 23109.0274168   -2 
 780 0.00113270394 0.01925455372 0.01016546878 -86.616242975 0.11759520230 0.01994848715 7.37301640201 0.86257121695 0.71482710581 0.62070678378 0.55580105643 0.52853866868 0.50132249231 0.49592552028 0.48386453098 0.49159809641 0.47660232715 0.50907091922 0.51592129378 0.52421527380 0.55501257214 0.58826167197 0.64705728784 0.70383048311 0.81637348076 1.09090389625 -264.7597317435 0.09076690052   -8 
-- Local optimization: reached maximum number of likelihood evaluations allowed.
---- Best joint likelihood found -264.759731743557495 with gradient 0.09077

---- Results for Mmc/392.polyDFE.config.txt 
--  Model: C
--        eps_an        lambda     theta_bar             a 
-- 0.00113270394 0.01925455372 0.01016546878            -1 
--           S_d             b           p_b           S_b 
-- -86.616242975 0.11759520230 0.01994848715 7.37301640201 
--           r 2           r 3           r 4           r 5           r 6           r 7           r 8           r 9          r 10          r 11          r 12          r 13          r 14          r 15          r 16          r 17          r 18          r 19          r 20 
-- 0.86257121695 0.71482710581 0.62070678378 0.55580105643 0.52853866868 0.50132249231 0.49592552028 0.48386453098 0.49159809641 0.47660232715 0.50907091922 0.51592129378 0.52421527380 0.55501257214 0.58826167197 0.64705728784 0.70383048311 0.81637348076 1.09090389625 

---- Expected P_neut(i), 0 < i < n (neutral SFS per site) 
E[P_neut(1)] = 0.0101544491
E[P_neut(2)] = 0.0043797046
E[P_neut(3)] = 0.0024198789
E[P_neut(4)] = 0.0015760804
E[P_neut(5)] = 0.0011291418
E[P_neut(6)] = 0.0008948907
E[P_neut(7)] = 0.0007276578
E[P_neut(8)] = 0.0006299391
E[P_neut(9)] = 0.0005464032
E[P_neut(10)] = 0.0004997325
E[P_neut(11)] = 0.0004405643
E[P_neut(12)] = 0.0004314707
E[P_neut(13)] = 0.0004037970
E[P_neut(14)] = 0.0003812184
E[P_neut(15)] = 0.0003769848
E[P_neut(16)] = 0.0003751107
E[P_neut(17)] = 0.0003892254
E[P_neut(18)] = 0.0004020028
E[P_neut(19)] = 0.0004477997

---- Expected P_sel(i), 0 < i < n (selected SFS per site) 
E[P_sel(1)] = 0.0072384982
E[P_sel(2)] = 0.0028271958
E[P_sel(3)] = 0.0014870733
E[P_sel(4)] = 0.0009388374
E[P_sel(5)] = 0.0006579163
E[P_sel(6)] = 0.0005128383
E[P_sel(7)] = 0.0004116659
E[P_sel(8)] = 0.0003528015
E[P_sel(9)] = 0.0003036188
E[P_sel(10)] = 0.0002760358
E[P_sel(11)] = 0.0002423377
E[P_sel(12)] = 0.0002367547
E[P_sel(13)] = 0.0002214280
E[P_sel(14)] = 0.0002093345
E[P_sel(15)] = 0.0002077863
E[P_sel(16)] = 0.0002081478
E[P_sel(17)] = 0.0002182976
E[P_sel(18)] = 0.0002292270
E[P_sel(19)] = 0.0002625443

---- Expected D_neut and D_sel (neutral and selected divergence per site) 
E[D_neut] = 0.0198090312
E[D_sel] = 0.0125144744

---- Expected neutral and selected misattributed polymorphism per site
E[mis_neut] = 0.0005544775
E[mis_sel] = 0.0003337633

---- alpha_div = 0.238573
---- alpha_dfe = 0.238354

