---- Running command
---- ./polyDFE -d Mmc/393.polyDFE.config.txt -m C -e 
---- Performing inference using model C

---- Performing inference on Mmc/393.polyDFE.config.txt
---- No mutation variability. Using Poisson likelihood.


---- Calculating initial values

-- Starting local optimization
-- Optimizing all parameters
  it        eps_an        lambda     theta_bar           S_d             b           p_b           S_b           r 2           r 3           r 4           r 5           r 6           r 7           r 8           r 9          r 10          r 11          r 12          r 13          r 14          r 15          r 16          r 17          r 18          r 19          r 20           ln lk          grad status 
   0           0.1 0.01929879484 0.01133994876        -20000         0.208           0.1            20 0.87453433367 0.73927539207 0.63939035871 0.58150943938 0.55521850792 0.53265098647 0.54020440781 0.52614148416 0.56263474395 0.55956629395 0.59475616313 0.62792770630 0.67138439704 0.74878703101 0.86124059009 1.10715181713 1.57570945339             1             1 -1121028.665271 23225.7744150   -2 
 524 0.00257437753 0.01935637295 0.01014601621 -69.576131874 0.12918300472 0.02817898634 5.68003035861 0.86653673535 0.72113042276 0.61994081976 0.55657355202 0.52647579415 0.50000309352 0.49800674300 0.48207054705 0.49836712118 0.48736495944 0.50929283490 0.51718920970 0.52471320861 0.55746823897 0.58795422806 0.63784088279 0.69020858917 0.77827541750 1.00902683656 -275.1219506414 0.23678563179   -3 
-- Local optimization: stuck in the same solution
---- Best joint likelihood found -275.121950641463627 with gradient 0.23679

---- Results for Mmc/393.polyDFE.config.txt 
--  Model: C
--        eps_an        lambda     theta_bar             a 
-- 0.00257437753 0.01935637295 0.01014601621            -1 
--           S_d             b           p_b           S_b 
-- -69.576131874 0.12918300472 0.02817898634 5.68003035861 
--           r 2           r 3           r 4           r 5           r 6           r 7           r 8           r 9          r 10          r 11          r 12          r 13          r 14          r 15          r 16          r 17          r 18          r 19          r 20 
-- 0.86653673535 0.72113042276 0.61994081976 0.55657355202 0.52647579415 0.50000309352 0.49800674300 0.48207054705 0.49836712118 0.48736495944 0.50929283490 0.51718920970 0.52471320861 0.55746823897 0.58795422806 0.63784088279 0.69020858917 0.77827541750 1.00902683656 

---- Expected P_neut(i), 0 < i < n (neutral SFS per site) 
E[P_neut(1)] = 0.0101209665
E[P_neut(2)] = 0.0043856326
E[P_neut(3)] = 0.0024335684
E[P_neut(4)] = 0.0015693941
E[P_neut(5)] = 0.0011274641
E[P_neut(6)] = 0.0008889590
E[P_neut(7)] = 0.0007238934
E[P_neut(8)] = 0.0006310806
E[P_neut(9)] = 0.0005432133
E[P_neut(10)] = 0.0005056441
E[P_neut(11)] = 0.0004497702
E[P_neut(12)] = 0.0004311252
E[P_neut(13)] = 0.0004044735
E[P_neut(14)] = 0.0003815807
E[P_neut(15)] = 0.0003790089
E[P_neut(16)] = 0.0003759254
E[P_neut(17)] = 0.0003859776
E[P_neut(18)] = 0.0003993635
E[P_neut(19)] = 0.0004406495

---- Expected P_sel(i), 0 < i < n (selected SFS per site) 
E[P_sel(1)] = 0.0072573681
E[P_sel(2)] = 0.0028324377
E[P_sel(3)] = 0.0014913692
E[P_sel(4)] = 0.0009304657
E[P_sel(5)] = 0.0006530709
E[P_sel(6)] = 0.0005060801
E[P_sel(7)] = 0.0004066914
E[P_sel(8)] = 0.0003509609
E[P_sel(9)] = 0.0002997800
E[P_sel(10)] = 0.0002774985
E[P_sel(11)] = 0.0002459527
E[P_sel(12)] = 0.0002353692
E[P_sel(13)] = 0.0002208996
E[P_sel(14)] = 0.0002089361
E[P_sel(15)] = 0.0002085967
E[P_sel(16)] = 0.0002086247
E[P_sel(17)] = 0.0002168900
E[P_sel(18)] = 0.0002286778
E[P_sel(19)] = 0.0002608005

---- Expected D_neut and D_sel (neutral and selected divergence per site) 
E[D_neut] = 0.0198682531
E[D_sel] = 0.0125087829

---- Expected neutral and selected misattributed polymorphism per site
E[mis_neut] = 0.0005118801
E[mis_sel] = 0.0003085143

---- alpha_div = 0.264396
---- alpha_dfe = 0.264201

