---- Running command
---- ./polyDFE -d Mmc/394.polyDFE.config.txt -m C -e 
---- Performing inference using model C

---- Performing inference on Mmc/394.polyDFE.config.txt
---- No mutation variability. Using Poisson likelihood.


---- Calculating initial values

-- Starting local optimization
-- Optimizing all parameters
  it        eps_an        lambda     theta_bar           S_d             b           p_b           S_b           r 2           r 3           r 4           r 5           r 6           r 7           r 8           r 9          r 10          r 11          r 12          r 13          r 14          r 15          r 16          r 17          r 18          r 19          r 20           ln lk          grad status 
   0           0.1 0.01928786372 0.01134927835        -20000         0.208           0.1            20 0.87890682407 0.73529140520 0.64405902628 0.58096771491 0.55509092890 0.53765174585 0.53637809623 0.52726492886 0.55603157477 0.55725295534 0.59536420248 0.62714354968 0.65941438298 0.74929602063 0.87025987069 1.10666675901 1.59541491545             1             1 -1118484.749759 23194.3526526   -2 
 332 0.00331849429 0.01934201303 0.01018637000 -101.45729129 0.10612036618 0.00277711388 43.8388672091 0.86401858015 0.71636881373 0.61324467618 0.55161391221 0.52475792061 0.50293290991 0.49005186997 0.47953203008 0.49178043726 0.48492113678 0.51366157329 0.51935683306 0.52202850842 0.55670623063 0.58870816760 0.64879243455 0.70776230491 0.78661063757 0.99695947642 -301.5434746172 0.60725478410   -3 
-- Local optimization: stuck in the same solution
---- Best joint likelihood found -301.543474617283209 with gradient 0.60725

---- Results for Mmc/394.polyDFE.config.txt 
--  Model: C
--        eps_an        lambda     theta_bar             a 
-- 0.00331849429 0.01934201303 0.01018637000            -1 
--           S_d             b           p_b           S_b 
-- -101.45729129 0.10612036618 0.00277711388 43.8388672091 
--           r 2           r 3           r 4           r 5           r 6           r 7           r 8           r 9          r 10          r 11          r 12          r 13          r 14          r 15          r 16          r 17          r 18          r 19          r 20 
-- 0.86401858015 0.71636881373 0.61324467618 0.55161391221 0.52475792061 0.50293290991 0.49005186997 0.47953203008 0.49178043726 0.48492113678 0.51366157329 0.51935683306 0.52202850842 0.55670623063 0.58870816760 0.64879243455 0.70776230491 0.78661063757 0.99695947642 

---- Expected P_neut(i), 0 < i < n (neutral SFS per site) 
E[P_neut(1)] = 0.0101539661
E[P_neut(2)] = 0.0043873322
E[P_neut(3)] = 0.0024256174
E[P_neut(4)] = 0.0015577456
E[P_neut(5)] = 0.0011213140
E[P_neut(6)] = 0.0008892004
E[P_neut(7)] = 0.0007307876
E[P_neut(8)] = 0.0006233575
E[P_neut(9)] = 0.0005424325
E[P_neut(10)] = 0.0005009457
E[P_neut(11)] = 0.0004493642
E[P_neut(12)] = 0.0004366526
E[P_neut(13)] = 0.0004080291
E[P_neut(14)] = 0.0003815228
E[P_neut(15)] = 0.0003805291
E[P_neut(16)] = 0.0003787386
E[P_neut(17)] = 0.0003955371
E[P_neut(18)] = 0.0004138036
E[P_neut(19)] = 0.0004541254

---- Expected P_sel(i), 0 < i < n (selected SFS per site) 
E[P_sel(1)] = 0.0072389670
E[P_sel(2)] = 0.0028458587
E[P_sel(3)] = 0.0015008327
E[P_sel(4)] = 0.0009348637
E[P_sel(5)] = 0.0006581135
E[P_sel(6)] = 0.0005128818
E[P_sel(7)] = 0.0004155790
E[P_sel(8)] = 0.0003503077
E[P_sel(9)] = 0.0003017685
E[P_sel(10)] = 0.0002762752
E[P_sel(11)] = 0.0002459801
E[P_sel(12)] = 0.0002374965
E[P_sel(13)] = 0.0002207471
E[P_sel(14)] = 0.0002055456
E[P_sel(15)] = 0.0002044304
E[P_sel(16)] = 0.0002032987
E[P_sel(17)] = 0.0002128485
E[P_sel(18)] = 0.0002249473
E[P_sel(19)] = 0.0002561877

---- Expected D_neut and D_sel (neutral and selected divergence per site) 
E[D_neut] = 0.0198497829
E[D_sel] = 0.0125324382

---- Expected neutral and selected misattributed polymorphism per site
E[mis_neut] = 0.0005077699
E[mis_sel] = 0.0002884316

---- alpha_div = 0.192026
---- alpha_dfe = 0.192482

