---- Running command
---- ./polyDFE -d Mmc/395.polyDFE.config.txt -m C -e 
---- Performing inference using model C

---- Performing inference on Mmc/395.polyDFE.config.txt
---- No mutation variability. Using Poisson likelihood.


---- Calculating initial values

-- Starting local optimization
-- Optimizing all parameters
  it        eps_an        lambda     theta_bar           S_d             b           p_b           S_b           r 2           r 3           r 4           r 5           r 6           r 7           r 8           r 9          r 10          r 11          r 12          r 13          r 14          r 15          r 16          r 17          r 18          r 19          r 20           ln lk          grad status 
   0           0.1 0.01924734012 0.01132511699        -20000         0.208           0.1            20 0.87570070924 0.73800010364 0.64686566107 0.58729840516 0.56275100006 0.54468579231 0.54005655913 0.53777372056 0.55333141779 0.55489294642 0.59769769392 0.63051798317 0.66515673064 0.75083198035 0.87454013433 1.10871031598 1.59456607012             1             1 -1114849.765856 23135.8529026   -2 
 830 0.00108210875 0.01927305398 0.01011615213 -74.711704152 0.12473377970 0.02100414536 7.37526748524 0.86806263846 0.72257935695 0.62386536381 0.56080002016 0.53313460434 0.51007259531 0.50033936076 0.48886358572 0.49477480354 0.48756646121 0.51687979790 0.52432343124 0.52865673145 0.55783974533 0.59615833223 0.64464683137 0.70924133405 0.82397924906 1.07323564482 -271.2742635777 0.06908854235   -8 
-- Local optimization: reached maximum number of likelihood evaluations allowed.
---- Best joint likelihood found -271.274263577710371 with gradient 0.06909

---- Results for Mmc/395.polyDFE.config.txt 
--  Model: C
--        eps_an        lambda     theta_bar             a 
-- 0.00108210875 0.01927305398 0.01011615213            -1 
--           S_d             b           p_b           S_b 
-- -74.711704152 0.12473377970 0.02100414536 7.37526748524 
--           r 2           r 3           r 4           r 5           r 6           r 7           r 8           r 9          r 10          r 11          r 12          r 13          r 14          r 15          r 16          r 17          r 18          r 19          r 20 
-- 0.86806263846 0.72257935695 0.62386536381 0.56080002016 0.53313460434 0.51007259531 0.50033936076 0.48886358572 0.49477480354 0.48756646121 0.51687979790 0.52432343124 0.52865673145 0.55783974533 0.59615833223 0.64464683137 0.70924133405 0.82397924906 1.07323564482 

---- Expected P_neut(i), 0 < i < n (neutral SFS per site) 
E[P_neut(1)] = 0.0101056801
E[P_neut(2)] = 0.0043864069
E[P_neut(3)] = 0.0024343527
E[P_neut(4)] = 0.0015764798
E[P_neut(5)] = 0.0011338070
E[P_neut(6)] = 0.0008983191
E[P_neut(7)] = 0.0007367827
E[P_neut(8)] = 0.0006324755
E[P_neut(9)] = 0.0005493815
E[P_neut(10)] = 0.0005005217
E[P_neut(11)] = 0.0004485000
E[P_neut(12)] = 0.0004359493
E[P_neut(13)] = 0.0004083666
E[P_neut(14)] = 0.0003825573
E[P_neut(15)] = 0.0003770335
E[P_neut(16)] = 0.0003782262
E[P_neut(17)] = 0.0003858301
E[P_neut(18)] = 0.0004029195
E[P_neut(19)] = 0.0004491825

---- Expected P_sel(i), 0 < i < n (selected SFS per site) 
E[P_sel(1)] = 0.0072230726
E[P_sel(2)] = 0.0028272183
E[P_sel(3)] = 0.0014897708
E[P_sel(4)] = 0.0009335660
E[P_sel(5)] = 0.0006559480
E[P_sel(6)] = 0.0005106786
E[P_sel(7)] = 0.0004131958
E[P_sel(8)] = 0.0003509438
E[P_sel(9)] = 0.0003023239
E[P_sel(10)] = 0.0002737193
E[P_sel(11)] = 0.0002442007
E[P_sel(12)] = 0.0002367666
E[P_sel(13)] = 0.0002216511
E[P_sel(14)] = 0.0002079607
E[P_sel(15)] = 0.0002057889
E[P_sel(16)] = 0.0002079315
E[P_sel(17)] = 0.0002145434
E[P_sel(18)] = 0.0002280172
E[P_sel(19)] = 0.0002616623

---- Expected D_neut and D_sel (neutral and selected divergence per site) 
E[D_neut] = 0.0198159047
E[D_sel] = 0.0125020412

---- Expected neutral and selected misattributed polymorphism per site
E[mis_neut] = 0.0005428508
E[mis_sel] = 0.0003254133

---- alpha_div = 0.251560
---- alpha_dfe = 0.251367

