---- Running command
---- ./polyDFE -d Mmc/396.polyDFE.config.txt -m C -e 
---- Performing inference using model C

---- Performing inference on Mmc/396.polyDFE.config.txt
---- No mutation variability. Using Poisson likelihood.


---- Calculating initial values

-- Starting local optimization
-- Optimizing all parameters
  it        eps_an        lambda     theta_bar           S_d             b           p_b           S_b           r 2           r 3           r 4           r 5           r 6           r 7           r 8           r 9          r 10          r 11          r 12          r 13          r 14          r 15          r 16          r 17          r 18          r 19          r 20           ln lk          grad status 
   0           0.1 0.01924791297 0.01134602981        -20000         0.208           0.1            20 0.87114215699 0.73769501375 0.64148816851 0.58178827719 0.55556572073 0.53967718808 0.53673783245 0.53816278590 0.54659215295 0.55641704163 0.59291853323 0.62732821280 0.66381862702 0.75493734420 0.86838693146 1.11940165065 1.57021415768             1             1 -1116723.239718 23143.5154791   -2 
 734 0.00137464958 0.01927570132 0.01014064397 -76.348736360 0.12368358089 0.02534925622 6.09341150424 0.86242888522 0.72161103121 0.61835572909 0.55713920402 0.52651080561 0.50680019727 0.49353116899 0.49163635809 0.49112378936 0.48888011857 0.50857409961 0.51439765924 0.52925753700 0.56182747539 0.59291069167 0.64651643642 0.70079636127 0.80861704645 1.06746572760 -271.1387211257 0.03707881463   -3 
-- Local optimization: stuck in the same solution
---- Best joint likelihood found -271.138721125782467 with gradient 0.03708

---- Results for Mmc/396.polyDFE.config.txt 
--  Model: C
--        eps_an        lambda     theta_bar             a 
-- 0.00137464958 0.01927570132 0.01014064397            -1 
--           S_d             b           p_b           S_b 
-- -76.348736360 0.12368358089 0.02534925622 6.09341150424 
--           r 2           r 3           r 4           r 5           r 6           r 7           r 8           r 9          r 10          r 11          r 12          r 13          r 14          r 15          r 16          r 17          r 18          r 19          r 20 
-- 0.86242888522 0.72161103121 0.61835572909 0.55713920402 0.52651080561 0.50680019727 0.49353116899 0.49163635809 0.49112378936 0.48888011857 0.50857409961 0.51439765924 0.52925753700 0.56182747539 0.59291069167 0.64651643642 0.70079636127 0.80861704645 1.06746572760 

---- Expected P_neut(i), 0 < i < n (neutral SFS per site) 
E[P_neut(1)] = 0.0101272974
E[P_neut(2)] = 0.0043673238
E[P_neut(3)] = 0.0024363773
E[P_neut(4)] = 0.0015659929
E[P_neut(5)] = 0.0011289189
E[P_neut(6)] = 0.0008891635
E[P_neut(7)] = 0.0007337253
E[P_neut(8)] = 0.0006253213
E[P_neut(9)] = 0.0005538035
E[P_neut(10)] = 0.0004980311
E[P_neut(11)] = 0.0004508291
E[P_neut(12)] = 0.0004300416
E[P_neut(13)] = 0.0004017133
E[P_neut(14)] = 0.0003840543
E[P_neut(15)] = 0.0003808507
E[P_neut(16)] = 0.0003774194
E[P_neut(17)] = 0.0003884754
E[P_neut(18)] = 0.0004002754
E[P_neut(19)] = 0.0004449201

---- Expected P_sel(i), 0 < i < n (selected SFS per site) 
E[P_sel(1)] = 0.0072496963
E[P_sel(2)] = 0.0028236638
E[P_sel(3)] = 0.0014972310
E[P_sel(4)] = 0.0009320058
E[P_sel(5)] = 0.0006568745
E[P_sel(6)] = 0.0005087236
E[P_sel(7)] = 0.0004143966
E[P_sel(8)] = 0.0003496568
E[P_sel(9)] = 0.0003073113
E[P_sel(10)] = 0.0002748187
E[P_sel(11)] = 0.0002478511
E[P_sel(12)] = 0.0002359825
E[P_sel(13)] = 0.0002204505
E[P_sel(14)] = 0.0002112182
E[P_sel(15)] = 0.0002104278
E[P_sel(16)] = 0.0002101325
E[P_sel(17)] = 0.0002188060
E[P_sel(18)] = 0.0002293756
E[P_sel(19)] = 0.0002622299

---- Expected D_neut and D_sel (neutral and selected divergence per site) 
E[D_neut] = 0.0198169408
E[D_sel] = 0.0125089291

---- Expected neutral and selected misattributed polymorphism per site
E[mis_neut] = 0.0005412395
E[mis_sel] = 0.0003268729

---- alpha_div = 0.253257
---- alpha_dfe = 0.253114

