---- Running command
---- ./polyDFE -d Mmc/397.polyDFE.config.txt -m C -e 
---- Performing inference using model C

---- Performing inference on Mmc/397.polyDFE.config.txt
---- No mutation variability. Using Poisson likelihood.


---- Calculating initial values

-- Starting local optimization
-- Optimizing all parameters
  it        eps_an        lambda     theta_bar           S_d             b           p_b           S_b           r 2           r 3           r 4           r 5           r 6           r 7           r 8           r 9          r 10          r 11          r 12          r 13          r 14          r 15          r 16          r 17          r 18          r 19          r 20           ln lk          grad status 
   0           0.1 0.01928543453 0.01133641814        -20000         0.208           0.1            20 0.87393772906 0.73368426035 0.64818826102 0.58584920487 0.55798708600 0.54354627993 0.54155283238 0.53621549415 0.55199019543 0.54927953674 0.58657846524 0.62961896755 0.66432944708 0.75225035285 0.86683285769 1.10917191876 1.58480832647             1             1 -1119135.572076 23204.4527360   -2 
 978 0.00107541917 0.01931516311 0.01012125181 -72.878824013 0.12580084406 0.02352604934 6.60746052021 0.86650771543 0.72412245939 0.62460542195 0.55674415197 0.52791357430 0.51072321356 0.49791381433 0.48923163233 0.49502605966 0.48386901858 0.50827594035 0.51904681414 0.52438107476 0.55772701257 0.58863131264 0.65241331333 0.70978128650 0.81540081141 1.06637165360 -292.2030203849 0.08234255258   -8 
-- Local optimization: reached maximum number of likelihood evaluations allowed.
---- Best joint likelihood found -292.203020384928095 with gradient 0.08234

---- Results for Mmc/397.polyDFE.config.txt 
--  Model: C
--        eps_an        lambda     theta_bar             a 
-- 0.00107541917 0.01931516311 0.01012125181            -1 
--           S_d             b           p_b           S_b 
-- -72.878824013 0.12580084406 0.02352604934 6.60746052021 
--           r 2           r 3           r 4           r 5           r 6           r 7           r 8           r 9          r 10          r 11          r 12          r 13          r 14          r 15          r 16          r 17          r 18          r 19          r 20 
-- 0.86650771543 0.72412245939 0.62460542195 0.55674415197 0.52791357430 0.51072321356 0.49791381433 0.48923163233 0.49502605966 0.48386901858 0.50827594035 0.51904681414 0.52438107476 0.55772701257 0.58863131264 0.65241331333 0.70978128650 0.81540081141 1.06637165360 

---- Expected P_neut(i), 0 < i < n (neutral SFS per site) 
E[P_neut(1)] = 0.0101108343
E[P_neut(2)] = 0.0043807848
E[P_neut(3)] = 0.0024407990
E[P_neut(4)] = 0.0015791480
E[P_neut(5)] = 0.0011261823
E[P_neut(6)] = 0.0008899744
E[P_neut(7)] = 0.0007380916
E[P_neut(8)] = 0.0006297225
E[P_neut(9)] = 0.0005500690
E[P_neut(10)] = 0.0005010283
E[P_neut(11)] = 0.0004453274
E[P_neut(12)] = 0.0004289155
E[P_neut(13)] = 0.0004044675
E[P_neut(14)] = 0.0003796495
E[P_neut(15)] = 0.0003771336
E[P_neut(16)] = 0.0003736546
E[P_neut(17)] = 0.0003906354
E[P_neut(18)] = 0.0004033908
E[P_neut(19)] = 0.0004447794

---- Expected P_sel(i), 0 < i < n (selected SFS per site) 
E[P_sel(1)] = 0.0072406597
E[P_sel(2)] = 0.0028288731
E[P_sel(3)] = 0.0014964808
E[P_sel(4)] = 0.0009369302
E[P_sel(5)] = 0.0006528507
E[P_sel(6)] = 0.0005070307
E[P_sel(7)] = 0.0004149029
E[P_sel(8)] = 0.0003503128
E[P_sel(9)] = 0.0003035532
E[P_sel(10)] = 0.0002748418
E[P_sel(11)] = 0.0002432948
E[P_sel(12)] = 0.0002338121
E[P_sel(13)] = 0.0002204270
E[P_sel(14)] = 0.0002072920
E[P_sel(15)] = 0.0002068236
E[P_sel(16)] = 0.0002064562
E[P_sel(17)] = 0.0002183412
E[P_sel(18)] = 0.0002294221
E[P_sel(19)] = 0.0002601926

---- Expected D_neut and D_sel (neutral and selected divergence per site) 
E[D_neut] = 0.0198548139
E[D_sel] = 0.0125127895

---- Expected neutral and selected misattributed polymorphism per site
E[mis_neut] = 0.0005396508
E[mis_sel] = 0.0003243622

---- alpha_div = 0.254141
---- alpha_dfe = 0.253919

