---- Running command
---- ./polyDFE -d Mmc/398.polyDFE.config.txt -m C -e 
---- Performing inference using model C

---- Performing inference on Mmc/398.polyDFE.config.txt
---- No mutation variability. Using Poisson likelihood.


---- Calculating initial values

-- Starting local optimization
-- Optimizing all parameters
  it        eps_an        lambda     theta_bar           S_d             b           p_b           S_b           r 2           r 3           r 4           r 5           r 6           r 7           r 8           r 9          r 10          r 11          r 12          r 13          r 14          r 15          r 16          r 17          r 18          r 19          r 20           ln lk          grad status 
   0           0.1 0.01927026330 0.01137667539        -20000         0.208           0.1            20 0.87577363900 0.73179590947 0.63886101984 0.58070420376 0.55457162894 0.54233939565 0.54038101336 0.53265167935 0.55303383780 0.54990551540 0.58931974300 0.62571837135 0.66836415226 0.74721580413 0.86403756121 1.10383058199 1.58901947125             1             1 -1115942.219350 23155.5207501   -2 
 851 0.00038860296 0.01928709226 0.01015965046 -86.922171507 0.11675878587 0.01781136863 8.14125029469 0.86556901670 0.71836901512 0.61714820540 0.55418800252 0.52685719698 0.50784448639 0.49666720433 0.48791601470 0.49569521653 0.47866550026 0.50961020412 0.51966706309 0.52732049700 0.56031180327 0.59057986492 0.64612791558 0.71760361176 0.83753471507 1.09187891636 -268.1348175235 0.08275570023   -3 
-- Local optimization: stuck in the same solution
---- Best joint likelihood found -268.134817523517995 with gradient 0.08276

---- Results for Mmc/398.polyDFE.config.txt 
--  Model: C
--        eps_an        lambda     theta_bar             a 
-- 0.00038860296 0.01928709226 0.01015965046            -1 
--           S_d             b           p_b           S_b 
-- -86.922171507 0.11675878587 0.01781136863 8.14125029469 
--           r 2           r 3           r 4           r 5           r 6           r 7           r 8           r 9          r 10          r 11          r 12          r 13          r 14          r 15          r 16          r 17          r 18          r 19          r 20 
-- 0.86556901670 0.71836901512 0.61714820540 0.55418800252 0.52685719698 0.50784448639 0.49666720433 0.48791601470 0.49569521653 0.47866550026 0.50961020412 0.51966706309 0.52732049700 0.56031180327 0.59057986492 0.64612791558 0.71760361176 0.83753471507 1.09187891636 

---- Expected P_neut(i), 0 < i < n (neutral SFS per site) 
E[P_neut(1)] = 0.0101558764
E[P_neut(2)] = 0.0043953881
E[P_neut(3)] = 0.0024319974
E[P_neut(4)] = 0.0015670391
E[P_neut(5)] = 0.0011257812
E[P_neut(6)] = 0.0008919162
E[P_neut(7)] = 0.0007369460
E[P_neut(8)] = 0.0006306682
E[P_neut(9)] = 0.0005507418
E[P_neut(10)] = 0.0005036090
E[P_neut(11)] = 0.0004421399
E[P_neut(12)] = 0.0004315326
E[P_neut(13)] = 0.0004062544
E[P_neut(14)] = 0.0003828688
E[P_neut(15)] = 0.0003797949
E[P_neut(16)] = 0.0003754687
E[P_neut(17)] = 0.0003869385
E[P_neut(18)] = 0.0004065847
E[P_neut(19)] = 0.0004516193

---- Expected P_sel(i), 0 < i < n (selected SFS per site) 
E[P_sel(1)] = 0.0072416566
E[P_sel(2)] = 0.0028387195
E[P_sel(3)] = 0.0014952948
E[P_sel(4)] = 0.0009338790
E[P_sel(5)] = 0.0006561855
E[P_sel(6)] = 0.0005112337
E[P_sel(7)] = 0.0004169249
E[P_sel(8)] = 0.0003531360
E[P_sel(9)] = 0.0003058882
E[P_sel(10)] = 0.0002779683
E[P_sel(11)] = 0.0002429426
E[P_sel(12)] = 0.0002364472
E[P_sel(13)] = 0.0002223633
E[P_sel(14)] = 0.0002097560
E[P_sel(15)] = 0.0002087487
E[P_sel(16)] = 0.0002076495
E[P_sel(17)] = 0.0002161613
E[P_sel(18)] = 0.0002307417
E[P_sel(19)] = 0.0002629956

---- Expected D_neut and D_sel (neutral and selected divergence per site) 
E[D_neut] = 0.0198417477
E[D_sel] = 0.0125374394

---- Expected neutral and selected misattributed polymorphism per site
E[mis_neut] = 0.0005546554
E[mis_sel] = 0.0003330057

---- alpha_div = 0.234201
---- alpha_dfe = 0.233972

