---- Running command
---- ./polyDFE -d Mmc/399.polyDFE.config.txt -m C -e 
---- Performing inference using model C

---- Performing inference on Mmc/399.polyDFE.config.txt
---- No mutation variability. Using Poisson likelihood.


---- Calculating initial values

-- Starting local optimization
-- Optimizing all parameters
  it        eps_an        lambda     theta_bar           S_d             b           p_b           S_b           r 2           r 3           r 4           r 5           r 6           r 7           r 8           r 9          r 10          r 11          r 12          r 13          r 14          r 15          r 16          r 17          r 18          r 19          r 20           ln lk          grad status 
   0           0.1 0.01928614766 0.01132921269        -20000         0.208           0.1            20 0.87385429971 0.73800771618 0.64111848325 0.59004382395 0.55911314042 0.54845370053 0.53365470062 0.53796608832 0.55367690170 0.55169781431 0.59546132170 0.63055225383 0.67197700789 0.75844978549 0.86246327898 1.11717797854 1.58400951919             1             1 -1116422.604188 23150.1331002   -2 
 341 0.00705377352 0.01934293146 0.01018891797 -88.350025976 0.11184451523 0.00640292168 20.3709805541 0.86640240944 0.71955124198 0.61510509101 0.55651028873 0.52497541025 0.50978456318 0.49021592717 0.48820553135 0.49225135966 0.47741034609 0.51474540612 0.51205012805 0.52444734994 0.55346540938 0.58099943063 0.63821760956 0.67067728990 0.70544914212 0.99807564907 -309.5182079461 0.64359988713   -3 
-- Local optimization: stuck in the same solution
---- Best joint likelihood found -309.518207946122857 with gradient 0.64360

---- Results for Mmc/399.polyDFE.config.txt 
--  Model: C
--        eps_an        lambda     theta_bar             a 
-- 0.00705377352 0.01934293146 0.01018891797            -1 
--           S_d             b           p_b           S_b 
-- -88.350025976 0.11184451523 0.00640292168 20.3709805541 
--           r 2           r 3           r 4           r 5           r 6           r 7           r 8           r 9          r 10          r 11          r 12          r 13          r 14          r 15          r 16          r 17          r 18          r 19          r 20 
-- 0.86640240944 0.71955124198 0.61510509101 0.55651028873 0.52497541025 0.50978456318 0.49021592717 0.48820553135 0.49225135966 0.47741034609 0.51474540612 0.51205012805 0.52444734994 0.55346540938 0.58099943063 0.63821760956 0.67067728990 0.70544914212 0.99807564907 

---- Expected P_neut(i), 0 < i < n (neutral SFS per site) 
E[P_neut(1)] = 0.0101197161
E[P_neut(2)] = 0.0043853951
E[P_neut(3)] = 0.0024292762
E[P_neut(4)] = 0.0015583717
E[P_neut(5)] = 0.0011287001
E[P_neut(6)] = 0.0008878925
E[P_neut(7)] = 0.0007396187
E[P_neut(8)] = 0.0006230251
E[P_neut(9)] = 0.0005519191
E[P_neut(10)] = 0.0005015509
E[P_neut(11)] = 0.0004429880
E[P_neut(12)] = 0.0004383793
E[P_neut(13)] = 0.0004037291
E[P_neut(14)] = 0.0003852783
E[P_neut(15)] = 0.0003812950
E[P_neut(16)] = 0.0003784269
E[P_neut(17)] = 0.0003970545
E[P_neut(18)] = 0.0004080940
E[P_neut(19)] = 0.0004475052

---- Expected P_sel(i), 0 < i < n (selected SFS per site) 
E[P_sel(1)] = 0.0072367530
E[P_sel(2)] = 0.0028444511
E[P_sel(3)] = 0.0015003566
E[P_sel(4)] = 0.0009325833
E[P_sel(5)] = 0.0006601785
E[P_sel(6)] = 0.0005102235
E[P_sel(7)] = 0.0004190140
E[P_sel(8)] = 0.0003488494
E[P_sel(9)] = 0.0003060400
E[P_sel(10)] = 0.0002758582
E[P_sel(11)] = 0.0002420286
E[P_sel(12)] = 0.0002382432
E[P_sel(13)] = 0.0002185711
E[P_sel(14)] = 0.0002081204
E[P_sel(15)] = 0.0002059367
E[P_sel(16)] = 0.0002049813
E[P_sel(17)] = 0.0002167875
E[P_sel(18)] = 0.0002271715
E[P_sel(19)] = 0.0002636556

---- Expected D_neut and D_sel (neutral and selected divergence per site) 
E[D_neut] = 0.0198513970
E[D_sel] = 0.0125356198

---- Expected neutral and selected misattributed polymorphism per site
E[mis_neut] = 0.0005084655
E[mis_sel] = 0.0002962282

---- alpha_div = 0.206806
---- alpha_dfe = 0.206898

