---- Running command
---- ./polyDFE -d Mmc/4.polyDFE.config.txt -m C -e 
---- Performing inference using model C

---- Performing inference on Mmc/4.polyDFE.config.txt
---- No mutation variability. Using Poisson likelihood.


---- Calculating initial values

-- Starting local optimization
-- Optimizing all parameters
  it        eps_an        lambda     theta_bar           S_d             b           p_b           S_b           r 2           r 3           r 4           r 5           r 6           r 7           r 8           r 9          r 10          r 11          r 12          r 13          r 14          r 15          r 16          r 17          r 18          r 19          r 20           ln lk          grad status 
   0           0.1 0.01928219877 0.01135375104        -20000         0.208           0.1            20 0.87379090097 0.73671577497 0.64586469565 0.58489405758 0.55521183362 0.54274923063 0.53964464986 0.53155827556 0.55374570000  0.5572440902 0.58550973779 0.62940749780 0.66987106946 0.75579113327 0.86534438603 1.10064126599 1.57955434672             1             1 -1116393.201142 23179.6380246   -2 
 846 0.00063097761 0.01924865275 0.01014272242 -75.506847432 0.12499973258 0.02174612888 7.16470962297 0.86397413280 0.72251154514 0.62096147197 0.55826246804 0.52712185971 0.50888809003 0.49983036298 0.48784284442 0.49796803725 0.48673333987 0.50726425283 0.51832963392 0.52878101259 0.56074548898 0.58767905753 0.64224122149 0.71005136413 0.82684658532 1.19023907457 -274.6964987782 0.04280778543   -8 
-- Local optimization: reached maximum number of likelihood evaluations allowed.
---- Best joint likelihood found -274.696498778284877 with gradient 0.04281

---- Results for Mmc/4.polyDFE.config.txt 
--  Model: C
--        eps_an        lambda     theta_bar             a 
-- 0.00063097761 0.01924865275 0.01014272242            -1 
--           S_d             b           p_b           S_b 
-- -75.506847432 0.12499973258 0.02174612888 7.16470962297 
--           r 2           r 3           r 4           r 5           r 6           r 7           r 8           r 9          r 10          r 11          r 12          r 13          r 14          r 15          r 16          r 17          r 18          r 19          r 20 
-- 0.86397413280 0.72251154514 0.62096147197 0.55826246804 0.52712185971 0.50888809003 0.49983036298 0.48784284442 0.49796803725 0.48673333987 0.50726425283 0.51832963392 0.52878101259 0.56074548898 0.58767905753 0.64224122149 0.71005136413 0.82684658532 1.19023907457 

---- Expected P_neut(i), 0 < i < n (neutral SFS per site) 
E[P_neut(1)] = 0.0101366011
E[P_neut(2)] = 0.0043790127
E[P_neut(3)] = 0.0024414451
E[P_neut(4)] = 0.0015738015
E[P_neut(5)] = 0.0011319849
E[P_neut(6)] = 0.0008907546
E[P_neut(7)] = 0.0007371486
E[P_neut(8)] = 0.0006335758
E[P_neut(9)] = 0.0005497201
E[P_neut(10)] = 0.0005050752
E[P_neut(11)] = 0.0004488638
E[P_neut(12)] = 0.0004288827
E[P_neut(13)] = 0.0004046157
E[P_neut(14)] = 0.0003834119
E[P_neut(15)] = 0.0003796410
E[P_neut(16)] = 0.0003733000
E[P_neut(17)] = 0.0003844804
E[P_neut(18)] = 0.0004026152
E[P_neut(19)] = 0.0004475148

---- Expected P_sel(i), 0 < i < n (selected SFS per site) 
E[P_sel(1)] = 0.0072360370
E[P_sel(2)] = 0.0028184903
E[P_sel(3)] = 0.0014920032
E[P_sel(4)] = 0.0009306925
E[P_sel(5)] = 0.0006540200
E[P_sel(6)] = 0.0005057331
E[P_sel(7)] = 0.0004129041
E[P_sel(8)] = 0.0003511603
E[P_sel(9)] = 0.0003021987
E[P_sel(10)] = 0.0002759531
E[P_sel(11)] = 0.0002441993
E[P_sel(12)] = 0.0002327671
E[P_sel(13)] = 0.0002194917
E[P_sel(14)] = 0.0002083358
E[P_sel(15)] = 0.0002071505
E[P_sel(16)] = 0.0002051842
E[P_sel(17)] = 0.0002137542
E[P_sel(18)] = 0.0002277319
E[P_sel(19)] = 0.0002601855

---- Expected D_neut and D_sel (neutral and selected divergence per site) 
E[D_neut] = 0.0198522660
E[D_sel] = 0.0125141908

---- Expected neutral and selected misattributed polymorphism per site
E[mis_neut] = 0.0006036132
E[mis_sel] = 0.0003618400

---- alpha_div = 0.253537
---- alpha_dfe = 0.253339

