---- Running command
---- ./polyDFE -d Mmc/40.polyDFE.config.txt -m C -e 
---- Performing inference using model C

---- Performing inference on Mmc/40.polyDFE.config.txt
---- No mutation variability. Using Poisson likelihood.


---- Calculating initial values

-- Starting local optimization
-- Optimizing all parameters
  it        eps_an        lambda     theta_bar           S_d             b           p_b           S_b           r 2           r 3           r 4           r 5           r 6           r 7           r 8           r 9          r 10          r 11          r 12          r 13          r 14          r 15          r 16          r 17          r 18          r 19          r 20           ln lk          grad status 
   0           0.1 0.01923459808 0.01135349388        -20000         0.208           0.1            20 0.87447153443 0.73665813015 0.64618260638 0.58665270252 0.55343327744 0.54320077810 0.53724538397 0.53242643276 0.54927329265 0.55128582005 0.58582267096 0.62277220916 0.66613698541 0.75541649595 0.87424313502 1.11324754570 1.57157037982             1             1 -1113852.661939 23097.2164296   -2 
 983 0.00097883558 0.01922549862 0.01014179959 -76.149653513 0.12433743563 0.02350813594 6.63227407258 0.86660559868 0.72126491190 0.62173699742 0.56002883037 0.52698606646 0.50939608797 0.49616309375 0.48939920132 0.49014683174 0.48226434841 0.50833726519 0.51006035042 0.52815121288 0.56165319993 0.59641510772 0.64616671955 0.69931116313 0.82204473386 1.14001366274 -273.4332292333 0.02420912137   -8 
-- Local optimization: reached maximum number of likelihood evaluations allowed.
---- Best joint likelihood found -273.433229233341990 with gradient 0.02421

---- Results for Mmc/40.polyDFE.config.txt 
--  Model: C
--        eps_an        lambda     theta_bar             a 
-- 0.00097883558 0.01922549862 0.01014179959            -1 
--           S_d             b           p_b           S_b 
-- -76.149653513 0.12433743563 0.02350813594 6.63227407258 
--           r 2           r 3           r 4           r 5           r 6           r 7           r 8           r 9          r 10          r 11          r 12          r 13          r 14          r 15          r 16          r 17          r 18          r 19          r 20 
-- 0.86660559868 0.72126491190 0.62173699742 0.56002883037 0.52698606646 0.50939608797 0.49616309375 0.48939920132 0.49014683174 0.48226434841 0.50833726519 0.51006035042 0.52815121288 0.56165319993 0.59641510772 0.64616671955 0.69931116313 0.82204473386 1.14001366274 

---- Expected P_neut(i), 0 < i < n (neutral SFS per site) 
E[P_neut(1)] = 0.0101323019
E[P_neut(2)] = 0.0043905544
E[P_neut(3)] = 0.0024362987
E[P_neut(4)] = 0.0015752100
E[P_neut(5)] = 0.0011351998
E[P_neut(6)] = 0.0008902671
E[P_neut(7)] = 0.0007376947
E[P_neut(8)] = 0.0006288032
E[P_neut(9)] = 0.0005513830
E[P_neut(10)] = 0.0004970971
E[P_neut(11)] = 0.0004447435
E[P_neut(12)] = 0.0004298164
E[P_neut(13)] = 0.0003982506
E[P_neut(14)] = 0.0003830977
E[P_neut(15)] = 0.0003804851
E[P_neut(16)] = 0.0003792181
E[P_neut(17)] = 0.0003874972
E[P_neut(18)] = 0.0003979310
E[P_neut(19)] = 0.0004482878

---- Expected P_sel(i), 0 < i < n (selected SFS per site) 
E[P_sel(1)] = 0.0072407903
E[P_sel(2)] = 0.0028313097
E[P_sel(3)] = 0.0014924932
E[P_sel(4)] = 0.0009341799
E[P_sel(5)] = 0.0006579747
E[P_sel(6)] = 0.0005072322
E[P_sel(7)] = 0.0004147854
E[P_sel(8)] = 0.0003499456
E[P_sel(9)] = 0.0003044454
E[P_sel(10)] = 0.0002728676
E[P_sel(11)] = 0.0002431641
E[P_sel(12)] = 0.0002345074
E[P_sel(13)] = 0.0002172472
E[P_sel(14)] = 0.0002093919
E[P_sel(15)] = 0.0002088938
E[P_sel(16)] = 0.0002097758
E[P_sel(17)] = 0.0002168540
E[P_sel(18)] = 0.0002265989
E[P_sel(19)] = 0.0002624808

---- Expected D_neut and D_sel (neutral and selected divergence per site) 
E[D_neut] = 0.0198035881
E[D_sel] = 0.0125032117

---- Expected neutral and selected misattributed polymorphism per site
E[mis_neut] = 0.0005780895
E[mis_sel] = 0.0003480498

---- alpha_div = 0.254249
---- alpha_dfe = 0.254139

