---- Running command
---- ./polyDFE -d Mmc/400.polyDFE.config.txt -m C -e 
---- Performing inference using model C

---- Performing inference on Mmc/400.polyDFE.config.txt
---- No mutation variability. Using Poisson likelihood.


---- Calculating initial values

-- Starting local optimization
-- Optimizing all parameters
  it        eps_an        lambda     theta_bar           S_d             b           p_b           S_b           r 2           r 3           r 4           r 5           r 6           r 7           r 8           r 9          r 10          r 11          r 12          r 13          r 14          r 15          r 16          r 17          r 18          r 19          r 20           ln lk          grad status 
   0           0.1 0.01926237545 0.01135290252        -20000         0.208           0.1            20 0.87104280978 0.73783440988 0.64418922430 0.58950021928 0.56144846480 0.53747812169 0.53940414944 0.53314901163 0.55041892269 0.55660438317 0.58962040540 0.62166972557 0.66064050291 0.74579341247 0.86518262826 1.12115663559 1.59206502020             1             1 -1117511.383867 23157.0811249   -2 
 295 0.00503137882 0.01931695796 0.01019444860 -90.562546811 0.11093341462 0.00535415704 24.1594012079 0.86041503576 0.71921592662 0.61973826374 0.55814568297 0.52773654729 0.50437545877 0.49507989783 0.48359144311 0.48747867283 0.48219926955 0.50774577926 0.51366223978 0.51753330163 0.55505448739 0.58346934538 0.64046151606 0.69632985081 0.73951801309 1.00089263161 -293.0939742107 1.46717831427   -3 
-- Local optimization: stuck in the same solution
---- Best joint likelihood found -293.093974210743909 with gradient 1.46718

---- Results for Mmc/400.polyDFE.config.txt 
--  Model: C
--        eps_an        lambda     theta_bar             a 
-- 0.00503137882 0.01931695796 0.01019444860            -1 
--           S_d             b           p_b           S_b 
-- -90.562546811 0.11093341462 0.00535415704 24.1594012079 
--           r 2           r 3           r 4           r 5           r 6           r 7           r 8           r 9          r 10          r 11          r 12          r 13          r 14          r 15          r 16          r 17          r 18          r 19          r 20 
-- 0.86041503576 0.71921592662 0.61973826374 0.55814568297 0.52773654729 0.50437545877 0.49507989783 0.48359144311 0.48747867283 0.48219926955 0.50774577926 0.51366223978 0.51753330163 0.55505448739 0.58346934538 0.64046151606 0.69632985081 0.73951801309 1.00089263161 

---- Expected P_neut(i), 0 < i < n (neutral SFS per site) 
E[P_neut(1)] = 0.0101451529
E[P_neut(2)] = 0.0043656464
E[P_neut(3)] = 0.0024336389
E[P_neut(4)] = 0.0015733960
E[P_neut(5)] = 0.0011341698
E[P_neut(6)] = 0.0008940485
E[P_neut(7)] = 0.0007328780
E[P_neut(8)] = 0.0006298794
E[P_neut(9)] = 0.0005472644
E[P_neut(10)] = 0.0004969576
E[P_neut(11)] = 0.0004473945
E[P_neut(12)] = 0.0004323530
E[P_neut(13)] = 0.0004044771
E[P_neut(14)] = 0.0003794701
E[P_neut(15)] = 0.0003810593
E[P_neut(16)] = 0.0003778357
E[P_neut(17)] = 0.0003944321
E[P_neut(18)] = 0.0004144542
E[P_neut(19)] = 0.0004460841

---- Expected P_sel(i), 0 < i < n (selected SFS per site) 
E[P_sel(1)] = 0.0072472184
E[P_sel(2)] = 0.0028296364
E[P_sel(3)] = 0.0015022925
E[P_sel(4)] = 0.0009411848
E[P_sel(5)] = 0.0006631173
E[P_sel(6)] = 0.0005135439
E[P_sel(7)] = 0.0004149861
E[P_sel(8)] = 0.0003524692
E[P_sel(9)] = 0.0003032188
E[P_sel(10)] = 0.0002730560
E[P_sel(11)] = 0.0002441201
E[P_sel(12)] = 0.0002345828
E[P_sel(13)] = 0.0002185136
E[P_sel(14)] = 0.0002044330
E[P_sel(15)] = 0.0002050941
E[P_sel(16)] = 0.0002037286
E[P_sel(17)] = 0.0002140242
E[P_sel(18)] = 0.0002285348
E[P_sel(19)] = 0.0002584237

---- Expected D_neut and D_sel (neutral and selected divergence per site) 
E[D_neut] = 0.0198271354
E[D_sel] = 0.0125237671

---- Expected neutral and selected misattributed polymorphism per site
E[mis_neut] = 0.0005101774
E[mis_sel] = 0.0002953888

---- alpha_div = 0.204617
---- alpha_dfe = 0.204880

