---- Running command
---- ./polyDFE -d Mmc/401.polyDFE.config.txt -m C -e 
---- Performing inference using model C

---- Performing inference on Mmc/401.polyDFE.config.txt
---- No mutation variability. Using Poisson likelihood.


---- Calculating initial values

-- Starting local optimization
-- Optimizing all parameters
  it        eps_an        lambda     theta_bar           S_d             b           p_b           S_b           r 2           r 3           r 4           r 5           r 6           r 7           r 8           r 9          r 10          r 11          r 12          r 13          r 14          r 15          r 16          r 17          r 18          r 19          r 20           ln lk          grad status 
   0           0.1 0.01931780659 0.01134751362        -20000         0.208           0.1            20 0.87293975591 0.73502579153 0.64281408324 0.58874473099 0.56765673248 0.53516120940 0.53776784869 0.53003196824 0.55456753129 0.55975182372 0.58817378031 0.61777331703 0.66957258320 0.75913115671 0.86463918362 1.10832025141 1.58656890292             1             1 -1119549.609947 23252.5084577   -2 
 844 0.00104656626 0.01935563548 0.01013683263 -76.083075128 0.12488159134 0.02277420726 6.75487770551 0.86513806214 0.72031575064 0.62191297626 0.55832202376 0.53384569524 0.50637961657 0.49762794429 0.48535994176 0.49842430892 0.48708973653 0.51026520826 0.51493155539 0.52218952553 0.56185584923 0.58705441760 0.64696404131 0.71810851801 0.82983869864 1.04749887533 -287.7091398413 0.04033666033   -3 
-- Local optimization: stuck in the same solution
---- Best joint likelihood found -287.709139841346769 with gradient 0.04034

---- Results for Mmc/401.polyDFE.config.txt 
--  Model: C
--        eps_an        lambda     theta_bar             a 
-- 0.00104656626 0.01935563548 0.01013683263            -1 
--           S_d             b           p_b           S_b 
-- -76.083075128 0.12488159134 0.02277420726 6.75487770551 
--           r 2           r 3           r 4           r 5           r 6           r 7           r 8           r 9          r 10          r 11          r 12          r 13          r 14          r 15          r 16          r 17          r 18          r 19          r 20 
-- 0.86513806214 0.72031575064 0.62191297626 0.55832202376 0.53384569524 0.50637961657 0.49762794429 0.48535994176 0.49842430892 0.48708973653 0.51026520826 0.51493155539 0.52218952553 0.56185584923 0.58705441760 0.64696404131 0.71810851801 0.82983869864 1.04749887533 

---- Expected P_neut(i), 0 < i < n (neutral SFS per site) 
E[P_neut(1)] = 0.0101266871
E[P_neut(2)] = 0.0043807140
E[P_neut(3)] = 0.0024317632
E[P_neut(4)] = 0.0015747967
E[P_neut(5)] = 0.0011311361
E[P_neut(6)] = 0.0009013692
E[P_neut(7)] = 0.0007329507
E[P_neut(8)] = 0.0006303376
E[P_neut(9)] = 0.0005465657
E[P_neut(10)] = 0.0005052444
E[P_neut(11)] = 0.0004489703
E[P_neut(12)] = 0.0004312482
E[P_neut(13)] = 0.0004018684
E[P_neut(14)] = 0.0003786445
E[P_neut(15)] = 0.0003804832
E[P_neut(16)] = 0.0003731897
E[P_neut(17)] = 0.0003879180
E[P_neut(18)] = 0.0004085739
E[P_neut(19)] = 0.0004528790

---- Expected P_sel(i), 0 < i < n (selected SFS per site) 
E[P_sel(1)] = 0.0072279556
E[P_sel(2)] = 0.0028198711
E[P_sel(3)] = 0.0014865183
E[P_sel(4)] = 0.0009316987
E[P_sel(5)] = 0.0006539155
E[P_sel(6)] = 0.0005121310
E[P_sel(7)] = 0.0004109043
E[P_sel(8)] = 0.0003497104
E[P_sel(9)] = 0.0003008009
E[P_sel(10)] = 0.0002763911
E[P_sel(11)] = 0.0002445955
E[P_sel(12)] = 0.0002344060
E[P_sel(13)] = 0.0002183597
E[P_sel(14)] = 0.0002061077
E[P_sel(15)] = 0.0002079938
E[P_sel(16)] = 0.0002055140
E[P_sel(17)] = 0.0002160739
E[P_sel(18)] = 0.0002315356
E[P_sel(19)] = 0.0002639411

---- Expected D_neut and D_sel (neutral and selected divergence per site) 
E[D_neut] = 0.0198865515
E[D_sel] = 0.0124947684

---- Expected neutral and selected misattributed polymorphism per site
E[mis_neut] = 0.0005309160
E[mis_sel] = 0.0003180034

---- alpha_div = 0.251877
---- alpha_dfe = 0.251761

