---- Running command
---- ./polyDFE -d Mmc/402.polyDFE.config.txt -m C -e 
---- Performing inference using model C

---- Performing inference on Mmc/402.polyDFE.config.txt
---- No mutation variability. Using Poisson likelihood.


---- Calculating initial values

-- Starting local optimization
-- Optimizing all parameters
  it        eps_an        lambda     theta_bar           S_d             b           p_b           S_b           r 2           r 3           r 4           r 5           r 6           r 7           r 8           r 9          r 10          r 11          r 12          r 13          r 14          r 15          r 16          r 17          r 18          r 19          r 20           ln lk          grad status 
   0           0.1 0.01925502829 0.01138280559        -20000         0.208           0.1            20 0.86820970244 0.73406435823 0.64456905032 0.57818720692 0.55474253398 0.53430208823 0.53691457233 0.53439976619 0.55170738197 0.56264177898 0.58707438803 0.61371636389 0.66384921276 0.74839989016 0.86406405477 1.11753574164 1.57374667252             1             1 -1111442.036917 23095.7731360   -2 
 245 0.00359579051 0.01930887685 0.01021544383 -117.49627143 0.10231835724 0.00275189093 43.7467570632 0.85797922788 0.71482395546 0.61526333519 0.54992715639 0.52223455897 0.49854265826 0.49165140850 0.48379922589 0.48761018932 0.48522439329 0.50621406265 0.50567839195 0.52190350862 0.55868899373 0.58338061989 0.64772688247 0.70197430903 0.78572526160 1.00723723611 -305.8604787325 0.43161884996   -3 
-- Local optimization: stuck in the same solution
---- Best joint likelihood found -305.860478732502088 with gradient 0.43162

---- Results for Mmc/402.polyDFE.config.txt 
--  Model: C
--        eps_an        lambda     theta_bar             a 
-- 0.00359579051 0.01930887685 0.01021544383            -1 
--           S_d             b           p_b           S_b 
-- -117.49627143 0.10231835724 0.00275189093 43.7467570632 
--           r 2           r 3           r 4           r 5           r 6           r 7           r 8           r 9          r 10          r 11          r 12          r 13          r 14          r 15          r 16          r 17          r 18          r 19          r 20 
-- 0.85797922788 0.71482395546 0.61526333519 0.54992715639 0.52223455897 0.49854265826 0.49165140850 0.48379922589 0.48761018932 0.48522439329 0.50621406265 0.50567839195 0.52190350862 0.55868899373 0.58338061989 0.64772688247 0.70197430903 0.78572526160 1.00723723611 

---- Expected P_neut(i), 0 < i < n (neutral SFS per site) 
E[P_neut(1)] = 0.0101802303
E[P_neut(2)] = 0.0043679939
E[P_neut(3)] = 0.0024267284
E[P_neut(4)] = 0.0015669863
E[P_neut(5)] = 0.0011208781
E[P_neut(6)] = 0.0008873151
E[P_neut(7)] = 0.0007263605
E[P_neut(8)] = 0.0006270968
E[P_neut(9)] = 0.0005487817
E[P_neut(10)] = 0.0004981155
E[P_neut(11)] = 0.0004509708
E[P_neut(12)] = 0.0004316414
E[P_neut(13)] = 0.0003985511
E[P_neut(14)] = 0.0003826475
E[P_neut(15)] = 0.0003831556
E[P_neut(16)] = 0.0003767790
E[P_neut(17)] = 0.0003965774
E[P_neut(18)] = 0.0004127131
E[P_neut(19)] = 0.0004576626

---- Expected P_sel(i), 0 < i < n (selected SFS per site) 
E[P_sel(1)] = 0.0072193905
E[P_sel(2)] = 0.0028252713
E[P_sel(3)] = 0.0014996059
E[P_sel(4)] = 0.0009402074
E[P_sel(5)] = 0.0006582325
E[P_sel(6)] = 0.0005124042
E[P_sel(7)] = 0.0004137656
E[P_sel(8)] = 0.0003531623
E[P_sel(9)] = 0.0003060672
E[P_sel(10)] = 0.0002754943
E[P_sel(11)] = 0.0002476325
E[P_sel(12)] = 0.0002355678
E[P_sel(13)] = 0.0002164025
E[P_sel(14)] = 0.0002069421
E[P_sel(15)] = 0.0002066688
E[P_sel(16)] = 0.0002030993
E[P_sel(17)] = 0.0002143271
E[P_sel(18)] = 0.0002253640
E[P_sel(19)] = 0.0002594042

---- Expected D_neut and D_sel (neutral and selected divergence per site) 
E[D_neut] = 0.0198233456
E[D_sel] = 0.0125423368

---- Expected neutral and selected misattributed polymorphism per site
E[mis_neut] = 0.0005144688
E[mis_sel] = 0.0002933064

---- alpha_div = 0.189858
---- alpha_dfe = 0.189930

