---- Running command
---- ./polyDFE -d Mmc/403.polyDFE.config.txt -m C -e 
---- Performing inference using model C

---- Performing inference on Mmc/403.polyDFE.config.txt
---- No mutation variability. Using Poisson likelihood.


---- Calculating initial values

-- Starting local optimization
-- Optimizing all parameters
  it        eps_an        lambda     theta_bar           S_d             b           p_b           S_b           r 2           r 3           r 4           r 5           r 6           r 7           r 8           r 9          r 10          r 11          r 12          r 13          r 14          r 15          r 16          r 17          r 18          r 19          r 20           ln lk          grad status 
   0           0.1 0.01928459843 0.01136277858        -20000         0.208           0.1            20 0.87166740407 0.73843643662 0.64213489163 0.58318717710 0.55927138211 0.53999245648 0.53823600095 0.53273171100 0.55011836853 0.55779881640 0.59207057141 0.61928966373 0.66117961735 0.75779000539 0.87136561081 1.10746885619 1.58108486821             1             1 -1117556.453873 23201.3860102   -2 
 488 0.00468567231 0.01934110791 0.01020471513 -91.767956332 0.11116016451 0.00555286047 23.4686510175 0.86034179772 0.72005730341 0.61628455999 0.55248215243 0.52647825183 0.50139405702 0.49469202627 0.48356458272 0.48815056626 0.48553757035 0.50636207298 0.51034980058 0.51659237208 0.56159073233 0.58725714616 0.64364175648 0.69156755148 0.75642892864 1.00011748948 -293.3400340711 9.58151833628   -3 
-- Local optimization: stuck in the same solution
---- Best joint likelihood found -293.340034071123227 with gradient 9.58152

---- Results for Mmc/403.polyDFE.config.txt 
--  Model: C
--        eps_an        lambda     theta_bar             a 
-- 0.00468567231 0.01934110791 0.01020471513            -1 
--           S_d             b           p_b           S_b 
-- -91.767956332 0.11116016451 0.00555286047 23.4686510175 
--           r 2           r 3           r 4           r 5           r 6           r 7           r 8           r 9          r 10          r 11          r 12          r 13          r 14          r 15          r 16          r 17          r 18          r 19          r 20 
-- 0.86034179772 0.72005730341 0.61628455999 0.55248215243 0.52647825183 0.50139405702 0.49469202627 0.48356458272 0.48815056626 0.48553757035 0.50636207298 0.51034980058 0.51659237208 0.56159073233 0.58725714616 0.64364175648 0.69156755148 0.75642892864 1.00011748948 

---- Expected P_neut(i), 0 < i < n (neutral SFS per site) 
E[P_neut(1)] = 0.0101588028
E[P_neut(2)] = 0.0043710396
E[P_neut(3)] = 0.0024396602
E[P_neut(4)] = 0.0015666401
E[P_neut(5)] = 0.0011240913
E[P_neut(6)] = 0.0008929955
E[P_neut(7)] = 0.0007293927
E[P_neut(8)] = 0.0006300848
E[P_neut(9)] = 0.0005478347
E[P_neut(10)] = 0.0004981437
E[P_neut(11)] = 0.0004508924
E[P_neut(12)] = 0.0004315458
E[P_neut(13)] = 0.0004021612
E[P_neut(14)] = 0.0003789797
E[P_neut(15)] = 0.0003855515
E[P_neut(16)] = 0.0003801615
E[P_neut(17)] = 0.0003960299
E[P_neut(18)] = 0.0004108014
E[P_neut(19)] = 0.0004521829

---- Expected P_sel(i), 0 < i < n (selected SFS per site) 
E[P_sel(1)] = 0.0072446534
E[P_sel(2)] = 0.0028276444
E[P_sel(3)] = 0.0015029717
E[P_sel(4)] = 0.0009352191
E[P_sel(5)] = 0.0006558645
E[P_sel(6)] = 0.0005118777
E[P_sel(7)] = 0.0004121615
E[P_sel(8)] = 0.0003518634
E[P_sel(9)] = 0.0003029215
E[P_sel(10)] = 0.0002731641
E[P_sel(11)] = 0.0002455504
E[P_sel(12)] = 0.0002337025
E[P_sel(13)] = 0.0002168662
E[P_sel(14)] = 0.0002038122
E[P_sel(15)] = 0.0002071642
E[P_sel(16)] = 0.0002046596
E[P_sel(17)] = 0.0002145718
E[P_sel(18)] = 0.0002261814
E[P_sel(19)] = 0.0002611444

---- Expected D_neut and D_sel (neutral and selected divergence per site) 
E[D_neut] = 0.0198514036
E[D_sel] = 0.0125306080

---- Expected neutral and selected misattributed polymorphism per site
E[mis_neut] = 0.0005102957
E[mis_sel] = 0.0002953970

---- alpha_div = 0.206451
---- alpha_dfe = 0.206583

