---- Running command
---- ./polyDFE -d Mmc/404.polyDFE.config.txt -m C -e 
---- Performing inference using model C

---- Performing inference on Mmc/404.polyDFE.config.txt
---- No mutation variability. Using Poisson likelihood.


---- Calculating initial values

-- Starting local optimization
-- Optimizing all parameters
  it        eps_an        lambda     theta_bar           S_d             b           p_b           S_b           r 2           r 3           r 4           r 5           r 6           r 7           r 8           r 9          r 10          r 11          r 12          r 13          r 14          r 15          r 16          r 17          r 18          r 19          r 20           ln lk          grad status 
   0           0.1 0.01927001052 0.01134215128        -20000         0.208           0.1            20 0.87525416233 0.73475222855 0.64385436640 0.58517017162 0.55645323513 0.53883563611 0.54055984250 0.53018609056 0.55148020829 0.55076031020 0.58408952983 0.62368085949 0.66789341092 0.74120022737 0.87123536710 1.10747912105 1.58397001267             1             1 -1116041.195419 23174.0604937   -2 
1098 0.00103220306 0.01928354834 0.01013719934 -79.267877860 0.12379924304 0.02864822842 5.50308484506 0.86469154542 0.72037577245 0.61886852691 0.55963634833 0.52665165655 0.51091703287 0.49877922104 0.48327788284 0.49201352239 0.48423713845 0.50532827877 0.51502543369 0.52277273389 0.55262289373 0.58963436351 0.64298303743 0.71093554987 0.81852480083 1.09599645753 -273.2099829455 0.04422131100   -8 
-- Local optimization: reached maximum number of likelihood evaluations allowed.
---- Best joint likelihood found -273.209982945583761 with gradient 0.04422

---- Results for Mmc/404.polyDFE.config.txt 
--  Model: C
--        eps_an        lambda     theta_bar             a 
-- 0.00103220306 0.01928354834 0.01013719934            -1 
--           S_d             b           p_b           S_b 
-- -79.267877860 0.12379924304 0.02864822842 5.50308484506 
--           r 2           r 3           r 4           r 5           r 6           r 7           r 8           r 9          r 10          r 11          r 12          r 13          r 14          r 15          r 16          r 17          r 18          r 19          r 20 
-- 0.86469154542 0.72037577245 0.61886852691 0.55963634833 0.52665165655 0.51091703287 0.49877922104 0.48327788284 0.49201352239 0.48423713845 0.50532827877 0.51502543369 0.52277273389 0.55262289373 0.58963436351 0.64298303743 0.71093554987 0.81852480083 1.09599645753 

---- Expected P_neut(i), 0 < i < n (neutral SFS per site) 
E[P_neut(1)] = 0.0101271865
E[P_neut(2)] = 0.0043786646
E[P_neut(3)] = 0.0024320808
E[P_neut(4)] = 0.0015671651
E[P_neut(5)] = 0.0011338434
E[P_neut(6)] = 0.0008892677
E[P_neut(7)] = 0.0007395462
E[P_neut(8)] = 0.0006318163
E[P_neut(9)] = 0.0005442414
E[P_neut(10)] = 0.0004987639
E[P_neut(11)] = 0.0004463566
E[P_neut(12)] = 0.0004270962
E[P_neut(13)] = 0.0004019581
E[P_neut(14)] = 0.0003790600
E[P_neut(15)] = 0.0003742556
E[P_neut(16)] = 0.0003748109
E[P_neut(17)] = 0.0003855314
E[P_neut(18)] = 0.0004044937
E[P_neut(19)] = 0.0004467260

---- Expected P_sel(i), 0 < i < n (selected SFS per site) 
E[P_sel(1)] = 0.0072303514
E[P_sel(2)] = 0.0028242765
E[P_sel(3)] = 0.0014916389
E[P_sel(4)] = 0.0009312210
E[P_sel(5)] = 0.0006589412
E[P_sel(6)] = 0.0005083611
E[P_sel(7)] = 0.0004175007
E[P_sel(8)] = 0.0003532764
E[P_sel(9)] = 0.0003021224
E[P_sel(10)] = 0.0002754520
E[P_sel(11)] = 0.0002457105
E[P_sel(12)] = 0.0002347845
E[P_sel(13)] = 0.0002210893
E[P_sel(14)] = 0.0002090546
E[P_sel(15)] = 0.0002074647
E[P_sel(16)] = 0.0002094566
E[P_sel(17)] = 0.0002180124
E[P_sel(18)] = 0.0002326686
E[P_sel(19)] = 0.0002638136

---- Expected D_neut and D_sel (neutral and selected divergence per site) 
E[D_neut] = 0.0198390651
E[D_sel] = 0.0125311410

---- Expected neutral and selected misattributed polymorphism per site
E[mis_neut] = 0.0005555167
E[mis_sel] = 0.0003365432

---- alpha_div = 0.260123
---- alpha_dfe = 0.259961

