---- Running command
---- ./polyDFE -d Mmc/405.polyDFE.config.txt -m C -e 
---- Performing inference using model C

---- Performing inference on Mmc/405.polyDFE.config.txt
---- No mutation variability. Using Poisson likelihood.


---- Calculating initial values

-- Starting local optimization
-- Optimizing all parameters
  it        eps_an        lambda     theta_bar           S_d             b           p_b           S_b           r 2           r 3           r 4           r 5           r 6           r 7           r 8           r 9          r 10          r 11          r 12          r 13          r 14          r 15          r 16          r 17          r 18          r 19          r 20           ln lk          grad status 
   0           0.1 0.01927542093 0.01135470737        -20000         0.208           0.1            20 0.87330882474 0.73471931451 0.64433796327 0.58840441835 0.55437389734 0.53855276655 0.54027064257 0.52791587184 0.55146086638 0.55533662387 0.59113146960 0.63348659497 0.67257595063 0.75128995033 0.87578250229 1.12254568081 1.57801567990             1             1 -1116725.587675 23160.7797304   -2 
 971 0.00057420428 0.01922338424 0.01013760707 -75.825513301 0.12237990552 0.01821298094 8.24946249228 0.86515037694 0.72165782859 0.61955844480 0.55974977755 0.52691703667 0.50763125091 0.49688358471 0.48451453159 0.49397942892 0.48738513530 0.51259643190 0.52240134276 0.53047079163 0.55924477822 0.59803773983 0.66169521808 0.71279370967 0.83581748012 1.22480080373 -278.8333676398 0.02203189381   -8 
-- Local optimization: reached maximum number of likelihood evaluations allowed.
---- Best joint likelihood found -278.833367639846983 with gradient 0.02203

---- Results for Mmc/405.polyDFE.config.txt 
--  Model: C
--        eps_an        lambda     theta_bar             a 
-- 0.00057420428 0.01922338424 0.01013760707            -1 
--           S_d             b           p_b           S_b 
-- -75.825513301 0.12237990552 0.01821298094 8.24946249228 
--           r 2           r 3           r 4           r 5           r 6           r 7           r 8           r 9          r 10          r 11          r 12          r 13          r 14          r 15          r 16          r 17          r 18          r 19          r 20 
-- 0.86515037694 0.72165782859 0.61955844480 0.55974977755 0.52691703667 0.50763125091 0.49688358471 0.48451453159 0.49397942892 0.48738513530 0.51259643190 0.52240134276 0.53047079163 0.55924477822 0.59803773983 0.66169521808 0.71279370967 0.83581748012 1.22480080373 

---- Expected P_neut(i), 0 < i < n (neutral SFS per site) 
E[P_neut(1)] = 0.0101320421
E[P_neut(2)] = 0.0043829898
E[P_neut(3)] = 0.0024374541
E[P_neut(4)] = 0.0015695260
E[P_neut(5)] = 0.0011344700
E[P_neut(6)] = 0.0008899890
E[P_neut(7)] = 0.0007349784
E[P_neut(8)] = 0.0006295384
E[P_neut(9)] = 0.0005457021
E[P_neut(10)] = 0.0005007769
E[P_neut(11)] = 0.0004492299
E[P_neut(12)] = 0.0004331547
E[P_neut(13)] = 0.0004075651
E[P_neut(14)] = 0.0003844124
E[P_neut(15)] = 0.0003783949
E[P_neut(16)] = 0.0003796010
E[P_neut(17)] = 0.0003957623
E[P_neut(18)] = 0.0004037332
E[P_neut(19)] = 0.0004515223

---- Expected P_sel(i), 0 < i < n (selected SFS per site) 
E[P_sel(1)] = 0.0072519440
E[P_sel(2)] = 0.0028320745
E[P_sel(3)] = 0.0014961739
E[P_sel(4)] = 0.0009324796
E[P_sel(5)] = 0.0006585266
E[P_sel(6)] = 0.0005076222
E[P_sel(7)] = 0.0004135071
E[P_sel(8)] = 0.0003503721
E[P_sel(9)] = 0.0003011339
E[P_sel(10)] = 0.0002745336
E[P_sel(11)] = 0.0002451069
E[P_sel(12)] = 0.0002356312
E[P_sel(13)] = 0.0002214584
E[P_sel(14)] = 0.0002090702
E[P_sel(15)] = 0.0002064894
E[P_sel(16)] = 0.0002084835
E[P_sel(17)] = 0.0002196636
E[P_sel(18)] = 0.0002278410
E[P_sel(19)] = 0.0002619653

---- Expected D_neut and D_sel (neutral and selected divergence per site) 
E[D_neut] = 0.0198442117
E[D_sel] = 0.0125253605

---- Expected neutral and selected misattributed polymorphism per site
E[mis_neut] = 0.0006208275
E[mis_sel] = 0.0003714831

---- alpha_div = 0.242603
---- alpha_dfe = 0.242512

