---- Running command
---- ./polyDFE -d Mmc/406.polyDFE.config.txt -m C -e 
---- Performing inference using model C

---- Performing inference on Mmc/406.polyDFE.config.txt
---- No mutation variability. Using Poisson likelihood.


---- Calculating initial values

-- Starting local optimization
-- Optimizing all parameters
  it        eps_an        lambda     theta_bar           S_d             b           p_b           S_b           r 2           r 3           r 4           r 5           r 6           r 7           r 8           r 9          r 10          r 11          r 12          r 13          r 14          r 15          r 16          r 17          r 18          r 19          r 20           ln lk          grad status 
   0           0.1 0.01931938382 0.01138036091        -20000         0.208           0.1            20 0.87258881112 0.73124380594 0.64168933008 0.58167460943 0.55947400192 0.54048320144 0.53802436290 0.52924319948 0.55117499675 0.55963718956 0.58367420935 0.62233897886 0.67010546873 0.74870500982 0.87609539244 1.10581468925 1.58286436511             1             1 -1120049.898745 23262.6470143   -2 
 609 0.00162425292 0.01936160248 0.01016634651 -81.207932708 0.12218951374 0.02359851493 6.43828429505 0.86527723553 0.71972830824 0.61934122210 0.55312978756 0.52980555466 0.50611743508 0.49737727433 0.48605666694 0.49466388030 0.48561170344 0.50287910981 0.51270256533 0.53111260834 0.55738254385 0.59302208057 0.64874909053 0.70534892786 0.81376589230 1.04063660631 -277.2074688115 0.03934468987   -8 
-- Local optimization: reached maximum number of likelihood evaluations allowed.
---- Best joint likelihood found -277.207468811524450 with gradient 0.03934

---- Results for Mmc/406.polyDFE.config.txt 
--  Model: C
--        eps_an        lambda     theta_bar             a 
-- 0.00162425292 0.01936160248 0.01016634651            -1 
--           S_d             b           p_b           S_b 
-- -81.207932708 0.12218951374 0.02359851493 6.43828429505 
--           r 2           r 3           r 4           r 5           r 6           r 7           r 8           r 9          r 10          r 11          r 12          r 13          r 14          r 15          r 16          r 17          r 18          r 19          r 20 
-- 0.86527723553 0.71972830824 0.61934122210 0.55312978756 0.52980555466 0.50611743508 0.49737727433 0.48605666694 0.49466388030 0.48561170344 0.50287910981 0.51270256533 0.53111260834 0.55738254385 0.59302208057 0.64874909053 0.70534892786 0.81376589230 1.04063660631 

---- Expected P_neut(i), 0 < i < n (neutral SFS per site) 
E[P_neut(1)] = 0.0101505410
E[P_neut(2)] = 0.0043918571
E[P_neut(3)] = 0.0024356711
E[P_neut(4)] = 0.0015721646
E[P_neut(5)] = 0.0011234487
E[P_neut(6)] = 0.0008968662
E[P_neut(7)] = 0.0007345095
E[P_neut(8)] = 0.0006317291
E[P_neut(9)] = 0.0005488839
E[P_neut(10)] = 0.0005028924
E[P_neut(11)] = 0.0004489716
E[P_neut(12)] = 0.0004263716
E[P_neut(13)] = 0.0004014897
E[P_neut(14)] = 0.0003865084
E[P_neut(15)] = 0.0003789827
E[P_neut(16)] = 0.0003787490
E[P_neut(17)] = 0.0003912966
E[P_neut(18)] = 0.0004048759
E[P_neut(19)] = 0.0004512279

---- Expected P_sel(i), 0 < i < n (selected SFS per site) 
E[P_sel(1)] = 0.0072331030
E[P_sel(2)] = 0.0028272867
E[P_sel(3)] = 0.0014907523
E[P_sel(4)] = 0.0009320440
E[P_sel(5)] = 0.0006511999
E[P_sel(6)] = 0.0005111833
E[P_sel(7)] = 0.0004132542
E[P_sel(8)] = 0.0003518678
E[P_sel(9)] = 0.0003033695
E[P_sel(10)] = 0.0002763626
E[P_sel(11)] = 0.0002457799
E[P_sel(12)] = 0.0002329323
E[P_sel(13)] = 0.0002193079
E[P_sel(14)] = 0.0002115382
E[P_sel(15)] = 0.0002083347
E[P_sel(16)] = 0.0002097620
E[P_sel(17)] = 0.0002192049
E[P_sel(18)] = 0.0002307866
E[P_sel(19)] = 0.0002648249

---- Expected D_neut and D_sel (neutral and selected divergence per site) 
E[D_neut] = 0.0198905761
E[D_sel] = 0.0125078843

---- Expected neutral and selected misattributed polymorphism per site
E[mis_neut] = 0.0005289736
E[mis_sel] = 0.0003178387

---- alpha_div = 0.249281
---- alpha_dfe = 0.249101

