---- Running command
---- ./polyDFE -d Mmc/407.polyDFE.config.txt -m C -e 
---- Performing inference using model C

---- Performing inference on Mmc/407.polyDFE.config.txt
---- No mutation variability. Using Poisson likelihood.


---- Calculating initial values

-- Starting local optimization
-- Optimizing all parameters
  it        eps_an        lambda     theta_bar           S_d             b           p_b           S_b           r 2           r 3           r 4           r 5           r 6           r 7           r 8           r 9          r 10          r 11          r 12          r 13          r 14          r 15          r 16          r 17          r 18          r 19          r 20           ln lk          grad status 
   0           0.1 0.01925323633 0.01138444093        -20000         0.208           0.1            20 0.87233696051 0.73016846780 0.64691920000 0.58094212457 0.55959542391 0.54026965624 0.53780023659 0.53390340907 0.55619648809 0.55738280583 0.58941961196 0.62227656234 0.66938439281 0.75369765700 0.86135624217 1.10457828396 1.58432083233             1             1 -1113931.126052 23118.2972445   -2 
1036 0.00068555627 0.01927113862 0.01016566498 -75.694185731 0.12476136520 0.02372996323 6.65961174122 0.86327415029 0.71701579631 0.62391739986 0.55494678266 0.53041850516 0.50879436650 0.49827497740 0.48883014046 0.49902552742 0.48385388150 0.50851228111 0.51328593428 0.52389763418 0.56217373024 0.58708042225 0.64882393832 0.71661258456 0.81823979066 1.08770912609 -271.3474636814 0.02161134060   -3 
-- Local optimization: stuck in the same solution
---- Best joint likelihood found -271.347463681420777 with gradient 0.02161

---- Results for Mmc/407.polyDFE.config.txt 
--  Model: C
--        eps_an        lambda     theta_bar             a 
-- 0.00068555627 0.01927113862 0.01016566498            -1 
--           S_d             b           p_b           S_b 
-- -75.694185731 0.12476136520 0.02372996323 6.65961174122 
--           r 2           r 3           r 4           r 5           r 6           r 7           r 8           r 9          r 10          r 11          r 12          r 13          r 14          r 15          r 16          r 17          r 18          r 19          r 20 
-- 0.86327415029 0.71701579631 0.62391739986 0.55494678266 0.53041850516 0.50879436650 0.49827497740 0.48883014046 0.49902552742 0.48385388150 0.50851228111 0.51328593428 0.52389763418 0.56217373024 0.58708042225 0.64882393832 0.71661258456 0.81823979066 1.08770912609 

---- Expected P_neut(i), 0 < i < n (neutral SFS per site) 
E[P_neut(1)] = 0.0101589960
E[P_neut(2)] = 0.0043851472
E[P_neut(3)] = 0.0024282478
E[P_neut(4)] = 0.0015848025
E[P_neut(5)] = 0.0011277683
E[P_neut(6)] = 0.0008983208
E[P_neut(7)] = 0.0007386591
E[P_neut(8)] = 0.0006330233
E[P_neut(9)] = 0.0005520706
E[P_neut(10)] = 0.0005072926
E[P_neut(11)] = 0.0004472262
E[P_neut(12)] = 0.0004309192
E[P_neut(13)] = 0.0004016078
E[P_neut(14)] = 0.0003807673
E[P_neut(15)] = 0.0003815036
E[P_neut(16)] = 0.0003738353
E[P_neut(17)] = 0.0003893836
E[P_neut(18)] = 0.0004074442
E[P_neut(19)] = 0.0004444559

---- Expected P_sel(i), 0 < i < n (selected SFS per site) 
E[P_sel(1)] = 0.0072597851
E[P_sel(2)] = 0.0028271571
E[P_sel(3)] = 0.0014870234
E[P_sel(4)] = 0.0009394598
E[P_sel(5)] = 0.0006533537
E[P_sel(6)] = 0.0005115628
E[P_sel(7)] = 0.0004151140
E[P_sel(8)] = 0.0003521139
E[P_sel(9)] = 0.0003046731
E[P_sel(10)] = 0.0002783324
E[P_sel(11)] = 0.0002444149
E[P_sel(12)] = 0.0002350183
E[P_sel(13)] = 0.0002190080
E[P_sel(14)] = 0.0002080685
E[P_sel(15)] = 0.0002094239
E[P_sel(16)] = 0.0002067953
E[P_sel(17)] = 0.0002179313
E[P_sel(18)] = 0.0002320392
E[P_sel(19)] = 0.0002601055

---- Expected D_neut and D_sel (neutral and selected divergence per site) 
E[D_neut] = 0.0198240030
E[D_sel] = 0.0125447664

---- Expected neutral and selected misattributed polymorphism per site
E[mis_neut] = 0.0005528643
E[mis_sel] = 0.0003333550

---- alpha_div = 0.257089
---- alpha_dfe = 0.256960

