---- Running command
---- ./polyDFE -d Mmc/408.polyDFE.config.txt -m C -e 
---- Performing inference using model C

---- Performing inference on Mmc/408.polyDFE.config.txt
---- No mutation variability. Using Poisson likelihood.


---- Calculating initial values

-- Starting local optimization
-- Optimizing all parameters
  it        eps_an        lambda     theta_bar           S_d             b           p_b           S_b           r 2           r 3           r 4           r 5           r 6           r 7           r 8           r 9          r 10          r 11          r 12          r 13          r 14          r 15          r 16          r 17          r 18          r 19          r 20           ln lk          grad status 
   0           0.1 0.01928190423 0.01139459999        -20000         0.208           0.1            20 0.87069431976 0.72960557951 0.64499988929 0.57691473704 0.55454193171 0.54478100145 0.53606448191 0.52980007443 0.54876295339 0.55064674245 0.59122454663 0.63213232538 0.66236898943 0.74529014076 0.87130055715 1.09961641168 1.57575155071             1             1 -1117060.479373 23171.4775727   -2 
 749 0.00170624151 0.01925907040 0.01018085630 -83.903004320 0.11975209013 0.02313082476 6.53697644525 0.86332555578 0.71558442104 0.62161125552 0.55332154178 0.52640775293 0.50916822146 0.49357980677 0.48603592461 0.49316352784 0.48137158927 0.50950345354 0.51987356830 0.51819411693 0.55334661785 0.59062074492 0.63924300118 0.70039180434 0.79404048702 1.16436780307 -262.6586618850 0.00831573411   -3 
-- Local optimization: stuck in the same solution
---- Best joint likelihood found -262.658661885026959 with gradient 0.00832

---- Results for Mmc/408.polyDFE.config.txt 
--  Model: C
--        eps_an        lambda     theta_bar             a 
-- 0.00170624151 0.01925907040 0.01018085630            -1 
--           S_d             b           p_b           S_b 
-- -83.903004320 0.11975209013 0.02313082476 6.53697644525 
--           r 2           r 3           r 4           r 5           r 6           r 7           r 8           r 9          r 10          r 11          r 12          r 13          r 14          r 15          r 16          r 17          r 18          r 19          r 20 
-- 0.86332555578 0.71558442104 0.62161125552 0.55332154178 0.52640775293 0.50916822146 0.49357980677 0.48603592461 0.49316352784 0.48137158927 0.50950345354 0.51987356830 0.51819411693 0.55334661785 0.59062074492 0.63924300118 0.70039180434 0.79404048702 1.16436780307 

---- Expected P_neut(i), 0 < i < n (neutral SFS per site) 
E[P_neut(1)] = 0.0101642113
E[P_neut(2)] = 0.0043878742
E[P_neut(3)] = 0.0024249304
E[P_neut(4)] = 0.0015800754
E[P_neut(5)] = 0.0011253759
E[P_neut(6)] = 0.0008923325
E[P_neut(7)] = 0.0007399695
E[P_neut(8)] = 0.0006277989
E[P_neut(9)] = 0.0005496289
E[P_neut(10)] = 0.0005020827
E[P_neut(11)] = 0.0004457029
E[P_neut(12)] = 0.0004325993
E[P_neut(13)] = 0.0004077041
E[P_neut(14)] = 0.0003777139
E[P_neut(15)] = 0.0003768510
E[P_neut(16)] = 0.0003778723
E[P_neut(17)] = 0.0003863162
E[P_neut(18)] = 0.0004029663
E[P_neut(19)] = 0.0004421194

---- Expected P_sel(i), 0 < i < n (selected SFS per site) 
E[P_sel(1)] = 0.0072497725
E[P_sel(2)] = 0.0028318643
E[P_sel(3)] = 0.0014892826
E[P_sel(4)] = 0.0009405062
E[P_sel(5)] = 0.0006552147
E[P_sel(6)] = 0.0005110157
E[P_sel(7)] = 0.0004184018
E[P_sel(8)] = 0.0003514854
E[P_sel(9)] = 0.0003053929
E[P_sel(10)] = 0.0002774095
E[P_sel(11)] = 0.0002453268
E[P_sel(12)] = 0.0002376382
E[P_sel(13)] = 0.0002239336
E[P_sel(14)] = 0.0002078655
E[P_sel(15)] = 0.0002082972
E[P_sel(16)] = 0.0002104095
E[P_sel(17)] = 0.0002175704
E[P_sel(18)] = 0.0002309097
E[P_sel(19)] = 0.0002609178

---- Expected D_neut and D_sel (neutral and selected divergence per site) 
E[D_neut] = 0.0198517835
E[D_sel] = 0.0125456299

---- Expected neutral and selected misattributed polymorphism per site
E[mis_neut] = 0.0005927131
E[mis_sel] = 0.0003579327

---- alpha_div = 0.246446
---- alpha_dfe = 0.246432

