---- Running command
---- ./polyDFE -d Mmc/409.polyDFE.config.txt -m C -e 
---- Performing inference using model C

---- Performing inference on Mmc/409.polyDFE.config.txt
---- No mutation variability. Using Poisson likelihood.


---- Calculating initial values

-- Starting local optimization
-- Optimizing all parameters
  it        eps_an        lambda     theta_bar           S_d             b           p_b           S_b           r 2           r 3           r 4           r 5           r 6           r 7           r 8           r 9          r 10          r 11          r 12          r 13          r 14          r 15          r 16          r 17          r 18          r 19          r 20           ln lk          grad status 
   0           0.1 0.01929178761 0.01136990346        -20000         0.208           0.1            20 0.87470789486 0.73324376718 0.64279706681 0.58207659654 0.55712904969 0.53614108822 0.53690184975 0.53167188783 0.54961156614 0.55336959326 0.58803673356 0.62382458982 0.65981990221 0.75532279565 0.85852376930 1.11301812057 1.58946590787             1             1 -1117479.482672 23179.0336861   -2 
 395 0.00419925903 0.01930454241 0.01020694315 -108.52219005 0.10410183700 0.00236629219 50.5477653735 0.86296507611 0.71508753455 0.61499529885 0.54967059851  0.5247543508 0.50086671030 0.49137040088 0.48203620092 0.49066401956 0.48086085525 0.50358365703 0.50696759713 0.51711379950 0.56208306153 0.58512335509 0.64551522513 0.70424042007 0.76446694646 1.08345743588 -308.8176079506 0.22558691857   -3 
-- Local optimization: stuck in the same solution
---- Best joint likelihood found -308.817607950637466 with gradient 0.22559

---- Results for Mmc/409.polyDFE.config.txt 
--  Model: C
--        eps_an        lambda     theta_bar             a 
-- 0.00419925903 0.01930454241 0.01020694315            -1 
--           S_d             b           p_b           S_b 
-- -108.52219005 0.10410183700 0.00236629219 50.5477653735 
--           r 2           r 3           r 4           r 5           r 6           r 7           r 8           r 9          r 10          r 11          r 12          r 13          r 14          r 15          r 16          r 17          r 18          r 19          r 20 
-- 0.86296507611 0.71508753455 0.61499529885 0.54967059851  0.5247543508 0.50086671030 0.49137040088 0.48203620092 0.49066401956 0.48086085525 0.50358365703 0.50696759713 0.51711379950 0.56208306153 0.58512335509 0.64551522513 0.70424042007 0.76446694646 1.08345743588 

---- Expected P_neut(i), 0 < i < n (neutral SFS per site) 
E[P_neut(1)] = 0.0101658061
E[P_neut(2)] = 0.0043873006
E[P_neut(3)] = 0.0024243635
E[P_neut(4)] = 0.0015642831
E[P_neut(5)] = 0.0011189855
E[P_neut(6)] = 0.0008905242
E[P_neut(7)] = 0.0007289358
E[P_neut(8)] = 0.0006260898
E[P_neut(9)] = 0.0005462576
E[P_neut(10)] = 0.0005008180
E[P_neut(11)] = 0.0004466146
E[P_neut(12)] = 0.0004291714
E[P_neut(13)] = 0.0003994407
E[P_neut(14)] = 0.0003791763
E[P_neut(15)] = 0.0003855825
E[P_neut(16)] = 0.0003782925
E[P_neut(17)] = 0.0003961619
E[P_neut(18)] = 0.0004161583
E[P_neut(19)] = 0.0004518145

---- Expected P_sel(i), 0 < i < n (selected SFS per site) 
E[P_sel(1)] = 0.0072321249
E[P_sel(2)] = 0.0028433673
E[P_sel(3)] = 0.0014998963
E[P_sel(4)] = 0.0009391504
E[P_sel(5)] = 0.0006572269
E[P_sel(6)] = 0.0005141536
E[P_sel(7)] = 0.0004150154
E[P_sel(8)] = 0.0003523082
E[P_sel(9)] = 0.0003043282
E[P_sel(10)] = 0.0002766140
E[P_sel(11)] = 0.0002448435
E[P_sel(12)] = 0.0002337767
E[P_sel(13)] = 0.0002164124
E[P_sel(14)] = 0.0002045548
E[P_sel(15)] = 0.0002073831
E[P_sel(16)] = 0.0002032550
E[P_sel(17)] = 0.0002133365
E[P_sel(18)] = 0.0002263859
E[P_sel(19)] = 0.0002555884

---- Expected D_neut and D_sel (neutral and selected divergence per site) 
E[D_neut] = 0.0198574818
E[D_sel] = 0.0125325164

---- Expected neutral and selected misattributed polymorphism per site
E[mis_neut] = 0.0005529394
E[mis_sel] = 0.0003129129

---- alpha_div = 0.188811
---- alpha_dfe = 0.189079

