---- Running command
---- ./polyDFE -d Mmc/41.polyDFE.config.txt -m C -e 
---- Performing inference using model C

---- Performing inference on Mmc/41.polyDFE.config.txt
---- No mutation variability. Using Poisson likelihood.


---- Calculating initial values

-- Starting local optimization
-- Optimizing all parameters
  it        eps_an        lambda     theta_bar           S_d             b           p_b           S_b           r 2           r 3           r 4           r 5           r 6           r 7           r 8           r 9          r 10          r 11          r 12          r 13          r 14          r 15          r 16          r 17          r 18          r 19          r 20           ln lk          grad status 
   0           0.1 0.01924545633 0.01135972159        -20000         0.208           0.1            20 0.87263373567 0.73446885120 0.64254515702 0.58367835210 0.55942995593 0.53495137115 0.53632908876 0.52716241527 0.54098141341 0.54886099746 0.58875212637 0.62384944015 0.66105233021 0.75307389316 0.86194813970 1.10944086270 1.58450695879             1             1 -1115313.625213 23130.4311854   -2 
 595 0.00086138561 0.01926567943 0.01014453479 -80.726107658 0.12101280267 0.02357654320 6.44114113595 0.86466695299 0.71997041200 0.62064818293 0.55554132758 0.52980442249 0.50768740488 0.49334137353 0.48086549730 0.48716954380 0.47755493200 0.50952215733 0.51349610663 0.52206661272 0.56016293616 0.58694986947 0.64902277850 0.71517334966 0.81996592112 1.08559599060 -282.9202668000 0.04974710913   -8 
-- Local optimization: reached maximum number of likelihood evaluations allowed.
---- Best joint likelihood found -282.920266800094396 with gradient 0.04975

---- Results for Mmc/41.polyDFE.config.txt 
--  Model: C
--        eps_an        lambda     theta_bar             a 
-- 0.00086138561 0.01926567943 0.01014453479            -1 
--           S_d             b           p_b           S_b 
-- -80.726107658 0.12101280267 0.02357654320 6.44114113595 
--           r 2           r 3           r 4           r 5           r 6           r 7           r 8           r 9          r 10          r 11          r 12          r 13          r 14          r 15          r 16          r 17          r 18          r 19          r 20 
-- 0.86466695299 0.71997041200 0.62064818293 0.55554132758 0.52980442249 0.50768740488 0.49334137353 0.48086549730 0.48716954380 0.47755493200 0.50952215733 0.51349610663 0.52206661272 0.56016293616 0.58694986947 0.64902277850 0.71517334966 0.81996592112 1.08559599060 

---- Expected P_neut(i), 0 < i < n (neutral SFS per site) 
E[P_neut(1)] = 0.0101361736
E[P_neut(2)] = 0.0043823913
E[P_neut(3)] = 0.0024328248
E[P_neut(4)] = 0.0015730115
E[P_neut(5)] = 0.0011264971
E[P_neut(6)] = 0.0008953242
E[P_neut(7)] = 0.0007354618
E[P_neut(8)] = 0.0006254220
E[P_neut(9)] = 0.0005419299
E[P_neut(10)] = 0.0004942108
E[P_neut(11)] = 0.0004405032
E[P_neut(12)] = 0.0004309066
E[P_neut(13)] = 0.0004009947
E[P_neut(14)] = 0.0003787402
E[P_neut(15)] = 0.0003794841
E[P_neut(16)] = 0.0003731811
E[P_neut(17)] = 0.0003890596
E[P_neut(18)] = 0.0004064919
E[P_neut(19)] = 0.0004461598

---- Expected P_sel(i), 0 < i < n (selected SFS per site) 
E[P_sel(1)] = 0.0072431416
E[P_sel(2)] = 0.0028318993
E[P_sel(3)] = 0.0014954040
E[P_sel(4)] = 0.0009368456
E[P_sel(5)] = 0.0006561240
E[P_sel(6)] = 0.0005128579
E[P_sel(7)] = 0.0004159146
E[P_sel(8)] = 0.0003501793
E[P_sel(9)] = 0.0003011189
E[P_sel(10)] = 0.0002730527
E[P_sel(11)] = 0.0002424515
E[P_sel(12)] = 0.0002366915
E[P_sel(13)] = 0.0002202307
E[P_sel(14)] = 0.0002084110
E[P_sel(15)] = 0.0002097290
E[P_sel(16)] = 0.0002077604
E[P_sel(17)] = 0.0002190325
E[P_sel(18)] = 0.0002326829
E[P_sel(19)] = 0.0002622050

---- Expected D_neut and D_sel (neutral and selected divergence per site) 
E[D_neut] = 0.0198163228
E[D_sel] = 0.0125206724

---- Expected neutral and selected misattributed polymorphism per site
E[mis_neut] = 0.0005506433
E[mis_sel] = 0.0003325301

---- alpha_div = 0.248023
---- alpha_dfe = 0.247779

