---- Running command
---- ./polyDFE -d Mmc/410.polyDFE.config.txt -m C -e 
---- Performing inference using model C

---- Performing inference on Mmc/410.polyDFE.config.txt
---- No mutation variability. Using Poisson likelihood.


---- Calculating initial values

-- Starting local optimization
-- Optimizing all parameters
  it        eps_an        lambda     theta_bar           S_d             b           p_b           S_b           r 2           r 3           r 4           r 5           r 6           r 7           r 8           r 9          r 10          r 11          r 12          r 13          r 14          r 15          r 16          r 17          r 18          r 19          r 20           ln lk          grad status 
   0           0.1 0.01929131820 0.01136665567        -20000         0.208           0.1            20 0.87198034174 0.73984025465 0.64016468262 0.58098172747 0.56113806402 0.54109788833 0.54045614159 0.53529450690 0.55089118264 0.56296870998 0.58546610894 0.62647089221 0.66405189471 0.75565922558 0.85731453516 1.11910914196 1.58223708585             1             1 -1118833.512875 23191.6467637   -2 
 826 0.00182417944 0.01933900916 0.01015935272 -78.134166105 0.12331882234 0.02379603443 6.43841972709 0.86466147623 0.72400313915 0.61841407324 0.55396701947 0.53287664658 0.51079948888 0.49705208432 0.48612272246 0.49516509678 0.48913776445 0.50874543031 0.51448699753 0.52184752849 0.55890799641 0.58369131052 0.65138893398 0.70400958043 0.79002521480 1.02862378110 -282.0783653261 0.07081234415   -3 
-- Local optimization: stuck in the same solution
---- Best joint likelihood found -282.078365326160565 with gradient 0.07081

---- Results for Mmc/410.polyDFE.config.txt 
--  Model: C
--        eps_an        lambda     theta_bar             a 
-- 0.00182417944 0.01933900916 0.01015935272            -1 
--           S_d             b           p_b           S_b 
-- -78.134166105 0.12331882234 0.02379603443 6.43841972709 
--           r 2           r 3           r 4           r 5           r 6           r 7           r 8           r 9          r 10          r 11          r 12          r 13          r 14          r 15          r 16          r 17          r 18          r 19          r 20 
-- 0.86466147623 0.72400313915 0.61841407324 0.55396701947 0.53287664658 0.51079948888 0.49705208432 0.48612272246 0.49516509678 0.48913776445 0.50874543031 0.51448699753 0.52184752849 0.55890799641 0.58369131052 0.65138893398 0.70400958043 0.79002521480 1.02862378110 

---- Expected P_neut(i), 0 < i < n (neutral SFS per site) 
E[P_neut(1)] = 0.0101415908
E[P_neut(2)] = 0.0043849131
E[P_neut(3)] = 0.0024480387
E[P_neut(4)] = 0.0015684826
E[P_neut(5)] = 0.0011242265
E[P_neut(6)] = 0.0009013252
E[P_neut(7)] = 0.0007407228
E[P_neut(8)] = 0.0006308502
E[P_neut(9)] = 0.0005485667
E[P_neut(10)] = 0.0005030557
E[P_neut(11)] = 0.0004519336
E[P_neut(12)] = 0.0004310761
E[P_neut(13)] = 0.0004026847
E[P_neut(14)] = 0.0003796432
E[P_neut(15)] = 0.0003799056
E[P_neut(16)] = 0.0003728095
E[P_neut(17)] = 0.0003930383
E[P_neut(18)] = 0.0004046363
E[P_neut(19)] = 0.0004401906

---- Expected P_sel(i), 0 < i < n (selected SFS per site) 
E[P_sel(1)] = 0.0072418376
E[P_sel(2)] = 0.0028272554
E[P_sel(3)] = 0.0015000952
E[P_sel(4)] = 0.0009307158
E[P_sel(5)] = 0.0006521245
E[P_sel(6)] = 0.0005140244
E[P_sel(7)] = 0.0004169462
E[P_sel(8)] = 0.0003515132
E[P_sel(9)] = 0.0003032908
E[P_sel(10)] = 0.0002765273
E[P_sel(11)] = 0.0002474608
E[P_sel(12)] = 0.0002355555
E[P_sel(13)] = 0.0002200113
E[P_sel(14)] = 0.0002078345
E[P_sel(15)] = 0.0002089054
E[P_sel(16)] = 0.0002065551
E[P_sel(17)] = 0.0002203005
E[P_sel(18)] = 0.0002308466
E[P_sel(19)] = 0.0002588697

---- Expected D_neut and D_sel (neutral and selected divergence per site) 
E[D_neut] = 0.0198615168
E[D_sel] = 0.0125060257

---- Expected neutral and selected misattributed polymorphism per site
E[mis_neut] = 0.0005225076
E[mis_sel] = 0.0003142576

---- alpha_div = 0.251018
---- alpha_dfe = 0.250863

