---- Running command
---- ./polyDFE -d Mmc/411.polyDFE.config.txt -m C -e 
---- Performing inference using model C

---- Performing inference on Mmc/411.polyDFE.config.txt
---- No mutation variability. Using Poisson likelihood.


---- Calculating initial values

-- Starting local optimization
-- Optimizing all parameters
  it        eps_an        lambda     theta_bar           S_d             b           p_b           S_b           r 2           r 3           r 4           r 5           r 6           r 7           r 8           r 9          r 10          r 11          r 12          r 13          r 14          r 15          r 16          r 17          r 18          r 19          r 20           ln lk          grad status 
   0           0.1 0.01923025156 0.01134326196        -20000         0.208           0.1            20 0.87529120462 0.73580792561 0.64809065981 0.58598494963 0.55725121975 0.53498779472 0.53383394832 0.52866095843 0.55868886881 0.55434941806 0.58815647024 0.62341608191 0.66944404767 0.75522708362 0.87132209115 1.10575166303 1.58416908363             1             1 -1111751.148138 23063.5158705   -2 
 882 0.00099377567 0.01926856564 0.01014244159 -81.267725193 0.11940976662 0.01825358316 8.17359173038 0.86425064197 0.71919534641 0.62180697062 0.55648721661 0.53112899493 0.50866706973 0.49299727297 0.48592983363 0.49554848981 0.48411609953 0.51065784468 0.51899086980 0.52766618664 0.56067655773 0.58545173211 0.64578637321 0.71046671835 0.81874744311 1.04858090112 -288.8612157509 0.05755319391   -3 
-- Local optimization: stuck in the same solution
---- Best joint likelihood found -288.861215750919655 with gradient 0.05755

---- Results for Mmc/411.polyDFE.config.txt 
--  Model: C
--        eps_an        lambda     theta_bar             a 
-- 0.00099377567 0.01926856564 0.01014244159            -1 
--           S_d             b           p_b           S_b 
-- -81.267725193 0.11940976662 0.01825358316 8.17359173038 
--           r 2           r 3           r 4           r 5           r 6           r 7           r 8           r 9          r 10          r 11          r 12          r 13          r 14          r 15          r 16          r 17          r 18          r 19          r 20 
-- 0.86425064197 0.71919534641 0.62180697062 0.55648721661 0.53112899493 0.50866706973 0.49299727297 0.48592983363 0.49554848981 0.48411609953 0.51065784468 0.51899086980 0.52766618664 0.56067655773 0.58545173211 0.64578637321 0.71046671835 0.81874744311 1.04858090112 

---- Expected P_neut(i), 0 < i < n (neutral SFS per site) 
E[P_neut(1)] = 0.0101327966
E[P_neut(2)] = 0.0043788481
E[P_neut(3)] = 0.0024294322
E[P_neut(4)] = 0.0015754622
E[P_neut(5)] = 0.0011280828
E[P_neut(6)] = 0.0008973118
E[P_neut(7)] = 0.0007366880
E[P_neut(8)] = 0.0006248323
E[P_neut(9)] = 0.0005475122
E[P_neut(10)] = 0.0005026072
E[P_neut(11)] = 0.0004464751
E[P_neut(12)] = 0.0004318020
E[P_neut(13)] = 0.0004052404
E[P_neut(14)] = 0.0003827854
E[P_neut(15)] = 0.0003798537
E[P_neut(16)] = 0.0003723174
E[P_neut(17)] = 0.0003873188
E[P_neut(18)] = 0.0004042836
E[P_neut(19)] = 0.0004467028

---- Expected P_sel(i), 0 < i < n (selected SFS per site) 
E[P_sel(1)] = 0.0072398790
E[P_sel(2)] = 0.0028295073
E[P_sel(3)] = 0.0014930457
E[P_sel(4)] = 0.0009378764
E[P_sel(5)] = 0.0006565121
E[P_sel(6)] = 0.0005133590
E[P_sel(7)] = 0.0004158887
E[P_sel(8)] = 0.0003490538
E[P_sel(9)] = 0.0003033443
E[P_sel(10)] = 0.0002767056
E[P_sel(11)] = 0.0002446858
E[P_sel(12)] = 0.0002359791
E[P_sel(13)] = 0.0002212434
E[P_sel(14)] = 0.0002092020
E[P_sel(15)] = 0.0002083174
E[P_sel(16)] = 0.0002055194
E[P_sel(17)] = 0.0002160850
E[P_sel(18)] = 0.0002293748
E[P_sel(19)] = 0.0002608654

---- Expected D_neut and D_sel (neutral and selected divergence per site) 
E[D_neut] = 0.0198003242
E[D_sel] = 0.0125399369

---- Expected neutral and selected misattributed polymorphism per site
E[mis_neut] = 0.0005317585
E[mis_sel] = 0.0003194631

---- alpha_div = 0.240394
---- alpha_dfe = 0.240150

