---- Running command
---- ./polyDFE -d Mmc/412.polyDFE.config.txt -m C -e 
---- Performing inference using model C

---- Performing inference on Mmc/412.polyDFE.config.txt
---- No mutation variability. Using Poisson likelihood.


---- Calculating initial values

-- Starting local optimization
-- Optimizing all parameters
  it        eps_an        lambda     theta_bar           S_d             b           p_b           S_b           r 2           r 3           r 4           r 5           r 6           r 7           r 8           r 9          r 10          r 11          r 12          r 13          r 14          r 15          r 16          r 17          r 18          r 19          r 20           ln lk          grad status 
   0           0.1 0.01928997721 0.01135359328        -20000         0.208           0.1            20 0.86958824082 0.74018614673 0.64613762396  0.5821452449 0.55405007471 0.53733223260 0.53662115977 0.52360346344 0.55044353302 0.55092856957 0.59294178117 0.62873128649 0.66406079581 0.75053593727 0.86662519463 1.11046220947 1.59265378705             1             1 -1117618.869593 23188.2813729   -2 
 603 0.00208909935 0.01934190403 0.01015417214 -84.514410991 0.11722910258 0.01638300399 8.76321822567 0.86173505920 0.72471261352 0.62224998259 0.55367912699 0.52671175573 0.50352303116 0.49318714968 0.47844411889 0.49183295269 0.48422033141 0.51195136358 0.51818479882 0.52494808244 0.55698602765 0.58892877228 0.64527553887 0.70460909277 0.80289108902 1.02025181644 -277.0488409801 0.12487131269   -3 
-- Local optimization: stuck in the same solution
---- Best joint likelihood found -277.048840980161913 with gradient 0.12487

---- Results for Mmc/412.polyDFE.config.txt 
--  Model: C
--        eps_an        lambda     theta_bar             a 
-- 0.00208909935 0.01934190403 0.01015417214            -1 
--           S_d             b           p_b           S_b 
-- -84.514410991 0.11722910258 0.01638300399 8.76321822567 
--           r 2           r 3           r 4           r 5           r 6           r 7           r 8           r 9          r 10          r 11          r 12          r 13          r 14          r 15          r 16          r 17          r 18          r 19          r 20 
-- 0.86173505920 0.72471261352 0.62224998259 0.55367912699 0.52671175573 0.50352303116 0.49318714968 0.47844411889 0.49183295269 0.48422033141 0.51195136358 0.51818479882 0.52494808244 0.55698602765 0.58892877228 0.64527553887 0.70460909277 0.80289108902 1.02025181644 

---- Expected P_neut(i), 0 < i < n (neutral SFS per site) 
E[P_neut(1)] = 0.0101338555
E[P_neut(2)] = 0.0043667934
E[P_neut(3)] = 0.0024486329
E[P_neut(4)] = 0.0015770892
E[P_neut(5)] = 0.0011228693
E[P_neut(6)] = 0.0008903202
E[P_neut(7)] = 0.0007297282
E[P_neut(8)] = 0.0006255857
E[P_neut(9)] = 0.0005396065
E[P_neut(10)] = 0.0004994156
E[P_neut(11)] = 0.0004471809
E[P_neut(12)] = 0.0004336063
E[P_neut(13)] = 0.0004054294
E[P_neut(14)] = 0.0003818106
E[P_neut(15)] = 0.0003786102
E[P_neut(16)] = 0.0003762744
E[P_neut(17)] = 0.0003897451
E[P_neut(18)] = 0.0004057942
E[P_neut(19)] = 0.0004494058

---- Expected P_sel(i), 0 < i < n (selected SFS per site) 
E[P_sel(1)] = 0.0072352804
E[P_sel(2)] = 0.0028225438
E[P_sel(3)] = 0.0015061473
E[P_sel(4)] = 0.0009399527
E[P_sel(5)] = 0.0006543582
E[P_sel(6)] = 0.0005100807
E[P_sel(7)] = 0.0004125410
E[P_sel(8)] = 0.0003499445
E[P_sel(9)] = 0.0002993297
E[P_sel(10)] = 0.0002752360
E[P_sel(11)] = 0.0002452720
E[P_sel(12)] = 0.0002370897
E[P_sel(13)] = 0.0002213866
E[P_sel(14)] = 0.0002086238
E[P_sel(15)] = 0.0002074966
E[P_sel(16)] = 0.0002074709
E[P_sel(17)] = 0.0002171240
E[P_sel(18)] = 0.0002299641
E[P_sel(19)] = 0.0002631123

---- Expected D_neut and D_sel (neutral and selected divergence per site) 
E[D_neut] = 0.0198598947
E[D_sel] = 0.0125353806

---- Expected neutral and selected misattributed polymorphism per site
E[mis_neut] = 0.0005179906
E[mis_sel] = 0.0003099514

---- alpha_div = 0.231496
---- alpha_dfe = 0.231302

