---- Running command
---- ./polyDFE -d Mmc/413.polyDFE.config.txt -m C -e 
---- Performing inference using model C

---- Performing inference on Mmc/413.polyDFE.config.txt
---- No mutation variability. Using Poisson likelihood.


---- Calculating initial values

-- Starting local optimization
-- Optimizing all parameters
  it        eps_an        lambda     theta_bar           S_d             b           p_b           S_b           r 2           r 3           r 4           r 5           r 6           r 7           r 8           r 9          r 10          r 11          r 12          r 13          r 14          r 15          r 16          r 17          r 18          r 19          r 20           ln lk          grad status 
   0           0.1 0.01931814085 0.01135066201        -20000         0.208           0.1            20 0.87610265184 0.73762137887 0.64055287748 0.58676504695 0.55492762500 0.54231540416 0.53893131413 0.53332915119 0.55380737046 0.55641919621 0.59498193236 0.62174256251 0.66443245793 0.75004768432 0.86200113788 1.10992236746 1.59130252600             1             1 -1118964.974800 23236.7225885   -2 
 271 0.00424348607 0.01937565621 0.01019935357 -112.21528243 0.10461998558 0.00511716191 23.9083507665 0.86240242023 0.71825381485 0.61537472886 0.55339798586 0.52371492814 0.50317122412 0.49172331400 0.48172405355 0.49081853787 0.48235901123 0.51287872138 0.50808236449 0.52312658965 0.55654485262 0.58897711751 0.64549237177 0.69541211240 0.75029790102 1.00002461129 -309.3187824122 45.7197556426   -3 
-- Local optimization: stuck in the same solution
---- Best joint likelihood found -309.318782412214205 with gradient 45.71976

---- Results for Mmc/413.polyDFE.config.txt 
--  Model: C
--        eps_an        lambda     theta_bar             a 
-- 0.00424348607 0.01937565621 0.01019935357            -1 
--           S_d             b           p_b           S_b 
-- -112.21528243 0.10461998558 0.00511716191 23.9083507665 
--           r 2           r 3           r 4           r 5           r 6           r 7           r 8           r 9          r 10          r 11          r 12          r 13          r 14          r 15          r 16          r 17          r 18          r 19          r 20 
-- 0.86240242023 0.71825381485 0.61537472886 0.55339798586 0.52371492814 0.50317122412 0.49172331400 0.48172405355 0.49081853787 0.48235901123 0.51287872138 0.50808236449 0.52312658965 0.55654485262 0.58897711751 0.64549237177 0.69541211240 0.75029790102 1.00002461129 

---- Expected P_neut(i), 0 < i < n (neutral SFS per site) 
E[P_neut(1)] = 0.0101577819
E[P_neut(2)] = 0.0043809830
E[P_neut(3)] = 0.0024331894
E[P_neut(4)] = 0.0015640408
E[P_neut(5)] = 0.0011256759
E[P_neut(6)] = 0.0008880984
E[P_neut(7)] = 0.0007317264
E[P_neut(8)] = 0.0006260970
E[P_neut(9)] = 0.0005455006
E[P_neut(10)] = 0.0005006032
E[P_neut(11)] = 0.0004476687
E[P_neut(12)] = 0.0004367297
E[P_neut(13)] = 0.0004000435
E[P_neut(14)] = 0.0003832715
E[P_neut(15)] = 0.0003816110
E[P_neut(16)] = 0.0003805144
E[P_neut(17)] = 0.0003959897
E[P_neut(18)] = 0.0004110325
E[P_neut(19)] = 0.0004443377

---- Expected P_sel(i), 0 < i < n (selected SFS per site) 
E[P_sel(1)] = 0.0072041515
E[P_sel(2)] = 0.0028304448
E[P_sel(3)] = 0.0015010061
E[P_sel(4)] = 0.0009365665
E[P_sel(5)] = 0.0006596726
E[P_sel(6)] = 0.0005118081
E[P_sel(7)] = 0.0004160324
E[P_sel(8)] = 0.0003520188
E[P_sel(9)] = 0.0003038454
E[P_sel(10)] = 0.0002766450
E[P_sel(11)] = 0.0002457699
E[P_sel(12)] = 0.0002384827
E[P_sel(13)] = 0.0002175564
E[P_sel(14)] = 0.0002078733
E[P_sel(15)] = 0.0002067709
E[P_sel(16)] = 0.0002064946
E[P_sel(17)] = 0.0002161097
E[P_sel(18)] = 0.0002275838
E[P_sel(19)] = 0.0002569845

---- Expected D_neut and D_sel (neutral and selected divergence per site) 
E[D_neut] = 0.0198856364
E[D_sel] = 0.0125289699

---- Expected neutral and selected misattributed polymorphism per site
E[mis_neut] = 0.0005099802
E[mis_sel] = 0.0002960473

---- alpha_div = 0.194236
---- alpha_dfe = 0.194304

