---- Running command
---- ./polyDFE -d Mmc/414.polyDFE.config.txt -m C -e 
---- Performing inference using model C

---- Performing inference on Mmc/414.polyDFE.config.txt
---- No mutation variability. Using Poisson likelihood.


---- Calculating initial values

-- Starting local optimization
-- Optimizing all parameters
  it        eps_an        lambda     theta_bar           S_d             b           p_b           S_b           r 2           r 3           r 4           r 5           r 6           r 7           r 8           r 9          r 10          r 11          r 12          r 13          r 14          r 15          r 16          r 17          r 18          r 19          r 20           ln lk          grad status 
   0           0.1 0.01927382036 0.01135055974        -20000         0.208           0.1            20 0.87257301392 0.73054891290 0.64244953166 0.58565940909 0.55947346478 0.53983925432 0.53490013476 0.52657787744 0.55840290767 0.54755520656 0.59413624573 0.63194653967 0.66112193441 0.75870992940 0.87573096640 1.10093101597 1.58704653893             1             1 -1114840.512193 23129.4044825   -2 
 797 0.00079640626 0.01928954352 0.01013325226 -83.167156069 0.11855024224 0.01787411880 8.16583853313 0.86481769151 0.71773637418 0.61912621012 0.55840631839 0.53230827882 0.50791965778 0.49322207679 0.48452862374 0.49821551204 0.48057021955 0.50887855689 0.51814624358 0.52120715954 0.56679880335 0.59812631820 0.64688232445 0.71759231937 0.81966042169 1.09078488448 -268.0059329112 0.03475122962   -3 
-- Local optimization: stuck in the same solution
---- Best joint likelihood found -268.005932911299169 with gradient 0.03475

---- Results for Mmc/414.polyDFE.config.txt 
--  Model: C
--        eps_an        lambda     theta_bar             a 
-- 0.00079640626 0.01928954352 0.01013325226            -1 
--           S_d             b           p_b           S_b 
-- -83.167156069 0.11855024224 0.01787411880 8.16583853313 
--           r 2           r 3           r 4           r 5           r 6           r 7           r 8           r 9          r 10          r 11          r 12          r 13          r 14          r 15          r 16          r 17          r 18          r 19          r 20 
-- 0.86481769151 0.71773637418 0.61912621012 0.55840631839 0.53230827882 0.50791965778 0.49322207679 0.48452862374 0.49821551204 0.48057021955 0.50887855689 0.51814624358 0.52120715954 0.56679880335 0.59812631820 0.64688232445 0.71759231937 0.81966042169 1.09078488448 

---- Expected P_neut(i), 0 < i < n (neutral SFS per site) 
E[P_neut(1)] = 0.0101255302
E[P_neut(2)] = 0.0043785400
E[P_neut(3)] = 0.0024227109
E[P_neut(4)] = 0.0015674931
E[P_neut(5)] = 0.0011310981
E[P_neut(6)] = 0.0008985868
E[P_neut(7)] = 0.0007350044
E[P_neut(8)] = 0.0006245876
E[P_neut(9)] = 0.0005454571
E[P_neut(10)] = 0.0005048543
E[P_neut(11)] = 0.0004427855
E[P_neut(12)] = 0.0004298716
E[P_neut(13)] = 0.0004041490
E[P_neut(14)] = 0.0003776672
E[P_neut(15)] = 0.0003834974
E[P_neut(16)] = 0.0003797577
E[P_neut(17)] = 0.0003872132
E[P_neut(18)] = 0.0004071426
E[P_neut(19)] = 0.0004448708

---- Expected P_sel(i), 0 < i < n (selected SFS per site) 
E[P_sel(1)] = 0.0072279240
E[P_sel(2)] = 0.0028278418
E[P_sel(3)] = 0.0014885454
E[P_sel(4)] = 0.0009330583
E[P_sel(5)] = 0.0006582874
E[P_sel(6)] = 0.0005141411
E[P_sel(7)] = 0.0004149982
E[P_sel(8)] = 0.0003489738
E[P_sel(9)] = 0.0003022536
E[P_sel(10)] = 0.0002779798
E[P_sel(11)] = 0.0002426845
E[P_sel(12)] = 0.0002349271
E[P_sel(13)] = 0.0002206280
E[P_sel(14)] = 0.0002063580
E[P_sel(15)] = 0.0002102285
E[P_sel(16)] = 0.0002094847
E[P_sel(17)] = 0.0002158031
E[P_sel(18)] = 0.0002306228
E[P_sel(19)] = 0.0002590428

---- Expected D_neut and D_sel (neutral and selected divergence per site) 
E[D_neut] = 0.0198422034
E[D_sel] = 0.0125191843

---- Expected neutral and selected misattributed polymorphism per site
E[mis_neut] = 0.0005526599
E[mis_sel] = 0.0003311443

---- alpha_div = 0.235899
---- alpha_dfe = 0.235825

