---- Running command
---- ./polyDFE -d Mmc/415.polyDFE.config.txt -m C -e 
---- Performing inference using model C

---- Performing inference on Mmc/415.polyDFE.config.txt
---- No mutation variability. Using Poisson likelihood.


---- Calculating initial values

-- Starting local optimization
-- Optimizing all parameters
  it        eps_an        lambda     theta_bar           S_d             b           p_b           S_b           r 2           r 3           r 4           r 5           r 6           r 7           r 8           r 9          r 10          r 11          r 12          r 13          r 14          r 15          r 16          r 17          r 18          r 19          r 20           ln lk          grad status 
   0           0.1 0.01929840198 0.01135620280        -20000         0.208           0.1            20 0.87072992068 0.73497481554 0.63955748621 0.58047076706 0.55887975559 0.53874219191 0.54142989971 0.53026675696 0.55344945049 0.55245147255 0.59470097058 0.61679051343 0.67520698940 0.75428960133 0.85801162364 1.12483337990 1.57724012320             1             1 -1117278.741956 23195.7386488   -2 
 300 0.00277815632 0.01935881603 0.01019420595 -100.12040640 0.10995098176 0.01147786680 11.5702434502 0.85855105636 0.71537606812 0.61382763526 0.55017630426 0.52575581688 0.50452177524 0.49461965494 0.48295586040 0.49198785413 0.48021668359 0.51022400667 0.50809291069 0.52932063582 0.55841375359 0.58379911602 0.65220267506 0.69429060116 0.79169423977 1.00014309601 -284.2918175758 7.89009539206   -3 
-- Local optimization: stuck in the same solution
---- Best joint likelihood found -284.291817575896857 with gradient 7.89010

---- Results for Mmc/415.polyDFE.config.txt 
--  Model: C
--        eps_an        lambda     theta_bar             a 
-- 0.00277815632 0.01935881603 0.01019420595            -1 
--           S_d             b           p_b           S_b 
-- -100.12040640 0.10995098176 0.01147786680 11.5702434502 
--           r 2           r 3           r 4           r 5           r 6           r 7           r 8           r 9          r 10          r 11          r 12          r 13          r 14          r 15          r 16          r 17          r 18          r 19          r 20 
-- 0.85855105636 0.71537606812 0.61382763526 0.55017630426 0.52575581688 0.50452177524 0.49461965494 0.48295586040 0.49198785413 0.48021668359 0.51022400667 0.50809291069 0.52932063582 0.55841375359 0.58379911602 0.65220267506 0.69429060116 0.79169423977 1.00014309601 

---- Expected P_neut(i), 0 < i < n (neutral SFS per site) 
E[P_neut(1)] = 0.0101670649
E[P_neut(2)] = 0.0043650580
E[P_neut(3)] = 0.0024252301
E[P_neut(4)] = 0.0015610586
E[P_neut(5)] = 0.0011196601
E[P_neut(6)] = 0.0008918663
E[P_neut(7)] = 0.0007338084
E[P_neut(8)] = 0.0006297350
E[P_neut(9)] = 0.0005467557
E[P_neut(10)] = 0.0005015426
E[P_neut(11)] = 0.0004453223
E[P_neut(12)] = 0.0004339909
E[P_neut(13)] = 0.0003993654
E[P_neut(14)] = 0.0003868397
E[P_neut(15)] = 0.0003815676
E[P_neut(16)] = 0.0003752732
E[P_neut(17)] = 0.0003967662
E[P_neut(18)] = 0.0004042730
E[P_neut(19)] = 0.0004519144

---- Expected P_sel(i), 0 < i < n (selected SFS per site) 
E[P_sel(1)] = 0.0072266550
E[P_sel(2)] = 0.0028194031
E[P_sel(3)] = 0.0014939196
E[P_sel(4)] = 0.0009329395
E[P_sel(5)] = 0.0006547728
E[P_sel(6)] = 0.0005129799
E[P_sel(7)] = 0.0004165620
E[P_sel(8)] = 0.0003537164
E[P_sel(9)] = 0.0003044854
E[P_sel(10)] = 0.0002773904
E[P_sel(11)] = 0.0002449884
E[P_sel(12)] = 0.0002378431
E[P_sel(13)] = 0.0002183758
E[P_sel(14)] = 0.0002114261
E[P_sel(15)] = 0.0002088952
E[P_sel(16)] = 0.0002063950
E[P_sel(17)] = 0.0002201422
E[P_sel(18)] = 0.0002280031
E[P_sel(19)] = 0.0002641098

---- Expected D_neut and D_sel (neutral and selected divergence per site) 
E[D_neut] = 0.0198685993
E[D_sel] = 0.0125285524

---- Expected neutral and selected misattributed polymorphism per site
E[mis_neut] = 0.0005097832
E[mis_sel] = 0.0003029514

---- alpha_div = 0.212791
---- alpha_dfe = 0.212579

