---- Running command
---- ./polyDFE -d Mmc/416.polyDFE.config.txt -m C -e 
---- Performing inference using model C

---- Performing inference on Mmc/416.polyDFE.config.txt
---- No mutation variability. Using Poisson likelihood.


---- Calculating initial values

-- Starting local optimization
-- Optimizing all parameters
  it        eps_an        lambda     theta_bar           S_d             b           p_b           S_b           r 2           r 3           r 4           r 5           r 6           r 7           r 8           r 9          r 10          r 11          r 12          r 13          r 14          r 15          r 16          r 17          r 18          r 19          r 20           ln lk          grad status 
   0           0.1 0.01930103172 0.01140360084        -20000         0.208           0.1            20 0.87092153586 0.73185738025 0.63732702170 0.58328970694 0.55309216286 0.54010237703 0.53899673092 0.53034318465 0.55387441496 0.55934958305 0.59350993884 0.62597348260 0.66592928101 0.74522593186 0.85327280662 1.10355351411 1.57094856113             1             1 -1115391.889223 23176.2346194   -2 
 774 0.00070761901 0.01927977243 0.01017503796 -81.339871053 0.12252568127 0.02388784668 6.49654800847 0.86401117144 0.71905358214 0.61751669302 0.55671385260 0.52666434880 0.50544500658 0.49532274163 0.48670789449 0.49922210614 0.48768633347 0.51366581318 0.51519311770 0.52898462352 0.55434113257 0.58107503976 0.64440529451 0.70470712650 0.82636243291 1.16735175448 -278.4095304382 0.63981569264   -8 
-- Local optimization: reached maximum number of likelihood evaluations allowed.
---- Best joint likelihood found -278.409530438249931 with gradient 0.63982

---- Results for Mmc/416.polyDFE.config.txt 
--  Model: C
--        eps_an        lambda     theta_bar             a 
-- 0.00070761901 0.01927977243 0.01017503796            -1 
--           S_d             b           p_b           S_b 
-- -81.339871053 0.12252568127 0.02388784668 6.49654800847 
--           r 2           r 3           r 4           r 5           r 6           r 7           r 8           r 9          r 10          r 11          r 12          r 13          r 14          r 15          r 16          r 17          r 18          r 19          r 20 
-- 0.86401117144 0.71905358214 0.61751669302 0.55671385260 0.52666434880 0.50544500658 0.49532274163 0.48670789449 0.49922210614 0.48768633347 0.51366581318 0.51519311770 0.52898462352 0.55434113257 0.58107503976 0.64440529451 0.70470712650 0.82636243291 1.16735175448 

---- Expected P_neut(i), 0 < i < n (neutral SFS per site) 
E[P_neut(1)] = 0.0101681511
E[P_neut(2)] = 0.0043928447
E[P_neut(3)] = 0.0024373464
E[P_neut(4)] = 0.0015699639
E[P_neut(5)] = 0.0011323813
E[P_neut(6)] = 0.0008927783
E[P_neut(7)] = 0.0007344686
E[P_neut(8)] = 0.0006298534
E[P_neut(9)] = 0.0005501822
E[P_neut(10)] = 0.0005079604
E[P_neut(11)] = 0.0004511817
E[P_neut(12)] = 0.0004356850
E[P_neut(13)] = 0.0004034737
E[P_neut(14)] = 0.0003848199
E[P_neut(15)] = 0.0003765651
E[P_neut(16)] = 0.0003703788
E[P_neut(17)] = 0.0003871498
E[P_neut(18)] = 0.0004011853
E[P_neut(19)] = 0.0004494274

---- Expected P_sel(i), 0 < i < n (selected SFS per site) 
E[P_sel(1)] = 0.0072409639
E[P_sel(2)] = 0.0028255043
E[P_sel(3)] = 0.0014903757
E[P_sel(4)] = 0.0009298301
E[P_sel(5)] = 0.0006557287
E[P_sel(6)] = 0.0005083524
E[P_sel(7)] = 0.0004128319
E[P_sel(8)] = 0.0003504946
E[P_sel(9)] = 0.0003038153
E[P_sel(10)] = 0.0002789134
E[P_sel(11)] = 0.0002467992
E[P_sel(12)] = 0.0002378563
E[P_sel(13)] = 0.0002202617
E[P_sel(14)] = 0.0002105146
E[P_sel(15)] = 0.0002069366
E[P_sel(16)] = 0.0002050854
E[P_sel(17)] = 0.0002168531
E[P_sel(18)] = 0.0002285770
E[P_sel(19)] = 0.0002629469

---- Expected D_neut and D_sel (neutral and selected divergence per site) 
E[D_neut] = 0.0198736649
E[D_sel] = 0.0125397647

---- Expected neutral and selected misattributed polymorphism per site
E[mis_neut] = 0.0005938924
E[mis_sel] = 0.0003576764

---- alpha_div = 0.253623
---- alpha_dfe = 0.253399

