---- Running command
---- ./polyDFE -d Mmc/417.polyDFE.config.txt -m C -e 
---- Performing inference using model C

---- Performing inference on Mmc/417.polyDFE.config.txt
---- No mutation variability. Using Poisson likelihood.


---- Calculating initial values

-- Starting local optimization
-- Optimizing all parameters
  it        eps_an        lambda     theta_bar           S_d             b           p_b           S_b           r 2           r 3           r 4           r 5           r 6           r 7           r 8           r 9          r 10          r 11          r 12          r 13          r 14          r 15          r 16          r 17          r 18          r 19          r 20           ln lk          grad status 
   0           0.1 0.01926972498 0.01134915606        -20000         0.208           0.1            20 0.87550556928 0.73467295907 0.64661072046 0.58487619925 0.55768016399 0.54307498118 0.53352113293 0.53473682445 0.55460006406 0.56283606630 0.59301626916 0.63092255572 0.66240033285 0.74921309706 0.86215051051 1.11262036856 1.58545757276             1             1 -1116261.279252 23171.6361721   -2 
 434 0.00251637448 0.01932833381 0.01016323984 -83.661563544 0.11776963008 0.01353600292 10.5915427047 0.86534353798 0.71997319849 0.62108180763 0.55631634018 0.52858805004 0.50655964120 0.49442894312 0.48958235932 0.49253141176 0.48578060916 0.51215994470 0.51810565337 0.52044172685 0.55704033839 0.58755754086 0.64546284511 0.69656401597 0.79839783134 1.00520326489 -287.1048033309 0.42394172893   -3 
-- Local optimization: stuck in the same solution
---- Best joint likelihood found -287.104803330963477 with gradient 0.42394

---- Results for Mmc/417.polyDFE.config.txt 
--  Model: C
--        eps_an        lambda     theta_bar             a 
-- 0.00251637448 0.01932833381 0.01016323984            -1 
--           S_d             b           p_b           S_b 
-- -83.661563544 0.11776963008 0.01353600292 10.5915427047 
--           r 2           r 3           r 4           r 5           r 6           r 7           r 8           r 9          r 10          r 11          r 12          r 13          r 14          r 15          r 16          r 17          r 18          r 19          r 20 
-- 0.86534353798 0.71997319849 0.62108180763 0.55631634018 0.52858805004 0.50655964120 0.49442894312 0.48958235932 0.49253141176 0.48578060916 0.51215994470 0.51810565337 0.52044172685 0.55704033839 0.58755754086 0.64546284511 0.69656401597 0.79839783134 1.00520326489 

---- Expected P_neut(i), 0 < i < n (neutral SFS per site) 
E[P_neut(1)] = 0.0101387400
E[P_neut(2)] = 0.0043872713
E[P_neut(3)] = 0.0024339201
E[P_neut(4)] = 0.0015750190
E[P_neut(5)] = 0.0011288995
E[P_neut(6)] = 0.0008940588
E[P_neut(7)] = 0.0007346381
E[P_neut(8)] = 0.0006276359
E[P_neut(9)] = 0.0005525985
E[P_neut(10)] = 0.0005005715
E[P_neut(11)] = 0.0004490895
E[P_neut(12)] = 0.0004342561
E[P_neut(13)] = 0.0004058801
E[P_neut(14)] = 0.0003791148
E[P_neut(15)] = 0.0003793181
E[P_neut(16)] = 0.0003762498
E[P_neut(17)] = 0.0003910486
E[P_neut(18)] = 0.0004033728
E[P_neut(19)] = 0.0004515687

---- Expected P_sel(i), 0 < i < n (selected SFS per site) 
E[P_sel(1)] = 0.0072292306
E[P_sel(2)] = 0.0028292560
E[P_sel(3)] = 0.0014926455
E[P_sel(4)] = 0.0009354127
E[P_sel(5)] = 0.0006552290
E[P_sel(6)] = 0.0005099212
E[P_sel(7)] = 0.0004132535
E[P_sel(8)] = 0.0003491771
E[P_sel(9)] = 0.0003047107
E[P_sel(10)] = 0.0002740831
E[P_sel(11)] = 0.0002445819
E[P_sel(12)] = 0.0002356276
E[P_sel(13)] = 0.0002197951
E[P_sel(14)] = 0.0002052960
E[P_sel(15)] = 0.0002058832
E[P_sel(16)] = 0.0002053356
E[P_sel(17)] = 0.0002155429
E[P_sel(18)] = 0.0002262933
E[P_sel(19)] = 0.0002627184

---- Expected D_neut and D_sel (neutral and selected divergence per site) 
E[D_neut] = 0.0198391399
E[D_sel] = 0.0125138372

---- Expected neutral and selected misattributed polymorphism per site
E[mis_neut] = 0.0005108061
E[mis_sel] = 0.0003032343

---- alpha_div = 0.229989
---- alpha_dfe = 0.229859

