---- Running command
---- ./polyDFE -d Mmc/418.polyDFE.config.txt -m C -e 
---- Performing inference using model C

---- Performing inference on Mmc/418.polyDFE.config.txt
---- No mutation variability. Using Poisson likelihood.


---- Calculating initial values

-- Starting local optimization
-- Optimizing all parameters
  it        eps_an        lambda     theta_bar           S_d             b           p_b           S_b           r 2           r 3           r 4           r 5           r 6           r 7           r 8           r 9          r 10          r 11          r 12          r 13          r 14          r 15          r 16          r 17          r 18          r 19          r 20           ln lk          grad status 
   0           0.1 0.01931189757 0.01136601608        -20000         0.208           0.1            20 0.87086782314 0.73317073112 0.63941995709 0.57735985887 0.56088546288 0.53961717434 0.53734145539 0.53084841009 0.55294644541 0.55924929922 0.59216720496 0.62820215724 0.66454389442 0.75486409068 0.85690331316 1.09733670572 1.58502519462             1             1 -1117621.535324 23191.3029099   -2 
 317 0.00776732127 0.01926096029 0.01022805982 -91.730554932 0.11166199133 0.00787586874 16.7005828240 0.86302638858 0.71342011402 0.61586282768 0.54904776314 0.52752705777 0.50467776593 0.49164052871 0.48133574038 0.49101134210 0.48357692518 0.51012351207 0.51282068933 0.51373131011 0.55332842369 0.57052217991 0.61800827462 0.66627971237 0.69031372732 1.20960366771 -294.7379877820 0.33353549594   -8 
-- Local optimization: reached maximum number of likelihood evaluations allowed.
---- Best joint likelihood found -294.737987782020355 with gradient 0.33354

---- Results for Mmc/418.polyDFE.config.txt 
--  Model: C
--        eps_an        lambda     theta_bar             a 
-- 0.00776732127 0.01926096029 0.01022805982            -1 
--           S_d             b           p_b           S_b 
-- -91.730554932 0.11166199133 0.00787586874 16.7005828240 
--           r 2           r 3           r 4           r 5           r 6           r 7           r 8           r 9          r 10          r 11          r 12          r 13          r 14          r 15          r 16          r 17          r 18          r 19          r 20 
-- 0.86302638858 0.71342011402 0.61586282768 0.54904776314 0.52752705777 0.50467776593 0.49164052871 0.48133574038 0.49101134210 0.48357692518 0.51012351207 0.51282068933 0.51373131011 0.55332842369 0.57052217991 0.61800827462 0.66627971237 0.69031372732 1.20960366771 

---- Expected P_neut(i), 0 < i < n (neutral SFS per site) 
E[P_neut(1)] = 0.0101515016
E[P_neut(2)] = 0.0043822020
E[P_neut(3)] = 0.0024162968
E[P_neut(4)] = 0.0015653715
E[P_neut(5)] = 0.0011173455
E[P_neut(6)] = 0.0008951934
E[P_neut(7)] = 0.0007348168
E[P_neut(8)] = 0.0006270610
E[P_neut(9)] = 0.0005462582
E[P_neut(10)] = 0.0005022093
E[P_neut(11)] = 0.0004503976
E[P_neut(12)] = 0.0004363029
E[P_neut(13)] = 0.0004060677
E[P_neut(14)] = 0.0003793892
E[P_neut(15)] = 0.0003830916
E[P_neut(16)] = 0.0003741074
E[P_neut(17)] = 0.0003878294
E[P_neut(18)] = 0.0004099379
E[P_neut(19)] = 0.0004481672

---- Expected P_sel(i), 0 < i < n (selected SFS per site) 
E[P_sel(1)] = 0.0072398980
E[P_sel(2)] = 0.0028352958
E[P_sel(3)] = 0.0014890514
E[P_sel(4)] = 0.0009349609
E[P_sel(5)] = 0.0006524434
E[P_sel(6)] = 0.0005137021
E[P_sel(7)] = 0.0004158308
E[P_sel(8)] = 0.0003508298
E[P_sel(9)] = 0.0003027630
E[P_sel(10)] = 0.0002762017
E[P_sel(11)] = 0.0002461672
E[P_sel(12)] = 0.0002373231
E[P_sel(13)] = 0.0002201575
E[P_sel(14)] = 0.0002053876
E[P_sel(15)] = 0.0002075204
E[P_sel(16)] = 0.0002034612
E[P_sel(17)] = 0.0002128718
E[P_sel(18)] = 0.0002296757
E[P_sel(19)] = 0.0002661609

---- Expected D_neut and D_sel (neutral and selected divergence per site) 
E[D_neut] = 0.0198795552
E[D_sel] = 0.0125300231

---- Expected neutral and selected misattributed polymorphism per site
E[mis_neut] = 0.0006185949
E[mis_sel] = 0.0003625571

---- alpha_div = 0.209288
---- alpha_dfe = 0.209342

