---- Running command
---- ./polyDFE -d Mmc/419.polyDFE.config.txt -m C -e 
---- Performing inference using model C

---- Performing inference on Mmc/419.polyDFE.config.txt
---- No mutation variability. Using Poisson likelihood.


---- Calculating initial values

-- Starting local optimization
-- Optimizing all parameters
  it        eps_an        lambda     theta_bar           S_d             b           p_b           S_b           r 2           r 3           r 4           r 5           r 6           r 7           r 8           r 9          r 10          r 11          r 12          r 13          r 14          r 15          r 16          r 17          r 18          r 19          r 20           ln lk          grad status 
   0           0.1 0.01927132738 0.01139089021        -20000         0.208           0.1            20 0.87139483446 0.73048351601 0.64199272651 0.58117889817 0.55629360579 0.53892982783 0.53614245001 0.52477889195 0.55264907305 0.55366184686 0.59361323243 0.62353831560 0.66474513083 0.74914392978 0.84903111582 1.10806375414 1.57397337578             1             1 -1113680.893902 23129.5222876   -2 
 430 0.00603093318 0.01931013421 0.01023889394 -120.17133681 0.10149679022 0.00235469234 50.2418511420 0.85981321021 0.71441909676 0.61459821598 0.55127788822 0.52227041853 0.50080068376 0.48863152322 0.47750102546 0.49136747814 0.48069069570 0.50484884390 0.50868818001 0.51960220681 0.55270038814 0.57097842443 0.63587496688 0.68037945254 0.72407668020 1.03204361101 -305.9465788521 0.26529108439   -3 
-- Local optimization: stuck in the same solution
---- Best joint likelihood found -305.946578852162929 with gradient 0.26529

---- Results for Mmc/419.polyDFE.config.txt 
--  Model: C
--        eps_an        lambda     theta_bar             a 
-- 0.00603093318 0.01931013421 0.01023889394            -1 
--           S_d             b           p_b           S_b 
-- -120.17133681 0.10149679022 0.00235469234 50.2418511420 
--           r 2           r 3           r 4           r 5           r 6           r 7           r 8           r 9          r 10          r 11          r 12          r 13          r 14          r 15          r 16          r 17          r 18          r 19          r 20 
-- 0.85981321021 0.71441909676 0.61459821598 0.55127788822 0.52227041853 0.50080068376 0.48863152322 0.47750102546 0.49136747814 0.48069069570 0.50484884390 0.50868818001 0.51960220681 0.55270038814 0.57097842443 0.63587496688 0.68037945254 0.72407668020 1.03204361101 

---- Expected P_neut(i), 0 < i < n (neutral SFS per site) 
E[P_neut(1)] = 0.0101794971
E[P_neut(2)] = 0.0043775554
E[P_neut(3)] = 0.0024258917
E[P_neut(4)] = 0.0015659172
E[P_neut(5)] = 0.0011243622
E[P_neut(6)] = 0.0008881620
E[P_neut(7)] = 0.0007305192
E[P_neut(8)] = 0.0006242070
E[P_neut(9)] = 0.0005426536
E[P_neut(10)] = 0.0005031059
E[P_neut(11)] = 0.0004480088
E[P_neut(12)] = 0.0004319316
E[P_neut(13)] = 0.0004026480
E[P_neut(14)] = 0.0003830941
E[P_neut(15)] = 0.0003818024
E[P_neut(16)] = 0.0003726710
E[P_neut(17)] = 0.0003953752
E[P_neut(18)] = 0.0004112312
E[P_neut(19)] = 0.0004495939

---- Expected P_sel(i), 0 < i < n (selected SFS per site) 
E[P_sel(1)] = 0.0072162880
E[P_sel(2)] = 0.0028318554
E[P_sel(3)] = 0.0014997010
E[P_sel(4)] = 0.0009400983
E[P_sel(5)] = 0.0006607151
E[P_sel(6)] = 0.0005132640
E[P_sel(7)] = 0.0004164494
E[P_sel(8)] = 0.0003518057
E[P_sel(9)] = 0.0003028822
E[P_sel(10)] = 0.0002784633
E[P_sel(11)] = 0.0002461826
E[P_sel(12)] = 0.0002358838
E[P_sel(13)] = 0.0002187611
E[P_sel(14)] = 0.0002073001
E[P_sel(15)] = 0.0002060465
E[P_sel(16)] = 0.0002010144
E[P_sel(17)] = 0.0002139083
E[P_sel(18)] = 0.0002252199
E[P_sel(19)] = 0.0002578797

---- Expected D_neut and D_sel (neutral and selected divergence per site) 
E[D_neut] = 0.0198384835
E[D_sel] = 0.0125350444

---- Expected neutral and selected misattributed polymorphism per site
E[mis_neut] = 0.0005283493
E[mis_sel] = 0.0002997761

---- alpha_div = 0.186624
---- alpha_dfe = 0.186830

