---- Running command
---- ./polyDFE -d Mmc/42.polyDFE.config.txt -m C -e 
---- Performing inference using model C

---- Performing inference on Mmc/42.polyDFE.config.txt
---- No mutation variability. Using Poisson likelihood.


---- Calculating initial values

-- Starting local optimization
-- Optimizing all parameters
  it        eps_an        lambda     theta_bar           S_d             b           p_b           S_b           r 2           r 3           r 4           r 5           r 6           r 7           r 8           r 9          r 10          r 11          r 12          r 13          r 14          r 15          r 16          r 17          r 18          r 19          r 20           ln lk          grad status 
   0           0.1 0.01928137411 0.01133676120        -20000         0.208           0.1            20 0.87920044207 0.73767741831 0.64771751892 0.58420113738 0.55929400969 0.54110603373 0.53614330262 0.52876412673 0.55092301523 0.55549291333 0.59097078213 0.62511707026 0.66035879963 0.74937338787 0.85702326692 1.11048710309 1.59763657673             1             1 -1115714.796813 23171.9539044   -2 
 577 0.00176825697 0.01933699776 0.01014183686 -84.777237311 0.12124965441 0.02480171318 6.20817541307 0.86875074824 0.72231901414 0.62324028464 0.55720904645 0.52766420350 0.51009964338 0.49537395983 0.48724749260 0.49527714907 0.48410251766 0.51051835551 0.51243368194 0.51832477310 0.55550294648 0.58064378863 0.64148142667 0.70238808809 0.79233205325 1.01607269871 -282.3213862457 0.15625711462   -3 
-- Local optimization: stuck in the same solution
---- Best joint likelihood found -282.321386245763279 with gradient 0.15626

---- Results for Mmc/42.polyDFE.config.txt 
--  Model: C
--        eps_an        lambda     theta_bar             a 
-- 0.00176825697 0.01933699776 0.01014183686            -1 
--           S_d             b           p_b           S_b 
-- -84.777237311 0.12124965441 0.02480171318 6.20817541307 
--           r 2           r 3           r 4           r 5           r 6           r 7           r 8           r 9          r 10          r 11          r 12          r 13          r 14          r 15          r 16          r 17          r 18          r 19          r 20 
-- 0.86875074824 0.72231901414 0.62324028464 0.55720904645 0.52766420350 0.51009964338 0.49537395983 0.48724749260 0.49527714907 0.48410251766 0.51051835551 0.51243368194 0.51832477310 0.55550294648 0.58064378863 0.64148142667 0.70238808809 0.79233205325 1.01607269871 

---- Expected P_neut(i), 0 < i < n (neutral SFS per site) 
E[P_neut(1)] = 0.0101246513
E[P_neut(2)] = 0.0043982742
E[P_neut(3)] = 0.0024382394
E[P_neut(4)] = 0.0015780569
E[P_neut(5)] = 0.0011288903
E[P_neut(6)] = 0.0008910009
E[P_neut(7)] = 0.0007384497
E[P_neut(8)] = 0.0006276527
E[P_neut(9)] = 0.0005488833
E[P_neut(10)] = 0.0005023020
E[P_neut(11)] = 0.0004465170
E[P_neut(12)] = 0.0004318137
E[P_neut(13)] = 0.0004003706
E[P_neut(14)] = 0.0003763964
E[P_neut(15)] = 0.0003769224
E[P_neut(16)] = 0.0003701931
E[P_neut(17)] = 0.0003863353
E[P_neut(18)] = 0.0004028403
E[P_neut(19)] = 0.0004401172

---- Expected P_sel(i), 0 < i < n (selected SFS per site) 
E[P_sel(1)] = 0.0071988894
E[P_sel(2)] = 0.0028270566
E[P_sel(3)] = 0.0014908111
E[P_sel(4)] = 0.0009349682
E[P_sel(5)] = 0.0006541773
E[P_sel(6)] = 0.0005078559
E[P_sel(7)] = 0.0004155997
E[P_sel(8)] = 0.0003497988
E[P_sel(9)] = 0.0003036239
E[P_sel(10)] = 0.0002763427
E[P_sel(11)] = 0.0002447712
E[P_sel(12)] = 0.0002362933
E[P_sel(13)] = 0.0002191185
E[P_sel(14)] = 0.0002064620
E[P_sel(15)] = 0.0002077250
E[P_sel(16)] = 0.0002056047
E[P_sel(17)] = 0.0002171024
E[P_sel(18)] = 0.0002304076
E[P_sel(19)] = 0.0002593212

---- Expected D_neut and D_sel (neutral and selected divergence per site) 
E[D_neut] = 0.0198522399
E[D_sel] = 0.0125161088

---- Expected neutral and selected misattributed polymorphism per site
E[mis_neut] = 0.0005152422
E[mis_sel] = 0.0003105883

---- alpha_div = 0.252676
---- alpha_dfe = 0.252339

