---- Running command
---- ./polyDFE -d Mmc/420.polyDFE.config.txt -m C -e 
---- Performing inference using model C

---- Performing inference on Mmc/420.polyDFE.config.txt
---- No mutation variability. Using Poisson likelihood.


---- Calculating initial values

-- Starting local optimization
-- Optimizing all parameters
  it        eps_an        lambda     theta_bar           S_d             b           p_b           S_b           r 2           r 3           r 4           r 5           r 6           r 7           r 8           r 9          r 10          r 11          r 12          r 13          r 14          r 15          r 16          r 17          r 18          r 19          r 20           ln lk          grad status 
   0           0.1 0.01927054029 0.01133865620        -20000         0.208           0.1            20 0.87585782785 0.73709376833 0.64613580159 0.58916556855 0.55825024934 0.54454507993 0.54288702602 0.53209495222 0.55258030668 0.55600459647 0.59890676211 0.63005223454 0.66619156938 0.75203169232 0.87004395637 1.10656272959 1.58560239250             1             1 -1118178.206525 23189.3182565   -2 
 948 0.00057468020 0.01928587553 0.01012442629 -72.153583259 0.12709631014 0.02481207567 6.37912849367 0.86744586827 0.72199994445 0.62621930520 0.55845716804 0.53128729904 0.51231217352 0.50046689217 0.48938538006 0.49611585954 0.48345257346 0.51514732327 0.51822751724 0.53209798584 0.55846679251 0.59115480006 0.64514246880 0.71516262624 0.83011961123 1.09380355028 -275.3538973613 0.02164470536   -3 
-- Local optimization: stuck in the same solution
---- Best joint likelihood found -275.353897361332201 with gradient 0.02164

---- Results for Mmc/420.polyDFE.config.txt 
--  Model: C
--        eps_an        lambda     theta_bar             a 
-- 0.00057468020 0.01928587553 0.01012442629            -1 
--           S_d             b           p_b           S_b 
-- -72.153583259 0.12709631014 0.02481207567 6.37912849367 
--           r 2           r 3           r 4           r 5           r 6           r 7           r 8           r 9          r 10          r 11          r 12          r 13          r 14          r 15          r 16          r 17          r 18          r 19          r 20 
-- 0.86744586827 0.72199994445 0.62621930520 0.55845716804 0.53128729904 0.51231217352 0.50046689217 0.48938538006 0.49611585954 0.48345257346 0.51514732327 0.51822751724 0.53209798584 0.55846679251 0.59115480006 0.64514246880 0.71516262624 0.83011961123 1.09380355028 

---- Expected P_neut(i), 0 < i < n (neutral SFS per site) 
E[P_neut(1)] = 0.0101188622
E[P_neut(2)] = 0.0043889035
E[P_neut(3)] = 0.0024354323
E[P_neut(4)] = 0.0015843319
E[P_neut(5)] = 0.0011303785
E[P_neut(6)] = 0.0008962025
E[P_neut(7)] = 0.0007407871
E[P_neut(8)] = 0.0006332533
E[P_neut(9)] = 0.0005504667
E[P_neut(10)] = 0.0005022888
E[P_neut(11)] = 0.0004450316
E[P_neut(12)] = 0.0004347451
E[P_neut(13)] = 0.0004037905
E[P_neut(14)] = 0.0003850931
E[P_neut(15)] = 0.0003773770
E[P_neut(16)] = 0.0003747649
E[P_neut(17)] = 0.0003853970
E[P_neut(18)] = 0.0004045485
E[P_neut(19)] = 0.0004479054

---- Expected P_sel(i), 0 < i < n (selected SFS per site) 
E[P_sel(1)] = 0.0072421774
E[P_sel(2)] = 0.0028306903
E[P_sel(3)] = 0.0014909173
E[P_sel(4)] = 0.0009384218
E[P_sel(5)] = 0.0006541283
E[P_sel(6)] = 0.0005096677
E[P_sel(7)] = 0.0004156834
E[P_sel(8)] = 0.0003516748
E[P_sel(9)] = 0.0003032794
E[P_sel(10)] = 0.0002751175
E[P_sel(11)] = 0.0002428012
E[P_sel(12)] = 0.0002367071
E[P_sel(13)] = 0.0002198393
E[P_sel(14)] = 0.0002101021
E[P_sel(15)] = 0.0002068479
E[P_sel(16)] = 0.0002070088
E[P_sel(17)] = 0.0002153876
E[P_sel(18)] = 0.0002300189
E[P_sel(19)] = 0.0002614924

---- Expected D_neut and D_sel (neutral and selected divergence per site) 
E[D_neut] = 0.0198395822
E[D_sel] = 0.0125086722

---- Expected neutral and selected misattributed polymorphism per site
E[mis_neut] = 0.0005537067
E[mis_sel] = 0.0003330848

---- alpha_div = 0.259108
---- alpha_dfe = 0.258933

