---- Running command
---- ./polyDFE -d Mmc/421.polyDFE.config.txt -m C -e 
---- Performing inference using model C

---- Performing inference on Mmc/421.polyDFE.config.txt
---- No mutation variability. Using Poisson likelihood.


---- Calculating initial values

-- Starting local optimization
-- Optimizing all parameters
  it        eps_an        lambda     theta_bar           S_d             b           p_b           S_b           r 2           r 3           r 4           r 5           r 6           r 7           r 8           r 9          r 10          r 11          r 12          r 13          r 14          r 15          r 16          r 17          r 18          r 19          r 20           ln lk          grad status 
   0           0.1 0.01930023518 0.01135344546        -20000         0.208           0.1            20 0.87390121884 0.74083090793 0.64541533414 0.58684500057 0.55829780484 0.54123593945 0.53703765106 0.52947865202 0.55126280564 0.55331725577 0.58908175502 0.62661577435 0.66067438757 0.74800207845 0.85579653665 1.11725060168 1.57003089258             1             1 -1117532.260065 23188.3958674   -2 
 532 0.00035799707 0.01926556921 0.01013604812 -69.997588536 0.13157792272 0.03344806969 4.98593437920 0.86619287770 0.72556983946 0.62210284607 0.55854259297 0.53076111876 0.51030173425 0.49691059884 0.48569738600 0.49386200740 0.48432281215 0.50957152994 0.51281654537 0.52041992487 0.55606162418 0.58603675078 0.65538624570 0.70318203567 0.82973620019 1.19478236355 -289.4204936034 0.05364042464   -3 
-- Local optimization: stuck in the same solution
---- Best joint likelihood found -289.420493603494833 with gradient 0.05364

---- Results for Mmc/421.polyDFE.config.txt 
--  Model: C
--        eps_an        lambda     theta_bar             a 
-- 0.00035799707 0.01926556921 0.01013604812            -1 
--           S_d             b           p_b           S_b 
-- -69.997588536 0.13157792272 0.03344806969 4.98593437920 
--           r 2           r 3           r 4           r 5           r 6           r 7           r 8           r 9          r 10          r 11          r 12          r 13          r 14          r 15          r 16          r 17          r 18          r 19          r 20 
-- 0.86619287770 0.72556983946 0.62210284607 0.55854259297 0.53076111876 0.51030173425 0.49691059884 0.48569738600 0.49386200740 0.48432281215 0.50957152994 0.51281654537 0.52041992487 0.55606162418 0.58603675078 0.65538624570 0.70318203567 0.82973620019 1.19478236355 

---- Expected P_neut(i), 0 < i < n (neutral SFS per site) 
E[P_neut(1)] = 0.0101325779
E[P_neut(2)] = 0.0043884565
E[P_neut(3)] = 0.0024507325
E[P_neut(4)] = 0.0015759847
E[P_neut(5)] = 0.0011320121
E[P_neut(6)] = 0.0008964506
E[P_neut(7)] = 0.0007387990
E[P_neut(8)] = 0.0006295174
E[P_neut(9)] = 0.0005469697
E[P_neut(10)] = 0.0005005809
E[P_neut(11)] = 0.0004463196
E[P_neut(12)] = 0.0004304914
E[P_neut(13)] = 0.0003999624
E[P_neut(14)] = 0.0003769719
E[P_neut(15)] = 0.0003760220
E[P_neut(16)] = 0.0003716875
E[P_neut(17)] = 0.0003915040
E[P_neut(18)] = 0.0003974013
E[P_neut(19)] = 0.0004461147

---- Expected P_sel(i), 0 < i < n (selected SFS per site) 
E[P_sel(1)] = 0.0072494621
E[P_sel(2)] = 0.0028258831
E[P_sel(3)] = 0.0014971987
E[P_sel(4)] = 0.0009315173
E[P_sel(5)] = 0.0006538294
E[P_sel(6)] = 0.0005090298
E[P_sel(7)] = 0.0004141443
E[P_sel(8)] = 0.0003494609
E[P_sel(9)] = 0.0003014530
E[P_sel(10)] = 0.0002745016
E[P_sel(11)] = 0.0002440136
E[P_sel(12)] = 0.0002351201
E[P_sel(13)] = 0.0002186701
E[P_sel(14)] = 0.0002067702
E[P_sel(15)] = 0.0002074416
E[P_sel(16)] = 0.0002068543
E[P_sel(17)] = 0.0002206138
E[P_sel(18)] = 0.0002278447
E[P_sel(19)] = 0.0002621090

---- Expected D_neut and D_sel (neutral and selected divergence per site) 
E[D_neut] = 0.0198710878
E[D_sel] = 0.0125221693

---- Expected neutral and selected misattributed polymorphism per site
E[mis_neut] = 0.0006055186
E[mis_sel] = 0.0003662717

---- alpha_div = 0.278029
---- alpha_dfe = 0.277775

