---- Running command
---- ./polyDFE -d Mmc/422.polyDFE.config.txt -m C -e 
---- Performing inference using model C

---- Performing inference on Mmc/422.polyDFE.config.txt
---- No mutation variability. Using Poisson likelihood.


---- Calculating initial values

-- Starting local optimization
-- Optimizing all parameters
  it        eps_an        lambda     theta_bar           S_d             b           p_b           S_b           r 2           r 3           r 4           r 5           r 6           r 7           r 8           r 9          r 10          r 11          r 12          r 13          r 14          r 15          r 16          r 17          r 18          r 19          r 20           ln lk          grad status 
   0           0.1 0.01929794785 0.01136741739        -20000         0.208           0.1            20 0.87131740253 0.73388273771 0.64810761254 0.58493158057 0.55947932919 0.53983395664 0.54024982783 0.53185901905 0.54932368672 0.56009682201 0.60203540990 0.61960001022 0.65613346811 0.75601069047 0.85891765240 1.12107452759 1.58627967056             1             1 -1120355.683216 23243.5230295   -2 
 686 0.00177718439 0.01933383140 0.01016447065 -79.104651162 0.12125938939 0.01785376718 8.30943889322 0.86247560556 0.71879681059 0.62303223573 0.55921697387 0.52941601860 0.50991820216 0.49636420602 0.48598871620 0.49281311261 0.48771974594 0.51779775357 0.51041578003 0.51710075777 0.56318988484 0.58348352243 0.65344310639 0.70806044598 0.80185043217 1.05165360239 -278.0326635149 0.06730593087   -8 
-- Local optimization: reached maximum number of likelihood evaluations allowed.
---- Best joint likelihood found -278.032663514997694 with gradient 0.06731

---- Results for Mmc/422.polyDFE.config.txt 
--  Model: C
--        eps_an        lambda     theta_bar             a 
-- 0.00177718439 0.01933383140 0.01016447065            -1 
--           S_d             b           p_b           S_b 
-- -79.104651162 0.12125938939 0.01785376718 8.30943889322 
--           r 2           r 3           r 4           r 5           r 6           r 7           r 8           r 9          r 10          r 11          r 12          r 13          r 14          r 15          r 16          r 17          r 18          r 19          r 20 
-- 0.86247560556 0.71879681059 0.62303223573 0.55921697387 0.52941601860 0.50991820216 0.49636420602 0.48598871620 0.49281311261 0.48771974594 0.51779775357 0.51041578003 0.51710075777 0.56318988484 0.58348352243 0.65344310639 0.70806044598 0.80185043217 1.05165360239 

---- Expected P_neut(i), 0 < i < n (neutral SFS per site) 
E[P_neut(1)] = 0.0101471689
E[P_neut(2)] = 0.0043762246
E[P_neut(3)] = 0.0024317626
E[P_neut(4)] = 0.0015810433
E[P_neut(5)] = 0.0011354868
E[P_neut(6)] = 0.0008959456
E[P_neut(7)] = 0.0007398289
E[P_neut(8)] = 0.0006303186
E[P_neut(9)] = 0.0005486942
E[P_neut(10)] = 0.0005009184
E[P_neut(11)] = 0.0004508484
E[P_neut(12)] = 0.0004389363
E[P_neut(13)] = 0.0003996917
E[P_neut(14)] = 0.0003763592
E[P_neut(15)] = 0.0003829773
E[P_neut(16)] = 0.0003728299
E[P_neut(17)] = 0.0003943340
E[P_neut(18)] = 0.0004069160
E[P_neut(19)] = 0.0004462694

---- Expected P_sel(i), 0 < i < n (selected SFS per site) 
E[P_sel(1)] = 0.0072440439
E[P_sel(2)] = 0.0028216361
E[P_sel(3)] = 0.0014899975
E[P_sel(4)] = 0.0009378551
E[P_sel(5)] = 0.0006581955
E[P_sel(6)] = 0.0005103678
E[P_sel(7)] = 0.0004157422
E[P_sel(8)] = 0.0003504125
E[P_sel(9)] = 0.0003024593
E[P_sel(10)] = 0.0002743242
E[P_sel(11)] = 0.0002457370
E[P_sel(12)] = 0.0002385317
E[P_sel(13)] = 0.0002169577
E[P_sel(14)] = 0.0002044802
E[P_sel(15)] = 0.0002087745
E[P_sel(16)] = 0.0002045690
E[P_sel(17)] = 0.0002187072
E[P_sel(18)] = 0.0002296694
E[P_sel(19)] = 0.0002600916

---- Expected D_neut and D_sel (neutral and selected divergence per site) 
E[D_neut] = 0.0198683065
E[D_sel] = 0.0125113154

---- Expected neutral and selected misattributed polymorphism per site
E[mis_neut] = 0.0005344751
E[mis_sel] = 0.0003190865

---- alpha_div = 0.240179
---- alpha_dfe = 0.240011

