---- Running command
---- ./polyDFE -d Mmc/423.polyDFE.config.txt -m C -e 
---- Performing inference using model C

---- Performing inference on Mmc/423.polyDFE.config.txt
---- No mutation variability. Using Poisson likelihood.


---- Calculating initial values

-- Starting local optimization
-- Optimizing all parameters
  it        eps_an        lambda     theta_bar           S_d             b           p_b           S_b           r 2           r 3           r 4           r 5           r 6           r 7           r 8           r 9          r 10          r 11          r 12          r 13          r 14          r 15          r 16          r 17          r 18          r 19          r 20           ln lk          grad status 
   0           0.1 0.01928650092 0.01132904810        -20000         0.208           0.1            20 0.87470681052 0.73590498497 0.64374851865 0.58299119318 0.55653518708 0.54160889172 0.54271710729 0.53239601834 0.54896920818 0.56121484948 0.59813464519 0.61994260400 0.65996108070 0.75102660232 0.86584852315 1.10916069952 1.57547999846             1             1 -1119130.083278 23177.4948676   -2 
1214 0.00042274010 0.01930076085 0.01012412053 -70.676702211 0.12833486451 0.02977235232 5.34460662874 0.86219511897 0.72077357391 0.62266160784 0.55722878642 0.52893735317 0.50893989430 0.49958631429 0.48663344732 0.49329610576 0.48979459416 0.51307054782 0.51153126918 0.51988770646 0.55593378469 0.59358829316 0.65312266564 0.70687025572 0.82966250275 1.09712227475 -270.2619420742 0.02542187507   -3 
-- Local optimization: stuck in the same solution
---- Best joint likelihood found -270.261942074284889 with gradient 0.02542

---- Results for Mmc/423.polyDFE.config.txt 
--  Model: C
--        eps_an        lambda     theta_bar             a 
-- 0.00042274010 0.01930076085 0.01012412053            -1 
--           S_d             b           p_b           S_b 
-- -70.676702211 0.12833486451 0.02977235232 5.34460662874 
--           r 2           r 3           r 4           r 5           r 6           r 7           r 8           r 9          r 10          r 11          r 12          r 13          r 14          r 15          r 16          r 17          r 18          r 19          r 20 
-- 0.86219511897 0.72077357391 0.62266160784 0.55722878642 0.52893735317 0.50893989430 0.49958631429 0.48663344732 0.49329610576 0.48979459416 0.51307054782 0.51153126918 0.51988770646 0.55593378469 0.59358829316 0.65312266564 0.70687025572 0.82966250275 1.09712227475 

---- Expected P_neut(i), 0 < i < n (neutral SFS per site) 
E[P_neut(1)] = 0.0101200275
E[P_neut(2)] = 0.0043628067
E[P_neut(3)] = 0.0024315357
E[P_neut(4)] = 0.0015754678
E[P_neut(5)] = 0.0011279719
E[P_neut(6)] = 0.0008922859
E[P_neut(7)] = 0.0007359385
E[P_neut(8)] = 0.0006321497
E[P_neut(9)] = 0.0005473742
E[P_neut(10)] = 0.0004994189
E[P_neut(11)] = 0.0004508353
E[P_neut(12)] = 0.0004329500
E[P_neut(13)] = 0.0003985123
E[P_neut(14)] = 0.0003761759
E[P_neut(15)] = 0.0003755411
E[P_neut(16)] = 0.0003761049
E[P_neut(17)] = 0.0003898222
E[P_neut(18)] = 0.0003992570
E[P_neut(19)] = 0.0004461774

---- Expected P_sel(i), 0 < i < n (selected SFS per site) 
E[P_sel(1)] = 0.0072600414
E[P_sel(2)] = 0.0028213468
E[P_sel(3)] = 0.0014928864
E[P_sel(4)] = 0.0009361874
E[P_sel(5)] = 0.0006550707
E[P_sel(6)] = 0.0005094489
E[P_sel(7)] = 0.0004147683
E[P_sel(8)] = 0.0003527539
E[P_sel(9)] = 0.0003031736
E[P_sel(10)] = 0.0002751344
E[P_sel(11)] = 0.0002475278
E[P_sel(12)] = 0.0002373556
E[P_sel(13)] = 0.0002185831
E[P_sel(14)] = 0.0002068771
E[P_sel(15)] = 0.0002075830
E[P_sel(16)] = 0.0002095721
E[P_sel(17)] = 0.0002197747
E[P_sel(18)] = 0.0002288637
E[P_sel(19)] = 0.0002620086

---- Expected D_neut and D_sel (neutral and selected divergence per site) 
E[D_neut] = 0.0198561308
E[D_sel] = 0.0124994921

---- Expected neutral and selected misattributed polymorphism per site
E[mis_neut] = 0.0005553699
E[mis_sel] = 0.0003354790

---- alpha_div = 0.264116
---- alpha_dfe = 0.263853

