---- Running command
---- ./polyDFE -d Mmc/424.polyDFE.config.txt -m C -e 
---- Performing inference using model C

---- Performing inference on Mmc/424.polyDFE.config.txt
---- No mutation variability. Using Poisson likelihood.


---- Calculating initial values

-- Starting local optimization
-- Optimizing all parameters
  it        eps_an        lambda     theta_bar           S_d             b           p_b           S_b           r 2           r 3           r 4           r 5           r 6           r 7           r 8           r 9          r 10          r 11          r 12          r 13          r 14          r 15          r 16          r 17          r 18          r 19          r 20           ln lk          grad status 
   0           0.1 0.01926300150 0.01135350804        -20000         0.208           0.1            20 0.87393060431 0.73432848987 0.63740402222 0.58534941799 0.56121592314 0.54046013507 0.54035721654 0.53187180915 0.55507540183 0.55712645049 0.58746965147 0.62003934308 0.66652315062 0.75115924727 0.85871590448 1.11916528696 1.58053769207             1             1 -1114886.602805 23141.4589739   -2 
 342 0.00288279748 0.01931180142 0.01017417862 -94.859407802 0.11050316861 0.00790542903 16.7003736647 0.86392202097 0.71720136838 0.61396017999 0.55782471087 0.52540787097 0.50460158377 0.49598321016 0.48491941977 0.49248294921 0.48231603623 0.50678691958 0.51070794772 0.52628245632 0.56211128522 0.58368926518 0.65392817468 0.69818512974 0.79002601150 1.02221406012 -296.4038876811 0.24146451870   -3 
-- Local optimization: stuck in the same solution
---- Best joint likelihood found -296.403887681153719 with gradient 0.24146

---- Results for Mmc/424.polyDFE.config.txt 
--  Model: C
--        eps_an        lambda     theta_bar             a 
-- 0.00288279748 0.01931180142 0.01017417862            -1 
--           S_d             b           p_b           S_b 
-- -94.859407802 0.11050316861 0.00790542903 16.7003736647 
--           r 2           r 3           r 4           r 5           r 6           r 7           r 8           r 9          r 10          r 11          r 12          r 13          r 14          r 15          r 16          r 17          r 18          r 19          r 20 
-- 0.86392202097 0.71720136838 0.61396017999 0.55782471087 0.52540787097 0.50460158377 0.49598321016 0.48491941977 0.49248294921 0.48231603623 0.50678691958 0.51070794772 0.52628245632 0.56211128522 0.58368926518 0.65392817468 0.69818512974 0.79002601150 1.02221406012 

---- Expected P_neut(i), 0 < i < n (neutral SFS per site) 
E[P_neut(1)] = 0.0101460681
E[P_neut(2)] = 0.0043833167
E[P_neut(3)] = 0.0024264280
E[P_neut(4)] = 0.0015582032
E[P_neut(5)] = 0.0011329086
E[P_neut(6)] = 0.0008894664
E[P_neut(7)] = 0.0007324532
E[P_neut(8)] = 0.0006301980
E[P_neut(9)] = 0.0005478898
E[P_neut(10)] = 0.0005010609
E[P_neut(11)] = 0.0004464006
E[P_neut(12)] = 0.0004302581
E[P_neut(13)] = 0.0004006570
E[P_neut(14)] = 0.0003839295
E[P_neut(15)] = 0.0003834411
E[P_neut(16)] = 0.0003745918
E[P_neut(17)] = 0.0003972473
E[P_neut(18)] = 0.0004061685
E[P_neut(19)] = 0.0004511561

---- Expected P_sel(i), 0 < i < n (selected SFS per site) 
E[P_sel(1)] = 0.0072297479
E[P_sel(2)] = 0.0028357556
E[P_sel(3)] = 0.0014959069
E[P_sel(4)] = 0.0009313816
E[P_sel(5)] = 0.0006622029
E[P_sel(6)] = 0.0005110293
E[P_sel(7)] = 0.0004150569
E[P_sel(8)] = 0.0003531059
E[P_sel(9)] = 0.0003041401
E[P_sel(10)] = 0.0002760126
E[P_sel(11)] = 0.0002443771
E[P_sel(12)] = 0.0002344060
E[P_sel(13)] = 0.0002175441
E[P_sel(14)] = 0.0002080996
E[P_sel(15)] = 0.0002078908
E[P_sel(16)] = 0.0002037182
E[P_sel(17)] = 0.0002176290
E[P_sel(18)] = 0.0002260336
E[P_sel(19)] = 0.0002611321

---- Expected D_neut and D_sel (neutral and selected divergence per site) 
E[D_neut] = 0.0198318108
E[D_sel] = 0.0125364241

---- Expected neutral and selected misattributed polymorphism per site
E[mis_neut] = 0.0005200094
E[mis_sel] = 0.0003055175

---- alpha_div = 0.209687
---- alpha_dfe = 0.209587

