---- Running command
---- ./polyDFE -d Mmc/425.polyDFE.config.txt -m C -e 
---- Performing inference using model C

---- Performing inference on Mmc/425.polyDFE.config.txt
---- No mutation variability. Using Poisson likelihood.


---- Calculating initial values

-- Starting local optimization
-- Optimizing all parameters
  it        eps_an        lambda     theta_bar           S_d             b           p_b           S_b           r 2           r 3           r 4           r 5           r 6           r 7           r 8           r 9          r 10          r 11          r 12          r 13          r 14          r 15          r 16          r 17          r 18          r 19          r 20           ln lk          grad status 
   0           0.1 0.01930281001 0.01134578395        -20000         0.208           0.1            20 0.87589021074 0.73755729613 0.64566224345 0.58594060670 0.55474700942 0.53761046103 0.53638298990 0.53408872257 0.54633012279 0.55614761804 0.59201232969 0.62581159123 0.66836025037 0.74493379718 0.86532242456 1.10945741595 1.57834322936             1             1 -1119929.087825 23199.4388834   -2 
1117 0.00037809197 0.01931563843 0.01013079075 -71.834566074 0.12831216783 0.03233959520 4.98104636913 0.86780519836 0.72257756567 0.62030001852 0.55826512534 0.52634568374 0.50846494838 0.49521469905 0.48922293781 0.49100492239 0.48692692243 0.51245180557 0.51899592628 0.52298669668 0.55523043502 0.59299386659 0.65015894305 0.70348455751 0.83395226771 1.10140598371 -285.0319033816 0.02120622390   -3 
-- Local optimization: stuck in the same solution
---- Best joint likelihood found -285.031903381604934 with gradient 0.02121

---- Results for Mmc/425.polyDFE.config.txt 
--  Model: C
--        eps_an        lambda     theta_bar             a 
-- 0.00037809197 0.01931563843 0.01013079075            -1 
--           S_d             b           p_b           S_b 
-- -71.834566074 0.12831216783 0.03233959520 4.98104636913 
--           r 2           r 3           r 4           r 5           r 6           r 7           r 8           r 9          r 10          r 11          r 12          r 13          r 14          r 15          r 16          r 17          r 18          r 19          r 20 
-- 0.86780519836 0.72257756567 0.62030001852 0.55826512534 0.52634568374 0.50846494838 0.49521469905 0.48922293781 0.49100492239 0.48692692243 0.51245180557 0.51899592628 0.52298669668 0.55523043502 0.59299386659 0.65015894305 0.70348455751 0.83395226771 1.10140598371 

---- Expected P_neut(i), 0 < i < n (neutral SFS per site) 
E[P_neut(1)] = 0.0101271285
E[P_neut(2)] = 0.0043942641
E[P_neut(3)] = 0.0024393180
E[P_neut(4)] = 0.0015705804
E[P_neut(5)] = 0.0011308475
E[P_neut(6)] = 0.0008885234
E[P_neut(7)] = 0.0007357535
E[P_neut(8)] = 0.0006270410
E[P_neut(9)] = 0.0005506519
E[P_neut(10)] = 0.0004974268
E[P_neut(11)] = 0.0004484891
E[P_neut(12)] = 0.0004327020
E[P_neut(13)] = 0.0004045745
E[P_neut(14)] = 0.0003786407
E[P_neut(15)] = 0.0003752808
E[P_neut(16)] = 0.0003759206
E[P_neut(17)] = 0.0003882246
E[P_neut(18)] = 0.0003974487
E[P_neut(19)] = 0.0004483252

---- Expected P_sel(i), 0 < i < n (selected SFS per site) 
E[P_sel(1)] = 0.0072611210
E[P_sel(2)] = 0.0028412761
E[P_sel(3)] = 0.0014979932
E[P_sel(4)] = 0.0009337892
E[P_sel(5)] = 0.0006572955
E[P_sel(6)] = 0.0005078787
E[P_sel(7)] = 0.0004152585
E[P_sel(8)] = 0.0003505090
E[P_sel(9)] = 0.0003056101
E[P_sel(10)] = 0.0002746809
E[P_sel(11)] = 0.0002468974
E[P_sel(12)] = 0.0002379313
E[P_sel(13)] = 0.0002226473
E[P_sel(14)] = 0.0002089938
E[P_sel(15)] = 0.0002082602
E[P_sel(16)] = 0.0002103510
E[P_sel(17)] = 0.0002198274
E[P_sel(18)] = 0.0002288053
E[P_sel(19)] = 0.0002642403

---- Expected D_neut and D_sel (neutral and selected divergence per site) 
E[D_neut] = 0.0198735441
E[D_sel] = 0.0125284468

---- Expected neutral and selected misattributed polymorphism per site
E[mis_neut] = 0.0005579057
E[mis_sel] = 0.0003380915

---- alpha_div = 0.268546
---- alpha_dfe = 0.268266

