---- Running command
---- ./polyDFE -d Mmc/426.polyDFE.config.txt -m C -e 
---- Performing inference using model C

---- Performing inference on Mmc/426.polyDFE.config.txt
---- No mutation variability. Using Poisson likelihood.


---- Calculating initial values

-- Starting local optimization
-- Optimizing all parameters
  it        eps_an        lambda     theta_bar           S_d             b           p_b           S_b           r 2           r 3           r 4           r 5           r 6           r 7           r 8           r 9          r 10          r 11          r 12          r 13          r 14          r 15          r 16          r 17          r 18          r 19          r 20           ln lk          grad status 
   0           0.1 0.01929650906 0.01134111777        -20000         0.208           0.1            20 0.87195133524 0.73611490824 0.64126359502 0.58752443179 0.56180844964 0.54030231985 0.53737824010 0.52664624157 0.55382794204 0.55199066636 0.59617547600 0.62292158159 0.67735726042 0.75341074412 0.85226500288 1.10076216359 1.59009735830             1             1 -1116291.647494 23148.3363590   -2 
 236 0.00393498712 0.01936508532 0.01017768108 -104.81090647 0.10399163268 0.00236793147 50.0095185625 0.86183790837 0.71667082640 0.61345859642 0.55334642967 0.52900067729 0.50326266696 0.49139552324 0.47691285202 0.49499523472 0.47651944638 0.51256224142 0.50779897273 0.53147462848 0.55756221611 0.58404461414 0.64170956454 0.70971222527 0.77618515929 0.97494687954 -335.9075341862 0.44711342936   -3 
-- Local optimization: stuck in the same solution
---- Best joint likelihood found -335.907534186277189 with gradient 0.44711

---- Results for Mmc/426.polyDFE.config.txt 
--  Model: C
--        eps_an        lambda     theta_bar             a 
-- 0.00393498712 0.01936508532 0.01017768108            -1 
--           S_d             b           p_b           S_b 
-- -104.81090647 0.10399163268 0.00236793147 50.0095185625 
--           r 2           r 3           r 4           r 5           r 6           r 7           r 8           r 9          r 10          r 11          r 12          r 13          r 14          r 15          r 16          r 17          r 18          r 19          r 20 
-- 0.86183790837 0.71667082640 0.61345859642 0.55334642967 0.52900067729 0.50326266696 0.49139552324 0.47691285202 0.49499523472 0.47651944638 0.51256224142 0.50779897273 0.53147462848 0.55756221611 0.58404461414 0.64170956454 0.70971222527 0.77618515929 0.97494687954 

---- Expected P_neut(i), 0 < i < n (neutral SFS per site) 
E[P_neut(1)] = 0.0101392681
E[P_neut(2)] = 0.0043700769
E[P_neut(3)] = 0.0024232935
E[P_neut(4)] = 0.0015562163
E[P_neut(5)] = 0.0011234132
E[P_neut(6)] = 0.0008953227
E[P_neut(7)] = 0.0007304061
E[P_neut(8)] = 0.0006244090
E[P_neut(9)] = 0.0005389313
E[P_neut(10)] = 0.0005037904
E[P_neut(11)] = 0.0004412839
E[P_neut(12)] = 0.0004354739
E[P_neut(13)] = 0.0003988700
E[P_neut(14)] = 0.0003883806
E[P_neut(15)] = 0.0003812562
E[P_neut(16)] = 0.0003761939
E[P_neut(17)] = 0.0003922388
E[P_neut(18)] = 0.0004169691
E[P_neut(19)] = 0.0004541901

---- Expected P_sel(i), 0 < i < n (selected SFS per site) 
E[P_sel(1)] = 0.0072390876
E[P_sel(2)] = 0.0028432301
E[P_sel(3)] = 0.0015052001
E[P_sel(4)] = 0.0009380658
E[P_sel(5)] = 0.0006625022
E[P_sel(6)] = 0.0005190281
E[P_sel(7)] = 0.0004175527
E[P_sel(8)] = 0.0003528020
E[P_sel(9)] = 0.0003014794
E[P_sel(10)] = 0.0002793995
E[P_sel(11)] = 0.0002429156
E[P_sel(12)] = 0.0002381831
E[P_sel(13)] = 0.0002169885
E[P_sel(14)] = 0.0002103713
E[P_sel(15)] = 0.0002058879
E[P_sel(16)] = 0.0002029290
E[P_sel(17)] = 0.0002120375
E[P_sel(18)] = 0.0002275943
E[P_sel(19)] = 0.0002574081

---- Expected D_neut and D_sel (neutral and selected divergence per site) 
E[D_neut] = 0.0198612202
E[D_sel] = 0.0125584726

---- Expected neutral and selected misattributed polymorphism per site
E[mis_neut] = 0.0004961349
E[mis_sel] = 0.0002817134

---- alpha_div = 0.186689
---- alpha_dfe = 0.186911

