---- Running command
---- ./polyDFE -d Mmc/427.polyDFE.config.txt -m C -e 
---- Performing inference using model C

---- Performing inference on Mmc/427.polyDFE.config.txt
---- No mutation variability. Using Poisson likelihood.


---- Calculating initial values

-- Starting local optimization
-- Optimizing all parameters
  it        eps_an        lambda     theta_bar           S_d             b           p_b           S_b           r 2           r 3           r 4           r 5           r 6           r 7           r 8           r 9          r 10          r 11          r 12          r 13          r 14          r 15          r 16          r 17          r 18          r 19          r 20           ln lk          grad status 
   0           0.1 0.01925405164 0.01136908813        -20000         0.208           0.1            20 0.87155982626 0.73457096561 0.64770166754 0.58509109632 0.55456950595 0.54148466714 0.53806225818 0.53674314255 0.54549361802 0.56291195064 0.59360099131 0.63117458568 0.66422484425 0.74562516772 0.86592877536 1.10565859150 1.57792218941             1             1 -1115476.855798 23122.6945554   -2 
 419 0.00270861595 0.01929462313 0.01015809391 -73.206686408 0.12475627441 0.02092425482 7.37676239624 0.86418976753 0.72168352518 0.62375117476 0.55766011822 0.53040589658 0.51013729417 0.49882229616 0.48962064421 0.49121919957 0.48863868373 0.51092945814 0.52093254961 0.52601692915 0.55214385991 0.58529360018 0.64040558786 0.69150352168 0.77795266803 1.04486437134 -277.7208033594 1.84256091366   -8 
-- Local optimization: reached maximum number of likelihood evaluations allowed.
---- Best joint likelihood found -277.720803359465208 with gradient 1.84256

---- Results for Mmc/427.polyDFE.config.txt 
--  Model: C
--        eps_an        lambda     theta_bar             a 
-- 0.00270861595 0.01929462313 0.01015809391            -1 
--           S_d             b           p_b           S_b 
-- -73.206686408 0.12475627441 0.02092425482 7.37676239624 
--           r 2           r 3           r 4           r 5           r 6           r 7           r 8           r 9          r 10          r 11          r 12          r 13          r 14          r 15          r 16          r 17          r 18          r 19          r 20 
-- 0.86418976753 0.72168352518 0.62375117476 0.55766011822 0.53040589658 0.51013729417 0.49882229616 0.48962064421 0.49121919957 0.48863868373 0.51092945814 0.52093254961 0.52601692915 0.55214385991 0.58529360018 0.64040558786 0.69150352168 0.77795266803 1.04486437134 

---- Expected P_neut(i), 0 < i < n (neutral SFS per site) 
E[P_neut(1)] = 0.0101317061
E[P_neut(2)] = 0.0043784286
E[P_neut(3)] = 0.0024380606
E[P_neut(4)] = 0.0015807467
E[P_neut(5)] = 0.0011308968
E[P_neut(6)] = 0.0008965870
E[P_neut(7)] = 0.0007393863
E[P_neut(8)] = 0.0006328414
E[P_neut(9)] = 0.0005523490
E[P_neut(10)] = 0.0004989851
E[P_neut(11)] = 0.0004515144
E[P_neut(12)] = 0.0004330499
E[P_neut(13)] = 0.0004079551
E[P_neut(14)] = 0.0003830649
E[P_neut(15)] = 0.0003759712
E[P_neut(16)] = 0.0003748757
E[P_neut(17)] = 0.0003882471
E[P_neut(18)] = 0.0004010739
E[P_neut(19)] = 0.0004423097

---- Expected P_sel(i), 0 < i < n (selected SFS per site) 
E[P_sel(1)] = 0.0072567821
E[P_sel(2)] = 0.0028283857
E[P_sel(3)] = 0.0014953774
E[P_sel(4)] = 0.0009381710
E[P_sel(5)] = 0.0006557029
E[P_sel(6)] = 0.0005108042
E[P_sel(7)] = 0.0004155506
E[P_sel(8)] = 0.0003518976
E[P_sel(9)] = 0.0003046014
E[P_sel(10)] = 0.0002734532
E[P_sel(11)] = 0.0002463562
E[P_sel(12)] = 0.0002356820
E[P_sel(13)] = 0.0002218896
E[P_sel(14)] = 0.0002086760
E[P_sel(15)] = 0.0002056542
E[P_sel(16)] = 0.0002065714
E[P_sel(17)] = 0.0002164805
E[P_sel(18)] = 0.0002279074
E[P_sel(19)] = 0.0002603110

---- Expected D_neut and D_sel (neutral and selected divergence per site) 
E[D_neut] = 0.0198253147
E[D_sel] = 0.0125205926

---- Expected neutral and selected misattributed polymorphism per site
E[mis_neut] = 0.0005306915
E[mis_sel] = 0.0003185168

---- alpha_div = 0.250622
---- alpha_dfe = 0.250216

