---- Running command
---- ./polyDFE -d Mmc/428.polyDFE.config.txt -m C -e 
---- Performing inference using model C

---- Performing inference on Mmc/428.polyDFE.config.txt
---- No mutation variability. Using Poisson likelihood.


---- Calculating initial values

-- Starting local optimization
-- Optimizing all parameters
  it        eps_an        lambda     theta_bar           S_d             b           p_b           S_b           r 2           r 3           r 4           r 5           r 6           r 7           r 8           r 9          r 10          r 11          r 12          r 13          r 14          r 15          r 16          r 17          r 18          r 19          r 20           ln lk          grad status 
   0           0.1 0.01926254989 0.01134213248        -20000         0.208           0.1            20 0.87225382166 0.73871176647 0.64478136769 0.58928939581 0.55503646156 0.53574157177 0.54518292333 0.52893711731 0.55300955223 0.55377744887 0.59909469156 0.62603816125 0.66233826185 0.75596478588 0.86377217218 1.12560757063 1.57980726702             1             1 -1113224.495618 23113.5181187   -2 
 436 0.00482641784 0.01928213719 0.01019829760 -103.68940810 0.10533061704 0.00243619333 50.1842312290 0.85774604816 0.71842446446 0.61667525792 0.55461190302 0.52317362228 0.49884130435 0.49572201831 0.48154236605 0.48961748429 0.48160703759 0.51200883402 0.51350687066 0.51921667909 0.56030036610 0.58813135795 0.65700424098 0.69052816895 0.75718903202 1.06832041833 -317.8254393758 0.17777450430   -3 
-- Local optimization: stuck in the same solution
---- Best joint likelihood found -317.825439375883434 with gradient 0.17777

---- Results for Mmc/428.polyDFE.config.txt 
--  Model: C
--        eps_an        lambda     theta_bar             a 
-- 0.00482641784 0.01928213719 0.01019829760            -1 
--           S_d             b           p_b           S_b 
-- -103.68940810 0.10533061704 0.00243619333 50.1842312290 
--           r 2           r 3           r 4           r 5           r 6           r 7           r 8           r 9          r 10          r 11          r 12          r 13          r 14          r 15          r 16          r 17          r 18          r 19          r 20 
-- 0.85774604816 0.71842446446 0.61667525792 0.55461190302 0.52317362228 0.49884130435 0.49572201831 0.48154236605 0.48961748429 0.48160703759 0.51200883402 0.51350687066 0.51921667909 0.56030036610 0.58813135795 0.65700424098 0.69052816895 0.75718903202 1.06832041833 

---- Expected P_neut(i), 0 < i < n (neutral SFS per site) 
E[P_neut(1)] = 0.0101510379
E[P_neut(2)] = 0.0043545533
E[P_neut(3)] = 0.0024323505
E[P_neut(4)] = 0.0015664804
E[P_neut(5)] = 0.0011275983
E[P_neut(6)] = 0.0008867803
E[P_neut(7)] = 0.0007251983
E[P_neut(8)] = 0.0006309902
E[P_neut(9)] = 0.0005451784
E[P_neut(10)] = 0.0004993265
E[P_neut(11)] = 0.0004469851
E[P_neut(12)] = 0.0004360847
E[P_neut(13)] = 0.0004044015
E[P_neut(14)] = 0.0003806897
E[P_neut(15)] = 0.0003845618
E[P_neut(16)] = 0.0003806503
E[P_neut(17)] = 0.0004040217
E[P_neut(18)] = 0.0004104554
E[P_neut(19)] = 0.0004536828

---- Expected P_sel(i), 0 < i < n (selected SFS per site) 
E[P_sel(1)] = 0.0072331993
E[P_sel(2)] = 0.0028244609
E[P_sel(3)] = 0.0015053174
E[P_sel(4)] = 0.0009404553
E[P_sel(5)] = 0.0006621142
E[P_sel(6)] = 0.0005117620
E[P_sel(7)] = 0.0004126394
E[P_sel(8)] = 0.0003548096
E[P_sel(9)] = 0.0003034786
E[P_sel(10)] = 0.0002755438
E[P_sel(11)] = 0.0002448139
E[P_sel(12)] = 0.0002373083
E[P_sel(13)] = 0.0002188814
E[P_sel(14)] = 0.0002051730
E[P_sel(15)] = 0.0002066546
E[P_sel(16)] = 0.0002043788
E[P_sel(17)] = 0.0002174905
E[P_sel(18)] = 0.0002234614
E[P_sel(19)] = 0.0002576781

---- Expected D_neut and D_sel (neutral and selected divergence per site) 
E[D_neut] = 0.0198268897
E[D_sel] = 0.0125461928

---- Expected neutral and selected misattributed polymorphism per site
E[mis_neut] = 0.0005447525
E[mis_sel] = 0.0003084596

---- alpha_div = 0.192519
---- alpha_dfe = 0.192756

