---- Running command
---- ./polyDFE -d Mmc/429.polyDFE.config.txt -m C -e 
---- Performing inference using model C

---- Performing inference on Mmc/429.polyDFE.config.txt
---- No mutation variability. Using Poisson likelihood.


---- Calculating initial values

-- Starting local optimization
-- Optimizing all parameters
  it        eps_an        lambda     theta_bar           S_d             b           p_b           S_b           r 2           r 3           r 4           r 5           r 6           r 7           r 8           r 9          r 10          r 11          r 12          r 13          r 14          r 15          r 16          r 17          r 18          r 19          r 20           ln lk          grad status 
   0           0.1 0.01926582499 0.01136514508        -20000         0.208           0.1            20 0.86947880974 0.73379966859 0.64224829850 0.58321076739 0.55620516202 0.54109271639 0.53903848802 0.53286013615 0.54966261341 0.55912428679 0.58815505879 0.62412281574 0.66670828471 0.74872299355 0.86210904938 1.09919296672 1.56832485618             1             1 -1115877.813377 23156.8221437   -2 
 972 0.00129129787 0.01929503966 0.01014650760 -76.803998242 0.12581163786 0.03038859401 5.25894119513 0.86372927382 0.72162532625 0.61996434039 0.55551406518 0.52727714486 0.50971522082 0.49754351081 0.48567137497 0.49360511028 0.48609327257 0.50811503819 0.51281702610 0.52689098526 0.55589991431 0.58477875013 0.64036887324 0.70205686722 0.80985839444 1.06493527006 -279.7444602637 0.03949383533   -3 
-- Local optimization: stuck in the same solution
---- Best joint likelihood found -279.744460263784276 with gradient 0.03949

---- Results for Mmc/429.polyDFE.config.txt 
--  Model: C
--        eps_an        lambda     theta_bar             a 
-- 0.00129129787 0.01929503966 0.01014650760            -1 
--           S_d             b           p_b           S_b 
-- -76.803998242 0.12581163786 0.03038859401 5.25894119513 
--           r 2           r 3           r 4           r 5           r 6           r 7           r 8           r 9          r 10          r 11          r 12          r 13          r 14          r 15          r 16          r 17          r 18          r 19          r 20 
-- 0.86372927382 0.72162532625 0.61996434039 0.55551406518 0.52727714486 0.50971522082 0.49754351081 0.48567137497 0.49360511028 0.48609327257 0.50811503819 0.51281702610 0.52689098526 0.55589991431 0.58477875013 0.64036887324 0.70205686722 0.80985839444 1.06493527006 

---- Expected P_neut(i), 0 < i < n (neutral SFS per site) 
E[P_neut(1)] = 0.0101339639
E[P_neut(2)] = 0.0043767705
E[P_neut(3)] = 0.0024380009
E[P_neut(4)] = 0.0015710664
E[P_neut(5)] = 0.0011263354
E[P_neut(6)] = 0.0008910119
E[P_neut(7)] = 0.0007383956
E[P_neut(8)] = 0.0006307810
E[P_neut(9)] = 0.0005474129
E[P_neut(10)] = 0.0005008368
E[P_neut(11)] = 0.0004485052
E[P_neut(12)] = 0.0004298928
E[P_neut(13)] = 0.0004006912
E[P_neut(14)] = 0.0003825228
E[P_neut(15)] = 0.0003769996
E[P_neut(16)] = 0.0003723932
E[P_neut(17)] = 0.0003848644
E[P_neut(18)] = 0.0004008932
E[P_neut(19)] = 0.0004450297

---- Expected P_sel(i), 0 < i < n (selected SFS per site) 
E[P_sel(1)] = 0.0072390975
E[P_sel(2)] = 0.0028219830
E[P_sel(3)] = 0.0014939166
E[P_sel(4)] = 0.0009324122
E[P_sel(5)] = 0.0006536722
E[P_sel(6)] = 0.0005086054
E[P_sel(7)] = 0.0004162204
E[P_sel(8)] = 0.0003521680
E[P_sel(9)] = 0.0003034424
E[P_sel(10)] = 0.0002762197
E[P_sel(11)] = 0.0002465862
E[P_sel(12)] = 0.0002360630
E[P_sel(13)] = 0.0002201903
E[P_sel(14)] = 0.0002108135
E[P_sel(15)] = 0.0002088827
E[P_sel(16)] = 0.0002080536
E[P_sel(17)] = 0.0002176362
E[P_sel(18)] = 0.0002306746
E[P_sel(19)] = 0.0002631276

---- Expected D_neut and D_sel (neutral and selected divergence per site) 
E[D_neut] = 0.0198353084
E[D_sel] = 0.0125143072

---- Expected neutral and selected misattributed polymorphism per site
E[mis_neut] = 0.0005402687
E[mis_sel] = 0.0003271915

---- alpha_div = 0.264847
---- alpha_dfe = 0.264749

