---- Running command
---- ./polyDFE -d Mmc/43.polyDFE.config.txt -m C -e 
---- Performing inference using model C

---- Performing inference on Mmc/43.polyDFE.config.txt
---- No mutation variability. Using Poisson likelihood.


---- Calculating initial values

-- Starting local optimization
-- Optimizing all parameters
  it        eps_an        lambda     theta_bar           S_d             b           p_b           S_b           r 2           r 3           r 4           r 5           r 6           r 7           r 8           r 9          r 10          r 11          r 12          r 13          r 14          r 15          r 16          r 17          r 18          r 19          r 20           ln lk          grad status 
   0           0.1 0.01926771713 0.01134778390        -20000         0.208           0.1            20 0.87433413274 0.73105955878 0.64459355211 0.58568247183 0.55148956326 0.53733796968 0.53690391557 0.52884933546 0.56049361128 0.55381547661 0.59588081335 0.62284178179 0.66689793462 0.75484552489 0.86054639993 1.10610206957 1.58835945057             1             1 -1118773.049343 23207.5488426   -2 
 692 0.00079879445 0.01926469820 0.01013916942 -83.477571705 0.11951206919 0.01997956726 7.37521119419 0.86378998022 0.71761979208 0.61952322342 0.55891639432 0.52447333801 0.50791132042 0.49415085020 0.48550580870 0.49913871552 0.48321300345 0.51368563761 0.51648110904 0.52618664462 0.56006297455 0.58922422027 0.65009821175 0.70956161055 0.81855749561 1.13086197780 -278.6117305817 0.03704503961   -8 
-- Local optimization: reached maximum number of likelihood evaluations allowed.
---- Best joint likelihood found -278.611730581789743 with gradient 0.03705

---- Results for Mmc/43.polyDFE.config.txt 
--  Model: C
--        eps_an        lambda     theta_bar             a 
-- 0.00079879445 0.01926469820 0.01013916942            -1 
--           S_d             b           p_b           S_b 
-- -83.477571705 0.11951206919 0.01997956726 7.37521119419 
--           r 2           r 3           r 4           r 5           r 6           r 7           r 8           r 9          r 10          r 11          r 12          r 13          r 14          r 15          r 16          r 17          r 18          r 19          r 20 
-- 0.86378998022 0.71761979208 0.61952322342 0.55891639432 0.52447333801 0.50791132042 0.49415085020 0.48550580870 0.49913871552 0.48321300345 0.51368563761 0.51648110904 0.52618664462 0.56006297455 0.58922422027 0.65009821175 0.70956161055 0.81855749561 1.13086197780 

---- Expected P_neut(i), 0 < i < n (neutral SFS per site) 
E[P_neut(1)] = 0.0101314192
E[P_neut(2)] = 0.0043758778
E[P_neut(3)] = 0.0024237286
E[P_neut(4)] = 0.0015694066
E[P_neut(5)] = 0.0011327867
E[P_neut(6)] = 0.0008858838
E[P_neut(7)] = 0.0007354197
E[P_neut(8)] = 0.0006261313
E[P_neut(9)] = 0.0005468773
E[P_neut(10)] = 0.0005060852
E[P_neut(11)] = 0.0004454792
E[P_neut(12)] = 0.0004341824
E[P_neut(13)] = 0.0004030882
E[P_neut(14)] = 0.0003814818
E[P_neut(15)] = 0.0003791745
E[P_neut(16)] = 0.0003743464
E[P_neut(17)] = 0.0003893603
E[P_neut(18)] = 0.0004028657
E[P_neut(19)] = 0.0004445656

---- Expected P_sel(i), 0 < i < n (selected SFS per site) 
E[P_sel(1)] = 0.0072230512
E[P_sel(2)] = 0.0028215758
E[P_sel(3)] = 0.0014866464
E[P_sel(4)] = 0.0009326353
E[P_sel(5)] = 0.0006582232
E[P_sel(6)] = 0.0005061328
E[P_sel(7)] = 0.0004146952
E[P_sel(8)] = 0.0003494535
E[P_sel(9)] = 0.0003027797
E[P_sel(10)] = 0.0002784921
E[P_sel(11)] = 0.0002440896
E[P_sel(12)] = 0.0002372937
E[P_sel(13)] = 0.0002201405
E[P_sel(14)] = 0.0002086122
E[P_sel(15)] = 0.0002081162
E[P_sel(16)] = 0.0002068401
E[P_sel(17)] = 0.0002174279
E[P_sel(18)] = 0.0002286731
E[P_sel(19)] = 0.0002592009

---- Expected D_neut and D_sel (neutral and selected divergence per site) 
E[D_neut] = 0.0198379983
E[D_sel] = 0.0124872176

---- Expected neutral and selected misattributed polymorphism per site
E[mis_neut] = 0.0005733001
E[mis_sel] = 0.0003437687

---- alpha_div = 0.239900
---- alpha_dfe = 0.239653

