---- Running command
---- ./polyDFE -d Mmc/430.polyDFE.config.txt -m C -e 
---- Performing inference using model C

---- Performing inference on Mmc/430.polyDFE.config.txt
---- No mutation variability. Using Poisson likelihood.


---- Calculating initial values

-- Starting local optimization
-- Optimizing all parameters
  it        eps_an        lambda     theta_bar           S_d             b           p_b           S_b           r 2           r 3           r 4           r 5           r 6           r 7           r 8           r 9          r 10          r 11          r 12          r 13          r 14          r 15          r 16          r 17          r 18          r 19          r 20           ln lk          grad status 
   0           0.1 0.01927788667  0.0113581345        -20000         0.208           0.1            20 0.87281164327 0.73518223763 0.64467001496 0.58459399680 0.55941398868 0.53993662944 0.54289525233 0.52976664295 0.55665599431 0.55488597994 0.59765738076 0.62284286610 0.65861729841 0.74618298037 0.86012358541 1.11233430797 1.57300458190             1             1 -1115602.338704 23155.9218889   -2 
 465 0.00316467976 0.01933557361 0.01017745204 -82.258647766 0.11984303905 0.01816328813 8.17472211969 0.86351243101 0.71724593856 0.61966841695 0.55534232027 0.52934117651 0.50614943228 0.50160623298 0.48467436101 0.49695644378 0.48427494533 0.51084801679 0.51319786611 0.51617152133 0.55254770071 0.57931249781 0.64491598859 0.68430394357 0.76699010511 1.00487354300 -275.6663647305 0.27732137851   -3 
-- Local optimization: stuck in the same solution
---- Best joint likelihood found -275.666364730583155 with gradient 0.27732

---- Results for Mmc/430.polyDFE.config.txt 
--  Model: C
--        eps_an        lambda     theta_bar             a 
-- 0.00316467976 0.01933557361 0.01017745204            -1 
--           S_d             b           p_b           S_b 
-- -82.258647766 0.11984303905 0.01816328813 8.17472211969 
--           r 2           r 3           r 4           r 5           r 6           r 7           r 8           r 9          r 10          r 11          r 12          r 13          r 14          r 15          r 16          r 17          r 18          r 19          r 20 
-- 0.86351243101 0.71724593856 0.61966841695 0.55534232027 0.52934117651 0.50614943228 0.50160623298 0.48467436101 0.49695644378 0.48427494533 0.51084801679 0.51319786611 0.51617152133 0.55254770071 0.57931249781 0.64491598859 0.68430394357 0.76699010511 1.00487354300 

---- Expected P_neut(i), 0 < i < n (neutral SFS per site) 
E[P_neut(1)] = 0.0101465438
E[P_neut(2)] = 0.0043814965
E[P_neut(3)] = 0.0024267668
E[P_neut(4)] = 0.0015728379
E[P_neut(5)] = 0.0011280031
E[P_neut(6)] = 0.0008962367
E[P_neut(7)] = 0.0007348442
E[P_neut(8)] = 0.0006374858
E[P_neut(9)] = 0.0005477668
E[P_neut(10)] = 0.0005057750
E[P_neut(11)] = 0.0004483788
E[P_neut(12)] = 0.0004339093
E[P_neut(13)] = 0.0004028302
E[P_neut(14)] = 0.0003768905
E[P_neut(15)] = 0.0003772927
E[P_neut(16)] = 0.0003723188
E[P_neut(17)] = 0.0003925728
E[P_neut(18)] = 0.0003995967
E[P_neut(19)] = 0.0004417506

---- Expected P_sel(i), 0 < i < n (selected SFS per site) 
E[P_sel(1)] = 0.0072341997
E[P_sel(2)] = 0.0028238102
E[P_sel(3)] = 0.0014871719
E[P_sel(4)] = 0.0009335241
E[P_sel(5)] = 0.0006544419
E[P_sel(6)] = 0.0005111238
E[P_sel(7)] = 0.0004135108
E[P_sel(8)] = 0.0003549575
E[P_sel(9)] = 0.0003024815
E[P_sel(10)] = 0.0002775217
E[P_sel(11)] = 0.0002449072
E[P_sel(12)] = 0.0002363384
E[P_sel(13)] = 0.0002191988
E[P_sel(14)] = 0.0002053128
E[P_sel(15)] = 0.0002062675
E[P_sel(16)] = 0.0002049384
E[P_sel(17)] = 0.0002185298
E[P_sel(18)] = 0.0002266611
E[P_sel(19)] = 0.0002600156

---- Expected D_neut and D_sel (neutral and selected divergence per site) 
E[D_neut] = 0.0198469262
E[D_sel] = 0.0125221935

---- Expected neutral and selected misattributed polymorphism per site
E[mis_neut] = 0.0005113526
E[mis_sel] = 0.0003060519

---- alpha_div = 0.240008
---- alpha_dfe = 0.239911

