---- Running command
---- ./polyDFE -d Mmc/431.polyDFE.config.txt -m C -e 
---- Performing inference using model C

---- Performing inference on Mmc/431.polyDFE.config.txt
---- No mutation variability. Using Poisson likelihood.


---- Calculating initial values

-- Starting local optimization
-- Optimizing all parameters
  it        eps_an        lambda     theta_bar           S_d             b           p_b           S_b           r 2           r 3           r 4           r 5           r 6           r 7           r 8           r 9          r 10          r 11          r 12          r 13          r 14          r 15          r 16          r 17          r 18          r 19          r 20           ln lk          grad status 
   0           0.1 0.01929112145 0.01132403068        -20000         0.208           0.1            20 0.87400974966 0.73789450054 0.64630010014 0.58461041343 0.55605445632 0.53944381472 0.53920530724 0.52938573816 0.55352093066 0.55529339063 0.60093482748 0.63051598218 0.67763515741 0.75300912138 0.87603033679 1.11262749394 1.58721901412             1             1 -1116891.317933 23179.2445760   -2 
 866 0.00108521515 0.01930582120 0.01011583234 -74.290960661 0.12317534812 0.01746981976 8.63933114032 0.86634525215 0.72305003823 0.62092004785 0.55632203916 0.52777055951 0.50851832454 0.49857402567 0.48494198490 0.49554712638 0.48575919648 0.51981823821 0.52152114329 0.53631696731 0.56165465853 0.59460420440 0.64638078204 0.71579404078 0.81755843821 1.09202325182 -270.3723565855 0.03685323473   -3 
-- Local optimization: stuck in the same solution
---- Best joint likelihood found -270.372356585576199 with gradient 0.03685

---- Results for Mmc/431.polyDFE.config.txt 
--  Model: C
--        eps_an        lambda     theta_bar             a 
-- 0.00108521515 0.01930582120 0.01011583234            -1 
--           S_d             b           p_b           S_b 
-- -74.290960661 0.12317534812 0.01746981976 8.63933114032 
--           r 2           r 3           r 4           r 5           r 6           r 7           r 8           r 9          r 10          r 11          r 12          r 13          r 14          r 15          r 16          r 17          r 18          r 19          r 20 
-- 0.86634525215 0.72305003823 0.62092004785 0.55632203916 0.52777055951 0.50851832454 0.49857402567 0.48494198490 0.49554712638 0.48575919648 0.51981823821 0.52152114329 0.53631696731 0.56165465853 0.59460420440 0.64638078204 0.71579404078 0.81755843821 1.09202325182 

---- Expected P_neut(i), 0 < i < n (neutral SFS per site) 
E[P_neut(1)] = 0.0101053269
E[P_neut(2)] = 0.0043775829
E[P_neut(3)] = 0.0024358559
E[P_neut(4)] = 0.0015689847
E[P_neut(5)] = 0.0011247217
E[P_neut(6)] = 0.0008892613
E[P_neut(7)] = 0.0007345124
E[P_neut(8)] = 0.0006302278
E[P_neut(9)] = 0.0005449590
E[P_neut(10)] = 0.0005012872
E[P_neut(11)] = 0.0004468211
E[P_neut(12)] = 0.0004384081
E[P_neut(13)] = 0.0004061741
E[P_neut(14)] = 0.0003880660
E[P_neut(15)] = 0.0003795840
E[P_neut(16)] = 0.0003772284
E[P_neut(17)] = 0.0003868567
E[P_neut(18)] = 0.0004065883
E[P_neut(19)] = 0.0004457836

---- Expected P_sel(i), 0 < i < n (selected SFS per site) 
E[P_sel(1)] = 0.0072356311
E[P_sel(2)] = 0.0028279554
E[P_sel(3)] = 0.0014942301
E[P_sel(4)] = 0.0009312655
E[P_sel(5)] = 0.0006520769
E[P_sel(6)] = 0.0005064814
E[P_sel(7)] = 0.0004125718
E[P_sel(8)] = 0.0003501196
E[P_sel(9)] = 0.0003001255
E[P_sel(10)] = 0.0002742196
E[P_sel(11)] = 0.0002432253
E[P_sel(12)] = 0.0002378953
E[P_sel(13)] = 0.0002201190
E[P_sel(14)] = 0.0002104693
E[P_sel(15)] = 0.0002065383
E[P_sel(16)] = 0.0002065726
E[P_sel(17)] = 0.0002141180
E[P_sel(18)] = 0.0002289434
E[P_sel(19)] = 0.0002587547

---- Expected D_neut and D_sel (neutral and selected divergence per site) 
E[D_neut] = 0.0198581574
E[D_sel] = 0.0125387652

---- Expected neutral and selected misattributed polymorphism per site
E[mis_neut] = 0.0005523362
E[mis_sel] = 0.0003298942

---- alpha_div = 0.243222
---- alpha_dfe = 0.243152

