---- Running command
---- ./polyDFE -d Mmc/432.polyDFE.config.txt -m C -e 
---- Performing inference using model C

---- Performing inference on Mmc/432.polyDFE.config.txt
---- No mutation variability. Using Poisson likelihood.


---- Calculating initial values

-- Starting local optimization
-- Optimizing all parameters
  it        eps_an        lambda     theta_bar           S_d             b           p_b           S_b           r 2           r 3           r 4           r 5           r 6           r 7           r 8           r 9          r 10          r 11          r 12          r 13          r 14          r 15          r 16          r 17          r 18          r 19          r 20           ln lk          grad status 
   0           0.1 0.01928017835 0.01137201924        -20000         0.208           0.1            20 0.87264980174 0.73564368200 0.64144328162 0.57808697133 0.55907949921 0.53927089331 0.53641662586 0.52970372009 0.55237689947 0.55568571799 0.59839436380 0.61941912221 0.66842770079 0.74455758806 0.85922868094 1.09902763827 1.58626292520             1             1 -1120001.855785 23227.5370810   -2 
 908 0.00052083995 0.01922818364 0.01014555887 -78.716358602 0.12346337719 0.02398468483 6.40048080959 0.86663076771 0.72377444282 0.61917704541 0.55302733242 0.52723766180 0.50599843253 0.49548116133 0.48324635082 0.49527856189 0.48572938876 0.51741276641 0.51023319580 0.52620982656 0.55934073148 0.59049111079 0.63836521104 0.71395176827 0.82918184489 1.22459136116 -276.4741502305 0.04109959117   -3 
-- Local optimization: stuck in the same solution
---- Best joint likelihood found -276.474150230540545 with gradient 0.04110

---- Results for Mmc/432.polyDFE.config.txt 
--  Model: C
--        eps_an        lambda     theta_bar             a 
-- 0.00052083995 0.01922818364 0.01014555887            -1 
--           S_d             b           p_b           S_b 
-- -78.716358602 0.12346337719 0.02398468483 6.40048080959 
--           r 2           r 3           r 4           r 5           r 6           r 7           r 8           r 9          r 10          r 11          r 12          r 13          r 14          r 15          r 16          r 17          r 18          r 19          r 20 
-- 0.86663076771 0.72377444282 0.61917704541 0.55302733242 0.52723766180 0.50599843253 0.49548116133 0.48324635082 0.49527856189 0.48572938876 0.51741276641 0.51023319580 0.52620982656 0.55934073148 0.59049111079 0.63836521104 0.71395176827 0.82918184489 1.22459136116 

---- Expected P_neut(i), 0 < i < n (neutral SFS per site) 
E[P_neut(1)] = 0.0101405053
E[P_neut(2)] = 0.0043941466
E[P_neut(3)] = 0.0024466223
E[P_neut(4)] = 0.0015698513
E[P_neut(5)] = 0.0011217669
E[P_neut(6)] = 0.0008912544
E[P_neut(7)] = 0.0007332021
E[P_neut(8)] = 0.0006282672
E[P_neut(9)] = 0.0005447056
E[P_neut(10)] = 0.0005024878
E[P_neut(11)] = 0.0004480500
E[P_neut(12)] = 0.0004375529
E[P_neut(13)] = 0.0003983746
E[P_neut(14)] = 0.0003816009
E[P_neut(15)] = 0.0003787090
E[P_neut(16)] = 0.0003750518
E[P_neut(17)] = 0.0003820512
E[P_neut(18)] = 0.0004044935
E[P_neut(19)] = 0.0004478175

---- Expected P_sel(i), 0 < i < n (selected SFS per site) 
E[P_sel(1)] = 0.0072341750
E[P_sel(2)] = 0.0028301332
E[P_sel(3)] = 0.0014975455
E[P_sel(4)] = 0.0009304717
E[P_sel(5)] = 0.0006499597
E[P_sel(6)] = 0.0005077063
E[P_sel(7)] = 0.0004122501
E[P_sel(8)] = 0.0003496853
E[P_sel(9)] = 0.0003008255
E[P_sel(10)] = 0.0002759156
E[P_sel(11)] = 0.0002450713
E[P_sel(12)] = 0.0002388406
E[P_sel(13)] = 0.0002174256
E[P_sel(14)] = 0.0002086812
E[P_sel(15)] = 0.0002080156
E[P_sel(16)] = 0.0002075389
E[P_sel(17)] = 0.0002138086
E[P_sel(18)] = 0.0002301551
E[P_sel(19)] = 0.0002613779

---- Expected D_neut and D_sel (neutral and selected divergence per site) 
E[D_neut] = 0.0198493918
E[D_sel] = 0.0124858522

---- Expected neutral and selected misattributed polymorphism per site
E[mis_neut] = 0.0006212082
E[mis_sel] = 0.0003733557

---- alpha_div = 0.251696
---- alpha_dfe = 0.251641

