---- Running command
---- ./polyDFE -d Mmc/433.polyDFE.config.txt -m C -e 
---- Performing inference using model C

---- Performing inference on Mmc/433.polyDFE.config.txt
---- No mutation variability. Using Poisson likelihood.


---- Calculating initial values

-- Starting local optimization
-- Optimizing all parameters
  it        eps_an        lambda     theta_bar           S_d             b           p_b           S_b           r 2           r 3           r 4           r 5           r 6           r 7           r 8           r 9          r 10          r 11          r 12          r 13          r 14          r 15          r 16          r 17          r 18          r 19          r 20           ln lk          grad status 
   0           0.1 0.01930671491 0.01133570733        -20000         0.208           0.1            20 0.87607319612 0.73294938758 0.64250237090 0.58239611350 0.55875333990 0.54127930203 0.54243440043 0.52988161151 0.55840944718 0.55053760642 0.59184267990 0.62052146320 0.67571991311 0.75314650351 0.87316645145 1.11355796989 1.58173602903             1             1 -1120711.545399 23220.0477775   -2 
 295 0.00530449296 0.01934798482 0.01017740401 -86.826930966 0.11284791942 0.00785455337 16.7006436593 0.86482104344 0.71947122194 0.61690424370 0.55233086281 0.52570781135 0.50805848931 0.49588748254 0.48256443278 0.49373114662 0.47975580266 0.51014424245 0.50802916790 0.52825648709 0.56087368897 0.58820985074 0.64168259453 0.67840579857 0.73473815035 1.03453639332 -296.2935750762 0.21082827040   -8 
-- Local optimization: reached maximum number of likelihood evaluations allowed.
---- Best joint likelihood found -296.293575076269917 with gradient 0.21083

---- Results for Mmc/433.polyDFE.config.txt 
--  Model: C
--        eps_an        lambda     theta_bar             a 
-- 0.00530449296 0.01934798482 0.01017740401            -1 
--           S_d             b           p_b           S_b 
-- -86.826930966 0.11284791942 0.00785455337 16.7006436593 
--           r 2           r 3           r 4           r 5           r 6           r 7           r 8           r 9          r 10          r 11          r 12          r 13          r 14          r 15          r 16          r 17          r 18          r 19          r 20 
-- 0.86482104344 0.71947122194 0.61690424370 0.55233086281 0.52570781135 0.50805848931 0.49588748254 0.48256443278 0.49373114662 0.47975580266 0.51014424245 0.50802916790 0.52825648709 0.56087368897 0.58820985074 0.64168259453 0.67840579857 0.73473815035 1.03453639332 

---- Expected P_neut(i), 0 < i < n (neutral SFS per site) 
E[P_neut(1)] = 0.0101255057
E[P_neut(2)] = 0.0043795072
E[P_neut(3)] = 0.0024298737
E[P_neut(4)] = 0.0015632796
E[P_neut(5)] = 0.0011203139
E[P_neut(6)] = 0.0008890304
E[P_neut(7)] = 0.0007368652
E[P_neut(8)] = 0.0006298046
E[P_neut(9)] = 0.0005451547
E[P_neut(10)] = 0.0005024901
E[P_neut(11)] = 0.0004444190
E[P_neut(12)] = 0.0004337133
E[P_neut(13)] = 0.0003995330
E[P_neut(14)] = 0.0003867131
E[P_neut(15)] = 0.0003844942
E[P_neut(16)] = 0.0003804944
E[P_neut(17)] = 0.0003950660
E[P_neut(18)] = 0.0004048877
E[P_neut(19)] = 0.0004454629

---- Expected P_sel(i), 0 < i < n (selected SFS per site) 
E[P_sel(1)] = 0.0072436929
E[P_sel(2)] = 0.0028406740
E[P_sel(3)] = 0.0015005090
E[P_sel(4)] = 0.0009353450
E[P_sel(5)] = 0.0006551684
E[P_sel(6)] = 0.0005108364
E[P_sel(7)] = 0.0004174722
E[P_sel(8)] = 0.0003527193
E[P_sel(9)] = 0.0003024124
E[P_sel(10)] = 0.0002765565
E[P_sel(11)] = 0.0002430414
E[P_sel(12)] = 0.0002360166
E[P_sel(13)] = 0.0002166703
E[P_sel(14)] = 0.0002093504
E[P_sel(15)] = 0.0002082205
E[P_sel(16)] = 0.0002067540
E[P_sel(17)] = 0.0002164346
E[P_sel(18)] = 0.0002258882
E[P_sel(19)] = 0.0002610205

---- Expected D_neut and D_sel (neutral and selected divergence per site) 
E[D_neut] = 0.0198744296
E[D_sel] = 0.0125249361

---- Expected neutral and selected misattributed polymorphism per site
E[mis_neut] = 0.0005264447
E[mis_sel] = 0.0003084662

---- alpha_div = 0.208962
---- alpha_dfe = 0.208878

