---- Running command
---- ./polyDFE -d Mmc/434.polyDFE.config.txt -m C -e 
---- Performing inference using model C

---- Performing inference on Mmc/434.polyDFE.config.txt
---- No mutation variability. Using Poisson likelihood.


---- Calculating initial values

-- Starting local optimization
-- Optimizing all parameters
  it        eps_an        lambda     theta_bar           S_d             b           p_b           S_b           r 2           r 3           r 4           r 5           r 6           r 7           r 8           r 9          r 10          r 11          r 12          r 13          r 14          r 15          r 16          r 17          r 18          r 19          r 20           ln lk          grad status 
   0           0.1 0.01926797463 0.01133153243        -20000         0.208           0.1            20 0.87807949212 0.73817428783 0.64783732598 0.57915942050 0.56242879219 0.53979156551 0.54053199130 0.53131233218 0.55338759332 0.56015667334 0.59350130799 0.62665910951 0.66867488802 0.75516417893 0.86838505520 1.10790352969 1.58719295978             1             1 -1113536.558841 23133.0799357   -2 
 276 0.00357956700 0.01932777190 0.01017157132 -96.848518763 0.10831213647 0.00264929006 47.5113996854 0.86461834297 0.71860763217 0.62080482903 0.54932084907 0.52979565493 0.50593342677 0.49384643676 0.48003771003 0.49174472424 0.48321468506 0.51040926162 0.51682170398 0.52543158749 0.56123132254 0.58875224568 0.64238583205 0.70506525721 0.80151962288 0.99305068094 -299.2927175682 0.23667875541   -3 
-- Local optimization: stuck in the same solution
---- Best joint likelihood found -299.292717568212538 with gradient 0.23668

---- Results for Mmc/434.polyDFE.config.txt 
--  Model: C
--        eps_an        lambda     theta_bar             a 
-- 0.00357956700 0.01932777190 0.01017157132            -1 
--           S_d             b           p_b           S_b 
-- -96.848518763 0.10831213647 0.00264929006 47.5113996854 
--           r 2           r 3           r 4           r 5           r 6           r 7           r 8           r 9          r 10          r 11          r 12          r 13          r 14          r 15          r 16          r 17          r 18          r 19          r 20 
-- 0.86461834297 0.71860763217 0.62080482903 0.54932084907 0.52979565493 0.50593342677 0.49384643676 0.48003771003 0.49174472424 0.48321468506 0.51040926162 0.51682170398 0.52543158749 0.56123132254 0.58875224568 0.64238583205 0.70506525721 0.80151962288 0.99305068094 

---- Expected P_neut(i), 0 < i < n (neutral SFS per site) 
E[P_neut(1)] = 0.0101366975
E[P_neut(2)] = 0.0043829495
E[P_neut(3)] = 0.0024291106
E[P_neut(4)] = 0.0015743291
E[P_neut(5)] = 0.0011148534
E[P_neut(6)] = 0.0008962939
E[P_neut(7)] = 0.0007339785
E[P_neut(8)] = 0.0006272003
E[P_neut(9)] = 0.0005421838
E[P_neut(10)] = 0.0005001817
E[P_neut(11)] = 0.0004471655
E[P_neut(12)] = 0.0004333376
E[P_neut(13)] = 0.0004055601
E[P_neut(14)] = 0.0003835960
E[P_neut(15)] = 0.0003832115
E[P_neut(16)] = 0.0003785945
E[P_neut(17)] = 0.0003917029
E[P_neut(18)] = 0.0004127375
E[P_neut(19)] = 0.0004639641

---- Expected P_sel(i), 0 < i < n (selected SFS per site) 
E[P_sel(1)] = 0.0072242100
E[P_sel(2)] = 0.0028374598
E[P_sel(3)] = 0.0014986236
E[P_sel(4)] = 0.0009414620
E[P_sel(5)] = 0.0006516832
E[P_sel(6)] = 0.0005146915
E[P_sel(7)] = 0.0004154179
E[P_sel(8)] = 0.0003507015
E[P_sel(9)] = 0.0003000450
E[P_sel(10)] = 0.0002743433
E[P_sel(11)] = 0.0002433864
E[P_sel(12)] = 0.0002343105
E[P_sel(13)] = 0.0002180848
E[P_sel(14)] = 0.0002053779
E[P_sel(15)] = 0.0002045561
E[P_sel(16)] = 0.0002019037
E[P_sel(17)] = 0.0002094118
E[P_sel(18)] = 0.0002229547
E[P_sel(19)] = 0.0002603671

---- Expected D_neut and D_sel (neutral and selected divergence per site) 
E[D_neut] = 0.0198328162
E[D_sel] = 0.0125360989

---- Expected neutral and selected misattributed polymorphism per site
E[mis_neut] = 0.0005050443
E[mis_sel] = 0.0002851881

---- alpha_div = 0.198562
---- alpha_dfe = 0.198723

