---- Running command
---- ./polyDFE -d Mmc/435.polyDFE.config.txt -m C -e 
---- Performing inference using model C

---- Performing inference on Mmc/435.polyDFE.config.txt
---- No mutation variability. Using Poisson likelihood.


---- Calculating initial values

-- Starting local optimization
-- Optimizing all parameters
  it        eps_an        lambda     theta_bar           S_d             b           p_b           S_b           r 2           r 3           r 4           r 5           r 6           r 7           r 8           r 9          r 10          r 11          r 12          r 13          r 14          r 15          r 16          r 17          r 18          r 19          r 20           ln lk          grad status 
   0           0.1 0.01929332479 0.01135492272        -20000         0.208           0.1            20 0.87222224239 0.73556674793 0.64556853228 0.58330118425 0.55120228405 0.53666709805 0.53843062880 0.52951650146 0.55126719471 0.55523778740 0.58622919323 0.61992344760 0.65600169195 0.75638747881 0.86297285157 1.11154905424 1.59333939792             1             1 -1117791.825592 23174.6038445   -2 
 848 0.00081505644 0.01930350165 0.01014198800 -78.064275892 0.12205199928 0.02365216952 6.40048034244 0.86395810778 0.71954700483 0.62219332340 0.55612391655 0.52306959047 0.50778880622 0.49578200321 0.48523718544 0.49522237128 0.48522696503 0.50659703782 0.51146112749 0.52020345094 0.55911928432 0.58320620159 0.65168117080 0.72281131282 0.82447240024 1.10425583212 -273.1883455233 0.11559562990   -3 
-- Local optimization: stuck in the same solution
---- Best joint likelihood found -273.188345523332828 with gradient 0.11560

---- Results for Mmc/435.polyDFE.config.txt 
--  Model: C
--        eps_an        lambda     theta_bar             a 
-- 0.00081505644 0.01930350165 0.01014198800            -1 
--           S_d             b           p_b           S_b 
-- -78.064275892 0.12205199928 0.02365216952 6.40048034244 
--           r 2           r 3           r 4           r 5           r 6           r 7           r 8           r 9          r 10          r 11          r 12          r 13          r 14          r 15          r 16          r 17          r 18          r 19          r 20 
-- 0.86395810778 0.71954700483 0.62219332340 0.55612391655 0.52306959047 0.50778880622 0.49578200321 0.48523718544 0.49522237128 0.48522696503 0.50659703782 0.51146112749 0.52020345094 0.55911928432 0.58320620159 0.65168117080 0.72281131282 0.82447240024 1.10425583212 

---- Expected P_neut(i), 0 < i < n (neutral SFS per site) 
E[P_neut(1)] = 0.0101340804
E[P_neut(2)] = 0.0043778875
E[P_neut(3)] = 0.0024308799
E[P_neut(4)] = 0.0015765848
E[P_neut(5)] = 0.0011274291
E[P_neut(6)] = 0.0008837474
E[P_neut(7)] = 0.0007354381
E[P_neut(8)] = 0.0006283636
E[P_neut(9)] = 0.0005467267
E[P_neut(10)] = 0.0005022539
E[P_neut(11)] = 0.0004474598
E[P_neut(12)] = 0.0004283217
E[P_neut(13)] = 0.0003992923
E[P_neut(14)] = 0.0003772633
E[P_neut(15)] = 0.0003786500
E[P_neut(16)] = 0.0003706639
E[P_neut(17)] = 0.0003904506
E[P_neut(18)] = 0.0004105025
E[P_neut(19)] = 0.0004480018

---- Expected P_sel(i), 0 < i < n (selected SFS per site) 
E[P_sel(1)] = 0.0072534186
E[P_sel(2)] = 0.0028321023
E[P_sel(3)] = 0.0014952821
E[P_sel(4)] = 0.0009394003
E[P_sel(5)] = 0.0006568357
E[P_sel(6)] = 0.0005062782
E[P_sel(7)] = 0.0004158911
E[P_sel(8)] = 0.0003517801
E[P_sel(9)] = 0.0003037163
E[P_sel(10)] = 0.0002774121
E[P_sel(11)] = 0.0002461876
E[P_sel(12)] = 0.0002351676
E[P_sel(13)] = 0.0002191851
E[P_sel(14)] = 0.0002074808
E[P_sel(15)] = 0.0002091370
E[P_sel(16)] = 0.0002062160
E[P_sel(17)] = 0.0002196437
E[P_sel(18)] = 0.0002347626
E[P_sel(19)] = 0.0002629694

---- Expected D_neut and D_sel (neutral and selected divergence per site) 
E[D_neut] = 0.0198634691
E[D_sel] = 0.0125310065

---- Expected neutral and selected misattributed polymorphism per site
E[mis_neut] = 0.0005599675
E[mis_sel] = 0.0003377541

---- alpha_div = 0.247677
---- alpha_dfe = 0.247474

