---- Running command
---- ./polyDFE -d Mmc/436.polyDFE.config.txt -m C -e 
---- Performing inference using model C

---- Performing inference on Mmc/436.polyDFE.config.txt
---- No mutation variability. Using Poisson likelihood.


---- Calculating initial values

-- Starting local optimization
-- Optimizing all parameters
  it        eps_an        lambda     theta_bar           S_d             b           p_b           S_b           r 2           r 3           r 4           r 5           r 6           r 7           r 8           r 9          r 10          r 11          r 12          r 13          r 14          r 15          r 16          r 17          r 18          r 19          r 20           ln lk          grad status 
   0           0.1 0.01929485377 0.01137774762        -20000         0.208           0.1            20 0.87069059963 0.73194490156 0.64236224678 0.58301542438 0.56175765661 0.53135159273 0.53899645996 0.53364644825 0.55567692968 0.55721908932 0.60081441166 0.62659995506 0.66524156601 0.75997027201 0.86535554577 1.09760286295 1.58082244257             1             1 -1114569.609156 23141.8741120   -2 
 508 0.00122276212 0.01926075704 0.01016375920 -75.372623559 0.12356621519 0.02096906528 7.37526796970 0.86341385168 0.71814977021 0.61707279394 0.55642165072 0.53453740409 0.50156551842 0.49532682916 0.48503558823 0.49657255863 0.48615379562 0.51841932359 0.52159245107 0.52291642543 0.56636032595 0.59072147021 0.63957292449 0.71231748136 0.81936498106 1.18852391517 -278.1835741018 0.04896183136   -8 
-- Local optimization: reached maximum number of likelihood evaluations allowed.
---- Best joint likelihood found -278.183574101829436 with gradient 0.04896

---- Results for Mmc/436.polyDFE.config.txt 
--  Model: C
--        eps_an        lambda     theta_bar             a 
-- 0.00122276212 0.01926075704 0.01016375920            -1 
--           S_d             b           p_b           S_b 
-- -75.372623559 0.12356621519 0.02096906528 7.37526796970 
--           r 2           r 3           r 4           r 5           r 6           r 7           r 8           r 9          r 10          r 11          r 12          r 13          r 14          r 15          r 16          r 17          r 18          r 19          r 20 
-- 0.86341385168 0.71814977021 0.61707279394 0.55642165072 0.53453740409 0.50156551842 0.49532682916 0.48503558823 0.49657255863 0.48615379562 0.51841932359 0.52159245107 0.52291642543 0.56636032595 0.59072147021 0.63957292449 0.71231748136 0.81936498106 1.18852391517 

---- Expected P_neut(i), 0 < i < n (neutral SFS per site) 
E[P_neut(1)] = 0.0101518673
E[P_neut(2)] = 0.0043828919
E[P_neut(3)] = 0.0024305263
E[P_neut(4)] = 0.0015664864
E[P_neut(5)] = 0.0011301534
E[P_neut(6)] = 0.0009048419
E[P_neut(7)] = 0.0007278640
E[P_neut(8)] = 0.0006290652
E[P_neut(9)] = 0.0005476334
E[P_neut(10)] = 0.0005047044
E[P_neut(11)] = 0.0004493160
E[P_neut(12)] = 0.0004393233
E[P_neut(13)] = 0.0004081872
E[P_neut(14)] = 0.0003802713
E[P_neut(15)] = 0.0003846704
E[P_neut(16)] = 0.0003767053
E[P_neut(17)] = 0.0003848878
E[P_neut(18)] = 0.0004070858
E[P_neut(19)] = 0.0004501987

---- Expected P_sel(i), 0 < i < n (selected SFS per site) 
E[P_sel(1)] = 0.0072643000
E[P_sel(2)] = 0.0028305037
E[P_sel(3)] = 0.0014910513
E[P_sel(4)] = 0.0009301921
E[P_sel(5)] = 0.0006557721
E[P_sel(6)] = 0.0005159991
E[P_sel(7)] = 0.0004095286
E[P_sel(8)] = 0.0003502309
E[P_sel(9)] = 0.0003024073
E[P_sel(10)] = 0.0002769843
E[P_sel(11)] = 0.0002455260
E[P_sel(12)] = 0.0002394692
E[P_sel(13)] = 0.0002223692
E[P_sel(14)] = 0.0002074840
E[P_sel(15)] = 0.0002107357
E[P_sel(16)] = 0.0002078641
E[P_sel(17)] = 0.0002148138
E[P_sel(18)] = 0.0002312345
E[P_sel(19)] = 0.0002633351

---- Expected D_neut and D_sel (neutral and selected divergence per site) 
E[D_neut] = 0.0198647506
E[D_sel] = 0.0125691318

---- Expected neutral and selected misattributed polymorphism per site
E[mis_neut] = 0.0006039935
E[mis_sel] = 0.0003632547

---- alpha_div = 0.250272
---- alpha_dfe = 0.250186

