---- Running command
---- ./polyDFE -d Mmc/437.polyDFE.config.txt -m C -e 
---- Performing inference using model C

---- Performing inference on Mmc/437.polyDFE.config.txt
---- No mutation variability. Using Poisson likelihood.


---- Calculating initial values

-- Starting local optimization
-- Optimizing all parameters
  it        eps_an        lambda     theta_bar           S_d             b           p_b           S_b           r 2           r 3           r 4           r 5           r 6           r 7           r 8           r 9          r 10          r 11          r 12          r 13          r 14          r 15          r 16          r 17          r 18          r 19          r 20           ln lk          grad status 
   0           0.1 0.01924044103 0.01136933490        -20000         0.208           0.1            20 0.87046443103 0.73342010608 0.63940109221 0.58161606031 0.55616898221 0.54210048483 0.53792348593 0.53084577423 0.55405096081 0.54998587621 0.58936777970 0.62501970386 0.66166367175 0.74929677587 0.86292515360 1.11673120011 1.57803550738             1             1 -1112227.248151 23056.2943860   -2 
 322 0.00287678452 0.01923287393 0.01016816002 -76.451417235 0.12231488618 0.02079508846 7.37529688903 0.86377250498 0.71955400916 0.61763497096 0.55540480802 0.52467474565 0.51019920592 0.49385019818 0.48299159826 0.49322891762 0.48350261681 0.51177976992 0.51587689320 0.52229344300 0.55598796006 0.58409069247 0.64370892256 0.69437107100 0.76962472045 1.13735786031 -283.8804608542 0.22879899920   -8 
-- Local optimization: reached maximum number of likelihood evaluations allowed.
---- Best joint likelihood found -283.880460854285047 with gradient 0.22880

---- Results for Mmc/437.polyDFE.config.txt 
--  Model: C
--        eps_an        lambda     theta_bar             a 
-- 0.00287678452 0.01923287393 0.01016816002            -1 
--           S_d             b           p_b           S_b 
-- -76.451417235 0.12231488618 0.02079508846 7.37529688903 
--           r 2           r 3           r 4           r 5           r 6           r 7           r 8           r 9          r 10          r 11          r 12          r 13          r 14          r 15          r 16          r 17          r 18          r 19          r 20 
-- 0.86377250498 0.71955400916 0.61763497096 0.55540480802 0.52467474565 0.51019920592 0.49385019818 0.48299159826 0.49322891762 0.48350261681 0.51177976992 0.51587689320 0.52229344300 0.55598796006 0.58409069247 0.64370892256 0.69437107100 0.76962472045 1.13735786031 

---- Expected P_neut(i), 0 < i < n (neutral SFS per site) 
E[P_neut(1)] = 0.0101400933
E[P_neut(2)] = 0.0043799836
E[P_neut(3)] = 0.0024329384
E[P_neut(4)] = 0.0015666040
E[P_neut(5)] = 0.0011273239
E[P_neut(6)] = 0.0008876961
E[P_neut(7)] = 0.0007401412
E[P_neut(8)] = 0.0006271353
E[P_neut(9)] = 0.0005453977
E[P_neut(10)] = 0.0005015231
E[P_neut(11)] = 0.0004472233
E[P_neut(12)] = 0.0004342131
E[P_neut(13)] = 0.0004044727
E[P_neut(14)] = 0.0003808069
E[P_neut(15)] = 0.0003790567
E[P_neut(16)] = 0.0003746443
E[P_neut(17)] = 0.0003909281
E[P_neut(18)] = 0.0004037536
E[P_neut(19)] = 0.0004399440

---- Expected P_sel(i), 0 < i < n (selected SFS per site) 
E[P_sel(1)] = 0.0072606906
E[P_sel(2)] = 0.0028328157
E[P_sel(3)] = 0.0014954412
E[P_sel(4)] = 0.0009323580
E[P_sel(5)] = 0.0006557443
E[P_sel(6)] = 0.0005075520
E[P_sel(7)] = 0.0004175832
E[P_sel(8)] = 0.0003501522
E[P_sel(9)] = 0.0003020554
E[P_sel(10)] = 0.0002760623
E[P_sel(11)] = 0.0002451263
E[P_sel(12)] = 0.0002374135
E[P_sel(13)] = 0.0002210337
E[P_sel(14)] = 0.0002084325
E[P_sel(15)] = 0.0002083291
E[P_sel(16)] = 0.0002074218
E[P_sel(17)] = 0.0002189940
E[P_sel(18)] = 0.0002304857
E[P_sel(19)] = 0.0002601809

---- Expected D_neut and D_sel (neutral and selected divergence per site) 
E[D_neut] = 0.0198111158
E[D_sel] = 0.0125528838

---- Expected neutral and selected misattributed polymorphism per site
E[mis_neut] = 0.0005782418
E[mis_sel] = 0.0003484147

---- alpha_div = 0.247965
---- alpha_dfe = 0.247780

