---- Running command
---- ./polyDFE -d Mmc/438.polyDFE.config.txt -m C -e 
---- Performing inference using model C

---- Performing inference on Mmc/438.polyDFE.config.txt
---- No mutation variability. Using Poisson likelihood.


---- Calculating initial values

-- Starting local optimization
-- Optimizing all parameters
  it        eps_an        lambda     theta_bar           S_d             b           p_b           S_b           r 2           r 3           r 4           r 5           r 6           r 7           r 8           r 9          r 10          r 11          r 12          r 13          r 14          r 15          r 16          r 17          r 18          r 19          r 20           ln lk          grad status 
   0           0.1 0.01929222418 0.01133348740        -20000         0.208           0.1            20 0.87540246387 0.73605723218 0.64720591145 0.58124030859 0.56267180134 0.53967755968 0.53280448481 0.53230754968 0.55509956745 0.56733918794 0.58532704107 0.62816918169 0.67423251627 0.75302843874 0.86817418443 1.12241441251 1.59303489870             1             1 -1116260.790416 23155.0530728   -2 
 585 0.00157348638 0.01931961330 0.01013013309 -72.438833870 0.12508818768 0.01946641478 7.88472907031 0.86720163455 0.72157689463 0.62083190377 0.55509375185 0.53086588530 0.50822283698 0.49297371755 0.48559837172 0.49630402959 0.49796076564 0.50844936582 0.52014293525 0.53076906169 0.56200076532 0.59140219010 0.65580053925 0.70771540271 0.80643411644 1.06840866137 -280.1354441027 0.03520418643   -8 
-- Local optimization: reached maximum number of likelihood evaluations allowed.
---- Best joint likelihood found -280.135444102706970 with gradient 0.03520

---- Results for Mmc/438.polyDFE.config.txt 
--  Model: C
--        eps_an        lambda     theta_bar             a 
-- 0.00157348638 0.01931961330 0.01013013309            -1 
--           S_d             b           p_b           S_b 
-- -72.438833870 0.12508818768 0.01946641478 7.88472907031 
--           r 2           r 3           r 4           r 5           r 6           r 7           r 8           r 9          r 10          r 11          r 12          r 13          r 14          r 15          r 16          r 17          r 18          r 19          r 20 
-- 0.86720163455 0.72157689463 0.62083190377 0.55509375185 0.53086588530 0.50822283698 0.49297371755 0.48559837172 0.49630402959 0.49796076564 0.50844936582 0.52014293525 0.53076906169 0.56200076532 0.59140219010 0.65580053925 0.70771540271 0.80643411644 1.06840866137 

---- Expected P_neut(i), 0 < i < n (neutral SFS per site) 
E[P_neut(1)] = 0.0101148700
E[P_neut(2)] = 0.0043861493
E[P_neut(3)] = 0.0024333377
E[P_neut(4)] = 0.0015703927
E[P_neut(5)] = 0.0011234623
E[P_neut(6)] = 0.0008954843
E[P_neut(7)] = 0.0007349612
E[P_neut(8)] = 0.0006239293
E[P_neut(9)] = 0.0005464367
E[P_neut(10)] = 0.0005027626
E[P_neut(11)] = 0.0004587211
E[P_neut(12)] = 0.0004295285
E[P_neut(13)] = 0.0004058362
E[P_neut(14)] = 0.0003848604
E[P_neut(15)] = 0.0003807152
E[P_neut(16)] = 0.0003763212
E[P_neut(17)] = 0.0003940041
E[P_neut(18)] = 0.0004045765
E[P_neut(19)] = 0.0004452255

---- Expected P_sel(i), 0 < i < n (selected SFS per site) 
E[P_sel(1)] = 0.0072439210
E[P_sel(2)] = 0.0028317053
E[P_sel(3)] = 0.0014910806
E[P_sel(4)] = 0.0009308865
E[P_sel(5)] = 0.0006504305
E[P_sel(6)] = 0.0005092996
E[P_sel(7)] = 0.0004122558
E[P_sel(8)] = 0.0003461795
E[P_sel(9)] = 0.0003006031
E[P_sel(10)] = 0.0002747763
E[P_sel(11)] = 0.0002495399
E[P_sel(12)] = 0.0002329970
E[P_sel(13)] = 0.0002199409
E[P_sel(14)] = 0.0002088245
E[P_sel(15)] = 0.0002073458
E[P_sel(16)] = 0.0002063790
E[P_sel(17)] = 0.0002185220
E[P_sel(18)] = 0.0002284456
E[P_sel(19)] = 0.0002595033

---- Expected D_neut and D_sel (neutral and selected divergence per site) 
E[D_neut] = 0.0198607694
E[D_sel] = 0.0125268176

---- Expected neutral and selected misattributed polymorphism per site
E[mis_neut] = 0.0005411561
E[mis_sel] = 0.0003236600

---- alpha_div = 0.248566
---- alpha_dfe = 0.248409

