---- Running command
---- ./polyDFE -d Mmc/439.polyDFE.config.txt -m C -e 
---- Performing inference using model C

---- Performing inference on Mmc/439.polyDFE.config.txt
---- No mutation variability. Using Poisson likelihood.


---- Calculating initial values

-- Starting local optimization
-- Optimizing all parameters
  it        eps_an        lambda     theta_bar           S_d             b           p_b           S_b           r 2           r 3           r 4           r 5           r 6           r 7           r 8           r 9          r 10          r 11          r 12          r 13          r 14          r 15          r 16          r 17          r 18          r 19          r 20           ln lk          grad status 
   0           0.1 0.01929985173 0.01134238390        -20000         0.208           0.1            20 0.87563384416 0.73587559715 0.64227468144 0.58380019510 0.55878999767 0.54236469932 0.53755014329 0.53361366539 0.55220009664 0.56226523533 0.59641682596 0.62155663074 0.67599876870 0.75389503939 0.86097573759 1.11327317454 1.57875206691             1             1 -1119491.973062 23217.1320246   -2 
 546 0.00356473238 0.01935855432 0.01015599247 -78.659208432 0.11945806192 0.01304064223 10.9955631501 0.86708603008 0.72012472324 0.62055639659 0.55577224259 0.52817584834 0.50959850650 0.49558844058 0.48806793039 0.49416860947 0.48775509458 0.51137435953 0.51085351262 0.52944043248 0.55739939903 0.58706158347 0.64193705650 0.68876965888 0.76466563863 1.00263452533 -279.2655585816 0.94235778350   -3 
-- Local optimization: stuck in the same solution
---- Best joint likelihood found -279.265558581639198 with gradient 0.94236

---- Results for Mmc/439.polyDFE.config.txt 
--  Model: C
--        eps_an        lambda     theta_bar             a 
-- 0.00356473238 0.01935855432 0.01015599247            -1 
--           S_d             b           p_b           S_b 
-- -78.659208432 0.11945806192 0.01304064223 10.9955631501 
--           r 2           r 3           r 4           r 5           r 6           r 7           r 8           r 9          r 10          r 11          r 12          r 13          r 14          r 15          r 16          r 17          r 18          r 19          r 20 
-- 0.86708603008 0.72012472324 0.62055639659 0.55577224259 0.52817584834 0.50959850650 0.49558844058 0.48806793039 0.49416860947 0.48775509458 0.51137435953 0.51085351262 0.52944043248 0.55739939903 0.58706158347 0.64193705650 0.68876965888 0.76466563863 1.00263452533 

---- Expected P_neut(i), 0 < i < n (neutral SFS per site) 
E[P_neut(1)] = 0.0101212461
E[P_neut(2)] = 0.0043887492
E[P_neut(3)] = 0.0024305372
E[P_neut(4)] = 0.0015713033
E[P_neut(5)] = 0.0011262049
E[P_neut(6)] = 0.0008922071
E[P_neut(7)] = 0.0007381412
E[P_neut(8)] = 0.0006284491
E[P_neut(9)] = 0.0005503991
E[P_neut(10)] = 0.0005018773
E[P_neut(11)] = 0.0004506886
E[P_neut(12)] = 0.0004334928
E[P_neut(13)] = 0.0004003071
E[P_neut(14)] = 0.0003858888
E[P_neut(15)] = 0.0003800751
E[P_neut(16)] = 0.0003769253
E[P_neut(17)] = 0.0003908237
E[P_neut(18)] = 0.0004029293
E[P_neut(19)] = 0.0004434800

---- Expected P_sel(i), 0 < i < n (selected SFS per site) 
E[P_sel(1)] = 0.0072380475
E[P_sel(2)] = 0.0028358200
E[P_sel(3)] = 0.0014924385
E[P_sel(4)] = 0.0009338843
E[P_sel(5)] = 0.0006538715
E[P_sel(6)] = 0.0005088525
E[P_sel(7)] = 0.0004150926
E[P_sel(8)] = 0.0003494263
E[P_sel(9)] = 0.0003032485
E[P_sel(10)] = 0.0002745106
E[P_sel(11)] = 0.0002451441
E[P_sel(12)] = 0.0002348706
E[P_sel(13)] = 0.0002164218
E[P_sel(14)] = 0.0002085849
E[P_sel(15)] = 0.0002058940
E[P_sel(16)] = 0.0002053001
E[P_sel(17)] = 0.0002150424
E[P_sel(18)] = 0.0002258875
E[P_sel(19)] = 0.0002590966

---- Expected D_neut and D_sel (neutral and selected divergence per site) 
E[D_neut] = 0.0198676918
E[D_sel] = 0.0125235904

---- Expected neutral and selected misattributed polymorphism per site
E[mis_neut] = 0.0005091374
E[mis_sel] = 0.0003015873

---- alpha_div = 0.229882
---- alpha_dfe = 0.229840

