---- Running command
---- ./polyDFE -d Mmc/44.polyDFE.config.txt -m C -e 
---- Performing inference using model C

---- Performing inference on Mmc/44.polyDFE.config.txt
---- No mutation variability. Using Poisson likelihood.


---- Calculating initial values

-- Starting local optimization
-- Optimizing all parameters
  it        eps_an        lambda     theta_bar           S_d             b           p_b           S_b           r 2           r 3           r 4           r 5           r 6           r 7           r 8           r 9          r 10          r 11          r 12          r 13          r 14          r 15          r 16          r 17          r 18          r 19          r 20           ln lk          grad status 
   0           0.1 0.01926945408 0.01133240917        -20000         0.208           0.1            20 0.87443025746 0.73756017197 0.64658209762 0.58711384994 0.55543052999 0.53781772061 0.54287289164 0.53031844792 0.55092503103 0.55660476935 0.59807372392 0.62545801483 0.66414046939 0.76043444339 0.86107993242 1.11105003334 1.59273635375             1             1 -1117135.661687 23163.6218880   -2 
 619 0.00085749146 0.01931803649 0.01012500204 -66.893663421 0.12971267046 0.02408367018 6.68515435752 0.86537604822 0.72249407915 0.62272516178 0.55679721139 0.52958609800 0.50790546247 0.49834161680 0.48545462386 0.49544193095 0.48658282856 0.51494415156 0.51514414456 0.52537995098 0.56786402584 0.58644279593 0.65029495591 0.71305534700 0.82476931600 1.02618103777 -276.7302141783 0.10405382780   -3 
-- Local optimization: stuck in the same solution
---- Best joint likelihood found -276.730214178300230 with gradient 0.10405

---- Results for Mmc/44.polyDFE.config.txt 
--  Model: C
--        eps_an        lambda     theta_bar             a 
-- 0.00085749146 0.01931803649 0.01012500204            -1 
--           S_d             b           p_b           S_b 
-- -66.893663421 0.12971267046 0.02408367018 6.68515435752 
--           r 2           r 3           r 4           r 5           r 6           r 7           r 8           r 9          r 10          r 11          r 12          r 13          r 14          r 15          r 16          r 17          r 18          r 19          r 20 
-- 0.86537604822 0.72249407915 0.62272516178 0.55679721139 0.52958609800 0.50790546247 0.49834161680 0.48545462386 0.49544193095 0.48658282856 0.51494415156 0.51514414456 0.52537995098 0.56786402584 0.58644279593 0.65029495591 0.71305534700 0.82476931600 1.02618103777 

---- Expected P_neut(i), 0 < i < n (neutral SFS per site) 
E[P_neut(1)] = 0.0101166968
E[P_neut(2)] = 0.0043775544
E[P_neut(3)] = 0.0024366592
E[P_neut(4)] = 0.0015752400
E[P_neut(5)] = 0.0011268764
E[P_neut(6)] = 0.0008932362
E[P_neut(7)] = 0.0007343632
E[P_neut(8)] = 0.0006305455
E[P_neut(9)] = 0.0005460523
E[P_neut(10)] = 0.0005016351
E[P_neut(11)] = 0.0004479617
E[P_neut(12)] = 0.0004346525
E[P_neut(13)] = 0.0004015040
E[P_neut(14)] = 0.0003804029
E[P_neut(15)] = 0.0003839464
E[P_neut(16)] = 0.0003721418
E[P_neut(17)] = 0.0003890669
E[P_neut(18)] = 0.0004045064
E[P_neut(19)] = 0.0004478205

---- Expected P_sel(i), 0 < i < n (selected SFS per site) 
E[P_sel(1)] = 0.0072657088
E[P_sel(2)] = 0.0028291707
E[P_sel(3)] = 0.0014931505
E[P_sel(4)] = 0.0009332565
E[P_sel(5)] = 0.0006518758
E[P_sel(6)] = 0.0005075658
E[P_sel(7)] = 0.0004115786
E[P_sel(8)] = 0.0003496263
E[P_sel(9)] = 0.0003002892
E[P_sel(10)] = 0.0002741774
E[P_sel(11)] = 0.0002438255
E[P_sel(12)] = 0.0002360537
E[P_sel(13)] = 0.0002180025
E[P_sel(14)] = 0.0002069584
E[P_sel(15)] = 0.0002098463
E[P_sel(16)] = 0.0002049866
E[P_sel(17)] = 0.0002168879
E[P_sel(18)] = 0.0002295684
E[P_sel(19)] = 0.0002614924

---- Expected D_neut and D_sel (neutral and selected divergence per site) 
E[D_neut] = 0.0198375408
E[D_sel] = 0.0125365127

---- Expected neutral and selected misattributed polymorphism per site
E[mis_neut] = 0.0005195043
E[mis_sel] = 0.0003124498

---- alpha_div = 0.262225
---- alpha_dfe = 0.262102

