---- Running command
---- ./polyDFE -d Mmc/440.polyDFE.config.txt -m C -e 
---- Performing inference using model C

---- Performing inference on Mmc/440.polyDFE.config.txt
---- No mutation variability. Using Poisson likelihood.


---- Calculating initial values

-- Starting local optimization
-- Optimizing all parameters
  it        eps_an        lambda     theta_bar           S_d             b           p_b           S_b           r 2           r 3           r 4           r 5           r 6           r 7           r 8           r 9          r 10          r 11          r 12          r 13          r 14          r 15          r 16          r 17          r 18          r 19          r 20           ln lk          grad status 
   0           0.1 0.01931415198 0.01134492796        -20000         0.208           0.1            20 0.87425699450 0.73418305323 0.63883505704 0.58311530548 0.56293819776 0.53557866857 0.53492678740 0.53014653730 0.55682083598 0.54856521790 0.59395456291 0.62115892061 0.67296241724 0.74944180871 0.86664755435 1.10673186119 1.57962435605             1             1 -1118488.768750 23196.5596800   -2 
 496 0.00084117314 0.01933564472 0.01012952642 -74.941151989 0.12424041206 0.02393937792 6.41761914944 0.86614459852 0.72147066124 0.61789190364 0.55645961656 0.53226594302 0.50493606943 0.49448100905 0.48454837144 0.49318296971 0.47810912771 0.51483430491 0.51516161481 0.52485128028 0.55765842888 0.59730428923 0.65052679284 0.70696383896 0.82641132916 1.08067818777 -278.2584501774 0.02625180708   -3 
-- Local optimization: stuck in the same solution
---- Best joint likelihood found -278.258450177498162 with gradient 0.02625

---- Results for Mmc/440.polyDFE.config.txt 
--  Model: C
--        eps_an        lambda     theta_bar             a 
-- 0.00084117314 0.01933564472 0.01012952642            -1 
--           S_d             b           p_b           S_b 
-- -74.941151989 0.12424041206 0.02393937792 6.41761914944 
--           r 2           r 3           r 4           r 5           r 6           r 7           r 8           r 9          r 10          r 11          r 12          r 13          r 14          r 15          r 16          r 17          r 18          r 19          r 20 
-- 0.86614459852 0.72147066124 0.61789190364 0.55645961656 0.53226594302 0.50493606943 0.49448100905 0.48454837144 0.49318296971 0.47810912771 0.51483430491 0.51516161481 0.52485128028 0.55765842888 0.59730428923 0.65052679284 0.70696383896 0.82641132916 1.08067818777 

---- Expected P_neut(i), 0 < i < n (neutral SFS per site) 
E[P_neut(1)] = 0.0101213763
E[P_neut(2)] = 0.0043834619
E[P_neut(3)] = 0.0024343290
E[P_neut(4)] = 0.0015637400
E[P_neut(5)] = 0.0011267030
E[P_neut(6)] = 0.0008981639
E[P_neut(7)] = 0.0007304035
E[P_neut(8)] = 0.0006259462
E[P_neut(9)] = 0.0005452722
E[P_neut(10)] = 0.0004995710
E[P_neut(11)] = 0.0004403629
E[P_neut(12)] = 0.0004347467
E[P_neut(13)] = 0.0004016880
E[P_neut(14)] = 0.0003801861
E[P_neut(15)] = 0.0003772192
E[P_neut(16)] = 0.0003791487
E[P_neut(17)] = 0.0003893424
E[P_neut(18)] = 0.0004012004
E[P_neut(19)] = 0.0004487372

---- Expected P_sel(i), 0 < i < n (selected SFS per site) 
E[P_sel(1)] = 0.0072479271
E[P_sel(2)] = 0.0028334505
E[P_sel(3)] = 0.0014950080
E[P_sel(4)] = 0.0009297625
E[P_sel(5)] = 0.0006547672
E[P_sel(6)] = 0.0005131017
E[P_sel(7)] = 0.0004118019
E[P_sel(8)] = 0.0003493145
E[P_sel(9)] = 0.0003019084
E[P_sel(10)] = 0.0002749939
E[P_sel(11)] = 0.0002414464
E[P_sel(12)] = 0.0002378646
E[P_sel(13)] = 0.0002197343
E[P_sel(14)] = 0.0002083716
E[P_sel(15)] = 0.0002076511
E[P_sel(16)] = 0.0002102610
E[P_sel(17)] = 0.0002183690
E[P_sel(18)] = 0.0002288432
E[P_sel(19)] = 0.0002628542

---- Expected D_neut and D_sel (neutral and selected divergence per site) 
E[D_neut] = 0.0198829826
E[D_sel] = 0.0125329254

---- Expected neutral and selected misattributed polymorphism per site
E[mis_neut] = 0.0005473379
E[mis_sel] = 0.0003295800

---- alpha_div = 0.251455
---- alpha_dfe = 0.251322

