---- Running command
---- ./polyDFE -d Mmc/441.polyDFE.config.txt -m C -e 
---- Performing inference using model C

---- Performing inference on Mmc/441.polyDFE.config.txt
---- No mutation variability. Using Poisson likelihood.


---- Calculating initial values

-- Starting local optimization
-- Optimizing all parameters
  it        eps_an        lambda     theta_bar           S_d             b           p_b           S_b           r 2           r 3           r 4           r 5           r 6           r 7           r 8           r 9          r 10          r 11          r 12          r 13          r 14          r 15          r 16          r 17          r 18          r 19          r 20           ln lk          grad status 
   0           0.1 0.01923825287 0.01134542598        -20000         0.208           0.1            20 0.87271168874 0.73446333343 0.64700802115 0.58113619824 0.56114999717 0.53978192279 0.53787034814 0.53120616916 0.55631419070 0.55953669365 0.59025937624 0.62199966268 0.66486826135 0.75816933081 0.85875313227 1.11416821255 1.57264581580             1             1 -1114572.362962 23103.8433828   -2 
 399 0.00543703904 0.01929192324 0.01018931007 -90.300851763 0.11120443809 0.00572171096 22.7155622621 0.86223130138 0.71819814588 0.61911411902 0.55017628224 0.52815627262 0.50696644139 0.49446977475 0.48216043391 0.49280890270 0.48319459167 0.50542791493 0.51378915381 0.52114808930 0.56078441626 0.57788052293 0.63775890066 0.67652965506 0.73771116352 1.00398337966 -298.6326724404 0.40946725583   -3 
-- Local optimization: stuck in the same solution
---- Best joint likelihood found -298.632672440420720 with gradient 0.40947

---- Results for Mmc/441.polyDFE.config.txt 
--  Model: C
--        eps_an        lambda     theta_bar             a 
-- 0.00543703904 0.01929192324 0.01018931007            -1 
--           S_d             b           p_b           S_b 
-- -90.300851763 0.11120443809 0.00572171096 22.7155622621 
--           r 2           r 3           r 4           r 5           r 6           r 7           r 8           r 9          r 10          r 11          r 12          r 13          r 14          r 15          r 16          r 17          r 18          r 19          r 20 
-- 0.86223130138 0.71819814588 0.61911411902 0.55017628224 0.52815627262 0.50696644139 0.49446977475 0.48216043391 0.49280890270 0.48319459167 0.50542791493 0.51378915381 0.52114808930 0.56078441626 0.57788052293 0.63775890066 0.67652965506 0.73771116352 1.00398337966 

---- Expected P_neut(i), 0 < i < n (neutral SFS per site) 
E[P_neut(1)] = 0.0101360614
E[P_neut(2)] = 0.0043709696
E[P_neut(3)] = 0.0024281302
E[P_neut(4)] = 0.0015705127
E[P_neut(5)] = 0.0011171586
E[P_neut(6)] = 0.0008941103
E[P_neut(7)] = 0.0007361256
E[P_neut(8)] = 0.0006286974
E[P_neut(9)] = 0.0005453414
E[P_neut(10)] = 0.0005021383
E[P_neut(11)] = 0.0004481180
E[P_neut(12)] = 0.0004302543
E[P_neut(13)] = 0.0004045271
E[P_neut(14)] = 0.0003821100
E[P_neut(15)] = 0.0003849585
E[P_neut(16)] = 0.0003745865
E[P_neut(17)] = 0.0003934386
E[P_neut(18)] = 0.0004047665
E[P_neut(19)] = 0.0004488680

---- Expected P_sel(i), 0 < i < n (selected SFS per site) 
E[P_sel(1)] = 0.0072399548
E[P_sel(2)] = 0.0028324348
E[P_sel(3)] = 0.0014984627
E[P_sel(4)] = 0.0009391747
E[P_sel(5)] = 0.0006529719
E[P_sel(6)] = 0.0005134343
E[P_sel(7)] = 0.0004167220
E[P_sel(8)] = 0.0003517376
E[P_sel(9)] = 0.0003021119
E[P_sel(10)] = 0.0002758870
E[P_sel(11)] = 0.0002445255
E[P_sel(12)] = 0.0002334838
E[P_sel(13)] = 0.0002186125
E[P_sel(14)] = 0.0002059630
E[P_sel(15)] = 0.0002073489
E[P_sel(16)] = 0.0002022105
E[P_sel(17)] = 0.0002138341
E[P_sel(18)] = 0.0002237907
E[P_sel(19)] = 0.0002610422

---- Expected D_neut and D_sel (neutral and selected divergence per site) 
E[D_neut] = 0.0198034181
E[D_sel] = 0.0125081152

---- Expected neutral and selected misattributed polymorphism per site
E[mis_neut] = 0.0005114949
E[mis_sel] = 0.0002967854

---- alpha_div = 0.205769
---- alpha_dfe = 0.205949

