---- Running command
---- ./polyDFE -d Mmc/442.polyDFE.config.txt -m C -e 
---- Performing inference using model C

---- Performing inference on Mmc/442.polyDFE.config.txt
---- No mutation variability. Using Poisson likelihood.


---- Calculating initial values

-- Starting local optimization
-- Optimizing all parameters
  it        eps_an        lambda     theta_bar           S_d             b           p_b           S_b           r 2           r 3           r 4           r 5           r 6           r 7           r 8           r 9          r 10          r 11          r 12          r 13          r 14          r 15          r 16          r 17          r 18          r 19          r 20           ln lk          grad status 
   0           0.1 0.01925387273 0.01133838070        -20000         0.208           0.1            20 0.87299439873 0.73159925408 0.64646781176 0.58123040694 0.56158426041 0.53831814782 0.54245251818 0.52698864682 0.55454520313 0.55571635099 0.59671603194 0.61686637347 0.68008139617 0.75352003311 0.87513429642 1.10897355113 1.58869095446             1             1 -1113480.051318 23132.1066934   -2 
 708 0.00091585440 0.01929156865 0.01012480288 -80.683166016 0.12014464642 0.01915878292 7.82927579634 0.86507843504 0.72045169844 0.62026895718 0.55380316213 0.53098120389 0.50807987414 0.49970091801 0.48399591287 0.49636609844 0.48793596868 0.51365977259 0.51288806551 0.53447802557 0.56152867441 0.59736098712 0.64910058550 0.71679044180 0.82918540424 1.04879378549 -280.0668273107 0.02708668568   -3 
-- Local optimization: stuck in the same solution
---- Best joint likelihood found -280.066827310729423 with gradient 0.02709

---- Results for Mmc/442.polyDFE.config.txt 
--  Model: C
--        eps_an        lambda     theta_bar             a 
-- 0.00091585440 0.01929156865 0.01012480288            -1 
--           S_d             b           p_b           S_b 
-- -80.683166016 0.12014464642 0.01915878292 7.82927579634 
--           r 2           r 3           r 4           r 5           r 6           r 7           r 8           r 9          r 10          r 11          r 12          r 13          r 14          r 15          r 16          r 17          r 18          r 19          r 20 
-- 0.86507843504 0.72045169844 0.62026895718 0.55380316213 0.53098120389 0.50807987414 0.49970091801 0.48399591287 0.49636609844 0.48793596868 0.51365977259 0.51288806551 0.53447802557 0.56152867441 0.59736098712 0.64910058550 0.71679044180 0.82918540424 1.04879378549 

---- Expected P_neut(i), 0 < i < n (neutral SFS per site) 
E[P_neut(1)] = 0.0101159347
E[P_neut(2)] = 0.0043757327
E[P_neut(3)] = 0.0024296043
E[P_neut(4)] = 0.0015689335
E[P_neut(5)] = 0.0011207496
E[P_neut(6)] = 0.0008955467
E[P_neut(7)] = 0.0007345797
E[P_neut(8)] = 0.0006322394
E[P_neut(9)] = 0.0005443975
E[P_neut(10)] = 0.0005025609
E[P_neut(11)] = 0.0004492015
E[P_neut(12)] = 0.0004335743
E[P_neut(13)] = 0.0003997603
E[P_neut(14)] = 0.0003870012
E[P_neut(15)] = 0.0003797044
E[P_neut(16)] = 0.0003791019
E[P_neut(17)] = 0.0003884620
E[P_neut(18)] = 0.0004068284
E[P_neut(19)] = 0.0004507281

---- Expected P_sel(i), 0 < i < n (selected SFS per site) 
E[P_sel(1)] = 0.0072262587
E[P_sel(2)] = 0.0028259353
E[P_sel(3)] = 0.0014920895
E[P_sel(4)] = 0.0009332568
E[P_sel(5)] = 0.0006517163
E[P_sel(6)] = 0.0005119383
E[P_sel(7)] = 0.0004143798
E[P_sel(8)] = 0.0003529395
E[P_sel(9)] = 0.0003014257
E[P_sel(10)] = 0.0002765293
E[P_sel(11)] = 0.0002460734
E[P_sel(12)] = 0.0002368763
E[P_sel(13)] = 0.0002182187
E[P_sel(14)] = 0.0002115090
E[P_sel(15)] = 0.0002082757
E[P_sel(16)] = 0.0002093401
E[P_sel(17)] = 0.0002168323
E[P_sel(18)] = 0.0002309330
E[P_sel(19)] = 0.0002631832

---- Expected D_neut and D_sel (neutral and selected divergence per site) 
E[D_neut] = 0.0198225102
E[D_sel] = 0.0125404434

---- Expected neutral and selected misattributed polymorphism per site
E[mis_neut] = 0.0005309415
E[mis_sel] = 0.0003190251

---- alpha_div = 0.242265
---- alpha_dfe = 0.242118

