---- Running command
---- ./polyDFE -d Mmc/443.polyDFE.config.txt -m C -e 
---- Performing inference using model C

---- Performing inference on Mmc/443.polyDFE.config.txt
---- No mutation variability. Using Poisson likelihood.


---- Calculating initial values

-- Starting local optimization
-- Optimizing all parameters
  it        eps_an        lambda     theta_bar           S_d             b           p_b           S_b           r 2           r 3           r 4           r 5           r 6           r 7           r 8           r 9          r 10          r 11          r 12          r 13          r 14          r 15          r 16          r 17          r 18          r 19          r 20           ln lk          grad status 
   0           0.1 0.01925831981 0.01134341046        -20000         0.208           0.1            20 0.87403899943 0.73368963266 0.64758606124 0.58255429523 0.55998231979 0.54184809942 0.54122369180 0.53867465346 0.55563502744 0.56360704240 0.59131591041 0.62520586594 0.66634205250 0.75796470021 0.85248494022 1.11249695821 1.58235625898             1             1 -1111272.394619 23108.7839757   -2 
 682 0.00201737292 0.01931399645 0.01014257658 -73.925970981 0.12718526679 0.02695474872 6.03050169627 0.86575408225 0.72003966343 0.62470695097 0.55697978150 0.53006959817 0.50761270069 0.49990688732 0.49025018034 0.49548114940 0.48887051143 0.51444842345 0.51575053762 0.52371010336 0.56271937697 0.57945685066 0.64572481518 0.69857823376 0.80952127730 1.01439808643 -287.4071081571 0.10869685718   -3 
-- Local optimization: stuck in the same solution
---- Best joint likelihood found -287.407108157160110 with gradient 0.10870

---- Results for Mmc/443.polyDFE.config.txt 
--  Model: C
--        eps_an        lambda     theta_bar             a 
-- 0.00201737292 0.01931399645 0.01014257658            -1 
--           S_d             b           p_b           S_b 
-- -73.925970981 0.12718526679 0.02695474872 6.03050169627 
--           r 2           r 3           r 4           r 5           r 6           r 7           r 8           r 9          r 10          r 11          r 12          r 13          r 14          r 15          r 16          r 17          r 18          r 19          r 20 
-- 0.86575408225 0.72003966343 0.62470695097 0.55697978150 0.53006959817 0.50761270069 0.49990688732 0.49025018034 0.49548114940 0.48887051143 0.51444842345 0.51575053762 0.52371010336 0.56271937697 0.57945685066 0.64572481518 0.69857823376 0.80952127730 1.01439808643 

---- Expected P_neut(i), 0 < i < n (neutral SFS per site) 
E[P_neut(1)] = 0.0101229870
E[P_neut(2)] = 0.0043824254
E[P_neut(3)] = 0.0024302187
E[P_neut(4)] = 0.0015815800
E[P_neut(5)] = 0.0011283303
E[P_neut(6)] = 0.0008950030
E[P_neut(7)] = 0.0007348281
E[P_neut(8)] = 0.0006333916
E[P_neut(9)] = 0.0005522837
E[P_neut(10)] = 0.0005025456
E[P_neut(11)] = 0.0004509695
E[P_neut(12)] = 0.0004352208
E[P_neut(13)] = 0.0004030597
E[P_neut(14)] = 0.0003804544
E[P_neut(15)] = 0.0003820067
E[P_neut(16)] = 0.0003697787
E[P_neut(17)] = 0.0003893875
E[P_neut(18)] = 0.0004016956
E[P_neut(19)] = 0.0004517281

---- Expected P_sel(i), 0 < i < n (selected SFS per site) 
E[P_sel(1)] = 0.0072321231
E[P_sel(2)] = 0.0028219161
E[P_sel(3)] = 0.0014856973
E[P_sel(4)] = 0.0009357603
E[P_sel(5)] = 0.0006523947
E[P_sel(6)] = 0.0005086963
E[P_sel(7)] = 0.0004122218
E[P_sel(8)] = 0.0003517568
E[P_sel(9)] = 0.0003043834
E[P_sel(10)] = 0.0002754474
E[P_sel(11)] = 0.0002463035
E[P_sel(12)] = 0.0002373178
E[P_sel(13)] = 0.0002198680
E[P_sel(14)] = 0.0002080818
E[P_sel(15)] = 0.0002100198
E[P_sel(16)] = 0.0002050161
E[P_sel(17)] = 0.0002186201
E[P_sel(18)] = 0.0002298216
E[P_sel(19)] = 0.0002667485

---- Expected D_neut and D_sel (neutral and selected divergence per site) 
E[D_neut] = 0.0198284270
E[D_sel] = 0.0125489809

---- Expected neutral and selected misattributed polymorphism per site
E[mis_neut] = 0.0005144305
E[mis_sel] = 0.0003108457

---- alpha_div = 0.266087
---- alpha_dfe = 0.265845

