---- Running command
---- ./polyDFE -d Mmc/444.polyDFE.config.txt -m C -e 
---- Performing inference using model C

---- Performing inference on Mmc/444.polyDFE.config.txt
---- No mutation variability. Using Poisson likelihood.


---- Calculating initial values

-- Starting local optimization
-- Optimizing all parameters
  it        eps_an        lambda     theta_bar           S_d             b           p_b           S_b           r 2           r 3           r 4           r 5           r 6           r 7           r 8           r 9          r 10          r 11          r 12          r 13          r 14          r 15          r 16          r 17          r 18          r 19          r 20           ln lk          grad status 
   0           0.1 0.01928090388 0.01136412366        -20000         0.208           0.1            20 0.87073655149 0.73889235140 0.64593690096 0.58488567077 0.55589044951 0.53957425099 0.53862600457 0.52846431277 0.55218732935 0.55506478828 0.58894914174  0.6219453363 0.66894606010 0.75038211576 0.86386862980 1.10914296144 1.58318814608             1             1 -1117978.581133 23173.3377034   -2 
 570 0.00198415827 0.01932589156 0.01016083908 -76.989254650 0.12220976084 0.02022778999 7.42789012683 0.86414391644 0.72157578289 0.62319988362 0.55617390698 0.52576632645 0.50833171430 0.49778566665 0.48359116444 0.49534256277 0.48668783329 0.50896420273 0.51303377396 0.52618209968 0.55342001409 0.58864531065 0.63992998317 0.70323143976 0.80726889638 1.03529951874 -284.4034682162 0.14938224096   -8 
-- Local optimization: reached maximum number of likelihood evaluations allowed.
---- Best joint likelihood found -284.403468216245528 with gradient 0.14938

---- Results for Mmc/444.polyDFE.config.txt 
--  Model: C
--        eps_an        lambda     theta_bar             a 
-- 0.00198415827 0.01932589156 0.01016083908            -1 
--           S_d             b           p_b           S_b 
-- -76.989254650 0.12220976084 0.02022778999 7.42789012683 
--           r 2           r 3           r 4           r 5           r 6           r 7           r 8           r 9          r 10          r 11          r 12          r 13          r 14          r 15          r 16          r 17          r 18          r 19          r 20 
-- 0.86414391644 0.72157578289 0.62319988362 0.55617390698 0.52576632645 0.50833171430 0.49778566665 0.48359116444 0.49534256277 0.48668783329 0.50896420273 0.51303377396 0.52618209968 0.55342001409 0.58864531065 0.63992998317 0.70323143976 0.80726889638 1.03529951874 

---- Expected P_neut(i), 0 < i < n (neutral SFS per site) 
E[P_neut(1)] = 0.0101415350
E[P_neut(2)] = 0.0043822904
E[P_neut(3)] = 0.0024398482
E[P_neut(4)] = 0.0015806591
E[P_neut(5)] = 0.0011287400
E[P_neut(6)] = 0.0008893623
E[P_neut(7)] = 0.0007371997
E[P_neut(8)] = 0.0006318406
E[P_neut(9)] = 0.0005457745
E[P_neut(10)] = 0.0005033096
E[P_neut(11)] = 0.0004497510
E[P_neut(12)] = 0.0004313580
E[P_neut(13)] = 0.0004016572
E[P_neut(14)] = 0.0003828983
E[P_neut(15)] = 0.0003763795
E[P_neut(16)] = 0.0003762200
E[P_neut(17)] = 0.0003865741
E[P_neut(18)] = 0.0004048911
E[P_neut(19)] = 0.0004510162

---- Expected P_sel(i), 0 < i < n (selected SFS per site) 
E[P_sel(1)] = 0.0072558903
E[P_sel(2)] = 0.0028317348
E[P_sel(3)] = 0.0014982405
E[P_sel(4)] = 0.0009397602
E[P_sel(5)] = 0.0006558558
E[P_sel(6)] = 0.0005079176
E[P_sel(7)] = 0.0004154114
E[P_sel(8)] = 0.0003523142
E[P_sel(9)] = 0.0003018352
E[P_sel(10)] = 0.0002766209
E[P_sel(11)] = 0.0002461010
E[P_sel(12)] = 0.0002354233
E[P_sel(13)] = 0.0002190549
E[P_sel(14)] = 0.0002091095
E[P_sel(15)] = 0.0002063390
E[P_sel(16)] = 0.0002076923
E[P_sel(17)] = 0.0002158098
E[P_sel(18)] = 0.0002300748
E[P_sel(19)] = 0.0002645487

---- Expected D_neut and D_sel (neutral and selected divergence per site) 
E[D_neut] = 0.0198518672
E[D_sel] = 0.0125184886

---- Expected neutral and selected misattributed polymorphism per site
E[mis_neut] = 0.0005259756
E[mis_sel] = 0.0003155573

---- alpha_div = 0.244099
---- alpha_dfe = 0.243867

