---- Running command
---- ./polyDFE -d Mmc/445.polyDFE.config.txt -m C -e 
---- Performing inference using model C

---- Performing inference on Mmc/445.polyDFE.config.txt
---- No mutation variability. Using Poisson likelihood.


---- Calculating initial values

-- Starting local optimization
-- Optimizing all parameters
  it        eps_an        lambda     theta_bar           S_d             b           p_b           S_b           r 2           r 3           r 4           r 5           r 6           r 7           r 8           r 9          r 10          r 11          r 12          r 13          r 14          r 15          r 16          r 17          r 18          r 19          r 20           ln lk          grad status 
   0           0.1 0.01929805323 0.01133472327        -20000         0.208           0.1            20 0.87672366408 0.73812693133 0.64338218959 0.57849515804 0.55799710312 0.54634729385 0.53903034847 0.53283641431 0.55389175126 0.56014761407 0.59690291864 0.62620480095 0.65867714351 0.75714712379 0.86738939701 1.10353633594 1.59482739556             1             1 -1117339.323861 23158.5910252   -2 
 940 0.00154472654 0.01933486745 0.01012865311 -70.651467204 0.12795075885 0.02744085997 5.84372811064 0.86888664981 0.72260811786 0.61993818976 0.55379016355 0.53010083122 0.50990583631 0.49897591843 0.48913767242 0.49419777392 0.49009372393 0.51550925137 0.51784282137 0.52057454940 0.56009288426 0.58734629942 0.64081797288 0.70954272298 0.79916445647 1.04893467823 -266.8645151188 0.03846761539   -3 
-- Local optimization: stuck in the same solution
---- Best joint likelihood found -266.864515118853888 with gradient 0.03847

---- Results for Mmc/445.polyDFE.config.txt 
--  Model: C
--        eps_an        lambda     theta_bar             a 
-- 0.00154472654 0.01933486745 0.01012865311            -1 
--           S_d             b           p_b           S_b 
-- -70.651467204 0.12795075885 0.02744085997 5.84372811064 
--           r 2           r 3           r 4           r 5           r 6           r 7           r 8           r 9          r 10          r 11          r 12          r 13          r 14          r 15          r 16          r 17          r 18          r 19          r 20 
-- 0.86888664981 0.72260811786 0.61993818976 0.55379016355 0.53010083122 0.50990583631 0.49897591843 0.48913767242 0.49419777392 0.49009372393 0.51550925137 0.51784282137 0.52057454940 0.56009288426 0.58734629942 0.64081797288 0.70954272298 0.79916445647 1.04893467823 

---- Expected P_neut(i), 0 < i < n (neutral SFS per site) 
E[P_neut(1)] = 0.0101136652
E[P_neut(2)] = 0.0043941452
E[P_neut(3)] = 0.0024365035
E[P_neut(4)] = 0.0015679342
E[P_neut(5)] = 0.0011206810
E[P_neut(6)] = 0.0008940674
E[P_neut(7)] = 0.0007372920
E[P_neut(8)] = 0.0006314405
E[P_neut(9)] = 0.0005503252
E[P_neut(10)] = 0.0005005558
E[P_neut(11)] = 0.0004514250
E[P_neut(12)] = 0.0004354216
E[P_neut(13)] = 0.0004039819
E[P_neut(14)] = 0.0003774233
E[P_neut(15)] = 0.0003793478
E[P_neut(16)] = 0.0003736647
E[P_neut(17)] = 0.0003849802
E[P_neut(18)] = 0.0004054423
E[P_neut(19)] = 0.0004410121

---- Expected P_sel(i), 0 < i < n (selected SFS per site) 
E[P_sel(1)] = 0.0072528505
E[P_sel(2)] = 0.0028400287
E[P_sel(3)] = 0.0014948290
E[P_sel(4)] = 0.0009308500
E[P_sel(5)] = 0.0006501132
E[P_sel(6)] = 0.0005098011
E[P_sel(7)] = 0.0004149077
E[P_sel(8)] = 0.0003517577
E[P_sel(9)] = 0.0003042252
E[P_sel(10)] = 0.0002751754
E[P_sel(11)] = 0.0002472737
E[P_sel(12)] = 0.0002381061
E[P_sel(13)] = 0.0002209826
E[P_sel(14)] = 0.0002069735
E[P_sel(15)] = 0.0002090797
E[P_sel(16)] = 0.0002076350
E[P_sel(17)] = 0.0002165464
E[P_sel(18)] = 0.0002321989
E[P_sel(19)] = 0.0002601214

---- Expected D_neut and D_sel (neutral and selected divergence per site) 
E[D_neut] = 0.0198660822
E[D_sel] = 0.0125492712

---- Expected neutral and selected misattributed polymorphism per site
E[mis_neut] = 0.0005312148
E[mis_sel] = 0.0003209530

---- alpha_div = 0.263394
---- alpha_dfe = 0.263286

