---- Running command
---- ./polyDFE -d Mmc/446.polyDFE.config.txt -m C -e 
---- Performing inference using model C

---- Performing inference on Mmc/446.polyDFE.config.txt
---- No mutation variability. Using Poisson likelihood.


---- Calculating initial values

-- Starting local optimization
-- Optimizing all parameters
  it        eps_an        lambda     theta_bar           S_d             b           p_b           S_b           r 2           r 3           r 4           r 5           r 6           r 7           r 8           r 9          r 10          r 11          r 12          r 13          r 14          r 15          r 16          r 17          r 18          r 19          r 20           ln lk          grad status 
   0           0.1 0.01928176838 0.01135300854        -20000         0.208           0.1            20 0.86918053002 0.73384316092 0.64787217403 0.58782006962 0.56047600327 0.53875196057 0.53783818321 0.53133684583 0.56040201785 0.55956331560 0.58740815487 0.62072573700 0.67494572432 0.76014247681 0.86158683846 1.10742386750 1.56491415840             1             1 -1119145.110482 23176.6369682   -2 
 823 0.00086028363 0.01927398955 0.01013331582 -67.744880299 0.13144422652 0.03186323892 5.15101168325 0.86376693830 0.71886221063 0.62431786438 0.56290801080 0.52911329447 0.50939391558 0.49883182822 0.48534537612 0.49755008703 0.48960838405 0.51070831635 0.51305466265 0.53169862243 0.56175682920 0.58584077286 0.64874748437 0.70200940271 0.81379181508 1.13777951618 -286.7811796317 0.11935263048   -8 
-- Local optimization: reached maximum number of likelihood evaluations allowed.
---- Best joint likelihood found -286.781179631783743 with gradient 0.11935

---- Results for Mmc/446.polyDFE.config.txt 
--  Model: C
--        eps_an        lambda     theta_bar             a 
-- 0.00086028363 0.01927398955 0.01013331582            -1 
--           S_d             b           p_b           S_b 
-- -67.744880299 0.13144422652 0.03186323892 5.15101168325 
--           r 2           r 3           r 4           r 5           r 6           r 7           r 8           r 9          r 10          r 11          r 12          r 13          r 14          r 15          r 16          r 17          r 18          r 19          r 20 
-- 0.86376693830 0.71886221063 0.62431786438 0.56290801080 0.52911329447 0.50939391558 0.49883182822 0.48534537612 0.49755008703 0.48960838405 0.51070831635 0.51305466265 0.53169862243 0.56175682920 0.58584077286 0.64874748437 0.70200940271 0.81379181508 1.13777951618 

---- Expected P_neut(i), 0 < i < n (neutral SFS per site) 
E[P_neut(1)] = 0.0101249717
E[P_neut(2)] = 0.0043729866
E[P_neut(3)] = 0.0024263964
E[P_neut(4)] = 0.0015805611
E[P_neut(5)] = 0.0011401700
E[P_neut(6)] = 0.0008931743
E[P_neut(7)] = 0.0007371167
E[P_neut(8)] = 0.0006316800
E[P_neut(9)] = 0.0005463799
E[P_neut(10)] = 0.0005041832
E[P_neut(11)] = 0.0004511145
E[P_neut(12)] = 0.0004314366
E[P_neut(13)] = 0.0004002092
E[P_neut(14)] = 0.0003852855
E[P_neut(15)] = 0.0003801522
E[P_neut(16)] = 0.0003720733
E[P_neut(17)] = 0.0003884599
E[P_neut(18)] = 0.0003986296
E[P_neut(19)] = 0.0004423657

---- Expected P_sel(i), 0 < i < n (selected SFS per site) 
E[P_sel(1)] = 0.0072662993
E[P_sel(2)] = 0.0028248239
E[P_sel(3)] = 0.0014868063
E[P_sel(4)] = 0.0009368851
E[P_sel(5)] = 0.0006603020
E[P_sel(6)] = 0.0005084327
E[P_sel(7)] = 0.0004141516
E[P_sel(8)] = 0.0003513976
E[P_sel(9)] = 0.0003016964
E[P_sel(10)] = 0.0002769371
E[P_sel(11)] = 0.0002469872
E[P_sel(12)] = 0.0002359138
E[P_sel(13)] = 0.0002190052
E[P_sel(14)] = 0.0002114663
E[P_sel(15)] = 0.0002097987
E[P_sel(16)] = 0.0002070969
E[P_sel(17)] = 0.0002188937
E[P_sel(18)] = 0.0002285846
E[P_sel(19)] = 0.0002604076

---- Expected D_neut and D_sel (neutral and selected divergence per site) 
E[D_neut] = 0.0198504635
E[D_sel] = 0.0125048974

---- Expected neutral and selected misattributed polymorphism per site
E[mis_neut] = 0.0005764740
E[mis_sel] = 0.0003484458

---- alpha_div = 0.272815
---- alpha_dfe = 0.272739

