---- Running command
---- ./polyDFE -d Mmc/447.polyDFE.config.txt -m C -e 
---- Performing inference using model C

---- Performing inference on Mmc/447.polyDFE.config.txt
---- No mutation variability. Using Poisson likelihood.


---- Calculating initial values

-- Starting local optimization
-- Optimizing all parameters
  it        eps_an        lambda     theta_bar           S_d             b           p_b           S_b           r 2           r 3           r 4           r 5           r 6           r 7           r 8           r 9          r 10          r 11          r 12          r 13          r 14          r 15          r 16          r 17          r 18          r 19          r 20           ln lk          grad status 
   0           0.1 0.01927799161 0.01136963690        -20000         0.208           0.1            20 0.87262007082 0.73094997185 0.64369332909 0.57782383938 0.56102543317 0.53821709861 0.53284827886 0.52811139955 0.55736136816 0.55530746617 0.59649479371 0.62003589144 0.66482603244 0.74564446882 0.86915697974 1.09870696349 1.58697326666             1             1 -1113401.826971 23121.8633550   -2 
1083 0.00090879546 0.01930100984 0.01015225264 -80.012443178 0.12090874721 0.01930754698 7.82355901512 0.86504265054 0.71788839116 0.62222081088 0.54936297469 0.52956680272 0.50744418684 0.49131558457 0.48308581493 0.49630858367 0.48688376990 0.51646409144 0.51430952685 0.52418832833 0.56042490905 0.58847491065 0.64807201717 0.70552169173 0.82953736886 1.07902261022 -275.8166966674 0.05412501397   -3 
-- Local optimization: stuck in the same solution
---- Best joint likelihood found -275.816696667476208 with gradient 0.05413

---- Results for Mmc/447.polyDFE.config.txt 
--  Model: C
--        eps_an        lambda     theta_bar             a 
-- 0.00090879546 0.01930100984 0.01015225264            -1 
--           S_d             b           p_b           S_b 
-- -80.012443178 0.12090874721 0.01930754698 7.82355901512 
--           r 2           r 3           r 4           r 5           r 6           r 7           r 8           r 9          r 10          r 11          r 12          r 13          r 14          r 15          r 16          r 17          r 18          r 19          r 20 
-- 0.86504265054 0.71788839116 0.62222081088 0.54936297469 0.52956680272 0.50744418684 0.49131558457 0.48308581493 0.49630858367 0.48688376990 0.51646409144 0.51430952685 0.52418832833 0.56042490905 0.58847491065 0.64807201717 0.70552169173 0.82953736886 1.07902261022 

---- Expected P_neut(i), 0 < i < n (neutral SFS per site) 
E[P_neut(1)] = 0.0101434291
E[P_neut(2)] = 0.0043874368
E[P_neut(3)] = 0.0024275387
E[P_neut(4)] = 0.0015781399
E[P_neut(5)] = 0.0011147853
E[P_neut(6)] = 0.0008955805
E[P_neut(7)] = 0.0007356535
E[P_neut(8)] = 0.0006233255
E[P_neut(9)] = 0.0005448475
E[P_neut(10)] = 0.0005038650
E[P_neut(11)] = 0.0004494475
E[P_neut(12)] = 0.0004371090
E[P_neut(13)] = 0.0004019500
E[P_neut(14)] = 0.0003805898
E[P_neut(15)] = 0.0003799740
E[P_neut(16)] = 0.0003744925
E[P_neut(17)] = 0.0003888791
E[P_neut(18)] = 0.0004015531
E[P_neut(19)] = 0.0004520694

---- Expected P_sel(i), 0 < i < n (selected SFS per site) 
E[P_sel(1)] = 0.0072423245
E[P_sel(2)] = 0.0028306743
E[P_sel(3)] = 0.0014889110
E[P_sel(4)] = 0.0009373597
E[P_sel(5)] = 0.0006472173
E[P_sel(6)] = 0.0005110964
E[P_sel(7)] = 0.0004142590
E[P_sel(8)] = 0.0003473368
E[P_sel(9)] = 0.0003011214
E[P_sel(10)] = 0.0002767324
E[P_sel(11)] = 0.0002457494
E[P_sel(12)] = 0.0002383636
E[P_sel(13)] = 0.0002190107
E[P_sel(14)] = 0.0002076305
E[P_sel(15)] = 0.0002080595
E[P_sel(16)] = 0.0002064512
E[P_sel(17)] = 0.0002167270
E[P_sel(18)] = 0.0002276229
E[P_sel(19)] = 0.0002636487

---- Expected D_neut and D_sel (neutral and selected divergence per site) 
E[D_neut] = 0.0198487353
E[D_sel] = 0.0125499856

---- Expected neutral and selected misattributed polymorphism per site
E[mis_neut] = 0.0005477255
E[mis_sel] = 0.0003288122

---- alpha_div = 0.244142
---- alpha_dfe = 0.243952

