---- Running command
---- ./polyDFE -d Mmc/448.polyDFE.config.txt -m C -e 
---- Performing inference using model C

---- Performing inference on Mmc/448.polyDFE.config.txt
---- No mutation variability. Using Poisson likelihood.


---- Calculating initial values

-- Starting local optimization
-- Optimizing all parameters
  it        eps_an        lambda     theta_bar           S_d             b           p_b           S_b           r 2           r 3           r 4           r 5           r 6           r 7           r 8           r 9          r 10          r 11          r 12          r 13          r 14          r 15          r 16          r 17          r 18          r 19          r 20           ln lk          grad status 
   0           0.1 0.01926999676 0.01135567370        -20000         0.208           0.1            20 0.87301623865 0.73310430204 0.64364342730 0.58168045392 0.55960042535 0.53964786652 0.53556689701 0.53012559050 0.55392247756 0.55475196043 0.58962542832 0.62831434756 0.67014641977 0.75318538616 0.85991026458 1.10316036430 1.57112790633             1             1 -1115568.902390 23111.0062092   -2 
1014 0.00040950713 0.01927183865 0.01013496986 -73.522538913 0.12497685728 0.02440599235 6.37735066224 0.86585773468 0.71980885276 0.61968181732 0.55556864076 0.52978079229 0.50710830059 0.49945843622 0.48444314924 0.49385356001 0.48280104113 0.50963189784 0.52049580171 0.52806878255 0.56301480419 0.58728267249 0.64561590307 0.70720027405 0.82973163060 1.12068486977 -279.8412774972 0.02865731873   -3 
-- Local optimization: stuck in the same solution
---- Best joint likelihood found -279.841277497282135 with gradient 0.02866

---- Results for Mmc/448.polyDFE.config.txt 
--  Model: C
--        eps_an        lambda     theta_bar             a 
-- 0.00040950713 0.01927183865 0.01013496986            -1 
--           S_d             b           p_b           S_b 
-- -73.522538913 0.12497685728 0.02440599235 6.37735066224 
--           r 2           r 3           r 4           r 5           r 6           r 7           r 8           r 9          r 10          r 11          r 12          r 13          r 14          r 15          r 16          r 17          r 18          r 19          r 20 
-- 0.86585773468 0.71980885276 0.61968181732 0.55556864076 0.52978079229 0.50710830059 0.49945843622 0.48444314924 0.49385356001 0.48280104113 0.50963189784 0.52049580171 0.52806878255 0.56301480419 0.58728267249 0.64561590307 0.70720027405 0.82973163060 1.12068486977 

---- Expected P_neut(i), 0 < i < n (neutral SFS per site) 
E[P_neut(1)] = 0.0101310008
E[P_neut(2)] = 0.0043860873
E[P_neut(3)] = 0.0024309088
E[P_neut(4)] = 0.0015696235
E[P_neut(5)] = 0.0011258289
E[P_neut(6)] = 0.0008946755
E[P_neut(7)] = 0.0007340837
E[P_neut(8)] = 0.0006326667
E[P_neut(9)] = 0.0005454940
E[P_neut(10)] = 0.0005005191
E[P_neut(11)] = 0.0004448752
E[P_neut(12)] = 0.0004305082
E[P_neut(13)] = 0.0004059198
E[P_neut(14)] = 0.0003824929
E[P_neut(15)] = 0.0003807146
E[P_neut(16)] = 0.0003724964
E[P_neut(17)] = 0.0003857381
E[P_neut(18)] = 0.0003998256
E[P_neut(19)] = 0.0004465641

---- Expected P_sel(i), 0 < i < n (selected SFS per site) 
E[P_sel(1)] = 0.0072616901
E[P_sel(2)] = 0.0028370014
E[P_sel(3)] = 0.0014935852
E[P_sel(4)] = 0.0009335699
E[P_sel(5)] = 0.0006544259
E[P_sel(6)] = 0.0005112154
E[P_sel(7)] = 0.0004139540
E[P_sel(8)] = 0.0003531292
E[P_sel(9)] = 0.0003020897
E[P_sel(10)] = 0.0002755767
E[P_sel(11)] = 0.0002439845
E[P_sel(12)] = 0.0002356207
E[P_sel(13)] = 0.0002221358
E[P_sel(14)] = 0.0002097354
E[P_sel(15)] = 0.0002096955
E[P_sel(16)] = 0.0002067116
E[P_sel(17)] = 0.0002165066
E[P_sel(18)] = 0.0002281920
E[P_sel(19)] = 0.0002613899

---- Expected D_neut and D_sel (neutral and selected divergence per site) 
E[D_neut] = 0.0198397440
E[D_sel] = 0.0125316210

---- Expected neutral and selected misattributed polymorphism per site
E[mis_neut] = 0.0005679054
E[mis_sel] = 0.0003425799

---- alpha_div = 0.254325
---- alpha_dfe = 0.254162

