---- Running command
---- ./polyDFE -d Mmc/449.polyDFE.config.txt -m C -e 
---- Performing inference using model C

---- Performing inference on Mmc/449.polyDFE.config.txt
---- No mutation variability. Using Poisson likelihood.


---- Calculating initial values

-- Starting local optimization
-- Optimizing all parameters
  it        eps_an        lambda     theta_bar           S_d             b           p_b           S_b           r 2           r 3           r 4           r 5           r 6           r 7           r 8           r 9          r 10          r 11          r 12          r 13          r 14          r 15          r 16          r 17          r 18          r 19          r 20           ln lk          grad status 
   0           0.1 0.01928100359 0.01135929137        -20000         0.208           0.1            20 0.87376093586 0.73482183160 0.64439709740 0.58651809402 0.55702285031 0.54188548639 0.53998637433 0.53644659590 0.54465673520 0.55874010421 0.59428527723 0.61993495030 0.67345517129 0.75532756152 0.87142277083 1.11245140239 1.57471929160             1             1 -1115492.288774 23173.2209217   -2 
 781 0.00205221263 0.01930746872 0.01015932792 -75.704321075 0.12615396662 0.02631899907 6.05516661878 0.86500329357 0.71986713243 0.62154671165 0.55662990564 0.53047893901 0.50979408768 0.49693300117 0.48916069583 0.49205286765 0.48431328539 0.51073718023 0.51169500352 0.53296294727 0.56106691637 0.59353809937 0.63581200084 0.69391334147 0.80918755908 1.06832608249 -275.6833000005 0.05062287400   -8 
-- Local optimization: reached maximum number of likelihood evaluations allowed.
---- Best joint likelihood found -275.683300000571762 with gradient 0.05062

---- Results for Mmc/449.polyDFE.config.txt 
--  Model: C
--        eps_an        lambda     theta_bar             a 
-- 0.00205221263 0.01930746872 0.01015932792            -1 
--           S_d             b           p_b           S_b 
-- -75.704321075 0.12615396662 0.02631899907 6.05516661878 
--           r 2           r 3           r 4           r 5           r 6           r 7           r 8           r 9          r 10          r 11          r 12          r 13          r 14          r 15          r 16          r 17          r 18          r 19          r 20 
-- 0.86500329357 0.71986713243 0.62154671165 0.55662990564 0.53047893901 0.50979408768 0.49693300117 0.48916069583 0.49205286765 0.48431328539 0.51073718023 0.51169500352 0.53296294727 0.56106691637 0.59353809937 0.63581200084 0.69391334147 0.80918755908 1.06832608249 

---- Expected P_neut(i), 0 < i < n (neutral SFS per site) 
E[P_neut(1)] = 0.0101393668
E[P_neut(2)] = 0.0043857125
E[P_neut(3)] = 0.0024335657
E[P_neut(4)] = 0.0015761580
E[P_neut(5)] = 0.0011294560
E[P_neut(6)] = 0.0008971686
E[P_neut(7)] = 0.0007391830
E[P_neut(8)] = 0.0006306555
E[P_neut(9)] = 0.0005519563
E[P_neut(10)] = 0.0004998926
E[P_neut(11)] = 0.0004475150
E[P_neut(12)] = 0.0004328032
E[P_neut(13)] = 0.0004005806
E[P_neut(14)] = 0.0003878029
E[P_neut(15)] = 0.0003815454
E[P_neut(16)] = 0.0003793380
E[P_neut(17)] = 0.0003841891
E[P_neut(18)] = 0.0003998631
E[P_neut(19)] = 0.0004526349

---- Expected P_sel(i), 0 < i < n (selected SFS per site) 
E[P_sel(1)] = 0.0072362631
E[P_sel(2)] = 0.0028223082
E[P_sel(3)] = 0.0014872566
E[P_sel(4)] = 0.0009324065
E[P_sel(5)] = 0.0006530132
E[P_sel(6)] = 0.0005099330
E[P_sel(7)] = 0.0004146816
E[P_sel(8)] = 0.0003502517
E[P_sel(9)] = 0.0003042084
E[P_sel(10)] = 0.0002739852
E[P_sel(11)] = 0.0002443922
E[P_sel(12)] = 0.0002359531
E[P_sel(13)] = 0.0002184456
E[P_sel(14)] = 0.0002119986
E[P_sel(15)] = 0.0002096251
E[P_sel(16)] = 0.0002101210
E[P_sel(17)] = 0.0002154467
E[P_sel(18)] = 0.0002284266
E[P_sel(19)] = 0.0002667921

---- Expected D_neut and D_sel (neutral and selected divergence per site) 
E[D_neut] = 0.0198501425
E[D_sel] = 0.0125201941

---- Expected neutral and selected misattributed polymorphism per site
E[mis_neut] = 0.0005426738
E[mis_sel] = 0.0003270465

---- alpha_div = 0.261540
---- alpha_dfe = 0.261442

