---- Running command
---- ./polyDFE -d Mmc/45.polyDFE.config.txt -m C -e 
---- Performing inference using model C

---- Performing inference on Mmc/45.polyDFE.config.txt
---- No mutation variability. Using Poisson likelihood.


---- Calculating initial values

-- Starting local optimization
-- Optimizing all parameters
  it        eps_an        lambda     theta_bar           S_d             b           p_b           S_b           r 2           r 3           r 4           r 5           r 6           r 7           r 8           r 9          r 10          r 11          r 12          r 13          r 14          r 15          r 16          r 17          r 18          r 19          r 20           ln lk          grad status 
   0           0.1 0.01926782294 0.01135411367        -20000         0.208           0.1            20 0.87351868361 0.73461461714 0.64564454081 0.58097978469 0.55789009760 0.53682750184 0.53566085477 0.53148259355 0.55060228024 0.55535639709 0.58964766671 0.62223467427 0.66567736996 0.75144937601 0.87011496261 1.10671020438 1.57510536597             1             1 -1115535.808072 23159.4490013   -2 
 519 0.00447664167 0.01924984352 0.01018617195 -84.136822192 0.11871214161 0.02009047434 7.37528720220 0.86503438559 0.71935403213 0.61779950389 0.55175321261 0.52570117859 0.50505713342 0.49453947083 0.48468243917 0.49344727763 0.48401216375 0.50615150567 0.50735841612 0.52064281430 0.55464342851 0.58401263021 0.63239974369 0.67595696907 0.75961536432 1.15389967009 -288.9399606398 0.20162276995   -8 
-- Local optimization: reached maximum number of likelihood evaluations allowed.
---- Best joint likelihood found -288.939960639894707 with gradient 0.20162

---- Results for Mmc/45.polyDFE.config.txt 
--  Model: C
--        eps_an        lambda     theta_bar             a 
-- 0.00447664167 0.01924984352 0.01018617195            -1 
--           S_d             b           p_b           S_b 
-- -84.136822192 0.11871214161 0.02009047434 7.37528720220 
--           r 2           r 3           r 4           r 5           r 6           r 7           r 8           r 9          r 10          r 11          r 12          r 13          r 14          r 15          r 16          r 17          r 18          r 19          r 20 
-- 0.86503438559 0.71935403213 0.61779950389 0.55175321261 0.52570117859 0.50505713342 0.49453947083 0.48468243917 0.49344727763 0.48401216375 0.50615150567 0.50735841612 0.52064281430 0.55464342851 0.58401263021 0.63239974369 0.67595696907 0.75961536432 1.15389967009 

---- Expected P_neut(i), 0 < i < n (neutral SFS per site) 
E[P_neut(1)] = 0.0101423952
E[P_neut(2)] = 0.0043876842
E[P_neut(3)] = 0.0024332501
E[P_neut(4)] = 0.0015678745
E[P_neut(5)] = 0.0011207048
E[P_neut(6)] = 0.0008901809
E[P_neut(7)] = 0.0007334323
E[P_neut(8)] = 0.0006287875
E[P_neut(9)] = 0.0005481128
E[P_neut(10)] = 0.0005026339
E[P_neut(11)] = 0.0004486521
E[P_neut(12)] = 0.0004305410
E[P_neut(13)] = 0.0003990520
E[P_neut(14)] = 0.0003811107
E[P_neut(15)] = 0.0003799921
E[P_neut(16)] = 0.0003771818
E[P_neut(17)] = 0.0003881633
E[P_neut(18)] = 0.0004005333
E[P_neut(19)] = 0.0004510174

---- Expected P_sel(i), 0 < i < n (selected SFS per site) 
E[P_sel(1)] = 0.0072362284
E[P_sel(2)] = 0.0028329730
E[P_sel(3)] = 0.0014949836
E[P_sel(4)] = 0.0009334916
E[P_sel(5)] = 0.0006525465
E[P_sel(6)] = 0.0005097090
E[P_sel(7)] = 0.0004145362
E[P_sel(8)] = 0.0003517910
E[P_sel(9)] = 0.0003042366
E[P_sel(10)] = 0.0002773284
E[P_sel(11)] = 0.0002465119
E[P_sel(12)] = 0.0002359905
E[P_sel(13)] = 0.0002186103
E[P_sel(14)] = 0.0002091023
E[P_sel(15)] = 0.0002093243
E[P_sel(16)] = 0.0002092873
E[P_sel(17)] = 0.0002179332
E[P_sel(18)] = 0.0002293315
E[P_sel(19)] = 0.0002686424

---- Expected D_neut and D_sel (neutral and selected divergence per site) 
E[D_neut] = 0.0198375346
E[D_sel] = 0.0125311793

---- Expected neutral and selected misattributed polymorphism per site
E[mis_neut] = 0.0005876910
E[mis_sel] = 0.0003536124

---- alpha_div = 0.240299
---- alpha_dfe = 0.240125

