---- Running command
---- ./polyDFE -d Mmc/450.polyDFE.config.txt -m C -e 
---- Performing inference using model C

---- Performing inference on Mmc/450.polyDFE.config.txt
---- No mutation variability. Using Poisson likelihood.


---- Calculating initial values

-- Starting local optimization
-- Optimizing all parameters
  it        eps_an        lambda     theta_bar           S_d             b           p_b           S_b           r 2           r 3           r 4           r 5           r 6           r 7           r 8           r 9          r 10          r 11          r 12          r 13          r 14          r 15          r 16          r 17          r 18          r 19          r 20           ln lk          grad status 
   0           0.1 0.01931618260 0.01135872864        -20000         0.208           0.1            20 0.87418189068 0.73235143387 0.63989820219 0.58633664576 0.55741223304 0.53648846238 0.53784601406 0.53224776825 0.54802836104 0.55884572696 0.59676758046 0.62002807797 0.65933536159 0.74701532006 0.86331084011 1.11060564598 1.58279817148             1             1 -1119533.651550 23191.6336734   -2 
 762 0.00253171307 0.01938144208 0.01015949760 -92.101184944 0.11197780536 0.01200132710 11.1583556472 0.86707838801 0.71899303716 0.61534328411 0.55694407965 0.52741029654 0.50506781118 0.49471761939 0.48580663854 0.49184836689 0.48562016183 0.51094549394 0.51001844414 0.52026574412 0.55377097173 0.58848019003 0.64870760737 0.69939119869 0.77958077036 0.99134751407 -285.1861073896 0.14661406003   -3 
-- Local optimization: stuck in the same solution
---- Best joint likelihood found -285.186107389614335 with gradient 0.14661

---- Results for Mmc/450.polyDFE.config.txt 
--  Model: C
--        eps_an        lambda     theta_bar             a 
-- 0.00253171307 0.01938144208 0.01015949760            -1 
--           S_d             b           p_b           S_b 
-- -92.101184944 0.11197780536 0.01200132710 11.1583556472 
--           r 2           r 3           r 4           r 5           r 6           r 7           r 8           r 9          r 10          r 11          r 12          r 13          r 14          r 15          r 16          r 17          r 18          r 19          r 20 
-- 0.86707838801 0.71899303716 0.61534328411 0.55694407965 0.52741029654 0.50506781118 0.49471761939 0.48580663854 0.49184836689 0.48562016183 0.51094549394 0.51001844414 0.52026574412 0.55377097173 0.58848019003 0.64870760737 0.69939119869 0.77958077036 0.99134751407 

---- Expected P_neut(i), 0 < i < n (neutral SFS per site) 
E[P_neut(1)] = 0.0101348320
E[P_neut(2)] = 0.0043943888
E[P_neut(3)] = 0.0024296864
E[P_neut(4)] = 0.0015598839
E[P_neut(5)] = 0.0011297390
E[P_neut(6)] = 0.0008917322
E[P_neut(7)] = 0.0007321869
E[P_neut(8)] = 0.0006277649
E[P_neut(9)] = 0.0005481417
E[P_neut(10)] = 0.0004996932
E[P_neut(11)] = 0.0004487671
E[P_neut(12)] = 0.0004330745
E[P_neut(13)] = 0.0003994261
E[P_neut(14)] = 0.0003788507
E[P_neut(15)] = 0.0003769844
E[P_neut(16)] = 0.0003766772
E[P_neut(17)] = 0.0003928619
E[P_neut(18)] = 0.0004048996
E[P_neut(19)] = 0.0004415155

---- Expected P_sel(i), 0 < i < n (selected SFS per site) 
E[P_sel(1)] = 0.0072344706
E[P_sel(2)] = 0.0028475522
E[P_sel(3)] = 0.0015004492
E[P_sel(4)] = 0.0009341524
E[P_sel(5)] = 0.0006618033
E[P_sel(6)] = 0.0005136577
E[P_sel(7)] = 0.0004161753
E[P_sel(8)] = 0.0003530132
E[P_sel(9)] = 0.0003055754
E[P_sel(10)] = 0.0002766367
E[P_sel(11)] = 0.0002471143
E[P_sel(12)] = 0.0002375605
E[P_sel(13)] = 0.0002186151
E[P_sel(14)] = 0.0002072664
E[P_sel(15)] = 0.0002066084
E[P_sel(16)] = 0.0002074056
E[P_sel(17)] = 0.0002182488
E[P_sel(18)] = 0.0002286248
E[P_sel(19)] = 0.0002581623

---- Expected D_neut and D_sel (neutral and selected divergence per site) 
E[D_neut] = 0.0198850217
E[D_sel] = 0.0125456624

---- Expected neutral and selected misattributed polymorphism per site
E[mis_neut] = 0.0005035796
E[mis_sel] = 0.0002996978

---- alpha_div = 0.214498
---- alpha_dfe = 0.214418

