---- Running command
---- ./polyDFE -d Mmc/451.polyDFE.config.txt -m C -e 
---- Performing inference using model C

---- Performing inference on Mmc/451.polyDFE.config.txt
---- No mutation variability. Using Poisson likelihood.


---- Calculating initial values

-- Starting local optimization
-- Optimizing all parameters
  it        eps_an        lambda     theta_bar           S_d             b           p_b           S_b           r 2           r 3           r 4           r 5           r 6           r 7           r 8           r 9          r 10          r 11          r 12          r 13          r 14          r 15          r 16          r 17          r 18          r 19          r 20           ln lk          grad status 
   0           0.1 0.01928437743 0.01134688182        -20000         0.208           0.1            20 0.87165765464 0.73647523550 0.64706133641 0.57867634000 0.55967441466 0.53935401567 0.53689108518 0.53073176052 0.55172967204 0.55436870746 0.58652831353 0.62082878465 0.67168278811 0.74360335870 0.86900531648 1.11030820259 1.57630402541             1             1 -1116874.348996 23187.0971067   -2 
 392 0.00313317406 0.01934017150 0.01018042364 -106.74684284 0.10601767538 0.00636772617 19.6588571157 0.85989683219 0.71586088857 0.61841195462 0.55196904827 0.52563411611 0.50206199255 0.49214886194 0.48295521378 0.49253193806 0.48341347206 0.50680569763 0.51426319842 0.52762777974 0.55485322074 0.58831124139 0.64448332332 0.69277280390 0.77883713002 1.00592532081 -294.2617709212 0.60716001379   -3 
-- Local optimization: stuck in the same solution
---- Best joint likelihood found -294.261770921279094 with gradient 0.60716

---- Results for Mmc/451.polyDFE.config.txt 
--  Model: C
--        eps_an        lambda     theta_bar             a 
-- 0.00313317406 0.01934017150 0.01018042364            -1 
--           S_d             b           p_b           S_b 
-- -106.74684284 0.10601767538 0.00636772617 19.6588571157 
--           r 2           r 3           r 4           r 5           r 6           r 7           r 8           r 9          r 10          r 11          r 12          r 13          r 14          r 15          r 16          r 17          r 18          r 19          r 20 
-- 0.85989683219 0.71586088857 0.61841195462 0.55196904827 0.52563411611 0.50206199255 0.49214886194 0.48295521378 0.49253193806 0.48341347206 0.50680569763 0.51426319842 0.52762777974 0.55485322074 0.58831124139 0.64448332332 0.69277280390 0.77883713002 1.00592532081 

---- Expected P_neut(i), 0 < i < n (neutral SFS per site) 
E[P_neut(1)] = 0.0101498341
E[P_neut(2)] = 0.0043645706
E[P_neut(3)] = 0.0024228537
E[P_neut(4)] = 0.0015701654
E[P_neut(5)] = 0.0011215144
E[P_neut(6)] = 0.0008902708
E[P_neut(7)] = 0.0007291460
E[P_neut(8)] = 0.0006256704
E[P_neut(9)] = 0.0005459889
E[P_neut(10)] = 0.0005014184
E[P_neut(11)] = 0.0004477057
E[P_neut(12)] = 0.0004305732
E[P_neut(13)] = 0.0004037504
E[P_neut(14)] = 0.0003852690
E[P_neut(15)] = 0.0003789174
E[P_neut(16)] = 0.0003780871
E[P_neut(17)] = 0.0003923499
E[P_neut(18)] = 0.0004043043
E[P_neut(19)] = 0.0004478996

---- Expected P_sel(i), 0 < i < n (selected SFS per site) 
E[P_sel(1)] = 0.0072144564
E[P_sel(2)] = 0.0028243009
E[P_sel(3)] = 0.0014964564
E[P_sel(4)] = 0.0009412075
E[P_sel(5)] = 0.0006578580
E[P_sel(6)] = 0.0005135386
E[P_sel(7)] = 0.0004149682
E[P_sel(8)] = 0.0003521533
E[P_sel(9)] = 0.0003044825
E[P_sel(10)] = 0.0002774806
E[P_sel(11)] = 0.0002461922
E[P_sel(12)] = 0.0002355791
E[P_sel(13)] = 0.0002200833
E[P_sel(14)] = 0.0002095419
E[P_sel(15)] = 0.0002060053
E[P_sel(16)] = 0.0002060051
E[P_sel(17)] = 0.0002151173
E[P_sel(18)] = 0.0002249027
E[P_sel(19)] = 0.0002591332

---- Expected D_neut and D_sel (neutral and selected divergence per site) 
E[D_neut] = 0.0198522088
E[D_sel] = 0.0125335305

---- Expected neutral and selected misattributed polymorphism per site
E[mis_neut] = 0.0005120373
E[mis_sel] = 0.0002996821

---- alpha_div = 0.198708
---- alpha_dfe = 0.198681

