---- Running command
---- ./polyDFE -d Mmc/452.polyDFE.config.txt -m C -e 
---- Performing inference using model C

---- Performing inference on Mmc/452.polyDFE.config.txt
---- No mutation variability. Using Poisson likelihood.


---- Calculating initial values

-- Starting local optimization
-- Optimizing all parameters
  it        eps_an        lambda     theta_bar           S_d             b           p_b           S_b           r 2           r 3           r 4           r 5           r 6           r 7           r 8           r 9          r 10          r 11          r 12          r 13          r 14          r 15          r 16          r 17          r 18          r 19          r 20           ln lk          grad status 
   0           0.1 0.01929422533 0.01135882916        -20000         0.208           0.1            20 0.87346861903 0.73260932084 0.64593286870 0.58412193307 0.55251664628 0.53891854814 0.53689443312 0.53510839548 0.55490277540 0.55583197170 0.59084167368 0.61822580984 0.66588271509 0.75091513027 0.86326153121 1.11118121868 1.58134034291             1             1 -1121379.841784 23210.6733627   -2 
 967 0.00160369474 0.01933540737 0.01015150787 -73.291142911 0.12445468581 0.02276855142 6.68124342806 0.86501535580 0.71922547646 0.62320643120 0.55602758440 0.52514339730 0.50520285146 0.49529163239 0.48579648990 0.49814409700 0.48273353332 0.51323985943 0.51456968316 0.52849495142 0.55508174114 0.57813856847 0.64791608128 0.70559271232 0.80412488312 1.04083796558 -272.8269755344 0.05875281084   -3 
-- Local optimization: stuck in the same solution
---- Best joint likelihood found -272.826975534495432 with gradient 0.05875

---- Results for Mmc/452.polyDFE.config.txt 
--  Model: C
--        eps_an        lambda     theta_bar             a 
-- 0.00160369474 0.01933540737 0.01015150787            -1 
--           S_d             b           p_b           S_b 
-- -73.291142911 0.12445468581 0.02276855142 6.68124342806 
--           r 2           r 3           r 4           r 5           r 6           r 7           r 8           r 9          r 10          r 11          r 12          r 13          r 14          r 15          r 16          r 17          r 18          r 19          r 20 
-- 0.86501535580 0.71922547646 0.62320643120 0.55602758440 0.52514339730 0.50520285146 0.49529163239 0.48579648990 0.49814409700 0.48273353332 0.51323985943 0.51456968316 0.52849495142 0.55508174114 0.57813856847 0.64791608128 0.70559271232 0.80412488312 1.04083796558 

---- Expected P_neut(i), 0 < i < n (neutral SFS per site) 
E[P_neut(1)] = 0.0101359170
E[P_neut(2)] = 0.0043842021
E[P_neut(3)] = 0.0024304585
E[P_neut(4)] = 0.0015796731
E[P_neut(5)] = 0.0011276957
E[P_neut(6)] = 0.0008876892
E[P_neut(7)] = 0.0007321224
E[P_neut(8)] = 0.0006281830
E[P_neut(9)] = 0.0005477876
E[P_neut(10)] = 0.0005056914
E[P_neut(11)] = 0.0004456619
E[P_neut(12)] = 0.0004344915
E[P_neut(13)] = 0.0004023504
E[P_neut(14)] = 0.0003840261
E[P_neut(15)] = 0.0003768691
E[P_neut(16)] = 0.0003687593
E[P_neut(17)] = 0.0003901840
E[P_neut(18)] = 0.0004043380
E[P_neut(19)] = 0.0004452267

---- Expected P_sel(i), 0 < i < n (selected SFS per site) 
E[P_sel(1)] = 0.0072688502
E[P_sel(2)] = 0.0028374112
E[P_sel(3)] = 0.0014941050
E[P_sel(4)] = 0.0009399663
E[P_sel(5)] = 0.0006557265
E[P_sel(6)] = 0.0005073200
E[P_sel(7)] = 0.0004128608
E[P_sel(8)] = 0.0003505747
E[P_sel(9)] = 0.0003032551
E[P_sel(10)] = 0.0002782671
E[P_sel(11)] = 0.0002442192
E[P_sel(12)] = 0.0002375468
E[P_sel(13)] = 0.0002198857
E[P_sel(14)] = 0.0002102306
E[P_sel(15)] = 0.0002071773
E[P_sel(16)] = 0.0002041987
E[P_sel(17)] = 0.0002185205
E[P_sel(18)] = 0.0002304228
E[P_sel(19)] = 0.0002613662

---- Expected D_neut and D_sel (neutral and selected divergence per site) 
E[D_neut] = 0.0198637111
E[D_sel] = 0.0125105987

---- Expected neutral and selected misattributed polymorphism per site
E[mis_neut] = 0.0005283037
E[mis_sel] = 0.0003175528

---- alpha_div = 0.248639
---- alpha_dfe = 0.248506

