---- Running command
---- ./polyDFE -d Mmc/453.polyDFE.config.txt -m C -e 
---- Performing inference using model C

---- Performing inference on Mmc/453.polyDFE.config.txt
---- No mutation variability. Using Poisson likelihood.


---- Calculating initial values

-- Starting local optimization
-- Optimizing all parameters
  it        eps_an        lambda     theta_bar           S_d             b           p_b           S_b           r 2           r 3           r 4           r 5           r 6           r 7           r 8           r 9          r 10          r 11          r 12          r 13          r 14          r 15          r 16          r 17          r 18          r 19          r 20           ln lk          grad status 
   0           0.1 0.01927514830 0.01135981166        -20000         0.208           0.1            20 0.87401683899 0.73364456490 0.64451932359 0.58261834819 0.55654678347 0.53687409362 0.54353253245 0.53105009562 0.55769282217 0.54921292064 0.59061652803 0.64086779860 0.67262660088 0.76355660611 0.86265141423 1.11250057434 1.56931255539             1             1 -1115921.384270 23170.5905656   -2 
1019 0.00056657733 0.01910793413 0.01014036002 -71.794788063 0.12796517366 0.02537221495 6.33770222337 0.86574305681 0.72213908828 0.62108299929 0.55544799533 0.52943300925 0.50442054697 0.50030063412 0.48419021085 0.49835593050 0.48080105007 0.51279955951 0.52776744470 0.52837580171 0.57220284045 0.58949811192 0.66056217697 0.70075634293 0.83173858797 1.45342364669 -286.6236422453 0.05064810068   -3 
-- Local optimization: stuck in the same solution
---- Best joint likelihood found -286.623642245365772 with gradient 0.05065

---- Results for Mmc/453.polyDFE.config.txt 
--  Model: C
--        eps_an        lambda     theta_bar             a 
-- 0.00056657733 0.01910793413 0.01014036002            -1 
--           S_d             b           p_b           S_b 
-- -71.794788063 0.12796517366 0.02537221495 6.33770222337 
--           r 2           r 3           r 4           r 5           r 6           r 7           r 8           r 9          r 10          r 11          r 12          r 13          r 14          r 15          r 16          r 17          r 18          r 19          r 20 
-- 0.86574305681 0.72213908828 0.62108299929 0.55544799533 0.52943300925 0.50442054697 0.50030063412 0.48419021085 0.49835593050 0.48080105007 0.51279955951 0.52776744470 0.52837580171 0.57220284045 0.58949811192 0.66056217697 0.70075634293 0.83173858797 1.45342364669 

---- Expected P_neut(i), 0 < i < n (neutral SFS per site) 
E[P_neut(1)] = 0.0101348662
E[P_neut(2)] = 0.0043872098
E[P_neut(3)] = 0.0024397571
E[P_neut(4)] = 0.0015738209
E[P_neut(5)] = 0.0011260695
E[P_neut(6)] = 0.0008944834
E[P_neut(7)] = 0.0007305344
E[P_neut(8)] = 0.0006340398
E[P_neut(9)] = 0.0005454824
E[P_neut(10)] = 0.0005053509
E[P_neut(11)] = 0.0004432849
E[P_neut(12)] = 0.0004334448
E[P_neut(13)] = 0.0004118540
E[P_neut(14)] = 0.0003829988
E[P_neut(15)] = 0.0003872419
E[P_neut(16)] = 0.0003742881
E[P_neut(17)] = 0.0003951796
E[P_neut(18)] = 0.0003970367
E[P_neut(19)] = 0.0004493953

---- Expected P_sel(i), 0 < i < n (selected SFS per site) 
E[P_sel(1)] = 0.0072485699
E[P_sel(2)] = 0.0028262208
E[P_sel(3)] = 0.0014913995
E[P_sel(4)] = 0.0009307092
E[P_sel(5)] = 0.0006505398
E[P_sel(6)] = 0.0005078121
E[P_sel(7)] = 0.0004092159
E[P_sel(8)] = 0.0003515008
E[P_sel(9)] = 0.0003000208
E[P_sel(10)] = 0.0002763367
E[P_sel(11)] = 0.0002414653
E[P_sel(12)] = 0.0002356478
E[P_sel(13)] = 0.0002239221
E[P_sel(14)] = 0.0002087044
E[P_sel(15)] = 0.0002120341
E[P_sel(16)] = 0.0002065761
E[P_sel(17)] = 0.0002207317
E[P_sel(18)] = 0.0002256986
E[P_sel(19)] = 0.0002623913

---- Expected D_neut and D_sel (neutral and selected divergence per site) 
E[D_neut] = 0.0198448461
E[D_sel] = 0.0125212233

---- Expected neutral and selected misattributed polymorphism per site
E[mis_neut] = 0.0007369120
E[mis_sel] = 0.0004435822

---- alpha_div = 0.262986
---- alpha_dfe = 0.262844

