---- Running command
---- ./polyDFE -d Mmc/454.polyDFE.config.txt -m C -e 
---- Performing inference using model C

---- Performing inference on Mmc/454.polyDFE.config.txt
---- No mutation variability. Using Poisson likelihood.


---- Calculating initial values

-- Starting local optimization
-- Optimizing all parameters
  it        eps_an        lambda     theta_bar           S_d             b           p_b           S_b           r 2           r 3           r 4           r 5           r 6           r 7           r 8           r 9          r 10          r 11          r 12          r 13          r 14          r 15          r 16          r 17          r 18          r 19          r 20           ln lk          grad status 
   0           0.1 0.01931412865 0.01133517038        -20000         0.208           0.1            20 0.87478453775 0.73187482396 0.64597241038 0.58282695078 0.55662067411 0.54260229208 0.54043795343 0.53287077410 0.55246435398 0.55148541624 0.59559564315 0.62455017738 0.67222298786 0.74826991307 0.85928841030 1.10681197634 1.59851645813             1             1 -1117198.963102 23180.1211536   -2 
 357 0.00371652743 0.01936929039 0.01016115901 -82.594679697 0.11769052882 0.01577819280 9.07242437171 0.86296514860 0.71893320926 0.62092052622 0.55544882788 0.52614711217 0.50589000099 0.49578742061 0.48267801086 0.49691301689 0.48186895012 0.51359744905 0.51556911196 0.52718411097 0.55255931750 0.58023391363 0.63584585943 0.69665203866 0.76913985069 1.00923306740 -276.9795947059 0.26161023685   -3 
-- Local optimization: stuck in the same solution
---- Best joint likelihood found -276.979594705917407 with gradient 0.26161

---- Results for Mmc/454.polyDFE.config.txt 
--  Model: C
--        eps_an        lambda     theta_bar             a 
-- 0.00371652743 0.01936929039 0.01016115901            -1 
--           S_d             b           p_b           S_b 
-- -82.594679697 0.11769052882 0.01577819280 9.07242437171 
--           r 2           r 3           r 4           r 5           r 6           r 7           r 8           r 9          r 10          r 11          r 12          r 13          r 14          r 15          r 16          r 17          r 18          r 19          r 20 
-- 0.86296514860 0.71893320926 0.62092052622 0.55544882788 0.52614711217 0.50589000099 0.49578742061 0.48267801086 0.49691301689 0.48186895012 0.51359744905 0.51556911196 0.52718411097 0.55255931750 0.58023391363 0.63584585943 0.69665203866 0.76913985069 1.00923306740 

---- Expected P_neut(i), 0 < i < n (neutral SFS per site) 
E[P_neut(1)] = 0.0101249235
E[P_neut(2)] = 0.0043695300
E[P_neut(3)] = 0.0024274274
E[P_neut(4)] = 0.0015728254
E[P_neut(5)] = 0.0011259967
E[P_neut(6)] = 0.0008891545
E[P_neut(7)] = 0.0007331154
E[P_neut(8)] = 0.0006289978
E[P_neut(9)] = 0.0005445810
E[P_neut(10)] = 0.0005049212
E[P_neut(11)] = 0.0004454935
E[P_neut(12)] = 0.0004356195
E[P_neut(13)] = 0.0004042146
E[P_neut(14)] = 0.0003845182
E[P_neut(15)] = 0.0003771136
E[P_neut(16)] = 0.0003729832
E[P_neut(17)] = 0.0003876923
E[P_neut(18)] = 0.0004080993
E[P_neut(19)] = 0.0004475698

---- Expected P_sel(i), 0 < i < n (selected SFS per site) 
E[P_sel(1)] = 0.0072374548
E[P_sel(2)] = 0.0028267237
E[P_sel(3)] = 0.0014939743
E[P_sel(4)] = 0.0009377609
E[P_sel(5)] = 0.0006563088
E[P_sel(6)] = 0.0005094323
E[P_sel(7)] = 0.0004144121
E[P_sel(8)] = 0.0003517675
E[P_sel(9)] = 0.0003019758
E[P_sel(10)] = 0.0002781298
E[P_sel(11)] = 0.0002441926
E[P_sel(12)] = 0.0002380112
E[P_sel(13)] = 0.0002205329
E[P_sel(14)] = 0.0002099030
E[P_sel(15)] = 0.0002064715
E[P_sel(16)] = 0.0002054714
E[P_sel(17)] = 0.0002158689
E[P_sel(18)] = 0.0002314789
E[P_sel(19)] = 0.0002639714

---- Expected D_neut and D_sel (neutral and selected divergence per site) 
E[D_neut] = 0.0198820393
E[D_sel] = 0.0125470185

---- Expected neutral and selected misattributed polymorphism per site
E[mis_neut] = 0.0005127489
E[mis_sel] = 0.0003064102

---- alpha_div = 0.230504
---- alpha_dfe = 0.230405

