---- Running command
---- ./polyDFE -d Mmc/455.polyDFE.config.txt -m C -e 
---- Performing inference using model C

---- Performing inference on Mmc/455.polyDFE.config.txt
---- No mutation variability. Using Poisson likelihood.


---- Calculating initial values

-- Starting local optimization
-- Optimizing all parameters
  it        eps_an        lambda     theta_bar           S_d             b           p_b           S_b           r 2           r 3           r 4           r 5           r 6           r 7           r 8           r 9          r 10          r 11          r 12          r 13          r 14          r 15          r 16          r 17          r 18          r 19          r 20           ln lk          grad status 
   0           0.1 0.01926139114 0.01136358378        -20000         0.208           0.1            20 0.87150789572 0.73193033731 0.64432569907 0.58449969937 0.55374913784 0.54001767443 0.53662554538 0.52966916490 0.55878069432 0.55670456322 0.59078915129 0.62721946036 0.66471072305 0.75814589674 0.87418312314 1.10482705481 1.57479293040             1             1 -1114894.564757 23138.2303842   -2 
 680 0.00087886036 0.01931553619 0.01014254681 -80.091368033 0.11959754125 0.01585119480 9.26562044210 0.86527304847 0.71808526401 0.61921786722 0.55772094372 0.52764907466 0.50936305917 0.49514277416 0.48794498138 0.49808586665 0.48816304476 0.51266480392 0.51562312185 0.52254587154 0.56672376656 0.59739727371 0.64858487354 0.70995951942 0.82645226603 1.01730169398 -289.6614628939 0.34762728308   -8 
-- Local optimization: reached maximum number of likelihood evaluations allowed.
---- Best joint likelihood found -289.661462893942371 with gradient 0.34763

---- Results for Mmc/455.polyDFE.config.txt 
--  Model: C
--        eps_an        lambda     theta_bar             a 
-- 0.00087886036 0.01931553619 0.01014254681            -1 
--           S_d             b           p_b           S_b 
-- -80.091368033 0.11959754125 0.01585119480 9.26562044210 
--           r 2           r 3           r 4           r 5           r 6           r 7           r 8           r 9          r 10          r 11          r 12          r 13          r 14          r 15          r 16          r 17          r 18          r 19          r 20 
-- 0.86527304847 0.71808526401 0.61921786722 0.55772094372 0.52764907466 0.50936305917 0.49514277416 0.48794498138 0.49808586665 0.48816304476 0.51266480392 0.51562312185 0.52254587154 0.56672376656 0.59739727371 0.64858487354 0.70995951942 0.82645226603 1.01730169398 

---- Expected P_neut(i), 0 < i < n (neutral SFS per site) 
E[P_neut(1)] = 0.0101340207
E[P_neut(2)] = 0.0043845313
E[P_neut(3)] = 0.0024259442
E[P_neut(4)] = 0.0015690645
E[P_neut(5)] = 0.0011306846
E[P_neut(6)] = 0.0008914997
E[P_neut(7)] = 0.0007377390
E[P_neut(8)] = 0.0006275802
E[P_neut(9)] = 0.0005498017
E[P_neut(10)] = 0.0005051859
E[P_neut(11)] = 0.0004501983
E[P_neut(12)] = 0.0004334815
E[P_neut(13)] = 0.0004025821
E[P_neut(14)] = 0.0003790188
E[P_neut(15)] = 0.0003838590
E[P_neut(16)] = 0.0003797427
E[P_neut(17)] = 0.0003887525
E[P_neut(18)] = 0.0004035492
E[P_neut(19)] = 0.0004497015

---- Expected P_sel(i), 0 < i < n (selected SFS per site) 
E[P_sel(1)] = 0.0072411506
E[P_sel(2)] = 0.0028317816
E[P_sel(3)] = 0.0014895062
E[P_sel(4)] = 0.0009328340
E[P_sel(5)] = 0.0006569187
E[P_sel(6)] = 0.0005089925
E[P_sel(7)] = 0.0004154791
E[P_sel(8)] = 0.0003496109
E[P_sel(9)] = 0.0003036401
E[P_sel(10)] = 0.0002771172
E[P_sel(11)] = 0.0002457172
E[P_sel(12)] = 0.0002358090
E[P_sel(13)] = 0.0002186635
E[P_sel(14)] = 0.0002059589
E[P_sel(15)] = 0.0002091807
E[P_sel(16)] = 0.0002081594
E[P_sel(17)] = 0.0002152566
E[P_sel(18)] = 0.0002271710
E[P_sel(19)] = 0.0002607209

---- Expected D_neut and D_sel (neutral and selected divergence per site) 
E[D_neut] = 0.0198314377
E[D_sel] = 0.0125304122

---- Expected neutral and selected misattributed polymorphism per site
E[mis_neut] = 0.0005159015
E[mis_sel] = 0.0003079767

---- alpha_div = 0.236115
---- alpha_dfe = 0.235941

