---- Running command
---- ./polyDFE -d Mmc/456.polyDFE.config.txt -m C -e 
---- Performing inference using model C

---- Performing inference on Mmc/456.polyDFE.config.txt
---- No mutation variability. Using Poisson likelihood.


---- Calculating initial values

-- Starting local optimization
-- Optimizing all parameters
  it        eps_an        lambda     theta_bar           S_d             b           p_b           S_b           r 2           r 3           r 4           r 5           r 6           r 7           r 8           r 9          r 10          r 11          r 12          r 13          r 14          r 15          r 16          r 17          r 18          r 19          r 20           ln lk          grad status 
   0           0.1 0.01924744951 0.01138565710        -20000         0.208           0.1            20 0.86619807003 0.73499701557 0.63991340719 0.58083977437 0.54852698926 0.54055576293 0.53585798799 0.52652604011 0.55425439215 0.55566253417 0.59117929172 0.62575957350 0.66251605154 0.74789014527 0.85291307547 1.10912283713 1.58521535378             1             1 -1113926.804953 23122.5911896   -2 
 523 0.00192910103 0.01929523526 0.01017840755 -91.098863448 0.11494162711 0.01703847614 8.36596947829 0.85924876401 0.71970300489 0.61676194201 0.55277066913 0.52092489288 0.50533730022 0.49323500850 0.48166107733 0.49598455828 0.48852632683  0.5106745881 0.51309327453 0.52378973097 0.55573426437 0.58087271738 0.64392060418 0.70990756380 0.80065743919 1.02883491880 -280.3506989926 0.13967254288   -3 
-- Local optimization: stuck in the same solution
---- Best joint likelihood found -280.350698992697289 with gradient 0.13967

---- Results for Mmc/456.polyDFE.config.txt 
--  Model: C
--        eps_an        lambda     theta_bar             a 
-- 0.00192910103 0.01929523526 0.01017840755            -1 
--           S_d             b           p_b           S_b 
-- -91.098863448 0.11494162711 0.01703847614 8.36596947829 
--           r 2           r 3           r 4           r 5           r 6           r 7           r 8           r 9          r 10          r 11          r 12          r 13          r 14          r 15          r 16          r 17          r 18          r 19          r 20 
-- 0.85924876401 0.71970300489 0.61676194201 0.55277066913 0.52092489288 0.50533730022 0.49323500850 0.48166107733 0.49598455828 0.48852632683  0.5106745881 0.51309327453 0.52378973097 0.55573426437 0.58087271738 0.64392060418 0.70990756380 0.80065743919 1.02883491880 

---- Expected P_neut(i), 0 < i < n (neutral SFS per site) 
E[P_neut(1)] = 0.0101595998
E[P_neut(2)] = 0.0043652307
E[P_neut(3)] = 0.0024378434
E[P_neut(4)] = 0.0015670989
E[P_neut(5)] = 0.0011238217
E[P_neut(6)] = 0.0008827275
E[P_neut(7)] = 0.0007341473
E[P_neut(8)] = 0.0006271684
E[P_neut(9)] = 0.0005445482
E[P_neut(10)] = 0.0005048333
E[P_neut(11)] = 0.0004522170
E[P_neut(12)] = 0.0004335295
E[P_neut(13)] = 0.0004023712
E[P_neut(14)] = 0.0003817805
E[P_neut(15)] = 0.0003785426
E[P_neut(16)] = 0.0003718372
E[P_neut(17)] = 0.0003895013
E[P_neut(18)] = 0.0004090907
E[P_neut(19)] = 0.0004477245

---- Expected P_sel(i), 0 < i < n (selected SFS per site) 
E[P_sel(1)] = 0.0072332188
E[P_sel(2)] = 0.0028176381
E[P_sel(3)] = 0.0014989280
E[P_sel(4)] = 0.0009342896
E[P_sel(5)] = 0.0006554707
E[P_sel(6)] = 0.0005063849
E[P_sel(7)] = 0.0004157341
E[P_sel(8)] = 0.0003515349
E[P_sel(9)] = 0.0003027699
E[P_sel(10)] = 0.0002789437
E[P_sel(11)] = 0.0002487430
E[P_sel(12)] = 0.0002377836
E[P_sel(13)] = 0.0002204494
E[P_sel(14)] = 0.0002093455
E[P_sel(15)] = 0.0002082304
E[P_sel(16)] = 0.0002058098
E[P_sel(17)] = 0.0002178148
E[P_sel(18)] = 0.0002326352
E[P_sel(19)] = 0.0002626771

---- Expected D_neut and D_sel (neutral and selected divergence per site) 
E[D_neut] = 0.0198188303
E[D_sel] = 0.0125155908

---- Expected neutral and selected misattributed polymorphism per site
E[mis_neut] = 0.0005235951
E[mis_sel] = 0.0003141165

---- alpha_div = 0.230088
---- alpha_dfe = 0.229918

