---- Running command
---- ./polyDFE -d Mmc/457.polyDFE.config.txt -m C -e 
---- Performing inference using model C

---- Performing inference on Mmc/457.polyDFE.config.txt
---- No mutation variability. Using Poisson likelihood.


---- Calculating initial values

-- Starting local optimization
-- Optimizing all parameters
  it        eps_an        lambda     theta_bar           S_d             b           p_b           S_b           r 2           r 3           r 4           r 5           r 6           r 7           r 8           r 9          r 10          r 11          r 12          r 13          r 14          r 15          r 16          r 17          r 18          r 19          r 20           ln lk          grad status 
   0           0.1 0.01926820390 0.01135917508        -20000         0.208           0.1            20 0.87058751905 0.73437832379 0.64467588488 0.58078933778 0.56034672990 0.54294860316 0.53418007036 0.53184841261 0.55281279914 0.55177573912 0.59413862332 0.62722192986 0.66701054218 0.74787939867 0.85759696978 1.10187867350 1.57258105581             1             1 -1116692.151619 23143.1070372   -2 
1068 0.00049514408 0.01930552869 0.01013810663 -71.175118969 0.12801705317 0.02878099056 5.57632911202 0.86419989459 0.71974946582 0.62175793118 0.55537626827 0.53157902591 0.50936938477 0.49407311584 0.48822840451 0.49538624861 0.48172561536 0.51134438640 0.51371960408 0.52500763602 0.55765209069 0.58876387837 0.64741320998 0.70769149216 0.82908192392 1.05017237059 -281.6358208985 0.06270971335   -3 
-- Local optimization: stuck in the same solution
---- Best joint likelihood found -281.635820898562088 with gradient 0.06271

---- Results for Mmc/457.polyDFE.config.txt 
--  Model: C
--        eps_an        lambda     theta_bar             a 
-- 0.00049514408 0.01930552869 0.01013810663            -1 
--           S_d             b           p_b           S_b 
-- -71.175118969 0.12801705317 0.02878099056 5.57632911202 
--           r 2           r 3           r 4           r 5           r 6           r 7           r 8           r 9          r 10          r 11          r 12          r 13          r 14          r 15          r 16          r 17          r 18          r 19          r 20 
-- 0.86419989459 0.71974946582 0.62175793118 0.55537626827 0.53157902591 0.50936938477 0.49407311584 0.48822840451 0.49538624861 0.48172561536 0.51134438640 0.51371960408 0.52500763602 0.55765209069 0.58876387837 0.64741320998 0.70769149216 0.82908192392 1.05017237059 

---- Expected P_neut(i), 0 < i < n (neutral SFS per site) 
E[P_neut(1)] = 0.0101333059
E[P_neut(2)] = 0.0043787036
E[P_neut(3)] = 0.0024312858
E[P_neut(4)] = 0.0015752665
E[P_neut(5)] = 0.0011257218
E[P_neut(6)] = 0.0008979443
E[P_neut(7)] = 0.0007375533
E[P_neut(8)] = 0.0006260246
E[P_neut(9)] = 0.0005499155
E[P_neut(10)] = 0.0005022279
E[P_neut(11)] = 0.0004440330
E[P_neut(12)] = 0.0004321014
E[P_neut(13)] = 0.0004007934
E[P_neut(14)] = 0.0003804410
E[P_neut(15)] = 0.0003772734
E[P_neut(16)] = 0.0003736550
E[P_neut(17)] = 0.0003871040
E[P_neut(18)] = 0.0004005635
E[P_neut(19)] = 0.0004471861

---- Expected P_sel(i), 0 < i < n (selected SFS per site) 
E[P_sel(1)] = 0.0072647732
E[P_sel(2)] = 0.0028296756
E[P_sel(3)] = 0.0014916747
E[P_sel(4)] = 0.0009353736
E[P_sel(5)] = 0.0006532512
E[P_sel(6)] = 0.0005122522
E[P_sel(7)] = 0.0004153091
E[P_sel(8)] = 0.0003490052
E[P_sel(9)] = 0.0003042740
E[P_sel(10)] = 0.0002763858
E[P_sel(11)] = 0.0002435175
E[P_sel(12)] = 0.0002366097
E[P_sel(13)] = 0.0002195644
E[P_sel(14)] = 0.0002089614
E[P_sel(15)] = 0.0002082830
E[P_sel(16)] = 0.0002079661
E[P_sel(17)] = 0.0002180300
E[P_sel(18)] = 0.0002294781
E[P_sel(19)] = 0.0002626842

---- Expected D_neut and D_sel (neutral and selected divergence per site) 
E[D_neut] = 0.0198378667
E[D_sel] = 0.0125210416

---- Expected neutral and selected misattributed polymorphism per site
E[mis_neut] = 0.0005323380
E[mis_sel] = 0.0003218527

---- alpha_div = 0.264730
---- alpha_dfe = 0.264590

