---- Running command
---- ./polyDFE -d Mmc/458.polyDFE.config.txt -m C -e 
---- Performing inference using model C

---- Performing inference on Mmc/458.polyDFE.config.txt
---- No mutation variability. Using Poisson likelihood.


---- Calculating initial values

-- Starting local optimization
-- Optimizing all parameters
  it        eps_an        lambda     theta_bar           S_d             b           p_b           S_b           r 2           r 3           r 4           r 5           r 6           r 7           r 8           r 9          r 10          r 11          r 12          r 13          r 14          r 15          r 16          r 17          r 18          r 19          r 20           ln lk          grad status 
   0           0.1 0.01926055589 0.01135024806        -20000         0.208           0.1            20 0.86991384148 0.73613170159 0.64312459044 0.58203893911 0.55838419069 0.54623950573 0.53776058001 0.53550765257 0.55248410981 0.55484267964 0.59219848165 0.63097030347 0.67572948472 0.75848844976 0.86248610460 1.10397535141 1.57943782687             1             1 -1112677.477302 23104.5231601   -2 
 252 0.00539056442 0.01931635809 0.01018885419 -98.182958215 0.10778263402 0.00415577269 30.3748782073 0.86225117381 0.71657245043 0.61683413752 0.55162219534 0.52825224988 0.50887575611 0.49273215218 0.48401483038 0.49162826362 0.48114084758 0.50917283377 0.51370798080 0.53125977150 0.56057645481 0.58666833851 0.63928428744 0.68289987585 0.74395365991 1.00347538818 -310.3931908574 0.70310032406   -3 
-- Local optimization: stuck in the same solution
---- Best joint likelihood found -310.393190857459558 with gradient 0.70310

---- Results for Mmc/458.polyDFE.config.txt 
--  Model: C
--        eps_an        lambda     theta_bar             a 
-- 0.00539056442 0.01931635809 0.01018885419            -1 
--           S_d             b           p_b           S_b 
-- -98.182958215 0.10778263402 0.00415577269 30.3748782073 
--           r 2           r 3           r 4           r 5           r 6           r 7           r 8           r 9          r 10          r 11          r 12          r 13          r 14          r 15          r 16          r 17          r 18          r 19          r 20 
-- 0.86225117381 0.71657245043 0.61683413752 0.55162219534 0.52825224988 0.50887575611 0.49273215218 0.48401483038 0.49162826362 0.48114084758 0.50917283377 0.51370798080 0.53125977150 0.56057645481 0.58666833851 0.63928428744 0.68289987585 0.74395365991 1.00347538818 

---- Expected P_neut(i), 0 < i < n (neutral SFS per site) 
E[P_neut(1)] = 0.0101360811
E[P_neut(2)] = 0.0043710805
E[P_neut(3)] = 0.0024226305
E[P_neut(4)] = 0.0015647524
E[P_neut(5)] = 0.0011200728
E[P_neut(6)] = 0.0008942961
E[P_neut(7)] = 0.0007388720
E[P_neut(8)] = 0.0006264946
E[P_neut(9)] = 0.0005473993
E[P_neut(10)] = 0.0005009129
E[P_neut(11)] = 0.0004462127
E[P_neut(12)] = 0.0004333763
E[P_neut(13)] = 0.0004044451
E[P_neut(14)] = 0.0003893891
E[P_neut(15)] = 0.0003847823
E[P_neut(16)] = 0.0003800482
E[P_neut(17)] = 0.0003942050
E[P_neut(18)] = 0.0004081490
E[P_neut(19)] = 0.0004517223

---- Expected P_sel(i), 0 < i < n (selected SFS per site) 
E[P_sel(1)] = 0.0072274365
E[P_sel(2)] = 0.0028331945
E[P_sel(3)] = 0.0014971508
E[P_sel(4)] = 0.0009376867
E[P_sel(5)] = 0.0006563393
E[P_sel(6)] = 0.0005149896
E[P_sel(7)] = 0.0004195240
E[P_sel(8)] = 0.0003515687
E[P_sel(9)] = 0.0003041598
E[P_sel(10)] = 0.0002759992
E[P_sel(11)] = 0.0002441221
E[P_sel(12)] = 0.0002357071
E[P_sel(13)] = 0.0002189514
E[P_sel(14)] = 0.0002101086
E[P_sel(15)] = 0.0002072899
E[P_sel(16)] = 0.0002049389
E[P_sel(17)] = 0.0002136914
E[P_sel(18)] = 0.0002246220
E[P_sel(19)] = 0.0002610334

---- Expected D_neut and D_sel (neutral and selected divergence per site) 
E[D_neut] = 0.0198275713
E[D_sel] = 0.0125453842

---- Expected neutral and selected misattributed polymorphism per site
E[mis_neut] = 0.0005112132
E[mis_sel] = 0.0002943634

---- alpha_div = 0.199298
---- alpha_dfe = 0.199369

