---- Running command
---- ./polyDFE -d Mmc/459.polyDFE.config.txt -m C -e 
---- Performing inference using model C

---- Performing inference on Mmc/459.polyDFE.config.txt
---- No mutation variability. Using Poisson likelihood.


---- Calculating initial values

-- Starting local optimization
-- Optimizing all parameters
  it        eps_an        lambda     theta_bar           S_d             b           p_b           S_b           r 2           r 3           r 4           r 5           r 6           r 7           r 8           r 9          r 10          r 11          r 12          r 13          r 14          r 15          r 16          r 17          r 18          r 19          r 20           ln lk          grad status 
   0           0.1 0.01925712371 0.01136462757        -20000         0.208           0.1            20 0.86714295929 0.73204693314 0.64602358333 0.58880503288 0.55887438340 0.53772546313 0.53501311616 0.52930763850 0.55451386440 0.54481341471 0.58693864966 0.62389019336 0.66306727182 0.74648002153 0.86034527211 1.09897631646 1.57795398840             1             1 -1116127.020730 23118.4610451   -2 
 993 0.00056855100 0.01928317935 0.01013978474 -68.193195198 0.12955470811 0.02826913170 5.72342534794 0.86214174572 0.71968661561 0.62046587683 0.55971053331 0.52987975690 0.50631173673 0.49495594573 0.48468212185 0.49586486504 0.48100163026 0.50921344224 0.51718169172 0.51973930112 0.55761460800 0.58588435193 0.64421977950 0.70959232260 0.82522792948 1.07582473314 -298.3579551703 0.04013292930   -3 
-- Local optimization: stuck in the same solution
---- Best joint likelihood found -298.357955170373316 with gradient 0.04013

---- Results for Mmc/459.polyDFE.config.txt 
--  Model: C
--        eps_an        lambda     theta_bar             a 
-- 0.00056855100 0.01928317935 0.01013978474            -1 
--           S_d             b           p_b           S_b 
-- -68.193195198 0.12955470811 0.02826913170 5.72342534794 
--           r 2           r 3           r 4           r 5           r 6           r 7           r 8           r 9          r 10          r 11          r 12          r 13          r 14          r 15          r 16          r 17          r 18          r 19          r 20 
-- 0.86214174572 0.71968661561 0.62046587683 0.55971053331 0.52987975690 0.50631173673 0.49495594573 0.48468212185 0.49586486504 0.48100163026 0.50921344224 0.51718169172 0.51973930112 0.55761460800 0.58588435193 0.64421977950 0.70959232260 0.82522792948 1.07582473314 

---- Expected P_neut(i), 0 < i < n (neutral SFS per site) 
E[P_neut(1)] = 0.0101342702
E[P_neut(2)] = 0.0043687080
E[P_neut(3)] = 0.0024313246
E[P_neut(4)] = 0.0015721645
E[P_neut(5)] = 0.0011346378
E[P_neut(6)] = 0.0008951827
E[P_neut(7)] = 0.0007332255
E[P_neut(8)] = 0.0006272313
E[P_neut(9)] = 0.0005460052
E[P_neut(10)] = 0.0005027963
E[P_neut(11)] = 0.0004434450
E[P_neut(12)] = 0.0004303883
E[P_neut(13)] = 0.0004035808
E[P_neut(14)] = 0.0003767269
E[P_neut(15)] = 0.0003773705
E[P_neut(16)] = 0.0003719795
E[P_neut(17)] = 0.0003854145
E[P_neut(18)] = 0.0004019864
E[P_neut(19)] = 0.0004459164

---- Expected P_sel(i), 0 < i < n (selected SFS per site) 
E[P_sel(1)] = 0.0072786677
E[P_sel(2)] = 0.0028259314
E[P_sel(3)] = 0.0014921911
E[P_sel(4)] = 0.0009334194
E[P_sel(5)] = 0.0006581187
E[P_sel(6)] = 0.0005102962
E[P_sel(7)] = 0.0004124673
E[P_sel(8)] = 0.0003492640
E[P_sel(9)] = 0.0003016992
E[P_sel(10)] = 0.0002762787
E[P_sel(11)] = 0.0002427928
E[P_sel(12)] = 0.0002352543
E[P_sel(13)] = 0.0002206790
E[P_sel(14)] = 0.0002065221
E[P_sel(15)] = 0.0002079290
E[P_sel(16)] = 0.0002066346
E[P_sel(17)] = 0.0002166867
E[P_sel(18)] = 0.0002299441
E[P_sel(19)] = 0.0002617428

---- Expected D_neut and D_sel (neutral and selected divergence per site) 
E[D_neut] = 0.0198286109
E[D_sel] = 0.0125235218

---- Expected neutral and selected misattributed polymorphism per site
E[mis_neut] = 0.0005454316
E[mis_sel] = 0.0003295995

---- alpha_div = 0.266327
---- alpha_dfe = 0.266060

