---- Running command
---- ./polyDFE -d Mmc/46.polyDFE.config.txt -m C -e 
---- Performing inference using model C

---- Performing inference on Mmc/46.polyDFE.config.txt
---- No mutation variability. Using Poisson likelihood.


---- Calculating initial values

-- Starting local optimization
-- Optimizing all parameters
  it        eps_an        lambda     theta_bar           S_d             b           p_b           S_b           r 2           r 3           r 4           r 5           r 6           r 7           r 8           r 9          r 10          r 11          r 12          r 13          r 14          r 15          r 16          r 17          r 18          r 19          r 20           ln lk          grad status 
   0           0.1 0.01927601351 0.01136953454        -20000         0.208           0.1            20 0.86971353890 0.73303345544 0.64377157468 0.58229870711 0.55364280251 0.53555467380 0.53369737478 0.52881896319 0.54950114221 0.55642928927 0.59109474705 0.61658460447 0.66775212676 0.74937831594 0.86764984133 1.11095307593 1.57170257185             1             1 -1114784.919556 23131.8727057   -2 
1435 0.00021612446 0.01910894461 0.01014834630 -78.535294318 0.12250151202 0.02409300241 6.42091698053 0.86182489432 0.71790534317 0.61987797137 0.55413125991 0.52886565997 0.50465562152 0.49199710475 0.48524065192 0.49236724795 0.48441471700 0.51144229660 0.51081419721 0.52852725971 0.55911109914 0.59064428982 0.65205776259 0.70848768328 0.83117687134 1.45203335467 -269.5324853757 0.00589546359   -3 
-- Local optimization: stuck in the same solution
---- Best joint likelihood found -269.532485375719261 with gradient 0.00590

---- Results for Mmc/46.polyDFE.config.txt 
--  Model: C
--        eps_an        lambda     theta_bar             a 
-- 0.00021612446 0.01910894461 0.01014834630            -1 
--           S_d             b           p_b           S_b 
-- -78.535294318 0.12250151202 0.02409300241 6.42091698053 
--           r 2           r 3           r 4           r 5           r 6           r 7           r 8           r 9          r 10          r 11          r 12          r 13          r 14          r 15          r 16          r 17          r 18          r 19          r 20 
-- 0.86182489432 0.71790534317 0.61987797137 0.55413125991 0.52886565997 0.50465562152 0.49199710475 0.48524065192 0.49236724795 0.48441471700 0.51144229660 0.51081419721 0.52852725971 0.55911109914 0.59064428982 0.65205776259 0.70848768328 0.83117687134 1.45203335467 

---- Expected P_neut(i), 0 < i < n (neutral SFS per site) 
E[P_neut(1)] = 0.0101462490
E[P_neut(2)] = 0.0043721899
E[P_neut(3)] = 0.0024280766
E[P_neut(4)] = 0.0015724252
E[P_neut(5)] = 0.0011245419
E[P_neut(6)] = 0.0008944081
E[P_neut(7)] = 0.0007315595
E[P_neut(8)] = 0.0006240782
E[P_neut(9)] = 0.0005471328
E[P_neut(10)] = 0.0004996713
E[P_neut(11)] = 0.0004469315
E[P_neut(12)] = 0.0004325659
E[P_neut(13)] = 0.0003988350
E[P_neut(14)] = 0.0003832304
E[P_neut(15)] = 0.0003784315
E[P_neut(16)] = 0.0003748879
E[P_neut(17)] = 0.0003896941
E[P_neut(18)] = 0.0004003020
E[P_neut(19)] = 0.0004460484

---- Expected P_sel(i), 0 < i < n (selected SFS per site) 
E[P_sel(1)] = 0.0072531283
E[P_sel(2)] = 0.0028240529
E[P_sel(3)] = 0.0014910804
E[P_sel(4)] = 0.0009353206
E[P_sel(5)] = 0.0006540240
E[P_sel(6)] = 0.0005115055
E[P_sel(7)] = 0.0004129976
E[P_sel(8)] = 0.0003488041
E[P_sel(9)] = 0.0003034571
E[P_sel(10)] = 0.0002755652
E[P_sel(11)] = 0.0002455443
E[P_sel(12)] = 0.0002371830
E[P_sel(13)] = 0.0002186724
E[P_sel(14)] = 0.0002105431
E[P_sel(15)] = 0.0002088371
E[P_sel(16)] = 0.0002084274
E[P_sel(17)] = 0.0002191127
E[P_sel(18)] = 0.0002288112
E[P_sel(19)] = 0.0002612749

---- Expected D_neut and D_sel (neutral and selected divergence per site) 
E[D_neut] = 0.0198457315
E[D_sel] = 0.0125495972

---- Expected neutral and selected misattributed polymorphism per site
E[mis_neut] = 0.0007367869
E[mis_sel] = 0.0004451715

---- alpha_div = 0.252239
---- alpha_dfe = 0.252134

