---- Running command
---- ./polyDFE -d Mmc/460.polyDFE.config.txt -m C -e 
---- Performing inference using model C

---- Performing inference on Mmc/460.polyDFE.config.txt
---- No mutation variability. Using Poisson likelihood.


---- Calculating initial values

-- Starting local optimization
-- Optimizing all parameters
  it        eps_an        lambda     theta_bar           S_d             b           p_b           S_b           r 2           r 3           r 4           r 5           r 6           r 7           r 8           r 9          r 10          r 11          r 12          r 13          r 14          r 15          r 16          r 17          r 18          r 19          r 20           ln lk          grad status 
   0           0.1 0.01931459067 0.01138491051        -20000         0.208           0.1            20 0.86931920817 0.73331136341 0.64026443424 0.57847160082 0.55494063877 0.53895354350 0.54302078392 0.52742132246 0.55159462353 0.55307149970 0.60142283031 0.63159951402 0.66263644875 0.74926704628 0.85411915943 1.09863502088 1.57168762735             1             1 -1114167.413084 23167.1603448   -2 
1124 0.00048703572 0.01931578864 0.01015256326 -76.376148946 0.12664157754 0.02982015548 5.45062186468 0.86477658339 0.72049618178 0.62032959549 0.55234831606 0.52734432946 0.50726164929 0.49694160467 0.48366028561 0.49265834781 0.48271848291 0.51567464345 0.51911358826 0.52473242097 0.56102140086 0.58715002201 0.64430687582 0.71126187859 0.82654987475 1.11978041173 -286.9683308675 0.01943258384   -8 
-- Local optimization: reached maximum number of likelihood evaluations allowed.
---- Best joint likelihood found -286.968330867588520 with gradient 0.01943

---- Results for Mmc/460.polyDFE.config.txt 
--  Model: C
--        eps_an        lambda     theta_bar             a 
-- 0.00048703572 0.01931578864 0.01015256326            -1 
--           S_d             b           p_b           S_b 
-- -76.376148946 0.12664157754 0.02982015548 5.45062186468 
--           r 2           r 3           r 4           r 5           r 6           r 7           r 8           r 9          r 10          r 11          r 12          r 13          r 14          r 15          r 16          r 17          r 18          r 19          r 20 
-- 0.86477658339 0.72049618178 0.62032959549 0.55234831606 0.52734432946 0.50726164929 0.49694160467 0.48366028561 0.49265834781 0.48271848291 0.51567464345 0.51911358826 0.52473242097 0.56102140086 0.58715002201 0.64430687582 0.71126187859 0.82654987475 1.11978041173 

---- Expected P_neut(i), 0 < i < n (neutral SFS per site) 
E[P_neut(1)] = 0.0101478337
E[P_neut(2)] = 0.0043879069
E[P_neut(3)] = 0.0024372942
E[P_neut(4)] = 0.0015738985
E[P_neut(5)] = 0.0011211889
E[P_neut(6)] = 0.0008920669
E[P_neut(7)] = 0.0007355543
E[P_neut(8)] = 0.0006305592
E[P_neut(9)] = 0.0005455503
E[P_neut(10)] = 0.0005001745
E[P_neut(11)] = 0.0004455787
E[P_neut(12)] = 0.0004363796
E[P_neut(13)] = 0.0004055711
E[P_neut(14)] = 0.0003807763
E[P_neut(15)] = 0.0003800816
E[P_neut(16)] = 0.0003731527
E[P_neut(17)] = 0.0003857864
E[P_neut(18)] = 0.0004031166
E[P_neut(19)] = 0.0004463927

---- Expected P_sel(i), 0 < i < n (selected SFS per site) 
E[P_sel(1)] = 0.0072409421
E[P_sel(2)] = 0.0028240373
E[P_sel(3)] = 0.0014901827
E[P_sel(4)] = 0.0009317783
E[P_sel(5)] = 0.0006489431
E[P_sel(6)] = 0.0005077634
E[P_sel(7)] = 0.0004133892
E[P_sel(8)] = 0.0003509623
E[P_sel(9)] = 0.0003014537
E[P_sel(10)] = 0.0002749625
E[P_sel(11)] = 0.0002441721
E[P_sel(12)] = 0.0002388296
E[P_sel(13)] = 0.0002221301
E[P_sel(14)] = 0.0002091569
E[P_sel(15)] = 0.0002099059
E[P_sel(16)] = 0.0002078192
E[P_sel(17)] = 0.0002174880
E[P_sel(18)] = 0.0002312073
E[P_sel(19)] = 0.0002625477

---- Expected D_neut and D_sel (neutral and selected divergence per site) 
E[D_neut] = 0.0198842207
E[D_sel] = 0.0125659602

---- Expected neutral and selected misattributed polymorphism per site
E[mis_neut] = 0.0005684321
E[mis_sel] = 0.0003441885

---- alpha_div = 0.268087
---- alpha_dfe = 0.268056

