---- Running command
---- ./polyDFE -d Mmc/461.polyDFE.config.txt -m C -e 
---- Performing inference using model C

---- Performing inference on Mmc/461.polyDFE.config.txt
---- No mutation variability. Using Poisson likelihood.


---- Calculating initial values

-- Starting local optimization
-- Optimizing all parameters
  it        eps_an        lambda     theta_bar           S_d             b           p_b           S_b           r 2           r 3           r 4           r 5           r 6           r 7           r 8           r 9          r 10          r 11          r 12          r 13          r 14          r 15          r 16          r 17          r 18          r 19          r 20           ln lk          grad status 
   0           0.1 0.01930762267 0.01135561610        -20000         0.208           0.1            20 0.87342987590 0.73336865779 0.64129361038 0.58585285546 0.55835491009 0.54363877919 0.53506830660 0.53127257016 0.55755695114 0.55731158657 0.58522367704 0.62150714760 0.66070315740 0.74981214245 0.86349363972 1.10919086793 1.58108482439             1             1 -1120215.025736 23218.3579927   -2 
 349 0.00338248003 0.01936118509 0.01016706117 -78.562782428 0.12094179299 0.01877285093 7.82458030214 0.86581937678 0.71996087655 0.61843507784 0.55323270446 0.52836728665 0.50926432415 0.49541641623 0.48460174921 0.49467708441 0.48261195877 0.50986927092 0.51041736623 0.52073574050 0.55286350114 0.58757875848 0.63795240495 0.68905481059 0.77287408432 1.01305386095 -299.5348700389 0.15302031499   -3 
-- Local optimization: stuck in the same solution
---- Best joint likelihood found -299.534870038958616 with gradient 0.15302

---- Results for Mmc/461.polyDFE.config.txt 
--  Model: C
--        eps_an        lambda     theta_bar             a 
-- 0.00338248003 0.01936118509 0.01016706117            -1 
--           S_d             b           p_b           S_b 
-- -78.562782428 0.12094179299 0.01877285093 7.82458030214 
--           r 2           r 3           r 4           r 5           r 6           r 7           r 8           r 9          r 10          r 11          r 12          r 13          r 14          r 15          r 16          r 17          r 18          r 19          r 20 
-- 0.86581937678 0.71996087655 0.61843507784 0.55323270446 0.52836728665 0.50926432415 0.49541641623 0.48460174921 0.49467708441 0.48261195877 0.50986927092 0.51041736623 0.52073574050 0.55286350114 0.58757875848 0.63795240495 0.68905481059 0.77287408432 1.01305386095 

---- Expected P_neut(i), 0 < i < n (neutral SFS per site) 
E[P_neut(1)] = 0.0101340702
E[P_neut(2)] = 0.0043878480
E[P_neut(3)] = 0.0024329995
E[P_neut(4)] = 0.0015678628
E[P_neut(5)] = 0.0011224126
E[P_neut(6)] = 0.0008935745
E[P_neut(7)] = 0.0007385228
E[P_neut(8)] = 0.0006289477
E[P_neut(9)] = 0.0005470988
E[P_neut(10)] = 0.0005029412
E[P_neut(11)] = 0.0004464107
E[P_neut(12)] = 0.0004326578
E[P_neut(13)] = 0.0004003397
E[P_neut(14)] = 0.0003799173
E[P_neut(15)] = 0.0003772707
E[P_neut(16)] = 0.0003774259
E[P_neut(17)] = 0.0003884979
E[P_neut(18)] = 0.0004027747
E[P_neut(19)] = 0.0004465625

---- Expected P_sel(i), 0 < i < n (selected SFS per site) 
E[P_sel(1)] = 0.0072471181
E[P_sel(2)] = 0.0028354251
E[P_sel(3)] = 0.0014944870
E[P_sel(4)] = 0.0009325548
E[P_sel(5)] = 0.0006524921
E[P_sel(6)] = 0.0005105656
E[P_sel(7)] = 0.0004163343
E[P_sel(8)] = 0.0003508208
E[P_sel(9)] = 0.0003026363
E[P_sel(10)] = 0.0002764408
E[P_sel(11)] = 0.0002442502
E[P_sel(12)] = 0.0002360618
E[P_sel(13)] = 0.0002182213
E[P_sel(14)] = 0.0002073217
E[P_sel(15)] = 0.0002066152
E[P_sel(16)] = 0.0002081055
E[P_sel(17)] = 0.0002166307
E[P_sel(18)] = 0.0002288249
E[P_sel(19)] = 0.0002632648

---- Expected D_neut and D_sel (neutral and selected divergence per site) 
E[D_neut] = 0.0198761741
E[D_sel] = 0.0125089384

---- Expected neutral and selected misattributed polymorphism per site
E[mis_neut] = 0.0005149890
E[mis_sel] = 0.0003081069

---- alpha_div = 0.238439
---- alpha_dfe = 0.238362

