---- Running command
---- ./polyDFE -d Mmc/462.polyDFE.config.txt -m C -e 
---- Performing inference using model C

---- Performing inference on Mmc/462.polyDFE.config.txt
---- No mutation variability. Using Poisson likelihood.


---- Calculating initial values

-- Starting local optimization
-- Optimizing all parameters
  it        eps_an        lambda     theta_bar           S_d             b           p_b           S_b           r 2           r 3           r 4           r 5           r 6           r 7           r 8           r 9          r 10          r 11          r 12          r 13          r 14          r 15          r 16          r 17          r 18          r 19          r 20           ln lk          grad status 
   0           0.1 0.01930218244 0.01136049655        -20000         0.208           0.1            20 0.87531056442 0.73537688414 0.64546510495 0.57940807546 0.55831980043 0.53654191726 0.53909760911 0.52842884858 0.55175655857 0.55906858659 0.59035839089 0.62078424985 0.67063457862 0.74332599009 0.87031185009 1.10423994573 1.57626596234             1             1 -1118608.170287 23153.3399273   -2 
 721 0.00135802481 0.01933713896 0.01014983448 -75.649324016 0.12513479240 0.03110166256 5.05012367237 0.86771806208 0.72029976535 0.62261090758 0.55404842741 0.53078481577 0.50242760571 0.49777458589 0.48207364210 0.49378717122 0.49128251033 0.51103953822 0.51025908511 0.52337499744 0.55181954412 0.59236371944 0.64344669636 0.70116061750 0.80679224097 1.05265550921 -269.5758534296 0.07045511459   -3 
-- Local optimization: stuck in the same solution
---- Best joint likelihood found -269.575853429632843 with gradient 0.07046

---- Results for Mmc/462.polyDFE.config.txt 
--  Model: C
--        eps_an        lambda     theta_bar             a 
-- 0.00135802481 0.01933713896 0.01014983448            -1 
--           S_d             b           p_b           S_b 
-- -75.649324016 0.12513479240 0.03110166256 5.05012367237 
--           r 2           r 3           r 4           r 5           r 6           r 7           r 8           r 9          r 10          r 11          r 12          r 13          r 14          r 15          r 16          r 17          r 18          r 19          r 20 
-- 0.86771806208 0.72029976535 0.62261090758 0.55404842741 0.53078481577 0.50242760571 0.49777458589 0.48207364210 0.49378717122 0.49128251033 0.51103953822 0.51025908511 0.52337499744 0.55181954412 0.59236371944 0.64344669636 0.70116061750 0.80679224097 1.05265550921 

---- Expected P_neut(i), 0 < i < n (neutral SFS per site) 
E[P_neut(1)] = 0.0101366361
E[P_neut(2)] = 0.0043981541
E[P_neut(3)] = 0.0024341867
E[P_neut(4)] = 0.0015782143
E[P_neut(5)] = 0.0011236797
E[P_neut(6)] = 0.0008971923
E[P_neut(7)] = 0.0007280598
E[P_neut(8)] = 0.0006312706
E[P_neut(9)] = 0.0005435404
E[P_neut(10)] = 0.0005011858
E[P_neut(11)] = 0.0004534351
E[P_neut(12)] = 0.0004325179
E[P_neut(13)] = 0.0003988364
E[P_neut(14)] = 0.0003801448
E[P_neut(15)] = 0.0003744121
E[P_neut(16)] = 0.0003774098
E[P_neut(17)] = 0.0003869570
E[P_neut(18)] = 0.0004008135
E[P_neut(19)] = 0.0004441883

---- Expected P_sel(i), 0 < i < n (selected SFS per site) 
E[P_sel(1)] = 0.0072635921
E[P_sel(2)] = 0.0028468832
E[P_sel(3)] = 0.0014979971
E[P_sel(4)] = 0.0009409163
E[P_sel(5)] = 0.0006552171
E[P_sel(6)] = 0.0005146300
E[P_sel(7)] = 0.0004124420
E[P_sel(8)] = 0.0003542328
E[P_sel(9)] = 0.0003028494
E[P_sel(10)] = 0.0002778524
E[P_sel(11)] = 0.0002506036
E[P_sel(12)] = 0.0002387515
E[P_sel(13)] = 0.0002203162
E[P_sel(14)] = 0.0002105834
E[P_sel(15)] = 0.0002084919
E[P_sel(16)] = 0.0002118701
E[P_sel(17)] = 0.0002197971
E[P_sel(18)] = 0.0002315461
E[P_sel(19)] = 0.0002635005

---- Expected D_neut and D_sel (neutral and selected divergence per site) 
E[D_neut] = 0.0198713529
E[D_sel] = 0.0125327713

---- Expected neutral and selected misattributed polymorphism per site
E[mis_neut] = 0.0005342140
E[mis_sel] = 0.0003240716

---- alpha_div = 0.261266
---- alpha_dfe = 0.261167

