---- Running command
---- ./polyDFE -d Mmc/463.polyDFE.config.txt -m C -e 
---- Performing inference using model C

---- Performing inference on Mmc/463.polyDFE.config.txt
---- No mutation variability. Using Poisson likelihood.


---- Calculating initial values

-- Starting local optimization
-- Optimizing all parameters
  it        eps_an        lambda     theta_bar           S_d             b           p_b           S_b           r 2           r 3           r 4           r 5           r 6           r 7           r 8           r 9          r 10          r 11          r 12          r 13          r 14          r 15          r 16          r 17          r 18          r 19          r 20           ln lk          grad status 
   0           0.1 0.01928341498 0.01137553049        -20000         0.208           0.1            20 0.87207488249 0.73487719021 0.64583262445 0.58586070730 0.55599075402 0.53432292671 0.53932915723 0.52841637437 0.54548498828 0.55675996849 0.59131134397 0.62934284656 0.66037825803 0.74967256367 0.86602293708 1.09750012192 1.57894700424             1             1 -1115083.028601 23154.9190111   -2 
 297 0.00525012373 0.01933827761 0.01020914369 -104.86912967 0.10652176687 0.00454148409 27.3802896313 0.86271270255 0.71610657764 0.61632543864 0.55523236770 0.52272937717 0.50014073879 0.49462544262 0.48418715540 0.49006686684 0.48066998628 0.50939016901 0.51587950203 0.52228314227 0.55434485738 0.58355810459 0.63279717635 0.68627894875 0.73665150365 1.00017767730 -325.5034488465 6.65165182522   -3 
-- Local optimization: stuck in the same solution
---- Best joint likelihood found -325.503448846531683 with gradient 6.65165

---- Results for Mmc/463.polyDFE.config.txt 
--  Model: C
--        eps_an        lambda     theta_bar             a 
-- 0.00525012373 0.01933827761 0.01020914369            -1 
--           S_d             b           p_b           S_b 
-- -104.86912967 0.10652176687 0.00454148409 27.3802896313 
--           r 2           r 3           r 4           r 5           r 6           r 7           r 8           r 9          r 10          r 11          r 12          r 13          r 14          r 15          r 16          r 17          r 18          r 19          r 20 
-- 0.86271270255 0.71610657764 0.61632543864 0.55523236770 0.52272937717 0.50014073879 0.49462544262 0.48418715540 0.49006686684 0.48066998628 0.50939016901 0.51587950203 0.52228314227 0.55434485738 0.58355810459 0.63279717635 0.68627894875 0.73665150365 1.00017767730 

---- Expected P_neut(i), 0 < i < n (neutral SFS per site) 
E[P_neut(1)] = 0.0101576225
E[P_neut(2)] = 0.0043827021
E[P_neut(3)] = 0.0024261459
E[P_neut(4)] = 0.0015667350
E[P_neut(5)] = 0.0011297182
E[P_neut(6)] = 0.0008867665
E[P_neut(7)] = 0.0007277272
E[P_neut(8)] = 0.0006301741
E[P_neut(9)] = 0.0005486959
E[P_neut(10)] = 0.0005003163
E[P_neut(11)] = 0.0004466531
E[P_neut(12)] = 0.0004344085
E[P_neut(13)] = 0.0004068325
E[P_neut(14)] = 0.0003835318
E[P_neut(15)] = 0.0003812636
E[P_neut(16)] = 0.0003786555
E[P_neut(17)] = 0.0003908178
E[P_neut(18)] = 0.0004103168
E[P_neut(19)] = 0.0004473412

---- Expected P_sel(i), 0 < i < n (selected SFS per site) 
E[P_sel(1)] = 0.0072178458
E[P_sel(2)] = 0.0028330651
E[P_sel(3)] = 0.0014961239
E[P_sel(4)] = 0.0009372535
E[P_sel(5)] = 0.0006610631
E[P_sel(6)] = 0.0005100760
E[P_sel(7)] = 0.0004128275
E[P_sel(8)] = 0.0003533985
E[P_sel(9)] = 0.0003047433
E[P_sel(10)] = 0.0002756054
E[P_sel(11)] = 0.0002443582
E[P_sel(12)] = 0.0002363175
E[P_sel(13)] = 0.0002203403
E[P_sel(14)] = 0.0002070965
E[P_sel(15)] = 0.0002056061
E[P_sel(16)] = 0.0002044610
E[P_sel(17)] = 0.0002122131
E[P_sel(18)] = 0.0002262095
E[P_sel(19)] = 0.0002588005

---- Expected D_neut and D_sel (neutral and selected divergence per site) 
E[D_neut] = 0.0198488255
E[D_sel] = 0.0125165448

---- Expected neutral and selected misattributed polymorphism per site
E[mis_neut] = 0.0005105479
E[mis_sel] = 0.0002945916

---- alpha_div = 0.196902
---- alpha_dfe = 0.197159

