---- Running command
---- ./polyDFE -d Mmc/464.polyDFE.config.txt -m C -e 
---- Performing inference using model C

---- Performing inference on Mmc/464.polyDFE.config.txt
---- No mutation variability. Using Poisson likelihood.


---- Calculating initial values

-- Starting local optimization
-- Optimizing all parameters
  it        eps_an        lambda     theta_bar           S_d             b           p_b           S_b           r 2           r 3           r 4           r 5           r 6           r 7           r 8           r 9          r 10          r 11          r 12          r 13          r 14          r 15          r 16          r 17          r 18          r 19          r 20           ln lk          grad status 
   0           0.1 0.01924734323 0.01135105697        -20000         0.208           0.1            20 0.87561566222 0.73852767112 0.64416538655 0.58127978684 0.55395676265 0.54392126592 0.53327263227 0.52936085471 0.54363541653 0.55365397980 0.59177218013 0.62840946736 0.66263298858 0.75447342785 0.86957626199 1.10254529677 1.58192347074             1             1 -1113904.925241 23104.5730434   -2 
 803 0.00144267996 0.01929683370 0.01014682857 -83.000819293 0.11890416930 0.01953987550 7.59474409899 0.86677663468 0.72434321607 0.61997239422 0.55226591668 0.52617294748 0.51020500923 0.49013863243 0.48445093357 0.48861589005 0.48930385956 0.51242162240 0.51238142953 0.52074998804 0.56552333238 0.58817067644 0.64490522503 0.70100396268 0.81130488838 1.02669136954 -282.9700119092 0.08833289723   -3 
-- Local optimization: stuck in the same solution
---- Best joint likelihood found -282.970011909201276 with gradient 0.08833

---- Results for Mmc/464.polyDFE.config.txt 
--  Model: C
--        eps_an        lambda     theta_bar             a 
-- 0.00144267996 0.01929683370 0.01014682857            -1 
--           S_d             b           p_b           S_b 
-- -83.000819293 0.11890416930 0.01953987550 7.59474409899 
--           r 2           r 3           r 4           r 5           r 6           r 7           r 8           r 9          r 10          r 11          r 12          r 13          r 14          r 15          r 16          r 17          r 18          r 19          r 20 
-- 0.86677663468 0.72434321607 0.61997239422 0.55226591668 0.52617294748 0.51020500923 0.49013863243 0.48445093357 0.48861589005 0.48930385956 0.51242162240 0.51238142953 0.52074998804 0.56552333238 0.58817067644 0.64490522503 0.70100396268 0.81130488838 1.02669136954 

---- Expected P_neut(i), 0 < i < n (neutral SFS per site) 
E[P_neut(1)] = 0.0101328150
E[P_neut(2)] = 0.0043917428
E[P_neut(3)] = 0.0024469497
E[P_neut(4)] = 0.0015709576
E[P_neut(5)] = 0.0011196845
E[P_neut(6)] = 0.0008890919
E[P_neut(7)] = 0.0007390761
E[P_neut(8)] = 0.0006213973
E[P_neut(9)] = 0.0005460455
E[P_neut(10)] = 0.0004957902
E[P_neut(11)] = 0.0004514898
E[P_neut(12)] = 0.0004335596
E[P_neut(13)] = 0.0004004166
E[P_neut(14)] = 0.0003781650
E[P_neut(15)] = 0.0003836162
E[P_neut(16)] = 0.0003747349
E[P_neut(17)] = 0.0003879052
E[P_neut(18)] = 0.0004009389
E[P_neut(19)] = 0.0004472857

---- Expected P_sel(i), 0 < i < n (selected SFS per site) 
E[P_sel(1)] = 0.0072352335
E[P_sel(2)] = 0.0028374529
E[P_sel(3)] = 0.0015041800
E[P_sel(4)] = 0.0009357065
E[P_sel(5)] = 0.0006521508
E[P_sel(6)] = 0.0005091897
E[P_sel(7)] = 0.0004177705
E[P_sel(8)] = 0.0003476574
E[P_sel(9)] = 0.0003030564
E[P_sel(10)] = 0.0002734897
E[P_sel(11)] = 0.0002479802
E[P_sel(12)] = 0.0002375211
E[P_sel(13)] = 0.0002192024
E[P_sel(14)] = 0.0002072903
E[P_sel(15)] = 0.0002110572
E[P_sel(16)] = 0.0002075682
E[P_sel(17)] = 0.0002172045
E[P_sel(18)] = 0.0002283586
E[P_sel(19)] = 0.0002623839

---- Expected D_neut and D_sel (neutral and selected divergence per site) 
E[D_neut] = 0.0198177168
E[D_sel] = 0.0125326425

---- Expected neutral and selected misattributed polymorphism per site
E[mis_neut] = 0.0005208831
E[mis_sel] = 0.0003133746

---- alpha_div = 0.240180
---- alpha_dfe = 0.239949

