---- Running command
---- ./polyDFE -d Mmc/465.polyDFE.config.txt -m C -e 
---- Performing inference using model C

---- Performing inference on Mmc/465.polyDFE.config.txt
---- No mutation variability. Using Poisson likelihood.


---- Calculating initial values

-- Starting local optimization
-- Optimizing all parameters
  it        eps_an        lambda     theta_bar           S_d             b           p_b           S_b           r 2           r 3           r 4           r 5           r 6           r 7           r 8           r 9          r 10          r 11          r 12          r 13          r 14          r 15          r 16          r 17          r 18          r 19          r 20           ln lk          grad status 
   0           0.1 0.01926480009 0.01135561713        -20000         0.208           0.1            20 0.87259861177 0.73536815953 0.64657892545 0.58171216294 0.55727259407 0.53536745754 0.53496359897 0.53626943919 0.55078821600 0.55337211882 0.58953118563 0.62479472452 0.66289154804 0.74448574051 0.86270533982 1.11462429521 1.58043699174             1             1 -1113662.883723 23085.5406854   -2 
 580 0.00119045831 0.01931440162 0.01014284297 -72.290882317 0.12616828943 0.02438342882 6.47375856479 0.86555644363 0.72002526001 0.62371130683 0.55415319082 0.52954878589 0.50356300051 0.49198539821 0.48926800458 0.49695327631 0.48598276902 0.51008246943 0.51410151318 0.52320463675 0.55491155019 0.58737718026 0.64830566262 0.70576018549 0.81059286469 1.02876966717 -282.8138211559 0.06495345268   -3 
-- Local optimization: stuck in the same solution
---- Best joint likelihood found -282.813821155985352 with gradient 0.06495

---- Results for Mmc/465.polyDFE.config.txt 
--  Model: C
--        eps_an        lambda     theta_bar             a 
-- 0.00119045831 0.01931440162 0.01014284297            -1 
--           S_d             b           p_b           S_b 
-- -72.290882317 0.12616828943 0.02438342882 6.47375856479 
--           r 2           r 3           r 4           r 5           r 6           r 7           r 8           r 9          r 10          r 11          r 12          r 13          r 14          r 15          r 16          r 17          r 18          r 19          r 20 
-- 0.86555644363 0.72002526001 0.62371130683 0.55415319082 0.52954878589 0.50356300051 0.49198539821 0.48926800458 0.49695327631 0.48598276902 0.51008246943 0.51410151318 0.52320463675 0.55491155019 0.58737718026 0.64830566262 0.70576018549 0.81059286469 1.02876966717 

---- Expected P_neut(i), 0 < i < n (neutral SFS per site) 
E[P_neut(1)] = 0.0101312835
E[P_neut(2)] = 0.0043848493
E[P_neut(3)] = 0.0024319302
E[P_neut(4)] = 0.0015801120
E[P_neut(5)] = 0.0011232462
E[P_neut(6)] = 0.0008945739
E[P_neut(7)] = 0.0007292604
E[P_neut(8)] = 0.0006235370
E[P_neut(9)] = 0.0005512736
E[P_neut(10)] = 0.0005040519
E[P_neut(11)] = 0.0004482363
E[P_neut(12)] = 0.0004313698
E[P_neut(13)] = 0.0004015027
E[P_neut(14)] = 0.0003796703
E[P_neut(15)] = 0.0003761169
E[P_neut(16)] = 0.0003737942
E[P_neut(17)] = 0.0003892412
E[P_neut(18)] = 0.0004024419
E[P_neut(19)] = 0.0004442814

---- Expected P_sel(i), 0 < i < n (selected SFS per site) 
E[P_sel(1)] = 0.0072597965
E[P_sel(2)] = 0.0028331993
E[P_sel(3)] = 0.0014919364
E[P_sel(4)] = 0.0009380869
E[P_sel(5)] = 0.0006515839
E[P_sel(6)] = 0.0005100228
E[P_sel(7)] = 0.0004102681
E[P_sel(8)] = 0.0003471813
E[P_sel(9)] = 0.0003045207
E[P_sel(10)] = 0.0002768081
E[P_sel(11)] = 0.0002451893
E[P_sel(12)] = 0.0002354790
E[P_sel(13)] = 0.0002191550
E[P_sel(14)] = 0.0002076697
E[P_sel(15)] = 0.0002066755
E[P_sel(16)] = 0.0002069943
E[P_sel(17)] = 0.0002181079
E[P_sel(18)] = 0.0002295344
E[P_sel(19)] = 0.0002607910

---- Expected D_neut and D_sel (neutral and selected divergence per site) 
E[D_neut] = 0.0198361341
E[D_sel] = 0.0125391407

---- Expected neutral and selected misattributed polymorphism per site
E[mis_neut] = 0.0005217325
E[mis_sel] = 0.0003145598

---- alpha_div = 0.257658
---- alpha_dfe = 0.257365

