---- Running command
---- ./polyDFE -d Mmc/466.polyDFE.config.txt -m C -e 
---- Performing inference using model C

---- Performing inference on Mmc/466.polyDFE.config.txt
---- No mutation variability. Using Poisson likelihood.


---- Calculating initial values

-- Starting local optimization
-- Optimizing all parameters
  it        eps_an        lambda     theta_bar           S_d             b           p_b           S_b           r 2           r 3           r 4           r 5           r 6           r 7           r 8           r 9          r 10          r 11          r 12          r 13          r 14          r 15          r 16          r 17          r 18          r 19          r 20           ln lk          grad status 
   0           0.1 0.01929610710 0.01134315826        -20000         0.208           0.1            20 0.87385416407 0.73037501338 0.64190415760 0.58540986073 0.56174120894 0.54485489378 0.53956357366 0.53534105539 0.55400513577 0.55879293567 0.59719170502 0.62221540180 0.66635669944 0.75261311588 0.85401624279 1.11282646356 1.58324931508             1             1 -1116724.446115 23173.5855475   -2 
 446 0.00678757413 0.01928258778 0.01021003010 -84.824335896 0.11967225211 0.02032521332 7.37532767247 0.86515027033 0.71726071717 0.61616646330 0.55639082641 0.52794067976 0.50815380463 0.49389425470 0.48681855456 0.49073150773 0.48275861003 0.50728208895 0.51035617324 0.51501266097 0.55172271278 0.56941635479 0.62764845388 0.66273135127 0.69983904243 1.13367165308 -294.8178930996 2.81359247154   -8 
-- Local optimization: reached maximum number of likelihood evaluations allowed.
---- Best joint likelihood found -294.817893099650973 with gradient 2.81359

---- Results for Mmc/466.polyDFE.config.txt 
--  Model: C
--        eps_an        lambda     theta_bar             a 
-- 0.00678757413 0.01928258778 0.01021003010            -1 
--           S_d             b           p_b           S_b 
-- -84.824335896 0.11967225211 0.02032521332 7.37532767247 
--           r 2           r 3           r 4           r 5           r 6           r 7           r 8           r 9          r 10          r 11          r 12          r 13          r 14          r 15          r 16          r 17          r 18          r 19          r 20 
-- 0.86515027033 0.71726071717 0.61616646330 0.55639082641 0.52794067976 0.50815380463 0.49389425470 0.48681855456 0.49073150773 0.48275861003 0.50728208895 0.51035617324 0.51501266097 0.55172271278 0.56941635479 0.62764845388 0.66273135127 0.69983904243 1.13367165308 

---- Expected P_neut(i), 0 < i < n (neutral SFS per site) 
E[P_neut(1)] = 0.0101432814
E[P_neut(2)] = 0.0043891787
E[P_neut(3)] = 0.0024270741
E[P_neut(4)] = 0.0015645606
E[P_neut(5)] = 0.0011309907
E[P_neut(6)] = 0.0008948332
E[P_neut(7)] = 0.0007388706
E[P_neut(8)] = 0.0006289856
E[P_neut(9)] = 0.0005515631
E[P_neut(10)] = 0.0005010383
E[P_neut(11)] = 0.0004487962
E[P_neut(12)] = 0.0004329626
E[P_neut(13)] = 0.0004031372
E[P_neut(14)] = 0.0003791410
E[P_neut(15)] = 0.0003807031
E[P_neut(16)] = 0.0003715688
E[P_neut(17)] = 0.0003909698
E[P_neut(18)] = 0.0004033435
E[P_neut(19)] = 0.0004428212

---- Expected P_sel(i), 0 < i < n (selected SFS per site) 
E[P_sel(1)] = 0.0072181667
E[P_sel(2)] = 0.0028243638
E[P_sel(3)] = 0.0014855817
E[P_sel(4)] = 0.0009278031
E[P_sel(5)] = 0.0006558071
E[P_sel(6)] = 0.0005101974
E[P_sel(7)] = 0.0004158074
E[P_sel(8)] = 0.0003503689
E[P_sel(9)] = 0.0003048147
E[P_sel(10)] = 0.0002752446
E[P_sel(11)] = 0.0002455285
E[P_sel(12)] = 0.0002363130
E[P_sel(13)] = 0.0002199405
E[P_sel(14)] = 0.0002072070
E[P_sel(15)] = 0.0002089524
E[P_sel(16)] = 0.0002055251
E[P_sel(17)] = 0.0002190037
E[P_sel(18)] = 0.0002309343
E[P_sel(19)] = 0.0002661984

---- Expected D_neut and D_sel (neutral and selected divergence per site) 
E[D_neut] = 0.0198613289
E[D_sel] = 0.0125242524

---- Expected neutral and selected misattributed polymorphism per site
E[mis_neut] = 0.0005787411
E[mis_sel] = 0.0003473630

---- alpha_div = 0.243201
---- alpha_dfe = 0.243358

