---- Running command
---- ./polyDFE -d Mmc/467.polyDFE.config.txt -m C -e 
---- Performing inference using model C

---- Performing inference on Mmc/467.polyDFE.config.txt
---- No mutation variability. Using Poisson likelihood.


---- Calculating initial values

-- Starting local optimization
-- Optimizing all parameters
  it        eps_an        lambda     theta_bar           S_d             b           p_b           S_b           r 2           r 3           r 4           r 5           r 6           r 7           r 8           r 9          r 10          r 11          r 12          r 13          r 14          r 15          r 16          r 17          r 18          r 19          r 20           ln lk          grad status 
   0           0.1 0.01926124772 0.01135684478        -20000         0.208           0.1            20 0.87493803057 0.73290868654 0.64246489909 0.58772409669 0.55446106772 0.54040627622 0.54084984494 0.52805203319 0.55146273272 0.56027466644 0.59606004103 0.62148964065 0.66785238234 0.75283155632 0.86377568457 1.10182076298 1.59082163071             1             1 -1113875.422611 23101.4184275   -2 
 366 0.00334677559 0.01925880961 0.01015893042 -68.457714654 0.13208603499 0.03461208762 4.88154547184 0.86813519466 0.72228135322 0.61841149318 0.55971294361 0.52558689678 0.50741596648 0.50128086432 0.48430750970 0.49310076435 0.48924030788 0.51135043172 0.51257125890 0.52423360341 0.55063734851 0.57967578980 0.63580927806 0.69583388049 0.76365497696 1.13036527290 -281.3909658408 0.31668340575   -8 
-- Local optimization: reached maximum number of likelihood evaluations allowed.
---- Best joint likelihood found -281.390965840895660 with gradient 0.31668

---- Results for Mmc/467.polyDFE.config.txt 
--  Model: C
--        eps_an        lambda     theta_bar             a 
-- 0.00334677559 0.01925880961 0.01015893042            -1 
--           S_d             b           p_b           S_b 
-- -68.457714654 0.13208603499 0.03461208762 4.88154547184 
--           r 2           r 3           r 4           r 5           r 6           r 7           r 8           r 9          r 10          r 11          r 12          r 13          r 14          r 15          r 16          r 17          r 18          r 19          r 20 
-- 0.86813519466 0.72228135322 0.61841149318 0.55971294361 0.52558689678 0.50741596648 0.50128086432 0.48430750970 0.49310076435 0.48924030788 0.51135043172 0.51257125890 0.52423360341 0.55063734851 0.57967578980 0.63580927806 0.69583388049 0.76365497696 1.13036527290 

---- Expected P_neut(i), 0 < i < n (neutral SFS per site) 
E[P_neut(1)] = 0.0101262973
E[P_neut(2)] = 0.0043962187
E[P_neut(3)] = 0.0024389545
E[P_neut(4)] = 0.0015665752
E[P_neut(5)] = 0.0011346591
E[P_neut(6)] = 0.0008881949
E[P_neut(7)] = 0.0007352765
E[P_neut(8)] = 0.0006358781
E[P_neut(9)] = 0.0005463544
E[P_neut(10)] = 0.0005009376
E[P_neut(11)] = 0.0004521500
E[P_neut(12)] = 0.0004335794
E[P_neut(13)] = 0.0004016760
E[P_neut(14)] = 0.0003821089
E[P_neut(15)] = 0.0003754837
E[P_neut(16)] = 0.0003720800
E[P_neut(17)] = 0.0003868637
E[P_neut(18)] = 0.0004061620
E[P_neut(19)] = 0.0004409446

---- Expected P_sel(i), 0 < i < n (selected SFS per site) 
E[P_sel(1)] = 0.0072602572
E[P_sel(2)] = 0.0028371198
E[P_sel(3)] = 0.0014932915
E[P_sel(4)] = 0.0009280190
E[P_sel(5)] = 0.0006568463
E[P_sel(6)] = 0.0005055180
E[P_sel(7)] = 0.0004131628
E[P_sel(8)] = 0.0003538758
E[P_sel(9)] = 0.0003019016
E[P_sel(10)] = 0.0002754519
E[P_sel(11)] = 0.0002479179
E[P_sel(12)] = 0.0002375352
E[P_sel(13)] = 0.0002203292
E[P_sel(14)] = 0.0002103319
E[P_sel(15)] = 0.0002079507
E[P_sel(16)] = 0.0002079859
E[P_sel(17)] = 0.0002191690
E[P_sel(18)] = 0.0002347025
E[P_sel(19)] = 0.0002639897

---- Expected D_neut and D_sel (neutral and selected divergence per site) 
E[D_neut] = 0.0198329747
E[D_sel] = 0.0125450099

---- Expected neutral and selected misattributed polymorphism per site
E[mis_neut] = 0.0005741651
E[mis_sel] = 0.0003486794

---- alpha_div = 0.281197
---- alpha_dfe = 0.280910

