---- Running command
---- ./polyDFE -d Mmc/468.polyDFE.config.txt -m C -e 
---- Performing inference using model C

---- Performing inference on Mmc/468.polyDFE.config.txt
---- No mutation variability. Using Poisson likelihood.


---- Calculating initial values

-- Starting local optimization
-- Optimizing all parameters
  it        eps_an        lambda     theta_bar           S_d             b           p_b           S_b           r 2           r 3           r 4           r 5           r 6           r 7           r 8           r 9          r 10          r 11          r 12          r 13          r 14          r 15          r 16          r 17          r 18          r 19          r 20           ln lk          grad status 
   0           0.1 0.01931202228 0.01136093226        -20000         0.208           0.1            20 0.87279845733 0.73497112681 0.64551719908 0.58803760903 0.55649097393 0.54580359521 0.54091998276 0.52872070952 0.55630129751 0.55796263510 0.59444712037 0.62432436803 0.67305434614 0.75772354739 0.86699393777 1.10873582078 1.58542029060             1             1 -1115159.615395 23172.9716789   -2 
 313 0.00146052741 0.01933892497 0.01014915715 -80.572482487 0.11905646322 0.01363109218 10.7289586198 0.86582021216 0.72222907949 0.62183693426 0.55651902556 0.52833375401 0.51064702139 0.49818007751 0.48815919504 0.49800748385 0.48509585917 0.51115714141 0.51263645062 0.53420681891 0.56686994286 0.59497947811 0.65059578262 0.71278034241 0.81260550999 1.06844014929 -300.2055896334 0.20531372044   -8 
-- Local optimization: reached maximum number of likelihood evaluations allowed.
---- Best joint likelihood found -300.205589633405907 with gradient 0.20531

---- Results for Mmc/468.polyDFE.config.txt 
--  Model: C
--        eps_an        lambda     theta_bar             a 
-- 0.00146052741 0.01933892497 0.01014915715            -1 
--           S_d             b           p_b           S_b 
-- -80.572482487 0.11905646322 0.01363109218 10.7289586198 
--           r 2           r 3           r 4           r 5           r 6           r 7           r 8           r 9          r 10          r 11          r 12          r 13          r 14          r 15          r 16          r 17          r 18          r 19          r 20 
-- 0.86582021216 0.72222907949 0.62183693426 0.55651902556 0.52833375401 0.51064702139 0.49818007751 0.48815919504 0.49800748385 0.48509585917 0.51115714141 0.51263645062 0.53420681891 0.56686994286 0.59497947811 0.65059578262 0.71278034241 0.81260550999 1.06844014929 

---- Expected P_neut(i), 0 < i < n (neutral SFS per site) 
E[P_neut(1)] = 0.0101349680
E[P_neut(2)] = 0.0043878426
E[P_neut(3)] = 0.0024403375
E[P_neut(4)] = 0.0015760270
E[P_neut(5)] = 0.0011285501
E[P_neut(6)] = 0.0008929507
E[P_neut(7)] = 0.0007398799
E[P_neut(8)] = 0.0006317218
E[P_neut(9)] = 0.0005503391
E[P_neut(10)] = 0.0005054356
E[P_neut(11)] = 0.0004477243
E[P_neut(12)] = 0.0004326095
E[P_neut(13)] = 0.0004007143
E[P_neut(14)] = 0.0003880074
E[P_neut(15)] = 0.0003846398
E[P_neut(16)] = 0.0003791619
E[P_neut(17)] = 0.0003914130
E[P_neut(18)] = 0.0004077256
E[P_neut(19)] = 0.0004482555

---- Expected P_sel(i), 0 < i < n (selected SFS per site) 
E[P_sel(1)] = 0.0072373384
E[P_sel(2)] = 0.0028318472
E[P_sel(3)] = 0.0014970404
E[P_sel(4)] = 0.0009359959
E[P_sel(5)] = 0.0006548613
E[P_sel(6)] = 0.0005090682
E[P_sel(7)] = 0.0004159624
E[P_sel(8)] = 0.0003512066
E[P_sel(9)] = 0.0003032252
E[P_sel(10)] = 0.0002765063
E[P_sel(11)] = 0.0002436114
E[P_sel(12)] = 0.0002345043
E[P_sel(13)] = 0.0002167773
E[P_sel(14)] = 0.0002098898
E[P_sel(15)] = 0.0002085470
E[P_sel(16)] = 0.0002066907
E[P_sel(17)] = 0.0002154676
E[P_sel(18)] = 0.0002282853
E[P_sel(19)] = 0.0002594696

---- Expected D_neut and D_sel (neutral and selected divergence per site) 
E[D_neut] = 0.0198811133
E[D_sel] = 0.0125756246

---- Expected neutral and selected misattributed polymorphism per site
E[mis_neut] = 0.0005421883
E[mis_sel] = 0.0003222715

---- alpha_div = 0.233803
---- alpha_dfe = 0.233715

