---- Running command
---- ./polyDFE -d Mmc/469.polyDFE.config.txt -m C -e 
---- Performing inference using model C

---- Performing inference on Mmc/469.polyDFE.config.txt
---- No mutation variability. Using Poisson likelihood.


---- Calculating initial values

-- Starting local optimization
-- Optimizing all parameters
  it        eps_an        lambda     theta_bar           S_d             b           p_b           S_b           r 2           r 3           r 4           r 5           r 6           r 7           r 8           r 9          r 10          r 11          r 12          r 13          r 14          r 15          r 16          r 17          r 18          r 19          r 20           ln lk          grad status 
   0           0.1 0.01929336331 0.01137075566        -20000         0.208           0.1            20 0.87268098113 0.73739620914 0.64672683518 0.58120549696 0.55949550051 0.53991565882 0.53351952086 0.52738614995 0.55964252376 0.55194388847 0.59136406697 0.62313501542 0.67304917423 0.75524227584 0.86313420187 1.11183348702 1.58872886165             1             1 -1117535.475252 23170.3290895   -2 
 892 0.00016867704 0.01921022084 0.01014429857 -77.969931828 0.12071507547 0.01735689971 8.58415095042 0.86574921158 0.72438876152 0.62299242010 0.55705835413 0.53023661439 0.50592883257 0.49221441892 0.48306393179 0.49807910268 0.48467692776 0.51449621748 0.51476540493 0.52948237888 0.56460534701 0.58771275329 0.65631533624 0.72186136350 0.83718372969 1.28721640363 -273.6427341987 0.04599072898   -3 
-- Local optimization: stuck in the same solution
---- Best joint likelihood found -273.642734198714606 with gradient 0.04599

---- Results for Mmc/469.polyDFE.config.txt 
--  Model: C
--        eps_an        lambda     theta_bar             a 
-- 0.00016867704 0.01921022084 0.01014429857            -1 
--           S_d             b           p_b           S_b 
-- -77.969931828 0.12071507547 0.01735689971 8.58415095042 
--           r 2           r 3           r 4           r 5           r 6           r 7           r 8           r 9          r 10          r 11          r 12          r 13          r 14          r 15          r 16          r 17          r 18          r 19          r 20 
-- 0.86574921158 0.72438876152 0.62299242010 0.55705835413 0.53023661439 0.50592883257 0.49221441892 0.48306393179 0.49807910268 0.48467692776 0.51449621748 0.51476540493 0.52948237888 0.56460534701 0.58771275329 0.65631533624 0.72186136350 0.83718372969 1.28721640363 

---- Expected P_neut(i), 0 < i < n (neutral SFS per site) 
E[P_neut(1)] = 0.0101426629
E[P_neut(2)] = 0.0043905372
E[P_neut(3)] = 0.0024491249
E[P_neut(4)] = 0.0015797516
E[P_neut(5)] = 0.0011300670
E[P_neut(6)] = 0.0008963933
E[P_neut(7)] = 0.0007331288
E[P_neut(8)] = 0.0006241143
E[P_neut(9)] = 0.0005444663
E[P_neut(10)] = 0.0005052663
E[P_neut(11)] = 0.0004469899
E[P_neut(12)] = 0.0004349655
E[P_neut(13)] = 0.0004017431
E[P_neut(14)] = 0.0003837456
E[P_neut(15)] = 0.0003819612
E[P_neut(16)] = 0.0003728245
E[P_neut(17)] = 0.0003919859
E[P_neut(18)] = 0.0004074930
E[P_neut(19)] = 0.0004486169

---- Expected P_sel(i), 0 < i < n (selected SFS per site) 
E[P_sel(1)] = 0.0072575877
E[P_sel(2)] = 0.0028387273
E[P_sel(3)] = 0.0015050746
E[P_sel(4)] = 0.0009399455
E[P_sel(5)] = 0.0006570818
E[P_sel(6)] = 0.0005122118
E[P_sel(7)] = 0.0004132575
E[P_sel(8)] = 0.0003480341
E[P_sel(9)] = 0.0003010425
E[P_sel(10)] = 0.0002775315
E[P_sel(11)] = 0.0002443425
E[P_sel(12)] = 0.0002370384
E[P_sel(13)] = 0.0002186563
E[P_sel(14)] = 0.0002090182
E[P_sel(15)] = 0.0002087026
E[P_sel(16)] = 0.0002049716
E[P_sel(17)] = 0.0002177188
E[P_sel(18)] = 0.0002300013
E[P_sel(19)] = 0.0002599728

---- Expected D_neut and D_sel (neutral and selected divergence per site) 
E[D_neut] = 0.0198631162
E[D_sel] = 0.0125599822

---- Expected neutral and selected misattributed polymorphism per site
E[mis_neut] = 0.0006528954
E[mis_sel] = 0.0003910443

---- alpha_div = 0.239790
---- alpha_dfe = 0.239685

