---- Running command
---- ./polyDFE -d Mmc/47.polyDFE.config.txt -m C -e 
---- Performing inference using model C

---- Performing inference on Mmc/47.polyDFE.config.txt
---- No mutation variability. Using Poisson likelihood.


---- Calculating initial values

-- Starting local optimization
-- Optimizing all parameters
  it        eps_an        lambda     theta_bar           S_d             b           p_b           S_b           r 2           r 3           r 4           r 5           r 6           r 7           r 8           r 9          r 10          r 11          r 12          r 13          r 14          r 15          r 16          r 17          r 18          r 19          r 20           ln lk          grad status 
   0           0.1 0.01927501256 0.01136709838        -20000         0.208           0.1            20 0.87516936099 0.73386354119 0.63962314490 0.58375736379 0.56024426413 0.53641829815 0.53954453267 0.52987824670 0.55237239439 0.55405220246 0.59264014600 0.62064760450 0.66982951140 0.75744019836 0.86083179519 1.10751033744 1.58176749044             1             1 -1114506.449057 23143.9144387   -2 
 830 0.00103318984 0.01930403259 0.01015288174 -83.106902551 0.11951582183 0.01875442102 7.95248455997 0.86713533127 0.72004063944 0.61782181013 0.55535837589 0.52925352774 0.50579635987 0.49916545764 0.48389735048 0.49450298921 0.47946742913 0.51639154726 0.51626520482 0.52327760336 0.56614897419 0.58797224379 0.64493986697 0.70511668771 0.82740420628 1.06409930636 -278.8198568519 0.03916002307   -3 
-- Local optimization: stuck in the same solution
---- Best joint likelihood found -278.819856851958320 with gradient 0.03916

---- Results for Mmc/47.polyDFE.config.txt 
--  Model: C
--        eps_an        lambda     theta_bar             a 
-- 0.00103318984 0.01930403259 0.01015288174            -1 
--           S_d             b           p_b           S_b 
-- -83.106902551 0.11951582183 0.01875442102 7.95248455997 
--           r 2           r 3           r 4           r 5           r 6           r 7           r 8           r 9          r 10          r 11          r 12          r 13          r 14          r 15          r 16          r 17          r 18          r 19          r 20 
-- 0.86713533127 0.72004063944 0.61782181013 0.55535837589 0.52925352774 0.50579635987 0.49916545764 0.48389735048 0.49450298921 0.47946742913 0.51639154726 0.51626520482 0.52327760336 0.56614897419 0.58797224379 0.64493986697 0.70511668771 0.82740420628 1.06409930636 

---- Expected P_neut(i), 0 < i < n (neutral SFS per site) 
E[P_neut(1)] = 0.0101428487
E[P_neut(2)] = 0.0043978241
E[P_neut(3)] = 0.0024347094
E[P_neut(4)] = 0.0015669332
E[P_neut(5)] = 0.0011269284
E[P_neut(6)] = 0.0008950415
E[P_neut(7)] = 0.0007332716
E[P_neut(8)] = 0.0006332929
E[P_neut(9)] = 0.0005457768
E[P_neut(10)] = 0.0005020630
E[P_neut(11)] = 0.0004426501
E[P_neut(12)] = 0.0004371083
E[P_neut(13)] = 0.0004035398
E[P_neut(14)] = 0.0003800172
E[P_neut(15)] = 0.0003839721
E[P_neut(16)] = 0.0003743355
E[P_neut(17)] = 0.0003872961
E[P_neut(18)] = 0.0004018575
E[P_neut(19)] = 0.0004521666

---- Expected P_sel(i), 0 < i < n (selected SFS per site) 
E[P_sel(1)] = 0.0072304256
E[P_sel(2)] = 0.0028347814
E[P_sel(3)] = 0.0014926154
E[P_sel(4)] = 0.0009305402
E[P_sel(5)] = 0.0006542813
E[P_sel(6)] = 0.0005108699
E[P_sel(7)] = 0.0004130220
E[P_sel(8)] = 0.0003530019
E[P_sel(9)] = 0.0003017396
E[P_sel(10)] = 0.0002758402
E[P_sel(11)] = 0.0002421142
E[P_sel(12)] = 0.0002384338
E[P_sel(13)] = 0.0002199275
E[P_sel(14)] = 0.0002073472
E[P_sel(15)] = 0.0002102533
E[P_sel(16)] = 0.0002063399
E[P_sel(17)] = 0.0002157875
E[P_sel(18)] = 0.0002277114
E[P_sel(19)] = 0.0002636783

---- Expected D_neut and D_sel (neutral and selected divergence per site) 
E[D_neut] = 0.0198442163
E[D_sel] = 0.0125345864

---- Expected neutral and selected misattributed polymorphism per site
E[mis_neut] = 0.0005401837
E[mis_sel] = 0.0003239641

---- alpha_div = 0.241028
---- alpha_dfe = 0.240956

