---- Running command
---- ./polyDFE -d Mmc/470.polyDFE.config.txt -m C -e 
---- Performing inference using model C

---- Performing inference on Mmc/470.polyDFE.config.txt
---- No mutation variability. Using Poisson likelihood.


---- Calculating initial values

-- Starting local optimization
-- Optimizing all parameters
  it        eps_an        lambda     theta_bar           S_d             b           p_b           S_b           r 2           r 3           r 4           r 5           r 6           r 7           r 8           r 9          r 10          r 11          r 12          r 13          r 14          r 15          r 16          r 17          r 18          r 19          r 20           ln lk          grad status 
   0           0.1 0.01928717645 0.01133074245        -20000         0.208           0.1            20 0.87620509410 0.73493254532 0.64604726461 0.58395081180 0.55728253015 0.54456993317 0.53547136086 0.53106801197 0.56312045732 0.55403863431 0.58890337319 0.62069921219 0.66049891520 0.75320861222 0.85695596073 1.09816073306 1.59199837722             1             1 -1119414.704131 23178.7189548   -2 
1216 0.00015262927 0.01929819809 0.01011485595 -68.329170883 0.13070386236 0.03343751851 4.89013250604 0.86630973074 0.72252960807 0.62366236997 0.55663525998 0.52872460268 0.51225113703 0.49563105788 0.48887949601 0.49962739083 0.48593981147 0.51023926152 0.51184666873 0.51900432682 0.56298963555 0.58117216322 0.64404742011 0.71978609059 0.83790482991 1.10673365339 -278.0588658508 0.03828312368   -3 
-- Local optimization: stuck in the same solution
---- Best joint likelihood found -278.058865850849543 with gradient 0.03828

---- Results for Mmc/470.polyDFE.config.txt 
--  Model: C
--        eps_an        lambda     theta_bar             a 
-- 0.00015262927 0.01929819809 0.01011485595            -1 
--           S_d             b           p_b           S_b 
-- -68.329170883 0.13070386236 0.03343751851 4.89013250604 
--           r 2           r 3           r 4           r 5           r 6           r 7           r 8           r 9          r 10          r 11          r 12          r 13          r 14          r 15          r 16          r 17          r 18          r 19          r 20 
-- 0.86630973074 0.72252960807 0.62366236997 0.55663525998 0.52872460268 0.51225113703 0.49563105788 0.48887949601 0.49962739083 0.48593981147 0.51023926152 0.51184666873 0.51900432682 0.56298963555 0.58117216322 0.64404742011 0.71978609059 0.83790482991 1.10673365339 

---- Expected P_neut(i), 0 < i < n (neutral SFS per site) 
E[P_neut(1)] = 0.0101133802
E[P_neut(2)] = 0.0043806921
E[P_neut(3)] = 0.0024357810
E[P_neut(4)] = 0.0015768791
E[P_neut(5)] = 0.0011259432
E[P_neut(6)] = 0.0008912501
E[P_neut(7)] = 0.0007401402
E[P_neut(8)] = 0.0006266246
E[P_neut(9)] = 0.0005494227
E[P_neut(10)] = 0.0005053659
E[P_neut(11)] = 0.0004468530
E[P_neut(12)] = 0.0004301131
E[P_neut(13)] = 0.0003983026
E[P_neut(14)] = 0.0003750541
E[P_neut(15)] = 0.0003797512
E[P_neut(16)] = 0.0003675892
E[P_neut(17)] = 0.0003835161
E[P_neut(18)] = 0.0004050810
E[P_neut(19)] = 0.0004475435

---- Expected P_sel(i), 0 < i < n (selected SFS per site) 
E[P_sel(1)] = 0.0072651288
E[P_sel(2)] = 0.0028348586
E[P_sel(3)] = 0.0014959884
E[P_sel(4)] = 0.0009372039
E[P_sel(5)] = 0.0006540083
E[P_sel(6)] = 0.0005089859
E[P_sel(7)] = 0.0004173012
E[P_sel(8)] = 0.0003498784
E[P_sel(9)] = 0.0003045644
E[P_sel(10)] = 0.0002787267
E[P_sel(11)] = 0.0002457021
E[P_sel(12)] = 0.0002362348
E[P_sel(13)] = 0.0002189588
E[P_sel(14)] = 0.0002068111
E[P_sel(15)] = 0.0002105605
E[P_sel(16)] = 0.0002055414
E[P_sel(17)] = 0.0002170326
E[P_sel(18)] = 0.0002330619
E[P_sel(19)] = 0.0002634552

---- Expected D_neut and D_sel (neutral and selected divergence per site) 
E[D_neut] = 0.0198579207
E[D_sel] = 0.0125196132

---- Expected neutral and selected misattributed polymorphism per site
E[mis_neut] = 0.0005597226
E[mis_sel] = 0.0003392134

---- alpha_div = 0.273064
---- alpha_dfe = 0.272724

