---- Running command
---- ./polyDFE -d Mmc/471.polyDFE.config.txt -m C -e 
---- Performing inference using model C

---- Performing inference on Mmc/471.polyDFE.config.txt
---- No mutation variability. Using Poisson likelihood.


---- Calculating initial values

-- Starting local optimization
-- Optimizing all parameters
  it        eps_an        lambda     theta_bar           S_d             b           p_b           S_b           r 2           r 3           r 4           r 5           r 6           r 7           r 8           r 9          r 10          r 11          r 12          r 13          r 14          r 15          r 16          r 17          r 18          r 19          r 20           ln lk          grad status 
   0           0.1 0.01927936295 0.01136868208        -20000         0.208           0.1            20 0.87444692557 0.73184498833 0.64229321018 0.57916250736 0.55601499548 0.53646342331 0.53388809058 0.53031553437 0.55105302169 0.55483758810 0.59961826640 0.62975125607 0.67474682570 0.74814469073 0.86917288914 1.10584435798 1.58330460167             1             1 -1115198.032061 23150.4019975   -2 
1155 0.00917254802 0.01924756975 0.01025547406 -108.19763727 0.10407820158 0.00235878126 51.1697334144 0.86150119551 0.71518641933 0.61285898447 0.54832739928 0.52372009942 0.50013475822 0.48903922184 0.48186657907 0.48480627447 0.47655420228 0.50698178945 0.51069037496 0.52090414694 0.55068726559 0.58185291823 0.62511443474 0.65795214976 0.66480311159 1.16793964145 -306.7725698831 0.05268924591   -3 
-- Local optimization: stuck in the same solution
---- Best joint likelihood found -306.772569883134565 with gradient 0.05269

---- Results for Mmc/471.polyDFE.config.txt 
--  Model: C
--        eps_an        lambda     theta_bar             a 
-- 0.00917254802 0.01924756975 0.01025547406            -1 
--           S_d             b           p_b           S_b 
-- -108.19763727 0.10407820158 0.00235878126 51.1697334144 
--           r 2           r 3           r 4           r 5           r 6           r 7           r 8           r 9          r 10          r 11          r 12          r 13          r 14          r 15          r 16          r 17          r 18          r 19          r 20 
-- 0.86150119551 0.71518641933 0.61285898447 0.54832739928 0.52372009942 0.50013475822 0.48903922184 0.48186657907 0.48480627447 0.47655420228 0.50698178945 0.51069037496 0.52090414694 0.55068726559 0.58185291823 0.62511443474 0.65795214976 0.66480311159 1.16793964145 

---- Expected P_neut(i), 0 < i < n (neutral SFS per site) 
E[P_neut(1)] = 0.0101646967
E[P_neut(2)] = 0.0043804699
E[P_neut(3)] = 0.0024258921
E[P_neut(4)] = 0.0015602980
E[P_neut(5)] = 0.0011178089
E[P_neut(6)] = 0.0008904554
E[P_neut(7)] = 0.0007297057
E[P_neut(8)] = 0.0006251400
E[P_neut(9)] = 0.0005481244
E[P_neut(10)] = 0.0004971918
E[P_neut(11)] = 0.0004452602
E[P_neut(12)] = 0.0004350544
E[P_neut(13)] = 0.0004059004
E[P_neut(14)] = 0.0003862908
E[P_neut(15)] = 0.0003833665
E[P_neut(16)] = 0.0003839404
E[P_neut(17)] = 0.0003960751
E[P_neut(18)] = 0.0004119490
E[P_neut(19)] = 0.0004496127

---- Expected P_sel(i), 0 < i < n (selected SFS per site) 
E[P_sel(1)] = 0.0072335218
E[P_sel(2)] = 0.0028398105
E[P_sel(3)] = 0.0015012713
E[P_sel(4)] = 0.0009370067
E[P_sel(5)] = 0.0006567039
E[P_sel(6)] = 0.0005142462
E[P_sel(7)] = 0.0004155646
E[P_sel(8)] = 0.0003518761
E[P_sel(9)] = 0.0003054719
E[P_sel(10)] = 0.0002747222
E[P_sel(11)] = 0.0002442241
E[P_sel(12)] = 0.0002371326
E[P_sel(13)] = 0.0002201007
E[P_sel(14)] = 0.0002086445
E[P_sel(15)] = 0.0002065556
E[P_sel(16)] = 0.0002068672
E[P_sel(17)] = 0.0002143792
E[P_sel(18)] = 0.0002266070
E[P_sel(19)] = 0.0002627365

---- Expected D_neut and D_sel (neutral and selected divergence per site) 
E[D_neut] = 0.0198464585
E[D_sel] = 0.0125480198

---- Expected neutral and selected misattributed polymorphism per site
E[mis_neut] = 0.0005988887
E[mis_sel] = 0.0003391608

---- alpha_div = 0.190283
---- alpha_dfe = 0.190400

