---- Running command
---- ./polyDFE -d Mmc/472.polyDFE.config.txt -m C -e 
---- Performing inference using model C

---- Performing inference on Mmc/472.polyDFE.config.txt
---- No mutation variability. Using Poisson likelihood.


---- Calculating initial values

-- Starting local optimization
-- Optimizing all parameters
  it        eps_an        lambda     theta_bar           S_d             b           p_b           S_b           r 2           r 3           r 4           r 5           r 6           r 7           r 8           r 9          r 10          r 11          r 12          r 13          r 14          r 15          r 16          r 17          r 18          r 19          r 20           ln lk          grad status 
   0           0.1 0.01926664831 0.01137937057        -20000         0.208           0.1            20 0.87178945211 0.73107892493 0.64175015627 0.57968759400 0.55908927900 0.53938154724 0.53871797107 0.52789522420 0.55520222613 0.55774525815 0.59254105517 0.62036181369 0.66825606424  0.7471352264 0.85904475123 1.10534431236 1.57911569518             1             1 -1111558.541151 23088.4254495   -2 
 721 0.00187554198 0.01931340841 0.01016776981 -74.690717978 0.12546056484 0.02415588827 6.60514920372 0.86544317847 0.71807750973 0.61735353229 0.55345145082 0.52793296813 0.50749102092 0.49512696819 0.48292203974 0.49866604012 0.49054444283 0.51349072474 0.51004859549 0.52349290135 0.55598642740 0.57986912467 0.64438887894 0.70281591147 0.79732484308 1.03090183467 -281.2482260873 0.04835754409   -3 
-- Local optimization: stuck in the same solution
---- Best joint likelihood found -281.248226087380317 with gradient 0.04836

---- Results for Mmc/472.polyDFE.config.txt 
--  Model: C
--        eps_an        lambda     theta_bar             a 
-- 0.00187554198 0.01931340841 0.01016776981            -1 
--           S_d             b           p_b           S_b 
-- -74.690717978 0.12546056484 0.02415588827 6.60514920372 
--           r 2           r 3           r 4           r 5           r 6           r 7           r 8           r 9          r 10          r 11          r 12          r 13          r 14          r 15          r 16          r 17          r 18          r 19          r 20 
-- 0.86544317847 0.71807750973 0.61735353229 0.55345145082 0.52793296813 0.50749102092 0.49512696819 0.48292203974 0.49866604012 0.49054444283 0.51349072474 0.51004859549 0.52349290135 0.55598642740 0.57986912467 0.64438887894 0.70281591147 0.79732484308 1.03090183467 

---- Expected P_neut(i), 0 < i < n (neutral SFS per site) 
E[P_neut(1)] = 0.0101495000
E[P_neut(2)] = 0.0043923061
E[P_neut(3)] = 0.0024299072
E[P_neut(4)] = 0.0015670250
E[P_neut(5)] = 0.0011240694
E[P_neut(6)] = 0.0008936853
E[P_neut(7)] = 0.0007365159
E[P_neut(8)] = 0.0006289279
E[P_neut(9)] = 0.0005454094
E[P_neut(10)] = 0.0005070322
E[P_neut(11)] = 0.0004536040
E[P_neut(12)] = 0.0004354522
E[P_neut(13)] = 0.0003995618
E[P_neut(14)] = 0.0003811617
E[P_neut(15)] = 0.0003782802
E[P_neut(16)] = 0.0003707506
E[P_neut(17)] = 0.0003892534
E[P_neut(18)] = 0.0004045113
E[P_neut(19)] = 0.0004449548

---- Expected P_sel(i), 0 < i < n (selected SFS per site) 
E[P_sel(1)] = 0.0072557003
E[P_sel(2)] = 0.0028318844
E[P_sel(3)] = 0.0014877929
E[P_sel(4)] = 0.0009286519
E[P_sel(5)] = 0.0006509710
E[P_sel(6)] = 0.0005087124
E[P_sel(7)] = 0.0004137292
E[P_sel(8)] = 0.0003496825
E[P_sel(9)] = 0.0003008700
E[P_sel(10)] = 0.0002780818
E[P_sel(11)] = 0.0002478178
E[P_sel(12)] = 0.0002374292
E[P_sel(13)] = 0.0002178587
E[P_sel(14)] = 0.0002082808
E[P_sel(15)] = 0.0002076902
E[P_sel(16)] = 0.0002051844
E[P_sel(17)] = 0.0002180675
E[P_sel(18)] = 0.0002308660
E[P_sel(19)] = 0.0002621429

---- Expected D_neut and D_sel (neutral and selected divergence per site) 
E[D_neut] = 0.0198375070
E[D_sel] = 0.0125664979

---- Expected neutral and selected misattributed polymorphism per site
E[mis_neut] = 0.0005240986
E[mis_sel] = 0.0003162717

---- alpha_div = 0.259449
---- alpha_dfe = 0.259293

