---- Running command
---- ./polyDFE -d Mmc/473.polyDFE.config.txt -m C -e 
---- Performing inference using model C

---- Performing inference on Mmc/473.polyDFE.config.txt
---- No mutation variability. Using Poisson likelihood.


---- Calculating initial values

-- Starting local optimization
-- Optimizing all parameters
  it        eps_an        lambda     theta_bar           S_d             b           p_b           S_b           r 2           r 3           r 4           r 5           r 6           r 7           r 8           r 9          r 10          r 11          r 12          r 13          r 14          r 15          r 16          r 17          r 18          r 19          r 20           ln lk          grad status 
   0           0.1 0.01930398093 0.01135161297        -20000         0.208           0.1            20 0.87341619671 0.73189848150 0.64558262971 0.58470119346 0.55887282182 0.54088209164 0.54456533697 0.53357761508 0.55128560775 0.55813217297 0.59564978592 0.62706961001 0.66832839840 0.75469283692 0.85566571753 1.10798650323 1.58390671405             1             1 -1117953.997637 23182.7402161   -2 
 565 0.00065741894 0.01922058334 0.01013829966 -73.118333632 0.12514737365 0.02261509368 6.83363435334 0.86365473816 0.71996278130 0.62332011351 0.55851486281 0.52927861299 0.50571800670 0.50186671075 0.48610899577 0.49138716432 0.48822636102 0.51706291628 0.51919006794 0.52726400365 0.56277684266 0.58437163601 0.65457166284 0.70948850440 0.83124086786 1.28972009391 -281.2607577460 0.02402264538   -8 
-- Local optimization: reached maximum number of likelihood evaluations allowed.
---- Best joint likelihood found -281.260757746087620 with gradient 0.02402

---- Results for Mmc/473.polyDFE.config.txt 
--  Model: C
--        eps_an        lambda     theta_bar             a 
-- 0.00065741894 0.01922058334 0.01013829966            -1 
--           S_d             b           p_b           S_b 
-- -73.118333632 0.12514737365 0.02261509368 6.83363435334 
--           r 2           r 3           r 4           r 5           r 6           r 7           r 8           r 9          r 10          r 11          r 12          r 13          r 14          r 15          r 16          r 17          r 18          r 19          r 20 
-- 0.86365473816 0.71996278130 0.62332011351 0.55851486281 0.52927861299 0.50571800670 0.50186671075 0.48610899577 0.49138716432 0.48822636102 0.51706291628 0.51919006794 0.52726400365 0.56277684266 0.58437163601 0.65457166284 0.70948850440 0.83124086786 1.28972009391 

---- Expected P_neut(i), 0 < i < n (neutral SFS per site) 
E[P_neut(1)] = 0.0101319262
E[P_neut(2)] = 0.0043753798
E[P_neut(3)] = 0.0024317232
E[P_neut(4)] = 0.0015790563
E[P_neut(5)] = 0.0011319838
E[P_neut(6)] = 0.0008939939
E[P_neut(7)] = 0.0007322305
E[P_neut(8)] = 0.0006358785
E[P_neut(9)] = 0.0005475268
E[P_neut(10)] = 0.0004981830
E[P_neut(11)] = 0.0004500446
E[P_neut(12)] = 0.0004369758
E[P_neut(13)] = 0.0004051157
E[P_neut(14)] = 0.0003821627
E[P_neut(15)] = 0.0003808678
E[P_neut(16)] = 0.0003710786
E[P_neut(17)] = 0.0003917102
E[P_neut(18)] = 0.0004022270
E[P_neut(19)] = 0.0004499193

---- Expected P_sel(i), 0 < i < n (selected SFS per site) 
E[P_sel(1)] = 0.0072585481
E[P_sel(2)] = 0.0028272644
E[P_sel(3)] = 0.0014920971
E[P_sel(4)] = 0.0009376665
E[P_sel(5)] = 0.0006567746
E[P_sel(6)] = 0.0005097467
E[P_sel(7)] = 0.0004119359
E[P_sel(8)] = 0.0003539982
E[P_sel(9)] = 0.0003023498
E[P_sel(10)] = 0.0002734357
E[P_sel(11)] = 0.0002459837
E[P_sel(12)] = 0.0002382838
E[P_sel(13)] = 0.0002208198
E[P_sel(14)] = 0.0002086671
E[P_sel(15)] = 0.0002088359
E[P_sel(16)] = 0.0002049549
E[P_sel(17)] = 0.0002188027
E[P_sel(18)] = 0.0002285192
E[P_sel(19)] = 0.0002625476

---- Expected D_neut and D_sel (neutral and selected divergence per site) 
E[D_neut] = 0.0198743618
E[D_sel] = 0.0125316083

---- Expected neutral and selected misattributed polymorphism per site
E[mis_neut] = 0.0006537784
E[mis_sel] = 0.0003929322

---- alpha_div = 0.252023
---- alpha_dfe = 0.251789

