---- Running command
---- ./polyDFE -d Mmc/474.polyDFE.config.txt -m C -e 
---- Performing inference using model C

---- Performing inference on Mmc/474.polyDFE.config.txt
---- No mutation variability. Using Poisson likelihood.


---- Calculating initial values

-- Starting local optimization
-- Optimizing all parameters
  it        eps_an        lambda     theta_bar           S_d             b           p_b           S_b           r 2           r 3           r 4           r 5           r 6           r 7           r 8           r 9          r 10          r 11          r 12          r 13          r 14          r 15          r 16          r 17          r 18          r 19          r 20           ln lk          grad status 
   0           0.1 0.01930170463 0.01134499116        -20000         0.208           0.1            20 0.87534942365 0.73661160682 0.64233275061 0.58239836239 0.56344640155 0.53785494785 0.53960654586 0.53923815814 0.54971034840 0.56229445675 0.59403191275 0.63456638555 0.67817600831 0.74238690963 0.87290576015 1.11034311450 1.56876815168             1             1 -1119641.352730 23237.2908503   -2 
1428 0.00077645435 0.01929169383 0.01013160412 -74.378249429 0.12612745684 0.02584269076 6.10723146747 0.86636737505 0.72123597796 0.62314803129 0.55760948089 0.53370841392 0.50795620372 0.49697500956 0.48851385769 0.49287844973 0.49096977614 0.51391089566 0.52202865243 0.53389925897 0.55365455715 0.58933060331 0.64823288904 0.70576249338 0.82419100596 1.13989606763 -267.2066250787 0.01929860166   -3 
-- Local optimization: stuck in the same solution
---- Best joint likelihood found -267.206625078702928 with gradient 0.01930

---- Results for Mmc/474.polyDFE.config.txt 
--  Model: C
--        eps_an        lambda     theta_bar             a 
-- 0.00077645435 0.01929169383 0.01013160412            -1 
--           S_d             b           p_b           S_b 
-- -74.378249429 0.12612745684 0.02584269076 6.10723146747 
--           r 2           r 3           r 4           r 5           r 6           r 7           r 8           r 9          r 10          r 11          r 12          r 13          r 14          r 15          r 16          r 17          r 18          r 19          r 20 
-- 0.86636737505 0.72123597796 0.62314803129 0.55760948089 0.53370841392 0.50795620372 0.49697500956 0.48851385769 0.49287844973 0.49096977614 0.51391089566 0.52202865243 0.53389925897 0.55365455715 0.58933060331 0.64823288904 0.70576249338 0.82419100596 1.13989606763 

---- Expected P_neut(i), 0 < i < n (neutral SFS per site) 
E[P_neut(1)] = 0.0101240786
E[P_neut(2)] = 0.0043857463
E[P_neut(3)] = 0.0024341679
E[P_neut(4)] = 0.0015774365
E[P_neut(5)] = 0.0011293088
E[P_neut(6)] = 0.0009008206
E[P_neut(7)] = 0.0007349466
E[P_neut(8)] = 0.0006292425
E[P_neut(9)] = 0.0005498607
E[P_neut(10)] = 0.0004993649
E[P_neut(11)] = 0.0004522860
E[P_neut(12)] = 0.0004340469
E[P_neut(13)] = 0.0004071002
E[P_neut(14)] = 0.0003867752
E[P_neut(15)] = 0.0003745475
E[P_neut(16)] = 0.0003741148
E[P_neut(17)] = 0.0003879230
E[P_neut(18)] = 0.0004003496
E[P_neut(19)] = 0.0004470190

---- Expected P_sel(i), 0 < i < n (selected SFS per site) 
E[P_sel(1)] = 0.0072378626
E[P_sel(2)] = 0.0028274463
E[P_sel(3)] = 0.0014902644
E[P_sel(4)] = 0.0009347685
E[P_sel(5)] = 0.0006540123
E[P_sel(6)] = 0.0005128248
E[P_sel(7)] = 0.0004129321
E[P_sel(8)] = 0.0003499709
E[P_sel(9)] = 0.0003034632
E[P_sel(10)] = 0.0002740388
E[P_sel(11)] = 0.0002472791
E[P_sel(12)] = 0.0002368697
E[P_sel(13)] = 0.0002221901
E[P_sel(14)] = 0.0002115780
E[P_sel(15)] = 0.0002058701
E[P_sel(16)] = 0.0002072490
E[P_sel(17)] = 0.0002174395
E[P_sel(18)] = 0.0002283069
E[P_sel(19)] = 0.0002617972

---- Expected D_neut and D_sel (neutral and selected divergence per site) 
E[D_neut] = 0.0198691426
E[D_sel] = 0.0125242198

---- Expected neutral and selected misattributed polymorphism per site
E[mis_neut] = 0.0005774488
E[mis_sel] = 0.0003478707

---- alpha_div = 0.258944
---- alpha_dfe = 0.258926

