---- Running command
---- ./polyDFE -d Mmc/475.polyDFE.config.txt -m C -e 
---- Performing inference using model C

---- Performing inference on Mmc/475.polyDFE.config.txt
---- No mutation variability. Using Poisson likelihood.


---- Calculating initial values

-- Starting local optimization
-- Optimizing all parameters
  it        eps_an        lambda     theta_bar           S_d             b           p_b           S_b           r 2           r 3           r 4           r 5           r 6           r 7           r 8           r 9          r 10          r 11          r 12          r 13          r 14          r 15          r 16          r 17          r 18          r 19          r 20           ln lk          grad status 
   0           0.1 0.01926127169 0.01136911937        -20000         0.208           0.1            20 0.86880085754 0.73698908129 0.64247824215 0.58090863110 0.55692216201 0.53502786040 0.53027081214 0.53073460618 0.55681968146 0.55487637586 0.58550021540 0.62075803836 0.66377857769 0.74435153734 0.85766048201 1.11892483131 1.57017810925             1             1 -1116046.045600 23157.1154919   -2 
 517 0.00269796899 0.01934111197 0.01016917785 -81.512726594 0.12039626512 0.02064663519 7.27352420695 0.86241425146 0.72086338795 0.61998260679 0.55347924895 0.52802459832 0.50400324396 0.49045968253 0.48407536272 0.49488482597 0.48318857049 0.50815729560 0.51276082060 0.52000802460 0.55333142292 0.57461970448 0.64303423487 0.69003770167 0.78302325991 0.96410866736 -273.8155560860 0.07290215398   -3 
-- Local optimization: stuck in the same solution
---- Best joint likelihood found -273.815556086046854 with gradient 0.07290

---- Results for Mmc/475.polyDFE.config.txt 
--  Model: C
--        eps_an        lambda     theta_bar             a 
-- 0.00269796899 0.01934111197 0.01016917785            -1 
--           S_d             b           p_b           S_b 
-- -81.512726594 0.12039626512 0.02064663519 7.27352420695 
--           r 2           r 3           r 4           r 5           r 6           r 7           r 8           r 9          r 10          r 11          r 12          r 13          r 14          r 15          r 16          r 17          r 18          r 19          r 20 
-- 0.86241425146 0.72086338795 0.61998260679 0.55347924895 0.52802459832 0.50400324396 0.49045968253 0.48407536272 0.49488482597 0.48318857049 0.50815729560 0.51276082060 0.52000802460 0.55333142292 0.57461970448 0.64303423487 0.69003770167 0.78302325991 0.96410866736 

---- Expected P_neut(i), 0 < i < n (neutral SFS per site) 
E[P_neut(1)] = 0.0101428724
E[P_neut(2)] = 0.0043742431
E[P_neut(3)] = 0.0024379746
E[P_neut(4)] = 0.0015729112
E[P_neut(5)] = 0.0011236608
E[P_neut(6)] = 0.0008935339
E[P_neut(7)] = 0.0007312923
E[P_neut(8)] = 0.0006229263
E[P_neut(9)] = 0.0005466904
E[P_neut(10)] = 0.0005032572
E[P_neut(11)] = 0.0004469642
E[P_neut(12)] = 0.0004311487
E[P_neut(13)] = 0.0004019976
E[P_neut(14)] = 0.0003791136
E[P_neut(15)] = 0.0003771534
E[P_neut(16)] = 0.0003684803
E[P_neut(17)] = 0.0003902095
E[P_neut(18)] = 0.0004006187
E[P_neut(19)] = 0.0004453951

---- Expected P_sel(i), 0 < i < n (selected SFS per site) 
E[P_sel(1)] = 0.0072391921
E[P_sel(2)] = 0.0028225855
E[P_sel(3)] = 0.0014961182
E[P_sel(4)] = 0.0009350445
E[P_sel(5)] = 0.0006530940
E[P_sel(6)] = 0.0005106191
E[P_sel(7)] = 0.0004124573
E[P_sel(8)] = 0.0003477469
E[P_sel(9)] = 0.0003027622
E[P_sel(10)] = 0.0002770352
E[P_sel(11)] = 0.0002450168
E[P_sel(12)] = 0.0002357777
E[P_sel(13)] = 0.0002197180
E[P_sel(14)] = 0.0002075327
E[P_sel(15)] = 0.0002072897
E[P_sel(16)] = 0.0002039831
E[P_sel(17)] = 0.0002184951
E[P_sel(18)] = 0.0002284700
E[P_sel(19)] = 0.0002628028

---- Expected D_neut and D_sel (neutral and selected divergence per site) 
E[D_neut] = 0.0198313216
E[D_sel] = 0.0125234480

---- Expected neutral and selected misattributed polymorphism per site
E[mis_neut] = 0.0004902096
E[mis_sel] = 0.0002947328

---- alpha_div = 0.243788
---- alpha_dfe = 0.243652

