---- Running command
---- ./polyDFE -d Mmc/476.polyDFE.config.txt -m C -e 
---- Performing inference using model C

---- Performing inference on Mmc/476.polyDFE.config.txt
---- No mutation variability. Using Poisson likelihood.


---- Calculating initial values

-- Starting local optimization
-- Optimizing all parameters
  it        eps_an        lambda     theta_bar           S_d             b           p_b           S_b           r 2           r 3           r 4           r 5           r 6           r 7           r 8           r 9          r 10          r 11          r 12          r 13          r 14          r 15          r 16          r 17          r 18          r 19          r 20           ln lk          grad status 
   0           0.1 0.01928677293 0.01138453034        -20000         0.208           0.1            20 0.87380697279 0.73104308138 0.64229648685 0.58067351216 0.56081497641 0.54020629270 0.53874653808 0.52856748918 0.55011918971 0.56015109604 0.59837978825 0.62479482549 0.66171928327 0.75078080261 0.86242483145 1.10398905193 1.58137098531             1             1 -1117076.438189 23213.2836172   -2 
 898 0.00046395575 0.01927686927 0.01016287899 -79.382863361 0.12349769672 0.02353800927 6.60347252937 0.86484348335 0.71903011693 0.62025037841 0.55507361505 0.53120797113 0.50859243040 0.49631324814 0.48443020091 0.49309555851 0.48669436323 0.51416038482 0.51479658490 0.51970476691 0.56523831991 0.58763016569 0.64658924870 0.71448133910 0.83957268946 1.14226819015 -268.0568930802 0.01442356404   -3 
-- Local optimization: stuck in the same solution
---- Best joint likelihood found -268.056893080298323 with gradient 0.01442

---- Results for Mmc/476.polyDFE.config.txt 
--  Model: C
--        eps_an        lambda     theta_bar             a 
-- 0.00046395575 0.01927686927 0.01016287899            -1 
--           S_d             b           p_b           S_b 
-- -79.382863361 0.12349769672 0.02353800927 6.60347252937 
--           r 2           r 3           r 4           r 5           r 6           r 7           r 8           r 9          r 10          r 11          r 12          r 13          r 14          r 15          r 16          r 17          r 18          r 19          r 20 
-- 0.86484348335 0.71903011693 0.62025037841 0.55507361505 0.53120797113 0.50859243040 0.49631324814 0.48443020091 0.49309555851 0.48669436323 0.51416038482 0.51479658490 0.51970476691 0.56523831991 0.58763016569 0.64658924870 0.71448133910 0.83957268946 1.14226819015 

---- Expected P_neut(i), 0 < i < n (neutral SFS per site) 
E[P_neut(1)] = 0.0101583722
E[P_neut(2)] = 0.0043927981
E[P_neut(3)] = 0.0024348546
E[P_neut(4)] = 0.0015753244
E[P_neut(5)] = 0.0011278834
E[P_neut(6)] = 0.0008995246
E[P_neut(7)] = 0.0007382389
E[P_neut(8)] = 0.0006304059
E[P_neut(9)] = 0.0005469777
E[P_neut(10)] = 0.0005011270
E[P_neut(11)] = 0.0004497012
E[P_neut(12)] = 0.0004355363
E[P_neut(13)] = 0.0004026032
E[P_neut(14)] = 0.0003775065
E[P_neut(15)] = 0.0003833090
E[P_neut(16)] = 0.0003738089
E[P_neut(17)] = 0.0003874924
E[P_neut(18)] = 0.0004052511
E[P_neut(19)] = 0.0004535844

---- Expected P_sel(i), 0 < i < n (selected SFS per site) 
E[P_sel(1)] = 0.0072385452
E[P_sel(2)] = 0.0028254538
E[P_sel(3)] = 0.0014882079
E[P_sel(4)] = 0.0009323223
E[P_sel(5)] = 0.0006524960
E[P_sel(6)] = 0.0005116050
E[P_sel(7)] = 0.0004144071
E[P_sel(8)] = 0.0003502923
E[P_sel(9)] = 0.0003015679
E[P_sel(10)] = 0.0002746935
E[P_sel(11)] = 0.0002455440
E[P_sel(12)] = 0.0002373202
E[P_sel(13)] = 0.0002193449
E[P_sel(14)] = 0.0002060808
E[P_sel(15)] = 0.0002101836
E[P_sel(16)] = 0.0002065188
E[P_sel(17)] = 0.0002165413
E[P_sel(18)] = 0.0002303255
E[P_sel(19)] = 0.0002645549

---- Expected D_neut and D_sel (neutral and selected divergence per site) 
E[D_neut] = 0.0198573059
E[D_sel] = 0.0125181959

---- Expected neutral and selected misattributed polymorphism per site
E[mis_neut] = 0.0005804367
E[mis_sel] = 0.0003490106

---- alpha_div = 0.253909
---- alpha_dfe = 0.253801

