---- Running command
---- ./polyDFE -d Mmc/477.polyDFE.config.txt -m C -e 
---- Performing inference using model C

---- Performing inference on Mmc/477.polyDFE.config.txt
---- No mutation variability. Using Poisson likelihood.


---- Calculating initial values

-- Starting local optimization
-- Optimizing all parameters
  it        eps_an        lambda     theta_bar           S_d             b           p_b           S_b           r 2           r 3           r 4           r 5           r 6           r 7           r 8           r 9          r 10          r 11          r 12          r 13          r 14          r 15          r 16          r 17          r 18          r 19          r 20           ln lk          grad status 
   0           0.1 0.01926171463 0.01136499557        -20000         0.208           0.1            20 0.87067374678 0.73209306678 0.64283150701 0.58522689288 0.55794314512 0.54460463389 0.54001090149 0.53148566846 0.55374966029 0.54736637544 0.58741437549 0.61833521053 0.66558200096 0.75486969773 0.86775192737 1.10535106257 1.57704864842             1             1 -1114893.270560 23101.7681779   -2 
 554 0.00368257935 0.01931610711 0.01019879261 -105.15454993 0.10492725343 0.00352623837 34.3731122975 0.85984406891 0.71436972589 0.61662121494 0.55273203305 0.52533266807 0.50470582599 0.49127727370 0.48409869110 0.49234156035 0.47754417253 0.50764259217 0.50759369230 0.52534666800 0.55437997395 0.58971358184 0.64260773956 0.69770568874 0.77403339109 1.00475166444 -308.7060826926 0.32092650280   -3 
-- Local optimization: stuck in the same solution
---- Best joint likelihood found -308.706082692689961 with gradient 0.32093

---- Results for Mmc/477.polyDFE.config.txt 
--  Model: C
--        eps_an        lambda     theta_bar             a 
-- 0.00368257935 0.01931610711 0.01019879261            -1 
--           S_d             b           p_b           S_b 
-- -105.15454993 0.10492725343 0.00352623837 34.3731122975 
--           r 2           r 3           r 4           r 5           r 6           r 7           r 8           r 9          r 10          r 11          r 12          r 13          r 14          r 15          r 16          r 17          r 18          r 19          r 20 
-- 0.85984406891 0.71436972589 0.61662121494 0.55273203305 0.52533266807 0.50470582599 0.49127727370 0.48409869110 0.49234156035 0.47754417253 0.50764259217 0.50759369230 0.52534666800 0.55437997395 0.58971358184 0.64260773956 0.69770568874 0.77403339109 1.00475166444 

---- Expected P_neut(i), 0 < i < n (neutral SFS per site) 
E[P_neut(1)] = 0.0101627648
E[P_neut(2)] = 0.0043699945
E[P_neut(3)] = 0.0024210459
E[P_neut(4)] = 0.0015677925
E[P_neut(5)] = 0.0011246761
E[P_neut(6)] = 0.0008910808
E[P_neut(7)] = 0.0007341000
E[P_neut(8)] = 0.0006255868
E[P_neut(9)] = 0.0005481906
E[P_neut(10)] = 0.0005021289
E[P_neut(11)] = 0.0004431510
E[P_neut(12)] = 0.0004321627
E[P_neut(13)] = 0.0003994602
E[P_neut(14)] = 0.0003845863
E[P_neut(15)] = 0.0003796976
E[P_neut(16)] = 0.0003803034
E[P_neut(17)] = 0.0003930427
E[P_neut(18)] = 0.0004100109
E[P_neut(19)] = 0.0004515123

---- Expected P_sel(i), 0 < i < n (selected SFS per site) 
E[P_sel(1)] = 0.0072421930
E[P_sel(2)] = 0.0028362003
E[P_sel(3)] = 0.0014997888
E[P_sel(4)] = 0.0009424472
E[P_sel(5)] = 0.0006614259
E[P_sel(6)] = 0.0005151799
E[P_sel(7)] = 0.0004185801
E[P_sel(8)] = 0.0003526087
E[P_sel(9)] = 0.0003059762
E[P_sel(10)] = 0.0002779306
E[P_sel(11)] = 0.0002435444
E[P_sel(12)] = 0.0002360843
E[P_sel(13)] = 0.0002171597
E[P_sel(14)] = 0.0002083140
E[P_sel(15)] = 0.0002052261
E[P_sel(16)] = 0.0002055630
E[P_sel(17)] = 0.0002132379
E[P_sel(18)] = 0.0002251020
E[P_sel(19)] = 0.0002579986

---- Expected D_neut and D_sel (neutral and selected divergence per site) 
E[D_neut] = 0.0198284698
E[D_sel] = 0.0125309279

---- Expected neutral and selected misattributed polymorphism per site
E[mis_neut] = 0.0005123627
E[mis_sel] = 0.0002943536

---- alpha_div = 0.191446
---- alpha_dfe = 0.191589

