---- Running command
---- ./polyDFE -d Mmc/478.polyDFE.config.txt -m C -e 
---- Performing inference using model C

---- Performing inference on Mmc/478.polyDFE.config.txt
---- No mutation variability. Using Poisson likelihood.


---- Calculating initial values

-- Starting local optimization
-- Optimizing all parameters
  it        eps_an        lambda     theta_bar           S_d             b           p_b           S_b           r 2           r 3           r 4           r 5           r 6           r 7           r 8           r 9          r 10          r 11          r 12          r 13          r 14          r 15          r 16          r 17          r 18          r 19          r 20           ln lk          grad status 
   0           0.1 0.01926040296 0.01134451096        -20000         0.208           0.1            20 0.87416764298 0.73141579876 0.64426870441 0.58742236466 0.55651217386 0.53984246165 0.53632569627 0.53776347160 0.55112817709 0.56270648360 0.59776796084 0.62973301562 0.65965517247 0.76341783400 0.85795564168 1.10359732604 1.57703736105             1             1 -1115952.286326 23145.5781059   -2 
 749 0.00094229581 0.01927596803 0.01012812841 -80.551677844 0.12074084780 0.02094068027 7.12959122618 0.86712220878 0.71988295419 0.61958498112 0.56071017506 0.52764439608 0.50682364957 0.49669228502 0.49086523441 0.49534265766 0.48977699087 0.51346585458 0.51974023077 0.52300350430 0.56551408152 0.58831959004 0.64687578014 0.70595269319 0.82602620522 1.09293746018 -287.8687896477 0.03556901027   -8 
-- Local optimization: reached maximum number of likelihood evaluations allowed.
---- Best joint likelihood found -287.868789647749509 with gradient 0.03557

---- Results for Mmc/478.polyDFE.config.txt 
--  Model: C
--        eps_an        lambda     theta_bar             a 
-- 0.00094229581 0.01927596803 0.01012812841            -1 
--           S_d             b           p_b           S_b 
-- -80.551677844 0.12074084780 0.02094068027 7.12959122618 
--           r 2           r 3           r 4           r 5           r 6           r 7           r 8           r 9          r 10          r 11          r 12          r 13          r 14          r 15          r 16          r 17          r 18          r 19          r 20 
-- 0.86712220878 0.71988295419 0.61958498112 0.56071017506 0.52764439608 0.50682364957 0.49669228502 0.49086523441 0.49534265766 0.48977699087 0.51346585458 0.51974023077 0.52300350430 0.56551408152 0.58831959004 0.64687578014 0.70595269319 0.82602620522 1.09293746018 

---- Expected P_neut(i), 0 < i < n (neutral SFS per site) 
E[P_neut(1)] = 0.0101189996
E[P_neut(2)] = 0.0043873991
E[P_neut(3)] = 0.0024284287
E[P_neut(4)] = 0.0015676817
E[P_neut(5)] = 0.0011350785
E[P_neut(6)] = 0.0008901923
E[P_neut(7)] = 0.0007330013
E[P_neut(8)] = 0.0006286362
E[P_neut(9)] = 0.0005522984
E[P_neut(10)] = 0.0005016894
E[P_neut(11)] = 0.0004510523
E[P_neut(12)] = 0.0004335548
E[P_neut(13)] = 0.0004052322
E[P_neut(14)] = 0.0003788432
E[P_neut(15)] = 0.0003825504
E[P_neut(16)] = 0.0003735384
E[P_neut(17)] = 0.0003873176
E[P_neut(18)] = 0.0004009846
E[P_neut(19)] = 0.0004494498

---- Expected P_sel(i), 0 < i < n (selected SFS per site) 
E[P_sel(1)] = 0.0072274400
E[P_sel(2)] = 0.0028328547
E[P_sel(3)] = 0.0014910748
E[P_sel(4)] = 0.0009323969
E[P_sel(5)] = 0.0006600360
E[P_sel(6)] = 0.0005089336
E[P_sel(7)] = 0.0004135973
E[P_sel(8)] = 0.0003510799
E[P_sel(9)] = 0.0003059913
E[P_sel(10)] = 0.0002762802
E[P_sel(11)] = 0.0002473504
E[P_sel(12)] = 0.0002371764
E[P_sel(13)] = 0.0002215532
E[P_sel(14)] = 0.0002074309
E[P_sel(15)] = 0.0002102750
E[P_sel(16)] = 0.0002067408
E[P_sel(17)] = 0.0002167058
E[P_sel(18)] = 0.0002281141
E[P_sel(19)] = 0.0002627479

---- Expected D_neut and D_sel (neutral and selected divergence per site) 
E[D_neut] = 0.0198294386
E[D_sel] = 0.0125001644

---- Expected neutral and selected misattributed polymorphism per site
E[mis_neut] = 0.0005534705
E[mis_sel] = 0.0003325499

---- alpha_div = 0.243009
---- alpha_dfe = 0.242856

