---- Running command
---- ./polyDFE -d Mmc/479.polyDFE.config.txt -m C -e 
---- Performing inference using model C

---- Performing inference on Mmc/479.polyDFE.config.txt
---- No mutation variability. Using Poisson likelihood.


---- Calculating initial values

-- Starting local optimization
-- Optimizing all parameters
  it        eps_an        lambda     theta_bar           S_d             b           p_b           S_b           r 2           r 3           r 4           r 5           r 6           r 7           r 8           r 9          r 10          r 11          r 12          r 13          r 14          r 15          r 16          r 17          r 18          r 19          r 20           ln lk          grad status 
   0           0.1 0.01930440823 0.01137411097        -20000         0.208           0.1            20 0.86894066079 0.73366531196 0.64198495228 0.58536391338 0.55721144587 0.53320464333 0.53837084612 0.53335483649 0.55277370303 0.55713329377 0.59266583707 0.61736656895 0.66462976010 0.74937536213 0.85568128367 1.11007377856 1.57371065303             1             1 -1117597.687110 23177.6371929   -2 
1004 0.00074892898 0.01933843214 0.01015121064 -75.411771104 0.12608348355 0.02991440030 5.31010085740 0.86299445762 0.71945300804 0.61976873959 0.55752149339 0.53036901302 0.50464721580 0.49488719984 0.48426648290 0.49322419254 0.48947654749 0.51047811407 0.51583585118 0.52444248975 0.55232256022 0.58370027816 0.64958139282 0.70968094005 0.82057486475 1.05598925618 -281.8026221565 0.03597561507   -3 
-- Local optimization: stuck in the same solution
---- Best joint likelihood found -281.802622156552388 with gradient 0.03598

---- Results for Mmc/479.polyDFE.config.txt 
--  Model: C
--        eps_an        lambda     theta_bar             a 
-- 0.00074892898 0.01933843214 0.01015121064            -1 
--           S_d             b           p_b           S_b 
-- -75.411771104 0.12608348355 0.02991440030 5.31010085740 
--           r 2           r 3           r 4           r 5           r 6           r 7           r 8           r 9          r 10          r 11          r 12          r 13          r 14          r 15          r 16          r 17          r 18          r 19          r 20 
-- 0.86299445762 0.71945300804 0.61976873959 0.55752149339 0.53036901302 0.50464721580 0.49488719984 0.48426648290 0.49322419254 0.48947654749 0.51047811407 0.51583585118 0.52444248975 0.55232256022 0.58370027816 0.64958139282 0.70968094005 0.82057486475 1.05598925618 

---- Expected P_neut(i), 0 < i < n (neutral SFS per site) 
E[P_neut(1)] = 0.0101439364
E[P_neut(2)] = 0.0043772385
E[P_neut(3)] = 0.0024329070
E[P_neut(4)] = 0.0015719502
E[P_neut(5)] = 0.0011313358
E[P_neut(6)] = 0.0008969274
E[P_neut(7)] = 0.0007315793
E[P_neut(8)] = 0.0006278161
E[P_neut(9)] = 0.0005461393
E[P_neut(10)] = 0.0005006823
E[P_neut(11)] = 0.0004517780
E[P_neut(12)] = 0.0004319778
E[P_neut(13)] = 0.0004030432
E[P_neut(14)] = 0.0003806534
E[P_neut(15)] = 0.0003743506
E[P_neut(16)] = 0.0003712296
E[P_neut(17)] = 0.0003894173
E[P_neut(18)] = 0.0004032097
E[P_neut(19)] = 0.0004456862

---- Expected P_sel(i), 0 < i < n (selected SFS per site) 
E[P_sel(1)] = 0.0072553286
E[P_sel(2)] = 0.0028254165
E[P_sel(3)] = 0.0014922122
E[P_sel(4)] = 0.0009337018
E[P_sel(5)] = 0.0006570389
E[P_sel(6)] = 0.0005122917
E[P_sel(7)] = 0.0004125873
E[P_sel(8)] = 0.0003506570
E[P_sel(9)] = 0.0003028320
E[P_sel(10)] = 0.0002761944
E[P_sel(11)] = 0.0002484140
E[P_sel(12)] = 0.0002372095
E[P_sel(13)] = 0.0002214583
E[P_sel(14)] = 0.0002097334
E[P_sel(15)] = 0.0002073359
E[P_sel(16)] = 0.0002072870
E[P_sel(17)] = 0.0002200288
E[P_sel(18)] = 0.0002316921
E[P_sel(19)] = 0.0002626376

---- Expected D_neut and D_sel (neutral and selected divergence per site) 
E[D_neut] = 0.0198744106
E[D_sel] = 0.0125301258

---- Expected neutral and selected misattributed polymorphism per site
E[mis_neut] = 0.0005359785
E[mis_sel] = 0.0003243426

---- alpha_div = 0.263251
---- alpha_dfe = 0.263142

