---- Running command
---- ./polyDFE -d Mmc/48.polyDFE.config.txt -m C -e 
---- Performing inference using model C

---- Performing inference on Mmc/48.polyDFE.config.txt
---- No mutation variability. Using Poisson likelihood.


---- Calculating initial values

-- Starting local optimization
-- Optimizing all parameters
  it        eps_an        lambda     theta_bar           S_d             b           p_b           S_b           r 2           r 3           r 4           r 5           r 6           r 7           r 8           r 9          r 10          r 11          r 12          r 13          r 14          r 15          r 16          r 17          r 18          r 19          r 20           ln lk          grad status 
   0           0.1 0.01926727443 0.01137807700        -20000         0.208           0.1            20 0.86935667489 0.73847237437 0.64616502457 0.58658070873 0.56236267065 0.54189653580 0.53409660755 0.52935007584 0.55156194592 0.55648180242 0.59607467258 0.63162717532 0.66578359411 0.75568250031 0.85738329642 1.10602413804 1.57281520493             1             1 -1116312.513722 23150.5672143   -2 
1004 0.00051777139 0.01927246772 0.01014918871 -72.462417522 0.12850064139 0.03009126480 5.41846814830 0.86526330302 0.72480316374 0.62274442040 0.55766779859 0.53327324133 0.51001501480 0.49676128505 0.48557777085 0.49327868438 0.48578300753 0.51581605678 0.51946850347 0.52717986137 0.56470551561 0.58610077336 0.64470050939 0.70887558729 0.82665532345 1.11635866169 -296.8701726080 0.03158456750   -3 
-- Local optimization: stuck in the same solution
---- Best joint likelihood found -296.870172608090797 with gradient 0.03158

---- Results for Mmc/48.polyDFE.config.txt 
--  Model: C
--        eps_an        lambda     theta_bar             a 
-- 0.00051777139 0.01927246772 0.01014918871            -1 
--           S_d             b           p_b           S_b 
-- -72.462417522 0.12850064139 0.03009126480 5.41846814830 
--           r 2           r 3           r 4           r 5           r 6           r 7           r 8           r 9          r 10          r 11          r 12          r 13          r 14          r 15          r 16          r 17          r 18          r 19          r 20 
-- 0.86526330302 0.72480316374 0.62274442040 0.55766779859 0.53327324133 0.51001501480 0.49676128505 0.48557777085 0.49327868438 0.48578300753 0.51581605678 0.51946850347 0.52717986137 0.56470551561 0.58610077336 0.64470050939 0.70887558729 0.82665532345 1.11635866169 

---- Expected P_neut(i), 0 < i < n (neutral SFS per site) 
E[P_neut(1)] = 0.0101441624
E[P_neut(2)] = 0.0043887938
E[P_neut(3)] = 0.0024509844
E[P_neut(4)] = 0.0015794620
E[P_neut(5)] = 0.0011315869
E[P_neut(6)] = 0.0009017793
E[P_neut(7)] = 0.0007392898
E[P_neut(8)] = 0.0006301151
E[P_neut(9)] = 0.0005475286
E[P_neut(10)] = 0.0005006378
E[P_neut(11)] = 0.0004482609
E[P_neut(12)] = 0.0004363600
E[P_neut(13)] = 0.0004057255
E[P_neut(14)] = 0.0003824440
E[P_neut(15)] = 0.0003824751
E[P_neut(16)] = 0.0003724036
E[P_neut(17)] = 0.0003859637
E[P_neut(18)] = 0.0004017616
E[P_neut(19)] = 0.0004465990

---- Expected P_sel(i), 0 < i < n (selected SFS per site) 
E[P_sel(1)] = 0.0072568705
E[P_sel(2)] = 0.0028293510
E[P_sel(3)] = 0.0015001024
E[P_sel(4)] = 0.0009356256
E[P_sel(5)] = 0.0006551374
E[P_sel(6)] = 0.0005133023
E[P_sel(7)] = 0.0004154154
E[P_sel(8)] = 0.0003505977
E[P_sel(9)] = 0.0003024064
E[P_sel(10)] = 0.0002750605
E[P_sel(11)] = 0.0002454811
E[P_sel(12)] = 0.0002386466
E[P_sel(13)] = 0.0002220432
E[P_sel(14)] = 0.0002099037
E[P_sel(15)] = 0.0002110533
E[P_sel(16)] = 0.0002072297
E[P_sel(17)] = 0.0002174097
E[P_sel(18)] = 0.0002302506
E[P_sel(19)] = 0.0002624994

---- Expected D_neut and D_sel (neutral and selected divergence per site) 
E[D_neut] = 0.0198389745
E[D_sel] = 0.0125260902

---- Expected neutral and selected misattributed polymorphism per site
E[mis_neut] = 0.0005665067
E[mis_sel] = 0.0003427329

---- alpha_div = 0.269491
---- alpha_dfe = 0.269259

