---- Running command
---- ./polyDFE -d Mmc/480.polyDFE.config.txt -m C -e 
---- Performing inference using model C

---- Performing inference on Mmc/480.polyDFE.config.txt
---- No mutation variability. Using Poisson likelihood.


---- Calculating initial values

-- Starting local optimization
-- Optimizing all parameters
  it        eps_an        lambda     theta_bar           S_d             b           p_b           S_b           r 2           r 3           r 4           r 5           r 6           r 7           r 8           r 9          r 10          r 11          r 12          r 13          r 14          r 15          r 16          r 17          r 18          r 19          r 20           ln lk          grad status 
   0           0.1 0.01924455386 0.01139773013        -20000         0.208           0.1            20 0.86911127716 0.73226637921 0.64384477129 0.58619360103 0.55890147113 0.53864208114 0.53618062256 0.52788771428 0.54822073425 0.54990868846 0.59346951508 0.62499990409 0.66597480256 0.74098164241 0.86053293552 1.10284445491 1.58336281537             1             1 -1112913.094438 23095.4254773   -2 
 347 0.00522436148 0.01916705745 0.01021640604 -76.435392129 0.12395662893 0.02115209893 7.37526253552 0.86299639494 0.71894619637 0.61963487053 0.55744180701 0.52892056179 0.50428685126 0.49049701671 0.48479323372 0.49036444201 0.48032599835 0.50954246406 0.51129512857 0.51922160070 0.54461768030 0.57435469308 0.63314452983 0.67460009321 0.72638926050 1.27035858624 -285.7193864899 0.09246104667   -8 
-- Local optimization: reached maximum number of likelihood evaluations allowed.
---- Best joint likelihood found -285.719386489916360 with gradient 0.09246

---- Results for Mmc/480.polyDFE.config.txt 
--  Model: C
--        eps_an        lambda     theta_bar             a 
-- 0.00522436148 0.01916705745 0.01021640604            -1 
--           S_d             b           p_b           S_b 
-- -76.435392129 0.12395662893 0.02115209893 7.37526253552 
--           r 2           r 3           r 4           r 5           r 6           r 7           r 8           r 9          r 10          r 11          r 12          r 13          r 14          r 15          r 16          r 17          r 18          r 19          r 20 
-- 0.86299639494 0.71894619637 0.61963487053 0.55744180701 0.52892056179 0.50428685126 0.49049701671 0.48479323372 0.49036444201 0.48032599835 0.50954246406 0.51129512857 0.51922160070 0.54461768030 0.57435469308 0.63314452983 0.67460009321 0.72638926050 1.27035858624 

---- Expected P_neut(i), 0 < i < n (neutral SFS per site) 
E[P_neut(1)] = 0.0101650724
E[P_neut(2)] = 0.0043873303
E[P_neut(3)] = 0.0024375456
E[P_neut(4)] = 0.0015762582
E[P_neut(5)] = 0.0011349977
E[P_neut(6)] = 0.0008978856
E[P_neut(7)] = 0.0007342540
E[P_neut(8)] = 0.0006253835
E[P_neut(9)] = 0.0005497716
E[P_neut(10)] = 0.0005009762
E[P_neut(11)] = 0.0004466540
E[P_neut(12)] = 0.0004348138
E[P_neut(13)] = 0.0004035612
E[P_neut(14)] = 0.0003816241
E[P_neut(15)] = 0.0003749484
E[P_neut(16)] = 0.0003730922
E[P_neut(17)] = 0.0003913009
E[P_neut(18)] = 0.0004039188
E[P_neut(19)] = 0.0004419172

---- Expected P_sel(i), 0 < i < n (selected SFS per site) 
E[P_sel(1)] = 0.0072582577
E[P_sel(2)] = 0.0028261833
E[P_sel(3)] = 0.0014913175
E[P_sel(4)] = 0.0009333832
E[P_sel(5)] = 0.0006567108
E[P_sel(6)] = 0.0005105633
E[P_sel(7)] = 0.0004119362
E[P_sel(8)] = 0.0003471846
E[P_sel(9)] = 0.0003027305
E[P_sel(10)] = 0.0002741776
E[P_sel(11)] = 0.0002434175
E[P_sel(12)] = 0.0002364045
E[P_sel(13)] = 0.0002193260
E[P_sel(14)] = 0.0002077818
E[P_sel(15)] = 0.0002050582
E[P_sel(16)] = 0.0002056632
E[P_sel(17)] = 0.0002184679
E[P_sel(18)] = 0.0002303831
E[P_sel(19)] = 0.0002635810

---- Expected D_neut and D_sel (neutral and selected divergence per site) 
E[D_neut] = 0.0198159824
E[D_sel] = 0.0125281314

---- Expected neutral and selected misattributed polymorphism per site
E[mis_neut] = 0.0006489250
E[mis_sel] = 0.0003898034

---- alpha_div = 0.252667
---- alpha_dfe = 0.252539

