---- Running command
---- ./polyDFE -d Mmc/481.polyDFE.config.txt -m C -e 
---- Performing inference using model C

---- Performing inference on Mmc/481.polyDFE.config.txt
---- No mutation variability. Using Poisson likelihood.


---- Calculating initial values

-- Starting local optimization
-- Optimizing all parameters
  it        eps_an        lambda     theta_bar           S_d             b           p_b           S_b           r 2           r 3           r 4           r 5           r 6           r 7           r 8           r 9          r 10          r 11          r 12          r 13          r 14          r 15          r 16          r 17          r 18          r 19          r 20           ln lk          grad status 
   0           0.1 0.01925574015 0.01135269503        -20000         0.208           0.1            20 0.87245363280 0.73592990761 0.63952452485 0.57998943889 0.55979469806 0.54047924539 0.53735341470 0.53233782174 0.55163043395 0.55245358100 0.58991654950 0.62316384116 0.66959041955 0.74208949784 0.86940110970 1.10565691690 1.58146765732             1             1 -1114461.457743 23112.7889099   -2 
 408 0.00483776806 0.01930670235 0.01019078289 -95.970404068 0.10928458366 0.00689084263 18.7193414785 0.86374207505 0.71572572044 0.61280781092 0.55222202149 0.52660955195 0.50685697175 0.49195926921 0.48400582807 0.49270584835 0.48293471954 0.50723897609 0.51052651053 0.52494545974 0.54621354051 0.58531500606 0.63665287835 0.68253686196 0.75307146944 1.01207898171 -283.3632004737 0.24009704874   -3 
-- Local optimization: stuck in the same solution
---- Best joint likelihood found -283.363200473715551 with gradient 0.24010

---- Results for Mmc/481.polyDFE.config.txt 
--  Model: C
--        eps_an        lambda     theta_bar             a 
-- 0.00483776806 0.01930670235 0.01019078289            -1 
--           S_d             b           p_b           S_b 
-- -95.970404068 0.10928458366 0.00689084263 18.7193414785 
--           r 2           r 3           r 4           r 5           r 6           r 7           r 8           r 9          r 10          r 11          r 12          r 13          r 14          r 15          r 16          r 17          r 18          r 19          r 20 
-- 0.86374207505 0.71572572044 0.61280781092 0.55222202149 0.52660955195 0.50685697175 0.49195926921 0.48400582807 0.49270584835 0.48293471954 0.50723897609 0.51052651053 0.52494545974 0.54621354051 0.58531500606 0.63665287835 0.68253686196 0.75307146944 1.01207898171 

---- Expected P_neut(i), 0 < i < n (neutral SFS per site) 
E[P_neut(1)] = 0.0101434363
E[P_neut(2)] = 0.0043816819
E[P_neut(3)] = 0.0024213529
E[P_neut(4)] = 0.0015554984
E[P_neut(5)] = 0.0011218652
E[P_neut(6)] = 0.0008919488
E[P_neut(7)] = 0.0007362620
E[P_neut(8)] = 0.0006257335
E[P_neut(9)] = 0.0005475574
E[P_neut(10)] = 0.0005021058
E[P_neut(11)] = 0.0004478944
E[P_neut(12)] = 0.0004317113
E[P_neut(13)] = 0.0004018387
E[P_neut(14)] = 0.0003845931
E[P_neut(15)] = 0.0003747393
E[P_neut(16)] = 0.0003785506
E[P_neut(17)] = 0.0003915621
E[P_neut(18)] = 0.0004058435
E[P_neut(19)] = 0.0004512617

---- Expected P_sel(i), 0 < i < n (selected SFS per site) 
E[P_sel(1)] = 0.0072347407
E[P_sel(2)] = 0.0028394300
E[P_sel(3)] = 0.0014957810
E[P_sel(4)] = 0.0009317977
E[P_sel(5)] = 0.0006572396
E[P_sel(6)] = 0.0005136350
E[P_sel(7)] = 0.0004181680
E[P_sel(8)] = 0.0003513845
E[P_sel(9)] = 0.0003046042
E[P_sel(10)] = 0.0002771425
E[P_sel(11)] = 0.0002456454
E[P_sel(12)] = 0.0002355807
E[P_sel(13)] = 0.0002184876
E[P_sel(14)] = 0.0002086881
E[P_sel(15)] = 0.0002033341
E[P_sel(16)] = 0.0002059743
E[P_sel(17)] = 0.0002146343
E[P_sel(18)] = 0.0002262622
E[P_sel(19)] = 0.0002635775

---- Expected D_neut and D_sel (neutral and selected divergence per site) 
E[D_neut] = 0.0198223962
E[D_sel] = 0.0125273136

---- Expected neutral and selected misattributed polymorphism per site
E[mis_neut] = 0.0005156939
E[mis_sel] = 0.0003020360

---- alpha_div = 0.204513
---- alpha_dfe = 0.204597

