---- Running command
---- ./polyDFE -d Mmc/482.polyDFE.config.txt -m C -e 
---- Performing inference using model C

---- Performing inference on Mmc/482.polyDFE.config.txt
---- No mutation variability. Using Poisson likelihood.


---- Calculating initial values

-- Starting local optimization
-- Optimizing all parameters
  it        eps_an        lambda     theta_bar           S_d             b           p_b           S_b           r 2           r 3           r 4           r 5           r 6           r 7           r 8           r 9          r 10          r 11          r 12          r 13          r 14          r 15          r 16          r 17          r 18          r 19          r 20           ln lk          grad status 
   0           0.1 0.01928948278 0.01134706529        -20000         0.208           0.1            20 0.87668802694 0.73699855099 0.64938459066 0.58303660551 0.55864660900 0.54008027450 0.53593208675 0.52812113072 0.55145570367 0.55403513242 0.58483550936 0.62846575836 0.67141674186 0.75425396307 0.87001552741 1.10441022977 1.58384492683             1             1 -1114629.344679 23137.4606620   -2 
 868 0.00079574710 0.01930986256 0.01013445563 -72.538200954 0.12833465215 0.02827558915 5.74240365407 0.86962577723 0.72147985327 0.62251890289 0.55642480846 0.53188268738 0.50827017280 0.49544581987 0.48429485329 0.49580887749 0.48284707158 0.50909589557 0.51379624630 0.53024100860 0.56235840454 0.59319620351 0.64507426040 0.70815365712 0.82142832876 1.08519095972 -293.6599996377 0.03678463734   -3 
-- Local optimization: stuck in the same solution
---- Best joint likelihood found -293.659999637719011 with gradient 0.03678

---- Results for Mmc/482.polyDFE.config.txt 
--  Model: C
--        eps_an        lambda     theta_bar             a 
-- 0.00079574710 0.01930986256 0.01013445563            -1 
--           S_d             b           p_b           S_b 
-- -72.538200954 0.12833465215 0.02827558915 5.74240365407 
--           r 2           r 3           r 4           r 5           r 6           r 7           r 8           r 9          r 10          r 11          r 12          r 13          r 14          r 15          r 16          r 17          r 18          r 19          r 20 
-- 0.86962577723 0.72147985327 0.62251890289 0.55642480846 0.53188268738 0.50827017280 0.49544581987 0.48429485329 0.49580887749 0.48284707158 0.50909589557 0.51379624630 0.53024100860 0.56235840454 0.59319620351 0.64507426040 0.70815365712 0.82142832876 1.08519095972 

---- Expected P_neut(i), 0 < i < n (neutral SFS per site) 
E[P_neut(1)] = 0.0101267398
E[P_neut(2)] = 0.0044034027
E[P_neut(3)] = 0.0024356351
E[P_neut(4)] = 0.0015762665
E[P_neut(5)] = 0.0011272174
E[P_neut(6)] = 0.0008979808
E[P_neut(7)] = 0.0007355962
E[P_neut(8)] = 0.0006274769
E[P_neut(9)] = 0.0005452606
E[P_neut(10)] = 0.0005024753
E[P_neut(11)] = 0.0004449338
E[P_neut(12)] = 0.0004301081
E[P_neut(13)] = 0.0004008088
E[P_neut(14)] = 0.0003842455
E[P_neut(15)] = 0.0003805415
E[P_neut(16)] = 0.0003766886
E[P_neut(17)] = 0.0003861909
E[P_neut(18)] = 0.0004018977
E[P_neut(19)] = 0.0004458594

---- Expected P_sel(i), 0 < i < n (selected SFS per site) 
E[P_sel(1)] = 0.0072396565
E[P_sel(2)] = 0.0028361320
E[P_sel(3)] = 0.0014890173
E[P_sel(4)] = 0.0009325000
E[P_sel(5)] = 0.0006516285
E[P_sel(6)] = 0.0005102809
E[P_sel(7)] = 0.0004125690
E[P_sel(8)] = 0.0003484124
E[P_sel(9)] = 0.0003004760
E[P_sel(10)] = 0.0002753928
E[P_sel(11)] = 0.0002430108
E[P_sel(12)] = 0.0002345522
E[P_sel(13)] = 0.0002186771
E[P_sel(14)] = 0.0002102017
E[P_sel(15)] = 0.0002092636
E[P_sel(16)] = 0.0002088714
E[P_sel(17)] = 0.0002167748
E[P_sel(18)] = 0.0002296073
E[P_sel(19)] = 0.0002616474

---- Expected D_neut and D_sel (neutral and selected divergence per site) 
E[D_neut] = 0.0198597535
E[D_sel] = 0.0125342816

---- Expected neutral and selected misattributed polymorphism per site
E[mis_neut] = 0.0005498910
E[mis_sel] = 0.0003319399

---- alpha_div = 0.267368
---- alpha_dfe = 0.267128

