---- Running command
---- ./polyDFE -d Mmc/483.polyDFE.config.txt -m C -e 
---- Performing inference using model C

---- Performing inference on Mmc/483.polyDFE.config.txt
---- No mutation variability. Using Poisson likelihood.


---- Calculating initial values

-- Starting local optimization
-- Optimizing all parameters
  it        eps_an        lambda     theta_bar           S_d             b           p_b           S_b           r 2           r 3           r 4           r 5           r 6           r 7           r 8           r 9          r 10          r 11          r 12          r 13          r 14          r 15          r 16          r 17          r 18          r 19          r 20           ln lk          grad status 
   0           0.1 0.01929696328 0.01136443848        -20000         0.208           0.1            20 0.87268298086 0.73528439532 0.64681805639 0.58188355193 0.55580400481 0.53878771870 0.53698361611 0.53080683315 0.55354413299 0.55558397138 0.58847979268 0.62782294455 0.66307848030 0.75682014483 0.86006433518 1.11015033817 1.58093397812             1             1 -1118422.630120 23173.7692492   -2 
 396 0.00213229668 0.01935571591 0.01016553725 -79.531660326 0.11916070739 0.01381977193 10.3497338899 0.86449581252 0.71904091229 0.61913783899 0.55597653489 0.52728552270 0.50461946069 0.49541565475 0.48551455368 0.49436574688 0.48547419624 0.51082026895 0.51738983136 0.52275435969 0.56249530653 0.58827690169 0.64411135925 0.70325868343 0.78689623982 1.00224776743 -297.1316500789 0.81977675027   -3 
-- Local optimization: stuck in the same solution
---- Best joint likelihood found -297.131650078939856 with gradient 0.81978

---- Results for Mmc/483.polyDFE.config.txt 
--  Model: C
--        eps_an        lambda     theta_bar             a 
-- 0.00213229668 0.01935571591 0.01016553725            -1 
--           S_d             b           p_b           S_b 
-- -79.531660326 0.11916070739 0.01381977193 10.3497338899 
--           r 2           r 3           r 4           r 5           r 6           r 7           r 8           r 9          r 10          r 11          r 12          r 13          r 14          r 15          r 16          r 17          r 18          r 19          r 20 
-- 0.86449581252 0.71904091229 0.61913783899 0.55597653489 0.52728552270 0.50461946069 0.49541565475 0.48551455368 0.49436574688 0.48547419624 0.51082026895 0.51738983136 0.52275435969 0.56249530653 0.58827690169 0.64411135925 0.70325868343 0.78689623982 1.00224776743 

---- Expected P_neut(i), 0 < i < n (neutral SFS per site) 
E[P_neut(1)] = 0.0101447590
E[P_neut(2)] = 0.0043855097
E[P_neut(3)] = 0.0024321050
E[P_neut(4)] = 0.0015709091
E[P_neut(5)] = 0.0011287626
E[P_neut(6)] = 0.0008922612
E[P_neut(7)] = 0.0007321184
E[P_neut(8)] = 0.0006291012
E[P_neut(9)] = 0.0005481780
E[P_neut(10)] = 0.0005025493
E[P_neut(11)] = 0.0004488587
E[P_neut(12)] = 0.0004331498
E[P_neut(13)] = 0.0004052803
E[P_neut(14)] = 0.0003806726
E[P_neut(15)] = 0.0003828019
E[P_neut(16)] = 0.0003763176
E[P_neut(17)] = 0.0003895351
E[P_neut(18)] = 0.0004056893
E[P_neut(19)] = 0.0004417900

---- Expected P_sel(i), 0 < i < n (selected SFS per site) 
E[P_sel(1)] = 0.0072532448
E[P_sel(2)] = 0.0028340172
E[P_sel(3)] = 0.0014939217
E[P_sel(4)] = 0.0009341590
E[P_sel(5)] = 0.0006558269
E[P_sel(6)] = 0.0005093299
E[P_sel(7)] = 0.0004121291
E[P_sel(8)] = 0.0003502020
E[P_sel(9)] = 0.0003024271
E[P_sel(10)] = 0.0002752867
E[P_sel(11)] = 0.0002445497
E[P_sel(12)] = 0.0002351074
E[P_sel(13)] = 0.0002195376
E[P_sel(14)] = 0.0002061965
E[P_sel(15)] = 0.0002078249
E[P_sel(16)] = 0.0002054114
E[P_sel(17)] = 0.0002147224
E[P_sel(18)] = 0.0002275069
E[P_sel(19)] = 0.0002565783

---- Expected D_neut and D_sel (neutral and selected divergence per site) 
E[D_neut] = 0.0198651353
E[D_sel] = 0.0125135621

---- Expected neutral and selected misattributed polymorphism per site
E[mis_neut] = 0.0005094194
E[mis_sel] = 0.0003023179

---- alpha_div = 0.229828
---- alpha_dfe = 0.229761

