---- Running command
---- ./polyDFE -d Mmc/484.polyDFE.config.txt -m C -e 
---- Performing inference using model C

---- Performing inference on Mmc/484.polyDFE.config.txt
---- No mutation variability. Using Poisson likelihood.


---- Calculating initial values

-- Starting local optimization
-- Optimizing all parameters
  it        eps_an        lambda     theta_bar           S_d             b           p_b           S_b           r 2           r 3           r 4           r 5           r 6           r 7           r 8           r 9          r 10          r 11          r 12          r 13          r 14          r 15          r 16          r 17          r 18          r 19          r 20           ln lk          grad status 
   0           0.1 0.01928514105 0.01137243331        -20000         0.208           0.1            20 0.87460556596 0.73427840566 0.64100584124 0.58391280064 0.55672068823 0.53640681025 0.53452669370 0.52868753110 0.55200518625 0.55583449116 0.59583424117 0.61986244418 0.66984954560 0.74633313128 0.86340724109 1.10723115749 1.58249965379             1             1 -1119145.268336 23206.8658865   -2 
 943 0.00047462905 0.01931998891 0.01015412839 -85.760984659 0.11632328325 0.01418483410 9.94281708734 0.86594657281 0.72060087996 0.61951538941 0.55633268021 0.52500538237 0.50553351830 0.49230382299 0.48478141722 0.49602252355 0.48519264660 0.50981558147 0.51638564508 0.52805579681 0.55981741291 0.59128890942 0.65179781654 0.71178947363 0.83612717333 1.05765517420 -279.8075124537 0.03383318767   -3 
-- Local optimization: stuck in the same solution
---- Best joint likelihood found -279.807512453757226 with gradient 0.03383

---- Results for Mmc/484.polyDFE.config.txt 
--  Model: C
--        eps_an        lambda     theta_bar             a 
-- 0.00047462905 0.01931998891 0.01015412839            -1 
--           S_d             b           p_b           S_b 
-- -85.760984659 0.11632328325 0.01418483410 9.94281708734 
--           r 2           r 3           r 4           r 5           r 6           r 7           r 8           r 9          r 10          r 11          r 12          r 13          r 14          r 15          r 16          r 17          r 18          r 19          r 20 
-- 0.86594657281 0.72060087996 0.61951538941 0.55633268021 0.52500538237 0.50553351830 0.49230382299 0.48478141722 0.49602252355 0.48519264660 0.50981558147 0.51638564508 0.52805579681 0.55981741291 0.59128890942 0.65179781654 0.71178947363 0.83612717333 1.05765517420 

---- Expected P_neut(i), 0 < i < n (neutral SFS per site) 
E[P_neut(1)] = 0.0101495210
E[P_neut(2)] = 0.0043945702
E[P_neut(3)] = 0.0024380518
E[P_neut(4)] = 0.0015720914
E[P_neut(5)] = 0.0011294583
E[P_neut(6)] = 0.0008882554
E[P_neut(7)] = 0.0007331651
E[P_neut(8)] = 0.0006247727
E[P_neut(9)] = 0.0005469011
E[P_neut(10)] = 0.0005036676
E[P_neut(11)] = 0.0004479296
E[P_neut(12)] = 0.0004314862
E[P_neut(13)] = 0.0004034986
E[P_neut(14)] = 0.0003832361
E[P_neut(15)] = 0.0003793202
E[P_neut(16)] = 0.0003758198
E[P_neut(17)] = 0.0003902928
E[P_neut(18)] = 0.0004034295
E[P_neut(19)] = 0.0004514570

---- Expected P_sel(i), 0 < i < n (selected SFS per site) 
E[P_sel(1)] = 0.0072411650
E[P_sel(2)] = 0.0028388497
E[P_sel(3)] = 0.0014988071
E[P_sel(4)] = 0.0009363974
E[P_sel(5)] = 0.0006577152
E[P_sel(6)] = 0.0005084398
E[P_sel(7)] = 0.0004140252
E[P_sel(8)] = 0.0003490156
E[P_sel(9)] = 0.0003028751
E[P_sel(10)] = 0.0002770261
E[P_sel(11)] = 0.0002450960
E[P_sel(12)] = 0.0002352598
E[P_sel(13)] = 0.0002195902
E[P_sel(14)] = 0.0002085692
E[P_sel(15)] = 0.0002069127
E[P_sel(16)] = 0.0002060735
E[P_sel(17)] = 0.0002159909
E[P_sel(18)] = 0.0002267184
E[P_sel(19)] = 0.0002607877

---- Expected D_neut and D_sel (neutral and selected divergence per site) 
E[D_neut] = 0.0198569672
E[D_sel] = 0.0125189913

---- Expected neutral and selected misattributed polymorphism per site
E[mis_neut] = 0.0005369783
E[mis_sel] = 0.0003197492

---- alpha_div = 0.226874
---- alpha_dfe = 0.226597

