---- Running command
---- ./polyDFE -d Mmc/485.polyDFE.config.txt -m C -e 
---- Performing inference using model C

---- Performing inference on Mmc/485.polyDFE.config.txt
---- No mutation variability. Using Poisson likelihood.


---- Calculating initial values

-- Starting local optimization
-- Optimizing all parameters
  it        eps_an        lambda     theta_bar           S_d             b           p_b           S_b           r 2           r 3           r 4           r 5           r 6           r 7           r 8           r 9          r 10          r 11          r 12          r 13          r 14          r 15          r 16          r 17          r 18          r 19          r 20           ln lk          grad status 
   0           0.1 0.01930371728 0.01137455260        -20000         0.208           0.1            20 0.86989552669 0.72929136300 0.63776285144 0.57724678230 0.55134401808 0.53490319633 0.54103810980 0.52701441894 0.55836535606 0.56054525114 0.59242536506 0.62348508470 0.65783505441 0.74981859572 0.85631725816 1.10306364489 1.58222110630             1             1 -1117019.371532 23187.5308744   -2 
1066 0.00083708219 0.01930534197 0.01015519189 -88.251871773 0.11556203248 0.01624866411 8.76409584502 0.86157363062 0.71645638680 0.61692572811 0.55182426738 0.52474552150 0.50196723621 0.49586926017 0.48319021469 0.49940513223 0.48574423774 0.50648996385 0.51408155620 0.52310865645 0.56245172454 0.58538090321 0.64803575113 0.71527699314 0.81362100163 1.11964970798 -274.3713043585 0.02591173532   -8 
-- Local optimization: reached maximum number of likelihood evaluations allowed.
---- Best joint likelihood found -274.371304358501220 with gradient 0.02591

---- Results for Mmc/485.polyDFE.config.txt 
--  Model: C
--        eps_an        lambda     theta_bar             a 
-- 0.00083708219 0.01930534197 0.01015519189            -1 
--           S_d             b           p_b           S_b 
-- -88.251871773 0.11556203248 0.01624866411 8.76409584502 
--           r 2           r 3           r 4           r 5           r 6           r 7           r 8           r 9          r 10          r 11          r 12          r 13          r 14          r 15          r 16          r 17          r 18          r 19          r 20 
-- 0.86157363062 0.71645638680 0.61692572811 0.55182426738 0.52474552150 0.50196723621 0.49586926017 0.48319021469 0.49940513223 0.48574423774 0.50648996385 0.51408155620 0.52310865645 0.56245172454 0.58538090321 0.64803575113 0.71527699314 0.81362100163 1.11964970798 

---- Expected P_neut(i), 0 < i < n (neutral SFS per site) 
E[P_neut(1)] = 0.0101470552
E[P_neut(2)] = 0.0043713986
E[P_neut(3)] = 0.0024235446
E[P_neut(4)] = 0.0015652497
E[P_neut(5)] = 0.0011201568
E[P_neut(6)] = 0.0008877228
E[P_neut(7)] = 0.0007279514
E[P_neut(8)] = 0.0006292878
E[P_neut(9)] = 0.0005451289
E[P_neut(10)] = 0.0005071555
E[P_neut(11)] = 0.0004485197
E[P_neut(12)] = 0.0004287933
E[P_neut(13)] = 0.0004018578
E[P_neut(14)] = 0.0003798736
E[P_neut(15)] = 0.0003814064
E[P_neut(16)] = 0.0003725410
E[P_neut(17)] = 0.0003888195
E[P_neut(18)] = 0.0004068673
E[P_neut(19)] = 0.0004430039

---- Expected P_sel(i), 0 < i < n (selected SFS per site) 
E[P_sel(1)] = 0.0072360282
E[P_sel(2)] = 0.0028249662
E[P_sel(3)] = 0.0014913829
E[P_sel(4)] = 0.0009337168
E[P_sel(5)] = 0.0006535564
E[P_sel(6)] = 0.0005093213
E[P_sel(7)] = 0.0004122038
E[P_sel(8)] = 0.0003526388
E[P_sel(9)] = 0.0003029636
E[P_sel(10)] = 0.0002800535
E[P_sel(11)] = 0.0002465071
E[P_sel(12)] = 0.0002349430
E[P_sel(13)] = 0.0002198897
E[P_sel(14)] = 0.0002079840
E[P_sel(15)] = 0.0002094278
E[P_sel(16)] = 0.0002057557
E[P_sel(17)] = 0.0002168627
E[P_sel(18)] = 0.0002305517
E[P_sel(19)] = 0.0002580976

---- Expected D_neut and D_sel (neutral and selected divergence per site) 
E[D_neut] = 0.0198738549
E[D_sel] = 0.0125533694

---- Expected neutral and selected misattributed polymorphism per site
E[mis_neut] = 0.0005685129
E[mis_sel] = 0.0003406398

---- alpha_div = 0.229355
---- alpha_dfe = 0.229232

