---- Running command
---- ./polyDFE -d Mmc/486.polyDFE.config.txt -m C -e 
---- Performing inference using model C

---- Performing inference on Mmc/486.polyDFE.config.txt
---- No mutation variability. Using Poisson likelihood.


---- Calculating initial values

-- Starting local optimization
-- Optimizing all parameters
  it        eps_an        lambda     theta_bar           S_d             b           p_b           S_b           r 2           r 3           r 4           r 5           r 6           r 7           r 8           r 9          r 10          r 11          r 12          r 13          r 14          r 15          r 16          r 17          r 18          r 19          r 20           ln lk          grad status 
   0           0.1 0.01922575054 0.01134715330        -20000         0.208           0.1            20 0.87763062462 0.73466427789 0.64568195877 0.58641007305 0.55720870760 0.54119583465 0.53412746651 0.52593638155 0.55392992293 0.55048527177 0.59172328359 0.62893546167 0.66657964955 0.74606794206 0.86619910397 1.11440483567 1.59330851175             1             1 -1112915.741196 23097.1396722   -2 
 287 0.00348356654 0.01928577332 0.01018756909 -111.45099156 0.10385109342 0.00259415618 46.4234097693 0.86477336245 0.71788966729 0.61479252237 0.55317854675 0.52254841537 0.50338154817 0.48848584310 0.47839217549 0.49091583781 0.47934176629 0.51084474408 0.51688599625 0.52484654329 0.55852140830 0.58381350460 0.65036342860 0.70918203103 0.78743769209 0.99142859955 -316.6939901513 0.28582865661   -3 
-- Local optimization: stuck in the same solution
---- Best joint likelihood found -316.693990151325124 with gradient 0.28583

---- Results for Mmc/486.polyDFE.config.txt 
--  Model: C
--        eps_an        lambda     theta_bar             a 
-- 0.00348356654 0.01928577332 0.01018756909            -1 
--           S_d             b           p_b           S_b 
-- -111.45099156 0.10385109342 0.00259415618 46.4234097693 
--           r 2           r 3           r 4           r 5           r 6           r 7           r 8           r 9          r 10          r 11          r 12          r 13          r 14          r 15          r 16          r 17          r 18          r 19          r 20 
-- 0.86477336245 0.71788966729 0.61479252237 0.55317854675 0.52254841537 0.50338154817 0.48848584310 0.47839217549 0.49091583781 0.47934176629 0.51084474408 0.51688599625 0.52484654329 0.55852140830 0.58381350460 0.65036342860 0.70918203103 0.78743769209 0.99142859955 

---- Expected P_neut(i), 0 < i < n (neutral SFS per site) 
E[P_neut(1)] = 0.0101535508
E[P_neut(2)] = 0.0043910224
E[P_neut(3)] = 0.0024307155
E[P_neut(4)] = 0.0015616507
E[P_neut(5)] = 0.0011245040
E[P_neut(6)] = 0.0008854893
E[P_neut(7)] = 0.0007314639
E[P_neut(8)] = 0.0006214042
E[P_neut(9)] = 0.0005411771
E[P_neut(10)] = 0.0005001239
E[P_neut(11)] = 0.0004442788
E[P_neut(12)] = 0.0004343450
E[P_neut(13)] = 0.0004062035
E[P_neut(14)] = 0.0003836825
E[P_neut(15)] = 0.0003819366
E[P_neut(16)] = 0.0003758872
E[P_neut(17)] = 0.0003968772
E[P_neut(18)] = 0.0004153268
E[P_neut(19)] = 0.0004562328

---- Expected P_sel(i), 0 < i < n (selected SFS per site) 
E[P_sel(1)] = 0.0072100583
E[P_sel(2)] = 0.0028408604
E[P_sel(3)] = 0.0015014271
E[P_sel(4)] = 0.0009361750
E[P_sel(5)] = 0.0006595474
E[P_sel(6)] = 0.0005105744
E[P_sel(7)] = 0.0004159407
E[P_sel(8)] = 0.0003492671
E[P_sel(9)] = 0.0003011734
E[P_sel(10)] = 0.0002759567
E[P_sel(11)] = 0.0002433429
E[P_sel(12)] = 0.0002364036
E[P_sel(13)] = 0.0002199221
E[P_sel(14)] = 0.0002068640
E[P_sel(15)] = 0.0002053353
E[P_sel(16)] = 0.0002019006
E[P_sel(17)] = 0.0002136700
E[P_sel(18)] = 0.0002258175
E[P_sel(19)] = 0.0002573164

---- Expected D_neut and D_sel (neutral and selected divergence per site) 
E[D_neut] = 0.0197907857
E[D_sel] = 0.0124941242

---- Expected neutral and selected misattributed polymorphism per site
E[mis_neut] = 0.0005050124
E[mis_sel] = 0.0002865240

---- alpha_div = 0.190196
---- alpha_dfe = 0.190397

