---- Running command
---- ./polyDFE -d Mmc/487.polyDFE.config.txt -m C -e 
---- Performing inference using model C

---- Performing inference on Mmc/487.polyDFE.config.txt
---- No mutation variability. Using Poisson likelihood.


---- Calculating initial values

-- Starting local optimization
-- Optimizing all parameters
  it        eps_an        lambda     theta_bar           S_d             b           p_b           S_b           r 2           r 3           r 4           r 5           r 6           r 7           r 8           r 9          r 10          r 11          r 12          r 13          r 14          r 15          r 16          r 17          r 18          r 19          r 20           ln lk          grad status 
   0           0.1 0.01928326804 0.01134614173        -20000         0.208           0.1            20 0.87503387284 0.73433607634 0.64616238353 0.58190815616 0.56507173151 0.53974816847 0.53771764695 0.53846663032 0.54761063936 0.55525252450 0.59122370223 0.62535981935 0.67199305113 0.75484628745 0.86228256189 1.10944877778 1.59030962978             1             1 -1114266.815814 23130.5594604   -2 
 372 0.00423191221 0.01933977151 0.01016552518 -82.240211255 0.11689059071 0.01056360280 13.2944191801 0.86655524294 0.72067412525 0.62055619131 0.55372846760 0.53293530189 0.50469539770 0.49398830129 0.48666830716 0.49104436917 0.48491091192 0.51044527713 0.51684414037 0.52569696552 0.56185227929 0.58098714625 0.64127299954 0.69446587271 0.75625978375 1.00417163209 -287.5720717901 0.60272878379   -3 
-- Local optimization: stuck in the same solution
---- Best joint likelihood found -287.572071790156770 with gradient 0.60273

---- Results for Mmc/487.polyDFE.config.txt 
--  Model: C
--        eps_an        lambda     theta_bar             a 
-- 0.00423191221 0.01933977151 0.01016552518            -1 
--           S_d             b           p_b           S_b 
-- -82.240211255 0.11689059071 0.01056360280 13.2944191801 
--           r 2           r 3           r 4           r 5           r 6           r 7           r 8           r 9          r 10          r 11          r 12          r 13          r 14          r 15          r 16          r 17          r 18          r 19          r 20 
-- 0.86655524294 0.72067412525 0.62055619131 0.55372846760 0.53293530189 0.50469539770 0.49398830129 0.48666830716 0.49104436917 0.48491091192 0.51044527713 0.51684414037 0.52569696552 0.56185227929 0.58098714625 0.64127299954 0.69446587271 0.75625978375 1.00417163209 

---- Expected P_neut(i), 0 < i < n (neutral SFS per site) 
E[P_neut(1)] = 0.0101242179
E[P_neut(2)] = 0.0043875149
E[P_neut(3)] = 0.0024332987
E[P_neut(4)] = 0.0015719580
E[P_neut(5)] = 0.0011226353
E[P_neut(6)] = 0.0009007221
E[P_neut(7)] = 0.0007315363
E[P_neut(8)] = 0.0006268798
E[P_neut(9)] = 0.0005492634
E[P_neut(10)] = 0.0004991724
E[P_neut(11)] = 0.0004485547
E[P_neut(12)] = 0.0004332385
E[P_neut(13)] = 0.0004055446
E[P_neut(14)] = 0.0003839190
E[P_neut(15)] = 0.0003839211
E[P_neut(16)] = 0.0003742394
E[P_neut(17)] = 0.0003921749
E[P_neut(18)] = 0.0004091802
E[P_neut(19)] = 0.0004459272

---- Expected P_sel(i), 0 < i < n (selected SFS per site) 
E[P_sel(1)] = 0.0072339562
E[P_sel(2)] = 0.0028358577
E[P_sel(3)] = 0.0014955131
E[P_sel(4)] = 0.0009354398
E[P_sel(5)] = 0.0006527074
E[P_sel(6)] = 0.0005144403
E[P_sel(7)] = 0.0004119349
E[P_sel(8)] = 0.0003489736
E[P_sel(9)] = 0.0003029188
E[P_sel(10)] = 0.0002732150
E[P_sel(11)] = 0.0002440539
E[P_sel(12)] = 0.0002346895
E[P_sel(13)] = 0.0002190880
E[P_sel(14)] = 0.0002072299
E[P_sel(15)] = 0.0002075257
E[P_sel(16)] = 0.0002032394
E[P_sel(17)] = 0.0002150036
E[P_sel(18)] = 0.0002285554
E[P_sel(19)] = 0.0002605883

---- Expected D_neut and D_sel (neutral and selected divergence per site) 
E[D_neut] = 0.0198501681
E[D_sel] = 0.0125383412

---- Expected neutral and selected misattributed polymorphism per site
E[mis_neut] = 0.0005103966
E[mis_sel] = 0.0003010715

---- alpha_div = 0.223766
---- alpha_dfe = 0.223806

