---- Running command
---- ./polyDFE -d Mmc/488.polyDFE.config.txt -m C -e 
---- Performing inference using model C

---- Performing inference on Mmc/488.polyDFE.config.txt
---- No mutation variability. Using Poisson likelihood.


---- Calculating initial values

-- Starting local optimization
-- Optimizing all parameters
  it        eps_an        lambda     theta_bar           S_d             b           p_b           S_b           r 2           r 3           r 4           r 5           r 6           r 7           r 8           r 9          r 10          r 11          r 12          r 13          r 14          r 15          r 16          r 17          r 18          r 19          r 20           ln lk          grad status 
   0           0.1 0.01927321210 0.01138948859        -20000         0.208           0.1            20 0.86963334041 0.73078014774 0.64106344582 0.58440553646 0.55932963024 0.53994136134 0.53629960924 0.52451572444 0.55408622597 0.55392227632 0.59309773001 0.62605907299 0.66560734570 0.75329010849 0.86719556205 1.10451917556 1.57430418776             1             1 -1112709.339808 23123.8439892   -2 
1027 0.00103681952 0.01924511948 0.01016394419 -79.849969107 0.12325565477 0.02448067436 6.42649024287 0.86488408270 0.71858218841 0.61882009514 0.55531189683 0.52746936800 0.50886563650 0.49662426390 0.48190627411 0.49432695166 0.48294101821 0.51478597063 0.51627502738 0.52337547570 0.55806152833 0.59354286370 0.64925843562 0.70665407531 0.81176060701 1.17638168608 -288.1326445004 0.02533871072   -3 
-- Local optimization: stuck in the same solution
---- Best joint likelihood found -288.132644500481547 with gradient 0.02534

---- Results for Mmc/488.polyDFE.config.txt 
--  Model: C
--        eps_an        lambda     theta_bar             a 
-- 0.00103681952 0.01924511948 0.01016394419            -1 
--           S_d             b           p_b           S_b 
-- -79.849969107 0.12325565477 0.02448067436 6.42649024287 
--           r 2           r 3           r 4           r 5           r 6           r 7           r 8           r 9          r 10          r 11          r 12          r 13          r 14          r 15          r 16          r 17          r 18          r 19          r 20 
-- 0.86488408270 0.71858218841 0.61882009514 0.55531189683 0.52746936800 0.50886563650 0.49662426390 0.48190627411 0.49432695166 0.48294101821 0.51478597063 0.51627502738 0.52337547570 0.55806152833 0.59354286370 0.64925843562 0.70665407531 0.81176060701 1.17638168608 

---- Expected P_neut(i), 0 < i < n (neutral SFS per site) 
E[P_neut(1)] = 0.0101538563
E[P_neut(2)] = 0.0043911733
E[P_neut(3)] = 0.0024324214
E[P_neut(4)] = 0.0015711738
E[P_neut(5)] = 0.0011280535
E[P_neut(6)] = 0.0008929957
E[P_neut(7)] = 0.0007385213
E[P_neut(8)] = 0.0006307555
E[P_neut(9)] = 0.0005441282
E[P_neut(10)] = 0.0005024312
E[P_neut(11)] = 0.0004463367
E[P_neut(12)] = 0.0004362234
E[P_neut(13)] = 0.0004039930
E[P_neut(14)] = 0.0003805010
E[P_neut(15)] = 0.0003789187
E[P_neut(16)] = 0.0003782854
E[P_neut(17)] = 0.0003902997
E[P_neut(18)] = 0.0004031652
E[P_neut(19)] = 0.0004443348

---- Expected P_sel(i), 0 < i < n (selected SFS per site) 
E[P_sel(1)] = 0.0072371641
E[P_sel(2)] = 0.0028261047
E[P_sel(3)] = 0.0014879699
E[P_sel(4)] = 0.0009308253
E[P_sel(5)] = 0.0006533784
E[P_sel(6)] = 0.0005085829
E[P_sel(7)] = 0.0004151949
E[P_sel(8)] = 0.0003510740
E[P_sel(9)] = 0.0003005486
E[P_sel(10)] = 0.0002759619
E[P_sel(11)] = 0.0002442410
E[P_sel(12)] = 0.0002382617
E[P_sel(13)] = 0.0002206736
E[P_sel(14)] = 0.0002083026
E[P_sel(15)] = 0.0002084161
E[P_sel(16)] = 0.0002096962
E[P_sel(17)] = 0.0002189256
E[P_sel(18)] = 0.0002301447
E[P_sel(19)] = 0.0002608443

---- Expected D_neut and D_sel (neutral and selected divergence per site) 
E[D_neut] = 0.0198429534
E[D_sel] = 0.0125476444

---- Expected neutral and selected misattributed polymorphism per site
E[mis_neut] = 0.0005978339
E[mis_sel] = 0.0003607650

---- alpha_div = 0.256506
---- alpha_dfe = 0.256481

