---- Running command
---- ./polyDFE -d Mmc/489.polyDFE.config.txt -m C -e 
---- Performing inference using model C

---- Performing inference on Mmc/489.polyDFE.config.txt
---- No mutation variability. Using Poisson likelihood.


---- Calculating initial values

-- Starting local optimization
-- Optimizing all parameters
  it        eps_an        lambda     theta_bar           S_d             b           p_b           S_b           r 2           r 3           r 4           r 5           r 6           r 7           r 8           r 9          r 10          r 11          r 12          r 13          r 14          r 15          r 16          r 17          r 18          r 19          r 20           ln lk          grad status 
   0           0.1 0.01928726496 0.01135095664        -20000         0.208           0.1            20 0.87495930540 0.73750879966 0.64708388371 0.58644178194 0.56176866510 0.53922557128 0.54080578262 0.53768443598 0.55308311655 0.55972998294 0.59011957350 0.62017738597 0.66909031946 0.75666971991 0.86758707580 1.11521753472 1.58105346637             1             1 -1113310.251496 23149.9151683   -2 
1048 0.01265562433 0.01932736044 0.01028055365 -115.09105974 0.10292837560 0.00183669715 65.6421994124 0.86282825319 0.71682150697 0.61673435538 0.55238886334 0.52371357715 0.50190063213 0.49302567646 0.48429814980 0.49039797517 0.47740103420 0.50449739051 0.50244190788 0.51591453829 0.54528229582 0.56806374203 0.61461171439 0.62518981915 0.59111429185 1.02385511759 -322.7406000180 0.08771186997   -3 
-- Local optimization: stuck in the same solution
---- Best joint likelihood found -322.740600018034456 with gradient 0.08771

---- Results for Mmc/489.polyDFE.config.txt 
--  Model: C
--        eps_an        lambda     theta_bar             a 
-- 0.01265562433 0.01932736044 0.01028055365            -1 
--           S_d             b           p_b           S_b 
-- -115.09105974 0.10292837560 0.00183669715 65.6421994124 
--           r 2           r 3           r 4           r 5           r 6           r 7           r 8           r 9          r 10          r 11          r 12          r 13          r 14          r 15          r 16          r 17          r 18          r 19          r 20 
-- 0.86282825319 0.71682150697 0.61673435538 0.55238886334 0.52371357715 0.50190063213 0.49302567646 0.48429814980 0.49039797517 0.47740103420 0.50449739051 0.50244190788 0.51591453829 0.54528229582 0.56806374203 0.61461171439 0.62518981915 0.59111429185 1.02385511759 

---- Expected P_neut(i), 0 < i < n (neutral SFS per site) 
E[P_neut(1)] = 0.0101544946
E[P_neut(2)] = 0.0043835651
E[P_neut(3)] = 0.0024300567
E[P_neut(4)] = 0.0015696516
E[P_neut(5)] = 0.0011261284
E[P_neut(6)] = 0.0008907824
E[P_neut(7)] = 0.0007328165
E[P_neut(8)] = 0.0006310237
E[P_neut(9)] = 0.0005518514
E[P_neut(10)] = 0.0005041563
E[P_neut(11)] = 0.0004475315
E[P_neut(12)] = 0.0004347577
E[P_neut(13)] = 0.0004016371
E[P_neut(14)] = 0.0003854110
E[P_neut(15)] = 0.0003833645
E[P_neut(16)] = 0.0003804416
E[P_neut(17)] = 0.0003980633
E[P_neut(18)] = 0.0004086830
E[P_neut(19)] = 0.0004459002

---- Expected P_sel(i), 0 < i < n (selected SFS per site) 
E[P_sel(1)] = 0.0072012211
E[P_sel(2)] = 0.0028334022
E[P_sel(3)] = 0.0014999069
E[P_sel(4)] = 0.0009403562
E[P_sel(5)] = 0.0006600867
E[P_sel(6)] = 0.0005133104
E[P_sel(7)] = 0.0004164471
E[P_sel(8)] = 0.0003544397
E[P_sel(9)] = 0.0003069027
E[P_sel(10)] = 0.0002779808
E[P_sel(11)] = 0.0002449431
E[P_sel(12)] = 0.0002364514
E[P_sel(13)] = 0.0002173025
E[P_sel(14)] = 0.0002076939
E[P_sel(15)] = 0.0002060829
E[P_sel(16)] = 0.0002045680
E[P_sel(17)] = 0.0002151597
E[P_sel(18)] = 0.0002252413
E[P_sel(19)] = 0.0002645571

---- Expected D_neut and D_sel (neutral and selected divergence per site) 
E[D_neut] = 0.0198536503
E[D_sel] = 0.0125553097

---- Expected neutral and selected misattributed polymorphism per site
E[mis_neut] = 0.0005262899
E[mis_sel] = 0.0002951900

---- alpha_div = 0.190025
---- alpha_dfe = 0.190134

