---- Running command
---- ./polyDFE -d Mmc/49.polyDFE.config.txt -m C -e 
---- Performing inference using model C

---- Performing inference on Mmc/49.polyDFE.config.txt
---- No mutation variability. Using Poisson likelihood.


---- Calculating initial values

-- Starting local optimization
-- Optimizing all parameters
  it        eps_an        lambda     theta_bar           S_d             b           p_b           S_b           r 2           r 3           r 4           r 5           r 6           r 7           r 8           r 9          r 10          r 11          r 12          r 13          r 14          r 15          r 16          r 17          r 18          r 19          r 20           ln lk          grad status 
   0           0.1 0.01927025261 0.01135249271        -20000         0.208           0.1            20 0.86940437954 0.73259301251 0.64244073555 0.58308707414 0.55362428530 0.54233039473 0.54110083251 0.52981654582 0.55538335033 0.55598438800 0.59629817973 0.62895753048 0.67170228104 0.74785046250 0.85725963505 1.10926195233 1.57786353415             1             1 -1118158.193728 23175.5103021   -2 
 760 0.00142667399 0.01931006702 0.01014192175 -72.017356015 0.12584578467 0.02340491197 6.62741975402 0.86125935109 0.72053335646 0.62091919462 0.55378923927 0.52480091201 0.50710735958 0.50238808557 0.48490962134 0.49659855859 0.48467722962 0.51508113066 0.51764609293 0.53006049289 0.55833559189 0.58049452392 0.64343131261 0.70995749886 0.81105022419 1.04382963301 -274.9830544433 0.04102702651   -3 
-- Local optimization: stuck in the same solution
---- Best joint likelihood found -274.983054443393485 with gradient 0.04103

---- Results for Mmc/49.polyDFE.config.txt 
--  Model: C
--        eps_an        lambda     theta_bar             a 
-- 0.00142667399 0.01931006702 0.01014192175            -1 
--           S_d             b           p_b           S_b 
-- -72.017356015 0.12584578467 0.02340491197 6.62741975402 
--           r 2           r 3           r 4           r 5           r 6           r 7           r 8           r 9          r 10          r 11          r 12          r 13          r 14          r 15          r 16          r 17          r 18          r 19          r 20 
-- 0.86125935109 0.72053335646 0.62091919462 0.55378923927 0.52480091201 0.50710735958 0.50238808557 0.48490962134 0.49659855859 0.48467722962 0.51508113066 0.51764609293 0.53006049289 0.55833559189 0.58049452392 0.64343131261 0.70995749886 0.81105022419 1.04382963301 

---- Expected P_neut(i), 0 < i < n (neutral SFS per site) 
E[P_neut(1)] = 0.0101280702
E[P_neut(2)] = 0.0043617523
E[P_neut(3)] = 0.0024329368
E[P_neut(4)] = 0.0015726074
E[P_neut(5)] = 0.0011222334
E[P_neut(6)] = 0.0008863639
E[P_neut(7)] = 0.0007342484
E[P_neut(8)] = 0.0006366100
E[P_neut(9)] = 0.0005462930
E[P_neut(10)] = 0.0005036464
E[P_neut(11)] = 0.0004470110
E[P_neut(12)] = 0.0004356136
E[P_neut(13)] = 0.0004043125
E[P_neut(14)] = 0.0003847058
E[P_neut(15)] = 0.0003785704
E[P_neut(16)] = 0.0003696792
E[P_neut(17)] = 0.0003867881
E[P_neut(18)] = 0.0004056787
E[P_neut(19)] = 0.0004467783

---- Expected P_sel(i), 0 < i < n (selected SFS per site) 
E[P_sel(1)] = 0.0072612495
E[P_sel(2)] = 0.0028199274
E[P_sel(3)] = 0.0014933998
E[P_sel(4)] = 0.0009341126
E[P_sel(5)] = 0.0006512852
E[P_sel(6)] = 0.0005055223
E[P_sel(7)] = 0.0004131803
E[P_sel(8)] = 0.0003545108
E[P_sel(9)] = 0.0003017734
E[P_sel(10)] = 0.0002765491
E[P_sel(11)] = 0.0002444474
E[P_sel(12)] = 0.0002376830
E[P_sel(13)] = 0.0002205399
E[P_sel(14)] = 0.0002102350
E[P_sel(15)] = 0.0002077872
E[P_sel(16)] = 0.0002044333
E[P_sel(17)] = 0.0002163859
E[P_sel(18)] = 0.0002309840
E[P_sel(19)] = 0.0002619902

---- Expected D_neut and D_sel (neutral and selected divergence per site) 
E[D_neut] = 0.0198393889
E[D_sel] = 0.0125091230

---- Expected neutral and selected misattributed polymorphism per site
E[mis_neut] = 0.0005293219
E[mis_sel] = 0.0003183112

---- alpha_div = 0.253342
---- alpha_dfe = 0.253217

