---- Running command
---- ./polyDFE -d Mmc/490.polyDFE.config.txt -m C -e 
---- Performing inference using model C

---- Performing inference on Mmc/490.polyDFE.config.txt
---- No mutation variability. Using Poisson likelihood.


---- Calculating initial values

-- Starting local optimization
-- Optimizing all parameters
  it        eps_an        lambda     theta_bar           S_d             b           p_b           S_b           r 2           r 3           r 4           r 5           r 6           r 7           r 8           r 9          r 10          r 11          r 12          r 13          r 14          r 15          r 16          r 17          r 18          r 19          r 20           ln lk          grad status 
   0           0.1 0.01930857362 0.01135871484        -20000         0.208           0.1            20 0.87463732905 0.73234915717 0.64149284889 0.57832052681 0.55917672990 0.53890090519 0.54021569880 0.52907362192 0.54553916276 0.55464990349 0.59393358589 0.62792773304 0.66050094646 0.74977995819 0.86242524746 1.10900623358 1.58216023961             1             1 -1116211.214819 23162.0308550   -2 
 404 0.00486946853 0.01930327971 0.01019878711 -91.888319264 0.11149384061 0.00741121072 17.6994774050 0.86237109790 0.71642790210 0.61486765659 0.54929249187 0.52559524955 0.50275046528 0.49272279679 0.48312102997 0.48551528147 0.48101246807 0.50754511904 0.51861151622 0.51926557422 0.55775838356 0.58620852224 0.64236542785 0.67869447026 0.74561842638 1.12160055136  -294.330752586 0.26975385621   -8 
-- Local optimization: reached maximum number of likelihood evaluations allowed.
---- Best joint likelihood found -294.330752586000017 with gradient 0.26975

---- Results for Mmc/490.polyDFE.config.txt 
--  Model: C
--        eps_an        lambda     theta_bar             a 
-- 0.00486946853 0.01930327971 0.01019878711            -1 
--           S_d             b           p_b           S_b 
-- -91.888319264 0.11149384061 0.00741121072 17.6994774050 
--           r 2           r 3           r 4           r 5           r 6           r 7           r 8           r 9          r 10          r 11          r 12          r 13          r 14          r 15          r 16          r 17          r 18          r 19          r 20 
-- 0.86237109790 0.71642790210 0.61486765659 0.54929249187 0.52559524955 0.50275046528 0.49272279679 0.48312102997 0.48551528147 0.48101246807 0.50754511904 0.51861151622 0.51926557422 0.55775838356 0.58620852224 0.64236542785 0.67869447026 0.74561842638 1.12160055136 

---- Expected P_neut(i), 0 < i < n (neutral SFS per site) 
E[P_neut(1)] = 0.0101510734
E[P_neut(2)] = 0.0043780283
E[P_neut(3)] = 0.0024255819
E[P_neut(4)] = 0.0015619116
E[P_neut(5)] = 0.0011168142
E[P_neut(6)] = 0.0008908973
E[P_neut(7)] = 0.0007309065
E[P_neut(8)] = 0.0006271886
E[P_neut(9)] = 0.0005469778
E[P_neut(10)] = 0.0004951667
E[P_neut(11)] = 0.0004464709
E[P_neut(12)] = 0.0004323203
E[P_neut(13)] = 0.0004084478
E[P_neut(14)] = 0.0003807855
E[P_neut(15)] = 0.0003828398
E[P_neut(16)] = 0.0003794779
E[P_neut(17)] = 0.0003953568
E[P_neut(18)] = 0.0004040891
E[P_neut(19)] = 0.0004479455

---- Expected P_sel(i), 0 < i < n (selected SFS per site) 
E[P_sel(1)] = 0.0072394446
E[P_sel(2)] = 0.0028326556
E[P_sel(3)] = 0.0014948133
E[P_sel(4)] = 0.0009329059
E[P_sel(5)] = 0.0006521243
E[P_sel(6)] = 0.0005112033
E[P_sel(7)] = 0.0004135654
E[P_sel(8)] = 0.0003508289
E[P_sel(9)] = 0.0003030673
E[P_sel(10)] = 0.0002722080
E[P_sel(11)] = 0.0002438735
E[P_sel(12)] = 0.0002349667
E[P_sel(13)] = 0.0002212076
E[P_sel(14)] = 0.0002058428
E[P_sel(15)] = 0.0002069838
E[P_sel(16)] = 0.0002058086
E[P_sel(17)] = 0.0002160956
E[P_sel(18)] = 0.0002247834
E[P_sel(19)] = 0.0002612902

---- Expected D_neut and D_sel (neutral and selected divergence per site) 
E[D_neut] = 0.0198752280
E[D_sel] = 0.0125314051

---- Expected neutral and selected misattributed polymorphism per site
E[mis_neut] = 0.0005719483
E[mis_sel] = 0.0003345439

---- alpha_div = 0.208493
---- alpha_dfe = 0.208609

