---- Running command
---- ./polyDFE -d Mmc/491.polyDFE.config.txt -m C -e 
---- Performing inference using model C

---- Performing inference on Mmc/491.polyDFE.config.txt
---- No mutation variability. Using Poisson likelihood.


---- Calculating initial values

-- Starting local optimization
-- Optimizing all parameters
  it        eps_an        lambda     theta_bar           S_d             b           p_b           S_b           r 2           r 3           r 4           r 5           r 6           r 7           r 8           r 9          r 10          r 11          r 12          r 13          r 14          r 15          r 16          r 17          r 18          r 19          r 20           ln lk          grad status 
   0           0.1 0.01933564907 0.01137274842        -20000         0.208           0.1            20 0.87078555028 0.73335701996 0.64250532709 0.57756110798 0.55846063723 0.53405702718 0.53820469017 0.52575916520 0.55653912844 0.55553594869 0.59276878333 0.62280895138 0.66447200334 0.74839118373 0.86295920976 1.10563780385 1.58296145982             1             1 -1123171.096477 23292.8159694   -2 
 856 0.00045387307 0.01923615106 0.01015221077 -87.813413815 0.11620658286 0.01736228046 8.14502749266 0.86281193512 0.71845644959 0.62168241675 0.54978936049 0.52869880836 0.50417753821 0.49619291636 0.48338065417 0.49873136735 0.48498451996 0.50674397908 0.51626961911 0.52753331976 0.55702505043 0.58969907732 0.64930764201 0.71621376924 0.82629438132 1.32000943869 -270.9708286735 0.01255569315   -3 
-- Local optimization: stuck in the same solution
---- Best joint likelihood found -270.970828673525830 with gradient 0.01256

---- Results for Mmc/491.polyDFE.config.txt 
--  Model: C
--        eps_an        lambda     theta_bar             a 
-- 0.00045387307 0.01923615106 0.01015221077            -1 
--           S_d             b           p_b           S_b 
-- -87.813413815 0.11620658286 0.01736228046 8.14502749266 
--           r 2           r 3           r 4           r 5           r 6           r 7           r 8           r 9          r 10          r 11          r 12          r 13          r 14          r 15          r 16          r 17          r 18          r 19          r 20 
-- 0.86281193512 0.71845644959 0.62168241675 0.54978936049 0.52869880836 0.50417753821 0.49619291636 0.48338065417 0.49873136735 0.48498451996 0.50674397908 0.51626961911 0.52753331976 0.55702505043 0.58969907732 0.64930764201 0.71621376924 0.82629438132 1.32000943869 

---- Expected P_neut(i), 0 < i < n (neutral SFS per site) 
E[P_neut(1)] = 0.0101478033
E[P_neut(2)] = 0.0043779198
E[P_neut(3)] = 0.0024303796
E[P_neut(4)] = 0.0015773164
E[P_neut(5)] = 0.0011159799
E[P_neut(6)] = 0.0008943446
E[P_neut(7)] = 0.0007310678
E[P_neut(8)] = 0.0006295907
E[P_neut(9)] = 0.0005452204
E[P_neut(10)] = 0.0005063226
E[P_neut(11)] = 0.0004476502
E[P_neut(12)] = 0.0004288055
E[P_neut(13)] = 0.0004033241
E[P_neut(14)] = 0.0003827774
E[P_neut(15)] = 0.0003773379
E[P_neut(16)] = 0.0003747182
E[P_neut(17)] = 0.0003886868
E[P_neut(18)] = 0.0004057574
E[P_neut(19)] = 0.0004459187

---- Expected P_sel(i), 0 < i < n (selected SFS per site) 
E[P_sel(1)] = 0.0072346982
E[P_sel(2)] = 0.0028277338
E[P_sel(3)] = 0.0014946750
E[P_sel(4)] = 0.0009403140
E[P_sel(5)] = 0.0006507129
E[P_sel(6)] = 0.0005128212
E[P_sel(7)] = 0.0004137536
E[P_sel(8)] = 0.0003526548
E[P_sel(9)] = 0.0003029129
E[P_sel(10)] = 0.0002795328
E[P_sel(11)] = 0.0002460085
E[P_sel(12)] = 0.0002349644
E[P_sel(13)] = 0.0002207404
E[P_sel(14)] = 0.0002096527
E[P_sel(15)] = 0.0002073019
E[P_sel(16)] = 0.0002070837
E[P_sel(17)] = 0.0002169074
E[P_sel(18)] = 0.0002299340
E[P_sel(19)] = 0.0002591978

---- Expected D_neut and D_sel (neutral and selected divergence per site) 
E[D_neut] = 0.0199062018
E[D_sel] = 0.0125220222

---- Expected neutral and selected misattributed polymorphism per site
E[mis_neut] = 0.0006700507
E[mis_sel] = 0.0004010669

---- alpha_div = 0.229304
---- alpha_dfe = 0.229139

