---- Running command
---- ./polyDFE -d Mmc/492.polyDFE.config.txt -m C -e 
---- Performing inference using model C

---- Performing inference on Mmc/492.polyDFE.config.txt
---- No mutation variability. Using Poisson likelihood.


---- Calculating initial values

-- Starting local optimization
-- Optimizing all parameters
  it        eps_an        lambda     theta_bar           S_d             b           p_b           S_b           r 2           r 3           r 4           r 5           r 6           r 7           r 8           r 9          r 10          r 11          r 12          r 13          r 14          r 15          r 16          r 17          r 18          r 19          r 20           ln lk          grad status 
   0           0.1 0.01933644582 0.01137214299        -20000         0.208           0.1            20 0.87031727280 0.73470626579 0.64506383845 0.58745228510 0.55738382684 0.54744258141 0.54385782250 0.52862052203 0.55057924475 0.55504970128 0.59626585658 0.62178794261 0.66478264858 0.75399470305 0.85956413597 1.10611403115 1.58042497001             1             1 -1120365.647726 23261.8385620   -2 
 985 0.00033150595 0.01923018243 0.01014077528 -69.890191584 0.13130191110 0.02990371800 5.50094827285 0.86565988441 0.72282017828 0.62246567905 0.55977955201 0.52739672951 0.51320404527 0.49986186213 0.48907428834 0.49384700839 0.48956262936 0.51385783519 0.51346327979 0.52577963299 0.55782079062 0.58616011632 0.64683262040 0.72216303345 0.82647308160 1.33536447150 -295.0219305938 0.01880515764   -3 
-- Local optimization: stuck in the same solution
---- Best joint likelihood found -295.021930593808065 with gradient 0.01881

---- Results for Mmc/492.polyDFE.config.txt 
--  Model: C
--        eps_an        lambda     theta_bar             a 
-- 0.00033150595 0.01923018243 0.01014077528            -1 
--           S_d             b           p_b           S_b 
-- -69.890191584 0.13130191110 0.02990371800 5.50094827285 
--           r 2           r 3           r 4           r 5           r 6           r 7           r 8           r 9          r 10          r 11          r 12          r 13          r 14          r 15          r 16          r 17          r 18          r 19          r 20 
-- 0.86565988441 0.72282017828 0.62246567905 0.55977955201 0.52739672951 0.51320404527 0.49986186213 0.48907428834 0.49384700839 0.48956262936 0.51385783519 0.51346327979 0.52577963299 0.55782079062 0.58616011632 0.64683262040 0.72216303345 0.82647308160 1.33536447150 

---- Expected P_neut(i), 0 < i < n (neutral SFS per site) 
E[P_neut(1)] = 0.0101375598
E[P_neut(2)] = 0.0043879110
E[P_neut(3)] = 0.0024426369
E[P_neut(4)] = 0.0015776712
E[P_neut(5)] = 0.0011350684
E[P_neut(6)] = 0.0008911994
E[P_neut(7)] = 0.0007433559
E[P_neut(8)] = 0.0006335573
E[P_neut(9)] = 0.0005510328
E[P_neut(10)] = 0.0005007992
E[P_neut(11)] = 0.0004513553
E[P_neut(12)] = 0.0004343092
E[P_neut(13)] = 0.0004006457
E[P_neut(14)] = 0.0003810130
E[P_neut(15)] = 0.0003773670
E[P_neut(16)] = 0.0003719074
E[P_neut(17)] = 0.0003865282
E[P_neut(18)] = 0.0004081698
E[P_neut(19)] = 0.0004443249

---- Expected P_sel(i), 0 < i < n (selected SFS per site) 
E[P_sel(1)] = 0.0072458766
E[P_sel(2)] = 0.0028212099
E[P_sel(3)] = 0.0014893463
E[P_sel(4)] = 0.0009303469
E[P_sel(5)] = 0.0006538341
E[P_sel(6)] = 0.0005045069
E[P_sel(7)] = 0.0004152775
E[P_sel(8)] = 0.0003503722
E[P_sel(9)] = 0.0003024253
E[P_sel(10)] = 0.0002733658
E[P_sel(11)] = 0.0002455370
E[P_sel(12)] = 0.0002359234
E[P_sel(13)] = 0.0002177676
E[P_sel(14)] = 0.0002076835
E[P_sel(15)] = 0.0002068074
E[P_sel(16)] = 0.0002055467
E[P_sel(17)] = 0.0002162723
E[P_sel(18)] = 0.0002323905
E[P_sel(19)] = 0.0002594131

---- Expected D_neut and D_sel (neutral and selected divergence per site) 
E[D_neut] = 0.0199072640
E[D_sel] = 0.0125147767

---- Expected neutral and selected misattributed polymorphism per site
E[mis_neut] = 0.0006770816
E[mis_sel] = 0.0004075170

---- alpha_div = 0.272639
---- alpha_dfe = 0.272457

