---- Running command
---- ./polyDFE -d Mmc/493.polyDFE.config.txt -m C -e 
---- Performing inference using model C

---- Performing inference on Mmc/493.polyDFE.config.txt
---- No mutation variability. Using Poisson likelihood.


---- Calculating initial values

-- Starting local optimization
-- Optimizing all parameters
  it        eps_an        lambda     theta_bar           S_d             b           p_b           S_b           r 2           r 3           r 4           r 5           r 6           r 7           r 8           r 9          r 10          r 11          r 12          r 13          r 14          r 15          r 16          r 17          r 18          r 19          r 20           ln lk          grad status 
   0           0.1 0.01929580260 0.01133497009        -20000         0.208           0.1            20 0.87600405650 0.73660626928 0.64816209425 0.58028945089 0.55274397925 0.54587129608 0.54084560857 0.53566296531 0.55913560613 0.55545303801 0.59139803642 0.63186146103 0.65700600100 0.75179700130 0.86418840320 1.12237034583 1.58772438716             1             1 -1119892.963214 23223.6857673   -2 
 465 0.00146964856 0.01933129670 0.01012164715 -64.749313995 0.13552975130 0.03455615552 4.89012422404 0.86794016272 0.72438286990 0.62555285098 0.55461140243 0.52722019323 0.51303212146 0.49872222705 0.49024200256 0.50061206673 0.48469178029 0.51153057354 0.52123898989 0.52110677230 0.55875289832 0.58777799953 0.65384332013 0.70514568958 0.81128655370 1.06090810873 -284.0060611576 0.48874310873   -3 
-- Local optimization: stuck in the same solution
---- Best joint likelihood found -284.006061157604563 with gradient 0.48874

---- Results for Mmc/493.polyDFE.config.txt 
--  Model: C
--        eps_an        lambda     theta_bar             a 
-- 0.00146964856 0.01933129670 0.01012164715            -1 
--           S_d             b           p_b           S_b 
-- -64.749313995 0.13552975130 0.03455615552 4.89012422404 
--           r 2           r 3           r 4           r 5           r 6           r 7           r 8           r 9          r 10          r 11          r 12          r 13          r 14          r 15          r 16          r 17          r 18          r 19          r 20 
-- 0.86794016272 0.72438286990 0.62555285098 0.55461140243 0.52722019323 0.51303212146 0.49872222705 0.49024200256 0.50061206673 0.48469178029 0.51153057354 0.52123898989 0.52110677230 0.55875289832 0.58777799953 0.65384332013 0.70514568958 0.81128655370 1.06090810873 

---- Expected P_neut(i), 0 < i < n (neutral SFS per site) 
E[P_neut(1)] = 0.0101074071
E[P_neut(2)] = 0.0043866194
E[P_neut(3)] = 0.0024409629
E[P_neut(4)] = 0.0015811265
E[P_neut(5)] = 0.0011216203
E[P_neut(6)] = 0.0008886361
E[P_neut(7)] = 0.0007413248
E[P_neut(8)] = 0.0006306931
E[P_neut(9)] = 0.0005511848
E[P_neut(10)] = 0.0005067019
E[P_neut(11)] = 0.0004461438
E[P_neut(12)] = 0.0004317542
E[P_neut(13)] = 0.0004063243
E[P_neut(14)] = 0.0003775005
E[P_neut(15)] = 0.0003781292
E[P_neut(16)] = 0.0003736100
E[P_neut(17)] = 0.0003923121
E[P_neut(18)] = 0.0004023858
E[P_neut(19)] = 0.0004464273

---- Expected P_sel(i), 0 < i < n (selected SFS per site) 
E[P_sel(1)] = 0.0072512160
E[P_sel(2)] = 0.0028270823
E[P_sel(3)] = 0.0014905722
E[P_sel(4)] = 0.0009333473
E[P_sel(5)] = 0.0006465986
E[P_sel(6)] = 0.0005034124
E[P_sel(7)] = 0.0004144506
E[P_sel(8)] = 0.0003490924
E[P_sel(9)] = 0.0003028360
E[P_sel(10)] = 0.0002769649
E[P_sel(11)] = 0.0002431169
E[P_sel(12)] = 0.0002350315
E[P_sel(13)] = 0.0002214223
E[P_sel(14)] = 0.0002064019
E[P_sel(15)] = 0.0002079721
E[P_sel(16)] = 0.0002073490
E[P_sel(17)] = 0.0002205572
E[P_sel(18)] = 0.0002304252
E[P_sel(19)] = 0.0002631045

---- Expected D_neut and D_sel (neutral and selected divergence per site) 
E[D_neut] = 0.0198682036
E[D_sel] = 0.0124910007

---- Expected neutral and selected misattributed polymorphism per site
E[mis_neut] = 0.0005369069
E[mis_sel] = 0.0003239649

---- alpha_div = 0.283121
---- alpha_dfe = 0.282641

