---- Running command
---- ./polyDFE -d Mmc/494.polyDFE.config.txt -m C -e 
---- Performing inference using model C

---- Performing inference on Mmc/494.polyDFE.config.txt
---- No mutation variability. Using Poisson likelihood.


---- Calculating initial values

-- Starting local optimization
-- Optimizing all parameters
  it        eps_an        lambda     theta_bar           S_d             b           p_b           S_b           r 2           r 3           r 4           r 5           r 6           r 7           r 8           r 9          r 10          r 11          r 12          r 13          r 14          r 15          r 16          r 17          r 18          r 19          r 20           ln lk          grad status 
   0           0.1 0.01930945009 0.01134672806        -20000         0.208           0.1            20 0.87371330943 0.73168442292 0.63906999825 0.58506026130 0.56148247282 0.53948513962 0.53822641241 0.52786352010 0.55067699832 0.55571781119 0.59565172757 0.62835419081 0.66770075910 0.74768521541 0.86394100724 1.09617008344 1.59493970956             1             1 -1117979.586261 23185.9845871   -2 
 765 0.00017115921 0.01929316188 0.01012518835 -73.643779894 0.12500761202 0.02425803082 6.39048685122 0.86532484644 0.72020592621 0.61760286829 0.55555547034 0.53021824920 0.50855404851 0.49722791736 0.48169545695 0.49442246450 0.48878063602 0.51333329057 0.52061064887 0.52565796295 0.55921295017 0.59371262181 0.64086229634 0.72527014552 0.84037915812 1.15709189683 -275.3107799205 0.00589108841   -3 
-- Local optimization: stuck in the same solution
---- Best joint likelihood found -275.310779920546338 with gradient 0.00589

---- Results for Mmc/494.polyDFE.config.txt 
--  Model: C
--        eps_an        lambda     theta_bar             a 
-- 0.00017115921 0.01929316188 0.01012518835            -1 
--           S_d             b           p_b           S_b 
-- -73.643779894 0.12500761202 0.02425803082 6.39048685122 
--           r 2           r 3           r 4           r 5           r 6           r 7           r 8           r 9          r 10          r 11          r 12          r 13          r 14          r 15          r 16          r 17          r 18          r 19          r 20 
-- 0.86532484644 0.72020592621 0.61760286829 0.55555547034 0.53021824920 0.50855404851 0.49722791736 0.48169545695 0.49442246450 0.48878063602 0.51333329057 0.52061064887 0.52565796295 0.55921295017 0.59371262181 0.64086229634 0.72527014552 0.84037915812 1.15709189683 

---- Expected P_neut(i), 0 < i < n (neutral SFS per site) 
E[P_neut(1)] = 0.0101235320
E[P_neut(2)] = 0.0043801085
E[P_neut(3)] = 0.0024303895
E[P_neut(4)] = 0.0015631331
E[P_neut(5)] = 0.0011248928
E[P_neut(6)] = 0.0008946719
E[P_neut(7)] = 0.0007355443
E[P_neut(8)] = 0.0006292822
E[P_neut(9)] = 0.0005419017
E[P_neut(10)] = 0.0005006121
E[P_neut(11)] = 0.0004499245
E[P_neut(12)] = 0.0004331666
E[P_neut(13)] = 0.0004055396
E[P_neut(14)] = 0.0003802585
E[P_neut(15)] = 0.0003776037
E[P_neut(16)] = 0.0003759190
E[P_neut(17)] = 0.0003820479
E[P_neut(18)] = 0.0004086520
E[P_neut(19)] = 0.0004494983

---- Expected P_sel(i), 0 < i < n (selected SFS per site) 
E[P_sel(1)] = 0.0072541933
E[P_sel(2)] = 0.0028320930
E[P_sel(3)] = 0.0014926596
E[P_sel(4)] = 0.0009293043
E[P_sel(5)] = 0.0006535795
E[P_sel(6)] = 0.0005109643
E[P_sel(7)] = 0.0004145650
E[P_sel(8)] = 0.0003510508
E[P_sel(9)] = 0.0002999302
E[P_sel(10)] = 0.0002754632
E[P_sel(11)] = 0.0002465981
E[P_sel(12)] = 0.0002369172
E[P_sel(13)] = 0.0002217699
E[P_sel(14)] = 0.0002083510
E[P_sel(15)] = 0.0002078104
E[P_sel(16)] = 0.0002084207
E[P_sel(17)] = 0.0002142123
E[P_sel(18)] = 0.0002329215
E[P_sel(19)] = 0.0002625115

---- Expected D_neut and D_sel (neutral and selected divergence per site) 
E[D_neut] = 0.0198789506
E[D_sel] = 0.0125408411

---- Expected neutral and selected misattributed polymorphism per site
E[mis_neut] = 0.0005857887
E[mis_sel] = 0.0003529711

---- alpha_div = 0.253598
---- alpha_dfe = 0.253416

