---- Running command
---- ./polyDFE -d Mmc/495.polyDFE.config.txt -m C -e 
---- Performing inference using model C

---- Performing inference on Mmc/495.polyDFE.config.txt
---- No mutation variability. Using Poisson likelihood.


---- Calculating initial values

-- Starting local optimization
-- Optimizing all parameters
  it        eps_an        lambda     theta_bar           S_d             b           p_b           S_b           r 2           r 3           r 4           r 5           r 6           r 7           r 8           r 9          r 10          r 11          r 12          r 13          r 14          r 15          r 16          r 17          r 18          r 19          r 20           ln lk          grad status 
   0           0.1 0.01927286734 0.01133177966        -20000         0.208           0.1            20 0.87391279909 0.73580739530 0.64681649876 0.58285833974 0.56090443334 0.54006693392 0.53580870409 0.53744847185 0.54635005038 0.55452804761 0.59857385822 0.62820431047 0.66637129599 0.75337295551 0.87509186781 1.12488747375 1.60149268141             1             1 -1116902.431466 23160.2087663   -2 
 554 0.00098382069 0.01931452227 0.01012701367 -76.398756518 0.12178758926 0.01867017438 7.98019174388 0.86366384622 0.72194560808 0.62053116566 0.55612464651 0.52954102478 0.51141759075 0.49685148742 0.48932958231 0.49030289016 0.48283036612 0.51381851621 0.52269516381 0.52770101929 0.56358642181 0.59806223824 0.65661013702 0.72441164938 0.82182251915 1.03996091792 -274.4635030744 0.04793821593   -3 
-- Local optimization: stuck in the same solution
---- Best joint likelihood found -274.463503074483015 with gradient 0.04794

---- Results for Mmc/495.polyDFE.config.txt 
--  Model: C
--        eps_an        lambda     theta_bar             a 
-- 0.00098382069 0.01931452227 0.01012701367            -1 
--           S_d             b           p_b           S_b 
-- -76.398756518 0.12178758926 0.01867017438 7.98019174388 
--           r 2           r 3           r 4           r 5           r 6           r 7           r 8           r 9          r 10          r 11          r 12          r 13          r 14          r 15          r 16          r 17          r 18          r 19          r 20 
-- 0.86366384622 0.72194560808 0.62053116566 0.55612464651 0.52954102478 0.51141759075 0.49685148742 0.48932958231 0.49030289016 0.48283036612 0.51381851621 0.52269516381 0.52770101929 0.56358642181 0.59806223824 0.65661013702 0.72441164938 0.82182251915 1.03996091792 

---- Expected P_neut(i), 0 < i < n (neutral SFS per site) 
E[P_neut(1)] = 0.0101174815
E[P_neut(2)] = 0.0043692663
E[P_neut(3)] = 0.0024350382
E[P_neut(4)] = 0.0015698587
E[P_neut(5)] = 0.0011256426
E[P_neut(6)] = 0.0008932744
E[P_neut(7)] = 0.0007395488
E[P_neut(8)] = 0.0006287606
E[P_neut(9)] = 0.0005505009
E[P_neut(10)] = 0.0004965304
E[P_neut(11)] = 0.0004446162
E[P_neut(12)] = 0.0004338128
E[P_neut(13)] = 0.0004075074
E[P_neut(14)] = 0.0003822206
E[P_neut(15)] = 0.0003812303
E[P_neut(16)] = 0.0003797097
E[P_neut(17)] = 0.0003931599
E[P_neut(18)] = 0.0004114640
E[P_neut(19)] = 0.0004475642

---- Expected P_sel(i), 0 < i < n (selected SFS per site) 
E[P_sel(1)] = 0.0072450431
E[P_sel(2)] = 0.0028259934
E[P_sel(3)] = 0.0014966246
E[P_sel(4)] = 0.0009340863
E[P_sel(5)] = 0.0006545013
E[P_sel(6)] = 0.0005104269
E[P_sel(7)] = 0.0004168920
E[P_sel(8)] = 0.0003506644
E[P_sel(9)] = 0.0003044453
E[P_sel(10)] = 0.0002728286
E[P_sel(11)] = 0.0002431695
E[P_sel(12)] = 0.0002365765
E[P_sel(13)] = 0.0002219990
E[P_sel(14)] = 0.0002084336
E[P_sel(15)] = 0.0002086083
E[P_sel(16)] = 0.0002091310
E[P_sel(17)] = 0.0002188489
E[P_sel(18)] = 0.0002329030
E[P_sel(19)] = 0.0002607008

---- Expected D_neut and D_sel (neutral and selected divergence per site) 
E[D_neut] = 0.0198411072
E[D_sel] = 0.0125199142

---- Expected neutral and selected misattributed polymorphism per site
E[mis_neut] = 0.0005265849
E[mis_sel] = 0.0003154579

---- alpha_div = 0.241074
---- alpha_dfe = 0.240929

