---- Running command
---- ./polyDFE -d Mmc/496.polyDFE.config.txt -m C -e 
---- Performing inference using model C

---- Performing inference on Mmc/496.polyDFE.config.txt
---- No mutation variability. Using Poisson likelihood.


---- Calculating initial values

-- Starting local optimization
-- Optimizing all parameters
  it        eps_an        lambda     theta_bar           S_d             b           p_b           S_b           r 2           r 3           r 4           r 5           r 6           r 7           r 8           r 9          r 10          r 11          r 12          r 13          r 14          r 15          r 16          r 17          r 18          r 19          r 20           ln lk          grad status 
   0           0.1 0.01928337547 0.01135224612        -20000         0.208           0.1            20 0.87443283899  0.7380410036 0.64874462548 0.58231813536 0.55995342539 0.53962809165 0.53998438398 0.53147845624 0.55616175404 0.56082872746 0.59493255876 0.62314515680 0.67433685232 0.74882845013 0.87202653071 1.11104332706 1.58383246930             1             1 -1116404.982963 23165.9693838   -2 
 820 0.00102341763 0.01932851331 0.01013605030 -68.644881223 0.12989986760 0.02676105916 6.10166137269 0.86740823890 0.72311136946 0.62766260923 0.55750364092 0.52983052058 0.50977826304 0.49584017813 0.48632656499 0.49602342008 0.48935609447 0.51297034111 0.51878770103 0.52951143493 0.55909998083 0.59488828985 0.64483045700 0.71080560213 0.82097080726 1.03584018848 -272.8256821632 0.06397801270   -3 
-- Local optimization: stuck in the same solution
---- Best joint likelihood found -272.825682163282181 with gradient 0.06398

---- Results for Mmc/496.polyDFE.config.txt 
--  Model: C
--        eps_an        lambda     theta_bar             a 
-- 0.00102341763 0.01932851331 0.01013605030            -1 
--           S_d             b           p_b           S_b 
-- -68.644881223 0.12989986760 0.02676105916 6.10166137269 
--           r 2           r 3           r 4           r 5           r 6           r 7           r 8           r 9          r 10          r 11          r 12          r 13          r 14          r 15          r 16          r 17          r 18          r 19          r 20 
-- 0.86740823890 0.72311136946 0.62766260923 0.55750364092 0.52983052058 0.50977826304 0.49584017813 0.48632656499 0.49602342008 0.48935609447 0.51297034111 0.51878770103 0.52951143493 0.55909998083 0.59488828985 0.64483045700 0.71080560213 0.82097080726 1.03584018848 

---- Expected P_neut(i), 0 < i < n (neutral SFS per site) 
E[P_neut(1)] = 0.0101261251
E[P_neut(2)] = 0.0043919574
E[P_neut(3)] = 0.0024410575
E[P_neut(4)] = 0.0015892629
E[P_neut(5)] = 0.0011294070
E[P_neut(6)] = 0.0008945411
E[P_neut(7)] = 0.0007378211
E[P_neut(8)] = 0.0006280331
E[P_neut(9)] = 0.0005476154
E[P_neut(10)] = 0.0005027718
E[P_neut(11)] = 0.0004510207
E[P_neut(12)] = 0.0004334906
E[P_neut(13)] = 0.0004048383
E[P_neut(14)] = 0.0003838919
E[P_neut(15)] = 0.0003785744
E[P_neut(16)] = 0.0003781057
E[P_neut(17)] = 0.0003865795
E[P_neut(18)] = 0.0004043539
E[P_neut(19)] = 0.0004478937

---- Expected P_sel(i), 0 < i < n (selected SFS per site) 
E[P_sel(1)] = 0.0072585088
E[P_sel(2)] = 0.0028335330
E[P_sel(3)] = 0.0014936850
E[P_sel(4)] = 0.0009404882
E[P_sel(5)] = 0.0006527918
E[P_sel(6)] = 0.0005080394
E[P_sel(7)] = 0.0004134329
E[P_sel(8)] = 0.0003482814
E[P_sel(9)] = 0.0003012990
E[P_sel(10)] = 0.0002750409
E[P_sel(11)] = 0.0002458066
E[P_sel(12)] = 0.0002358272
E[P_sel(13)] = 0.0002202900
E[P_sel(14)] = 0.0002094077
E[P_sel(15)] = 0.0002075540
E[P_sel(16)] = 0.0002090113
E[P_sel(17)] = 0.0002163474
E[P_sel(18)] = 0.0002304312
E[P_sel(19)] = 0.0002626151

---- Expected D_neut and D_sel (neutral and selected divergence per site) 
E[D_neut] = 0.0198534797
E[D_sel] = 0.0125470959

---- Expected neutral and selected misattributed polymorphism per site
E[mis_neut] = 0.0005249664
E[mis_sel] = 0.0003165651

---- alpha_div = 0.267422
---- alpha_dfe = 0.267220

