---- Running command
---- ./polyDFE -d Mmc/497.polyDFE.config.txt -m C -e 
---- Performing inference using model C

---- Performing inference on Mmc/497.polyDFE.config.txt
---- No mutation variability. Using Poisson likelihood.


---- Calculating initial values

-- Starting local optimization
-- Optimizing all parameters
  it        eps_an        lambda     theta_bar           S_d             b           p_b           S_b           r 2           r 3           r 4           r 5           r 6           r 7           r 8           r 9          r 10          r 11          r 12          r 13          r 14          r 15          r 16          r 17          r 18          r 19          r 20           ln lk          grad status 
   0           0.1 0.01925439907 0.01138032810        -20000         0.208           0.1            20 0.87461031065 0.73346979408 0.64491339228 0.58660206459 0.56288861592 0.53870481391 0.53628857039 0.53293034084 0.55248074926 0.55505345665 0.59409222930 0.62237320409 0.66530134867 0.75154227900 0.86608204900 1.11116092950 1.57981917423             1             1 -1113842.380316 23115.0265057   -2 
 656 0.00048647921 0.01930130430 0.01016116204 -79.038548018 0.12226516854 0.02156257017 7.16013242989 0.86612056744 0.72008041564 0.62089337950 0.55838520977 0.53429881194 0.51061159989 0.49328958091 0.48779867139 0.49542519669 0.48374477298 0.51089164417 0.51408794531 0.52635181358 0.56003702583 0.59146127544 0.65273306173 0.71010521380 0.82822835705 1.03258591310 -277.6791341114 0.04409888409   -3 
-- Local optimization: stuck in the same solution
---- Best joint likelihood found -277.679134111458552 with gradient 0.04410

---- Results for Mmc/497.polyDFE.config.txt 
--  Model: C
--        eps_an        lambda     theta_bar             a 
-- 0.00048647921 0.01930130430 0.01016116204            -1 
--           S_d             b           p_b           S_b 
-- -79.038548018 0.12226516854 0.02156257017 7.16013242989 
--           r 2           r 3           r 4           r 5           r 6           r 7           r 8           r 9          r 10          r 11          r 12          r 13          r 14          r 15          r 16          r 17          r 18          r 19          r 20 
-- 0.86612056744 0.72008041564 0.62089337950 0.55838520977 0.53429881194 0.51061159989 0.49328958091 0.48779867139 0.49542519669 0.48374477298 0.51089164417 0.51408794531 0.52635181358 0.56003702583 0.59146127544 0.65273306173 0.71010521380 0.82822835705 1.03258591310 

---- Expected P_neut(i), 0 < i < n (neutral SFS per site) 
E[P_neut(1)] = 0.0101564343
E[P_neut(2)] = 0.0043984500
E[P_neut(3)] = 0.0024379546
E[P_neut(4)] = 0.0015766650
E[P_neut(5)] = 0.0011344010
E[P_neut(6)] = 0.0009045951
E[P_neut(7)] = 0.0007410359
E[P_neut(8)] = 0.0006264551
E[P_neut(9)] = 0.0005506829
E[P_neut(10)] = 0.0005034096
E[P_neut(11)] = 0.0004469059
E[P_neut(12)] = 0.0004326987
E[P_neut(13)] = 0.0004019906
E[P_neut(14)] = 0.0003822791
E[P_neut(15)] = 0.0003797426
E[P_neut(16)] = 0.0003762054
E[P_neut(17)] = 0.0003911453
E[P_neut(18)] = 0.0004028065
E[P_neut(19)] = 0.0004476626

---- Expected P_sel(i), 0 < i < n (selected SFS per site) 
E[P_sel(1)] = 0.0072502818
E[P_sel(2)] = 0.0028358883
E[P_sel(3)] = 0.0014940082
E[P_sel(4)] = 0.0009356267
E[P_sel(5)] = 0.0006580258
E[P_sel(6)] = 0.0005158349
E[P_sel(7)] = 0.0004170213
E[P_sel(8)] = 0.0003489212
E[P_sel(9)] = 0.0003042764
E[P_sel(10)] = 0.0002764926
E[P_sel(11)] = 0.0002444446
E[P_sel(12)] = 0.0002361240
E[P_sel(13)] = 0.0002192724
E[P_sel(14)] = 0.0002088702
E[P_sel(15)] = 0.0002083458
E[P_sel(16)] = 0.0002078988
E[P_sel(17)] = 0.0002185942
E[P_sel(18)] = 0.0002289503
E[P_sel(19)] = 0.0002613002

---- Expected D_neut and D_sel (neutral and selected divergence per site) 
E[D_neut] = 0.0198259179
E[D_sel] = 0.0125458309

---- Expected neutral and selected misattributed polymorphism per site
E[mis_neut] = 0.0005246136
E[mis_sel] = 0.0003158435

---- alpha_div = 0.250345
---- alpha_dfe = 0.250136

