---- Running command
---- ./polyDFE -d Mmc/498.polyDFE.config.txt -m C -e 
---- Performing inference using model C

---- Performing inference on Mmc/498.polyDFE.config.txt
---- No mutation variability. Using Poisson likelihood.


---- Calculating initial values

-- Starting local optimization
-- Optimizing all parameters
  it        eps_an        lambda     theta_bar           S_d             b           p_b           S_b           r 2           r 3           r 4           r 5           r 6           r 7           r 8           r 9          r 10          r 11          r 12          r 13          r 14          r 15          r 16          r 17          r 18          r 19          r 20           ln lk          grad status 
   0           0.1 0.01925846891 0.01136989052        -20000         0.208           0.1            20 0.87134857945 0.73433646554 0.63931404085 0.57947150763 0.55587834933 0.53774193007 0.54369321788 0.53151273768 0.55154046407 0.55324972972 0.59257674574 0.62687822441 0.67017344975 0.74407505241 0.86429104821 1.10559980252 1.56655482053             1             1 -1117340.985780 23155.2166175   -2 
 287 0.00487332542 0.01927272089 0.01020223892 -87.049428764 0.11525935002 0.01292240163 10.7289149057 0.86349039971 0.71868206672 0.61236832091 0.55186967434 0.52332693143 0.50260913206 0.49629207373 0.48290416406 0.49189969195 0.48012087596 0.50924500509 0.51509837013 0.52135480279 0.55693258999 0.58259756440 0.63529126653 0.66934277434 0.73605307047 1.08714861725 -297.2096373806 0.20335900491   -8 
-- Local optimization: reached maximum number of likelihood evaluations allowed.
---- Best joint likelihood found -297.209637380627100 with gradient 0.20336

---- Results for Mmc/498.polyDFE.config.txt 
--  Model: C
--        eps_an        lambda     theta_bar             a 
-- 0.00487332542 0.01927272089 0.01020223892            -1 
--           S_d             b           p_b           S_b 
-- -87.049428764 0.11525935002 0.01292240163 10.7289149057 
--           r 2           r 3           r 4           r 5           r 6           r 7           r 8           r 9          r 10          r 11          r 12          r 13          r 14          r 15          r 16          r 17          r 18          r 19          r 20 
-- 0.86349039971 0.71868206672 0.61236832091 0.55186967434 0.52332693143 0.50260913206 0.49629207373 0.48290416406 0.49189969195 0.48012087596 0.50924500509 0.51509837013 0.52135480279 0.55693258999 0.58259756440 0.63529126653 0.66934277434 0.73605307047 1.08714861725 

---- Expected P_neut(i), 0 < i < n (neutral SFS per site) 
E[P_neut(1)] = 0.0101544462
E[P_neut(2)] = 0.0043851506
E[P_neut(3)] = 0.0024340027
E[P_neut(4)] = 0.0015560808
E[P_neut(5)] = 0.0011224196
E[P_neut(6)] = 0.0008873660
E[P_neut(7)] = 0.0007309342
E[P_neut(8)] = 0.0006319368
E[P_neut(9)] = 0.0005469139
E[P_neut(10)] = 0.0005018478
E[P_neut(11)] = 0.0004457983
E[P_neut(12)] = 0.0004339277
E[P_neut(13)] = 0.0004058427
E[P_neut(14)] = 0.0003824126
E[P_neut(15)] = 0.0003824390
E[P_neut(16)] = 0.0003772887
E[P_neut(17)] = 0.0003913111
E[P_neut(18)] = 0.0003989945
E[P_neut(19)] = 0.0004430238

---- Expected P_sel(i), 0 < i < n (selected SFS per site) 
E[P_sel(1)] = 0.0072444312
E[P_sel(2)] = 0.0028339834
E[P_sel(3)] = 0.0014972836
E[P_sel(4)] = 0.0009275443
E[P_sel(5)] = 0.0006541128
E[P_sel(6)] = 0.0005083079
E[P_sel(7)] = 0.0004130492
E[P_sel(8)] = 0.0003532326
E[P_sel(9)] = 0.0003030362
E[P_sel(10)] = 0.0002761317
E[P_sel(11)] = 0.0002439906
E[P_sel(12)] = 0.0002366143
E[P_sel(13)] = 0.0002208555
E[P_sel(14)] = 0.0002080899
E[P_sel(15)] = 0.0002085744
E[P_sel(16)] = 0.0002068970
E[P_sel(17)] = 0.0002168022
E[P_sel(18)] = 0.0002253694
E[P_sel(19)] = 0.0002616223

---- Expected D_neut and D_sel (neutral and selected divergence per site) 
E[D_neut] = 0.0198272884
E[D_sel] = 0.0124935289

---- Expected neutral and selected misattributed polymorphism per site
E[mis_neut] = 0.0005545675
E[mis_sel] = 0.0003294394

---- alpha_div = 0.222455
---- alpha_dfe = 0.222425

