---- Running command
---- ./polyDFE -d Mmc/499.polyDFE.config.txt -m C -e 
---- Performing inference using model C

---- Performing inference on Mmc/499.polyDFE.config.txt
---- No mutation variability. Using Poisson likelihood.


---- Calculating initial values

-- Starting local optimization
-- Optimizing all parameters
  it        eps_an        lambda     theta_bar           S_d             b           p_b           S_b           r 2           r 3           r 4           r 5           r 6           r 7           r 8           r 9          r 10          r 11          r 12          r 13          r 14          r 15          r 16          r 17          r 18          r 19          r 20           ln lk          grad status 
   0           0.1 0.01932875592 0.01137856777        -20000         0.208           0.1            20 0.87350093476 0.72764810595 0.63858208719 0.58237792412 0.55858421008 0.54211602277 0.53452030441 0.53258770069 0.55342147889 0.55693307456 0.58974592488 0.62450861531 0.66299190432 0.74712063312 0.86216968977 1.10345920992 1.59133239509             1             1 -1123412.645270 23300.1131071   -2 
 754 0.00135805538 0.01936478748 0.01015896199 -86.572400239 0.11671310288 0.01749327511 8.10045266324 0.86649088753 0.71868762791 0.61719835967 0.55629936700 0.52699007244 0.50714943572 0.49294413742 0.48593915481 0.49408139648 0.48571633032 0.50875618575 0.51354977088 0.52384641347 0.55453197135 0.58866110985 0.64818133018 0.71408900227 0.81985015100 1.05161693873 -277.8041062308 0.07930151673   -3 
-- Local optimization: stuck in the same solution
---- Best joint likelihood found -277.804106230818434 with gradient 0.07930

---- Results for Mmc/499.polyDFE.config.txt 
--  Model: C
--        eps_an        lambda     theta_bar             a 
-- 0.00135805538 0.01936478748 0.01015896199            -1 
--           S_d             b           p_b           S_b 
-- -86.572400239 0.11671310288 0.01749327511 8.10045266324 
--           r 2           r 3           r 4           r 5           r 6           r 7           r 8           r 9          r 10          r 11          r 12          r 13          r 14          r 15          r 16          r 17          r 18          r 19          r 20 
-- 0.86649088753 0.71868762791 0.61719835967 0.55629936700 0.52699007244 0.50714943572 0.49294413742 0.48593915481 0.49408139648 0.48571633032 0.50875618575 0.51354977088 0.52384641347 0.55453197135 0.58866110985 0.64818133018 0.71408900227 0.81985015100 1.05161693873 

---- Expected P_neut(i), 0 < i < n (neutral SFS per site) 
E[P_neut(1)] = 0.0101457609
E[P_neut(2)] = 0.0043958941
E[P_neut(3)] = 0.0024309277
E[P_neut(4)] = 0.0015659025
E[P_neut(5)] = 0.0011292599
E[P_neut(6)] = 0.0008915832
E[P_neut(7)] = 0.0007355614
E[P_neut(8)] = 0.0006257099
E[P_neut(9)] = 0.0005483795
E[P_neut(10)] = 0.0005019354
E[P_neut(11)] = 0.0004487151
E[P_neut(12)] = 0.0004309681
E[P_neut(13)] = 0.0004017724
E[P_neut(14)] = 0.0003808195
E[P_neut(15)] = 0.0003765896
E[P_neut(16)] = 0.0003753828
E[P_neut(17)] = 0.0003901232
E[P_neut(18)] = 0.0004084523
E[P_neut(19)] = 0.0004515604

---- Expected P_sel(i), 0 < i < n (selected SFS per site) 
E[P_sel(1)] = 0.0072369308
E[P_sel(2)] = 0.0028399985
E[P_sel(3)] = 0.0014950841
E[P_sel(4)] = 0.0009334425
E[P_sel(5)] = 0.0006583532
E[P_sel(6)] = 0.0005111265
E[P_sel(7)] = 0.0004161875
E[P_sel(8)] = 0.0003503777
E[P_sel(9)] = 0.0003045722
E[P_sel(10)] = 0.0002770209
E[P_sel(11)] = 0.0002465144
E[P_sel(12)] = 0.0002360767
E[P_sel(13)] = 0.0002198304
E[P_sel(14)] = 0.0002085339
E[P_sel(15)] = 0.0002068623
E[P_sel(16)] = 0.0002074541
E[P_sel(17)] = 0.0002177794
E[P_sel(18)] = 0.0002317264
E[P_sel(19)] = 0.0002636377

---- Expected D_neut and D_sel (neutral and selected divergence per site) 
E[D_neut] = 0.0198989543
E[D_sel] = 0.0125181087

---- Expected neutral and selected misattributed polymorphism per site
E[mis_neut] = 0.0005341668
E[mis_sel] = 0.0003196651

---- alpha_div = 0.229829
---- alpha_dfe = 0.229720

