---- Running command
---- ./polyDFE -d Mmc/5.polyDFE.config.txt -m C -e 
---- Performing inference using model C

---- Performing inference on Mmc/5.polyDFE.config.txt
---- No mutation variability. Using Poisson likelihood.


---- Calculating initial values

-- Starting local optimization
-- Optimizing all parameters
  it        eps_an        lambda     theta_bar           S_d             b           p_b           S_b           r 2           r 3           r 4           r 5           r 6           r 7           r 8           r 9          r 10          r 11          r 12          r 13          r 14          r 15          r 16          r 17          r 18          r 19          r 20           ln lk          grad status 
   0           0.1 0.01930693280 0.01136868208        -20000         0.208           0.1            20 0.86774544064 0.73215727741 0.64535934737 0.58004183156 0.56265468274 0.53206444398 0.53228648811 0.52633675425 0.55208766797 0.55523252871 0.58939730031 0.62247491064 0.65776129470 0.75139640510 0.87007943616 1.11164045530 1.56533849671             1             1 -1120851.689729 23256.2244360   -2 
1018 0.00091691459 0.01933522800 0.01014985860 -82.041540069 0.12004639932 0.02071701752 7.12855393270 0.86198688631 0.71702546844 0.62145628468 0.55395787485 0.53010941247 0.50399445196 0.49047344644 0.48272146593 0.49695181073 0.48500709821 0.51368102395 0.51292913991 0.51719197081 0.55616531101 0.59184008813 0.65201720815 0.70135053999 0.82379465612 1.06779700235 -289.1564670982 0.04375066799   -3 
-- Local optimization: stuck in the same solution
---- Best joint likelihood found -289.156467098204303 with gradient 0.04375

---- Results for Mmc/5.polyDFE.config.txt 
--  Model: C
--        eps_an        lambda     theta_bar             a 
-- 0.00091691459 0.01933522800 0.01014985860            -1 
--           S_d             b           p_b           S_b 
-- -82.041540069 0.12004639932 0.02071701752 7.12855393270 
--           r 2           r 3           r 4           r 5           r 6           r 7           r 8           r 9          r 10          r 11          r 12          r 13          r 14          r 15          r 16          r 17          r 18          r 19          r 20 
-- 0.86198688631 0.71702546844 0.62145628468 0.55395787485 0.53010941247 0.50399445196 0.49047344644 0.48272146593 0.49695181073 0.48500709821 0.51368102395 0.51292913991 0.51719197081 0.55616531101 0.59184008813 0.65201720815 0.70135053999 0.82379465612 1.06779700235 

---- Expected P_neut(i), 0 < i < n (neutral SFS per site) 
E[P_neut(1)] = 0.0101409556
E[P_neut(2)] = 0.0043708741
E[P_neut(3)] = 0.0024240350
E[P_neut(4)] = 0.0015758217
E[P_neut(5)] = 0.0011238328
E[P_neut(6)] = 0.0008962775
E[P_neut(7)] = 0.0007304789
E[P_neut(8)] = 0.0006221073
E[P_neut(9)] = 0.0005443061
E[P_neut(10)] = 0.0005043991
E[P_neut(11)] = 0.0004476119
E[P_neut(12)] = 0.0004346547
E[P_neut(13)] = 0.0004007766
E[P_neut(14)] = 0.0003754374
E[P_neut(15)] = 0.0003770193
E[P_neut(16)] = 0.0003765450
E[P_neut(17)] = 0.0003911546
E[P_neut(18)] = 0.0003991267
E[P_neut(19)] = 0.0004489767

---- Expected P_sel(i), 0 < i < n (selected SFS per site) 
E[P_sel(1)] = 0.0072380123
E[P_sel(2)] = 0.0028211680
E[P_sel(3)] = 0.0014881840
E[P_sel(4)] = 0.0009372565
E[P_sel(5)] = 0.0006535762
E[P_sel(6)] = 0.0005125117
E[P_sel(7)] = 0.0004122741
E[P_sel(8)] = 0.0003475291
E[P_sel(9)] = 0.0003016514
E[P_sel(10)] = 0.0002778545
E[P_sel(11)] = 0.0002455337
E[P_sel(12)] = 0.0002378398
E[P_sel(13)] = 0.0002191652
E[P_sel(14)] = 0.0002055990
E[P_sel(15)] = 0.0002072503
E[P_sel(16)] = 0.0002083964
E[P_sel(17)] = 0.0002188084
E[P_sel(18)] = 0.0002269627
E[P_sel(19)] = 0.0002622686

---- Expected D_neut and D_sel (neutral and selected divergence per site) 
E[D_neut] = 0.0198771274
E[D_sel] = 0.0125118652

---- Expected neutral and selected misattributed polymorphism per site
E[mis_neut] = 0.0005418994
E[mis_sel] = 0.0003252693

---- alpha_div = 0.240743
---- alpha_dfe = 0.240592

