---- Running command
---- ./polyDFE -d Mmc/50.polyDFE.config.txt -m C -e 
---- Performing inference using model C

---- Performing inference on Mmc/50.polyDFE.config.txt
---- No mutation variability. Using Poisson likelihood.


---- Calculating initial values

-- Starting local optimization
-- Optimizing all parameters
  it        eps_an        lambda     theta_bar           S_d             b           p_b           S_b           r 2           r 3           r 4           r 5           r 6           r 7           r 8           r 9          r 10          r 11          r 12          r 13          r 14          r 15          r 16          r 17          r 18          r 19          r 20           ln lk          grad status 
   0           0.1 0.01929064001 0.01139282274        -20000         0.208           0.1            20 0.86664312708 0.73235236638 0.64225202738 0.58508386689 0.55291188720 0.53745294687 0.53476101408 0.52463037473 0.55186262076 0.55144937480 0.59180667410 0.62440275431 0.66590540837 0.75012039521 0.86603382582 1.10007594028 1.57939505559             1             1 -1117172.335771 23183.1763200   -2 
 913 0.00046142240 0.01931606558 0.01016231467 -82.595166493 0.11841721633 0.01598773825 9.09356953756 0.86238251933 0.71728976538 0.62032028662 0.55830927540 0.52490984968 0.50575147497 0.49124842862 0.48424373269 0.49438594681 0.48157138313 0.50951651007 0.51356708494 0.52623161216 0.56168689543 0.59146990500 0.64620981576 0.72049036010 0.82969412080 1.07455126004 -283.7180555046 0.02196885719   -3 
-- Local optimization: stuck in the same solution
---- Best joint likelihood found -283.718055504607037 with gradient 0.02197

---- Results for Mmc/50.polyDFE.config.txt 
--  Model: C
--        eps_an        lambda     theta_bar             a 
-- 0.00046142240 0.01931606558 0.01016231467            -1 
--           S_d             b           p_b           S_b 
-- -82.595166493 0.11841721633 0.01598773825 9.09356953756 
--           r 2           r 3           r 4           r 5           r 6           r 7           r 8           r 9          r 10          r 11          r 12          r 13          r 14          r 15          r 16          r 17          r 18          r 19          r 20 
-- 0.86238251933 0.71728976538 0.62032028662 0.55830927540 0.52490984968 0.50575147497 0.49124842862 0.48424373269 0.49438594681 0.48157138313 0.50951651007 0.51356708494 0.52623161216 0.56168689543 0.59146990500 0.64620981576 0.72049036010 0.82969412080 1.07455126004 

---- Expected P_neut(i), 0 < i < n (neutral SFS per site) 
E[P_neut(1)] = 0.0101578303
E[P_neut(2)] = 0.0043800671
E[P_neut(3)] = 0.0024288319
E[P_neut(4)] = 0.0015754186
E[P_neut(5)] = 0.0011343949
E[P_neut(6)] = 0.0008888159
E[P_neut(7)] = 0.0007340758
E[P_neut(8)] = 0.0006239388
E[P_neut(9)] = 0.0005467349
E[P_neut(10)] = 0.0005024106
E[P_neut(11)] = 0.0004449452
E[P_neut(12)] = 0.0004315778
E[P_neut(13)] = 0.0004016174
E[P_neut(14)] = 0.0003822148
E[P_neut(15)] = 0.0003808839
E[P_neut(16)] = 0.0003762228
E[P_neut(17)] = 0.0003872363
E[P_neut(18)] = 0.0004086036
E[P_neut(19)] = 0.0004482534

---- Expected P_sel(i), 0 < i < n (selected SFS per site) 
E[P_sel(1)] = 0.0072517454
E[P_sel(2)] = 0.0028284386
E[P_sel(3)] = 0.0014917583
E[P_sel(4)] = 0.0009372249
E[P_sel(5)] = 0.0006596706
E[P_sel(6)] = 0.0005080197
E[P_sel(7)] = 0.0004139396
E[P_sel(8)] = 0.0003480704
E[P_sel(9)] = 0.0003024059
E[P_sel(10)] = 0.0002760419
E[P_sel(11)] = 0.0002432648
E[P_sel(12)] = 0.0002351905
E[P_sel(13)] = 0.0002185378
E[P_sel(14)] = 0.0002080796
E[P_sel(15)] = 0.0002079413
E[P_sel(16)] = 0.0002065931
E[P_sel(17)] = 0.0002147483
E[P_sel(18)] = 0.0002302343
E[P_sel(19)] = 0.0002595939

---- Expected D_neut and D_sel (neutral and selected divergence per site) 
E[D_neut] = 0.0198620620
E[D_sel] = 0.0125408474

---- Expected neutral and selected misattributed polymorphism per site
E[mis_neut] = 0.0005459964
E[mis_sel] = 0.0003261561

---- alpha_div = 0.233996
---- alpha_dfe = 0.233844

