---- Running command
---- ./polyDFE -d Mmc/500.polyDFE.config.txt -m C -e 
---- Performing inference using model C

---- Performing inference on Mmc/500.polyDFE.config.txt
---- No mutation variability. Using Poisson likelihood.


---- Calculating initial values

-- Starting local optimization
-- Optimizing all parameters
  it        eps_an        lambda     theta_bar           S_d             b           p_b           S_b           r 2           r 3           r 4           r 5           r 6           r 7           r 8           r 9          r 10          r 11          r 12          r 13          r 14          r 15          r 16          r 17          r 18          r 19          r 20           ln lk          grad status 
   0           0.1 0.01927653548 0.01138848937        -20000         0.208           0.1            20 0.87210244577 0.73502616189 0.63749107232 0.58407162818 0.55870864079 0.53325463129 0.53576671172 0.52527165715 0.55443822883 0.55026750196 0.59475899038 0.61952106527 0.66406540750 0.74470556546 0.86351956197 1.10593827283 1.58485174166             1             1 -1116697.471100 23177.1238320   -2 
 781 0.00029773031 0.01924560083 0.01016704955 -87.480987943 0.11925536142 0.02522952045 5.98091274309 0.86420530247 0.71858983504 0.61538333399 0.55778774847 0.52830377133 0.50354252030 0.49367697256 0.48102231813 0.49457787882 0.48324088462 0.51291417139 0.51482526145 0.52948778825 0.55667325289 0.58964944353 0.64768329813 0.71175646172 0.83069070876 1.18765313792 -272.4249456423 0.02740890073   -8 
-- Local optimization: reached maximum number of likelihood evaluations allowed.
---- Best joint likelihood found -272.424945642327657 with gradient 0.02741

---- Results for Mmc/500.polyDFE.config.txt 
--  Model: C
--        eps_an        lambda     theta_bar             a 
-- 0.00029773031 0.01924560083 0.01016704955            -1 
--           S_d             b           p_b           S_b 
-- -87.480987943 0.11925536142 0.02522952045 5.98091274309 
--           r 2           r 3           r 4           r 5           r 6           r 7           r 8           r 9          r 10          r 11          r 12          r 13          r 14          r 15          r 16          r 17          r 18          r 19          r 20 
-- 0.86420530247 0.71858983504 0.61538333399 0.55778774847 0.52830377133 0.50354252030 0.49367697256 0.48102231813 0.49457787882 0.48324088462 0.51291417139 0.51482526145 0.52948778825 0.55667325289 0.58964944353 0.64768329813 0.71175646172 0.83069070876 1.18765313792 

---- Expected P_neut(i), 0 < i < n (neutral SFS per site) 
E[P_neut(1)] = 0.0101641549
E[P_neut(2)] = 0.0043920208
E[P_neut(3)] = 0.0024347031
E[P_neut(4)] = 0.0015638041
E[P_neut(5)] = 0.0011339858
E[P_neut(6)] = 0.0008950631
E[P_neut(7)] = 0.0007312652
E[P_neut(8)] = 0.0006273474
E[P_neut(9)] = 0.0005433687
E[P_neut(10)] = 0.0005028398
E[P_neut(11)] = 0.0004466774
E[P_neut(12)] = 0.0004346261
E[P_neut(13)] = 0.0004027328
E[P_neut(14)] = 0.0003846755
E[P_neut(15)] = 0.0003775403
E[P_neut(16)] = 0.0003750413
E[P_neut(17)] = 0.0003879643
E[P_neut(18)] = 0.0004032140
E[P_neut(19)] = 0.0004474038

---- Expected P_sel(i), 0 < i < n (selected SFS per site) 
E[P_sel(1)] = 0.0072323888
E[P_sel(2)] = 0.0028292026
E[P_sel(3)] = 0.0014931719
E[P_sel(4)] = 0.0009298691
E[P_sel(5)] = 0.0006597805
E[P_sel(6)] = 0.0005123960
E[P_sel(7)] = 0.0004134596
E[P_sel(8)] = 0.0003513210
E[P_sel(9)] = 0.0003020805
E[P_sel(10)] = 0.0002780633
E[P_sel(11)] = 0.0002461445
E[P_sel(12)] = 0.0002390944
E[P_sel(13)] = 0.0002215818
E[P_sel(14)] = 0.0002121095
E[P_sel(15)] = 0.0002091220
E[P_sel(16)] = 0.0002092795
E[P_sel(17)] = 0.0002188906
E[P_sel(18)] = 0.0002311446
E[P_sel(19)] = 0.0002625623

---- Expected D_neut and D_sel (neutral and selected divergence per site) 
E[D_neut] = 0.0198493472
E[D_sel] = 0.0125111584

---- Expected neutral and selected misattributed polymorphism per site
E[mis_neut] = 0.0006037464
E[mis_sel] = 0.0003647152

---- alpha_div = 0.248180
---- alpha_dfe = 0.247896

