---- Running command
---- ./polyDFE -d Mmc/501.polyDFE.config.txt -m C -e 
---- Performing inference using model C

---- Performing inference on Mmc/501.polyDFE.config.txt
---- No mutation variability. Using Poisson likelihood.


---- Calculating initial values

-- Starting local optimization
-- Optimizing all parameters
  it        eps_an        lambda     theta_bar           S_d             b           p_b           S_b           r 2           r 3           r 4           r 5           r 6           r 7           r 8           r 9          r 10          r 11          r 12          r 13          r 14          r 15          r 16          r 17          r 18          r 19          r 20           ln lk          grad status 
   0           0.1 0.01927799442 0.01137548771        -20000         0.208           0.1            20 0.87284270811 0.73305945892 0.64238088464 0.58278150051 0.55919443090 0.53945088944 0.53100040132 0.53081334930 0.54608102152 0.55757050756 0.59360490287 0.63459259583 0.67393177570 0.75421492973 0.86614397390 1.10698306298 1.58663989461             1             1 -1118250.595291 23212.0386769   -2 
 854 0.00117315861 0.01931263922 0.01016200688 -87.571281443 0.11671260631 0.01607906500 8.93129099324 0.86489668103 0.71821663488 0.61823887809 0.55847016711 0.52857555300 0.50861434719 0.49265795183 0.48613331041 0.49028143296 0.48343236050 0.51141865951 0.52361397891 0.52957007671 0.55822787427 0.59003217309 0.64889996659 0.71615464380 0.81218724358 1.05342231139 -272.2246466659 0.22912845550   -8 
-- Local optimization: reached maximum number of likelihood evaluations allowed.
---- Best joint likelihood found -272.224646665912587 with gradient 0.22913

---- Results for Mmc/501.polyDFE.config.txt 
--  Model: C
--        eps_an        lambda     theta_bar             a 
-- 0.00117315861 0.01931263922 0.01016200688            -1 
--           S_d             b           p_b           S_b 
-- -87.571281443 0.11671260631 0.01607906500 8.93129099324 
--           r 2           r 3           r 4           r 5           r 6           r 7           r 8           r 9          r 10          r 11          r 12          r 13          r 14          r 15          r 16          r 17          r 18          r 19          r 20 
-- 0.86489668103 0.71821663488 0.61823887809 0.55847016711 0.52857555300 0.50861434719 0.49265795183 0.48613331041 0.49028143296 0.48343236050 0.51141865951 0.52361397891 0.52957007671 0.55822787427 0.59003217309 0.64889996659 0.71615464380 0.81218724358 1.05342231139 

---- Expected P_neut(i), 0 < i < n (neutral SFS per site) 
E[P_neut(1)] = 0.0101505949
E[P_neut(2)] = 0.0043898618
E[P_neut(3)] = 0.0024304417
E[P_neut(4)] = 0.0015692340
E[P_neut(5)] = 0.0011341476
E[P_neut(6)] = 0.0008946321
E[P_neut(7)] = 0.0007379772
E[P_neut(8)] = 0.0006255731
E[P_neut(9)] = 0.0005487789
E[P_neut(10)] = 0.0004982243
E[P_neut(11)] = 0.0004467239
E[P_neut(12)] = 0.0004333127
E[P_neut(13)] = 0.0004096913
E[P_neut(14)] = 0.0003849918
E[P_neut(15)] = 0.0003790689
E[P_neut(16)] = 0.0003761474
E[P_neut(17)] = 0.0003902888
E[P_neut(18)] = 0.0004089905
E[P_neut(19)] = 0.0004458043

---- Expected P_sel(i), 0 < i < n (selected SFS per site) 
E[P_sel(1)] = 0.0072271945
E[P_sel(2)] = 0.0028298360
E[P_sel(3)] = 0.0014911451
E[P_sel(4)] = 0.0009329741
E[P_sel(5)] = 0.0006593511
E[P_sel(6)] = 0.0005113483
E[P_sel(7)] = 0.0004162374
E[P_sel(8)] = 0.0003491316
E[P_sel(9)] = 0.0003037175
E[P_sel(10)] = 0.0002739455
E[P_sel(11)] = 0.0002444510
E[P_sel(12)] = 0.0002363702
E[P_sel(13)] = 0.0002231756
E[P_sel(14)] = 0.0002098414
E[P_sel(15)] = 0.0002072152
E[P_sel(16)] = 0.0002068356
E[P_sel(17)] = 0.0002167701
E[P_sel(18)] = 0.0002309020
E[P_sel(19)] = 0.0002592310

---- Expected D_neut and D_sel (neutral and selected divergence per site) 
E[D_neut] = 0.0198478835
E[D_sel] = 0.0125140806

---- Expected neutral and selected misattributed polymorphism per site
E[mis_neut] = 0.0005352442
E[mis_sel] = 0.0003196826

---- alpha_div = 0.231536
---- alpha_dfe = 0.231458

