---- Running command
---- ./polyDFE -d Mmc/502.polyDFE.config.txt -m C -e 
---- Performing inference using model C

---- Performing inference on Mmc/502.polyDFE.config.txt
---- No mutation variability. Using Poisson likelihood.


---- Calculating initial values

-- Starting local optimization
-- Optimizing all parameters
  it        eps_an        lambda     theta_bar           S_d             b           p_b           S_b           r 2           r 3           r 4           r 5           r 6           r 7           r 8           r 9          r 10          r 11          r 12          r 13          r 14          r 15          r 16          r 17          r 18          r 19          r 20           ln lk          grad status 
   0           0.1 0.01927121742 0.01137009048        -20000         0.208           0.1            20 0.87366079539 0.73586483847 0.64154821881 0.57762897716 0.55488453783 0.53919613147 0.53559828874 0.52874516263 0.54884525449 0.55759647905 0.58639146009 0.62244402995 0.66734741841 0.75180128241 0.86656542036 1.11371518828 1.57173619686             1             1 -1114251.099719 23110.1075758   -2 
1252 0.00065424843 0.01927850039 0.01014992198 -76.646194867 0.12370622307 0.02368226071 6.54618241437 0.86676237067 0.72073042984 0.61800185757 0.55345032591 0.52672417378 0.50785186809 0.49450576042 0.48334436256 0.49376718194 0.48373473904 0.50582066247 0.51218397310 0.52790768256 0.55893110972 0.59283833608 0.65453342275 0.70523807981 0.82677698639 1.10808337030 -273.2857499371 0.01613564116   -3 
-- Local optimization: stuck in the same solution
---- Best joint likelihood found -273.285749937160290 with gradient 0.01614

---- Results for Mmc/502.polyDFE.config.txt 
--  Model: C
--        eps_an        lambda     theta_bar             a 
-- 0.00065424843 0.01927850039 0.01014992198            -1 
--           S_d             b           p_b           S_b 
-- -76.646194867 0.12370622307 0.02368226071 6.54618241437 
--           r 2           r 3           r 4           r 5           r 6           r 7           r 8           r 9          r 10          r 11          r 12          r 13          r 14          r 15          r 16          r 17          r 18          r 19          r 20 
-- 0.86676237067 0.72073042984 0.61800185757 0.55345032591 0.52672417378 0.50785186809 0.49450576042 0.48334436256 0.49376718194 0.48373473904 0.50582066247 0.51218397310 0.52790768256 0.55893110972 0.59283833608 0.65453342275 0.70523807981 0.82677698639 1.10808337030 

---- Expected P_neut(i), 0 < i < n (neutral SFS per site) 
E[P_neut(1)] = 0.0101435704
E[P_neut(2)] = 0.0043961675
E[P_neut(3)] = 0.0024371129
E[P_neut(4)] = 0.0015673877
E[P_neut(5)] = 0.0011230079
E[P_neut(6)] = 0.0008907023
E[P_neut(7)] = 0.0007361594
E[P_neut(8)] = 0.0006272688
E[P_neut(9)] = 0.0005450362
E[P_neut(10)] = 0.0005011698
E[P_neut(11)] = 0.0004464164
E[P_neut(12)] = 0.0004279673
E[P_neut(13)] = 0.0004001146
E[P_neut(14)] = 0.0003830627
E[P_neut(15)] = 0.0003786947
E[P_neut(16)] = 0.0003768589
E[P_neut(17)] = 0.0003921316
E[P_neut(18)] = 0.0004002906
E[P_neut(19)] = 0.0004480212

---- Expected P_sel(i), 0 < i < n (selected SFS per site) 
E[P_sel(1)] = 0.0072526340
E[P_sel(2)] = 0.0028377585
E[P_sel(3)] = 0.0014948970
E[P_sel(4)] = 0.0009309012
E[P_sel(5)] = 0.0006519512
E[P_sel(6)] = 0.0005083491
E[P_sel(7)] = 0.0004146681
E[P_sel(8)] = 0.0003497469
E[P_sel(9)] = 0.0003015245
E[P_sel(10)] = 0.0002756510
E[P_sel(11)] = 0.0002445747
E[P_sel(12)] = 0.0002339798
E[P_sel(13)] = 0.0002187169
E[P_sel(14)] = 0.0002098062
E[P_sel(15)] = 0.0002083340
E[P_sel(16)] = 0.0002088777
E[P_sel(17)] = 0.0002198345
E[P_sel(18)] = 0.0002282420
E[P_sel(19)] = 0.0002622773

---- Expected D_neut and D_sel (neutral and selected divergence per site) 
E[D_neut] = 0.0198408484
E[D_sel] = 0.0125312985

---- Expected neutral and selected misattributed polymorphism per site
E[mis_neut] = 0.0005623480
E[mis_sel] = 0.0003389411

---- alpha_div = 0.252896
---- alpha_dfe = 0.252801

