---- Running command
---- ./polyDFE -d Mmc/503.polyDFE.config.txt -m C -e 
---- Performing inference using model C

---- Performing inference on Mmc/503.polyDFE.config.txt
---- No mutation variability. Using Poisson likelihood.


---- Calculating initial values

-- Starting local optimization
-- Optimizing all parameters
  it        eps_an        lambda     theta_bar           S_d             b           p_b           S_b           r 2           r 3           r 4           r 5           r 6           r 7           r 8           r 9          r 10          r 11          r 12          r 13          r 14          r 15          r 16          r 17          r 18          r 19          r 20           ln lk          grad status 
   0           0.1 0.01928004682 0.01137078243        -20000         0.208           0.1            20 0.87384252483 0.73015978514 0.64341059722 0.58282610524 0.55674184888 0.53670356615 0.53380657837 0.53706601444 0.55778224359 0.55064563121 0.58383703490 0.61808177726 0.66478936303 0.74444409263 0.85577737369 1.09905204298 1.57100294406             1             1 -1116959.079439 23142.2519361   -2 
 139 0.00462414174 0.01933179211 0.01021785116 -115.73205622 0.10228930046 0.00431924195 27.5828229607 0.86136003933 0.71374482203 0.61392531814 0.55262638184 0.52371608135 0.50015015326 0.48748376931 0.48503963541 0.49485063338 0.47975492395 0.50337734228 0.50934265046 0.52047780203 0.54975976350 0.57669855691 0.63239234705 0.67506647590 0.74873603241 0.99813710527 -302.7064335731 1.47370432182   -3 
-- Local optimization: stuck in the same solution
---- Best joint likelihood found -302.706433573126560 with gradient 1.47370

---- Results for Mmc/503.polyDFE.config.txt 
--  Model: C
--        eps_an        lambda     theta_bar             a 
-- 0.00462414174 0.01933179211 0.01021785116            -1 
--           S_d             b           p_b           S_b 
-- -115.73205622 0.10228930046 0.00431924195 27.5828229607 
--           r 2           r 3           r 4           r 5           r 6           r 7           r 8           r 9          r 10          r 11          r 12          r 13          r 14          r 15          r 16          r 17          r 18          r 19          r 20 
-- 0.86136003933 0.71374482203 0.61392531814 0.55262638184 0.52371608135 0.50015015326 0.48748376931 0.48503963541 0.49485063338 0.47975492395 0.50337734228 0.50934265046 0.52047780203 0.54975976350 0.57669855691 0.63239234705 0.67506647590 0.74873603241 0.99813710527 

---- Expected P_neut(i), 0 < i < n (neutral SFS per site) 
E[P_neut(1)] = 0.0101724643
E[P_neut(2)] = 0.0043820472
E[P_neut(3)] = 0.0024214959
E[P_neut(4)] = 0.0015627006
E[P_neut(5)] = 0.0011258403
E[P_neut(6)] = 0.0008895079
E[P_neut(7)] = 0.0007285410
E[P_neut(8)] = 0.0006217324
E[P_neut(9)] = 0.0005501880
E[P_neut(10)] = 0.0005056310
E[P_neut(11)] = 0.0004461279
E[P_neut(12)] = 0.0004295167
E[P_neut(13)] = 0.0004018622
E[P_neut(14)] = 0.0003822365
E[P_neut(15)] = 0.0003779814
E[P_neut(16)] = 0.0003738375
E[P_neut(17)] = 0.0003895830
E[P_neut(18)] = 0.0004017843
E[P_neut(19)] = 0.0004480433

---- Expected P_sel(i), 0 < i < n (selected SFS per site) 
E[P_sel(1)] = 0.0072300457
E[P_sel(2)] = 0.0028420077
E[P_sel(3)] = 0.0015008477
E[P_sel(4)] = 0.0009406888
E[P_sel(5)] = 0.0006634775
E[P_sel(6)] = 0.0005156271
E[P_sel(7)] = 0.0004167174
E[P_sel(8)] = 0.0003517058
E[P_sel(9)] = 0.0003083449
E[P_sel(10)] = 0.0002811403
E[P_sel(11)] = 0.0002464106
E[P_sel(12)] = 0.0002359349
E[P_sel(13)] = 0.0002197937
E[P_sel(14)] = 0.0002084345
E[P_sel(15)] = 0.0002058296
E[P_sel(16)] = 0.0002037803
E[P_sel(17)] = 0.0002134211
E[P_sel(18)] = 0.0002231872
E[P_sel(19)] = 0.0002599402

---- Expected D_neut and D_sel (neutral and selected divergence per site) 
E[D_neut] = 0.0198417329
E[D_sel] = 0.0125395392

---- Expected neutral and selected misattributed polymorphism per site
E[mis_neut] = 0.0005099408
E[mis_sel] = 0.0002960222

---- alpha_div = 0.188025
---- alpha_dfe = 0.188496

