---- Running command
---- ./polyDFE -d Mmc/504.polyDFE.config.txt -m C -e 
---- Performing inference using model C

---- Performing inference on Mmc/504.polyDFE.config.txt
---- No mutation variability. Using Poisson likelihood.


---- Calculating initial values

-- Starting local optimization
-- Optimizing all parameters
  it        eps_an        lambda     theta_bar           S_d             b           p_b           S_b           r 2           r 3           r 4           r 5           r 6           r 7           r 8           r 9          r 10          r 11          r 12          r 13          r 14          r 15          r 16          r 17          r 18          r 19          r 20           ln lk          grad status 
   0           0.1 0.01924710848 0.01133810796        -20000         0.208           0.1            20 0.87535161684 0.73386918090 0.64699702805 0.58497219813 0.56267202836 0.54179224931 0.54068533681 0.53013961929 0.55600842556 0.55894258554 0.59221362070 0.62299196702 0.66690569489 0.75426361619 0.87546929002 1.10113542559 1.58792278479             1             1 -1112862.126299 23092.1402452   -2 
1212 0.00045102515 0.01923304251 0.01012495557 -65.763302797 0.13366321031 0.03233200384 5.26161257224 0.86582625655 0.71979861205 0.62463422759 0.55856715116 0.53098608871 0.51103635453 0.49800158591 0.48631638315 0.49887098593 0.48822989597 0.51218858307 0.51471572405 0.52605360212 0.56230583089 0.59854138134 0.64391172496 0.71507414945 0.83016427575 1.15256859517 -269.6100465221 0.02597043936   -8 
-- Local optimization: reached maximum number of likelihood evaluations allowed.
---- Best joint likelihood found -269.610046522153425 with gradient 0.02597

---- Results for Mmc/504.polyDFE.config.txt 
--  Model: C
--        eps_an        lambda     theta_bar             a 
-- 0.00045102515 0.01923304251 0.01012495557            -1 
--           S_d             b           p_b           S_b 
-- -65.763302797 0.13366321031 0.03233200384 5.26161257224 
--           r 2           r 3           r 4           r 5           r 6           r 7           r 8           r 9          r 10          r 11          r 12          r 13          r 14          r 15          r 16          r 17          r 18          r 19          r 20 
-- 0.86582625655 0.71979861205 0.62463422759 0.55856715116 0.53098608871 0.51103635453 0.49800158591 0.48631638315 0.49887098593 0.48822989597 0.51218858307 0.51471572405 0.52605360212 0.56230583089 0.59854138134 0.64391172496 0.71507414945 0.83016427575 1.15256859517 

---- Expected P_neut(i), 0 < i < n (neutral SFS per site) 
E[P_neut(1)] = 0.0101205885
E[P_neut(2)] = 0.0043814307
E[P_neut(3)] = 0.0024283869
E[P_neut(4)] = 0.0015805562
E[P_neut(5)] = 0.0011307546
E[P_neut(6)] = 0.0008958026
E[P_neut(7)] = 0.0007390218
E[P_neut(8)] = 0.0006301911
E[P_neut(9)] = 0.0005470595
E[P_neut(10)] = 0.0005051047
E[P_neut(11)] = 0.0004494355
E[P_neut(12)] = 0.0004322466
E[P_neut(13)] = 0.0004010352
E[P_neut(14)] = 0.0003806804
E[P_neut(15)] = 0.0003798937
E[P_neut(16)] = 0.0003793051
E[P_neut(17)] = 0.0003844273
E[P_neut(18)] = 0.0004040230
E[P_neut(19)] = 0.0004467553

---- Expected P_sel(i), 0 < i < n (selected SFS per site) 
E[P_sel(1)] = 0.0072624684
E[P_sel(2)] = 0.0028265438
E[P_sel(3)] = 0.0014849579
E[P_sel(4)] = 0.0009345069
E[P_sel(5)] = 0.0006529796
E[P_sel(6)] = 0.0005083600
E[P_sel(7)] = 0.0004138822
E[P_sel(8)] = 0.0003494057
E[P_sel(9)] = 0.0003010560
E[P_sel(10)] = 0.0002765116
E[P_sel(11)] = 0.0002452545
E[P_sel(12)] = 0.0002355998
E[P_sel(13)] = 0.0002187898
E[P_sel(14)] = 0.0002083513
E[P_sel(15)] = 0.0002091314
E[P_sel(16)] = 0.0002106784
E[P_sel(17)] = 0.0002162759
E[P_sel(18)] = 0.0002314182
E[P_sel(19)] = 0.0002626009

---- Expected D_neut and D_sel (neutral and selected divergence per site) 
E[D_neut] = 0.0198165278
E[D_sel] = 0.0125380508

---- Expected neutral and selected misattributed polymorphism per site
E[mis_neut] = 0.0005834853
E[mis_sel] = 0.0003534574

---- alpha_div = 0.281166
---- alpha_dfe = 0.280964

