---- Running command
---- ./polyDFE -d Mmc/505.polyDFE.config.txt -m C -e 
---- Performing inference using model C

---- Performing inference on Mmc/505.polyDFE.config.txt
---- No mutation variability. Using Poisson likelihood.


---- Calculating initial values

-- Starting local optimization
-- Optimizing all parameters
  it        eps_an        lambda     theta_bar           S_d             b           p_b           S_b           r 2           r 3           r 4           r 5           r 6           r 7           r 8           r 9          r 10          r 11          r 12          r 13          r 14          r 15          r 16          r 17          r 18          r 19          r 20           ln lk          grad status 
   0           0.1 0.01929074207 0.01134693218        -20000         0.208           0.1            20 0.87157715317 0.73611696912 0.64449400084 0.58377704706 0.55533453273 0.53424073132 0.53506621781 0.53656523156 0.54978619985 0.55457605160 0.59242630985 0.62425208854 0.66769521570 0.75170796024 0.85768112223 1.10310756500 1.57392805100             1             1 -1117316.274778 23189.9047688   -2 
 867 0.00130866852 0.01932351643 0.01013527103 -79.142842501 0.12237550052 0.02346301629 6.50372936889 0.86449495830 0.72195451387 0.62042930973 0.55755629952 0.53026566226 0.50569839391 0.49189748240 0.48812704162 0.49172964644 0.48348794629 0.50968508533 0.51449181630 0.52419614038 0.55841379489 0.58200867483 0.64231218727 0.70272599602 0.81702821103 1.05712085555 -276.0151159918 0.02844077644   -3 
-- Local optimization: stuck in the same solution
---- Best joint likelihood found -276.015115991875064 with gradient 0.02844

---- Results for Mmc/505.polyDFE.config.txt 
--  Model: C
--        eps_an        lambda     theta_bar             a 
-- 0.00130866852 0.01932351643 0.01013527103            -1 
--           S_d             b           p_b           S_b 
-- -79.142842501 0.12237550052 0.02346301629 6.50372936889 
--           r 2           r 3           r 4           r 5           r 6           r 7           r 8           r 9          r 10          r 11          r 12          r 13          r 14          r 15          r 16          r 17          r 18          r 19          r 20 
-- 0.86449495830 0.72195451387 0.62042930973 0.55755629952 0.53026566226 0.50569839391 0.49189748240 0.48812704162 0.49172964644 0.48348794629 0.50968508533 0.51449181630 0.52419614038 0.55841379489 0.58200867483 0.64231218727 0.70272599602 0.81702821103 1.05712085555 

---- Expected P_neut(i), 0 < i < n (neutral SFS per site) 
E[P_neut(1)] = 0.0101225777
E[P_neut(2)] = 0.0043757300
E[P_neut(3)] = 0.0024363774
E[P_neut(4)] = 0.0015704800
E[P_neut(5)] = 0.0011292116
E[P_neut(6)] = 0.0008950554
E[P_neut(7)] = 0.0007317653
E[P_neut(8)] = 0.0006229371
E[P_neut(9)] = 0.0005495636
E[P_neut(10)] = 0.0004983813
E[P_neut(11)] = 0.0004456165
E[P_neut(12)] = 0.0004307352
E[P_neut(13)] = 0.0004015497
E[P_neut(14)] = 0.0003801663
E[P_neut(15)] = 0.0003782970
E[P_neut(16)] = 0.0003702508
E[P_neut(17)] = 0.0003856324
E[P_neut(18)] = 0.0004008997
E[P_neut(19)] = 0.0004485251

---- Expected P_sel(i), 0 < i < n (selected SFS per site) 
E[P_sel(1)] = 0.0072298472
E[P_sel(2)] = 0.0028235463
E[P_sel(3)] = 0.0014946074
E[P_sel(4)] = 0.0009331279
E[P_sel(5)] = 0.0006559707
E[P_sel(6)] = 0.0005112427
E[P_sel(7)] = 0.0004125736
E[P_sel(8)] = 0.0003476846
E[P_sel(9)] = 0.0003043587
E[P_sel(10)] = 0.0002744267
E[P_sel(11)] = 0.0002444182
E[P_sel(12)] = 0.0002357656
E[P_sel(13)] = 0.0002197520
E[P_sel(14)] = 0.0002084503
E[P_sel(15)] = 0.0002083332
E[P_sel(16)] = 0.0002054182
E[P_sel(17)] = 0.0002163995
E[P_sel(18)] = 0.0002288621
E[P_sel(19)] = 0.0002633773

---- Expected D_neut and D_sel (neutral and selected divergence per site) 
E[D_neut] = 0.0198592268
E[D_sel] = 0.0125218019

---- Expected neutral and selected misattributed polymorphism per site
E[mis_neut] = 0.0005357103
E[mis_sel] = 0.0003226205

---- alpha_div = 0.249465
---- alpha_dfe = 0.249368

