---- Running command
---- ./polyDFE -d Mmc/506.polyDFE.config.txt -m C -e 
---- Performing inference using model C

---- Performing inference on Mmc/506.polyDFE.config.txt
---- No mutation variability. Using Poisson likelihood.


---- Calculating initial values

-- Starting local optimization
-- Optimizing all parameters
  it        eps_an        lambda     theta_bar           S_d             b           p_b           S_b           r 2           r 3           r 4           r 5           r 6           r 7           r 8           r 9          r 10          r 11          r 12          r 13          r 14          r 15          r 16          r 17          r 18          r 19          r 20           ln lk          grad status 
   0           0.1 0.01929352963 0.01134617075        -20000         0.208           0.1            20 0.87475595163 0.73934784828 0.64773350644 0.58285271178 0.55809671474 0.53767036460 0.54149523757 0.52766805212 0.55877202545 0.55706738486 0.59514192594 0.63091987716 0.67047929120 0.75790352954 0.86402361948 1.10721059496 1.57519001204             1             1 -1115674.488925 23178.6090546   -2 
 385 0.00492499736 0.01932716700 0.01020485819 -111.19358877 0.10396428983 0.00239337619 50.2113321569 0.86126233685 0.71925908801 0.61520370159 0.55159269240 0.52307029216 0.50071780746 0.49384125949 0.47992173160 0.49323031599 0.48149288930 0.51063332949 0.51841994574 0.52629277068 0.55879401502 0.58607675810 0.64053783108 0.69000115007 0.75346899176 1.03930841589 -342.0939088749 0.17388869353   -3 
-- Local optimization: stuck in the same solution
---- Best joint likelihood found -342.093908874987392 with gradient 0.17389

---- Results for Mmc/506.polyDFE.config.txt 
--  Model: C
--        eps_an        lambda     theta_bar             a 
-- 0.00492499736 0.01932716700 0.01020485819            -1 
--           S_d             b           p_b           S_b 
-- -111.19358877 0.10396428983 0.00239337619 50.2113321569 
--           r 2           r 3           r 4           r 5           r 6           r 7           r 8           r 9          r 10          r 11          r 12          r 13          r 14          r 15          r 16          r 17          r 18          r 19          r 20 
-- 0.86126233685 0.71925908801 0.61520370159 0.55159269240 0.52307029216 0.50071780746 0.49384125949 0.47992173160 0.49323031599 0.48149288930 0.51063332949 0.51841994574 0.52629277068 0.55879401502 0.58607675810 0.64053783108 0.69000115007 0.75346899176 1.03930841589 

---- Expected P_neut(i), 0 < i < n (neutral SFS per site) 
E[P_neut(1)] = 0.0101565924
E[P_neut(2)] = 0.0043748136
E[P_neut(3)] = 0.0024364896
E[P_neut(4)] = 0.0015636277
E[P_neut(5)] = 0.0011221128
E[P_neut(6)] = 0.0008871509
E[P_neut(7)] = 0.0007283741
E[P_neut(8)] = 0.0006289837
E[P_neut(9)] = 0.0005436903
E[P_neut(10)] = 0.0005033345
E[P_neut(11)] = 0.0004471680
E[P_neut(12)] = 0.0004352089
E[P_neut(13)] = 0.0004085448
E[P_neut(14)] = 0.0003861166
E[P_neut(15)] = 0.0003838331
E[P_neut(16)] = 0.0003796908
E[P_neut(17)] = 0.0003946618
E[P_neut(18)] = 0.0004109033
E[P_neut(19)] = 0.0004529524

---- Expected P_sel(i), 0 < i < n (selected SFS per site) 
E[P_sel(1)] = 0.0072111347
E[P_sel(2)] = 0.0028295500
E[P_sel(3)] = 0.0015044150
E[P_sel(4)] = 0.0009369298
E[P_sel(5)] = 0.0006578007
E[P_sel(6)] = 0.0005112364
E[P_sel(7)] = 0.0004139211
E[P_sel(8)] = 0.0003532853
E[P_sel(9)] = 0.0003023492
E[P_sel(10)] = 0.0002775091
E[P_sel(11)] = 0.0002447194
E[P_sel(12)] = 0.0002366622
E[P_sel(13)] = 0.0002209797
E[P_sel(14)] = 0.0002079711
E[P_sel(15)] = 0.0002061462
E[P_sel(16)] = 0.0002037525
E[P_sel(17)] = 0.0002123568
E[P_sel(18)] = 0.0002235728
E[P_sel(19)] = 0.0002570765

---- Expected D_neut and D_sel (neutral and selected divergence per site) 
E[D_neut] = 0.0198574668
E[D_sel] = 0.0125267242

---- Expected neutral and selected misattributed polymorphism per site
E[mis_neut] = 0.0005302998
E[mis_sel] = 0.0002998120

---- alpha_div = 0.189784
---- alpha_dfe = 0.190081

