---- Running command
---- ./polyDFE -d Mmc/507.polyDFE.config.txt -m C -e 
---- Performing inference using model C

---- Performing inference on Mmc/507.polyDFE.config.txt
---- No mutation variability. Using Poisson likelihood.


---- Calculating initial values

-- Starting local optimization
-- Optimizing all parameters
  it        eps_an        lambda     theta_bar           S_d             b           p_b           S_b           r 2           r 3           r 4           r 5           r 6           r 7           r 8           r 9          r 10          r 11          r 12          r 13          r 14          r 15          r 16          r 17          r 18          r 19          r 20           ln lk          grad status 
   0           0.1 0.01924537182 0.01136433470        -20000         0.208           0.1            20 0.87146047870 0.73065918961 0.63594296546 0.57735732288 0.55386875333 0.54264583777 0.53551275471 0.53391519475 0.54998096045 0.55523445769 0.58465772336 0.62469846514 0.66739267767 0.74837666951 0.86351944902 1.10859285381 1.58073697938             1             1 -1114568.335752 23089.5788870   -2 
 687 0.00073380866 0.01919489186 0.01013646768 -85.705568184 0.11532022498 0.01439597419 9.78242897300 0.86657806583 0.71863360154 0.61703071834 0.55012383357 0.52567022704 0.50547487032 0.49440856423 0.48410517735 0.49463991167 0.48248424101 0.50589021137 0.51468251150 0.52830707073 0.56283873140 0.59493692441 0.65473032118 0.70946953704 0.81753960602 1.22300962340 -282.7150050104 0.06372969866   -3 
-- Local optimization: stuck in the same solution
---- Best joint likelihood found -282.715005010482855 with gradient 0.06373

---- Results for Mmc/507.polyDFE.config.txt 
--  Model: C
--        eps_an        lambda     theta_bar             a 
-- 0.00073380866 0.01919489186 0.01013646768            -1 
--           S_d             b           p_b           S_b 
-- -85.705568184 0.11532022498 0.01439597419 9.78242897300 
--           r 2           r 3           r 4           r 5           r 6           r 7           r 8           r 9          r 10          r 11          r 12          r 13          r 14          r 15          r 16          r 17          r 18          r 19          r 20 
-- 0.86657806583 0.71863360154 0.61703071834 0.55012383357 0.52567022704 0.50547487032 0.49440856423 0.48410517735 0.49463991167 0.48248424101 0.50589021137 0.51468251150 0.52830707073 0.56283873140 0.59493692441 0.65473032118 0.70946953704 0.81753960602 1.22300962340 

---- Expected P_neut(i), 0 < i < n (neutral SFS per site) 
E[P_neut(1)] = 0.0101293495
E[P_neut(2)] = 0.0043890906
E[P_neut(3)] = 0.0024266401
E[P_neut(4)] = 0.0015627572
E[P_neut(5)] = 0.0011147232
E[P_neut(6)] = 0.0008877022
E[P_neut(7)] = 0.0007317188
E[P_neut(8)] = 0.0006262984
E[P_neut(9)] = 0.0005451613
E[P_neut(10)] = 0.0005013901
E[P_neut(11)] = 0.0004446817
E[P_neut(12)] = 0.0004274744
E[P_neut(13)] = 0.0004015551
E[P_neut(14)] = 0.0003828830
E[P_neut(15)] = 0.0003808857
E[P_neut(16)] = 0.0003777808
E[P_neut(17)] = 0.0003918867
E[P_neut(18)] = 0.0004024583
E[P_neut(19)] = 0.0004432742

---- Expected P_sel(i), 0 < i < n (selected SFS per site) 
E[P_sel(1)] = 0.0072422429
E[P_sel(2)] = 0.0028438653
E[P_sel(3)] = 0.0014969875
E[P_sel(4)] = 0.0009343662
E[P_sel(5)] = 0.0006517442
E[P_sel(6)] = 0.0005102596
E[P_sel(7)] = 0.0004150098
E[P_sel(8)] = 0.0003514403
E[P_sel(9)] = 0.0003033047
E[P_sel(10)] = 0.0002770760
E[P_sel(11)] = 0.0002444927
E[P_sel(12)] = 0.0002342191
E[P_sel(13)] = 0.0002196272
E[P_sel(14)] = 0.0002094386
E[P_sel(15)] = 0.0002088412
E[P_sel(16)] = 0.0002082368
E[P_sel(17)] = 0.0002180306
E[P_sel(18)] = 0.0002274179
E[P_sel(19)] = 0.0002576441

---- Expected D_neut and D_sel (neutral and selected divergence per site) 
E[D_neut] = 0.0198147417
E[D_sel] = 0.0125344796

---- Expected neutral and selected misattributed polymorphism per site
E[mis_neut] = 0.0006198499
E[mis_sel] = 0.0003707653

---- alpha_div = 0.225648
---- alpha_dfe = 0.225551

