---- Running command
---- ./polyDFE -d Mmc/508.polyDFE.config.txt -m C -e 
---- Performing inference using model C

---- Performing inference on Mmc/508.polyDFE.config.txt
---- No mutation variability. Using Poisson likelihood.


---- Calculating initial values

-- Starting local optimization
-- Optimizing all parameters
  it        eps_an        lambda     theta_bar           S_d             b           p_b           S_b           r 2           r 3           r 4           r 5           r 6           r 7           r 8           r 9          r 10          r 11          r 12          r 13          r 14          r 15          r 16          r 17          r 18          r 19          r 20           ln lk          grad status 
   0           0.1 0.01926255942 0.01138763437        -20000         0.208           0.1            20 0.87173004805 0.73557058767 0.63989020487 0.58072168668 0.55742199278 0.53766925859 0.53532607755 0.52954780797 0.55299068044 0.55200468353 0.58958991680 0.61554887739 0.66994227907 0.74824136561 0.86167039644 1.10179886925 1.58239447832             1             1 -1114624.387336 23136.3966305   -2 
 620 0.00094858639 0.01930144888 0.01017610363 -82.280225502 0.12040248161 0.02046260268 7.37526771828 0.86227940379 0.71961558999 0.61916891372 0.55084943098 0.52797903126 0.50482040075 0.49598654356 0.48254437037 0.49507714750 0.48322848099 0.51222531915 0.51212736619 0.52429497470 0.55499717606 0.59275989035 0.64447394739 0.70631441662 0.81864491971 1.04775575226 -283.9857332921 0.09359566788   -8 
-- Local optimization: reached maximum number of likelihood evaluations allowed.
---- Best joint likelihood found -283.985733292123768 with gradient 0.09360

---- Results for Mmc/508.polyDFE.config.txt 
--  Model: C
--        eps_an        lambda     theta_bar             a 
-- 0.00094858639 0.01930144888 0.01017610363            -1 
--           S_d             b           p_b           S_b 
-- -82.280225502 0.12040248161 0.02046260268 7.37526771828 
--           r 2           r 3           r 4           r 5           r 6           r 7           r 8           r 9          r 10          r 11          r 12          r 13          r 14          r 15          r 16          r 17          r 18          r 19          r 20 
-- 0.86227940379 0.71961558999 0.61916891372 0.55084943098 0.52797903126 0.50482040075 0.49598654356 0.48254437037 0.49507714750 0.48322848099 0.51222531915 0.51212736619 0.52429497470 0.55499717606 0.59275989035 0.64447394739 0.70631441662 0.81864491971 1.04775575226 

---- Expected P_neut(i), 0 < i < n (neutral SFS per site) 
E[P_neut(1)] = 0.0101668666
E[P_neut(2)] = 0.0043835393
E[P_neut(3)] = 0.0024390114
E[P_neut(4)] = 0.0015740452
E[P_neut(5)] = 0.0011203939
E[P_neut(6)] = 0.0008949736
E[P_neut(7)] = 0.0007335562
E[P_neut(8)] = 0.0006307149
E[P_neut(9)] = 0.0005455089
E[P_neut(10)] = 0.0005037956
E[P_neut(11)] = 0.0004471283
E[P_neut(12)] = 0.0004345579
E[P_neut(13)] = 0.0004011975
E[P_neut(14)] = 0.0003815794
E[P_neut(15)] = 0.0003772202
E[P_neut(16)] = 0.0003781357
E[P_neut(17)] = 0.0003877280
E[P_neut(18)] = 0.0004030901
E[P_neut(19)] = 0.0004476905

---- Expected P_sel(i), 0 < i < n (selected SFS per site) 
E[P_sel(1)] = 0.0072486324
E[P_sel(2)] = 0.0028252613
E[P_sel(3)] = 0.0014949455
E[P_sel(4)] = 0.0009345671
E[P_sel(5)] = 0.0006503832
E[P_sel(6)] = 0.0005107946
E[P_sel(7)] = 0.0004132032
E[P_sel(8)] = 0.0003516358
E[P_sel(9)] = 0.0003017064
E[P_sel(10)] = 0.0002769554
E[P_sel(11)] = 0.0002447661
E[P_sel(12)] = 0.0002373023
E[P_sel(13)] = 0.0002189556
E[P_sel(14)] = 0.0002085566
E[P_sel(15)] = 0.0002069813
E[P_sel(16)] = 0.0002089321
E[P_sel(17)] = 0.0002166023
E[P_sel(18)] = 0.0002290258
E[P_sel(19)] = 0.0002614964

---- Expected D_neut and D_sel (neutral and selected divergence per site) 
E[D_neut] = 0.0198345524
E[D_sel] = 0.0125279061

---- Expected neutral and selected misattributed polymorphism per site
E[mis_neut] = 0.0005331036
E[mis_sel] = 0.0003203748

---- alpha_div = 0.244844
---- alpha_dfe = 0.244626

