---- Running command
---- ./polyDFE -d Mmc/509.polyDFE.config.txt -m C -e 
---- Performing inference using model C

---- Performing inference on Mmc/509.polyDFE.config.txt
---- No mutation variability. Using Poisson likelihood.


---- Calculating initial values

-- Starting local optimization
-- Optimizing all parameters
  it        eps_an        lambda     theta_bar           S_d             b           p_b           S_b           r 2           r 3           r 4           r 5           r 6           r 7           r 8           r 9          r 10          r 11          r 12          r 13          r 14          r 15          r 16          r 17          r 18          r 19          r 20           ln lk          grad status 
   0           0.1 0.01926639520 0.01135574940        -20000         0.208           0.1            20 0.87096048384 0.73812925095 0.64554033928 0.58199767572 0.55760776740 0.53792065881 0.53956261645 0.52819872999 0.55152119562 0.56022755313 0.59235074216 0.63048636821 0.66955564398 0.75702177302 0.86235442297 1.11114281721 1.57426046244             1             1 -1117333.605905 23173.3941822   -2 
 988 0.00116709989 0.01928617101 0.01014186359 -78.375537269 0.12196017259 0.02041224872 7.37893168090 0.86487720634 0.72182376419 0.62200762531 0.55481179678 0.53149932550 0.50815188969 0.49573252140 0.48478573923 0.49478523225 0.48551732608 0.51651848911 0.51678126575 0.52488354740 0.56461587060 0.58531229807 0.64941487239 0.70512595602 0.81968439253 1.08316208982 -291.7926658056 0.03782578118   -3 
-- Local optimization: stuck in the same solution
---- Best joint likelihood found -291.792665805696743 with gradient 0.03783

---- Results for Mmc/509.polyDFE.config.txt 
--  Model: C
--        eps_an        lambda     theta_bar             a 
-- 0.00116709989 0.01928617101 0.01014186359            -1 
--           S_d             b           p_b           S_b 
-- -78.375537269 0.12196017259 0.02041224872 7.37893168090 
--           r 2           r 3           r 4           r 5           r 6           r 7           r 8           r 9          r 10          r 11          r 12          r 13          r 14          r 15          r 16          r 17          r 18          r 19          r 20 
-- 0.86487720634 0.72182376419 0.62200762531 0.55481179678 0.53149932550 0.50815188969 0.49573252140 0.48478573923 0.49478523225 0.48551732608 0.51651848911 0.51678126575 0.52488354740 0.56461587060 0.58531229807 0.64941487239 0.70512595602 0.81968439253 1.08316208982 

---- Expected P_neut(i), 0 < i < n (neutral SFS per site) 
E[P_neut(1)] = 0.0101305377
E[P_neut(2)] = 0.0043810784
E[P_neut(3)] = 0.0024378169
E[P_neut(4)] = 0.0015756715
E[P_neut(5)] = 0.0011244972
E[P_neut(6)] = 0.0008977942
E[P_neut(7)] = 0.0007358409
E[P_neut(8)] = 0.0006282325
E[P_neut(9)] = 0.0005461772
E[P_neut(10)] = 0.0005018044
E[P_neut(11)] = 0.0004477561
E[P_neut(12)] = 0.0004367623
E[P_neut(13)] = 0.0004035522
E[P_neut(14)] = 0.0003808403
E[P_neut(15)] = 0.0003826183
E[P_neut(16)] = 0.0003724174
E[P_neut(17)] = 0.0003898239
E[P_neut(18)] = 0.0004019489
E[P_neut(19)] = 0.0004488589

---- Expected P_sel(i), 0 < i < n (selected SFS per site) 
E[P_sel(1)] = 0.0072383802
E[P_sel(2)] = 0.0028274248
E[P_sel(3)] = 0.0014952964
E[P_sel(4)] = 0.0009358189
E[P_sel(5)] = 0.0006527590
E[P_sel(6)] = 0.0005122716
E[P_sel(7)] = 0.0004142969
E[P_sel(8)] = 0.0003500267
E[P_sel(9)] = 0.0003018360
E[P_sel(10)] = 0.0002756045
E[P_sel(11)] = 0.0002448528
E[P_sel(12)] = 0.0002382306
E[P_sel(13)] = 0.0002199653
E[P_sel(14)] = 0.0002078753
E[P_sel(15)] = 0.0002096482
E[P_sel(16)] = 0.0002054756
E[P_sel(17)] = 0.0002174566
E[P_sel(18)] = 0.0002280800
E[P_sel(19)] = 0.0002621258

---- Expected D_neut and D_sel (neutral and selected divergence per site) 
E[D_neut] = 0.0198354351
E[D_sel] = 0.0125050938

---- Expected neutral and selected misattributed polymorphism per site
E[mis_neut] = 0.0005492641
E[mis_sel] = 0.0003294966

---- alpha_div = 0.244690
---- alpha_dfe = 0.244586

