---- Running command
---- ./polyDFE -d Mmc/51.polyDFE.config.txt -m C -e 
---- Performing inference using model C

---- Performing inference on Mmc/51.polyDFE.config.txt
---- No mutation variability. Using Poisson likelihood.


---- Calculating initial values

-- Starting local optimization
-- Optimizing all parameters
  it        eps_an        lambda     theta_bar           S_d             b           p_b           S_b           r 2           r 3           r 4           r 5           r 6           r 7           r 8           r 9          r 10          r 11          r 12          r 13          r 14          r 15          r 16          r 17          r 18          r 19          r 20           ln lk          grad status 
   0           0.1 0.01930163350 0.01132932305        -20000         0.208           0.1            20 0.87539827844 0.73636987397 0.64444065559 0.58673639616 0.56007614658 0.53947861761 0.53685366038 0.53212494488 0.55079768887 0.55651043422 0.59161327819 0.62321766542 0.66686959964 0.74430155762 0.87779284432 1.11873269698 1.58412192224             1             1 -1116446.219868 23184.5209652   -2 
 991 0.00103836077 0.01935438880 0.01011968596 -78.074452629 0.12188319839 0.02006095511 7.54389500819 0.86800864195 0.72136790037 0.62181199521 0.55649788599 0.53179479966 0.50722842223 0.49615734501 0.48671407008 0.49258530048 0.48722339740 0.51177622664 0.51777516101 0.52511848695 0.55465972427 0.60190601394 0.65253102336 0.70461186292  0.8232566844 1.02023442848 -275.4443876654 0.06752060741   -3 
-- Local optimization: stuck in the same solution
---- Best joint likelihood found -275.444387665425893 with gradient 0.06752

---- Results for Mmc/51.polyDFE.config.txt 
--  Model: C
--        eps_an        lambda     theta_bar             a 
-- 0.00103836077 0.01935438880 0.01011968596            -1 
--           S_d             b           p_b           S_b 
-- -78.074452629 0.12188319839 0.02006095511 7.54389500819 
--           r 2           r 3           r 4           r 5           r 6           r 7           r 8           r 9          r 10          r 11          r 12          r 13          r 14          r 15          r 16          r 17          r 18          r 19          r 20 
-- 0.86800864195 0.72136790037 0.62181199521 0.55649788599 0.53179479966 0.50722842223 0.49615734501 0.48671407008 0.49258530048 0.48722339740 0.51177622664 0.51777516101 0.52511848695 0.55465972427 0.60190601394 0.65253102336 0.70461186292  0.8232566844 1.02023442848 

---- Expected P_neut(i), 0 < i < n (neutral SFS per site) 
E[P_neut(1)] = 0.0101096334
E[P_neut(2)] = 0.0043878383
E[P_neut(3)] = 0.0024312155
E[P_neut(4)] = 0.0015718973
E[P_neut(5)] = 0.0011255358
E[P_neut(6)] = 0.0008963955
E[P_neut(7)] = 0.0007329417
E[P_neut(8)] = 0.0006274160
E[P_neut(9)] = 0.0005471631
E[P_neut(10)] = 0.0004984809
E[P_neut(11)] = 0.0004483344
E[P_neut(12)] = 0.0004317881
E[P_neut(13)] = 0.0004033984
E[P_neut(14)] = 0.0003801111
E[P_neut(15)] = 0.0003749798
E[P_neut(16)] = 0.0003819319
E[P_neut(17)] = 0.0003905592
E[P_neut(18)] = 0.0004002853
E[P_neut(19)] = 0.0004485315

---- Expected P_sel(i), 0 < i < n (selected SFS per site) 
E[P_sel(1)] = 0.0072262491
E[P_sel(2)] = 0.0028329479
E[P_sel(3)] = 0.0014918372
E[P_sel(4)] = 0.0009339254
E[P_sel(5)] = 0.0006535888
E[P_sel(6)] = 0.0005116356
E[P_sel(7)] = 0.0004127819
E[P_sel(8)] = 0.0003496588
E[P_sel(9)] = 0.0003024444
E[P_sel(10)] = 0.0002738255
E[P_sel(11)] = 0.0002452000
E[P_sel(12)] = 0.0002355366
E[P_sel(13)] = 0.0002198893
E[P_sel(14)] = 0.0002074756
E[P_sel(15)] = 0.0002054542
E[P_sel(16)] = 0.0002107077
E[P_sel(17)] = 0.0002178487
E[P_sel(18)] = 0.0002271203
E[P_sel(19)] = 0.0002618773

---- Expected D_neut and D_sel (neutral and selected divergence per site) 
E[D_neut] = 0.0198706114
E[D_sel] = 0.0125510278

---- Expected neutral and selected misattributed polymorphism per site
E[mis_neut] = 0.0005162226
E[mis_sel] = 0.0003099330

---- alpha_div = 0.245273
---- alpha_dfe = 0.245061

