---- Running command
---- ./polyDFE -d Mmc/510.polyDFE.config.txt -m C -e 
---- Performing inference using model C

---- Performing inference on Mmc/510.polyDFE.config.txt
---- No mutation variability. Using Poisson likelihood.


---- Calculating initial values

-- Starting local optimization
-- Optimizing all parameters
  it        eps_an        lambda     theta_bar           S_d             b           p_b           S_b           r 2           r 3           r 4           r 5           r 6           r 7           r 8           r 9          r 10          r 11          r 12          r 13          r 14          r 15          r 16          r 17          r 18          r 19          r 20           ln lk          grad status 
   0           0.1 0.01930389159 0.01131535628        -20000         0.208           0.1            20 0.87844692700 0.73498632314 0.64437281903 0.58753334500 0.55570324514 0.53784863036 0.54273634969 0.53711691540 0.55925998061 0.55449995097 0.59923550020 0.62501914288 0.67615087368 0.75255166950 0.86561329031 1.11489444391 1.59142509628             1             1 -1115380.444888 23133.0555302   -2 
1271 0.00100708083 0.01929989020 0.01010756806 -78.256919297 0.12037433908 0.01718031989 8.61111778149 0.86915699085 0.72271837751 0.61988130393 0.56017755353 0.52849487633 0.50473118100 0.50036972231 0.49346491813 0.49785235252 0.48730553006 0.51543664371 0.51915531437 0.53079399935 0.55966733519 0.59116730040 0.64979890958 0.70969498796 0.81968851642 1.12966949719 -270.4004359812 0.05749616045   -8 
-- Local optimization: reached maximum number of likelihood evaluations allowed.
---- Best joint likelihood found -270.400435981267947 with gradient 0.05750

---- Results for Mmc/510.polyDFE.config.txt 
--  Model: C
--        eps_an        lambda     theta_bar             a 
-- 0.00100708083 0.01929989020 0.01010756806            -1 
--           S_d             b           p_b           S_b 
-- -78.256919297 0.12037433908 0.01718031989 8.61111778149 
--           r 2           r 3           r 4           r 5           r 6           r 7           r 8           r 9          r 10          r 11          r 12          r 13          r 14          r 15          r 16          r 17          r 18          r 19          r 20 
-- 0.86915699085 0.72271837751 0.61988130393 0.56017755353 0.52849487633 0.50473118100 0.50036972231 0.49346491813 0.49785235252 0.48730553006 0.51543664371 0.51915531437 0.53079399935 0.55966733519 0.59116730040 0.64979890958 0.70969498796 0.81968851642 1.12966949719 

---- Expected P_neut(i), 0 < i < n (neutral SFS per site) 
E[P_neut(1)] = 0.0100978281
E[P_neut(2)] = 0.0043885094
E[P_neut(3)] = 0.0024329119
E[P_neut(4)] = 0.0015651718
E[P_neut(5)] = 0.0011316459
E[P_neut(6)] = 0.0008897890
E[P_neut(7)] = 0.0007284732
E[P_neut(8)] = 0.0006319907
E[P_neut(9)] = 0.0005540851
E[P_neut(10)] = 0.0005032077
E[P_neut(11)] = 0.0004478775
E[P_neut(12)] = 0.0004343504
E[P_neut(13)] = 0.0004039734
E[P_neut(14)] = 0.0003837276
E[P_neut(15)] = 0.0003778857
E[P_neut(16)] = 0.0003746553
E[P_neut(17)] = 0.0003884094
E[P_neut(18)] = 0.0004025384
E[P_neut(19)] = 0.0004457957

---- Expected P_sel(i), 0 < i < n (selected SFS per site) 
E[P_sel(1)] = 0.0072266514
E[P_sel(2)] = 0.0028384299
E[P_sel(3)] = 0.0014958047
E[P_sel(4)] = 0.0009317604
E[P_sel(5)] = 0.0006583717
E[P_sel(6)] = 0.0005087378
E[P_sel(7)] = 0.0004108811
E[P_sel(8)] = 0.0003526413
E[P_sel(9)] = 0.0003065477
E[P_sel(10)] = 0.0002765676
E[P_sel(11)] = 0.0002449730
E[P_sel(12)] = 0.0002368401
E[P_sel(13)] = 0.0002199936
E[P_sel(14)] = 0.0002091229
E[P_sel(15)] = 0.0002065881
E[P_sel(16)] = 0.0002060978
E[P_sel(17)] = 0.0002158923
E[P_sel(18)] = 0.0002275176
E[P_sel(19)] = 0.0002594621

---- Expected D_neut and D_sel (neutral and selected divergence per site) 
E[D_neut] = 0.0198708008
E[D_sel] = 0.0125597042

---- Expected neutral and selected misattributed polymorphism per site
E[mis_neut] = 0.0005709106
E[mis_sel] = 0.0003418132

---- alpha_div = 0.238218
---- alpha_dfe = 0.238119

