---- Running command
---- ./polyDFE -d Mmc/511.polyDFE.config.txt -m C -e 
---- Performing inference using model C

---- Performing inference on Mmc/511.polyDFE.config.txt
---- No mutation variability. Using Poisson likelihood.


---- Calculating initial values

-- Starting local optimization
-- Optimizing all parameters
  it        eps_an        lambda     theta_bar           S_d             b           p_b           S_b           r 2           r 3           r 4           r 5           r 6           r 7           r 8           r 9          r 10          r 11          r 12          r 13          r 14          r 15          r 16          r 17          r 18          r 19          r 20           ln lk          grad status 
   0           0.1 0.01926818540 0.01134803344        -20000         0.208           0.1            20 0.87673181051 0.73791723575 0.64536819484 0.58585260588 0.55973354333 0.53674131401 0.54099247291 0.52830819003 0.55738621289 0.55888170914 0.59520307167 0.62503186791 0.66304046249 0.74988193584 0.85974652612 1.10477528906 1.58470793503             1             1 -1112916.181973 23094.2816501   -2 
 815 0.00071874356 0.01930379806 0.01014185348 -72.873806937 0.12832335392 0.03175057941 5.17012759030 0.86606500484 0.72151895786 0.62370065734 0.55763044383 0.53013482638 0.50802934636 0.50170253101 0.48490218997 0.49850339931 0.48394279211 0.51218091101 0.51626701176 0.52302708905 0.55519461561 0.58398043089 0.64333312994 0.71007390585 0.83214259740 1.05168871907 -270.9439668374 0.04654207909   -3 
-- Local optimization: stuck in the same solution
---- Best joint likelihood found -270.943966837454354 with gradient 0.04654

---- Results for Mmc/511.polyDFE.config.txt 
--  Model: C
--        eps_an        lambda     theta_bar             a 
-- 0.00071874356 0.01930379806 0.01014185348            -1 
--           S_d             b           p_b           S_b 
-- -72.873806937 0.12832335392 0.03175057941 5.17012759030 
--           r 2           r 3           r 4           r 5           r 6           r 7           r 8           r 9          r 10          r 11          r 12          r 13          r 14          r 15          r 16          r 17          r 18          r 19          r 20 
-- 0.86606500484 0.72151895786 0.62370065734 0.55763044383 0.53013482638 0.50802934636 0.50170253101 0.48490218997 0.49850339931 0.48394279211 0.51218091101 0.51626701176 0.52302708905 0.55519461561 0.58398043089 0.64333312994 0.71007390585 0.83214259740 1.05168871907 

---- Expected P_neut(i), 0 < i < n (neutral SFS per site) 
E[P_neut(1)] = 0.0101348833
E[P_neut(2)] = 0.0043888832
E[P_neut(3)] = 0.0024377026
E[P_neut(4)] = 0.0015804996
E[P_neut(5)] = 0.0011305381
E[P_neut(6)] = 0.0008957199
E[P_neut(7)] = 0.0007358118
E[P_neut(8)] = 0.0006358782
E[P_neut(9)] = 0.0005463510
E[P_neut(10)] = 0.0005055748
E[P_neut(11)] = 0.0004462609
E[P_neut(12)] = 0.0004330180
E[P_neut(13)] = 0.0004030014
E[P_neut(14)] = 0.0003792620
E[P_neut(15)] = 0.0003759233
E[P_neut(16)] = 0.0003710358
E[P_neut(17)] = 0.0003852767
E[P_neut(18)] = 0.0004029504
E[P_neut(19)] = 0.0004511527

---- Expected P_sel(i), 0 < i < n (selected SFS per site) 
E[P_sel(1)] = 0.0072534524
E[P_sel(2)] = 0.0028319015
E[P_sel(3)] = 0.0014937507
E[P_sel(4)] = 0.0009375925
E[P_sel(5)] = 0.0006556237
E[P_sel(6)] = 0.0005108137
E[P_sel(7)] = 0.0004143258
E[P_sel(8)] = 0.0003546174
E[P_sel(9)] = 0.0003025124
E[P_sel(10)] = 0.0002785280
E[P_sel(11)] = 0.0002451026
E[P_sel(12)] = 0.0002375652
E[P_sel(13)] = 0.0002212955
E[P_sel(14)] = 0.0002089030
E[P_sel(15)] = 0.0002082227
E[P_sel(16)] = 0.0002072854
E[P_sel(17)] = 0.0002179090
E[P_sel(18)] = 0.0002318971
E[P_sel(19)] = 0.0002663697

---- Expected D_neut and D_sel (neutral and selected divergence per site) 
E[D_neut] = 0.0198371017
E[D_sel] = 0.0125470294

---- Expected neutral and selected misattributed polymorphism per site
E[mis_neut] = 0.0005333036
E[mis_sel] = 0.0003236160

---- alpha_div = 0.271750
---- alpha_dfe = 0.271627

