---- Running command
---- ./polyDFE -d Mmc/512.polyDFE.config.txt -m C -e 
---- Performing inference using model C

---- Performing inference on Mmc/512.polyDFE.config.txt
---- No mutation variability. Using Poisson likelihood.


---- Calculating initial values

-- Starting local optimization
-- Optimizing all parameters
  it        eps_an        lambda     theta_bar           S_d             b           p_b           S_b           r 2           r 3           r 4           r 5           r 6           r 7           r 8           r 9          r 10          r 11          r 12          r 13          r 14          r 15          r 16          r 17          r 18          r 19          r 20           ln lk          grad status 
   0           0.1 0.01928263655 0.01135281653        -20000         0.208           0.1            20 0.87635543450 0.73641996519 0.64459424930 0.58189994581 0.56343287452 0.54269331641 0.54268999965 0.52913246872 0.55515505678 0.55607157210 0.60187333833 0.62990152111 0.66253796053 0.74743825689 0.86969313215 1.11170457798 1.59089309641             1             1 -1116262.103362 23165.3660879   -2 
1002 0.00046340608 0.01928819396 0.01013284343 -68.316474448 0.13035321018 0.02504794293 6.48869049226 0.86889970027 0.72260327653 0.62265256508 0.55610977367 0.53210520723 0.51230656942 0.49893289125 0.48639516192 0.49574257228 0.48923231927 0.51757897681 0.52028479748 0.52104213857 0.55685631734 0.59228909041 0.65180139294 0.72320025131 0.83306213886 1.11394016949 -272.1562438011 0.05179864589   -8 
-- Local optimization: reached maximum number of likelihood evaluations allowed.
---- Best joint likelihood found -272.156243801102391 with gradient 0.05180

---- Results for Mmc/512.polyDFE.config.txt 
--  Model: C
--        eps_an        lambda     theta_bar             a 
-- 0.00046340608 0.01928819396 0.01013284343            -1 
--           S_d             b           p_b           S_b 
-- -68.316474448 0.13035321018 0.02504794293 6.48869049226 
--           r 2           r 3           r 4           r 5           r 6           r 7           r 8           r 9          r 10          r 11          r 12          r 13          r 14          r 15          r 16          r 17          r 18          r 19          r 20 
-- 0.86889970027 0.72260327653 0.62265256508 0.55610977367 0.53210520723 0.51230656942 0.49893289125 0.48639516192 0.49574257228 0.48923231927 0.51757897681 0.52028479748 0.52104213857 0.55685631734 0.59228909041 0.65180139294 0.72320025131 0.83306213886 1.11394016949 

---- Expected P_neut(i), 0 < i < n (neutral SFS per site) 
E[P_neut(1)] = 0.0101283537
E[P_neut(2)] = 0.0044003610
E[P_neut(3)] = 0.0024397243
E[P_neut(4)] = 0.0015767531
E[P_neut(5)] = 0.0011266467
E[P_neut(6)] = 0.0008983815
E[P_neut(7)] = 0.0007414332
E[P_neut(8)] = 0.0006318608
E[P_neut(9)] = 0.0005475735
E[P_neut(10)] = 0.0005023282
E[P_neut(11)] = 0.0004507099
E[P_neut(12)] = 0.0004371359
E[P_neut(13)] = 0.0004056915
E[P_neut(14)] = 0.0003773587
E[P_neut(15)] = 0.0003765171
E[P_neut(16)] = 0.0003756554
E[P_neut(17)] = 0.0003894570
E[P_neut(18)] = 0.0004089666
E[P_neut(19)] = 0.0004487681

---- Expected P_sel(i), 0 < i < n (selected SFS per site) 
E[P_sel(1)] = 0.0072528416
E[P_sel(2)] = 0.0028342075
E[P_sel(3)] = 0.0014897149
E[P_sel(4)] = 0.0009307932
E[P_sel(5)] = 0.0006494037
E[P_sel(6)] = 0.0005086763
E[P_sel(7)] = 0.0004140906
E[P_sel(8)] = 0.0003491612
E[P_sel(9)] = 0.0003001294
E[P_sel(10)] = 0.0002736801
E[P_sel(11)] = 0.0002445720
E[P_sel(12)] = 0.0002367138
E[P_sel(13)] = 0.0002196749
E[P_sel(14)] = 0.0002047800
E[P_sel(15)] = 0.0002053026
E[P_sel(16)] = 0.0002064718
E[P_sel(17)] = 0.0002166576
E[P_sel(18)] = 0.0002315832
E[P_sel(19)] = 0.0002610793

---- Expected D_neut and D_sel (neutral and selected divergence per site) 
E[D_neut] = 0.0198525630
E[D_sel] = 0.0125192247

---- Expected neutral and selected misattributed polymorphism per site
E[mis_neut] = 0.0005643691
E[mis_sel] = 0.0003389100

---- alpha_div = 0.265743
---- alpha_dfe = 0.265556

