---- Running command
---- ./polyDFE -d Mmc/513.polyDFE.config.txt -m C -e 
---- Performing inference using model C

---- Performing inference on Mmc/513.polyDFE.config.txt
---- No mutation variability. Using Poisson likelihood.


---- Calculating initial values

-- Starting local optimization
-- Optimizing all parameters
  it        eps_an        lambda     theta_bar           S_d             b           p_b           S_b           r 2           r 3           r 4           r 5           r 6           r 7           r 8           r 9          r 10          r 11          r 12          r 13          r 14          r 15          r 16          r 17          r 18          r 19          r 20           ln lk          grad status 
   0           0.1 0.01926267138 0.01134522384        -20000         0.208           0.1            20 0.87226014214 0.73697792480 0.64332659890 0.57735475532 0.55738923733 0.53863969501 0.53884516262 0.52673016257 0.55637305962 0.55099990173 0.59296219705 0.61638920305 0.66081176958 0.74666951221 0.85997570046 1.10770741690 1.57599132302             1             1 -1115702.092226 23123.2716161   -2 
 653 0.00166163956 0.01930378242 0.01014509755 -74.183828455 0.12429015009 0.02388866251 6.47087406520 0.86295116951 0.72175745374 0.61881098022 0.55130425078 0.52653833771 0.50889983630 0.49611036603 0.48326490536 0.49664516090 0.48452986398 0.51086345162 0.50918797725 0.51807178250 0.55895214061 0.58048143717 0.63602288628 0.69743477336 0.81457728684 1.04194677786 -270.6943270800 0.05879911702   -3 
-- Local optimization: stuck in the same solution
---- Best joint likelihood found -270.694327080040239 with gradient 0.05880

---- Results for Mmc/513.polyDFE.config.txt 
--  Model: C
--        eps_an        lambda     theta_bar             a 
-- 0.00166163956 0.01930378242 0.01014509755            -1 
--           S_d             b           p_b           S_b 
-- -74.183828455 0.12429015009 0.02388866251 6.47087406520 
--           r 2           r 3           r 4           r 5           r 6           r 7           r 8           r 9          r 10          r 11          r 12          r 13          r 14          r 15          r 16          r 17          r 18          r 19          r 20 
-- 0.86295116951 0.72175745374 0.61881098022 0.55130425078 0.52653833771 0.50889983630 0.49611036603 0.48326490536 0.49664516090 0.48452986398 0.51086345162 0.50918797725 0.51807178250 0.55895214061 0.58048143717 0.63602288628 0.69743477336 0.81457728684 1.04194677786 

---- Expected P_neut(i), 0 < i < n (neutral SFS per site) 
E[P_neut(1)] = 0.0101289628
E[P_neut(2)] = 0.0043707415
E[P_neut(3)] = 0.0024373416
E[P_neut(4)] = 0.0015674781
E[P_neut(5)] = 0.0011173765
E[P_neut(6)] = 0.0008894416
E[P_neut(7)] = 0.0007369831
E[P_neut(8)] = 0.0006288083
E[P_neut(9)] = 0.0005445895
E[P_neut(10)] = 0.0005038514
E[P_neut(11)] = 0.0004470356
E[P_neut(12)] = 0.0004322244
E[P_neut(13)] = 0.0003979315
E[P_neut(14)] = 0.0003762762
E[P_neut(15)] = 0.0003792722
E[P_neut(16)] = 0.0003700614
E[P_neut(17)] = 0.0003829846
E[P_neut(18)] = 0.0003997062
E[P_neut(19)] = 0.0004510804

---- Expected P_sel(i), 0 < i < n (selected SFS per site) 
E[P_sel(1)] = 0.0072603368
E[P_sel(2)] = 0.0028280699
E[P_sel(3)] = 0.0014983445
E[P_sel(4)] = 0.0009328964
E[P_sel(5)] = 0.0006499730
E[P_sel(6)] = 0.0005086037
E[P_sel(7)] = 0.0004159051
E[P_sel(8)] = 0.0003512424
E[P_sel(9)] = 0.0003018146
E[P_sel(10)] = 0.0002776126
E[P_sel(11)] = 0.0002453395
E[P_sel(12)] = 0.0002367151
E[P_sel(13)] = 0.0002178989
E[P_sel(14)] = 0.0002064473
E[P_sel(15)] = 0.0002090191
E[P_sel(16)] = 0.0002054904
E[P_sel(17)] = 0.0002151538
E[P_sel(18)] = 0.0002285496
E[P_sel(19)] = 0.0002657091

---- Expected D_neut and D_sel (neutral and selected divergence per site) 
E[D_neut] = 0.0198323150
E[D_sel] = 0.0125292344

---- Expected neutral and selected misattributed polymorphism per site
E[mis_neut] = 0.0005285326
E[mis_sel] = 0.0003188058

---- alpha_div = 0.252389
---- alpha_dfe = 0.252190

