---- Running command
---- ./polyDFE -d Mmc/514.polyDFE.config.txt -m C -e 
---- Performing inference using model C

---- Performing inference on Mmc/514.polyDFE.config.txt
---- No mutation variability. Using Poisson likelihood.


---- Calculating initial values

-- Starting local optimization
-- Optimizing all parameters
  it        eps_an        lambda     theta_bar           S_d             b           p_b           S_b           r 2           r 3           r 4           r 5           r 6           r 7           r 8           r 9          r 10          r 11          r 12          r 13          r 14          r 15          r 16          r 17          r 18          r 19          r 20           ln lk          grad status 
   0           0.1 0.01931483450 0.01134962379        -20000         0.208           0.1            20 0.87635846044 0.73824821382 0.64257004397 0.58217809542 0.56140823336 0.53678273749 0.53503091651 0.53337947713 0.55353169117 0.55326224011 0.59079406311 0.61379427509 0.67002678032 0.75233083861 0.85862395888 1.10336456539 1.57728082593             1             1 -1120619.450209 23241.8529379   -2 
 437 0.00197104731 0.01936871649 0.01015289311 -81.345345824 0.12275176786 0.02782245285 5.53775933914 0.86685860315 0.72288985339 0.61902926333 0.55422165220 0.53127908130 0.50665037974 0.49264232301 0.48642398184 0.49528979011 0.48460251649 0.50585011422 0.51026423997 0.52704597759 0.55798062646 0.58232724685 0.63463741105 0.69456023388 0.79069072240 1.01556803733 -272.3521362700 0.08934486498   -3 
-- Local optimization: stuck in the same solution
---- Best joint likelihood found -272.352136270099436 with gradient 0.08934

---- Results for Mmc/514.polyDFE.config.txt 
--  Model: C
--        eps_an        lambda     theta_bar             a 
-- 0.00197104731 0.01936871649 0.01015289311            -1 
--           S_d             b           p_b           S_b 
-- -81.345345824 0.12275176786 0.02782245285 5.53775933914 
--           r 2           r 3           r 4           r 5           r 6           r 7           r 8           r 9          r 10          r 11          r 12          r 13          r 14          r 15          r 16          r 17          r 18          r 19          r 20 
-- 0.86685860315 0.72288985339 0.61902926333 0.55422165220 0.53127908130 0.50665037974 0.49264232301 0.48642398184 0.49528979011 0.48460251649 0.50585011422 0.51026423997 0.52704597759 0.55798062646 0.58232724685 0.63463741105 0.69456023388 0.79069072240 1.01556803733 

---- Expected P_neut(i), 0 < i < n (neutral SFS per site) 
E[P_neut(1)] = 0.0101337141
E[P_neut(2)] = 0.0043926598
E[P_neut(3)] = 0.0024423994
E[P_neut(4)] = 0.0015688658
E[P_neut(5)] = 0.0011239169
E[P_neut(6)] = 0.0008979847
E[P_neut(7)] = 0.0007341895
E[P_neut(8)] = 0.0006248294
E[P_neut(9)] = 0.0005485346
E[P_neut(10)] = 0.0005028624
E[P_neut(11)] = 0.0004474834
E[P_neut(12)] = 0.0004283756
E[P_neut(13)] = 0.0003991751
E[P_neut(14)] = 0.0003832359
E[P_neut(15)] = 0.0003791483
E[P_neut(16)] = 0.0003718878
E[P_neut(17)] = 0.0003830989
E[P_neut(18)] = 0.0003996680
E[P_neut(19)] = 0.0004416947

---- Expected P_sel(i), 0 < i < n (selected SFS per site) 
E[P_sel(1)] = 0.0072263145
E[P_sel(2)] = 0.0028310748
E[P_sel(3)] = 0.0014971842
E[P_sel(4)] = 0.0009318861
E[P_sel(5)] = 0.0006529862
E[P_sel(6)] = 0.0005132200
E[P_sel(7)] = 0.0004143802
E[P_sel(8)] = 0.0003492821
E[P_sel(9)] = 0.0003044167
E[P_sel(10)] = 0.0002776163
E[P_sel(11)] = 0.0002462214
E[P_sel(12)] = 0.0002353571
E[P_sel(13)] = 0.0002194078
E[P_sel(14)] = 0.0002111800
E[P_sel(15)] = 0.0002099631
E[P_sel(16)] = 0.0002075800
E[P_sel(17)] = 0.0002163692
E[P_sel(18)] = 0.0002296974
E[P_sel(19)] = 0.0002613897

---- Expected D_neut and D_sel (neutral and selected divergence per site) 
E[D_neut] = 0.0198842642
E[D_sel] = 0.0125117582

---- Expected neutral and selected misattributed polymorphism per site
E[mis_neut] = 0.0005155477
E[mis_sel] = 0.0003113180

---- alpha_div = 0.255102
---- alpha_dfe = 0.254942

