---- Running command
---- ./polyDFE -d Mmc/515.polyDFE.config.txt -m C -e 
---- Performing inference using model C

---- Performing inference on Mmc/515.polyDFE.config.txt
---- No mutation variability. Using Poisson likelihood.


---- Calculating initial values

-- Starting local optimization
-- Optimizing all parameters
  it        eps_an        lambda     theta_bar           S_d             b           p_b           S_b           r 2           r 3           r 4           r 5           r 6           r 7           r 8           r 9          r 10          r 11          r 12          r 13          r 14          r 15          r 16          r 17          r 18          r 19          r 20           ln lk          grad status 
   0           0.1 0.01929255031 0.01134494662        -20000         0.208           0.1            20 0.87433534862 0.73181143403 0.64397670557 0.58436322312 0.55857223607 0.54286304030 0.53365147780 0.52655673930 0.55301254573 0.55379727172 0.59173379354 0.62492260614 0.66358583740 0.75296348377 0.86674174859 1.11075567387 1.58020278262             1             1 -1117524.650598 23182.0981868   -2 
1071 0.00068805829 0.01925395944 0.01013173997 -77.475321781 0.12313853709 0.02452602351 6.26755684882 0.86606349211 0.71689915675 0.62183271082 0.55700010604 0.52835347475 0.50780089545 0.49572747704 0.48583483512 0.49168217970 0.48360582782 0.51285774915 0.51708051594 0.52366762897 0.56133002452 0.59192926556 0.65015480635 0.70872099388 0.82792751442 1.20033476124 -275.5009275953 0.02802927578   -3 
-- Local optimization: stuck in the same solution
---- Best joint likelihood found -275.500927595305257 with gradient 0.02803

---- Results for Mmc/515.polyDFE.config.txt 
--  Model: C
--        eps_an        lambda     theta_bar             a 
-- 0.00068805829 0.01925395944 0.01013173997            -1 
--           S_d             b           p_b           S_b 
-- -77.475321781 0.12313853709 0.02452602351 6.26755684882 
--           r 2           r 3           r 4           r 5           r 6           r 7           r 8           r 9          r 10          r 11          r 12          r 13          r 14          r 15          r 16          r 17          r 18          r 19          r 20 
-- 0.86606349211 0.71689915675 0.62183271082 0.55700010604 0.52835347475 0.50780089545 0.49572747704 0.48583483512 0.49168217970 0.48360582782 0.51285774915 0.51708051594 0.52366762897 0.56133002452 0.59192926556 0.65015480635 0.70872099388 0.82792751442 1.20033476124 

---- Expected P_neut(i), 0 < i < n (neutral SFS per site) 
E[P_neut(1)] = 0.0101250725
E[P_neut(2)] = 0.0043846208
E[P_neut(3)] = 0.0024197460
E[P_neut(4)] = 0.0015742360
E[P_neut(5)] = 0.0011281603
E[P_neut(6)] = 0.0008918369
E[P_neut(7)] = 0.0007347582
E[P_neut(8)] = 0.0006276887
E[P_neut(9)] = 0.0005468582
E[P_neut(10)] = 0.0004981596
E[P_neut(11)] = 0.0004455033
E[P_neut(12)] = 0.0004331458
E[P_neut(13)] = 0.0004032227
E[P_neut(14)] = 0.0003793291
E[P_neut(15)] = 0.0003796657
E[P_neut(16)] = 0.0003756554
E[P_neut(17)] = 0.0003888816
E[P_neut(18)] = 0.0004016652
E[P_neut(19)] = 0.0004481594

---- Expected P_sel(i), 0 < i < n (selected SFS per site) 
E[P_sel(1)] = 0.0072413455
E[P_sel(2)] = 0.0028325560
E[P_sel(3)] = 0.0014859340
E[P_sel(4)] = 0.0009362679
E[P_sel(5)] = 0.0006559862
E[P_sel(6)] = 0.0005098978
E[P_sel(7)] = 0.0004146773
E[P_sel(8)] = 0.0003507078
E[P_sel(9)] = 0.0003032027
E[P_sel(10)] = 0.0002746382
E[P_sel(11)] = 0.0002446776
E[P_sel(12)] = 0.0002374235
E[P_sel(13)] = 0.0002210086
E[P_sel(14)] = 0.0002083374
E[P_sel(15)] = 0.0002094576
E[P_sel(16)] = 0.0002087974
E[P_sel(17)] = 0.0002186053
E[P_sel(18)] = 0.0002295874
E[P_sel(19)] = 0.0002628508

---- Expected D_neut and D_sel (neutral and selected divergence per site) 
E[D_neut] = 0.0198620334
E[D_sel] = 0.0125305435

---- Expected neutral and selected misattributed polymorphism per site
E[mis_neut] = 0.0006080740
E[mis_sel] = 0.0003668150

---- alpha_div = 0.251746
---- alpha_dfe = 0.251558

