---- Running command
---- ./polyDFE -d Mmc/516.polyDFE.config.txt -m C -e 
---- Performing inference using model C

---- Performing inference on Mmc/516.polyDFE.config.txt
---- No mutation variability. Using Poisson likelihood.


---- Calculating initial values

-- Starting local optimization
-- Optimizing all parameters
  it        eps_an        lambda     theta_bar           S_d             b           p_b           S_b           r 2           r 3           r 4           r 5           r 6           r 7           r 8           r 9          r 10          r 11          r 12          r 13          r 14          r 15          r 16          r 17          r 18          r 19          r 20           ln lk          grad status 
   0           0.1 0.01928246792 0.01135433994        -20000         0.208           0.1            20 0.87359184996 0.73360897270 0.64568647560 0.58051964774 0.55795741129 0.53873443745 0.53868691723 0.53791215820 0.55489884016 0.55850924354 0.60059208118 0.62796659165 0.66208806590 0.75194053984 0.87512766450 1.10795760847 1.58182056811             1             1 -1116102.877304 23144.8408636   -2 
1078 0.00069398413 0.01930370436 0.01014316435 -79.162737476 0.11949779571 0.01476681784 9.87994892299 0.86362702934 0.71911814278 0.62212565991 0.55537211724 0.52941920847 0.50836856190 0.49633537314 0.48874421591 0.49780755076 0.48519653025 0.52123176743 0.51868879307 0.52377865310 0.56379850309 0.59407463395 0.64837605454 0.71077758312 0.82764833940 1.08199616198 -265.4704165001 0.04374641663   -3 
-- Local optimization: stuck in the same solution
---- Best joint likelihood found -265.470416500145802 with gradient 0.04375

---- Results for Mmc/516.polyDFE.config.txt 
--  Model: C
--        eps_an        lambda     theta_bar             a 
-- 0.00069398413 0.01930370436 0.01014316435            -1 
--           S_d             b           p_b           S_b 
-- -79.162737476 0.11949779571 0.01476681784 9.87994892299 
--           r 2           r 3           r 4           r 5           r 6           r 7           r 8           r 9          r 10          r 11          r 12          r 13          r 14          r 15          r 16          r 17          r 18          r 19          r 20 
-- 0.86362702934 0.71911814278 0.62212565991 0.55537211724 0.52941920847 0.50836856190 0.49633537314 0.48874421591 0.49780755076 0.48519653025 0.52123176743 0.51868879307 0.52377865310 0.56379850309 0.59407463395 0.64837605454 0.71077758312 0.82764833940 1.08199616198 

---- Expected P_neut(i), 0 < i < n (neutral SFS per site) 
E[P_neut(1)] = 0.0101364318
E[P_neut(2)] = 0.0043771938
E[P_neut(3)] = 0.0024299590
E[P_neut(4)] = 0.0015767473
E[P_neut(5)] = 0.0011261288
E[P_neut(6)] = 0.0008946399
E[P_neut(7)] = 0.0007364076
E[P_neut(8)] = 0.0006291704
E[P_neut(9)] = 0.0005507519
E[P_neut(10)] = 0.0005049344
E[P_neut(11)] = 0.0004474743
E[P_neut(12)] = 0.0004407093
E[P_neut(13)] = 0.0004049339
E[P_neut(14)] = 0.0003798415
E[P_neut(15)] = 0.0003817640
E[P_neut(16)] = 0.0003774457
E[P_neut(17)] = 0.0003882768
E[P_neut(18)] = 0.0004032913
E[P_neut(19)] = 0.0004485733

---- Expected P_sel(i), 0 < i < n (selected SFS per site) 
E[P_sel(1)] = 0.0072494513
E[P_sel(2)] = 0.0028294446
E[P_sel(3)] = 0.0014930653
E[P_sel(4)] = 0.0009379724
E[P_sel(5)] = 0.0006545845
E[P_sel(6)] = 0.0005109581
E[P_sel(7)] = 0.0004148073
E[P_sel(8)] = 0.0003505054
E[P_sel(9)] = 0.0003041180
E[P_sel(10)] = 0.0002768820
E[P_sel(11)] = 0.0002440917
E[P_sel(12)] = 0.0002395466
E[P_sel(13)] = 0.0002197038
E[P_sel(14)] = 0.0002061223
E[P_sel(15)] = 0.0002076858
E[P_sel(16)] = 0.0002064777
E[P_sel(17)] = 0.0002144782
E[P_sel(18)] = 0.0002264098
E[P_sel(19)] = 0.0002593212

---- Expected D_neut and D_sel (neutral and selected divergence per site) 
E[D_neut] = 0.0198524476
E[D_sel] = 0.0125454377

---- Expected neutral and selected misattributed polymorphism per site
E[mis_neut] = 0.0005487432
E[mis_sel] = 0.0003269791

---- alpha_div = 0.234071
---- alpha_dfe = 0.233876

