---- Running command
---- ./polyDFE -d Mmc/517.polyDFE.config.txt -m C -e 
---- Performing inference using model C

---- Performing inference on Mmc/517.polyDFE.config.txt
---- No mutation variability. Using Poisson likelihood.


---- Calculating initial values

-- Starting local optimization
-- Optimizing all parameters
  it        eps_an        lambda     theta_bar           S_d             b           p_b           S_b           r 2           r 3           r 4           r 5           r 6           r 7           r 8           r 9          r 10          r 11          r 12          r 13          r 14          r 15          r 16          r 17          r 18          r 19          r 20           ln lk          grad status 
   0           0.1 0.01927285178 0.01138908206        -20000         0.208           0.1            20 0.86886184465 0.73126032783 0.64302954993 0.57780892221 0.55682135692 0.53893675940 0.54072163159 0.52836191711 0.54680255019 0.55809323628 0.59012226605 0.62229347938 0.67137442612 0.75344935064 0.85095794896 1.11208926986 1.58048969246             1             1 -1116258.367685 23151.2966204   -2 
1284 0.00041393426 0.01928511275 0.01016563842 -83.206383064 0.11849117071 0.01756370872 8.34047892895 0.86057587471 0.71825012372 0.62053102990 0.55171836821 0.52889342848 0.50517018057 0.49825357707 0.48358529692 0.49119729759 0.48655985085 0.50694302970 0.51517668123 0.53281581473 0.56481677952 0.58137660424 0.65231209980 0.71616233403 0.82508092073 1.10061151554 -273.5672771245 0.01715922204   -3 
-- Local optimization: stuck in the same solution
---- Best joint likelihood found -273.567277124573593 with gradient 0.01716

---- Results for Mmc/517.polyDFE.config.txt 
--  Model: C
--        eps_an        lambda     theta_bar             a 
-- 0.00041393426 0.01928511275 0.01016563842            -1 
--           S_d             b           p_b           S_b 
-- -83.206383064 0.11849117071 0.01756370872 8.34047892895 
--           r 2           r 3           r 4           r 5           r 6           r 7           r 8           r 9          r 10          r 11          r 12          r 13          r 14          r 15          r 16          r 17          r 18          r 19          r 20 
-- 0.86057587471 0.71825012372 0.62053102990 0.55171836821 0.52889342848 0.50517018057 0.49825357707 0.48358529692 0.49119729759 0.48655985085 0.50694302970 0.51517668123 0.53281581473 0.56481677952 0.58137660424 0.65231209980 0.71616233403 0.82508092073 1.10061151554 

---- Expected P_neut(i), 0 < i < n (neutral SFS per site) 
E[P_neut(1)] = 0.0101616132
E[P_neut(2)] = 0.0043725084
E[P_neut(3)] = 0.0024329777
E[P_neut(4)] = 0.0015765236
E[P_neut(5)] = 0.0011214080
E[P_neut(6)] = 0.0008958791
E[P_neut(7)] = 0.0007334884
E[P_neut(8)] = 0.0006330489
E[P_neut(9)] = 0.0005461771
E[P_neut(10)] = 0.0004993334
E[P_neut(11)] = 0.0004496937
E[P_neut(12)] = 0.0004295343
E[P_neut(13)] = 0.0004029908
E[P_neut(14)] = 0.0003870974
E[P_neut(15)] = 0.0003830874
E[P_neut(16)] = 0.0003698789
E[P_neut(17)] = 0.0003909147
E[P_neut(18)] = 0.0004061014
E[P_neut(19)] = 0.0004454712

---- Expected P_sel(i), 0 < i < n (selected SFS per site) 
E[P_sel(1)] = 0.0072531437
E[P_sel(2)] = 0.0028236803
E[P_sel(3)] = 0.0014946807
E[P_sel(4)] = 0.0009383040
E[P_sel(5)] = 0.0006525402
E[P_sel(6)] = 0.0005124923
E[P_sel(7)] = 0.0004140487
E[P_sel(8)] = 0.0003536090
E[P_sel(9)] = 0.0003025618
E[P_sel(10)] = 0.0002748458
E[P_sel(11)] = 0.0002463749
E[P_sel(12)] = 0.0002346397
E[P_sel(13)] = 0.0002198866
E[P_sel(14)] = 0.0002113923
E[P_sel(15)] = 0.0002098730
E[P_sel(16)] = 0.0002038933
E[P_sel(17)] = 0.0002176892
E[P_sel(18)] = 0.0002297897
E[P_sel(19)] = 0.0002588334

---- Expected D_neut and D_sel (neutral and selected divergence per site) 
E[D_neut] = 0.0198445337
E[D_sel] = 0.0125338838

---- Expected neutral and selected misattributed polymorphism per site
E[mis_neut] = 0.0005594209
E[mis_sel] = 0.0003352425

---- alpha_div = 0.236432
---- alpha_dfe = 0.236240

