---- Running command
---- ./polyDFE -d Mmc/518.polyDFE.config.txt -m C -e 
---- Performing inference using model C

---- Performing inference on Mmc/518.polyDFE.config.txt
---- No mutation variability. Using Poisson likelihood.


---- Calculating initial values

-- Starting local optimization
-- Optimizing all parameters
  it        eps_an        lambda     theta_bar           S_d             b           p_b           S_b           r 2           r 3           r 4           r 5           r 6           r 7           r 8           r 9          r 10          r 11          r 12          r 13          r 14          r 15          r 16          r 17          r 18          r 19          r 20           ln lk          grad status 
   0           0.1 0.01929620166 0.01133056336        -20000         0.208           0.1            20 0.87049344053 0.73699179791 0.64577045377 0.58095213947 0.56493793099 0.54059590160 0.53911077176 0.52924042999 0.55187673152 0.55197007468 0.60030321300 0.62231151564 0.67715289171 0.74746766932 0.86365352682 1.11554418382 1.57268039033             1             1 -1119839.587179 23164.9421241   -2 
 660 0.00341273209 0.01935249111 0.01014050280 -73.722347002 0.12402881797 0.02474520507 6.08260629886 0.86414121852 0.72010834508 0.62535144646 0.55291064933 0.53437455650 0.50732670451 0.49611121910 0.48508431446 0.49220533359 0.48345196412 0.51644660470 0.51263741701 0.52924876073 0.55621750427 0.57997231997 0.63864796670 0.68448029449 0.77514386554 1.00770178064 -267.7582545302 0.20173884672   -3 
-- Local optimization: stuck in the same solution
---- Best joint likelihood found -267.758254530286649 with gradient 0.20174

---- Results for Mmc/518.polyDFE.config.txt 
--  Model: C
--        eps_an        lambda     theta_bar             a 
-- 0.00341273209 0.01935249111 0.01014050280            -1 
--           S_d             b           p_b           S_b 
-- -73.722347002 0.12402881797 0.02474520507 6.08260629886 
--           r 2           r 3           r 4           r 5           r 6           r 7           r 8           r 9          r 10          r 11          r 12          r 13          r 14          r 15          r 16          r 17          r 18          r 19          r 20 
-- 0.86414121852 0.72010834508 0.62535144646 0.55291064933 0.53437455650 0.50732670451 0.49611121910 0.48508431446 0.49220533359 0.48345196412 0.51644660470 0.51263741701 0.52924876073 0.55621750427 0.57997231997 0.63864796670 0.68448029449 0.77514386554 1.00770178064 

---- Expected P_neut(i), 0 < i < n (neutral SFS per site) 
E[P_neut(1)] = 0.0101073078
E[P_neut(2)] = 0.0043677766
E[P_neut(3)] = 0.0024270801
E[P_neut(4)] = 0.0015811886
E[P_neut(5)] = 0.0011188148
E[P_neut(6)] = 0.0009013639
E[P_neut(7)] = 0.0007337919
E[P_neut(8)] = 0.0006281954
E[P_neut(9)] = 0.0005462112
E[P_neut(10)] = 0.0004991210
E[P_neut(11)] = 0.0004460212
E[P_neut(12)] = 0.0004370757
E[P_neut(13)] = 0.0004010205
E[P_neut(14)] = 0.0003851202
E[P_neut(15)] = 0.0003785653
E[P_neut(16)] = 0.0003717316
E[P_neut(17)] = 0.0003879604
E[P_neut(18)] = 0.0003992463
E[P_neut(19)] = 0.0004468975

---- Expected P_sel(i), 0 < i < n (selected SFS per site) 
E[P_sel(1)] = 0.0072555828
E[P_sel(2)] = 0.0028315592
E[P_sel(3)] = 0.0014952251
E[P_sel(4)] = 0.0009432174
E[P_sel(5)] = 0.0006523860
E[P_sel(6)] = 0.0005167267
E[P_sel(7)] = 0.0004151940
E[P_sel(8)] = 0.0003518551
E[P_sel(9)] = 0.0003035627
E[P_sel(10)] = 0.0002757988
E[P_sel(11)] = 0.0002455051
E[P_sel(12)] = 0.0002400914
E[P_sel(13)] = 0.0002202597
E[P_sel(14)] = 0.0002119492
E[P_sel(15)] = 0.0002092708
E[P_sel(16)] = 0.0002070577
E[P_sel(17)] = 0.0002186445
E[P_sel(18)] = 0.0002292133
E[P_sel(19)] = 0.0002656893

---- Expected D_neut and D_sel (neutral and selected divergence per site) 
E[D_neut] = 0.0198634212
E[D_sel] = 0.0124893803

---- Expected neutral and selected misattributed polymorphism per site
E[mis_neut] = 0.0005109301
E[mis_sel] = 0.0003076999

---- alpha_div = 0.247719
---- alpha_dfe = 0.247662

