---- Running command
---- ./polyDFE -d Mmc/519.polyDFE.config.txt -m C -e 
---- Performing inference using model C

---- Performing inference on Mmc/519.polyDFE.config.txt
---- No mutation variability. Using Poisson likelihood.


---- Calculating initial values

-- Starting local optimization
-- Optimizing all parameters
  it        eps_an        lambda     theta_bar           S_d             b           p_b           S_b           r 2           r 3           r 4           r 5           r 6           r 7           r 8           r 9          r 10          r 11          r 12          r 13          r 14          r 15          r 16          r 17          r 18          r 19          r 20           ln lk          grad status 
   0           0.1 0.01929153935 0.01135214285        -20000         0.208           0.1            20 0.87227450761 0.73466087008 0.64687655817 0.58068995710 0.55757155335 0.53986621083 0.54060128579 0.53114505519 0.55664692172 0.55472181483 0.59647835795 0.62907257684 0.67862514820 0.75124225118 0.86950818056 1.11935965607 1.58998805558             1             1 -1117350.803145 23157.9443024   -2 
 726 0.00131537501 0.01931144724 0.01013733127 -74.970544807 0.12162023647 0.01482086566 9.89012638407 0.86579662962 0.72074277396 0.62257172134 0.55544672398 0.52936957179 0.50843905544 0.49735317250 0.48863730927 0.49809962990 0.48427150957 0.51277248179 0.51575192557 0.53262429742 0.55955419681 0.59527800373 0.65584003562 0.72193280330 0.81286813266 1.08115903691 -280.0827937697 0.03885941335   -3 
-- Local optimization: stuck in the same solution
---- Best joint likelihood found -280.082793769761338 with gradient 0.03886

---- Results for Mmc/519.polyDFE.config.txt 
--  Model: C
--        eps_an        lambda     theta_bar             a 
-- 0.00131537501 0.01931144724 0.01013733127            -1 
--           S_d             b           p_b           S_b 
-- -74.970544807 0.12162023647 0.01482086566 9.89012638407 
--           r 2           r 3           r 4           r 5           r 6           r 7           r 8           r 9          r 10          r 11          r 12          r 13          r 14          r 15          r 16          r 17          r 18          r 19          r 20 
-- 0.86579662962 0.72074277396 0.62257172134 0.55544672398 0.52936957179 0.50843905544 0.49735317250 0.48863730927 0.49809962990 0.48427150957 0.51277248179 0.51575192557 0.53262429742 0.55955419681 0.59527800373 0.65584003562 0.72193280330 0.81286813266 1.08115903691 

---- Expected P_neut(i), 0 < i < n (neutral SFS per site) 
E[P_neut(1)] = 0.0101245674
E[P_neut(2)] = 0.0043831960
E[P_neut(3)] = 0.0024327803
E[P_neut(4)] = 0.0015762246
E[P_neut(5)] = 0.0011251656
E[P_neut(6)] = 0.0008937300
E[P_neut(7)] = 0.0007358769
E[P_neut(8)] = 0.0006299700
E[P_neut(9)] = 0.0005502496
E[P_neut(10)] = 0.0005049401
E[P_neut(11)] = 0.0004464297
E[P_neut(12)] = 0.0004334379
E[P_neut(13)] = 0.0004026201
E[P_neut(14)] = 0.0003863398
E[P_neut(15)] = 0.0003791430
E[P_neut(16)] = 0.0003787374
E[P_neut(17)] = 0.0003937755
E[P_neut(18)] = 0.0004118194
E[P_neut(19)] = 0.0004464646

---- Expected P_sel(i), 0 < i < n (selected SFS per site) 
E[P_sel(1)] = 0.0072540220
E[P_sel(2)] = 0.0028349803
E[P_sel(3)] = 0.0014944473
E[P_sel(4)] = 0.0009369163
E[P_sel(5)] = 0.0006532341
E[P_sel(6)] = 0.0005096567
E[P_sel(7)] = 0.0004137657
E[P_sel(8)] = 0.0003502466
E[P_sel(9)] = 0.0003031767
E[P_sel(10)] = 0.0002762389
E[P_sel(11)] = 0.0002429239
E[P_sel(12)] = 0.0002349932
E[P_sel(13)] = 0.0002178762
E[P_sel(14)] = 0.0002090918
E[P_sel(15)] = 0.0002057143
E[P_sel(16)] = 0.0002066542
E[P_sel(17)] = 0.0002170091
E[P_sel(18)] = 0.0002308115
E[P_sel(19)] = 0.0002583662

---- Expected D_neut and D_sel (neutral and selected divergence per site) 
E[D_neut] = 0.0198594506
E[D_sel] = 0.0125257266

---- Expected neutral and selected misattributed polymorphism per site
E[mis_neut] = 0.0005480034
E[mis_sel] = 0.0003257759

---- alpha_div = 0.235443
---- alpha_dfe = 0.235419

