---- Running command
---- ./polyDFE -d Mmc/52.polyDFE.config.txt -m C -e 
---- Performing inference using model C

---- Performing inference on Mmc/52.polyDFE.config.txt
---- No mutation variability. Using Poisson likelihood.


---- Calculating initial values

-- Starting local optimization
-- Optimizing all parameters
  it        eps_an        lambda     theta_bar           S_d             b           p_b           S_b           r 2           r 3           r 4           r 5           r 6           r 7           r 8           r 9          r 10          r 11          r 12          r 13          r 14          r 15          r 16          r 17          r 18          r 19          r 20           ln lk          grad status 
   0           0.1 0.01928078739 0.01135326863        -20000         0.208           0.1            20 0.87164874627 0.73798198326 0.64490340456 0.57966261944 0.55429186154 0.54629467655 0.53522085667 0.52780558240 0.54677722863 0.55991850900 0.59185317850 0.62101783075 0.66409832838 0.73781016276 0.86747153545 1.10484193805 1.59034850322             1             1 -1114436.134466 23140.4690282   -2 
 947 0.00041327544 0.01929810613 0.01013674408 -79.583549305 0.12259560631 0.02432023582 6.36149770503 0.86372073562 0.72239688913 0.62171233645 0.55207324505 0.52705965043 0.51161162565 0.49309745872 0.48372863584 0.49297682096 0.49090770113 0.51151114197 0.51236606479 0.52792233608 0.55127507805 0.58918800111 0.64404510782 0.71906258721 0.83002224960 1.09085524553 -271.1042160982 0.02761461145   -3 
-- Local optimization: stuck in the same solution
---- Best joint likelihood found -271.104216098276083 with gradient 0.02761

---- Results for Mmc/52.polyDFE.config.txt 
--  Model: C
--        eps_an        lambda     theta_bar             a 
-- 0.00041327544 0.01929810613 0.01013674408            -1 
--           S_d             b           p_b           S_b 
-- -79.583549305 0.12259560631 0.02432023582 6.36149770503 
--           r 2           r 3           r 4           r 5           r 6           r 7           r 8           r 9          r 10          r 11          r 12          r 13          r 14          r 15          r 16          r 17          r 18          r 19          r 20 
-- 0.86372073562 0.72239688913 0.62171233645 0.55207324505 0.52705965043 0.51161162565 0.49309745872 0.48372863584 0.49297682096 0.49090770113 0.51151114197 0.51236606479 0.52792233608 0.55127507805 0.58918800111 0.64404510782 0.71906258721 0.83002224960 1.09085524553 

---- Expected P_neut(i), 0 < i < n (neutral SFS per site) 
E[P_neut(1)] = 0.0101327378
E[P_neut(2)] = 0.0043760162
E[P_neut(3)] = 0.0024400674
E[P_neut(4)] = 0.0015750378
E[P_neut(5)] = 0.0011189364
E[P_neut(6)] = 0.0008902348
E[P_neut(7)] = 0.0007407269
E[P_neut(8)] = 0.0006247207
E[P_neut(9)] = 0.0005447877
E[P_neut(10)] = 0.0004997180
E[P_neut(11)] = 0.0004524205
E[P_neut(12)] = 0.0004321678
E[P_neut(13)] = 0.0003996583
E[P_neut(14)] = 0.0003824539
E[P_neut(15)] = 0.0003728509
E[P_neut(16)] = 0.0003737749
E[P_neut(17)] = 0.0003848807
E[P_neut(18)] = 0.0004065837
E[P_neut(19)] = 0.0004468338

---- Expected P_sel(i), 0 < i < n (selected SFS per site) 
E[P_sel(1)] = 0.0072328682
E[P_sel(2)] = 0.0028219880
E[P_sel(3)] = 0.0014960055
E[P_sel(4)] = 0.0009353509
E[P_sel(5)] = 0.0006497122
E[P_sel(6)] = 0.0005083042
E[P_sel(7)] = 0.0004175126
E[P_sel(8)] = 0.0003486203
E[P_sel(9)] = 0.0003016953
E[P_sel(10)] = 0.0002751792
E[P_sel(11)] = 0.0002481976
E[P_sel(12)] = 0.0002366289
E[P_sel(13)] = 0.0002188231
E[P_sel(14)] = 0.0002098387
E[P_sel(15)] = 0.0002054969
E[P_sel(16)] = 0.0002075593
E[P_sel(17)] = 0.0002161667
E[P_sel(18)] = 0.0002321829
E[P_sel(19)] = 0.0002616625

---- Expected D_neut and D_sel (neutral and selected divergence per site) 
E[D_neut] = 0.0198509922
E[D_sel] = 0.0125386281

---- Expected neutral and selected misattributed polymorphism per site
E[mis_neut] = 0.0005528860
E[mis_sel] = 0.0003336138

---- alpha_div = 0.252900
---- alpha_dfe = 0.252689

