---- Running command
---- ./polyDFE -d Mmc/520.polyDFE.config.txt -m C -e 
---- Performing inference using model C

---- Performing inference on Mmc/520.polyDFE.config.txt
---- No mutation variability. Using Poisson likelihood.


---- Calculating initial values

-- Starting local optimization
-- Optimizing all parameters
  it        eps_an        lambda     theta_bar           S_d             b           p_b           S_b           r 2           r 3           r 4           r 5           r 6           r 7           r 8           r 9          r 10          r 11          r 12          r 13          r 14          r 15          r 16          r 17          r 18          r 19          r 20           ln lk          grad status 
   0           0.1 0.01933223928 0.01135927306        -20000         0.208           0.1            20 0.87290115379 0.73787469116 0.64153709270 0.58160792635 0.55619388245 0.53711737962 0.53841310240 0.53419908906 0.55008975446 0.55608936250 0.59905019748 0.62405367319 0.66730478953 0.74580209070 0.86869419629 1.10523281321 1.57469191085             1             1 -1120473.292860 23237.7230163   -2 
 420 0.00299340354 0.01938577662 0.01016554091 -82.566605514 0.11738828208 0.01298365492 10.7293659445 0.86444799186 0.72120958541 0.61817706076 0.55408611191 0.52571097225 0.50408300106 0.49797541778 0.48665181750 0.49540198187 0.48273653951 0.51553108329 0.51439685262  0.5269313181 0.55516013204 0.58966745408 0.64282577068 0.69154128677 0.78554240558 1.01067999663 -280.1384684844 0.39647462759   -8 
-- Local optimization: reached maximum number of likelihood evaluations allowed.
---- Best joint likelihood found -280.138468484437908 with gradient 0.39647

---- Results for Mmc/520.polyDFE.config.txt 
--  Model: C
--        eps_an        lambda     theta_bar             a 
-- 0.00299340354 0.01938577662 0.01016554091            -1 
--           S_d             b           p_b           S_b 
-- -82.566605514 0.11738828208 0.01298365492 10.7293659445 
--           r 2           r 3           r 4           r 5           r 6           r 7           r 8           r 9          r 10          r 11          r 12          r 13          r 14          r 15          r 16          r 17          r 18          r 19          r 20 
-- 0.86444799186 0.72120958541 0.61817706076 0.55408611191 0.52571097225 0.50408300106 0.49797541778 0.48665181750 0.49540198187 0.48273653951 0.51553108329 0.51439685262  0.5269313181 0.55516013204 0.58966745408 0.64282577068 0.69154128677 0.78554240558 1.01067999663 

---- Expected P_neut(i), 0 < i < n (neutral SFS per site) 
E[P_neut(1)] = 0.0101363694
E[P_neut(2)] = 0.0043818074
E[P_neut(3)] = 0.0024376638
E[P_neut(4)] = 0.0015674448
E[P_neut(5)] = 0.0011242711
E[P_neut(6)] = 0.0008891685
E[P_neut(7)] = 0.0007310523
E[P_neut(8)] = 0.0006321868
E[P_neut(9)] = 0.0005493654
E[P_neut(10)] = 0.0005036029
E[P_neut(11)] = 0.0004464262
E[P_neut(12)] = 0.0004373079
E[P_neut(13)] = 0.0004032274
E[P_neut(14)] = 0.0003841310
E[P_neut(15)] = 0.0003784794
E[P_neut(16)] = 0.0003782243
E[P_neut(17)] = 0.0003905572
E[P_neut(18)] = 0.0004025328
E[P_neut(19)] = 0.0004494590

---- Expected P_sel(i), 0 < i < n (selected SFS per site) 
E[P_sel(1)] = 0.0072408336
E[P_sel(2)] = 0.0028317574
E[P_sel(3)] = 0.0014982535
E[P_sel(4)] = 0.0009329955
E[P_sel(5)] = 0.0006539943
E[P_sel(6)] = 0.0005082432
E[P_sel(7)] = 0.0004121168
E[P_sel(8)] = 0.0003524379
E[P_sel(9)] = 0.0003035303
E[P_sel(10)] = 0.0002762626
E[P_sel(11)] = 0.0002435595
E[P_sel(12)] = 0.0002376658
E[P_sel(13)] = 0.0002186718
E[P_sel(14)] = 0.0002082658
E[P_sel(15)] = 0.0002056283
E[P_sel(16)] = 0.0002065552
E[P_sel(17)] = 0.0002153641
E[P_sel(18)] = 0.0002259015
E[P_sel(19)] = 0.0002619100

---- Expected D_neut and D_sel (neutral and selected divergence per site) 
E[D_neut] = 0.0198994821
E[D_sel] = 0.0125085313

---- Expected neutral and selected misattributed polymorphism per site
E[mis_neut] = 0.0005137054
E[mis_sel] = 0.0003042578

---- alpha_div = 0.223996
---- alpha_dfe = 0.224060

