---- Running command
---- ./polyDFE -d Mmc/521.polyDFE.config.txt -m C -e 
---- Performing inference using model C

---- Performing inference on Mmc/521.polyDFE.config.txt
---- No mutation variability. Using Poisson likelihood.


---- Calculating initial values

-- Starting local optimization
-- Optimizing all parameters
  it        eps_an        lambda     theta_bar           S_d             b           p_b           S_b           r 2           r 3           r 4           r 5           r 6           r 7           r 8           r 9          r 10          r 11          r 12          r 13          r 14          r 15          r 16          r 17          r 18          r 19          r 20           ln lk          grad status 
   0           0.1 0.01927114586 0.01136152793        -20000         0.208           0.1            20 0.87185315332 0.73323428874 0.64124113473 0.58395249421 0.56389340499 0.54186880862 0.53961804415 0.53416442820 0.55179791995 0.55828338762 0.59494086540 0.62461509431 0.67119925654 0.74935819710 0.86358661036 1.10928213939 1.58041383438             1             1 -1115972.495197 23156.1180794   -2 
 796 0.00159248418 0.01925681634 0.01015051089 -70.975663496 0.12874326530 0.02728708639 5.94648453214 0.86428676666 0.71933387381 0.61905635039 0.55776297897 0.53470686335 0.50991235689 0.49797354500 0.48509527806 0.49682018019 0.48475931519 0.51478388211 0.51243653881 0.53103826649 0.55987577011 0.58348168796 0.64841749145 0.70071115906 0.80270314487 1.15024819195 -267.4741612909 0.06458445218   -3 
-- Local optimization: stuck in the same solution
---- Best joint likelihood found -267.474161290912889 with gradient 0.06458

---- Results for Mmc/521.polyDFE.config.txt 
--  Model: C
--        eps_an        lambda     theta_bar             a 
-- 0.00159248418 0.01925681634 0.01015051089            -1 
--           S_d             b           p_b           S_b 
-- -70.975663496 0.12874326530 0.02728708639 5.94648453214 
--           r 2           r 3           r 4           r 5           r 6           r 7           r 8           r 9          r 10          r 11          r 12          r 13          r 14          r 15          r 16          r 17          r 18          r 19          r 20 
-- 0.86428676666 0.71933387381 0.61905635039 0.55776297897 0.53470686335 0.50991235689 0.49797354500 0.48509527806 0.49682018019 0.48475931519 0.51478388211 0.51243653881 0.53103826649 0.55987577011 0.58348168796 0.64841749145 0.70071115906 0.80270314487 1.15024819195 

---- Expected P_neut(i), 0 < i < n (neutral SFS per site) 
E[P_neut(1)] = 0.0101350293
E[P_neut(2)] = 0.0043801200
E[P_neut(3)] = 0.0024306094
E[P_neut(4)] = 0.0015690224
E[P_neut(5)] = 0.0011311160
E[P_neut(6)] = 0.0009037639
E[P_neut(7)] = 0.0007388698
E[P_neut(8)] = 0.0006315230
E[P_neut(9)] = 0.0005469483
E[P_neut(10)] = 0.0005042979
E[P_neut(11)] = 0.0004474821
E[P_neut(12)] = 0.0004357560
E[P_neut(13)] = 0.0004006551
E[P_neut(14)] = 0.0003858495
E[P_neut(15)] = 0.0003800682
E[P_neut(16)] = 0.0003720770
E[P_neut(17)] = 0.0003904222
E[P_neut(18)] = 0.0004014993
E[P_neut(19)] = 0.0004443157

---- Expected P_sel(i), 0 < i < n (selected SFS per site) 
E[P_sel(1)] = 0.0072543312
E[P_sel(2)] = 0.0028236494
E[P_sel(3)] = 0.0014868441
E[P_sel(4)] = 0.0009285631
E[P_sel(5)] = 0.0006539987
E[P_sel(6)] = 0.0005135675
E[P_sel(7)] = 0.0004143364
E[P_sel(8)] = 0.0003505450
E[P_sel(9)] = 0.0003012617
E[P_sel(10)] = 0.0002762177
E[P_sel(11)] = 0.0002442128
E[P_sel(12)] = 0.0002374138
E[P_sel(13)] = 0.0002183639
E[P_sel(14)] = 0.0002108343
E[P_sel(15)] = 0.0002087450
E[P_sel(16)] = 0.0002060619
E[P_sel(17)] = 0.0002189221
E[P_sel(18)] = 0.0002293181
E[P_sel(19)] = 0.0002615402

---- Expected D_neut and D_sel (neutral and selected divergence per site) 
E[D_neut] = 0.0198405967
E[D_sel] = 0.0125278971

---- Expected neutral and selected misattributed polymorphism per site
E[mis_neut] = 0.0005837803
E[mis_sel] = 0.0003521824

---- alpha_div = 0.266294
---- alpha_dfe = 0.266182

