---- Running command
---- ./polyDFE -d Mmc/522.polyDFE.config.txt -m C -e 
---- Performing inference using model C

---- Performing inference on Mmc/522.polyDFE.config.txt
---- No mutation variability. Using Poisson likelihood.


---- Calculating initial values

-- Starting local optimization
-- Optimizing all parameters
  it        eps_an        lambda     theta_bar           S_d             b           p_b           S_b           r 2           r 3           r 4           r 5           r 6           r 7           r 8           r 9          r 10          r 11          r 12          r 13          r 14          r 15          r 16          r 17          r 18          r 19          r 20           ln lk          grad status 
   0           0.1 0.01929892678 0.01138328024        -20000         0.208           0.1            20 0.87042996422 0.73304782827 0.64528101396 0.58164218760 0.55365809372 0.54268560184 0.53643235011 0.52902082744 0.56151184311 0.55259385589 0.58811516933 0.62787917722 0.66601407871 0.74801732038 0.86621754687 1.10248848944 1.57163008670             1             1 -1118257.524442 23166.0196631   -2 
 522 0.00176982467 0.01935442456 0.01017093587 -75.972727150 0.12514436787 0.02675887042 5.82630071736 0.86371830938 0.71935904971 0.62070836812 0.55674786074 0.52533476808 0.50956170717 0.49426894879 0.48638207608 0.49806635328 0.48448665582 0.51000747813 0.51510642373 0.52925971035 0.55511574302 0.59072682006 0.63280732323 0.69316908801 0.79583762895 1.01798263495 -286.8478238770 0.09967819605   -3 
-- Local optimization: stuck in the same solution
---- Best joint likelihood found -286.847823877047631 with gradient 0.09968

---- Results for Mmc/522.polyDFE.config.txt 
--  Model: C
--        eps_an        lambda     theta_bar             a 
-- 0.00176982467 0.01935442456 0.01017093587            -1 
--           S_d             b           p_b           S_b 
-- -75.972727150 0.12514436787 0.02675887042 5.82630071736 
--           r 2           r 3           r 4           r 5           r 6           r 7           r 8           r 9          r 10          r 11          r 12          r 13          r 14          r 15          r 16          r 17          r 18          r 19          r 20 
-- 0.86371830938 0.71935904971 0.62070836812 0.55674786074 0.52533476808 0.50956170717 0.49426894879 0.48638207608 0.49806635328 0.48448665582 0.51000747813 0.51510642373 0.52925971035 0.55511574302 0.59072682006 0.63280732323 0.69316908801 0.79583762895 1.01798263495 

---- Expected P_neut(i), 0 < i < n (neutral SFS per site) 
E[P_neut(1)] = 0.0101536891
E[P_neut(2)] = 0.0043853312
E[P_neut(3)] = 0.0024352053
E[P_neut(4)] = 0.0015761675
E[P_neut(5)] = 0.0011311911
E[P_neut(6)] = 0.0008896288
E[P_neut(7)] = 0.0007397914
E[P_neut(8)] = 0.0006280501
E[P_neut(9)] = 0.0005494823
E[P_neut(10)] = 0.0005065801
E[P_neut(11)] = 0.0004481511
E[P_neut(12)] = 0.0004326182
E[P_neut(13)] = 0.0004036059
E[P_neut(14)] = 0.0003854003
E[P_neut(15)] = 0.0003777413
E[P_neut(16)] = 0.0003776440
E[P_neut(17)] = 0.0003822488
E[P_neut(18)] = 0.0003987572
E[P_neut(19)] = 0.0004432686

---- Expected P_sel(i), 0 < i < n (selected SFS per site) 
E[P_sel(1)] = 0.0072581132
E[P_sel(2)] = 0.0028289634
E[P_sel(3)] = 0.0014925893
E[P_sel(4)] = 0.0009354114
E[P_sel(5)] = 0.0006562671
E[P_sel(6)] = 0.0005074751
E[P_sel(7)] = 0.0004165800
E[P_sel(8)] = 0.0003501517
E[P_sel(9)] = 0.0003040400
E[P_sel(10)] = 0.0002787632
E[P_sel(11)] = 0.0002457291
E[P_sel(12)] = 0.0002368072
E[P_sel(13)] = 0.0002209795
E[P_sel(14)] = 0.0002115143
E[P_sel(15)] = 0.0002083207
E[P_sel(16)] = 0.0002099188
E[P_sel(17)] = 0.0002150166
E[P_sel(18)] = 0.0002283043
E[P_sel(19)] = 0.0002613798

---- Expected D_neut and D_sel (neutral and selected divergence per site) 
E[D_neut] = 0.0198721164
E[D_sel] = 0.0125095060

---- Expected neutral and selected misattributed polymorphism per site
E[mis_neut] = 0.0005176918
E[mis_sel] = 0.0003120781

---- alpha_div = 0.257265
---- alpha_dfe = 0.256936

