---- Running command
---- ./polyDFE -d Mmc/523.polyDFE.config.txt -m C -e 
---- Performing inference using model C

---- Performing inference on Mmc/523.polyDFE.config.txt
---- No mutation variability. Using Poisson likelihood.


---- Calculating initial values

-- Starting local optimization
-- Optimizing all parameters
  it        eps_an        lambda     theta_bar           S_d             b           p_b           S_b           r 2           r 3           r 4           r 5           r 6           r 7           r 8           r 9          r 10          r 11          r 12          r 13          r 14          r 15          r 16          r 17          r 18          r 19          r 20           ln lk          grad status 
   0           0.1 0.01928639803 0.01135852516        -20000         0.208           0.1            20 0.87670244458 0.73434477956 0.64833061632 0.58350162205 0.55917979469 0.54062704048 0.52848915300 0.53239827366 0.55507321471 0.55350610936 0.59190540880 0.62807900091 0.66566940642 0.75513355425 0.86883847513 1.10798272964 1.58082389320             1             1 -1115830.171772 23143.9678474   -2 
1049 0.00022323377 0.01932019581 0.01013602190 -76.922003615 0.12539498369 0.02954521962 5.37547120473 0.86874035198 0.72102177460 0.62567720604 0.55781825367 0.53126610663 0.50566944836 0.49172093328 0.48541730755 0.49777719100 0.48384592764 0.51181265895 0.51969274604 0.52430656013 0.56107474170 0.59187241527 0.64920603950 0.71580428236 0.83536585550 1.05733002527 -267.7860482658 0.03858640302   -3 
-- Local optimization: stuck in the same solution
---- Best joint likelihood found -267.786048265828867 with gradient 0.03859

---- Results for Mmc/523.polyDFE.config.txt 
--  Model: C
--        eps_an        lambda     theta_bar             a 
-- 0.00022323377 0.01932019581 0.01013602190            -1 
--           S_d             b           p_b           S_b 
-- -76.922003615 0.12539498369 0.02954521962 5.37547120473 
--           r 2           r 3           r 4           r 5           r 6           r 7           r 8           r 9          r 10          r 11          r 12          r 13          r 14          r 15          r 16          r 17          r 18          r 19          r 20 
-- 0.86874035198 0.72102177460 0.62567720604 0.55781825367 0.53126610663 0.50566944836 0.49172093328 0.48541730755 0.49777719100 0.48384592764 0.51181265895 0.51969274604 0.52430656013 0.56107474170 0.59187241527 0.64920603950 0.71580428236 0.83536585550 1.05733002527 

---- Expected P_neut(i), 0 < i < n (neutral SFS per site) 
E[P_neut(1)] = 0.0101338587
E[P_neut(2)] = 0.0044018928
E[P_neut(3)] = 0.0024356401
E[P_neut(4)] = 0.0015851992
E[P_neut(5)] = 0.0011306438
E[P_neut(6)] = 0.0008973719
E[P_neut(7)] = 0.0007321379
E[P_neut(8)] = 0.0006229692
E[P_neut(9)] = 0.0005466664
E[P_neut(10)] = 0.0005045481
E[P_neut(11)] = 0.0004458655
E[P_neut(12)] = 0.0004323546
E[P_neut(13)] = 0.0004052743
E[P_neut(14)] = 0.0003797144
E[P_neut(15)] = 0.0003793055
E[P_neut(16)] = 0.0003752222
E[P_neut(17)] = 0.0003875378
E[P_neut(18)] = 0.0004039711
E[P_neut(19)] = 0.0004478099

---- Expected P_sel(i), 0 < i < n (selected SFS per site) 
E[P_sel(1)] = 0.0072404508
E[P_sel(2)] = 0.0028391141
E[P_sel(3)] = 0.0014930277
E[P_sel(4)] = 0.0009411549
E[P_sel(5)] = 0.0006564070
E[P_sel(6)] = 0.0005123992
E[P_sel(7)] = 0.0004128034
E[P_sel(8)] = 0.0003478773
E[P_sel(9)] = 0.0003030671
E[P_sel(10)] = 0.0002782771
E[P_sel(11)] = 0.0002451193
E[P_sel(12)] = 0.0002373725
E[P_sel(13)] = 0.0002226398
E[P_sel(14)] = 0.0002091693
E[P_sel(15)] = 0.0002100261
E[P_sel(16)] = 0.0002094500
E[P_sel(17)] = 0.0002188720
E[P_sel(18)] = 0.0002319428
E[P_sel(19)] = 0.0002632075

---- Expected D_neut and D_sel (neutral and selected divergence per site) 
E[D_neut] = 0.0198560518
E[D_sel] = 0.0125261519

---- Expected neutral and selected misattributed polymorphism per site
E[mis_neut] = 0.0005358560
E[mis_sel] = 0.0003243421

---- alpha_div = 0.262827
---- alpha_dfe = 0.262685

