---- Running command
---- ./polyDFE -d Mmc/524.polyDFE.config.txt -m C -e 
---- Performing inference using model C

---- Performing inference on Mmc/524.polyDFE.config.txt
---- No mutation variability. Using Poisson likelihood.


---- Calculating initial values

-- Starting local optimization
-- Optimizing all parameters
  it        eps_an        lambda     theta_bar           S_d             b           p_b           S_b           r 2           r 3           r 4           r 5           r 6           r 7           r 8           r 9          r 10          r 11          r 12          r 13          r 14          r 15          r 16          r 17          r 18          r 19          r 20           ln lk          grad status 
   0           0.1 0.01926872868 0.01133880530        -20000         0.208           0.1            20 0.87143597864 0.74003826179 0.64769862985 0.58005795590 0.55272718055 0.54300207387 0.53866729875 0.52876505078 0.55294448120 0.55364640170 0.58856362550 0.62552184442 0.67188476620 0.75366293906 0.86270756243 1.12940973619 1.58678413676             1             1 -1115633.104890 23144.1541813   -2 
 661 0.00234147754 0.01931837595 0.01014372144 -80.769409209 0.11855884246 0.01420056220 10.1387950310 0.86354671775 0.72230337997 0.62311584217 0.55424956141 0.52335931874 0.50955475651 0.49581482284 0.48601822123 0.49804959457 0.48716685258 0.50683683075 0.51333156334 0.52461727213 0.55831172683 0.58363775628 0.65783688126 0.70617851809 0.79507619501 1.02259819794 -277.2060284220 0.08054322383   -3 
-- Local optimization: stuck in the same solution
---- Best joint likelihood found -277.206028422078816 with gradient 0.08054

---- Results for Mmc/524.polyDFE.config.txt 
--  Model: C
--        eps_an        lambda     theta_bar             a 
-- 0.00234147754 0.01931837595 0.01014372144            -1 
--           S_d             b           p_b           S_b 
-- -80.769409209 0.11855884246 0.01420056220 10.1387950310 
--           r 2           r 3           r 4           r 5           r 6           r 7           r 8           r 9          r 10          r 11          r 12          r 13          r 14          r 15          r 16          r 17          r 18          r 19          r 20 
-- 0.86354671775 0.72230337997 0.62311584217 0.55424956141 0.52335931874 0.50955475651 0.49581482284 0.48601822123 0.49804959457 0.48716685258 0.50683683075 0.51333156334 0.52461727213 0.55831172683 0.58363775628 0.65783688126 0.70617851809 0.79507619501 1.02259819794 

---- Expected P_neut(i), 0 < i < n (neutral SFS per site) 
E[P_neut(1)] = 0.0101209641
E[P_neut(2)] = 0.0043704653
E[P_neut(3)] = 0.0024374820
E[P_neut(4)] = 0.0015773448
E[P_neut(5)] = 0.0011226818
E[P_neut(6)] = 0.0008836201
E[P_neut(7)] = 0.0007376063
E[P_neut(8)] = 0.0006282071
E[P_neut(9)] = 0.0005475508
E[P_neut(10)] = 0.0005052076
E[P_neut(11)] = 0.0004494748
E[P_neut(12)] = 0.0004289032
E[P_neut(13)] = 0.0004013366
E[P_neut(14)] = 0.0003812940
E[P_neut(15)] = 0.0003793060
E[P_neut(16)] = 0.0003728497
E[P_neut(17)] = 0.0003973238
E[P_neut(18)] = 0.0004072833
E[P_neut(19)] = 0.0004472327

---- Expected P_sel(i), 0 < i < n (selected SFS per site) 
E[P_sel(1)] = 0.0072341721
E[P_sel(2)] = 0.0028247223
E[P_sel(3)] = 0.0014978984
E[P_sel(4)] = 0.0009386142
E[P_sel(5)] = 0.0006528449
E[P_sel(6)] = 0.0005048995
E[P_sel(7)] = 0.0004156897
E[P_sel(8)] = 0.0003501465
E[P_sel(9)] = 0.0003025012
E[P_sel(10)] = 0.0002771628
E[P_sel(11)] = 0.0002452888
E[P_sel(12)] = 0.0002332177
E[P_sel(13)] = 0.0002178212
E[P_sel(14)] = 0.0002069631
E[P_sel(15)] = 0.0002063921
E[P_sel(16)] = 0.0002040199
E[P_sel(17)] = 0.0002195958
E[P_sel(18)] = 0.0002290747
E[P_sel(19)] = 0.0002606327

---- Expected D_neut and D_sel (neutral and selected divergence per site) 
E[D_neut] = 0.0198370235
E[D_sel] = 0.0125235402

---- Expected neutral and selected misattributed polymorphism per site
E[mis_neut] = 0.0005186476
E[mis_sel] = 0.0003086419

---- alpha_div = 0.231000
---- alpha_dfe = 0.230886

