---- Running command
---- ./polyDFE -d Mmc/525.polyDFE.config.txt -m C -e 
---- Performing inference using model C

---- Performing inference on Mmc/525.polyDFE.config.txt
---- No mutation variability. Using Poisson likelihood.


---- Calculating initial values

-- Starting local optimization
-- Optimizing all parameters
  it        eps_an        lambda     theta_bar           S_d             b           p_b           S_b           r 2           r 3           r 4           r 5           r 6           r 7           r 8           r 9          r 10          r 11          r 12          r 13          r 14          r 15          r 16          r 17          r 18          r 19          r 20           ln lk          grad status 
   0           0.1 0.01929466899 0.01133756393        -20000         0.208           0.1            20 0.87644621256 0.73757134843 0.64422138305 0.58402235041 0.56209349395 0.54087712188 0.53703732929 0.53886616086 0.54519456465 0.55483556751 0.59245411890 0.62463894299 0.67406697094 0.75096598264 0.86249993947 1.12313873718 1.59616606046             1             1 -1116656.655222 23190.1876509   -2 
1142 0.00108876887 0.01931536814 0.01013046090 -70.099032248 0.12863599390 0.02510529120 6.41733504348 0.86709903712 0.72344540382 0.62102646850 0.55585189527 0.53448638633 0.50922182229 0.49497000547 0.49162233721 0.48992662252 0.48612161677 0.50972985870 0.51294103793 0.52896088706 0.56345907779 0.58699988061 0.66071897052 0.71372963003 0.82318674298 1.08311572531 -269.4349992282 0.03710635854   -3 
-- Local optimization: stuck in the same solution
---- Best joint likelihood found -269.434999228251399 with gradient 0.03711

---- Results for Mmc/525.polyDFE.config.txt 
--  Model: C
--        eps_an        lambda     theta_bar             a 
-- 0.00108876887 0.01931536814 0.01013046090            -1 
--           S_d             b           p_b           S_b 
-- -70.099032248 0.12863599390 0.02510529120 6.41733504348 
--           r 2           r 3           r 4           r 5           r 6           r 7           r 8           r 9          r 10          r 11          r 12          r 13          r 14          r 15          r 16          r 17          r 18          r 19          r 20 
-- 0.86709903712 0.72344540382 0.62102646850 0.55585189527 0.53448638633 0.50922182229 0.49497000547 0.49162233721 0.48992662252 0.48612161677 0.50972985870 0.51294103793 0.52896088706 0.56345907779 0.58699988061 0.66071897052 0.71372963003 0.82318674298 1.08311572531 

---- Expected P_neut(i), 0 < i < n (neutral SFS per site) 
E[P_neut(1)] = 0.0101199090
E[P_neut(2)] = 0.0043877119
E[P_neut(3)] = 0.0024407140
E[P_neut(4)] = 0.0015715133
E[P_neut(5)] = 0.0011253953
E[P_neut(6)] = 0.0009018664
E[P_neut(7)] = 0.0007365831
E[P_neut(8)] = 0.0006265704
E[P_neut(9)] = 0.0005532584
E[P_neut(10)] = 0.0004963182
E[P_neut(11)] = 0.0004478092
E[P_neut(12)] = 0.0004305304
E[P_neut(13)] = 0.0004000848
E[P_neut(14)] = 0.0003833242
E[P_neut(15)] = 0.0003813519
E[P_neut(16)] = 0.0003729690
E[P_neut(17)] = 0.0003959598
E[P_neut(18)] = 0.0004060340
E[P_neut(19)] = 0.0004494603

---- Expected P_sel(i), 0 < i < n (selected SFS per site) 
E[P_sel(1)] = 0.0072474573
E[P_sel(2)] = 0.0028293246
E[P_sel(3)] = 0.0014930337
E[P_sel(4)] = 0.0009298066
E[P_sel(5)] = 0.0006503683
E[P_sel(6)] = 0.0005121072
E[P_sel(7)] = 0.0004126403
E[P_sel(8)] = 0.0003473550
E[P_sel(9)] = 0.0003042660
E[P_sel(10)] = 0.0002713470
E[P_sel(11)] = 0.0002438666
E[P_sel(12)] = 0.0002339874
E[P_sel(13)] = 0.0002174413
E[P_sel(14)] = 0.0002087951
E[P_sel(15)] = 0.0002087195
E[P_sel(16)] = 0.0002057688
E[P_sel(17)] = 0.0002211146
E[P_sel(18)] = 0.0002308690
E[P_sel(19)] = 0.0002630562

---- Expected D_neut and D_sel (neutral and selected divergence per site) 
E[D_neut] = 0.0198639912
E[D_sel] = 0.0125439935

---- Expected neutral and selected misattributed polymorphism per site
E[mis_neut] = 0.0005486231
E[mis_sel] = 0.0003302040

---- alpha_div = 0.263251
---- alpha_dfe = 0.263050

