---- Running command
---- ./polyDFE -d Mmc/526.polyDFE.config.txt -m C -e 
---- Performing inference using model C

---- Performing inference on Mmc/526.polyDFE.config.txt
---- No mutation variability. Using Poisson likelihood.


---- Calculating initial values

-- Starting local optimization
-- Optimizing all parameters
  it        eps_an        lambda     theta_bar           S_d             b           p_b           S_b           r 2           r 3           r 4           r 5           r 6           r 7           r 8           r 9          r 10          r 11          r 12          r 13          r 14          r 15          r 16          r 17          r 18          r 19          r 20           ln lk          grad status 
   0           0.1 0.01927379707 0.01135287086        -20000         0.208           0.1            20 0.86998411381 0.73545634116 0.64457514452 0.58446156524 0.55519679324 0.53487679807 0.53523277725 0.53430195594 0.55482414385 0.55204476301 0.59366745647 0.61403057334 0.66987982915 0.74850947249 0.86977830361 1.10745035335 1.57430052582             1             1 -1116838.474517 23149.7316419   -2 
 852 0.00017469830 0.01925478045 0.01013068165 -75.585095786 0.12344043200 0.02263668991 6.76495633613 0.86354860114 0.72090486932 0.61878172414 0.55811158166 0.52573878788 0.50457716055 0.49447761699 0.49133601950 0.49771908669 0.48079183116 0.51433529964 0.50859015578 0.53027346144 0.56025839795 0.59417315066 0.65115323636 0.71004305273 0.83131250395 1.16365756307 -281.5950775577 0.01684981075   -3 
-- Local optimization: stuck in the same solution
---- Best joint likelihood found -281.595077557765762 with gradient 0.01685

---- Results for Mmc/526.polyDFE.config.txt 
--  Model: C
--        eps_an        lambda     theta_bar             a 
-- 0.00017469830 0.01925478045 0.01013068165            -1 
--           S_d             b           p_b           S_b 
-- -75.585095786 0.12344043200 0.02263668991 6.76495633613 
--           r 2           r 3           r 4           r 5           r 6           r 7           r 8           r 9          r 10          r 11          r 12          r 13          r 14          r 15          r 16          r 17          r 18          r 19          r 20 
-- 0.86354860114 0.72090486932 0.61878172414 0.55811158166 0.52573878788 0.50457716055 0.49447761699 0.49133601950 0.49771908669 0.48079183116 0.51433529964 0.50859015578 0.53027346144 0.56025839795 0.59417315066 0.65115323636 0.71004305273 0.83131250395 1.16365756307 

---- Expected P_neut(i), 0 < i < n (neutral SFS per site) 
E[P_neut(1)] = 0.0101289893
E[P_neut(2)] = 0.0043734736
E[P_neut(3)] = 0.0024340617
E[P_neut(4)] = 0.0015669621
E[P_neut(5)] = 0.0011306787
E[P_neut(6)] = 0.0008875940
E[P_neut(7)] = 0.0007301860
E[P_neut(8)] = 0.0006261409
E[P_neut(9)] = 0.0005530439
E[P_neut(10)] = 0.0005042234
E[P_neut(11)] = 0.0004428146
E[P_neut(12)] = 0.0004342475
E[P_neut(13)] = 0.0003963941
E[P_neut(14)] = 0.0003838046
E[P_neut(15)] = 0.0003785181
E[P_neut(16)] = 0.0003764192
E[P_neut(17)] = 0.0003883943
E[P_neut(18)] = 0.0004003177
E[P_neut(19)] = 0.0004449430

---- Expected P_sel(i), 0 < i < n (selected SFS per site) 
E[P_sel(1)] = 0.0072529268
E[P_sel(2)] = 0.0028275912
E[P_sel(3)] = 0.0014953471
E[P_sel(4)] = 0.0009320329
E[P_sel(5)] = 0.0006573249
E[P_sel(6)] = 0.0005072348
E[P_sel(7)] = 0.0004117925
E[P_sel(8)] = 0.0003494889
E[P_sel(9)] = 0.0003062362
E[P_sel(10)] = 0.0002775419
E[P_sel(11)] = 0.0002427437
E[P_sel(12)] = 0.0002375061
E[P_sel(13)] = 0.0002167204
E[P_sel(14)] = 0.0002101972
E[P_sel(15)] = 0.0002081650
E[P_sel(16)] = 0.0002084962
E[P_sel(17)] = 0.0002175118
E[P_sel(18)] = 0.0002278770
E[P_sel(19)] = 0.0002595859

---- Expected D_neut and D_sel (neutral and selected divergence per site) 
E[D_neut] = 0.0198442127
E[D_sel] = 0.0125265735

---- Expected neutral and selected misattributed polymorphism per site
E[mis_neut] = 0.0005894322
E[mis_sel] = 0.0003549025

---- alpha_div = 0.249626
---- alpha_dfe = 0.249393

