---- Running command
---- ./polyDFE -d Mmc/527.polyDFE.config.txt -m C -e 
---- Performing inference using model C

---- Performing inference on Mmc/527.polyDFE.config.txt
---- No mutation variability. Using Poisson likelihood.


---- Calculating initial values

-- Starting local optimization
-- Optimizing all parameters
  it        eps_an        lambda     theta_bar           S_d             b           p_b           S_b           r 2           r 3           r 4           r 5           r 6           r 7           r 8           r 9          r 10          r 11          r 12          r 13          r 14          r 15          r 16          r 17          r 18          r 19          r 20           ln lk          grad status 
   0           0.1 0.01927434393 0.01134021616        -20000         0.208           0.1            20 0.87416754064 0.73968694917 0.64580478222 0.58556209735 0.56133040343 0.53306220216 0.53888297589 0.52836371462 0.55438674498 0.55499609286 0.58960174217 0.62883290937 0.67820453272 0.75721029475 0.87290611384 1.11319569634 1.58848834453             1             1 -1115811.084865 23124.0031718   -2 
1075 0.00051998232 0.01926999078 0.01013102419 -74.819632320 0.12306855440 0.02000033455 7.58192588526 0.86551401651 0.72142395477 0.62050843269 0.55755413029 0.53233236180 0.50524174211 0.49768079904 0.48460429432 0.49726514729 0.48561351517 0.51286329201 0.52102260058 0.53515044206 0.56388790659 0.59676131436 0.65197312275 0.71493675013 0.82841909094 1.13348178639 -284.4819416137 0.03977335941   -8 
-- Local optimization: reached maximum number of likelihood evaluations allowed.
---- Best joint likelihood found -284.481941613703384 with gradient 0.03977

---- Results for Mmc/527.polyDFE.config.txt 
--  Model: C
--        eps_an        lambda     theta_bar             a 
-- 0.00051998232 0.01926999078 0.01013102419            -1 
--           S_d             b           p_b           S_b 
-- -74.819632320 0.12306855440 0.02000033455 7.58192588526 
--           r 2           r 3           r 4           r 5           r 6           r 7           r 8           r 9          r 10          r 11          r 12          r 13          r 14          r 15          r 16          r 17          r 18          r 19          r 20 
-- 0.86551401651 0.72142395477 0.62050843269 0.55755413029 0.53233236180 0.50524174211 0.49768079904 0.48460429432 0.49726514729 0.48561351517 0.51286329201 0.52102260058 0.53515044206 0.56388790659 0.59676131436 0.65197312275 0.71493675013 0.82841909094 1.13348178639 

---- Expected P_neut(i), 0 < i < n (neutral SFS per site) 
E[P_neut(1)] = 0.0101259859
E[P_neut(2)] = 0.0043822012
E[P_neut(3)] = 0.0024351897
E[P_neut(4)] = 0.0015709758
E[P_neut(5)] = 0.0011293295
E[P_neut(6)] = 0.0008985793
E[P_neut(7)] = 0.0007310618
E[P_neut(8)] = 0.0006301495
E[P_neut(9)] = 0.0005454531
E[P_neut(10)] = 0.0005037805
E[P_neut(11)] = 0.0004473022
E[P_neut(12)] = 0.0004330884
E[P_neut(13)] = 0.0004062070
E[P_neut(14)] = 0.0003875247
E[P_neut(15)] = 0.0003812402
E[P_neut(16)] = 0.0003784834
E[P_neut(17)] = 0.0003896033
E[P_neut(18)] = 0.0004044617
E[P_neut(19)] = 0.0004467611

---- Expected P_sel(i), 0 < i < n (selected SFS per site) 
E[P_sel(1)] = 0.0072547302
E[P_sel(2)] = 0.0028342537
E[P_sel(3)] = 0.0014962216
E[P_sel(4)] = 0.0009342987
E[P_sel(5)] = 0.0006562815
E[P_sel(6)] = 0.0005131667
E[P_sel(7)] = 0.0004118860
E[P_sel(8)] = 0.0003512729
E[P_sel(9)] = 0.0003015405
E[P_sel(10)] = 0.0002767443
E[P_sel(11)] = 0.0002446179
E[P_sel(12)] = 0.0002362071
E[P_sel(13)] = 0.0002213640
E[P_sel(14)] = 0.0002114495
E[P_sel(15)] = 0.0002087934
E[P_sel(16)] = 0.0002086915
E[P_sel(17)] = 0.0002171578
E[P_sel(18)] = 0.0002292171
E[P_sel(19)] = 0.0002600722

---- Expected D_neut and D_sel (neutral and selected divergence per site) 
E[D_neut] = 0.0198441574
E[D_sel] = 0.0125328336

---- Expected neutral and selected misattributed polymorphism per site
E[mis_neut] = 0.0005741666
E[mis_sel] = 0.0003446425

---- alpha_div = 0.245730
---- alpha_dfe = 0.245490

