---- Running command
---- ./polyDFE -d Mmc/528.polyDFE.config.txt -m C -e 
---- Performing inference using model C

---- Performing inference on Mmc/528.polyDFE.config.txt
---- No mutation variability. Using Poisson likelihood.


---- Calculating initial values

-- Starting local optimization
-- Optimizing all parameters
  it        eps_an        lambda     theta_bar           S_d             b           p_b           S_b           r 2           r 3           r 4           r 5           r 6           r 7           r 8           r 9          r 10          r 11          r 12          r 13          r 14          r 15          r 16          r 17          r 18          r 19          r 20           ln lk          grad status 
   0           0.1 0.01925908453 0.01137991718        -20000         0.208           0.1            20 0.87188375160 0.73119693437 0.64326831045 0.57795474781 0.55393873142 0.54107000407 0.53866606139 0.53410831534 0.54726693083 0.55465899231 0.59481786798 0.62558957414 0.67087064933 0.74204135089 0.86151462276 1.10142015354 1.57020558349             1             1 -1116478.991295 23173.2589261   -2 
 233 0.00693890025 0.01931455238 0.01023532334 -103.07747797 0.10853744175 0.00804322373 16.1707508640 0.86258951540 0.71460544640 0.61640667082 0.55003263106 0.52220177240 0.50568049133 0.49097096086 0.48575755179 0.49286169905 0.47978242782 0.50570806831 0.51225386857 0.51917538383 0.54902831268 0.57023820400 0.62261256146 0.65115587081 0.70188841922 1.00653369828 -282.8755368421 0.30744217070   -3 
-- Local optimization: stuck in the same solution
---- Best joint likelihood found -282.875536842140718 with gradient 0.30744

---- Results for Mmc/528.polyDFE.config.txt 
--  Model: C
--        eps_an        lambda     theta_bar             a 
-- 0.00693890025 0.01931455238 0.01023532334            -1 
--           S_d             b           p_b           S_b 
-- -103.07747797 0.10853744175 0.00804322373 16.1707508640 
--           r 2           r 3           r 4           r 5           r 6           r 7           r 8           r 9          r 10          r 11          r 12          r 13          r 14          r 15          r 16          r 17          r 18          r 19          r 20 
-- 0.86258951540 0.71460544640 0.61640667082 0.55003263106 0.52220177240 0.50568049133 0.49097096086 0.48575755179 0.49286169905 0.47978242782 0.50570806831 0.51225386857 0.51917538383 0.54902831268 0.57023820400 0.62261256146 0.65115587081 0.70188841922 1.00653369828 

---- Expected P_neut(i), 0 < i < n (neutral SFS per site) 
E[P_neut(1)] = 0.0101669251
E[P_neut(2)] = 0.0043863792
E[P_neut(3)] = 0.0024237562
E[P_neut(4)] = 0.0015688670
E[P_neut(5)] = 0.0011207390
E[P_neut(6)] = 0.0008872698
E[P_neut(7)] = 0.0007370684
E[P_neut(8)] = 0.0006267901
E[P_neut(9)] = 0.0005516962
E[P_neut(10)] = 0.0005044599
E[P_neut(11)] = 0.0004471654
E[P_neut(12)] = 0.0004327061
E[P_neut(13)] = 0.0004056462
E[P_neut(14)] = 0.0003831138
E[P_neut(15)] = 0.0003798455
E[P_neut(16)] = 0.0003731992
E[P_neut(17)] = 0.0003891776
E[P_neut(18)] = 0.0003983283
E[P_neut(19)] = 0.0004465064

---- Expected P_sel(i), 0 < i < n (selected SFS per site) 
E[P_sel(1)] = 0.0072161979
E[P_sel(2)] = 0.0028298010
E[P_sel(3)] = 0.0014912479
E[P_sel(4)] = 0.0009363730
E[P_sel(5)] = 0.0006543903
E[P_sel(6)] = 0.0005093951
E[P_sel(7)] = 0.0004174874
E[P_sel(8)] = 0.0003511322
E[P_sel(9)] = 0.0003062730
E[P_sel(10)] = 0.0002779692
E[P_sel(11)] = 0.0002449305
E[P_sel(12)] = 0.0002359304
E[P_sel(13)] = 0.0002204982
E[P_sel(14)] = 0.0002079673
E[P_sel(15)] = 0.0002063494
E[P_sel(16)] = 0.0002035372
E[P_sel(17)] = 0.0002141434
E[P_sel(18)] = 0.0002235548
E[P_sel(19)] = 0.0002643741

---- Expected D_neut and D_sel (neutral and selected divergence per site) 
E[D_neut] = 0.0198296623
E[D_sel] = 0.0125088220

---- Expected neutral and selected misattributed polymorphism per site
E[mis_neut] = 0.0005151099
E[mis_sel] = 0.0003026867

---- alpha_div = 0.207129
---- alpha_dfe = 0.206997

