---- Running command
---- ./polyDFE -d Mmc/529.polyDFE.config.txt -m C -e 
---- Performing inference using model C

---- Performing inference on Mmc/529.polyDFE.config.txt
---- No mutation variability. Using Poisson likelihood.


---- Calculating initial values

-- Starting local optimization
-- Optimizing all parameters
  it        eps_an        lambda     theta_bar           S_d             b           p_b           S_b           r 2           r 3           r 4           r 5           r 6           r 7           r 8           r 9          r 10          r 11          r 12          r 13          r 14          r 15          r 16          r 17          r 18          r 19          r 20           ln lk          grad status 
   0           0.1 0.01932349783 0.01133938531        -20000         0.208           0.1            20 0.87294472218 0.73931847293 0.64691803760 0.58254075273 0.56328903398 0.54077989310 0.53994180375 0.52742796768 0.55181476270 0.55536600151 0.59973770350 0.62217222290 0.66581596606 0.74512429136 0.86134042967 1.12426318635 1.56870440990             1             1 -1122019.361576 23253.2486149   -2 
 900 0.00087634957 0.01933139323 0.01012794340 -68.422820262 0.13035908478 0.03096292284 5.25688321972 0.86632148524 0.72247615229 0.62075220251 0.55621889484 0.53381966919 0.51307322366 0.49932455233 0.48328349547 0.49725433278 0.48719630440 0.51605686295 0.51273596505 0.52426351345 0.54998483597 0.58648424329 0.65140475814 0.70474843815 0.82152952535 1.10829593639 -292.3436102822 0.02784209815   -3 
-- Local optimization: stuck in the same solution
---- Best joint likelihood found -292.343610282259760 with gradient 0.02784

---- Results for Mmc/529.polyDFE.config.txt 
--  Model: C
--        eps_an        lambda     theta_bar             a 
-- 0.00087634957 0.01933139323 0.01012794340            -1 
--           S_d             b           p_b           S_b 
-- -68.422820262 0.13035908478 0.03096292284 5.25688321972 
--           r 2           r 3           r 4           r 5           r 6           r 7           r 8           r 9          r 10          r 11          r 12          r 13          r 14          r 15          r 16          r 17          r 18          r 19          r 20 
-- 0.86632148524 0.72247615229 0.62075220251 0.55621889484 0.53381966919 0.51307322366 0.49932455233 0.48328349547 0.49725433278 0.48719630440 0.51605686295 0.51273596505 0.52426351345 0.54998483597 0.58648424329 0.65140475814 0.70474843815 0.82152952535 1.10829593639 

---- Expected P_neut(i), 0 < i < n (neutral SFS per site) 
E[P_neut(1)] = 0.0101194516
E[P_neut(2)] = 0.0043835304
E[P_neut(3)] = 0.0024372685
E[P_neut(4)] = 0.0015706837
E[P_neut(5)] = 0.0011260088
E[P_neut(6)] = 0.0009006253
E[P_neut(7)] = 0.0007420390
E[P_neut(8)] = 0.0006319691
E[P_neut(9)] = 0.0005437685
E[P_neut(10)] = 0.0005036164
E[P_neut(11)] = 0.0004486559
E[P_neut(12)] = 0.0004357218
E[P_neut(13)] = 0.0003997590
E[P_neut(14)] = 0.0003797224
E[P_neut(15)] = 0.0003720096
E[P_neut(16)] = 0.0003722945
E[P_neut(17)] = 0.0003898792
E[P_neut(18)] = 0.0004000333
E[P_neut(19)] = 0.0004464079

---- Expected P_sel(i), 0 < i < n (selected SFS per site) 
E[P_sel(1)] = 0.0072644482
E[P_sel(2)] = 0.0028339317
E[P_sel(3)] = 0.0014951047
E[P_sel(4)] = 0.0009322010
E[P_sel(5)] = 0.0006529819
E[P_sel(6)] = 0.0005133921
E[P_sel(7)] = 0.0004175082
E[P_sel(8)] = 0.0003520538
E[P_sel(9)] = 0.0003006688
E[P_sel(10)] = 0.0002769938
E[P_sel(11)] = 0.0002459516
E[P_sel(12)] = 0.0002385382
E[P_sel(13)] = 0.0002189956
E[P_sel(14)] = 0.0002086152
E[P_sel(15)] = 0.0002054786
E[P_sel(16)] = 0.0002073681
E[P_sel(17)] = 0.0002198239
E[P_sel(18)] = 0.0002295046
E[P_sel(19)] = 0.0002629140

---- Expected D_neut and D_sel (neutral and selected divergence per site) 
E[D_neut] = 0.0198926312
E[D_sel] = 0.0125412544

---- Expected neutral and selected misattributed polymorphism per site
E[mis_neut] = 0.0005612379
E[mis_sel] = 0.0003393983

---- alpha_div = 0.270011
---- alpha_dfe = 0.269837

