---- Running command
---- ./polyDFE -d Mmc/53.polyDFE.config.txt -m C -e 
---- Performing inference using model C

---- Performing inference on Mmc/53.polyDFE.config.txt
---- No mutation variability. Using Poisson likelihood.


---- Calculating initial values

-- Starting local optimization
-- Optimizing all parameters
  it        eps_an        lambda     theta_bar           S_d             b           p_b           S_b           r 2           r 3           r 4           r 5           r 6           r 7           r 8           r 9          r 10          r 11          r 12          r 13          r 14          r 15          r 16          r 17          r 18          r 19          r 20           ln lk          grad status 
   0           0.1 0.01927910038 0.01135883799        -20000         0.208           0.1            20 0.87356787367 0.73567879422 0.64279246849 0.58228488870 0.55852270578 0.54516098025 0.53664469595 0.53147278254 0.55447906754 0.55174564026 0.59577015654 0.63110183806 0.66494722007 0.74838085016 0.86156252461 1.11210694321 1.57916268806             1             1 -1111356.072066 23111.7733004   -2 
 937 0.00091582751 0.01930960594 0.01014019328 -76.326027992 0.12632488942 0.02858318831 5.68379853427 0.86597508297 0.72319375874 0.62221671635 0.55646515669 0.52985782370 0.51075891252 0.49422410967 0.48583027161 0.49826050560 0.48029209203 0.51374597560 0.51694207922 0.52468300404 0.55977966302 0.58650496111 0.64967249368 0.71069601865 0.82478314821 1.06320621553 -269.8522741062 0.03910894269   -3 
-- Local optimization: stuck in the same solution
---- Best joint likelihood found -269.852274106262485 with gradient 0.03911

---- Results for Mmc/53.polyDFE.config.txt 
--  Model: C
--        eps_an        lambda     theta_bar             a 
-- 0.00091582751 0.01930960594 0.01014019328            -1 
--           S_d             b           p_b           S_b 
-- -76.326027992 0.12632488942 0.02858318831 5.68379853427 
--           r 2           r 3           r 4           r 5           r 6           r 7           r 8           r 9          r 10          r 11          r 12          r 13          r 14          r 15          r 16          r 17          r 18          r 19          r 20 
-- 0.86597508297 0.72319375874 0.62221671635 0.55646515669 0.52985782370 0.51075891252 0.49422410967 0.48583027161 0.49826050560 0.48029209203 0.51374597560 0.51694207922 0.52468300404 0.55977966302 0.58650496111 0.64967249368 0.71069601865 0.82478314821 1.06320621553 

---- Expected P_neut(i), 0 < i < n (neutral SFS per site) 
E[P_neut(1)] = 0.0101313097
E[P_neut(2)] = 0.0043869230
E[P_neut(3)] = 0.0024425577
E[P_neut(4)] = 0.0015762453
E[P_neut(5)] = 0.0011278459
E[P_neut(6)] = 0.0008950047
E[P_neut(7)] = 0.0007395765
E[P_neut(8)] = 0.0006262649
E[P_neut(9)] = 0.0005472834
E[P_neut(10)] = 0.0005052458
E[P_neut(11)] = 0.0004428462
E[P_neut(12)] = 0.0004342998
E[P_neut(13)] = 0.0004035308
E[P_neut(14)] = 0.0003804997
E[P_neut(15)] = 0.0003791052
E[P_neut(16)] = 0.0003728088
E[P_neut(17)] = 0.0003894017
E[P_neut(18)] = 0.0004040207
E[P_neut(19)] = 0.0004490657

---- Expected P_sel(i), 0 < i < n (selected SFS per site) 
E[P_sel(1)] = 0.0072295885
E[P_sel(2)] = 0.0028235398
E[P_sel(3)] = 0.0014933948
E[P_sel(4)] = 0.0009330984
E[P_sel(5)] = 0.0006526941
E[P_sel(6)] = 0.0005093098
E[P_sel(7)] = 0.0004155060
E[P_sel(8)] = 0.0003484145
E[P_sel(9)] = 0.0003022407
E[P_sel(10)] = 0.0002775607
E[P_sel(11)] = 0.0002424793
E[P_sel(12)] = 0.0002374705
E[P_sel(13)] = 0.0002207810
E[P_sel(14)] = 0.0002087636
E[P_sel(15)] = 0.0002091083
E[P_sel(16)] = 0.0002073682
E[P_sel(17)] = 0.0002192769
E[P_sel(18)] = 0.0002315740
E[P_sel(19)] = 0.0002644531

---- Expected D_neut and D_sel (neutral and selected divergence per site) 
E[D_neut] = 0.0198486618
E[D_sel] = 0.0125587199

---- Expected neutral and selected misattributed polymorphism per site
E[mis_neut] = 0.0005390558
E[mis_sel] = 0.0003263359

---- alpha_div = 0.266939
---- alpha_dfe = 0.266806

