---- Running command
---- ./polyDFE -d Mmc/530.polyDFE.config.txt -m C -e 
---- Performing inference using model C

---- Performing inference on Mmc/530.polyDFE.config.txt
---- No mutation variability. Using Poisson likelihood.


---- Calculating initial values

-- Starting local optimization
-- Optimizing all parameters
  it        eps_an        lambda     theta_bar           S_d             b           p_b           S_b           r 2           r 3           r 4           r 5           r 6           r 7           r 8           r 9          r 10          r 11          r 12          r 13          r 14          r 15          r 16          r 17          r 18          r 19          r 20           ln lk          grad status 
   0           0.1 0.01930505691 0.01132233546        -20000         0.208           0.1            20 0.88156023638 0.73618113634 0.64620162964 0.58570068828 0.56439497376 0.53781058288 0.54180521452 0.53390752752 0.55478822611 0.55122503197 0.59282682133 0.62114678853 0.66907459113 0.74844822362 0.87744334730 1.12357737913 1.59991764406             1             1 -1114717.627176 23168.9526970   -2 
 988 0.00033868424 0.01921902667 0.01011857436 -74.226007861 0.12747817711 0.02858516747 5.67498394810 0.86822917798 0.72264167514 0.62218196597 0.55890208369 0.53350341843 0.50839125165 0.49856153607 0.48798395754 0.49997279205 0.48084417903 0.51100716764 0.51255108681 0.52929344874 0.56199812921 0.59846880182 0.66159013757 0.71361591928 0.83828794559 1.29420540918 -268.0798214066 0.00711494147   -3 
-- Local optimization: stuck in the same solution
---- Best joint likelihood found -268.079821406601695 with gradient 0.00711

---- Results for Mmc/530.polyDFE.config.txt 
--  Model: C
--        eps_an        lambda     theta_bar             a 
-- 0.00033868424 0.01921902667 0.01011857436            -1 
--           S_d             b           p_b           S_b 
-- -74.226007861 0.12747817711 0.02858516747 5.67498394810 
--           r 2           r 3           r 4           r 5           r 6           r 7           r 8           r 9          r 10          r 11          r 12          r 13          r 14          r 15          r 16          r 17          r 18          r 19          r 20 
-- 0.86822917798 0.72264167514 0.62218196597 0.55890208369 0.53350341843 0.50839125165 0.49856153607 0.48798395754 0.49997279205 0.48084417903 0.51100716764 0.51255108681 0.52929344874 0.56199812921 0.59846880182 0.66159013757 0.71361591928 0.83828794559 1.29420540918 

---- Expected P_neut(i), 0 < i < n (neutral SFS per site) 
E[P_neut(1)] = 0.0101152986
E[P_neut(2)] = 0.0043912689
E[P_neut(3)] = 0.0024366757
E[P_neut(4)] = 0.0015734938
E[P_neut(5)] = 0.0011308038
E[P_neut(6)] = 0.0008995405
E[P_neut(7)] = 0.0007347712
E[P_neut(8)] = 0.0006305239
E[P_neut(9)] = 0.0005485975
E[P_neut(10)] = 0.0005059012
E[P_neut(11)] = 0.0004423503
E[P_neut(12)] = 0.0004309563
E[P_neut(13)] = 0.0003990589
E[P_neut(14)] = 0.0003827248
E[P_neut(15)] = 0.0003793627
E[P_neut(16)] = 0.0003788831
E[P_neut(17)] = 0.0003944774
E[P_neut(18)] = 0.0004025061
E[P_neut(19)] = 0.0004497115

---- Expected P_sel(i), 0 < i < n (selected SFS per site) 
E[P_sel(1)] = 0.0072252531
E[P_sel(2)] = 0.0028273190
E[P_sel(3)] = 0.0014896698
E[P_sel(4)] = 0.0009311114
E[P_sel(5)] = 0.0006540093
E[P_sel(6)] = 0.0005114910
E[P_sel(7)] = 0.0004124244
E[P_sel(8)] = 0.0003504168
E[P_sel(9)] = 0.0003026171
E[P_sel(10)] = 0.0002775743
E[P_sel(11)] = 0.0002418852
E[P_sel(12)] = 0.0002353100
E[P_sel(13)] = 0.0002180096
E[P_sel(14)] = 0.0002096558
E[P_sel(15)] = 0.0002089050
E[P_sel(16)] = 0.0002103738
E[P_sel(17)] = 0.0002216977
E[P_sel(18)] = 0.0002301365
E[P_sel(19)] = 0.0002636305

---- Expected D_neut and D_sel (neutral and selected divergence per site) 
E[D_neut] = 0.0198738024
E[D_sel] = 0.0125479461

---- Expected neutral and selected misattributed polymorphism per site
E[mis_neut] = 0.0006547757
E[mis_sel] = 0.0003956783

---- alpha_div = 0.267153
---- alpha_dfe = 0.266938

