---- Running command
---- ./polyDFE -d Mmc/531.polyDFE.config.txt -m C -e 
---- Performing inference using model C

---- Performing inference on Mmc/531.polyDFE.config.txt
---- No mutation variability. Using Poisson likelihood.


---- Calculating initial values

-- Starting local optimization
-- Optimizing all parameters
  it        eps_an        lambda     theta_bar           S_d             b           p_b           S_b           r 2           r 3           r 4           r 5           r 6           r 7           r 8           r 9          r 10          r 11          r 12          r 13          r 14          r 15          r 16          r 17          r 18          r 19          r 20           ln lk          grad status 
   0           0.1 0.01927099400 0.01135508996        -20000         0.208           0.1            20 0.87755827546 0.73320293596 0.64197160467 0.58140257227 0.56104358167 0.54061730423 0.54259680644 0.53374981085 0.54561413919 0.55699475988 0.58838814393 0.62780768900 0.66802598539 0.75036436645 0.86740162225 1.10935383910 1.58929883509             1             1 -1113751.435843 23114.4877643   -2 
 668 0.00125579418 0.01931482310 0.01014827467 -82.741888158 0.11991946311 0.02190343933 6.87719083982 0.86713392990 0.72150003519 0.61884086157 0.55386752269 0.53288500952 0.50692097701 0.49795824598 0.48568876207 0.49104532032 0.48680902031 0.50618048028 0.51936418702 0.52761096668 0.56327751233 0.58914722617 0.64818510514 0.70860502017 0.81612860175 1.03878511533 -274.7478840697 0.11975675605   -3 
-- Local optimization: stuck in the same solution
---- Best joint likelihood found -274.747884069700376 with gradient 0.11976

---- Results for Mmc/531.polyDFE.config.txt 
--  Model: C
--        eps_an        lambda     theta_bar             a 
-- 0.00125579418 0.01931482310 0.01014827467            -1 
--           S_d             b           p_b           S_b 
-- -82.741888158 0.11991946311 0.02190343933 6.87719083982 
--           r 2           r 3           r 4           r 5           r 6           r 7           r 8           r 9          r 10          r 11          r 12          r 13          r 14          r 15          r 16          r 17          r 18          r 19          r 20 
-- 0.86713392990 0.72150003519 0.61884086157 0.55386752269 0.53288500952 0.50692097701 0.49795824598 0.48568876207 0.49104532032 0.48680902031 0.50618048028 0.51936418702 0.52761096668 0.56327751233 0.58914722617 0.64818510514 0.70860502017 0.81612860175 1.03878511533 

---- Expected P_neut(i), 0 < i < n (neutral SFS per site) 
E[P_neut(1)] = 0.0101360779
E[P_neut(2)] = 0.0043949329
E[P_neut(3)] = 0.0024380811
E[P_neut(4)] = 0.0015685394
E[P_neut(5)] = 0.0011232268
E[P_neut(6)] = 0.0009006590
E[P_neut(7)] = 0.0007344967
E[P_neut(8)] = 0.0006314214
E[P_neut(9)] = 0.0005475321
E[P_neut(10)] = 0.0004983263
E[P_neut(11)] = 0.0004492394
E[P_neut(12)] = 0.0004283272
E[P_neut(13)] = 0.0004058484
E[P_neut(14)] = 0.0003831045
E[P_neut(15)] = 0.0003820195
E[P_neut(16)] = 0.0003751791
E[P_neut(17)] = 0.0003895179
E[P_neut(18)] = 0.0004045303
E[P_neut(19)] = 0.0004481071

---- Expected P_sel(i), 0 < i < n (selected SFS per site) 
E[P_sel(1)] = 0.0072338174
E[P_sel(2)] = 0.0028372397
E[P_sel(3)] = 0.0014974373
E[P_sel(4)] = 0.0009335011
E[P_sel(5)] = 0.0006537465
E[P_sel(6)] = 0.0005155220
E[P_sel(7)] = 0.0004150239
E[P_sel(8)] = 0.0003532096
E[P_sel(9)] = 0.0003039106
E[P_sel(10)] = 0.0002749946
E[P_sel(11)] = 0.0002469192
E[P_sel(12)] = 0.0002349056
E[P_sel(13)] = 0.0002225001
E[P_sel(14)] = 0.0002103923
E[P_sel(15)] = 0.0002106648
E[P_sel(16)] = 0.0002083781
E[P_sel(17)] = 0.0002187631
E[P_sel(18)] = 0.0002310840
E[P_sel(19)] = 0.0002632947

---- Expected D_neut and D_sel (neutral and selected divergence per site) 
E[D_neut] = 0.0198419169
E[D_sel] = 0.0125405840

---- Expected neutral and selected misattributed polymorphism per site
E[mis_neut] = 0.0005270938
E[mis_sel] = 0.0003177921

---- alpha_div = 0.245107
---- alpha_dfe = 0.244847

