---- Running command
---- ./polyDFE -d Mmc/532.polyDFE.config.txt -m C -e 
---- Performing inference using model C

---- Performing inference on Mmc/532.polyDFE.config.txt
---- No mutation variability. Using Poisson likelihood.


---- Calculating initial values

-- Starting local optimization
-- Optimizing all parameters
  it        eps_an        lambda     theta_bar           S_d             b           p_b           S_b           r 2           r 3           r 4           r 5           r 6           r 7           r 8           r 9          r 10          r 11          r 12          r 13          r 14          r 15          r 16          r 17          r 18          r 19          r 20           ln lk          grad status 
   0           0.1 0.01925259604 0.01135471385        -20000         0.208           0.1            20 0.87784404692 0.73538598795 0.64235247409 0.57853191858 0.55785633685 0.53822275095 0.54322545413 0.53862071256 0.55376092317 0.55867287635 0.58917150715 0.62128301853 0.65596755813 0.75249945524 0.86451407663 1.10481561583 1.58719001532             1             1 -1113223.454632 23100.4792563   -2 
 378 0.00450296747 0.01931140444 0.01019542074 -88.324735852 0.11690103595 0.01744239436 8.35202891249 0.86623183149 0.71801297063 0.61868361127 0.55151058609 0.52774151344 0.50690468981 0.49786554550 0.48824013538 0.49421044143 0.48278795303 0.50564171561 0.50558781757 0.51238397455 0.55199953563 0.58083014203 0.62783480909 0.68121378916 0.74636546448 1.00212465252 -272.8088637425 0.83979015355   -3 
-- Local optimization: stuck in the same solution
---- Best joint likelihood found -272.808863742524409 with gradient 0.83979

---- Results for Mmc/532.polyDFE.config.txt 
--  Model: C
--        eps_an        lambda     theta_bar             a 
-- 0.00450296747 0.01931140444 0.01019542074            -1 
--           S_d             b           p_b           S_b 
-- -88.324735852 0.11690103595 0.01744239436 8.35202891249 
--           r 2           r 3           r 4           r 5           r 6           r 7           r 8           r 9          r 10          r 11          r 12          r 13          r 14          r 15          r 16          r 17          r 18          r 19          r 20 
-- 0.86623183149 0.71801297063 0.61868361127 0.55151058609 0.52774151344 0.50690468981 0.49786554550 0.48824013538 0.49421044143 0.48278795303 0.50564171561 0.50558781757 0.51238397455 0.55199953563 0.58083014203 0.62783480909 0.68121378916 0.74636546448 1.00212465252 

---- Expected P_neut(i), 0 < i < n (neutral SFS per site) 
E[P_neut(1)] = 0.0101513145
E[P_neut(2)] = 0.0043976523
E[P_neut(3)] = 0.0024308557
E[P_neut(4)] = 0.0015715007
E[P_neut(5)] = 0.0011212020
E[P_neut(6)] = 0.0008944000
E[P_neut(7)] = 0.0007367619
E[P_neut(8)] = 0.0006335710
E[P_neut(9)] = 0.0005526148
E[P_neut(10)] = 0.0005038683
E[P_neut(11)] = 0.0004479507
E[P_neut(12)] = 0.0004305251
E[P_neut(13)] = 0.0003980529
E[P_neut(14)] = 0.0003754986
E[P_neut(15)] = 0.0003785656
E[P_neut(16)] = 0.0003755473
E[P_neut(17)] = 0.0003858242
E[P_neut(18)] = 0.0004039946
E[P_neut(19)] = 0.0004446067

---- Expected P_sel(i), 0 < i < n (selected SFS per site) 
E[P_sel(1)] = 0.0072230753
E[P_sel(2)] = 0.0028332253
E[P_sel(3)] = 0.0014907104
E[P_sel(4)] = 0.0009340104
E[P_sel(5)] = 0.0006516998
E[P_sel(6)] = 0.0005112010
E[P_sel(7)] = 0.0004156138
E[P_sel(8)] = 0.0003537188
E[P_sel(9)] = 0.0003060173
E[P_sel(10)] = 0.0002772809
E[P_sel(11)] = 0.0002454011
E[P_sel(12)] = 0.0002351979
E[P_sel(13)] = 0.0002172470
E[P_sel(14)] = 0.0002051587
E[P_sel(15)] = 0.0002075607
E[P_sel(16)] = 0.0002073068
E[P_sel(17)] = 0.0002154251
E[P_sel(18)] = 0.0002300152
E[P_sel(19)] = 0.0002637926

---- Expected D_neut and D_sel (neutral and selected divergence per site) 
E[D_neut] = 0.0198222586
E[D_sel] = 0.0125157387

---- Expected neutral and selected misattributed polymorphism per site
E[mis_neut] = 0.0005108541
E[mis_sel] = 0.0003060603

---- alpha_div = 0.235245
---- alpha_dfe = 0.235029

