---- Running command
---- ./polyDFE -d Mmc/533.polyDFE.config.txt -m C -e 
---- Performing inference using model C

---- Performing inference on Mmc/533.polyDFE.config.txt
---- No mutation variability. Using Poisson likelihood.


---- Calculating initial values

-- Starting local optimization
-- Optimizing all parameters
  it        eps_an        lambda     theta_bar           S_d             b           p_b           S_b           r 2           r 3           r 4           r 5           r 6           r 7           r 8           r 9          r 10          r 11          r 12          r 13          r 14          r 15          r 16          r 17          r 18          r 19          r 20           ln lk          grad status 
   0           0.1 0.01928332185 0.01134699069        -20000         0.208           0.1            20 0.87137625225 0.73523834237 0.64229661416 0.58181383387 0.55989857444 0.54010654806 0.53496907614 0.53085520078 0.55540712198 0.56218794238 0.59200130135 0.62351645078 0.66590899498 0.75748154161 0.87203946324 1.10769487569 1.58679874354             1             1 -1118330.390623 23173.4728542   -2 
 238 0.00669935798 0.01933662850 0.01020347990 -84.554974806 0.11422544004 0.00749294656 17.7405130622 0.86152165970 0.71778160488 0.61730633039 0.55420968988 0.52800417741 0.50474054305 0.48946783655 0.48134589666 0.49204151951 0.48445677717 0.50760664503 0.50815248286 0.52062086608 0.55515082839 0.58439278538 0.63060902875 0.67646140065 0.70975323583 1.00480069223 -278.1110652356 0.55170323293   -3 
-- Local optimization: stuck in the same solution
---- Best joint likelihood found -278.111065235600108 with gradient 0.55170

---- Results for Mmc/533.polyDFE.config.txt 
--  Model: C
--        eps_an        lambda     theta_bar             a 
-- 0.00669935798 0.01933662850 0.01020347990            -1 
--           S_d             b           p_b           S_b 
-- -84.554974806 0.11422544004 0.00749294656 17.7405130622 
--           r 2           r 3           r 4           r 5           r 6           r 7           r 8           r 9          r 10          r 11          r 12          r 13          r 14          r 15          r 16          r 17          r 18          r 19          r 20 
-- 0.86152165970 0.71778160488 0.61730633039 0.55420968988 0.52800417741 0.50474054305 0.48946783655 0.48134589666 0.49204151951 0.48445677717 0.50760664503 0.50815248286 0.52062086608 0.55515082839 0.58439278538 0.63060902875 0.67646140065 0.70975323583 1.00480069223 

---- Expected P_neut(i), 0 < i < n (neutral SFS per site) 
E[P_neut(1)] = 0.0101376766
E[P_neut(2)] = 0.0043683830
E[P_neut(3)] = 0.0024274707
E[P_neut(4)] = 0.0015666156
E[P_neut(5)] = 0.0011259266
E[P_neut(6)] = 0.0008944399
E[P_neut(7)] = 0.0007334731
E[P_neut(8)] = 0.0006229936
E[P_neut(9)] = 0.0005450661
E[P_neut(10)] = 0.0005020536
E[P_neut(11)] = 0.0004500222
E[P_neut(12)] = 0.0004329036
E[P_neut(13)] = 0.0004010972
E[P_neut(14)] = 0.0003829123
E[P_neut(15)] = 0.0003826783
E[P_neut(16)] = 0.0003807301
E[P_neut(17)] = 0.0003923139
E[P_neut(18)] = 0.0004103354
E[P_neut(19)] = 0.0004469587

---- Expected P_sel(i), 0 < i < n (selected SFS per site) 
E[P_sel(1)] = 0.0072505153
E[P_sel(2)] = 0.0028297898
E[P_sel(3)] = 0.0014961306
E[P_sel(4)] = 0.0009351153
E[P_sel(5)] = 0.0006566636
E[P_sel(6)] = 0.0005124080
E[P_sel(7)] = 0.0004142072
E[P_sel(8)] = 0.0003477033
E[P_sel(9)] = 0.0003012647
E[P_sel(10)] = 0.0002752644
E[P_sel(11)] = 0.0002451290
E[P_sel(12)] = 0.0002346060
E[P_sel(13)] = 0.0002165953
E[P_sel(14)] = 0.0002063967
E[P_sel(15)] = 0.0002063312
E[P_sel(16)] = 0.0002059976
E[P_sel(17)] = 0.0002141117
E[P_sel(18)] = 0.0002283851
E[P_sel(19)] = 0.0002630473

---- Expected D_neut and D_sel (neutral and selected divergence per site) 
E[D_neut] = 0.0198492517
E[D_sel] = 0.0125061395

---- Expected neutral and selected misattributed polymorphism per site
E[mis_neut] = 0.0005126232
E[mis_sel] = 0.0002992069

---- alpha_div = 0.211470
---- alpha_dfe = 0.211585

