---- Running command
---- ./polyDFE -d Mmc/534.polyDFE.config.txt -m C -e 
---- Performing inference using model C

---- Performing inference on Mmc/534.polyDFE.config.txt
---- No mutation variability. Using Poisson likelihood.


---- Calculating initial values

-- Starting local optimization
-- Optimizing all parameters
  it        eps_an        lambda     theta_bar           S_d             b           p_b           S_b           r 2           r 3           r 4           r 5           r 6           r 7           r 8           r 9          r 10          r 11          r 12          r 13          r 14          r 15          r 16          r 17          r 18          r 19          r 20           ln lk          grad status 
   0           0.1 0.01927947923 0.01141017213        -20000         0.208           0.1            20 0.87040163228 0.73179239664 0.64153544011 0.57798224425 0.55697689096 0.53676055231 0.53152292306 0.52917931342 0.55109844654 0.55449180232 0.59277629291 0.62273417122 0.66281963070 0.73912838794 0.85947115061 1.10310700856 1.57390018575             1             1 -1115271.028967 23154.5233846   -2 
 206 0.00794407144 0.01932308166 0.01027946234 -118.28834200 0.10363952848 0.00743027727 16.7003676812 0.85834590600 0.71310739028 0.61525943200 0.54747140052 0.52238006788 0.50216412317 0.48860269396 0.47936988052 0.48880159173 0.48166720063 0.50626246410 0.50623715036 0.51409264101 0.54316583045 0.56622307031 0.62524173049 0.65463339392 0.67178334880 1.02078957854 -277.8680846731 0.29453664076   -8 
-- Local optimization: reached maximum number of likelihood evaluations allowed.
---- Best joint likelihood found -277.868084673100384 with gradient 0.29454

---- Results for Mmc/534.polyDFE.config.txt 
--  Model: C
--        eps_an        lambda     theta_bar             a 
-- 0.00794407144 0.01932308166 0.01027946234            -1 
--           S_d             b           p_b           S_b 
-- -118.28834200 0.10363952848 0.00743027727 16.7003676812 
--           r 2           r 3           r 4           r 5           r 6           r 7           r 8           r 9          r 10          r 11          r 12          r 13          r 14          r 15          r 16          r 17          r 18          r 19          r 20 
-- 0.85834590600 0.71310739028 0.61525943200 0.54747140052 0.52238006788 0.50216412317 0.48860269396 0.47936988052 0.48880159173 0.48166720063 0.50626246410 0.50623715036 0.51409264101 0.54316583045 0.56622307031 0.62524173049 0.65463339392 0.67178334880 1.02078957854 

---- Expected P_neut(i), 0 < i < n (neutral SFS per site) 
E[P_neut(1)] = 0.0102006888
E[P_neut(2)] = 0.0043795905
E[P_neut(3)] = 0.0024270459
E[P_neut(4)] = 0.0015714633
E[P_neut(5)] = 0.0011195580
E[P_neut(6)] = 0.0008908534
E[P_neut(7)] = 0.0007347471
E[P_neut(8)] = 0.0006262793
E[P_neut(9)] = 0.0005467445
E[P_neut(10)] = 0.0005024618
E[P_neut(11)] = 0.0004508901
E[P_neut(12)] = 0.0004352178
E[P_neut(13)] = 0.0004029740
E[P_neut(14)] = 0.0003815821
E[P_neut(15)] = 0.0003782145
E[P_neut(16)] = 0.0003734500
E[P_neut(17)] = 0.0003944752
E[P_neut(18)] = 0.0004059256
E[P_neut(19)] = 0.0004422246

---- Expected P_sel(i), 0 < i < n (selected SFS per site) 
E[P_sel(1)] = 0.0072226462
E[P_sel(2)] = 0.0028278482
E[P_sel(3)] = 0.0014974609
E[P_sel(4)] = 0.0009417494
E[P_sel(5)] = 0.0006569650
E[P_sel(6)] = 0.0005143612
E[P_sel(7)] = 0.0004187640
E[P_sel(8)] = 0.0003531800
E[P_sel(9)] = 0.0003056454
E[P_sel(10)] = 0.0002788752
E[P_sel(11)] = 0.0002488067
E[P_sel(12)] = 0.0002390916
E[P_sel(13)] = 0.0002207105
E[P_sel(14)] = 0.0002087050
E[P_sel(15)] = 0.0002069944
E[P_sel(16)] = 0.0002051509
E[P_sel(17)] = 0.0002185580
E[P_sel(18)] = 0.0002293288
E[P_sel(19)] = 0.0002641556

---- Expected D_neut and D_sel (neutral and selected divergence per site) 
E[D_neut] = 0.0198477401
E[D_sel] = 0.0125249926

---- Expected neutral and selected misattributed polymorphism per site
E[mis_neut] = 0.0005246584
E[mis_sel] = 0.0003091058

---- alpha_div = 0.197145
---- alpha_dfe = 0.197347

