---- Running command
---- ./polyDFE -d Mmc/535.polyDFE.config.txt -m C -e 
---- Performing inference using model C

---- Performing inference on Mmc/535.polyDFE.config.txt
---- No mutation variability. Using Poisson likelihood.


---- Calculating initial values

-- Starting local optimization
-- Optimizing all parameters
  it        eps_an        lambda     theta_bar           S_d             b           p_b           S_b           r 2           r 3           r 4           r 5           r 6           r 7           r 8           r 9          r 10          r 11          r 12          r 13          r 14          r 15          r 16          r 17          r 18          r 19          r 20           ln lk          grad status 
   0           0.1 0.01924037071 0.01134544327        -20000         0.208           0.1            20 0.87458566092 0.73845464291 0.64786463440 0.58508483442 0.55473946432 0.53895302352 0.53859531165 0.53327276917 0.55740317879 0.55400963695 0.59138121929 0.62148220902 0.66681001249 0.74847392598 0.86856181253 1.10856064398 1.58033776770             1             1 -1115978.835235 23142.7245618   -2 
 422 0.00232845797 0.01930177613 0.01014565465 -75.493110546 0.12523021127 0.02521458826 6.24301316333 0.86797939815 0.72177994989 0.62354364240 0.55831462327 0.52799799640 0.50861567738 0.49546520621 0.48839781060 0.49589934235 0.48508268667 0.50673883984 0.51433600936 0.52355068862 0.55594379252 0.58481450650 0.64347209987 0.69551627460 0.78355014465 1.00396474848 -277.1035869917 0.37541594976   -3 
-- Local optimization: stuck in the same solution
---- Best joint likelihood found -277.103586991739576 with gradient 0.37542

---- Results for Mmc/535.polyDFE.config.txt 
--  Model: C
--        eps_an        lambda     theta_bar             a 
-- 0.00232845797 0.01930177613 0.01014565465            -1 
--           S_d             b           p_b           S_b 
-- -75.493110546 0.12523021127 0.02521458826 6.24301316333 
--           r 2           r 3           r 4           r 5           r 6           r 7           r 8           r 9          r 10          r 11          r 12          r 13          r 14          r 15          r 16          r 17          r 18          r 19          r 20 
-- 0.86797939815 0.72177994989 0.62354364240 0.55831462327 0.52799799640 0.50861567738 0.49546520621 0.48839781060 0.49589934235 0.48508268667 0.50673883984 0.51433600936 0.52355068862 0.55594379252 0.58481450650 0.64347209987 0.69551627460 0.78355014465 1.00396474848 

---- Expected P_neut(i), 0 < i < n (neutral SFS per site) 
E[P_neut(1)] = 0.0101230052
E[P_neut(2)] = 0.0043937700
E[P_neut(3)] = 0.0024361872
E[P_neut(4)] = 0.0015787455
E[P_neut(5)] = 0.0011311311
E[P_neut(6)] = 0.0008916188
E[P_neut(7)] = 0.0007363952
E[P_neut(8)] = 0.0006278869
E[P_neut(9)] = 0.0005503282
E[P_neut(10)] = 0.0005031223
E[P_neut(11)] = 0.0004476476
E[P_neut(12)] = 0.0004288986
E[P_neut(13)] = 0.0004021876
E[P_neut(14)] = 0.0003806072
E[P_neut(15)] = 0.0003777899
E[P_neut(16)] = 0.0003736520
E[P_neut(17)] = 0.0003888157
E[P_neut(18)] = 0.0004013656
E[P_neut(19)] = 0.0004410510

---- Expected P_sel(i), 0 < i < n (selected SFS per site) 
E[P_sel(1)] = 0.0072348806
E[P_sel(2)] = 0.0028329476
E[P_sel(3)] = 0.0014920459
E[P_sel(4)] = 0.0009360270
E[P_sel(5)] = 0.0006554669
E[P_sel(6)] = 0.0005079259
E[P_sel(7)] = 0.0004140370
E[P_sel(8)] = 0.0003494682
E[P_sel(9)] = 0.0003039408
E[P_sel(10)] = 0.0002762982
E[P_sel(11)] = 0.0002449144
E[P_sel(12)] = 0.0002342196
E[P_sel(13)] = 0.0002196553
E[P_sel(14)] = 0.0002083430
E[P_sel(15)] = 0.0002077980
E[P_sel(16)] = 0.0002071685
E[P_sel(17)] = 0.0002182117
E[P_sel(18)] = 0.0002294778
E[P_sel(19)] = 0.0002605041

---- Expected D_neut and D_sel (neutral and selected divergence per site) 
E[D_neut] = 0.0198110701
E[D_sel] = 0.0125055529

---- Expected neutral and selected misattributed polymorphism per site
E[mis_neut] = 0.0005092940
E[mis_sel] = 0.0003070241

---- alpha_div = 0.257856
---- alpha_dfe = 0.257571

