---- Running command
---- ./polyDFE -d Mmc/536.polyDFE.config.txt -m C -e 
---- Performing inference using model C

---- Performing inference on Mmc/536.polyDFE.config.txt
---- No mutation variability. Using Poisson likelihood.


---- Calculating initial values

-- Starting local optimization
-- Optimizing all parameters
  it        eps_an        lambda     theta_bar           S_d             b           p_b           S_b           r 2           r 3           r 4           r 5           r 6           r 7           r 8           r 9          r 10          r 11          r 12          r 13          r 14          r 15          r 16          r 17          r 18          r 19          r 20           ln lk          grad status 
   0           0.1 0.01929561205 0.01135540158        -20000         0.208           0.1            20 0.87722537118 0.73376735309 0.64269306681 0.58018209906 0.55555413011 0.53793891799 0.53680731981 0.53398482400 0.55163490275 0.56249766671 0.59666755061 0.62799065227 0.66586084769 0.74464041153 0.85311573603 1.11246565834 1.57944060375             1             1 -1117977.361164 23184.5588643   -2 
 300 0.00695370775 0.01932811405 0.01021597520 -95.137191698 0.11021407585 0.00728918108 17.6995279040 0.86385240746 0.71655080094 0.61504871584 0.55300704092 0.52317469634 0.50304857939 0.49241008543 0.48334604792 0.49156781781 0.48732916363 0.51151168561 0.51566578217 0.51998260085 0.54634822201 0.57068187850 0.63096252061 0.66401857049 0.69785343818 1.04442504285 -284.6118168621 0.44738371039   -8 
-- Local optimization: reached maximum number of likelihood evaluations allowed.
---- Best joint likelihood found -284.611816862132400 with gradient 0.44738

---- Results for Mmc/536.polyDFE.config.txt 
--  Model: C
--        eps_an        lambda     theta_bar             a 
-- 0.00695370775 0.01932811405 0.01021597520            -1 
--           S_d             b           p_b           S_b 
-- -95.137191698 0.11021407585 0.00728918108 17.6995279040 
--           r 2           r 3           r 4           r 5           r 6           r 7           r 8           r 9          r 10          r 11          r 12          r 13          r 14          r 15          r 16          r 17          r 18          r 19          r 20 
-- 0.86385240746 0.71655080094 0.61504871584 0.55300704092 0.52317469634 0.50304857939 0.49241008543 0.48334604792 0.49156781781 0.48732916363 0.51151168561 0.51566578217 0.51998260085 0.54634822201 0.57068187850 0.63096252061 0.66401857049 0.69785343818 1.04442504285 

---- Expected P_neut(i), 0 < i < n (neutral SFS per site) 
E[P_neut(1)] = 0.0101475455
E[P_neut(2)] = 0.0043844844
E[P_neut(3)] = 0.0024257574
E[P_neut(4)] = 0.0015624413
E[P_neut(5)] = 0.0011246317
E[P_neut(6)] = 0.0008872342
E[P_neut(7)] = 0.0007318744
E[P_neut(8)] = 0.0006274617
E[P_neut(9)] = 0.0005479822
E[P_neut(10)] = 0.0005021845
E[P_neut(11)] = 0.0004532627
E[P_neut(12)] = 0.0004368103
E[P_neut(13)] = 0.0004075203
E[P_neut(14)] = 0.0003829936
E[P_neut(15)] = 0.0003773682
E[P_neut(16)] = 0.0003727688
E[P_neut(17)] = 0.0003935015
E[P_neut(18)] = 0.0004049295
E[P_neut(19)] = 0.0004436536

---- Expected P_sel(i), 0 < i < n (selected SFS per site) 
E[P_sel(1)] = 0.0072308374
E[P_sel(2)] = 0.0028367058
E[P_sel(3)] = 0.0014955899
E[P_sel(4)] = 0.0009339454
E[P_sel(5)] = 0.0006573529
E[P_sel(6)] = 0.0005097079
E[P_sel(7)] = 0.0004146681
E[P_sel(8)] = 0.0003514951
E[P_sel(9)] = 0.0003041011
E[P_sel(10)] = 0.0002765263
E[P_sel(11)] = 0.0002480179
E[P_sel(12)] = 0.0002378436
E[P_sel(13)] = 0.0002211323
E[P_sel(14)] = 0.0002074597
E[P_sel(15)] = 0.0002044815
E[P_sel(16)] = 0.0002026868
E[P_sel(17)] = 0.0002157616
E[P_sel(18)] = 0.0002263872
E[P_sel(19)] = 0.0002620831

---- Expected D_neut and D_sel (neutral and selected divergence per site) 
E[D_neut] = 0.0198616051
E[D_sel] = 0.0125109013

---- Expected neutral and selected misattributed polymorphism per site
E[mis_neut] = 0.0005334910
E[mis_sel] = 0.0003120921

---- alpha_div = 0.205213
---- alpha_dfe = 0.205406

