---- Running command
---- ./polyDFE -d Mmc/537.polyDFE.config.txt -m C -e 
---- Performing inference using model C

---- Performing inference on Mmc/537.polyDFE.config.txt
---- No mutation variability. Using Poisson likelihood.


---- Calculating initial values

-- Starting local optimization
-- Optimizing all parameters
  it        eps_an        lambda     theta_bar           S_d             b           p_b           S_b           r 2           r 3           r 4           r 5           r 6           r 7           r 8           r 9          r 10          r 11          r 12          r 13          r 14          r 15          r 16          r 17          r 18          r 19          r 20           ln lk          grad status 
   0           0.1 0.01926662238 0.01134788553        -20000         0.208           0.1            20 0.87436976497 0.73155543649 0.64048694190 0.58457018504 0.55666230812 0.54020753124 0.53490302930 0.52850428000 0.55533547510 0.55655508516 0.59694075545 0.62517020783 0.66824956547 0.75316325273 0.86743707881 1.10786983521 1.57998718991             1             1 -1116430.553015 23166.1172227   -2 
 817 0.00092389081 0.01929912450 0.01013783806 -75.522419502 0.12287847096 0.02083557282 7.32958073634 0.86502157072 0.71732165302 0.61935111886 0.55498406135 0.52675366728 0.50630483199 0.49579353406 0.48672435302 0.49491631907 0.48580745322 0.51606319318 0.51858136487 0.52554628427 0.56132284070 0.59147477974 0.65024053637 0.70525493779 0.83029862067 1.05576156220 -266.3385662592 0.07860147489   -8 
-- Local optimization: reached maximum number of likelihood evaluations allowed.
---- Best joint likelihood found -266.338566259233630 with gradient 0.07860

---- Results for Mmc/537.polyDFE.config.txt 
--  Model: C
--        eps_an        lambda     theta_bar             a 
-- 0.00092389081 0.01929912450 0.01013783806            -1 
--           S_d             b           p_b           S_b 
-- -75.522419502 0.12287847096 0.02083557282 7.32958073634 
--           r 2           r 3           r 4           r 5           r 6           r 7           r 8           r 9          r 10          r 11          r 12          r 13          r 14          r 15          r 16          r 17          r 18          r 19          r 20 
-- 0.86502157072 0.71732165302 0.61935111886 0.55498406135 0.52675366728 0.50630483199 0.49579353406 0.48672435302 0.49491631907 0.48580745322 0.51606319318 0.51858136487 0.52554628427 0.56132284070 0.59147477974 0.65024053637 0.70525493779 0.83029862067 1.05576156220 

---- Expected P_neut(i), 0 < i < n (neutral SFS per site) 
E[P_neut(1)] = 0.0101288811
E[P_neut(2)] = 0.0043810403
E[P_neut(3)] = 0.0024221490
E[P_neut(4)] = 0.0015686163
E[P_neut(5)] = 0.0011245786
E[P_neut(6)] = 0.0008895532
E[P_neut(7)] = 0.0007329585
E[P_neut(8)] = 0.0006281067
E[P_neut(9)] = 0.0005481663
E[P_neut(10)] = 0.0005017381
E[P_neut(11)] = 0.0004478235
E[P_neut(12)] = 0.0004361581
E[P_neut(13)] = 0.0004047110
E[P_neut(14)] = 0.0003810352
E[P_neut(15)] = 0.0003800625
E[P_neut(16)] = 0.0003758712
E[P_neut(17)] = 0.0003896479
E[P_neut(18)] = 0.0004008929
E[P_neut(19)] = 0.0004519797

---- Expected P_sel(i), 0 < i < n (selected SFS per site) 
E[P_sel(1)] = 0.0072548470
E[P_sel(2)] = 0.0028334389
E[P_sel(3)] = 0.0014884680
E[P_sel(4)] = 0.0009332099
E[P_sel(5)] = 0.0006538370
E[P_sel(6)] = 0.0005083290
E[P_sel(7)] = 0.0004132698
E[P_sel(8)] = 0.0003504508
E[P_sel(9)] = 0.0003033591
E[P_sel(10)] = 0.0002759549
E[P_sel(11)] = 0.0002452386
E[P_sel(12)] = 0.0002382491
E[P_sel(13)] = 0.0002209319
E[P_sel(14)] = 0.0002083127
E[P_sel(15)] = 0.0002085992
E[P_sel(16)] = 0.0002077517
E[P_sel(17)] = 0.0002177693
E[P_sel(18)] = 0.0002279121
E[P_sel(19)] = 0.0002642675

---- Expected D_neut and D_sel (neutral and selected divergence per site) 
E[D_neut] = 0.0198342815
E[D_sel] = 0.0125444340

---- Expected neutral and selected misattributed polymorphism per site
E[mis_neut] = 0.0005351570
E[mis_sel] = 0.0003219463

---- alpha_div = 0.247303
---- alpha_dfe = 0.247278

