---- Running command
---- ./polyDFE -d Mmc/538.polyDFE.config.txt -m C -e 
---- Performing inference using model C

---- Performing inference on Mmc/538.polyDFE.config.txt
---- No mutation variability. Using Poisson likelihood.


---- Calculating initial values

-- Starting local optimization
-- Optimizing all parameters
  it        eps_an        lambda     theta_bar           S_d             b           p_b           S_b           r 2           r 3           r 4           r 5           r 6           r 7           r 8           r 9          r 10          r 11          r 12          r 13          r 14          r 15          r 16          r 17          r 18          r 19          r 20           ln lk          grad status 
   0           0.1 0.01932467643 0.01136989475        -20000         0.208           0.1            20 0.87518902215 0.73163168884 0.64082416617 0.58183069323 0.55831889821 0.53691072944 0.54016080547 0.53627925848 0.55306537215 0.55871973601 0.59063103213 0.62126975305 0.67319073677 0.75442025515 0.86180865242 1.11422017415 1.58334676682             1             1 -1121756.112904 23243.8102028   -2 
1169 0.00095476066 0.01932040307 0.01015228082 -82.220210767 0.11888890475 0.01763850888 8.14238558124 0.86754326423 0.71851794628 0.61807806458 0.55403133339 0.52857639623 0.50821499458 0.49904910168 0.48942355830 0.49548275876 0.49002391783 0.50807412493 0.51155372623 0.52707700136 0.56217649925 0.58664625748 0.66123743087 0.70948870461 0.82042905147 1.13044802796 -273.0912181400 0.06249971652   -8 
-- Local optimization: reached maximum number of likelihood evaluations allowed.
---- Best joint likelihood found -273.091218140092678 with gradient 0.06250

---- Results for Mmc/538.polyDFE.config.txt 
--  Model: C
--        eps_an        lambda     theta_bar             a 
-- 0.00095476066 0.01932040307 0.01015228082            -1 
--           S_d             b           p_b           S_b 
-- -82.220210767 0.11888890475 0.01763850888 8.14238558124 
--           r 2           r 3           r 4           r 5           r 6           r 7           r 8           r 9          r 10          r 11          r 12          r 13          r 14          r 15          r 16          r 17          r 18          r 19          r 20 
-- 0.86754326423 0.71851794628 0.61807806458 0.55403133339 0.52857639623 0.50821499458 0.49904910168 0.48942355830 0.49548275876 0.49002391783 0.50807412493 0.51155372623 0.52707700136 0.56217649925 0.58664625748 0.66123743087 0.70948870461 0.82042905147 1.13044802796 

---- Expected P_neut(i), 0 < i < n (neutral SFS per site) 
E[P_neut(1)] = 0.0101430064
E[P_neut(2)] = 0.0043999489
E[P_neut(3)] = 0.0024295875
E[P_neut(4)] = 0.0015675832
E[P_neut(5)] = 0.0011242256
E[P_neut(6)] = 0.0008938870
E[P_neut(7)] = 0.0007367550
E[P_neut(8)] = 0.0006331166
E[P_neut(9)] = 0.0005519897
E[P_neut(10)] = 0.0005030280
E[P_neut(11)] = 0.0004523553
E[P_neut(12)] = 0.0004300369
E[P_neut(13)] = 0.0003998175
E[P_neut(14)] = 0.0003827057
E[P_neut(15)] = 0.0003812023
E[P_neut(16)] = 0.0003733797
E[P_neut(17)] = 0.0003968309
E[P_neut(18)] = 0.0004039852
E[P_neut(19)] = 0.0004476548

---- Expected P_sel(i), 0 < i < n (selected SFS per site) 
E[P_sel(1)] = 0.0072434823
E[P_sel(2)] = 0.0028422092
E[P_sel(3)] = 0.0014927962
E[P_sel(4)] = 0.0009330085
E[P_sel(5)] = 0.0006541455
E[P_sel(6)] = 0.0005112929
E[P_sel(7)] = 0.0004158211
E[P_sel(8)] = 0.0003535686
E[P_sel(9)] = 0.0003057004
E[P_sel(10)] = 0.0002767935
E[P_sel(11)] = 0.0002477452
E[P_sel(12)] = 0.0002348195
E[P_sel(13)] = 0.0002180557
E[P_sel(14)] = 0.0002088857
E[P_sel(15)] = 0.0002087156
E[P_sel(16)] = 0.0002056827
E[P_sel(17)] = 0.0002208142
E[P_sel(18)] = 0.0002284437
E[P_sel(19)] = 0.0002602567

---- Expected D_neut and D_sel (neutral and selected divergence per site) 
E[D_neut] = 0.0198942344
E[D_sel] = 0.0125036563

---- Expected neutral and selected misattributed polymorphism per site
E[mis_neut] = 0.0005738313
E[mis_sel] = 0.0003428050

---- alpha_div = 0.233058
---- alpha_dfe = 0.232964

