---- Running command
---- ./polyDFE -d Mmc/539.polyDFE.config.txt -m C -e 
---- Performing inference using model C

---- Performing inference on Mmc/539.polyDFE.config.txt
---- No mutation variability. Using Poisson likelihood.


---- Calculating initial values

-- Starting local optimization
-- Optimizing all parameters
  it        eps_an        lambda     theta_bar           S_d             b           p_b           S_b           r 2           r 3           r 4           r 5           r 6           r 7           r 8           r 9          r 10          r 11          r 12          r 13          r 14          r 15          r 16          r 17          r 18          r 19          r 20           ln lk          grad status 
   0           0.1 0.01926348923 0.01137320547        -20000         0.208           0.1            20 0.87429691338 0.73844953788 0.64261044911 0.57578275453 0.55672005671 0.53539940638 0.53949481471 0.52716773422 0.55020037203 0.55332212770 0.58746553486 0.61804724393 0.66311776616 0.75113831570 0.86078514084 1.10664208093 1.57165584756             1             1 -1114187.670358 23133.5342420   -2 
 364 0.00256448591 0.01931767180 0.01019982044 -123.24763521 0.10040617313 0.00209317165 55.7250181354 0.86133447565 0.71803877533 0.61526962631 0.54782803962 0.52166934945 0.50077973644 0.49188379517 0.47611352948 0.48994124233 0.48157087053 0.50495007500 0.51088100982 0.52494510699 0.55887577870 0.58711830733 0.64876793755 0.69727786045 0.80982583507 1.00707889536 -305.0370991077 0.42058774629   -3 
-- Local optimization: stuck in the same solution
---- Best joint likelihood found -305.037099107736140 with gradient 0.42059

---- Results for Mmc/539.polyDFE.config.txt 
--  Model: C
--        eps_an        lambda     theta_bar             a 
-- 0.00256448591 0.01931767180 0.01019982044            -1 
--           S_d             b           p_b           S_b 
-- -123.24763521 0.10040617313 0.00209317165 55.7250181354 
--           r 2           r 3           r 4           r 5           r 6           r 7           r 8           r 9          r 10          r 11          r 12          r 13          r 14          r 15          r 16          r 17          r 18          r 19          r 20 
-- 0.86133447565 0.71803877533 0.61526962631 0.54782803962 0.52166934945 0.50077973644 0.49188379517 0.47611352948 0.48994124233 0.48157087053 0.50495007500 0.51088100982 0.52494510699 0.55887577870 0.58711830733 0.64876793755 0.69727786045 0.80982583507 1.00707889536 

---- Expected P_neut(i), 0 < i < n (neutral SFS per site) 
E[P_neut(1)] = 0.0101747780
E[P_neut(2)] = 0.0043824767
E[P_neut(3)] = 0.0024360264
E[P_neut(4)] = 0.0015658463
E[P_neut(5)] = 0.0011156582
E[P_neut(6)] = 0.0008855288
E[P_neut(7)] = 0.0007288514
E[P_neut(8)] = 0.0006266332
E[P_neut(9)] = 0.0005393472
E[P_neut(10)] = 0.0004997313
E[P_neut(11)] = 0.0004467783
E[P_neut(12)] = 0.0004297076
E[P_neut(13)] = 0.0004016814
E[P_neut(14)] = 0.0003837467
E[P_neut(15)] = 0.0003819202
E[P_neut(16)] = 0.0003773449
E[P_neut(17)] = 0.0003945163
E[P_neut(18)] = 0.0004053690
E[P_neut(19)] = 0.0004597834

---- Expected P_sel(i), 0 < i < n (selected SFS per site) 
E[P_sel(1)] = 0.0072142958
E[P_sel(2)] = 0.0028378398
E[P_sel(3)] = 0.0015081283
E[P_sel(4)] = 0.0009416698
E[P_sel(5)] = 0.0006568558
E[P_sel(6)] = 0.0005127900
E[P_sel(7)] = 0.0004163866
E[P_sel(8)] = 0.0003539455
E[P_sel(9)] = 0.0003016975
E[P_sel(10)] = 0.0002771941
E[P_sel(11)] = 0.0002460183
E[P_sel(12)] = 0.0002351265
E[P_sel(13)] = 0.0002186107
E[P_sel(14)] = 0.0002079333
E[P_sel(15)] = 0.0002062714
E[P_sel(16)] = 0.0002034775
E[P_sel(17)] = 0.0002129805
E[P_sel(18)] = 0.0002204865
E[P_sel(19)] = 0.0002576092

---- Expected D_neut and D_sel (neutral and selected divergence per site) 
E[D_neut] = 0.0198312730
E[D_sel] = 0.0125359593

---- Expected neutral and selected misattributed polymorphism per site
E[mis_neut] = 0.0005136012
E[mis_sel] = 0.0002908691

---- alpha_div = 0.183986
---- alpha_dfe = 0.184108

