---- Running command
---- ./polyDFE -d Mmc/54.polyDFE.config.txt -m C -e 
---- Performing inference using model C

---- Performing inference on Mmc/54.polyDFE.config.txt
---- No mutation variability. Using Poisson likelihood.


---- Calculating initial values

-- Starting local optimization
-- Optimizing all parameters
  it        eps_an        lambda     theta_bar           S_d             b           p_b           S_b           r 2           r 3           r 4           r 5           r 6           r 7           r 8           r 9          r 10          r 11          r 12          r 13          r 14          r 15          r 16          r 17          r 18          r 19          r 20           ln lk          grad status 
   0           0.1 0.01926026592 0.01136167032        -20000         0.208           0.1            20 0.87389117106 0.73520064545 0.64196412227 0.58670964605 0.55730675995 0.54162971756 0.53523915789 0.52527843376  0.5552106401 0.55068002948 0.58334858912 0.62534926789 0.66388136174 0.75305904776 0.85826457810 1.10759388631 1.58995240180             1             1 -1115212.047079 23127.4883699   -2 
 923 0.00058984742 0.01929646438 0.01014738740 -78.898851648 0.12329326721 0.02608852888 5.96126561562 0.86458862666 0.72079638890 0.62021149996 0.55798256301 0.52968425059 0.50909765699 0.49162650407 0.48179281483 0.49670595146 0.48192590848 0.50502516481 0.51625043354 0.52444048555 0.56500083672 0.58662412272 0.64600696914 0.71384643340 0.82066930594 1.05530683854 -278.5612263504 0.03217191449   -3 
-- Local optimization: stuck in the same solution
---- Best joint likelihood found -278.561226350473589 with gradient 0.03217

---- Results for Mmc/54.polyDFE.config.txt 
--  Model: C
--        eps_an        lambda     theta_bar             a 
-- 0.00058984742 0.01929646438 0.01014738740            -1 
--           S_d             b           p_b           S_b 
-- -78.898851648 0.12329326721 0.02608852888 5.96126561562 
--           r 2           r 3           r 4           r 5           r 6           r 7           r 8           r 9          r 10          r 11          r 12          r 13          r 14          r 15          r 16          r 17          r 18          r 19          r 20 
-- 0.86458862666 0.72079638890 0.62021149996 0.55798256301 0.52968425059 0.50909765699 0.49162650407 0.48179281483 0.49670595146 0.48192590848 0.50502516481 0.51625043354 0.52444048555 0.56500083672 0.58662412272 0.64600696914 0.71384643340 0.82066930594 1.05530683854 

---- Expected P_neut(i), 0 < i < n (neutral SFS per site) 
E[P_neut(1)] = 0.0101416605
E[P_neut(2)] = 0.0043843078
E[P_neut(3)] = 0.0024368561
E[P_neut(4)] = 0.0015726730
E[P_neut(5)] = 0.0011319705
E[P_neut(6)] = 0.0008955144
E[P_neut(7)] = 0.0007378040
E[P_neut(8)] = 0.0006234746
E[P_neut(9)] = 0.0005431572
E[P_neut(10)] = 0.0005040268
E[P_neut(11)] = 0.0004446299
E[P_neut(12)] = 0.0004271731
E[P_neut(13)] = 0.0004031663
E[P_neut(14)] = 0.0003804257
E[P_neut(15)] = 0.0003826613
E[P_neut(16)] = 0.0003727525
E[P_neut(17)] = 0.0003868155
E[P_neut(18)] = 0.0004047766
E[P_neut(19)] = 0.0004440242

---- Expected P_sel(i), 0 < i < n (selected SFS per site) 
E[P_sel(1)] = 0.0072424449
E[P_sel(2)] = 0.0028283040
E[P_sel(3)] = 0.0014945258
E[P_sel(4)] = 0.0009342908
E[P_sel(5)] = 0.0006575731
E[P_sel(6)] = 0.0005115993
E[P_sel(7)] = 0.0004161453
E[P_sel(8)] = 0.0003482101
E[P_sel(9)] = 0.0003010881
E[P_sel(10)] = 0.0002778754
E[P_sel(11)] = 0.0002442565
E[P_sel(12)] = 0.0002342635
E[P_sel(13)] = 0.0002211426
E[P_sel(14)] = 0.0002091519
E[P_sel(15)] = 0.0002113820
E[P_sel(16)] = 0.0002075034
E[P_sel(17)] = 0.0002178226
E[P_sel(18)] = 0.0002317729
E[P_sel(19)] = 0.0002607492

---- Expected D_neut and D_sel (neutral and selected divergence per site) 
E[D_neut] = 0.0198318948
E[D_sel] = 0.0125177379

---- Expected neutral and selected misattributed polymorphism per site
E[mis_neut] = 0.0005354304
E[mis_sel] = 0.0003234683

---- alpha_div = 0.255510
---- alpha_dfe = 0.255218

