---- Running command
---- ./polyDFE -d Mmc/540.polyDFE.config.txt -m C -e 
---- Performing inference using model C

---- Performing inference on Mmc/540.polyDFE.config.txt
---- No mutation variability. Using Poisson likelihood.


---- Calculating initial values

-- Starting local optimization
-- Optimizing all parameters
  it        eps_an        lambda     theta_bar           S_d             b           p_b           S_b           r 2           r 3           r 4           r 5           r 6           r 7           r 8           r 9          r 10          r 11          r 12          r 13          r 14          r 15          r 16          r 17          r 18          r 19          r 20           ln lk          grad status 
   0           0.1 0.01928155449 0.01137037365        -20000         0.208           0.1            20 0.87214005944 0.73884719724 0.64097318080 0.58358352985 0.55216536733 0.53636598581 0.53791955864 0.53008552070 0.54564324135 0.56541382143 0.60026365768 0.62108441561 0.66458094215 0.74805860062 0.86373142789 1.11206980785 1.59329636652             1             1 -1115895.748263 23156.8252021   -2 
 850 0.00068526836 0.01930108022 0.01015985694 -80.409198040 0.12071497472 0.01923359010 7.77874610569 0.86221739582 0.72222239121 0.61750976022 0.55468470291 0.52713007269 0.50623479431 0.49407306236 0.48732759653 0.48970195555 0.49305907209 0.51603052301 0.51423204000 0.52405379245 0.55749185272 0.58990338911 0.65259221421 0.71853496114 0.82623069962 1.08480405603 -273.0847918361 0.03600210235   -3 
-- Local optimization: stuck in the same solution
---- Best joint likelihood found -273.084791836125078 with gradient 0.03600

---- Results for Mmc/540.polyDFE.config.txt 
--  Model: C
--        eps_an        lambda     theta_bar             a 
-- 0.00068526836 0.01930108022 0.01015985694            -1 
--           S_d             b           p_b           S_b 
-- -80.409198040 0.12071497472 0.01923359010 7.77874610569 
--           r 2           r 3           r 4           r 5           r 6           r 7           r 8           r 9          r 10          r 11          r 12          r 13          r 14          r 15          r 16          r 17          r 18          r 19          r 20 
-- 0.86221739582 0.72222239121 0.61750976022 0.55468470291 0.52713007269 0.50623479431 0.49407306236 0.48732759653 0.48970195555 0.49305907209 0.51603052301 0.51423204000 0.52405379245 0.55749185272 0.58990338911 0.65259221421 0.71853496114 0.82623069962 1.08480405603 

---- Expected P_neut(i), 0 < i < n (neutral SFS per site) 
E[P_neut(1)] = 0.0101531975
E[P_neut(2)] = 0.0043772791
E[P_neut(3)] = 0.0024444832
E[P_neut(4)] = 0.0015676346
E[P_neut(5)] = 0.0011265898
E[P_neut(6)] = 0.0008922433
E[P_neut(7)] = 0.0007345252
E[P_neut(8)] = 0.0006273334
E[P_neut(9)] = 0.0005500660
E[P_neut(10)] = 0.0004975302
E[P_neut(11)] = 0.0004554658
E[P_neut(12)] = 0.0004370303
E[P_neut(13)] = 0.0004021146
E[P_neut(14)] = 0.0003806590
E[P_neut(15)] = 0.0003781161
E[P_neut(16)] = 0.0003754015
E[P_neut(17)] = 0.0003914232
E[P_neut(18)] = 0.0004082909
E[P_neut(19)] = 0.0004484692

---- Expected P_sel(i), 0 < i < n (selected SFS per site) 
E[P_sel(1)] = 0.0072479209
E[P_sel(2)] = 0.0028238506
E[P_sel(3)] = 0.0014992521
E[P_sel(4)] = 0.0009311227
E[P_sel(5)] = 0.0006540884
E[P_sel(6)] = 0.0005092126
E[P_sel(7)] = 0.0004136432
E[P_sel(8)] = 0.0003495868
E[P_sel(9)] = 0.0003040180
E[P_sel(10)] = 0.0002732606
E[P_sel(11)] = 0.0002490416
E[P_sel(12)] = 0.0002383150
E[P_sel(13)] = 0.0002190856
E[P_sel(14)] = 0.0002076418
E[P_sel(15)] = 0.0002069991
E[P_sel(16)] = 0.0002068825
E[P_sel(17)] = 0.0002180286
E[P_sel(18)] = 0.0002312244
E[P_sel(19)] = 0.0002610247

---- Expected D_neut and D_sel (neutral and selected divergence per site) 
E[D_neut] = 0.0198521529
E[D_sel] = 0.0125279270

---- Expected neutral and selected misattributed polymorphism per site
E[mis_neut] = 0.0005510727
E[mis_sel] = 0.0003304009

---- alpha_div = 0.242326
---- alpha_dfe = 0.242151

