---- Running command
---- ./polyDFE -d Mmc/541.polyDFE.config.txt -m C -e 
---- Performing inference using model C

---- Performing inference on Mmc/541.polyDFE.config.txt
---- No mutation variability. Using Poisson likelihood.


---- Calculating initial values

-- Starting local optimization
-- Optimizing all parameters
  it        eps_an        lambda     theta_bar           S_d             b           p_b           S_b           r 2           r 3           r 4           r 5           r 6           r 7           r 8           r 9          r 10          r 11          r 12          r 13          r 14          r 15          r 16          r 17          r 18          r 19          r 20           ln lk          grad status 
   0           0.1 0.01925243015 0.01135033714        -20000         0.208           0.1            20 0.87702047144 0.73652372508 0.64157022848 0.57868695096 0.56132505384 0.53799860083 0.54289028170 0.52837695738 0.55211144711 0.55255852816 0.59466360800 0.62289415900 0.66592457565 0.74493687494 0.87171706724 1.11364755921 1.58848576769             1             1 -1114721.882248 23128.9532547   -2 
 845 0.00084577824 0.01920740380 0.01015110963 -82.238354717 0.12018899803 0.02040912576 7.37688091094 0.86504771124 0.72137441784 0.61865177929 0.55076469397 0.52948052800 0.50612027805 0.49979832342 0.48538032506 0.49123734232 0.48544651897 0.51150220184 0.51699412510 0.52334985642 0.55540614662 0.59423995165 0.65028233192 0.70842018595 0.82341165945 1.21169992924 -265.3191084475 0.23287380305   -3 
-- Local optimization: stuck in the same solution
---- Best joint likelihood found -265.319108447554754 with gradient 0.23287

---- Results for Mmc/541.polyDFE.config.txt 
--  Model: C
--        eps_an        lambda     theta_bar             a 
-- 0.00084577824 0.01920740380 0.01015110963            -1 
--           S_d             b           p_b           S_b 
-- -82.238354717 0.12018899803 0.02040912576 7.37688091094 
--           r 2           r 3           r 4           r 5           r 6           r 7           r 8           r 9          r 10          r 11          r 12          r 13          r 14          r 15          r 16          r 17          r 18          r 19          r 20 
-- 0.86504771124 0.72137441784 0.61865177929 0.55076469397 0.52948052800 0.50612027805 0.49979832342 0.48538032506 0.49123734232 0.48544651897 0.51150220184 0.51699412510 0.52334985642 0.55540614662 0.59423995165 0.65028233192 0.70842018595 0.82341165945 1.21169992924 

---- Expected P_neut(i), 0 < i < n (neutral SFS per site) 
E[P_neut(1)] = 0.0101428961
E[P_neut(2)] = 0.0043872215
E[P_neut(3)] = 0.0024391809
E[P_neut(4)] = 0.0015689915
E[P_neut(5)] = 0.0011175467
E[P_neut(6)] = 0.0008953658
E[P_neut(7)] = 0.0007336753
E[P_neut(8)] = 0.0006340180
E[P_neut(9)] = 0.0005473769
E[P_neut(10)] = 0.0004986604
E[P_neut(11)] = 0.0004480678
E[P_neut(12)] = 0.0004328633
E[P_neut(13)] = 0.0004039766
E[P_neut(14)] = 0.0003799068
E[P_neut(15)] = 0.0003764937
E[P_neut(16)] = 0.0003780212
E[P_neut(17)] = 0.0003900353
E[P_neut(18)] = 0.0004028895
E[P_neut(19)] = 0.0004481368

---- Expected P_sel(i), 0 < i < n (selected SFS per site) 
E[P_sel(1)] = 0.0072346634
E[P_sel(2)] = 0.0028293200
E[P_sel(3)] = 0.0014960626
E[P_sel(4)] = 0.0009322444
E[P_sel(5)] = 0.0006492243
E[P_sel(6)] = 0.0005114194
E[P_sel(7)] = 0.0004136011
E[P_sel(8)] = 0.0003537640
E[P_sel(9)] = 0.0003029866
E[P_sel(10)] = 0.0002743563
E[P_sel(11)] = 0.0002454800
E[P_sel(12)] = 0.0002365673
E[P_sel(13)] = 0.0002206464
E[P_sel(14)] = 0.0002078021
E[P_sel(15)] = 0.0002067350
E[P_sel(16)] = 0.0002090129
E[P_sel(17)] = 0.0002180249
E[P_sel(18)] = 0.0002290197
E[P_sel(19)] = 0.0002617568

---- Expected D_neut and D_sel (neutral and selected divergence per site) 
E[D_neut] = 0.0198224087
E[D_sel] = 0.0125214784

---- Expected neutral and selected misattributed polymorphism per site
E[mis_neut] = 0.0006150049
E[mis_sel] = 0.0003697579

---- alpha_div = 0.244189
---- alpha_dfe = 0.243964

