---- Running command
---- ./polyDFE -d Mmc/542.polyDFE.config.txt -m C -e 
---- Performing inference using model C

---- Performing inference on Mmc/542.polyDFE.config.txt
---- No mutation variability. Using Poisson likelihood.


---- Calculating initial values

-- Starting local optimization
-- Optimizing all parameters
  it        eps_an        lambda     theta_bar           S_d             b           p_b           S_b           r 2           r 3           r 4           r 5           r 6           r 7           r 8           r 9          r 10          r 11          r 12          r 13          r 14          r 15          r 16          r 17          r 18          r 19          r 20           ln lk          grad status 
   0           0.1 0.01928673076 0.01139536607        -20000         0.208           0.1            20 0.87162457405 0.73663586219 0.64363768829 0.58093317501 0.55680494684 0.53817889927 0.53645049446 0.52947837665 0.54663947445 0.55351592880 0.59457097580 0.62968151720 0.66544031954 0.74510751025 0.86215545090 1.10146935466 1.58397677787             1             1 -1115239.047734 23159.1022370   -2 
 676 0.00239552281 0.01935327188 0.01019887457 -88.315442466 0.11600608548 0.01368019994 10.4272456459 0.86161230040 0.72136809715 0.61864865858 0.55513092676 0.52859877749 0.50470752428 0.49418773596 0.48565726719 0.49019755150 0.48056067227 0.50880800671 0.51655757509 0.52190883094 0.55469104342 0.57958196758 0.64241685195 0.70232048304 0.79444705630 0.98886714391 -271.2873865725 0.21033825686   -3 
-- Local optimization: stuck in the same solution
---- Best joint likelihood found -271.287386572541436 with gradient 0.21034

---- Results for Mmc/542.polyDFE.config.txt 
--  Model: C
--        eps_an        lambda     theta_bar             a 
-- 0.00239552281 0.01935327188 0.01019887457            -1 
--           S_d             b           p_b           S_b 
-- -88.315442466 0.11600608548 0.01368019994 10.4272456459 
--           r 2           r 3           r 4           r 5           r 6           r 7           r 8           r 9          r 10          r 11          r 12          r 13          r 14          r 15          r 16          r 17          r 18          r 19          r 20 
-- 0.86161230040 0.72136809715 0.61864865858 0.55513092676 0.52859877749 0.50470752428 0.49418773596 0.48565726719 0.49019755150 0.48056067227 0.50880800671 0.51655757509 0.52190883094 0.55469104342 0.57958196758 0.64241685195 0.70232048304 0.79444705630 0.98886714391 

---- Expected P_neut(i), 0 < i < n (neutral SFS per site) 
E[P_neut(1)] = 0.0101754645
E[P_neut(2)] = 0.0043841659
E[P_neut(3)] = 0.0024474294
E[P_neut(4)] = 0.0015744864
E[P_neut(5)] = 0.0011305331
E[P_neut(6)] = 0.0008972771
E[P_neut(7)] = 0.0007345591
E[P_neut(8)] = 0.0006295465
E[P_neut(9)] = 0.0005500998
E[P_neut(10)] = 0.0004999463
E[P_neut(11)] = 0.0004458127
E[P_neut(12)] = 0.0004329124
E[P_neut(13)] = 0.0004060451
E[P_neut(14)] = 0.0003814475
E[P_neut(15)] = 0.0003789574
E[P_neut(16)] = 0.0003723364
E[P_neut(17)] = 0.0003903591
E[P_neut(18)] = 0.0004075097
E[P_neut(19)] = 0.0004498556

---- Expected P_sel(i), 0 < i < n (selected SFS per site) 
E[P_sel(1)] = 0.0072406354
E[P_sel(2)] = 0.0028244629
E[P_sel(3)] = 0.0015005239
E[P_sel(4)] = 0.0009353064
E[P_sel(5)] = 0.0006565691
E[P_sel(6)] = 0.0005122148
E[P_sel(7)] = 0.0004136817
E[P_sel(8)] = 0.0003507152
E[P_sel(9)] = 0.0003038008
E[P_sel(10)] = 0.0002742082
E[P_sel(11)] = 0.0002432478
E[P_sel(12)] = 0.0002353657
E[P_sel(13)] = 0.0002203473
E[P_sel(14)] = 0.0002070145
E[P_sel(15)] = 0.0002061573
E[P_sel(16)] = 0.0002036735
E[P_sel(17)] = 0.0002156579
E[P_sel(18)] = 0.0002290755
E[P_sel(19)] = 0.0002620407

---- Expected D_neut and D_sel (neutral and selected divergence per site) 
E[D_neut] = 0.0198575385
E[D_sel] = 0.0125362219

---- Expected neutral and selected misattributed polymorphism per site
E[mis_neut] = 0.0005042666
E[mis_sel] = 0.0002998907

---- alpha_div = 0.228695
---- alpha_dfe = 0.228604

