---- Running command
---- ./polyDFE -d Mmc/543.polyDFE.config.txt -m C -e 
---- Performing inference using model C

---- Performing inference on Mmc/543.polyDFE.config.txt
---- No mutation variability. Using Poisson likelihood.


---- Calculating initial values

-- Starting local optimization
-- Optimizing all parameters
  it        eps_an        lambda     theta_bar           S_d             b           p_b           S_b           r 2           r 3           r 4           r 5           r 6           r 7           r 8           r 9          r 10          r 11          r 12          r 13          r 14          r 15          r 16          r 17          r 18          r 19          r 20           ln lk          grad status 
   0           0.1 0.01926108500 0.01136152977        -20000         0.208           0.1            20 0.87200373109 0.73989556758 0.64631885148 0.58093391606 0.55582204736 0.54278422696 0.53308583499 0.52658696761 0.55134876759 0.54928901000 0.58811912347 0.62257059203 0.67140070830 0.74755070023 0.86431181159 1.11164634922 1.57634902133             1             1 -1114881.322409 23139.9229339   -2 
 253 0.00319997742 0.01931658793 0.01020679421 -110.63339852 0.10372718895 0.00274829712 43.9787159077 0.85993939276 0.71539923832 0.61654053612 0.54959699345 0.52235079210 0.50388676125 0.48755171435 0.47683706067 0.49024123974 0.47679465718 0.50723498591 0.50926200874 0.52748465236 0.55686582818 0.58770106697 0.65216404491 0.70001918874 0.78791792194 1.00235760872 -326.5153943006 0.72667342792   -3 
-- Local optimization: stuck in the same solution
---- Best joint likelihood found -326.515394300688058 with gradient 0.72667

---- Results for Mmc/543.polyDFE.config.txt 
--  Model: C
--        eps_an        lambda     theta_bar             a 
-- 0.00319997742 0.01931658793 0.01020679421            -1 
--           S_d             b           p_b           S_b 
-- -110.63339852 0.10372718895 0.00274829712 43.9787159077 
--           r 2           r 3           r 4           r 5           r 6           r 7           r 8           r 9          r 10          r 11          r 12          r 13          r 14          r 15          r 16          r 17          r 18          r 19          r 20 
-- 0.85993939276 0.71539923832 0.61654053612 0.54959699345 0.52235079210 0.50388676125 0.48755171435 0.47683706067 0.49024123974 0.47679465718 0.50723498591 0.50926200874 0.52748465236 0.55686582818 0.58770106697 0.65216404491 0.70001918874 0.78791792194 1.00235760872 

---- Expected P_neut(i), 0 < i < n (neutral SFS per site) 
E[P_neut(1)] = 0.0101754872
E[P_neut(2)] = 0.0043758390
E[P_neut(3)] = 0.0024274419
E[P_neut(4)] = 0.0015693910
E[P_neut(5)] = 0.0011195471
E[P_neut(6)] = 0.0008869750
E[P_neut(7)] = 0.0007336524
E[P_neut(8)] = 0.0006214326
E[P_neut(9)] = 0.0005404605
E[P_neut(10)] = 0.0005003791
E[P_neut(11)] = 0.0004427279
E[P_neut(12)] = 0.0004320469
E[P_neut(13)] = 0.0004009126
E[P_neut(14)] = 0.0003861791
E[P_neut(15)] = 0.0003812986
E[P_neut(16)] = 0.0003787436
E[P_neut(17)] = 0.0003980948
E[P_neut(18)] = 0.0004097150
E[P_neut(19)] = 0.0004545763

---- Expected P_sel(i), 0 < i < n (selected SFS per site) 
E[P_sel(1)] = 0.0072333479
E[P_sel(2)] = 0.0028345959
E[P_sel(3)] = 0.0015014265
E[P_sel(4)] = 0.0009421454
E[P_sel(5)] = 0.0006576046
E[P_sel(6)] = 0.0005122078
E[P_sel(7)] = 0.0004178395
E[P_sel(8)] = 0.0003498473
E[P_sel(9)] = 0.0003012753
E[P_sel(10)] = 0.0002765718
E[P_sel(11)] = 0.0002429243
E[P_sel(12)] = 0.0002355861
E[P_sel(13)] = 0.0002174747
E[P_sel(14)] = 0.0002086267
E[P_sel(15)] = 0.0002054238
E[P_sel(16)] = 0.0002038857
E[P_sel(17)] = 0.0002148232
E[P_sel(18)] = 0.0002233016
E[P_sel(19)] = 0.0002568282

---- Expected D_neut and D_sel (neutral and selected divergence per site) 
E[D_neut] = 0.0198281308
E[D_sel] = 0.0125397333

---- Expected neutral and selected misattributed polymorphism per site
E[mis_neut] = 0.0005115429
E[mis_sel] = 0.0002913076

---- alpha_div = 0.190654
---- alpha_dfe = 0.190772

