---- Running command
---- ./polyDFE -d Mmc/544.polyDFE.config.txt -m C -e 
---- Performing inference using model C

---- Performing inference on Mmc/544.polyDFE.config.txt
---- No mutation variability. Using Poisson likelihood.


---- Calculating initial values

-- Starting local optimization
-- Optimizing all parameters
  it        eps_an        lambda     theta_bar           S_d             b           p_b           S_b           r 2           r 3           r 4           r 5           r 6           r 7           r 8           r 9          r 10          r 11          r 12          r 13          r 14          r 15          r 16          r 17          r 18          r 19          r 20           ln lk          grad status 
   0           0.1 0.01929741370 0.01131448359        -20000         0.208           0.1            20 0.87300914991 0.73750846892 0.64769118205 0.58225414930 0.56340595812 0.55143623973 0.54098192417 0.53428588379 0.55950974076 0.55410300139 0.59709741633 0.62899478884 0.67041985116 0.75180456717 0.87361214025 1.11363130337 1.57440354721             1             1 -1116487.338183 23161.7820024   -2 
 929 0.00053179961 0.01921335268 0.01009815116 -64.923727553 0.13368082871 0.03224059372 5.21763214340 0.86611109650 0.72374392685 0.62445350115 0.55725741017 0.53540289677 0.51447841638 0.49910371402 0.48973876012 0.50170920482 0.48380842646 0.51801774970 0.52090863958 0.52880649002 0.56013031086 0.59238662195 0.65000118919 0.71333092989 0.82842636326 1.28940877226 -273.3245113471 0.03171320216   -3 
-- Local optimization: stuck in the same solution
---- Best joint likelihood found -273.324511347105727 with gradient 0.03171

---- Results for Mmc/544.polyDFE.config.txt 
--  Model: C
--        eps_an        lambda     theta_bar             a 
-- 0.00053179961 0.01921335268 0.01009815116            -1 
--           S_d             b           p_b           S_b 
-- -64.923727553 0.13368082871 0.03224059372 5.21763214340 
--           r 2           r 3           r 4           r 5           r 6           r 7           r 8           r 9          r 10          r 11          r 12          r 13          r 14          r 15          r 16          r 17          r 18          r 19          r 20 
-- 0.86611109650 0.72374392685 0.62445350115 0.55725741017 0.53540289677 0.51447841638 0.49910371402 0.48973876012 0.50170920482 0.48380842646 0.51801774970 0.52090863958 0.52880649002 0.56013031086 0.59238662195 0.65000118919 0.71333092989 0.82842636326 1.28940877226 

---- Expected P_neut(i), 0 < i < n (neutral SFS per site) 
E[P_neut(1)] = 0.0100930151
E[P_neut(2)] = 0.0043709476
E[P_neut(3)] = 0.0024350683
E[P_neut(4)] = 0.0015758169
E[P_neut(5)] = 0.0011250559
E[P_neut(6)] = 0.0009008202
E[P_neut(7)] = 0.0007420035
E[P_neut(8)] = 0.0006298999
E[P_neut(9)] = 0.0005494391
E[P_neut(10)] = 0.0005066335
E[P_neut(11)] = 0.0004441988
E[P_neut(12)] = 0.0004360217
E[P_neut(13)] = 0.0004048114
E[P_neut(14)] = 0.0003817026
E[P_neut(15)] = 0.0003774834
E[P_neut(16)] = 0.0003745151
E[P_neut(17)] = 0.0003871967
E[P_neut(18)] = 0.0004022974
E[P_neut(19)] = 0.0004454294

---- Expected P_sel(i), 0 < i < n (selected SFS per site) 
E[P_sel(1)] = 0.0072524215
E[P_sel(2)] = 0.0028238516
E[P_sel(3)] = 0.0014911803
E[P_sel(4)] = 0.0009330200
E[P_sel(5)] = 0.0006505871
E[P_sel(6)] = 0.0005118976
E[P_sel(7)] = 0.0004160979
E[P_sel(8)] = 0.0003496887
E[P_sel(9)] = 0.0003027364
E[P_sel(10)] = 0.0002776739
E[P_sel(11)] = 0.0002426662
E[P_sel(12)] = 0.0002379040
E[P_sel(13)] = 0.0002210599
E[P_sel(14)] = 0.0002090873
E[P_sel(15)] = 0.0002079529
E[P_sel(16)] = 0.0002081333
E[P_sel(17)] = 0.0002179114
E[P_sel(18)] = 0.0002304609
E[P_sel(19)] = 0.0002618314

---- Expected D_neut and D_sel (neutral and selected divergence per site) 
E[D_neut] = 0.0198643849
E[D_sel] = 0.0125453070

---- Expected neutral and selected misattributed polymorphism per site
E[mis_neut] = 0.0006510322
E[mis_sel] = 0.0003940085

---- alpha_div = 0.278590
---- alpha_dfe = 0.278489

