---- Running command
---- ./polyDFE -d Mmc/545.polyDFE.config.txt -m C -e 
---- Performing inference using model C

---- Performing inference on Mmc/545.polyDFE.config.txt
---- No mutation variability. Using Poisson likelihood.


---- Calculating initial values

-- Starting local optimization
-- Optimizing all parameters
  it        eps_an        lambda     theta_bar           S_d             b           p_b           S_b           r 2           r 3           r 4           r 5           r 6           r 7           r 8           r 9          r 10          r 11          r 12          r 13          r 14          r 15          r 16          r 17          r 18          r 19          r 20           ln lk          grad status 
   0           0.1 0.01927125529 0.01132262398        -20000         0.208           0.1            20 0.87469114207 0.73569375515 0.64889513769 0.58567929593 0.56308882275 0.54441392448 0.54514577904 0.53478147007 0.54816379863 0.55321818122 0.59575227304 0.62856173212 0.67864351326 0.74796271848 0.87065919513 1.11030858628 1.58397708760             1             1 -1117410.639263 23164.6499548   -2 
1236 0.00065851926 0.01929360530 0.01010619067 -68.987389165 0.12961860318 0.02866956641 5.64028859603 0.86745466092 0.72395507044 0.62586230866 0.55817651841 0.53184705776 0.50951078186 0.50259356599 0.48955291851 0.49556901470 0.48694545838 0.51366667349 0.51608830235 0.53370702033 0.56228507638 0.59387757436 0.65143401503 0.71216798833 0.82667566238 1.08156384483 -285.4013717226 0.03255446556   -3 
-- Local optimization: stuck in the same solution
---- Best joint likelihood found -285.401371722677140 with gradient 0.03255

---- Results for Mmc/545.polyDFE.config.txt 
--  Model: C
--        eps_an        lambda     theta_bar             a 
-- 0.00065851926 0.01929360530 0.01010619067            -1 
--           S_d             b           p_b           S_b 
-- -68.987389165 0.12961860318 0.02866956641 5.64028859603 
--           r 2           r 3           r 4           r 5           r 6           r 7           r 8           r 9          r 10          r 11          r 12          r 13          r 14          r 15          r 16          r 17          r 18          r 19          r 20 
-- 0.86745466092 0.72395507044 0.62586230866 0.55817651841 0.53184705776 0.50951078186 0.50259356599 0.48955291851 0.49556901470 0.48694545838 0.51366667349 0.51608830235 0.53370702033 0.56228507638 0.59387757436 0.65143401503 0.71216798833 0.82667566238 1.08156384483 

---- Expected P_neut(i), 0 < i < n (neutral SFS per site) 
E[P_neut(1)] = 0.0100998251
E[P_neut(2)] = 0.0043807079
E[P_neut(3)] = 0.0024374583
E[P_neut(4)] = 0.0015804767
E[P_neut(5)] = 0.0011277142
E[P_neut(6)] = 0.0008954884
E[P_neut(7)] = 0.0007353817
E[P_neut(8)] = 0.0006347801
E[P_neut(9)] = 0.0005496565
E[P_neut(10)] = 0.0005008315
E[P_neut(11)] = 0.0004474459
E[P_neut(12)] = 0.0004327343
E[P_neut(13)] = 0.0004014269
E[P_neut(14)] = 0.0003856037
E[P_neut(15)] = 0.0003793308
E[P_neut(16)] = 0.0003759093
E[P_neut(17)] = 0.0003886166
E[P_neut(18)] = 0.0004024735
E[P_neut(19)] = 0.0004460783

---- Expected P_sel(i), 0 < i < n (selected SFS per site) 
E[P_sel(1)] = 0.0072453403
E[P_sel(2)] = 0.0028301092
E[P_sel(3)] = 0.0014940852
E[P_sel(4)] = 0.0009372093
E[P_sel(5)] = 0.0006533274
E[P_sel(6)] = 0.0005098849
E[P_sel(7)] = 0.0004132228
E[P_sel(8)] = 0.0003530920
E[P_sel(9)] = 0.0003034082
E[P_sel(10)] = 0.0002749331
E[P_sel(11)] = 0.0002447592
E[P_sel(12)] = 0.0002363329
E[P_sel(13)] = 0.0002193242
E[P_sel(14)] = 0.0002112289
E[P_sel(15)] = 0.0002088622
E[P_sel(16)] = 0.0002086805
E[P_sel(17)] = 0.0002183513
E[P_sel(18)] = 0.0002300903
E[P_sel(19)] = 0.0002617365

---- Expected D_neut and D_sel (neutral and selected divergence per site) 
E[D_neut] = 0.0198401298
E[D_sel] = 0.0125121291

---- Expected neutral and selected misattributed polymorphism per site
E[mis_neut] = 0.0005465245
E[mis_sel] = 0.0003299192

---- alpha_div = 0.266805
---- alpha_dfe = 0.266580

