---- Running command
---- ./polyDFE -d Mmc/546.polyDFE.config.txt -m C -e 
---- Performing inference using model C

---- Performing inference on Mmc/546.polyDFE.config.txt
---- No mutation variability. Using Poisson likelihood.


---- Calculating initial values

-- Starting local optimization
-- Optimizing all parameters
  it        eps_an        lambda     theta_bar           S_d             b           p_b           S_b           r 2           r 3           r 4           r 5           r 6           r 7           r 8           r 9          r 10          r 11          r 12          r 13          r 14          r 15          r 16          r 17          r 18          r 19          r 20           ln lk          grad status 
   0           0.1 0.01928735443 0.01133282490        -20000         0.208           0.1            20 0.87358991429 0.73443654116 0.64608492846 0.58517602459 0.55756696499 0.54114711069 0.54249379819 0.53067006502 0.55029744601 0.55611386901 0.60052959488 0.63243621428 0.66727271088 0.75123463665 0.86690951764 1.11108003005 1.57355382486             1             1 -1116584.425780 23181.1409082   -2 
 867 0.00109314754 0.01933515705 0.01012316736 -73.203523085 0.12570283473 0.02357013635 6.67605711837 0.86475525605 0.72254829068 0.62225054710 0.55840516603 0.52940353835 0.50775601965 0.49706479103 0.48661314161 0.49593918766 0.48395021387 0.51850829916 0.52049193573 0.52388979558 0.55855706288 0.59065463434 0.65144516938 0.70591325894 0.81328634406 1.02637224971 -278.9504192778 0.05544824827   -3 
-- Local optimization: stuck in the same solution
---- Best joint likelihood found -278.950419277840410 with gradient 0.05545

---- Results for Mmc/546.polyDFE.config.txt 
--  Model: C
--        eps_an        lambda     theta_bar             a 
-- 0.00109314754 0.01933515705 0.01012316736            -1 
--           S_d             b           p_b           S_b 
-- -73.203523085 0.12570283473 0.02357013635 6.67605711837 
--           r 2           r 3           r 4           r 5           r 6           r 7           r 8           r 9          r 10          r 11          r 12          r 13          r 14          r 15          r 16          r 17          r 18          r 19          r 20 
-- 0.86475525605 0.72254829068 0.62225054710 0.55840516603 0.52940353835 0.50775601965 0.49706479103 0.48661314161 0.49593918766 0.48395021387 0.51850829916 0.52049193573 0.52388979558 0.55855706288 0.59065463434 0.65144516938 0.70591325894 0.81328634406 1.02637224971 

---- Expected P_neut(i), 0 < i < n (neutral SFS per site) 
E[P_neut(1)] = 0.0101125749
E[P_neut(2)] = 0.0043726803
E[P_neut(3)] = 0.0024359179
E[P_neut(4)] = 0.0015734736
E[P_neut(5)] = 0.0011297420
E[P_neut(6)] = 0.0008926445
E[P_neut(7)] = 0.0007339402
E[P_neut(8)] = 0.0006287743
E[P_neut(9)] = 0.0005472292
E[P_neut(10)] = 0.0005020475
E[P_neut(11)] = 0.0004454850
E[P_neut(12)] = 0.0004376216
E[P_neut(13)] = 0.0004056694
E[P_neut(14)] = 0.0003793783
E[P_neut(15)] = 0.0003777816
E[P_neut(16)] = 0.0003750189
E[P_neut(17)] = 0.0003901641
E[P_neut(18)] = 0.0004013551
E[P_neut(19)] = 0.0004439100

---- Expected P_sel(i), 0 < i < n (selected SFS per site) 
E[P_sel(1)] = 0.0072398719
E[P_sel(2)] = 0.0028229847
E[P_sel(3)] = 0.0014932119
E[P_sel(4)] = 0.0009334266
E[P_sel(5)] = 0.0006548404
E[P_sel(6)] = 0.0005085108
E[P_sel(7)] = 0.0004125489
E[P_sel(8)] = 0.0003497796
E[P_sel(9)] = 0.0003019920
E[P_sel(10)] = 0.0002754173
E[P_sel(11)] = 0.0002434065
E[P_sel(12)] = 0.0002385960
E[P_sel(13)] = 0.0002211317
E[P_sel(14)] = 0.0002072078
E[P_sel(15)] = 0.0002072646
E[P_sel(16)] = 0.0002073241
E[P_sel(17)] = 0.0002182400
E[P_sel(18)] = 0.0002284988
E[P_sel(19)] = 0.0002600719

---- Expected D_neut and D_sel (neutral and selected divergence per site) 
E[D_neut] = 0.0198546640
E[D_sel] = 0.0125490152

---- Expected neutral and selected misattributed polymorphism per site
E[mis_neut] = 0.0005195069
E[mis_sel] = 0.0003128701

---- alpha_div = 0.256215
---- alpha_dfe = 0.256157

