---- Running command
---- ./polyDFE -d Mmc/547.polyDFE.config.txt -m C -e 
---- Performing inference using model C

---- Performing inference on Mmc/547.polyDFE.config.txt
---- No mutation variability. Using Poisson likelihood.


---- Calculating initial values

-- Starting local optimization
-- Optimizing all parameters
  it        eps_an        lambda     theta_bar           S_d             b           p_b           S_b           r 2           r 3           r 4           r 5           r 6           r 7           r 8           r 9          r 10          r 11          r 12          r 13          r 14          r 15          r 16          r 17          r 18          r 19          r 20           ln lk          grad status 
   0           0.1 0.01926379657 0.01133839207        -20000         0.208           0.1            20 0.87339928406 0.73867433204 0.64478354567 0.58129954137 0.55395406617 0.54114593390 0.53470089739 0.53170334156 0.55234585507 0.54946404473 0.59294195527 0.62485411612 0.66403023093 0.74920241415 0.86795104574 1.10816165100 1.57477234613             1             1 -1116940.325710 23149.2343495   -2 
 355 0.00428138282 0.01930859332 0.01016588282 -89.484590356 0.11152211145 0.00785607093 16.7005938841 0.86340032386 0.72129545956 0.61914369680 0.55328596729 0.52492477759 0.50606097991 0.49125865069 0.48383884627 0.49565275391 0.47955016075 0.51135452210 0.51474271208 0.51975414144 0.55424310799 0.58824992859 0.63376822132 0.68539956260 0.76541938852 1.02033518985 -281.0918367184 0.54021491552   -8 
-- Local optimization: reached maximum number of likelihood evaluations allowed.
---- Best joint likelihood found -281.091836718420382 with gradient 0.54021

---- Results for Mmc/547.polyDFE.config.txt 
--  Model: C
--        eps_an        lambda     theta_bar             a 
-- 0.00428138282 0.01930859332 0.01016588282            -1 
--           S_d             b           p_b           S_b 
-- -89.484590356 0.11152211145 0.00785607093 16.7005938841 
--           r 2           r 3           r 4           r 5           r 6           r 7           r 8           r 9          r 10          r 11          r 12          r 13          r 14          r 15          r 16          r 17          r 18          r 19          r 20 
-- 0.86340032386 0.72129545956 0.61914369680 0.55328596729 0.52492477759 0.50606097991 0.49125865069 0.48383884627 0.49565275391 0.47955016075 0.51135452210 0.51474271208 0.51975414144 0.55424310799 0.58824992859 0.63376822132 0.68539956260 0.76541938852 1.02033518985 

---- Expected P_neut(i), 0 < i < n (neutral SFS per site) 
E[P_neut(1)] = 0.0101241122
E[P_neut(2)] = 0.0043714812
E[P_neut(3)] = 0.0024353597
E[P_neut(4)] = 0.0015683988
E[P_neut(5)] = 0.0011217200
E[P_neut(6)] = 0.0008871953
E[P_neut(7)] = 0.0007335135
E[P_neut(8)] = 0.0006234417
E[P_neut(9)] = 0.0005460742
E[P_neut(10)] = 0.0005038748
E[P_neut(11)] = 0.0004436288
E[P_neut(12)] = 0.0004340155
E[P_neut(13)] = 0.0004039473
E[P_neut(14)] = 0.0003796034
E[P_neut(15)] = 0.0003788328
E[P_neut(16)] = 0.0003788917
E[P_neut(17)] = 0.0003878310
E[P_neut(18)] = 0.0004042260
E[P_neut(19)] = 0.0004513056

---- Expected P_sel(i), 0 < i < n (selected SFS per site) 
E[P_sel(1)] = 0.0072404675
E[P_sel(2)] = 0.0028371290
E[P_sel(3)] = 0.0015056104
E[P_sel(4)] = 0.0009398255
E[P_sel(5)] = 0.0006571630
E[P_sel(6)] = 0.0005108021
E[P_sel(7)] = 0.0004164755
E[P_sel(8)] = 0.0003499643
E[P_sel(9)] = 0.0003036599
E[P_sel(10)] = 0.0002780207
E[P_sel(11)] = 0.0002432426
E[P_sel(12)] = 0.0002368108
E[P_sel(13)] = 0.0002196542
E[P_sel(14)] = 0.0002060581
E[P_sel(15)] = 0.0002057016
E[P_sel(16)] = 0.0002063977
E[P_sel(17)] = 0.0002129302
E[P_sel(18)] = 0.0002257275
E[P_sel(19)] = 0.0002634722

---- Expected D_neut and D_sel (neutral and selected divergence per site) 
E[D_neut] = 0.0198272237
E[D_sel] = 0.0125297270

---- Expected neutral and selected misattributed polymorphism per site
E[mis_neut] = 0.0005186304
E[mis_sel] = 0.0003047691

---- alpha_div = 0.208064
---- alpha_dfe = 0.208347

