---- Running command
---- ./polyDFE -d Mmc/548.polyDFE.config.txt -m C -e 
---- Performing inference using model C

---- Performing inference on Mmc/548.polyDFE.config.txt
---- No mutation variability. Using Poisson likelihood.


---- Calculating initial values

-- Starting local optimization
-- Optimizing all parameters
  it        eps_an        lambda     theta_bar           S_d             b           p_b           S_b           r 2           r 3           r 4           r 5           r 6           r 7           r 8           r 9          r 10          r 11          r 12          r 13          r 14          r 15          r 16          r 17          r 18          r 19          r 20           ln lk          grad status 
   0           0.1 0.01928729559 0.01133944434        -20000         0.208           0.1            20 0.87093236219 0.73936504308 0.64437067044 0.58729051361 0.55215505351 0.53818711900 0.54053419177 0.53365010043 0.55829216941 0.54909404123 0.60058942688 0.62475040487 0.66620117861 0.75443615650 0.85652658677 1.11028168250 1.58337007120             1             1 -1115367.147822 23170.9399726   -2 
1294 0.00069286908 0.01928403192 0.01012024994 -76.407717902 0.12358429265 0.02221077934 6.98571463627 0.86518556682 0.72441691940 0.62272490345 0.55727426209 0.52743815037 0.50606768468 0.49852209486 0.48937729120 0.49751374392 0.48379674245 0.51720180737 0.51437405088 0.52500213931 0.56106700916 0.58382049793 0.65052692049 0.71224785473 0.83173896048 1.12903062220 -279.0266454400 0.01528025163   -3 
-- Local optimization: stuck in the same solution
---- Best joint likelihood found -279.026645440055290 with gradient 0.01528

---- Results for Mmc/548.polyDFE.config.txt 
--  Model: C
--        eps_an        lambda     theta_bar             a 
-- 0.00069286908 0.01928403192 0.01012024994            -1 
--           S_d             b           p_b           S_b 
-- -76.407717902 0.12358429265 0.02221077934 6.98571463627 
--           r 2           r 3           r 4           r 5           r 6           r 7           r 8           r 9          r 10          r 11          r 12          r 13          r 14          r 15          r 16          r 17          r 18          r 19          r 20 
-- 0.86518556682 0.72441691940 0.62272490345 0.55727426209 0.52743815037 0.50606768468 0.49852209486 0.48937729120 0.49751374392 0.48379674245 0.51720180737 0.51437405088 0.52500213931 0.56106700916 0.58382049793 0.65052692049 0.71224785473 0.83173896048 1.12903062220 

---- Expected P_neut(i), 0 < i < n (neutral SFS per site) 
E[P_neut(1)] = 0.0101135449
E[P_neut(2)] = 0.0043751912
E[P_neut(3)] = 0.0024423352
E[P_neut(4)] = 0.0015746971
E[P_neut(5)] = 0.0011274317
E[P_neut(6)] = 0.0008892809
E[P_neut(7)] = 0.0007314179
E[P_neut(8)] = 0.0006305113
E[P_neut(9)] = 0.0005502183
E[P_neut(10)] = 0.0005034963
E[P_neut(11)] = 0.0004451769
E[P_neut(12)] = 0.0004363190
E[P_neut(13)] = 0.0004006598
E[P_neut(14)] = 0.0003798644
E[P_neut(15)] = 0.0003790618
E[P_neut(16)] = 0.0003701114
E[P_neut(17)] = 0.0003886893
E[P_neut(18)] = 0.0004032073
E[P_neut(19)] = 0.0004497264

---- Expected P_sel(i), 0 < i < n (selected SFS per site) 
E[P_sel(1)] = 0.0072303032
E[P_sel(2)] = 0.0028233395
E[P_sel(3)] = 0.0014973838
E[P_sel(4)] = 0.0009346480
E[P_sel(5)] = 0.0006540012
E[P_sel(6)] = 0.0005070556
E[P_sel(7)] = 0.0004115381
E[P_sel(8)] = 0.0003511028
E[P_sel(9)] = 0.0003039454
E[P_sel(10)] = 0.0002764725
E[P_sel(11)] = 0.0002434440
E[P_sel(12)] = 0.0002380552
E[P_sel(13)] = 0.0002185187
E[P_sel(14)] = 0.0002075406
E[P_sel(15)] = 0.0002079820
E[P_sel(16)] = 0.0002045653
E[P_sel(17)] = 0.0002172887
E[P_sel(18)] = 0.0002292967
E[P_sel(19)] = 0.0002628015

---- Expected D_neut and D_sel (neutral and selected divergence per site) 
E[D_neut] = 0.0198553355
E[D_sel] = 0.0125546171

---- Expected neutral and selected misattributed polymorphism per site
E[mis_neut] = 0.0005713036
E[mis_sel] = 0.0003439389

---- alpha_div = 0.251941
---- alpha_dfe = 0.251851

