---- Running command
---- ./polyDFE -d Mmc/549.polyDFE.config.txt -m C -e 
---- Performing inference using model C

---- Performing inference on Mmc/549.polyDFE.config.txt
---- No mutation variability. Using Poisson likelihood.


---- Calculating initial values

-- Starting local optimization
-- Optimizing all parameters
  it        eps_an        lambda     theta_bar           S_d             b           p_b           S_b           r 2           r 3           r 4           r 5           r 6           r 7           r 8           r 9          r 10          r 11          r 12          r 13          r 14          r 15          r 16          r 17          r 18          r 19          r 20           ln lk          grad status 
   0           0.1 0.01927613789 0.01135116472        -20000         0.208           0.1            20 0.87219322204 0.73232827756 0.64767407251 0.58057417705 0.55718640960 0.54472819298 0.54215545696 0.52815158534 0.55334726819 0.55928198833 0.59480227290 0.62695564862 0.66771951329 0.74766286784 0.86577322382 1.10577808853 1.59182147626             1             1 -1116513.400364 23138.7036321   -2 
 711 0.00189071653 0.01932502474 0.01014688336 -74.956105349 0.12242714609 0.01834156041 8.19330015126 0.86299715021 0.72032106131 0.62301126622 0.55558520206 0.52879085195 0.51178135054 0.49956401022 0.48122387598 0.49574202527 0.48586406623 0.51277521499 0.51872631081 0.52228037234 0.55590923531 0.58678958475 0.64774953120 0.70949859382 0.79517181927 1.02519753969 -272.9578003643 0.08015485652   -3 
-- Local optimization: stuck in the same solution
---- Best joint likelihood found -272.957800364369177 with gradient 0.08015

---- Results for Mmc/549.polyDFE.config.txt 
--  Model: C
--        eps_an        lambda     theta_bar             a 
-- 0.00189071653 0.01932502474 0.01014688336            -1 
--           S_d             b           p_b           S_b 
-- -74.956105349 0.12242714609 0.01834156041 8.19330015126 
--           r 2           r 3           r 4           r 5           r 6           r 7           r 8           r 9          r 10          r 11          r 12          r 13          r 14          r 15          r 16          r 17          r 18          r 19          r 20 
-- 0.86299715021 0.72032106131 0.62301126622 0.55558520206 0.52879085195 0.51178135054 0.49956401022 0.48122387598 0.49574202527 0.48586406623 0.51277521499 0.51872631081 0.52228037234 0.55590923531 0.58678958475 0.64774953120 0.70949859382 0.79517181927 1.02519753969 

---- Expected P_neut(i), 0 < i < n (neutral SFS per site) 
E[P_neut(1)] = 0.0101285014
E[P_neut(2)] = 0.0043708437
E[P_neut(3)] = 0.0024324625
E[P_neut(4)] = 0.0015781212
E[P_neut(5)] = 0.0011260709
E[P_neut(6)] = 0.0008932881
E[P_neut(7)] = 0.0007412180
E[P_neut(8)] = 0.0006332490
E[P_neut(9)] = 0.0005423685
E[P_neut(10)] = 0.0005030237
E[P_neut(11)] = 0.0004483608
E[P_neut(12)] = 0.0004339674
E[P_neut(13)] = 0.0004055183
E[P_neut(14)] = 0.0003795121
E[P_neut(15)] = 0.0003774705
E[P_neut(16)] = 0.0003744148
E[P_neut(17)] = 0.0003905012
E[P_neut(18)] = 0.0004074776
E[P_neut(19)] = 0.0004430407

---- Expected P_sel(i), 0 < i < n (selected SFS per site) 
E[P_sel(1)] = 0.0072579709
E[P_sel(2)] = 0.0028278177
E[P_sel(3)] = 0.0014950273
E[P_sel(4)] = 0.0009387949
E[P_sel(5)] = 0.0006544967
E[P_sel(6)] = 0.0005101673
E[P_sel(7)] = 0.0004175648
E[P_sel(8)] = 0.0003529046
E[P_sel(9)] = 0.0002996969
E[P_sel(10)] = 0.0002761429
E[P_sel(11)] = 0.0002449753
E[P_sel(12)] = 0.0002364135
E[P_sel(13)] = 0.0002206760
E[P_sel(14)] = 0.0002067306
E[P_sel(15)] = 0.0002063327
E[P_sel(16)] = 0.0002060268
E[P_sel(17)] = 0.0002172465
E[P_sel(18)] = 0.0002307519
E[P_sel(19)] = 0.0002592326

---- Expected D_neut and D_sel (neutral and selected divergence per site) 
E[D_neut] = 0.0198451527
E[D_sel] = 0.0125407966

---- Expected neutral and selected misattributed polymorphism per site
E[mis_neut] = 0.0005201280
E[mis_sel] = 0.0003116062

---- alpha_div = 0.242529
---- alpha_dfe = 0.242404

