---- Running command
---- ./polyDFE -d Mmc/55.polyDFE.config.txt -m C -e 
---- Performing inference using model C

---- Performing inference on Mmc/55.polyDFE.config.txt
---- No mutation variability. Using Poisson likelihood.


---- Calculating initial values

-- Starting local optimization
-- Optimizing all parameters
  it        eps_an        lambda     theta_bar           S_d             b           p_b           S_b           r 2           r 3           r 4           r 5           r 6           r 7           r 8           r 9          r 10          r 11          r 12          r 13          r 14          r 15          r 16          r 17          r 18          r 19          r 20           ln lk          grad status 
   0           0.1 0.01930359462 0.01133386558        -20000         0.208           0.1            20 0.87634533081 0.73831315350 0.64400780779 0.58074840196 0.56080048707 0.54369488233 0.53715097488 0.52873120668 0.55044836762 0.55409557314 0.59841224667 0.62378200594 0.67571630873 0.74891450777 0.86101652848 1.11323367645 1.58917440661             1             1 -1116057.477641 23188.8564669   -2 
 816 0.00082606473 0.01932043348 0.01012583979 -78.214260788 0.12317270303 0.02333948141 6.63383075760 0.86707645407 0.72305870772 0.62033919060 0.55578835307 0.53243163925 0.50853985232 0.49435676896 0.48500864871 0.49370366681 0.48126183609 0.51793632401 0.51703505826 0.53335130160 0.55768787819 0.58952510373 0.65342008507 0.71022913552 0.82404891255 1.09086985271 -274.8426344055 0.07203620760   -3 
-- Local optimization: stuck in the same solution
---- Best joint likelihood found -274.842634405576973 with gradient 0.07204

---- Results for Mmc/55.polyDFE.config.txt 
--  Model: C
--        eps_an        lambda     theta_bar             a 
-- 0.00082606473 0.01932043348 0.01012583979            -1 
--           S_d             b           p_b           S_b 
-- -78.214260788 0.12317270303 0.02333948141 6.63383075760 
--           r 2           r 3           r 4           r 5           r 6           r 7           r 8           r 9          r 10          r 11          r 12          r 13          r 14          r 15          r 16          r 17          r 18          r 19          r 20 
-- 0.86707645407 0.72305870772 0.62033919060 0.55578835307 0.53243163925 0.50853985232 0.49435676896 0.48500864871 0.49370366681 0.48126183609 0.51793632401 0.51703505826 0.53335130160 0.55768787819 0.58952510373 0.65342008507 0.71022913552 0.82404891255 1.09086985271 

---- Expected P_neut(i), 0 < i < n (neutral SFS per site) 
E[P_neut(1)] = 0.0101178380
E[P_neut(2)] = 0.0043866423
E[P_neut(3)] = 0.0024388310
E[P_neut(4)] = 0.0015693748
E[P_neut(5)] = 0.0011249460
E[P_neut(6)] = 0.0008981293
E[P_neut(7)] = 0.0007353526
E[P_neut(8)] = 0.0006255663
E[P_neut(9)] = 0.0005455952
E[P_neut(10)] = 0.0004999164
E[P_neut(11)] = 0.0004431012
E[P_neut(12)] = 0.0004372009
E[P_neut(13)] = 0.0004029992
E[P_neut(14)] = 0.0003861829
E[P_neut(15)] = 0.0003770893
E[P_neut(16)] = 0.0003740788
E[P_neut(17)] = 0.0003908961
E[P_neut(18)] = 0.0004028334
E[P_neut(19)] = 0.0004471696

---- Expected P_sel(i), 0 < i < n (selected SFS per site) 
E[P_sel(1)] = 0.0072245842
E[P_sel(2)] = 0.0028283041
E[P_sel(3)] = 0.0014944174
E[P_sel(4)] = 0.0009312124
E[P_sel(5)] = 0.0006525079
E[P_sel(6)] = 0.0005121630
E[P_sel(7)] = 0.0004138813
E[P_sel(8)] = 0.0003485233
E[P_sel(9)] = 0.0003015983
E[P_sel(10)] = 0.0002747467
E[P_sel(11)] = 0.0002425668
E[P_sel(12)] = 0.0002388362
E[P_sel(13)] = 0.0002201133
E[P_sel(14)] = 0.0002113384
E[P_sel(15)] = 0.0002072747
E[P_sel(16)] = 0.0002071615
E[P_sel(17)] = 0.0002189659
E[P_sel(18)] = 0.0002295451
E[P_sel(19)] = 0.0002618074

---- Expected D_neut and D_sel (neutral and selected divergence per site) 
E[D_neut] = 0.0198727321
E[D_sel] = 0.0125496476

---- Expected neutral and selected misattributed polymorphism per site
E[mis_neut] = 0.0005522987
E[mis_sel] = 0.0003326860

---- alpha_div = 0.252533
---- alpha_dfe = 0.252335

