---- Running command
---- ./polyDFE -d Mmc/550.polyDFE.config.txt -m C -e 
---- Performing inference using model C

---- Performing inference on Mmc/550.polyDFE.config.txt
---- No mutation variability. Using Poisson likelihood.


---- Calculating initial values

-- Starting local optimization
-- Optimizing all parameters
  it        eps_an        lambda     theta_bar           S_d             b           p_b           S_b           r 2           r 3           r 4           r 5           r 6           r 7           r 8           r 9          r 10          r 11          r 12          r 13          r 14          r 15          r 16          r 17          r 18          r 19          r 20           ln lk          grad status 
   0           0.1 0.01926333385 0.01133240780        -20000         0.208           0.1            20 0.87483662134 0.73655386066 0.64648488433 0.59129750108 0.55574164278 0.54195732749 0.53826333707 0.52665960240 0.55160212248 0.55412357717 0.59307288958 0.62381748082 0.66913822838 0.76054170435 0.86473970645 1.10125802920 1.59959953691             1             1 -1115766.290002 23123.6577778   -2 
 746 0.00094473877 0.01927351703 0.01012983292 -73.618494807 0.12418622762 0.02086102687 7.37526402732 0.86397626854 0.72226724260 0.62079536355 0.56037440169 0.52881033131 0.51062335685 0.49793468668 0.48619817913 0.49310831813 0.48516208459 0.51179538713 0.51578759137 0.52891092387 0.55925094586 0.58733554552 0.64448388117 0.71779837687 0.81243812513 1.10176399780 -281.9078141194 0.01990682632   -8 
-- Local optimization: reached maximum number of likelihood evaluations allowed.
---- Best joint likelihood found -281.907814119447721 with gradient 0.01991

---- Results for Mmc/550.polyDFE.config.txt 
--  Model: C
--        eps_an        lambda     theta_bar             a 
-- 0.00094473877 0.01927351703 0.01012983292            -1 
--           S_d             b           p_b           S_b 
-- -73.618494807 0.12418622762 0.02086102687 7.37526402732 
--           r 2           r 3           r 4           r 5           r 6           r 7           r 8           r 9          r 10          r 11          r 12          r 13          r 14          r 15          r 16          r 17          r 18          r 19          r 20 
-- 0.86397626854 0.72226724260 0.62079536355 0.56037440169 0.52881033131 0.51062335685 0.49793468668 0.48619817913 0.49310831813 0.48516208459 0.51179538713 0.51578759137 0.52891092387 0.55925094586 0.58733554552 0.64448388117 0.71779837687 0.81243812513 1.10176399780 

---- Expected P_neut(i), 0 < i < n (neutral SFS per site) 
E[P_neut(1)] = 0.0101206721
E[P_neut(2)] = 0.0043722151
E[P_neut(3)] = 0.0024368743
E[P_neut(4)] = 0.0015710044
E[P_neut(5)] = 0.0011345841
E[P_neut(6)] = 0.0008923115
E[P_neut(7)] = 0.0007386144
E[P_neut(8)] = 0.0006303119
E[P_neut(9)] = 0.0005471391
E[P_neut(10)] = 0.0004995105
E[P_neut(11)] = 0.0004468777
E[P_neut(12)] = 0.0004322210
E[P_neut(13)] = 0.0004022293
E[P_neut(14)] = 0.0003831804
E[P_neut(15)] = 0.0003783903
E[P_neut(16)] = 0.0003729846
E[P_neut(17)] = 0.0003859715
E[P_neut(18)] = 0.0004077068
E[P_neut(19)] = 0.0004423115

---- Expected P_sel(i), 0 < i < n (selected SFS per site) 
E[P_sel(1)] = 0.0072517396
E[P_sel(2)] = 0.0028265780
E[P_sel(3)] = 0.0014961544
E[P_sel(4)] = 0.0009334637
E[P_sel(5)] = 0.0006586677
E[P_sel(6)] = 0.0005090457
E[P_sel(7)] = 0.0004156934
E[P_sel(8)] = 0.0003509917
E[P_sel(9)] = 0.0003021665
E[P_sel(10)] = 0.0002741412
E[P_sel(11)] = 0.0002441810
E[P_sel(12)] = 0.0002355672
E[P_sel(13)] = 0.0002190770
E[P_sel(14)] = 0.0002090067
E[P_sel(15)] = 0.0002072112
E[P_sel(16)] = 0.0002057005
E[P_sel(17)] = 0.0002152613
E[P_sel(18)] = 0.0002313346
E[P_sel(19)] = 0.0002581636

---- Expected D_neut and D_sel (neutral and selected divergence per site) 
E[D_neut] = 0.0198315513
E[D_sel] = 0.0125336000

---- Expected neutral and selected misattributed polymorphism per site
E[mis_neut] = 0.0005580343
E[mis_sel] = 0.0003352674

---- alpha_div = 0.249351
---- alpha_dfe = 0.249215

