---- Running command
---- ./polyDFE -d Mmc/551.polyDFE.config.txt -m C -e 
---- Performing inference using model C

---- Performing inference on Mmc/551.polyDFE.config.txt
---- No mutation variability. Using Poisson likelihood.


---- Calculating initial values

-- Starting local optimization
-- Optimizing all parameters
  it        eps_an        lambda     theta_bar           S_d             b           p_b           S_b           r 2           r 3           r 4           r 5           r 6           r 7           r 8           r 9          r 10          r 11          r 12          r 13          r 14          r 15          r 16          r 17          r 18          r 19          r 20           ln lk          grad status 
   0           0.1 0.01925756152 0.01135858785        -20000         0.208           0.1            20 0.87582369105 0.73797229632 0.64410535345 0.58328871009 0.55398559185 0.54032351736 0.53992050002 0.53537129352 0.56222780783 0.54996387561 0.58684446811 0.62660440953 0.66726521139 0.75168253157 0.87093912644 1.11459517646 1.58163716745             1             1 -1112585.317203 23100.9902113   -2 
 594 0.00250706826 0.01931069776 0.01017192055 -86.932076510 0.11616238308 0.01413277452 10.1841793136 0.86517704744 0.71962902413 0.62071994892 0.55463230931 0.52316970202 0.51023052357 0.50033315353 0.48762294793 0.49592255997 0.48284946672 0.50610039165 0.51558066682 0.52606820782 0.55806747144 0.59193148678 0.64724093102 0.69367071504 0.78915155936 1.01485545454 -277.1553056001 0.18869110946   -3 
-- Local optimization: stuck in the same solution
---- Best joint likelihood found -277.155305600172142 with gradient 0.18869

---- Results for Mmc/551.polyDFE.config.txt 
--  Model: C
--        eps_an        lambda     theta_bar             a 
-- 0.00250706826 0.01931069776 0.01017192055            -1 
--           S_d             b           p_b           S_b 
-- -86.932076510 0.11616238308 0.01413277452 10.1841793136 
--           r 2           r 3           r 4           r 5           r 6           r 7           r 8           r 9          r 10          r 11          r 12          r 13          r 14          r 15          r 16          r 17          r 18          r 19          r 20 
-- 0.86517704744 0.71962902413 0.62071994892 0.55463230931 0.52316970202 0.51023052357 0.50033315353 0.48762294793 0.49592255997 0.48284946672 0.50610039165 0.51558066682 0.52606820782 0.55806747144 0.59193148678 0.64724093102 0.69367071504 0.78915155936 1.01485545454 

---- Expected P_neut(i), 0 < i < n (neutral SFS per site) 
E[P_neut(1)] = 0.0101474781
E[P_neut(2)] = 0.0043902071
E[P_neut(3)] = 0.0024348568
E[P_neut(4)] = 0.0015754646
E[P_neut(5)] = 0.0011264551
E[P_neut(6)] = 0.0008856747
E[P_neut(7)] = 0.0007405846
E[P_neut(8)] = 0.0006356493
E[P_neut(9)] = 0.0005508557
E[P_neut(10)] = 0.0005044485
E[P_neut(11)] = 0.0004467629
E[P_neut(12)] = 0.0004295205
E[P_neut(13)] = 0.0004042663
E[P_neut(14)] = 0.0003834885
E[P_neut(15)] = 0.0003803212
E[P_neut(16)] = 0.0003793314
E[P_neut(17)] = 0.0003924218
E[P_neut(18)] = 0.0004020469
E[P_neut(19)] = 0.0004469260

---- Expected P_sel(i), 0 < i < n (selected SFS per site) 
E[P_sel(1)] = 0.0072316867
E[P_sel(2)] = 0.0028329190
E[P_sel(3)] = 0.0014952614
E[P_sel(4)] = 0.0009374464
E[P_sel(5)] = 0.0006553133
E[P_sel(6)] = 0.0005064721
E[P_sel(7)] = 0.0004178225
E[P_sel(8)] = 0.0003547699
E[P_sel(9)] = 0.0003048008
E[P_sel(10)] = 0.0002772284
E[P_sel(11)] = 0.0002442730
E[P_sel(12)] = 0.0002340308
E[P_sel(13)] = 0.0002198862
E[P_sel(14)] = 0.0002086268
E[P_sel(15)] = 0.0002074334
E[P_sel(16)] = 0.0002080703
E[P_sel(17)] = 0.0002174373
E[P_sel(18)] = 0.0002267423
E[P_sel(19)] = 0.0002612615

---- Expected D_neut and D_sel (neutral and selected divergence per site) 
E[D_neut] = 0.0198268492
E[D_sel] = 0.0125495651

---- Expected neutral and selected misattributed polymorphism per site
E[mis_neut] = 0.0005161515
E[mis_sel] = 0.0003079320

---- alpha_div = 0.230319
---- alpha_dfe = 0.230190

