---- Running command
---- ./polyDFE -d Mmc/552.polyDFE.config.txt -m C -e 
---- Performing inference using model C

---- Performing inference on Mmc/552.polyDFE.config.txt
---- No mutation variability. Using Poisson likelihood.


---- Calculating initial values

-- Starting local optimization
-- Optimizing all parameters
  it        eps_an        lambda     theta_bar           S_d             b           p_b           S_b           r 2           r 3           r 4           r 5           r 6           r 7           r 8           r 9          r 10          r 11          r 12          r 13          r 14          r 15          r 16          r 17          r 18          r 19          r 20           ln lk          grad status 
   0           0.1 0.01930724725 0.01136809306        -20000         0.208           0.1            20 0.87070259527 0.73586569912 0.64468593849 0.57997401969 0.56012863142 0.53827644744 0.53689955601 0.52742333120 0.55544057747 0.56020434183 0.59391824601 0.62617184043 0.67112776381 0.75764971140 0.87212689248 1.11272731010 1.58491911246             1             1 -1119797.399229 23237.3880581   -2 
 464 0.00669404040 0.01936574915 0.01022895365 -99.262709912 0.10776587423 0.00332206335 37.3596118715 0.85926541891 0.71818381718 0.61627474651 0.54923338801 0.52588358929 0.50131282905 0.49119116783 0.48000420344 0.48992898403 0.48215054800 0.50937141157 0.51660555462 0.52236139516 0.56061827617 0.59050434961 0.63016412580 0.67841362974 0.70974798727 0.99309611421 -298.8583814910 0.20318641546   -3 
-- Local optimization: stuck in the same solution
---- Best joint likelihood found -298.858381491081673 with gradient 0.20319

---- Results for Mmc/552.polyDFE.config.txt 
--  Model: C
--        eps_an        lambda     theta_bar             a 
-- 0.00669404040 0.01936574915 0.01022895365            -1 
--           S_d             b           p_b           S_b 
-- -99.262709912 0.10776587423 0.00332206335 37.3596118715 
--           r 2           r 3           r 4           r 5           r 6           r 7           r 8           r 9          r 10          r 11          r 12          r 13          r 14          r 15          r 16          r 17          r 18          r 19          r 20 
-- 0.85926541891 0.71818381718 0.61627474651 0.54923338801 0.52588358929 0.50131282905 0.49119116783 0.48000420344 0.48992898403 0.48215054800 0.50937141157 0.51660555462 0.52236139516 0.56061827617 0.59050434961 0.63016412580 0.67841362974 0.70974798727 0.99309611421 

---- Expected P_neut(i), 0 < i < n (neutral SFS per site) 
E[P_neut(1)] = 0.0101630384
E[P_neut(2)] = 0.0043678555
E[P_neut(3)] = 0.0024349024
E[P_neut(4)] = 0.0015679390
E[P_neut(5)] = 0.0011186542
E[P_neut(6)] = 0.0008930932
E[P_neut(7)] = 0.0007303752
E[P_neut(8)] = 0.0006267488
E[P_neut(9)] = 0.0005448983
E[P_neut(10)] = 0.0005011461
E[P_neut(11)] = 0.0004490048
E[P_neut(12)] = 0.0004354924
E[P_neut(13)] = 0.0004086700
E[P_neut(14)] = 0.0003851045
E[P_neut(15)] = 0.0003872649
E[P_neut(16)] = 0.0003855375
E[P_neut(17)] = 0.0003930256
E[P_neut(18)] = 0.0004123632
E[P_neut(19)] = 0.0004480194

---- Expected P_sel(i), 0 < i < n (selected SFS per site) 
E[P_sel(1)] = 0.0072362410
E[P_sel(2)] = 0.0028262970
E[P_sel(3)] = 0.0015019388
E[P_sel(4)] = 0.0009377111
E[P_sel(5)] = 0.0006540979
E[P_sel(6)] = 0.0005131157
E[P_sel(7)] = 0.0004136782
E[P_sel(8)] = 0.0003507842
E[P_sel(9)] = 0.0003019132
E[P_sel(10)] = 0.0002752856
E[P_sel(11)] = 0.0002448384
E[P_sel(12)] = 0.0002360063
E[P_sel(13)] = 0.0002203653
E[P_sel(14)] = 0.0002068982
E[P_sel(15)] = 0.0002076205
E[P_sel(16)] = 0.0002067864
E[P_sel(17)] = 0.0002118385
E[P_sel(18)] = 0.0002256724
E[P_sel(19)] = 0.0002587215

---- Expected D_neut and D_sel (neutral and selected divergence per site) 
E[D_neut] = 0.0198736659
E[D_sel] = 0.0125266277

---- Expected neutral and selected misattributed polymorphism per site
E[mis_neut] = 0.0005079167
E[mis_sel] = 0.0002892445

---- alpha_div = 0.196459
---- alpha_dfe = 0.196629

