---- Running command
---- ./polyDFE -d Mmc/553.polyDFE.config.txt -m C -e 
---- Performing inference using model C

---- Performing inference on Mmc/553.polyDFE.config.txt
---- No mutation variability. Using Poisson likelihood.


---- Calculating initial values

-- Starting local optimization
-- Optimizing all parameters
  it        eps_an        lambda     theta_bar           S_d             b           p_b           S_b           r 2           r 3           r 4           r 5           r 6           r 7           r 8           r 9          r 10          r 11          r 12          r 13          r 14          r 15          r 16          r 17          r 18          r 19          r 20           ln lk          grad status 
   0           0.1 0.01932281268 0.01132967200        -20000         0.208           0.1            20 0.87415117462 0.73611004391 0.64692308344 0.58576928451 0.55997573184 0.53976300692 0.53651431526 0.52988090374 0.54985133226 0.56145437777 0.59668179915 0.62312646262 0.67135692934 0.74852545732 0.86905516637 1.11677587834 1.57431519443             1             1 -1124335.211021 23287.8431650   -2 
 835 0.00130036461 0.01936259051 0.01011943441 -72.475927026 0.12679969318 0.02781951062 5.62255140595 0.86650830060 0.72332343692 0.62297242088 0.55705858324 0.53172587476 0.50949237824 0.49731618411 0.48526473960 0.49402739660 0.48826530544 0.51288634659 0.51465151947 0.52728008317 0.55392933161 0.59086849213 0.64939986056 0.70568489741 0.79925445448 1.04289723377 -278.0382242561 0.03909464205   -3 
-- Local optimization: stuck in the same solution
---- Best joint likelihood found -278.038224256131798 with gradient 0.03909

---- Results for Mmc/553.polyDFE.config.txt 
--  Model: C
--        eps_an        lambda     theta_bar             a 
-- 0.00130036461 0.01936259051 0.01011943441            -1 
--           S_d             b           p_b           S_b 
-- -72.475927026 0.12679969318 0.02781951062 5.62255140595 
--           r 2           r 3           r 4           r 5           r 6           r 7           r 8           r 9          r 10          r 11          r 12          r 13          r 14          r 15          r 16          r 17          r 18          r 19          r 20 
-- 0.86650830060 0.72332343692 0.62297242088 0.55705858324 0.53172587476 0.50949237824 0.49731618411 0.48526473960 0.49402739660 0.48826530544 0.51288634659 0.51465151947 0.52728008317 0.55392933161 0.59086849213 0.64939986056 0.70568489741 0.79925445448 1.04289723377 

---- Expected P_neut(i), 0 < i < n (neutral SFS per site) 
E[P_neut(1)] = 0.0101068290
E[P_neut(2)] = 0.0043791017
E[P_neut(3)] = 0.0024372046
E[P_neut(4)] = 0.0015744687
E[P_neut(5)] = 0.0011264434
E[P_neut(6)] = 0.0008961236
E[P_neut(7)] = 0.0007361024
E[P_neut(8)] = 0.0006288142
E[P_neut(9)] = 0.0005454973
E[P_neut(10)] = 0.0004999278
E[P_neut(11)] = 0.0004493044
E[P_neut(12)] = 0.0004327656
E[P_neut(13)] = 0.0004010508
E[P_neut(14)] = 0.0003817974
E[P_neut(15)] = 0.0003746769
E[P_neut(16)] = 0.0003752669
E[P_neut(17)] = 0.0003892324
E[P_neut(18)] = 0.0004019148
E[P_neut(19)] = 0.0004382898

---- Expected P_sel(i), 0 < i < n (selected SFS per site) 
E[P_sel(1)] = 0.0072435561
E[P_sel(2)] = 0.0028305948
E[P_sel(3)] = 0.0014961201
E[P_sel(4)] = 0.0009355721
E[P_sel(5)] = 0.0006542030
E[P_sel(6)] = 0.0005116530
E[P_sel(7)] = 0.0004148504
E[P_sel(8)] = 0.0003508536
E[P_sel(9)] = 0.0003020648
E[P_sel(10)] = 0.0002753114
E[P_sel(11)] = 0.0002465523
E[P_sel(12)] = 0.0002370784
E[P_sel(13)] = 0.0002197656
E[P_sel(14)] = 0.0002097222
E[P_sel(15)] = 0.0002068185
E[P_sel(16)] = 0.0002087836
E[P_sel(17)] = 0.0002191077
E[P_sel(18)] = 0.0002301733
E[P_sel(19)] = 0.0002580202

---- Expected D_neut and D_sel (neutral and selected divergence per site) 
E[D_neut] = 0.0198902670
E[D_sel] = 0.0125100588

---- Expected neutral and selected misattributed polymorphism per site
E[mis_neut] = 0.0005276765
E[mis_sel] = 0.0003181559

---- alpha_div = 0.258718
---- alpha_dfe = 0.258636

