---- Running command
---- ./polyDFE -d Mmc/554.polyDFE.config.txt -m C -e 
---- Performing inference using model C

---- Performing inference on Mmc/554.polyDFE.config.txt
---- No mutation variability. Using Poisson likelihood.


---- Calculating initial values

-- Starting local optimization
-- Optimizing all parameters
  it        eps_an        lambda     theta_bar           S_d             b           p_b           S_b           r 2           r 3           r 4           r 5           r 6           r 7           r 8           r 9          r 10          r 11          r 12          r 13          r 14          r 15          r 16          r 17          r 18          r 19          r 20           ln lk          grad status 
   0           0.1 0.01930237822 0.01134481074        -20000         0.208           0.1            20 0.87358865871 0.73242665289 0.64484152931 0.57765330426 0.55402743713 0.54289999056 0.54077382870 0.53408557842 0.54963986087 0.55789802751 0.59748838373 0.62668528206 0.66975706802 0.74659802652 0.86260236916 1.11184384198 1.58507134086             1             1 -1119520.366063 23210.3750110   -2 
 791 0.00626300412 0.01936730313 0.01020123066 -105.02567501 0.10464872564 0.00233199092 50.5988749346 0.86251211221 0.71533487564 0.61643575260 0.55055256966 0.52014478426 0.50601596157 0.49209836279 0.48442816403 0.48943371011 0.48199561916 0.51058776240 0.51000661435 0.51921566299 0.55220265048 0.57995815265 0.63885793302 0.68536402775 0.73066798277 0.98132867679 -299.7724221374 0.18774987821   -3 
-- Local optimization: stuck in the same solution
---- Best joint likelihood found -299.772422137481044 with gradient 0.18775

---- Results for Mmc/554.polyDFE.config.txt 
--  Model: C
--        eps_an        lambda     theta_bar             a 
-- 0.00626300412 0.01936730313 0.01020123066            -1 
--           S_d             b           p_b           S_b 
-- -105.02567501 0.10464872564 0.00233199092 50.5988749346 
--           r 2           r 3           r 4           r 5           r 6           r 7           r 8           r 9          r 10          r 11          r 12          r 13          r 14          r 15          r 16          r 17          r 18          r 19          r 20 
-- 0.86251211221 0.71533487564 0.61643575260 0.55055256966 0.52014478426 0.50601596157 0.49209836279 0.48442816403 0.48943371011 0.48199561916 0.51058776240 0.51000661435 0.51921566299 0.55220265048 0.57995815265 0.63885793302 0.68536402775 0.73066798277 0.98132867679 

---- Expected P_neut(i), 0 < i < n (neutral SFS per site) 
E[P_neut(1)] = 0.0101397973
E[P_neut(2)] = 0.0043742221
E[P_neut(3)] = 0.0024195987
E[P_neut(4)] = 0.0015645706
E[P_neut(5)] = 0.0011185798
E[P_neut(6)] = 0.0008811836
E[P_neut(7)] = 0.0007353145
E[P_neut(8)] = 0.0006262895
E[P_neut(9)] = 0.0005484454
E[P_neut(10)] = 0.0004992826
E[P_neut(11)] = 0.0004476347
E[P_neut(12)] = 0.0004352635
E[P_neut(13)] = 0.0004023193
E[P_neut(14)] = 0.0003815006
E[P_neut(15)] = 0.0003802261
E[P_neut(16)] = 0.0003772981
E[P_neut(17)] = 0.0003961943
E[P_neut(18)] = 0.0004135402
E[P_neut(19)] = 0.0004537340

---- Expected P_sel(i), 0 < i < n (selected SFS per site) 
E[P_sel(1)] = 0.0072269954
E[P_sel(2)] = 0.0028392942
E[P_sel(3)] = 0.0014989219
E[P_sel(4)] = 0.0009404070
E[P_sel(5)] = 0.0006576649
E[P_sel(6)] = 0.0005092338
E[P_sel(7)] = 0.0004190049
E[P_sel(8)] = 0.0003526991
E[P_sel(9)] = 0.0003057751
E[P_sel(10)] = 0.0002759629
E[P_sel(11)] = 0.0002455742
E[P_sel(12)] = 0.0002372607
E[P_sel(13)] = 0.0002181337
E[P_sel(14)] = 0.0002059771
E[P_sel(15)] = 0.0002047092
E[P_sel(16)] = 0.0002030033
E[P_sel(17)] = 0.0002138253
E[P_sel(18)] = 0.0002260010
E[P_sel(19)] = 0.0002600473

---- Expected D_neut and D_sel (neutral and selected divergence per site) 
E[D_neut] = 0.0198678411
E[D_sel] = 0.0125161259

---- Expected neutral and selected misattributed polymorphism per site
E[mis_neut] = 0.0005005380
E[mis_sel] = 0.0002830430

---- alpha_div = 0.186756
---- alpha_dfe = 0.186927

