---- Running command
---- ./polyDFE -d Mmc/555.polyDFE.config.txt -m C -e 
---- Performing inference using model C

---- Performing inference on Mmc/555.polyDFE.config.txt
---- No mutation variability. Using Poisson likelihood.


---- Calculating initial values

-- Starting local optimization
-- Optimizing all parameters
  it        eps_an        lambda     theta_bar           S_d             b           p_b           S_b           r 2           r 3           r 4           r 5           r 6           r 7           r 8           r 9          r 10          r 11          r 12          r 13          r 14          r 15          r 16          r 17          r 18          r 19          r 20           ln lk          grad status 
   0           0.1 0.01929331427 0.01136418382        -20000         0.208           0.1            20 0.87380970273 0.73524625379 0.64361518228 0.58102919403 0.55604556068 0.53711130710 0.53173428509 0.53165970323 0.54865962006 0.55111265715 0.59184428448 0.62265950489 0.66657491204 0.75801504485 0.86942696694 1.11060153197 1.58674362503             1             1 -1118408.279047 23211.3771050   -2 
 738 0.00181442035 0.01929580940 0.01015758794 -85.888031202 0.11851032169 0.02025686909 7.26206375782 0.86540272947 0.72173852697 0.62034971902 0.55389165920 0.52709099831 0.50302669469 0.49210273369 0.48527415978 0.49323042213 0.48135162751 0.51048669261 0.51076356178 0.52302553413 0.56292690717 0.59666639274 0.64415509259 0.70523757603 0.79779865027 1.11458121018 -269.2906632882 0.09653791789   -3 
-- Local optimization: stuck in the same solution
---- Best joint likelihood found -269.290663288295036 with gradient 0.09654

---- Results for Mmc/555.polyDFE.config.txt 
--  Model: C
--        eps_an        lambda     theta_bar             a 
-- 0.00181442035 0.01929580940 0.01015758794            -1 
--           S_d             b           p_b           S_b 
-- -85.888031202 0.11851032169 0.02025686909 7.26206375782 
--           r 2           r 3           r 4           r 5           r 6           r 7           r 8           r 9          r 10          r 11          r 12          r 13          r 14          r 15          r 16          r 17          r 18          r 19          r 20 
-- 0.86540272947 0.72173852697 0.62034971902 0.55389165920 0.52709099831 0.50302669469 0.49210273369 0.48527415978 0.49323042213 0.48135162751 0.51048669261 0.51076356178 0.52302553413 0.56292690717 0.59666639274 0.64415509259 0.70523757603 0.79779865027 1.11458121018 

---- Expected P_neut(i), 0 < i < n (neutral SFS per site) 
E[P_neut(1)] = 0.0101399317
E[P_neut(2)] = 0.0043879495
E[P_neut(3)] = 0.0024399720
E[P_neut(4)] = 0.0015731432
E[P_neut(5)] = 0.0011238906
E[P_neut(6)] = 0.0008913983
E[P_neut(7)] = 0.0007293337
E[P_neut(8)] = 0.0006244724
E[P_neut(9)] = 0.0005475033
E[P_neut(10)] = 0.0005010031
E[P_neut(11)] = 0.0004446756
E[P_neut(12)] = 0.0004324591
E[P_neut(13)] = 0.0003996869
E[P_neut(14)] = 0.0003804075
E[P_neut(15)] = 0.0003825486
E[P_neut(16)] = 0.0003809642
E[P_neut(17)] = 0.0003886216
E[P_neut(18)] = 0.0004052256
E[P_neut(19)] = 0.0004441673

---- Expected P_sel(i), 0 < i < n (selected SFS per site) 
E[P_sel(1)] = 0.0072225782
E[P_sel(2)] = 0.0028285984
E[P_sel(3)] = 0.0014968482
E[P_sel(4)] = 0.0009352840
E[P_sel(5)] = 0.0006535030
E[P_sel(6)] = 0.0005097302
E[P_sel(7)] = 0.0004116907
E[P_sel(8)] = 0.0003489398
E[P_sel(9)] = 0.0003035250
E[P_sel(10)] = 0.0002760924
E[P_sel(11)] = 0.0002440293
E[P_sel(12)] = 0.0002367482
E[P_sel(13)] = 0.0002186752
E[P_sel(14)] = 0.0002084253
E[P_sel(15)] = 0.0002104005
E[P_sel(16)] = 0.0002109696
E[P_sel(17)] = 0.0002175746
E[P_sel(18)] = 0.0002307900
E[P_sel(19)] = 0.0002607476

---- Expected D_neut and D_sel (neutral and selected divergence per site) 
E[D_neut] = 0.0198618822
E[D_sel] = 0.0125127649

---- Expected neutral and selected misattributed polymorphism per site
E[mis_neut] = 0.0005660728
E[mis_sel] = 0.0003399350

---- alpha_div = 0.239269
---- alpha_dfe = 0.239228

