---- Running command
---- ./polyDFE -d Mmc/556.polyDFE.config.txt -m C -e 
---- Performing inference using model C

---- Performing inference on Mmc/556.polyDFE.config.txt
---- No mutation variability. Using Poisson likelihood.


---- Calculating initial values

-- Starting local optimization
-- Optimizing all parameters
  it        eps_an        lambda     theta_bar           S_d             b           p_b           S_b           r 2           r 3           r 4           r 5           r 6           r 7           r 8           r 9          r 10          r 11          r 12          r 13          r 14          r 15          r 16          r 17          r 18          r 19          r 20           ln lk          grad status 
   0           0.1 0.01929266878 0.01138010003        -20000         0.208           0.1            20 0.87171775536 0.73072633847 0.63952245364 0.58369896412 0.55552489774 0.53795500145 0.53838919845 0.53261692005 0.54786770153 0.55316573389 0.58918842387 0.62127064447 0.67012087534 0.74390646497 0.86356239128 1.11242182135 1.57781162387             1             1 -1118546.810697 23197.6306232   -2 
 681 0.00116753571 0.01930032648 0.01016878809 -80.556106885 0.12075019883 0.02109729050 7.10513029598 0.86198537189 0.71804602086 0.61672349966 0.55571150847 0.52236478952 0.50878263795 0.49430098762 0.48905660363 0.49331661388 0.48349915103 0.50975727807 0.51363862504 0.52741219571 0.55090932349 0.58914916624 0.65182575564 0.70846707801 0.80513421523 1.10860310217 -284.4806402362 0.04624037539   -8 
-- Local optimization: reached maximum number of likelihood evaluations allowed.
---- Best joint likelihood found -284.480640236244653 with gradient 0.04624

---- Results for Mmc/556.polyDFE.config.txt 
--  Model: C
--        eps_an        lambda     theta_bar             a 
-- 0.00116753571 0.01930032648 0.01016878809            -1 
--           S_d             b           p_b           S_b 
-- -80.556106885 0.12075019883 0.02109729050 7.10513029598 
--           r 2           r 3           r 4           r 5           r 6           r 7           r 8           r 9          r 10          r 11          r 12          r 13          r 14          r 15          r 16          r 17          r 18          r 19          r 20 
-- 0.86198537189 0.71804602086 0.61672349966 0.55571150847 0.52236478952 0.50878263795 0.49430098762 0.48905660363 0.49331661388 0.48349915103 0.50975727807 0.51363862504 0.52741219571 0.55090932349 0.58914916624 0.65182575564 0.70846707801 0.80513421523 1.10860310217 

---- Expected P_neut(i), 0 < i < n (neutral SFS per site) 
E[P_neut(1)] = 0.0101574188
E[P_neut(2)] = 0.0043780237
E[P_neut(3)] = 0.0024314995
E[P_neut(4)] = 0.0015664393
E[P_neut(5)] = 0.0011292990
E[P_neut(6)] = 0.0008847164
E[P_neut(7)] = 0.0007387066
E[P_neut(8)] = 0.0006280760
E[P_neut(9)] = 0.0005524448
E[P_neut(10)] = 0.0005016432
E[P_neut(11)] = 0.0004470870
E[P_neut(12)] = 0.0004321970
E[P_neut(13)] = 0.0004021694
E[P_neut(14)] = 0.0003836680
E[P_neut(15)] = 0.0003743555
E[P_neut(16)] = 0.0003758267
E[P_neut(17)] = 0.0003922851
E[P_neut(18)] = 0.0004048858
E[P_neut(19)] = 0.0004422767

---- Expected P_sel(i), 0 < i < n (selected SFS per site) 
E[P_sel(1)] = 0.0072552272
E[P_sel(2)] = 0.0028270096
E[P_sel(3)] = 0.0014931012
E[P_sel(4)] = 0.0009317642
E[P_sel(5)] = 0.0006567634
E[P_sel(6)] = 0.0005058811
E[P_sel(7)] = 0.0004168904
E[P_sel(8)] = 0.0003508378
E[P_sel(9)] = 0.0003061424
E[P_sel(10)] = 0.0002763264
E[P_sel(11)] = 0.0002452479
E[P_sel(12)] = 0.0002365123
E[P_sel(13)] = 0.0002199621
E[P_sel(14)] = 0.0002101632
E[P_sel(15)] = 0.0002058739
E[P_sel(16)] = 0.0002081289
E[P_sel(17)] = 0.0002196409
E[P_sel(18)] = 0.0002305550
E[P_sel(19)] = 0.0002590636

---- Expected D_neut and D_sel (neutral and selected divergence per site) 
E[D_neut] = 0.0198639840
E[D_sel] = 0.0125323583

---- Expected neutral and selected misattributed polymorphism per site
E[mis_neut] = 0.0005636575
E[mis_sel] = 0.0003389433

---- alpha_div = 0.243859
---- alpha_dfe = 0.243664

