---- Running command
---- ./polyDFE -d Mmc/557.polyDFE.config.txt -m C -e 
---- Performing inference using model C

---- Performing inference on Mmc/557.polyDFE.config.txt
---- No mutation variability. Using Poisson likelihood.


---- Calculating initial values

-- Starting local optimization
-- Optimizing all parameters
  it        eps_an        lambda     theta_bar           S_d             b           p_b           S_b           r 2           r 3           r 4           r 5           r 6           r 7           r 8           r 9          r 10          r 11          r 12          r 13          r 14          r 15          r 16          r 17          r 18          r 19          r 20           ln lk          grad status 
   0           0.1 0.01927765462 0.01139782956        -20000         0.208           0.1            20 0.86748798974 0.73468259833 0.64054774458 0.58018057698 0.55696824176 0.53569493448 0.53508170018 0.52936982426 0.55349228744 0.55468781011 0.59050379720 0.62311345317 0.66989432726 0.74381979830 0.85469399673 1.09829518196 1.57057349902             1             1 -1117258.728947 23157.6258761   -2 
 922 0.00088044594 0.01926797575 0.01017150493 -80.675600228 0.12102892431 0.02259122415 6.68295793448 0.86262728378 0.71896785701 0.61991123371 0.55372749238 0.52833216213 0.50374915568 0.49324426464 0.48560443143 0.49370045026 0.48345799591 0.51350630920 0.51613915537 0.52548946469 0.55521114829 0.58543655272 0.64017321881 0.70116749089 0.82001418264 1.14342507159 -285.2338753903  0.1225942479   -8 
-- Local optimization: reached maximum number of likelihood evaluations allowed.
---- Best joint likelihood found -285.233875390375033 with gradient 0.12259

---- Results for Mmc/557.polyDFE.config.txt 
--  Model: C
--        eps_an        lambda     theta_bar             a 
-- 0.00088044594 0.01926797575 0.01017150493            -1 
--           S_d             b           p_b           S_b 
-- -80.675600228 0.12102892431 0.02259122415 6.68295793448 
--           r 2           r 3           r 4           r 5           r 6           r 7           r 8           r 9          r 10          r 11          r 12          r 13          r 14          r 15          r 16          r 17          r 18          r 19          r 20 
-- 0.86262728378 0.71896785701 0.61991123371 0.55372749238 0.52833216213 0.50374915568 0.49324426464 0.48560443143 0.49370045026 0.48345799591 0.51350630920 0.51613915537 0.52548946469 0.55521114829 0.58543655272 0.64017321881 0.70116749089 0.82001418264 1.14342507159 

---- Expected P_neut(i), 0 < i < n (neutral SFS per site) 
E[P_neut(1)] = 0.0101629360
E[P_neut(2)] = 0.0043835951
E[P_neut(3)] = 0.0024358527
E[P_neut(4)] = 0.0015752973
E[P_neut(5)] = 0.0011257881
E[P_neut(6)] = 0.0008952031
E[P_neut(7)] = 0.0007316949
E[P_neut(8)] = 0.0006269606
E[P_neut(9)] = 0.0005487246
E[P_neut(10)] = 0.0005021677
E[P_neut(11)] = 0.0004471346
E[P_neut(12)] = 0.0004354299
E[P_neut(13)] = 0.0004041283
E[P_neut(14)] = 0.0003822395
E[P_neut(15)] = 0.0003771492
E[P_neut(16)] = 0.0003732334
E[P_neut(17)] = 0.0003848399
E[P_neut(18)] = 0.0003997320
E[P_neut(19)] = 0.0004475573

---- Expected P_sel(i), 0 < i < n (selected SFS per site) 
E[P_sel(1)] = 0.0072592511
E[P_sel(2)] = 0.0028308839
E[P_sel(3)] = 0.0014960851
E[P_sel(4)] = 0.0009373426
E[P_sel(5)] = 0.0006550250
E[P_sel(6)] = 0.0005121888
E[P_sel(7)] = 0.0004132490
E[P_sel(8)] = 0.0003505415
E[P_sel(9)] = 0.0003044199
E[P_sel(10)] = 0.0002769782
E[P_sel(11)] = 0.0002456476
E[P_sel(12)] = 0.0002386980
E[P_sel(13)] = 0.0002214721
E[P_sel(14)] = 0.0002098472
E[P_sel(15)] = 0.0002079202
E[P_sel(16)] = 0.0002072422
E[P_sel(17)] = 0.0002160652
E[P_sel(18)] = 0.0002281934
E[P_sel(19)] = 0.0002623952

---- Expected D_neut and D_sel (neutral and selected divergence per site) 
E[D_neut] = 0.0198494934
E[D_sel] = 0.0125255597

---- Expected neutral and selected misattributed polymorphism per site
E[mis_neut] = 0.0005815177
E[mis_sel] = 0.0003503888

---- alpha_div = 0.246308
---- alpha_dfe = 0.246131

