---- Running command
---- ./polyDFE -d Mmc/558.polyDFE.config.txt -m C -e 
---- Performing inference using model C

---- Performing inference on Mmc/558.polyDFE.config.txt
---- No mutation variability. Using Poisson likelihood.


---- Calculating initial values

-- Starting local optimization
-- Optimizing all parameters
  it        eps_an        lambda     theta_bar           S_d             b           p_b           S_b           r 2           r 3           r 4           r 5           r 6           r 7           r 8           r 9          r 10          r 11          r 12          r 13          r 14          r 15          r 16          r 17          r 18          r 19          r 20           ln lk          grad status 
   0           0.1 0.01927562518 0.01135298645        -20000         0.208           0.1            20 0.87180063116 0.73379095349 0.64636574700 0.58509242515 0.55876808182 0.54182642666 0.53638071144 0.52833988307 0.55910532740 0.55815064642 0.58747364553 0.62664672992 0.66546499604 0.75555473584 0.86462079847 1.10192162433 1.57305558854             1             1 -1117905.070971 23154.9535640   -2 
1004 0.00105708533 0.01931365216 0.01014107468 -70.245946821 0.12666774220 0.02302122749 6.78317733500 0.86414564775 0.71978174594 0.62178957902 0.55732950504 0.53103747775 0.51044577176 0.49558678959 0.48505092857 0.49965411472 0.48696457402 0.50524148513 0.51648010968 0.52550460203 0.56342596034 0.58463579021 0.64373598366 0.70441646118 0.81899474765 1.04749436648 -274.0334302469 0.05806431760   -3 
-- Local optimization: stuck in the same solution
---- Best joint likelihood found -274.033430246941862 with gradient 0.05806

---- Results for Mmc/558.polyDFE.config.txt 
--  Model: C
--        eps_an        lambda     theta_bar             a 
-- 0.00105708533 0.01931365216 0.01014107468            -1 
--           S_d             b           p_b           S_b 
-- -70.245946821 0.12666774220 0.02302122749 6.78317733500 
--           r 2           r 3           r 4           r 5           r 6           r 7           r 8           r 9          r 10          r 11          r 12          r 13          r 14          r 15          r 16          r 17          r 18          r 19          r 20 
-- 0.86414564775 0.71978174594 0.62178957902 0.55732950504 0.53103747775 0.51044577176 0.49558678959 0.48505092857 0.49965411472 0.48696457402 0.50524148513 0.51648010968 0.52550460203 0.56342596034 0.58463579021 0.64373598366 0.70441646118 0.81899474765 1.04749436648 

---- Expected P_neut(i), 0 < i < n (neutral SFS per site) 
E[P_neut(1)] = 0.0101308168
E[P_neut(2)] = 0.0043774705
E[P_neut(3)] = 0.0024309541
E[P_neut(4)] = 0.0015751290
E[P_neut(5)] = 0.0011295918
E[P_neut(6)] = 0.0008970021
E[P_neut(7)] = 0.0007391397
E[P_neut(8)] = 0.0006280101
E[P_neut(9)] = 0.0005464455
E[P_neut(10)] = 0.0005067030
E[P_neut(11)] = 0.0004490436
E[P_neut(12)] = 0.0004271870
E[P_neut(13)] = 0.0004032530
E[P_neut(14)] = 0.0003812022
E[P_neut(15)] = 0.0003817086
E[P_neut(16)] = 0.0003718269
E[P_neut(17)] = 0.0003861764
E[P_neut(18)] = 0.0004010756
E[P_neut(19)] = 0.0004473888

---- Expected P_sel(i), 0 < i < n (selected SFS per site) 
E[P_sel(1)] = 0.0072710973
E[P_sel(2)] = 0.0028318114
E[P_sel(3)] = 0.0014925588
E[P_sel(4)] = 0.0009356049
E[P_sel(5)] = 0.0006554200
E[P_sel(6)] = 0.0005113987
E[P_sel(7)] = 0.0004157176
E[P_sel(8)] = 0.0003494961
E[P_sel(9)] = 0.0003016279
E[P_sel(10)] = 0.0002779860
E[P_sel(11)] = 0.0002453216
E[P_sel(12)] = 0.0002328388
E[P_sel(13)] = 0.0002197114
E[P_sel(14)] = 0.0002080682
E[P_sel(15)] = 0.0002092431
E[P_sel(16)] = 0.0002053487
E[P_sel(17)] = 0.0002157482
E[P_sel(18)] = 0.0002280239
E[P_sel(19)] = 0.0002617025

---- Expected D_neut and D_sel (neutral and selected divergence per site) 
E[D_neut] = 0.0198447881
E[D_sel] = 0.0125257155

---- Expected neutral and selected misattributed polymorphism per site
E[mis_neut] = 0.0005311359
E[mis_sel] = 0.0003193835

---- alpha_div = 0.254457
---- alpha_dfe = 0.254330

