---- Running command
---- ./polyDFE -d Mmc/559.polyDFE.config.txt -m C -e 
---- Performing inference using model C

---- Performing inference on Mmc/559.polyDFE.config.txt
---- No mutation variability. Using Poisson likelihood.


---- Calculating initial values

-- Starting local optimization
-- Optimizing all parameters
  it        eps_an        lambda     theta_bar           S_d             b           p_b           S_b           r 2           r 3           r 4           r 5           r 6           r 7           r 8           r 9          r 10          r 11          r 12          r 13          r 14          r 15          r 16          r 17          r 18          r 19          r 20           ln lk          grad status 
   0           0.1 0.01924864992 0.01137376548        -20000         0.208           0.1            20 0.87193268043 0.73635246397 0.64790857677 0.58044537029 0.55871279444 0.53690924093 0.53827533323 0.52648309118 0.55041242077 0.55627482140 0.59065631378 0.62818539564 0.67051171530 0.75224157576 0.87138004902 1.10899138540 1.58192949480             1             1 -1111917.251821 23082.6540373   -2 
 899 0.00106454739 0.01929027838 0.01016360261 -82.239623386 0.11995515890 0.02052449855 7.37687244322 0.86296043172 0.71995762391 0.62309659845 0.55540640433 0.52942631734 0.50435308496 0.49554573941 0.48505384413 0.49665445902 0.48702957310 0.51034456773 0.51576119773 0.52571241234 0.56350946869 0.59040283098 0.64757225109 0.70568010255 0.82216974445 1.04168806439 -270.4371034389 0.12753468836   -3 
-- Local optimization: stuck in the same solution
---- Best joint likelihood found -270.437103438947815 with gradient 0.12753

---- Results for Mmc/559.polyDFE.config.txt 
--  Model: C
--        eps_an        lambda     theta_bar             a 
-- 0.00106454739 0.01929027838 0.01016360261            -1 
--           S_d             b           p_b           S_b 
-- -82.239623386 0.11995515890 0.02052449855 7.37687244322 
--           r 2           r 3           r 4           r 5           r 6           r 7           r 8           r 9          r 10          r 11          r 12          r 13          r 14          r 15          r 16          r 17          r 18          r 19          r 20 
-- 0.86296043172 0.71995762391 0.62309659845 0.55540640433 0.52942631734 0.50435308496 0.49554573941 0.48505384413 0.49665445902 0.48702957310 0.51034456773 0.51576119773 0.52571241234 0.56350946869 0.59040283098 0.64757225109 0.70568010255 0.82216974445 1.04168806439 

---- Expected P_neut(i), 0 < i < n (neutral SFS per site) 
E[P_neut(1)] = 0.0101532512
E[P_neut(2)] = 0.0043811492
E[P_neut(3)] = 0.0024369367
E[P_neut(4)] = 0.0015819404
E[P_neut(5)] = 0.0011281906
E[P_neut(6)] = 0.0008962647
E[P_neut(7)] = 0.0007319417
E[P_neut(8)] = 0.0006293562
E[P_neut(9)] = 0.0005476620
E[P_neut(10)] = 0.0005047799
E[P_neut(11)] = 0.0004501018
E[P_neut(12)] = 0.0004324550
E[P_neut(13)] = 0.0004035804
E[P_neut(14)] = 0.0003822007
E[P_neut(15)] = 0.0003826145
E[P_neut(16)] = 0.0003763249
E[P_neut(17)] = 0.0003893413
E[P_neut(18)] = 0.0004027027
E[P_neut(19)] = 0.0004501518

---- Expected P_sel(i), 0 < i < n (selected SFS per site) 
E[P_sel(1)] = 0.0072456167
E[P_sel(2)] = 0.0028274008
E[P_sel(3)] = 0.0014959186
E[P_sel(4)] = 0.0009407896
E[P_sel(5)] = 0.0006560425
E[P_sel(6)] = 0.0005124561
E[P_sel(7)] = 0.0004130653
E[P_sel(8)] = 0.0003515541
E[P_sel(9)] = 0.0003034955
E[P_sel(10)] = 0.0002780568
E[P_sel(11)] = 0.0002469016
E[P_sel(12)] = 0.0002366499
E[P_sel(13)] = 0.0002207268
E[P_sel(14)] = 0.0002093509
E[P_sel(15)] = 0.0002104065
E[P_sel(16)] = 0.0002084037
E[P_sel(17)] = 0.0002180109
E[P_sel(18)] = 0.0002293703
E[P_sel(19)] = 0.0002636891

---- Expected D_neut and D_sel (neutral and selected divergence per site) 
E[D_neut] = 0.0198196436
E[D_sel] = 0.0125495185

---- Expected neutral and selected misattributed polymorphism per site
E[mis_neut] = 0.0005293652
E[mis_sel] = 0.0003188933

---- alpha_div = 0.245005
---- alpha_dfe = 0.244811

