---- Running command
---- ./polyDFE -d Mmc/56.polyDFE.config.txt -m C -e 
---- Performing inference using model C

---- Performing inference on Mmc/56.polyDFE.config.txt
---- No mutation variability. Using Poisson likelihood.


---- Calculating initial values

-- Starting local optimization
-- Optimizing all parameters
  it        eps_an        lambda     theta_bar           S_d             b           p_b           S_b           r 2           r 3           r 4           r 5           r 6           r 7           r 8           r 9          r 10          r 11          r 12          r 13          r 14          r 15          r 16          r 17          r 18          r 19          r 20           ln lk          grad status 
   0           0.1 0.01926788939 0.01135666023        -20000         0.208           0.1            20 0.87484392030 0.73286335269 0.64541382305 0.58452829655 0.55745417144 0.54163708237 0.53526991931 0.53119348748 0.55467366223 0.55336752412 0.59808906551 0.62645978645 0.67021525274 0.75818549872 0.86382948546 1.10364007163 1.58782356143             1             1 -1115009.754300 23147.1636450   -2 
1029 0.00085008466 0.01927494533 0.01013683564 -76.153228348 0.12441888129 0.02193215879 7.08707939034 0.86805013494 0.72088435564 0.62239602719 0.55623202552 0.52895752713 0.50820284066 0.49616038512 0.48750291919 0.49585005455 0.48298020769 0.51666809721 0.51573908431 0.52596644543 0.56383040801 0.59407714737 0.64625745143 0.71456127768 0.82025009768 1.10921681498 -281.9829188071 0.01767638351   -3 
-- Local optimization: stuck in the same solution
---- Best joint likelihood found -281.982918807145325 with gradient 0.01768

---- Results for Mmc/56.polyDFE.config.txt 
--  Model: C
--        eps_an        lambda     theta_bar             a 
-- 0.00085008466 0.01927494533 0.01013683564            -1 
--           S_d             b           p_b           S_b 
-- -76.153228348 0.12441888129 0.02193215879 7.08707939034 
--           r 2           r 3           r 4           r 5           r 6           r 7           r 8           r 9          r 10          r 11          r 12          r 13          r 14          r 15          r 16          r 17          r 18          r 19          r 20 
-- 0.86805013494 0.72088435564 0.62239602719 0.55623202552 0.52895752713 0.50820284066 0.49616038512 0.48750291919 0.49585005455 0.48298020769 0.51666809721 0.51573908431 0.52596644543 0.56383040801 0.59407714737 0.64625745143 0.71456127768 0.82025009768 1.10921681498 

---- Expected P_neut(i), 0 < i < n (neutral SFS per site) 
E[P_neut(1)] = 0.0101285905
E[P_neut(2)] = 0.0043962428
E[P_neut(3)] = 0.0024340857
E[P_neut(4)] = 0.0015762607
E[P_neut(5)] = 0.0011270518
E[P_neut(6)] = 0.0008932233
E[P_neut(7)] = 0.0007356546
E[P_neut(8)] = 0.0006285236
E[P_neut(9)] = 0.0005489935
E[P_neut(10)] = 0.0005026351
E[P_neut(11)] = 0.0004451694
E[P_neut(12)] = 0.0004366117
E[P_neut(13)] = 0.0004024347
E[P_neut(14)] = 0.0003812670
E[P_neut(15)] = 0.0003816651
E[P_neut(16)] = 0.0003773998
E[P_neut(17)] = 0.0003870963
E[P_neut(18)] = 0.0004058086
E[P_neut(19)] = 0.0004458631

---- Expected P_sel(i), 0 < i < n (selected SFS per site) 
E[P_sel(1)] = 0.0072318448
E[P_sel(2)] = 0.0028313618
E[P_sel(3)] = 0.0014888253
E[P_sel(4)] = 0.0009331387
E[P_sel(5)] = 0.0006519505
E[P_sel(6)] = 0.0005077981
E[P_sel(7)] = 0.0004126442
E[P_sel(8)] = 0.0003488759
E[P_sel(9)] = 0.0003022680
E[P_sel(10)] = 0.0002750643
E[P_sel(11)] = 0.0002425958
E[P_sel(12)] = 0.0002373724
E[P_sel(13)] = 0.0002186978
E[P_sel(14)] = 0.0002075493
E[P_sel(15)] = 0.0002086436
E[P_sel(16)] = 0.0002078319
E[P_sel(17)] = 0.0002156260
E[P_sel(18)] = 0.0002300083
E[P_sel(19)] = 0.0002599145

---- Expected D_neut and D_sel (neutral and selected divergence per site) 
E[D_neut] = 0.0198371428
E[D_sel] = 0.0125149825

---- Expected neutral and selected misattributed polymorphism per site
E[mis_neut] = 0.0005621974
E[mis_sel] = 0.0003374449

---- alpha_div = 0.252809
---- alpha_dfe = 0.252691

