---- Running command
---- ./polyDFE -d Mmc/560.polyDFE.config.txt -m C -e 
---- Performing inference using model C

---- Performing inference on Mmc/560.polyDFE.config.txt
---- No mutation variability. Using Poisson likelihood.


---- Calculating initial values

-- Starting local optimization
-- Optimizing all parameters
  it        eps_an        lambda     theta_bar           S_d             b           p_b           S_b           r 2           r 3           r 4           r 5           r 6           r 7           r 8           r 9          r 10          r 11          r 12          r 13          r 14          r 15          r 16          r 17          r 18          r 19          r 20           ln lk          grad status 
   0           0.1 0.01928067234 0.01137639426        -20000         0.208           0.1            20 0.87281997397 0.73514618261 0.64411583942 0.58167756147 0.56349519321 0.53733558484 0.53513694690 0.52540940634 0.55690701659 0.56007458698 0.59790630167 0.62720450941 0.67209638421 0.74794722591 0.86268768897 1.11271936021 1.58250170125             1             1 -1119316.149672 23225.9926975   -2 
 387 0.00323760858 0.01933983028 0.01019647941 -82.312032853 0.11721825286 0.00980857712 14.2867345206 0.86376831462 0.71702686560 0.61893108817 0.55277938431 0.52743994013 0.50399585612 0.49635482336 0.48267650294 0.49164968888 0.48393868504 0.51446919144 0.51623709462 0.52678503154 0.55828971304 0.58399838028 0.64839147389 0.69993776783 0.77087473335 1.00102421185 -307.2769152590 2.50092133452   -3 
-- Local optimization: stuck in the same solution
---- Best joint likelihood found -307.276915259033558 with gradient 2.50092

---- Results for Mmc/560.polyDFE.config.txt 
--  Model: C
--        eps_an        lambda     theta_bar             a 
-- 0.00323760858 0.01933983028 0.01019647941            -1 
--           S_d             b           p_b           S_b 
-- -82.312032853 0.11721825286 0.00980857712 14.2867345206 
--           r 2           r 3           r 4           r 5           r 6           r 7           r 8           r 9          r 10          r 11          r 12          r 13          r 14          r 15          r 16          r 17          r 18          r 19          r 20 
-- 0.86376831462 0.71702686560 0.61893108817 0.55277938431 0.52743994013 0.50399585612 0.49635482336 0.48267650294 0.49164968888 0.48393868504 0.51446919144 0.51623709462 0.52678503154 0.55828971304 0.58399838028 0.64839147389 0.69993776783 0.77087473335 1.00102421185 

---- Expected P_neut(i), 0 < i < n (neutral SFS per site) 
E[P_neut(1)] = 0.0101648066
E[P_neut(2)] = 0.0043907242
E[P_neut(3)] = 0.0024304188
E[P_neut(4)] = 0.0015738264
E[P_neut(5)] = 0.0011248597
E[P_neut(6)] = 0.0008946786
E[P_neut(7)] = 0.0007330746
E[P_neut(8)] = 0.0006320011
E[P_neut(9)] = 0.0005465264
E[P_neut(10)] = 0.0005013096
E[P_neut(11)] = 0.0004489064
E[P_neut(12)] = 0.0004377808
E[P_neut(13)] = 0.0004059737
E[P_neut(14)] = 0.0003853279
E[P_neut(15)] = 0.0003819270
E[P_neut(16)] = 0.0003760736
E[P_neut(17)] = 0.0003955317
E[P_neut(18)] = 0.0004094683
E[P_neut(19)] = 0.0004453680

---- Expected P_sel(i), 0 < i < n (selected SFS per site) 
E[P_sel(1)] = 0.0072552009
E[P_sel(2)] = 0.0028336435
E[P_sel(3)] = 0.0014910872
E[P_sel(4)] = 0.0009346949
E[P_sel(5)] = 0.0006525882
E[P_sel(6)] = 0.0005097973
E[P_sel(7)] = 0.0004117699
E[P_sel(8)] = 0.0003508847
E[P_sel(9)] = 0.0003005489
E[P_sel(10)] = 0.0002735472
E[P_sel(11)] = 0.0002434460
E[P_sel(12)] = 0.0002363159
E[P_sel(13)] = 0.0002184866
E[P_sel(14)] = 0.0002071301
E[P_sel(15)] = 0.0002055164
E[P_sel(16)] = 0.0002032097
E[P_sel(17)] = 0.0002156082
E[P_sel(18)] = 0.0002271642
E[P_sel(19)] = 0.0002577355

---- Expected D_neut and D_sel (neutral and selected divergence per site) 
E[D_neut] = 0.0198501764
E[D_sel] = 0.0125188517

---- Expected neutral and selected misattributed polymorphism per site
E[mis_neut] = 0.0005103461
E[mis_sel] = 0.0002996784

---- alpha_div = 0.223319
---- alpha_dfe = 0.223414

