---- Running command
---- ./polyDFE -d Mmc/561.polyDFE.config.txt -m C -e 
---- Performing inference using model C

---- Performing inference on Mmc/561.polyDFE.config.txt
---- No mutation variability. Using Poisson likelihood.


---- Calculating initial values

-- Starting local optimization
-- Optimizing all parameters
  it        eps_an        lambda     theta_bar           S_d             b           p_b           S_b           r 2           r 3           r 4           r 5           r 6           r 7           r 8           r 9          r 10          r 11          r 12          r 13          r 14          r 15          r 16          r 17          r 18          r 19          r 20           ln lk          grad status 
   0           0.1 0.01926300652 0.01132750603        -20000         0.208           0.1            20 0.87717932484 0.73464536548 0.64735023261 0.58333383078 0.55760156573 0.54105156433 0.54104013947 0.53452799764 0.56019412970 0.55760052131 0.59535497013 0.63096054123 0.66208994415 0.75472417509 0.87079374186 1.11511855568 1.58803403554             1             1 -1113346.108915 23113.9634254   -2 
 796 0.00051421577 0.01926283033 0.01012114293 -69.235769903 0.13041975559 0.02970541436 5.55327636359 0.86611595978 0.71975256430 0.62298255857 0.55576633497 0.53284334920 0.50722218185 0.49806024163 0.49094174955 0.50370395301 0.48896252498 0.51229369021 0.51835052375 0.52285877442 0.56361770179 0.59297392117 0.65255122826 0.71658377623 0.83466795239 1.12396152966 -268.8063816282 0.01378462022   -3 
-- Local optimization: stuck in the same solution
---- Best joint likelihood found -268.806381628251984 with gradient 0.01378

---- Results for Mmc/561.polyDFE.config.txt 
--  Model: C
--        eps_an        lambda     theta_bar             a 
-- 0.00051421577 0.01926283033 0.01012114293            -1 
--           S_d             b           p_b           S_b 
-- -69.235769903 0.13041975559 0.02970541436 5.55327636359 
--           r 2           r 3           r 4           r 5           r 6           r 7           r 8           r 9          r 10          r 11          r 12          r 13          r 14          r 15          r 16          r 17          r 18          r 19          r 20 
-- 0.86611595978 0.71975256430 0.62298255857 0.55576633497 0.53284334920 0.50722218185 0.49806024163 0.49094174955 0.50370395301 0.48896252498 0.51229369021 0.51835052375 0.52285877442 0.56361770179 0.59297392117 0.65255122826 0.71658377623 0.83466795239 1.12396152966 

---- Expected P_neut(i), 0 < i < n (neutral SFS per site) 
E[P_neut(1)] = 0.0101161671
E[P_neut(2)] = 0.0043809951
E[P_neut(3)] = 0.0024271907
E[P_neut(4)] = 0.0015757062
E[P_neut(5)] = 0.0011246152
E[P_neut(6)] = 0.0008985628
E[P_neut(7)] = 0.0007332116
E[P_neut(8)] = 0.0006300155
E[P_neut(9)] = 0.0005520465
E[P_neut(10)] = 0.0005098060
E[P_neut(11)] = 0.0004499489
E[P_neut(12)] = 0.0004321850
E[P_neut(13)] = 0.0004037311
E[P_neut(14)] = 0.0003782627
E[P_neut(15)] = 0.0003806800
E[P_neut(16)] = 0.0003757161
E[P_neut(17)] = 0.0003895526
E[P_neut(18)] = 0.0004049715
E[P_neut(19)] = 0.0004495965

---- Expected P_sel(i), 0 < i < n (selected SFS per site) 
E[P_sel(1)] = 0.0072480008
E[P_sel(2)] = 0.0028255947
E[P_sel(3)] = 0.0014850792
E[P_sel(4)] = 0.0009326178
E[P_sel(5)] = 0.0006502966
E[P_sel(6)] = 0.0005106787
E[P_sel(7)] = 0.0004112552
E[P_sel(8)] = 0.0003498329
E[P_sel(9)] = 0.0003042291
E[P_sel(10)] = 0.0002794367
E[P_sel(11)] = 0.0002457928
E[P_sel(12)] = 0.0002357521
E[P_sel(13)] = 0.0002203649
E[P_sel(14)] = 0.0002070505
E[P_sel(15)] = 0.0002095005
E[P_sel(16)] = 0.0002085294
E[P_sel(17)] = 0.0002188975
E[P_sel(18)] = 0.0002315983
E[P_sel(19)] = 0.0002638476

---- Expected D_neut and D_sel (neutral and selected divergence per site) 
E[D_neut] = 0.0198316191
E[D_sel] = 0.0125282691

---- Expected neutral and selected misattributed polymorphism per site
E[mis_neut] = 0.0005687888
E[mis_sel] = 0.0003438448

---- alpha_div = 0.271950
---- alpha_dfe = 0.271768

