---- Running command
---- ./polyDFE -d Mmc/562.polyDFE.config.txt -m C -e 
---- Performing inference using model C

---- Performing inference on Mmc/562.polyDFE.config.txt
---- No mutation variability. Using Poisson likelihood.


---- Calculating initial values

-- Starting local optimization
-- Optimizing all parameters
  it        eps_an        lambda     theta_bar           S_d             b           p_b           S_b           r 2           r 3           r 4           r 5           r 6           r 7           r 8           r 9          r 10          r 11          r 12          r 13          r 14          r 15          r 16          r 17          r 18          r 19          r 20           ln lk          grad status 
   0           0.1 0.01926797673 0.01135271101        -20000         0.208           0.1            20 0.87491459529 0.74096813025 0.64500583271 0.58925514329 0.56200850510 0.53746231792 0.54484905572 0.53464976283 0.55874956565 0.55610877585 0.59929572771 0.62777466423 0.66825620600 0.75653639247 0.86522771377 1.10952210839 1.58006968054             1             1 -1114535.666221 23145.2193903   -2 
 712 0.00028786068 0.01924695933 0.01013687685 -68.666491612 0.13356283844 0.03506369797 4.89013190641 0.86606605833 0.72524042780 0.62377086449 0.56161940868 0.53377658087 0.50468901721 0.50091047109 0.48998264074 0.50320868957 0.48657632672 0.51608895453 0.51894254533 0.53025245979 0.56273199137 0.58995127000 0.64462201631 0.71486458425 0.83062697999 1.16717085004 -271.7113954515 0.09146763697   -8 
-- Local optimization: reached maximum number of likelihood evaluations allowed.
---- Best joint likelihood found -271.711395451580756 with gradient 0.09147

---- Results for Mmc/562.polyDFE.config.txt 
--  Model: C
--        eps_an        lambda     theta_bar             a 
-- 0.00028786068 0.01924695933 0.01013687685            -1 
--           S_d             b           p_b           S_b 
-- -68.666491612 0.13356283844 0.03506369797 4.89013190641 
--           r 2           r 3           r 4           r 5           r 6           r 7           r 8           r 9          r 10          r 11          r 12          r 13          r 14          r 15          r 16          r 17          r 18          r 19          r 20 
-- 0.86606605833 0.72524042780 0.62377086449 0.56161940868 0.53377658087 0.50468901721 0.50091047109 0.48998264074 0.50320868957 0.48657632672 0.51608895453 0.51894254533 0.53025245979 0.56273199137 0.58995127000 0.64462201631 0.71486458425 0.83062697999 1.16717085004 

---- Expected P_neut(i), 0 < i < n (neutral SFS per site) 
E[P_neut(1)] = 0.0101340864
E[P_neut(2)] = 0.0043884548
E[P_neut(3)] = 0.0024499629
E[P_neut(4)] = 0.0015804247
E[P_neut(5)] = 0.0011383951
E[P_neut(6)] = 0.0009016555
E[P_neut(7)] = 0.0007307590
E[P_neut(8)] = 0.0006346513
E[P_neut(9)] = 0.0005518473
E[P_neut(10)] = 0.0005100965
E[P_neut(11)] = 0.0004484265
E[P_neut(12)] = 0.0004360181
E[P_neut(13)] = 0.0004047444
E[P_neut(14)] = 0.0003840851
E[P_neut(15)] = 0.0003805080
E[P_neut(16)] = 0.0003741139
E[P_neut(17)] = 0.0003849744
E[P_neut(18)] = 0.0004037307
E[P_neut(19)] = 0.0004459464

---- Expected P_sel(i), 0 < i < n (selected SFS per site) 
E[P_sel(1)] = 0.0072476733
E[P_sel(2)] = 0.0028221404
E[P_sel(3)] = 0.0014939916
E[P_sel(4)] = 0.0009321700
E[P_sel(5)] = 0.0006560260
E[P_sel(6)] = 0.0005107877
E[P_sel(7)] = 0.0004086744
E[P_sel(8)] = 0.0003514961
E[P_sel(9)] = 0.0003034629
E[P_sel(10)] = 0.0002791305
E[P_sel(11)] = 0.0002446895
E[P_sel(12)] = 0.0002377251
E[P_sel(13)] = 0.0002209554
E[P_sel(14)] = 0.0002104205
E[P_sel(15)] = 0.0002097381
E[P_sel(16)] = 0.0002081096
E[P_sel(17)] = 0.0002169307
E[P_sel(18)] = 0.0002315715
E[P_sel(19)] = 0.0002621898

---- Expected D_neut and D_sel (neutral and selected divergence per site) 
E[D_neut] = 0.0198385327
E[D_sel] = 0.0125292945

---- Expected neutral and selected misattributed polymorphism per site
E[mis_neut] = 0.0005915734
E[mis_sel] = 0.0003584323

---- alpha_div = 0.285685
---- alpha_dfe = 0.285452

