---- Running command
---- ./polyDFE -d Mmc/563.polyDFE.config.txt -m C -e 
---- Performing inference using model C

---- Performing inference on Mmc/563.polyDFE.config.txt
---- No mutation variability. Using Poisson likelihood.


---- Calculating initial values

-- Starting local optimization
-- Optimizing all parameters
  it        eps_an        lambda     theta_bar           S_d             b           p_b           S_b           r 2           r 3           r 4           r 5           r 6           r 7           r 8           r 9          r 10          r 11          r 12          r 13          r 14          r 15          r 16          r 17          r 18          r 19          r 20           ln lk          grad status 
   0           0.1 0.01925964389 0.01135409248        -20000         0.208           0.1            20 0.87846084686 0.73464667739 0.64654136458 0.58076266006 0.55753126944 0.54359144019 0.53567249245 0.53191939263 0.55070432288 0.55555187675 0.58701104237 0.61975179702 0.66641177287 0.74341317601 0.86250977922 1.10186460314 1.57748611996             1             1 -1115385.150972 23153.5930008   -2 
 620 0.00087572708 0.01930759994 0.01014491624 -83.416183221 0.12063531545 0.02395131862 6.39954855862 0.86820598038 0.72225246924 0.62203065079 0.55495301174 0.52821381579 0.50853995862 0.49390464707 0.48769013858 0.49154629624 0.48753091308 0.51047836955 0.50970119245 0.52634665831 0.55108894937 0.58450844777 0.64652639565 0.70134668835 0.81715173286 1.03045005975 -284.3982904858 0.07342770422   -3 
-- Local optimization: stuck in the same solution
---- Best joint likelihood found -284.398290485827602 with gradient 0.07343

---- Results for Mmc/563.polyDFE.config.txt 
--  Model: C
--        eps_an        lambda     theta_bar             a 
-- 0.00087572708 0.01930759994 0.01014491624            -1 
--           S_d             b           p_b           S_b 
-- -83.416183221 0.12063531545 0.02395131862 6.39954855862 
--           r 2           r 3           r 4           r 5           r 6           r 7           r 8           r 9          r 10          r 11          r 12          r 13          r 14          r 15          r 16          r 17          r 18          r 19          r 20 
-- 0.86820598038 0.72225246924 0.62203065079 0.55495301174 0.52821381579 0.50853995862 0.49390464707 0.48769013858 0.49154629624 0.48753091308 0.51047836955 0.50970119245 0.52634665831 0.55108894937 0.58450844777 0.64652639565 0.70134668835 0.81715173286 1.03045005975 

---- Expected P_neut(i), 0 < i < n (neutral SFS per site) 
E[P_neut(1)] = 0.0101364142
E[P_neut(2)] = 0.0044004280
E[P_neut(3)] = 0.0024405959
E[P_neut(4)] = 0.0015765552
E[P_neut(5)] = 0.0011253307
E[P_neut(6)] = 0.0008926660
E[P_neut(7)] = 0.0007367165
E[P_neut(8)] = 0.0006261571
E[P_neut(9)] = 0.0005496430
E[P_neut(10)] = 0.0004986696
E[P_neut(11)] = 0.0004497204
E[P_neut(12)] = 0.0004317339
E[P_neut(13)] = 0.0003980568
E[P_neut(14)] = 0.0003818583
E[P_neut(15)] = 0.0003733764
E[P_neut(16)] = 0.0003716688
E[P_neut(17)] = 0.0003876219
E[P_neut(18)] = 0.0003987940
E[P_neut(19)] = 0.0004448145

---- Expected P_sel(i), 0 < i < n (selected SFS per site) 
E[P_sel(1)] = 0.0072250260
E[P_sel(2)] = 0.0028366751
E[P_sel(3)] = 0.0014968192
E[P_sel(4)] = 0.0009369920
E[P_sel(5)] = 0.0006541573
E[P_sel(6)] = 0.0005103899
E[P_sel(7)] = 0.0004158995
E[P_sel(8)] = 0.0003500182
E[P_sel(9)] = 0.0003049382
E[P_sel(10)] = 0.0002751252
E[P_sel(11)] = 0.0002472013
E[P_sel(12)] = 0.0002368647
E[P_sel(13)] = 0.0002183862
E[P_sel(14)] = 0.0002099340
E[P_sel(15)] = 0.0002061969
E[P_sel(16)] = 0.0002067969
E[P_sel(17)] = 0.0002181372
E[P_sel(18)] = 0.0002282410
E[P_sel(19)] = 0.0002614320

---- Expected D_neut and D_sel (neutral and selected divergence per site) 
E[D_neut] = 0.0198302914
E[D_sel] = 0.0125372257

---- Expected neutral and selected misattributed polymorphism per site
E[mis_neut] = 0.0005226915
E[mis_sel] = 0.0003157491

---- alpha_div = 0.250289
---- alpha_dfe = 0.250044

