---- Running command
---- ./polyDFE -d Mmc/564.polyDFE.config.txt -m C -e 
---- Performing inference using model C

---- Performing inference on Mmc/564.polyDFE.config.txt
---- No mutation variability. Using Poisson likelihood.


---- Calculating initial values

-- Starting local optimization
-- Optimizing all parameters
  it        eps_an        lambda     theta_bar           S_d             b           p_b           S_b           r 2           r 3           r 4           r 5           r 6           r 7           r 8           r 9          r 10          r 11          r 12          r 13          r 14          r 15          r 16          r 17          r 18          r 19          r 20           ln lk          grad status 
   0           0.1 0.01931647237 0.01132583194        -20000         0.208           0.1            20 0.87717491213 0.73248791311 0.64817617165 0.58043542185 0.56223788901 0.53984961754 0.53967473455 0.53557502098 0.56151041960 0.56212079057 0.59822049747 0.62152608417 0.66971716562 0.74892250635 0.87264720970 1.10531372250 1.58896510196             1             1 -1119616.973683 23202.5242720   -2 
 312 0.00293632479 0.01937424043 0.01015331064 -84.354629825 0.11415363302 0.00990901997 13.5449021459 0.86677883511 0.71659962411 0.61755070798 0.55250089467 0.52774071570 0.50808768032 0.49413395353 0.48641695273 0.49813193263 0.49183766789 0.51375702806 0.50917772630 0.52815765276 0.56184364173 0.59598924172 0.64564458381 0.70139756211 0.78979705054 1.00274348800 -313.0371519814 0.49480139475   -3 
-- Local optimization: stuck in the same solution
---- Best joint likelihood found -313.037151981494389 with gradient 0.49480

---- Results for Mmc/564.polyDFE.config.txt 
--  Model: C
--        eps_an        lambda     theta_bar             a 
-- 0.00293632479 0.01937424043 0.01015331064            -1 
--           S_d             b           p_b           S_b 
-- -84.354629825 0.11415363302 0.00990901997 13.5449021459 
--           r 2           r 3           r 4           r 5           r 6           r 7           r 8           r 9          r 10          r 11          r 12          r 13          r 14          r 15          r 16          r 17          r 18          r 19          r 20 
-- 0.86677883511 0.71659962411 0.61755070798 0.55250089467 0.52774071570 0.50808768032 0.49413395353 0.48641695273 0.49813193263 0.49183766789 0.51375702806 0.50917772630 0.52815765276 0.56184364173 0.59598924172 0.64564458381 0.70139756211 0.78979705054 1.00274348800 

---- Expected P_neut(i), 0 < i < n (neutral SFS per site) 
E[P_neut(1)] = 0.0101247365
E[P_neut(2)] = 0.0043885783
E[P_neut(3)] = 0.0024192971
E[P_neut(4)] = 0.0015640537
E[P_neut(5)] = 0.0011197650
E[P_neut(6)] = 0.0008915550
E[P_neut(7)] = 0.0007359712
E[P_neut(8)] = 0.0006265719
E[P_neut(9)] = 0.0005484709
E[P_neut(10)] = 0.0005057688
E[P_neut(11)] = 0.0004542583
E[P_neut(12)] = 0.0004352596
E[P_neut(13)] = 0.0003986762
E[P_neut(14)] = 0.0003845368
E[P_neut(15)] = 0.0003824826
E[P_neut(16)] = 0.0003816963
E[P_neut(17)] = 0.0003916027
E[P_neut(18)] = 0.0004073984
E[P_neut(19)] = 0.0004506296

---- Expected P_sel(i), 0 < i < n (selected SFS per site) 
E[P_sel(1)] = 0.0072523002
E[P_sel(2)] = 0.0028490399
E[P_sel(3)] = 0.0014950216
E[P_sel(4)] = 0.0009364311
E[P_sel(5)] = 0.0006553209
E[P_sel(6)] = 0.0005127181
E[P_sel(7)] = 0.0004173887
E[P_sel(8)] = 0.0003513443
E[P_sel(9)] = 0.0003047138
E[P_sel(10)] = 0.0002788764
E[P_sel(11)] = 0.0002489796
E[P_sel(12)] = 0.0002374987
E[P_sel(13)] = 0.0002169040
E[P_sel(14)] = 0.0002089695
E[P_sel(15)] = 0.0002080591
E[P_sel(16)] = 0.0002084507
E[P_sel(17)] = 0.0002156554
E[P_sel(18)] = 0.0002280831
E[P_sel(19)] = 0.0002621931

---- Expected D_neut and D_sel (neutral and selected divergence per site) 
E[D_neut] = 0.0198832987
E[D_sel] = 0.0125475821

---- Expected neutral and selected misattributed polymorphism per site
E[mis_neut] = 0.0005090583
E[mis_sel] = 0.0003007351

---- alpha_div = 0.214100
---- alpha_dfe = 0.214045

