---- Running command
---- ./polyDFE -d Mmc/565.polyDFE.config.txt -m C -e 
---- Performing inference using model C

---- Performing inference on Mmc/565.polyDFE.config.txt
---- No mutation variability. Using Poisson likelihood.


---- Calculating initial values

-- Starting local optimization
-- Optimizing all parameters
  it        eps_an        lambda     theta_bar           S_d             b           p_b           S_b           r 2           r 3           r 4           r 5           r 6           r 7           r 8           r 9          r 10          r 11          r 12          r 13          r 14          r 15          r 16          r 17          r 18          r 19          r 20           ln lk          grad status 
   0           0.1 0.01928794901 0.01134389770        -20000         0.208           0.1            20 0.87557359039 0.73582412480 0.64573822657 0.58308488305 0.55572751042 0.53976696353 0.53537965787 0.53706343012 0.55585350832 0.55472924701 0.58925454153 0.62935387618 0.66717451179 0.75480034471 0.85665976874 1.10453063258 1.59296092376             1             1 -1116708.153198 23179.4776078   -2 
 308 0.00422728350 0.01934440181 0.01019078235 -89.905894084 0.11274819039 0.00772255285 17.2872397579 0.86276669602 0.71682210546 0.61886795543 0.55118395289 0.52354405640 0.50644577609 0.49165233566 0.48444353828 0.49243489969 0.48507323289 0.50815834989 0.51391696672 0.52486858224 0.55825613905 0.57654610247 0.63723534884 0.69626464088 0.76315159459 1.00246479722 -296.2543456389 0.52317354935   -3 
-- Local optimization: stuck in the same solution
---- Best joint likelihood found -296.254345638968516 with gradient 0.52317

---- Results for Mmc/565.polyDFE.config.txt 
--  Model: C
--        eps_an        lambda     theta_bar             a 
-- 0.00422728350 0.01934440181 0.01019078235            -1 
--           S_d             b           p_b           S_b 
-- -89.905894084 0.11274819039 0.00772255285 17.2872397579 
--           r 2           r 3           r 4           r 5           r 6           r 7           r 8           r 9          r 10          r 11          r 12          r 13          r 14          r 15          r 16          r 17          r 18          r 19          r 20 
-- 0.86276669602 0.71682210546 0.61886795543 0.55118395289 0.52354405640 0.50644577609 0.49165233566 0.48444353828 0.49243489969 0.48507323289 0.50815834989 0.51391696672 0.52486858224 0.55825613905 0.57654610247 0.63723534884 0.69626464088 0.76315159459 1.00246479722 

---- Expected P_neut(i), 0 < i < n (neutral SFS per site) 
E[P_neut(1)] = 0.0101494333
E[P_neut(2)] = 0.0043792165
E[P_neut(3)] = 0.0024263141
E[P_neut(4)] = 0.0015715744
E[P_neut(5)] = 0.0011202535
E[P_neut(6)] = 0.0008870767
E[P_neut(7)] = 0.0007358832
E[P_neut(8)] = 0.0006254670
E[P_neut(9)] = 0.0005481207
E[P_neut(10)] = 0.0005018297
E[P_neut(11)] = 0.0004498078
E[P_neut(12)] = 0.0004323675
E[P_neut(13)] = 0.0004042765
E[P_neut(14)] = 0.0003842026
E[P_neut(15)] = 0.0003824168
E[P_neut(16)] = 0.0003723288
E[P_neut(17)] = 0.0003906743
E[P_neut(18)] = 0.0004111107
E[P_neut(19)] = 0.0004506707

---- Expected P_sel(i), 0 < i < n (selected SFS per site) 
E[P_sel(1)] = 0.0072364483
E[P_sel(2)] = 0.0028303760
E[P_sel(3)] = 0.0014929601
E[P_sel(4)] = 0.0009369537
E[P_sel(5)] = 0.0006527965
E[P_sel(6)] = 0.0005078947
E[P_sel(7)] = 0.0004154250
E[P_sel(8)] = 0.0003490345
E[P_sel(9)] = 0.0003029631
E[P_sel(10)] = 0.0002751931
E[P_sel(11)] = 0.0002450908
E[P_sel(12)] = 0.0002344171
E[P_sel(13)] = 0.0002184224
E[P_sel(14)] = 0.0002072002
E[P_sel(15)] = 0.0002062882
E[P_sel(16)] = 0.0002015012
E[P_sel(17)] = 0.0002130898
E[P_sel(18)] = 0.0002281053
E[P_sel(19)] = 0.0002616960

---- Expected D_neut and D_sel (neutral and selected divergence per site) 
E[D_neut] = 0.0198551968
E[D_sel] = 0.0125256473

---- Expected neutral and selected misattributed polymorphism per site
E[mis_neut] = 0.0005107950
E[mis_sel] = 0.0002987487

---- alpha_div = 0.212277
---- alpha_dfe = 0.212287

