---- Running command
---- ./polyDFE -d Mmc/566.polyDFE.config.txt -m C -e 
---- Performing inference using model C

---- Performing inference on Mmc/566.polyDFE.config.txt
---- No mutation variability. Using Poisson likelihood.


---- Calculating initial values

-- Starting local optimization
-- Optimizing all parameters
  it        eps_an        lambda     theta_bar           S_d             b           p_b           S_b           r 2           r 3           r 4           r 5           r 6           r 7           r 8           r 9          r 10          r 11          r 12          r 13          r 14          r 15          r 16          r 17          r 18          r 19          r 20           ln lk          grad status 
   0           0.1 0.01928356340 0.01134582799        -20000         0.208           0.1            20 0.87210495490 0.73702661226 0.63922535941 0.57959017793 0.55700490738 0.53985831715 0.53488513879 0.52520890684 0.55748197637 0.55708858207 0.59034766690 0.62158203334 0.66921892902 0.75860506000 0.86804648185 1.11075420702 1.58575746469             1             1 -1117414.337924 23167.6698743   -2 
 655 0.00434969769 0.01933884699 0.01017508360 -86.924664192 0.11364627216 0.00953771447 14.1389305581 0.86188543837 0.72141550073 0.61586604637 0.54982163290 0.52562708161 0.50613152986 0.49198762486 0.47939581318 0.49737500742 0.48490232701 0.50872991778 0.51092948371 0.52525601304  0.5582639572 0.58430179466 0.63719891553 0.69077953816 0.75578107239 1.00595854174 -268.4630322376 0.27658984516   -3 
-- Local optimization: stuck in the same solution
---- Best joint likelihood found -268.463032237676089 with gradient 0.27659

---- Results for Mmc/566.polyDFE.config.txt 
--  Model: C
--        eps_an        lambda     theta_bar             a 
-- 0.00434969769 0.01933884699 0.01017508360            -1 
--           S_d             b           p_b           S_b 
-- -86.924664192 0.11364627216 0.00953771447 14.1389305581 
--           r 2           r 3           r 4           r 5           r 6           r 7           r 8           r 9          r 10          r 11          r 12          r 13          r 14          r 15          r 16          r 17          r 18          r 19          r 20 
-- 0.86188543837 0.72141550073 0.61586604637 0.54982163290 0.52562708161 0.50613152986 0.49198762486 0.47939581318 0.49737500742 0.48490232701 0.50872991778 0.51092948371 0.52525601304  0.5582639572 0.58430179466 0.63719891553 0.69077953816 0.75578107239 1.00595854174 

---- Expected P_neut(i), 0 < i < n (neutral SFS per site) 
E[P_neut(1)] = 0.0101325856
E[P_neut(2)] = 0.0043675038
E[P_neut(3)] = 0.0024378370
E[P_neut(4)] = 0.0015614241
E[P_neut(5)] = 0.0011156766
E[P_neut(6)] = 0.0008891665
E[P_neut(7)] = 0.0007342437
E[P_neut(8)] = 0.0006249064
E[P_neut(9)] = 0.0005415816
E[P_neut(10)] = 0.0005060832
E[P_neut(11)] = 0.0004489448
E[P_neut(12)] = 0.0004322096
E[P_neut(13)] = 0.0004013645
E[P_neut(14)] = 0.0003839684
E[P_neut(15)] = 0.0003819118
E[P_neut(16)] = 0.0003767805
E[P_neut(17)] = 0.0003903694
E[P_neut(18)] = 0.0004078599
E[P_neut(19)] = 0.0004472420

---- Expected P_sel(i), 0 < i < n (selected SFS per site) 
E[P_sel(1)] = 0.0072419523
E[P_sel(2)] = 0.0028294013
E[P_sel(3)] = 0.0015034880
E[P_sel(4)] = 0.0009330687
E[P_sel(5)] = 0.0006517069
E[P_sel(6)] = 0.0005104015
E[P_sel(7)] = 0.0004156455
E[P_sel(8)] = 0.0003497684
E[P_sel(9)] = 0.0003003326
E[P_sel(10)] = 0.0002785324
E[P_sel(11)] = 0.0002456063
E[P_sel(12)] = 0.0002353875
E[P_sel(13)] = 0.0002179487
E[P_sel(14)] = 0.0002082615
E[P_sel(15)] = 0.0002073572
E[P_sel(16)] = 0.0002054138
E[P_sel(17)] = 0.0002147075
E[P_sel(18)] = 0.0002283683
E[P_sel(19)] = 0.0002618469

---- Expected D_neut and D_sel (neutral and selected divergence per site) 
E[D_neut] = 0.0198506326
E[D_sel] = 0.0125326357

---- Expected neutral and selected misattributed polymorphism per site
E[mis_neut] = 0.0005117856
E[mis_sel] = 0.0003018619

---- alpha_div = 0.214801
---- alpha_dfe = 0.214814

