---- Running command
---- ./polyDFE -d Mmc/567.polyDFE.config.txt -m C -e 
---- Performing inference using model C

---- Performing inference on Mmc/567.polyDFE.config.txt
---- No mutation variability. Using Poisson likelihood.


---- Calculating initial values

-- Starting local optimization
-- Optimizing all parameters
  it        eps_an        lambda     theta_bar           S_d             b           p_b           S_b           r 2           r 3           r 4           r 5           r 6           r 7           r 8           r 9          r 10          r 11          r 12          r 13          r 14          r 15          r 16          r 17          r 18          r 19          r 20           ln lk          grad status 
   0           0.1 0.01927813256 0.01137413539        -20000         0.208           0.1            20 0.86984777308 0.73174031593 0.64785141679 0.58129148336 0.56107564942 0.53749281829 0.54063844349 0.52664788484 0.55672923908 0.55272866219 0.59370323464 0.62098044851 0.67263631453 0.74572797494 0.85306234975 1.11524334340 1.58330164348             1             1 -1116093.994630 23157.7182560   -2 
1207 0.00023845482 0.01928573574 0.01015222134 -76.125949843 0.12397222549 0.02234413599 6.89065696638 0.86243634531 0.71906031754 0.62097632193 0.55344606572 0.53003167128 0.50993014677 0.49764990290 0.48454485963 0.49632982488 0.48619243241 0.51349252632 0.51257858677 0.53184922773 0.56097537590 0.58560672879 0.65030974993 0.71618048774 0.84448894517 1.11108251238 -308.9295326894 0.02404094383   -3 
-- Local optimization: stuck in the same solution
---- Best joint likelihood found -308.929532689449843 with gradient 0.02404

---- Results for Mmc/567.polyDFE.config.txt 
--  Model: C
--        eps_an        lambda     theta_bar             a 
-- 0.00023845482 0.01928573574 0.01015222134            -1 
--           S_d             b           p_b           S_b 
-- -76.125949843 0.12397222549 0.02234413599 6.89065696638 
--           r 2           r 3           r 4           r 5           r 6           r 7           r 8           r 9          r 10          r 11          r 12          r 13          r 14          r 15          r 16          r 17          r 18          r 19          r 20 
-- 0.86243634531 0.71906031754 0.62097632193 0.55344606572 0.53003167128 0.50993014677 0.49764990290 0.48454485963 0.49632982488 0.48619243241 0.51349252632 0.51257858677 0.53184922773 0.56097537590 0.58560672879 0.65030974993 0.71618048774 0.84448894517 1.11108251238 

---- Expected P_neut(i), 0 < i < n (neutral SFS per site) 
E[P_neut(1)] = 0.0101499081
E[P_neut(2)] = 0.0043768747
E[P_neut(3)] = 0.0024328655
E[P_neut(4)] = 0.0015757850
E[P_neut(5)] = 0.0011235640
E[P_neut(6)] = 0.0008967113
E[P_neut(7)] = 0.0007394796
E[P_neut(8)] = 0.0006314845
E[P_neut(9)] = 0.0005465552
E[P_neut(10)] = 0.0005038850
E[P_neut(11)] = 0.0004487445
E[P_neut(12)] = 0.0004344711
E[P_neut(13)] = 0.0004003741
E[P_neut(14)] = 0.0003857970
E[P_neut(15)] = 0.0003798538
E[P_neut(16)] = 0.0003718628
E[P_neut(17)] = 0.0003888458
E[P_neut(18)] = 0.0004048822
E[P_neut(19)] = 0.0004535469

---- Expected P_sel(i), 0 < i < n (selected SFS per site) 
E[P_sel(1)] = 0.0072545322
E[P_sel(2)] = 0.0028230448
E[P_sel(3)] = 0.0014906419
E[P_sel(4)] = 0.0009346232
E[P_sel(5)] = 0.0006512493
E[P_sel(6)] = 0.0005108687
E[P_sel(7)] = 0.0004157134
E[P_sel(8)] = 0.0003513285
E[P_sel(9)] = 0.0003016415
E[P_sel(10)] = 0.0002764216
E[P_sel(11)] = 0.0002451537
E[P_sel(12)] = 0.0002368068
E[P_sel(13)] = 0.0002181333
E[P_sel(14)] = 0.0002105492
E[P_sel(15)] = 0.0002081709
E[P_sel(16)] = 0.0002052642
E[P_sel(17)] = 0.0002170403
E[P_sel(18)] = 0.0002297644
E[P_sel(19)] = 0.0002639536

---- Expected D_neut and D_sel (neutral and selected divergence per site) 
E[D_neut] = 0.0198497335
E[D_sel] = 0.0125146749

---- Expected neutral and selected misattributed polymorphism per site
E[mis_neut] = 0.0005639978
E[mis_sel] = 0.0003388109

---- alpha_div = 0.251066
---- alpha_dfe = 0.250824

