---- Running command
---- ./polyDFE -d Mmc/568.polyDFE.config.txt -m C -e 
---- Performing inference using model C

---- Performing inference on Mmc/568.polyDFE.config.txt
---- No mutation variability. Using Poisson likelihood.


---- Calculating initial values

-- Starting local optimization
-- Optimizing all parameters
  it        eps_an        lambda     theta_bar           S_d             b           p_b           S_b           r 2           r 3           r 4           r 5           r 6           r 7           r 8           r 9          r 10          r 11          r 12          r 13          r 14          r 15          r 16          r 17          r 18          r 19          r 20           ln lk          grad status 
   0           0.1 0.01927889771 0.01132538135        -20000         0.208           0.1            20 0.87501225006 0.73457388796 0.64525698766 0.58493029931 0.56038151583 0.54149772527 0.53780858911 0.52834131203 0.55998365947 0.55591695870 0.59788371708 0.62640088649 0.67325047672 0.75374837401 0.86397298325 1.10380484016 1.58316638624             1             1 -1118617.121537 23175.8829529   -2 
 632 0.00241570171 0.01935612937 0.01013069472 -77.058826794 0.12219922507 0.02136073110 7.00774157575 0.86641279119 0.72115876805 0.62044951462 0.55870974233 0.52890646668 0.50890769272 0.49739286312 0.48338799551 0.50100651296 0.48820754091 0.51568540433 0.51385363709 0.52578058350 0.55726514446 0.58554018205 0.64179379716 0.69284613019 0.79123870622 0.96878939818 -273.5315463532 0.10038132604   -3 
-- Local optimization: stuck in the same solution
---- Best joint likelihood found -273.531546353275189 with gradient 0.10038

---- Results for Mmc/568.polyDFE.config.txt 
--  Model: C
--        eps_an        lambda     theta_bar             a 
-- 0.00241570171 0.01935612937 0.01013069472            -1 
--           S_d             b           p_b           S_b 
-- -77.058826794 0.12219922507 0.02136073110 7.00774157575 
--           r 2           r 3           r 4           r 5           r 6           r 7           r 8           r 9          r 10          r 11          r 12          r 13          r 14          r 15          r 16          r 17          r 18          r 19          r 20 
-- 0.86641279119 0.72115876805 0.62044951462 0.55870974233 0.52890646668 0.50890769272 0.49739286312 0.48338799551 0.50100651296 0.48820754091 0.51568540433 0.51385363709 0.52578058350 0.55726514446 0.58554018205 0.64179379716 0.69284613019 0.79123870622 0.96878939818 

---- Expected P_neut(i), 0 < i < n (neutral SFS per site) 
E[P_neut(1)] = 0.0101072411
E[P_neut(2)] = 0.0043790220
E[P_neut(3)] = 0.0024303208
E[P_neut(4)] = 0.0015684957
E[P_neut(5)] = 0.0011301981
E[P_neut(6)] = 0.0008917935
E[P_neut(7)] = 0.0007357008
E[P_neut(8)] = 0.0006293970
E[P_neut(9)] = 0.0005438891
E[P_neut(10)] = 0.0005075544
E[P_neut(11)] = 0.0004498539
E[P_neut(12)] = 0.0004358242
E[P_neut(13)] = 0.0004012499
E[P_neut(14)] = 0.0003817041
E[P_neut(15)] = 0.0003781910
E[P_neut(16)] = 0.0003736460
E[P_neut(17)] = 0.0003874188
E[P_neut(18)] = 0.0003996049
E[P_neut(19)] = 0.0004453377

---- Expected P_sel(i), 0 < i < n (selected SFS per site) 
E[P_sel(1)] = 0.0072344946
E[P_sel(2)] = 0.0028315348
E[P_sel(3)] = 0.0014936561
E[P_sel(4)] = 0.0009334591
E[P_sel(5)] = 0.0006574505
E[P_sel(6)] = 0.0005099567
E[P_sel(7)] = 0.0004151545
E[P_sel(8)] = 0.0003514999
E[P_sel(9)] = 0.0003013080
E[P_sel(10)] = 0.0002794761
E[P_sel(11)] = 0.0002466590
E[P_sel(12)] = 0.0002383866
E[P_sel(13)] = 0.0002193558
E[P_sel(14)] = 0.0002089935
E[P_sel(15)] = 0.0002079010
E[P_sel(16)] = 0.0002068710
E[P_sel(17)] = 0.0002169387
E[P_sel(18)] = 0.0002278141
E[P_sel(19)] = 0.0002623083

---- Expected D_neut and D_sel (neutral and selected divergence per site) 
E[D_neut] = 0.0198468549
E[D_sel] = 0.0125025283

---- Expected neutral and selected misattributed polymorphism per site
E[mis_neut] = 0.0004907255
E[mis_sel] = 0.0002947394

---- alpha_div = 0.244046
---- alpha_dfe = 0.243905

