---- Running command
---- ./polyDFE -d Mmc/569.polyDFE.config.txt -m C -e 
---- Performing inference using model C

---- Performing inference on Mmc/569.polyDFE.config.txt
---- No mutation variability. Using Poisson likelihood.


---- Calculating initial values

-- Starting local optimization
-- Optimizing all parameters
  it        eps_an        lambda     theta_bar           S_d             b           p_b           S_b           r 2           r 3           r 4           r 5           r 6           r 7           r 8           r 9          r 10          r 11          r 12          r 13          r 14          r 15          r 16          r 17          r 18          r 19          r 20           ln lk          grad status 
   0           0.1 0.01928097074 0.01134132007        -20000         0.208           0.1            20 0.87254772177 0.73573851675 0.64657679150 0.58620344824 0.56093917594 0.54337264352 0.53784248779 0.53720509576 0.55858887356 0.55199967698 0.59483297431 0.62995750513 0.66791967256 0.75192655885 0.87972162840 1.10346672854 1.57657431689             1             1 -1118142.419008 23177.0445692   -2 
 901 0.00062529164 0.01929345458 0.01012247842 -74.805429842 0.12514609673 0.02491557468 6.22339362388 0.86684505173 0.72166368859 0.62321144619 0.55639636771 0.53198135838 0.51184205592 0.49670714003 0.48902575183 0.50195266603 0.48591475309 0.51186672938 0.52328897968 0.52730380918 0.56283903090 0.59752402871 0.64859584296 0.70676846082 0.82573337730 1.09933822158 -278.2407157399 0.06267065661   -8 
-- Local optimization: reached maximum number of likelihood evaluations allowed.
---- Best joint likelihood found -278.240715739928419 with gradient 0.06267

---- Results for Mmc/569.polyDFE.config.txt 
--  Model: C
--        eps_an        lambda     theta_bar             a 
-- 0.00062529164 0.01929345458 0.01012247842            -1 
--           S_d             b           p_b           S_b 
-- -74.805429842 0.12514609673 0.02491557468 6.22339362388 
--           r 2           r 3           r 4           r 5           r 6           r 7           r 8           r 9          r 10          r 11          r 12          r 13          r 14          r 15          r 16          r 17          r 18          r 19          r 20 
-- 0.86684505173 0.72166368859 0.62321144619 0.55639636771 0.53198135838 0.51184205592 0.49670714003 0.48902575183 0.50195266603 0.48591475309 0.51186672938 0.52328897968 0.52730380918 0.56283903090 0.59752402871 0.64859584296 0.70676846082 0.82573337730 1.09933822158 

---- Expected P_neut(i), 0 < i < n (neutral SFS per site) 
E[P_neut(1)] = 0.0101164240
E[P_neut(2)] = 0.0043848153
E[P_neut(3)] = 0.0024337273
E[P_neut(4)] = 0.0015763613
E[P_neut(5)] = 0.0011259552
E[P_neut(6)] = 0.0008971722
E[P_neut(7)] = 0.0007399506
E[P_neut(8)] = 0.0006283654
E[P_neut(9)] = 0.0005499526
E[P_neut(10)] = 0.0005081005
E[P_neut(11)] = 0.0004472154
E[P_neut(12)] = 0.0004319030
E[P_neut(13)] = 0.0004076681
E[P_neut(14)] = 0.0003815815
E[P_neut(15)] = 0.0003802886
E[P_neut(16)] = 0.0003787763
E[P_neut(17)] = 0.0003874810
E[P_neut(18)] = 0.0003999531
E[P_neut(19)] = 0.0004459738

---- Expected P_sel(i), 0 < i < n (selected SFS per site) 
E[P_sel(1)] = 0.0072373852
E[P_sel(2)] = 0.0028302314
E[P_sel(3)] = 0.0014921501
E[P_sel(4)] = 0.0009356035
E[P_sel(5)] = 0.0006531390
E[P_sel(6)] = 0.0005115949
E[P_sel(7)] = 0.0004164273
E[P_sel(8)] = 0.0003500432
E[P_sel(9)] = 0.0003039798
E[P_sel(10)] = 0.0002792349
E[P_sel(11)] = 0.0002448306
E[P_sel(12)] = 0.0002359780
E[P_sel(13)] = 0.0002227243
E[P_sel(14)] = 0.0002089044
E[P_sel(15)] = 0.0002091423
E[P_sel(16)] = 0.0002098885
E[P_sel(17)] = 0.0002171776
E[P_sel(18)] = 0.0002279640
E[P_sel(19)] = 0.0002608336

---- Expected D_neut and D_sel (neutral and selected divergence per site) 
E[D_neut] = 0.0198498560
E[D_sel] = 0.0124985508

---- Expected neutral and selected misattributed polymorphism per site
E[mis_neut] = 0.0005564014
E[mis_sel] = 0.0003348707

---- alpha_div = 0.254534
---- alpha_dfe = 0.254382

