---- Running command
---- ./polyDFE -d Mmc/57.polyDFE.config.txt -m C -e 
---- Performing inference using model C

---- Performing inference on Mmc/57.polyDFE.config.txt
---- No mutation variability. Using Poisson likelihood.


---- Calculating initial values

-- Starting local optimization
-- Optimizing all parameters
  it        eps_an        lambda     theta_bar           S_d             b           p_b           S_b           r 2           r 3           r 4           r 5           r 6           r 7           r 8           r 9          r 10          r 11          r 12          r 13          r 14          r 15          r 16          r 17          r 18          r 19          r 20           ln lk          grad status 
   0           0.1 0.01930657848 0.01135974820        -20000         0.208           0.1            20 0.87378207731 0.73109096302 0.64304302656 0.58218996795 0.55157303351 0.53964290484 0.54133542986 0.52992596168 0.55589513931 0.55932033233 0.60152309280 0.62254691121 0.65801533167 0.74770291048 0.85833102586 1.11687012516 1.58213908459             1             1 -1116416.707544 23186.2838114   -2 
 727 0.00105302928 0.01935102101 0.01014457397 -76.717150335 0.12397149923 0.02319042831 6.68095516524 0.86567660477  0.7183283819 0.62009704382 0.55595184697 0.52354871921 0.50998081297 0.49713071655 0.48307124404 0.49664588455 0.48554974339 0.51824281165 0.51578748482 0.52107081796 0.55884611977 0.58404472231 0.65344353330 0.71174587196 0.81746708395 1.03495357597 -275.5739402762 0.05097619282   -3 
-- Local optimization: stuck in the same solution
---- Best joint likelihood found -275.573940276211943 with gradient 0.05098

---- Results for Mmc/57.polyDFE.config.txt 
--  Model: C
--        eps_an        lambda     theta_bar             a 
-- 0.00105302928 0.01935102101 0.01014457397            -1 
--           S_d             b           p_b           S_b 
-- -76.717150335 0.12397149923 0.02319042831 6.68095516524 
--           r 2           r 3           r 4           r 5           r 6           r 7           r 8           r 9          r 10          r 11          r 12          r 13          r 14          r 15          r 16          r 17          r 18          r 19          r 20 
-- 0.86567660477  0.7183283819 0.62009704382 0.55595184697 0.52354871921 0.50998081297 0.49713071655 0.48307124404 0.49664588455 0.48554974339 0.51824281165 0.51578748482 0.52107081796 0.55884611977 0.58404472231 0.65344353330 0.71174587196 0.81746708395 1.03495357597 

---- Expected P_neut(i), 0 < i < n (neutral SFS per site) 
E[P_neut(1)] = 0.0101343511
E[P_neut(2)] = 0.0043867588
E[P_neut(3)] = 0.0024268979
E[P_neut(4)] = 0.0015713890
E[P_neut(5)] = 0.0011271891
E[P_neut(6)] = 0.0008846619
E[P_neut(7)] = 0.0007387224
E[P_neut(8)] = 0.0006301949
E[P_neut(9)] = 0.0005444039
E[P_neut(10)] = 0.0005038261
E[P_neut(11)] = 0.0004478923
E[P_neut(12)] = 0.0004383152
E[P_neut(13)] = 0.0004028501
E[P_neut(14)] = 0.0003781089
E[P_neut(15)] = 0.0003787402
E[P_neut(16)] = 0.0003715714
E[P_neut(17)] = 0.0003920829
E[P_neut(18)] = 0.0004053324
E[P_neut(19)] = 0.0004466890

---- Expected P_sel(i), 0 < i < n (selected SFS per site) 
E[P_sel(1)] = 0.0072402306
E[P_sel(2)] = 0.0028284960
E[P_sel(3)] = 0.0014866763
E[P_sel(4)] = 0.0009319255
E[P_sel(5)] = 0.0006533575
E[P_sel(6)] = 0.0005040647
E[P_sel(7)] = 0.0004153847
E[P_sel(8)] = 0.0003507348
E[P_sel(9)] = 0.0003005987
E[P_sel(10)] = 0.0002765602
E[P_sel(11)] = 0.0002448760
E[P_sel(12)] = 0.0002391241
E[P_sel(13)] = 0.0002197259
E[P_sel(14)] = 0.0002066239
E[P_sel(15)] = 0.0002078790
E[P_sel(16)] = 0.0002054749
E[P_sel(17)] = 0.0002193243
E[P_sel(18)] = 0.0002306993
E[P_sel(19)] = 0.0002614771

---- Expected D_neut and D_sel (neutral and selected divergence per site) 
E[D_neut] = 0.0198759792
E[D_sel] = 0.0125404768

---- Expected neutral and selected misattributed polymorphism per site
E[mis_neut] = 0.0005249582
E[mis_sel] = 0.0003158140

---- alpha_div = 0.252769
---- alpha_dfe = 0.252649

