---- Running command
---- ./polyDFE -d Mmc/570.polyDFE.config.txt -m C -e 
---- Performing inference using model C

---- Performing inference on Mmc/570.polyDFE.config.txt
---- No mutation variability. Using Poisson likelihood.


---- Calculating initial values

-- Starting local optimization
-- Optimizing all parameters
  it        eps_an        lambda     theta_bar           S_d             b           p_b           S_b           r 2           r 3           r 4           r 5           r 6           r 7           r 8           r 9          r 10          r 11          r 12          r 13          r 14          r 15          r 16          r 17          r 18          r 19          r 20           ln lk          grad status 
   0           0.1 0.01924540908 0.01136776531        -20000         0.208           0.1            20 0.87279242472 0.73652726314 0.64376791337 0.58235109865 0.55656250505 0.53786621162 0.53928229991 0.53286841210 0.55222570634 0.55096385270 0.59280672384 0.62446169141 0.66552384694 0.75887599919 0.86624470555 1.10577357399 1.57497326430             1             1 -1113011.720980 23113.7274616   -2 
 710 0.00145057864 0.01928448567 0.01015955080 -79.523788177 0.12318933332 0.02426305586 6.45182851006 0.86388912116 0.72184805175 0.62094969539 0.55688548824 0.52760727541 0.50680386511 0.49699318239 0.48869685510 0.49356154513 0.48246092564 0.50870368799 0.51499348668 0.52361177617 0.56032475361 0.58980852174 0.64141778881 0.70175738723 0.80790492999 1.04512112848 -265.7520081563 0.03728540610   -3 
-- Local optimization: stuck in the same solution
---- Best joint likelihood found -265.752008156399825 with gradient 0.03729

---- Results for Mmc/570.polyDFE.config.txt 
--  Model: C
--        eps_an        lambda     theta_bar             a 
-- 0.00145057864 0.01928448567 0.01015955080            -1 
--           S_d             b           p_b           S_b 
-- -79.523788177 0.12318933332 0.02426305586 6.45182851006 
--           r 2           r 3           r 4           r 5           r 6           r 7           r 8           r 9          r 10          r 11          r 12          r 13          r 14          r 15          r 16          r 17          r 18          r 19          r 20 
-- 0.86388912116 0.72184805175 0.62094969539 0.55688548824 0.52760727541 0.50680386511 0.49699318239 0.48869685510 0.49356154513 0.48246092564 0.50870368799 0.51499348668 0.52361177617 0.56032475361 0.58980852174 0.64141778881 0.70175738723 0.80790492999 1.04512112848 

---- Expected P_neut(i), 0 < i < n (neutral SFS per site) 
E[P_neut(1)] = 0.0101454402
E[P_neut(2)] = 0.0043825716
E[P_neut(3)] = 0.0024415607
E[P_neut(4)] = 0.0015753980
E[P_neut(5)] = 0.0011304504
E[P_neut(6)] = 0.0008926308
E[P_neut(7)] = 0.0007350739
E[P_neut(8)] = 0.0006308626
E[P_neut(9)] = 0.0005515062
E[P_neut(10)] = 0.0005014364
E[P_neut(11)] = 0.0004457526
E[P_neut(12)] = 0.0004309742
E[P_neut(13)] = 0.0004029526
E[P_neut(14)] = 0.0003807205
E[P_neut(15)] = 0.0003806007
E[P_neut(16)] = 0.0003762564
E[P_neut(17)] = 0.0003863145
E[P_neut(18)] = 0.0004018767
E[P_neut(19)] = 0.0004461080

---- Expected P_sel(i), 0 < i < n (selected SFS per site) 
E[P_sel(1)] = 0.0072344170
E[P_sel(2)] = 0.0028219449
E[P_sel(3)] = 0.0014942845
E[P_sel(4)] = 0.0009337670
E[P_sel(5)] = 0.0006550625
E[P_sel(6)] = 0.0005085938
E[P_sel(7)] = 0.0004134243
E[P_sel(8)] = 0.0003512664
E[P_sel(9)] = 0.0003047297
E[P_sel(10)] = 0.0002755019
E[P_sel(11)] = 0.0002439890
E[P_sel(12)] = 0.0002354504
E[P_sel(13)] = 0.0002201479
E[P_sel(14)] = 0.0002084540
E[P_sel(15)] = 0.0002093636
E[P_sel(16)] = 0.0002085893
E[P_sel(17)] = 0.0002167170
E[P_sel(18)] = 0.0002294934
E[P_sel(19)] = 0.0002623419

---- Expected D_neut and D_sel (neutral and selected divergence per site) 
E[D_neut] = 0.0198153837
E[D_sel] = 0.0125253004

---- Expected neutral and selected misattributed polymorphism per site
E[mis_neut] = 0.0005308981
E[mis_sel] = 0.0003202267

---- alpha_div = 0.255418
---- alpha_dfe = 0.255287

