---- Running command
---- ./polyDFE -d Mmc/571.polyDFE.config.txt -m C -e 
---- Performing inference using model C

---- Performing inference on Mmc/571.polyDFE.config.txt
---- No mutation variability. Using Poisson likelihood.


---- Calculating initial values

-- Starting local optimization
-- Optimizing all parameters
  it        eps_an        lambda     theta_bar           S_d             b           p_b           S_b           r 2           r 3           r 4           r 5           r 6           r 7           r 8           r 9          r 10          r 11          r 12          r 13          r 14          r 15          r 16          r 17          r 18          r 19          r 20           ln lk          grad status 
   0           0.1 0.01930631749 0.01136338571        -20000         0.208           0.1            20 0.87228897397 0.72765292426 0.64285024898 0.58241643121 0.55797696084 0.53605557698 0.53884863958 0.52887997888 0.54973146662 0.55603594549 0.60270003793 0.62898920802 0.66455214956 0.75263892212 0.86554194706 1.10912729806 1.58191333363             1             1 -1117560.972857 23208.0120663   -2 
 578 0.00305231173 0.01924251163 0.01017239576 -81.206823285 0.12085507097 0.02033729796 7.37526359739 0.86285978776 0.71400632060 0.61838173220 0.55616705883 0.52806001176 0.50282683187 0.49675531770 0.48374626493 0.49387032463 0.48289842567 0.51787248057 0.51400909151 0.52227613884 0.55728582727 0.58699114057 0.64268231126 0.69485515135 0.76856901283 1.24298910310 -269.2588466102 0.11794215238   -8 
-- Local optimization: reached maximum number of likelihood evaluations allowed.
---- Best joint likelihood found -269.258846610217006 with gradient 0.11794

---- Results for Mmc/571.polyDFE.config.txt 
--  Model: C
--        eps_an        lambda     theta_bar             a 
-- 0.00305231173 0.01924251163 0.01017239576            -1 
--           S_d             b           p_b           S_b 
-- -81.206823285 0.12085507097 0.02033729796 7.37526359739 
--           r 2           r 3           r 4           r 5           r 6           r 7           r 8           r 9          r 10          r 11          r 12          r 13          r 14          r 15          r 16          r 17          r 18          r 19          r 20 
-- 0.86285978776 0.71400632060 0.61838173220 0.55616705883 0.52806001176 0.50282683187 0.49675531770 0.48374626493 0.49387032463 0.48289842567 0.51787248057 0.51400909151 0.52227613884 0.55728582727 0.58699114057 0.64268231126 0.69485515135 0.76856901283 1.24298910310 

---- Expected P_neut(i), 0 < i < n (neutral SFS per site) 
E[P_neut(1)] = 0.0101426024
E[P_neut(2)] = 0.0043764786
E[P_neut(3)] = 0.0024148356
E[P_neut(4)] = 0.0015689449
E[P_neut(5)] = 0.0011292101
E[P_neut(6)] = 0.0008936982
E[P_neut(7)] = 0.0007297050
E[P_neut(8)] = 0.0006310609
E[P_neut(9)] = 0.0005464562
E[P_neut(10)] = 0.0005023844
E[P_neut(11)] = 0.0004468725
E[P_neut(12)] = 0.0004395883
E[P_neut(13)] = 0.0004032107
E[P_neut(14)] = 0.0003810600
E[P_neut(15)] = 0.0003802290
E[P_neut(16)] = 0.0003768551
E[P_neut(17)] = 0.0003907818
E[P_neut(18)] = 0.0004048827
E[P_neut(19)] = 0.0004412769

---- Expected P_sel(i), 0 < i < n (selected SFS per site) 
E[P_sel(1)] = 0.0072345661
E[P_sel(2)] = 0.0028211563
E[P_sel(3)] = 0.0014800598
E[P_sel(4)] = 0.0009313618
E[P_sel(5)] = 0.0006553026
E[P_sel(6)] = 0.0005098666
E[P_sel(7)] = 0.0004108408
E[P_sel(8)] = 0.0003516403
E[P_sel(9)] = 0.0003020522
E[P_sel(10)] = 0.0002760039
E[P_sel(11)] = 0.0002444614
E[P_sel(12)] = 0.0002398811
E[P_sel(13)] = 0.0002198984
E[P_sel(14)] = 0.0002081308
E[P_sel(15)] = 0.0002085042
E[P_sel(16)] = 0.0002081406
E[P_sel(17)] = 0.0002183326
E[P_sel(18)] = 0.0002304677
E[P_sel(19)] = 0.0002602492

---- Expected D_neut and D_sel (neutral and selected divergence per site) 
E[D_neut] = 0.0198747205
E[D_sel] = 0.0125263663

---- Expected neutral and selected misattributed polymorphism per site
E[mis_neut] = 0.0006322089
E[mis_sel] = 0.0003793068

---- alpha_div = 0.243619
---- alpha_dfe = 0.243592

