---- Running command
---- ./polyDFE -d Mmc/572.polyDFE.config.txt -m C -e 
---- Performing inference using model C

---- Performing inference on Mmc/572.polyDFE.config.txt
---- No mutation variability. Using Poisson likelihood.


---- Calculating initial values

-- Starting local optimization
-- Optimizing all parameters
  it        eps_an        lambda     theta_bar           S_d             b           p_b           S_b           r 2           r 3           r 4           r 5           r 6           r 7           r 8           r 9          r 10          r 11          r 12          r 13          r 14          r 15          r 16          r 17          r 18          r 19          r 20           ln lk          grad status 
   0           0.1 0.01929583458 0.01135666245        -20000         0.208           0.1            20 0.87425855069 0.73334008036 0.64636473641 0.57753024232 0.55853237009 0.53329349738 0.53860727655 0.52621331376 0.55474465974 0.55361861930 0.59851901900 0.62889325499 0.67339893923 0.74515097868 0.86093940710 1.10899200813 1.57534413262             1             1 -1120094.745480 23215.8298580   -2 
 337 0.00450848737 0.01935014649 0.01018506481 -92.169303013 0.11163437453 0.00929859018 14.2138611932 0.86579349110 0.71705219508 0.61971812758 0.55188712942 0.52761070209 0.50019415776 0.49267731439 0.47932701121 0.49622576050 0.48116156107 0.51296011630 0.51346121203 0.52453480653 0.55249127175 0.58264630462 0.63244448213 0.68278293128 0.74792272602 1.00772447424 -289.3748428255 0.31652720917   -3 
-- Local optimization: stuck in the same solution
---- Best joint likelihood found -289.374842825578526 with gradient 0.31653

---- Results for Mmc/572.polyDFE.config.txt 
--  Model: C
--        eps_an        lambda     theta_bar             a 
-- 0.00450848737 0.01935014649 0.01018506481            -1 
--           S_d             b           p_b           S_b 
-- -92.169303013 0.11163437453 0.00929859018 14.2138611932 
--           r 2           r 3           r 4           r 5           r 6           r 7           r 8           r 9          r 10          r 11          r 12          r 13          r 14          r 15          r 16          r 17          r 18          r 19          r 20 
-- 0.86579349110 0.71705219508 0.61971812758 0.55188712942 0.52761070209 0.50019415776 0.49267731439 0.47932701121 0.49622576050 0.48116156107 0.51296011630 0.51346121203 0.52453480653 0.55249127175 0.58264630462 0.63244448213 0.68278293128 0.74792272602 1.00772447424 

---- Expected P_neut(i), 0 < i < n (neutral SFS per site) 
E[P_neut(1)] = 0.0101409532
E[P_neut(2)] = 0.0043909449
E[P_neut(3)] = 0.0024251405
E[P_neut(4)] = 0.0015725252
E[P_neut(5)] = 0.0011208241
E[P_neut(6)] = 0.0008933074
E[P_neut(7)] = 0.0007263196
E[P_neut(8)] = 0.0006263788
E[P_neut(9)] = 0.0005420049
E[P_neut(10)] = 0.0005054092
E[P_neut(11)] = 0.0004459517
E[P_neut(12)] = 0.0004362427
E[P_neut(13)] = 0.0004037472
E[P_neut(14)] = 0.0003839190
E[P_neut(15)] = 0.0003785211
E[P_neut(16)] = 0.0003763352
E[P_neut(17)] = 0.0003881782
E[P_neut(18)] = 0.0004044803
E[P_neut(19)] = 0.0004450402

---- Expected P_sel(i), 0 < i < n (selected SFS per site) 
E[P_sel(1)] = 0.0072342884
E[P_sel(2)] = 0.0028426281
E[P_sel(3)] = 0.0014957749
E[P_sel(4)] = 0.0009402576
E[P_sel(5)] = 0.0006553430
E[P_sel(6)] = 0.0005134150
E[P_sel(7)] = 0.0004117598
E[P_sel(8)] = 0.0003511656
E[P_sel(9)] = 0.0003011003
E[P_sel(10)] = 0.0002786837
E[P_sel(11)] = 0.0002444456
E[P_sel(12)] = 0.0002380590
E[P_sel(13)] = 0.0002196834
E[P_sel(14)] = 0.0002086513
E[P_sel(15)] = 0.0002059170
E[P_sel(16)] = 0.0002055488
E[P_sel(17)] = 0.0002138553
E[P_sel(18)] = 0.0002268209
E[P_sel(19)] = 0.0002609182

---- Expected D_neut and D_sel (neutral and selected divergence per site) 
E[D_neut] = 0.0198633334
E[D_sel] = 0.0125262811

---- Expected neutral and selected misattributed polymorphism per site
E[mis_neut] = 0.0005131870
E[mis_sel] = 0.0003026858

---- alpha_div = 0.210767
---- alpha_dfe = 0.210769

