---- Running command
---- ./polyDFE -d Mmc/573.polyDFE.config.txt -m C -e 
---- Performing inference using model C

---- Performing inference on Mmc/573.polyDFE.config.txt
---- No mutation variability. Using Poisson likelihood.


---- Calculating initial values

-- Starting local optimization
-- Optimizing all parameters
  it        eps_an        lambda     theta_bar           S_d             b           p_b           S_b           r 2           r 3           r 4           r 5           r 6           r 7           r 8           r 9          r 10          r 11          r 12          r 13          r 14          r 15          r 16          r 17          r 18          r 19          r 20           ln lk          grad status 
   0           0.1 0.01929464668 0.01135953341        -20000         0.208           0.1            20 0.87539929088 0.73825214962 0.64757597825 0.58095785581 0.55781380239 0.53754665826 0.53298054659 0.52819656993 0.55736692027 0.54702851286 0.58140499453 0.62228436092 0.66731231957 0.74746552858 0.87015806283 1.10398046623 1.57235801364             1             1 -1117442.325347 23191.9228016   -2 
 725 0.00169914766 0.01936567714 0.01015720608 -78.259822102 0.12532789586 0.02886317090 5.49012853459 0.86580883398 0.72322193149 0.62433793432 0.55593192130 0.52649481224 0.50588428604 0.49517643544 0.48239707315 0.49334046497 0.48143932583 0.50228213037 0.51230171949 0.52580748501 0.55701624961 0.58666231032 0.63935484449 0.68971397740 0.80452407277 0.98349380767 -269.3472053489 0.07935602441   -3 
-- Local optimization: stuck in the same solution
---- Best joint likelihood found -269.347205348953139 with gradient 0.07936

---- Results for Mmc/573.polyDFE.config.txt 
--  Model: C
--        eps_an        lambda     theta_bar             a 
-- 0.00169914766 0.01936567714 0.01015720608            -1 
--           S_d             b           p_b           S_b 
-- -78.259822102 0.12532789586 0.02886317090 5.49012853459 
--           r 2           r 3           r 4           r 5           r 6           r 7           r 8           r 9          r 10          r 11          r 12          r 13          r 14          r 15          r 16          r 17          r 18          r 19          r 20 
-- 0.86580883398 0.72322193149 0.62433793432 0.55593192130 0.52649481224 0.50588428604 0.49517643544 0.48239707315 0.49334046497 0.48143932583 0.50228213037 0.51230171949 0.52580748501 0.55701624961 0.58666231032 0.63935484449 0.68971397740 0.80452407277 0.98349380767 

---- Expected P_neut(i), 0 < i < n (neutral SFS per site) 
E[P_neut(1)] = 0.0101406783
E[P_neut(2)] = 0.0043902894
E[P_neut(3)] = 0.0024451266
E[P_neut(4)] = 0.0015833213
E[P_neut(5)] = 0.0011280650
E[P_neut(6)] = 0.0008904198
E[P_neut(7)] = 0.0007334859
E[P_neut(8)] = 0.0006283553
E[P_neut(9)] = 0.0005442532
E[P_neut(10)] = 0.0005010961
E[P_neut(11)] = 0.0004447223
E[P_neut(12)] = 0.0004254945
E[P_neut(13)] = 0.0004008405
E[P_neut(14)] = 0.0003823473
E[P_neut(15)] = 0.0003784600
E[P_neut(16)] = 0.0003744891
E[P_neut(17)] = 0.0003855150
E[P_neut(18)] = 0.0003960082
E[P_neut(19)] = 0.0004466182

---- Expected P_sel(i), 0 < i < n (selected SFS per site) 
E[P_sel(1)] = 0.0072305771
E[P_sel(2)] = 0.0028251629
E[P_sel(3)] = 0.0014952729
E[P_sel(4)] = 0.0009377335
E[P_sel(5)] = 0.0006532607
E[P_sel(6)] = 0.0005071188
E[P_sel(7)] = 0.0004124728
E[P_sel(8)] = 0.0003499394
E[P_sel(9)] = 0.0003008990
E[P_sel(10)] = 0.0002755977
E[P_sel(11)] = 0.0002437924
E[P_sel(12)] = 0.0002329286
E[P_sel(13)] = 0.0002195589
E[P_sel(14)] = 0.0002100016
E[P_sel(15)] = 0.0002089513
E[P_sel(16)] = 0.0002084684
E[P_sel(17)] = 0.0002172235
E[P_sel(18)] = 0.0002271393
E[P_sel(19)] = 0.0002636741

---- Expected D_neut and D_sel (neutral and selected divergence per site) 
E[D_neut] = 0.0198651546
E[D_sel] = 0.0125096740

---- Expected neutral and selected misattributed polymorphism per site
E[mis_neut] = 0.0004994775
E[mis_sel] = 0.0003015596

---- alpha_div = 0.262371
---- alpha_dfe = 0.262162

