---- Running command
---- ./polyDFE -d Mmc/574.polyDFE.config.txt -m C -e 
---- Performing inference using model C

---- Performing inference on Mmc/574.polyDFE.config.txt
---- No mutation variability. Using Poisson likelihood.


---- Calculating initial values

-- Starting local optimization
-- Optimizing all parameters
  it        eps_an        lambda     theta_bar           S_d             b           p_b           S_b           r 2           r 3           r 4           r 5           r 6           r 7           r 8           r 9          r 10          r 11          r 12          r 13          r 14          r 15          r 16          r 17          r 18          r 19          r 20           ln lk          grad status 
   0           0.1 0.01926341593 0.01132672800        -20000         0.208           0.1            20 0.87519199465 0.73824926732 0.64935694113 0.58572843830 0.55610941356 0.54331218602 0.54627412481 0.53424597847 0.55333738819 0.55614689164 0.59800777229 0.62304280536 0.66370718264 0.74624910760 0.86075123074 1.10792716932 1.58488619449             1             1 -1114537.536399 23113.0833188   -2 
 576 0.00487610561 0.01932299473 0.01015427059 -72.017500554 0.12793137672 0.02889194928 5.57802640415 0.86749183700 0.72362381176 0.62545070559 0.55754170285 0.52915869368 0.50991219624 0.50243574546 0.48387115685 0.49410285383 0.48846147211 0.51123287001 0.50657565894 0.52315056654 0.54618588537 0.57512502741 0.63111272720 0.67811912455 0.73909971951 1.00362557580 -283.1992368648 0.42325123695   -3 
-- Local optimization: stuck in the same solution
---- Best joint likelihood found -283.199236864806153 with gradient 0.42325

---- Results for Mmc/574.polyDFE.config.txt 
--  Model: C
--        eps_an        lambda     theta_bar             a 
-- 0.00487610561 0.01932299473 0.01015427059            -1 
--           S_d             b           p_b           S_b 
-- -72.017500554 0.12793137672 0.02889194928 5.57802640415 
--           r 2           r 3           r 4           r 5           r 6           r 7           r 8           r 9          r 10          r 11          r 12          r 13          r 14          r 15          r 16          r 17          r 18          r 19          r 20 
-- 0.86749183700 0.72362381176 0.62545070559 0.55754170285 0.52915869368 0.50991219624 0.50243574546 0.48387115685 0.49410285383 0.48846147211 0.51123287001 0.50657565894 0.52315056654 0.54618588537 0.57512502741 0.63111272720 0.67811912455 0.73909971951 1.00362557580 

---- Expected P_neut(i), 0 < i < n (neutral SFS per site) 
E[P_neut(1)] = 0.0101066834
E[P_neut(2)] = 0.0043847626
E[P_neut(3)] = 0.0024391858
E[P_neut(4)] = 0.0015817867
E[P_neut(5)] = 0.0011285676
E[P_neut(6)] = 0.0008930202
E[P_neut(7)] = 0.0007380064
E[P_neut(8)] = 0.0006367333
E[P_neut(9)] = 0.0005454654
E[P_neut(10)] = 0.0005017254
E[P_neut(11)] = 0.0004513697
E[P_neut(12)] = 0.0004336000
E[P_neut(13)] = 0.0003973625
E[P_neut(14)] = 0.0003819603
E[P_neut(15)] = 0.0003734595
E[P_neut(16)] = 0.0003709607
E[P_neut(17)] = 0.0003870748
E[P_neut(18)] = 0.0004021556
E[P_neut(19)] = 0.0004425882

---- Expected P_sel(i), 0 < i < n (selected SFS per site) 
E[P_sel(1)] = 0.0072377209
E[P_sel(2)] = 0.0028303778
E[P_sel(3)] = 0.0014948621
E[P_sel(4)] = 0.0009382314
E[P_sel(5)] = 0.0006542144
E[P_sel(6)] = 0.0005089249
E[P_sel(7)] = 0.0004151574
E[P_sel(8)] = 0.0003546431
E[P_sel(9)] = 0.0003015459
E[P_sel(10)] = 0.0002758849
E[P_sel(11)] = 0.0002473611
E[P_sel(12)] = 0.0002372842
E[P_sel(13)] = 0.0002175852
E[P_sel(14)] = 0.0002097463
E[P_sel(15)] = 0.0002061997
E[P_sel(16)] = 0.0002066219
E[P_sel(17)] = 0.0002184618
E[P_sel(18)] = 0.0002317328
E[P_sel(19)] = 0.0002657412

---- Expected D_neut and D_sel (neutral and selected divergence per site) 
E[D_neut] = 0.0198325490
E[D_sel] = 0.0125208523

---- Expected neutral and selected misattributed polymorphism per site
E[mis_neut] = 0.0005095543
E[mis_sel] = 0.0003080763

---- alpha_div = 0.265844
---- alpha_dfe = 0.265630

