---- Running command
---- ./polyDFE -d Mmc/575.polyDFE.config.txt -m C -e 
---- Performing inference using model C

---- Performing inference on Mmc/575.polyDFE.config.txt
---- No mutation variability. Using Poisson likelihood.


---- Calculating initial values

-- Starting local optimization
-- Optimizing all parameters
  it        eps_an        lambda     theta_bar           S_d             b           p_b           S_b           r 2           r 3           r 4           r 5           r 6           r 7           r 8           r 9          r 10          r 11          r 12          r 13          r 14          r 15          r 16          r 17          r 18          r 19          r 20           ln lk          grad status 
   0           0.1 0.01925223313 0.01136908674        -20000         0.208           0.1            20 0.87154312399 0.73719171094 0.64154113596 0.57686863971 0.55867918708 0.53850028523 0.53830224163 0.52770590712 0.55315171600 0.55552509415 0.59472413940 0.62793602105 0.66751845394 0.74751058403 0.86509573800 1.10945441516 1.57387810788             1             1 -1115663.693162 23124.5052586   -2 
 550 0.00546468262 0.01926890797 0.01020238056 -81.923654519 0.11962076253 0.02009819786 7.37527035839 0.86303688890 0.71970748728 0.61693927077 0.55081377533 0.53046756717 0.50847842704 0.49473272328 0.47954082964 0.48972430684 0.48562828877 0.50589632860 0.51352466665 0.52200019763 0.55107131670 0.57428638554 0.63119247917 0.67176888785 0.72275741921 1.08120754046 -265.0109603455 0.10048431903   -8 
-- Local optimization: reached maximum number of likelihood evaluations allowed.
---- Best joint likelihood found -265.010960345520289 with gradient 0.10048

---- Results for Mmc/575.polyDFE.config.txt 
--  Model: C
--        eps_an        lambda     theta_bar             a 
-- 0.00546468262 0.01926890797 0.01020238056            -1 
--           S_d             b           p_b           S_b 
-- -81.923654519 0.11962076253 0.02009819786 7.37527035839 
--           r 2           r 3           r 4           r 5           r 6           r 7           r 8           r 9          r 10          r 11          r 12          r 13          r 14          r 15          r 16          r 17          r 18          r 19          r 20 
-- 0.86303688890 0.71970748728 0.61693927077 0.55081377533 0.53046756717 0.50847842704 0.49473272328 0.47954082964 0.48972430684 0.48562828877 0.50589632860 0.51352466665 0.52200019763 0.55107131670 0.57428638554 0.63119247917 0.67176888785 0.72275741921 1.08120754046 

---- Expected P_neut(i), 0 < i < n (neutral SFS per site) 
E[P_neut(1)] = 0.0101487486
E[P_neut(2)] = 0.0043805378
E[P_neut(3)] = 0.0024362714
E[P_neut(4)] = 0.0015669644
E[P_neut(5)] = 0.0011198287
E[P_neut(6)] = 0.0008991549
E[P_neut(7)] = 0.0007392511
E[P_neut(8)] = 0.0006298340
E[P_neut(9)] = 0.0005430972
E[P_neut(10)] = 0.0004996354
E[P_neut(11)] = 0.0004509242
E[P_neut(12)] = 0.0004312097
E[P_neut(13)] = 0.0004048609
E[P_neut(14)] = 0.0003832536
E[P_neut(15)] = 0.0003789096
E[P_neut(16)] = 0.0003727909
E[P_neut(17)] = 0.0003901091
E[P_neut(18)] = 0.0004027355
E[P_neut(19)] = 0.0004417291

---- Expected P_sel(i), 0 < i < n (selected SFS per site) 
E[P_sel(1)] = 0.0072482119
E[P_sel(2)] = 0.0028298024
E[P_sel(3)] = 0.0014970739
E[P_sel(4)] = 0.0009328703
E[P_sel(5)] = 0.0006518628
E[P_sel(6)] = 0.0005146386
E[P_sel(7)] = 0.0004176078
E[P_sel(8)] = 0.0003521608
E[P_sel(9)] = 0.0003012451
E[P_sel(10)] = 0.0002754673
E[P_sel(11)] = 0.0002475624
E[P_sel(12)] = 0.0002361604
E[P_sel(13)] = 0.0002216041
E[P_sel(14)] = 0.0002101020
E[P_sel(15)] = 0.0002085615
E[P_sel(16)] = 0.0002067152
E[P_sel(17)] = 0.0002189414
E[P_sel(18)] = 0.0002307039
E[P_sel(19)] = 0.0002643754

---- Expected D_neut and D_sel (neutral and selected divergence per site) 
E[D_neut] = 0.0198204525
E[D_sel] = 0.0125095264

---- Expected neutral and selected misattributed polymorphism per site
E[mis_neut] = 0.0005515445
E[mis_sel] = 0.0003315310

---- alpha_div = 0.240427
---- alpha_dfe = 0.240446

