---- Running command
---- ./polyDFE -d Mmc/576.polyDFE.config.txt -m C -e 
---- Performing inference using model C

---- Performing inference on Mmc/576.polyDFE.config.txt
---- No mutation variability. Using Poisson likelihood.


---- Calculating initial values

-- Starting local optimization
-- Optimizing all parameters
  it        eps_an        lambda     theta_bar           S_d             b           p_b           S_b           r 2           r 3           r 4           r 5           r 6           r 7           r 8           r 9          r 10          r 11          r 12          r 13          r 14          r 15          r 16          r 17          r 18          r 19          r 20           ln lk          grad status 
   0           0.1 0.01927238057 0.01136603122        -20000         0.208           0.1            20 0.87120040257 0.73071621439 0.64328793243 0.58198871285 0.55714308609 0.53556392232 0.53699330507 0.52442725254 0.55675970630 0.55526847142 0.59799396905 0.62500241852 0.66682571505 0.75072619010 0.86510974773 1.09999899226 1.58590139493             1             1 -1116256.209492 23163.1723541   -2 
1100 0.00119153699 0.01938753561 0.01015604489 -77.954163558 0.12178005504 0.01996673931 7.56110567576 0.86186127578 0.71659974770 0.62074810243 0.55540057054 0.52778539607 0.50438716365 0.49315647288 0.48215618582 0.49988107800 0.48600724616 0.51180633190 0.51490771441 0.52599817549 0.56030640258 0.58585230080 0.64328406287 0.71158940092 0.81724764177 0.89403194252 -261.7617614469 0.03160440742   -3 
-- Local optimization: stuck in the same solution
---- Best joint likelihood found -261.761761446919991 with gradient 0.03160

---- Results for Mmc/576.polyDFE.config.txt 
--  Model: C
--        eps_an        lambda     theta_bar             a 
-- 0.00119153699 0.01938753561 0.01015604489            -1 
--           S_d             b           p_b           S_b 
-- -77.954163558 0.12178005504 0.01996673931 7.56110567576 
--           r 2           r 3           r 4           r 5           r 6           r 7           r 8           r 9          r 10          r 11          r 12          r 13          r 14          r 15          r 16          r 17          r 18          r 19          r 20 
-- 0.86186127578 0.71659974770 0.62074810243 0.55540057054 0.52778539607 0.50438716365 0.49315647288 0.48215618582 0.49988107800 0.48600724616 0.51180633190 0.51490771441 0.52599817549 0.56030640258 0.58585230080 0.64328406287 0.71158940092 0.81724764177 0.89403194252 

---- Expected P_neut(i), 0 < i < n (neutral SFS per site) 
E[P_neut(1)] = 0.0101444641
E[P_neut(2)] = 0.0043718145
E[P_neut(3)] = 0.0024235071
E[P_neut(4)] = 0.0015746515
E[P_neut(5)] = 0.0011272424
E[P_neut(6)] = 0.0008927589
E[P_neut(7)] = 0.0007314043
E[P_neut(8)] = 0.0006258351
E[P_neut(9)] = 0.0005439752
E[P_neut(10)] = 0.0005076815
E[P_neut(11)] = 0.0004488329
E[P_neut(12)] = 0.0004333905
E[P_neut(13)] = 0.0004026562
E[P_neut(14)] = 0.0003821856
E[P_neut(15)] = 0.0003802587
E[P_neut(16)] = 0.0003733063
E[P_neut(17)] = 0.0003867398
E[P_neut(18)] = 0.0004062328
E[P_neut(19)] = 0.0004484231

---- Expected P_sel(i), 0 < i < n (selected SFS per site) 
E[P_sel(1)] = 0.0072533705
E[P_sel(2)] = 0.0028236771
E[P_sel(3)] = 0.0014877176
E[P_sel(4)] = 0.0009359594
E[P_sel(5)] = 0.0006548617
E[P_sel(6)] = 0.0005097802
E[P_sel(7)] = 0.0004120932
E[P_sel(8)] = 0.0003489259
E[P_sel(9)] = 0.0003008077
E[P_sel(10)] = 0.0002789929
E[P_sel(11)] = 0.0002455691
E[P_sel(12)] = 0.0002364999
E[P_sel(13)] = 0.0002195634
E[P_sel(14)] = 0.0002086784
E[P_sel(15)] = 0.0002084121
E[P_sel(16)] = 0.0002060128
E[P_sel(17)] = 0.0002157847
E[P_sel(18)] = 0.0002305774
E[P_sel(19)] = 0.0002620563

---- Expected D_neut and D_sel (neutral and selected divergence per site) 
E[D_neut] = 0.0198415270
E[D_sel] = 0.0125343702

---- Expected neutral and selected misattributed polymorphism per site
E[mis_neut] = 0.0004539914
E[mis_sel] = 0.0002725784

---- alpha_div = 0.244522
---- alpha_dfe = 0.244448

