---- Running command
---- ./polyDFE -d Mmc/577.polyDFE.config.txt -m C -e 
---- Performing inference using model C

---- Performing inference on Mmc/577.polyDFE.config.txt
---- No mutation variability. Using Poisson likelihood.


---- Calculating initial values

-- Starting local optimization
-- Optimizing all parameters
  it        eps_an        lambda     theta_bar           S_d             b           p_b           S_b           r 2           r 3           r 4           r 5           r 6           r 7           r 8           r 9          r 10          r 11          r 12          r 13          r 14          r 15          r 16          r 17          r 18          r 19          r 20           ln lk          grad status 
   0           0.1 0.01927800231 0.01135681806        -20000         0.208           0.1            20 0.87017430503 0.73443750533 0.64588766634 0.58184432191 0.55797656332 0.53610258424 0.53990991858 0.52984779694 0.55718396738 0.55701700080 0.59171303869 0.62733813673 0.66616445660 0.74813932845 0.86343624515 1.11601194255 1.58245423014             1             1 -1116992.628496 23153.2208193   -2 
 545 0.00185211244 0.01933112998 0.01014743173 -84.094742688 0.11725348739 0.01767878504 8.11636752515 0.86418656795 0.72113334816 0.61981516964 0.55592239863 0.52794975671 0.50490066086 0.49876233280 0.48509139773 0.49967975394 0.48732973576 0.51097035386 0.51424724431 0.52753333428 0.55185788290 0.58745702032 0.65214878264 0.70594757532 0.80671242774 1.01933803072 -290.2385361731 0.08985675763   -3 
-- Local optimization: stuck in the same solution
---- Best joint likelihood found -290.238536173186731 with gradient 0.08986

---- Results for Mmc/577.polyDFE.config.txt 
--  Model: C
--        eps_an        lambda     theta_bar             a 
-- 0.00185211244 0.01933112998 0.01014743173            -1 
--           S_d             b           p_b           S_b 
-- -84.094742688 0.11725348739 0.01767878504 8.11636752515 
--           r 2           r 3           r 4           r 5           r 6           r 7           r 8           r 9          r 10          r 11          r 12          r 13          r 14          r 15          r 16          r 17          r 18          r 19          r 20 
-- 0.86418656795 0.72113334816 0.61981516964 0.55592239863 0.52794975671 0.50490066086 0.49876233280 0.48509139773 0.49967975394 0.48732973576 0.51097035386 0.51424724431 0.52753333428 0.55185788290 0.58745702032 0.65214878264 0.70594757532 0.80671242774 1.01933803072 

---- Expected P_neut(i), 0 < i < n (neutral SFS per site) 
E[P_neut(1)] = 0.0101294355
E[P_neut(2)] = 0.0043772534
E[P_neut(3)] = 0.0024354204
E[P_neut(4)] = 0.0015701608
E[P_neut(5)] = 0.0011268387
E[P_neut(6)] = 0.0008919435
E[P_neut(7)] = 0.0007313086
E[P_neut(8)] = 0.0006322731
E[P_neut(9)] = 0.0005467565
E[P_neut(10)] = 0.0005070466
E[P_neut(11)] = 0.0004497390
E[P_neut(12)] = 0.0004324579
E[P_neut(13)] = 0.0004020190
E[P_neut(14)] = 0.0003833104
E[P_neut(15)] = 0.0003747275
E[P_neut(16)] = 0.0003747959
E[P_neut(17)] = 0.0003930694
E[P_neut(18)] = 0.0004053590
E[P_neut(19)] = 0.0004488414

---- Expected P_sel(i), 0 < i < n (selected SFS per site) 
E[P_sel(1)] = 0.0072397818
E[P_sel(2)] = 0.0028331463
E[P_sel(3)] = 0.0015003481
E[P_sel(4)] = 0.0009374379
E[P_sel(5)] = 0.0006579124
E[P_sel(6)] = 0.0005120601
E[P_sel(7)] = 0.0004143537
E[P_sel(8)] = 0.0003545344
E[P_sel(9)] = 0.0003040806
E[P_sel(10)] = 0.0002802200
E[P_sel(11)] = 0.0002474146
E[P_sel(12)] = 0.0002372238
E[P_sel(13)] = 0.0002202834
E[P_sel(14)] = 0.0002102171
E[P_sel(15)] = 0.0002061756
E[P_sel(16)] = 0.0002075041
E[P_sel(17)] = 0.0002198829
E[P_sel(18)] = 0.0002306012
E[P_sel(19)] = 0.0002633243

---- Expected D_neut and D_sel (neutral and selected divergence per site) 
E[D_neut] = 0.0198483131
E[D_sel] = 0.0125270440

---- Expected neutral and selected misattributed polymorphism per site
E[mis_neut] = 0.0005171832
E[mis_sel] = 0.0003103211

---- alpha_div = 0.232055
---- alpha_dfe = 0.231843

