---- Running command
---- ./polyDFE -d Mmc/578.polyDFE.config.txt -m C -e 
---- Performing inference using model C

---- Performing inference on Mmc/578.polyDFE.config.txt
---- No mutation variability. Using Poisson likelihood.


---- Calculating initial values

-- Starting local optimization
-- Optimizing all parameters
  it        eps_an        lambda     theta_bar           S_d             b           p_b           S_b           r 2           r 3           r 4           r 5           r 6           r 7           r 8           r 9          r 10          r 11          r 12          r 13          r 14          r 15          r 16          r 17          r 18          r 19          r 20           ln lk          grad status 
   0           0.1 0.01926151079 0.01137855144        -20000         0.208           0.1            20 0.87115534689 0.73582514756 0.64612112068 0.58097139256 0.56111988788 0.54211706876 0.53739995456 0.53694207797 0.55174877329 0.55358858039 0.59157169996 0.62432128652 0.67075242159 0.75256435394 0.86796141949 1.11591671611 1.57247784784             1             1 -1112124.951936 23131.4410519   -2 
1010 0.00068034631 0.01928734129 0.01015997735 -80.005836501 0.12438332652 0.02578510213 6.19924514005 0.86402961121 0.72082476205 0.62119889029 0.55541436936 0.53215556483 0.50972563131 0.49388393133 0.49122831001 0.49827045175 0.48643654099 0.51197952171 0.51661104960 0.52552373695 0.55949888588 0.59007666218 0.65650558587 0.70354817563 0.82528562027 1.07264452870 -273.8945846926 0.02432909464   -3 
-- Local optimization: stuck in the same solution
---- Best joint likelihood found -273.894584692679928 with gradient 0.02433

---- Results for Mmc/578.polyDFE.config.txt 
--  Model: C
--        eps_an        lambda     theta_bar             a 
-- 0.00068034631 0.01928734129 0.01015997735            -1 
--           S_d             b           p_b           S_b 
-- -80.005836501 0.12438332652 0.02578510213 6.19924514005 
--           r 2           r 3           r 4           r 5           r 6           r 7           r 8           r 9          r 10          r 11          r 12          r 13          r 14          r 15          r 16          r 17          r 18          r 19          r 20 
-- 0.86402961121 0.72082476205 0.62119889029 0.55541436936 0.53215556483 0.50972563131 0.49388393133 0.49122831001 0.49827045175 0.48643654099 0.51197952171 0.51661104960 0.52552373695 0.55949888588 0.59007666218 0.65650558587 0.70354817563 0.82528562027 1.07264452870 

---- Expected P_neut(i), 0 < i < n (neutral SFS per site) 
E[P_neut(1)] = 0.0101533653
E[P_neut(2)] = 0.0043865446
E[P_neut(3)] = 0.0024397938
E[P_neut(4)] = 0.0015770231
E[P_neut(5)] = 0.0011280895
E[P_neut(6)] = 0.0009007611
E[P_neut(7)] = 0.0007396000
E[P_neut(8)] = 0.0006270994
E[P_neut(9)] = 0.0005544693
E[P_neut(10)] = 0.0005062417
E[P_neut(11)] = 0.0004493611
E[P_neut(12)] = 0.0004336069
E[P_neut(13)] = 0.0004039792
E[P_neut(14)] = 0.0003817328
E[P_neut(15)] = 0.0003794764
E[P_neut(16)] = 0.0003755164
E[P_neut(17)] = 0.0003937517
E[P_neut(18)] = 0.0003998290
E[P_neut(19)] = 0.0004479217

---- Expected P_sel(i), 0 < i < n (selected SFS per site) 
E[P_sel(1)] = 0.0072248255
E[P_sel(2)] = 0.0028166999
E[P_sel(3)] = 0.0014886882
E[P_sel(4)] = 0.0009318033
E[P_sel(5)] = 0.0006516298
E[P_sel(6)] = 0.0005116185
E[P_sel(7)] = 0.0004146946
E[P_sel(8)] = 0.0003481356
E[P_sel(9)] = 0.0003054992
E[P_sel(10)] = 0.0002773995
E[P_sel(11)] = 0.0002453548
E[P_sel(12)] = 0.0002363544
E[P_sel(13)] = 0.0002202664
E[P_sel(14)] = 0.0002086470
E[P_sel(15)] = 0.0002084457
E[P_sel(16)] = 0.0002079370
E[P_sel(17)] = 0.0002206674
E[P_sel(18)] = 0.0002280339
E[P_sel(19)] = 0.0002623910

---- Expected D_neut and D_sel (neutral and selected divergence per site) 
E[D_neut] = 0.0198322435
E[D_sel] = 0.0125348396

---- Expected neutral and selected misattributed polymorphism per site
E[mis_neut] = 0.0005449022
E[mis_sel] = 0.0003287670

---- alpha_div = 0.261454
---- alpha_dfe = 0.261305

