---- Running command
---- ./polyDFE -d Mmc/579.polyDFE.config.txt -m C -e 
---- Performing inference using model C

---- Performing inference on Mmc/579.polyDFE.config.txt
---- No mutation variability. Using Poisson likelihood.


---- Calculating initial values

-- Starting local optimization
-- Optimizing all parameters
  it        eps_an        lambda     theta_bar           S_d             b           p_b           S_b           r 2           r 3           r 4           r 5           r 6           r 7           r 8           r 9          r 10          r 11          r 12          r 13          r 14          r 15          r 16          r 17          r 18          r 19          r 20           ln lk          grad status 
   0           0.1 0.01928903701 0.01135486890        -20000         0.208           0.1            20 0.87062071315 0.73300170651 0.64495012734 0.58286187736 0.55659962749 0.53408756002 0.54278979397 0.53387655983 0.55536209667 0.56234311554 0.58948243019 0.62459165220 0.66733291919 0.75222034766 0.85942610499 1.11104936003 1.56609324954             1             1 -1115902.478294 23162.6586298   -2 
 987 0.00119466542 0.01928875294 0.01013610832 -68.493416507 0.13174737607 0.03212712941 5.21152277286 0.86454289974 0.71905686678 0.62489632422 0.55726630800 0.52875541191 0.50435874207 0.49725679363 0.48666495598 0.49508041849 0.48574865349 0.50903160290 0.52005538005 0.52828526439 0.55980539636 0.58485673554 0.64722669312 0.69718358576 0.80670012349 1.12200272634 -280.2134253481 0.01817134028   -3 
-- Local optimization: stuck in the same solution
---- Best joint likelihood found -280.213425348192686 with gradient 0.01817

---- Results for Mmc/579.polyDFE.config.txt 
--  Model: C
--        eps_an        lambda     theta_bar             a 
-- 0.00119466542 0.01928875294 0.01013610832            -1 
--           S_d             b           p_b           S_b 
-- -68.493416507 0.13174737607 0.03212712941 5.21152277286 
--           r 2           r 3           r 4           r 5           r 6           r 7           r 8           r 9          r 10          r 11          r 12          r 13          r 14          r 15          r 16          r 17          r 18          r 19          r 20 
-- 0.86454289974 0.71905686678 0.62489632422 0.55726630800 0.52875541191 0.50435874207 0.49725679363 0.48666495598 0.49508041849 0.48574865349 0.50903160290 0.52005538005 0.52828526439 0.55980539636 0.58485673554 0.64722669312 0.69718358576 0.80670012349 1.12200272634 

---- Expected P_neut(i), 0 < i < n (neutral SFS per site) 
E[P_neut(1)] = 0.0101245132
E[P_neut(2)] = 0.0043767848
E[P_neut(3)] = 0.0024270380
E[P_neut(4)] = 0.0015820551
E[P_neut(5)] = 0.0011288046
E[P_neut(6)] = 0.0008926435
E[P_neut(7)] = 0.0007299312
E[P_neut(8)] = 0.0006297921
E[P_neut(9)] = 0.0005479787
E[P_neut(10)] = 0.0005018189
E[P_neut(11)] = 0.0004477202
E[P_neut(12)] = 0.0004302056
E[P_neut(13)] = 0.0004058756
E[P_neut(14)] = 0.0003830928
E[P_neut(15)] = 0.0003791809
E[P_neut(16)] = 0.0003719598
E[P_neut(17)] = 0.0003883449
E[P_neut(18)] = 0.0003973615
E[P_neut(19)] = 0.0004419530

---- Expected P_sel(i), 0 < i < n (selected SFS per site) 
E[P_sel(1)] = 0.0072545525
E[P_sel(2)] = 0.0028220628
E[P_sel(3)] = 0.0014843303
E[P_sel(4)] = 0.0009359337
E[P_sel(5)] = 0.0006524380
E[P_sel(6)] = 0.0005071427
E[P_sel(7)] = 0.0004093302
E[P_sel(8)] = 0.0003496941
E[P_sel(9)] = 0.0003020340
E[P_sel(10)] = 0.0002751636
E[P_sel(11)] = 0.0002447307
E[P_sel(12)] = 0.0002348874
E[P_sel(13)] = 0.0002218062
E[P_sel(14)] = 0.0002100198
E[P_sel(15)] = 0.0002090716
E[P_sel(16)] = 0.0002069126
E[P_sel(17)] = 0.0002188002
E[P_sel(18)] = 0.0002280008
E[P_sel(19)] = 0.0002608121

---- Expected D_neut and D_sel (neutral and selected divergence per site) 
E[D_neut] = 0.0198573900
E[D_sel] = 0.0125459245

---- Expected neutral and selected misattributed polymorphism per site
E[mis_neut] = 0.0005686371
E[mis_sel] = 0.0003442967

---- alpha_div = 0.277200
---- alpha_dfe = 0.277150

