---- Running command
---- ./polyDFE -d Mmc/58.polyDFE.config.txt -m C -e 
---- Performing inference using model C

---- Performing inference on Mmc/58.polyDFE.config.txt
---- No mutation variability. Using Poisson likelihood.


---- Calculating initial values

-- Starting local optimization
-- Optimizing all parameters
  it        eps_an        lambda     theta_bar           S_d             b           p_b           S_b           r 2           r 3           r 4           r 5           r 6           r 7           r 8           r 9          r 10          r 11          r 12          r 13          r 14          r 15          r 16          r 17          r 18          r 19          r 20           ln lk          grad status 
   0           0.1 0.01927403161 0.01136653576        -20000         0.208           0.1            20 0.87534719556 0.73381714732 0.64177543212 0.58409639610 0.55834414011 0.54118789389 0.53414342786 0.52773900996 0.55355926497 0.55621297322 0.58726683514 0.61695984992 0.67732529034 0.75197759288 0.85603152037 1.11168624429 1.57035837437             1             1 -1115685.978855 23151.6730303   -2 
 558 0.00429095457 0.01933619603 0.01018539318 -74.932041276 0.12631588953 0.02819704774 5.68221852464 0.86756114874 0.71810367301 0.61900491129 0.55606714480 0.52951147103 0.50756583790 0.49156508120 0.48169934290 0.49717657248 0.48606959981 0.50689434870 0.50857161306 0.52397744774 0.55199763972 0.57423824169 0.63476311443 0.67290783528 0.75307809498 1.00090455737 -285.1089448871 1.26196054503   -3 
-- Local optimization: stuck in the same solution
---- Best joint likelihood found -285.108944887149846 with gradient 1.26196

---- Results for Mmc/58.polyDFE.config.txt 
--  Model: C
--        eps_an        lambda     theta_bar             a 
-- 0.00429095457 0.01933619603 0.01018539318            -1 
--           S_d             b           p_b           S_b 
-- -74.932041276 0.12631588953 0.02819704774 5.68221852464 
--           r 2           r 3           r 4           r 5           r 6           r 7           r 8           r 9          r 10          r 11          r 12          r 13          r 14          r 15          r 16          r 17          r 18          r 19          r 20 
-- 0.86756114874 0.71810367301 0.61900491129 0.55606714480 0.52951147103 0.50756583790 0.49156508120 0.48169934290 0.49717657248 0.48606959981 0.50689434870 0.50857161306 0.52397744774 0.55199763972 0.57423824169 0.63476311443 0.67290783528 0.75307809498 1.00090455737 

---- Expected P_neut(i), 0 < i < n (neutral SFS per site) 
E[P_neut(1)] = 0.0101434204
E[P_neut(2)] = 0.0044009012
E[P_neut(3)] = 0.0024292264
E[P_neut(4)] = 0.0015710073
E[P_neut(5)] = 0.0011295003
E[P_neut(6)] = 0.0008966591
E[P_neut(7)] = 0.0007370776
E[P_neut(8)] = 0.0006250086
E[P_neut(9)] = 0.0005447362
E[P_neut(10)] = 0.0005063939
E[P_neut(11)] = 0.0004504816
E[P_neut(12)] = 0.0004310825
E[P_neut(13)] = 0.0003999209
E[P_neut(14)] = 0.0003834296
E[P_neut(15)] = 0.0003780731
E[P_neut(16)] = 0.0003707475
E[P_neut(17)] = 0.0003891421
E[P_neut(18)] = 0.0003980929
E[P_neut(19)] = 0.0004456779

---- Expected P_sel(i), 0 < i < n (selected SFS per site) 
E[P_sel(1)] = 0.0072511491
E[P_sel(2)] = 0.0028378128
E[P_sel(3)] = 0.0014879386
E[P_sel(4)] = 0.0009316292
E[P_sel(5)] = 0.0006547561
E[P_sel(6)] = 0.0005110815
E[P_sel(7)] = 0.0004147490
E[P_sel(8)] = 0.0003482357
E[P_sel(9)] = 0.0003012641
E[P_sel(10)] = 0.0002785705
E[P_sel(11)] = 0.0002469797
E[P_sel(12)] = 0.0002360018
E[P_sel(13)] = 0.0002190649
E[P_sel(14)] = 0.0002106151
E[P_sel(15)] = 0.0002087871
E[P_sel(16)] = 0.0002065133
E[P_sel(17)] = 0.0002195851
E[P_sel(18)] = 0.0002292416
E[P_sel(19)] = 0.0002667846

---- Expected D_neut and D_sel (neutral and selected divergence per site) 
E[D_neut] = 0.0198459264
E[D_sel] = 0.0125373662

---- Expected neutral and selected misattributed polymorphism per site
E[mis_neut] = 0.0005097303
E[mis_sel] = 0.0003082723

---- alpha_div = 0.263845
---- alpha_dfe = 0.263567

