---- Running command
---- ./polyDFE -d Mmc/580.polyDFE.config.txt -m C -e 
---- Performing inference using model C

---- Performing inference on Mmc/580.polyDFE.config.txt
---- No mutation variability. Using Poisson likelihood.


---- Calculating initial values

-- Starting local optimization
-- Optimizing all parameters
  it        eps_an        lambda     theta_bar           S_d             b           p_b           S_b           r 2           r 3           r 4           r 5           r 6           r 7           r 8           r 9          r 10          r 11          r 12          r 13          r 14          r 15          r 16          r 17          r 18          r 19          r 20           ln lk          grad status 
   0           0.1 0.01931180693 0.01134742881        -20000         0.208           0.1            20 0.87150190980 0.73334218470 0.64347319922 0.58347791942 0.56019975194 0.53623017337 0.53213247313 0.53223290800 0.55037996372 0.55269107401 0.58959522317 0.62005772816 0.66255071423 0.74790498944 0.86783360269 1.10681474518 1.57391816543             1             1 -1121606.092107 23237.7132112   -2 
 917 0.00046498249 0.01932855719 0.01012682457 -77.238963082 0.12315317308 0.02512525316 6.00175662186 0.86431493261 0.72239385697 0.61878374258 0.55692695818 0.52876549969 0.50512369452 0.49085023440 0.48430301305 0.49340328200 0.48539608898 0.51133874348 0.51381233512 0.52481839071 0.55555741465 0.59287013182 0.64839196559 0.70658503152 0.83735670096 1.09101873719 -280.2694415424 0.04101284773   -3 
-- Local optimization: stuck in the same solution
---- Best joint likelihood found -280.269441542463028 with gradient 0.04101

---- Results for Mmc/580.polyDFE.config.txt 
--  Model: C
--        eps_an        lambda     theta_bar             a 
-- 0.00046498249 0.01932855719 0.01012682457            -1 
--           S_d             b           p_b           S_b 
-- -77.238963082 0.12315317308 0.02512525316 6.00175662186 
--           r 2           r 3           r 4           r 5           r 6           r 7           r 8           r 9          r 10          r 11          r 12          r 13          r 14          r 15          r 16          r 17          r 18          r 19          r 20 
-- 0.86431493261 0.72239385697 0.61878374258 0.55692695818 0.52876549969 0.50512369452 0.49085023440 0.48430301305 0.49340328200 0.48539608898 0.51133874348 0.51381233512 0.52481839071 0.55555741465 0.59287013182 0.64839196559 0.70658503152 0.83735670096 1.09101873719 

---- Expected P_neut(i), 0 < i < n (neutral SFS per site) 
E[P_neut(1)] = 0.0101223233
E[P_neut(2)] = 0.0043745328
E[P_neut(3)] = 0.0024375643
E[P_neut(4)] = 0.0015660247
E[P_neut(5)] = 0.0011276302
E[P_neut(6)] = 0.0008922141
E[P_neut(7)] = 0.0007306033
E[P_neut(8)] = 0.0006212560
E[P_neut(9)] = 0.0005448935
E[P_neut(10)] = 0.0004996608
E[P_neut(11)] = 0.0004469112
E[P_neut(12)] = 0.0004316081
E[P_neut(13)] = 0.0004004066
E[P_neut(14)] = 0.0003798630
E[P_neut(15)] = 0.0003754189
E[P_neut(16)] = 0.0003757972
E[P_neut(17)] = 0.0003871985
E[P_neut(18)] = 0.0003993758
E[P_neut(19)] = 0.0004508047

---- Expected P_sel(i), 0 < i < n (selected SFS per site) 
E[P_sel(1)] = 0.0072434494
E[P_sel(2)] = 0.0028280055
E[P_sel(3)] = 0.0014980313
E[P_sel(4)] = 0.0009321580
E[P_sel(5)] = 0.0006562565
E[P_sel(6)] = 0.0005105870
E[P_sel(7)] = 0.0004127327
E[P_sel(8)] = 0.0003474640
E[P_sel(9)] = 0.0003024282
E[P_sel(10)] = 0.0002757603
E[P_sel(11)] = 0.0002457171
E[P_sel(12)] = 0.0002368379
E[P_sel(13)] = 0.0002196994
E[P_sel(14)] = 0.0002088421
E[P_sel(15)] = 0.0002073030
E[P_sel(16)] = 0.0002090248
E[P_sel(17)] = 0.0002177388
E[P_sel(18)] = 0.0002282066
E[P_sel(19)] = 0.0002638643

---- Expected D_neut and D_sel (neutral and selected divergence per site) 
E[D_neut] = 0.0198809850
E[D_sel] = 0.0124901741

---- Expected neutral and selected misattributed polymorphism per site
E[mis_neut] = 0.0005524278
E[mis_sel] = 0.0003325441

---- alpha_div = 0.248671
---- alpha_dfe = 0.248515

