---- Running command
---- ./polyDFE -d Mmc/581.polyDFE.config.txt -m C -e 
---- Performing inference using model C

---- Performing inference on Mmc/581.polyDFE.config.txt
---- No mutation variability. Using Poisson likelihood.


---- Calculating initial values

-- Starting local optimization
-- Optimizing all parameters
  it        eps_an        lambda     theta_bar           S_d             b           p_b           S_b           r 2           r 3           r 4           r 5           r 6           r 7           r 8           r 9          r 10          r 11          r 12          r 13          r 14          r 15          r 16          r 17          r 18          r 19          r 20           ln lk          grad status 
   0           0.1 0.01932970418 0.01132980174        -20000         0.208           0.1            20 0.87578336379 0.73714971106 0.64343093968 0.58327181503 0.55795901140 0.53460554376 0.53699475337 0.52837321069 0.55714832315 0.55236940246 0.59203443928 0.62362555025 0.66670057085 0.75986612027 0.86700634221 1.11360966756 1.58479949536             1             1 -1120405.593899 23234.9709442   -2 
 620 0.00405589012 0.01938429223 0.01015721706 -92.982425823 0.10948305442 0.00478108156 26.3124611602 0.86538978756 0.72032498969 0.62084068946 0.55158971082 0.52720670251 0.50070202230 0.49481061243 0.47902730338 0.49479982736 0.48352874356 0.51036050502 0.51147248169 0.52448299479 0.56185925977 0.58788314869 0.64508862406 0.69170412017 0.77528654084 1.00491774884 -277.5461749793 0.37176253348   -3 
-- Local optimization: stuck in the same solution
---- Best joint likelihood found -277.546174979332136 with gradient 0.37176

---- Results for Mmc/581.polyDFE.config.txt 
--  Model: C
--        eps_an        lambda     theta_bar             a 
-- 0.00405589012 0.01938429223 0.01015721706            -1 
--           S_d             b           p_b           S_b 
-- -92.982425823 0.10948305442 0.00478108156 26.3124611602 
--           r 2           r 3           r 4           r 5           r 6           r 7           r 8           r 9          r 10          r 11          r 12          r 13          r 14          r 15          r 16          r 17          r 18          r 19          r 20 
-- 0.86538978756 0.72032498969 0.62084068946 0.55158971082 0.52720670251 0.50070202230 0.49481061243 0.47902730338 0.49479982736 0.48352874356 0.51036050502 0.51147248169 0.52448299479 0.56185925977 0.58788314869 0.64508862406 0.69170412017 0.77528654084 1.00491774884 

---- Expected P_neut(i), 0 < i < n (neutral SFS per site) 
E[P_neut(1)] = 0.0101177015
E[P_neut(2)] = 0.0043787335
E[P_neut(3)] = 0.0024305041
E[P_neut(4)] = 0.0015716230
E[P_neut(5)] = 0.0011175217
E[P_neut(6)] = 0.0008904157
E[P_neut(7)] = 0.0007252083
E[P_neut(8)] = 0.0006274414
E[P_neut(9)] = 0.0005402387
E[P_neut(10)] = 0.0005025789
E[P_neut(11)] = 0.0004468642
E[P_neut(12)] = 0.0004327828
E[P_neut(13)] = 0.0004009518
E[P_neut(14)] = 0.0003825970
E[P_neut(15)] = 0.0003834634
E[P_neut(16)] = 0.0003780840
E[P_neut(17)] = 0.0003937581
E[P_neut(18)] = 0.0004065640
E[P_neut(19)] = 0.0004539763

---- Expected P_sel(i), 0 < i < n (selected SFS per site) 
E[P_sel(1)] = 0.0072287970
E[P_sel(2)] = 0.0028411986
E[P_sel(3)] = 0.0015027577
E[P_sel(4)] = 0.0009419267
E[P_sel(5)] = 0.0006547707
E[P_sel(6)] = 0.0005126124
E[P_sel(7)] = 0.0004116047
E[P_sel(8)] = 0.0003519393
E[P_sel(9)] = 0.0003000352
E[P_sel(10)] = 0.0002767853
E[P_sel(11)] = 0.0002443724
E[P_sel(12)] = 0.0002353020
E[P_sel(13)] = 0.0002170092
E[P_sel(14)] = 0.0002064307
E[P_sel(15)] = 0.0002066070
E[P_sel(16)] = 0.0002039467
E[P_sel(17)] = 0.0002135268
E[P_sel(18)] = 0.0002236613
E[P_sel(19)] = 0.0002609067

---- Expected D_neut and D_sel (neutral and selected divergence per site) 
E[D_neut] = 0.0198946506
E[D_sel] = 0.0125463081

---- Expected neutral and selected misattributed polymorphism per site
E[mis_neut] = 0.0005103584
E[mis_sel] = 0.0002946862

---- alpha_div = 0.199345
---- alpha_dfe = 0.199490

