---- Running command
---- ./polyDFE -d Mmc/582.polyDFE.config.txt -m C -e 
---- Performing inference using model C

---- Performing inference on Mmc/582.polyDFE.config.txt
---- No mutation variability. Using Poisson likelihood.


---- Calculating initial values

-- Starting local optimization
-- Optimizing all parameters
  it        eps_an        lambda     theta_bar           S_d             b           p_b           S_b           r 2           r 3           r 4           r 5           r 6           r 7           r 8           r 9          r 10          r 11          r 12          r 13          r 14          r 15          r 16          r 17          r 18          r 19          r 20           ln lk          grad status 
   0           0.1 0.01925443093 0.01135840928        -20000         0.208           0.1            20 0.87082486129 0.73195400619 0.64711329998 0.57982620095 0.55148924369 0.54231868751 0.54081824029 0.52680417661 0.55077012599 0.56147135461 0.58804804663 0.62089192984 0.65966128304 0.74225965618 0.85550441573 1.11689665809 1.58002700708             1             1 -1116908.661806 23141.5836204   -2 
 242 0.00357166759 0.01930962137 0.01018887576 -107.15591372 0.10418883040 0.00320780176 36.9338353042 0.85962656829 0.71450912532 0.61755793197 0.55017783200 0.52077327856 0.50461673173 0.49444603617 0.47924918148 0.49234410505 0.48326536742 0.50599769535 0.51210101840 0.51693459174 0.55836971700 0.57957601292 0.65095344453 0.69897440086 0.78142974662 1.00189302050 -315.0914301514 0.64506039919   -3 
-- Local optimization: stuck in the same solution
---- Best joint likelihood found -315.091430151427630 with gradient 0.64506

---- Results for Mmc/582.polyDFE.config.txt 
--  Model: C
--        eps_an        lambda     theta_bar             a 
-- 0.00357166759 0.01930962137 0.01018887576            -1 
--           S_d             b           p_b           S_b 
-- -107.15591372 0.10418883040 0.00320780176 36.9338353042 
--           r 2           r 3           r 4           r 5           r 6           r 7           r 8           r 9          r 10          r 11          r 12          r 13          r 14          r 15          r 16          r 17          r 18          r 19          r 20 
-- 0.85962656829 0.71450912532 0.61755793197 0.55017783200 0.52077327856 0.50461673173 0.49444603617 0.47924918148 0.49234410505 0.48326536742 0.50599769535 0.51210101840 0.51693459174 0.55836971700 0.57957601292 0.65095344453 0.69897440086 0.78142974662 1.00189302050 

---- Expected P_neut(i), 0 < i < n (neutral SFS per site) 
E[P_neut(1)] = 0.0101539812
E[P_neut(2)] = 0.0043650858
E[P_neut(3)] = 0.0024194077
E[P_neut(4)] = 0.0015687551
E[P_neut(5)] = 0.0011184890
E[P_neut(6)] = 0.0008825341
E[P_neut(7)] = 0.0007333069
E[P_neut(8)] = 0.0006290165
E[P_neut(9)] = 0.0005422177
E[P_neut(10)] = 0.0005016433
E[P_neut(11)] = 0.0004479691
E[P_neut(12)] = 0.0004303437
E[P_neut(13)] = 0.0004025540
E[P_neut(14)] = 0.0003780279
E[P_neut(15)] = 0.0003819270
E[P_neut(16)] = 0.0003733770
E[P_neut(17)] = 0.0003974199
E[P_neut(18)] = 0.0004098818
E[P_neut(19)] = 0.0004539415

---- Expected P_sel(i), 0 < i < n (selected SFS per site) 
E[P_sel(1)] = 0.0072339485
E[P_sel(2)] = 0.0028335341
E[P_sel(3)] = 0.0014994337
E[P_sel(4)] = 0.0009435907
E[P_sel(5)] = 0.0006582453
E[P_sel(6)] = 0.0005106272
E[P_sel(7)] = 0.0004184605
E[P_sel(8)] = 0.0003548288
E[P_sel(9)] = 0.0003028840
E[P_sel(10)] = 0.0002778748
E[P_sel(11)] = 0.0002463669
E[P_sel(12)] = 0.0002352378
E[P_sel(13)] = 0.0002189508
E[P_sel(14)] = 0.0002048303
E[P_sel(15)] = 0.0002064482
E[P_sel(16)] = 0.0002017764
E[P_sel(17)] = 0.0002154449
E[P_sel(18)] = 0.0002246861
E[P_sel(19)] = 0.0002585666

---- Expected D_neut and D_sel (neutral and selected divergence per site) 
E[D_neut] = 0.0198200295
E[D_sel] = 0.0124944505

---- Expected neutral and selected misattributed polymorphism per site
E[mis_neut] = 0.0005104082
E[mis_sel] = 0.0002922786

---- alpha_div = 0.187519
---- alpha_dfe = 0.187703

