---- Running command
---- ./polyDFE -d Mmc/583.polyDFE.config.txt -m C -e 
---- Performing inference using model C

---- Performing inference on Mmc/583.polyDFE.config.txt
---- No mutation variability. Using Poisson likelihood.


---- Calculating initial values

-- Starting local optimization
-- Optimizing all parameters
  it        eps_an        lambda     theta_bar           S_d             b           p_b           S_b           r 2           r 3           r 4           r 5           r 6           r 7           r 8           r 9          r 10          r 11          r 12          r 13          r 14          r 15          r 16          r 17          r 18          r 19          r 20           ln lk          grad status 
   0           0.1 0.01926857670 0.01134317050        -20000         0.208           0.1            20 0.87031964351 0.73833408273 0.64890865040 0.58056650421 0.55583768465 0.53943826050 0.53950119851 0.52560541336 0.55027080368 0.55549652571 0.60114515357 0.62254710850 0.66333030495 0.75075045754 0.86411896531 1.11415627615 1.57534218248             1             1 -1113085.888990 23127.1121041   -2 
 398 0.00352961095 0.01933091366 0.01017083751 -95.258502930 0.11091961830 0.00901342939 14.8318124223 0.86052282413 0.71897546942 0.62275188448 0.55217390880 0.52599413701 0.50514996699 0.49497345359 0.48224668084 0.48957426897 0.48407841154 0.51430906706 0.51179105373 0.52104462606 0.55828732720 0.58543834338 0.64103544180 0.69257973025 0.78028597276 0.99361378271 -286.6156861579 0.37937677907   -3 
-- Local optimization: stuck in the same solution
---- Best joint likelihood found -286.615686157994787 with gradient 0.37938

---- Results for Mmc/583.polyDFE.config.txt 
--  Model: C
--        eps_an        lambda     theta_bar             a 
-- 0.00352961095 0.01933091366 0.01017083751            -1 
--           S_d             b           p_b           S_b 
-- -95.258502930 0.11091961830 0.00901342939 14.8318124223 
--           r 2           r 3           r 4           r 5           r 6           r 7           r 8           r 9          r 10          r 11          r 12          r 13          r 14          r 15          r 16          r 17          r 18          r 19          r 20 
-- 0.86052282413 0.71897546942 0.62275188448 0.55217390880 0.52599413701 0.50514996699 0.49497345359 0.48224668084 0.48957426897 0.48407841154 0.51430906706 0.51179105373 0.52104462606 0.55828732720 0.58543834338 0.64103544180 0.69257973025 0.78028597276 0.99361378271 

---- Expected P_neut(i), 0 < i < n (neutral SFS per site) 
E[P_neut(1)] = 0.0101364127
E[P_neut(2)] = 0.0043620542
E[P_neut(3)] = 0.0024302777
E[P_neut(4)] = 0.0015792015
E[P_neut(5)] = 0.0011205858
E[P_neut(6)] = 0.0008898224
E[P_neut(7)] = 0.0007327938
E[P_neut(8)] = 0.0006286043
E[P_neut(9)] = 0.0005446399
E[P_neut(10)] = 0.0004979380
E[P_neut(11)] = 0.0004479331
E[P_neut(12)] = 0.0004365954
E[P_neut(13)] = 0.0004015884
E[P_neut(14)] = 0.0003803439
E[P_neut(15)] = 0.0003811784
E[P_neut(16)] = 0.0003764254
E[P_neut(17)] = 0.0003907714
E[P_neut(18)] = 0.0004054045
E[P_neut(19)] = 0.0004521175

---- Expected P_sel(i), 0 < i < n (selected SFS per site) 
E[P_sel(1)] = 0.0072172098
E[P_sel(2)] = 0.0028193988
E[P_sel(3)] = 0.0014968954
E[P_sel(4)] = 0.0009431066
E[P_sel(5)] = 0.0006544803
E[P_sel(6)] = 0.0005108856
E[P_sel(7)] = 0.0004150237
E[P_sel(8)] = 0.0003520789
E[P_sel(9)] = 0.0003022807
E[P_sel(10)] = 0.0002743058
E[P_sel(11)] = 0.0002452954
E[P_sel(12)] = 0.0002380126
E[P_sel(13)] = 0.0002182765
E[P_sel(14)] = 0.0002064684
E[P_sel(15)] = 0.0002070926
E[P_sel(16)] = 0.0002052878
E[P_sel(17)] = 0.0002148746
E[P_sel(18)] = 0.0002266956
E[P_sel(19)] = 0.0002634227

---- Expected D_neut and D_sel (neutral and selected divergence per site) 
E[D_neut] = 0.0198362079
E[D_sel] = 0.0125407365

---- Expected neutral and selected misattributed polymorphism per site
E[mis_neut] = 0.0005052942
E[mis_sel] = 0.0002980553

---- alpha_div = 0.212536
---- alpha_dfe = 0.212522

