---- Running command
---- ./polyDFE -d Mmc/584.polyDFE.config.txt -m C -e 
---- Performing inference using model C

---- Performing inference on Mmc/584.polyDFE.config.txt
---- No mutation variability. Using Poisson likelihood.


---- Calculating initial values

-- Starting local optimization
-- Optimizing all parameters
  it        eps_an        lambda     theta_bar           S_d             b           p_b           S_b           r 2           r 3           r 4           r 5           r 6           r 7           r 8           r 9          r 10          r 11          r 12          r 13          r 14          r 15          r 16          r 17          r 18          r 19          r 20           ln lk          grad status 
   0           0.1 0.01928316058 0.01136254038        -20000         0.208           0.1            20 0.87428183352 0.73309382589 0.64472331186 0.57969746109 0.55821886214 0.53271157117 0.54259397216 0.52962701043 0.55062996743 0.54917568028 0.58787472403 0.61761409922 0.66567564184 0.75470564375 0.86119056296 1.11239629619 1.57618461932             1             1 -1116309.875535 23145.5035243   -2 
 273 0.00572473950 0.01933514596 0.01021351079 -104.31732233 0.10621979109 0.00576108019 21.4387816401 0.86106877810 0.71692433988 0.61701897162 0.55083109070 0.52630107802 0.49861124605 0.49392704541 0.47967465338 0.48904570858 0.47671405254 0.50409857855 0.51214192908 0.51957717235 0.55438991237 0.57434990428 0.63799799858 0.68103042367 0.72697479770 1.00728817312 -295.8450961706 0.30739301077   -3 
-- Local optimization: stuck in the same solution
---- Best joint likelihood found -295.845096170683973 with gradient 0.30739

---- Results for Mmc/584.polyDFE.config.txt 
--  Model: C
--        eps_an        lambda     theta_bar             a 
-- 0.00572473950 0.01933514596 0.01021351079            -1 
--           S_d             b           p_b           S_b 
-- -104.31732233 0.10621979109 0.00576108019 21.4387816401 
--           r 2           r 3           r 4           r 5           r 6           r 7           r 8           r 9          r 10          r 11          r 12          r 13          r 14          r 15          r 16          r 17          r 18          r 19          r 20 
-- 0.86106877810 0.71692433988 0.61701897162 0.55083109070 0.52630107802 0.49861124605 0.49392704541 0.47967465338 0.48904570858 0.47671405254 0.50409857855 0.51214192908 0.51957717235 0.55438991237 0.57434990428 0.63799799858 0.68103042367 0.72697479770 1.00728817312 

---- Expected P_neut(i), 0 < i < n (neutral SFS per site) 
E[P_neut(1)] = 0.0101572783
E[P_neut(2)] = 0.0043743066
E[P_neut(3)] = 0.0024289930
E[P_neut(4)] = 0.0015685621
E[P_neut(5)] = 0.0011209035
E[P_neut(6)] = 0.0008929381
E[P_neut(7)] = 0.0007256488
E[P_neut(8)] = 0.0006294374
E[P_neut(9)] = 0.0005437690
E[P_neut(10)] = 0.0004994874
E[P_neut(11)] = 0.0004432118
E[P_neut(12)] = 0.0004302051
E[P_neut(13)] = 0.0004042281
E[P_neut(14)] = 0.0003820093
E[P_neut(15)] = 0.0003817649
E[P_neut(16)] = 0.0003735534
E[P_neut(17)] = 0.0003950843
E[P_neut(18)] = 0.0004093894
E[P_neut(19)] = 0.0004470202

---- Expected P_sel(i), 0 < i < n (selected SFS per site) 
E[P_sel(1)] = 0.0072303317
E[P_sel(2)] = 0.0028342328
E[P_sel(3)] = 0.0015018938
E[P_sel(4)] = 0.0009411301
E[P_sel(5)] = 0.0006580200
E[P_sel(6)] = 0.0005154165
E[P_sel(7)] = 0.0004131930
E[P_sel(8)] = 0.0003544108
E[P_sel(9)] = 0.0003033202
E[P_sel(10)] = 0.0002764411
E[P_sel(11)] = 0.0002437103
E[P_sel(12)] = 0.0002353303
E[P_sel(13)] = 0.0002202632
E[P_sel(14)] = 0.0002076656
E[P_sel(15)] = 0.0002074218
E[P_sel(16)] = 0.0002034251
E[P_sel(17)] = 0.0002165948
E[P_sel(18)] = 0.0002281949
E[P_sel(19)] = 0.0002617744

---- Expected D_neut and D_sel (neutral and selected divergence per site) 
E[D_neut] = 0.0198495434
E[D_sel] = 0.0125160227

---- Expected neutral and selected misattributed polymorphism per site
E[mis_neut] = 0.0005143974
E[mis_sel] = 0.0002999518

---- alpha_div = 0.195987
---- alpha_dfe = 0.196143

