---- Running command
---- ./polyDFE -d Mmc/585.polyDFE.config.txt -m C -e 
---- Performing inference using model C

---- Performing inference on Mmc/585.polyDFE.config.txt
---- No mutation variability. Using Poisson likelihood.


---- Calculating initial values

-- Starting local optimization
-- Optimizing all parameters
  it        eps_an        lambda     theta_bar           S_d             b           p_b           S_b           r 2           r 3           r 4           r 5           r 6           r 7           r 8           r 9          r 10          r 11          r 12          r 13          r 14          r 15          r 16          r 17          r 18          r 19          r 20           ln lk          grad status 
   0           0.1 0.01927958622 0.01134069529        -20000         0.208           0.1            20 0.87118700608 0.73278624224 0.64996130083 0.57612176247 0.55942501850 0.54229742107 0.53389062217 0.53056489589 0.54809504893 0.56009415787 0.58913779721 0.63267733806 0.67172068593 0.74557131364 0.87111101365 1.10771538000 1.58743581116             1             1 -1117629.812854 23168.1736282   -2 
 831 0.00177441291 0.01932124580 0.01013286004 -78.132481127 0.12089705468 0.01827962284 8.06132400877 0.86443003585 0.71964355024 0.62409998657 0.55306750316 0.52828582806 0.50966879114 0.49432632774 0.48357983342 0.49078240601 0.48428671021 0.51335249093 0.51932783657 0.52609969564 0.56186508145 0.59176555293 0.64427523116 0.70876887153 0.79919560243 1.04068642565 -290.3158488720 0.06971429961   -3 
-- Local optimization: stuck in the same solution
---- Best joint likelihood found -290.315848872036440 with gradient 0.06971

---- Results for Mmc/585.polyDFE.config.txt 
--  Model: C
--        eps_an        lambda     theta_bar             a 
-- 0.00177441291 0.01932124580 0.01013286004            -1 
--           S_d             b           p_b           S_b 
-- -78.132481127 0.12089705468 0.01827962284 8.06132400877 
--           r 2           r 3           r 4           r 5           r 6           r 7           r 8           r 9          r 10          r 11          r 12          r 13          r 14          r 15          r 16          r 17          r 18          r 19          r 20 
-- 0.86443003585 0.71964355024 0.62409998657 0.55306750316 0.52828582806 0.50966879114 0.49432632774 0.48357983342 0.49078240601 0.48428671021 0.51335249093 0.51932783657 0.52609969564 0.56186508145 0.59176555293 0.64427523116 0.70876887153 0.79919560243 1.04068642565 

---- Expected P_neut(i), 0 < i < n (neutral SFS per site) 
E[P_neut(1)] = 0.0101156365
E[P_neut(2)] = 0.0043725111
E[P_neut(3)] = 0.0024270508
E[P_neut(4)] = 0.0015788391
E[P_neut(5)] = 0.0011195158
E[P_neut(6)] = 0.0008912670
E[P_neut(7)] = 0.0007371809
E[P_neut(8)] = 0.0006257756
E[P_neut(9)] = 0.0005442751
E[P_neut(10)] = 0.0004973029
E[P_neut(11)] = 0.0004462844
E[P_neut(12)] = 0.0004338192
E[P_neut(13)] = 0.0004053813
E[P_neut(14)] = 0.0003816856
E[P_neut(15)] = 0.0003808687
E[P_neut(16)] = 0.0003769077
E[P_neut(17)] = 0.0003876523
E[P_neut(18)] = 0.0004060552
E[P_neut(19)] = 0.0004434413

---- Expected P_sel(i), 0 < i < n (selected SFS per site) 
E[P_sel(1)] = 0.0072371637
E[P_sel(2)] = 0.0028267277
E[P_sel(3)] = 0.0014914093
E[P_sel(4)] = 0.0009394026
E[P_sel(5)] = 0.0006509961
E[P_sel(6)] = 0.0005093658
E[P_sel(7)] = 0.0004156495
E[P_sel(8)] = 0.0003490886
E[P_sel(9)] = 0.0003010836
E[P_sel(10)] = 0.0002733271
E[P_sel(11)] = 0.0002441447
E[P_sel(12)] = 0.0002366344
E[P_sel(13)] = 0.0002208833
E[P_sel(14)] = 0.0002081727
E[P_sel(15)] = 0.0002084308
E[P_sel(16)] = 0.0002076065
E[P_sel(17)] = 0.0002158223
E[P_sel(18)] = 0.0002300053
E[P_sel(19)] = 0.0002592173

---- Expected D_neut and D_sel (neutral and selected divergence per site) 
E[D_neut] = 0.0198485023
E[D_sel] = 0.0125098791

---- Expected neutral and selected misattributed polymorphism per site
E[mis_neut] = 0.0005272565
E[mis_sel] = 0.0003155440

---- alpha_div = 0.238634
---- alpha_dfe = 0.238474

