---- Running command
---- ./polyDFE -d Mmc/586.polyDFE.config.txt -m C -e 
---- Performing inference using model C

---- Performing inference on Mmc/586.polyDFE.config.txt
---- No mutation variability. Using Poisson likelihood.


---- Calculating initial values

-- Starting local optimization
-- Optimizing all parameters
  it        eps_an        lambda     theta_bar           S_d             b           p_b           S_b           r 2           r 3           r 4           r 5           r 6           r 7           r 8           r 9          r 10          r 11          r 12          r 13          r 14          r 15          r 16          r 17          r 18          r 19          r 20           ln lk          grad status 
   0           0.1 0.01929595789 0.01135743719        -20000         0.208           0.1            20 0.87310598351 0.73259550313 0.64487352075 0.58492712281 0.56141651911 0.54162981617 0.53166757123 0.52795189700 0.55180455653 0.55342082827 0.58730160201 0.62182134653 0.67117189127 0.74610159797 0.86734751698 1.10506370135 1.58175127094             1             1 -1116632.613166 23173.4684187   -2 
 777 0.00035790423 0.01922142698 0.01013487592 -75.759699687 0.12562316774 0.02759918112 5.74813410789 0.86579553857 0.72000897418 0.62181364068 0.55718190420 0.53304861978 0.50838123688 0.49336489726 0.48271903580 0.49461565199 0.48144989831 0.50861099750 0.51822251344 0.52898225544 0.55649891727 0.59148415674 0.64509234536 0.71515156341 0.82909234373 1.27328927158 -277.4540940570 0.06059339499   -8 
-- Local optimization: reached maximum number of likelihood evaluations allowed.
---- Best joint likelihood found -277.454094057015027 with gradient 0.06059

---- Results for Mmc/586.polyDFE.config.txt 
--  Model: C
--        eps_an        lambda     theta_bar             a 
-- 0.00035790423 0.01922142698 0.01013487592            -1 
--           S_d             b           p_b           S_b 
-- -75.759699687 0.12562316774 0.02759918112 5.74813410789 
--           r 2           r 3           r 4           r 5           r 6           r 7           r 8           r 9          r 10          r 11          r 12          r 13          r 14          r 15          r 16          r 17          r 18          r 19          r 20 
-- 0.86579553857 0.72000897418 0.62181364068 0.55718190420 0.53304861978 0.50838123688 0.49336489726 0.48271903580 0.49461565199 0.48144989831 0.50861099750 0.51822251344 0.52898225544 0.55649891727 0.59148415674 0.64509234536 0.71515156341 0.82909234373 1.27328927158 

---- Expected P_neut(i), 0 < i < n (neutral SFS per site) 
E[P_neut(1)] = 0.0101314069
E[P_neut(2)] = 0.0043859390
E[P_neut(3)] = 0.0024316676
E[P_neut(4)] = 0.0015750712
E[P_neut(5)] = 0.0011291243
E[P_neut(6)] = 0.0009002117
E[P_neut(7)] = 0.0007359356
E[P_neut(8)] = 0.0006249540
E[P_neut(9)] = 0.0005435528
E[P_neut(10)] = 0.0005012868
E[P_neut(11)] = 0.0004436208
E[P_neut(12)] = 0.0004296291
E[P_neut(13)] = 0.0004041281
E[P_neut(14)] = 0.0003831259
E[P_neut(15)] = 0.0003762728
E[P_neut(16)] = 0.0003750934
E[P_neut(17)] = 0.0003853171
E[P_neut(18)] = 0.0004040913
E[P_neut(19)] = 0.0004457189

---- Expected P_sel(i), 0 < i < n (selected SFS per site) 
E[P_sel(1)] = 0.0072410987
E[P_sel(2)] = 0.0028284870
E[P_sel(3)] = 0.0014898819
E[P_sel(4)] = 0.0009344185
E[P_sel(5)] = 0.0006548436
E[P_sel(6)] = 0.0005133581
E[P_sel(7)] = 0.0004143090
E[P_sel(8)] = 0.0003483673
E[P_sel(9)] = 0.0003007345
E[P_sel(10)] = 0.0002758554
E[P_sel(11)] = 0.0002432767
E[P_sel(12)] = 0.0002352308
E[P_sel(13)] = 0.0002213510
E[P_sel(14)] = 0.0002103765
E[P_sel(15)] = 0.0002076461
E[P_sel(16)] = 0.0002086511
E[P_sel(17)] = 0.0002168683
E[P_sel(18)] = 0.0002312849
E[P_sel(19)] = 0.0002614583

---- Expected D_neut and D_sel (neutral and selected divergence per site) 
E[D_neut] = 0.0198666584
E[D_sel] = 0.0125355494

---- Expected neutral and selected misattributed polymorphism per site
E[mis_neut] = 0.0006452314
E[mis_sel] = 0.0003898864

---- alpha_div = 0.261231
---- alpha_dfe = 0.260997

