---- Running command
---- ./polyDFE -d Mmc/587.polyDFE.config.txt -m C -e 
---- Performing inference using model C

---- Performing inference on Mmc/587.polyDFE.config.txt
---- No mutation variability. Using Poisson likelihood.


---- Calculating initial values

-- Starting local optimization
-- Optimizing all parameters
  it        eps_an        lambda     theta_bar           S_d             b           p_b           S_b           r 2           r 3           r 4           r 5           r 6           r 7           r 8           r 9          r 10          r 11          r 12          r 13          r 14          r 15          r 16          r 17          r 18          r 19          r 20           ln lk          grad status 
   0           0.1 0.01929090418 0.01137957554        -20000         0.208           0.1            20 0.87085325510 0.73328861628 0.64253809152 0.58544725249 0.56263385981 0.53311005204 0.53622863773 0.53082016748 0.55511135020 0.55205820890 0.59556804451 0.61804935976 0.66788517055 0.75497658442 0.86849557304 1.09995602192 1.57276994010             1             1 -1114374.814099 23142.9772609   -2 
1072 0.00034240218 0.01925604655 0.01015511338 -74.583636729 0.12850133201 0.03322715057 4.96888962875 0.86338861492 0.72014902424 0.62102368736 0.55837459276 0.53046698056 0.50435693840 0.49429048293 0.48496562632 0.49767867045 0.48413161837 0.51423475931 0.51147658674 0.52523800851 0.56213197239 0.59034282892 0.65006248327 0.70902677015 0.82795751438 1.19259474028 -273.3599987152 0.01189540755   -3 
-- Local optimization: stuck in the same solution
---- Best joint likelihood found -273.359998715270194 with gradient 0.01190

---- Results for Mmc/587.polyDFE.config.txt 
--  Model: C
--        eps_an        lambda     theta_bar             a 
-- 0.00034240218 0.01925604655 0.01015511338            -1 
--           S_d             b           p_b           S_b 
-- -74.583636729 0.12850133201 0.03322715057 4.96888962875 
--           r 2           r 3           r 4           r 5           r 6           r 7           r 8           r 9          r 10          r 11          r 12          r 13          r 14          r 15          r 16          r 17          r 18          r 19          r 20 
-- 0.86338861492 0.72014902424 0.62102368736 0.55837459276 0.53046698056 0.50435693840 0.49429048293 0.48496562632 0.49767867045 0.48413161837 0.51423475931 0.51147658674 0.52523800851 0.56213197239 0.59034282892 0.65006248327 0.70902677015 0.82795751438 1.19259474028 

---- Expected P_neut(i), 0 < i < n (neutral SFS per site) 
E[P_neut(1)] = 0.0101517878
E[P_neut(2)] = 0.0043825405
E[P_neut(3)] = 0.0024370299
E[P_neut(4)] = 0.0015762299
E[P_neut(5)] = 0.0011338135
E[P_neut(6)] = 0.0008976484
E[P_neut(7)] = 0.0007315723
E[P_neut(8)] = 0.0006273812
E[P_neut(9)] = 0.0005471747
E[P_neut(10)] = 0.0005053983
E[P_neut(11)] = 0.0004469808
E[P_neut(12)] = 0.0004352419
E[P_neut(13)] = 0.0003996601
E[P_neut(14)] = 0.0003811664
E[P_neut(15)] = 0.0003808256
E[P_neut(16)] = 0.0003750989
E[P_neut(17)] = 0.0003890228
E[P_neut(18)] = 0.0004013778
E[P_neut(19)] = 0.0004458521

---- Expected P_sel(i), 0 < i < n (selected SFS per site) 
E[P_sel(1)] = 0.0072501084
E[P_sel(2)] = 0.0028216878
E[P_sel(3)] = 0.0014902771
E[P_sel(4)] = 0.0009332675
E[P_sel(5)] = 0.0006563550
E[P_sel(6)] = 0.0005110783
E[P_sel(7)] = 0.0004113287
E[P_sel(8)] = 0.0003494158
E[P_sel(9)] = 0.0003026172
E[P_sel(10)] = 0.0002781555
E[P_sel(11)] = 0.0002452988
E[P_sel(12)] = 0.0002386347
E[P_sel(13)] = 0.0002193623
E[P_sel(14)] = 0.0002098946
E[P_sel(15)] = 0.0002109135
E[P_sel(16)] = 0.0002095532
E[P_sel(17)] = 0.0002200252
E[P_sel(18)] = 0.0002309200
E[P_sel(19)] = 0.0002627578

---- Expected D_neut and D_sel (neutral and selected divergence per site) 
E[D_neut] = 0.0198615933
E[D_sel] = 0.0125432503

---- Expected neutral and selected misattributed polymorphism per site
E[mis_neut] = 0.0006055467
E[mis_sel] = 0.0003672991

---- alpha_div = 0.274629
---- alpha_dfe = 0.274489

