---- Running command
---- ./polyDFE -d Mmc/588.polyDFE.config.txt -m C -e 
---- Performing inference using model C

---- Performing inference on Mmc/588.polyDFE.config.txt
---- No mutation variability. Using Poisson likelihood.


---- Calculating initial values

-- Starting local optimization
-- Optimizing all parameters
  it        eps_an        lambda     theta_bar           S_d             b           p_b           S_b           r 2           r 3           r 4           r 5           r 6           r 7           r 8           r 9          r 10          r 11          r 12          r 13          r 14          r 15          r 16          r 17          r 18          r 19          r 20           ln lk          grad status 
   0           0.1 0.01925672782 0.01133749882        -20000         0.208           0.1            20 0.87404750889 0.73741214343 0.64298560568 0.58741157148 0.55520336237 0.54299646233 0.53959963267 0.52908262925 0.55908368333 0.55251791607 0.59083640541 0.62417210952 0.66741268180 0.75412109795 0.85846023273 1.10572498573 1.58988492579             1             1 -1114099.900451 23130.7492098   -2 
 481 0.00286670369 0.01931206324 0.01014903808 -77.450503188 0.12363021880 0.02356291374 6.60169041250 0.86419444737 0.72209907298 0.62104132647 0.55955025521 0.52900634316 0.50880973646 0.49631138448 0.48531148024 0.49407537396 0.48314552790 0.51347254038 0.51060793165 0.52384057011 0.55685692204 0.57868894690 0.63807339238 0.69784480801 0.77918125736 1.01325909765 -279.1053050047 0.16646099504   -3 
-- Local optimization: stuck in the same solution
---- Best joint likelihood found -279.105305004763068 with gradient 0.16646

---- Results for Mmc/588.polyDFE.config.txt 
--  Model: C
--        eps_an        lambda     theta_bar             a 
-- 0.00286670369 0.01931206324 0.01014903808            -1 
--           S_d             b           p_b           S_b 
-- -77.450503188 0.12363021880 0.02356291374 6.60169041250 
--           r 2           r 3           r 4           r 5           r 6           r 7           r 8           r 9          r 10          r 11          r 12          r 13          r 14          r 15          r 16          r 17          r 18          r 19          r 20 
-- 0.86419444737 0.72209907298 0.62104132647 0.55955025521 0.52900634316 0.50880973646 0.49631138448 0.48531148024 0.49407537396 0.48314552790 0.51347254038 0.51060793165 0.52384057011 0.55685692204 0.57868894690 0.63807339238 0.69784480801 0.77918125736 1.01325909765 

---- Expected P_neut(i), 0 < i < n (neutral SFS per site) 
E[P_neut(1)] = 0.0101211369
E[P_neut(2)] = 0.0043739276
E[P_neut(3)] = 0.0024369594
E[P_neut(4)] = 0.0015722781
E[P_neut(5)] = 0.0011336035
E[P_neut(6)] = 0.0008933410
E[P_neut(7)] = 0.0007367322
E[P_neut(8)] = 0.0006290753
E[P_neut(9)] = 0.0005469807
E[P_neut(10)] = 0.0005014390
E[P_neut(11)] = 0.0004460603
E[P_neut(12)] = 0.0004348311
E[P_neut(13)] = 0.0003996012
E[P_neut(14)] = 0.0003812250
E[P_neut(15)] = 0.0003789467
E[P_neut(16)] = 0.0003705359
E[P_neut(17)] = 0.0003868422
E[P_neut(18)] = 0.0004049132
E[P_neut(19)] = 0.0004441085

---- Expected P_sel(i), 0 < i < n (selected SFS per site) 
E[P_sel(1)] = 0.0072290847
E[P_sel(2)] = 0.0028202910
E[P_sel(3)] = 0.0014931484
E[P_sel(4)] = 0.0009327723
E[P_sel(5)] = 0.0006573739
E[P_sel(6)] = 0.0005092925
E[P_sel(7)] = 0.0004145346
E[P_sel(8)] = 0.0003503712
E[P_sel(9)] = 0.0003022741
E[P_sel(10)] = 0.0002755071
E[P_sel(11)] = 0.0002441282
E[P_sel(12)] = 0.0002374979
E[P_sel(13)] = 0.0002182362
E[P_sel(14)] = 0.0002086313
E[P_sel(15)] = 0.0002083405
E[P_sel(16)] = 0.0002053148
E[P_sel(17)] = 0.0002169613
E[P_sel(18)] = 0.0002314255
E[P_sel(19)] = 0.0002627842

---- Expected D_neut and D_sel (neutral and selected divergence per site) 
E[D_neut] = 0.0198262435
E[D_sel] = 0.0125252039

---- Expected neutral and selected misattributed polymorphism per site
E[mis_neut] = 0.0005141803
E[mis_sel] = 0.0003098043

---- alpha_div = 0.253737
---- alpha_dfe = 0.253505

