---- Running command
---- ./polyDFE -d Mmc/589.polyDFE.config.txt -m C -e 
---- Performing inference using model C

---- Performing inference on Mmc/589.polyDFE.config.txt
---- No mutation variability. Using Poisson likelihood.


---- Calculating initial values

-- Starting local optimization
-- Optimizing all parameters
  it        eps_an        lambda     theta_bar           S_d             b           p_b           S_b           r 2           r 3           r 4           r 5           r 6           r 7           r 8           r 9          r 10          r 11          r 12          r 13          r 14          r 15          r 16          r 17          r 18          r 19          r 20           ln lk          grad status 
   0           0.1 0.01930274999 0.01133792462        -20000         0.208           0.1            20 0.87270745860 0.73151785903 0.64653064373 0.58777765401 0.56067920282 0.54329486371 0.53925871336 0.53430728402 0.55548463419 0.55617027526 0.59298064105 0.62189785693 0.66611057782 0.75830748851 0.85859018768 1.10880919081 1.58450635218             1             1 -1119078.929319 23196.6248256   -2 
 458 0.00273094592 0.01927787058 0.01013644375 -75.994531526 0.12195216989 0.02032332922 7.37527078859 0.86583640632 0.72077872119 0.62506199483 0.55802407204 0.53156090227 0.51205775761 0.49901787821 0.48520494321 0.49574550451 0.48167397146 0.51070121572 0.51224736076 0.52157798207 0.56094302057 0.58632433718 0.64258986935 0.69828131946 0.78671698258 1.17039096683 -292.2664828384 0.19652539268   -8 
-- Local optimization: reached maximum number of likelihood evaluations allowed.
---- Best joint likelihood found -292.266482838414959 with gradient 0.19653

---- Results for Mmc/589.polyDFE.config.txt 
--  Model: C
--        eps_an        lambda     theta_bar             a 
-- 0.00273094592 0.01927787058 0.01013644375            -1 
--           S_d             b           p_b           S_b 
-- -75.994531526 0.12195216989 0.02032332922 7.37527078859 
--           r 2           r 3           r 4           r 5           r 6           r 7           r 8           r 9          r 10          r 11          r 12          r 13          r 14          r 15          r 16          r 17          r 18          r 19          r 20 
-- 0.86583640632 0.72077872119 0.62506199483 0.55802407204 0.53156090227 0.51205775761 0.49901787821 0.48520494321 0.49574550451 0.48167397146 0.51070121572 0.51224736076 0.52157798207 0.56094302057 0.58632433718 0.64258986935 0.69828131946 0.78671698258 1.17039096683 

---- Expected P_neut(i), 0 < i < n (neutral SFS per site) 
E[P_neut(1)] = 0.0101099079
E[P_neut(2)] = 0.0043773408
E[P_neut(3)] = 0.0024297731
E[P_neut(4)] = 0.0015806651
E[P_neut(5)] = 0.0011292217
E[P_neut(6)] = 0.0008966017
E[P_neut(7)] = 0.0007405579
E[P_neut(8)] = 0.0006317347
E[P_neut(9)] = 0.0005461923
E[P_neut(10)] = 0.0005025096
E[P_neut(11)] = 0.0004441403
E[P_neut(12)] = 0.0004319398
E[P_neut(13)] = 0.0004003470
E[P_neut(14)] = 0.0003790601
E[P_neut(15)] = 0.0003811187
E[P_neut(16)] = 0.0003747641
E[P_neut(17)] = 0.0003887561
E[P_neut(18)] = 0.0004041374
E[P_neut(19)] = 0.0004462471

---- Expected P_sel(i), 0 < i < n (selected SFS per site) 
E[P_sel(1)] = 0.0072468224
E[P_sel(2)] = 0.0028347967
E[P_sel(3)] = 0.0014955605
E[P_sel(4)] = 0.0009420512
E[P_sel(5)] = 0.0006577708
E[P_sel(6)] = 0.0005133526
E[P_sel(7)] = 0.0004183791
E[P_sel(8)] = 0.0003531741
E[P_sel(9)] = 0.0003028632
E[P_sel(10)] = 0.0002769172
E[P_sel(11)] = 0.0002436847
E[P_sel(12)] = 0.0002363806
E[P_sel(13)] = 0.0002189389
E[P_sel(14)] = 0.0002075880
E[P_sel(15)] = 0.0002095233
E[P_sel(16)] = 0.0002074871
E[P_sel(17)] = 0.0002176899
E[P_sel(18)] = 0.0002304791
E[P_sel(19)] = 0.0002633086

---- Expected D_neut and D_sel (neutral and selected divergence per site) 
E[D_neut] = 0.0198710507
E[D_sel] = 0.0125483608

---- Expected neutral and selected misattributed polymorphism per site
E[mis_neut] = 0.0005931801
E[mis_sel] = 0.0003566085

---- alpha_div = 0.243094
---- alpha_dfe = 0.242978

