---- Running command
---- ./polyDFE -d Mmc/59.polyDFE.config.txt -m C -e 
---- Performing inference using model C

---- Performing inference on Mmc/59.polyDFE.config.txt
---- No mutation variability. Using Poisson likelihood.


---- Calculating initial values

-- Starting local optimization
-- Optimizing all parameters
  it        eps_an        lambda     theta_bar           S_d             b           p_b           S_b           r 2           r 3           r 4           r 5           r 6           r 7           r 8           r 9          r 10          r 11          r 12          r 13          r 14          r 15          r 16          r 17          r 18          r 19          r 20           ln lk          grad status 
   0           0.1 0.01926844739 0.01136404227        -20000         0.208           0.1            20 0.86979473545 0.73844554489 0.64489077859 0.58441203812 0.55995671084 0.54205404669 0.53918905115 0.53364644446 0.55526886489 0.55696628931 0.58583630349 0.63091573295 0.66579313126 0.75993930070 0.85577677497 1.11515671623 1.58184943929             1             1 -1113853.234637 23117.4362976   -2 
 410 0.00453637656 0.01931408862 0.01019413163 -95.749014463 0.10995387061 0.00743322306 17.6994775106 0.86130791169 0.72107765987 0.61738841498 0.55555306309 0.52839018648 0.50661943233 0.49533527999 0.48145194998 0.49595280826 0.48710917933 0.50647058590 0.51663493531 0.52302711563 0.55766419744 0.58245908562 0.63987050833 0.69188749827 0.74880911100 1.02400425743 -309.1709602505 0.16855824326   -8 
-- Local optimization: reached maximum number of likelihood evaluations allowed.
---- Best joint likelihood found -309.170960250587086 with gradient 0.16856

---- Results for Mmc/59.polyDFE.config.txt 
--  Model: C
--        eps_an        lambda     theta_bar             a 
-- 0.00453637656 0.01931408862 0.01019413163            -1 
--           S_d             b           p_b           S_b 
-- -95.749014463 0.10995387061 0.00743322306 17.6994775106 
--           r 2           r 3           r 4           r 5           r 6           r 7           r 8           r 9          r 10          r 11          r 12          r 13          r 14          r 15          r 16          r 17          r 18          r 19          r 20 
-- 0.86130791169 0.72107765987 0.61738841498 0.55555306309 0.52839018648 0.50661943233 0.49533527999 0.48145194998 0.49595280826 0.48710917933 0.50647058590 0.51663493531 0.52302711563 0.55766419744 0.58245908562 0.63987050833 0.69188749827 0.74880911100 1.02400425743 

---- Expected P_neut(i), 0 < i < n (neutral SFS per site) 
E[P_neut(1)] = 0.0101497098
E[P_neut(2)] = 0.0043720053
E[P_neut(3)] = 0.0024408789
E[P_neut(4)] = 0.0015679805
E[P_neut(5)] = 0.0011292572
E[P_neut(6)] = 0.0008954017
E[P_neut(7)] = 0.0007362831
E[P_neut(8)] = 0.0006302776
E[P_neut(9)] = 0.0005449056
E[P_neut(10)] = 0.0005055808
E[P_neut(11)] = 0.0004518492
E[P_neut(12)] = 0.0004311638
E[P_neut(13)] = 0.0004066356
E[P_neut(14)] = 0.0003831882
E[P_neut(15)] = 0.0003824125
E[P_neut(16)] = 0.0003765583
E[P_neut(17)] = 0.0003930761
E[P_neut(18)] = 0.0004099818
E[P_neut(19)] = 0.0004461829

---- Expected P_sel(i), 0 < i < n (selected SFS per site) 
E[P_sel(1)] = 0.0072323934
E[P_sel(2)] = 0.0028292686
E[P_sel(3)] = 0.0015054762
E[P_sel(4)] = 0.0009377053
E[P_sel(5)] = 0.0006604290
E[P_sel(6)] = 0.0005147267
E[P_sel(7)] = 0.0004174563
E[P_sel(8)] = 0.0003533367
E[P_sel(9)] = 0.0003026321
E[P_sel(10)] = 0.0002786257
E[P_sel(11)] = 0.0002474544
E[P_sel(12)] = 0.0002349728
E[P_sel(13)] = 0.0002208417
E[P_sel(14)] = 0.0002077328
E[P_sel(15)] = 0.0002073550
E[P_sel(16)] = 0.0002048211
E[P_sel(17)] = 0.0002154605
E[P_sel(18)] = 0.0002285804
E[P_sel(19)] = 0.0002605036

---- Expected D_neut and D_sel (neutral and selected divergence per site) 
E[D_neut] = 0.0198360303
E[D_sel] = 0.0125506403

---- Expected neutral and selected misattributed polymorphism per site
E[mis_neut] = 0.0005219417
E[mis_sel] = 0.0003063042

---- alpha_div = 0.208477
---- alpha_dfe = 0.208534

