---- Running command
---- ./polyDFE -d Mmc/590.polyDFE.config.txt -m C -e 
---- Performing inference using model C

---- Performing inference on Mmc/590.polyDFE.config.txt
---- No mutation variability. Using Poisson likelihood.


---- Calculating initial values

-- Starting local optimization
-- Optimizing all parameters
  it        eps_an        lambda     theta_bar           S_d             b           p_b           S_b           r 2           r 3           r 4           r 5           r 6           r 7           r 8           r 9          r 10          r 11          r 12          r 13          r 14          r 15          r 16          r 17          r 18          r 19          r 20           ln lk          grad status 
   0           0.1 0.01931578825 0.01136546522        -20000         0.208           0.1            20 0.87173344212 0.73419598000 0.64461030885 0.58298262015 0.55559913710 0.54175832970 0.53141183977 0.53239443243 0.55355613597 0.55334939094 0.58917518613 0.62163222164 0.67248966991 0.74592177744 0.86613012487 1.11100092531 1.57992808957             1             1 -1119585.340749 23170.6465460   -2 
 913 0.00187324074 0.01932717282 0.01016324064 -77.869020572 0.11981444521 0.01783229368 8.13816067166 0.86197267155 0.72116303089 0.62009482284 0.55695093405 0.52704397500 0.50669396836 0.49175600280 0.48543445826 0.49609935253 0.48406607924 0.50993046313 0.51207671826 0.52651468703 0.55288350294 0.58669805871 0.64381767944 0.70315262224 0.80015784016 1.09795081236 -266.5069414374 0.09294326305   -3 
-- Local optimization: stuck in the same solution
---- Best joint likelihood found -266.506941437415662 with gradient 0.09294

---- Results for Mmc/590.polyDFE.config.txt 
--  Model: C
--        eps_an        lambda     theta_bar             a 
-- 0.00187324074 0.01932717282 0.01016324064            -1 
--           S_d             b           p_b           S_b 
-- -77.869020572 0.11981444521 0.01783229368 8.13816067166 
--           r 2           r 3           r 4           r 5           r 6           r 7           r 8           r 9          r 10          r 11          r 12          r 13          r 14          r 15          r 16          r 17          r 18          r 19          r 20 
-- 0.86197267155 0.72116303089 0.62009482284 0.55695093405 0.52704397500 0.50669396836 0.49175600280 0.48543445826 0.49609935253 0.48406607924 0.50993046313 0.51207671826 0.52651468703 0.55288350294 0.58669805871 0.64381767944 0.70315262224 0.80015784016 1.09795081236 

---- Expected P_neut(i), 0 < i < n (neutral SFS per site) 
E[P_neut(1)] = 0.0101450042
E[P_neut(2)] = 0.0043727564
E[P_neut(3)] = 0.0024392623
E[P_neut(4)] = 0.0015732900
E[P_neut(5)] = 0.0011306663
E[P_neut(6)] = 0.0008917895
E[P_neut(7)] = 0.0007350365
E[P_neut(8)] = 0.0006243681
E[P_neut(9)] = 0.0005479873
E[P_neut(10)] = 0.0005041977
E[P_neut(11)] = 0.0004474327
E[P_neut(12)] = 0.0004322401
E[P_neut(13)] = 0.0004009635
E[P_neut(14)] = 0.0003831774
E[P_neut(15)] = 0.0003760248
E[P_neut(16)] = 0.0003749254
E[P_neut(17)] = 0.0003887540
E[P_neut(18)] = 0.0004044787
E[P_neut(19)] = 0.0004462468

---- Expected P_sel(i), 0 < i < n (selected SFS per site) 
E[P_sel(1)] = 0.0072737985
E[P_sel(2)] = 0.0028352295
E[P_sel(3)] = 0.0015039196
E[P_sel(4)] = 0.0009394425
E[P_sel(5)] = 0.0006599246
E[P_sel(6)] = 0.0005116078
E[P_sel(7)] = 0.0004160454
E[P_sel(8)] = 0.0003496624
E[P_sel(9)] = 0.0003043212
E[P_sel(10)] = 0.0002781936
E[P_sel(11)] = 0.0002457135
E[P_sel(12)] = 0.0002366629
E[P_sel(13)] = 0.0002192800
E[P_sel(14)] = 0.0002097286
E[P_sel(15)] = 0.0002064793
E[P_sel(16)] = 0.0002071737
E[P_sel(17)] = 0.0002170752
E[P_sel(18)] = 0.0002297348
E[P_sel(19)] = 0.0002615457

---- Expected D_neut and D_sel (neutral and selected divergence per site) 
E[D_neut] = 0.0198851097
E[D_sel] = 0.0125450287

---- Expected neutral and selected misattributed polymorphism per site
E[mis_neut] = 0.0005579369
E[mis_sel] = 0.0003344405

---- alpha_div = 0.234628
---- alpha_dfe = 0.234530

