---- Running command
---- ./polyDFE -d Mmc/591.polyDFE.config.txt -m C -e 
---- Performing inference using model C

---- Performing inference on Mmc/591.polyDFE.config.txt
---- No mutation variability. Using Poisson likelihood.


---- Calculating initial values

-- Starting local optimization
-- Optimizing all parameters
  it        eps_an        lambda     theta_bar           S_d             b           p_b           S_b           r 2           r 3           r 4           r 5           r 6           r 7           r 8           r 9          r 10          r 11          r 12          r 13          r 14          r 15          r 16          r 17          r 18          r 19          r 20           ln lk          grad status 
   0           0.1 0.01926936490 0.01136984041        -20000         0.208           0.1            20 0.87490439165 0.73005575671 0.64121996297 0.57790917774 0.55928075452 0.53735031417 0.53354661967 0.53028644611 0.55658797942 0.55597984156 0.58554510933 0.62232601247 0.66345799046 0.74511083157 0.85530987087 1.11087496709 1.59335748632             1             1 -1114415.521061 23119.8535009   -2 
 657 0.00080834155 0.01930874387 0.01015898931 -80.590590958 0.11994980581 0.01859673147 8.00535801346 0.86454829314 0.71513900390 0.61853347122 0.55095610662 0.53032191593 0.50777827287 0.49357680905 0.48375664318 0.49818888391 0.48222561311 0.50844706093 0.51163040605 0.52327401206 0.55716978377 0.58655244833 0.64547385741 0.72129551744 0.82044341629 1.04652695358 -283.0466423711 0.06160989096   -3 
-- Local optimization: stuck in the same solution
---- Best joint likelihood found -283.046642371104099 with gradient 0.06161

---- Results for Mmc/591.polyDFE.config.txt 
--  Model: C
--        eps_an        lambda     theta_bar             a 
-- 0.00080834155 0.01930874387 0.01015898931            -1 
--           S_d             b           p_b           S_b 
-- -80.590590958 0.11994980581 0.01859673147 8.00535801346 
--           r 2           r 3           r 4           r 5           r 6           r 7           r 8           r 9          r 10          r 11          r 12          r 13          r 14          r 15          r 16          r 17          r 18          r 19          r 20 
-- 0.86454829314 0.71513900390 0.61853347122 0.55095610662 0.53032191593 0.50777827287 0.49357680905 0.48375664318 0.49818888391 0.48222561311 0.50844706093 0.51163040605 0.52327401206 0.55716978377 0.58655244833 0.64547385741 0.72129551744 0.82044341629 1.04652695358 

---- Expected P_neut(i), 0 < i < n (neutral SFS per site) 
E[P_neut(1)] = 0.0101511320
E[P_neut(2)] = 0.0043882477
E[P_neut(3)] = 0.0024200507
E[P_neut(4)] = 0.0015699499
E[P_neut(5)] = 0.0011188316
E[P_neut(6)] = 0.0008975036
E[P_neut(7)] = 0.0007366581
E[P_neut(8)] = 0.0006266215
E[P_neut(9)] = 0.0005459718
E[P_neut(10)] = 0.0005061096
E[P_neut(11)] = 0.0004454382
E[P_neut(12)] = 0.0004306011
E[P_neut(13)] = 0.0004000916
E[P_neut(14)] = 0.0003801285
E[P_neut(15)] = 0.0003779520
E[P_neut(16)] = 0.0003733925
E[P_neut(17)] = 0.0003873729
E[P_neut(18)] = 0.0004103115
E[P_neut(19)] = 0.0004465350

---- Expected P_sel(i), 0 < i < n (selected SFS per site) 
E[P_sel(1)] = 0.0072530537
E[P_sel(2)] = 0.0028347860
E[P_sel(3)] = 0.0014866173
E[P_sel(4)] = 0.0009340860
E[P_sel(5)] = 0.0006507327
E[P_sel(6)] = 0.0005131363
E[P_sel(7)] = 0.0004155927
E[P_sel(8)] = 0.0003498145
E[P_sel(9)] = 0.0003022843
E[P_sel(10)] = 0.0002784459
E[P_sel(11)] = 0.0002439567
E[P_sel(12)] = 0.0002351729
E[P_sel(13)] = 0.0002182992
E[P_sel(14)] = 0.0002076289
E[P_sel(15)] = 0.0002071584
E[P_sel(16)] = 0.0002059975
E[P_sel(17)] = 0.0002159834
E[P_sel(18)] = 0.0002325990
E[P_sel(19)] = 0.0002603121

---- Expected D_neut and D_sel (neutral and selected divergence per site) 
E[D_neut] = 0.0198403267
E[D_sel] = 0.0125420505

---- Expected neutral and selected misattributed polymorphism per site
E[mis_neut] = 0.0005315828
E[mis_sel] = 0.0003190250

---- alpha_div = 0.240484
---- alpha_dfe = 0.240270

