---- Running command
---- ./polyDFE -d Mmc/592.polyDFE.config.txt -m C -e 
---- Performing inference using model C

---- Performing inference on Mmc/592.polyDFE.config.txt
---- No mutation variability. Using Poisson likelihood.


---- Calculating initial values

-- Starting local optimization
-- Optimizing all parameters
  it        eps_an        lambda     theta_bar           S_d             b           p_b           S_b           r 2           r 3           r 4           r 5           r 6           r 7           r 8           r 9          r 10          r 11          r 12          r 13          r 14          r 15          r 16          r 17          r 18          r 19          r 20           ln lk          grad status 
   0           0.1 0.01928695093 0.01133283915        -20000         0.208           0.1            20 0.86669981760 0.73753818237 0.64742336061 0.58907183987 0.56299758095 0.54395310751 0.53550370191 0.53458669844 0.56071441685 0.55515303521 0.59177206833 0.63113825751 0.66521848051 0.75723857771 0.87036222825 1.11045913593 1.57469212175             1             1 -1116751.148635 23158.9045740   -2 
 628 0.00172862582 0.01925095949 0.01012009946 -70.653587438 0.12718166656 0.02499171636 6.31662681936 0.86189137340 0.72543033083 0.62355725038 0.56013540405 0.53403083999 0.51003223110 0.49745327598 0.48946294016 0.50008519749 0.48345702183 0.51148901660 0.51949678563 0.52559456210 0.56024046399 0.59247875149 0.64622075104 0.70427043652 0.80340192153 1.19311156290 -285.4610397518 0.02659933098   -8 
-- Local optimization: reached maximum number of likelihood evaluations allowed.
---- Best joint likelihood found -285.461039751811768 with gradient 0.02660

---- Results for Mmc/592.polyDFE.config.txt 
--  Model: C
--        eps_an        lambda     theta_bar             a 
-- 0.00172862582 0.01925095949 0.01012009946            -1 
--           S_d             b           p_b           S_b 
-- -70.653587438 0.12718166656 0.02499171636 6.31662681936 
--           r 2           r 3           r 4           r 5           r 6           r 7           r 8           r 9          r 10          r 11          r 12          r 13          r 14          r 15          r 16          r 17          r 18          r 19          r 20 
-- 0.86189137340 0.72543033083 0.62355725038 0.56013540405 0.53403083999 0.51003223110 0.49745327598 0.48946294016 0.50008519749 0.48345702183 0.51148901660 0.51949678563 0.52559456210 0.56024046399 0.59247875149 0.64622075104 0.70427043652 0.80340192153 1.19311156290 

---- Expected P_neut(i), 0 < i < n (neutral SFS per site) 
E[P_neut(1)] = 0.0101033453
E[P_neut(2)] = 0.0043543588
E[P_neut(3)] = 0.0024435772
E[P_neut(4)] = 0.0015755360
E[P_neut(5)] = 0.0011324188
E[P_neut(6)] = 0.0008998406
E[P_neut(7)] = 0.0007367926
E[P_neut(8)] = 0.0006289424
E[P_neut(9)] = 0.0005501968
E[P_neut(10)] = 0.0005060912
E[P_neut(11)] = 0.0004449674
E[P_neut(12)] = 0.0004317021
E[P_neut(13)] = 0.0004049878
E[P_neut(14)] = 0.0003808338
E[P_neut(15)] = 0.0003792857
E[P_neut(16)] = 0.0003768258
E[P_neut(17)] = 0.0003882604
E[P_neut(18)] = 0.0004028148
E[P_neut(19)] = 0.0004446756

---- Expected P_sel(i), 0 < i < n (selected SFS per site) 
E[P_sel(1)] = 0.0072468986
E[P_sel(2)] = 0.0028150432
E[P_sel(3)] = 0.0014994650
E[P_sel(4)] = 0.0009354350
E[P_sel(5)] = 0.0006568696
E[P_sel(6)] = 0.0005129561
E[P_sel(7)] = 0.0004144276
E[P_sel(8)] = 0.0003501149
E[P_sel(9)] = 0.0003038566
E[P_sel(10)] = 0.0002778663
E[P_sel(11)] = 0.0002433522
E[P_sel(12)] = 0.0002356211
E[P_sel(13)] = 0.0002210311
E[P_sel(14)] = 0.0002082945
E[P_sel(15)] = 0.0002084205
E[P_sel(16)] = 0.0002086971
E[P_sel(17)] = 0.0002176206
E[P_sel(18)] = 0.0002299004
E[P_sel(19)] = 0.0002616623

---- Expected D_neut and D_sel (neutral and selected divergence per site) 
E[D_neut] = 0.0198546799
E[D_sel] = 0.0125294713

---- Expected neutral and selected misattributed polymorphism per site
E[mis_neut] = 0.0006037204
E[mis_sel] = 0.0003637387

---- alpha_div = 0.258232
---- alpha_dfe = 0.258141

