---- Running command
---- ./polyDFE -d Mmc/593.polyDFE.config.txt -m C -e 
---- Performing inference using model C

---- Performing inference on Mmc/593.polyDFE.config.txt
---- No mutation variability. Using Poisson likelihood.


---- Calculating initial values

-- Starting local optimization
-- Optimizing all parameters
  it        eps_an        lambda     theta_bar           S_d             b           p_b           S_b           r 2           r 3           r 4           r 5           r 6           r 7           r 8           r 9          r 10          r 11          r 12          r 13          r 14          r 15          r 16          r 17          r 18          r 19          r 20           ln lk          grad status 
   0           0.1 0.01930545637 0.01134857980        -20000         0.208           0.1            20 0.87135880672 0.73486063521 0.64485694828 0.58377906014 0.55787522272 0.53718455316 0.53905553953 0.53049884010 0.55728361290 0.55606369391 0.58821055721 0.62421274898 0.67834206606 0.74930395530 0.86715783048 1.10374221912 1.57952835381             1             1 -1118273.369946 23175.6124948   -2 
 765 0.00095739348 0.01932509413 0.01013129162 -75.511798144 0.12218644003 0.01922681278 7.79683216121 0.86449487273 0.72258376032 0.62103416449 0.55768089975 0.52961988134 0.50629201654 0.49788247882 0.48357349033 0.49742615889 0.48474451005 0.50604339945 0.51752830754 0.53357105108 0.55790201727 0.59244646866 0.64889926375 0.70718111968 0.81642987597 1.08476127102 -276.1645557427 0.10939905485   -8 
-- Local optimization: reached maximum number of likelihood evaluations allowed.
---- Best joint likelihood found -276.164555742769153 with gradient 0.10940

---- Results for Mmc/593.polyDFE.config.txt 
--  Model: C
--        eps_an        lambda     theta_bar             a 
-- 0.00095739348 0.01932509413 0.01013129162            -1 
--           S_d             b           p_b           S_b 
-- -75.511798144 0.12218644003 0.01922681278 7.79683216121 
--           r 2           r 3           r 4           r 5           r 6           r 7           r 8           r 9          r 10          r 11          r 12          r 13          r 14          r 15          r 16          r 17          r 18          r 19          r 20 
-- 0.86449487273 0.72258376032 0.62103416449 0.55768089975 0.52961988134 0.50629201654 0.49788247882 0.48357349033 0.49742615889 0.48474451005 0.50604339945 0.51752830754 0.53357105108 0.55790201727 0.59244646866 0.64889926375 0.70718111968 0.81642987597 1.08476127102 

---- Expected P_neut(i), 0 < i < n (neutral SFS per site) 
E[P_neut(1)] = 0.0101220088
E[P_neut(2)] = 0.0043754133
E[P_neut(3)] = 0.0024382696
E[P_neut(4)] = 0.0015718228
E[P_neut(5)] = 0.0011292845
E[P_neut(6)] = 0.0008938024
E[P_neut(7)] = 0.0007324549
E[P_neut(8)] = 0.0006303294
E[P_neut(9)] = 0.0005442645
E[P_neut(10)] = 0.0005039569
E[P_neut(11)] = 0.0004465563
E[P_neut(12)] = 0.0004274341
E[P_neut(13)] = 0.0004036408
E[P_neut(14)] = 0.0003866125
E[P_neut(15)] = 0.0003775390
E[P_neut(16)] = 0.0003762873
E[P_neut(17)] = 0.0003886829
E[P_neut(18)] = 0.0004018481
E[P_neut(19)] = 0.0004446244

---- Expected P_sel(i), 0 < i < n (selected SFS per site) 
E[P_sel(1)] = 0.0072537821
E[P_sel(2)] = 0.0028318610
E[P_sel(3)] = 0.0014995185
E[P_sel(4)] = 0.0009357961
E[P_sel(5)] = 0.0006569966
E[P_sel(6)] = 0.0005110292
E[P_sel(7)] = 0.0004131475
E[P_sel(8)] = 0.0003517699
E[P_sel(9)] = 0.0003012088
E[P_sel(10)] = 0.0002771219
E[P_sel(11)] = 0.0002444360
E[P_sel(12)] = 0.0002333141
E[P_sel(13)] = 0.0002201179
E[P_sel(14)] = 0.0002110674
E[P_sel(15)] = 0.0002068478
E[P_sel(16)] = 0.0002075319
E[P_sel(17)] = 0.0002166803
E[P_sel(18)] = 0.0002278187
E[P_sel(19)] = 0.0002593430

---- Expected D_neut and D_sel (neutral and selected divergence per site) 
E[D_neut] = 0.0198745958
E[D_sel] = 0.0125515215

---- Expected neutral and selected misattributed polymorphism per site
E[mis_neut] = 0.0005495016
E[mis_sel] = 0.0003296681

---- alpha_div = 0.242576
---- alpha_dfe = 0.242424

