---- Running command
---- ./polyDFE -d Mmc/594.polyDFE.config.txt -m C -e 
---- Performing inference using model C

---- Performing inference on Mmc/594.polyDFE.config.txt
---- No mutation variability. Using Poisson likelihood.


---- Calculating initial values

-- Starting local optimization
-- Optimizing all parameters
  it        eps_an        lambda     theta_bar           S_d             b           p_b           S_b           r 2           r 3           r 4           r 5           r 6           r 7           r 8           r 9          r 10          r 11          r 12          r 13          r 14          r 15          r 16          r 17          r 18          r 19          r 20           ln lk          grad status 
   0           0.1 0.01930966133 0.01136156271        -20000         0.208           0.1            20 0.87089831741 0.73633773283 0.63982341673 0.58278361689 0.55973321795 0.54550421022 0.53486030432 0.53044073172 0.55388366482 0.55354043266 0.59343899260 0.62492116946 0.66353191766 0.74910708706 0.87376485482 1.10717580268 1.58641254545             1             1 -1117028.146398 23202.1587285   -2 
1019 0.00046960993 0.01949320190 0.01013934210 -77.385608354 0.12472767474 0.02655352634 5.90548374187 0.86409070642 0.72131723785 0.61975490858 0.55722353600 0.52838185328 0.50996421899 0.49379223740 0.48661423255 0.49721744994 0.48750062702 0.50951530636 0.51571779036 0.52194533355 0.56402980153 0.59996271545 0.64957839729 0.71610939836 0.82901530996 0.76371151949 -269.5063781386 0.02830293949   -8 
-- Local optimization: reached maximum number of likelihood evaluations allowed.
---- Best joint likelihood found -269.506378138627042 with gradient 0.02830

---- Results for Mmc/594.polyDFE.config.txt 
--  Model: C
--        eps_an        lambda     theta_bar             a 
-- 0.00046960993 0.01949320190 0.01013934210            -1 
--           S_d             b           p_b           S_b 
-- -77.385608354 0.12472767474 0.02655352634 5.90548374187 
--           r 2           r 3           r 4           r 5           r 6           r 7           r 8           r 9          r 10          r 11          r 12          r 13          r 14          r 15          r 16          r 17          r 18          r 19          r 20 
-- 0.86409070642 0.72131723785 0.61975490858 0.55722353600 0.52838185328 0.50996421899 0.49379223740 0.48661423255 0.49721744994 0.48750062702 0.50951530636 0.51571779036 0.52194533355 0.56402980153 0.59996271545 0.64957839729 0.71610939836 0.82901530996 0.76371151949 

---- Expected P_neut(i), 0 < i < n (neutral SFS per site) 
E[P_neut(1)] = 0.0101347883
E[P_neut(2)] = 0.0043787879
E[P_neut(3)] = 0.0024369312
E[P_neut(4)] = 0.0015704176
E[P_neut(5)] = 0.0011296244
E[P_neut(6)] = 0.0008926656
E[P_neut(7)] = 0.0007385137
E[P_neut(8)] = 0.0006257493
E[P_neut(9)] = 0.0005481700
E[P_neut(10)] = 0.0005041458
E[P_neut(11)] = 0.0004494042
E[P_neut(12)] = 0.0004306042
E[P_neut(13)] = 0.0004023918
E[P_neut(14)] = 0.0003782548
E[P_neut(15)] = 0.0003816110
E[P_neut(16)] = 0.0003807609
E[P_neut(17)] = 0.0003883922
E[P_neut(18)] = 0.0004052499
E[P_neut(19)] = 0.0004469575

---- Expected P_sel(i), 0 < i < n (selected SFS per site) 
E[P_sel(1)] = 0.0072352018
E[P_sel(2)] = 0.0028214232
E[P_sel(3)] = 0.0014920779
E[P_sel(4)] = 0.0009311028
E[P_sel(5)] = 0.0006547705
E[P_sel(6)] = 0.0005087757
E[P_sel(7)] = 0.0004155235
E[P_sel(8)] = 0.0003485965
E[P_sel(9)] = 0.0003030836
E[P_sel(10)] = 0.0002772177
E[P_sel(11)] = 0.0002462361
E[P_sel(12)] = 0.0002355340
E[P_sel(13)] = 0.0002201548
E[P_sel(14)] = 0.0002074400
E[P_sel(15)] = 0.0002102929
E[P_sel(16)] = 0.0002114692
E[P_sel(17)] = 0.0002182250
E[P_sel(18)] = 0.0002315426
E[P_sel(19)] = 0.0002618315

---- Expected D_neut and D_sel (neutral and selected divergence per site) 
E[D_neut] = 0.0198803785
E[D_sel] = 0.0125334203

---- Expected neutral and selected misattributed polymorphism per site
E[mis_neut] = 0.0003871766
E[mis_sel] = 0.0002335185

---- alpha_div = 0.258102
---- alpha_dfe = 0.257884

