---- Running command
---- ./polyDFE -d Mmc/595.polyDFE.config.txt -m C -e 
---- Performing inference using model C

---- Performing inference on Mmc/595.polyDFE.config.txt
---- No mutation variability. Using Poisson likelihood.


---- Calculating initial values

-- Starting local optimization
-- Optimizing all parameters
  it        eps_an        lambda     theta_bar           S_d             b           p_b           S_b           r 2           r 3           r 4           r 5           r 6           r 7           r 8           r 9          r 10          r 11          r 12          r 13          r 14          r 15          r 16          r 17          r 18          r 19          r 20           ln lk          grad status 
   0           0.1 0.01930160990 0.01132854273        -20000         0.208           0.1            20 0.87873456931 0.73411252286 0.64081676286 0.58382537827 0.56084787711 0.54234764843 0.54030042102 0.53600279119 0.55687742860 0.56166105993 0.59490801700 0.63183502951 0.66176723630 0.74791640533 0.86916168115 1.10989744456 1.58127742241             1             1 -1116491.441457 23187.4804028   -2 
 472 0.00812129120 0.01930013856 0.01021447760 -94.808914212 0.10881496681 0.00251752053 50.2061878886 0.86397634561 0.71349597435 0.61532576526 0.55324396677 0.52539527509 0.50616110819 0.49047997704 0.48413031190 0.49587229871 0.48284876640 0.50604857501 0.51580471255 0.51756021208 0.54829875370 0.57996274512 0.63089773533 0.66526975502 0.67455774360 1.10714007145 -308.6493492703 0.21394031302   -3 
-- Local optimization: stuck in the same solution
---- Best joint likelihood found -308.649349270373932 with gradient 0.21394

---- Results for Mmc/595.polyDFE.config.txt 
--  Model: C
--        eps_an        lambda     theta_bar             a 
-- 0.00812129120 0.01930013856 0.01021447760            -1 
--           S_d             b           p_b           S_b 
-- -94.808914212 0.10881496681 0.00251752053 50.2061878886 
--           r 2           r 3           r 4           r 5           r 6           r 7           r 8           r 9          r 10          r 11          r 12          r 13          r 14          r 15          r 16          r 17          r 18          r 19          r 20 
-- 0.86397634561 0.71349597435 0.61532576526 0.55324396677 0.52539527509 0.50616110819 0.49047997704 0.48413031190 0.49587229871 0.48284876640 0.50604857501 0.51580471255 0.51756021208 0.54829875370 0.57996274512 0.63089773533 0.66526975502 0.67455774360 1.10714007145 

---- Expected P_neut(i), 0 < i < n (neutral SFS per site) 
E[P_neut(1)] = 0.0101344680
E[P_neut(2)] = 0.0043797640
E[P_neut(3)] = 0.0024126788
E[P_neut(4)] = 0.0015615537
E[P_neut(5)] = 0.0011240730
E[P_neut(6)] = 0.0008902424
E[P_neut(7)] = 0.0007358890
E[P_neut(8)] = 0.0006246619
E[P_neut(9)] = 0.0005486388
E[P_neut(10)] = 0.0005065076
E[P_neut(11)] = 0.0004491890
E[P_neut(12)] = 0.0004323395
E[P_neut(13)] = 0.0004079897
E[P_neut(14)] = 0.0003818121
E[P_neut(15)] = 0.0003795189
E[P_neut(16)] = 0.0003800052
E[P_neut(17)] = 0.0003957266
E[P_neut(18)] = 0.0004102908
E[P_neut(19)] = 0.0004426546

---- Expected P_sel(i), 0 < i < n (selected SFS per site) 
E[P_sel(1)] = 0.0072292630
E[P_sel(2)] = 0.0028370137
E[P_sel(3)] = 0.0014889510
E[P_sel(4)] = 0.0009339433
E[P_sel(5)] = 0.0006570667
E[P_sel(6)] = 0.0005111565
E[P_sel(7)] = 0.0004164131
E[P_sel(8)] = 0.0003491867
E[P_sel(9)] = 0.0003035217
E[P_sel(10)] = 0.0002777193
E[P_sel(11)] = 0.0002444072
E[P_sel(12)] = 0.0002337033
E[P_sel(13)] = 0.0002193519
E[P_sel(14)] = 0.0002044336
E[P_sel(15)] = 0.0002026787
E[P_sel(16)] = 0.0002029156
E[P_sel(17)] = 0.0002122262
E[P_sel(18)] = 0.0002235674
E[P_sel(19)] = 0.0002559568

---- Expected D_neut and D_sel (neutral and selected divergence per site) 
E[D_neut] = 0.0198655814
E[D_sel] = 0.0125600866

---- Expected neutral and selected misattributed polymorphism per site
E[mis_neut] = 0.0005654429
E[mis_sel] = 0.0003186219

---- alpha_div = 0.199195
---- alpha_dfe = 0.199403

