---- Running command
---- ./polyDFE -d Mmc/596.polyDFE.config.txt -m C -e 
---- Performing inference using model C

---- Performing inference on Mmc/596.polyDFE.config.txt
---- No mutation variability. Using Poisson likelihood.


---- Calculating initial values

-- Starting local optimization
-- Optimizing all parameters
  it        eps_an        lambda     theta_bar           S_d             b           p_b           S_b           r 2           r 3           r 4           r 5           r 6           r 7           r 8           r 9          r 10          r 11          r 12          r 13          r 14          r 15          r 16          r 17          r 18          r 19          r 20           ln lk          grad status 
   0           0.1 0.01926929660 0.01137360754        -20000         0.208           0.1            20 0.87612646002 0.73402462882 0.64027320843 0.57972033692 0.55780602532 0.53902004541 0.53551307960 0.52908789958 0.55363294758 0.55330633387 0.59213356501 0.62114813839 0.66348635096 0.74813084876 0.86283080300 1.11128403473 1.57344295256             1             1 -1116055.810620 23166.0151482   -2 
1014 0.00050992773 0.01921075256 0.01015551382 -77.680048390 0.12513336170 0.02729291062 5.83824774035 0.86690729579 0.72126510413 0.61720540853 0.55475402225 0.52581313425 0.50689647129 0.49440354295 0.48295228708 0.49677021137 0.48662809421 0.51436541067 0.51071956334 0.52086190841 0.55861971839 0.58849947982 0.64944692529 0.70484624288 0.82116208241 1.23864227973 -271.3860066759 0.02576749606   -3 
-- Local optimization: stuck in the same solution
---- Best joint likelihood found -271.386006675922545 with gradient 0.02577

---- Results for Mmc/596.polyDFE.config.txt 
--  Model: C
--        eps_an        lambda     theta_bar             a 
-- 0.00050992773 0.01921075256 0.01015551382            -1 
--           S_d             b           p_b           S_b 
-- -77.680048390 0.12513336170 0.02729291062 5.83824774035 
--           r 2           r 3           r 4           r 5           r 6           r 7           r 8           r 9          r 10          r 11          r 12          r 13          r 14          r 15          r 16          r 17          r 18          r 19          r 20 
-- 0.86690729579 0.72126510413 0.61720540853 0.55475402225 0.52581313425 0.50689647129 0.49440354295 0.48295228708 0.49677021137 0.48662809421 0.51436541067 0.51071956334 0.52086190841 0.55861971839 0.58849947982 0.64944692529 0.70484624288 0.82116208241 1.23864227973 

---- Expected P_neut(i), 0 < i < n (neutral SFS per site) 
E[P_neut(1)] = 0.0101505591
E[P_neut(2)] = 0.0043999026
E[P_neut(3)] = 0.0024405587
E[P_neut(4)] = 0.0015664009
E[P_neut(5)] = 0.0011263807
E[P_neut(6)] = 0.0008897226
E[P_neut(7)] = 0.0007352276
E[P_neut(8)] = 0.0006275172
E[P_neut(9)] = 0.0005449099
E[P_neut(10)] = 0.0005044957
E[P_neut(11)] = 0.0004493177
E[P_neut(12)] = 0.0004354018
E[P_neut(13)] = 0.0003991423
E[P_neut(14)] = 0.0003780912
E[P_neut(15)] = 0.0003785864
E[P_neut(16)] = 0.0003741408
E[P_neut(17)] = 0.0003890159
E[P_neut(18)] = 0.0003997128
E[P_neut(19)] = 0.0004438665

---- Expected P_sel(i), 0 < i < n (selected SFS per site) 
E[P_sel(1)] = 0.0072407590
E[P_sel(2)] = 0.0028322697
E[P_sel(3)] = 0.0014927656
E[P_sel(4)] = 0.0009277649
E[P_sel(5)] = 0.0006522335
E[P_sel(6)] = 0.0005066100
E[P_sel(7)] = 0.0004133007
E[P_sel(8)] = 0.0003492913
E[P_sel(9)] = 0.0003010578
E[P_sel(10)] = 0.0002772334
E[P_sel(11)] = 0.0002460617
E[P_sel(12)] = 0.0002380685
E[P_sel(13)] = 0.0002183298
E[P_sel(14)] = 0.0002073436
E[P_sel(15)] = 0.0002086637
E[P_sel(16)] = 0.0002078808
E[P_sel(17)] = 0.0002187290
E[P_sel(18)] = 0.0002286176
E[P_sel(19)] = 0.0002604099

---- Expected D_neut and D_sel (neutral and selected divergence per site) 
E[D_neut] = 0.0198397050
E[D_sel] = 0.0125256507

---- Expected neutral and selected misattributed polymorphism per site
E[mis_neut] = 0.0006289524
E[mis_sel] = 0.0003799739

---- alpha_div = 0.261869
---- alpha_dfe = 0.261727

