---- Running command
---- ./polyDFE -d Mmc/597.polyDFE.config.txt -m C -e 
---- Performing inference using model C

---- Performing inference on Mmc/597.polyDFE.config.txt
---- No mutation variability. Using Poisson likelihood.


---- Calculating initial values

-- Starting local optimization
-- Optimizing all parameters
  it        eps_an        lambda     theta_bar           S_d             b           p_b           S_b           r 2           r 3           r 4           r 5           r 6           r 7           r 8           r 9          r 10          r 11          r 12          r 13          r 14          r 15          r 16          r 17          r 18          r 19          r 20           ln lk          grad status 
   0           0.1 0.01926471936 0.01132708213        -20000         0.208           0.1            20 0.87550045695 0.73465483256 0.64580921723 0.58208119182 0.55838719986 0.54089984240 0.53940410093 0.53430381176 0.55756491468 0.55984506223 0.59059648896 0.63122928998 0.67069763348 0.74863604507 0.87341489129 1.10856485434 1.58363537886             1             1 -1114446.856935 23109.7491410   -2 
 652 0.00208422108 0.01930746966 0.01012658282 -70.592163048 0.12694409617 0.02419365787 6.52797955763 0.86707336639 0.72070124684 0.62243759857 0.55824067903 0.52960202529 0.50572441099 0.49890718710 0.48763914097 0.50029396961 0.48821322684 0.50824969497 0.51841755370 0.52293648376 0.55980553968 0.59558156273 0.64098086950 0.69979235919 0.80165541765 1.03712413549 -266.9586696996 0.08183085580   -3 
-- Local optimization: stuck in the same solution
---- Best joint likelihood found -266.958669699699385 with gradient 0.08183

---- Results for Mmc/597.polyDFE.config.txt 
--  Model: C
--        eps_an        lambda     theta_bar             a 
-- 0.00208422108 0.01930746966 0.01012658282            -1 
--           S_d             b           p_b           S_b 
-- -70.592163048 0.12694409617 0.02419365787 6.52797955763 
--           r 2           r 3           r 4           r 5           r 6           r 7           r 8           r 9          r 10          r 11          r 12          r 13          r 14          r 15          r 16          r 17          r 18          r 19          r 20 
-- 0.86707336639 0.72070124684 0.62243759857 0.55824067903 0.52960202529 0.50572441099 0.49890718710 0.48763914097 0.50029396961 0.48821322684 0.50824969497 0.51841755370 0.52293648376 0.55980553968 0.59558156273 0.64098086950 0.69979235919 0.80165541765 1.03712413549 

---- Expected P_neut(i), 0 < i < n (neutral SFS per site) 
E[P_neut(1)] = 0.0101063673
E[P_neut(2)] = 0.0043819154
E[P_neut(3)] = 0.0024284724
E[P_neut(4)] = 0.0015732928
E[P_neut(5)] = 0.0011290453
E[P_neut(6)] = 0.0008927685
E[P_neut(7)] = 0.0007309254
E[P_neut(8)] = 0.0006311058
E[P_neut(9)] = 0.0005484730
E[P_neut(10)] = 0.0005066268
E[P_neut(11)] = 0.0004496552
E[P_neut(12)] = 0.0004293250
E[P_neut(13)] = 0.0004045138
E[P_neut(14)] = 0.0003793289
E[P_neut(15)] = 0.0003794966
E[P_neut(16)] = 0.0003794490
E[P_neut(17)] = 0.0003860949
E[P_neut(18)] = 0.0004020244
E[P_neut(19)] = 0.0004474803

---- Expected P_sel(i), 0 < i < n (selected SFS per site) 
E[P_sel(1)] = 0.0072500714
E[P_sel(2)] = 0.0028333069
E[P_sel(3)] = 0.0014903983
E[P_sel(4)] = 0.0009341921
E[P_sel(5)] = 0.0006549416
E[P_sel(6)] = 0.0005089167
E[P_sel(7)] = 0.0004110937
E[P_sel(8)] = 0.0003512648
E[P_sel(9)] = 0.0003028337
E[P_sel(10)] = 0.0002780719
E[P_sel(11)] = 0.0002458159
E[P_sel(12)] = 0.0002342070
E[P_sel(13)] = 0.0002206422
E[P_sel(14)] = 0.0002073319
E[P_sel(15)] = 0.0002083826
E[P_sel(16)] = 0.0002099910
E[P_sel(17)] = 0.0002162643
E[P_sel(18)] = 0.0002293964
E[P_sel(19)] = 0.0002636711

---- Expected D_neut and D_sel (neutral and selected divergence per site) 
E[D_neut] = 0.0198325958
E[D_sel] = 0.0125320732

---- Expected neutral and selected misattributed polymorphism per site
E[mis_neut] = 0.0005251262
E[mis_sel] = 0.0003163838

---- alpha_div = 0.257596
---- alpha_dfe = 0.257476

