---- Running command
---- ./polyDFE -d Mmc/598.polyDFE.config.txt -m C -e 
---- Performing inference using model C

---- Performing inference on Mmc/598.polyDFE.config.txt
---- No mutation variability. Using Poisson likelihood.


---- Calculating initial values

-- Starting local optimization
-- Optimizing all parameters
  it        eps_an        lambda     theta_bar           S_d             b           p_b           S_b           r 2           r 3           r 4           r 5           r 6           r 7           r 8           r 9          r 10          r 11          r 12          r 13          r 14          r 15          r 16          r 17          r 18          r 19          r 20           ln lk          grad status 
   0           0.1 0.01929661372 0.01137019782        -20000         0.208           0.1            20 0.87072091624 0.73651254550 0.64373618142 0.58210043797 0.55618707318 0.54250796856 0.53632672398 0.53116284151 0.55302546112 0.55665912733 0.59211078301 0.62742425840 0.66149762736 0.75671924937 0.86186244601 1.11594698680 1.58039587752             1             1 -1118414.083438 23225.8246552   -2 
 534 0.00627482583 0.01935861763 0.01021330155 -96.707080384 0.11057870277 0.00779690615 16.9094688647 0.86167587787 0.72064458741 0.61971748925 0.55080340465 0.52968943975 0.50435055872 0.48835814538 0.48424411190 0.49336042869 0.48532309241 0.50570148212 0.51088147726 0.51650657329 0.55533402953 0.58161893829 0.63433825427 0.67059016285 0.71208935253 0.99027782406 -286.3301461992 0.15190624806   -3 
-- Local optimization: stuck in the same solution
---- Best joint likelihood found -286.330146199223236 with gradient 0.15191

---- Results for Mmc/598.polyDFE.config.txt 
--  Model: C
--        eps_an        lambda     theta_bar             a 
-- 0.00627482583 0.01935861763 0.01021330155            -1 
--           S_d             b           p_b           S_b 
-- -96.707080384 0.11057870277 0.00779690615 16.9094688647 
--           r 2           r 3           r 4           r 5           r 6           r 7           r 8           r 9          r 10          r 11          r 12          r 13          r 14          r 15          r 16          r 17          r 18          r 19          r 20 
-- 0.86167587787 0.72064458741 0.61971748925 0.55080340465 0.52968943975 0.50435055872 0.48835814538 0.48424411190 0.49336042869 0.48532309241 0.50570148212 0.51088147726 0.51650657329 0.55533402953 0.58161893829 0.63433825427 0.67059016285 0.71208935253 0.99027782406 

---- Expected P_neut(i), 0 < i < n (neutral SFS per site) 
E[P_neut(1)] = 0.0101516167
E[P_neut(2)] = 0.0043750544
E[P_neut(3)] = 0.0024403836
E[P_neut(4)] = 0.0015747411
E[P_neut(5)] = 0.0011204171
E[P_neut(6)] = 0.0008983530
E[P_neut(7)] = 0.0007337703
E[P_neut(8)] = 0.0006222572
E[P_neut(9)] = 0.0005489050
E[P_neut(10)] = 0.0005038839
E[P_neut(11)] = 0.0004512344
E[P_neut(12)] = 0.0004316182
E[P_neut(13)] = 0.0004034671
E[P_neut(14)] = 0.0003800960
E[P_neut(15)] = 0.0003828068
E[P_neut(16)] = 0.0003788649
E[P_neut(17)] = 0.0003941025
E[P_neut(18)] = 0.0004057201
E[P_neut(19)] = 0.0004444629

---- Expected P_sel(i), 0 < i < n (selected SFS per site) 
E[P_sel(1)] = 0.0072181411
E[P_sel(2)] = 0.0028236402
E[P_sel(3)] = 0.0015007771
E[P_sel(4)] = 0.0009388764
E[P_sel(5)] = 0.0006532085
E[P_sel(6)] = 0.0005147880
E[P_sel(7)] = 0.0004147073
E[P_sel(8)] = 0.0003477327
E[P_sel(9)] = 0.0003038965
E[P_sel(10)] = 0.0002768354
E[P_sel(11)] = 0.0002463788
E[P_sel(12)] = 0.0002345451
E[P_sel(13)] = 0.0002185306
E[P_sel(14)] = 0.0002055529
E[P_sel(15)] = 0.0002071251
E[P_sel(16)] = 0.0002057466
E[P_sel(17)] = 0.0002158701
E[P_sel(18)] = 0.0002265226
E[P_sel(19)] = 0.0002615810

---- Expected D_neut and D_sel (neutral and selected divergence per site) 
E[D_neut] = 0.0198643179
E[D_sel] = 0.0125296087

---- Expected neutral and selected misattributed polymorphism per site
E[mis_neut] = 0.0005057003
E[mis_sel] = 0.0002962742

---- alpha_div = 0.209665
---- alpha_dfe = 0.209737

