---- Running command
---- ./polyDFE -d Mmc/599.polyDFE.config.txt -m C -e 
---- Performing inference using model C

---- Performing inference on Mmc/599.polyDFE.config.txt
---- No mutation variability. Using Poisson likelihood.


---- Calculating initial values

-- Starting local optimization
-- Optimizing all parameters
  it        eps_an        lambda     theta_bar           S_d             b           p_b           S_b           r 2           r 3           r 4           r 5           r 6           r 7           r 8           r 9          r 10          r 11          r 12          r 13          r 14          r 15          r 16          r 17          r 18          r 19          r 20           ln lk          grad status 
   0           0.1 0.01929056718 0.01135159004        -20000         0.208           0.1            20 0.87880458359 0.73817346123 0.64906758698 0.58306978683 0.55498066462 0.53616857425 0.53361481534 0.53039254357 0.55432635374 0.55898045491 0.59840989798 0.63120022981 0.66187694962 0.74637559224 0.85573023766 1.11878514473 1.58292042942             1             1 -1116227.554676 23145.0196083   -2 
1065 0.00046947054 0.01926019790 0.01014138546 -72.729522644 0.12844429527 0.03068998028 5.31894106772 0.86845980018 0.72146440344 0.62401435701 0.55882604699 0.53022630039 0.50555298564 0.49106840730 0.48461958909 0.49928514190 0.48712090066 0.51177682895 0.52154429272 0.52424573010 0.55753200852 0.58109415155 0.65057225117 0.71070837441 0.81972840650 1.18331781254 -274.1606929126 0.01169257757   -3 
-- Local optimization: stuck in the same solution
---- Best joint likelihood found -274.160692912642844 with gradient 0.01169

---- Results for Mmc/599.polyDFE.config.txt 
--  Model: C
--        eps_an        lambda     theta_bar             a 
-- 0.00046947054 0.01926019790 0.01014138546            -1 
--           S_d             b           p_b           S_b 
-- -72.729522644 0.12844429527 0.03068998028 5.31894106772 
--           r 2           r 3           r 4           r 5           r 6           r 7           r 8           r 9          r 10          r 11          r 12          r 13          r 14          r 15          r 16          r 17          r 18          r 19          r 20 
-- 0.86845980018 0.72146440344 0.62401435701 0.55882604699 0.53022630039 0.50555298564 0.49106840730 0.48461958909 0.49928514190 0.48712090066 0.51177682895 0.52154429272 0.52424573010 0.55753200852 0.58109415155 0.65057225117 0.71070837441 0.81972840650 1.18331781254 

---- Expected P_neut(i), 0 < i < n (neutral SFS per site) 
E[P_neut(1)] = 0.0101368298
E[P_neut(2)] = 0.0044018134
E[P_neut(3)] = 0.0024379201
E[P_neut(4)] = 0.0015815227
E[P_neut(5)] = 0.0011330989
E[P_neut(6)] = 0.0008959624
E[P_neut(7)] = 0.0007322768
E[P_neut(8)] = 0.0006224250
E[P_neut(9)] = 0.0005460338
E[P_neut(10)] = 0.0005063443
E[P_neut(11)] = 0.0004491438
E[P_neut(12)] = 0.0004325997
E[P_neut(13)] = 0.0004070130
E[P_neut(14)] = 0.0003799980
E[P_neut(15)] = 0.0003772983
E[P_neut(16)] = 0.0003688886
E[P_neut(17)] = 0.0003890630
E[P_neut(18)] = 0.0004022998
E[P_neut(19)] = 0.0004420916

---- Expected P_sel(i), 0 < i < n (selected SFS per site) 
E[P_sel(1)] = 0.0072514144
E[P_sel(2)] = 0.0028380473
E[P_sel(3)] = 0.0014924240
E[P_sel(4)] = 0.0009371285
E[P_sel(5)] = 0.0006562628
E[P_sel(6)] = 0.0005102239
E[P_sel(7)] = 0.0004116926
E[P_sel(8)] = 0.0003465274
E[P_sel(9)] = 0.0003017843
E[P_sel(10)] = 0.0002784039
E[P_sel(11)] = 0.0002461668
E[P_sel(12)] = 0.0002368020
E[P_sel(13)] = 0.0002229632
E[P_sel(14)] = 0.0002087769
E[P_sel(15)] = 0.0002084240
E[P_sel(16)] = 0.0002055053
E[P_sel(17)] = 0.0002194012
E[P_sel(18)] = 0.0002307983
E[P_sel(19)] = 0.0002600354

---- Expected D_neut and D_sel (neutral and selected divergence per site) 
E[D_neut] = 0.0198602220
E[D_sel] = 0.0125400226

---- Expected neutral and selected misattributed polymorphism per site
E[mis_neut] = 0.0006000241
E[mis_sel] = 0.0003632571

---- alpha_div = 0.270098
---- alpha_dfe = 0.269927

