---- Running command
---- ./polyDFE -d Mmc/6.polyDFE.config.txt -m C -e 
---- Performing inference using model C

---- Performing inference on Mmc/6.polyDFE.config.txt
---- No mutation variability. Using Poisson likelihood.


---- Calculating initial values

-- Starting local optimization
-- Optimizing all parameters
  it        eps_an        lambda     theta_bar           S_d             b           p_b           S_b           r 2           r 3           r 4           r 5           r 6           r 7           r 8           r 9          r 10          r 11          r 12          r 13          r 14          r 15          r 16          r 17          r 18          r 19          r 20           ln lk          grad status 
   0           0.1 0.01925572861 0.01133089072        -20000         0.208           0.1            20 0.87678915039 0.73735725945 0.64214235258 0.58409648065 0.55732675426 0.54222021223 0.53826490926 0.53126259972 0.55475640993 0.56009649903 0.59725034119 0.63578423326 0.66314648309 0.76049657849 0.86773446425 1.10701689834 1.58890314268             1             1 -1116015.158243 23128.2631613   -2 
 735 0.00068134281 0.01936716387 0.01011429309 -71.980220471 0.12608457594 0.02529868089 6.19825640484 0.86924304270 0.72386993835 0.62042707356 0.55710381596 0.52766644150 0.50945849259 0.49701821392 0.48741322750 0.49879201617 0.49097598511 0.51517341213 0.52059820080 0.52610535048 0.56436852509 0.59115492691 0.64973055976 0.71829474856 0.83028001734 0.90289615621 -273.5438119073 0.04891606702   -8 
-- Local optimization: reached maximum number of likelihood evaluations allowed.
---- Best joint likelihood found -273.543811907307827 with gradient 0.04892

---- Results for Mmc/6.polyDFE.config.txt 
--  Model: C
--        eps_an        lambda     theta_bar             a 
-- 0.00068134281 0.01936716387 0.01011429309            -1 
--           S_d             b           p_b           S_b 
-- -71.980220471 0.12608457594 0.02529868089 6.19825640484 
--           r 2           r 3           r 4           r 5           r 6           r 7           r 8           r 9          r 10          r 11          r 12          r 13          r 14          r 15          r 16          r 17          r 18          r 19          r 20 
-- 0.86924304270 0.72386993835 0.62042707356 0.55710381596 0.52766644150 0.50945849259 0.49701821392 0.48741322750 0.49879201617 0.49097598511 0.51517341213 0.52059820080 0.52610535048 0.56436852509 0.59115492691 0.64973055976 0.71829474856 0.83028001734 0.90289615621 

---- Expected P_neut(i), 0 < i < n (neutral SFS per site) 
E[P_neut(1)] = 0.0101077029
E[P_neut(2)] = 0.0043931693
E[P_neut(3)] = 0.0024390782
E[P_neut(4)] = 0.0015679810
E[P_neut(5)] = 0.0011264337
E[P_neut(6)] = 0.0008891484
E[P_neut(7)] = 0.0007358905
E[P_neut(8)] = 0.0006282412
E[P_neut(9)] = 0.0005476944
E[P_neut(10)] = 0.0005044929
E[P_neut(11)] = 0.0004515088
E[P_neut(12)] = 0.0004343502
E[P_neut(13)] = 0.0004052627
E[P_neut(14)] = 0.0003804316
E[P_neut(15)] = 0.0003810545
E[P_neut(16)] = 0.0003745089
E[P_neut(17)] = 0.0003879621
E[P_neut(18)] = 0.0004063336
E[P_neut(19)] = 0.0004485741

---- Expected P_sel(i), 0 < i < n (selected SFS per site) 
E[P_sel(1)] = 0.0072502887
E[P_sel(2)] = 0.0028423271
E[P_sel(3)] = 0.0014985632
E[P_sel(4)] = 0.0009324074
E[P_sel(5)] = 0.0006545805
E[P_sel(6)] = 0.0005078764
E[P_sel(7)] = 0.0004148157
E[P_sel(8)] = 0.0003505281
E[P_sel(9)] = 0.0003032036
E[P_sel(10)] = 0.0002776824
E[P_sel(11)] = 0.0002475667
E[P_sel(12)] = 0.0002376910
E[P_sel(13)] = 0.0002217701
E[P_sel(14)] = 0.0002086261
E[P_sel(15)] = 0.0002099343
E[P_sel(16)] = 0.0002079142
E[P_sel(17)] = 0.0002178880
E[P_sel(18)] = 0.0002321158
E[P_sel(19)] = 0.0002630409

---- Expected D_neut and D_sel (neutral and selected divergence per site) 
E[D_neut] = 0.0198237717
E[D_sel] = 0.0125205925

---- Expected neutral and selected misattributed polymorphism per site
E[mis_neut] = 0.0004566078
E[mis_sel] = 0.0002755214

---- alpha_div = 0.256702
---- alpha_dfe = 0.256579

