---- Running command
---- ./polyDFE -d Mmc/60.polyDFE.config.txt -m C -e 
---- Performing inference using model C

---- Performing inference on Mmc/60.polyDFE.config.txt
---- No mutation variability. Using Poisson likelihood.


---- Calculating initial values

-- Starting local optimization
-- Optimizing all parameters
  it        eps_an        lambda     theta_bar           S_d             b           p_b           S_b           r 2           r 3           r 4           r 5           r 6           r 7           r 8           r 9          r 10          r 11          r 12          r 13          r 14          r 15          r 16          r 17          r 18          r 19          r 20           ln lk          grad status 
   0           0.1 0.01926962236 0.01137405429        -20000         0.208           0.1            20 0.87089417536 0.73803368094 0.64068064358 0.58441564147 0.55369096100 0.53807151920 0.52978259951 0.52849528041 0.55803273569 0.55325957543 0.58213428602 0.62410869194 0.66538763007 0.76323672852 0.85746401849 1.11257050023 1.57755415941             1             1 -1116847.973823 23157.9654677   -2 
 534 0.00212146667 0.01930956218 0.01017354535 -84.822125873 0.11831544546 0.01984567947 7.37630763290 0.86461490405 0.71990213188 0.61955920150 0.55325788065 0.52560794938 0.50425037916 0.49281102486 0.48216221939 0.49740165053 0.48233123987 0.50485846194 0.51343391692 0.52363320734 0.55988636483 0.57949377560 0.64029881511 0.70111213935 0.79595703767 1.05365135580 -293.2422363708 1.41327408871   -8 
-- Local optimization: reached maximum number of likelihood evaluations allowed.
---- Best joint likelihood found -293.242236370890168 with gradient 1.41327

---- Results for Mmc/60.polyDFE.config.txt 
--  Model: C
--        eps_an        lambda     theta_bar             a 
-- 0.00212146667 0.01930956218 0.01017354535            -1 
--           S_d             b           p_b           S_b 
-- -84.822125873 0.11831544546 0.01984567947 7.37630763290 
--           r 2           r 3           r 4           r 5           r 6           r 7           r 8           r 9          r 10          r 11          r 12          r 13          r 14          r 15          r 16          r 17          r 18          r 19          r 20 
-- 0.86461490405 0.71990213188 0.61955920150 0.55325788065 0.52560794938 0.50425037916 0.49281102486 0.48216221939 0.49740165053 0.48233123987 0.50485846194 0.51343391692 0.52363320734 0.55988636483 0.57949377560 0.64029881511 0.70111213935 0.79595703767 1.05365135580 

---- Expected P_neut(i), 0 < i < n (neutral SFS per site) 
E[P_neut(1)] = 0.0101528667
E[P_neut(2)] = 0.0043896097
E[P_neut(3)] = 0.0024369527
E[P_neut(4)] = 0.0015732171
E[P_neut(5)] = 0.0011241362
E[P_neut(6)] = 0.0008901326
E[P_neut(7)] = 0.0007321568
E[P_neut(8)] = 0.0006262829
E[P_neut(9)] = 0.0005448233
E[P_neut(10)] = 0.0005060338
E[P_neut(11)] = 0.0004463025
E[P_neut(12)] = 0.0004284382
E[P_neut(13)] = 0.0004025057
E[P_neut(14)] = 0.0003815982
E[P_neut(15)] = 0.0003813179
E[P_neut(16)] = 0.0003710304
E[P_neut(17)] = 0.0003875492
E[P_neut(18)] = 0.0004047562
E[P_neut(19)] = 0.0004468737

---- Expected P_sel(i), 0 < i < n (selected SFS per site) 
E[P_sel(1)] = 0.0072424459
E[P_sel(2)] = 0.0028343131
E[P_sel(3)] = 0.0014974965
E[P_sel(4)] = 0.0009368917
E[P_sel(5)] = 0.0006547267
E[P_sel(6)] = 0.0005098339
E[P_sel(7)] = 0.0004139413
E[P_sel(8)] = 0.0003504928
E[P_sel(9)] = 0.0003024913
E[P_sel(10)] = 0.0002792661
E[P_sel(11)] = 0.0002452587
E[P_sel(12)] = 0.0002348525
E[P_sel(13)] = 0.0002204866
E[P_sel(14)] = 0.0002093157
E[P_sel(15)] = 0.0002099447
E[P_sel(16)] = 0.0002056738
E[P_sel(17)] = 0.0002171833
E[P_sel(18)] = 0.0002307851
E[P_sel(19)] = 0.0002628367

---- Expected D_neut and D_sel (neutral and selected divergence per site) 
E[D_neut] = 0.0198455307
E[D_sel] = 0.0125139364

---- Expected neutral and selected misattributed polymorphism per site
E[mis_neut] = 0.0005359685
E[mis_sel] = 0.0003220503

---- alpha_div = 0.238341
---- alpha_dfe = 0.237687

