---- Running command
---- ./polyDFE -d Mmc/600.polyDFE.config.txt -m C -e 
---- Performing inference using model C

---- Performing inference on Mmc/600.polyDFE.config.txt
---- No mutation variability. Using Poisson likelihood.


---- Calculating initial values

-- Starting local optimization
-- Optimizing all parameters
  it        eps_an        lambda     theta_bar           S_d             b           p_b           S_b           r 2           r 3           r 4           r 5           r 6           r 7           r 8           r 9          r 10          r 11          r 12          r 13          r 14          r 15          r 16          r 17          r 18          r 19          r 20           ln lk          grad status 
   0           0.1 0.01929431859 0.01135897084        -20000         0.208           0.1            20 0.87390884892 0.72889295052 0.64255935737 0.58436525486 0.55846969202 0.54189595143 0.54172805801 0.52755001345 0.55698215726 0.54771611278 0.58582480766 0.63060497810 0.66156533875 0.75702830594 0.86724135309 1.10508487545 1.58672923247             1             1 -1117573.765879 23191.4384088   -2 
 793 0.00138592878 0.01931225594 0.01014446478 -84.385613790 0.11851055283 0.01832150906 7.95535317680 0.86676422476 0.71657231173 0.62118559580 0.55651366488 0.53007783615 0.50709815450 0.49769521055 0.48364116736 0.49497863428 0.47987901144 0.50670730768 0.52017624315 0.52569666584 0.56408126387 0.59063633753 0.64717035140 0.70533540781 0.81331860411 1.08715855333 -276.7689011846 0.03009170875   -3 
-- Local optimization: stuck in the same solution
---- Best joint likelihood found -276.768901184652350 with gradient 0.03009

---- Results for Mmc/600.polyDFE.config.txt 
--  Model: C
--        eps_an        lambda     theta_bar             a 
-- 0.00138592878 0.01931225594 0.01014446478            -1 
--           S_d             b           p_b           S_b 
-- -84.385613790 0.11851055283 0.01832150906 7.95535317680 
--           r 2           r 3           r 4           r 5           r 6           r 7           r 8           r 9          r 10          r 11          r 12          r 13          r 14          r 15          r 16          r 17          r 18          r 19          r 20 
-- 0.86676422476 0.71657231173 0.62118559580 0.55651366488 0.53007783615 0.50709815450 0.49769521055 0.48364116736 0.49497863428 0.47987901144 0.50670730768 0.52017624315 0.52569666584 0.56408126387 0.59063633753 0.64717035140 0.70533540781 0.81331860411 1.08715855333 

---- Expected P_neut(i), 0 < i < n (neutral SFS per site) 
E[P_neut(1)] = 0.0101310071
E[P_neut(2)] = 0.0043908874
E[P_neut(3)] = 0.0024202579
E[P_neut(4)] = 0.0015737345
E[P_neut(5)] = 0.0011280705
E[P_neut(6)] = 0.0008955118
E[P_neut(7)] = 0.0007344354
E[P_neut(8)] = 0.0006308254
E[P_neut(9)] = 0.0005450001
E[P_neut(10)] = 0.0005021293
E[P_neut(11)] = 0.0004426982
E[P_neut(12)] = 0.0004286372
E[P_neut(13)] = 0.0004063721
E[P_neut(14)] = 0.0003816364
E[P_neut(15)] = 0.0003825230
E[P_neut(16)] = 0.0003761450
E[P_neut(17)] = 0.0003890110
E[P_neut(18)] = 0.0004030561
E[P_neut(19)] = 0.0004477041

---- Expected P_sel(i), 0 < i < n (selected SFS per site) 
E[P_sel(1)] = 0.0072229617
E[P_sel(2)] = 0.0028323599
E[P_sel(3)] = 0.0014853229
E[P_sel(4)] = 0.0009357546
E[P_sel(5)] = 0.0006558533
E[P_sel(6)] = 0.0005118905
E[P_sel(7)] = 0.0004143072
E[P_sel(8)] = 0.0003521697
E[P_sel(9)] = 0.0003017752
E[P_sel(10)] = 0.0002762957
E[P_sel(11)] = 0.0002424968
E[P_sel(12)] = 0.0002341403
E[P_sel(13)] = 0.0002217585
E[P_sel(14)] = 0.0002084735
E[P_sel(15)] = 0.0002096686
E[P_sel(16)] = 0.0002075016
E[P_sel(17)] = 0.0002168638
E[P_sel(18)] = 0.0002284877
E[P_sel(19)] = 0.0002613758

---- Expected D_neut and D_sel (neutral and selected divergence per site) 
E[D_neut] = 0.0198636880
E[D_sel] = 0.0125130692

---- Expected neutral and selected misattributed polymorphism per site
E[mis_neut] = 0.0005514321
E[mis_sel] = 0.0003301992

---- alpha_div = 0.236234
---- alpha_dfe = 0.236112

