---- Running command
---- ./polyDFE -d Mmc/601.polyDFE.config.txt -m C -e 
---- Performing inference using model C

---- Performing inference on Mmc/601.polyDFE.config.txt
---- No mutation variability. Using Poisson likelihood.


---- Calculating initial values

-- Starting local optimization
-- Optimizing all parameters
  it        eps_an        lambda     theta_bar           S_d             b           p_b           S_b           r 2           r 3           r 4           r 5           r 6           r 7           r 8           r 9          r 10          r 11          r 12          r 13          r 14          r 15          r 16          r 17          r 18          r 19          r 20           ln lk          grad status 
   0           0.1 0.01930223473 0.01135973380        -20000         0.208           0.1            20 0.87149380219 0.73450635308 0.64673995673 0.58373781152 0.55662961240 0.53713283270 0.53785803378 0.53154992547 0.55468097741 0.55838154087 0.59155415602 0.62391653414 0.66283259931 0.75357804369 0.86463879201 1.10357388093 1.58844899105             1             1 -1115262.426448 23174.4602323   -2 
 322 0.00564827921 0.01935873962 0.01020542394 -98.487572353 0.10901979812 0.00573897630 22.4436971999 0.86095215863 0.71780489444 0.61869570563 0.55306959534 0.52249795638 0.50395138794 0.49294127623 0.48145527882 0.49272731481 0.48228842343 0.50871289598 0.51357851018 0.52065638945 0.55583876907 0.58296315200 0.63314324136 0.68715768536 0.72739286123 1.00140580583 -302.0876231783 1.06036315308   -3 
-- Local optimization: stuck in the same solution
---- Best joint likelihood found -302.087623178347712 with gradient 1.06036

---- Results for Mmc/601.polyDFE.config.txt 
--  Model: C
--        eps_an        lambda     theta_bar             a 
-- 0.00564827921 0.01935873962 0.01020542394            -1 
--           S_d             b           p_b           S_b 
-- -98.487572353 0.10901979812 0.00573897630 22.4436971999 
--           r 2           r 3           r 4           r 5           r 6           r 7           r 8           r 9          r 10          r 11          r 12          r 13          r 14          r 15          r 16          r 17          r 18          r 19          r 20 
-- 0.86095215863 0.71780489444 0.61869570563 0.55306959534 0.52249795638 0.50395138794 0.49294127623 0.48145527882 0.49272731481 0.48228842343 0.50871289598 0.51357851018 0.52065638945 0.55583876907 0.58296315200 0.63314324136 0.68715768536 0.72739286123 1.00140580583 

---- Expected P_neut(i), 0 < i < n (neutral SFS per site) 
E[P_neut(1)] = 0.0101499877
E[P_neut(2)] = 0.0043705775
E[P_neut(3)] = 0.0024301891
E[P_neut(4)] = 0.0015716973
E[P_neut(5)] = 0.0011246218
E[P_neut(6)] = 0.0008858429
E[P_neut(7)] = 0.0007328470
E[P_neut(8)] = 0.0006277262
E[P_neut(9)] = 0.0005453832
E[P_neut(10)] = 0.0005028491
E[P_neut(11)] = 0.0004480070
E[P_neut(12)] = 0.0004337441
E[P_neut(13)] = 0.0004050485
E[P_neut(14)] = 0.0003824131
E[P_neut(15)] = 0.0003824115
E[P_neut(16)] = 0.0003786523
E[P_neut(17)] = 0.0003917333
E[P_neut(18)] = 0.0004122098
E[P_neut(19)] = 0.0004461391

---- Expected P_sel(i), 0 < i < n (selected SFS per site) 
E[P_sel(1)] = 0.0072211181
E[P_sel(2)] = 0.0028244646
E[P_sel(3)] = 0.0014969544
E[P_sel(4)] = 0.0009387032
E[P_sel(5)] = 0.0006568061
E[P_sel(6)] = 0.0005084577
E[P_sel(7)] = 0.0004148017
E[P_sel(8)] = 0.0003512278
E[P_sel(9)] = 0.0003022303
E[P_sel(10)] = 0.0002764180
E[P_sel(11)] = 0.0002446315
E[P_sel(12)] = 0.0002355743
E[P_sel(13)] = 0.0002191082
E[P_sel(14)] = 0.0002063533
E[P_sel(15)] = 0.0002062334
E[P_sel(16)] = 0.0002046721
E[P_sel(17)] = 0.0002132144
E[P_sel(18)] = 0.0002281995
E[P_sel(19)] = 0.0002599262

---- Expected D_neut and D_sel (neutral and selected divergence per site) 
E[D_neut] = 0.0198697282
E[D_sel] = 0.0125454322

---- Expected neutral and selected misattributed polymorphism per site
E[mis_neut] = 0.0005109885
E[mis_sel] = 0.0002967483

---- alpha_div = 0.204075
---- alpha_dfe = 0.204195

