---- Running command
---- ./polyDFE -d Mmc/602.polyDFE.config.txt -m C -e 
---- Performing inference using model C

---- Performing inference on Mmc/602.polyDFE.config.txt
---- No mutation variability. Using Poisson likelihood.


---- Calculating initial values

-- Starting local optimization
-- Optimizing all parameters
  it        eps_an        lambda     theta_bar           S_d             b           p_b           S_b           r 2           r 3           r 4           r 5           r 6           r 7           r 8           r 9          r 10          r 11          r 12          r 13          r 14          r 15          r 16          r 17          r 18          r 19          r 20           ln lk          grad status 
   0           0.1 0.01927081770 0.01135568791        -20000         0.208           0.1            20 0.87386612436 0.73379506747 0.64940801006 0.58259630791 0.55548469780 0.54100022079 0.54032226477 0.52750997184 0.55369949668 0.55246050909 0.58974352244 0.62511787001 0.66707910272 0.75007269473 0.85860424635 1.10602281572 1.57213396214             1             1 -1118007.754496 23164.8513511   -2 
 454 0.00444033291 0.01933153663 0.01019296879 -83.658893975 0.11577137320 0.01261795991 10.9670305189 0.86273506816 0.71707147899 0.61938532573 0.55342303057 0.52462009481 0.50678373032 0.49470655183 0.48003804673 0.49459773799 0.47813493791 0.50767273855 0.51560188412 0.52256483621 0.55259401429 0.57505511199 0.63582620773 0.68163885576 0.75084104982 1.00120864725 -305.9442980523 1.73497374151   -3 
-- Local optimization: stuck in the same solution
---- Best joint likelihood found -305.944298052374506 with gradient 1.73497

---- Results for Mmc/602.polyDFE.config.txt 
--  Model: C
--        eps_an        lambda     theta_bar             a 
-- 0.00444033291 0.01933153663 0.01019296879            -1 
--           S_d             b           p_b           S_b 
-- -83.658893975 0.11577137320 0.01261795991 10.9670305189 
--           r 2           r 3           r 4           r 5           r 6           r 7           r 8           r 9          r 10          r 11          r 12          r 13          r 14          r 15          r 16          r 17          r 18          r 19          r 20 
-- 0.86273506816 0.71707147899 0.61938532573 0.55342303057 0.52462009481 0.50678373032 0.49470655183 0.48003804673 0.49459773799 0.47813493791 0.50767273855 0.51560188412 0.52256483621 0.55259401429 0.57505511199 0.63582620773 0.68163885576 0.75084104982 1.00120864725 

---- Expected P_neut(i), 0 < i < n (neutral SFS per site) 
E[P_neut(1)] = 0.0101494972
E[P_neut(2)] = 0.0043791060
E[P_neut(3)] = 0.0024272369
E[P_neut(4)] = 0.0015729621
E[P_neut(5)] = 0.0011248625
E[P_neut(6)] = 0.0008889714
E[P_neut(7)] = 0.0007364656
E[P_neut(8)] = 0.0006294320
E[P_neut(9)] = 0.0005432213
E[P_neut(10)] = 0.0005041419
E[P_neut(11)] = 0.0004435026
E[P_neut(12)] = 0.0004321084
E[P_neut(13)] = 0.0004057519
E[P_neut(14)] = 0.0003827314
E[P_neut(15)] = 0.0003788471
E[P_neut(16)] = 0.0003717266
E[P_neut(17)] = 0.0003903582
E[P_neut(18)] = 0.0004038056
E[P_neut(19)] = 0.0004462768

---- Expected P_sel(i), 0 < i < n (selected SFS per site) 
E[P_sel(1)] = 0.0072619477
E[P_sel(2)] = 0.0028378073
E[P_sel(3)] = 0.0014968719
E[P_sel(4)] = 0.0009398000
E[P_sel(5)] = 0.0006569740
E[P_sel(6)] = 0.0005102783
E[P_sel(7)] = 0.0004169851
E[P_sel(8)] = 0.0003524773
E[P_sel(9)] = 0.0003015082
E[P_sel(10)] = 0.0002778400
E[P_sel(11)] = 0.0002430959
E[P_sel(12)] = 0.0002359442
E[P_sel(13)] = 0.0002210784
E[P_sel(14)] = 0.0002084883
E[P_sel(15)] = 0.0002068059
E[P_sel(16)] = 0.0002039992
E[P_sel(17)] = 0.0002163678
E[P_sel(18)] = 0.0002280559
E[P_sel(19)] = 0.0002631266

---- Expected D_neut and D_sel (neutral and selected divergence per site) 
E[D_neut] = 0.0198418011
E[D_sel] = 0.0125198837

---- Expected neutral and selected misattributed polymorphism per site
E[mis_neut] = 0.0005102644
E[mis_sel] = 0.0003033074

---- alpha_div = 0.221989
---- alpha_dfe = 0.221615

