---- Running command
---- ./polyDFE -d Mmc/603.polyDFE.config.txt -m C -e 
---- Performing inference using model C

---- Performing inference on Mmc/603.polyDFE.config.txt
---- No mutation variability. Using Poisson likelihood.


---- Calculating initial values

-- Starting local optimization
-- Optimizing all parameters
  it        eps_an        lambda     theta_bar           S_d             b           p_b           S_b           r 2           r 3           r 4           r 5           r 6           r 7           r 8           r 9          r 10          r 11          r 12          r 13          r 14          r 15          r 16          r 17          r 18          r 19          r 20           ln lk          grad status 
   0           0.1 0.01927731792 0.01138061876        -20000         0.208           0.1            20 0.87212877193 0.73410815656 0.64862039581 0.58107266861 0.55526300394 0.53885765903 0.53671364493 0.53424527404 0.54611787351 0.54787988622 0.59063486182 0.62173862231 0.66116010073 0.74595701022 0.88025044011 1.09945549391 1.57772717047             1             1 -1115848.472317 23154.9467037   -2 
 942 0.00062546785 0.01929325553 0.01016426184 -81.640257076 0.12028757617 0.01976426863 7.58096502794 0.86376689557 0.71984584861 0.62327358848 0.55430345801 0.52661567310 0.50849968731 0.49495839946 0.48579497383 0.49182624179 0.48103076534 0.51029828159 0.51282665003 0.52438445728 0.55635887815 0.59569841048 0.64447649186 0.71257149649 0.82557675512 1.09492190012 -283.0853430463 0.02665385183   -3 
-- Local optimization: stuck in the same solution
---- Best joint likelihood found -283.085343046317575 with gradient 0.02665

---- Results for Mmc/603.polyDFE.config.txt 
--  Model: C
--        eps_an        lambda     theta_bar             a 
-- 0.00062546785 0.01929325553 0.01016426184            -1 
--           S_d             b           p_b           S_b 
-- -81.640257076 0.12028757617 0.01976426863 7.58096502794 
--           r 2           r 3           r 4           r 5           r 6           r 7           r 8           r 9          r 10          r 11          r 12          r 13          r 14          r 15          r 16          r 17          r 18          r 19          r 20 
-- 0.86376689557 0.71984584861 0.62327358848 0.55430345801 0.52661567310 0.50849968731 0.49495839946 0.48579497383 0.49182624179 0.48103076534 0.51029828159 0.51282665003 0.52438445728 0.55635887815 0.59569841048 0.64447649186 0.71257149649 0.82557675512 1.09492190012 

---- Expected P_neut(i), 0 < i < n (neutral SFS per site) 
E[P_neut(1)] = 0.0101581807
E[P_neut(2)] = 0.0043872825
E[P_neut(3)] = 0.0024376161
E[P_neut(4)] = 0.0015830251
E[P_neut(5)] = 0.0011263481
E[P_neut(6)] = 0.0008917901
E[P_neut(7)] = 0.0007381495
E[P_neut(8)] = 0.0006287379
E[P_neut(9)] = 0.0005485734
E[P_neut(10)] = 0.0004999051
E[P_neut(11)] = 0.0004445490
E[P_neut(12)] = 0.0004323568
E[P_neut(13)] = 0.0004011729
E[P_neut(14)] = 0.0003810328
E[P_neut(15)] = 0.0003774675
E[P_neut(16)] = 0.0003791811
E[P_neut(17)] = 0.0003866155
E[P_neut(18)] = 0.0004048697
E[P_neut(19)] = 0.0004477327

---- Expected P_sel(i), 0 < i < n (selected SFS per site) 
E[P_sel(1)] = 0.0072475958
E[P_sel(2)] = 0.0028297058
E[P_sel(3)] = 0.0014950883
E[P_sel(4)] = 0.0009404677
E[P_sel(5)] = 0.0006541895
E[P_sel(6)] = 0.0005092107
E[P_sel(7)] = 0.0004159460
E[P_sel(8)] = 0.0003506320
E[P_sel(9)] = 0.0003034556
E[P_sel(10)] = 0.0002748346
E[P_sel(11)] = 0.0002433398
E[P_sel(12)] = 0.0002360538
E[P_sel(13)] = 0.0002188651
E[P_sel(14)] = 0.0002081487
E[P_sel(15)] = 0.0002069691
E[P_sel(16)] = 0.0002093146
E[P_sel(17)] = 0.0002157236
E[P_sel(18)] = 0.0002296726
E[P_sel(19)] = 0.0002609090

---- Expected D_neut and D_sel (neutral and selected divergence per site) 
E[D_neut] = 0.0198497092
E[D_sel] = 0.0125318800

---- Expected neutral and selected misattributed polymorphism per site
E[mis_neut] = 0.0005564536
E[mis_sel] = 0.0003340699

---- alpha_div = 0.242949
---- alpha_dfe = 0.242664

