---- Running command
---- ./polyDFE -d Mmc/604.polyDFE.config.txt -m C -e 
---- Performing inference using model C

---- Performing inference on Mmc/604.polyDFE.config.txt
---- No mutation variability. Using Poisson likelihood.


---- Calculating initial values

-- Starting local optimization
-- Optimizing all parameters
  it        eps_an        lambda     theta_bar           S_d             b           p_b           S_b           r 2           r 3           r 4           r 5           r 6           r 7           r 8           r 9          r 10          r 11          r 12          r 13          r 14          r 15          r 16          r 17          r 18          r 19          r 20           ln lk          grad status 
   0           0.1 0.01931039623 0.01137515388        -20000         0.208           0.1            20 0.86938907305 0.73483826846 0.64258278560 0.58001971180 0.56092039388 0.54441263923 0.53647971353 0.53736075852 0.55089893671 0.55447378558 0.59897431645 0.63116219167 0.66895644195 0.74352295697 0.86445103180 1.10449645764 1.58082683062             1             1 -1119176.404862 23225.1902710   -2 
 508 0.00306475701 0.01935990770 0.01017522091 -81.745169800 0.11974101366 0.01860962079 7.89118165754 0.86233220705 0.72276002946 0.61873457049 0.55501661873 0.53188721819 0.50689781494 0.49427392247 0.48949167869 0.49101988619 0.48253785418 0.51605070718 0.51659939533 0.52653481545 0.55604997289 0.58413521927 0.63799063011 0.69877043445 0.77855548518 1.02098405226 -275.9891324274 0.20624094459   -3 
-- Local optimization: stuck in the same solution
---- Best joint likelihood found -275.989132427479490 with gradient 0.20624

---- Results for Mmc/604.polyDFE.config.txt 
--  Model: C
--        eps_an        lambda     theta_bar             a 
-- 0.00306475701 0.01935990770 0.01017522091            -1 
--           S_d             b           p_b           S_b 
-- -81.745169800 0.11974101366 0.01860962079 7.89118165754 
--           r 2           r 3           r 4           r 5           r 6           r 7           r 8           r 9          r 10          r 11          r 12          r 13          r 14          r 15          r 16          r 17          r 18          r 19          r 20 
-- 0.86233220705 0.72276002946 0.61873457049 0.55501661873 0.53188721819 0.50689781494 0.49427392247 0.48949167869 0.49101988619 0.48253785418 0.51605070718 0.51659939533 0.52653481545 0.55604997289 0.58413521927 0.63799063011 0.69877043445 0.77855548518 1.02098405226 

---- Expected P_neut(i), 0 < i < n (neutral SFS per site) 
E[P_neut(1)] = 0.0101453142
E[P_neut(2)] = 0.0043749752
E[P_neut(3)] = 0.0024450717
E[P_neut(4)] = 0.0015702550
E[P_neut(5)] = 0.0011271778
E[P_neut(6)] = 0.0009004201
E[P_neut(7)] = 0.0007358092
E[P_neut(8)] = 0.0006280826
E[P_neut(9)] = 0.0005530815
E[P_neut(10)] = 0.0004996236
E[P_neut(11)] = 0.0004466853
E[P_neut(12)] = 0.0004381631
E[P_neut(13)] = 0.0004053661
E[P_neut(14)] = 0.0003842779
E[P_neut(15)] = 0.0003795010
E[P_neut(16)] = 0.0003751668
E[P_neut(17)] = 0.0003882071
E[P_neut(18)] = 0.0004072431
E[P_neut(19)] = 0.0004468527

---- Expected P_sel(i), 0 < i < n (selected SFS per site) 
E[P_sel(1)] = 0.0072409162
E[P_sel(2)] = 0.0028232104
E[P_sel(3)] = 0.0015004818
E[P_sel(4)] = 0.0009333707
E[P_sel(5)] = 0.0006549783
E[P_sel(6)] = 0.0005143398
E[P_sel(7)] = 0.0004147487
E[P_sel(8)] = 0.0003503288
E[P_sel(9)] = 0.0003059643
E[P_sel(10)] = 0.0002746531
E[P_sel(11)] = 0.0002444461
E[P_sel(12)] = 0.0002391198
E[P_sel(13)] = 0.0002210171
E[P_sel(14)] = 0.0002097575
E[P_sel(15)] = 0.0002078917
E[P_sel(16)] = 0.0002069095
E[P_sel(17)] = 0.0002165006
E[P_sel(18)] = 0.0002313121
E[P_sel(19)] = 0.0002630759

---- Expected D_neut and D_sel (neutral and selected divergence per site) 
E[D_neut] = 0.0198793446
E[D_sel] = 0.0125217312

---- Expected neutral and selected misattributed polymorphism per site
E[mis_neut] = 0.0005194369
E[mis_sel] = 0.0003109520

---- alpha_div = 0.238027
---- alpha_dfe = 0.238009

