---- Running command
---- ./polyDFE -d Mmc/605.polyDFE.config.txt -m C -e 
---- Performing inference using model C

---- Performing inference on Mmc/605.polyDFE.config.txt
---- No mutation variability. Using Poisson likelihood.


---- Calculating initial values

-- Starting local optimization
-- Optimizing all parameters
  it        eps_an        lambda     theta_bar           S_d             b           p_b           S_b           r 2           r 3           r 4           r 5           r 6           r 7           r 8           r 9          r 10          r 11          r 12          r 13          r 14          r 15          r 16          r 17          r 18          r 19          r 20           ln lk          grad status 
   0           0.1 0.01933800625 0.01134117799        -20000         0.208           0.1            20 0.87481843331 0.73409280791 0.64639848862 0.58498821766 0.56258918648 0.54219828191 0.53108852278 0.53443591611 0.55271752531 0.55656496097 0.59707235559 0.62463759432 0.66104932548 0.75384849379 0.86861611192 1.10925059159 1.58457906790             1             1 -1121235.627880 23248.1273484   -2 
 991 0.00039120358 0.01935721788 0.01012344402 -71.520906548 0.12729306041 0.02735660139 5.74089162632 0.86713111561 0.72058893124 0.62412320393 0.55659969181 0.53159892300 0.51130516679 0.49300057268 0.48522704460 0.49402302280 0.48675009024 0.51524844429 0.51969179397 0.52324376775 0.56268101568 0.59334856786 0.65184615863 0.71825198104 0.83713597108 1.08839678054 -283.1210709306 0.02617366769   -3 
-- Local optimization: stuck in the same solution
---- Best joint likelihood found -283.121070930661517 with gradient 0.02617

---- Results for Mmc/605.polyDFE.config.txt 
--  Model: C
--        eps_an        lambda     theta_bar             a 
-- 0.00039120358 0.01935721788 0.01012344402            -1 
--           S_d             b           p_b           S_b 
-- -71.520906548 0.12729306041 0.02735660139 5.74089162632 
--           r 2           r 3           r 4           r 5           r 6           r 7           r 8           r 9          r 10          r 11          r 12          r 13          r 14          r 15          r 16          r 17          r 18          r 19          r 20 
-- 0.86713111561 0.72058893124 0.62412320393 0.55659969181 0.53159892300 0.51130516679 0.49300057268 0.48522704460 0.49402302280 0.48675009024 0.51524844429 0.51969179397 0.52324376775 0.56268101568 0.59334856786 0.65184615863 0.71825198104 0.83713597108 1.08839678054 

---- Expected P_neut(i), 0 < i < n (neutral SFS per site) 
E[P_neut(1)] = 0.0101196582
E[P_neut(2)] = 0.0043876176
E[P_neut(3)] = 0.0024308145
E[P_neut(4)] = 0.0015790980
E[P_neut(5)] = 0.0011266489
E[P_neut(6)] = 0.0008967325
E[P_neut(7)] = 0.0007393218
E[P_neut(8)] = 0.0006237840
E[P_neut(9)] = 0.0005457583
E[P_neut(10)] = 0.0005001214
E[P_neut(11)] = 0.0004480008
E[P_neut(12)] = 0.0004347481
E[P_neut(13)] = 0.0004048287
E[P_neut(14)] = 0.0003785621
E[P_neut(15)] = 0.0003800436
E[P_neut(16)] = 0.0003758918
E[P_neut(17)] = 0.0003889716
E[P_neut(18)] = 0.0004055137
E[P_neut(19)] = 0.0004498226

---- Expected P_sel(i), 0 < i < n (selected SFS per site) 
E[P_sel(1)] = 0.0072554731
E[P_sel(2)] = 0.0028361790
E[P_sel(3)] = 0.0014918730
E[P_sel(4)] = 0.0009379506
E[P_sel(5)] = 0.0006539692
E[P_sel(6)] = 0.0005116621
E[P_sel(7)] = 0.0004163446
E[P_sel(8)] = 0.0003477452
E[P_sel(9)] = 0.0003019196
E[P_sel(10)] = 0.0002751299
E[P_sel(11)] = 0.0002455590
E[P_sel(12)] = 0.0002378758
E[P_sel(13)] = 0.0002215492
E[P_sel(14)] = 0.0002076597
E[P_sel(15)] = 0.0002094754
E[P_sel(16)] = 0.0002088038
E[P_sel(17)] = 0.0002185740
E[P_sel(18)] = 0.0002316769
E[P_sel(19)] = 0.0002633428

---- Expected D_neut and D_sel (neutral and selected divergence per site) 
E[D_neut] = 0.0199081341
E[D_sel] = 0.0125269084

---- Expected neutral and selected misattributed polymorphism per site
E[mis_neut] = 0.0005509162
E[mis_sel] = 0.0003320503

---- alpha_div = 0.259428
---- alpha_dfe = 0.259175

