---- Running command
---- ./polyDFE -d Mmc/606.polyDFE.config.txt -m C -e 
---- Performing inference using model C

---- Performing inference on Mmc/606.polyDFE.config.txt
---- No mutation variability. Using Poisson likelihood.


---- Calculating initial values

-- Starting local optimization
-- Optimizing all parameters
  it        eps_an        lambda     theta_bar           S_d             b           p_b           S_b           r 2           r 3           r 4           r 5           r 6           r 7           r 8           r 9          r 10          r 11          r 12          r 13          r 14          r 15          r 16          r 17          r 18          r 19          r 20           ln lk          grad status 
   0           0.1 0.01925731119 0.01135025944        -20000         0.208           0.1            20 0.87713993659 0.73435731529 0.64481577009 0.58278240627 0.55771506166 0.54548033860 0.53507219455 0.53682036971 0.55759370898 0.55857329779 0.59900587451 0.62627304375 0.66118522195 0.75695635466 0.85879369207 1.11505379382 1.58982096860             1             1 -1116343.414858 23176.6363999   -2 
 692 0.00019892874 0.01918790536 0.01013489677 -71.141826664 0.12913434740 0.02636548668 6.16019994680 0.86656461969 0.72109488273 0.62134944569 0.55843450952 0.52827009062 0.51277905560 0.49589474485 0.48759849386 0.49819336363 0.48933378122 0.51330770057 0.51477563282 0.52838328368 0.56769688200 0.59048551358 0.65317175536 0.71725839609 0.83544229891 1.26203771338 -276.9558770735 0.01297459009   -3 
-- Local optimization: stuck in the same solution
---- Best joint likelihood found -276.955877073516604 with gradient 0.01297

---- Results for Mmc/606.polyDFE.config.txt 
--  Model: C
--        eps_an        lambda     theta_bar             a 
-- 0.00019892874 0.01918790536 0.01013489677            -1 
--           S_d             b           p_b           S_b 
-- -71.141826664 0.12913434740 0.02636548668 6.16019994680 
--           r 2           r 3           r 4           r 5           r 6           r 7           r 8           r 9          r 10          r 11          r 12          r 13          r 14          r 15          r 16          r 17          r 18          r 19          r 20 
-- 0.86656461969 0.72109488273 0.62134944569 0.55843450952 0.52827009062 0.51277905560 0.49589474485 0.48759849386 0.49819336363 0.48933378122 0.51330770057 0.51477563282 0.52838328368 0.56769688200 0.59048551358 0.65317175536 0.71725839609 0.83544229891 1.26203771338 

---- Expected P_neut(i), 0 < i < n (neutral SFS per site) 
E[P_neut(1)] = 0.0101329693
E[P_neut(2)] = 0.0043904783
E[P_neut(3)] = 0.0024356669
E[P_neut(4)] = 0.0015740893
E[P_neut(5)] = 0.0011317864
E[P_neut(6)] = 0.0008922257
E[P_neut(7)] = 0.0007423554
E[P_neut(8)] = 0.0006281915
E[P_neut(9)] = 0.0005490649
E[P_neut(10)] = 0.0005049138
E[P_neut(11)] = 0.0004508693
E[P_neut(12)] = 0.0004335654
E[P_neut(13)] = 0.0004013908
E[P_neut(14)] = 0.0003826093
E[P_neut(15)] = 0.0003837188
E[P_neut(16)] = 0.0003742706
E[P_neut(17)] = 0.0003898088
E[P_neut(18)] = 0.0004046454
E[P_neut(19)] = 0.0004475654

---- Expected P_sel(i), 0 < i < n (selected SFS per site) 
E[P_sel(1)] = 0.0072432542
E[P_sel(2)] = 0.0028251113
E[P_sel(3)] = 0.0014867487
E[P_sel(4)] = 0.0009293648
E[P_sel(5)] = 0.0006527252
E[P_sel(6)] = 0.0005056422
E[P_sel(7)] = 0.0004151050
E[P_sel(8)] = 0.0003476522
E[P_sel(9)] = 0.0003014793
E[P_sel(10)] = 0.0002756486
E[P_sel(11)] = 0.0002452192
E[P_sel(12)] = 0.0002353771
E[P_sel(13)] = 0.0002179504
E[P_sel(14)] = 0.0002082516
E[P_sel(15)] = 0.0002098952
E[P_sel(16)] = 0.0002063886
E[P_sel(17)] = 0.0002175625
E[P_sel(18)] = 0.0002298025
E[P_sel(19)] = 0.0002607244

---- Expected D_neut and D_sel (neutral and selected divergence per site) 
E[D_neut] = 0.0198274365
E[D_sel] = 0.0125020499

---- Expected neutral and selected misattributed polymorphism per site
E[mis_neut] = 0.0006395311
E[mis_sel] = 0.0003848036

---- alpha_div = 0.266389
---- alpha_dfe = 0.266173

