---- Running command
---- ./polyDFE -d Mmc/607.polyDFE.config.txt -m C -e 
---- Performing inference using model C

---- Performing inference on Mmc/607.polyDFE.config.txt
---- No mutation variability. Using Poisson likelihood.


---- Calculating initial values

-- Starting local optimization
-- Optimizing all parameters
  it        eps_an        lambda     theta_bar           S_d             b           p_b           S_b           r 2           r 3           r 4           r 5           r 6           r 7           r 8           r 9          r 10          r 11          r 12          r 13          r 14          r 15          r 16          r 17          r 18          r 19          r 20           ln lk          grad status 
   0           0.1 0.01927026661 0.01136383969        -20000         0.208           0.1            20 0.87500705230 0.73455348922 0.64793978522 0.58417487600 0.55467102446 0.54134753412 0.53630312043 0.53787448925 0.55219883442 0.56147012135 0.59887193990 0.62766036546 0.66159076021 0.74405202283 0.86576309171 1.11204046432 1.58449727558             1             1 -1115836.654526 23161.5249808   -2 
 528 0.00202878780 0.01927654870 0.01015791480 -78.795206531 0.12233222602 0.02078641234 7.37526484090 0.86761401063 0.72041206554 0.62332254425 0.55905596121 0.52880655622 0.50839994858 0.49374128968 0.48763983050 0.49485869515 0.48645823150 0.51340533245 0.52098822154 0.52189893586 0.55771254831 0.58907529198 0.64524686078 0.69946372304 0.79252396076 1.11179794427 -282.3767737764 0.09091896858   -3 
-- Local optimization: stuck in the same solution
---- Best joint likelihood found -282.376773776471964 with gradient 0.09092

---- Results for Mmc/607.polyDFE.config.txt 
--  Model: C
--        eps_an        lambda     theta_bar             a 
-- 0.00202878780 0.01927654870 0.01015791480            -1 
--           S_d             b           p_b           S_b 
-- -78.795206531 0.12233222602 0.02078641234 7.37526484090 
--           r 2           r 3           r 4           r 5           r 6           r 7           r 8           r 9          r 10          r 11          r 12          r 13          r 14          r 15          r 16          r 17          r 18          r 19          r 20 
-- 0.86761401063 0.72041206554 0.62332254425 0.55905596121 0.52880655622 0.50839994858 0.49374128968 0.48763983050 0.49485869515 0.48645823150 0.51340533245 0.52098822154 0.52189893586 0.55771254831 0.58907529198 0.64524686078 0.69946372304 0.79252396076 1.11179794427 

---- Expected P_neut(i), 0 < i < n (neutral SFS per site) 
E[P_neut(1)] = 0.0101381662
E[P_neut(2)] = 0.0043984354
E[P_neut(3)] = 0.0024351282
E[P_neut(4)] = 0.0015804617
E[P_neut(5)] = 0.0011342306
E[P_neut(6)] = 0.0008942139
E[P_neut(7)] = 0.0007370839
E[P_neut(8)] = 0.0006265326
E[P_neut(9)] = 0.0005501730
E[P_neut(10)] = 0.0005026732
E[P_neut(11)] = 0.0004494235
E[P_neut(12)] = 0.0004349842
E[P_neut(13)] = 0.0004077596
E[P_neut(14)] = 0.0003797198
E[P_neut(15)] = 0.0003792178
E[P_neut(16)] = 0.0003764387
E[P_neut(17)] = 0.0003897174
E[P_neut(18)] = 0.0004028666
E[P_neut(19)] = 0.0004434534

---- Expected P_sel(i), 0 < i < n (selected SFS per site) 
E[P_sel(1)] = 0.0072360318
E[P_sel(2)] = 0.0028348339
E[P_sel(3)] = 0.0014915005
E[P_sel(4)] = 0.0009372725
E[P_sel(5)] = 0.0006574234
E[P_sel(6)] = 0.0005094678
E[P_sel(7)] = 0.0004143869
E[P_sel(8)] = 0.0003485800
E[P_sel(9)] = 0.0003036254
E[P_sel(10)] = 0.0002757209
E[P_sel(11)] = 0.0002454657
E[P_sel(12)] = 0.0002369990
E[P_sel(13)] = 0.0002220456
E[P_sel(14)] = 0.0002071041
E[P_sel(15)] = 0.0002076761
E[P_sel(16)] = 0.0002076566
E[P_sel(17)] = 0.0002174765
E[P_sel(18)] = 0.0002289418
E[P_sel(19)] = 0.0002602409

---- Expected D_neut and D_sel (neutral and selected divergence per site) 
E[D_neut] = 0.0198412261
E[D_sel] = 0.0125355657

---- Expected neutral and selected misattributed polymorphism per site
E[mis_neut] = 0.0005646774
E[mis_sel] = 0.0003391960

---- alpha_div = 0.248628
---- alpha_dfe = 0.248403

