---- Running command
---- ./polyDFE -d Mmc/608.polyDFE.config.txt -m C -e 
---- Performing inference using model C

---- Performing inference on Mmc/608.polyDFE.config.txt
---- No mutation variability. Using Poisson likelihood.


---- Calculating initial values

-- Starting local optimization
-- Optimizing all parameters
  it        eps_an        lambda     theta_bar           S_d             b           p_b           S_b           r 2           r 3           r 4           r 5           r 6           r 7           r 8           r 9          r 10          r 11          r 12          r 13          r 14          r 15          r 16          r 17          r 18          r 19          r 20           ln lk          grad status 
   0           0.1 0.01924629153 0.01137267196        -20000         0.208           0.1            20 0.86897540573 0.73290465930 0.64299138653 0.58316751027 0.55466862245 0.53761542420 0.53233104207 0.53028221846 0.55667656320 0.55468587219 0.59471715240 0.62286863946 0.66234679427 0.75176275582 0.86151153320 1.10315214684 1.58916634102             1             1 -1110902.951861 23086.3443875   -2 
 478 0.00284302528 0.01930992284 0.01016525746 -80.461919706 0.11986558793 0.01612982882 9.27159185641 0.86250059281 0.71952518326 0.62076966857 0.55440459031 0.52725426402 0.50651423465 0.49059719394 0.48445612626 0.49597533618 0.48201698761 0.51243129314 0.51567229334 0.51943586486 0.55661925788 0.57976781070 0.63918941146 0.70778156986 0.78122342500 1.00033489546 -270.4768000621 3.71929429905   -3 
-- Local optimization: stuck in the same solution
---- Best joint likelihood found -270.476800062111579 with gradient 3.71929

---- Results for Mmc/608.polyDFE.config.txt 
--  Model: C
--        eps_an        lambda     theta_bar             a 
-- 0.00284302528 0.01930992284 0.01016525746            -1 
--           S_d             b           p_b           S_b 
-- -80.461919706 0.11986558793 0.01612982882 9.27159185641 
--           r 2           r 3           r 4           r 5           r 6           r 7           r 8           r 9          r 10          r 11          r 12          r 13          r 14          r 15          r 16          r 17          r 18          r 19          r 20 
-- 0.86250059281 0.71952518326 0.62076966857 0.55440459031 0.52725426402 0.50651423465 0.49059719394 0.48445612626 0.49597533618 0.48201698761 0.51243129314 0.51567229334 0.51943586486 0.55661925788 0.57976781070 0.63918941146 0.70778156986 0.78122342500 1.00033489546 

---- Expected P_neut(i), 0 < i < n (neutral SFS per site) 
E[P_neut(1)] = 0.0101375457
E[P_neut(2)] = 0.0043724435
E[P_neut(3)] = 0.0024322081
E[P_neut(4)] = 0.0015741330
E[P_neut(5)] = 0.0011250010
E[P_neut(6)] = 0.0008918119
E[P_neut(7)] = 0.0007346049
E[P_neut(8)] = 0.0006228427
E[P_neut(9)] = 0.0005468909
E[P_neut(10)] = 0.0005041717
E[P_neut(11)] = 0.0004457281
E[P_neut(12)] = 0.0004346212
E[P_neut(13)] = 0.0004041711
E[P_neut(14)] = 0.0003786244
E[P_neut(15)] = 0.0003793439
E[P_neut(16)] = 0.0003717809
E[P_neut(17)] = 0.0003880522
E[P_neut(18)] = 0.0004110369
E[P_neut(19)] = 0.0004456769

---- Expected P_sel(i), 0 < i < n (selected SFS per site) 
E[P_sel(1)] = 0.0072374064
E[P_sel(2)] = 0.0028209545
E[P_sel(3)] = 0.0014916391
E[P_sel(4)] = 0.0009347414
E[P_sel(5)] = 0.0006528357
E[P_sel(6)] = 0.0005085664
E[P_sel(7)] = 0.0004132316
E[P_sel(8)] = 0.0003465797
E[P_sel(9)] = 0.0003017080
E[P_sel(10)] = 0.0002762836
E[P_sel(11)] = 0.0002430568
E[P_sel(12)] = 0.0002362436
E[P_sel(13)] = 0.0002193912
E[P_sel(14)] = 0.0002056656
E[P_sel(15)] = 0.0002067059
E[P_sel(16)] = 0.0002038894
E[P_sel(17)] = 0.0002151625
E[P_sel(18)] = 0.0002321838
E[P_sel(19)] = 0.0002613597

---- Expected D_neut and D_sel (neutral and selected divergence per site) 
E[D_neut] = 0.0198183559
E[D_sel] = 0.0125552284

---- Expected neutral and selected misattributed polymorphism per site
E[mis_neut] = 0.0005084331
E[mis_sel] = 0.0003040082

---- alpha_div = 0.239950
---- alpha_dfe = 0.239604

