---- Running command
---- ./polyDFE -d Mmc/609.polyDFE.config.txt -m C -e 
---- Performing inference using model C

---- Performing inference on Mmc/609.polyDFE.config.txt
---- No mutation variability. Using Poisson likelihood.


---- Calculating initial values

-- Starting local optimization
-- Optimizing all parameters
  it        eps_an        lambda     theta_bar           S_d             b           p_b           S_b           r 2           r 3           r 4           r 5           r 6           r 7           r 8           r 9          r 10          r 11          r 12          r 13          r 14          r 15          r 16          r 17          r 18          r 19          r 20           ln lk          grad status 
   0           0.1 0.01926576210 0.01135014422        -20000         0.208           0.1            20 0.87106500079 0.73520937586 0.64671329828 0.58182783058 0.55640442141 0.53963024135 0.54295904704 0.53486239883 0.55314542212 0.55375462441 0.59732230745 0.62610370663 0.66238682515 0.75284170747 0.87765695498 1.11641478580 1.59391422781             1             1 -1113754.918899 23110.5730405   -2 
 876 0.00059887417 0.01928979647 0.01012600300 -75.443491616 0.12239140147 0.01726962216 8.67231692092 0.86629506344 0.72146543568 0.62213047029 0.55488091495 0.52879566089 0.50895932169 0.49855589319 0.48976204976 0.49683050958 0.48720969607 0.51323922608 0.51808655850 0.52302006088 0.56267018874 0.60369371481 0.65608791343 0.72538604099 0.84099103736 1.07806588398 -282.9832882062 0.04504986909   -3 
-- Local optimization: stuck in the same solution
---- Best joint likelihood found -282.983288206232828 with gradient 0.04505

---- Results for Mmc/609.polyDFE.config.txt 
--  Model: C
--        eps_an        lambda     theta_bar             a 
-- 0.00059887417 0.01928979647 0.01012600300            -1 
--           S_d             b           p_b           S_b 
-- -75.443491616 0.12239140147 0.01726962216 8.67231692092 
--           r 2           r 3           r 4           r 5           r 6           r 7           r 8           r 9          r 10          r 11          r 12          r 13          r 14          r 15          r 16          r 17          r 18          r 19          r 20 
-- 0.86629506344 0.72146543568 0.62213047029 0.55488091495 0.52879566089 0.50895932169 0.49855589319 0.48976204976 0.49683050958 0.48720969607 0.51323922608 0.51808655850 0.52302006088 0.56267018874 0.60369371481 0.65608791343 0.72538604099 0.84099103736 1.07806588398 

---- Expected P_neut(i), 0 < i < n (neutral SFS per site) 
E[P_neut(1)] = 0.0101202072
E[P_neut(2)] = 0.0043836709
E[P_neut(3)] = 0.0024339627
E[P_neut(4)] = 0.0015742094
E[P_neut(5)] = 0.0011232997
E[P_neut(6)] = 0.0008921232
E[P_neut(7)] = 0.0007360470
E[P_neut(8)] = 0.0006309288
E[P_neut(9)] = 0.0005509755
E[P_neut(10)] = 0.0005030907
E[P_neut(11)] = 0.0004485602
E[P_neut(12)] = 0.0004332070
E[P_neut(13)] = 0.0004037489
E[P_neut(14)] = 0.0003786010
E[P_neut(15)] = 0.0003802855
E[P_neut(16)] = 0.0003827771
E[P_neut(17)] = 0.0003920213
E[P_neut(18)] = 0.0004104524
E[P_neut(19)] = 0.0004539999

---- Expected P_sel(i), 0 < i < n (selected SFS per site) 
E[P_sel(1)] = 0.0072440737
E[P_sel(2)] = 0.0028322646
E[P_sel(3)] = 0.0014936783
E[P_sel(4)] = 0.0009349163
E[P_sel(5)] = 0.0006517172
E[P_sel(6)] = 0.0005085198
E[P_sel(7)] = 0.0004137928
E[P_sel(8)] = 0.0003508290
E[P_sel(9)] = 0.0003037244
E[P_sel(10)] = 0.0002754684
E[P_sel(11)] = 0.0002444036
E[P_sel(12)] = 0.0002352911
E[P_sel(13)] = 0.0002189986
E[P_sel(14)] = 0.0002055045
E[P_sel(15)] = 0.0002070684
E[P_sel(16)] = 0.0002097269
E[P_sel(17)] = 0.0002170350
E[P_sel(18)] = 0.0002310423
E[P_sel(19)] = 0.0002628815

---- Expected D_neut and D_sel (neutral and selected divergence per site) 
E[D_neut] = 0.0198356214
E[D_sel] = 0.0125212652

---- Expected neutral and selected misattributed polymorphism per site
E[mis_neut] = 0.0005458249
E[mis_sel] = 0.0003260093

---- alpha_div = 0.241522
---- alpha_dfe = 0.241321

