---- Running command
---- ./polyDFE -d Mmc/61.polyDFE.config.txt -m C -e 
---- Performing inference using model C

---- Performing inference on Mmc/61.polyDFE.config.txt
---- No mutation variability. Using Poisson likelihood.


---- Calculating initial values

-- Starting local optimization
-- Optimizing all parameters
  it        eps_an        lambda     theta_bar           S_d             b           p_b           S_b           r 2           r 3           r 4           r 5           r 6           r 7           r 8           r 9          r 10          r 11          r 12          r 13          r 14          r 15          r 16          r 17          r 18          r 19          r 20           ln lk          grad status 
   0           0.1 0.01927929123 0.01137766832        -20000         0.208           0.1            20 0.87046407296 0.73181831701 0.64392430479 0.58605128315 0.55345733578 0.54024129321 0.53853286830 0.52861215247 0.56071023731 0.55326237594 0.59216498170 0.62781707823 0.66501497542 0.74777776384 0.86616143097 1.10313162961 1.57216653376             1             1 -1114613.582767 23155.3327469   -2 
 889 0.00062199661 0.01930938218 0.01015845931 -80.546152301 0.12220789090 0.02189702127 7.02148512698 0.86205790612 0.71959256710 0.62170953847 0.55804121607 0.52444776469 0.50580974944 0.49637101343 0.48414845069 0.50308178372 0.48502052910 0.51070525641 0.51848152616 0.52248916370 0.55792394230 0.59197708386 0.64543032176 0.70715610769 0.82563047470 1.06321465436 -270.7508713160 0.04389083472   -3 
-- Local optimization: stuck in the same solution
---- Best joint likelihood found -270.750871316020493 with gradient 0.04389

---- Results for Mmc/61.polyDFE.config.txt 
--  Model: C
--        eps_an        lambda     theta_bar             a 
-- 0.00062199661 0.01930938218 0.01015845931            -1 
--           S_d             b           p_b           S_b 
-- -80.546152301 0.12220789090 0.02189702127 7.02148512698 
--           r 2           r 3           r 4           r 5           r 6           r 7           r 8           r 9          r 10          r 11          r 12          r 13          r 14          r 15          r 16          r 17          r 18          r 19          r 20 
-- 0.86205790612 0.71959256710 0.62170953847 0.55804121607 0.52444776469 0.50580974944 0.49637101343 0.48414845069 0.50308178372 0.48502052910 0.51070525641 0.51848152616 0.52248916370 0.55792394230 0.59197708386 0.64543032176 0.70715610769 0.82563047470 1.06321465436 

---- Expected P_neut(i), 0 < i < n (neutral SFS per site) 
E[P_neut(1)] = 0.0101524154
E[P_neut(2)] = 0.0043761148
E[P_neut(3)] = 0.0024353749
E[P_neut(4)] = 0.0015781545
E[P_neut(5)] = 0.0011332976
E[P_neut(6)] = 0.0008876137
E[P_neut(7)] = 0.0007338308
E[P_neut(8)] = 0.0006301725
E[P_neut(9)] = 0.0005464056
E[P_neut(10)] = 0.0005110536
E[P_neut(11)] = 0.0004479760
E[P_neut(12)] = 0.0004324547
E[P_neut(13)] = 0.0004053564
E[P_neut(14)] = 0.0003794368
E[P_neut(15)] = 0.0003783134
E[P_neut(16)] = 0.0003765967
E[P_neut(17)] = 0.0003869567
E[P_neut(18)] = 0.0004015650
E[P_neut(19)] = 0.0004474720

---- Expected P_sel(i), 0 < i < n (selected SFS per site) 
E[P_sel(1)] = 0.0072348531
E[P_sel(2)] = 0.0028164645
E[P_sel(3)] = 0.0014898425
E[P_sel(4)] = 0.0009349375
E[P_sel(5)] = 0.0006563152
E[P_sel(6)] = 0.0005053526
E[P_sel(7)] = 0.0004123356
E[P_sel(8)] = 0.0003504733
E[P_sel(9)] = 0.0003014828
E[P_sel(10)] = 0.0002803062
E[P_sel(11)] = 0.0002447074
E[P_sel(12)] = 0.0002356935
E[P_sel(13)] = 0.0002208423
E[P_sel(14)] = 0.0002070793
E[P_sel(15)] = 0.0002073342
E[P_sel(16)] = 0.0002078959
E[P_sel(17)] = 0.0002160330
E[P_sel(18)] = 0.0002280190
E[P_sel(19)] = 0.0002609900

---- Expected D_neut and D_sel (neutral and selected divergence per site) 
E[D_neut] = 0.0198494133
E[D_sel] = 0.0125281589

---- Expected neutral and selected misattributed polymorphism per site
E[mis_neut] = 0.0005400311
E[mis_sel] = 0.0003245549

---- alpha_div = 0.250081
---- alpha_dfe = 0.249975

