---- Running command
---- ./polyDFE -d Mmc/610.polyDFE.config.txt -m C -e 
---- Performing inference using model C

---- Performing inference on Mmc/610.polyDFE.config.txt
---- No mutation variability. Using Poisson likelihood.


---- Calculating initial values

-- Starting local optimization
-- Optimizing all parameters
  it        eps_an        lambda     theta_bar           S_d             b           p_b           S_b           r 2           r 3           r 4           r 5           r 6           r 7           r 8           r 9          r 10          r 11          r 12          r 13          r 14          r 15          r 16          r 17          r 18          r 19          r 20           ln lk          grad status 
   0           0.1 0.01925719258 0.01136012751        -20000         0.208           0.1            20 0.87434097853 0.73707697123 0.64512408357 0.58751861738 0.56378505700 0.53745206345 0.53726369312 0.52708870137 0.55009508396 0.55372047433 0.58989172973 0.61692724290 0.67010205869 0.75067546064 0.86490368330 1.11713748620 1.59238605192             1             1 -1115019.407573 23128.1634168   -2 
 933 0.00062597363 0.01927473759 0.01014954607 -80.352481224 0.12032256060 0.01738174307 8.56921650728 0.86555880959 0.72070936005 0.62120875360 0.55784429561 0.53023457014 0.50756775711 0.49958296435 0.48648594023 0.49353917509 0.48350161970 0.50911885571 0.51158102637 0.52762826452 0.56074979154 0.58842257792 0.65642086865 0.71201901163 0.82745489176 1.09036637089 -284.5056833001 0.04587744928   -8 
-- Local optimization: reached maximum number of likelihood evaluations allowed.
---- Best joint likelihood found -284.505683300129022 with gradient 0.04588

---- Results for Mmc/610.polyDFE.config.txt 
--  Model: C
--        eps_an        lambda     theta_bar             a 
-- 0.00062597363 0.01927473759 0.01014954607            -1 
--           S_d             b           p_b           S_b 
-- -80.352481224 0.12032256060 0.01738174307 8.56921650728 
--           r 2           r 3           r 4           r 5           r 6           r 7           r 8           r 9          r 10          r 11          r 12          r 13          r 14          r 15          r 16          r 17          r 18          r 19          r 20 
-- 0.86555880959 0.72070936005 0.62120875360 0.55784429561 0.53023457014 0.50756775711 0.49958296435 0.48648594023 0.49353917509 0.48350161970 0.50911885571 0.51158102637 0.52762826452 0.56074979154 0.58842257792 0.65642086865 0.71201901163 0.82745489176 1.09036637089 

---- Expected P_neut(i), 0 < i < n (neutral SFS per site) 
E[P_neut(1)] = 0.0101434694
E[P_neut(2)] = 0.0043900162
E[P_neut(3)] = 0.0024370100
E[P_neut(4)] = 0.0015754937
E[P_neut(5)] = 0.0011319019
E[P_neut(6)] = 0.0008966180
E[P_neut(7)] = 0.0007357297
E[P_neut(8)] = 0.0006336903
E[P_neut(9)] = 0.0005485593
E[P_neut(10)] = 0.0005009199
E[P_neut(11)] = 0.0004461843
E[P_neut(12)] = 0.0004307376
E[P_neut(13)] = 0.0003996195
E[P_neut(14)] = 0.0003828354
E[P_neut(15)] = 0.0003798950
E[P_neut(16)] = 0.0003740169
E[P_neut(17)] = 0.0003931853
E[P_neut(18)] = 0.0004039799
E[P_neut(19)] = 0.0004480920

---- Expected P_sel(i), 0 < i < n (selected SFS per site) 
E[P_sel(1)] = 0.0072406805
E[P_sel(2)] = 0.0028317224
E[P_sel(3)] = 0.0014943023
E[P_sel(4)] = 0.0009354237
E[P_sel(5)] = 0.0006568055
E[P_sel(6)] = 0.0005113291
E[P_sel(7)] = 0.0004139295
E[P_sel(8)] = 0.0003527161
E[P_sel(9)] = 0.0003027559
E[P_sel(10)] = 0.0002746585
E[P_sel(11)] = 0.0002434834
E[P_sel(12)] = 0.0002343429
E[P_sel(13)] = 0.0002171494
E[P_sel(14)] = 0.0002081987
E[P_sel(15)] = 0.0002072668
E[P_sel(16)] = 0.0002053458
E[P_sel(17)] = 0.0002181263
E[P_sel(18)] = 0.0002278537
E[P_sel(19)] = 0.0002599315

---- Expected D_neut and D_sel (neutral and selected divergence per site) 
E[D_neut] = 0.0198280738
E[D_sel] = 0.0125242080

---- Expected neutral and selected misattributed polymorphism per site
E[mis_neut] = 0.0005533362
E[mis_sel] = 0.0003309618

---- alpha_div = 0.240197
---- alpha_dfe = 0.239951

