---- Running command
---- ./polyDFE -d Mmc/611.polyDFE.config.txt -m C -e 
---- Performing inference using model C

---- Performing inference on Mmc/611.polyDFE.config.txt
---- No mutation variability. Using Poisson likelihood.


---- Calculating initial values

-- Starting local optimization
-- Optimizing all parameters
  it        eps_an        lambda     theta_bar           S_d             b           p_b           S_b           r 2           r 3           r 4           r 5           r 6           r 7           r 8           r 9          r 10          r 11          r 12          r 13          r 14          r 15          r 16          r 17          r 18          r 19          r 20           ln lk          grad status 
   0           0.1 0.01928979540 0.01134969417        -20000         0.208           0.1            20 0.87674428010 0.73783094516 0.64752325702 0.57838371495 0.56220268715 0.54102421019 0.54276029037 0.52879758027 0.55484501885 0.55868567576 0.60105312007 0.62777318370 0.66710642388 0.74646713079 0.87015463741 1.10723439404 1.57594109316             1             1 -1117676.594289 23181.6718149   -2 
 299 0.00312232200 0.01931754478 0.01018334277 -104.79603769 0.10495937145 0.00241257434 50.2838743264 0.86299111100 0.72022042958 0.61885792176 0.55062437678 0.52816060030 0.50684021526 0.49193031061 0.47780062879 0.49673122472 0.48448362048 0.51282307250 0.51744626068 0.52476206501 0.55727118994 0.59328607762 0.64429235199 0.69850418810 0.79590800726 1.05356589910 -307.1926221202 0.28646928222   -3 
-- Local optimization: stuck in the same solution
---- Best joint likelihood found -307.192622120288434 with gradient 0.28647

---- Results for Mmc/611.polyDFE.config.txt 
--  Model: C
--        eps_an        lambda     theta_bar             a 
-- 0.00312232200 0.01931754478 0.01018334277            -1 
--           S_d             b           p_b           S_b 
-- -104.79603769 0.10495937145 0.00241257434 50.2838743264 
--           r 2           r 3           r 4           r 5           r 6           r 7           r 8           r 9          r 10          r 11          r 12          r 13          r 14          r 15          r 16          r 17          r 18          r 19          r 20 
-- 0.86299111100 0.72022042958 0.61885792176 0.55062437678 0.52816060030 0.50684021526 0.49193031061 0.47780062879 0.49673122472 0.48448362048 0.51282307250 0.51744626068 0.52476206501 0.55727118994 0.59328607762 0.64429235199 0.69850418810 0.79590800726 1.05356589910 

---- Expected P_neut(i), 0 < i < n (neutral SFS per site) 
E[P_neut(1)] = 0.0101528790
E[P_neut(2)] = 0.0043815813
E[P_neut(3)] = 0.0024383222
E[P_neut(4)] = 0.0015717703
E[P_neut(5)] = 0.0011191191
E[P_neut(6)] = 0.0008947997
E[P_neut(7)] = 0.0007362959
E[P_neut(8)] = 0.0006255905
E[P_neut(9)] = 0.0005403355
E[P_neut(10)] = 0.0005058384
E[P_neut(11)] = 0.0004488024
E[P_neut(12)] = 0.0004357841
E[P_neut(13)] = 0.0004063699
E[P_neut(14)] = 0.0003833094
E[P_neut(15)] = 0.0003806458
E[P_neut(16)] = 0.0003813425
E[P_neut(17)] = 0.0003923724
E[P_neut(18)] = 0.0004076585
E[P_neut(19)] = 0.0004570429

---- Expected P_sel(i), 0 < i < n (selected SFS per site) 
E[P_sel(1)] = 0.0072332072
E[P_sel(2)] = 0.0028422276
E[P_sel(3)] = 0.0015093871
E[P_sel(4)] = 0.0009439654
E[P_sel(5)] = 0.0006574201
E[P_sel(6)] = 0.0005166425
E[P_sel(7)] = 0.0004191772
E[P_sel(8)] = 0.0003519705
E[P_sel(9)] = 0.0003009556
E[P_sel(10)] = 0.0002792984
E[P_sel(11)] = 0.0002459472
E[P_sel(12)] = 0.0002372696
E[P_sel(13)] = 0.0002200488
E[P_sel(14)] = 0.0002066546
E[P_sel(15)] = 0.0002045799
E[P_sel(16)] = 0.0002046986
E[P_sel(17)] = 0.0002110196
E[P_sel(18)] = 0.0002212447
E[P_sel(19)] = 0.0002567571

---- Expected D_neut and D_sel (neutral and selected divergence per site) 
E[D_neut] = 0.0198539859
E[D_sel] = 0.0125545388

---- Expected neutral and selected misattributed polymorphism per site
E[mis_neut] = 0.0005364411
E[mis_sel] = 0.0003037572

---- alpha_div = 0.191099
---- alpha_dfe = 0.191413

