---- Running command
---- ./polyDFE -d Mmc/612.polyDFE.config.txt -m C -e 
---- Performing inference using model C

---- Performing inference on Mmc/612.polyDFE.config.txt
---- No mutation variability. Using Poisson likelihood.


---- Calculating initial values

-- Starting local optimization
-- Optimizing all parameters
  it        eps_an        lambda     theta_bar           S_d             b           p_b           S_b           r 2           r 3           r 4           r 5           r 6           r 7           r 8           r 9          r 10          r 11          r 12          r 13          r 14          r 15          r 16          r 17          r 18          r 19          r 20           ln lk          grad status 
   0           0.1 0.01928565054 0.01136363419        -20000         0.208           0.1            20 0.87258925008 0.73732549978 0.64271224199 0.58135179826 0.56093537683 0.53908946594 0.53851863066 0.52606711587 0.54495742207 0.55871214380 0.59042087156 0.61883663479 0.67076329419 0.74866844356 0.86666879391 1.11238382334 1.57856015258             1             1 -1115520.409280 23146.3081828   -2 
 575 0.00225427313 0.01929860404 0.01016851765 -80.736806399 0.12072632044 0.02046124926 7.37533255888 0.86266967299 0.72001319945 0.62017772277 0.55532238174 0.53006552121 0.50756472497 0.49610616527 0.48319968497 0.48933454914 0.48678342059 0.50793190895 0.51166159141 0.52250007553 0.55821503781 0.58958742253 0.64355639822 0.69258767369 0.78668207133 1.09421394923 -269.1135770598 0.15460924979   -8 
-- Local optimization: reached maximum number of likelihood evaluations allowed.
---- Best joint likelihood found -269.113577059833915 with gradient 0.15461

---- Results for Mmc/612.polyDFE.config.txt 
--  Model: C
--        eps_an        lambda     theta_bar             a 
-- 0.00225427313 0.01929860404 0.01016851765            -1 
--           S_d             b           p_b           S_b 
-- -80.736806399 0.12072632044 0.02046124926 7.37533255888 
--           r 2           r 3           r 4           r 5           r 6           r 7           r 8           r 9          r 10          r 11          r 12          r 13          r 14          r 15          r 16          r 17          r 18          r 19          r 20 
-- 0.86266967299 0.72001319945 0.62017772277 0.55532238174 0.53006552121 0.50756472497 0.49610616527 0.48319968497 0.48933454914 0.48678342059 0.50793190895 0.51166159141 0.52250007553 0.55821503781 0.58958742253 0.64355639822 0.69258767369 0.78668207133 1.09421394923 

---- Expected P_neut(i), 0 < i < n (neutral SFS per site) 
E[P_neut(1)] = 0.0101465441
E[P_neut(2)] = 0.0043770306
E[P_neut(3)] = 0.0024358552
E[P_neut(4)] = 0.0015738627
E[P_neut(5)] = 0.0011276683
E[P_neut(6)] = 0.0008971605
E[P_neut(7)] = 0.0007365517
E[P_neut(8)] = 0.0006301318
E[P_neut(9)] = 0.0005457198
E[P_neut(10)] = 0.0004975807
E[P_neut(11)] = 0.0004502041
E[P_neut(12)] = 0.0004308608
E[P_neut(13)] = 0.0004009784
E[P_neut(14)] = 0.0003806732
E[P_neut(15)] = 0.0003801075
E[P_neut(16)] = 0.0003774112
E[P_neut(17)] = 0.0003895758
E[P_neut(18)] = 0.0004002603
E[P_neut(19)] = 0.0004429941

---- Expected P_sel(i), 0 < i < n (selected SFS per site) 
E[P_sel(1)] = 0.0072439832
E[P_sel(2)] = 0.0028246071
E[P_sel(3)] = 0.0014947090
E[P_sel(4)] = 0.0009354400
E[P_sel(5)] = 0.0006552493
E[P_sel(6)] = 0.0005125194
E[P_sel(7)] = 0.0004152589
E[P_sel(8)] = 0.0003516104
E[P_sel(9)] = 0.0003020725
E[P_sel(10)] = 0.0002737595
E[P_sel(11)] = 0.0002466457
E[P_sel(12)] = 0.0002354699
E[P_sel(13)] = 0.0002190120
E[P_sel(14)] = 0.0002082361
E[P_sel(15)] = 0.0002087542
E[P_sel(16)] = 0.0002087541
E[P_sel(17)] = 0.0002179463
E[P_sel(18)] = 0.0002280027
E[P_sel(19)] = 0.0002606755

---- Expected D_neut and D_sel (neutral and selected divergence per site) 
E[D_neut] = 0.0198549307
E[D_sel] = 0.0125462585

---- Expected neutral and selected misattributed polymorphism per site
E[mis_neut] = 0.0005563267
E[mis_sel] = 0.0003345097

---- alpha_div = 0.244587
---- alpha_dfe = 0.244491

