---- Running command
---- ./polyDFE -d Mmc/613.polyDFE.config.txt -m C -e 
---- Performing inference using model C

---- Performing inference on Mmc/613.polyDFE.config.txt
---- No mutation variability. Using Poisson likelihood.


---- Calculating initial values

-- Starting local optimization
-- Optimizing all parameters
  it        eps_an        lambda     theta_bar           S_d             b           p_b           S_b           r 2           r 3           r 4           r 5           r 6           r 7           r 8           r 9          r 10          r 11          r 12          r 13          r 14          r 15          r 16          r 17          r 18          r 19          r 20           ln lk          grad status 
   0           0.1 0.01929911082 0.01135377498        -20000         0.208           0.1            20 0.87396025957 0.73547266054 0.64520349146 0.58188506146 0.55433311622 0.54345619254 0.53816964016 0.52670107688 0.55165196494 0.55635632325 0.59444424023 0.62604999250 0.66821259425  0.7433946553 0.86690187691 1.10937933000 1.58955862215             1             1 -1116223.487243 23172.4886633   -2 
 828 0.00127984611 0.01929731821 0.01014179284 -82.375740623 0.11985361025 0.02023880767 7.37529866930 0.86657347281 0.72178977852 0.62245438865 0.55508384817 0.52907491069 0.50697686156 0.49740992114 0.48286971290 0.49351790118 0.48430155854 0.50855542680 0.51336205775 0.52764912976 0.55650766464 0.58938479447 0.64750690903 0.71506441966 0.81316086271 1.12436215472 -271.3754099202 0.14022676665   -8 
-- Local optimization: reached maximum number of likelihood evaluations allowed.
---- Best joint likelihood found -271.375409920292441 with gradient 0.14023

---- Results for Mmc/613.polyDFE.config.txt 
--  Model: C
--        eps_an        lambda     theta_bar             a 
-- 0.00127984611 0.01929731821 0.01014179284            -1 
--           S_d             b           p_b           S_b 
-- -82.375740623 0.11985361025 0.02023880767 7.37529866930 
--           r 2           r 3           r 4           r 5           r 6           r 7           r 8           r 9          r 10          r 11          r 12          r 13          r 14          r 15          r 16          r 17          r 18          r 19          r 20 
-- 0.86657347281 0.72178977852 0.62245438865 0.55508384817 0.52907491069 0.50697686156 0.49740992114 0.48286971290 0.49351790118 0.48430155854 0.50855542680 0.51336205775 0.52764912976 0.55650766464 0.58938479447 0.64750690903 0.71506441966 0.81316086271 1.12436215472 

---- Expected P_neut(i), 0 < i < n (neutral SFS per site) 
E[P_neut(1)] = 0.0101293684
E[P_neut(2)] = 0.0043891959
E[P_neut(3)] = 0.0024374523
E[P_neut(4)] = 0.0015766591
E[P_neut(5)] = 0.0011249497
E[P_neut(6)] = 0.0008936393
E[P_neut(7)] = 0.0007340945
E[P_neut(8)] = 0.0006303216
E[P_neut(9)] = 0.0005440045
E[P_neut(10)] = 0.0005005156
E[P_neut(11)] = 0.0004466418
E[P_neut(12)] = 0.0004300623
E[P_neut(13)] = 0.0004009207
E[P_neut(14)] = 0.0003828917
E[P_neut(15)] = 0.0003772251
E[P_neut(16)] = 0.0003751304
E[P_neut(17)] = 0.0003889157
E[P_neut(18)] = 0.0004079992
E[P_neut(19)] = 0.0004464723

---- Expected P_sel(i), 0 < i < n (selected SFS per site) 
E[P_sel(1)] = 0.0072277341
E[P_sel(2)] = 0.0028322681
E[P_sel(3)] = 0.0014960493
E[P_sel(4)] = 0.0009375152
E[P_sel(5)] = 0.0006540485
E[P_sel(6)] = 0.0005108538
E[P_sel(7)] = 0.0004141833
E[P_sel(8)] = 0.0003519962
E[P_sel(9)] = 0.0003013708
E[P_sel(10)] = 0.0002756029
E[P_sel(11)] = 0.0002448943
E[P_sel(12)] = 0.0002352177
E[P_sel(13)] = 0.0002191385
E[P_sel(14)] = 0.0002095796
E[P_sel(15)] = 0.0002072699
E[P_sel(16)] = 0.0002075401
E[P_sel(17)] = 0.0002175294
E[P_sel(18)] = 0.0002321047
E[P_sel(19)] = 0.0002613479

---- Expected D_neut and D_sel (neutral and selected divergence per site) 
E[D_neut] = 0.0198674706
E[D_sel] = 0.0125409890

---- Expected neutral and selected misattributed polymorphism per site
E[mis_neut] = 0.0005701524
E[mis_sel] = 0.0003426538

---- alpha_div = 0.242146
---- alpha_dfe = 0.242082

