---- Running command
---- ./polyDFE -d Mmc/614.polyDFE.config.txt -m C -e 
---- Performing inference using model C

---- Performing inference on Mmc/614.polyDFE.config.txt
---- No mutation variability. Using Poisson likelihood.


---- Calculating initial values

-- Starting local optimization
-- Optimizing all parameters
  it        eps_an        lambda     theta_bar           S_d             b           p_b           S_b           r 2           r 3           r 4           r 5           r 6           r 7           r 8           r 9          r 10          r 11          r 12          r 13          r 14          r 15          r 16          r 17          r 18          r 19          r 20           ln lk          grad status 
   0           0.1 0.01928442638 0.01133726685        -20000         0.208           0.1            20 0.87631236727 0.73226634054 0.64169119638 0.57960415363 0.55661053458 0.53935934273 0.54207725577 0.53126216013 0.55624645608 0.56320580803 0.59535317478 0.61837982026 0.67438089804 0.74928161106 0.86653295379 1.11362474097 1.59078810631             1             1 -1117399.614121 23154.5425844   -2 
 418 0.00348348213 0.01934792073 0.01016527228 -87.875588047 0.11282052094 0.00873084681 15.2258335050 0.86473483923 0.71706999254 0.61596107798 0.55100395787 0.52573093478 0.50567380235 0.49574978899 0.48471422864 0.49356582352 0.48914280291 0.51146053143 0.50946348942 0.53160558362 0.55768967737 0.58895503756 0.64111822077 0.70155425283 0.76904785280 0.99095948393 -280.5745778968 0.22761125230   -3 
-- Local optimization: stuck in the same solution
---- Best joint likelihood found -280.574577896899427 with gradient 0.22761

---- Results for Mmc/614.polyDFE.config.txt 
--  Model: C
--        eps_an        lambda     theta_bar             a 
-- 0.00348348213 0.01934792073 0.01016527228            -1 
--           S_d             b           p_b           S_b 
-- -87.875588047 0.11282052094 0.00873084681 15.2258335050 
--           r 2           r 3           r 4           r 5           r 6           r 7           r 8           r 9          r 10          r 11          r 12          r 13          r 14          r 15          r 16          r 17          r 18          r 19          r 20 
-- 0.86473483923 0.71706999254 0.61596107798 0.55100395787 0.52573093478 0.50567380235 0.49574978899 0.48471422864 0.49356582352 0.48914280291 0.51146053143 0.50946348942 0.53160558362 0.55768967737 0.58895503756 0.64111822077 0.70155425283 0.76904785280 0.99095948393 

---- Expected P_neut(i), 0 < i < n (neutral SFS per site) 
E[P_neut(1)] = 0.0101312950
E[P_neut(2)] = 0.0043812023
E[P_neut(3)] = 0.0024226087
E[P_neut(4)] = 0.0015612036
E[P_neut(5)] = 0.0011176353
E[P_neut(6)] = 0.0008889416
E[P_neut(7)] = 0.0007331600
E[P_neut(8)] = 0.0006292439
E[P_neut(9)] = 0.0005471400
E[P_neut(10)] = 0.0005017231
E[P_neut(11)] = 0.0004523570
E[P_neut(12)] = 0.0004339464
E[P_neut(13)] = 0.0003995422
E[P_neut(14)] = 0.0003877521
E[P_neut(15)] = 0.0003805236
E[P_neut(16)] = 0.0003783299
E[P_neut(17)] = 0.0003904898
E[P_neut(18)] = 0.0004101241
E[P_neut(19)] = 0.0004454289

---- Expected P_sel(i), 0 < i < n (selected SFS per site) 
E[P_sel(1)] = 0.0072425181
E[P_sel(2)] = 0.0028400801
E[P_sel(3)] = 0.0014953674
E[P_sel(4)] = 0.0009338320
E[P_sel(5)] = 0.0006535087
E[P_sel(6)] = 0.0005107870
E[P_sel(7)] = 0.0004154378
E[P_sel(8)] = 0.0003525182
E[P_sel(9)] = 0.0003036634
E[P_sel(10)] = 0.0002763230
E[P_sel(11)] = 0.0002476023
E[P_sel(12)] = 0.0002364070
E[P_sel(13)] = 0.0002169690
E[P_sel(14)] = 0.0002102516
E[P_sel(15)] = 0.0002064572
E[P_sel(16)] = 0.0002059939
E[P_sel(17)] = 0.0002143277
E[P_sel(18)] = 0.0002288686
E[P_sel(19)] = 0.0002591290

---- Expected D_neut and D_sel (neutral and selected divergence per site) 
E[D_neut] = 0.0198515894
E[D_sel] = 0.0125294899

---- Expected neutral and selected misattributed polymorphism per site
E[mis_neut] = 0.0005036686
E[mis_sel] = 0.0002963891

---- alpha_div = 0.211645
---- alpha_dfe = 0.211610

