---- Running command
---- ./polyDFE -d Mmc/615.polyDFE.config.txt -m C -e 
---- Performing inference using model C

---- Performing inference on Mmc/615.polyDFE.config.txt
---- No mutation variability. Using Poisson likelihood.


---- Calculating initial values

-- Starting local optimization
-- Optimizing all parameters
  it        eps_an        lambda     theta_bar           S_d             b           p_b           S_b           r 2           r 3           r 4           r 5           r 6           r 7           r 8           r 9          r 10          r 11          r 12          r 13          r 14          r 15          r 16          r 17          r 18          r 19          r 20           ln lk          grad status 
   0           0.1 0.01929721817 0.01137442907        -20000         0.208           0.1            20 0.86961607919 0.73811585473 0.64367973194 0.58245865427 0.55942276531 0.54232159044 0.53437291981 0.53218462398 0.55739425371 0.55479359226 0.59695009338 0.62775019958 0.65637925067 0.75298463859 0.86246698745 1.10692614568 1.56782178255             1             1 -1116233.815831 23192.0030572   -2 
 697 0.00050519815 0.01929676546 0.01014547332 -77.606604075 0.12580059574 0.02873898175 5.57818895668 0.86509969802 0.72487102563 0.61940603285 0.55947584346 0.53068827834 0.50922608968 0.49236070940 0.48544003447 0.50025996922 0.48353116473 0.51675726472 0.51764118082 0.52095793324 0.56330324203 0.58677785040 0.64536964157 0.70444611963 0.83264765028 1.12597965123 -280.7929456163 0.05760528585   -3 
-- Local optimization: stuck in the same solution
---- Best joint likelihood found -280.792945616383804 with gradient 0.05761

---- Results for Mmc/615.polyDFE.config.txt 
--  Model: C
--        eps_an        lambda     theta_bar             a 
-- 0.00050519815 0.01929676546 0.01014547332            -1 
--           S_d             b           p_b           S_b 
-- -77.606604075 0.12580059574 0.02873898175 5.57818895668 
--           r 2           r 3           r 4           r 5           r 6           r 7           r 8           r 9          r 10          r 11          r 12          r 13          r 14          r 15          r 16          r 17          r 18          r 19          r 20 
-- 0.86509969802 0.72487102563 0.61940603285 0.55947584346 0.53068827834 0.50922608968 0.49236070940 0.48544003447 0.50025996922 0.48353116473 0.51675726472 0.51764118082 0.52095793324 0.56330324203 0.58677785040 0.64536964157 0.70444611963 0.83264765028 1.12597965123 

---- Expected P_neut(i), 0 < i < n (neutral SFS per site) 
E[P_neut(1)] = 0.0101405725
E[P_neut(2)] = 0.0043864065
E[P_neut(3)] = 0.0024503427
E[P_neut(4)] = 0.0015704361
E[P_neut(5)] = 0.0011348484
E[P_neut(6)] = 0.0008970847
E[P_neut(7)] = 0.0007378798
E[P_neut(8)] = 0.0006243093
E[P_neut(9)] = 0.0005471732
E[P_neut(10)] = 0.0005075374
E[P_neut(11)] = 0.0004460196
E[P_neut(12)] = 0.0004369903
E[P_neut(13)] = 0.0004041468
E[P_neut(14)] = 0.0003777887
E[P_neut(15)] = 0.0003813796
E[P_neut(16)] = 0.0003726769
E[P_neut(17)] = 0.0003861957
E[P_neut(18)] = 0.0003990686
E[P_neut(19)] = 0.0004495116

---- Expected P_sel(i), 0 < i < n (selected SFS per site) 
E[P_sel(1)] = 0.0072305498
E[P_sel(2)] = 0.0028218065
E[P_sel(3)] = 0.0014977228
E[P_sel(4)] = 0.0009295255
E[P_sel(5)] = 0.0006567218
E[P_sel(6)] = 0.0005105158
E[P_sel(7)] = 0.0004145971
E[P_sel(8)] = 0.0003473806
E[P_sel(9)] = 0.0003022374
E[P_sel(10)] = 0.0002788789
E[P_sel(11)] = 0.0002442704
E[P_sel(12)] = 0.0002389917
E[P_sel(13)] = 0.0002211569
E[P_sel(14)] = 0.0002072995
E[P_sel(15)] = 0.0002103638
E[P_sel(16)] = 0.0002072578
E[P_sel(17)] = 0.0002173651
E[P_sel(18)] = 0.0002284769
E[P_sel(19)] = 0.0002638946

---- Expected D_neut and D_sel (neutral and selected divergence per site) 
E[D_neut] = 0.0198679453
E[D_sel] = 0.0125331916

---- Expected neutral and selected misattributed polymorphism per site
E[mis_neut] = 0.0005711798
E[mis_sel] = 0.0003451619

---- alpha_div = 0.264578
---- alpha_dfe = 0.264408

