---- Running command
---- ./polyDFE -d Mmc/616.polyDFE.config.txt -m C -e 
---- Performing inference using model C

---- Performing inference on Mmc/616.polyDFE.config.txt
---- No mutation variability. Using Poisson likelihood.


---- Calculating initial values

-- Starting local optimization
-- Optimizing all parameters
  it        eps_an        lambda     theta_bar           S_d             b           p_b           S_b           r 2           r 3           r 4           r 5           r 6           r 7           r 8           r 9          r 10          r 11          r 12          r 13          r 14          r 15          r 16          r 17          r 18          r 19          r 20           ln lk          grad status 
   0           0.1 0.01925374921 0.01136088063        -20000         0.208           0.1            20 0.87262154609 0.73114063080 0.64548225932 0.58627689566 0.55620621440 0.54069894519 0.53500813070 0.53039854679 0.54932186286 0.55518632162 0.59459144816 0.62983288434 0.66525116500 0.75421320001 0.86455544610 1.10451983098 1.58304990411             1             1 -1115257.431326 23116.4768972   -2 
 789 0.00061514775 0.01928499007 0.01014880929 -76.235525763  0.1221862638 0.02071315445 7.33029359300 0.86258946039 0.71821026504 0.62118569201 0.55696982539 0.52800548447 0.50670742788 0.49243616989 0.48669737723 0.49492945662 0.48609782689 0.51336123395 0.52189788511 0.52720171828 0.56280772474 0.58851063759 0.64620538630 0.71336907468 0.82706856172 1.06273121120 -275.6310178858 0.07261077349   -3 
-- Local optimization: stuck in the same solution
---- Best joint likelihood found -275.631017885854817 with gradient 0.07261

---- Results for Mmc/616.polyDFE.config.txt 
--  Model: C
--        eps_an        lambda     theta_bar             a 
-- 0.00061514775 0.01928499007 0.01014880929            -1 
--           S_d             b           p_b           S_b 
-- -76.235525763  0.1221862638 0.02071315445 7.33029359300 
--           r 2           r 3           r 4           r 5           r 6           r 7           r 8           r 9          r 10          r 11          r 12          r 13          r 14          r 15          r 16          r 17          r 18          r 19          r 20 
-- 0.86258946039 0.71821026504 0.62118569201 0.55696982539 0.52800548447 0.50670742788 0.49243616989 0.48669737723 0.49492945662 0.48609782689 0.51336123395 0.52189788511 0.52720171828 0.56280772474 0.58851063759 0.64620538630 0.71336907468 0.82706856172 1.06273121120 

---- Expected P_neut(i), 0 < i < n (neutral SFS per site) 
E[P_neut(1)] = 0.0101428380
E[P_neut(2)] = 0.0043746828
E[P_neut(3)] = 0.0024284024
E[P_neut(4)] = 0.0015753339
E[P_neut(5)] = 0.0011300549
E[P_neut(6)] = 0.0008927902
E[P_neut(7)] = 0.0007344383
E[P_neut(8)] = 0.0006245879
E[P_neut(9)] = 0.0005487604
E[P_neut(10)] = 0.0005022945
E[P_neut(11)] = 0.0004485448
E[P_neut(12)] = 0.0004342843
E[P_neut(13)] = 0.0004076353
E[P_neut(14)] = 0.0003824907
E[P_neut(15)] = 0.0003812497
E[P_neut(16)] = 0.0003740325
E[P_neut(17)] = 0.0003870347
E[P_neut(18)] = 0.0004046589
E[P_neut(19)] = 0.0004477482

---- Expected P_sel(i), 0 < i < n (selected SFS per site) 
E[P_sel(1)] = 0.0072663459
E[P_sel(2)] = 0.0028311480
E[P_sel(3)] = 0.0014936549
E[P_sel(4)] = 0.0009382058
E[P_sel(5)] = 0.0006577983
E[P_sel(6)] = 0.0005108259
E[P_sel(7)] = 0.0004146559
E[P_sel(8)] = 0.0003489681
E[P_sel(9)] = 0.0003041164
E[P_sel(10)] = 0.0002766560
E[P_sel(11)] = 0.0002459865
E[P_sel(12)] = 0.0002375650
E[P_sel(13)] = 0.0002228416
E[P_sel(14)] = 0.0002093943
E[P_sel(15)] = 0.0002095234
E[P_sel(16)] = 0.0002069826
E[P_sel(17)] = 0.0002165280
E[P_sel(18)] = 0.0002301901
E[P_sel(19)] = 0.0002616180

---- Expected D_neut and D_sel (neutral and selected divergence per site) 
E[D_neut] = 0.0198242629
E[D_sel] = 0.0125423700

---- Expected neutral and selected misattributed polymorphism per site
E[mis_neut] = 0.0005392728
E[mis_sel] = 0.0003246406

---- alpha_div = 0.245972
---- alpha_dfe = 0.245764

