---- Running command
---- ./polyDFE -d Mmc/617.polyDFE.config.txt -m C -e 
---- Performing inference using model C

---- Performing inference on Mmc/617.polyDFE.config.txt
---- No mutation variability. Using Poisson likelihood.


---- Calculating initial values

-- Starting local optimization
-- Optimizing all parameters
  it        eps_an        lambda     theta_bar           S_d             b           p_b           S_b           r 2           r 3           r 4           r 5           r 6           r 7           r 8           r 9          r 10          r 11          r 12          r 13          r 14          r 15          r 16          r 17          r 18          r 19          r 20           ln lk          grad status 
   0           0.1 0.01928086705 0.01135156180        -20000         0.208           0.1            20 0.87266457966 0.73510989666 0.64577937461 0.58701019445 0.55589497912 0.53940730455 0.53671352011 0.53399791811 0.55185788830 0.55315081143 0.60175676996 0.62145302384 0.66750666463 0.75102960678 0.86441714905 1.11100443855 1.56568843954             1             1 -1113609.282242 23113.2603104   -2 
 671 0.00053621442 0.01929116330 0.01013416783 -74.644904076 0.12513730963 0.02348618820 6.72000736593 0.86552163218 0.71972816806 0.62254293183 0.55876063557 0.52954696535 0.50753366427 0.49601840074 0.48800215417 0.49645501119 0.48284259383 0.52078377131 0.51419318423 0.52289156760 0.55966166736 0.59033216615 0.65205901584 0.69937687542 0.82072545823 1.10468300541 -277.5137663009 0.02661645995   -3 
-- Local optimization: stuck in the same solution
---- Best joint likelihood found -277.513766300951829 with gradient 0.02662

---- Results for Mmc/617.polyDFE.config.txt 
--  Model: C
--        eps_an        lambda     theta_bar             a 
-- 0.00053621442 0.01929116330 0.01013416783            -1 
--           S_d             b           p_b           S_b 
-- -74.644904076 0.12513730963 0.02348618820 6.72000736593 
--           r 2           r 3           r 4           r 5           r 6           r 7           r 8           r 9          r 10          r 11          r 12          r 13          r 14          r 15          r 16          r 17          r 18          r 19          r 20 
-- 0.86552163218 0.71972816806 0.62254293183 0.55876063557 0.52954696535 0.50753366427 0.49601840074 0.48800215417 0.49645501119 0.48284259383 0.52078377131 0.51419318423 0.52289156760 0.55966166736 0.59033216615 0.65205901584 0.69937687542 0.82072545823 1.10468300541 

---- Expected P_neut(i), 0 < i < n (neutral SFS per site) 
E[P_neut(1)] = 0.0101289685
E[P_neut(2)] = 0.0043835302
E[P_neut(3)] = 0.0024301868
E[P_neut(4)] = 0.0015765934
E[P_neut(5)] = 0.0011321103
E[P_neut(6)] = 0.0008941430
E[P_neut(7)] = 0.0007345968
E[P_neut(8)] = 0.0006282406
E[P_neut(9)] = 0.0005494434
E[P_neut(10)] = 0.0005031158
E[P_neut(11)] = 0.0004448932
E[P_neut(12)] = 0.0004399103
E[P_neut(13)] = 0.0004010191
E[P_neut(14)] = 0.0003787817
E[P_neut(15)] = 0.0003785182
E[P_neut(16)] = 0.0003745531
E[P_neut(17)] = 0.0003898056
E[P_neut(18)] = 0.0003958962
E[P_neut(19)] = 0.0004429556

---- Expected P_sel(i), 0 < i < n (selected SFS per site) 
E[P_sel(1)] = 0.0072434790
E[P_sel(2)] = 0.0028275076
E[P_sel(3)] = 0.0014886854
E[P_sel(4)] = 0.0009347701
E[P_sel(5)] = 0.0006559250
E[P_sel(6)] = 0.0005091816
E[P_sel(7)] = 0.0004127966
E[P_sel(8)] = 0.0003493987
E[P_sel(9)] = 0.0003031544
E[P_sel(10)] = 0.0002759594
E[P_sel(11)] = 0.0002430519
E[P_sel(12)] = 0.0002398191
E[P_sel(13)] = 0.0002185785
E[P_sel(14)] = 0.0002068666
E[P_sel(15)] = 0.0002076535
E[P_sel(16)] = 0.0002070451
E[P_sel(17)] = 0.0002179943
E[P_sel(18)] = 0.0002252573
E[P_sel(19)] = 0.0002588595

---- Expected D_neut and D_sel (neutral and selected divergence per site) 
E[D_neut] = 0.0198509155
E[D_sel] = 0.0125573315

---- Expected neutral and selected misattributed polymorphism per site
E[mis_neut] = 0.0005597521
E[mis_sel] = 0.0003373042

---- alpha_div = 0.256793
---- alpha_dfe = 0.256589

