---- Running command
---- ./polyDFE -d Mmc/618.polyDFE.config.txt -m C -e 
---- Performing inference using model C

---- Performing inference on Mmc/618.polyDFE.config.txt
---- No mutation variability. Using Poisson likelihood.


---- Calculating initial values

-- Starting local optimization
-- Optimizing all parameters
  it        eps_an        lambda     theta_bar           S_d             b           p_b           S_b           r 2           r 3           r 4           r 5           r 6           r 7           r 8           r 9          r 10          r 11          r 12          r 13          r 14          r 15          r 16          r 17          r 18          r 19          r 20           ln lk          grad status 
   0           0.1 0.01926974217 0.01136565432        -20000         0.208           0.1            20 0.87006543909 0.73936656020 0.64583274249 0.58002806380 0.56183919105 0.54099538256 0.53593348044 0.52161163606 0.55813015179 0.55593646623 0.59022170812 0.62267046865 0.66732357080 0.74886705455 0.86271426140 1.11184969787 1.56259087226             1             1 -1114729.242320 23156.7428088   -2 
 329 0.00493770320 0.01932863301 0.01018832936 -77.852867936 0.12421132475 0.02419430203 6.49578933758 0.86346742936 0.72304132372 0.62133578381 0.55700871399 0.52950045260 0.50552575218 0.49427304286 0.47936310103 0.49819967843 0.48505227120 0.50881248557 0.50497033030 0.52307184349 0.54948729003 0.57931098017 0.62643784155 0.66727425117 0.73667789386 1.00453101001 -291.6700831835 0.27960904360   -3 
-- Local optimization: stuck in the same solution
---- Best joint likelihood found -291.670083183547831 with gradient 0.27961

---- Results for Mmc/618.polyDFE.config.txt 
--  Model: C
--        eps_an        lambda     theta_bar             a 
-- 0.00493770320 0.01932863301 0.01018832936            -1 
--           S_d             b           p_b           S_b 
-- -77.852867936 0.12421132475 0.02419430203 6.49578933758 
--           r 2           r 3           r 4           r 5           r 6           r 7           r 8           r 9          r 10          r 11          r 12          r 13          r 14          r 15          r 16          r 17          r 18          r 19          r 20 
-- 0.86346742936 0.72304132372 0.62133578381 0.55700871399 0.52950045260 0.50552575218 0.49427304286 0.47936310103 0.49819967843 0.48505227120 0.50881248557 0.50497033030 0.52307184349 0.54948729003 0.57931098017 0.62643784155 0.66727425117 0.73667789386 1.00453101001 

---- Expected P_neut(i), 0 < i < n (neutral SFS per site) 
E[P_neut(1)] = 0.0101399729
E[P_neut(2)] = 0.0043787910
E[P_neut(3)] = 0.0024452568
E[P_neut(4)] = 0.0015766005
E[P_neut(5)] = 0.0011312362
E[P_neut(6)] = 0.0008965608
E[P_neut(7)] = 0.0007341015
E[P_neut(8)] = 0.0006285020
E[P_neut(9)] = 0.0005421954
E[P_neut(10)] = 0.0005075822
E[P_neut(11)] = 0.0004497223
E[P_neut(12)] = 0.0004329709
E[P_neut(13)] = 0.0003974331
E[P_neut(14)] = 0.0003832192
E[P_neut(15)] = 0.0003769852
E[P_neut(16)] = 0.0003748811
E[P_neut(17)] = 0.0003857035
E[P_neut(18)] = 0.0003975437
E[P_neut(19)] = 0.0004433836

---- Expected P_sel(i), 0 < i < n (selected SFS per site) 
E[P_sel(1)] = 0.0072329736
E[P_sel(2)] = 0.0028186519
E[P_sel(3)] = 0.0014954674
E[P_sel(4)] = 0.0009335417
E[P_sel(5)] = 0.0006547231
E[P_sel(6)] = 0.0005101326
E[P_sel(7)] = 0.0004122598
E[P_sel(8)] = 0.0003493939
E[P_sel(9)] = 0.0002990859
E[P_sel(10)] = 0.0002784005
E[P_sel(11)] = 0.0002457342
E[P_sel(12)] = 0.0002361321
E[P_sel(13)] = 0.0002167694
E[P_sel(14)] = 0.0002094965
E[P_sel(15)] = 0.0002071007
E[P_sel(16)] = 0.0002076530
E[P_sel(17)] = 0.0002164273
E[P_sel(18)] = 0.0002277849
E[P_sel(19)] = 0.0002650084

---- Expected D_neut and D_sel (neutral and selected divergence per site) 
E[D_neut] = 0.0198403577
E[D_sel] = 0.0125313179

---- Expected neutral and selected misattributed polymorphism per site
E[mis_neut] = 0.0005117246
E[mis_sel] = 0.0003082632

---- alpha_div = 0.256605
---- alpha_dfe = 0.256410

