---- Running command
---- ./polyDFE -d Mmc/619.polyDFE.config.txt -m C -e 
---- Performing inference using model C

---- Performing inference on Mmc/619.polyDFE.config.txt
---- No mutation variability. Using Poisson likelihood.


---- Calculating initial values

-- Starting local optimization
-- Optimizing all parameters
  it        eps_an        lambda     theta_bar           S_d             b           p_b           S_b           r 2           r 3           r 4           r 5           r 6           r 7           r 8           r 9          r 10          r 11          r 12          r 13          r 14          r 15          r 16          r 17          r 18          r 19          r 20           ln lk          grad status 
   0           0.1 0.01925279334 0.01135815330        -20000         0.208           0.1            20 0.87064972871 0.73509775791 0.64204382497 0.58510728069 0.55602655170 0.53914061620 0.53586479487 0.52398426167 0.54737775655 0.55615048280 0.59224319805 0.62966266182 0.66708708833 0.76672774549 0.87069683432 1.11095032869 1.58123330897             1             1 -1114280.434525 23118.4291958   -2 
 445 0.00367317102 0.01929732451 0.01018421330 -89.440717738 0.11217671182 0.00756752566 17.6994655239 0.86080872655 0.71769050622 0.61760452978 0.55466369657 0.52349674806 0.50420459908 0.49333275212 0.47757903641 0.48944791287 0.48373502988 0.51199587009 0.51635249365 0.52657626401 0.56273156368 0.59356668311 0.64354899893 0.69401696412 0.77326426889 1.02810143798 -286.6813383765 0.18439182253   -8 
-- Local optimization: reached maximum number of likelihood evaluations allowed.
---- Best joint likelihood found -286.681338376554777 with gradient 0.18439

---- Results for Mmc/619.polyDFE.config.txt 
--  Model: C
--        eps_an        lambda     theta_bar             a 
-- 0.00367317102 0.01929732451 0.01018421330            -1 
--           S_d             b           p_b           S_b 
-- -89.440717738 0.11217671182 0.00756752566 17.6994655239 
--           r 2           r 3           r 4           r 5           r 6           r 7           r 8           r 9          r 10          r 11          r 12          r 13          r 14          r 15          r 16          r 17          r 18          r 19          r 20 
-- 0.86080872655 0.71769050622 0.61760452978 0.55466369657 0.52349674806 0.50420459908 0.49333275212 0.47757903641 0.48944791287 0.48373502988 0.51199587009 0.51635249365 0.52657626401 0.56273156368 0.59356668311 0.64354899893 0.69401696412 0.77326426889 1.02810143798 

---- Expected P_neut(i), 0 < i < n (neutral SFS per site) 
E[P_neut(1)] = 0.0101483274
E[P_neut(2)] = 0.0043686715
E[P_neut(3)] = 0.0024288380
E[P_neut(4)] = 0.0015680659
E[P_neut(5)] = 0.0011270163
E[P_neut(6)] = 0.0008867103
E[P_neut(7)] = 0.0007323524
E[P_neut(8)] = 0.0006273150
E[P_neut(9)] = 0.0005400785
E[P_neut(10)] = 0.0004984642
E[P_neut(11)] = 0.0004482000
E[P_neut(12)] = 0.0004352337
E[P_neut(13)] = 0.0004057197
E[P_neut(14)] = 0.0003849115
E[P_neut(15)] = 0.0003848116
E[P_neut(16)] = 0.0003822012
E[P_neut(17)] = 0.0003930649
E[P_neut(18)] = 0.0004073260
E[P_neut(19)] = 0.0004503642

---- Expected P_sel(i), 0 < i < n (selected SFS per site) 
E[P_sel(1)] = 0.0072474473
E[P_sel(2)] = 0.0028295440
E[P_sel(3)] = 0.0014980298
E[P_sel(4)] = 0.0009371935
E[P_sel(5)] = 0.0006584404
E[P_sel(6)] = 0.0005090356
E[P_sel(7)] = 0.0004145506
E[P_sel(8)] = 0.0003510240
E[P_sel(9)] = 0.0002993396
E[P_sel(10)] = 0.0002741004
E[P_sel(11)] = 0.0002448840
E[P_sel(12)] = 0.0002366109
E[P_sel(13)] = 0.0002197851
E[P_sel(14)] = 0.0002081190
E[P_sel(15)] = 0.0002080938
E[P_sel(16)] = 0.0002073082
E[P_sel(17)] = 0.0002148166
E[P_sel(18)] = 0.0002263181
E[P_sel(19)] = 0.0002613264

---- Expected D_neut and D_sel (neutral and selected divergence per site) 
E[D_neut] = 0.0198208447
E[D_sel] = 0.0125473707

---- Expected neutral and selected misattributed polymorphism per site
E[mis_neut] = 0.0005235202
E[mis_sel] = 0.0003069639

---- alpha_div = 0.212204
---- alpha_dfe = 0.212186

