---- Running command
---- ./polyDFE -d Mmc/62.polyDFE.config.txt -m C -e 
---- Performing inference using model C

---- Performing inference on Mmc/62.polyDFE.config.txt
---- No mutation variability. Using Poisson likelihood.


---- Calculating initial values

-- Starting local optimization
-- Optimizing all parameters
  it        eps_an        lambda     theta_bar           S_d             b           p_b           S_b           r 2           r 3           r 4           r 5           r 6           r 7           r 8           r 9          r 10          r 11          r 12          r 13          r 14          r 15          r 16          r 17          r 18          r 19          r 20           ln lk          grad status 
   0           0.1 0.01931928557 0.01135917199        -20000         0.208           0.1            20 0.87106934202 0.73659603011 0.64169950571 0.58060124926 0.56272145758 0.53954027682 0.53295878653 0.53810544808 0.55142760685 0.55396645606 0.59301478805 0.62839151189 0.66390063203 0.75332384680 0.86996311735 1.10658954572 1.56870712650             1             1 -1120312.298505 23244.3420401   -2 
 838 0.00158767005 0.01930291139 0.01014481393 -71.855221499 0.13034974649 0.03272058558 5.00452622408 0.86558558793 0.72085843035 0.62070053296 0.55378008332 0.53303407643 0.50505700535 0.49460086560 0.49052319719 0.49464857088 0.48671375632 0.50881201299 0.51765622649 0.52535953353 0.55884838721 0.59097125363 0.64292969116 0.69607874726 0.79766139690 1.15122160533 -266.7152063141 0.11501254278   -3 
-- Local optimization: stuck in the same solution
---- Best joint likelihood found -266.715206314154784 with gradient 0.11501

---- Results for Mmc/62.polyDFE.config.txt 
--  Model: C
--        eps_an        lambda     theta_bar             a 
-- 0.00158767005 0.01930291139 0.01014481393            -1 
--           S_d             b           p_b           S_b 
-- -71.855221499 0.13034974649 0.03272058558 5.00452622408 
--           r 2           r 3           r 4           r 5           r 6           r 7           r 8           r 9          r 10          r 11          r 12          r 13          r 14          r 15          r 16          r 17          r 18          r 19          r 20 
-- 0.86558558793 0.72085843035 0.62070053296 0.55378008332 0.53303407643 0.50505700535 0.49460086560 0.49052319719 0.49464857088 0.48671375632 0.50881201299 0.51765622649 0.52535953353 0.55884838721 0.59097125363 0.64292969116 0.69607874726 0.79766139690 1.15122160533 

---- Expected P_neut(i), 0 < i < n (neutral SFS per site) 
E[P_neut(1)] = 0.0101293835
E[P_neut(2)] = 0.0043842544
E[P_neut(3)] = 0.0024343972
E[P_neut(4)] = 0.0015723184
E[P_neut(5)] = 0.0011224154
E[P_neut(6)] = 0.0009004288
E[P_neut(7)] = 0.0007314377
E[P_neut(8)] = 0.0006268914
E[P_neut(9)] = 0.0005527533
E[P_neut(10)] = 0.0005018118
E[P_neut(11)] = 0.0004490398
E[P_neut(12)] = 0.0004304631
E[P_neut(13)] = 0.0004044843
E[P_neut(14)] = 0.0003815175
E[P_neut(15)] = 0.0003791447
E[P_neut(16)] = 0.0003766103
E[P_neut(17)] = 0.0003869318
E[P_neut(18)] = 0.0003986585
E[P_neut(19)] = 0.0004413318

---- Expected P_sel(i), 0 < i < n (selected SFS per site) 
E[P_sel(1)] = 0.0072387929
E[P_sel(2)] = 0.0028213213
E[P_sel(3)] = 0.0014867352
E[P_sel(4)] = 0.0009292376
E[P_sel(5)] = 0.0006482913
E[P_sel(6)] = 0.0005113335
E[P_sel(7)] = 0.0004100711
E[P_sel(8)] = 0.0003480534
E[P_sel(9)] = 0.0003046815
E[P_sel(10)] = 0.0002752045
E[P_sel(11)] = 0.0002455128
E[P_sel(12)] = 0.0002350987
E[P_sel(13)] = 0.0002211163
E[P_sel(14)] = 0.0002092171
E[P_sel(15)] = 0.0002090934
E[P_sel(16)] = 0.0002095066
E[P_sel(17)] = 0.0002179600
E[P_sel(18)] = 0.0002286417
E[P_sel(19)] = 0.0002604623

---- Expected D_neut and D_sel (neutral and selected divergence per site) 
E[D_neut] = 0.0198868578
E[D_sel] = 0.0124974510

---- Expected neutral and selected misattributed polymorphism per site
E[mis_neut] = 0.0005839464
E[mis_sel] = 0.0003524301

---- alpha_div = 0.273397
---- alpha_dfe = 0.273434

