---- Running command
---- ./polyDFE -d Mmc/620.polyDFE.config.txt -m C -e 
---- Performing inference using model C

---- Performing inference on Mmc/620.polyDFE.config.txt
---- No mutation variability. Using Poisson likelihood.


---- Calculating initial values

-- Starting local optimization
-- Optimizing all parameters
  it        eps_an        lambda     theta_bar           S_d             b           p_b           S_b           r 2           r 3           r 4           r 5           r 6           r 7           r 8           r 9          r 10          r 11          r 12          r 13          r 14          r 15          r 16          r 17          r 18          r 19          r 20           ln lk          grad status 
   0           0.1 0.01923424893 0.01137269853        -20000         0.208           0.1            20 0.87543456376 0.73501506865 0.64018168609 0.58063405539 0.55777034572 0.54308032036 0.53594746002 0.52512216017 0.55058890305 0.55030042580 0.59436815620 0.62312075289 0.66733902123 0.74629684868 0.86470212628 1.11869448043 1.58715240004             1             1 -1111289.524146 23062.3029486   -2 
 516 0.00368323337 0.01929156694 0.01020164395 -99.567523644 0.11024508751 0.01179901699 11.5346529033 0.86488702951 0.71852249861 0.61326765977 0.55257468537 0.52706247396 0.50335320452 0.49202429745 0.47634325368 0.49555053888 0.48203905579 0.50741309875 0.51148408060 0.52365996224 0.55774983552 0.58603530338 0.64732967457 0.68790632303 0.75919619559 1.00512953640 -282.3305324579 0.31462312984   -3 
-- Local optimization: stuck in the same solution
---- Best joint likelihood found -282.330532457941445 with gradient 0.31462

---- Results for Mmc/620.polyDFE.config.txt 
--  Model: C
--        eps_an        lambda     theta_bar             a 
-- 0.00368323337 0.01929156694 0.01020164395            -1 
--           S_d             b           p_b           S_b 
-- -99.567523644 0.11024508751 0.01179901699 11.5346529033 
--           r 2           r 3           r 4           r 5           r 6           r 7           r 8           r 9          r 10          r 11          r 12          r 13          r 14          r 15          r 16          r 17          r 18          r 19          r 20 
-- 0.86488702951 0.71852249861 0.61326765977 0.55257468537 0.52706247396 0.50335320452 0.49202429745 0.47634325368 0.49555053888 0.48203905579 0.50741309875 0.51148408060 0.52365996224 0.55774983552 0.58603530338 0.64732967457 0.68790632303 0.75919619559 1.00512953640 

---- Expected P_neut(i), 0 < i < n (neutral SFS per site) 
E[P_neut(1)] = 0.0101655703
E[P_neut(2)] = 0.0043968217
E[P_neut(3)] = 0.0024358015
E[P_neut(4)] = 0.0015597000
E[P_neut(5)] = 0.0011246786
E[P_neut(6)] = 0.0008942554
E[P_neut(7)] = 0.0007323522
E[P_neut(8)] = 0.0006267099
E[P_neut(9)] = 0.0005396006
E[P_neut(10)] = 0.0005055430
E[P_neut(11)] = 0.0004473958
E[P_neut(12)] = 0.0004320928
E[P_neut(13)] = 0.0004026065
E[P_neut(14)] = 0.0003834804
E[P_neut(15)] = 0.0003820865
E[P_neut(16)] = 0.0003780423
E[P_neut(17)] = 0.0003960291
E[P_neut(18)] = 0.0004046895
E[P_neut(19)] = 0.0004437078

---- Expected P_sel(i), 0 < i < n (selected SFS per site) 
E[P_sel(1)] = 0.0072260415
E[P_sel(2)] = 0.0028396870
E[P_sel(3)] = 0.0015002013
E[P_sel(4)] = 0.0009319531
E[P_sel(5)] = 0.0006575782
E[P_sel(6)] = 0.0005142572
E[P_sel(7)] = 0.0004156655
E[P_sel(8)] = 0.0003519708
E[P_sel(9)] = 0.0003004764
E[P_sel(10)] = 0.0002795993
E[P_sel(11)] = 0.0002461472
E[P_sel(12)] = 0.0002368468
E[P_sel(13)] = 0.0002202206
E[P_sel(14)] = 0.0002097007
E[P_sel(15)] = 0.0002093426
E[P_sel(16)] = 0.0002081571
E[P_sel(17)] = 0.0002201226
E[P_sel(18)] = 0.0002289315
E[P_sel(19)] = 0.0002611617

---- Expected D_neut and D_sel (neutral and selected divergence per site) 
E[D_neut] = 0.0198042656
E[D_sel] = 0.0125410851

---- Expected neutral and selected misattributed polymorphism per site
E[mis_neut] = 0.0005126987
E[mis_sel] = 0.0003056118

---- alpha_div = 0.217068
---- alpha_dfe = 0.216936

