---- Running command
---- ./polyDFE -d Mmc/621.polyDFE.config.txt -m C -e 
---- Performing inference using model C

---- Performing inference on Mmc/621.polyDFE.config.txt
---- No mutation variability. Using Poisson likelihood.


---- Calculating initial values

-- Starting local optimization
-- Optimizing all parameters
  it        eps_an        lambda     theta_bar           S_d             b           p_b           S_b           r 2           r 3           r 4           r 5           r 6           r 7           r 8           r 9          r 10          r 11          r 12          r 13          r 14          r 15          r 16          r 17          r 18          r 19          r 20           ln lk          grad status 
   0           0.1 0.01924498403 0.01135350937        -20000         0.208           0.1            20 0.87520343213 0.73509611884 0.64441621818 0.57986811097 0.55517278642 0.54058808074 0.53947464230 0.53359035601 0.54542978946 0.55540706160 0.59472909676 0.62287940593 0.66697510586 0.74946039335 0.86509433455 1.11397923825 1.57779732780             1             1 -1113201.795839 23101.5249887   -2 
 397 0.00387261084 0.01930065062 0.01018425699 -108.45454400 0.10585618559 0.00698321763 18.0533858230 0.86390489201 0.71771612274 0.61992405273 0.55079488380 0.52355562562 0.50428845555 0.49498167766 0.48163163296 0.49182014762 0.48421387709 0.50835453869 0.51174898702 0.52286954716 0.56232286047 0.58251189815 0.64354380310 0.68547210316 0.76838597724 1.00477117708 -276.8034779116 0.45072354634   -3 
-- Local optimization: stuck in the same solution
---- Best joint likelihood found -276.803477911686059 with gradient 0.45072

---- Results for Mmc/621.polyDFE.config.txt 
--  Model: C
--        eps_an        lambda     theta_bar             a 
-- 0.00387261084 0.01930065062 0.01018425699            -1 
--           S_d             b           p_b           S_b 
-- -108.45454400 0.10585618559 0.00698321763 18.0533858230 
--           r 2           r 3           r 4           r 5           r 6           r 7           r 8           r 9          r 10          r 11          r 12          r 13          r 14          r 15          r 16          r 17          r 18          r 19          r 20 
-- 0.86390489201 0.71771612274 0.61992405273 0.55079488380 0.52355562562 0.50428845555 0.49498167766 0.48163163296 0.49182014762 0.48421387709 0.50835453869 0.51174898702 0.52286954716 0.56232286047 0.58251189815 0.64354380310 0.68547210316 0.76838597724 1.00477117708 

---- Expected P_neut(i), 0 < i < n (neutral SFS per site) 
E[P_neut(1)] = 0.0101464123
E[P_neut(2)] = 0.0043835806
E[P_neut(3)] = 0.0024285260
E[P_neut(4)] = 0.0015736899
E[P_neut(5)] = 0.0011190212
E[P_neut(6)] = 0.0008867023
E[P_neut(7)] = 0.0007323974
E[P_neut(8)] = 0.0006293581
E[P_neut(9)] = 0.0005446322
E[P_neut(10)] = 0.0005008823
E[P_neut(11)] = 0.0004486798
E[P_neut(12)] = 0.0004322039
E[P_neut(13)] = 0.0004021951
E[P_neut(14)] = 0.0003823283
E[P_neut(15)] = 0.0003846555
E[P_neut(16)] = 0.0003754547
E[P_neut(17)] = 0.0003934728
E[P_neut(18)] = 0.0004033688
E[P_neut(19)] = 0.0004497099

---- Expected P_sel(i), 0 < i < n (selected SFS per site) 
E[P_sel(1)] = 0.0072056791
E[P_sel(2)] = 0.0028346076
E[P_sel(3)] = 0.0014991404
E[P_sel(4)] = 0.0009429337
E[P_sel(5)] = 0.0006562085
E[P_sel(6)] = 0.0005114009
E[P_sel(7)] = 0.0004168092
E[P_sel(8)] = 0.0003542709
E[P_sel(9)] = 0.0003038093
E[P_sel(10)] = 0.0002773084
E[P_sel(11)] = 0.0002468877
E[P_sel(12)] = 0.0002366792
E[P_sel(13)] = 0.0002194887
E[P_sel(14)] = 0.0002082515
E[P_sel(15)] = 0.0002095173
E[P_sel(16)] = 0.0002050696
E[P_sel(17)] = 0.0002164107
E[P_sel(18)] = 0.0002253551
E[P_sel(19)] = 0.0002619219

---- Expected D_neut and D_sel (neutral and selected divergence per site) 
E[D_neut] = 0.0198122930
E[D_sel] = 0.0125142455

---- Expected neutral and selected misattributed polymorphism per site
E[mis_neut] = 0.0005116424
E[mis_sel] = 0.0003004544

---- alpha_div = 0.200085
---- alpha_dfe = 0.200151

