---- Running command
---- ./polyDFE -d Mmc/622.polyDFE.config.txt -m C -e 
---- Performing inference using model C

---- Performing inference on Mmc/622.polyDFE.config.txt
---- No mutation variability. Using Poisson likelihood.


---- Calculating initial values

-- Starting local optimization
-- Optimizing all parameters
  it        eps_an        lambda     theta_bar           S_d             b           p_b           S_b           r 2           r 3           r 4           r 5           r 6           r 7           r 8           r 9          r 10          r 11          r 12          r 13          r 14          r 15          r 16          r 17          r 18          r 19          r 20           ln lk          grad status 
   0           0.1 0.01929209412 0.01136520564        -20000         0.208           0.1            20 0.87271811781 0.73245344391 0.64287807146 0.58159130335 0.55986358414 0.53732910635 0.54210439407 0.53147760716 0.55700839759 0.54947096160 0.59052689049 0.61688804941 0.66875564017 0.74518355950 0.86529037495 1.11498394265 1.58474478206             1             1 -1117251.142870 23172.9356774   -2 
 685 0.00180701692 0.01931166304 0.01015372675 -73.970390426 0.12693565161 0.02857083770 5.55582250082 0.86622517034 0.72010612920 0.62015598847 0.55394617866 0.52712072682 0.50565011058 0.49809402692 0.48821584075 0.49757897668 0.48522377018 0.50656441837 0.51258622799 0.52449231786 0.55486768882 0.58801433693 0.64703792399 0.70184070124 0.81041573067 1.08321454508 -279.7682416404 0.03778298605   -8 
-- Local optimization: reached maximum number of likelihood evaluations allowed.
---- Best joint likelihood found -279.768241640485940 with gradient 0.03778

---- Results for Mmc/622.polyDFE.config.txt 
--  Model: C
--        eps_an        lambda     theta_bar             a 
-- 0.00180701692 0.01931166304 0.01015372675            -1 
--           S_d             b           p_b           S_b 
-- -73.970390426 0.12693565161 0.02857083770 5.55582250082 
--           r 2           r 3           r 4           r 5           r 6           r 7           r 8           r 9          r 10          r 11          r 12          r 13          r 14          r 15          r 16          r 17          r 18          r 19          r 20 
-- 0.86622517034 0.72010612920 0.62015598847 0.55394617866 0.52712072682 0.50565011058 0.49809402692 0.48821584075 0.49757897668 0.48522377018 0.50656441837 0.51258622799 0.52449231786 0.55486768882 0.58801433693 0.64703792399 0.70184070124 0.81041573067 1.08321454508 

---- Expected P_neut(i), 0 < i < n (neutral SFS per site) 
E[P_neut(1)] = 0.0101361614
E[P_neut(2)] = 0.0043904755
E[P_neut(3)] = 0.0024335478
E[P_neut(4)] = 0.0015720533
E[P_neut(5)] = 0.0011235696
E[P_neut(6)] = 0.0008911154
E[P_neut(7)] = 0.0007328599
E[P_neut(8)] = 0.0006318210
E[P_neut(9)] = 0.0005506152
E[P_neut(10)] = 0.0005052281
E[P_neut(11)] = 0.0004480796
E[P_neut(12)] = 0.0004289942
E[P_neut(13)] = 0.0004009604
E[P_neut(14)] = 0.0003813211
E[P_neut(15)] = 0.0003769524
E[P_neut(16)] = 0.0003753289
E[P_neut(17)] = 0.0003901674
E[P_neut(18)] = 0.0004031368
E[P_neut(19)] = 0.0004506569

---- Expected P_sel(i), 0 < i < n (selected SFS per site) 
E[P_sel(1)] = 0.0072494716
E[P_sel(2)] = 0.0028316725
E[P_sel(3)] = 0.0014906239
E[P_sel(4)] = 0.0009321635
E[P_sel(5)] = 0.0006512053
E[P_sel(6)] = 0.0005078014
E[P_sel(7)] = 0.0004122573
E[P_sel(8)] = 0.0003519151
E[P_sel(9)] = 0.0003044017
E[P_sel(10)] = 0.0002778130
E[P_sel(11)] = 0.0002455473
E[P_sel(12)] = 0.0002347327
E[P_sel(13)] = 0.0002194952
E[P_sel(14)] = 0.0002092946
E[P_sel(15)] = 0.0002079608
E[P_sel(16)] = 0.0002087676
E[P_sel(17)] = 0.0002196687
E[P_sel(18)] = 0.0002310715
E[P_sel(19)] = 0.0002660327

---- Expected D_neut and D_sel (neutral and selected divergence per site) 
E[D_neut] = 0.0198615963
E[D_sel] = 0.0125049381

---- Expected neutral and selected misattributed polymorphism per site
E[mis_neut] = 0.0005499332
E[mis_sel] = 0.0003318478

---- alpha_div = 0.262509
---- alpha_dfe = 0.262406

