---- Running command
---- ./polyDFE -d Mmc/623.polyDFE.config.txt -m C -e 
---- Performing inference using model C

---- Performing inference on Mmc/623.polyDFE.config.txt
---- No mutation variability. Using Poisson likelihood.


---- Calculating initial values

-- Starting local optimization
-- Optimizing all parameters
  it        eps_an        lambda     theta_bar           S_d             b           p_b           S_b           r 2           r 3           r 4           r 5           r 6           r 7           r 8           r 9          r 10          r 11          r 12          r 13          r 14          r 15          r 16          r 17          r 18          r 19          r 20           ln lk          grad status 
   0           0.1 0.01930435448 0.01134596754        -20000         0.208           0.1            20 0.87298640001 0.73189900293 0.64428547071 0.58471596641 0.55643176871 0.53936974099 0.53795375106 0.53119904821 0.55260243712 0.55392740861 0.59095586776 0.63287628242 0.66852587892 0.74365715169 0.85581994656 1.10545076515 1.58508169395             1             1 -1118497.510429 23208.8599994   -2 
 498 0.00180956371 0.01935226250 0.01014642275 -80.982600336 0.11983880215 0.02004482994 7.37688646516 0.86352626747 0.71807790331 0.62002286258 0.55728827765 0.52754599394 0.50741161104 0.49766197780 0.48376044726 0.49161047636 0.48605938580 0.50888777510 0.52212542187 0.52383410204 0.55218286758 0.57751428638 0.64739923854 0.70407042841 0.80589447902 1.02831958523 -271.9753414394 0.09364239114   -8 
-- Local optimization: reached maximum number of likelihood evaluations allowed.
---- Best joint likelihood found -271.975341439421754 with gradient 0.09364

---- Results for Mmc/623.polyDFE.config.txt 
--  Model: C
--        eps_an        lambda     theta_bar             a 
-- 0.00180956371 0.01935226250 0.01014642275            -1 
--           S_d             b           p_b           S_b 
-- -80.982600336 0.11983880215 0.02004482994 7.37688646516 
--           r 2           r 3           r 4           r 5           r 6           r 7           r 8           r 9          r 10          r 11          r 12          r 13          r 14          r 15          r 16          r 17          r 18          r 19          r 20 
-- 0.86352626747 0.71807790331 0.62002286258 0.55728827765 0.52754599394 0.50741161104 0.49766197780 0.48376044726 0.49161047636 0.48605938580 0.50888777510 0.52212542187 0.52383410204 0.55218286758 0.57751428638 0.64739923854 0.70407042841 0.80589447902 1.02831958523 

---- Expected P_neut(i), 0 < i < n (neutral SFS per site) 
E[P_neut(1)] = 0.0101288409
E[P_neut(2)] = 0.0043736420
E[P_neut(3)] = 0.0024249451
E[P_neut(4)] = 0.0015705702
E[P_neut(5)] = 0.0011295260
E[P_neut(6)] = 0.0008911901
E[P_neut(7)] = 0.0007348940
E[P_neut(8)] = 0.0006308226
E[P_neut(9)] = 0.0005452064
E[P_neut(10)] = 0.0004988088
E[P_neut(11)] = 0.0004485178
E[P_neut(12)] = 0.0004306461
E[P_neut(13)] = 0.0004081093
E[P_neut(14)] = 0.0003805732
E[P_neut(15)] = 0.0003748826
E[P_neut(16)] = 0.0003684148
E[P_neut(17)] = 0.0003900948
E[P_neut(18)] = 0.0004040868
E[P_neut(19)] = 0.0004479474

---- Expected P_sel(i), 0 < i < n (selected SFS per site) 
E[P_sel(1)] = 0.0072396970
E[P_sel(2)] = 0.0028273551
E[P_sel(3)] = 0.0014910626
E[P_sel(4)] = 0.0009355606
E[P_sel(5)] = 0.0006578614
E[P_sel(6)] = 0.0005103310
E[P_sel(7)] = 0.0004153334
E[P_sel(8)] = 0.0003528564
E[P_sel(9)] = 0.0003025215
E[P_sel(10)] = 0.0002750911
E[P_sel(11)] = 0.0002462934
E[P_sel(12)] = 0.0002358784
E[P_sel(13)] = 0.0002233763
E[P_sel(14)] = 0.0002085850
E[P_sel(15)] = 0.0002062395
E[P_sel(16)] = 0.0002040677
E[P_sel(17)] = 0.0002184441
E[P_sel(18)] = 0.0002302110
E[P_sel(19)] = 0.0002630228

---- Expected D_neut and D_sel (neutral and selected divergence per site) 
E[D_neut] = 0.0198739508
E[D_sel] = 0.0125402583

---- Expected neutral and selected misattributed polymorphism per site
E[mis_neut] = 0.0005216883
E[mis_sel] = 0.0003135207

---- alpha_div = 0.240128
---- alpha_dfe = 0.239935

