---- Running command
---- ./polyDFE -d Mmc/624.polyDFE.config.txt -m C -e 
---- Performing inference using model C

---- Performing inference on Mmc/624.polyDFE.config.txt
---- No mutation variability. Using Poisson likelihood.


---- Calculating initial values

-- Starting local optimization
-- Optimizing all parameters
  it        eps_an        lambda     theta_bar           S_d             b           p_b           S_b           r 2           r 3           r 4           r 5           r 6           r 7           r 8           r 9          r 10          r 11          r 12          r 13          r 14          r 15          r 16          r 17          r 18          r 19          r 20           ln lk          grad status 
   0           0.1 0.01929676532 0.01136716703        -20000         0.208           0.1            20 0.87130589817 0.73307689552 0.64457426360 0.58560039107 0.55785410492 0.54372605937 0.53645693099 0.52891328005 0.54879239683 0.55952166119 0.59397488359 0.62946663847 0.67177972842 0.75512027119 0.86463414439 1.10728778700 1.57763585983             1             1 -1118807.133504 23199.5424447   -2 
 693 0.00050818294 0.01922395230 0.01014507318 -79.712467165 0.12125890609 0.01974814574 7.55263904758 0.86535074058 0.71850830143 0.62228539217 0.55444263541 0.52812887464 0.51300995271 0.49657935829 0.48555690452 0.49305487438 0.48929137639 0.51404614836 0.52065460754 0.53115563918 0.56496047737 0.58620106216 0.65326890025 0.70625118002 0.82947180334 1.26932260856 -281.2321937278 0.18633998605   -3 
-- Local optimization: stuck in the same solution
---- Best joint likelihood found -281.232193727861159 with gradient 0.18634

---- Results for Mmc/624.polyDFE.config.txt 
--  Model: C
--        eps_an        lambda     theta_bar             a 
-- 0.00050818294 0.01922395230 0.01014507318            -1 
--           S_d             b           p_b           S_b 
-- -79.712467165 0.12125890609 0.01974814574 7.55263904758 
--           r 2           r 3           r 4           r 5           r 6           r 7           r 8           r 9          r 10          r 11          r 12          r 13          r 14          r 15          r 16          r 17          r 18          r 19          r 20 
-- 0.86535074058 0.71850830143 0.62228539217 0.55444263541 0.52812887464 0.51300995271 0.49657935829 0.48555690452 0.49305487438 0.48929137639 0.51404614836 0.52065460754 0.53115563918 0.56496047737 0.58620106216 0.65326890025 0.70625118002 0.82947180334 1.26932260856 

---- Expected P_neut(i), 0 < i < n (neutral SFS per site) 
E[P_neut(1)] = 0.0101401427
E[P_neut(2)] = 0.0043874949
E[P_neut(3)] = 0.0024287364
E[P_neut(4)] = 0.0015776695
E[P_neut(5)] = 0.0011245947
E[P_neut(6)] = 0.0008927261
E[P_neut(7)] = 0.0007433320
E[P_neut(8)] = 0.0006296301
E[P_neut(9)] = 0.0005472857
E[P_neut(10)] = 0.0005002078
E[P_neut(11)] = 0.0004513122
E[P_neut(12)] = 0.0004346855
E[P_neut(13)] = 0.0004064851
E[P_neut(14)] = 0.0003851591
E[P_neut(15)] = 0.0003824819
E[P_neut(16)] = 0.0003723040
E[P_neut(17)] = 0.0003908873
E[P_neut(18)] = 0.0004000823
E[P_neut(19)] = 0.0004478280

---- Expected P_sel(i), 0 < i < n (selected SFS per site) 
E[P_sel(1)] = 0.0072395763
E[P_sel(2)] = 0.0028301126
E[P_sel(3)] = 0.0014892135
E[P_sel(4)] = 0.0009367706
E[P_sel(5)] = 0.0006526842
E[P_sel(6)] = 0.0005092860
E[P_sel(7)] = 0.0004184352
E[P_sel(8)] = 0.0003507296
E[P_sel(9)] = 0.0003023692
E[P_sel(10)] = 0.0002746376
E[P_sel(11)] = 0.0002466957
E[P_sel(12)] = 0.0002369753
E[P_sel(13)] = 0.0002214205
E[P_sel(14)] = 0.0002100626
E[P_sel(15)] = 0.0002093637
E[P_sel(16)] = 0.0002051538
E[P_sel(17)] = 0.0002176942
E[P_sel(18)] = 0.0002264864
E[P_sel(19)] = 0.0002602760

---- Expected D_neut and D_sel (neutral and selected divergence per site) 
E[D_neut] = 0.0198678208
E[D_sel] = 0.0125091199

---- Expected neutral and selected misattributed polymorphism per site
E[mis_neut] = 0.0006438685
E[mis_sel] = 0.0003856895

---- alpha_div = 0.242419
---- alpha_dfe = 0.242208

