---- Running command
---- ./polyDFE -d Mmc/625.polyDFE.config.txt -m C -e 
---- Performing inference using model C

---- Performing inference on Mmc/625.polyDFE.config.txt
---- No mutation variability. Using Poisson likelihood.


---- Calculating initial values

-- Starting local optimization
-- Optimizing all parameters
  it        eps_an        lambda     theta_bar           S_d             b           p_b           S_b           r 2           r 3           r 4           r 5           r 6           r 7           r 8           r 9          r 10          r 11          r 12          r 13          r 14          r 15          r 16          r 17          r 18          r 19          r 20           ln lk          grad status 
   0           0.1 0.01927341473 0.01138044571        -20000         0.208           0.1            20 0.87317048916 0.73263844637 0.63987743243 0.58640744559 0.55729931086 0.54321189541 0.53498215395 0.53353386604 0.55610532237 0.55893826946 0.59686934558 0.62885133747 0.66100133668 0.74575742896 0.85730828574 1.11229342737 1.57903324581             1             1 -1116328.030270 23163.5280371   -2 
1235 0.00052159384 0.01929322250 0.01015720142 -86.646276687 0.11620778184 0.01501871047 9.52104293324 0.86649446462 0.71869760194 0.61944747544 0.55570368199 0.52843711734 0.50941050415 0.49385447235 0.49053279841 0.49937148927 0.48569493253 0.51546693880 0.52251954982 0.52426148970 0.55594351211 0.58585787562 0.65106080873 0.71030529133 0.84073055492 1.08520337260 -282.5308635823 0.08294769615   -8 
-- Local optimization: reached maximum number of likelihood evaluations allowed.
---- Best joint likelihood found -282.530863582302118 with gradient 0.08295

---- Results for Mmc/625.polyDFE.config.txt 
--  Model: C
--        eps_an        lambda     theta_bar             a 
-- 0.00052159384 0.01929322250 0.01015720142            -1 
--           S_d             b           p_b           S_b 
-- -86.646276687 0.11620778184 0.01501871047 9.52104293324 
--           r 2           r 3           r 4           r 5           r 6           r 7           r 8           r 9          r 10          r 11          r 12          r 13          r 14          r 15          r 16          r 17          r 18          r 19          r 20 
-- 0.86649446462 0.71869760194 0.61944747544 0.55570368199 0.52843711734 0.50941050415 0.49385447235 0.49053279841 0.49937148927 0.48569493253 0.51546693880 0.52251954982 0.52426148970 0.55594351211 0.58585787562 0.65106080873 0.71030529133 0.84073055492 1.08520337260 

---- Expected P_neut(i), 0 < i < n (neutral SFS per site) 
E[P_neut(1)] = 0.0101521379
E[P_neut(2)] = 0.0043984932
E[P_neut(3)] = 0.0024322525
E[P_neut(4)] = 0.0015723367
E[P_neut(5)] = 0.0011284864
E[P_neut(6)] = 0.0008943055
E[P_neut(7)] = 0.0007389967
E[P_neut(8)] = 0.0006269229
E[P_neut(9)] = 0.0005535497
E[P_neut(10)] = 0.0005072217
E[P_neut(11)] = 0.0004485368
E[P_neut(12)] = 0.0004364079
E[P_neut(13)] = 0.0004084292
E[P_neut(14)] = 0.0003806275
E[P_neut(15)] = 0.0003768478
E[P_neut(16)] = 0.0003725437
E[P_neut(17)] = 0.0003900637
E[P_neut(18)] = 0.0004029037
E[P_neut(19)] = 0.0004545093

---- Expected P_sel(i), 0 < i < n (selected SFS per site) 
E[P_sel(1)] = 0.0072398630
E[P_sel(2)] = 0.0028407042
E[P_sel(3)] = 0.0014951424
E[P_sel(4)] = 0.0009366225
E[P_sel(5)] = 0.0006572978
E[P_sel(6)] = 0.0005120906
E[P_sel(7)] = 0.0004175313
E[P_sel(8)] = 0.0003504484
E[P_sel(9)] = 0.0003068093
E[P_sel(10)] = 0.0002792589
E[P_sel(11)] = 0.0002457197
E[P_sel(12)] = 0.0002382760
E[P_sel(13)] = 0.0002226365
E[P_sel(14)] = 0.0002075423
E[P_sel(15)] = 0.0002060137
E[P_sel(16)] = 0.0002047898
E[P_sel(17)] = 0.0002164784
E[P_sel(18)] = 0.0002271383
E[P_sel(19)] = 0.0002633922

---- Expected D_neut and D_sel (neutral and selected divergence per site) 
E[D_neut] = 0.0198443540
E[D_sel] = 0.0125395642

---- Expected neutral and selected misattributed polymorphism per site
E[mis_neut] = 0.0005511315
E[mis_sel] = 0.0003292451

---- alpha_div = 0.229663
---- alpha_dfe = 0.229490

