---- Running command
---- ./polyDFE -d Mmc/626.polyDFE.config.txt -m C -e 
---- Performing inference using model C

---- Performing inference on Mmc/626.polyDFE.config.txt
---- No mutation variability. Using Poisson likelihood.


---- Calculating initial values

-- Starting local optimization
-- Optimizing all parameters
  it        eps_an        lambda     theta_bar           S_d             b           p_b           S_b           r 2           r 3           r 4           r 5           r 6           r 7           r 8           r 9          r 10          r 11          r 12          r 13          r 14          r 15          r 16          r 17          r 18          r 19          r 20           ln lk          grad status 
   0           0.1 0.01930741186 0.01136536954        -20000         0.208           0.1            20 0.87407780603 0.73440278576 0.64452091983 0.58594111803 0.55801158052 0.54310097502 0.53547315938 0.53173036805 0.55265490861 0.55744472195 0.58892595680 0.63007052577 0.66198058774 0.74721438997 0.86956486958 1.11671144542 1.57743469404             1             1 -1120824.353561 23220.7511161   -2 
 462 0.00391733756 0.01936325607 0.01019537638 -90.779029123 0.11296237709 0.01037857574 12.8859009532 0.86416330619 0.71570328846 0.62034263680 0.55580381798 0.52627087760 0.50615902845 0.49233298853 0.48215530442 0.49342968521 0.48314864703 0.51184505500 0.51726122774 0.51967330673 0.55492494064 0.58586228912 0.64636188261 0.68139116044 0.75522719141 1.00437558297 -282.7625225591 0.90944310265   -3 
-- Local optimization: stuck in the same solution
---- Best joint likelihood found -282.762522559147328 with gradient 0.90944

---- Results for Mmc/626.polyDFE.config.txt 
--  Model: C
--        eps_an        lambda     theta_bar             a 
-- 0.00391733756 0.01936325607 0.01019537638            -1 
--           S_d             b           p_b           S_b 
-- -90.779029123 0.11296237709 0.01037857574 12.8859009532 
--           r 2           r 3           r 4           r 5           r 6           r 7           r 8           r 9          r 10          r 11          r 12          r 13          r 14          r 15          r 16          r 17          r 18          r 19          r 20 
-- 0.86416330619 0.71570328846 0.62034263680 0.55580381798 0.52627087760 0.50615902845 0.49233298853 0.48215530442 0.49342968521 0.48314864703 0.51184505500 0.51726122774 0.51967330673 0.55492494064 0.58586228912 0.64636188261 0.68139116044 0.75522719141 1.00437558297 

---- Expected P_neut(i), 0 < i < n (neutral SFS per site) 
E[P_neut(1)] = 0.0101570252
E[P_neut(2)] = 0.0043894902
E[P_neut(3)] = 0.0024242786
E[P_neut(4)] = 0.0015764252
E[P_neut(5)] = 0.0011303637
E[P_neut(6)] = 0.0008922344
E[P_neut(7)] = 0.0007359129
E[P_neut(8)] = 0.0006266857
E[P_neut(9)] = 0.0005458096
E[P_neut(10)] = 0.0005030701
E[P_neut(11)] = 0.0004481929
E[P_neut(12)] = 0.0004356254
E[P_neut(13)] = 0.0004069659
E[P_neut(14)] = 0.0003804681
E[P_neut(15)] = 0.0003801400
E[P_neut(16)] = 0.0003780494
E[P_neut(17)] = 0.0003956509
E[P_neut(18)] = 0.0004016915
E[P_neut(19)] = 0.0004436052

---- Expected P_sel(i), 0 < i < n (selected SFS per site) 
E[P_sel(1)] = 0.0072406045
E[P_sel(2)] = 0.0028375037
E[P_sel(3)] = 0.0014924717
E[P_sel(4)] = 0.0009406506
E[P_sel(5)] = 0.0006594908
E[P_sel(6)] = 0.0005116665
E[P_sel(7)] = 0.0004162799
E[P_sel(8)] = 0.0003505806
E[P_sel(9)] = 0.0003025864
E[P_sel(10)] = 0.0002768544
E[P_sel(11)] = 0.0002452365
E[P_sel(12)] = 0.0002373481
E[P_sel(13)] = 0.0002211426
E[P_sel(14)] = 0.0002065656
E[P_sel(15)] = 0.0002066596
E[P_sel(16)] = 0.0002064196
E[P_sel(17)] = 0.0002179540
E[P_sel(18)] = 0.0002252166
E[P_sel(19)] = 0.0002593468

---- Expected D_neut and D_sel (neutral and selected divergence per site) 
E[D_neut] = 0.0198752554
E[D_sel] = 0.0125087394

---- Expected neutral and selected misattributed polymorphism per site
E[mis_neut] = 0.0005119994
E[mis_sel] = 0.0003022688

---- alpha_div = 0.214041
---- alpha_dfe = 0.214035

