---- Running command
---- ./polyDFE -d Mmc/627.polyDFE.config.txt -m C -e 
---- Performing inference using model C

---- Performing inference on Mmc/627.polyDFE.config.txt
---- No mutation variability. Using Poisson likelihood.


---- Calculating initial values

-- Starting local optimization
-- Optimizing all parameters
  it        eps_an        lambda     theta_bar           S_d             b           p_b           S_b           r 2           r 3           r 4           r 5           r 6           r 7           r 8           r 9          r 10          r 11          r 12          r 13          r 14          r 15          r 16          r 17          r 18          r 19          r 20           ln lk          grad status 
   0           0.1 0.01927879363 0.01137077680        -20000         0.208           0.1            20 0.87206792840 0.72964303492 0.64650441243 0.58563318487 0.56032502802 0.53798174208 0.53649861009 0.52947647722 0.54474744630 0.55565733054 0.58406739584 0.61856346797 0.67242304091 0.75287810292 0.86197008505 1.10642597421 1.57783160914             1             1 -1119577.395824 23188.8847798   -2 
 722 0.00155685314 0.01922692310 0.01016650796 -72.612853048 0.12500034283 0.02076744455 7.39839839882 0.86227295268 0.71574543661 0.62136362010 0.55701467243 0.53008696749 0.50692446621 0.49708391132 0.48425314266 0.48998622697 0.48642623400 0.50625981145 0.50920812549 0.52721550139 0.55643854951 0.58833473472 0.64297375896 0.69321657982 0.80676273741 1.22264986582 -279.9973302096 0.04847859731   -3 
-- Local optimization: stuck in the same solution
---- Best joint likelihood found -279.997330209691427 with gradient 0.04848

---- Results for Mmc/627.polyDFE.config.txt 
--  Model: C
--        eps_an        lambda     theta_bar             a 
-- 0.00155685314 0.01922692310 0.01016650796            -1 
--           S_d             b           p_b           S_b 
-- -72.612853048 0.12500034283 0.02076744455 7.39839839882 
--           r 2           r 3           r 4           r 5           r 6           r 7           r 8           r 9          r 10          r 11          r 12          r 13          r 14          r 15          r 16          r 17          r 18          r 19          r 20 
-- 0.86227295268 0.71574543661 0.62136362010 0.55701467243 0.53008696749 0.50692446621 0.49708391132 0.48425314266 0.48998622697 0.48642623400 0.50625981145 0.50920812549 0.52721550139 0.55643854951 0.58833473472 0.64297375896 0.69321657982 0.80676273741 1.22264986582 

---- Expected P_neut(i), 0 < i < n (neutral SFS per site) 
E[P_neut(1)] = 0.0101513523
E[P_neut(2)] = 0.0043769381
E[P_neut(3)] = 0.0024223663
E[P_neut(4)] = 0.0015773979
E[P_neut(5)] = 0.0011314027
E[P_neut(6)] = 0.0008973866
E[P_neut(7)] = 0.0007357097
E[P_neut(8)] = 0.0006313852
E[P_neut(9)] = 0.0005468664
E[P_neut(10)] = 0.0004981449
E[P_neut(11)] = 0.0004497205
E[P_neut(12)] = 0.0004292236
E[P_neut(13)] = 0.0003987469
E[P_neut(14)] = 0.0003836552
E[P_neut(15)] = 0.0003783119
E[P_neut(16)] = 0.0003757086
E[P_neut(17)] = 0.0003876951
E[P_neut(18)] = 0.0003977472
E[P_neut(19)] = 0.0004468378

---- Expected P_sel(i), 0 < i < n (selected SFS per site) 
E[P_sel(1)] = 0.0072735928
E[P_sel(2)] = 0.0028280747
E[P_sel(3)] = 0.0014859271
E[P_sel(4)] = 0.0009362156
E[P_sel(5)] = 0.0006559736
E[P_sel(6)] = 0.0005112108
E[P_sel(7)] = 0.0004134216
E[P_sel(8)] = 0.0003510148
E[P_sel(9)] = 0.0003014977
E[P_sel(10)] = 0.0002729035
E[P_sel(11)] = 0.0002452806
E[P_sel(12)] = 0.0002334899
E[P_sel(13)] = 0.0002167601
E[P_sel(14)] = 0.0002088562
E[P_sel(15)] = 0.0002067628
E[P_sel(16)] = 0.0002068081
E[P_sel(17)] = 0.0002158453
E[P_sel(18)] = 0.0002254270
E[P_sel(19)] = 0.0002611935

---- Expected D_neut and D_sel (neutral and selected divergence per site) 
E[D_neut] = 0.0198484271
E[D_sel] = 0.0125175154

---- Expected neutral and selected misattributed polymorphism per site
E[mis_neut] = 0.0006215040
E[mis_sel] = 0.0003726171

---- alpha_div = 0.249423
---- alpha_dfe = 0.249331

