---- Running command
---- ./polyDFE -d Mmc/628.polyDFE.config.txt -m C -e 
---- Performing inference using model C

---- Performing inference on Mmc/628.polyDFE.config.txt
---- No mutation variability. Using Poisson likelihood.


---- Calculating initial values

-- Starting local optimization
-- Optimizing all parameters
  it        eps_an        lambda     theta_bar           S_d             b           p_b           S_b           r 2           r 3           r 4           r 5           r 6           r 7           r 8           r 9          r 10          r 11          r 12          r 13          r 14          r 15          r 16          r 17          r 18          r 19          r 20           ln lk          grad status 
   0           0.1 0.01928026231 0.01137794702        -20000         0.208           0.1            20 0.87219929226 0.73462761263 0.64576395053 0.58109503297 0.56414936926 0.54225545079 0.53429829576 0.52505280389 0.54906884322 0.55329583495 0.59273441379 0.62265053644 0.66821892651 0.75258846029 0.86830681700 1.10147946266 1.57938561226             1             1 -1113933.304275 23168.6474466   -2 
 987 0.00047621583 0.01927629754 0.01015197572 -78.080573414 0.12512424237 0.02572910466 6.22508489553 0.86571305468 0.72319150443 0.62155407995 0.55482342841 0.53314036038 0.50950142982 0.49426809714 0.48313981826 0.49102910352 0.48287048156 0.51333148456 0.51297700350 0.52662052426 0.56212992177 0.59184002512 0.64573626216 0.71577049113 0.82866306498 1.13283748498 -284.6054002613 0.01663446279   -3 
-- Local optimization: stuck in the same solution
---- Best joint likelihood found -284.605400261381874 with gradient 0.01663

---- Results for Mmc/628.polyDFE.config.txt 
--  Model: C
--        eps_an        lambda     theta_bar             a 
-- 0.00047621583 0.01927629754 0.01015197572            -1 
--           S_d             b           p_b           S_b 
-- -78.080573414 0.12512424237 0.02572910466 6.22508489553 
--           r 2           r 3           r 4           r 5           r 6           r 7           r 8           r 9          r 10          r 11          r 12          r 13          r 14          r 15          r 16          r 17          r 18          r 19          r 20 
-- 0.86571305468 0.72319150443 0.62155407995 0.55482342841 0.53314036038 0.50950142982 0.49426809714 0.48313981826 0.49102910352 0.48287048156 0.51333148456 0.51297700350 0.52662052426 0.56212992177 0.59184002512 0.64573626216 0.71577049113 0.82866306498 1.13283748498 

---- Expected P_neut(i), 0 < i < n (neutral SFS per site) 
E[P_neut(1)] = 0.0101473520
E[P_neut(2)] = 0.0043924485
E[P_neut(3)] = 0.0024462924
E[P_neut(4)] = 0.0015769281
E[P_neut(5)] = 0.0011261555
E[P_neut(6)] = 0.0009018236
E[P_neut(7)] = 0.0007387598
E[P_neut(8)] = 0.0006271328
E[P_neut(9)] = 0.0005449331
E[P_neut(10)] = 0.0004984916
E[P_neut(11)] = 0.0004456918
E[P_neut(12)] = 0.0004343693
E[P_neut(13)] = 0.0004007557
E[P_neut(14)] = 0.0003821219
E[P_neut(15)] = 0.0003808039
E[P_neut(16)] = 0.0003760940
E[P_neut(17)] = 0.0003865994
E[P_neut(18)] = 0.0004055940
E[P_neut(19)] = 0.0004473904

---- Expected P_sel(i), 0 < i < n (selected SFS per site) 
E[P_sel(1)] = 0.0072294521
E[P_sel(2)] = 0.0028229023
E[P_sel(3)] = 0.0014935084
E[P_sel(4)] = 0.0009320958
E[P_sel(5)] = 0.0006506591
E[P_sel(6)] = 0.0005122764
E[P_sel(7)] = 0.0004142268
E[P_sel(8)] = 0.0003481280
E[P_sel(9)] = 0.0003002004
E[P_sel(10)] = 0.0002730949
E[P_sel(11)] = 0.0002432861
E[P_sel(12)] = 0.0002366947
E[P_sel(13)] = 0.0002184297
E[P_sel(14)] = 0.0002087756
E[P_sel(15)] = 0.0002090833
E[P_sel(16)] = 0.0002081582
E[P_sel(17)] = 0.0002165475
E[P_sel(18)] = 0.0002311681
E[P_sel(19)] = 0.0002617429

---- Expected D_neut and D_sel (neutral and selected divergence per site) 
E[D_neut] = 0.0198513245
E[D_sel] = 0.0125466066

---- Expected neutral and selected misattributed polymorphism per site
E[mis_neut] = 0.0005750269
E[mis_sel] = 0.0003468798

---- alpha_div = 0.261925
---- alpha_dfe = 0.261745

