---- Running command
---- ./polyDFE -d Mmc/629.polyDFE.config.txt -m C -e 
---- Performing inference using model C

---- Performing inference on Mmc/629.polyDFE.config.txt
---- No mutation variability. Using Poisson likelihood.


---- Calculating initial values

-- Starting local optimization
-- Optimizing all parameters
  it        eps_an        lambda     theta_bar           S_d             b           p_b           S_b           r 2           r 3           r 4           r 5           r 6           r 7           r 8           r 9          r 10          r 11          r 12          r 13          r 14          r 15          r 16          r 17          r 18          r 19          r 20           ln lk          grad status 
   0           0.1 0.01930200362 0.01138954088        -20000         0.208           0.1            20 0.87213342589 0.72976380292 0.64525724076 0.58000767032 0.55687324412 0.54437132070 0.53512154248 0.53028289191 0.55220825679 0.55484368585 0.59485340081 0.62725929874 0.66002783705 0.74300650643 0.87022760041 1.10776756969 1.57658237844             1             1 -1120570.662454 23249.5219861   -2 
 689 0.00090403527 0.01934729833 0.01016781738 -86.045311672 0.11884633910 0.02062408399 7.09205883493 0.86524304926 0.71683293119 0.62362934875 0.55261651512 0.52790250976 0.50977448438 0.49619414359 0.48483187696 0.49412329537 0.48473153713 0.51242952423 0.51625549747 0.52206150317 0.55809709835 0.59330361564 0.64708347094 0.70635578049 0.82814322614 1.03668474431 -274.2714437009 0.04679014313   -3 
-- Local optimization: stuck in the same solution
---- Best joint likelihood found -274.271443700956297 with gradient 0.04679

---- Results for Mmc/629.polyDFE.config.txt 
--  Model: C
--        eps_an        lambda     theta_bar             a 
-- 0.00090403527 0.01934729833 0.01016781738            -1 
--           S_d             b           p_b           S_b 
-- -86.045311672 0.11884633910 0.02062408399 7.09205883493 
--           r 2           r 3           r 4           r 5           r 6           r 7           r 8           r 9          r 10          r 11          r 12          r 13          r 14          r 15          r 16          r 17          r 18          r 19          r 20 
-- 0.86524304926 0.71683293119 0.62362934875 0.55261651512 0.52790250976 0.50977448438 0.49619414359 0.48483187696 0.49412329537 0.48473153713 0.51242952423 0.51625549747 0.52206150317 0.55809709835 0.59330361564 0.64708347094 0.70635578049 0.82814322614 1.03668474431 

---- Expected P_neut(i), 0 < i < n (neutral SFS per site) 
E[P_neut(1)] = 0.0101590260
E[P_neut(2)] = 0.0043952007
E[P_neut(3)] = 0.0024276956
E[P_neut(4)] = 0.0015841451
E[P_neut(5)] = 0.0011231068
E[P_neut(6)] = 0.0008941367
E[P_neut(7)] = 0.0007401662
E[P_neut(8)] = 0.0006304738
E[P_neut(9)] = 0.0005476523
E[P_neut(10)] = 0.0005024155
E[P_neut(11)] = 0.0004481503
E[P_neut(12)] = 0.0004343684
E[P_neut(13)] = 0.0004040883
E[P_neut(14)] = 0.0003796250
E[P_neut(15)] = 0.0003789826
E[P_neut(16)] = 0.0003781299
E[P_neut(17)] = 0.0003888716
E[P_neut(18)] = 0.0004026213
E[P_neut(19)] = 0.0004519708

---- Expected P_sel(i), 0 < i < n (selected SFS per site) 
E[P_sel(1)] = 0.0072313741
E[P_sel(2)] = 0.0028308032
E[P_sel(3)] = 0.0014878867
E[P_sel(4)] = 0.0009408795
E[P_sel(5)] = 0.0006523774
E[P_sel(6)] = 0.0005107665
E[P_sel(7)] = 0.0004173725
E[P_sel(8)] = 0.0003519305
E[P_sel(9)] = 0.0003032980
E[P_sel(10)] = 0.0002765921
E[P_sel(11)] = 0.0002456918
E[P_sel(12)] = 0.0002375599
E[P_sel(13)] = 0.0002208666
E[P_sel(14)] = 0.0002077895
E[P_sel(15)] = 0.0002082227
E[P_sel(16)] = 0.0002091562
E[P_sel(17)] = 0.0002173900
E[P_sel(18)] = 0.0002287616
E[P_sel(19)] = 0.0002637097

---- Expected D_neut and D_sel (neutral and selected divergence per site) 
E[D_neut] = 0.0198743394
E[D_sel] = 0.0124866395

---- Expected neutral and selected misattributed polymorphism per site
E[mis_neut] = 0.0005270411
E[mis_sel] = 0.0003159211

---- alpha_div = 0.239047
---- alpha_dfe = 0.238805

