---- Running command
---- ./polyDFE -d Mmc/63.polyDFE.config.txt -m C -e 
---- Performing inference using model C

---- Performing inference on Mmc/63.polyDFE.config.txt
---- No mutation variability. Using Poisson likelihood.


---- Calculating initial values

-- Starting local optimization
-- Optimizing all parameters
  it        eps_an        lambda     theta_bar           S_d             b           p_b           S_b           r 2           r 3           r 4           r 5           r 6           r 7           r 8           r 9          r 10          r 11          r 12          r 13          r 14          r 15          r 16          r 17          r 18          r 19          r 20           ln lk          grad status 
   0           0.1 0.01928821383 0.01132890602        -20000         0.208           0.1            20 0.87119495396 0.73820862527 0.64479868489 0.58122971795 0.55869616853 0.53500157091 0.54104980942 0.52947956834 0.54925630209 0.55843900149 0.60175286330 0.63444072240 0.67188723730 0.75341221975 0.87907187120 1.11044685275 1.58208976703             1             1 -1119898.588809 23236.7088902   -2 
 467 0.00454792509 0.01934222960 0.01016843922 -95.207198982 0.10929848324 0.00413139482 30.3541783249 0.86113681630 0.71967020376 0.61569623541 0.55374745036 0.52611563797 0.50159333980 0.49461808291 0.48073985935 0.48815788129 0.48376533685 0.51760514458 0.52162352746 0.52851019211 0.56088456863 0.59592508801 0.64159964618 0.68956746384 0.75751984044 1.00492242032 -287.8354818562 0.65266839580   -3 
-- Local optimization: stuck in the same solution
---- Best joint likelihood found -287.835481856265687 with gradient 0.65267

---- Results for Mmc/63.polyDFE.config.txt 
--  Model: C
--        eps_an        lambda     theta_bar             a 
-- 0.00454792509 0.01934222960 0.01016843922            -1 
--           S_d             b           p_b           S_b 
-- -95.207198982 0.10929848324 0.00413139482 30.3541783249 
--           r 2           r 3           r 4           r 5           r 6           r 7           r 8           r 9          r 10          r 11          r 12          r 13          r 14          r 15          r 16          r 17          r 18          r 19          r 20 
-- 0.86113681630 0.71967020376 0.61569623541 0.55374745036 0.52611563797 0.50159333980 0.49461808291 0.48073985935 0.48815788129 0.48376533685 0.51760514458 0.52162352746 0.52851019211 0.56088456863 0.59592508801 0.64159964618 0.68956746384 0.75751984044 1.00492242032 

---- Expected P_neut(i), 0 < i < n (neutral SFS per site) 
E[P_neut(1)] = 0.0101240377
E[P_neut(2)] = 0.0043600685
E[P_neut(3)] = 0.0024299591
E[P_neut(4)] = 0.0015597716
E[P_neut(5)] = 0.0011227570
E[P_neut(6)] = 0.0008893199
E[P_neut(7)] = 0.0007271735
E[P_neut(8)] = 0.0006278223
E[P_neut(9)] = 0.0005427163
E[P_neut(10)] = 0.0004963804
E[P_neut(11)] = 0.0004476308
E[P_neut(12)] = 0.0004394675
E[P_neut(13)] = 0.0004094656
E[P_neut(14)] = 0.0003861753
E[P_neut(15)] = 0.0003836138
E[P_neut(16)] = 0.0003841226
E[P_neut(17)] = 0.0003931171
E[P_neut(18)] = 0.0004076860
E[P_neut(19)] = 0.0004498118

---- Expected P_sel(i), 0 < i < n (selected SFS per site) 
E[P_sel(1)] = 0.0072170382
E[P_sel(2)] = 0.0028222627
E[P_sel(3)] = 0.0014987024
E[P_sel(4)] = 0.0009324470
E[P_sel(5)] = 0.0006561183
E[P_sel(6)] = 0.0005105981
E[P_sel(7)] = 0.0004115633
E[P_sel(8)] = 0.0003511259
E[P_sel(9)] = 0.0003004926
E[P_sel(10)] = 0.0002724961
E[P_sel(11)] = 0.0002439633
E[P_sel(12)] = 0.0002380758
E[P_sel(13)] = 0.0002207612
E[P_sel(14)] = 0.0002074929
E[P_sel(15)] = 0.0002057519
E[P_sel(16)] = 0.0002061666
E[P_sel(17)] = 0.0002120291
E[P_sel(18)] = 0.0002230172
E[P_sel(19)] = 0.0002575843

---- Expected D_neut and D_sel (neutral and selected divergence per site) 
E[D_neut] = 0.0198531542
E[D_sel] = 0.0124993484

---- Expected neutral and selected misattributed polymorphism per site
E[mis_neut] = 0.0005109246
E[mis_sel] = 0.0002928105

---- alpha_div = 0.198916
---- alpha_dfe = 0.199053

