---- Running command
---- ./polyDFE -d Mmc/630.polyDFE.config.txt -m C -e 
---- Performing inference using model C

---- Performing inference on Mmc/630.polyDFE.config.txt
---- No mutation variability. Using Poisson likelihood.


---- Calculating initial values

-- Starting local optimization
-- Optimizing all parameters
  it        eps_an        lambda     theta_bar           S_d             b           p_b           S_b           r 2           r 3           r 4           r 5           r 6           r 7           r 8           r 9          r 10          r 11          r 12          r 13          r 14          r 15          r 16          r 17          r 18          r 19          r 20           ln lk          grad status 
   0           0.1 0.01926825499 0.01136426377        -20000         0.208           0.1            20 0.87168823428 0.73517561370 0.64275944659 0.58261548361 0.55508360369 0.53689162181 0.53487763599 0.52822955047 0.55135376351 0.55233349408 0.59187095294 0.62431749739 0.66470570328 0.75784148780 0.87331534155 1.10977582355 1.58625063430             1             1 -1117644.962225 23163.0329251   -2 
 715 0.00143007148 0.01924473067 0.01016014323 -82.370096720 0.11849245356 0.01779168734 8.16677698894 0.86246798271 0.71947267760 0.61565456976 0.55721934629 0.52669323789 0.50265309283 0.49843406006 0.48308031436 0.49411530941 0.48325258743 0.50930513741 0.51824205983 0.52381833284 0.56346913225 0.59106140125 0.64778549668 0.70882087145 0.80961214024 1.16752231385 -266.2322730787 0.02051045376   -3 
-- Local optimization: stuck in the same solution
---- Best joint likelihood found -266.232273078727303 with gradient 0.02051

---- Results for Mmc/630.polyDFE.config.txt 
--  Model: C
--        eps_an        lambda     theta_bar             a 
-- 0.00143007148 0.01924473067 0.01016014323            -1 
--           S_d             b           p_b           S_b 
-- -82.370096720 0.11849245356 0.01779168734 8.16677698894 
--           r 2           r 3           r 4           r 5           r 6           r 7           r 8           r 9          r 10          r 11          r 12          r 13          r 14          r 15          r 16          r 17          r 18          r 19          r 20 
-- 0.86246798271 0.71947267760 0.61565456976 0.55721934629 0.52669323789 0.50265309283 0.49843406006 0.48308031436 0.49411530941 0.48325258743 0.50930513741 0.51824205983 0.52381833284 0.56346913225 0.59106140125 0.64778549668 0.70882087145 0.80961214024 1.16752231385 

---- Expected P_neut(i), 0 < i < n (neutral SFS per site) 
E[P_neut(1)] = 0.0101462326
E[P_neut(2)] = 0.0043757056
E[P_neut(3)] = 0.0024337176
E[P_neut(4)] = 0.0015620851
E[P_neut(5)] = 0.0011312122
E[P_neut(6)] = 0.0008911480
E[P_neut(7)] = 0.0007291112
E[P_neut(8)] = 0.0006327316
E[P_neut(9)] = 0.0005452101
E[P_neut(10)] = 0.0005020282
E[P_neut(11)] = 0.0004464975
E[P_neut(12)] = 0.0004315064
E[P_neut(13)] = 0.0004054959
E[P_neut(14)] = 0.0003808796
E[P_neut(15)] = 0.0003827353
E[P_neut(16)] = 0.0003770289
E[P_neut(17)] = 0.0003900835
E[P_neut(18)] = 0.0004057892
E[P_neut(19)] = 0.0004468461

---- Expected P_sel(i), 0 < i < n (selected SFS per site) 
E[P_sel(1)] = 0.0072503998
E[P_sel(2)] = 0.0028293122
E[P_sel(3)] = 0.0014970838
E[P_sel(4)] = 0.0009309468
E[P_sel(5)] = 0.0006591357
E[P_sel(6)] = 0.0005104873
E[P_sel(7)] = 0.0004121533
E[P_sel(8)] = 0.0003539347
E[P_sel(9)] = 0.0003024639
E[P_sel(10)] = 0.0002767375
E[P_sel(11)] = 0.0002449930
E[P_sel(12)] = 0.0002360809
E[P_sel(13)] = 0.0002216038
E[P_sel(14)] = 0.0002083368
E[P_sel(15)] = 0.0002100352
E[P_sel(16)] = 0.0002082080
E[P_sel(17)] = 0.0002176669
E[P_sel(18)] = 0.0002302415
E[P_sel(19)] = 0.0002612016

---- Expected D_neut and D_sel (neutral and selected divergence per site) 
E[D_neut] = 0.0198378404
E[D_sel] = 0.0125163809

---- Expected neutral and selected misattributed polymorphism per site
E[mis_neut] = 0.0005931097
E[mis_sel] = 0.0003555096

---- alpha_div = 0.234859
---- alpha_dfe = 0.234741

