---- Running command
---- ./polyDFE -d Mmc/631.polyDFE.config.txt -m C -e 
---- Performing inference using model C

---- Performing inference on Mmc/631.polyDFE.config.txt
---- No mutation variability. Using Poisson likelihood.


---- Calculating initial values

-- Starting local optimization
-- Optimizing all parameters
  it        eps_an        lambda     theta_bar           S_d             b           p_b           S_b           r 2           r 3           r 4           r 5           r 6           r 7           r 8           r 9          r 10          r 11          r 12          r 13          r 14          r 15          r 16          r 17          r 18          r 19          r 20           ln lk          grad status 
   0           0.1 0.01927468642 0.01133548511        -20000         0.208           0.1            20 0.87170276048 0.73554694111 0.64478800253 0.58374970891 0.55978872166 0.54441856282 0.53740971873 0.52947450062 0.55321987489 0.55279383053 0.59167841347 0.62585623005 0.67361257727 0.75979640507 0.86909929857 1.10847074409 1.57751482597             1             1 -1119136.642131 23168.0186457   -2 
 596 0.00137457031 0.01931483393 0.01012617210 -69.907910429 0.12665748281 0.02422437251 6.43727894090 0.86329125661 0.72187172177 0.62338386917 0.55817512168 0.52767530852 0.51022637775 0.49504866246 0.48788768421 0.49697216962 0.48223866446 0.51166954281 0.51676348115 0.52878752398 0.56490701202 0.59155059886 0.64313042125 0.70445011187 0.80666382770 1.04040171052 -266.7224867834 0.15820510611   -8 
-- Local optimization: reached maximum number of likelihood evaluations allowed.
---- Best joint likelihood found -266.722486783430213 with gradient 0.15821

---- Results for Mmc/631.polyDFE.config.txt 
--  Model: C
--        eps_an        lambda     theta_bar             a 
-- 0.00137457031 0.01931483393 0.01012617210            -1 
--           S_d             b           p_b           S_b 
-- -69.907910429 0.12665748281 0.02422437251 6.43727894090 
--           r 2           r 3           r 4           r 5           r 6           r 7           r 8           r 9          r 10          r 11          r 12          r 13          r 14          r 15          r 16          r 17          r 18          r 19          r 20 
-- 0.86329125661 0.72187172177 0.62338386917 0.55817512168 0.52767530852 0.51022637775 0.49504866246 0.48788768421 0.49697216962 0.48223866446 0.51166954281 0.51676348115 0.52878752398 0.56490701202 0.59155059886 0.64313042125 0.70445011187 0.80666382770 1.04040171052 

---- Expected P_neut(i), 0 < i < n (neutral SFS per site) 
E[P_neut(1)] = 0.0101128439
E[P_neut(2)] = 0.0043654545
E[P_neut(3)] = 0.0024337764
E[P_neut(4)] = 0.0015764685
E[P_neut(5)] = 0.0011294058
E[P_neut(6)] = 0.0008898568
E[P_neut(7)] = 0.0007376302
E[P_neut(8)] = 0.0006263507
E[P_neut(9)] = 0.0005487928
E[P_neut(10)] = 0.0005032426
E[P_neut(11)] = 0.0004440745
E[P_neut(12)] = 0.0004320390
E[P_neut(13)] = 0.0004029871
E[P_neut(14)] = 0.0003831694
E[P_neut(15)] = 0.0003823860
E[P_neut(16)] = 0.0003760386
E[P_neut(17)] = 0.0003859080
E[P_neut(18)] = 0.0004017625
E[P_neut(19)] = 0.0004432449

---- Expected P_sel(i), 0 < i < n (selected SFS per site) 
E[P_sel(1)] = 0.0072659803
E[P_sel(2)] = 0.0028279519
E[P_sel(3)] = 0.0014966516
E[P_sel(4)] = 0.0009380286
E[P_sel(5)] = 0.0006565479
E[P_sel(6)] = 0.0005083544
E[P_sel(7)] = 0.0004157701
E[P_sel(8)] = 0.0003493810
E[P_sel(9)] = 0.0003036720
E[P_sel(10)] = 0.0002768128
E[P_sel(11)] = 0.0002432836
E[P_sel(12)] = 0.0002361793
E[P_sel(13)] = 0.0002202526
E[P_sel(14)] = 0.0002098301
E[P_sel(15)] = 0.0002103368
E[P_sel(16)] = 0.0002084176
E[P_sel(17)] = 0.0002163917
E[P_sel(18)] = 0.0002292752
E[P_sel(19)] = 0.0002604140

---- Expected D_neut and D_sel (neutral and selected divergence per site) 
E[D_neut] = 0.0198415983
E[D_sel] = 0.0125236889

---- Expected neutral and selected misattributed polymorphism per site
E[mis_neut] = 0.0005267643
E[mis_sel] = 0.0003173676

---- alpha_div = 0.254734
---- alpha_dfe = 0.254712

