---- Running command
---- ./polyDFE -d Mmc/632.polyDFE.config.txt -m C -e 
---- Performing inference using model C

---- Performing inference on Mmc/632.polyDFE.config.txt
---- No mutation variability. Using Poisson likelihood.


---- Calculating initial values

-- Starting local optimization
-- Optimizing all parameters
  it        eps_an        lambda     theta_bar           S_d             b           p_b           S_b           r 2           r 3           r 4           r 5           r 6           r 7           r 8           r 9          r 10          r 11          r 12          r 13          r 14          r 15          r 16          r 17          r 18          r 19          r 20           ln lk          grad status 
   0           0.1 0.01930933704 0.01134836699        -20000         0.208           0.1            20 0.87373901641 0.73605933460 0.64509540714 0.58414780099 0.55337263419 0.54125561636 0.53369551102 0.52823292490 0.55214011647 0.55319351988 0.58923380713 0.62495771784 0.65302449762 0.75933369971 0.85899406354 1.10959480969 1.57871133564             1             1 -1121145.162243 23271.6233292   -2 
 425 0.00128028490 0.01936018329 0.01014385973 -75.456140084 0.12672072274 0.02880061420 5.50531317290 0.86440807669 0.72069461159 0.62171081919 0.55649519829 0.52559035697 0.51146465782 0.49140946642 0.48331075415 0.49200694383 0.48235976530 0.50765818525 0.51572573538 0.52310780560 0.56565519320 0.58401135422 0.64309650892 0.69907095154 0.81164354154 1.02799151550 -288.9081254638 0.07597899179   -3 
-- Local optimization: stuck in the same solution
---- Best joint likelihood found -288.908125463844044 with gradient 0.07598

---- Results for Mmc/632.polyDFE.config.txt 
--  Model: C
--        eps_an        lambda     theta_bar             a 
-- 0.00128028490 0.01936018329 0.01014385973            -1 
--           S_d             b           p_b           S_b 
-- -75.456140084 0.12672072274 0.02880061420 5.50531317290 
--           r 2           r 3           r 4           r 5           r 6           r 7           r 8           r 9          r 10          r 11          r 12          r 13          r 14          r 15          r 16          r 17          r 18          r 19          r 20 
-- 0.86440807669 0.72069461159 0.62171081919 0.55649519829 0.52559035697 0.51146465782 0.49140946642 0.48331075415 0.49200694383 0.48235976530 0.50765818525 0.51572573538 0.52310780560 0.56565519320 0.58401135422 0.64309650892 0.69907095154 0.81164354154 1.02799151550 

---- Expected P_neut(i), 0 < i < n (neutral SFS per site) 
E[P_neut(1)] = 0.0101314275
E[P_neut(2)] = 0.0043791085
E[P_neut(3)] = 0.0024342464
E[P_neut(4)] = 0.0015750923
E[P_neut(5)] = 0.0011280461
E[P_neut(6)] = 0.0008879334
E[P_neut(7)] = 0.0007407414
E[P_neut(8)] = 0.0006228503
E[P_neut(9)] = 0.0005446095
E[P_neut(10)] = 0.0004990849
E[P_neut(11)] = 0.0004449452
E[P_neut(12)] = 0.0004293828
E[P_neut(13)] = 0.0004028529
E[P_neut(14)] = 0.0003796761
E[P_neut(15)] = 0.0003834842
E[P_neut(16)] = 0.0003718026
E[P_neut(17)] = 0.0003863628
E[P_neut(18)] = 0.0003990685
E[P_neut(19)] = 0.0004457585

---- Expected P_sel(i), 0 < i < n (selected SFS per site) 
E[P_sel(1)] = 0.0072341426
E[P_sel(2)] = 0.0028197728
E[P_sel(3)] = 0.0014887820
E[P_sel(4)] = 0.0009326198
E[P_sel(5)] = 0.0006529027
E[P_sel(6)] = 0.0005053247
E[P_sel(7)] = 0.0004161674
E[P_sel(8)] = 0.0003465002
E[P_sel(9)] = 0.0003007327
E[P_sel(10)] = 0.0002741293
E[P_sel(11)] = 0.0002435681
E[P_sel(12)] = 0.0002347019
E[P_sel(13)] = 0.0002203097
E[P_sel(14)] = 0.0002081865
E[P_sel(15)] = 0.0002113559
E[P_sel(16)] = 0.0002065951
E[P_sel(17)] = 0.0002172753
E[P_sel(18)] = 0.0002283701
E[P_sel(19)] = 0.0002622099

---- Expected D_neut and D_sel (neutral and selected divergence per site) 
E[D_neut] = 0.0198815734
E[D_sel] = 0.0125010690

---- Expected neutral and selected misattributed polymorphism per site
E[mis_neut] = 0.0005213901
E[mis_sel] = 0.0003142805

---- alpha_div = 0.263043
---- alpha_dfe = 0.262649

