---- Running command
---- ./polyDFE -d Mmc/633.polyDFE.config.txt -m C -e 
---- Performing inference using model C

---- Performing inference on Mmc/633.polyDFE.config.txt
---- No mutation variability. Using Poisson likelihood.


---- Calculating initial values

-- Starting local optimization
-- Optimizing all parameters
  it        eps_an        lambda     theta_bar           S_d             b           p_b           S_b           r 2           r 3           r 4           r 5           r 6           r 7           r 8           r 9          r 10          r 11          r 12          r 13          r 14          r 15          r 16          r 17          r 18          r 19          r 20           ln lk          grad status 
   0           0.1 0.01930164717 0.01139286910        -20000         0.208           0.1            20 0.87168123895 0.73321979221 0.64484360284 0.57865672488 0.55972480109 0.54118787236 0.53480696742 0.52985262044 0.55363325046 0.56058237165 0.59598219602 0.62943878432 0.66986431595 0.74187878503 0.86891840324 1.09918757343 1.58573622804             1             1 -1118837.467539 23209.9664147   -2 
 663 0.00125582313 0.01934797765 0.01017010649 -76.702839780 0.12359676359 0.02093378931 7.34611272444 0.86643655907 0.71867792167 0.62236767212 0.55420558596 0.53061915051 0.51039761577 0.49463910112 0.48212521810 0.49730243553 0.48460822465 0.51612789267 0.51745825521 0.52433649989 0.55788953058 0.59369597365 0.64065122490 0.71092723372 0.80448352932 1.03277799323 -283.1582506440 0.04414113369   -3 
-- Local optimization: stuck in the same solution
---- Best joint likelihood found -283.158250644046348 with gradient 0.04414

---- Results for Mmc/633.polyDFE.config.txt 
--  Model: C
--        eps_an        lambda     theta_bar             a 
-- 0.00125582313 0.01934797765 0.01017010649            -1 
--           S_d             b           p_b           S_b 
-- -76.702839780 0.12359676359 0.02093378931 7.34611272444 
--           r 2           r 3           r 4           r 5           r 6           r 7           r 8           r 9          r 10          r 11          r 12          r 13          r 14          r 15          r 16          r 17          r 18          r 19          r 20 
-- 0.86643655907 0.71867792167 0.62236767212 0.55420558596 0.53061915051 0.51039761577 0.49463910112 0.48212521810 0.49730243553 0.48460822465 0.51612789267 0.51745825521 0.52433649989 0.55788953058 0.59369597365 0.64065122490 0.71092723372 0.80448352932 1.03277799323 

---- Expected P_neut(i), 0 < i < n (neutral SFS per site) 
E[P_neut(1)] = 0.0101578754
E[P_neut(2)] = 0.0044008475
E[P_neut(3)] = 0.0024337654
E[P_neut(4)] = 0.0015808731
E[P_neut(5)] = 0.0011263253
E[P_neut(6)] = 0.0008987577
E[P_neut(7)] = 0.0007411197
E[P_neut(8)] = 0.0006285762
E[P_neut(9)] = 0.0005446857
E[P_neut(10)] = 0.0005057619
E[P_neut(11)] = 0.0004481685
E[P_neut(12)] = 0.0004376633
E[P_neut(13)] = 0.0004052387
E[P_neut(14)] = 0.0003815482
E[P_neut(15)] = 0.0003791937
E[P_neut(16)] = 0.0003788852
E[P_neut(17)] = 0.0003858425
E[P_neut(18)] = 0.0004067067
E[P_neut(19)] = 0.0004428460

---- Expected P_sel(i), 0 < i < n (selected SFS per site) 
E[P_sel(1)] = 0.0072545870
E[P_sel(2)] = 0.0028360721
E[P_sel(3)] = 0.0014898042
E[P_sel(4)] = 0.0009366823
E[P_sel(5)] = 0.0006521135
E[P_sel(6)] = 0.0005113971
E[P_sel(7)] = 0.0004160625
E[P_sel(8)] = 0.0003491801
E[P_sel(9)] = 0.0003001083
E[P_sel(10)] = 0.0002769431
E[P_sel(11)] = 0.0002443484
E[P_sel(12)] = 0.0002380257
E[P_sel(13)] = 0.0002202621
E[P_sel(14)] = 0.0002077044
E[P_sel(15)] = 0.0002072565
E[P_sel(16)] = 0.0002085790
E[P_sel(17)] = 0.0002148356
E[P_sel(18)] = 0.0002304632
E[P_sel(19)] = 0.0002585241

---- Expected D_neut and D_sel (neutral and selected divergence per site) 
E[D_neut] = 0.0198731508
E[D_sel] = 0.0125385696

---- Expected neutral and selected misattributed polymorphism per site
E[mis_neut] = 0.0005251731
E[mis_sel] = 0.0003149785

---- alpha_div = 0.249742
---- alpha_dfe = 0.249586

