---- Running command
---- ./polyDFE -d Mmc/634.polyDFE.config.txt -m C -e 
---- Performing inference using model C

---- Performing inference on Mmc/634.polyDFE.config.txt
---- No mutation variability. Using Poisson likelihood.


---- Calculating initial values

-- Starting local optimization
-- Optimizing all parameters
  it        eps_an        lambda     theta_bar           S_d             b           p_b           S_b           r 2           r 3           r 4           r 5           r 6           r 7           r 8           r 9          r 10          r 11          r 12          r 13          r 14          r 15          r 16          r 17          r 18          r 19          r 20           ln lk          grad status 
   0           0.1 0.01925380326 0.01132800499        -20000         0.208           0.1            20 0.87434096153 0.73472250649 0.64384130728 0.58392541527 0.56140809657 0.54109255011 0.53760988055 0.53343759301 0.55598012697 0.55467874826 0.59737239541 0.62584057774 0.66820215590 0.74725718836 0.86948444078 1.11587150245 1.58256686466             1             1 -1117861.117245 23156.9462664   -2 
 420 0.00275135145 0.01931187586 0.01014227933 -77.317121139 0.11932657723 0.01406358929 10.1376536901 0.86465952254 0.71839717185 0.61669793969 0.55604181988 0.52973914131 0.50893599126 0.49518832993 0.48753094546 0.49972881010 0.48602571412 0.51744356564 0.51443590490 0.52724096270 0.55604539627 0.58813853334 0.64937913809 0.69547959807 0.79226155929 1.00437367419 -280.6992096253 0.39743406763   -3 
-- Local optimization: stuck in the same solution
---- Best joint likelihood found -280.699209625352523 with gradient 0.39743

---- Results for Mmc/634.polyDFE.config.txt 
--  Model: C
--        eps_an        lambda     theta_bar             a 
-- 0.00275135145 0.01931187586 0.01014227933            -1 
--           S_d             b           p_b           S_b 
-- -77.317121139 0.11932657723 0.01406358929 10.1376536901 
--           r 2           r 3           r 4           r 5           r 6           r 7           r 8           r 9          r 10          r 11          r 12          r 13          r 14          r 15          r 16          r 17          r 18          r 19          r 20 
-- 0.86465952254 0.71839717185 0.61669793969 0.55604181988 0.52973914131 0.50893599126 0.49518832993 0.48753094546 0.49972881010 0.48602571412 0.51744356564 0.51443590490 0.52724096270 0.55604539627 0.58813853334 0.64937913809 0.69547959807 0.79226155929 1.00437367419 

---- Expected P_neut(i), 0 < i < n (neutral SFS per site) 
E[P_neut(1)] = 0.0101155379
E[P_neut(2)] = 0.0043738232
E[P_neut(3)] = 0.0024231119
E[P_neut(4)] = 0.0015604042
E[P_neut(5)] = 0.0011258375
E[P_neut(6)] = 0.0008940476
E[P_neut(7)] = 0.0007364713
E[P_neut(8)] = 0.0006272683
E[P_neut(9)] = 0.0005491297
E[P_neut(10)] = 0.0005068389
E[P_neut(11)] = 0.0004484067
E[P_neut(12)] = 0.0004378621
E[P_neut(13)] = 0.0004022748
E[P_neut(14)] = 0.0003833718
E[P_neut(15)] = 0.0003780400
E[P_neut(16)] = 0.0003760931
E[P_neut(17)] = 0.0003930390
E[P_neut(18)] = 0.0004028609
E[P_neut(19)] = 0.0004496539

---- Expected P_sel(i), 0 < i < n (selected SFS per site) 
E[P_sel(1)] = 0.0072521618
E[P_sel(2)] = 0.0028346650
E[P_sel(3)] = 0.0014927216
E[P_sel(4)] = 0.0009306042
E[P_sel(5)] = 0.0006560251
E[P_sel(6)] = 0.0005118322
E[P_sel(7)] = 0.0004157882
E[P_sel(8)] = 0.0003502043
E[P_sel(9)] = 0.0003038456
E[P_sel(10)] = 0.0002784622
E[P_sel(11)] = 0.0002450379
E[P_sel(12)] = 0.0002383883
E[P_sel(13)] = 0.0002185837
E[P_sel(14)] = 0.0002083125
E[P_sel(15)] = 0.0002059023
E[P_sel(16)] = 0.0002059724
E[P_sel(17)] = 0.0002174127
E[P_sel(18)] = 0.0002268344
E[P_sel(19)] = 0.0002626485

---- Expected D_neut and D_sel (neutral and selected divergence per site) 
E[D_neut] = 0.0198212078
E[D_sel] = 0.0125005625

---- Expected neutral and selected misattributed polymorphism per site
E[mis_neut] = 0.0005093319
E[mis_sel] = 0.0003029578

---- alpha_div = 0.228967
---- alpha_dfe = 0.228881

