---- Running command
---- ./polyDFE -d Mmc/635.polyDFE.config.txt -m C -e 
---- Performing inference using model C

---- Performing inference on Mmc/635.polyDFE.config.txt
---- No mutation variability. Using Poisson likelihood.


---- Calculating initial values

-- Starting local optimization
-- Optimizing all parameters
  it        eps_an        lambda     theta_bar           S_d             b           p_b           S_b           r 2           r 3           r 4           r 5           r 6           r 7           r 8           r 9          r 10          r 11          r 12          r 13          r 14          r 15          r 16          r 17          r 18          r 19          r 20           ln lk          grad status 
   0           0.1 0.01931966603 0.01135057832        -20000         0.208           0.1            20 0.87208502392 0.73170576041 0.64557088813 0.58082864342 0.55851866551 0.53969574105 0.54035733958 0.53589855503 0.55089656235 0.55581511792 0.59427416045 0.62645378195 0.66636865936 0.75186753530 0.87532773829 1.09592393962 1.58674132086             1             1 -1122434.261831 23242.3099676   -2 
 559 0.00336930835 0.01937690140 0.01016108492 -79.142148168 0.11941538016 0.01745623551 8.18165201291 0.86386477342 0.71841100869 0.62200829043 0.55401031560 0.53051312817 0.50439228930 0.49654555004 0.48750138784 0.49050665089 0.48551641589 0.50898577301 0.51526877012 0.52527697884 0.55496022396 0.59193239944 0.63533030078 0.69736822081 0.77201530058 1.00545891017 -269.7460471568 0.23423899807   -3 
-- Local optimization: stuck in the same solution
---- Best joint likelihood found -269.746047156862915 with gradient 0.23424

---- Results for Mmc/635.polyDFE.config.txt 
--  Model: C
--        eps_an        lambda     theta_bar             a 
-- 0.00336930835 0.01937690140 0.01016108492            -1 
--           S_d             b           p_b           S_b 
-- -79.142148168 0.11941538016 0.01745623551 8.18165201291 
--           r 2           r 3           r 4           r 5           r 6           r 7           r 8           r 9          r 10          r 11          r 12          r 13          r 14          r 15          r 16          r 17          r 18          r 19          r 20 
-- 0.86386477342 0.71841100869 0.62200829043 0.55401031560 0.53051312817 0.50439228930 0.49654555004 0.48750138784 0.49050665089 0.48551641589 0.50898577301 0.51526877012 0.52527697884 0.55496022396 0.59193239944 0.63533030078 0.69736822081 0.77201530058 1.00545891017 

---- Expected P_neut(i), 0 < i < n (neutral SFS per site) 
E[P_neut(1)] = 0.0101282402
E[P_neut(2)] = 0.0043754405
E[P_neut(3)] = 0.0024263594
E[P_neut(4)] = 0.0015760126
E[P_neut(5)] = 0.0011233424
E[P_neut(6)] = 0.0008966889
E[P_neut(7)] = 0.0007310576
E[P_neut(8)] = 0.0006300074
E[P_neut(9)] = 0.0005500503
E[P_neut(10)] = 0.0004984080
E[P_neut(11)] = 0.0004488319
E[P_neut(12)] = 0.0004316601
E[P_neut(13)] = 0.0004038553
E[P_neut(14)] = 0.0003829843
E[P_neut(15)] = 0.0003784600
E[P_neut(16)] = 0.0003799744
E[P_neut(17)] = 0.0003866628
E[P_neut(18)] = 0.0004071288
E[P_neut(19)] = 0.0004457139

---- Expected P_sel(i), 0 < i < n (selected SFS per site) 
E[P_sel(1)] = 0.0072536123
E[P_sel(2)] = 0.0028340354
E[P_sel(3)] = 0.0014945348
E[P_sel(4)] = 0.0009402081
E[P_sel(5)] = 0.0006550633
E[P_sel(6)] = 0.0005139613
E[P_sel(7)] = 0.0004134218
E[P_sel(8)] = 0.0003524981
E[P_sel(9)] = 0.0003051798
E[P_sel(10)] = 0.0002747314
E[P_sel(11)] = 0.0002462321
E[P_sel(12)] = 0.0002360951
E[P_sel(13)] = 0.0002206164
E[P_sel(14)] = 0.0002093822
E[P_sel(15)] = 0.0002075705
E[P_sel(16)] = 0.0002097252
E[P_sel(17)] = 0.0002157234
E[P_sel(18)] = 0.0002312901
E[P_sel(19)] = 0.0002626947

---- Expected D_neut and D_sel (neutral and selected divergence per site) 
E[D_neut] = 0.0198877291
E[D_sel] = 0.0125051280

---- Expected neutral and selected misattributed polymorphism per site
E[mis_neut] = 0.0005108277
E[mis_sel] = 0.0003053074

---- alpha_div = 0.231608
---- alpha_dfe = 0.231562

