---- Running command
---- ./polyDFE -d Mmc/636.polyDFE.config.txt -m C -e 
---- Performing inference using model C

---- Performing inference on Mmc/636.polyDFE.config.txt
---- No mutation variability. Using Poisson likelihood.


---- Calculating initial values

-- Starting local optimization
-- Optimizing all parameters
  it        eps_an        lambda     theta_bar           S_d             b           p_b           S_b           r 2           r 3           r 4           r 5           r 6           r 7           r 8           r 9          r 10          r 11          r 12          r 13          r 14          r 15          r 16          r 17          r 18          r 19          r 20           ln lk          grad status 
   0           0.1 0.01928129227 0.01134964006        -20000         0.208           0.1            20 0.87142241563 0.73370224799 0.64253273837 0.58447233776 0.55832786220 0.53760282103 0.53812660252 0.53472229436 0.55051054916 0.55789561105 0.59125319735 0.62872252450 0.66590008170 0.75400624664 0.87069431454 1.10591576718 1.58048111871             1             1 -1117745.296868 23166.9094605   -2 
 674 0.00010858344 0.01926072294 0.01012960108 -77.412216212 0.12124739821 0.01979362914 7.52203484694 0.86368826084 0.71888481274 0.61843523917 0.55638816489 0.52894508234 0.50767225393 0.49690208896 0.49084065484 0.49611656235 0.48896985387 0.50880947164 0.52075673134 0.52451379785 0.56185423113 0.59529989623 0.65366353337 0.71687800998 0.83823018570 1.16400942991 -272.8660099900 0.03427252101   -8 
-- Local optimization: reached maximum number of likelihood evaluations allowed.
---- Best joint likelihood found -272.866009990029852 with gradient 0.03427

---- Results for Mmc/636.polyDFE.config.txt 
--  Model: C
--        eps_an        lambda     theta_bar             a 
-- 0.00010858344 0.01926072294 0.01012960108            -1 
--           S_d             b           p_b           S_b 
-- -77.412216212 0.12124739821 0.01979362914 7.52203484694 
--           r 2           r 3           r 4           r 5           r 6           r 7           r 8           r 9          r 10          r 11          r 12          r 13          r 14          r 15          r 16          r 17          r 18          r 19          r 20 
-- 0.86368826084 0.71888481274 0.61843523917 0.55638816489 0.52894508234 0.50767225393 0.49690208896 0.49084065484 0.49611656235 0.48896985387 0.50880947164 0.52075673134 0.52451379785 0.56185423113 0.59529989623 0.65366353337 0.71687800998 0.83823018570 1.16400942991 

---- Expected P_neut(i), 0 < i < n (neutral SFS per site) 
E[P_neut(1)] = 0.0101285497
E[P_neut(2)] = 0.0043739776
E[P_neut(3)] = 0.0024271175
E[P_neut(4)] = 0.0015659964
E[P_neut(5)] = 0.0011271168
E[P_neut(6)] = 0.0008929447
E[P_neut(7)] = 0.0007346096
E[P_neut(8)] = 0.0006291558
E[P_neut(9)] = 0.0005524356
E[P_neut(10)] = 0.0005025463
E[P_neut(11)] = 0.0004502901
E[P_neut(12)] = 0.0004295248
E[P_neut(13)] = 0.0004058094
E[P_neut(14)] = 0.0003795640
E[P_neut(15)] = 0.0003795051
E[P_neut(16)] = 0.0003770135
E[P_neut(17)] = 0.0003897125
E[P_neut(18)] = 0.0004038583
E[P_neut(19)] = 0.0004479428

---- Expected P_sel(i), 0 < i < n (selected SFS per site) 
E[P_sel(1)] = 0.0072538522
E[P_sel(2)] = 0.0028309686
E[P_sel(3)] = 0.0014933484
E[P_sel(4)] = 0.0009330586
E[P_sel(5)] = 0.0006564168
E[P_sel(6)] = 0.0005111777
E[P_sel(7)] = 0.0004149584
E[P_sel(8)] = 0.0003516778
E[P_sel(9)] = 0.0003062673
E[P_sel(10)] = 0.0002768697
E[P_sel(11)] = 0.0002469784
E[P_sel(12)] = 0.0002349566
E[P_sel(13)] = 0.0002217953
E[P_sel(14)] = 0.0002076972
E[P_sel(15)] = 0.0002084091
E[P_sel(16)] = 0.0002084004
E[P_sel(17)] = 0.0002176789
E[P_sel(18)] = 0.0002291890
E[P_sel(19)] = 0.0002605541

---- Expected D_neut and D_sel (neutral and selected divergence per site) 
E[D_neut] = 0.0198502705
E[D_sel] = 0.0125288187

---- Expected neutral and selected misattributed polymorphism per site
E[mis_neut] = 0.0005895476
E[mis_sel] = 0.0003541036

---- alpha_div = 0.241394
---- alpha_dfe = 0.241267

