---- Running command
---- ./polyDFE -d Mmc/637.polyDFE.config.txt -m C -e 
---- Performing inference using model C

---- Performing inference on Mmc/637.polyDFE.config.txt
---- No mutation variability. Using Poisson likelihood.


---- Calculating initial values

-- Starting local optimization
-- Optimizing all parameters
  it        eps_an        lambda     theta_bar           S_d             b           p_b           S_b           r 2           r 3           r 4           r 5           r 6           r 7           r 8           r 9          r 10          r 11          r 12          r 13          r 14          r 15          r 16          r 17          r 18          r 19          r 20           ln lk          grad status 
   0           0.1 0.01928137460 0.01130830177        -20000         0.208           0.1            20 0.87556218395 0.73632299022 0.64386229053 0.58483382711 0.56016914526 0.54516268943 0.53787268747 0.53531124889 0.55974670637 0.55428625448 0.59498026783 0.62831237148 0.66949597427 0.75314079323 0.86120384227 1.10928761346 1.59466229345             1             1 -1115910.787251 23132.6294330   -2 
 800 0.00083178884 0.01932916949 0.01010002591 -68.517366697 0.12896744048 0.02893470542 5.56834879372 0.86637216742 0.72218680451 0.62261647274 0.55804382511 0.53168633362 0.51237193322 0.49598927265 0.49001744923 0.50040976052 0.48395998564 0.51747401733 0.51290502537 0.52940863318 0.56201196817 0.58723804417 0.64899568150 0.71405302961 0.83026602490 1.03075730081 -271.7388590769 0.07641068347   -3 
-- Local optimization: stuck in the same solution
---- Best joint likelihood found -271.738859076969675 with gradient 0.07641

---- Results for Mmc/637.polyDFE.config.txt 
--  Model: C
--        eps_an        lambda     theta_bar             a 
-- 0.00083178884 0.01932916949 0.01010002591            -1 
--           S_d             b           p_b           S_b 
-- -68.517366697 0.12896744048 0.02893470542 5.56834879372 
--           r 2           r 3           r 4           r 5           r 6           r 7           r 8           r 9          r 10          r 11          r 12          r 13          r 14          r 15          r 16          r 17          r 18          r 19          r 20 
-- 0.86637216742 0.72218680451 0.62261647274 0.55804382511 0.53168633362 0.51237193322 0.49598927265 0.49001744923 0.50040976052 0.48395998564 0.51747401733 0.51290502537 0.52940863318 0.56201196817 0.58723804417 0.64899568150 0.71405302961 0.83026602490 1.03075730081 

---- Expected P_neut(i), 0 < i < n (neutral SFS per site) 
E[P_neut(1)] = 0.0100919919
E[P_neut(2)] = 0.0043718847
E[P_neut(3)] = 0.0024296668
E[P_neut(4)] = 0.0015711113
E[P_neut(5)] = 0.0011266286
E[P_neut(6)] = 0.0008945809
E[P_neut(7)] = 0.0007389979
E[P_neut(8)] = 0.0006260295
E[P_neut(9)] = 0.0005498221
E[P_neut(10)] = 0.0005054152
E[P_neut(11)] = 0.0004444522
E[P_neut(12)] = 0.0004357003
E[P_neut(13)] = 0.0003987722
E[P_neut(14)] = 0.0003823583
E[P_neut(15)] = 0.0003790452
E[P_neut(16)] = 0.0003716943
E[P_neut(17)] = 0.0003872824
E[P_neut(18)] = 0.0004039701
E[P_neut(19)] = 0.0004493870

---- Expected P_sel(i), 0 < i < n (selected SFS per site) 
E[P_sel(1)] = 0.0072537859
E[P_sel(2)] = 0.0028316497
E[P_sel(3)] = 0.0014935925
E[P_sel(4)] = 0.0009345236
E[P_sel(5)] = 0.0006548042
E[P_sel(6)] = 0.0005110705
E[P_sel(7)] = 0.0004166821
E[P_sel(8)] = 0.0003494488
E[P_sel(9)] = 0.0003045870
E[P_sel(10)] = 0.0002784589
E[P_sel(11)] = 0.0002440173
E[P_sel(12)] = 0.0002388377
E[P_sel(13)] = 0.0002186895
E[P_sel(14)] = 0.0002102372
E[P_sel(15)] = 0.0002094864
E[P_sel(16)] = 0.0002071077
E[P_sel(17)] = 0.0002183999
E[P_sel(18)] = 0.0002317863
E[P_sel(19)] = 0.0002647167

---- Expected D_neut and D_sel (neutral and selected divergence per site) 
E[D_neut] = 0.0198497033
E[D_sel] = 0.0125439754

---- Expected neutral and selected misattributed polymorphism per site
E[mis_neut] = 0.0005205338
E[mis_sel] = 0.0003150783

---- alpha_div = 0.265566
---- alpha_dfe = 0.265329

