---- Running command
---- ./polyDFE -d Mmc/638.polyDFE.config.txt -m C -e 
---- Performing inference using model C

---- Performing inference on Mmc/638.polyDFE.config.txt
---- No mutation variability. Using Poisson likelihood.


---- Calculating initial values

-- Starting local optimization
-- Optimizing all parameters
  it        eps_an        lambda     theta_bar           S_d             b           p_b           S_b           r 2           r 3           r 4           r 5           r 6           r 7           r 8           r 9          r 10          r 11          r 12          r 13          r 14          r 15          r 16          r 17          r 18          r 19          r 20           ln lk          grad status 
   0           0.1 0.01927833566 0.01133494241        -20000         0.208           0.1            20 0.87593598173 0.73737432028 0.64769748923 0.59232237090 0.55924609710 0.53634140369 0.53894143026 0.52937005412 0.55772361815 0.55586626592 0.59204824383 0.63113168107 0.66303228168 0.75400850798 0.87092741215 1.11286809045 1.58845751198             1             1 -1119467.985372 23201.3903990   -2 
 798 0.00197831726 0.01932018032 0.01013239782 -66.082425625 0.13213961313 0.02917509900 5.63790410556 0.86788467911 0.72357599084 0.62513596407 0.56263043269 0.53131442025 0.50754046089 0.49660036560 0.48280138129 0.49970319253 0.48454216693 0.50827293766 0.51893494306 0.52359214372 0.55792215064 0.59004038003 0.64493718366 0.70537989760 0.80028478543 1.03798615557 -272.4403052928 0.05262482448   -3 
-- Local optimization: stuck in the same solution
---- Best joint likelihood found -272.440305292882840 with gradient 0.05262

---- Results for Mmc/638.polyDFE.config.txt 
--  Model: C
--        eps_an        lambda     theta_bar             a 
-- 0.00197831726 0.01932018032 0.01013239782            -1 
--           S_d             b           p_b           S_b 
-- -66.082425625 0.13213961313 0.02917509900 5.63790410556 
--           r 2           r 3           r 4           r 5           r 6           r 7           r 8           r 9          r 10          r 11          r 12          r 13          r 14          r 15          r 16          r 17          r 18          r 19          r 20 
-- 0.86788467911 0.72357599084 0.62513596407 0.56263043269 0.53131442025 0.50754046089 0.49660036560 0.48280138129 0.49970319253 0.48454216693 0.50827293766 0.51893494306 0.52359214372 0.55792215064 0.59004038003 0.64493718366 0.70537989760 0.80028478543 1.03798615557 

---- Expected P_neut(i), 0 < i < n (neutral SFS per site) 
E[P_neut(1)] = 0.0101131970
E[P_neut(2)] = 0.0043889635
E[P_neut(3)] = 0.0024397790
E[P_neut(4)] = 0.0015811381
E[P_neut(5)] = 0.0011386491
E[P_neut(6)] = 0.0008962228
E[P_neut(7)] = 0.0007340042
E[P_neut(8)] = 0.0006285738
E[P_neut(9)] = 0.0005433561
E[P_neut(10)] = 0.0005063192
E[P_neut(11)] = 0.0004465172
E[P_neut(12)] = 0.0004295639
E[P_neut(13)] = 0.0004051190
E[P_neut(14)] = 0.0003799714
E[P_neut(15)] = 0.0003783826
E[P_neut(16)] = 0.0003760513
E[P_neut(17)] = 0.0003884719
E[P_neut(18)] = 0.0004049790
E[P_neut(19)] = 0.0004459799

---- Expected P_sel(i), 0 < i < n (selected SFS per site) 
E[P_sel(1)] = 0.0072606121
E[P_sel(2)] = 0.0028338381
E[P_sel(3)] = 0.0014933630
E[P_sel(4)] = 0.0009357208
E[P_sel(5)] = 0.0006580734
E[P_sel(6)] = 0.0005089234
E[P_sel(7)] = 0.0004112432
E[P_sel(8)] = 0.0003485622
E[P_sel(9)] = 0.0002989731
E[P_sel(10)] = 0.0002770403
E[P_sel(11)] = 0.0002434502
E[P_sel(12)] = 0.0002338374
E[P_sel(13)] = 0.0002206367
E[P_sel(14)] = 0.0002075102
E[P_sel(15)] = 0.0002077518
E[P_sel(16)] = 0.0002082459
E[P_sel(17)] = 0.0002178746
E[P_sel(18)] = 0.0002314482
E[P_sel(19)] = 0.0002630272

---- Expected D_neut and D_sel (neutral and selected divergence per site) 
E[D_neut] = 0.0198460448
E[D_sel] = 0.0125119017

---- Expected neutral and selected misattributed polymorphism per site
E[mis_neut] = 0.0005258644
E[mis_sel] = 0.0003170813

---- alpha_div = 0.271347
---- alpha_dfe = 0.271267

