---- Running command
---- ./polyDFE -d Mmc/639.polyDFE.config.txt -m C -e 
---- Performing inference using model C

---- Performing inference on Mmc/639.polyDFE.config.txt
---- No mutation variability. Using Poisson likelihood.


---- Calculating initial values

-- Starting local optimization
-- Optimizing all parameters
  it        eps_an        lambda     theta_bar           S_d             b           p_b           S_b           r 2           r 3           r 4           r 5           r 6           r 7           r 8           r 9          r 10          r 11          r 12          r 13          r 14          r 15          r 16          r 17          r 18          r 19          r 20           ln lk          grad status 
   0           0.1 0.01931356605 0.01133979593        -20000         0.208           0.1            20 0.87389847264 0.73672270560 0.64529238972 0.58336283814 0.55823144172 0.53999125002 0.54055249101 0.53015626036 0.55928765573 0.55835056945 0.59317136688 0.62198246058 0.66735074401 0.75345733947 0.87202135461 1.11072582803 1.58512195036             1             1 -1123051.508618 23271.0226937   -2 
 472 0.00236661329 0.01936813426 0.01014219130 -79.130430328 0.12223167086 0.02332904843 6.39737262646 0.86537440687 0.72240017434 0.62354096768 0.55579115051 0.53089730120 0.50825449603 0.49684442226 0.48387793459 0.50033296608 0.48691274070 0.51257558648 0.51160148749 0.52413293105 0.55792214919 0.58854313691 0.64514396508 0.69371837383 0.79552633129 1.01699452361 -266.1482047973 0.22238577804   -3 
-- Local optimization: stuck in the same solution
---- Best joint likelihood found -266.148204797384096 with gradient 0.22239

---- Results for Mmc/639.polyDFE.config.txt 
--  Model: C
--        eps_an        lambda     theta_bar             a 
-- 0.00236661329 0.01936813426 0.01014219130            -1 
--           S_d             b           p_b           S_b 
-- -79.130430328 0.12223167086 0.02332904843 6.39737262646 
--           r 2           r 3           r 4           r 5           r 6           r 7           r 8           r 9          r 10          r 11          r 12          r 13          r 14          r 15          r 16          r 17          r 18          r 19          r 20 
-- 0.86537440687 0.72240017434 0.62354096768 0.55579115051 0.53089730120 0.50825449603 0.49684442226 0.48387793459 0.50033296608 0.48691274070 0.51257558648 0.51160148749 0.52413293105 0.55792214919 0.58854313691 0.64514396508 0.69371837383 0.79552633129 1.01699452361 

---- Expected P_neut(i), 0 < i < n (neutral SFS per site) 
E[P_neut(1)] = 0.0101191936
E[P_neut(2)] = 0.0043789358
E[P_neut(3)] = 0.0024373713
E[P_neut(4)] = 0.0015781592
E[P_neut(5)] = 0.0011256127
E[P_neut(6)] = 0.0008961851
E[P_neut(7)] = 0.0007356039
E[P_neut(8)] = 0.0006294210
E[P_neut(9)] = 0.0005450589
E[P_neut(10)] = 0.0005074473
E[P_neut(11)] = 0.0004491700
E[P_neut(12)] = 0.0004336854
E[P_neut(13)] = 0.0003999336
E[P_neut(14)] = 0.0003809292
E[P_neut(15)] = 0.0003790122
E[P_neut(16)] = 0.0003759286
E[P_neut(17)] = 0.0003897615
E[P_neut(18)] = 0.0004003397
E[P_neut(19)] = 0.0004476493

---- Expected P_sel(i), 0 < i < n (selected SFS per site) 
E[P_sel(1)] = 0.0072289077
E[P_sel(2)] = 0.0028264031
E[P_sel(3)] = 0.0014956720
E[P_sel(4)] = 0.0009379803
E[P_sel(5)] = 0.0006540775
E[P_sel(6)] = 0.0005120352
E[P_sel(7)] = 0.0004148478
E[P_sel(8)] = 0.0003513862
E[P_sel(9)] = 0.0003019238
E[P_sel(10)] = 0.0002794615
E[P_sel(11)] = 0.0002463913
E[P_sel(12)] = 0.0002373877
E[P_sel(13)] = 0.0002188569
E[P_sel(14)] = 0.0002088388
E[P_sel(15)] = 0.0002086738
E[P_sel(16)] = 0.0002084949
E[P_sel(17)] = 0.0002186354
E[P_sel(18)] = 0.0002285681
E[P_sel(19)] = 0.0002637323

---- Expected D_neut and D_sel (neutral and selected divergence per site) 
E[D_neut] = 0.0198838619
E[D_sel] = 0.0124806922

---- Expected neutral and selected misattributed polymorphism per site
E[mis_neut] = 0.0005157277
E[mis_sel] = 0.0003096216

---- alpha_div = 0.245521
---- alpha_dfe = 0.245245

