---- Running command
---- ./polyDFE -d Mmc/64.polyDFE.config.txt -m C -e 
---- Performing inference using model C

---- Performing inference on Mmc/64.polyDFE.config.txt
---- No mutation variability. Using Poisson likelihood.


---- Calculating initial values

-- Starting local optimization
-- Optimizing all parameters
  it        eps_an        lambda     theta_bar           S_d             b           p_b           S_b           r 2           r 3           r 4           r 5           r 6           r 7           r 8           r 9          r 10          r 11          r 12          r 13          r 14          r 15          r 16          r 17          r 18          r 19          r 20           ln lk          grad status 
   0           0.1 0.01924551626 0.01135773733        -20000         0.208           0.1            20 0.87451170633 0.73840053443 0.64544749420 0.58684414389 0.56577930086 0.54139244340 0.53997108785 0.53220869480 0.55669533529 0.55645572698 0.58894661849 0.62403907181 0.66601398700 0.75714912047 0.86761174338 1.11714091266 1.58502231784             1             1 -1111831.702308 23093.7733390   -2 
 681 0.00245458250 0.01920406307 0.01016321600 -73.297556462 0.12631036410 0.02165259384 7.37527493604 0.86496298348 0.72354242884 0.62163270282 0.56022971503 0.53388782849 0.50932783268 0.50060035209 0.48654670870 0.49713195371 0.48514977522 0.51067421381 0.51187044152 0.52093907089 0.56007870006 0.58865227372 0.64208884658 0.70155535497 0.78932625678 1.20126799083 -274.9461752847 0.26985722453   -8 
-- Local optimization: reached maximum number of likelihood evaluations allowed.
---- Best joint likelihood found -274.946175284756464 with gradient 0.26986

---- Results for Mmc/64.polyDFE.config.txt 
--  Model: C
--        eps_an        lambda     theta_bar             a 
-- 0.00245458250 0.01920406307 0.01016321600            -1 
--           S_d             b           p_b           S_b 
-- -73.297556462 0.12631036410 0.02165259384 7.37527493604 
--           r 2           r 3           r 4           r 5           r 6           r 7           r 8           r 9          r 10          r 11          r 12          r 13          r 14          r 15          r 16          r 17          r 18          r 19          r 20 
-- 0.86496298348 0.72354242884 0.62163270282 0.56022971503 0.53388782849 0.50932783268 0.50060035209 0.48654670870 0.49713195371 0.48514977522 0.51067421381 0.51187044152 0.52093907089 0.56007870006 0.58865227372 0.64208884658 0.70155535497 0.78932625678 1.20126799083 

---- Expected P_neut(i), 0 < i < n (neutral SFS per site) 
E[P_neut(1)] = 0.0101393059
E[P_neut(2)] = 0.0043855862
E[P_neut(3)] = 0.0024460983
E[P_neut(4)] = 0.0015764878
E[P_neut(5)] = 0.0011368834
E[P_neut(6)] = 0.0009030447
E[P_neut(7)] = 0.0007386541
E[P_neut(8)] = 0.0006354643
E[P_neut(9)] = 0.0005491827
E[P_neut(10)] = 0.0005052459
E[P_neut(11)] = 0.0004484922
E[P_neut(12)] = 0.0004330071
E[P_neut(13)] = 0.0004010059
E[P_neut(14)] = 0.0003794641
E[P_neut(15)] = 0.0003813437
E[P_neut(16)] = 0.0003768716
E[P_neut(17)] = 0.0003889384
E[P_neut(18)] = 0.0004059310
E[P_neut(19)] = 0.0004461255

---- Expected P_sel(i), 0 < i < n (selected SFS per site) 
E[P_sel(1)] = 0.0072439245
E[P_sel(2)] = 0.0028228763
E[P_sel(3)] = 0.0014941637
E[P_sel(4)] = 0.0009315309
E[P_sel(5)] = 0.0006561552
E[P_sel(6)] = 0.0005120706
E[P_sel(7)] = 0.0004131687
E[P_sel(8)] = 0.0003516744
E[P_sel(9)] = 0.0003014221
E[P_sel(10)] = 0.0002755921
E[P_sel(11)] = 0.0002435910
E[P_sel(12)] = 0.0002346190
E[P_sel(13)] = 0.0002171914
E[P_sel(14)] = 0.0002058971
E[P_sel(15)] = 0.0002078343
E[P_sel(16)] = 0.0002069991
E[P_sel(17)] = 0.0002162717
E[P_sel(18)] = 0.0002301422
E[P_sel(19)] = 0.0002619434

---- Expected D_neut and D_sel (neutral and selected divergence per site) 
E[D_neut] = 0.0198145004
E[D_sel] = 0.0125404738

---- Expected neutral and selected misattributed polymorphism per site
E[mis_neut] = 0.0006104373
E[mis_sel] = 0.0003665816

---- alpha_div = 0.258355
---- alpha_dfe = 0.258258

