---- Running command
---- ./polyDFE -d Mmc/640.polyDFE.config.txt -m C -e 
---- Performing inference using model C

---- Performing inference on Mmc/640.polyDFE.config.txt
---- No mutation variability. Using Poisson likelihood.


---- Calculating initial values

-- Starting local optimization
-- Optimizing all parameters
  it        eps_an        lambda     theta_bar           S_d             b           p_b           S_b           r 2           r 3           r 4           r 5           r 6           r 7           r 8           r 9          r 10          r 11          r 12          r 13          r 14          r 15          r 16          r 17          r 18          r 19          r 20           ln lk          grad status 
   0           0.1 0.01924306105 0.01137071365        -20000         0.208           0.1            20 0.87031130226 0.73605139024 0.64387645356 0.57837565054 0.55912062370 0.53525055447 0.53198604707 0.53104359513 0.55335999774 0.55312642184 0.59031826722 0.61571607714 0.66809887145 0.75136980033 0.86347513891 1.10879778933 1.57573568374             1             1 -1114631.513992 23092.2604899   -2 
 699 0.00157222032 0.01926489949 0.01016771576 -78.049877608 0.12317279950 0.02805899768 5.57585191947 0.85985026812 0.72158868249 0.62088794466 0.55179083373 0.52999980673 0.50411220795 0.48937990903 0.48489794010 0.49395550502 0.48375644159 0.51092944723 0.50998934395 0.52598161281 0.55373138176 0.58987271459 0.64217861420 0.69897906639 0.79806871749 1.07931819018 -270.4336592337 0.06706335931   -8 
-- Local optimization: reached maximum number of likelihood evaluations allowed.
---- Best joint likelihood found -270.433659233793151 with gradient 0.06706

---- Results for Mmc/640.polyDFE.config.txt 
--  Model: C
--        eps_an        lambda     theta_bar             a 
-- 0.00157222032 0.01926489949 0.01016771576            -1 
--           S_d             b           p_b           S_b 
-- -78.049877608 0.12317279950 0.02805899768 5.57585191947 
--           r 2           r 3           r 4           r 5           r 6           r 7           r 8           r 9          r 10          r 11          r 12          r 13          r 14          r 15          r 16          r 17          r 18          r 19          r 20 
-- 0.85985026812 0.72158868249 0.62088794466 0.55179083373 0.52999980673 0.50411220795 0.48937990903 0.48489794010 0.49395550502 0.48375644159 0.51092944723 0.50998934395 0.52598161281 0.55373138176 0.58987271459 0.64217861420 0.69897906639 0.79806871749 1.07931819018 

---- Expected P_neut(i), 0 < i < n (neutral SFS per site) 
E[P_neut(1)] = 0.0101524013
E[P_neut(2)] = 0.0043651046
E[P_neut(3)] = 0.0024423950
E[P_neut(4)] = 0.0015763610
E[P_neut(5)] = 0.0011209164
E[P_neut(6)] = 0.0008973364
E[P_neut(7)] = 0.0007317144
E[P_neut(8)] = 0.0006216872
E[P_neut(9)] = 0.0005476533
E[P_neut(10)] = 0.0005022399
E[P_neut(11)] = 0.0004473126
E[P_neut(12)] = 0.0004332127
E[P_neut(13)] = 0.0003994031
E[P_neut(14)] = 0.0003828137
E[P_neut(15)] = 0.0003765196
E[P_neut(16)] = 0.0003767456
E[P_neut(17)] = 0.0003873288
E[P_neut(18)] = 0.0004010864
E[P_neut(19)] = 0.0004423953

---- Expected P_sel(i), 0 < i < n (selected SFS per site) 
E[P_sel(1)] = 0.0072664069
E[P_sel(2)] = 0.0028239429
E[P_sel(3)] = 0.0015027182
E[P_sel(4)] = 0.0009397402
E[P_sel(5)] = 0.0006535800
E[P_sel(6)] = 0.0005146743
E[P_sel(7)] = 0.0004144452
E[P_sel(8)] = 0.0003487533
E[P_sel(9)] = 0.0003050019
E[P_sel(10)] = 0.0002782558
E[P_sel(11)] = 0.0002470055
E[P_sel(12)] = 0.0002388714
E[P_sel(13)] = 0.0002203331
E[P_sel(14)] = 0.0002117283
E[P_sel(15)] = 0.0002092948
E[P_sel(16)] = 0.0002111013
E[P_sel(17)] = 0.0002196128
E[P_sel(18)] = 0.0002313892
E[P_sel(19)] = 0.0002625129

---- Expected D_neut and D_sel (neutral and selected divergence per site) 
E[D_neut] = 0.0198136095
E[D_sel] = 0.0125392709

---- Expected neutral and selected misattributed polymorphism per site
E[mis_neut] = 0.0005487100
E[mis_sel] = 0.0003330609

---- alpha_div = 0.257407
---- alpha_dfe = 0.257241

