---- Running command
---- ./polyDFE -d Mmc/641.polyDFE.config.txt -m C -e 
---- Performing inference using model C

---- Performing inference on Mmc/641.polyDFE.config.txt
---- No mutation variability. Using Poisson likelihood.


---- Calculating initial values

-- Starting local optimization
-- Optimizing all parameters
  it        eps_an        lambda     theta_bar           S_d             b           p_b           S_b           r 2           r 3           r 4           r 5           r 6           r 7           r 8           r 9          r 10          r 11          r 12          r 13          r 14          r 15          r 16          r 17          r 18          r 19          r 20           ln lk          grad status 
   0           0.1 0.01929452066 0.01131417255        -20000         0.208           0.1            20 0.87147328481 0.73916795135 0.64407831221 0.58191974454 0.55753103283 0.53793347984 0.54222611149 0.53414069636 0.54838337421 0.55999864536 0.59294542828 0.62674394284 0.66686988760 0.75592161851 0.85868320370 1.11892050834 1.58441771606             1             1 -1117745.820173 23179.2426725   -2 
 822 0.00029966537 0.01928526732 0.01009862773 -75.698009294 0.12166130535 0.01847512266 8.05249932503 0.86481412572 0.72318459396 0.61986177699 0.55272831565 0.53175031791 0.50863517080 0.49885362623 0.48703596525 0.49586473212 0.48729743612 0.51296383780 0.51753738842 0.52909557362 0.56642659599 0.58744115896 0.65567485098 0.71843594079 0.83284426775 1.14398569943 -291.1032849273 0.05634832757   -8 
-- Local optimization: reached maximum number of likelihood evaluations allowed.
---- Best joint likelihood found -291.103284927303321 with gradient 0.05635

---- Results for Mmc/641.polyDFE.config.txt 
--  Model: C
--        eps_an        lambda     theta_bar             a 
-- 0.00029966537 0.01928526732 0.01009862773            -1 
--           S_d             b           p_b           S_b 
-- -75.698009294 0.12166130535 0.01847512266 8.05249932503 
--           r 2           r 3           r 4           r 5           r 6           r 7           r 8           r 9          r 10          r 11          r 12          r 13          r 14          r 15          r 16          r 17          r 18          r 19          r 20 
-- 0.86481412572 0.72318459396 0.61986177699 0.55272831565 0.53175031791 0.50863517080 0.49885362623 0.48703596525 0.49586473212 0.48729743612 0.51296383780 0.51753738842 0.52909557362 0.56642659599 0.58744115896 0.65567485098 0.71843594079 0.83284426775 1.14398569943 

---- Expected P_neut(i), 0 < i < n (neutral SFS per site) 
E[P_neut(1)] = 0.0100957342
E[P_neut(2)] = 0.0043655302
E[P_neut(3)] = 0.0024337779
E[P_neut(4)] = 0.0015645805
E[P_neut(5)] = 0.0011161392
E[P_neut(6)] = 0.0008948376
E[P_neut(7)] = 0.0007336888
E[P_neut(8)] = 0.0006296578
E[P_neut(9)] = 0.0005464586
E[P_neut(10)] = 0.0005007553
E[P_neut(11)] = 0.0004473966
E[P_neut(12)] = 0.0004317452
E[P_neut(13)] = 0.0004021315
E[P_neut(14)] = 0.0003818066
E[P_neut(15)] = 0.0003815623
E[P_neut(16)] = 0.0003711297
E[P_neut(17)] = 0.0003901079
E[P_neut(18)] = 0.0004042554
E[P_neut(19)] = 0.0004455559

---- Expected P_sel(i), 0 < i < n (selected SFS per site) 
E[P_sel(1)] = 0.0072375402
E[P_sel(2)] = 0.0028271321
E[P_sel(3)] = 0.0014977900
E[P_sel(4)] = 0.0009321641
E[P_sel(5)] = 0.0006498247
E[P_sel(6)] = 0.0005119846
E[P_sel(7)] = 0.0004141199
E[P_sel(8)] = 0.0003516085
E[P_sel(9)] = 0.0003025831
E[P_sel(10)] = 0.0002754805
E[P_sel(11)] = 0.0002449736
E[P_sel(12)] = 0.0002357097
E[P_sel(13)] = 0.0002192988
E[P_sel(14)] = 0.0002084079
E[P_sel(15)] = 0.0002089686
E[P_sel(16)] = 0.0002045482
E[P_sel(17)] = 0.0002172421
E[P_sel(18)] = 0.0002287725
E[P_sel(19)] = 0.0002588075

---- Expected D_neut and D_sel (neutral and selected divergence per site) 
E[D_neut] = 0.0198629016
E[D_sel] = 0.0125448318

---- Expected neutral and selected misattributed polymorphism per site
E[mis_neut] = 0.0005776343
E[mis_sel] = 0.0003463271

---- alpha_div = 0.240462
---- alpha_dfe = 0.240240

