---- Running command
---- ./polyDFE -d Mmc/642.polyDFE.config.txt -m C -e 
---- Performing inference using model C

---- Performing inference on Mmc/642.polyDFE.config.txt
---- No mutation variability. Using Poisson likelihood.


---- Calculating initial values

-- Starting local optimization
-- Optimizing all parameters
  it        eps_an        lambda     theta_bar           S_d             b           p_b           S_b           r 2           r 3           r 4           r 5           r 6           r 7           r 8           r 9          r 10          r 11          r 12          r 13          r 14          r 15          r 16          r 17          r 18          r 19          r 20           ln lk          grad status 
   0           0.1 0.01923590655 0.01138428664        -20000         0.208           0.1            20 0.86643130592 0.73364077573 0.64189313346 0.58539698656 0.55244313489 0.53962151631 0.53703641769 0.53241106310 0.54770401729 0.55107553674 0.59461696741 0.62678084727 0.65967385368 0.75224838282 0.86712666814 1.10996637188 1.57651578121             1             1 -1108911.366521 23037.7036319   -2 
 617 0.00196083622 0.01929663140 0.01018361396 -92.984501334 0.11564891139 0.02003005779 7.37685631331 0.86226712718 0.71745458354 0.61870997099 0.55529276588 0.52257534317 0.50560004910 0.49402394396 0.48403213570 0.49128414565 0.48253578520 0.51124422820 0.51028138895 0.52025057663 0.55806954152 0.58699310887 0.64909974107 0.69516233482 0.79990709540 1.00692094425 -292.4242130943 0.75046651557   -8 
-- Local optimization: reached maximum number of likelihood evaluations allowed.
---- Best joint likelihood found -292.424213094302104 with gradient 0.75047

---- Results for Mmc/642.polyDFE.config.txt 
--  Model: C
--        eps_an        lambda     theta_bar             a 
-- 0.00196083622 0.01929663140 0.01018361396            -1 
--           S_d             b           p_b           S_b 
-- -92.984501334 0.11564891139 0.02003005779 7.37685631331 
--           r 2           r 3           r 4           r 5           r 6           r 7           r 8           r 9          r 10          r 11          r 12          r 13          r 14          r 15          r 16          r 17          r 18          r 19          r 20 
-- 0.86226712718 0.71745458354 0.61870997099 0.55529276588 0.52257534317 0.50560004910 0.49402394396 0.48403213570 0.49128414565 0.48253578520 0.51124422820 0.51028138895 0.52025057663 0.55806954152 0.58699310887 0.64909974107 0.69516233482 0.79990709540 1.00692094425 

---- Expected P_neut(i), 0 < i < n (neutral SFS per site) 
E[P_neut(1)] = 0.0101644862
E[P_neut(2)] = 0.0043826599
E[P_neut(3)] = 0.0024314138
E[P_neut(4)] = 0.0015728198
E[P_neut(5)] = 0.0011295027
E[P_neut(6)] = 0.0008859538
E[P_neut(7)] = 0.0007348895
E[P_neut(8)] = 0.0006284863
E[P_neut(9)] = 0.0005474905
E[P_neut(10)] = 0.0005003048
E[P_neut(11)] = 0.0004469214
E[P_neut(12)] = 0.0004342419
E[P_neut(13)] = 0.0004003899
E[P_neut(14)] = 0.0003794279
E[P_neut(15)] = 0.0003803524
E[P_neut(16)] = 0.0003759630
E[P_neut(17)] = 0.0003928472
E[P_neut(18)] = 0.0004011304
E[P_neut(19)] = 0.0004478617

---- Expected P_sel(i), 0 < i < n (selected SFS per site) 
E[P_sel(1)] = 0.0072214219
E[P_sel(2)] = 0.0028226700
E[P_sel(3)] = 0.0014919005
E[P_sel(4)] = 0.0009359726
E[P_sel(5)] = 0.0006577406
E[P_sel(6)] = 0.0005075812
E[P_sel(7)] = 0.0004157573
E[P_sel(8)] = 0.0003520689
E[P_sel(9)] = 0.0003043557
E[P_sel(10)] = 0.0002765240
E[P_sel(11)] = 0.0002460303
E[P_sel(12)] = 0.0002385044
E[P_sel(13)] = 0.0002198073
E[P_sel(14)] = 0.0002086213
E[P_sel(15)] = 0.0002099526
E[P_sel(16)] = 0.0002089789
E[P_sel(17)] = 0.0002207846
E[P_sel(18)] = 0.0002293882
E[P_sel(19)] = 0.0002640277

---- Expected D_neut and D_sel (neutral and selected divergence per site) 
E[D_neut] = 0.0198093361
E[D_sel] = 0.0125445920

---- Expected neutral and selected misattributed polymorphism per site
E[mis_neut] = 0.0005127047
E[mis_sel] = 0.0003092614

---- alpha_div = 0.239319
---- alpha_dfe = 0.238900

