---- Running command
---- ./polyDFE -d Mmc/643.polyDFE.config.txt -m C -e 
---- Performing inference using model C

---- Performing inference on Mmc/643.polyDFE.config.txt
---- No mutation variability. Using Poisson likelihood.


---- Calculating initial values

-- Starting local optimization
-- Optimizing all parameters
  it        eps_an        lambda     theta_bar           S_d             b           p_b           S_b           r 2           r 3           r 4           r 5           r 6           r 7           r 8           r 9          r 10          r 11          r 12          r 13          r 14          r 15          r 16          r 17          r 18          r 19          r 20           ln lk          grad status 
   0           0.1 0.01930498474 0.01137332502        -20000         0.208           0.1            20 0.87153310356 0.73348722229 0.64566977753 0.58653647365 0.55972680963 0.53648407430 0.53654165580 0.53327765109 0.55520354480 0.55801810162 0.59247276708 0.62512469757 0.66426408367 0.75166239555 0.86614214484 1.10568090354 1.58255207823             1             1 -1120184.742159 23241.5745666   -2 
1020 0.00110187816 0.01931915635 0.01015111719 -77.434705303 0.12307259624 0.02152317136 7.06619465023 0.86621996147 0.72033518233 0.62308268755 0.56043065878 0.53172159298 0.50556468218 0.49523958864 0.48538404653 0.49365228058 0.48657524447 0.51231398430 0.51531234329 0.52706180730 0.55652549997 0.58920965008 0.64598476203 0.71493625045 0.82037153179 1.09388823450 -277.9265816207 0.02672103740   -3 
-- Local optimization: stuck in the same solution
---- Best joint likelihood found -277.926581620777142 with gradient 0.02672

---- Results for Mmc/643.polyDFE.config.txt 
--  Model: C
--        eps_an        lambda     theta_bar             a 
-- 0.00110187816 0.01931915635 0.01015111719            -1 
--           S_d             b           p_b           S_b 
-- -77.434705303 0.12307259624 0.02152317136 7.06619465023 
--           r 2           r 3           r 4           r 5           r 6           r 7           r 8           r 9          r 10          r 11          r 12          r 13          r 14          r 15          r 16          r 17          r 18          r 19          r 20 
-- 0.86621996147 0.72033518233 0.62308268755 0.56043065878 0.53172159298 0.50556468218 0.49523958864 0.48538404653 0.49365228058 0.48657524447 0.51231398430 0.51531234329 0.52706180730 0.55652549997 0.58920965008 0.64598476203 0.71493625045 0.82037153179 1.09388823450 

---- Expected P_neut(i), 0 < i < n (neutral SFS per site) 
E[P_neut(1)] = 0.0101404148
E[P_neut(2)] = 0.0043921500
E[P_neut(3)] = 0.0024351416
E[P_neut(4)] = 0.0015799159
E[P_neut(5)] = 0.0011369607
E[P_neut(6)] = 0.0008990246
E[P_neut(7)] = 0.0007327850
E[P_neut(8)] = 0.0006281895
E[P_neut(9)] = 0.0005473571
E[P_neut(10)] = 0.0005011122
E[P_neut(11)] = 0.0004491341
E[P_neut(12)] = 0.0004335948
E[P_neut(13)] = 0.0004027488
E[P_neut(14)] = 0.0003827320
E[P_neut(15)] = 0.0003774624
E[P_neut(16)] = 0.0003751514
E[P_neut(17)] = 0.0003879940
E[P_neut(18)] = 0.0004075892
E[P_neut(19)] = 0.0004490017

---- Expected P_sel(i), 0 < i < n (selected SFS per site) 
E[P_sel(1)] = 0.0072436395
E[P_sel(2)] = 0.0028323508
E[P_sel(3)] = 0.0014920750
E[P_sel(4)] = 0.0009372108
E[P_sel(5)] = 0.0006591530
E[P_sel(6)] = 0.0005123079
E[P_sel(7)] = 0.0004120467
E[P_sel(8)] = 0.0003495688
E[P_sel(9)] = 0.0003021343
E[P_sel(10)] = 0.0002749289
E[P_sel(11)] = 0.0002453724
E[P_sel(12)] = 0.0002363120
E[P_sel(13)] = 0.0002193871
E[P_sel(14)] = 0.0002088142
E[P_sel(15)] = 0.0002067745
E[P_sel(16)] = 0.0002069778
E[P_sel(17)] = 0.0002164704
E[P_sel(18)] = 0.0002313287
E[P_sel(19)] = 0.0002621644

---- Expected D_neut and D_sel (neutral and selected divergence per site) 
E[D_neut] = 0.0198743657
E[D_sel] = 0.0125176231

---- Expected neutral and selected misattributed polymorphism per site
E[mis_neut] = 0.0005552094
E[mis_sel] = 0.0003330837

---- alpha_div = 0.247770
---- alpha_dfe = 0.247708

