---- Running command
---- ./polyDFE -d Mmc/644.polyDFE.config.txt -m C -e 
---- Performing inference using model C

---- Performing inference on Mmc/644.polyDFE.config.txt
---- No mutation variability. Using Poisson likelihood.


---- Calculating initial values

-- Starting local optimization
-- Optimizing all parameters
  it        eps_an        lambda     theta_bar           S_d             b           p_b           S_b           r 2           r 3           r 4           r 5           r 6           r 7           r 8           r 9          r 10          r 11          r 12          r 13          r 14          r 15          r 16          r 17          r 18          r 19          r 20           ln lk          grad status 
   0           0.1 0.01924956856 0.01134686468        -20000         0.208           0.1            20 0.87507663938 0.73445211114 0.64739459705 0.58433505801 0.55840350706 0.54124217065 0.53944182645 0.53252032611 0.55783536287 0.56180935485 0.59788141061 0.62480148193 0.66718839961 0.75254615078 0.87141062098 1.11153865532 1.58451496868             1             1 -1113657.072253 23118.4820500   -2 
 209 0.00481485106 0.01930921878 0.01018496243 -94.805080744 0.10942175146 0.00367476072 34.9558557724 0.86511121601 0.71770682571 0.62097020124 0.55253037585 0.52629967241 0.50426737569 0.49285593571 0.48458950258 0.49681315018 0.48598992834 0.51244871317 0.51209658605 0.52251304694 0.55917499283 0.59247057128 0.64384642925 0.68906333452 0.75278104185 0.99612270529 -298.4672304122 0.40600596503   -3 
-- Local optimization: stuck in the same solution
---- Best joint likelihood found -298.467230412221397 with gradient 0.40601

---- Results for Mmc/644.polyDFE.config.txt 
--  Model: C
--        eps_an        lambda     theta_bar             a 
-- 0.00481485106 0.01930921878 0.01018496243            -1 
--           S_d             b           p_b           S_b 
-- -94.805080744 0.10942175146 0.00367476072 34.9558557724 
--           r 2           r 3           r 4           r 5           r 6           r 7           r 8           r 9          r 10          r 11          r 12          r 13          r 14          r 15          r 16          r 17          r 18          r 19          r 20 
-- 0.86511121601 0.71770682571 0.62097020124 0.55253037585 0.52629967241 0.50426737569 0.49285593571 0.48458950258 0.49681315018 0.48598992834 0.51244871317 0.51209658605 0.52251304694 0.55917499283 0.59247057128 0.64384642925 0.68906333452 0.75278104185 0.99612270529 

---- Expected P_neut(i), 0 < i < n (neutral SFS per site) 
E[P_neut(1)] = 0.0101378663
E[P_neut(2)] = 0.0043862278
E[P_neut(3)] = 0.0024267311
E[P_neut(4)] = 0.0015753425
E[P_neut(5)] = 0.0011219092
E[P_neut(6)] = 0.0008909191
E[P_neut(7)] = 0.0007321054
E[P_neut(8)] = 0.0006265379
E[P_neut(9)] = 0.0005479179
E[P_neut(10)] = 0.0005060023
E[P_neut(11)] = 0.0004504547
E[P_neut(12)] = 0.0004358662
E[P_neut(13)] = 0.0004028074
E[P_neut(14)] = 0.0003825981
E[P_neut(15)] = 0.0003832694
E[P_neut(16)] = 0.0003829402
E[P_neut(17)] = 0.0003956130
E[P_neut(18)] = 0.0004092284
E[P_neut(19)] = 0.0004506249

---- Expected P_sel(i), 0 < i < n (selected SFS per site) 
E[P_sel(1)] = 0.0072264485
E[P_sel(2)] = 0.0028384997
E[P_sel(3)] = 0.0014961441
E[P_sel(4)] = 0.0009412955
E[P_sel(5)] = 0.0006552340
E[P_sel(6)] = 0.0005111617
E[P_sel(7)] = 0.0004140246
E[P_sel(8)] = 0.0003500886
E[P_sel(9)] = 0.0003030598
E[P_sel(10)] = 0.0002774545
E[P_sel(11)] = 0.0002451791
E[P_sel(12)] = 0.0002357728
E[P_sel(13)] = 0.0002168053
E[P_sel(14)] = 0.0002051748
E[P_sel(15)] = 0.0002051103
E[P_sel(16)] = 0.0002050132
E[P_sel(17)] = 0.0002127497
E[P_sel(18)] = 0.0002231813
E[P_sel(19)] = 0.0002575550

---- Expected D_neut and D_sel (neutral and selected divergence per site) 
E[D_neut] = 0.0198164924
E[D_sel] = 0.0125361426

---- Expected neutral and selected misattributed polymorphism per site
E[mis_neut] = 0.0005072736
E[mis_sel] = 0.0002897643

---- alpha_div = 0.202770
---- alpha_dfe = 0.202799

