---- Running command
---- ./polyDFE -d Mmc/645.polyDFE.config.txt -m C -e 
---- Performing inference using model C

---- Performing inference on Mmc/645.polyDFE.config.txt
---- No mutation variability. Using Poisson likelihood.


---- Calculating initial values

-- Starting local optimization
-- Optimizing all parameters
  it        eps_an        lambda     theta_bar           S_d             b           p_b           S_b           r 2           r 3           r 4           r 5           r 6           r 7           r 8           r 9          r 10          r 11          r 12          r 13          r 14          r 15          r 16          r 17          r 18          r 19          r 20           ln lk          grad status 
   0           0.1 0.01929755268 0.01135453830        -20000         0.208           0.1            20 0.87286347086 0.73522318627 0.64163929522 0.58106446732 0.55674227193 0.54213850703 0.54249575469 0.52919381262 0.55721444729 0.55366585863 0.59289650512 0.62068204689 0.66914405815 0.75430188818 0.86898267010 1.10264864134 1.57662327255             1             1 -1119159.698078 23204.9796021   -2 
 881 0.00051985354 0.01931886016 0.01013207851 -80.004950476 0.11935499785 0.01720659102 8.47862491685 0.86690738548 0.72085112180 0.62055338716 0.55205064377 0.52768716136 0.50856315994 0.49768517262 0.48515969254 0.49976412749 0.48461096962 0.51647733157 0.51469474659 0.52711430335 0.56777581977 0.59635023155 0.65011560030 0.70266478428 0.83244144369 1.08380777772 -290.7587644679 0.06241805730   -8 
-- Local optimization: reached maximum number of likelihood evaluations allowed.
---- Best joint likelihood found -290.758764467987930 with gradient 0.06242

---- Results for Mmc/645.polyDFE.config.txt 
--  Model: C
--        eps_an        lambda     theta_bar             a 
-- 0.00051985354 0.01931886016 0.01013207851            -1 
--           S_d             b           p_b           S_b 
-- -80.004950476 0.11935499785 0.01720659102 8.47862491685 
--           r 2           r 3           r 4           r 5           r 6           r 7           r 8           r 9          r 10          r 11          r 12          r 13          r 14          r 15          r 16          r 17          r 18          r 19          r 20 
-- 0.86690738548 0.72085112180 0.62055338716 0.55205064377 0.52768716136 0.50856315994 0.49768517262 0.48515969254 0.49976412749 0.48461096962 0.51647733157 0.51469474659 0.52711430335 0.56777581977 0.59635023155 0.65011560030 0.70266478428 0.83244144369 1.08380777772 

---- Expected P_neut(i), 0 < i < n (neutral SFS per site) 
E[P_neut(1)] = 0.0101270421
E[P_neut(2)] = 0.0043897094
E[P_neut(3)] = 0.0024335092
E[P_neut(4)] = 0.0015712531
E[P_neut(5)] = 0.0011183019
E[P_neut(6)] = 0.0008908297
E[P_neut(7)] = 0.0007359404
E[P_neut(8)] = 0.0006302222
E[P_neut(9)] = 0.0005461343
E[P_neut(10)] = 0.0005063649
E[P_neut(11)] = 0.0004464261
E[P_neut(12)] = 0.0004361834
E[P_neut(13)] = 0.0004013224
E[P_neut(14)] = 0.0003817480
E[P_neut(15)] = 0.0003838988
E[P_neut(16)] = 0.0003782625
E[P_neut(17)] = 0.0003885361
E[P_neut(18)] = 0.0003976027
E[P_neut(19)] = 0.0004489502

---- Expected P_sel(i), 0 < i < n (selected SFS per site) 
E[P_sel(1)] = 0.0072447802
E[P_sel(2)] = 0.0028399232
E[P_sel(3)] = 0.0014971545
E[P_sel(4)] = 0.0009362503
E[P_sel(5)] = 0.0006513431
E[P_sel(6)] = 0.0005099865
E[P_sel(7)] = 0.0004156761
E[P_sel(8)] = 0.0003521829
E[P_sel(9)] = 0.0003026264
E[P_sel(10)] = 0.0002787591
E[P_sel(11)] = 0.0002445896
E[P_sel(12)] = 0.0002382444
E[P_sel(13)] = 0.0002189216
E[P_sel(14)] = 0.0002083907
E[P_sel(15)] = 0.0002102075
E[P_sel(16)] = 0.0002083781
E[P_sel(17)] = 0.0002162019
E[P_sel(18)] = 0.0002248147
E[P_sel(19)] = 0.0002607669

---- Expected D_neut and D_sel (neutral and selected divergence per site) 
E[D_neut] = 0.0198679214
E[D_sel] = 0.0125418545

---- Expected neutral and selected misattributed polymorphism per site
E[mis_neut] = 0.0005490613
E[mis_sel] = 0.0003287232

---- alpha_div = 0.235490
---- alpha_dfe = 0.235264

