---- Running command
---- ./polyDFE -d Mmc/646.polyDFE.config.txt -m C -e 
---- Performing inference using model C

---- Performing inference on Mmc/646.polyDFE.config.txt
---- No mutation variability. Using Poisson likelihood.


---- Calculating initial values

-- Starting local optimization
-- Optimizing all parameters
  it        eps_an        lambda     theta_bar           S_d             b           p_b           S_b           r 2           r 3           r 4           r 5           r 6           r 7           r 8           r 9          r 10          r 11          r 12          r 13          r 14          r 15          r 16          r 17          r 18          r 19          r 20           ln lk          grad status 
   0           0.1 0.01929071206 0.01135656682        -20000         0.208           0.1            20 0.87343708237 0.73352670463 0.64342311649 0.58532153022 0.55761651639 0.54191730325 0.53836646236 0.53280099172 0.55830046595 0.55563087666 0.59433807237 0.62831259861 0.66985729309 0.74949080641 0.87109608999 1.11539323565 1.58370185192             1             1 -1116206.683946 23159.7365953   -2 
 824 0.00084922585 0.01928810249 0.01013980557 -76.550555735 0.12364901544 0.02300930202 6.70961344812 0.86692926704 0.71834377921 0.61772126223 0.56028546317 0.52867170649 0.50966470139 0.49961427633 0.48773844199 0.49927061710 0.48606376870 0.51404226719 0.51833383027 0.53169515118 0.55608196788 0.59165696573 0.65336262529 0.71300862625 0.82117615853 1.12736569372 -270.7852612716 0.02034549464   -3 
-- Local optimization: stuck in the same solution
---- Best joint likelihood found -270.785261271623312 with gradient 0.02035

---- Results for Mmc/646.polyDFE.config.txt 
--  Model: C
--        eps_an        lambda     theta_bar             a 
-- 0.00084922585 0.01928810249 0.01013980557            -1 
--           S_d             b           p_b           S_b 
-- -76.550555735 0.12364901544 0.02300930202 6.70961344812 
--           r 2           r 3           r 4           r 5           r 6           r 7           r 8           r 9          r 10          r 11          r 12          r 13          r 14          r 15          r 16          r 17          r 18          r 19          r 20 
-- 0.86692926704 0.71834377921 0.61772126223 0.56028546317 0.52867170649 0.50966470139 0.49961427633 0.48773844199 0.49927061710 0.48606376870 0.51404226719 0.51833383027 0.53169515118 0.55608196788 0.59165696573 0.65336262529 0.71300862625 0.82117615853 1.12736569372 

---- Expected P_neut(i), 0 < i < n (neutral SFS per site) 
E[P_neut(1)] = 0.0101315668
E[P_neut(2)] = 0.0043918556
E[P_neut(3)] = 0.0024262245
E[P_neut(4)] = 0.0015648820
E[P_neut(5)] = 0.0011355914
E[P_neut(6)] = 0.0008930064
E[P_neut(7)] = 0.0007379879
E[P_neut(8)] = 0.0006330800
E[P_neut(9)] = 0.0005494220
E[P_neut(10)] = 0.0005062507
E[P_neut(11)] = 0.0004481400
E[P_neut(12)] = 0.0004345263
E[P_neut(13)] = 0.0004045763
E[P_neut(14)] = 0.0003855235
E[P_neut(15)] = 0.0003765499
E[P_neut(16)] = 0.0003759668
E[P_neut(17)] = 0.0003914351
E[P_neut(18)] = 0.0004050453
E[P_neut(19)] = 0.0004464792

---- Expected P_sel(i), 0 < i < n (selected SFS per site) 
E[P_sel(1)] = 0.0072435192
E[P_sel(2)] = 0.0028345112
E[P_sel(3)] = 0.0014878577
E[P_sel(4)] = 0.0009291188
E[P_sel(5)] = 0.0006589991
E[P_sel(6)] = 0.0005094265
E[P_sel(7)] = 0.0004154715
E[P_sel(8)] = 0.0003527656
E[P_sel(9)] = 0.0003037335
E[P_sel(10)] = 0.0002782207
E[P_sel(11)] = 0.0002452968
E[P_sel(12)] = 0.0002373261
E[P_sel(13)] = 0.0002209090
E[P_sel(14)] = 0.0002108955
E[P_sel(15)] = 0.0002068795
E[P_sel(16)] = 0.0002080895
E[P_sel(17)] = 0.0002191285
E[P_sel(18)] = 0.0002306526
E[P_sel(19)] = 0.0002612697

---- Expected D_neut and D_sel (neutral and selected divergence per site) 
E[D_neut] = 0.0198596659
E[D_sel] = 0.0125358240

---- Expected neutral and selected misattributed polymorphism per site
E[mis_neut] = 0.0005715634
E[mis_sel] = 0.0003440658

---- alpha_div = 0.251646
---- alpha_dfe = 0.251553

