---- Running command
---- ./polyDFE -d Mmc/647.polyDFE.config.txt -m C -e 
---- Performing inference using model C

---- Performing inference on Mmc/647.polyDFE.config.txt
---- No mutation variability. Using Poisson likelihood.


---- Calculating initial values

-- Starting local optimization
-- Optimizing all parameters
  it        eps_an        lambda     theta_bar           S_d             b           p_b           S_b           r 2           r 3           r 4           r 5           r 6           r 7           r 8           r 9          r 10          r 11          r 12          r 13          r 14          r 15          r 16          r 17          r 18          r 19          r 20           ln lk          grad status 
   0           0.1 0.01927291976 0.01137821849        -20000         0.208           0.1            20 0.87068067117 0.73171540912 0.63999162950 0.58345201292 0.55159997415 0.53512871800 0.53832181679 0.53180517925 0.55080506452 0.55548757389 0.58956571890 0.62536817197 0.66987021466 0.76441706233 0.85395906430 1.11016745778 1.58209174619             1             1 -1117394.032934 23190.1953503   -2 
 535 0.00495767278 0.01927684377 0.01019874047 -91.317172073 0.11242000477 0.00798101915 16.7011319004 0.86152607548 0.71650313027 0.61640244139 0.55326435042 0.52351892639 0.50030590824 0.49183178096 0.49012111198 0.49414478065 0.48271983318 0.51130506802 0.51777473654 0.52807561322 0.56116704807 0.57459197135 0.63419921376 0.68335154062 0.74057614076 1.10587817442 -290.1960858969 0.42196839548   -8 
-- Local optimization: reached maximum number of likelihood evaluations allowed.
---- Best joint likelihood found -290.196085896910517 with gradient 0.42197

---- Results for Mmc/647.polyDFE.config.txt 
--  Model: C
--        eps_an        lambda     theta_bar             a 
-- 0.00495767278 0.01927684377 0.01019874047            -1 
--           S_d             b           p_b           S_b 
-- -91.317172073 0.11242000477 0.00798101915 16.7011319004 
--           r 2           r 3           r 4           r 5           r 6           r 7           r 8           r 9          r 10          r 11          r 12          r 13          r 14          r 15          r 16          r 17          r 18          r 19          r 20 
-- 0.86152607548 0.71650313027 0.61640244139 0.55326435042 0.52351892639 0.50030590824 0.49183178096 0.49012111198 0.49414478065 0.48271983318 0.51130506802 0.51777473654 0.52807561322 0.56116704807 0.57459197135 0.63419921376 0.68335154062 0.74057614076 1.10587817442 

---- Expected P_neut(i), 0 < i < n (neutral SFS per site) 
E[P_neut(1)] = 0.0101501493
E[P_neut(2)] = 0.0043733797
E[P_neut(3)] = 0.0024256201
E[P_neut(4)] = 0.0015656563
E[P_neut(5)] = 0.0011248167
E[P_neut(6)] = 0.0008873678
E[P_neut(7)] = 0.0007273272
E[P_neut(8)] = 0.0006260540
E[P_neut(9)] = 0.0005548673
E[P_neut(10)] = 0.0005039654
E[P_neut(11)] = 0.0004480923
E[P_neut(12)] = 0.0004355098
E[P_neut(13)] = 0.0004078038
E[P_neut(14)] = 0.0003871978
E[P_neut(15)] = 0.0003852497
E[P_neut(16)] = 0.0003722330
E[P_neut(17)] = 0.0003906622
E[P_neut(18)] = 0.0004070454
E[P_neut(19)] = 0.0004461146

---- Expected P_sel(i), 0 < i < n (selected SFS per site) 
E[P_sel(1)] = 0.0072313358
E[P_sel(2)] = 0.0028250167
E[P_sel(3)] = 0.0014919420
E[P_sel(4)] = 0.0009331730
E[P_sel(5)] = 0.0006553465
E[P_sel(6)] = 0.0005080248
E[P_sel(7)] = 0.0004106013
E[P_sel(8)] = 0.0003493992
E[P_sel(9)] = 0.0003067535
E[P_sel(10)] = 0.0002764460
E[P_sel(11)] = 0.0002442545
E[P_sel(12)] = 0.0002362433
E[P_sel(13)] = 0.0002204715
E[P_sel(14)] = 0.0002089865
E[P_sel(15)] = 0.0002080289
E[P_sel(16)] = 0.0002017125
E[P_sel(17)] = 0.0002134515
E[P_sel(18)] = 0.0002264413
E[P_sel(19)] = 0.0002604197

---- Expected D_neut and D_sel (neutral and selected divergence per site) 
E[D_neut] = 0.0198407720
E[D_sel] = 0.0125080866

---- Expected neutral and selected misattributed polymorphism per site
E[mis_neut] = 0.0005639282
E[mis_sel] = 0.0003301714

---- alpha_div = 0.212043
---- alpha_dfe = 0.212136

