---- Running command
---- ./polyDFE -d Mmc/648.polyDFE.config.txt -m C -e 
---- Performing inference using model C

---- Performing inference on Mmc/648.polyDFE.config.txt
---- No mutation variability. Using Poisson likelihood.


---- Calculating initial values

-- Starting local optimization
-- Optimizing all parameters
  it        eps_an        lambda     theta_bar           S_d             b           p_b           S_b           r 2           r 3           r 4           r 5           r 6           r 7           r 8           r 9          r 10          r 11          r 12          r 13          r 14          r 15          r 16          r 17          r 18          r 19          r 20           ln lk          grad status 
   0           0.1 0.01928250675 0.01136363775        -20000         0.208           0.1            20 0.87410132283 0.73070400451 0.64185543447 0.57937362283 0.55905339063 0.53198831764 0.53949830443 0.53152834113 0.54836260658 0.56280444013 0.58225920621 0.62225406786 0.67063096309 0.75387219555 0.87081977963 1.10826924979 1.58845959829             1             1 -1117505.839532 23211.7242237   -2 
 868 0.00081891319 0.01933110874 0.01015034574 -93.511216004 0.11373353790 0.01474453223 9.43661557580 0.86556717368 0.71715719171 0.61517182796 0.55330973283 0.52978907831 0.50203873978 0.49895100520 0.48381178763 0.49598935217 0.48935281687 0.50511361570 0.51499803703 0.52627265112 0.56684329655 0.59311270360 0.64982075755 0.71536677176 0.82895447216 1.02959318124 -285.6267515092 0.04607654443   -3 
-- Local optimization: stuck in the same solution
---- Best joint likelihood found -285.626751509276801 with gradient 0.04608

---- Results for Mmc/648.polyDFE.config.txt 
--  Model: C
--        eps_an        lambda     theta_bar             a 
-- 0.00081891319 0.01933110874 0.01015034574            -1 
--           S_d             b           p_b           S_b 
-- -93.511216004 0.11373353790 0.01474453223 9.43661557580 
--           r 2           r 3           r 4           r 5           r 6           r 7           r 8           r 9          r 10          r 11          r 12          r 13          r 14          r 15          r 16          r 17          r 18          r 19          r 20 
-- 0.86556717368 0.71715719171 0.61517182796 0.55330973283 0.52978907831 0.50203873978 0.49895100520 0.48381178763 0.49598935217 0.48935281687 0.50511361570 0.51499803703 0.52627265112 0.56684329655 0.59311270360 0.64982075755 0.71536677176 0.82895447216 1.02959318124 

---- Expected P_neut(i), 0 < i < n (neutral SFS per site) 
E[P_neut(1)] = 0.0101423961
E[P_neut(2)] = 0.0043896360
E[P_neut(3)] = 0.0024247952
E[P_neut(4)] = 0.0015600815
E[P_neut(5)] = 0.0011226513
E[P_neut(6)] = 0.0008958356
E[P_neut(7)] = 0.0007277141
E[P_neut(8)] = 0.0006328971
E[P_neut(9)] = 0.0005455737
E[P_neut(10)] = 0.0005034463
E[P_neut(11)] = 0.0004516316
E[P_neut(12)] = 0.0004274250
E[P_neut(13)] = 0.0004023752
E[P_neut(14)] = 0.0003819822
E[P_neut(15)] = 0.0003841828
E[P_neut(16)] = 0.0003772389
E[P_neut(17)] = 0.0003896638
E[P_neut(18)] = 0.0004066682
E[P_neut(19)] = 0.0004508009

---- Expected P_sel(i), 0 < i < n (selected SFS per site) 
E[P_sel(1)] = 0.0072120125
E[P_sel(2)] = 0.0028307788
E[P_sel(3)] = 0.0014897305
E[P_sel(4)] = 0.0009293825
E[P_sel(5)] = 0.0006542347
E[P_sel(6)] = 0.0005134052
E[P_sel(7)] = 0.0004116177
E[P_sel(8)] = 0.0003542593
E[P_sel(9)] = 0.0003028413
E[P_sel(10)] = 0.0002776304
E[P_sel(11)] = 0.0002478391
E[P_sel(12)] = 0.0002337840
E[P_sel(13)] = 0.0002197275
E[P_sel(14)] = 0.0002086469
E[P_sel(15)] = 0.0002103754
E[P_sel(16)] = 0.0002076901
E[P_sel(17)] = 0.0002165472
E[P_sel(18)] = 0.0002295192
E[P_sel(19)] = 0.0002616031

---- Expected D_neut and D_sel (neutral and selected divergence per site) 
E[D_neut] = 0.0198536451
E[D_sel] = 0.0125105693

---- Expected neutral and selected misattributed polymorphism per site
E[mis_neut] = 0.0005225363
E[mis_sel] = 0.0003118197

---- alpha_div = 0.224268
---- alpha_dfe = 0.224011

