---- Running command
---- ./polyDFE -d Mmc/649.polyDFE.config.txt -m C -e 
---- Performing inference using model C

---- Performing inference on Mmc/649.polyDFE.config.txt
---- No mutation variability. Using Poisson likelihood.


---- Calculating initial values

-- Starting local optimization
-- Optimizing all parameters
  it        eps_an        lambda     theta_bar           S_d             b           p_b           S_b           r 2           r 3           r 4           r 5           r 6           r 7           r 8           r 9          r 10          r 11          r 12          r 13          r 14          r 15          r 16          r 17          r 18          r 19          r 20           ln lk          grad status 
   0           0.1 0.01927913405 0.01133568295        -20000         0.208           0.1            20 0.87578867078 0.73850341715 0.64895892615 0.58427071347 0.55769735215 0.53630471037 0.54205916638 0.53069600001 0.55507000236 0.55363539542 0.60486377009 0.62602775474 0.66635052783 0.75299025513 0.86276586270 1.11847801567 1.58894362603             1             1 -1116061.203271 23147.5327051   -2 
 382 0.00227552474 0.01938477156 0.01013726670 -70.682619914 0.12662904578 0.02114283855 7.37526883676 0.86724598329 0.72422333573 0.62389355019 0.55770523692 0.52957308964 0.50602153183 0.49903256906 0.48797969543 0.49469519139 0.48341174038 0.51915110830 0.51846713663 0.52474993390 0.55581819024 0.58762901845 0.64923719564 0.70173122229 0.79816454783 0.91552346041 -284.3980656190 0.21693841805   -8 
-- Local optimization: reached maximum number of likelihood evaluations allowed.
---- Best joint likelihood found -284.398065619068802 with gradient 0.21694

---- Results for Mmc/649.polyDFE.config.txt 
--  Model: C
--        eps_an        lambda     theta_bar             a 
-- 0.00227552474 0.01938477156 0.01013726670            -1 
--           S_d             b           p_b           S_b 
-- -70.682619914 0.12662904578 0.02114283855 7.37526883676 
--           r 2           r 3           r 4           r 5           r 6           r 7           r 8           r 9          r 10          r 11          r 12          r 13          r 14          r 15          r 16          r 17          r 18          r 19          r 20 
-- 0.86724598329 0.72422333573 0.62389355019 0.55770523692 0.52957308964 0.50602153183 0.49903256906 0.48797969543 0.49469519139 0.48341174038 0.51915110830 0.51846713663 0.52474993390 0.55581819024 0.58762901845 0.64923719564 0.70173122229 0.79816454783 0.91552346041 

---- Expected P_neut(i), 0 < i < n (neutral SFS per site) 
E[P_neut(1)] = 0.0101151681
E[P_neut(2)] = 0.0043866486
E[P_neut(3)] = 0.0024425273
E[P_neut(4)] = 0.0015783931
E[P_neut(5)] = 0.0011290031
E[P_neut(6)] = 0.0008935659
E[P_neut(7)] = 0.0007320632
E[P_neut(8)] = 0.0006319123
E[P_neut(9)] = 0.0005494053
E[P_neut(10)] = 0.0005014857
E[P_neut(11)] = 0.0004457346
E[P_neut(12)] = 0.0004390054
E[P_neut(13)] = 0.0004050429
E[P_neut(14)] = 0.0003811378
E[P_neut(15)] = 0.0003773500
E[P_neut(16)] = 0.0003750602
E[P_neut(17)] = 0.0003918342
E[P_neut(18)] = 0.0004043054
E[P_neut(19)] = 0.0004479516

---- Expected P_sel(i), 0 < i < n (selected SFS per site) 
E[P_sel(1)] = 0.0072492989
E[P_sel(2)] = 0.0028323555
E[P_sel(3)] = 0.0014963806
E[P_sel(4)] = 0.0009352605
E[P_sel(5)] = 0.0006533319
E[P_sel(6)] = 0.0005079662
E[P_sel(7)] = 0.0004104524
E[P_sel(8)] = 0.0003504879
E[P_sel(9)] = 0.0003021716
E[P_sel(10)] = 0.0002740665
E[P_sel(11)] = 0.0002425160
E[P_sel(12)] = 0.0002382375
E[P_sel(13)] = 0.0002196686
E[P_sel(14)] = 0.0002070257
E[P_sel(15)] = 0.0002058153
E[P_sel(16)] = 0.0002060860
E[P_sel(17)] = 0.0002178620
E[P_sel(18)] = 0.0002290563
E[P_sel(19)] = 0.0002624830

---- Expected D_neut and D_sel (neutral and selected divergence per site) 
E[D_neut] = 0.0198488168
E[D_sel] = 0.0125244275

---- Expected neutral and selected misattributed polymorphism per site
E[mis_neut] = 0.0004640453
E[mis_sel] = 0.0002780603

---- alpha_div = 0.253273
---- alpha_dfe = 0.253044

