---- Running command
---- ./polyDFE -d Mmc/65.polyDFE.config.txt -m C -e 
---- Performing inference using model C

---- Performing inference on Mmc/65.polyDFE.config.txt
---- No mutation variability. Using Poisson likelihood.


---- Calculating initial values

-- Starting local optimization
-- Optimizing all parameters
  it        eps_an        lambda     theta_bar           S_d             b           p_b           S_b           r 2           r 3           r 4           r 5           r 6           r 7           r 8           r 9          r 10          r 11          r 12          r 13          r 14          r 15          r 16          r 17          r 18          r 19          r 20           ln lk          grad status 
   0           0.1 0.01929408727 0.01131731853        -20000         0.208           0.1            20 0.87803616681 0.73524819646 0.64200809381 0.58316360502 0.55551519739 0.54469243352 0.54186237892 0.53518367263 0.55356239813 0.55613366205 0.60044499987 0.63438796963 0.66875522965 0.75069141958 0.86257321154 1.10709462953 1.58737726617             1             1 -1117999.814724 23184.9515665   -2 
 667 0.00226359647 0.01935110739 0.01012512732 -74.394946562 0.12421463621 0.02308775000 6.67672420273 0.86833357407 0.72127951083 0.61847742868 0.55563309120 0.52701412256 0.51089159746 0.49933982723 0.49013393914 0.49367764697 0.48649716696 0.51773763753 0.51840165717 0.52713625816 0.55508319455 0.58998007289 0.64362921409 0.69546171882 0.79032919665 1.00962299086 -276.9774088973 0.14320012522   -3 
-- Local optimization: stuck in the same solution
---- Best joint likelihood found -276.977408897320856 with gradient 0.14320

---- Results for Mmc/65.polyDFE.config.txt 
--  Model: C
--        eps_an        lambda     theta_bar             a 
-- 0.00226359647 0.01935110739 0.01012512732            -1 
--           S_d             b           p_b           S_b 
-- -74.394946562 0.12421463621 0.02308775000 6.67672420273 
--           r 2           r 3           r 4           r 5           r 6           r 7           r 8           r 9          r 10          r 11          r 12          r 13          r 14          r 15          r 16          r 17          r 18          r 19          r 20 
-- 0.86833357407 0.72127951083 0.61847742868 0.55563309120 0.52701412256 0.51089159746 0.49933982723 0.49013393914 0.49367764697 0.48649716696 0.51773763753 0.51840165717 0.52713625816 0.55508319455 0.58998007289 0.64362921409 0.69546171882 0.79032919665 1.00962299086 

---- Expected P_neut(i), 0 < i < n (neutral SFS per site) 
E[P_neut(1)] = 0.0101031615
E[P_neut(2)] = 0.0043869288
E[P_neut(3)] = 0.0024297063
E[P_neut(4)] = 0.0015628420
E[P_neut(5)] = 0.0011234724
E[P_neut(6)] = 0.0008881974
E[P_neut(7)] = 0.0007382187
E[P_neut(8)] = 0.0006315432
E[P_neut(9)] = 0.0005511731
E[P_neut(10)] = 0.0004998549
E[P_neut(11)] = 0.0004480387
E[P_neut(12)] = 0.0004372883
E[P_neut(13)] = 0.0004045190
E[P_neut(14)] = 0.0003823874
E[P_neut(15)] = 0.0003763847
E[P_neut(16)] = 0.0003760501
E[P_neut(17)] = 0.0003879855
E[P_neut(18)] = 0.0004002674
E[P_neut(19)] = 0.0004431334

---- Expected P_sel(i), 0 < i < n (selected SFS per site) 
E[P_sel(1)] = 0.0072379762
E[P_sel(2)] = 0.0028366273
E[P_sel(3)] = 0.0014924973
E[P_sel(4)] = 0.0009293379
E[P_sel(5)] = 0.0006529024
E[P_sel(6)] = 0.0005073693
E[P_sel(7)] = 0.0004161368
E[P_sel(8)] = 0.0003523438
E[P_sel(9)] = 0.0003050652
E[P_sel(10)] = 0.0002750245
E[P_sel(11)] = 0.0002455203
E[P_sel(12)] = 0.0002391033
E[P_sel(13)] = 0.0002211269
E[P_sel(14)] = 0.0002094213
E[P_sel(15)] = 0.0002070393
E[P_sel(16)] = 0.0002084191
E[P_sel(17)] = 0.0002175752
E[P_sel(18)] = 0.0002285991
E[P_sel(19)] = 0.0002614082

---- Expected D_neut and D_sel (neutral and selected divergence per site) 
E[D_neut] = 0.0198622355
E[D_sel] = 0.0125419891

---- Expected neutral and selected misattributed polymorphism per site
E[mis_neut] = 0.0005111281
E[mis_sel] = 0.0003078397

---- alpha_div = 0.251374
---- alpha_dfe = 0.251186

