---- Running command
---- ./polyDFE -d Mmc/650.polyDFE.config.txt -m C -e 
---- Performing inference using model C

---- Performing inference on Mmc/650.polyDFE.config.txt
---- No mutation variability. Using Poisson likelihood.


---- Calculating initial values

-- Starting local optimization
-- Optimizing all parameters
  it        eps_an        lambda     theta_bar           S_d             b           p_b           S_b           r 2           r 3           r 4           r 5           r 6           r 7           r 8           r 9          r 10          r 11          r 12          r 13          r 14          r 15          r 16          r 17          r 18          r 19          r 20           ln lk          grad status 
   0           0.1 0.01926841788 0.01134893212        -20000         0.208           0.1            20 0.87628669483 0.73255138451 0.64576205076 0.58435066948 0.55847118582 0.53695896440 0.53571440456 0.53320073869 0.55026096851 0.55200341502 0.59435531031 0.62109330958 0.67006740393 0.73957268263 0.86421751311 1.10241968191 1.58651155632             1             1 -1118916.640493 23181.3846028   -2 
 284 0.00484931743 0.01932408720 0.01020859000 -105.76536530 0.10653907835 0.00702255246 17.6488222055 0.86242568880 0.71509082456 0.61743951650 0.55125491578 0.52599174674 0.49977868181 0.48955395913 0.48409995068 0.48955097371 0.47960821136 0.50538611711 0.50869260142 0.52238535603 0.54855113770 0.57736249014 0.63291534061 0.68469863493 0.74713592791 1.00001368678 -288.3777717617 82.2044588356   -3 
-- Local optimization: stuck in the same solution
---- Best joint likelihood found -288.377771761734039 with gradient 82.20446

---- Results for Mmc/650.polyDFE.config.txt 
--  Model: C
--        eps_an        lambda     theta_bar             a 
-- 0.00484931743 0.01932408720 0.01020859000            -1 
--           S_d             b           p_b           S_b 
-- -105.76536530 0.10653907835 0.00702255246 17.6488222055 
--           r 2           r 3           r 4           r 5           r 6           r 7           r 8           r 9          r 10          r 11          r 12          r 13          r 14          r 15          r 16          r 17          r 18          r 19          r 20 
-- 0.86242568880 0.71509082456 0.61743951650 0.55125491578 0.52599174674 0.49977868181 0.48955395913 0.48409995068 0.48955097371 0.47960821136 0.50538611711 0.50869260142 0.52238535603 0.54855113770 0.57736249014 0.63291534061 0.68469863493 0.74713592791 1.00001368678 

---- Expected P_neut(i), 0 < i < n (neutral SFS per site) 
E[P_neut(1)] = 0.0101610320
E[P_neut(2)] = 0.0043826112
E[P_neut(3)] = 0.0024233993
E[P_neut(4)] = 0.0015699416
E[P_neut(5)] = 0.0011218595
E[P_neut(6)] = 0.0008924464
E[P_neut(7)] = 0.0007272649
E[P_neut(8)] = 0.0006237625
E[P_neut(9)] = 0.0005486043
E[P_neut(10)] = 0.0004997625
E[P_neut(11)] = 0.0004456065
E[P_neut(12)] = 0.0004308845
E[P_neut(13)] = 0.0004010615
E[P_neut(14)] = 0.0003834082
E[P_neut(15)] = 0.0003769765
E[P_neut(16)] = 0.0003742337
E[P_neut(17)] = 0.0003900261
E[P_neut(18)] = 0.0004077866
E[P_neut(19)] = 0.0004489898

---- Expected P_sel(i), 0 < i < n (selected SFS per site) 
E[P_sel(1)] = 0.0072225341
E[P_sel(2)] = 0.0028352858
E[P_sel(3)] = 0.0014962468
E[P_sel(4)] = 0.0009406802
E[P_sel(5)] = 0.0006577772
E[P_sel(6)] = 0.0005145827
E[P_sel(7)] = 0.0004137469
E[P_sel(8)] = 0.0003509766
E[P_sel(9)] = 0.0003058824
E[P_sel(10)] = 0.0002765471
E[P_sel(11)] = 0.0002450636
E[P_sel(12)] = 0.0002358231
E[P_sel(13)] = 0.0002187450
E[P_sel(14)] = 0.0002087247
E[P_sel(15)] = 0.0002052348
E[P_sel(16)] = 0.0002043253
E[P_sel(17)] = 0.0002144977
E[P_sel(18)] = 0.0002279726
E[P_sel(19)] = 0.0002625656

---- Expected D_neut and D_sel (neutral and selected divergence per site) 
E[D_neut] = 0.0198345237
E[D_sel] = 0.0124766837

---- Expected neutral and selected misattributed polymorphism per site
E[mis_neut] = 0.0005104365
E[mis_sel] = 0.0002990896

---- alpha_div = 0.197540
---- alpha_dfe = 0.197633

