---- Running command
---- ./polyDFE -d Mmc/651.polyDFE.config.txt -m C -e 
---- Performing inference using model C

---- Performing inference on Mmc/651.polyDFE.config.txt
---- No mutation variability. Using Poisson likelihood.


---- Calculating initial values

-- Starting local optimization
-- Optimizing all parameters
  it        eps_an        lambda     theta_bar           S_d             b           p_b           S_b           r 2           r 3           r 4           r 5           r 6           r 7           r 8           r 9          r 10          r 11          r 12          r 13          r 14          r 15          r 16          r 17          r 18          r 19          r 20           ln lk          grad status 
   0           0.1 0.01925664474 0.01138043980        -20000         0.208           0.1            20 0.86909257724 0.73256046779 0.64179365626 0.58712187322 0.55997918782 0.54103897394 0.54018352862 0.52636758142 0.55381013476 0.55865517896 0.59226146596 0.62408585296 0.66285692559 0.75499758169 0.85886612820 1.10189739393 1.56600414618             1             1 -1114042.908284 23107.8654599   -2 
 567 0.00243751227 0.01931461899 0.01017457617 -71.753413740 0.12830551039 0.02832841530 5.73864716536 0.86212409725 0.71928512256 0.62032473062 0.55830954044 0.53163046682 0.50676881837 0.50055410505 0.48042314358 0.49749025547 0.48756295386 0.51069606213 0.51297973723 0.51969530367 0.55608058297 0.57826393057 0.64044159548 0.68706345019 0.79003952923 1.00782573617 -272.4414900472 0.52178908293   -3 
-- Local optimization: stuck in the same solution
---- Best joint likelihood found -272.441490047247498 with gradient 0.52179

---- Results for Mmc/651.polyDFE.config.txt 
--  Model: C
--        eps_an        lambda     theta_bar             a 
-- 0.00243751227 0.01931461899 0.01017457617            -1 
--           S_d             b           p_b           S_b 
-- -71.753413740 0.12830551039 0.02832841530 5.73864716536 
--           r 2           r 3           r 4           r 5           r 6           r 7           r 8           r 9          r 10          r 11          r 12          r 13          r 14          r 15          r 16          r 17          r 18          r 19          r 20 
-- 0.86212409725 0.71928512256 0.62032473062 0.55830954044 0.53163046682 0.50676881837 0.50055410505 0.48042314358 0.49749025547 0.48756295386 0.51069606213 0.51297973723 0.51969530367 0.55608058297 0.57826393057 0.64044159548 0.68706345019 0.79003952923 1.00782573617 

---- Expected P_neut(i), 0 < i < n (neutral SFS per site) 
E[P_neut(1)] = 0.0101508068
E[P_neut(2)] = 0.0043761297
E[P_neut(3)] = 0.0024344618
E[P_neut(4)] = 0.0015749355
E[P_neut(5)] = 0.0011342627
E[P_neut(6)] = 0.0009002423
E[P_neut(7)] = 0.0007357772
E[P_neut(8)] = 0.0006361194
E[P_neut(9)] = 0.0005428978
E[P_neut(10)] = 0.0005061752
E[P_neut(11)] = 0.0004512016
E[P_neut(12)] = 0.0004335060
E[P_neut(13)] = 0.0004023054
E[P_neut(14)] = 0.0003789682
E[P_neut(15)] = 0.0003790422
E[P_neut(16)] = 0.0003706742
E[P_neut(17)] = 0.0003883191
E[P_neut(18)] = 0.0003981095
E[P_neut(19)] = 0.0004468388

---- Expected P_sel(i), 0 < i < n (selected SFS per site) 
E[P_sel(1)] = 0.0072658504
E[P_sel(2)] = 0.0028224404
E[P_sel(3)] = 0.0014903928
E[P_sel(4)] = 0.0009330365
E[P_sel(5)] = 0.0006566386
E[P_sel(6)] = 0.0005123019
E[P_sel(7)] = 0.0004132672
E[P_sel(8)] = 0.0003537253
E[P_sel(9)] = 0.0002996131
E[P_sel(10)] = 0.0002778323
E[P_sel(11)] = 0.0002468048
E[P_sel(12)] = 0.0002367677
E[P_sel(13)] = 0.0002198395
E[P_sel(14)] = 0.0002076560
E[P_sel(15)] = 0.0002088033
E[P_sel(16)] = 0.0002059404
E[P_sel(17)] = 0.0002184950
E[P_sel(18)] = 0.0002283103
E[P_sel(19)] = 0.0002647874

---- Expected D_neut and D_sel (neutral and selected divergence per site) 
E[D_neut] = 0.0198273290
E[D_sel] = 0.0125326133

---- Expected neutral and selected misattributed polymorphism per site
E[mis_neut] = 0.0005127100
E[mis_sel] = 0.0003099452

---- alpha_div = 0.267208
---- alpha_dfe = 0.267085

