---- Running command
---- ./polyDFE -d Mmc/652.polyDFE.config.txt -m C -e 
---- Performing inference using model C

---- Performing inference on Mmc/652.polyDFE.config.txt
---- No mutation variability. Using Poisson likelihood.


---- Calculating initial values

-- Starting local optimization
-- Optimizing all parameters
  it        eps_an        lambda     theta_bar           S_d             b           p_b           S_b           r 2           r 3           r 4           r 5           r 6           r 7           r 8           r 9          r 10          r 11          r 12          r 13          r 14          r 15          r 16          r 17          r 18          r 19          r 20           ln lk          grad status 
   0           0.1 0.01927986226 0.01135950005        -20000         0.208           0.1            20 0.87184035003 0.73294609087 0.64769609919 0.58071014626 0.55596488029 0.53899776240 0.53836787710 0.53298482409 0.55776671336 0.55455561226 0.58536352323 0.62970313226 0.66480975427 0.75398787969 0.86603519929 1.11432010543 1.57891036554             1             1 -1116091.494653 23167.5473529   -2 
 861 0.00053870316 0.01930869997 0.01014310821 -82.930106566 0.11950058554 0.01885549594 7.84777210230 0.86344540727 0.71777625460 0.62432788197 0.55562878448 0.52699754176 0.50759402589 0.49663726669 0.48772831063 0.49754298042 0.48655979277 0.51046032972 0.51512848161 0.52555337148 0.56240245137 0.59183035505 0.65274443034 0.71002738287 0.83066337197 1.06673575698 -279.0495941187 0.03217131417   -3 
-- Local optimization: stuck in the same solution
---- Best joint likelihood found -279.049594118769164 with gradient 0.03217

---- Results for Mmc/652.polyDFE.config.txt 
--  Model: C
--        eps_an        lambda     theta_bar             a 
-- 0.00053870316 0.01930869997 0.01014310821            -1 
--           S_d             b           p_b           S_b 
-- -82.930106566 0.11950058554 0.01885549594 7.84777210230 
--           r 2           r 3           r 4           r 5           r 6           r 7           r 8           r 9          r 10          r 11          r 12          r 13          r 14          r 15          r 16          r 17          r 18          r 19          r 20 
-- 0.86344540727 0.71777625460 0.62432788197 0.55562878448 0.52699754176 0.50759402589 0.49663726669 0.48772831063 0.49754298042 0.48655979277 0.51046032972 0.51512848161 0.52555337148 0.56240245137 0.59183035505 0.65274443034 0.71002738287 0.83066337197 1.06673575698 

---- Expected P_neut(i), 0 < i < n (neutral SFS per site) 
E[P_neut(1)] = 0.0101378830
E[P_neut(2)] = 0.0043768667
E[P_neut(3)] = 0.0024257299
E[P_neut(4)] = 0.0015825056
E[P_neut(5)] = 0.0011267582
E[P_neut(6)] = 0.0008906240
E[P_neut(7)] = 0.0007353319
E[P_neut(8)] = 0.0006295739
E[P_neut(9)] = 0.0005496213
E[P_neut(10)] = 0.0005046632
E[P_neut(11)] = 0.0004487116
E[P_neut(12)] = 0.0004315780
E[P_neut(13)] = 0.0004021031
E[P_neut(14)] = 0.0003810423
E[P_neut(15)] = 0.0003807029
E[P_neut(16)] = 0.0003758382
E[P_neut(17)] = 0.0003905597
E[P_neut(18)] = 0.0004022481
E[P_neut(19)] = 0.0004486731

---- Expected P_sel(i), 0 < i < n (selected SFS per site) 
E[P_sel(1)] = 0.0072290491
E[P_sel(2)] = 0.0028222602
E[P_sel(3)] = 0.0014876659
E[P_sel(4)] = 0.0009401542
E[P_sel(5)] = 0.0006544457
E[P_sel(6)] = 0.0005085576
E[P_sel(7)] = 0.0004143561
E[P_sel(8)] = 0.0003510778
E[P_sel(9)] = 0.0003039945
E[P_sel(10)] = 0.0002773866
E[P_sel(11)] = 0.0002455324
E[P_sel(12)] = 0.0002355127
E[P_sel(13)] = 0.0002192282
E[P_sel(14)] = 0.0002079768
E[P_sel(15)] = 0.0002085199
E[P_sel(16)] = 0.0002071977
E[P_sel(17)] = 0.0002175812
E[P_sel(18)] = 0.0002277675
E[P_sel(19)] = 0.0002609015

---- Expected D_neut and D_sel (neutral and selected divergence per site) 
E[D_neut] = 0.0198497008
E[D_sel] = 0.0125183486

---- Expected neutral and selected misattributed polymorphism per site
E[mis_neut] = 0.0005410008
E[mis_sel] = 0.0003242211

---- alpha_div = 0.239733
---- alpha_dfe = 0.239573

