---- Running command
---- ./polyDFE -d Mmc/653.polyDFE.config.txt -m C -e 
---- Performing inference using model C

---- Performing inference on Mmc/653.polyDFE.config.txt
---- No mutation variability. Using Poisson likelihood.


---- Calculating initial values

-- Starting local optimization
-- Optimizing all parameters
  it        eps_an        lambda     theta_bar           S_d             b           p_b           S_b           r 2           r 3           r 4           r 5           r 6           r 7           r 8           r 9          r 10          r 11          r 12          r 13          r 14          r 15          r 16          r 17          r 18          r 19          r 20           ln lk          grad status 
   0           0.1 0.01926184466 0.01133751709        -20000         0.208           0.1            20 0.87705462578 0.73308418979 0.64313045820 0.58168828010 0.56288637075 0.53688387033 0.53233955943 0.52860393615 0.55478967743 0.55480238123 0.58654958512 0.62212789268 0.66951402852 0.74965324171 0.86879150582 1.10124352651 1.58067531117             1             1 -1111655.862437 23093.9950182   -2 
 429 0.00276412984 0.01929955076 0.01014448717 -73.206293717 0.12483953870 0.02125472339 7.37536892998 0.86687554589 0.71850993798 0.62078266959 0.55296883252 0.53038888277 0.50484935661 0.49182566862 0.48448201489 0.49701942850 0.48304043683 0.51133971538 0.51344391027 0.52561113071 0.55558108456 0.58962164009 0.63530842267 0.69732252456 0.78237680034 1.04521241064 -286.1671746651 0.30727388368   -8 
-- Local optimization: reached maximum number of likelihood evaluations allowed.
---- Best joint likelihood found -286.167174665126367 with gradient 0.30727

---- Results for Mmc/653.polyDFE.config.txt 
--  Model: C
--        eps_an        lambda     theta_bar             a 
-- 0.00276412984 0.01929955076 0.01014448717            -1 
--           S_d             b           p_b           S_b 
-- -73.206293717 0.12483953870 0.02125472339 7.37536892998 
--           r 2           r 3           r 4           r 5           r 6           r 7           r 8           r 9          r 10          r 11          r 12          r 13          r 14          r 15          r 16          r 17          r 18          r 19          r 20 
-- 0.86687554589 0.71850993798 0.62078266959 0.55296883252 0.53038888277 0.50484935661 0.49182566862 0.48448201489 0.49701942850 0.48304043683 0.51133971538 0.51344391027 0.52561113071 0.55558108456 0.58962164009 0.63530842267 0.69732252456 0.78237680034 1.04521241064 

---- Expected P_neut(i), 0 < i < n (neutral SFS per site) 
E[P_neut(1)] = 0.0101176011
E[P_neut(2)] = 0.0043859363
E[P_neut(3)] = 0.0024239704
E[P_neut(4)] = 0.0015710620
E[P_neut(5)] = 0.0011198545
E[P_neut(6)] = 0.0008953279
E[P_neut(7)] = 0.0007307191
E[P_neut(8)] = 0.0006231359
E[P_neut(9)] = 0.0005458132
E[P_neut(10)] = 0.0005042007
E[P_neut(11)] = 0.0004457506
E[P_neut(12)] = 0.0004328023
E[P_neut(13)] = 0.0004015783
E[P_neut(14)] = 0.0003822871
E[P_neut(15)] = 0.0003778015
E[P_neut(16)] = 0.0003771565
E[P_neut(17)] = 0.0003847784
E[P_neut(18)] = 0.0004040664
E[P_neut(19)] = 0.0004446129

---- Expected P_sel(i), 0 < i < n (selected SFS per site) 
E[P_sel(1)] = 0.0072467303
E[P_sel(2)] = 0.0028332894
E[P_sel(3)] = 0.0014867984
E[P_sel(4)] = 0.0009324902
E[P_sel(5)] = 0.0006493703
E[P_sel(6)] = 0.0005101631
E[P_sel(7)] = 0.0004107603
E[P_sel(8)] = 0.0003465873
E[P_sel(9)] = 0.0003010910
E[P_sel(10)] = 0.0002764171
E[P_sel(11)] = 0.0002433242
E[P_sel(12)] = 0.0002356786
E[P_sel(13)] = 0.0002185679
E[P_sel(14)] = 0.0002084198
E[P_sel(15)] = 0.0002068533
E[P_sel(16)] = 0.0002080676
E[P_sel(17)] = 0.0002148504
E[P_sel(18)] = 0.0002300021
E[P_sel(19)] = 0.0002622318

---- Expected D_neut and D_sel (neutral and selected divergence per site) 
E[D_neut] = 0.0198297080
E[D_sel] = 0.0125651439

---- Expected neutral and selected misattributed polymorphism per site
E[mis_neut] = 0.0005301572
E[mis_sel] = 0.0003190360

---- alpha_div = 0.253350
---- alpha_dfe = 0.253273

