---- Running command
---- ./polyDFE -d Mmc/654.polyDFE.config.txt -m C -e 
---- Performing inference using model C

---- Performing inference on Mmc/654.polyDFE.config.txt
---- No mutation variability. Using Poisson likelihood.


---- Calculating initial values

-- Starting local optimization
-- Optimizing all parameters
  it        eps_an        lambda     theta_bar           S_d             b           p_b           S_b           r 2           r 3           r 4           r 5           r 6           r 7           r 8           r 9          r 10          r 11          r 12          r 13          r 14          r 15          r 16          r 17          r 18          r 19          r 20           ln lk          grad status 
   0           0.1 0.01931769039 0.01137732135        -20000         0.208           0.1            20 0.87361532973 0.73189080972 0.64225524946 0.58607936391 0.55735442899 0.54205855758 0.52861716817 0.53508835911 0.55412420982 0.55868018650 0.59148734067 0.62495408993 0.66436652642 0.75288449238 0.86114327226 1.10413911088 1.58631796313             1             1 -1119750.139853 23237.2895516   -2 
 820 0.00115636317 0.01934146862 0.01015712797 -75.454329389 0.12560928266 0.02431689287 6.40240373518 0.86710013910 0.71932688399 0.62076067506 0.55972570679 0.52781138449  0.5077387327 0.48949546895 0.48686917951 0.49508513467 0.48751524148 0.51049932505 0.51652268152 0.52368543634 0.55953688772 0.59129857140 0.64540819231 0.70869256751 0.81821936040 1.07542731660 -272.9290866555 0.03515118758   -3 
-- Local optimization: stuck in the same solution
---- Best joint likelihood found -272.929086655538413 with gradient 0.03515

---- Results for Mmc/654.polyDFE.config.txt 
--  Model: C
--        eps_an        lambda     theta_bar             a 
-- 0.00115636317 0.01934146862 0.01015712797            -1 
--           S_d             b           p_b           S_b 
-- -75.454329389 0.12560928266 0.02431689287 6.40240373518 
--           r 2           r 3           r 4           r 5           r 6           r 7           r 8           r 9          r 10          r 11          r 12          r 13          r 14          r 15          r 16          r 17          r 18          r 19          r 20 
-- 0.86710013910 0.71932688399 0.62076067506 0.55972570679 0.52781138449  0.5077387327 0.48949546895 0.48686917951 0.49508513467 0.48751524148 0.51049932505 0.51652268152 0.52368543634 0.55953688772 0.59129857140 0.64540819231 0.70869256751 0.81821936040 1.07542731660 

---- Expected P_neut(i), 0 < i < n (neutral SFS per site) 
E[P_neut(1)] = 0.0101458885
E[P_neut(2)] = 0.0043989938
E[P_neut(3)] = 0.0024330614
E[P_neut(4)] = 0.0015748977
E[P_neut(5)] = 0.0011361644
E[P_neut(6)] = 0.0008929141
E[P_neut(7)] = 0.0007363529
E[P_neut(8)] = 0.0006212645
E[P_neut(9)] = 0.0005493510
E[P_neut(10)] = 0.0005028643
E[P_neut(11)] = 0.0004502744
E[P_neut(12)] = 0.0004323196
E[P_neut(13)] = 0.0004039535
E[P_neut(14)] = 0.0003805324
E[P_neut(15)] = 0.0003797626
E[P_neut(16)] = 0.0003767572
E[P_neut(17)] = 0.0003879876
E[P_neut(18)] = 0.0004045343
E[P_neut(19)] = 0.0004486479

---- Expected P_sel(i), 0 < i < n (selected SFS per site) 
E[P_sel(1)] = 0.0072438361
E[P_sel(2)] = 0.0028320428
E[P_sel(3)] = 0.0014874496
E[P_sel(4)] = 0.0009318589
E[P_sel(5)] = 0.0006569305
E[P_sel(6)] = 0.0005074542
E[P_sel(7)] = 0.0004129612
E[P_sel(8)] = 0.0003448478
E[P_sel(9)] = 0.0003025312
E[P_sel(10)] = 0.0002753178
E[P_sel(11)] = 0.0002455591
E[P_sel(12)] = 0.0002352830
E[P_sel(13)] = 0.0002198216
E[P_sel(14)] = 0.0002075000
E[P_sel(15)] = 0.0002080233
E[P_sel(16)] = 0.0002079583
E[P_sel(17)] = 0.0002166680
E[P_sel(18)] = 0.0002298821
E[P_sel(19)] = 0.0002622499

---- Expected D_neut and D_sel (neutral and selected divergence per site) 
E[D_neut] = 0.0198876313
E[D_sel] = 0.0125045453

---- Expected neutral and selected misattributed polymorphism per site
E[mis_neut] = 0.0005461626
E[mis_sel] = 0.0003278200

---- alpha_div = 0.255436
---- alpha_dfe = 0.255348

