---- Running command
---- ./polyDFE -d Mmc/655.polyDFE.config.txt -m C -e 
---- Performing inference using model C

---- Performing inference on Mmc/655.polyDFE.config.txt
---- No mutation variability. Using Poisson likelihood.


---- Calculating initial values

-- Starting local optimization
-- Optimizing all parameters
  it        eps_an        lambda     theta_bar           S_d             b           p_b           S_b           r 2           r 3           r 4           r 5           r 6           r 7           r 8           r 9          r 10          r 11          r 12          r 13          r 14          r 15          r 16          r 17          r 18          r 19          r 20           ln lk          grad status 
   0           0.1 0.01927729916 0.01136047594        -20000         0.208           0.1            20 0.87092264106 0.73174556045 0.64058581291 0.58472977248 0.55619636641 0.53935869020 0.54175501385 0.53101486310 0.54812594380 0.55434252121 0.59470464720 0.62523795021 0.66615708835 0.74960456050 0.85509406047 1.10973979851 1.56471885744             1             1 -1115874.180981 23120.9707845   -2 
 819 0.00008298790 0.01923241410 0.01014003432 -87.138573007 0.11671280801 0.02148249650 6.78222966709 0.86240386458 0.71797852281 0.61879601493 0.55647775651 0.52826420353 0.50833429775 0.49745478707 0.48624351734 0.49637024319 0.48367710173 0.50781821331 0.51614827752 0.52702100551 0.55750023043 0.59204849730 0.65420010608 0.69678721733 0.83015586417 1.21502092502 -285.9270043775 0.05263913717   -3 
-- Local optimization: stuck in the same solution
---- Best joint likelihood found -285.927004377575940 with gradient 0.05264

---- Results for Mmc/655.polyDFE.config.txt 
--  Model: C
--        eps_an        lambda     theta_bar             a 
-- 0.00008298790 0.01923241410 0.01014003432            -1 
--           S_d             b           p_b           S_b 
-- -87.138573007 0.11671280801 0.02148249650 6.78222966709 
--           r 2           r 3           r 4           r 5           r 6           r 7           r 8           r 9          r 10          r 11          r 12          r 13          r 14          r 15          r 16          r 17          r 18          r 19          r 20 
-- 0.86240386458 0.71797852281 0.61879601493 0.55647775651 0.52826420353 0.50833429775 0.49745478707 0.48624351734 0.49637024319 0.48367710173 0.50781821331 0.51614827752 0.52702100551 0.55750023043 0.59204849730 0.65420010608 0.69678721733 0.83015586417 1.21502092502 

---- Expected P_neut(i), 0 < i < n (neutral SFS per site) 
E[P_neut(1)] = 0.0101392296
E[P_neut(2)] = 0.0043720721
E[P_neut(3)] = 0.0024266066
E[P_neut(4)] = 0.0015685542
E[P_neut(5)] = 0.0011284783
E[P_neut(6)] = 0.0008927271
E[P_neut(7)] = 0.0007363333
E[P_neut(8)] = 0.0006305094
E[P_neut(9)] = 0.0005478278
E[P_neut(10)] = 0.0005033211
E[P_neut(11)] = 0.0004458723
E[P_neut(12)] = 0.0004291246
E[P_neut(13)] = 0.0004026247
E[P_neut(14)] = 0.0003817575
E[P_neut(15)] = 0.0003769338
E[P_neut(16)] = 0.0003753110
E[P_neut(17)] = 0.0003903815
E[P_neut(18)] = 0.0003928551
E[P_neut(19)] = 0.0004438473

---- Expected P_sel(i), 0 < i < n (selected SFS per site) 
E[P_sel(1)] = 0.0072407891
E[P_sel(2)] = 0.0028302047
E[P_sel(3)] = 0.0014962873
E[P_sel(4)] = 0.0009379422
E[P_sel(5)] = 0.0006602886
E[P_sel(6)] = 0.0005139039
E[P_sel(7)] = 0.0004185700
E[P_sel(8)] = 0.0003549072
E[P_sel(9)] = 0.0003060280
E[P_sel(10)] = 0.0002795641
E[P_sel(11)] = 0.0002466795
E[P_sel(12)] = 0.0002368859
E[P_sel(13)] = 0.0002221605
E[P_sel(14)] = 0.0002109708
E[P_sel(15)] = 0.0002091068
E[P_sel(16)] = 0.0002095993
E[P_sel(17)] = 0.0002202752
E[P_sel(18)] = 0.0002250862
E[P_sel(19)] = 0.0002601961

---- Expected D_neut and D_sel (neutral and selected divergence per site) 
E[D_neut] = 0.0198484318
E[D_sel] = 0.0125436753

---- Expected neutral and selected misattributed polymorphism per site
E[mis_neut] = 0.0006160177
E[mis_sel] = 0.0003722380

---- alpha_div = 0.237240
---- alpha_dfe = 0.236979

