---- Running command
---- ./polyDFE -d Mmc/656.polyDFE.config.txt -m C -e 
---- Performing inference using model C

---- Performing inference on Mmc/656.polyDFE.config.txt
---- No mutation variability. Using Poisson likelihood.


---- Calculating initial values

-- Starting local optimization
-- Optimizing all parameters
  it        eps_an        lambda     theta_bar           S_d             b           p_b           S_b           r 2           r 3           r 4           r 5           r 6           r 7           r 8           r 9          r 10          r 11          r 12          r 13          r 14          r 15          r 16          r 17          r 18          r 19          r 20           ln lk          grad status 
   0           0.1 0.01927466710 0.01135299006        -20000         0.208           0.1            20 0.87154458606 0.73533665609 0.64787703838 0.58406507045 0.55859081845 0.53554089584 0.54108464137 0.53233130644 0.55462659376 0.55125247645 0.59750884658 0.61776615681 0.66532659573 0.75406805462 0.87200218723 1.10430105811 1.58068499272             1             1 -1115702.068949 23148.0881909   -2 
 628 0.00082761949 0.01925027998 0.01012847343 -73.575025641 0.12404900046 0.02088409697 7.37528505835 0.86543144432 0.72268466213 0.62501123941 0.55751143210 0.53161556533 0.50530371493 0.49536657372 0.48838629543 0.49744863386 0.48475047328 0.51230018890 0.51070687800 0.52723894972 0.56173566125 0.59859440245 0.64590650983 0.71327016942 0.83111907109 1.17110777543 -280.8307828411 0.31653033987   -8 
-- Local optimization: reached maximum number of likelihood evaluations allowed.
---- Best joint likelihood found -280.830782841178006 with gradient 0.31653

---- Results for Mmc/656.polyDFE.config.txt 
--  Model: C
--        eps_an        lambda     theta_bar             a 
-- 0.00082761949 0.01925027998 0.01012847343            -1 
--           S_d             b           p_b           S_b 
-- -73.575025641 0.12404900046 0.02088409697 7.37528505835 
--           r 2           r 3           r 4           r 5           r 6           r 7           r 8           r 9          r 10          r 11          r 12          r 13          r 14          r 15          r 16          r 17          r 18          r 19          r 20 
-- 0.86543144432 0.72268466213 0.62501123941 0.55751143210 0.53161556533 0.50530371493 0.49536657372 0.48838629543 0.49744863386 0.48475047328 0.51230018890 0.51070687800 0.52723894972 0.56173566125 0.59859440245 0.64590650983 0.71327016942 0.83111907109 1.17110777543 

---- Expected P_neut(i), 0 < i < n (neutral SFS per site) 
E[P_neut(1)] = 0.0101204576
E[P_neut(2)] = 0.0043794546
E[P_neut(3)] = 0.0024381967
E[P_neut(4)] = 0.0015816062
E[P_neut(5)] = 0.0011287272
E[P_neut(6)] = 0.0008969820
E[P_neut(7)] = 0.0007308607
E[P_neut(8)] = 0.0006270022
E[P_neut(9)] = 0.0005495376
E[P_neut(10)] = 0.0005038395
E[P_neut(11)] = 0.0004464293
E[P_neut(12)] = 0.0004325628
E[P_neut(13)] = 0.0003981743
E[P_neut(14)] = 0.0003818646
E[P_neut(15)] = 0.0003799224
E[P_neut(16)] = 0.0003799242
E[P_neut(17)] = 0.0003865271
E[P_neut(18)] = 0.0004046472
E[P_neut(19)] = 0.0004510668

---- Expected P_sel(i), 0 < i < n (selected SFS per site) 
E[P_sel(1)] = 0.0072538885
E[P_sel(2)] = 0.0028324971
E[P_sel(3)] = 0.0014977145
E[P_sel(4)] = 0.0009402717
E[P_sel(5)] = 0.0006556419
E[P_sel(6)] = 0.0005120149
E[P_sel(7)] = 0.0004115828
E[P_sel(8)] = 0.0003493694
E[P_sel(9)] = 0.0003036875
E[P_sel(10)] = 0.0002766995
E[P_sel(11)] = 0.0002440998
E[P_sel(12)] = 0.0002359139
E[P_sel(13)] = 0.0002170179
E[P_sel(14)] = 0.0002084339
E[P_sel(15)] = 0.0002081951
E[P_sel(16)] = 0.0002096720
E[P_sel(17)] = 0.0002157148
E[P_sel(18)] = 0.0002297335
E[P_sel(19)] = 0.0002632873

---- Expected D_neut and D_sel (neutral and selected divergence per site) 
E[D_neut] = 0.0198433567
E[D_sel] = 0.0125501194

---- Expected neutral and selected misattributed polymorphism per site
E[mis_neut] = 0.0005930767
E[mis_sel] = 0.0003566024

---- alpha_div = 0.249382
---- alpha_dfe = 0.249289

