---- Running command
---- ./polyDFE -d Mmc/657.polyDFE.config.txt -m C -e 
---- Performing inference using model C

---- Performing inference on Mmc/657.polyDFE.config.txt
---- No mutation variability. Using Poisson likelihood.


---- Calculating initial values

-- Starting local optimization
-- Optimizing all parameters
  it        eps_an        lambda     theta_bar           S_d             b           p_b           S_b           r 2           r 3           r 4           r 5           r 6           r 7           r 8           r 9          r 10          r 11          r 12          r 13          r 14          r 15          r 16          r 17          r 18          r 19          r 20           ln lk          grad status 
   0           0.1 0.01926746292 0.01133715218        -20000         0.208           0.1            20 0.87783503476 0.73434822160 0.64586065534 0.58315342745 0.55776336330 0.54478979044 0.53717688049 0.53189803953 0.55915154714 0.56032550782 0.59196955959 0.62697219624 0.66204067433 0.75040309387 0.86393864841 1.10039479548 1.60290117575             1             1 -1115016.245270 23149.0311324   -2 
 639 0.00098896687 0.01931189758 0.01012918747 -72.695924965 0.12644876193 0.02392168146 6.63472108545 0.86748193514 0.72223846875 0.62294516041 0.55642152814 0.52753161104 0.51123964404 0.49764751728 0.48372690559 0.50021696359 0.48489033676 0.51480676349 0.51665741049 0.52761172533 0.55439294977 0.59096596999 0.64278281818 0.72165735232 0.81790276367 1.03502350424 -283.9692140383 0.06511925225   -8 
-- Local optimization: reached maximum number of likelihood evaluations allowed.
---- Best joint likelihood found -283.969214038370410 with gradient 0.06512

---- Results for Mmc/657.polyDFE.config.txt 
--  Model: C
--        eps_an        lambda     theta_bar             a 
-- 0.00098896687 0.01931189758 0.01012918747            -1 
--           S_d             b           p_b           S_b 
-- -72.695924965 0.12644876193 0.02392168146 6.63472108545 
--           r 2           r 3           r 4           r 5           r 6           r 7           r 8           r 9          r 10          r 11          r 12          r 13          r 14          r 15          r 16          r 17          r 18          r 19          r 20 
-- 0.86748193514 0.72223846875 0.62294516041 0.55642152814 0.52753161104 0.51123964404 0.49764751728 0.48372690559 0.50021696359 0.48489033676 0.51480676349 0.51665741049 0.52761172533 0.55439294977 0.59096596999 0.64278281818 0.72165735232 0.81790276367 1.03502350424 

---- Expected P_neut(i), 0 < i < n (neutral SFS per site) 
E[P_neut(1)] = 0.0101196013
E[P_neut(2)] = 0.0043895002
E[P_neut(3)] = 0.0024365301
E[P_neut(4)] = 0.0015762920
E[P_neut(5)] = 0.0011264751
E[P_neut(6)] = 0.0008900745
E[P_neut(7)] = 0.0007394440
E[P_neut(8)] = 0.0006299022
E[P_neut(9)] = 0.0005443210
E[P_neut(10)] = 0.0005066791
E[P_neut(11)] = 0.0004466009
E[P_neut(12)] = 0.0004347412
E[P_neut(13)] = 0.0004028966
E[P_neut(14)] = 0.0003822374
E[P_neut(15)] = 0.0003751146
E[P_neut(16)] = 0.0003753154
E[P_neut(17)] = 0.0003850251
E[P_neut(18)] = 0.0004100435
E[P_neut(19)] = 0.0004456225

---- Expected P_sel(i), 0 < i < n (selected SFS per site) 
E[P_sel(1)] = 0.0072420601
E[P_sel(2)] = 0.0028314967
E[P_sel(3)] = 0.0014919924
E[P_sel(4)] = 0.0009339640
E[P_sel(5)] = 0.0006520935
E[P_sel(6)] = 0.0005063532
E[P_sel(7)] = 0.0004150589
E[P_sel(8)] = 0.0003499086
E[P_sel(9)] = 0.0002999592
E[P_sel(10)] = 0.0002775659
E[P_sel(11)] = 0.0002436786
E[P_sel(12)] = 0.0002367077
E[P_sel(13)] = 0.0002193385
E[P_sel(14)] = 0.0002085166
E[P_sel(15)] = 0.0002055716
E[P_sel(16)] = 0.0002072785
E[P_sel(17)] = 0.0002151749
E[P_sel(18)] = 0.0002332504
E[P_sel(19)] = 0.0002608098

---- Expected D_neut and D_sel (neutral and selected divergence per site) 
E[D_neut] = 0.0198360949
E[D_sel] = 0.0125372139

---- Expected neutral and selected misattributed polymorphism per site
E[mis_neut] = 0.0005241974
E[mis_sel] = 0.0003156270

---- alpha_div = 0.258596
---- alpha_dfe = 0.258450

