---- Running command
---- ./polyDFE -d Mmc/658.polyDFE.config.txt -m C -e 
---- Performing inference using model C

---- Performing inference on Mmc/658.polyDFE.config.txt
---- No mutation variability. Using Poisson likelihood.


---- Calculating initial values

-- Starting local optimization
-- Optimizing all parameters
  it        eps_an        lambda     theta_bar           S_d             b           p_b           S_b           r 2           r 3           r 4           r 5           r 6           r 7           r 8           r 9          r 10          r 11          r 12          r 13          r 14          r 15          r 16          r 17          r 18          r 19          r 20           ln lk          grad status 
   0           0.1 0.01930353121 0.01138991619        -20000         0.208           0.1            20 0.87435847202 0.73316763636 0.64262620086 0.57701831090 0.55982573763 0.54288910270 0.53821296324 0.52571189890 0.55418257633 0.54822871210 0.58848007756 0.62461490581 0.66539881244 0.75100653729 0.85552641719 1.10405504869 1.58362458558             1             1 -1117136.130081 23189.5778440   -2 
 786 0.00076490713 0.01930036395 0.01017160647 -87.022038587 0.11797706905 0.01879937056 7.83488511952 0.86587300121 0.72043638278 0.61879237240 0.55250958487 0.52654706062 0.50911473826 0.49816961836 0.48087743394 0.49496594153 0.48383664523 0.51137769720 0.51302946805 0.52402477516 0.56102543335 0.58135086425 0.64626966239 0.70892679981 0.81798892448 1.12991159003 -279.9139555707 0.07173800608   -3 
-- Local optimization: stuck in the same solution
---- Best joint likelihood found -279.913955570766120 with gradient 0.07174

---- Results for Mmc/658.polyDFE.config.txt 
--  Model: C
--        eps_an        lambda     theta_bar             a 
-- 0.00076490713 0.01930036395 0.01017160647            -1 
--           S_d             b           p_b           S_b 
-- -87.022038587 0.11797706905 0.01879937056 7.83488511952 
--           r 2           r 3           r 4           r 5           r 6           r 7           r 8           r 9          r 10          r 11          r 12          r 13          r 14          r 15          r 16          r 17          r 18          r 19          r 20 
-- 0.86587300121 0.72043638278 0.61879237240 0.55250958487 0.52654706062 0.50911473826 0.49816961836 0.48087743394 0.49496594153 0.48383664523 0.51137769720 0.51302946805 0.52402477516 0.56102543335 0.58135086425 0.64626966239 0.70892679981 0.81798892448 1.12991159003 

---- Expected P_neut(i), 0 < i < n (neutral SFS per site) 
E[P_neut(1)] = 0.0101641611
E[P_neut(2)] = 0.0044005977
E[P_neut(3)] = 0.0024410925
E[P_neut(4)] = 0.0015726072
E[P_neut(5)] = 0.0011234133
E[P_neut(6)] = 0.0008922467
E[P_neut(7)] = 0.0007395290
E[P_neut(8)] = 0.0006332452
E[P_neut(9)] = 0.0005434038
E[P_neut(10)] = 0.0005034599
E[P_neut(11)] = 0.0004474731
E[P_neut(12)] = 0.0004336140
E[P_neut(13)] = 0.0004016691
E[P_neut(14)] = 0.0003811183
E[P_neut(15)] = 0.0003810041
E[P_neut(16)] = 0.0003705004
E[P_neut(17)] = 0.0003882550
E[P_neut(18)] = 0.0004036689
E[P_neut(19)] = 0.0004453539

---- Expected P_sel(i), 0 < i < n (selected SFS per site) 
E[P_sel(1)] = 0.0072327312
E[P_sel(2)] = 0.0028340324
E[P_sel(3)] = 0.0014960898
E[P_sel(4)] = 0.0009340201
E[P_sel(5)] = 0.0006525161
E[P_sel(6)] = 0.0005096108
E[P_sel(7)] = 0.0004169019
E[P_sel(8)] = 0.0003533323
E[P_sel(9)] = 0.0003007709
E[P_sel(10)] = 0.0002769537
E[P_sel(11)] = 0.0002450797
E[P_sel(12)] = 0.0002368598
E[P_sel(13)] = 0.0002192243
E[P_sel(14)] = 0.0002082504
E[P_sel(15)] = 0.0002089260
E[P_sel(16)] = 0.0002044989
E[P_sel(17)] = 0.0002165653
E[P_sel(18)] = 0.0002288839
E[P_sel(19)] = 0.0002595056

---- Expected D_neut and D_sel (neutral and selected divergence per site) 
E[D_neut] = 0.0198750148
E[D_sel] = 0.0125388021

---- Expected neutral and selected misattributed polymorphism per site
E[mis_neut] = 0.0005746508
E[mis_sel] = 0.0003446440

---- alpha_div = 0.238552
---- alpha_dfe = 0.238380

