---- Running command
---- ./polyDFE -d Mmc/659.polyDFE.config.txt -m C -e 
---- Performing inference using model C

---- Performing inference on Mmc/659.polyDFE.config.txt
---- No mutation variability. Using Poisson likelihood.


---- Calculating initial values

-- Starting local optimization
-- Optimizing all parameters
  it        eps_an        lambda     theta_bar           S_d             b           p_b           S_b           r 2           r 3           r 4           r 5           r 6           r 7           r 8           r 9          r 10          r 11          r 12          r 13          r 14          r 15          r 16          r 17          r 18          r 19          r 20           ln lk          grad status 
   0           0.1 0.01926440086 0.01134661670        -20000         0.208           0.1            20 0.87590677447 0.73514885030 0.64666544924 0.58288589864 0.56165618958 0.54450947760 0.53566501826 0.53049758054 0.55499305266 0.55576970543 0.59360285894 0.62822210594 0.67279280765 0.75542474145 0.86040948225 1.11285892205 1.58200051719             1             1 -1113921.379142 23115.5673893   -2 
 302 0.00493985947 0.01932669118 0.01020454909 -97.614105688 0.11139751021 0.01182940939 11.5283478790 0.86602899956 0.71806436566 0.61828431104 0.55468709258 0.52743958854 0.50335071885 0.49020750518 0.48170687396 0.49230893011 0.48269717081 0.50813029705 0.50979019159 0.52543764709 0.55614852563 0.57611128891 0.63430480142 0.67751566176 0.74082144248 1.00002887083 -294.6110024420 38.9960958424   -3 
-- Local optimization: stuck in the same solution
---- Best joint likelihood found -294.611002442077734 with gradient 38.99610

---- Results for Mmc/659.polyDFE.config.txt 
--  Model: C
--        eps_an        lambda     theta_bar             a 
-- 0.00493985947 0.01932669118 0.01020454909            -1 
--           S_d             b           p_b           S_b 
-- -97.614105688 0.11139751021 0.01182940939 11.5283478790 
--           r 2           r 3           r 4           r 5           r 6           r 7           r 8           r 9          r 10          r 11          r 12          r 13          r 14          r 15          r 16          r 17          r 18          r 19          r 20 
-- 0.86602899956 0.71806436566 0.61828431104 0.55468709258 0.52743958854 0.50335071885 0.49020750518 0.48170687396 0.49230893011 0.48269717081 0.50813029705 0.50979019159 0.52543764709 0.55614852563 0.57611128891 0.63430480142 0.67751566176 0.74082144248 1.00002887083 

---- Expected P_neut(i), 0 < i < n (neutral SFS per site) 
E[P_neut(1)] = 0.0101561055
E[P_neut(2)] = 0.0043987873
E[P_neut(3)] = 0.0024323229
E[P_neut(4)] = 0.0015713514
E[P_neut(5)] = 0.0011283431
E[P_neut(6)] = 0.0008945078
E[P_neut(7)] = 0.0007321330
E[P_neut(8)] = 0.0006243390
E[P_neut(9)] = 0.0005456919
E[P_neut(10)] = 0.0005023791
E[P_neut(11)] = 0.0004482776
E[P_neut(12)] = 0.0004330577
E[P_neut(13)] = 0.0004018156
E[P_neut(14)] = 0.0003855290
E[P_neut(15)] = 0.0003820729
E[P_neut(16)] = 0.0003734114
E[P_neut(17)] = 0.0003909374
E[P_neut(18)] = 0.0004040272
E[P_neut(19)] = 0.0004463251

---- Expected P_sel(i), 0 < i < n (selected SFS per site) 
E[P_sel(1)] = 0.0072158163
E[P_sel(2)] = 0.0028372003
E[P_sel(3)] = 0.0014953557
E[P_sel(4)] = 0.0009369230
E[P_sel(5)] = 0.0006581670
E[P_sel(6)] = 0.0005130994
E[P_sel(7)] = 0.0004144302
E[P_sel(8)] = 0.0003496620
E[P_sel(9)] = 0.0003029945
E[P_sel(10)] = 0.0002770311
E[P_sel(11)] = 0.0002458939
E[P_sel(12)] = 0.0002366579
E[P_sel(13)] = 0.0002191236
E[P_sel(14)] = 0.0002101908
E[P_sel(15)] = 0.0002087290
E[P_sel(16)] = 0.0002050612
E[P_sel(17)] = 0.0002168145
E[P_sel(18)] = 0.0002283422
E[P_sel(19)] = 0.0002636881

---- Expected D_neut and D_sel (neutral and selected divergence per site) 
E[D_neut] = 0.0198369334
E[D_sel] = 0.0125293398

---- Expected neutral and selected misattributed polymorphism per site
E[mis_neut] = 0.0005102422
E[mis_sel] = 0.0003032828

---- alpha_div = 0.218422
---- alpha_dfe = 0.217942

