---- Running command
---- ./polyDFE -d Mmc/66.polyDFE.config.txt -m C -e 
---- Performing inference using model C

---- Performing inference on Mmc/66.polyDFE.config.txt
---- No mutation variability. Using Poisson likelihood.


---- Calculating initial values

-- Starting local optimization
-- Optimizing all parameters
  it        eps_an        lambda     theta_bar           S_d             b           p_b           S_b           r 2           r 3           r 4           r 5           r 6           r 7           r 8           r 9          r 10          r 11          r 12          r 13          r 14          r 15          r 16          r 17          r 18          r 19          r 20           ln lk          grad status 
   0           0.1 0.01929660519 0.01133111751        -20000         0.208           0.1            20 0.87257492089 0.73525329118 0.64510884347 0.58339602539 0.56342958599 0.53741706866 0.54128147400 0.52606568634 0.56026067041 0.55814793941 0.59625042217 0.63011768269 0.67131672312 0.75195601295 0.86067702881 1.11889466641 1.58423041353             1             1 -1118456.087949 23202.0329918   -2 
 346 0.00831361542 0.01932310110 0.01018260839 -69.228612258 0.12717478301 0.02106477010 7.37682760759 0.86407095233 0.72253551463 0.62181879670 0.55817348922 0.53524789671 0.50486644169 0.49512592199 0.47855219275 0.49708137929 0.48167522648 0.51160162338 0.51399994150 0.51802064925 0.54853836585 0.57277002570 0.62833107060 0.65651418948 0.66235867201 1.06591178065 -284.2740076191 0.52056598382   -8 
-- Local optimization: reached maximum number of likelihood evaluations allowed.
---- Best joint likelihood found -284.274007619111217 with gradient 0.52057

---- Results for Mmc/66.polyDFE.config.txt 
--  Model: C
--        eps_an        lambda     theta_bar             a 
-- 0.00831361542 0.01932310110 0.01018260839            -1 
--           S_d             b           p_b           S_b 
-- -69.228612258 0.12717478301 0.02106477010 7.37682760759 
--           r 2           r 3           r 4           r 5           r 6           r 7           r 8           r 9          r 10          r 11          r 12          r 13          r 14          r 15          r 16          r 17          r 18          r 19          r 20 
-- 0.86407095233 0.72253551463 0.62181879670 0.55817348922 0.53524789671 0.50486644169 0.49512592199 0.47855219275 0.49708137929 0.48167522648 0.51160162338 0.51399994150 0.51802064925 0.54853836585 0.57277002570 0.62833107060 0.65651418948 0.66235867201 1.06591178065 

---- Expected P_neut(i), 0 < i < n (neutral SFS per site) 
E[P_neut(1)] = 0.0101009052
E[P_neut(2)] = 0.0043657620
E[P_neut(3)] = 0.0024351724
E[P_neut(4)] = 0.0015728049
E[P_neut(5)] = 0.0011303778
E[P_neut(6)] = 0.0009039504
E[P_neut(7)] = 0.0007316497
E[P_neut(8)] = 0.0006285790
E[P_neut(9)] = 0.0005406400
E[P_neut(10)] = 0.0005061585
E[P_neut(11)] = 0.0004466771
E[P_neut(12)] = 0.0004357501
E[P_neut(13)] = 0.0004053631
E[P_neut(14)] = 0.0003811910
E[P_neut(15)] = 0.0003787247
E[P_neut(16)] = 0.0003746477
E[P_neut(17)] = 0.0003936155
E[P_neut(18)] = 0.0004048764
E[P_neut(19)] = 0.0004366789

---- Expected P_sel(i), 0 < i < n (selected SFS per site) 
E[P_sel(1)] = 0.0072480063
E[P_sel(2)] = 0.0028216096
E[P_sel(3)] = 0.0014929801
E[P_sel(4)] = 0.0009324829
E[P_sel(5)] = 0.0006544158
E[P_sel(6)] = 0.0005140474
E[P_sel(7)] = 0.0004103291
E[P_sel(8)] = 0.0003487120
E[P_sel(9)] = 0.0002974035
E[P_sel(10)] = 0.0002766667
E[P_sel(11)] = 0.0002430743
E[P_sel(12)] = 0.0002365285
E[P_sel(13)] = 0.0002199222
E[P_sel(14)] = 0.0002071812
E[P_sel(15)] = 0.0002067693
E[P_sel(16)] = 0.0002062380
E[P_sel(17)] = 0.0002196515
E[P_sel(18)] = 0.0002314787
E[P_sel(19)] = 0.0002644209

---- Expected D_neut and D_sel (neutral and selected divergence per site) 
E[D_neut] = 0.0198657892
E[D_sel] = 0.0125226019

---- Expected neutral and selected misattributed polymorphism per site
E[mis_neut] = 0.0005426881
E[mis_sel] = 0.0003249782

---- alpha_div = 0.252582
---- alpha_dfe = 0.252363

