---- Running command
---- ./polyDFE -d Mmc/660.polyDFE.config.txt -m C -e 
---- Performing inference using model C

---- Performing inference on Mmc/660.polyDFE.config.txt
---- No mutation variability. Using Poisson likelihood.


---- Calculating initial values

-- Starting local optimization
-- Optimizing all parameters
  it        eps_an        lambda     theta_bar           S_d             b           p_b           S_b           r 2           r 3           r 4           r 5           r 6           r 7           r 8           r 9          r 10          r 11          r 12          r 13          r 14          r 15          r 16          r 17          r 18          r 19          r 20           ln lk          grad status 
   0           0.1 0.01927602730 0.01136569753        -20000         0.208           0.1            20 0.87318984793 0.73038905102 0.64436912625 0.58796240693 0.55634470590 0.54522913585 0.53015250176 0.52737381389 0.55577599771 0.55651876323 0.58946593899 0.62351593130 0.66373332262 0.74717096425 0.86137985490 1.11036974738 1.58354175451             1             1 -1116677.725512 23182.8720166   -2 
 469 0.00454072189 0.01927027376 0.01018357786 -75.672778454 0.12444781598 0.02104127771 7.37528732157 0.86358539935 0.71817431079 0.62013064441 0.55802754430 0.52744207854 0.51072774392 0.49130539545 0.48397837184 0.49567603214 0.48418028049 0.50735442726 0.51433446581 0.52053453388 0.54885631674 0.57789218259 0.62943403170 0.68613638080 0.73425003254 1.12697282703 -278.8123068069 0.22202424077   -8 
-- Local optimization: reached maximum number of likelihood evaluations allowed.
---- Best joint likelihood found -278.812306806910783 with gradient 0.22202

---- Results for Mmc/660.polyDFE.config.txt 
--  Model: C
--        eps_an        lambda     theta_bar             a 
-- 0.00454072189 0.01927027376 0.01018357786            -1 
--           S_d             b           p_b           S_b 
-- -75.672778454 0.12444781598 0.02104127771 7.37528732157 
--           r 2           r 3           r 4           r 5           r 6           r 7           r 8           r 9          r 10          r 11          r 12          r 13          r 14          r 15          r 16          r 17          r 18          r 19          r 20 
-- 0.86358539935 0.71817431079 0.62013064441 0.55802754430 0.52744207854 0.51072774392 0.49130539545 0.48397837184 0.49567603214 0.48418028049 0.50735442726 0.51433446581 0.52053453388 0.54885631674 0.57789218259 0.62943403170 0.68613638080 0.73425003254 1.12697282703 

---- Expected P_neut(i), 0 < i < n (neutral SFS per site) 
E[P_neut(1)] = 0.0101391240
E[P_neut(2)] = 0.0043789908
E[P_neut(3)] = 0.0024285038
E[P_neut(4)] = 0.0015732885
E[P_neut(5)] = 0.0011330746
E[P_neut(6)] = 0.0008928623
E[P_neut(7)] = 0.0007414608
E[P_neut(8)] = 0.0006245211
E[P_neut(9)] = 0.0005471745
E[P_neut(10)] = 0.0005047755
E[P_neut(11)] = 0.0004486956
E[P_neut(12)] = 0.0004314417
E[P_neut(13)] = 0.0004044493
E[P_neut(14)] = 0.0003809816
E[P_neut(15)] = 0.0003760902
E[P_neut(16)] = 0.0003733118
E[P_neut(17)] = 0.0003864099
E[P_neut(18)] = 0.0004063884
E[P_neut(19)] = 0.0004379955

---- Expected P_sel(i), 0 < i < n (selected SFS per site) 
E[P_sel(1)] = 0.0072407365
E[P_sel(2)] = 0.0028202970
E[P_sel(3)] = 0.0014852066
E[P_sel(4)] = 0.0009311249
E[P_sel(5)] = 0.0006551729
E[P_sel(6)] = 0.0005073304
E[P_sel(7)] = 0.0004156378
E[P_sel(8)] = 0.0003463956
E[P_sel(9)] = 0.0003010096
E[P_sel(10)] = 0.0002759716
E[P_sel(11)] = 0.0002442606
E[P_sel(12)] = 0.0002342961
E[P_sel(13)] = 0.0002195337
E[P_sel(14)] = 0.0002071523
E[P_sel(15)] = 0.0002053813
E[P_sel(16)] = 0.0002054487
E[P_sel(17)] = 0.0002153324
E[P_sel(18)] = 0.0002311854
E[P_sel(19)] = 0.0002599597

---- Expected D_neut and D_sel (neutral and selected divergence per site) 
E[D_neut] = 0.0198441045
E[D_sel] = 0.0125221592

---- Expected neutral and selected misattributed polymorphism per site
E[mis_neut] = 0.0005738308
E[mis_sel] = 0.0003440423

---- alpha_div = 0.251727
---- alpha_dfe = 0.251744

