---- Running command
---- ./polyDFE -d Mmc/661.polyDFE.config.txt -m C -e 
---- Performing inference using model C

---- Performing inference on Mmc/661.polyDFE.config.txt
---- No mutation variability. Using Poisson likelihood.


---- Calculating initial values

-- Starting local optimization
-- Optimizing all parameters
  it        eps_an        lambda     theta_bar           S_d             b           p_b           S_b           r 2           r 3           r 4           r 5           r 6           r 7           r 8           r 9          r 10          r 11          r 12          r 13          r 14          r 15          r 16          r 17          r 18          r 19          r 20           ln lk          grad status 
   0           0.1 0.01933931044 0.01134467228        -20000         0.208           0.1            20 0.87318135809 0.73482913826 0.64768597358 0.58330198273 0.56002375908 0.54628075612 0.54429871508 0.53058780213 0.56252107740 0.55682940266 0.59956444225 0.63258911203 0.67492139495 0.75285167622 0.87244876266 1.10875739579 1.58323741275             1             1 -1122953.784460 23275.8566068   -2 
 323 0.00548876379 0.01939656959 0.01019367608 -95.486522335 0.10968449990 0.00655133851 19.3861194246 0.86322592568 0.71794211358 0.62249978236 0.55358639907 0.52852958674 0.50671415404 0.49696841664 0.48158703000 0.49746312755 0.48566382047 0.51513869748 0.51706339233 0.52412944532 0.55690092390 0.58597226864 0.63536164390 0.67907973531 0.73179206420 1.00012931341 -279.9239422173 8.71608133291   -3 
-- Local optimization: stuck in the same solution
---- Best joint likelihood found -279.923942217370495 with gradient 8.71608

---- Results for Mmc/661.polyDFE.config.txt 
--  Model: C
--        eps_an        lambda     theta_bar             a 
-- 0.00548876379 0.01939656959 0.01019367608            -1 
--           S_d             b           p_b           S_b 
-- -95.486522335 0.10968449990 0.00655133851 19.3861194246 
--           r 2           r 3           r 4           r 5           r 6           r 7           r 8           r 9          r 10          r 11          r 12          r 13          r 14          r 15          r 16          r 17          r 18          r 19          r 20 
-- 0.86322592568 0.71794211358 0.62249978236 0.55358639907 0.52852958674 0.50671415404 0.49696841664 0.48158703000 0.49746312755 0.48566382047 0.51513869748 0.51706339233 0.52412944532 0.55690092390 0.58597226864 0.63536164390 0.67907973531 0.73179206420 1.00012931341 

---- Expected P_neut(i), 0 < i < n (neutral SFS per site) 
E[P_neut(1)] = 0.0101398804
E[P_neut(2)] = 0.0043776845
E[P_neut(3)] = 0.0024281911
E[P_neut(4)] = 0.0015797321
E[P_neut(5)] = 0.0011244986
E[P_neut(6)] = 0.0008951093
E[P_neut(7)] = 0.0007360724
E[P_neut(8)] = 0.0006321680
E[P_neut(9)] = 0.0005449366
E[P_neut(10)] = 0.0005070978
E[P_neut(11)] = 0.0004505872
E[P_neut(12)] = 0.0004386703
E[P_neut(13)] = 0.0004072691
E[P_neut(14)] = 0.0003844629
E[P_neut(15)] = 0.0003825753
E[P_neut(16)] = 0.0003799839
E[P_neut(17)] = 0.0003922793
E[P_neut(18)] = 0.0004066115
E[P_neut(19)] = 0.0004464089

---- Expected P_sel(i), 0 < i < n (selected SFS per site) 
E[P_sel(1)] = 0.0072284533
E[P_sel(2)] = 0.0028342696
E[P_sel(3)] = 0.0014982960
E[P_sel(4)] = 0.0009450762
E[P_sel(5)] = 0.0006578257
E[P_sel(6)] = 0.0005146448
E[P_sel(7)] = 0.0004173545
E[P_sel(8)] = 0.0003543597
E[P_sel(9)] = 0.0003025681
E[P_sel(10)] = 0.0002793328
E[P_sel(11)] = 0.0002465942
E[P_sel(12)] = 0.0002388365
E[P_sel(13)] = 0.0002209088
E[P_sel(14)] = 0.0002080891
E[P_sel(15)] = 0.0002070237
E[P_sel(16)] = 0.0002061781
E[P_sel(17)] = 0.0002144165
E[P_sel(18)] = 0.0002261316
E[P_sel(19)] = 0.0002608391

---- Expected D_neut and D_sel (neutral and selected divergence per site) 
E[D_neut] = 0.0199063193
E[D_sel] = 0.0125282963

---- Expected neutral and selected misattributed polymorphism per site
E[mis_neut] = 0.0005097497
E[mis_sel] = 0.0002971706

---- alpha_div = 0.202188
---- alpha_dfe = 0.202229

