---- Running command
---- ./polyDFE -d Mmc/662.polyDFE.config.txt -m C -e 
---- Performing inference using model C

---- Performing inference on Mmc/662.polyDFE.config.txt
---- No mutation variability. Using Poisson likelihood.


---- Calculating initial values

-- Starting local optimization
-- Optimizing all parameters
  it        eps_an        lambda     theta_bar           S_d             b           p_b           S_b           r 2           r 3           r 4           r 5           r 6           r 7           r 8           r 9          r 10          r 11          r 12          r 13          r 14          r 15          r 16          r 17          r 18          r 19          r 20           ln lk          grad status 
   0           0.1 0.01928572318 0.01136822364        -20000         0.208           0.1            20 0.87540364888 0.73439701669 0.64482373745 0.58206152010 0.55105300682 0.54105314196 0.53440742868 0.53352690237 0.55222660948 0.55288160006 0.59617363751 0.62358123121 0.66428475309 0.75647553336 0.86329454724 1.10973075597 1.58408150754             1             1 -1118323.785981 23201.9837906   -2 
1076 0.00061435136 0.01928241025 0.01015805495 -79.149722689 0.12264837280 0.02335284495 6.56141581204 0.86361053914 0.72062091422 0.62051362348 0.55524080052 0.52572659531 0.50889195486 0.49726256873 0.48646173176 0.49159373808 0.48042595254 0.51362546472 0.51402136243 0.52409163189 0.56329686002 0.59571085668 0.65136595151 0.70747516180 0.82620796328 1.12992152779 -277.6502825881 0.06107465831   -8 
-- Local optimization: reached maximum number of likelihood evaluations allowed.
---- Best joint likelihood found -277.650282588176196 with gradient 0.06107

---- Results for Mmc/662.polyDFE.config.txt 
--  Model: C
--        eps_an        lambda     theta_bar             a 
-- 0.00061435136 0.01928241025 0.01015805495            -1 
--           S_d             b           p_b           S_b 
-- -79.149722689 0.12264837280 0.02335284495 6.56141581204 
--           r 2           r 3           r 4           r 5           r 6           r 7           r 8           r 9          r 10          r 11          r 12          r 13          r 14          r 15          r 16          r 17          r 18          r 19          r 20 
-- 0.86361053914 0.72062091422 0.62051362348 0.55524080052 0.52572659531 0.50889195486 0.49726256873 0.48646173176 0.49159373808 0.48042595254 0.51362546472 0.51402136243 0.52409163189 0.56329686002 0.59571085668 0.65136595151 0.70747516180 0.82620796328 1.12992152779 

---- Expected P_neut(i), 0 < i < n (neutral SFS per site) 
E[P_neut(1)] = 0.0101520857
E[P_neut(2)] = 0.0043838522
E[P_neut(3)] = 0.0024387757
E[P_neut(4)] = 0.0015750671
E[P_neut(5)] = 0.0011275747
E[P_neut(6)] = 0.0008897467
E[P_neut(7)] = 0.0007382720
E[P_neut(8)] = 0.0006312818
E[P_neut(9)] = 0.0005489914
E[P_neut(10)] = 0.0004993636
E[P_neut(11)] = 0.0004437187
E[P_neut(12)] = 0.0004349071
E[P_neut(13)] = 0.0004018575
E[P_neut(14)] = 0.0003805812
E[P_neut(15)] = 0.0003819254
E[P_neut(16)] = 0.0003789397
E[P_neut(17)] = 0.0003904723
E[P_neut(18)] = 0.0004017034
E[P_neut(19)] = 0.0004476885

---- Expected P_sel(i), 0 < i < n (selected SFS per site) 
E[P_sel(1)] = 0.0072469131
E[P_sel(2)] = 0.0028265541
E[P_sel(3)] = 0.0014947089
E[P_sel(4)] = 0.0009349187
E[P_sel(5)] = 0.0006543256
E[P_sel(6)] = 0.0005076468
E[P_sel(7)] = 0.0004157635
E[P_sel(8)] = 0.0003519243
E[P_sel(9)] = 0.0003036717
E[P_sel(10)] = 0.0002746252
E[P_sel(11)] = 0.0002430678
E[P_sel(12)] = 0.0002377409
E[P_sel(13)] = 0.0002196304
E[P_sel(14)] = 0.0002083970
E[P_sel(15)] = 0.0002100422
E[P_sel(16)] = 0.0002099366
E[P_sel(17)] = 0.0002187703
E[P_sel(18)] = 0.0002288518
E[P_sel(19)] = 0.0002617544

---- Expected D_neut and D_sel (neutral and selected divergence per site) 
E[D_neut] = 0.0198563005
E[D_sel] = 0.0125183851

---- Expected neutral and selected misattributed polymorphism per site
E[mis_neut] = 0.0005738902
E[mis_sel] = 0.0003454227

---- alpha_div = 0.250461
---- alpha_dfe = 0.250282

