---- Running command
---- ./polyDFE -d Mmc/663.polyDFE.config.txt -m C -e 
---- Performing inference using model C

---- Performing inference on Mmc/663.polyDFE.config.txt
---- No mutation variability. Using Poisson likelihood.


---- Calculating initial values

-- Starting local optimization
-- Optimizing all parameters
  it        eps_an        lambda     theta_bar           S_d             b           p_b           S_b           r 2           r 3           r 4           r 5           r 6           r 7           r 8           r 9          r 10          r 11          r 12          r 13          r 14          r 15          r 16          r 17          r 18          r 19          r 20           ln lk          grad status 
   0           0.1 0.01928818180 0.01136995104        -20000         0.208           0.1            20 0.87109720222 0.73693493955 0.64321163635 0.58163914032 0.56024645469 0.53295726233 0.53792381986 0.53619955390 0.55561434856 0.55829384324 0.59954494864 0.61568698474 0.66996800292 0.74949312600 0.86873407546 1.11128144823 1.57496890022             1             1 -1117777.639516 23195.3152739   -2 
1135 0.00052093393 0.01928933759 0.01014906785 -74.631203980 0.12719772421 0.02884870749 5.55889759381 0.86362747244 0.72169778431 0.62262358481 0.55392834875 0.53179447741 0.50292409279 0.49865860584 0.48926440911 0.49507038221 0.48689349663 0.51445634130 0.51126233980 0.52896075063 0.55956532214 0.59276533371 0.65522355497 0.70866676090 0.82137629951 1.12137836644 -266.7854917321 0.04217001143   -3 
-- Local optimization: stuck in the same solution
---- Best joint likelihood found -266.785491732109222 with gradient 0.04217

---- Results for Mmc/663.polyDFE.config.txt 
--  Model: C
--        eps_an        lambda     theta_bar             a 
-- 0.00052093393 0.01928933759 0.01014906785            -1 
--           S_d             b           p_b           S_b 
-- -74.631203980 0.12719772421 0.02884870749 5.55889759381 
--           r 2           r 3           r 4           r 5           r 6           r 7           r 8           r 9          r 10          r 11          r 12          r 13          r 14          r 15          r 16          r 17          r 18          r 19          r 20 
-- 0.86362747244 0.72169778431 0.62262358481 0.55392834875 0.53179447741 0.50292409279 0.49865860584 0.48926440911 0.49507038221 0.48689349663 0.51445634130 0.51126233980 0.52896075063 0.55956532214 0.59276533371 0.65522355497 0.70866676090 0.82137629951 1.12137836644 

---- Expected P_neut(i), 0 < i < n (neutral SFS per site) 
E[P_neut(1)] = 0.0101440094
E[P_neut(2)] = 0.0043804321
E[P_neut(3)] = 0.0024404518
E[P_neut(4)] = 0.0015791352
E[P_neut(5)] = 0.0011239828
E[P_neut(6)] = 0.0008992675
E[P_neut(7)] = 0.0007290010
E[P_neut(8)] = 0.0006325121
E[P_neut(9)] = 0.0005516775
E[P_neut(10)] = 0.0005024503
E[P_neut(11)] = 0.0004492820
E[P_neut(12)] = 0.0004352072
E[P_neut(13)] = 0.0003993132
E[P_neut(14)] = 0.0003837302
E[P_neut(15)] = 0.0003789929
E[P_neut(16)] = 0.0003766281
E[P_neut(17)] = 0.0003922392
E[P_neut(18)] = 0.0004016475
E[P_neut(19)] = 0.0004438060

---- Expected P_sel(i), 0 < i < n (selected SFS per site) 
E[P_sel(1)] = 0.0072458745
E[P_sel(2)] = 0.0028209922
E[P_sel(3)] = 0.0014925283
E[P_sel(4)] = 0.0009348830
E[P_sel(5)] = 0.0006504125
E[P_sel(6)] = 0.0005116389
E[P_sel(7)] = 0.0004094472
E[P_sel(8)] = 0.0003517596
E[P_sel(9)] = 0.0003045310
E[P_sel(10)] = 0.0002758814
E[P_sel(11)] = 0.0002458572
E[P_sel(12)] = 0.0002378069
E[P_sel(13)] = 0.0002183067
E[P_sel(14)] = 0.0002103518
E[P_sel(15)] = 0.0002088328
E[P_sel(16)] = 0.0002092335
E[P_sel(17)] = 0.0002205269
E[P_sel(18)] = 0.0002297018
E[P_sel(19)] = 0.0002602823

---- Expected D_neut and D_sel (neutral and selected divergence per site) 
E[D_neut] = 0.0198583849
E[D_sel] = 0.0125111846

---- Expected neutral and selected misattributed polymorphism per site
E[mis_neut] = 0.0005690473
E[mis_sel] = 0.0003434599

---- alpha_div = 0.265043
---- alpha_dfe = 0.264905

