---- Running command
---- ./polyDFE -d Mmc/664.polyDFE.config.txt -m C -e 
---- Performing inference using model C

---- Performing inference on Mmc/664.polyDFE.config.txt
---- No mutation variability. Using Poisson likelihood.


---- Calculating initial values

-- Starting local optimization
-- Optimizing all parameters
  it        eps_an        lambda     theta_bar           S_d             b           p_b           S_b           r 2           r 3           r 4           r 5           r 6           r 7           r 8           r 9          r 10          r 11          r 12          r 13          r 14          r 15          r 16          r 17          r 18          r 19          r 20           ln lk          grad status 
   0           0.1 0.01928651920 0.01134729181        -20000         0.208           0.1            20 0.87671541589 0.73571420986 0.64791401681 0.58188523643 0.55347864688 0.54210185749 0.53799850737 0.52820484447 0.55285209629 0.55722294517 0.59768467172 0.62950966971 0.66616952594 0.75491473711 0.86070045984 1.10873800734 1.58970643037             1             1 -1115618.195518 23163.0740795   -2 
 255 0.00556728992  0.0193447347 0.01020056645 -112.84882207 0.10348857913 0.00377337233 31.9318060208 0.86443916931 0.71664154033  0.6194399218 0.55325166733 0.52114979673 0.50278670544 0.49361224134 0.47966431542 0.49232540667 0.48597498313 0.51053433591 0.51100244757 0.51955378920 0.56028986747 0.57842323720 0.63852679961 0.68636509314 0.73494890452 0.99322731987 -292.1958876863 0.46274295258   -3 
-- Local optimization: stuck in the same solution
---- Best joint likelihood found -292.195887686306378 with gradient 0.46274

---- Results for Mmc/664.polyDFE.config.txt 
--  Model: C
--        eps_an        lambda     theta_bar             a 
-- 0.00556728992  0.0193447347 0.01020056645            -1 
--           S_d             b           p_b           S_b 
-- -112.84882207 0.10348857913 0.00377337233 31.9318060208 
--           r 2           r 3           r 4           r 5           r 6           r 7           r 8           r 9          r 10          r 11          r 12          r 13          r 14          r 15          r 16          r 17          r 18          r 19          r 20 
-- 0.86443916931 0.71664154033  0.6194399218 0.55325166733 0.52114979673 0.50278670544 0.49361224134 0.47966431542 0.49232540667 0.48597498313 0.51053433591 0.51100244757 0.51955378920 0.56028986747 0.57842323720 0.63852679961 0.68636509314 0.73494890452 0.99322731987 

---- Expected P_neut(i), 0 < i < n (neutral SFS per site) 
E[P_neut(1)] = 0.0101459736
E[P_neut(2)] = 0.0043865045
E[P_neut(3)] = 0.0024252837
E[P_neut(4)] = 0.0015729181
E[P_neut(5)] = 0.0011245335
E[P_neut(6)] = 0.0008831787
E[P_neut(7)] = 0.0007308260
E[P_neut(8)] = 0.0006283026
E[P_neut(9)] = 0.0005431320
E[P_neut(10)] = 0.0005021998
E[P_neut(11)] = 0.0004511741
E[P_neut(12)] = 0.0004350662
E[P_neut(13)] = 0.0004028094
E[P_neut(14)] = 0.0003813782
E[P_neut(15)] = 0.0003851808
E[P_neut(16)] = 0.0003755067
E[P_neut(17)] = 0.0003945702
E[P_neut(18)] = 0.0004113419
E[P_neut(19)] = 0.0004491662

---- Expected P_sel(i), 0 < i < n (selected SFS per site) 
E[P_sel(1)] = 0.0072061676
E[P_sel(2)] = 0.0028399474
E[P_sel(3)] = 0.0014996552
E[P_sel(4)] = 0.0009442009
E[P_sel(5)] = 0.0006606308
E[P_sel(6)] = 0.0005102059
E[P_sel(7)] = 0.0004164841
E[P_sel(8)] = 0.0003540253
E[P_sel(9)] = 0.0003031213
E[P_sel(10)] = 0.0002780023
E[P_sel(11)] = 0.0002480389
E[P_sel(12)] = 0.0002378113
E[P_sel(13)] = 0.0002191722
E[P_sel(14)] = 0.0002068302
E[P_sel(15)] = 0.0002085344
E[P_sel(16)] = 0.0002034534
E[P_sel(17)] = 0.0002148018
E[P_sel(18)] = 0.0002271536
E[P_sel(19)] = 0.0002601130

---- Expected D_neut and D_sel (neutral and selected divergence per site) 
E[D_neut] = 0.0198513088
E[D_sel] = 0.0125347442

---- Expected neutral and selected misattributed polymorphism per site
E[mis_neut] = 0.0005065741
E[mis_sel] = 0.0002917721

---- alpha_div = 0.190452
---- alpha_dfe = 0.190677

