---- Running command
---- ./polyDFE -d Mmc/665.polyDFE.config.txt -m C -e 
---- Performing inference using model C

---- Performing inference on Mmc/665.polyDFE.config.txt
---- No mutation variability. Using Poisson likelihood.


---- Calculating initial values

-- Starting local optimization
-- Optimizing all parameters
  it        eps_an        lambda     theta_bar           S_d             b           p_b           S_b           r 2           r 3           r 4           r 5           r 6           r 7           r 8           r 9          r 10          r 11          r 12          r 13          r 14          r 15          r 16          r 17          r 18          r 19          r 20           ln lk          grad status 
   0           0.1 0.01931228968 0.01136762908        -20000         0.208           0.1            20 0.87331131668 0.73407800916 0.64873571753 0.58257333999 0.55604039614 0.54052251000 0.54255498998 0.52886141995 0.55390024423 0.55303538813 0.59033729150 0.63087913982 0.66594194503 0.75048637347 0.86263510155 1.10905797811 1.58230956081             1             1 -1116790.667917 23215.7218589   -2 
1037 0.00098225880 0.01932507362 0.01015161188 -78.529195230 0.12406946298 0.02407135580 6.49347576656 0.86519181469 0.72215930908 0.62495809688 0.55448665916 0.53012525232 0.50889593712 0.50027031295 0.48419177648 0.49782926751 0.48013151919 0.50544181277 0.51662779177 0.52707979491 0.55923532881 0.58524178803 0.65035435735 0.71367452976 0.82458295192 1.09716392823 -280.1130947510 0.03657712831   -3 
-- Local optimization: stuck in the same solution
---- Best joint likelihood found -280.113094751010067 with gradient 0.03658

---- Results for Mmc/665.polyDFE.config.txt 
--  Model: C
--        eps_an        lambda     theta_bar             a 
-- 0.00098225880 0.01932507362 0.01015161188            -1 
--           S_d             b           p_b           S_b 
-- -78.529195230 0.12406946298 0.02407135580 6.49347576656 
--           r 2           r 3           r 4           r 5           r 6           r 7           r 8           r 9          r 10          r 11          r 12          r 13          r 14          r 15          r 16          r 17          r 18          r 19          r 20 
-- 0.86519181469 0.72215930908 0.62495809688 0.55448665916 0.53012525232 0.50889593712 0.50027031295 0.48419177648 0.49782926751 0.48013151919 0.50544181277 0.51662779177 0.52707979491 0.55923532881 0.58524178803 0.65035435735 0.71367452976 0.82458295192 1.09716392823 

---- Expected P_neut(i), 0 < i < n (neutral SFS per site) 
E[P_neut(1)] = 0.0101420731
E[P_neut(2)] = 0.0043876275
E[P_neut(3)] = 0.0024416748
E[P_neut(4)] = 0.0015848898
E[P_neut(5)] = 0.0011250526
E[P_neut(6)] = 0.0008964320
E[P_neut(7)] = 0.0007376876
E[P_neut(8)] = 0.0006346152
E[P_neut(9)] = 0.0005460462
E[P_neut(10)] = 0.0005053770
E[P_neut(11)] = 0.0004432020
E[P_neut(12)] = 0.0004277910
E[P_neut(13)] = 0.0004037598
E[P_neut(14)] = 0.0003826991
E[P_neut(15)] = 0.0003792101
E[P_neut(16)] = 0.0003725149
E[P_neut(17)] = 0.0003903803
E[P_neut(18)] = 0.0004064153
E[P_neut(19)] = 0.0004501096

---- Expected P_sel(i), 0 < i < n (selected SFS per site) 
E[P_sel(1)] = 0.0072294558
E[P_sel(2)] = 0.0028224332
E[P_sel(3)] = 0.0014923259
E[P_sel(4)] = 0.0009378773
E[P_sel(5)] = 0.0006507564
E[P_sel(6)] = 0.0005097571
E[P_sel(7)] = 0.0004140257
E[P_sel(8)] = 0.0003525758
E[P_sel(9)] = 0.0003010160
E[P_sel(10)] = 0.0002769998
E[P_sel(11)] = 0.0002419891
E[P_sel(12)] = 0.0002331105
E[P_sel(13)] = 0.0002200042
E[P_sel(14)] = 0.0002089652
E[P_sel(15)] = 0.0002080120
E[P_sel(16)] = 0.0002059145
E[P_sel(17)] = 0.0002183245
E[P_sel(18)] = 0.0002312828
E[P_sel(19)] = 0.0002633557

---- Expected D_neut and D_sel (neutral and selected divergence per site) 
E[D_neut] = 0.0198819727
E[D_sel] = 0.0125365772

---- Expected neutral and selected misattributed polymorphism per site
E[mis_neut] = 0.0005568991
E[mis_sel] = 0.0003350222

---- alpha_div = 0.255532
---- alpha_dfe = 0.255423

