---- Running command
---- ./polyDFE -d Mmc/666.polyDFE.config.txt -m C -e 
---- Performing inference using model C

---- Performing inference on Mmc/666.polyDFE.config.txt
---- No mutation variability. Using Poisson likelihood.


---- Calculating initial values

-- Starting local optimization
-- Optimizing all parameters
  it        eps_an        lambda     theta_bar           S_d             b           p_b           S_b           r 2           r 3           r 4           r 5           r 6           r 7           r 8           r 9          r 10          r 11          r 12          r 13          r 14          r 15          r 16          r 17          r 18          r 19          r 20           ln lk          grad status 
   0           0.1 0.01927585907 0.01138500696        -20000         0.208           0.1            20 0.87317491552 0.73247890035 0.64051010016 0.58216898422 0.55171708228 0.53336871320 0.53638720913 0.53008729768 0.55189779496 0.55331373236 0.59377942122 0.62284586395 0.66508673880 0.75405293370 0.87174053475 1.10187500803 1.58741977148             1             1 -1117250.468398 23158.8149868   -2 
 682 0.00099704032 0.01931515590 0.01017511313 -93.227652432 0.11246239335 0.01258350470 10.8341625651 0.86400123113 0.71579473881 0.61616560692 0.55402696458 0.52624885150 0.50040001304 0.49335268075 0.48386739507 0.49689082736 0.48384768645 0.51335733135 0.51529451344 0.52695344213 0.56162016025 0.59261240246 0.64546162915 0.71109535469 0.81778945528 1.04302965849 -264.8590614660 0.04365232649   -3 
-- Local optimization: stuck in the same solution
---- Best joint likelihood found -264.859061466006096 with gradient 0.04365

---- Results for Mmc/666.polyDFE.config.txt 
--  Model: C
--        eps_an        lambda     theta_bar             a 
-- 0.00099704032 0.01931515590 0.01017511313            -1 
--           S_d             b           p_b           S_b 
-- -93.227652432 0.11246239335 0.01258350470 10.8341625651 
--           r 2           r 3           r 4           r 5           r 6           r 7           r 8           r 9          r 10          r 11          r 12          r 13          r 14          r 15          r 16          r 17          r 18          r 19          r 20 
-- 0.86400123113 0.71579473881 0.61616560692 0.55402696458 0.52624885150 0.50040001304 0.49335268075 0.48386739507 0.49689082736 0.48384768645 0.51335733135 0.51529451344 0.52695344213 0.56162016025 0.59261240246 0.64546162915 0.71109535469 0.81778945528 1.04302965849 

---- Expected P_neut(i), 0 < i < n (neutral SFS per site) 
E[P_neut(1)] = 0.0101654048
E[P_neut(2)] = 0.0043916733
E[P_neut(3)] = 0.0024257288
E[P_neut(4)] = 0.0015662017
E[P_neut(5)] = 0.0011267131
E[P_neut(6)] = 0.0008919323
E[P_neut(7)] = 0.0007270522
E[P_neut(8)] = 0.0006272983
E[P_neut(9)] = 0.0005469459
E[P_neut(10)] = 0.0005055920
E[P_neut(11)] = 0.0004476633
E[P_neut(12)] = 0.0004354807
E[P_neut(13)] = 0.0004036446
E[P_neut(14)] = 0.0003834944
E[P_neut(15)] = 0.0003817142
E[P_neut(16)] = 0.0003780556
E[P_neut(17)] = 0.0003883675
E[P_neut(18)] = 0.0004059527
E[P_neut(19)] = 0.0004476610

---- Expected P_sel(i), 0 < i < n (selected SFS per site) 
E[P_sel(1)] = 0.0072422683
E[P_sel(2)] = 0.0028392765
E[P_sel(3)] = 0.0014943950
E[P_sel(4)] = 0.0009356320
E[P_sel(5)] = 0.0006584035
E[P_sel(6)] = 0.0005125138
E[P_sel(7)] = 0.0004122577
E[P_sel(8)] = 0.0003519157
E[P_sel(9)] = 0.0003042062
E[P_sel(10)] = 0.0002792793
E[P_sel(11)] = 0.0002459804
E[P_sel(12)] = 0.0002383964
E[P_sel(13)] = 0.0002205021
E[P_sel(14)] = 0.0002094316
E[P_sel(15)] = 0.0002088509
E[P_sel(16)] = 0.0002078278
E[P_sel(17)] = 0.0002153678
E[P_sel(18)] = 0.0002285606
E[P_sel(19)] = 0.0002595466

---- Expected D_neut and D_sel (neutral and selected divergence per site) 
E[D_neut] = 0.0198458031
E[D_sel] = 0.0125264327

---- Expected neutral and selected misattributed polymorphism per site
E[mis_neut] = 0.0005306472
E[mis_sel] = 0.0003159749

---- alpha_div = 0.218380
---- alpha_dfe = 0.218317

