---- Running command
---- ./polyDFE -d Mmc/667.polyDFE.config.txt -m C -e 
---- Performing inference using model C

---- Performing inference on Mmc/667.polyDFE.config.txt
---- No mutation variability. Using Poisson likelihood.


---- Calculating initial values

-- Starting local optimization
-- Optimizing all parameters
  it        eps_an        lambda     theta_bar           S_d             b           p_b           S_b           r 2           r 3           r 4           r 5           r 6           r 7           r 8           r 9          r 10          r 11          r 12          r 13          r 14          r 15          r 16          r 17          r 18          r 19          r 20           ln lk          grad status 
   0           0.1 0.01927892712 0.01136751674        -20000         0.208           0.1            20 0.87185806520 0.73311176086 0.64048502101 0.58675390640 0.55939750810 0.54213533665 0.53421508819 0.52753475721 0.55538852448 0.55836643364 0.58890393501 0.62301351823 0.67363771918 0.75400324197 0.86491465792 1.10315942100 1.57769622113             1             1 -1116315.208962 23153.3809840   -2 
 754 0.00137270062 0.01923614789 0.01015283736 -70.592810295 0.12768406659 0.02489822414 6.41734085091 0.86378958070 0.72085835613 0.61964642355 0.55805572972 0.53036654385 0.50802587331 0.49358914807 0.48251081202 0.49479137386 0.49032490813 0.51139365726 0.51323990194 0.52843033523 0.56173353990 0.58690441246 0.64205060110 0.70776976569 0.80848065838 1.20487987860 -270.9464499352 0.08511650585   -8 
-- Local optimization: reached maximum number of likelihood evaluations allowed.
---- Best joint likelihood found -270.946449935232522 with gradient 0.08512

---- Results for Mmc/667.polyDFE.config.txt 
--  Model: C
--        eps_an        lambda     theta_bar             a 
-- 0.00137270062 0.01923614789 0.01015283736            -1 
--           S_d             b           p_b           S_b 
-- -70.592810295 0.12768406659 0.02489822414 6.41734085091 
--           r 2           r 3           r 4           r 5           r 6           r 7           r 8           r 9          r 10          r 11          r 12          r 13          r 14          r 15          r 16          r 17          r 18          r 19          r 20 
-- 0.86378958070 0.72085835613 0.61964642355 0.55805572972 0.53036654385 0.50802587331 0.49358914807 0.48251081202 0.49479137386 0.49032490813 0.51139365726 0.51323990194 0.52843033523 0.56173353990 0.58690441246 0.64205060110 0.70776976569 0.80848065838 1.20487987860 

---- Expected P_neut(i), 0 < i < n (neutral SFS per site) 
E[P_neut(1)] = 0.0101394936
E[P_neut(2)] = 0.0043794863
E[P_neut(3)] = 0.0024367634
E[P_neut(4)] = 0.0015711446
E[P_neut(5)] = 0.0011321362
E[P_neut(6)] = 0.0008967483
E[P_neut(7)] = 0.0007363822
E[P_neut(8)] = 0.0006261503
E[P_neut(9)] = 0.0005441911
E[P_neut(10)] = 0.0005023536
E[P_neut(11)] = 0.0004526886
E[P_neut(12)] = 0.0004329407
E[P_neut(13)] = 0.0004012952
E[P_neut(14)] = 0.0003839250
E[P_neut(15)] = 0.0003812462
E[P_neut(16)] = 0.0003740693
E[P_neut(17)] = 0.0003862716
E[P_neut(18)] = 0.0004046863
E[P_neut(19)] = 0.0004453634

---- Expected P_sel(i), 0 < i < n (selected SFS per site) 
E[P_sel(1)] = 0.0072670060
E[P_sel(2)] = 0.0028279078
E[P_sel(3)] = 0.0014931824
E[P_sel(4)] = 0.0009313903
E[P_sel(5)] = 0.0006556302
E[P_sel(6)] = 0.0005103191
E[P_sel(7)] = 0.0004134658
E[P_sel(8)] = 0.0003479307
E[P_sel(9)] = 0.0002999875
E[P_sel(10)] = 0.0002753020
E[P_sel(11)] = 0.0002471130
E[P_sel(12)] = 0.0002358572
E[P_sel(13)] = 0.0002186124
E[P_sel(14)] = 0.0002096054
E[P_sel(15)] = 0.0002091315
E[P_sel(16)] = 0.0002068255
E[P_sel(17)] = 0.0002161646
E[P_sel(18)] = 0.0002306040
E[P_sel(19)] = 0.0002614419

---- Expected D_neut and D_sel (neutral and selected divergence per site) 
E[D_neut] = 0.0198477954
E[D_sel] = 0.0125404099

---- Expected neutral and selected misattributed polymorphism per site
E[mis_neut] = 0.0006116475
E[mis_sel] = 0.0003685571

---- alpha_div = 0.260748
---- alpha_dfe = 0.260705

