---- Running command
---- ./polyDFE -d Mmc/668.polyDFE.config.txt -m C -e 
---- Performing inference using model C

---- Performing inference on Mmc/668.polyDFE.config.txt
---- No mutation variability. Using Poisson likelihood.


---- Calculating initial values

-- Starting local optimization
-- Optimizing all parameters
  it        eps_an        lambda     theta_bar           S_d             b           p_b           S_b           r 2           r 3           r 4           r 5           r 6           r 7           r 8           r 9          r 10          r 11          r 12          r 13          r 14          r 15          r 16          r 17          r 18          r 19          r 20           ln lk          grad status 
   0           0.1 0.01930314165 0.01135576472        -20000         0.208           0.1            20 0.87066329127 0.73346959555 0.64576225657 0.58654224650 0.56048440895 0.53991858375 0.53839501230 0.53040815627 0.55666216935 0.55387236277 0.59992198373 0.62587635991 0.67061781118 0.75822789469 0.86742732976 1.10800421199 1.57432622532             1             1 -1116491.759442 23189.3162107   -2 
 793 0.00230187433 0.01934069521 0.01015276979 -70.424051901 0.12869062373 0.02512241276 6.40346811819 0.86379123251 0.72001734750 0.61998148033 0.55914648922 0.53172468553 0.50951924406 0.49895759383 0.48432469089 0.49742932956 0.48340018502 0.51588403180 0.51499605162 0.52788763627 0.55805991467 0.58483017307 0.64560944852 0.69997519241 0.79424179323 1.04637410502 -278.4181422312 0.04897504884   -3 
-- Local optimization: stuck in the same solution
---- Best joint likelihood found -278.418142231254023 with gradient 0.04898

---- Results for Mmc/668.polyDFE.config.txt 
--  Model: C
--        eps_an        lambda     theta_bar             a 
-- 0.00230187433 0.01934069521 0.01015276979            -1 
--           S_d             b           p_b           S_b 
-- -70.424051901 0.12869062373 0.02512241276 6.40346811819 
--           r 2           r 3           r 4           r 5           r 6           r 7           r 8           r 9          r 10          r 11          r 12          r 13          r 14          r 15          r 16          r 17          r 18          r 19          r 20 
-- 0.86379123251 0.72001734750 0.61998148033 0.55914648922 0.53172468553 0.50951924406 0.49895759383 0.48432469089 0.49742932956 0.48340018502 0.51588403180 0.51499605162 0.52788763627 0.55805991467 0.58483017307 0.64560944852 0.69997519241 0.79424179323 1.04637410502 

---- Expected P_neut(i), 0 < i < n (neutral SFS per site) 
E[P_neut(1)] = 0.0101303763
E[P_neut(2)] = 0.0043757520
E[P_neut(3)] = 0.0024320020
E[P_neut(4)] = 0.0015708642
E[P_neut(5)] = 0.0011336331
E[P_neut(6)] = 0.0008985565
E[P_neut(7)] = 0.0007382292
E[P_neut(8)] = 0.0006327723
E[P_neut(9)] = 0.0005461290
E[P_neut(10)] = 0.0005050285
E[P_neut(11)] = 0.0004463989
E[P_neut(12)] = 0.0004369239
E[P_neut(13)] = 0.0004029781
E[P_neut(14)] = 0.0003840129
E[P_neut(15)] = 0.0003794676
E[P_neut(16)] = 0.0003738710
E[P_neut(17)] = 0.0003902935
E[P_neut(18)] = 0.0004040007
E[P_neut(19)] = 0.0004468016

---- Expected P_sel(i), 0 < i < n (selected SFS per site) 
E[P_sel(1)] = 0.0072506232
E[P_sel(2)] = 0.0028196769
E[P_sel(3)] = 0.0014866367
E[P_sel(4)] = 0.0009287394
E[P_sel(5)] = 0.0006546404
E[P_sel(6)] = 0.0005098440
E[P_sel(7)] = 0.0004132503
E[P_sel(8)] = 0.0003505285
E[P_sel(9)] = 0.0003001199
E[P_sel(10)] = 0.0002759043
E[P_sel(11)] = 0.0002429214
E[P_sel(12)] = 0.0002372938
E[P_sel(13)] = 0.0002188654
E[P_sel(14)] = 0.0002090390
E[P_sel(15)] = 0.0002075749
E[P_sel(16)] = 0.0002061865
E[P_sel(17)] = 0.0002179429
E[P_sel(18)] = 0.0002299430
E[P_sel(19)] = 0.0002629492

---- Expected D_neut and D_sel (neutral and selected divergence per site) 
E[D_neut] = 0.0198718750
E[D_sel] = 0.0125370152

---- Expected neutral and selected misattributed polymorphism per site
E[mis_neut] = 0.0005311798
E[mis_sel] = 0.0003194211

---- alpha_div = 0.263033
---- alpha_dfe = 0.262955

