---- Running command
---- ./polyDFE -d Mmc/669.polyDFE.config.txt -m C -e 
---- Performing inference using model C

---- Performing inference on Mmc/669.polyDFE.config.txt
---- No mutation variability. Using Poisson likelihood.


---- Calculating initial values

-- Starting local optimization
-- Optimizing all parameters
  it        eps_an        lambda     theta_bar           S_d             b           p_b           S_b           r 2           r 3           r 4           r 5           r 6           r 7           r 8           r 9          r 10          r 11          r 12          r 13          r 14          r 15          r 16          r 17          r 18          r 19          r 20           ln lk          grad status 
   0           0.1 0.01928152761 0.01133963872        -20000         0.208           0.1            20 0.87716154128 0.73378621797 0.64324578108 0.58048195339 0.56212770941 0.54561859693 0.53501513869 0.52726956555 0.55236228514 0.55670995650 0.59219804767 0.63211903003 0.67078077128 0.74909271376 0.86044742093 1.11127542972 1.58180357919             1             1 -1117693.149829 23163.0231363   -2 
 458 0.00238557220 0.01933026809 0.01014186605 -71.169343624 0.12709371826 0.02534195189 6.23189464683 0.86818105166 0.72128191439 0.61992457671 0.55636544684 0.52886206132 0.50995874633 0.49538729989 0.48522268634 0.49255956067 0.48578701479 0.51001348802 0.51869546068 0.52364947054 0.55588941405 0.58558331130 0.64395731239 0.69643384855 0.78671280603 1.02441862643 -278.6090213868 0.08983674305   -3 
-- Local optimization: stuck in the same solution
---- Best joint likelihood found -278.609021386801032 with gradient 0.08984

---- Results for Mmc/669.polyDFE.config.txt 
--  Model: C
--        eps_an        lambda     theta_bar             a 
-- 0.00238557220 0.01933026809 0.01014186605            -1 
--           S_d             b           p_b           S_b 
-- -71.169343624 0.12709371826 0.02534195189 6.23189464683 
--           r 2           r 3           r 4           r 5           r 6           r 7           r 8           r 9          r 10          r 11          r 12          r 13          r 14          r 15          r 16          r 17          r 18          r 19          r 20 
-- 0.86818105166 0.72128191439 0.61992457671 0.55636544684 0.52886206132 0.50995874633 0.49538729989 0.48522268634 0.49255956067 0.48578701479 0.51001348802 0.51869546068 0.52364947054 0.55588941405 0.58558331130 0.64395731239 0.69643384855 0.78671280603 1.02441862643 

---- Expected P_neut(i), 0 < i < n (neutral SFS per site) 
E[P_neut(1)] = 0.0101186737
E[P_neut(2)] = 0.0043929216
E[P_neut(3)] = 0.0024334811
E[P_neut(4)] = 0.0015689338
E[P_neut(5)] = 0.0011267212
E[P_neut(6)] = 0.0008927137
E[P_neut(7)] = 0.0007380504
E[P_neut(8)] = 0.0006275490
E[P_neut(9)] = 0.0005465489
E[P_neut(10)] = 0.0004995473
E[P_neut(11)] = 0.0004481256
E[P_neut(12)] = 0.0004315106
E[P_neut(13)] = 0.0004054542
E[P_neut(14)] = 0.0003805692
E[P_neut(15)] = 0.0003776459
E[P_neut(16)] = 0.0003740459
E[P_neut(17)] = 0.0003890727
E[P_neut(18)] = 0.0004019630
E[P_neut(19)] = 0.0004431258

---- Expected P_sel(i), 0 < i < n (selected SFS per site) 
E[P_sel(1)] = 0.0072544191
E[P_sel(2)] = 0.0028388146
E[P_sel(3)] = 0.0014927734
E[P_sel(4)] = 0.0009312669
E[P_sel(5)] = 0.0006534286
E[P_sel(6)] = 0.0005088160
E[P_sel(7)] = 0.0004150948
E[P_sel(8)] = 0.0003493247
E[P_sel(9)] = 0.0003018467
E[P_sel(10)] = 0.0002742942
E[P_sel(11)] = 0.0002451136
E[P_sel(12)] = 0.0002355653
E[P_sel(13)] = 0.0002213479
E[P_sel(14)] = 0.0002082256
E[P_sel(15)] = 0.0002076150
E[P_sel(16)] = 0.0002072804
E[P_sel(17)] = 0.0002182498
E[P_sel(18)] = 0.0002297314
E[P_sel(19)] = 0.0002617184

---- Expected D_neut and D_sel (neutral and selected divergence per site) 
E[D_neut] = 0.0198497439
E[D_sel] = 0.0125248838

---- Expected neutral and selected misattributed polymorphism per site
E[mis_neut] = 0.0005194758
E[mis_sel] = 0.0003130193

---- alpha_div = 0.258641
---- alpha_dfe = 0.258537

