---- Running command
---- ./polyDFE -d Mmc/67.polyDFE.config.txt -m C -e 
---- Performing inference using model C

---- Performing inference on Mmc/67.polyDFE.config.txt
---- No mutation variability. Using Poisson likelihood.


---- Calculating initial values

-- Starting local optimization
-- Optimizing all parameters
  it        eps_an        lambda     theta_bar           S_d             b           p_b           S_b           r 2           r 3           r 4           r 5           r 6           r 7           r 8           r 9          r 10          r 11          r 12          r 13          r 14          r 15          r 16          r 17          r 18          r 19          r 20           ln lk          grad status 
   0           0.1 0.01924519481 0.01133417845        -20000         0.208           0.1            20 0.87749969493 0.73399742849 0.64743524224 0.58902373032 0.55615991253 0.54209004086 0.53707069575 0.52943439454 0.56026602359 0.56059509808 0.59787432881 0.62574630056 0.67189429388 0.75096967446 0.86001683352 1.11025286922 1.59327867402             1             1 -1113216.352922 23101.5744526   -2 
 595 0.00201220962 0.01931970840 0.01013087738 -73.001476020 0.12563734147 0.02308379599 6.84326712160 0.86990117161 0.72161262986 0.62397405073 0.56024411877 0.52726102963 0.51011138586 0.49628731148 0.48367212628 0.49748509705 0.48805794765 0.51575923843 0.51875902179 0.53064972742 0.55741245263 0.58666830797 0.64337726051 0.70675833611 0.79812096586 0.97734504165 -289.1692767719 0.08745815014   -3 
-- Local optimization: stuck in the same solution
---- Best joint likelihood found -289.169276771935984 with gradient 0.08746

---- Results for Mmc/67.polyDFE.config.txt 
--  Model: C
--        eps_an        lambda     theta_bar             a 
-- 0.00201220962 0.01931970840 0.01013087738            -1 
--           S_d             b           p_b           S_b 
-- -73.001476020 0.12563734147 0.02308379599 6.84326712160 
--           r 2           r 3           r 4           r 5           r 6           r 7           r 8           r 9          r 10          r 11          r 12          r 13          r 14          r 15          r 16          r 17          r 18          r 19          r 20 
-- 0.86990117161 0.72161262986 0.62397405073 0.56024411877 0.52726102963 0.51011138586 0.49628731148 0.48367212628 0.49748509705 0.48805794765 0.51575923843 0.51875902179 0.53064972742 0.55741245263 0.58666830797 0.64337726051 0.70675833611 0.79812096586 0.97734504165 

---- Expected P_neut(i), 0 < i < n (neutral SFS per site) 
E[P_neut(1)] = 0.0101113483
E[P_neut(2)] = 0.0043983648
E[P_neut(3)] = 0.0024327244
E[P_neut(4)] = 0.0015779186
E[P_neut(5)] = 0.0011336263
E[P_neut(6)] = 0.0008892507
E[P_neut(7)] = 0.0007375959
E[P_neut(8)] = 0.0006280898
E[P_neut(9)] = 0.0005442559
E[P_neut(10)] = 0.0005039961
E[P_neut(11)] = 0.0004496870
E[P_neut(12)] = 0.0004358129
E[P_neut(13)] = 0.0004049401
E[P_neut(14)] = 0.0003850150
E[P_neut(15)] = 0.0003779984
E[P_neut(16)] = 0.0003738991
E[P_neut(17)] = 0.0003875423
E[P_neut(18)] = 0.0004058486
E[P_neut(19)] = 0.0004450905

---- Expected P_sel(i), 0 < i < n (selected SFS per site) 
E[P_sel(1)] = 0.0072403278
E[P_sel(2)] = 0.0028400073
E[P_sel(3)] = 0.0014914205
E[P_sel(4)] = 0.0009361254
E[P_sel(5)] = 0.0006571050
E[P_sel(6)] = 0.0005065639
E[P_sel(7)] = 0.0004145732
E[P_sel(8)] = 0.0003493563
E[P_sel(9)] = 0.0003003003
E[P_sel(10)] = 0.0002764264
E[P_sel(11)] = 0.0002456381
E[P_sel(12)] = 0.0002375380
E[P_sel(13)] = 0.0002206611
E[P_sel(14)] = 0.0002102142
E[P_sel(15)] = 0.0002073187
E[P_sel(16)] = 0.0002066648
E[P_sel(17)] = 0.0002167988
E[P_sel(18)] = 0.0002312952
E[P_sel(19)] = 0.0002620133

---- Expected D_neut and D_sel (neutral and selected divergence per site) 
E[D_neut] = 0.0198147765
E[D_sel] = 0.0125433617

---- Expected neutral and selected misattributed polymorphism per site
E[mis_neut] = 0.0004950681
E[mis_sel] = 0.0002982910

---- alpha_div = 0.256670
---- alpha_dfe = 0.256431

