---- Running command
---- ./polyDFE -d Mmc/670.polyDFE.config.txt -m C -e 
---- Performing inference using model C

---- Performing inference on Mmc/670.polyDFE.config.txt
---- No mutation variability. Using Poisson likelihood.


---- Calculating initial values

-- Starting local optimization
-- Optimizing all parameters
  it        eps_an        lambda     theta_bar           S_d             b           p_b           S_b           r 2           r 3           r 4           r 5           r 6           r 7           r 8           r 9          r 10          r 11          r 12          r 13          r 14          r 15          r 16          r 17          r 18          r 19          r 20           ln lk          grad status 
   0           0.1 0.01927365813 0.01136870919        -20000         0.208           0.1            20 0.87155407870 0.73056930948 0.64552635955 0.58331862111 0.56070965387 0.54393125557 0.53700078363 0.53150864619 0.54991813641 0.55661145302 0.59004599345 0.62819717312 0.67002016452 0.75243145284 0.86573070175 1.10526958923 1.58285186622             1             1 -1116870.141109 23181.0359271   -2 
 574 0.00281741178 0.01934160418 0.01017092050 -82.934868117 0.11919592425 0.01742319246 8.39309942365 0.86432606758 0.71811493870 0.62103989757 0.55440063910 0.53060816037 0.50960847924 0.49088999946 0.48564355284 0.49441375779 0.48330913742 0.51001966213 0.51609596388 0.52788705007 0.55959790922 0.58963948913 0.64029664428 0.70082844314 0.78373385801 0.98610643416 -294.1854649395 0.11940187384   -3 
-- Local optimization: stuck in the same solution
---- Best joint likelihood found -294.185464939597296 with gradient 0.11940

---- Results for Mmc/670.polyDFE.config.txt 
--  Model: C
--        eps_an        lambda     theta_bar             a 
-- 0.00281741178 0.01934160418 0.01017092050            -1 
--           S_d             b           p_b           S_b 
-- -82.934868117 0.11919592425 0.01742319246 8.39309942365 
--           r 2           r 3           r 4           r 5           r 6           r 7           r 8           r 9          r 10          r 11          r 12          r 13          r 14          r 15          r 16          r 17          r 18          r 19          r 20 
-- 0.86432606758 0.71811493870 0.62103989757 0.55440063910 0.53060816037 0.50960847924 0.49088999946 0.48564355284 0.49441375779 0.48330913742 0.51001966213 0.51609596388 0.52788705007 0.55959790922 0.58963948913 0.64029664428 0.70082844314 0.78373385801 0.98610643416 

---- Expected P_neut(i), 0 < i < n (neutral SFS per site) 
E[P_neut(1)] = 0.0101434469
E[P_neut(2)] = 0.0043842276
E[P_neut(3)] = 0.0024288499
E[P_neut(4)] = 0.0015757438
E[P_neut(5)] = 0.0011256447
E[P_neut(6)] = 0.0008980086
E[P_neut(7)] = 0.0007395068
E[P_neut(8)] = 0.0006235600
E[P_neut(9)] = 0.0005485397
E[P_neut(10)] = 0.0005028643
E[P_neut(11)] = 0.0004471689
E[P_neut(12)] = 0.0004328212
E[P_neut(13)] = 0.0004047309
E[P_neut(14)] = 0.0003849606
E[P_neut(15)] = 0.0003815500
E[P_neut(16)] = 0.0003782166
E[P_neut(17)] = 0.0003888628
E[P_neut(18)] = 0.0004072721
E[P_neut(19)] = 0.0004470155

---- Expected P_sel(i), 0 < i < n (selected SFS per site) 
E[P_sel(1)] = 0.0072322637
E[P_sel(2)] = 0.0028265014
E[P_sel(3)] = 0.0014891565
E[P_sel(4)] = 0.0009357565
E[P_sel(5)] = 0.0006534439
E[P_sel(6)] = 0.0005124210
E[P_sel(7)] = 0.0004163550
E[P_sel(8)] = 0.0003473689
E[P_sel(9)] = 0.0003030307
E[P_sel(10)] = 0.0002760099
E[P_sel(11)] = 0.0002442934
E[P_sel(12)] = 0.0002357573
E[P_sel(13)] = 0.0002202068
E[P_sel(14)] = 0.0002096397
E[P_sel(15)] = 0.0002084753
E[P_sel(16)] = 0.0002080021
E[P_sel(17)] = 0.0002162011
E[P_sel(18)] = 0.0002305792
E[P_sel(19)] = 0.0002622321

---- Expected D_neut and D_sel (neutral and selected divergence per site) 
E[D_neut] = 0.0198430847
E[D_sel] = 0.0125003770

---- Expected neutral and selected misattributed polymorphism per site
E[mis_neut] = 0.0005014805
E[mis_sel] = 0.0002996115

---- alpha_div = 0.236512
---- alpha_dfe = 0.236425

