---- Running command
---- ./polyDFE -d Mmc/671.polyDFE.config.txt -m C -e 
---- Performing inference using model C

---- Performing inference on Mmc/671.polyDFE.config.txt
---- No mutation variability. Using Poisson likelihood.


---- Calculating initial values

-- Starting local optimization
-- Optimizing all parameters
  it        eps_an        lambda     theta_bar           S_d             b           p_b           S_b           r 2           r 3           r 4           r 5           r 6           r 7           r 8           r 9          r 10          r 11          r 12          r 13          r 14          r 15          r 16          r 17          r 18          r 19          r 20           ln lk          grad status 
   0           0.1 0.01926939256 0.01135322385        -20000         0.208           0.1            20 0.87164081913 0.73267777757 0.64465481967 0.58164042378 0.55501929208 0.54294279282 0.54214207823 0.52723390351 0.56309895466 0.54862624290 0.59423936963 0.62289789776 0.66012382264 0.74809673328 0.86886938721 1.09924630633 1.58578915914             1             1 -1115740.426625 23131.1922276   -2 
1231 0.00077270884 0.01929182137 0.01012740376 -78.251992573 0.12214509699 0.02385222304 6.39111011392 0.86729518273 0.72087021303 0.62211673231 0.55344172546 0.52822085151 0.51058381876 0.49903741150 0.48068584991 0.50022054524 0.48268345480 0.51322794215 0.51609525684 0.51961896603 0.55796238940 0.59294924571 0.64607336939 0.71594743762 0.82357596868 1.07946822847 -284.5921680744 0.02936305412   -3 
-- Local optimization: stuck in the same solution
---- Best joint likelihood found -284.592168074421352 with gradient 0.02936

---- Results for Mmc/671.polyDFE.config.txt 
--  Model: C
--        eps_an        lambda     theta_bar             a 
-- 0.00077270884 0.01929182137 0.01012740376            -1 
--           S_d             b           p_b           S_b 
-- -78.251992573 0.12214509699 0.02385222304 6.39111011392 
--           r 2           r 3           r 4           r 5           r 6           r 7           r 8           r 9          r 10          r 11          r 12          r 13          r 14          r 15          r 16          r 17          r 18          r 19          r 20 
-- 0.86729518273 0.72087021303 0.62211673231 0.55344172546 0.52822085151 0.51058381876 0.49903741150 0.48068584991 0.50022054524 0.48268345480 0.51322794215 0.51609525684 0.51961896603 0.55796238940 0.59294924571 0.64607336939 0.71594743762 0.82357596868 1.07946822847 

---- Expected P_neut(i), 0 < i < n (neutral SFS per site) 
E[P_neut(1)] = 0.0101199174
E[P_neut(2)] = 0.0043886420
E[P_neut(3)] = 0.0024319316
E[P_neut(4)] = 0.0015741797
E[P_neut(5)] = 0.0011204105
E[P_neut(6)] = 0.0008911858
E[P_neut(7)] = 0.0007384382
E[P_neut(8)] = 0.0006315907
E[P_neut(9)] = 0.0005408254
E[P_neut(10)] = 0.0005065935
E[P_neut(11)] = 0.0004444682
E[P_neut(12)] = 0.0004332923
E[P_neut(13)] = 0.0004023144
E[P_neut(14)] = 0.0003762836
E[P_neut(15)] = 0.0003772891
E[P_neut(16)] = 0.0003762419
E[P_neut(17)] = 0.0003864680
E[P_neut(18)] = 0.0004058983
E[P_neut(19)] = 0.0004464698

---- Expected P_sel(i), 0 < i < n (selected SFS per site) 
E[P_sel(1)] = 0.0072409022
E[P_sel(2)] = 0.0028379877
E[P_sel(3)] = 0.0014953517
E[P_sel(4)] = 0.0009376092
E[P_sel(5)] = 0.0006525049
E[P_sel(6)] = 0.0005103589
E[P_sel(7)] = 0.0004174488
E[P_sel(8)] = 0.0003534782
E[P_sel(9)] = 0.0003003548
E[P_sel(10)] = 0.0002797412
E[P_sel(11)] = 0.0002444925
E[P_sel(12)] = 0.0002378601
E[P_sel(13)] = 0.0002208222
E[P_sel(14)] = 0.0002069351
E[P_sel(15)] = 0.0002083939
E[P_sel(16)] = 0.0002093454
E[P_sel(17)] = 0.0002174541
E[P_sel(18)] = 0.0002322091
E[P_sel(19)] = 0.0002621588

---- Expected D_neut and D_sel (neutral and selected divergence per site) 
E[D_neut] = 0.0198384319
E[D_sel] = 0.0125283862

---- Expected neutral and selected misattributed polymorphism per site
E[mis_neut] = 0.0005466105
E[mis_sel] = 0.0003299526

---- alpha_div = 0.249081
---- alpha_dfe = 0.248967

