---- Running command
---- ./polyDFE -d Mmc/672.polyDFE.config.txt -m C -e 
---- Performing inference using model C

---- Performing inference on Mmc/672.polyDFE.config.txt
---- No mutation variability. Using Poisson likelihood.


---- Calculating initial values

-- Starting local optimization
-- Optimizing all parameters
  it        eps_an        lambda     theta_bar           S_d             b           p_b           S_b           r 2           r 3           r 4           r 5           r 6           r 7           r 8           r 9          r 10          r 11          r 12          r 13          r 14          r 15          r 16          r 17          r 18          r 19          r 20           ln lk          grad status 
   0           0.1 0.01928797913 0.01137437888        -20000         0.208           0.1            20 0.87217915105 0.73133133147 0.64214508728 0.58712614291 0.56030469136 0.53949332959 0.53703796260 0.53498593476 0.54982751178 0.56240279139 0.58601287151 0.61936659971 0.67388512701 0.74818460636 0.86410073484 1.10465203753 1.57373714262             1             1 -1116700.913335 23181.0476419   -2 
 253 0.00566943901 0.01930764561 0.01021556701 -96.102119685 0.11083188866 0.00790062259 16.7003677559 0.86245344488 0.71676006972 0.61753489009 0.55553262098 0.52594786781 0.50630886619 0.49396901278 0.48457189047 0.48795224630 0.48570936397 0.50717764500 0.50777685119 0.52077567063 0.55228941433 0.58130487569 0.63162647178 0.67790700808 0.72574022515 1.06974147925 -304.4872961199 0.60847206605   -8 
-- Local optimization: reached maximum number of likelihood evaluations allowed.
---- Best joint likelihood found -304.487296119972598 with gradient 0.60847

---- Results for Mmc/672.polyDFE.config.txt 
--  Model: C
--        eps_an        lambda     theta_bar             a 
-- 0.00566943901 0.01930764561 0.01021556701            -1 
--           S_d             b           p_b           S_b 
-- -96.102119685 0.11083188866 0.00790062259 16.7003677559 
--           r 2           r 3           r 4           r 5           r 6           r 7           r 8           r 9          r 10          r 11          r 12          r 13          r 14          r 15          r 16          r 17          r 18          r 19          r 20 
-- 0.86245344488 0.71676006972 0.61753489009 0.55553262098 0.52594786781 0.50630886619 0.49396901278 0.48457189047 0.48795224630 0.48570936397 0.50717764500 0.50777685119 0.52077567063 0.55228941433 0.58130487569 0.63162647178 0.67790700808 0.72574022515 1.06974147925 

---- Expected P_neut(i), 0 < i < n (neutral SFS per site) 
E[P_neut(1)] = 0.0101598627
E[P_neut(2)] = 0.0043824315
E[P_neut(3)] = 0.0024290179
E[P_neut(4)] = 0.0015702801
E[P_neut(5)] = 0.0011307137
E[P_neut(6)] = 0.0008925535
E[P_neut(7)] = 0.0007369634
E[P_neut(8)] = 0.0006296434
E[P_neut(9)] = 0.0005494586
E[P_neut(10)] = 0.0004984709
E[P_neut(11)] = 0.0004516334
E[P_neut(12)] = 0.0004328872
E[P_neut(13)] = 0.0004009445
E[P_neut(14)] = 0.0003829238
E[P_neut(15)] = 0.0003804324
E[P_neut(16)] = 0.0003779846
E[P_neut(17)] = 0.0003912398
E[P_neut(18)] = 0.0004075275
E[P_neut(19)] = 0.0004459068

---- Expected P_sel(i), 0 < i < n (selected SFS per site) 
E[P_sel(1)] = 0.0072250114
E[P_sel(2)] = 0.0028283850
E[P_sel(3)] = 0.0014936542
E[P_sel(4)] = 0.0009360844
E[P_sel(5)] = 0.0006590976
E[P_sel(6)] = 0.0005113617
E[P_sel(7)] = 0.0004164229
E[P_sel(8)] = 0.0003517811
E[P_sel(9)] = 0.0003041321
E[P_sel(10)] = 0.0002737967
E[P_sel(11)] = 0.0002465380
E[P_sel(12)] = 0.0002351795
E[P_sel(13)] = 0.0002171138
E[P_sel(14)] = 0.0002070291
E[P_sel(15)] = 0.0002057914
E[P_sel(16)] = 0.0002052020
E[P_sel(17)] = 0.0002141991
E[P_sel(18)] = 0.0002272845
E[P_sel(19)] = 0.0002615252

---- Expected D_neut and D_sel (neutral and selected divergence per site) 
E[D_neut] = 0.0198540464
E[D_sel] = 0.0125165048

---- Expected neutral and selected misattributed polymorphism per site
E[mis_neut] = 0.0005464008
E[mis_sel] = 0.0003201358

---- alpha_div = 0.209768
---- alpha_dfe = 0.210007

