---- Running command
---- ./polyDFE -d Mmc/673.polyDFE.config.txt -m C -e 
---- Performing inference using model C

---- Performing inference on Mmc/673.polyDFE.config.txt
---- No mutation variability. Using Poisson likelihood.


---- Calculating initial values

-- Starting local optimization
-- Optimizing all parameters
  it        eps_an        lambda     theta_bar           S_d             b           p_b           S_b           r 2           r 3           r 4           r 5           r 6           r 7           r 8           r 9          r 10          r 11          r 12          r 13          r 14          r 15          r 16          r 17          r 18          r 19          r 20           ln lk          grad status 
   0           0.1 0.01929646608 0.01133346714        -20000         0.208           0.1            20 0.87273535091 0.73513814095 0.64078700127 0.58077366497 0.55837229937 0.53915803910 0.54467864062 0.53877725282 0.55930045096 0.55888478012 0.59599030074 0.62793248734 0.66674914831 0.75786631606 0.84889113150 1.11089311972 1.57123427010             1             1 -1119077.850254 23207.2202587   -2 
 257 0.00584039584 0.01935409527 0.01015956704 -76.089197893 0.11864552552 0.01021695530 13.6847391348 0.86467958307 0.71884628730 0.61873601423 0.55403362916 0.52883139999 0.50470810438 0.50087230520 0.49018724611 0.49795795171 0.48655800670 0.51342479989 0.51859043531 0.52247081256 0.56277049712 0.57542284758 0.63516867966 0.66604985197 0.72738393981 1.00072880305 -289.8794831137 2.29171299819   -3 
-- Local optimization: stuck in the same solution
---- Best joint likelihood found -289.879483113763854 with gradient 2.29171

---- Results for Mmc/673.polyDFE.config.txt 
--  Model: C
--        eps_an        lambda     theta_bar             a 
-- 0.00584039584 0.01935409527 0.01015956704            -1 
--           S_d             b           p_b           S_b 
-- -76.089197893 0.11864552552 0.01021695530 13.6847391348 
--           r 2           r 3           r 4           r 5           r 6           r 7           r 8           r 9          r 10          r 11          r 12          r 13          r 14          r 15          r 16          r 17          r 18          r 19          r 20 
-- 0.86467958307 0.71884628730 0.61873601423 0.55403362916 0.52883139999 0.50470810438 0.50087230520 0.49018724611 0.49795795171 0.48655800670 0.51342479989 0.51859043531 0.52247081256 0.56277049712 0.57542284758 0.63516867966 0.66604985197 0.72738393981 1.00072880305 

---- Expected P_neut(i), 0 < i < n (neutral SFS per site) 
E[P_neut(1)] = 0.0101025027
E[P_neut(2)] = 0.0043689274
E[P_neut(3)] = 0.0024223882
E[P_neut(4)] = 0.0015644781
E[P_neut(5)] = 0.0011213997
E[P_neut(6)] = 0.0008924343
E[P_neut(7)] = 0.0007306054
E[P_neut(8)] = 0.0006349045
E[P_neut(9)] = 0.0005527362
E[P_neut(10)] = 0.0005059037
E[P_neut(11)] = 0.0004499907
E[P_neut(12)] = 0.0004358574
E[P_neut(13)] = 0.0004071923
E[P_neut(14)] = 0.0003821638
E[P_neut(15)] = 0.0003855156
E[P_neut(16)] = 0.0003724223
E[P_neut(17)] = 0.0003915914
E[P_neut(18)] = 0.0003993898
E[P_neut(19)] = 0.0004460067

---- Expected P_sel(i), 0 < i < n (selected SFS per site) 
E[P_sel(1)] = 0.0072512355
E[P_sel(2)] = 0.0028342652
E[P_sel(3)] = 0.0014932293
E[P_sel(4)] = 0.0009332660
E[P_sel(5)] = 0.0006533155
E[P_sel(6)] = 0.0005105731
E[P_sel(7)] = 0.0004119905
E[P_sel(8)] = 0.0003538493
E[P_sel(9)] = 0.0003051164
E[P_sel(10)] = 0.0002770973
E[P_sel(11)] = 0.0002449627
E[P_sel(12)] = 0.0002361886
E[P_sel(13)] = 0.0002200168
E[P_sel(14)] = 0.0002062927
E[P_sel(15)] = 0.0002083786
E[P_sel(16)] = 0.0002022615
E[P_sel(17)] = 0.0002147750
E[P_sel(18)] = 0.0002235845
E[P_sel(19)] = 0.0002629233

---- Expected D_neut and D_sel (neutral and selected divergence per site) 
E[D_neut] = 0.0198624438
E[D_sel] = 0.0125398915

---- Expected neutral and selected misattributed polymorphism per site
E[mis_neut] = 0.0005083486
E[mis_sel] = 0.0002994558

---- alpha_div = 0.222674
---- alpha_dfe = 0.222825

