---- Running command
---- ./polyDFE -d Mmc/674.polyDFE.config.txt -m C -e 
---- Performing inference using model C

---- Performing inference on Mmc/674.polyDFE.config.txt
---- No mutation variability. Using Poisson likelihood.


---- Calculating initial values

-- Starting local optimization
-- Optimizing all parameters
  it        eps_an        lambda     theta_bar           S_d             b           p_b           S_b           r 2           r 3           r 4           r 5           r 6           r 7           r 8           r 9          r 10          r 11          r 12          r 13          r 14          r 15          r 16          r 17          r 18          r 19          r 20           ln lk          grad status 
   0           0.1 0.01929314936 0.01137134125        -20000         0.208           0.1            20 0.87108635927 0.73463238540 0.64310626935 0.58488743876 0.55888009045 0.54260240690 0.53936795673 0.52648920802 0.54887575273 0.55507985481 0.58810178160 0.62702933295 0.66680494467 0.75284844896 0.85776846030 1.10765679419 1.57548890050             1             1 -1116742.868245 23165.9026738   -2 
 666 0.00072552559 0.01928598705 0.01015691158 -70.739068266 0.13128820304 0.03422984446 4.88154809361 0.86227016227 0.71991448378 0.62157265592 0.55677869415 0.52855548332 0.50922865890 0.49821225901 0.48321202196 0.49182173217 0.48745184512 0.50942893052 0.51855926517 0.52590783132 0.55732766701 0.58352108473 0.64490168136 0.70518460541 0.81551201090 1.13584229105 -269.8304256690 0.18206890946   -8 
-- Local optimization: reached maximum number of likelihood evaluations allowed.
---- Best joint likelihood found -269.830425669075339 with gradient 0.18207

---- Results for Mmc/674.polyDFE.config.txt 
--  Model: C
--        eps_an        lambda     theta_bar             a 
-- 0.00072552559 0.01928598705 0.01015691158            -1 
--           S_d             b           p_b           S_b 
-- -70.739068266 0.13128820304 0.03422984446 4.88154809361 
--           r 2           r 3           r 4           r 5           r 6           r 7           r 8           r 9          r 10          r 11          r 12          r 13          r 14          r 15          r 16          r 17          r 18          r 19          r 20 
-- 0.86227016227 0.71991448378 0.62157265592 0.55677869415 0.52855548332 0.50922865890 0.49821225901 0.48321202196 0.49182173217 0.48745184512 0.50942893052 0.51855926517 0.52590783132 0.55732766701 0.58352108473 0.64490168136 0.70518460541 0.81551201090 1.13584229105 

---- Expected P_neut(i), 0 < i < n (neutral SFS per site) 
E[P_neut(1)] = 0.0101498588
E[P_neut(2)] = 0.0043761125
E[P_neut(3)] = 0.0024358804
E[P_neut(4)] = 0.0015774383
E[P_neut(5)] = 0.0011304836
E[P_neut(6)] = 0.0008943762
E[P_neut(7)] = 0.0007386422
E[P_neut(8)] = 0.0006323911
E[P_neut(9)] = 0.0005452578
E[P_neut(10)] = 0.0004995390
E[P_neut(11)] = 0.0004501605
E[P_neut(12)] = 0.0004313315
E[P_neut(13)] = 0.0004053929
E[P_neut(14)] = 0.0003819152
E[P_neut(15)] = 0.0003779286
E[P_neut(16)] = 0.0003712996
E[P_neut(17)] = 0.0003867953
E[P_neut(18)] = 0.0004008049
E[P_neut(19)] = 0.0004430046

---- Expected P_sel(i), 0 < i < n (selected SFS per site) 
E[P_sel(1)] = 0.0072595061
E[P_sel(2)] = 0.0028178234
E[P_sel(3)] = 0.0014883866
E[P_sel(4)] = 0.0009326971
E[P_sel(5)] = 0.0006532640
E[P_sel(6)] = 0.0005081640
E[P_sel(7)] = 0.0004143604
E[P_sel(8)] = 0.0003513542
E[P_sel(9)] = 0.0003007983
E[P_sel(10)] = 0.0002742237
E[P_sel(11)] = 0.0002464040
E[P_sel(12)] = 0.0002358825
E[P_sel(13)] = 0.0002219483
E[P_sel(14)] = 0.0002097956
E[P_sel(15)] = 0.0002088267
E[P_sel(16)] = 0.0002069895
E[P_sel(17)] = 0.0002183556
E[P_sel(18)] = 0.0002302678
E[P_sel(19)] = 0.0002611175

---- Expected D_neut and D_sel (neutral and selected divergence per site) 
E[D_neut] = 0.0198628195
E[D_sel] = 0.0125237225

---- Expected neutral and selected misattributed polymorphism per site
E[mis_neut] = 0.0005768325
E[mis_sel] = 0.0003493019

---- alpha_div = 0.278801
---- alpha_dfe = 0.278700

