---- Running command
---- ./polyDFE -d Mmc/675.polyDFE.config.txt -m C -e 
---- Performing inference using model C

---- Performing inference on Mmc/675.polyDFE.config.txt
---- No mutation variability. Using Poisson likelihood.


---- Calculating initial values

-- Starting local optimization
-- Optimizing all parameters
  it        eps_an        lambda     theta_bar           S_d             b           p_b           S_b           r 2           r 3           r 4           r 5           r 6           r 7           r 8           r 9          r 10          r 11          r 12          r 13          r 14          r 15          r 16          r 17          r 18          r 19          r 20           ln lk          grad status 
   0           0.1 0.01924212703 0.01135066540        -20000         0.208           0.1            20 0.87010260732 0.73604888810 0.64312796524 0.58427255900 0.56235778218 0.54288312875 0.53351011776 0.53325319979 0.55178349355 0.55313595147 0.59520141804 0.61911789050 0.67085044893 0.75500521173 0.86785729112 1.10351487539 1.56517787332             1             1 -1113254.203790 23105.7575076   -2 
 847 0.00096542726 0.01922592790 0.01013504223 -71.624940780 0.12927743480 0.03241871249 5.09702666836 0.86392677912 0.72012092881 0.62135672681 0.55824093944 0.53198036262 0.51249487748 0.49647219048 0.48620346977 0.49414721931 0.48503670810 0.50931810666 0.50895189555 0.52364954939 0.56400117183 0.58856027312 0.64276870003 0.70531198298 0.82516607303 1.15320991595 -272.1571092841 0.02606745551   -3 
-- Local optimization: stuck in the same solution
---- Best joint likelihood found -272.157109284147737 with gradient 0.02607

---- Results for Mmc/675.polyDFE.config.txt 
--  Model: C
--        eps_an        lambda     theta_bar             a 
-- 0.00096542726 0.01922592790 0.01013504223            -1 
--           S_d             b           p_b           S_b 
-- -71.624940780 0.12927743480 0.03241871249 5.09702666836 
--           r 2           r 3           r 4           r 5           r 6           r 7           r 8           r 9          r 10          r 11          r 12          r 13          r 14          r 15          r 16          r 17          r 18          r 19          r 20 
-- 0.86392677912 0.72012092881 0.62135672681 0.55824093944 0.53198036262 0.51249487748 0.49647219048 0.48620346977 0.49414721931 0.48503670810 0.50931810666 0.50895189555 0.52364954939 0.56400117183 0.58856027312 0.64276870003 0.70531198298 0.82516607303 1.15320991595 

---- Expected P_neut(i), 0 < i < n (neutral SFS per site) 
E[P_neut(1)] = 0.0101256825
E[P_neut(2)] = 0.0043741240
E[P_neut(3)] = 0.0024308399
E[P_neut(4)] = 0.0015732092
E[P_neut(5)] = 0.0011308346
E[P_neut(6)] = 0.0008981057
E[P_neut(7)] = 0.0007416892
E[P_neut(8)] = 0.0006287789
E[P_neut(9)] = 0.0005474243
E[P_neut(10)] = 0.0005008203
E[P_neut(11)] = 0.0004469942
E[P_neut(12)] = 0.0004303553
E[P_neut(13)] = 0.0003971217
E[P_neut(14)] = 0.0003795880
E[P_neut(15)] = 0.0003818029
E[P_neut(16)] = 0.0003739777
E[P_neut(17)] = 0.0003851839
E[P_neut(18)] = 0.0004009747
E[P_neut(19)] = 0.0004495225

---- Expected P_sel(i), 0 < i < n (selected SFS per site) 
E[P_sel(1)] = 0.0072508330
E[P_sel(2)] = 0.0028227457
E[P_sel(3)] = 0.0014893514
E[P_sel(4)] = 0.0009329978
E[P_sel(5)] = 0.0006555408
E[P_sel(6)] = 0.0005119442
E[P_sel(7)] = 0.0004174339
E[P_sel(8)] = 0.0003504850
E[P_sel(9)] = 0.0003029590
E[P_sel(10)] = 0.0002757806
E[P_sel(11)] = 0.0002454010
E[P_sel(12)] = 0.0002360163
E[P_sel(13)] = 0.0002180003
E[P_sel(14)] = 0.0002090358
E[P_sel(15)] = 0.0002114521
E[P_sel(16)] = 0.0002089265
E[P_sel(17)] = 0.0002178876
E[P_sel(18)] = 0.0002308564
E[P_sel(19)] = 0.0002657603

---- Expected D_neut and D_sel (neutral and selected divergence per site) 
E[D_neut] = 0.0198103195
E[D_sel] = 0.0125276338

---- Expected neutral and selected misattributed polymorphism per site
E[mis_neut] = 0.0005843916
E[mis_sel] = 0.0003546495

---- alpha_div = 0.273821
---- alpha_dfe = 0.273766

