---- Running command
---- ./polyDFE -d Mmc/676.polyDFE.config.txt -m C -e 
---- Performing inference using model C

---- Performing inference on Mmc/676.polyDFE.config.txt
---- No mutation variability. Using Poisson likelihood.


---- Calculating initial values

-- Starting local optimization
-- Optimizing all parameters
  it        eps_an        lambda     theta_bar           S_d             b           p_b           S_b           r 2           r 3           r 4           r 5           r 6           r 7           r 8           r 9          r 10          r 11          r 12          r 13          r 14          r 15          r 16          r 17          r 18          r 19          r 20           ln lk          grad status 
   0           0.1 0.01923662513 0.01134906326        -20000         0.208           0.1            20 0.87040734111 0.73766269337 0.64053542854 0.58814548485 0.55673690466 0.53915395192 0.53909823099 0.52857052326 0.55705518288 0.55552462077 0.59739824264 0.62484968054 0.67004418539 0.75348489501 0.86902026504 1.11281086208 1.57949710256             1             1 -1114371.633305 23094.8429283   -2 
 568 0.00206501794 0.01927653708 0.01014295805 -76.863607285 0.12185807422 0.02056936771 7.31445445877 0.86486778555 0.72081937697 0.61863931232 0.55782502171 0.53171381910 0.50764222462 0.49694536422 0.48549640422 0.49795026085 0.48496209836 0.51493625121 0.51391079294 0.52388158591 0.56022989970 0.59170643724 0.64676656412 0.70359806688 0.80301478961 1.04372008749 -282.3140993329 0.09807942221   -8 
-- Local optimization: reached maximum number of likelihood evaluations allowed.
---- Best joint likelihood found -282.314099332928890 with gradient 0.09808

---- Results for Mmc/676.polyDFE.config.txt 
--  Model: C
--        eps_an        lambda     theta_bar             a 
-- 0.00206501794 0.01927653708 0.01014295805            -1 
--           S_d             b           p_b           S_b 
-- -76.863607285 0.12185807422 0.02056936771 7.31445445877 
--           r 2           r 3           r 4           r 5           r 6           r 7           r 8           r 9          r 10          r 11          r 12          r 13          r 14          r 15          r 16          r 17          r 18          r 19          r 20 
-- 0.86486778555 0.72081937697 0.61863931232 0.55782502171 0.53171381910 0.50764222462 0.49694536422 0.48549640422 0.49795026085 0.48496209836 0.51493625121 0.51391079294 0.52388158591 0.56022989970 0.59170643724 0.64676656412 0.70359806688 0.80301478961 1.04372008749 

---- Expected P_neut(i), 0 < i < n (neutral SFS per site) 
E[P_neut(1)] = 0.0101228979
E[P_neut(2)] = 0.0043779201
E[P_neut(3)] = 0.0024328445
E[P_neut(4)] = 0.0015662433
E[P_neut(5)] = 0.0011300447
E[P_neut(6)] = 0.0008977861
E[P_neut(7)] = 0.0007348796
E[P_neut(8)] = 0.0006296597
E[P_neut(9)] = 0.0005469457
E[P_neut(10)] = 0.0005050689
E[P_neut(11)] = 0.0004473837
E[P_neut(12)] = 0.0004356504
E[P_neut(13)] = 0.0004016583
E[P_neut(14)] = 0.0003806230
E[P_neut(15)] = 0.0003803804
E[P_neut(16)] = 0.0003775682
E[P_neut(17)] = 0.0003901255
E[P_neut(18)] = 0.0004047146
E[P_neut(19)] = 0.0004487415

---- Expected P_sel(i), 0 < i < n (selected SFS per site) 
E[P_sel(1)] = 0.0072495653
E[P_sel(2)] = 0.0028326906
E[P_sel(3)] = 0.0014962383
E[P_sel(4)] = 0.0009327544
E[P_sel(5)] = 0.0006577910
E[P_sel(6)] = 0.0005136974
E[P_sel(7)] = 0.0004149218
E[P_sel(8)] = 0.0003518194
E[P_sel(9)] = 0.0003031276
E[P_sel(10)] = 0.0002782000
E[P_sel(11)] = 0.0002453636
E[P_sel(12)] = 0.0002383248
E[P_sel(13)] = 0.0002195863
E[P_sel(14)] = 0.0002083861
E[P_sel(15)] = 0.0002090659
E[P_sel(16)] = 0.0002089816
E[P_sel(17)] = 0.0002183708
E[P_sel(18)] = 0.0002305961
E[P_sel(19)] = 0.0002639565

---- Expected D_neut and D_sel (neutral and selected divergence per site) 
E[D_neut] = 0.0198058575
E[D_sel] = 0.0125106232

---- Expected neutral and selected misattributed polymorphism per site
E[mis_neut] = 0.0005293205
E[mis_sel] = 0.0003182854

---- alpha_div = 0.244108
---- alpha_dfe = 0.243955

