---- Running command
---- ./polyDFE -d Mmc/677.polyDFE.config.txt -m C -e 
---- Performing inference using model C

---- Performing inference on Mmc/677.polyDFE.config.txt
---- No mutation variability. Using Poisson likelihood.


---- Calculating initial values

-- Starting local optimization
-- Optimizing all parameters
  it        eps_an        lambda     theta_bar           S_d             b           p_b           S_b           r 2           r 3           r 4           r 5           r 6           r 7           r 8           r 9          r 10          r 11          r 12          r 13          r 14          r 15          r 16          r 17          r 18          r 19          r 20           ln lk          grad status 
   0           0.1 0.01928466408 0.01136120753        -20000         0.208           0.1            20 0.87064158833 0.73138090159 0.64441911967 0.58360019902 0.56606998262 0.53720876203 0.53706469914 0.52655543899 0.55319979233 0.55749116526 0.58512316665 0.62135957057 0.66223818276 0.75437458234 0.86820925064 1.10091205672 1.57706797305             1             1 -1116785.921043 23168.5000611   -2 
 610 0.00119886065 0.01933908996 0.01015222375 -75.594488811 0.12329255388 0.02122007534 7.20117087974 0.86198464759 0.71852845212 0.62047904242 0.55458440201 0.53345758988 0.50792512994 0.49753197608 0.48080510135 0.49604747597 0.48714194479 0.50393510187 0.51191009672 0.52122961274 0.56100233369 0.59341827349 0.64115460560 0.70821237630 0.81793983626 1.01618293435 -286.0712218527 0.10201868114   -3 
-- Local optimization: stuck in the same solution
---- Best joint likelihood found -286.071221852762392 with gradient 0.10202

---- Results for Mmc/677.polyDFE.config.txt 
--  Model: C
--        eps_an        lambda     theta_bar             a 
-- 0.00119886065 0.01933908996 0.01015222375            -1 
--           S_d             b           p_b           S_b 
-- -75.594488811 0.12329255388 0.02122007534 7.20117087974 
--           r 2           r 3           r 4           r 5           r 6           r 7           r 8           r 9          r 10          r 11          r 12          r 13          r 14          r 15          r 16          r 17          r 18          r 19          r 20 
-- 0.86198464759 0.71852845212 0.62047904242 0.55458440201 0.53345758988 0.50792512994 0.49753197608 0.48080510135 0.49604747597 0.48714194479 0.50393510187 0.51191009672 0.52122961274 0.56100233369 0.59341827349 0.64115460560 0.70821237630 0.81793983626 1.01618293435 

---- Expected P_neut(i), 0 < i < n (neutral SFS per site) 
E[P_neut(1)] = 0.0101405766
E[P_neut(2)] = 0.0043707637
E[P_neut(3)] = 0.0024290978
E[P_neut(4)] = 0.0015733739
E[P_neut(5)] = 0.0011251582
E[P_neut(6)] = 0.0009020011
E[P_neut(7)] = 0.0007362489
E[P_neut(8)] = 0.0006311362
E[P_neut(9)] = 0.0005422489
E[P_neut(10)] = 0.0005035985
E[P_neut(11)] = 0.0004497088
E[P_neut(12)] = 0.0004265843
E[P_neut(13)] = 0.0004001751
E[P_neut(14)] = 0.0003786033
E[P_neut(15)] = 0.0003805895
E[P_neut(16)] = 0.0003779688
E[P_neut(17)] = 0.0003853469
E[P_neut(18)] = 0.0004042074
E[P_neut(19)] = 0.0004486949

---- Expected P_sel(i), 0 < i < n (selected SFS per site) 
E[P_sel(1)] = 0.0072583335
E[P_sel(2)] = 0.0028241701
E[P_sel(3)] = 0.0014911804
E[P_sel(4)] = 0.0009350060
E[P_sel(5)] = 0.0006534301
E[P_sel(6)] = 0.0005148500
E[P_sel(7)] = 0.0004146480
E[P_sel(8)] = 0.0003517409
E[P_sel(9)] = 0.0002997498
E[P_sel(10)] = 0.0002766781
E[P_sel(11)] = 0.0002460144
E[P_sel(12)] = 0.0002327886
E[P_sel(13)] = 0.0002182525
E[P_sel(14)] = 0.0002068056
E[P_sel(15)] = 0.0002087256
E[P_sel(16)] = 0.0002087685
E[P_sel(17)] = 0.0002152484
E[P_sel(18)] = 0.0002297218
E[P_sel(19)] = 0.0002625085

---- Expected D_neut and D_sel (neutral and selected divergence per site) 
E[D_neut] = 0.0198549158
E[D_sel] = 0.0125388661

---- Expected neutral and selected misattributed polymorphism per site
E[mis_neut] = 0.0005158258
E[mis_sel] = 0.0003100079

---- alpha_div = 0.248205
---- alpha_dfe = 0.248015

