---- Running command
---- ./polyDFE -d Mmc/678.polyDFE.config.txt -m C -e 
---- Performing inference using model C

---- Performing inference on Mmc/678.polyDFE.config.txt
---- No mutation variability. Using Poisson likelihood.


---- Calculating initial values

-- Starting local optimization
-- Optimizing all parameters
  it        eps_an        lambda     theta_bar           S_d             b           p_b           S_b           r 2           r 3           r 4           r 5           r 6           r 7           r 8           r 9          r 10          r 11          r 12          r 13          r 14          r 15          r 16          r 17          r 18          r 19          r 20           ln lk          grad status 
   0           0.1 0.01930491215 0.01134556273        -20000         0.208           0.1            20 0.87349885519 0.73200709397 0.64278514998 0.58306282612 0.55998715540 0.54588578691 0.54377375901 0.52995833674 0.54954099721 0.55713878868 0.59747213552 0.63056695116 0.66439254500 0.75226682783 0.86516465181 1.10890647607 1.57201642448             1             1 -1117650.702655 23213.8259907   -2 
 945 0.00130421822 0.01930429647 0.01013187248 -70.139906546 0.13108489779 0.03276932272 5.07533302294 0.86545967476 0.72090052154 0.62070076607 0.55740388353 0.53336714410 0.51222568600 0.49828855951 0.48408011504 0.49243136740 0.48344408921 0.51351854767 0.51957721997 0.52547278353 0.55748832563 0.58692847326 0.64898473311 0.70624170837 0.80896640196 1.12156909423 -275.8077169174 0.03569833504   -3 
-- Local optimization: stuck in the same solution
---- Best joint likelihood found -275.807716917493963 with gradient 0.03570

---- Results for Mmc/678.polyDFE.config.txt 
--  Model: C
--        eps_an        lambda     theta_bar             a 
-- 0.00130421822 0.01930429647 0.01013187248            -1 
--           S_d             b           p_b           S_b 
-- -70.139906546 0.13108489779 0.03276932272 5.07533302294 
--           r 2           r 3           r 4           r 5           r 6           r 7           r 8           r 9          r 10          r 11          r 12          r 13          r 14          r 15          r 16          r 17          r 18          r 19          r 20 
-- 0.86545967476 0.72090052154 0.62070076607 0.55740388353 0.53336714410 0.51222568600 0.49828855951 0.48408011504 0.49243136740 0.48344408921 0.51351854767 0.51957721997 0.52547278353 0.55748832563 0.58692847326 0.64898473311 0.70624170837 0.80896640196 1.12156909423 

---- Expected P_neut(i), 0 < i < n (neutral SFS per site) 
E[P_neut(1)] = 0.0101192209
E[P_neut(2)] = 0.0043791638
E[P_neut(3)] = 0.0024320198
E[P_neut(4)] = 0.0015706495
E[P_neut(5)] = 0.0011285270
E[P_neut(6)] = 0.0008999893
E[P_neut(7)] = 0.0007409620
E[P_neut(8)] = 0.0006308169
E[P_neut(9)] = 0.0005448298
E[P_neut(10)] = 0.0004989252
E[P_neut(11)] = 0.0004454203
E[P_neut(12)] = 0.0004338330
E[P_neut(13)] = 0.0004053842
E[P_neut(14)] = 0.0003809661
E[P_neut(15)] = 0.0003775421
E[P_neut(16)] = 0.0003732336
E[P_neut(17)] = 0.0003894609
E[P_neut(18)] = 0.0004027303
E[P_neut(19)] = 0.0004440381

---- Expected P_sel(i), 0 < i < n (selected SFS per site) 
E[P_sel(1)] = 0.0072419278
E[P_sel(2)] = 0.0028212616
E[P_sel(3)] = 0.0014866211
E[P_sel(4)] = 0.0009289353
E[P_sel(5)] = 0.0006522257
E[P_sel(6)] = 0.0005113573
E[P_sel(7)] = 0.0004156077
E[P_sel(8)] = 0.0003503841
E[P_sel(9)] = 0.0003004360
E[P_sel(10)] = 0.0002737302
E[P_sel(11)] = 0.0002436324
E[P_sel(12)] = 0.0002370412
E[P_sel(13)] = 0.0002217144
E[P_sel(14)] = 0.0002090297
E[P_sel(15)] = 0.0002083463
E[P_sel(16)] = 0.0002077930
E[P_sel(17)] = 0.0002195929
E[P_sel(18)] = 0.0002312168
E[P_sel(19)] = 0.0002621799

---- Expected D_neut and D_sel (neutral and selected divergence per site) 
E[D_neut] = 0.0198724762
E[D_sel] = 0.0125342633

---- Expected neutral and selected misattributed polymorphism per site
E[mis_neut] = 0.0005681798
E[mis_sel] = 0.0003438187

---- alpha_div = 0.276400
---- alpha_dfe = 0.276373

