---- Running command
---- ./polyDFE -d Mmc/679.polyDFE.config.txt -m C -e 
---- Performing inference using model C

---- Performing inference on Mmc/679.polyDFE.config.txt
---- No mutation variability. Using Poisson likelihood.


---- Calculating initial values

-- Starting local optimization
-- Optimizing all parameters
  it        eps_an        lambda     theta_bar           S_d             b           p_b           S_b           r 2           r 3           r 4           r 5           r 6           r 7           r 8           r 9          r 10          r 11          r 12          r 13          r 14          r 15          r 16          r 17          r 18          r 19          r 20           ln lk          grad status 
   0           0.1 0.01926277771 0.01131485144        -20000         0.208           0.1            20 0.87193112541 0.73352317916 0.64948923273 0.58456832470 0.55781759838 0.54196904878 0.53580764468 0.53347922358 0.55204124581 0.56251931493 0.59183128829 0.62666258020 0.67073225293 0.75014394767 0.86253031826 1.10809660001 1.58923327135             1             1 -1114536.717724 23110.9318225   -2 
 666 0.00094433545 0.01931712403 0.01010624247 -70.368958285 0.12720841480 0.02672621993 5.92978879033 0.86372113628 0.72067032031 0.62377966649 0.55814811864 0.52802284263 0.50797825575 0.49855354744 0.48464853810 0.49558783255 0.48977498534 0.51371724961 0.51817924491 0.52850946283 0.56216740761 0.58915804643 0.64927319961 0.71613534733 0.82145238884 1.01864954633 -293.6232462208 0.08901976906   -3 
-- Local optimization: stuck in the same solution
---- Best joint likelihood found -293.623246220871806 with gradient 0.08902

---- Results for Mmc/679.polyDFE.config.txt 
--  Model: C
--        eps_an        lambda     theta_bar             a 
-- 0.00094433545 0.01931712403 0.01010624247            -1 
--           S_d             b           p_b           S_b 
-- -70.368958285 0.12720841480 0.02672621993 5.92978879033 
--           r 2           r 3           r 4           r 5           r 6           r 7           r 8           r 9          r 10          r 11          r 12          r 13          r 14          r 15          r 16          r 17          r 18          r 19          r 20 
-- 0.86372113628 0.72067032031 0.62377966649 0.55814811864 0.52802284263 0.50797825575 0.49855354744 0.48464853810 0.49558783255 0.48977498534 0.51371724961 0.51817924491 0.52850946283 0.56216740761 0.58915804643 0.64927319961 0.71613534733 0.82145238884 1.01864954633 

---- Expected P_neut(i), 0 < i < n (neutral SFS per site) 
E[P_neut(1)] = 0.0100971114
E[P_neut(2)] = 0.0043607458
E[P_neut(3)] = 0.0024258282
E[P_neut(4)] = 0.0015748803
E[P_neut(5)] = 0.0011274484
E[P_neut(6)] = 0.0008889082
E[P_neut(7)] = 0.0007330809
E[P_neut(8)] = 0.0006296267
E[P_neut(9)] = 0.0005441305
E[P_neut(10)] = 0.0005008531
E[P_neut(11)] = 0.0004500694
E[P_neut(12)] = 0.0004328321
E[P_neut(13)] = 0.0004031464
E[P_neut(14)] = 0.0003819971
E[P_neut(15)] = 0.0003794677
E[P_neut(16)] = 0.0003732727
E[P_neut(17)] = 0.0003879112
E[P_neut(18)] = 0.0004058217
E[P_neut(19)] = 0.0004460678

---- Expected P_sel(i), 0 < i < n (selected SFS per site) 
E[P_sel(1)] = 0.0072509292
E[P_sel(2)] = 0.0028235939
E[P_sel(3)] = 0.0014912951
E[P_sel(4)] = 0.0009369611
E[P_sel(5)] = 0.0006554599
E[P_sel(6)] = 0.0005079664
E[P_sel(7)] = 0.0004134332
E[P_sel(8)] = 0.0003514960
E[P_sel(9)] = 0.0003014261
E[P_sel(10)] = 0.0002758903
E[P_sel(11)] = 0.0002470013
E[P_sel(12)] = 0.0002371137
E[P_sel(13)] = 0.0002208886
E[P_sel(14)] = 0.0002097897
E[P_sel(15)] = 0.0002094102
E[P_sel(16)] = 0.0002076228
E[P_sel(17)] = 0.0002183250
E[P_sel(18)] = 0.0002323847
E[P_sel(19)] = 0.0002624148

---- Expected D_neut and D_sel (neutral and selected divergence per site) 
E[D_neut] = 0.0198318600
E[D_sel] = 0.0125306494

---- Expected neutral and selected misattributed polymorphism per site
E[mis_neut] = 0.0005147360
E[mis_sel] = 0.0003110860

---- alpha_div = 0.260179
---- alpha_dfe = 0.259904

