---- Running command
---- ./polyDFE -d Mmc/68.polyDFE.config.txt -m C -e 
---- Performing inference using model C

---- Performing inference on Mmc/68.polyDFE.config.txt
---- No mutation variability. Using Poisson likelihood.


---- Calculating initial values

-- Starting local optimization
-- Optimizing all parameters
  it        eps_an        lambda     theta_bar           S_d             b           p_b           S_b           r 2           r 3           r 4           r 5           r 6           r 7           r 8           r 9          r 10          r 11          r 12          r 13          r 14          r 15          r 16          r 17          r 18          r 19          r 20           ln lk          grad status 
   0           0.1 0.01925831066 0.01134563457        -20000         0.208           0.1            20 0.87884679466 0.73467948831 0.64536173862 0.58517680923 0.56051022567 0.54271233072 0.54596006866 0.52882046803 0.55285024463 0.55584001237 0.59655004877 0.63216515042 0.67142483709 0.76040737840 0.86254131368 1.11110379778 1.58179967869             1             1 -1111676.169825 23105.1451168   -2 
 882 0.00110596657 0.01926222945 0.01013932322 -80.485089071 0.12158964878 0.02095793537 7.37428820476 0.86803673331 0.72295810657 0.62172349909 0.55749960265 0.53280707842 0.50860074852 0.50133812930 0.48497429442 0.49878354211 0.48634596038 0.51205818951 0.52192292767 0.52792352199 0.56376093199 0.58654633622 0.64748524769 0.70584282548 0.82416663717 1.11428826483 -273.0986417200 0.03309034218   -3 
-- Local optimization: stuck in the same solution
---- Best joint likelihood found -273.098641720018350 with gradient 0.03309

---- Results for Mmc/68.polyDFE.config.txt 
--  Model: C
--        eps_an        lambda     theta_bar             a 
-- 0.00110596657 0.01926222945 0.01013932322            -1 
--           S_d             b           p_b           S_b 
-- -80.485089071 0.12158964878 0.02095793537 7.37428820476 
--           r 2           r 3           r 4           r 5           r 6           r 7           r 8           r 9          r 10          r 11          r 12          r 13          r 14          r 15          r 16          r 17          r 18          r 19          r 20 
-- 0.86803673331 0.72295810657 0.62172349909 0.55749960265 0.53280707842 0.50860074852 0.50133812930 0.48497429442 0.49878354211 0.48634596038 0.51205818951 0.52192292767 0.52792352199 0.56376093199 0.58654633622 0.64748524769 0.70584282548 0.82416663717 1.11428826483 

---- Expected P_neut(i), 0 < i < n (neutral SFS per site) 
E[P_neut(1)] = 0.0101285959
E[P_neut(2)] = 0.0043962253
E[P_neut(3)] = 0.0024411601
E[P_neut(4)] = 0.0015746320
E[P_neut(5)] = 0.0011297049
E[P_neut(6)] = 0.0008998109
E[P_neut(7)] = 0.0007363308
E[P_neut(8)] = 0.0006351794
E[P_neut(9)] = 0.0005462594
E[P_neut(10)] = 0.0005057328
E[P_neut(11)] = 0.0004484011
E[P_neut(12)] = 0.0004328845
E[P_neut(13)] = 0.0004074373
E[P_neut(14)] = 0.0003829149
E[P_neut(15)] = 0.0003819058
E[P_neut(16)] = 0.0003730308
E[P_neut(17)] = 0.0003884554
E[P_neut(18)] = 0.0004020255
E[P_neut(19)] = 0.0004505427

---- Expected P_sel(i), 0 < i < n (selected SFS per site) 
E[P_sel(1)] = 0.0072236067
E[P_sel(2)] = 0.0028324978
E[P_sel(3)] = 0.0014951884
E[P_sel(4)] = 0.0009340215
E[P_sel(5)] = 0.0006550588
E[P_sel(6)] = 0.0005129321
E[P_sel(7)] = 0.0004142368
E[P_sel(8)] = 0.0003536624
E[P_sel(9)] = 0.0003017267
E[P_sel(10)] = 0.0002776643
E[P_sel(11)] = 0.0002451620
E[P_sel(12)] = 0.0002361191
E[P_sel(13)] = 0.0002221342
E[P_sel(14)] = 0.0002091077
E[P_sel(15)] = 0.0002094187
E[P_sel(16)] = 0.0002060416
E[P_sel(17)] = 0.0002170212
E[P_sel(18)] = 0.0002285741
E[P_sel(19)] = 0.0002637260

---- Expected D_neut and D_sel (neutral and selected divergence per site) 
E[D_neut] = 0.0198271359
E[D_sel] = 0.0125603353

---- Expected neutral and selected misattributed polymorphism per site
E[mis_neut] = 0.0005649064
E[mis_sel] = 0.0003401355

---- alpha_div = 0.249876
---- alpha_dfe = 0.249747

