---- Running command
---- ./polyDFE -d Mmc/680.polyDFE.config.txt -m C -e 
---- Performing inference using model C

---- Performing inference on Mmc/680.polyDFE.config.txt
---- No mutation variability. Using Poisson likelihood.


---- Calculating initial values

-- Starting local optimization
-- Optimizing all parameters
  it        eps_an        lambda     theta_bar           S_d             b           p_b           S_b           r 2           r 3           r 4           r 5           r 6           r 7           r 8           r 9          r 10          r 11          r 12          r 13          r 14          r 15          r 16          r 17          r 18          r 19          r 20           ln lk          grad status 
   0           0.1 0.01927482809 0.01135599881        -20000         0.208           0.1            20 0.87326617735 0.73705036610 0.64222617014 0.58145050152 0.56349749768 0.53428439024 0.53547378418 0.52367402519 0.55474459136 0.55803629411 0.59096617390 0.62687544235 0.67314473145 0.74908630854 0.87075651834 1.10141134105 1.58694661412             1             1 -1118575.389904 23185.0299372   -2 
 294 0.00359548623 0.01933606739 0.01018234587 -90.033844921 0.11190684037 0.00708552350 18.4479043022 0.86308052222 0.72005859570 0.61459546832 0.55327900443 0.52842490526 0.50207809249 0.49192944160 0.47998467908 0.49315765578 0.48426525875 0.51019249222 0.51354836988 0.52735411708 0.55648985800 0.59266155628 0.63980697087 0.69735838166 0.77242899998 0.99471889744 -299.4466453092 0.34070318445   -3 
-- Local optimization: stuck in the same solution
---- Best joint likelihood found -299.446645309275482 with gradient 0.34070

---- Results for Mmc/680.polyDFE.config.txt 
--  Model: C
--        eps_an        lambda     theta_bar             a 
-- 0.00359548623 0.01933606739 0.01018234587            -1 
--           S_d             b           p_b           S_b 
-- -90.033844921 0.11190684037 0.00708552350 18.4479043022 
--           r 2           r 3           r 4           r 5           r 6           r 7           r 8           r 9          r 10          r 11          r 12          r 13          r 14          r 15          r 16          r 17          r 18          r 19          r 20 
-- 0.86308052222 0.72005859570 0.61459546832 0.55327900443 0.52842490526 0.50207809249 0.49192944160 0.47998467908 0.49315765578 0.48426525875 0.51019249222 0.51354836988 0.52735411708 0.55648985800 0.59266155628 0.63980697087 0.69735838166 0.77242899998 0.99471889744 

---- Expected P_neut(i), 0 < i < n (neutral SFS per site) 
E[P_neut(1)] = 0.0101472238
E[P_neut(2)] = 0.0043797117
E[P_neut(3)] = 0.0024365525
E[P_neut(4)] = 0.0015602368
E[P_neut(5)] = 0.0011240427
E[P_neut(6)] = 0.0008949223
E[P_neut(7)] = 0.0007291536
E[P_neut(8)] = 0.0006254298
E[P_neut(9)] = 0.0005427004
E[P_neut(10)] = 0.0005021502
E[P_neut(11)] = 0.0004486095
E[P_neut(12)] = 0.0004336077
E[P_neut(13)] = 0.0004034202
E[P_neut(14)] = 0.0003853954
E[P_neut(15)] = 0.0003804511
E[P_neut(16)] = 0.0003814369
E[P_neut(17)] = 0.0003906291
E[P_neut(18)] = 0.0004088663
E[P_neut(19)] = 0.0004490768

---- Expected P_sel(i), 0 < i < n (selected SFS per site) 
E[P_sel(1)] = 0.0072442529
E[P_sel(2)] = 0.0028359448
E[P_sel(3)] = 0.0015024319
E[P_sel(4)] = 0.0009322894
E[P_sel(5)] = 0.0006565302
E[P_sel(6)] = 0.0005135943
E[P_sel(7)] = 0.0004125926
E[P_sel(8)] = 0.0003498200
E[P_sel(9)] = 0.0003006392
E[P_sel(10)] = 0.0002759577
E[P_sel(11)] = 0.0002449264
E[P_sel(12)] = 0.0002355166
E[P_sel(13)] = 0.0002183037
E[P_sel(14)] = 0.0002081087
E[P_sel(15)] = 0.0002054090
E[P_sel(16)] = 0.0002064875
E[P_sel(17)] = 0.0002129749
E[P_sel(18)] = 0.0002264903
E[P_sel(19)] = 0.0002596390

---- Expected D_neut and D_sel (neutral and selected divergence per site) 
E[D_neut] = 0.0198424960
E[D_sel] = 0.0125079112

---- Expected neutral and selected misattributed polymorphism per site
E[mis_neut] = 0.0005064286
E[mis_sel] = 0.0002956496

---- alpha_div = 0.207885
---- alpha_dfe = 0.207889

