---- Running command
---- ./polyDFE -d Mmc/681.polyDFE.config.txt -m C -e 
---- Performing inference using model C

---- Performing inference on Mmc/681.polyDFE.config.txt
---- No mutation variability. Using Poisson likelihood.


---- Calculating initial values

-- Starting local optimization
-- Optimizing all parameters
  it        eps_an        lambda     theta_bar           S_d             b           p_b           S_b           r 2           r 3           r 4           r 5           r 6           r 7           r 8           r 9          r 10          r 11          r 12          r 13          r 14          r 15          r 16          r 17          r 18          r 19          r 20           ln lk          grad status 
   0           0.1 0.01928043942 0.01136494936        -20000         0.208           0.1            20 0.87484668121 0.73433869737 0.64333382583 0.58137907248 0.55727631656 0.53447293122 0.53671858720 0.52649577095 0.55015481448 0.55270135161 0.59340141754 0.62344865845 0.66454467632 0.75100668183 0.87012161852 1.11060031220 1.58070055860             1             1 -1116715.305680 23169.7298386   -2 
 427 0.00294253871 0.01933467523 0.01017704569 -91.874566179 0.11328043749 0.01216157054 11.2855689459 0.86504584224 0.71927374904 0.61899517352 0.55349742586 0.52607587277 0.49993763044 0.49384288449 0.48298358709 0.49392450244 0.48099776721 0.50812359520 0.51407792662 0.52074620188 0.55811273291 0.58988307689 0.64775909936 0.69085113902 0.77847563135 1.01103558014 -269.7921179856 0.24088136892   -3 
-- Local optimization: stuck in the same solution
---- Best joint likelihood found -269.792117985620280 with gradient 0.24088

---- Results for Mmc/681.polyDFE.config.txt 
--  Model: C
--        eps_an        lambda     theta_bar             a 
-- 0.00294253871 0.01933467523 0.01017704569            -1 
--           S_d             b           p_b           S_b 
-- -91.874566179 0.11328043749 0.01216157054 11.2855689459 
--           r 2           r 3           r 4           r 5           r 6           r 7           r 8           r 9          r 10          r 11          r 12          r 13          r 14          r 15          r 16          r 17          r 18          r 19          r 20 
-- 0.86504584224 0.71927374904 0.61899517352 0.55349742586 0.52607587277 0.49993763044 0.49384288449 0.48298358709 0.49392450244 0.48099776721 0.50812359520 0.51407792662 0.52074620188 0.55811273291 0.58988307689 0.64775909936 0.69085113902 0.77847563135 1.01103558014 

---- Expected P_neut(i), 0 < i < n (neutral SFS per site) 
E[P_neut(1)] = 0.0101483263
E[P_neut(2)] = 0.0043900024
E[P_neut(3)] = 0.0024339885
E[P_neut(4)] = 0.0015713554
E[P_neut(5)] = 0.0011243929
E[P_neut(6)] = 0.0008908046
E[P_neut(7)] = 0.0007258866
E[P_neut(8)] = 0.0006276521
E[P_neut(9)] = 0.0005458520
E[P_neut(10)] = 0.0005026692
E[P_neut(11)] = 0.0004453100
E[P_neut(12)] = 0.0004315136
E[P_neut(13)] = 0.0004034003
E[P_neut(14)] = 0.0003800588
E[P_neut(15)] = 0.0003808634
E[P_neut(16)] = 0.0003787343
E[P_neut(17)] = 0.0003938196
E[P_neut(18)] = 0.0004024044
E[P_neut(19)] = 0.0004456974

---- Expected P_sel(i), 0 < i < n (selected SFS per site) 
E[P_sel(1)] = 0.0072270071
E[P_sel(2)] = 0.0028350618
E[P_sel(3)] = 0.0014972068
E[P_sel(4)] = 0.0009370135
E[P_sel(5)] = 0.0006557105
E[P_sel(6)] = 0.0005107288
E[P_sel(7)] = 0.0004106152
E[P_sel(8)] = 0.0003512239
E[P_sel(9)] = 0.0003027908
E[P_sel(10)] = 0.0002768940
E[P_sel(11)] = 0.0002439825
E[P_sel(12)] = 0.0002355227
E[P_sel(13)] = 0.0002196987
E[P_sel(14)] = 0.0002069200
E[P_sel(15)] = 0.0002077545
E[P_sel(16)] = 0.0002076158
E[P_sel(17)] = 0.0002179081
E[P_sel(18)] = 0.0002265145
E[P_sel(19)] = 0.0002604091

---- Expected D_neut and D_sel (neutral and selected divergence per site) 
E[D_neut] = 0.0198491430
E[D_sel] = 0.0125234786

---- Expected neutral and selected misattributed polymorphism per site
E[mis_neut] = 0.0005144678
E[mis_sel] = 0.0003055852

---- alpha_div = 0.219735
---- alpha_dfe = 0.219678

