---- Running command
---- ./polyDFE -d Mmc/682.polyDFE.config.txt -m C -e 
---- Performing inference using model C

---- Performing inference on Mmc/682.polyDFE.config.txt
---- No mutation variability. Using Poisson likelihood.


---- Calculating initial values

-- Starting local optimization
-- Optimizing all parameters
  it        eps_an        lambda     theta_bar           S_d             b           p_b           S_b           r 2           r 3           r 4           r 5           r 6           r 7           r 8           r 9          r 10          r 11          r 12          r 13          r 14          r 15          r 16          r 17          r 18          r 19          r 20           ln lk          grad status 
   0           0.1 0.01930566396 0.01134434532        -20000         0.208           0.1            20 0.87452062151 0.73457577516 0.64843384243 0.58713149513 0.56287048656 0.54164653717 0.54275736477 0.53927104972 0.55595752460 0.55535973522 0.59120191622 0.62699129238 0.67027473025 0.76049816125 0.86809709013 1.10914086945 1.58602253323             1             1 -1118379.229196 23198.9292168   -2 
 759 0.00229860605 0.01927892480 0.01013965601 -67.112383383 0.13224001575 0.02997250656 5.54276077545 0.86691623609 0.72287181929 0.62609914410 0.55902057731 0.53399441930 0.50762928390 0.49946560793 0.49391218922 0.49833504101 0.48678192780 0.50875082516 0.51724633952 0.52459572751 0.56109342597 0.58423400916 0.64692628908 0.69795342147 0.78690681476 1.17184590862 -267.7895185180 0.03583800210   -8 
-- Local optimization: reached maximum number of likelihood evaluations allowed.
---- Best joint likelihood found -267.789518518053228 with gradient 0.03584

---- Results for Mmc/682.polyDFE.config.txt 
--  Model: C
--        eps_an        lambda     theta_bar             a 
-- 0.00229860605 0.01927892480 0.01013965601            -1 
--           S_d             b           p_b           S_b 
-- -67.112383383 0.13224001575 0.02997250656 5.54276077545 
--           r 2           r 3           r 4           r 5           r 6           r 7           r 8           r 9          r 10          r 11          r 12          r 13          r 14          r 15          r 16          r 17          r 18          r 19          r 20 
-- 0.86691623609 0.72287181929 0.62609914410 0.55902057731 0.53399441930 0.50762928390 0.49946560793 0.49391218922 0.49833504101 0.48678192780 0.50875082516 0.51724633952 0.52459572751 0.56109342597 0.58423400916 0.64692628908 0.69795342147 0.78690681476 1.17184590862 

---- Expected P_neut(i), 0 < i < n (neutral SFS per site) 
E[P_neut(1)] = 0.0101173142
E[P_neut(2)] = 0.0043859173
E[P_neut(3)] = 0.0024384948
E[P_neut(4)] = 0.0015843104
E[P_neut(5)] = 0.0011319213
E[P_neut(6)] = 0.0009012190
E[P_neut(7)] = 0.0007345495
E[P_neut(8)] = 0.0006325842
E[P_neut(9)] = 0.0005562079
E[P_neut(10)] = 0.0005052946
E[P_neut(11)] = 0.0004489569
E[P_neut(12)] = 0.0004303469
E[P_neut(13)] = 0.0004042013
E[P_neut(14)] = 0.0003811453
E[P_neut(15)] = 0.0003810203
E[P_neut(16)] = 0.0003730428
E[P_neut(17)] = 0.0003905885
E[P_neut(18)] = 0.0004023660
E[P_neut(19)] = 0.0004422873

---- Expected P_sel(i), 0 < i < n (selected SFS per site) 
E[P_sel(1)] = 0.0072526532
E[P_sel(2)] = 0.0028274390
E[P_sel(3)] = 0.0014903292
E[P_sel(4)] = 0.0009362601
E[P_sel(5)] = 0.0006533068
E[P_sel(6)] = 0.0005111210
E[P_sel(7)] = 0.0004110749
E[P_sel(8)] = 0.0003504194
E[P_sel(9)] = 0.0003057599
E[P_sel(10)] = 0.0002762569
E[P_sel(11)] = 0.0002446164
E[P_sel(12)] = 0.0002341413
E[P_sel(13)] = 0.0002200578
E[P_sel(14)] = 0.0002081137
E[P_sel(15)] = 0.0002092025
E[P_sel(16)] = 0.0002066312
E[P_sel(17)] = 0.0002191725
E[P_sel(18)] = 0.0002301749
E[P_sel(19)] = 0.0002614438

---- Expected D_neut and D_sel (neutral and selected divergence per site) 
E[D_neut] = 0.0198730305
E[D_sel] = 0.0125348474

---- Expected neutral and selected misattributed polymorphism per site
E[mis_neut] = 0.0005941057
E[mis_sel] = 0.0003584960

---- alpha_div = 0.274154
---- alpha_dfe = 0.274140

