---- Running command
---- ./polyDFE -d Mmc/683.polyDFE.config.txt -m C -e 
---- Performing inference using model C

---- Performing inference on Mmc/683.polyDFE.config.txt
---- No mutation variability. Using Poisson likelihood.


---- Calculating initial values

-- Starting local optimization
-- Optimizing all parameters
  it        eps_an        lambda     theta_bar           S_d             b           p_b           S_b           r 2           r 3           r 4           r 5           r 6           r 7           r 8           r 9          r 10          r 11          r 12          r 13          r 14          r 15          r 16          r 17          r 18          r 19          r 20           ln lk          grad status 
   0           0.1 0.01927563442 0.01135247839        -20000         0.208           0.1            20 0.87685549659 0.73679055049 0.64657583535 0.58263022695 0.56156696809 0.54753410229 0.53965984384 0.52722160482 0.55514801003 0.55626355297 0.58556790635 0.62713840736 0.67303155716 0.74684507768 0.85713002882 1.12260146396 1.57708815117             1             1 -1116446.701871 23144.6702424   -2 
 536 0.00069281975 0.01929461960 0.01014171969 -74.727025605 0.12559194567 0.02679931833 5.88075760594 0.86789645745 0.72237945928 0.62169741487 0.55741625422 0.53115273921 0.51067920960 0.49833972247 0.48330330235 0.50156585718 0.48673004427 0.50974252004 0.51531496352 0.52864092126 0.55760300154 0.58279172460 0.65955273804 0.70309772011 0.83019293697 1.08870783154 -289.8492895810 0.05955428226   -3 
-- Local optimization: stuck in the same solution
---- Best joint likelihood found -289.849289581004996 with gradient 0.05955

---- Results for Mmc/683.polyDFE.config.txt 
--  Model: C
--        eps_an        lambda     theta_bar             a 
-- 0.00069281975 0.01929461960 0.01014171969            -1 
--           S_d             b           p_b           S_b 
-- -74.727025605 0.12559194567 0.02679931833 5.88075760594 
--           r 2           r 3           r 4           r 5           r 6           r 7           r 8           r 9          r 10          r 11          r 12          r 13          r 14          r 15          r 16          r 17          r 18          r 19          r 20 
-- 0.86789645745 0.72237945928 0.62169741487 0.55741625422 0.53115273921 0.51067920960 0.49833972247 0.48330330235 0.50156585718 0.48673004427 0.50974252004 0.51531496352 0.52864092126 0.55760300154 0.58279172460 0.65955273804 0.70309772011 0.83019293697 1.08870783154 

---- Expected P_neut(i), 0 < i < n (neutral SFS per site) 
E[P_neut(1)] = 0.0101350003
E[P_neut(2)] = 0.0043982067
E[P_neut(3)] = 0.0024406374
E[P_neut(4)] = 0.0015754341
E[P_neut(5)] = 0.0011301098
E[P_neut(6)] = 0.0008974437
E[P_neut(7)] = 0.0007396467
E[P_neut(8)] = 0.0006316135
E[P_neut(9)] = 0.0005445477
E[P_neut(10)] = 0.0005086740
E[P_neut(11)] = 0.0004488191
E[P_neut(12)] = 0.0004309447
E[P_neut(13)] = 0.0004022479
E[P_neut(14)] = 0.0003833087
E[P_neut(15)] = 0.0003775257
E[P_neut(16)] = 0.0003702430
E[P_neut(17)] = 0.0003948898
E[P_neut(18)] = 0.0003989202
E[P_neut(19)] = 0.0004498554

---- Expected P_sel(i), 0 < i < n (selected SFS per site) 
E[P_sel(1)] = 0.0072520088
E[P_sel(2)] = 0.0028395969
E[P_sel(3)] = 0.0014969266
E[P_sel(4)] = 0.0009355137
E[P_sel(5)] = 0.0006559699
E[P_sel(6)] = 0.0005121636
E[P_sel(7)] = 0.0004166694
E[P_sel(8)] = 0.0003522724
E[P_sel(9)] = 0.0003014174
E[P_sel(10)] = 0.0002800118
E[P_sel(11)] = 0.0002461781
E[P_sel(12)] = 0.0002359702
E[P_sel(13)] = 0.0002203105
E[P_sel(14)] = 0.0002104390
E[P_sel(15)] = 0.0002082737
E[P_sel(16)] = 0.0002058700
E[P_sel(17)] = 0.0002221572
E[P_sel(18)] = 0.0002282740
E[P_sel(19)] = 0.0002641485

---- Expected D_neut and D_sel (neutral and selected divergence per site) 
E[D_neut] = 0.0198466881
E[D_sel] = 0.0125238522

---- Expected neutral and selected misattributed polymorphism per site
E[mis_neut] = 0.0005520685
E[mis_sel] = 0.0003333975

---- alpha_div = 0.259194
---- alpha_dfe = 0.258916

