---- Running command
---- ./polyDFE -d Mmc/684.polyDFE.config.txt -m C -e 
---- Performing inference using model C

---- Performing inference on Mmc/684.polyDFE.config.txt
---- No mutation variability. Using Poisson likelihood.


---- Calculating initial values

-- Starting local optimization
-- Optimizing all parameters
  it        eps_an        lambda     theta_bar           S_d             b           p_b           S_b           r 2           r 3           r 4           r 5           r 6           r 7           r 8           r 9          r 10          r 11          r 12          r 13          r 14          r 15          r 16          r 17          r 18          r 19          r 20           ln lk          grad status 
   0           0.1 0.01930937351 0.01133547420        -20000         0.208           0.1            20 0.87610128092 0.73968018741 0.64451638057 0.57975901798 0.55685096579 0.53803121354 0.53647943816 0.53055893125 0.55624258969 0.55793562659 0.59029348885 0.61994353327 0.67177606948 0.75215355272 0.86674619348 1.12215713170 1.58190977661             1             1 -1117538.116065 23199.9696102   -2 
 670 0.00087204669 0.01935055617 0.01012758403 -78.814974188 0.12205198493 0.02147149018 7.04232960589 0.86741852672 0.72271481808 0.62137645108 0.55398578995 0.52847027588 0.50921694894 0.49392095787 0.48613426139 0.49685617857 0.48361607373 0.50990821269 0.51304375892 0.53107621671 0.56278498721 0.59113416750 0.65395220272 0.70990662074 0.82748320604 1.04233846758 -274.6027967839 0.04120735324   -3 
-- Local optimization: stuck in the same solution
---- Best joint likelihood found -274.602796783918166 with gradient 0.04121

---- Results for Mmc/684.polyDFE.config.txt 
--  Model: C
--        eps_an        lambda     theta_bar             a 
-- 0.00087204669 0.01935055617 0.01012758403            -1 
--           S_d             b           p_b           S_b 
-- -78.814974188 0.12205198493 0.02147149018 7.04232960589 
--           r 2           r 3           r 4           r 5           r 6           r 7           r 8           r 9          r 10          r 11          r 12          r 13          r 14          r 15          r 16          r 17          r 18          r 19          r 20 
-- 0.86741852672 0.72271481808 0.62137645108 0.55398578995 0.52847027588 0.50921694894 0.49392095787 0.48613426139 0.49685617857 0.48361607373 0.50990821269 0.51304375892 0.53107621671 0.56278498721 0.59113416750 0.65395220272 0.70990662074 0.82748320604 1.04233846758 

---- Expected P_neut(i), 0 < i < n (neutral SFS per site) 
E[P_neut(1)] = 0.0101191369
E[P_neut(2)] = 0.0043889449
E[P_neut(3)] = 0.0024379971
E[P_neut(4)] = 0.0015722149
E[P_neut(5)] = 0.0011214604
E[P_neut(6)] = 0.0008915783
E[P_neut(7)] = 0.0007364400
E[P_neut(8)] = 0.0006251083
E[P_neut(9)] = 0.0005469519
E[P_neut(10)] = 0.0005031953
E[P_neut(11)] = 0.0004453490
E[P_neut(12)] = 0.0004305148
E[P_neut(13)] = 0.0003999781
E[P_neut(14)] = 0.0003846228
E[P_neut(15)] = 0.0003806240
E[P_neut(16)] = 0.0003752182
E[P_neut(17)] = 0.0003913735
E[P_neut(18)] = 0.0004029065
E[P_neut(19)] = 0.0004495211

---- Expected P_sel(i), 0 < i < n (selected SFS per site) 
E[P_sel(1)] = 0.0072282796
E[P_sel(2)] = 0.0028320422
E[P_sel(3)] = 0.0014953415
E[P_sel(4)] = 0.0009338338
E[P_sel(5)] = 0.0006511203
E[P_sel(6)] = 0.0005088834
E[P_sel(7)] = 0.0004148162
E[P_sel(8)] = 0.0003484856
E[P_sel(9)] = 0.0003024801
E[P_sel(10)] = 0.0002766077
E[P_sel(11)] = 0.0002437865
E[P_sel(12)] = 0.0002351040
E[P_sel(13)] = 0.0002183166
E[P_sel(14)] = 0.0002102652
E[P_sel(15)] = 0.0002089147
E[P_sel(16)] = 0.0002074038
E[P_sel(17)] = 0.0002187326
E[P_sel(18)] = 0.0002289930
E[P_sel(19)] = 0.0002625435

---- Expected D_neut and D_sel (neutral and selected divergence per site) 
E[D_neut] = 0.0198783747
E[D_sel] = 0.0125311191

---- Expected neutral and selected misattributed polymorphism per site
E[mis_neut] = 0.0005278185
E[mis_sel] = 0.0003170504

---- alpha_div = 0.246311
---- alpha_dfe = 0.246123

