---- Running command
---- ./polyDFE -d Mmc/685.polyDFE.config.txt -m C -e 
---- Performing inference using model C

---- Performing inference on Mmc/685.polyDFE.config.txt
---- No mutation variability. Using Poisson likelihood.


---- Calculating initial values

-- Starting local optimization
-- Optimizing all parameters
  it        eps_an        lambda     theta_bar           S_d             b           p_b           S_b           r 2           r 3           r 4           r 5           r 6           r 7           r 8           r 9          r 10          r 11          r 12          r 13          r 14          r 15          r 16          r 17          r 18          r 19          r 20           ln lk          grad status 
   0           0.1 0.01927400749 0.01135498144        -20000         0.208           0.1            20 0.87529151605 0.73552296954 0.64062751586 0.58347724307 0.55695895016 0.54392050140 0.53439640538 0.52970177670 0.55069718242 0.55713753075 0.58892573808 0.62591836549 0.66354916241 0.74826410320 0.86242108450 1.10886455904 1.58220809151             1             1 -1117026.804965 23158.2291767   -2 
 753 0.00145207792 0.01932062636 0.01014795976 -77.628546126 0.12222542290 0.02255087615 6.76254276225 0.86731879867 0.72124288249 0.61767049300 0.55520261515 0.52680912693 0.50860571755 0.49280545385 0.48491626699 0.49326616316 0.48694357491 0.51332712818 0.51800012808 0.52591633613 0.55323797902 0.58814462133 0.64123871722 0.69931271173 0.81616819469 1.03003387734 -278.4672412804 0.05520484381   -3 
-- Local optimization: stuck in the same solution
---- Best joint likelihood found -278.467241280464805 with gradient 0.05520

---- Results for Mmc/685.polyDFE.config.txt 
--  Model: C
--        eps_an        lambda     theta_bar             a 
-- 0.00145207792 0.01932062636 0.01014795976            -1 
--           S_d             b           p_b           S_b 
-- -77.628546126 0.12222542290 0.02255087615 6.76254276225 
--           r 2           r 3           r 4           r 5           r 6           r 7           r 8           r 9          r 10          r 11          r 12          r 13          r 14          r 15          r 16          r 17          r 18          r 19          r 20 
-- 0.86731879867 0.72124288249 0.61767049300 0.55520261515 0.52680912693 0.50860571755 0.49280545385 0.48491626699 0.49326616316 0.48694357491 0.51332712818 0.51800012808 0.52591633613 0.55323797902 0.58814462133 0.64123871722 0.69931271173 0.81616819469 1.03003387734 

---- Expected P_neut(i), 0 < i < n (neutral SFS per site) 
E[P_neut(1)] = 0.0101338571
E[P_neut(2)] = 0.0043949404
E[P_neut(3)] = 0.0024367278
E[P_neut(4)] = 0.0015652901
E[P_neut(5)] = 0.0011257420
E[P_neut(6)] = 0.0008902660
E[P_neut(7)] = 0.0007368465
E[P_neut(8)] = 0.0006248439
E[P_neut(9)] = 0.0005466262
E[P_neut(10)] = 0.0005005645
E[P_neut(11)] = 0.0004493674
E[P_neut(12)] = 0.0004343793
E[P_neut(13)] = 0.0004048408
E[P_neut(14)] = 0.0003819530
E[P_neut(15)] = 0.0003753752
E[P_neut(16)] = 0.0003747630
E[P_neut(17)] = 0.0003857671
E[P_neut(18)] = 0.0004000732
E[P_neut(19)] = 0.0004500206

---- Expected P_sel(i), 0 < i < n (selected SFS per site) 
E[P_sel(1)] = 0.0072515874
E[P_sel(2)] = 0.0028415672
E[P_sel(3)] = 0.0014977131
E[P_sel(4)] = 0.0009317734
E[P_sel(5)] = 0.0006551165
E[P_sel(6)] = 0.0005093636
E[P_sel(7)] = 0.0004160974
E[P_sel(8)] = 0.0003492651
E[P_sel(9)] = 0.0003031458
E[P_sel(10)] = 0.0002759724
E[P_sel(11)] = 0.0002467510
E[P_sel(12)] = 0.0002379939
E[P_sel(13)] = 0.0002217398
E[P_sel(14)] = 0.0002095769
E[P_sel(15)] = 0.0002068427
E[P_sel(16)] = 0.0002080183
E[P_sel(17)] = 0.0002165709
E[P_sel(18)] = 0.0002285324
E[P_sel(19)] = 0.0002646394

---- Expected D_neut and D_sel (neutral and selected divergence per site) 
E[D_neut] = 0.0198432635
E[D_sel] = 0.0125411126

---- Expected neutral and selected misattributed polymorphism per site
E[mis_neut] = 0.0005226371
E[mis_sel] = 0.0003150945

---- alpha_div = 0.248232
---- alpha_dfe = 0.248105

