---- Running command
---- ./polyDFE -d Mmc/686.polyDFE.config.txt -m C -e 
---- Performing inference using model C

---- Performing inference on Mmc/686.polyDFE.config.txt
---- No mutation variability. Using Poisson likelihood.


---- Calculating initial values

-- Starting local optimization
-- Optimizing all parameters
  it        eps_an        lambda     theta_bar           S_d             b           p_b           S_b           r 2           r 3           r 4           r 5           r 6           r 7           r 8           r 9          r 10          r 11          r 12          r 13          r 14          r 15          r 16          r 17          r 18          r 19          r 20           ln lk          grad status 
   0           0.1 0.01927291615 0.01137272417        -20000         0.208           0.1            20 0.87695097973 0.73210635458 0.63938977502 0.58356180818 0.55679321610 0.53606457620 0.53467833190 0.52850211479 0.55549645725 0.55494978876 0.58990321888 0.62777776328 0.66095660564 0.75812554606 0.85667659295 1.10547815612 1.57867435702             1             1 -1116054.060603 23143.9775424   -2 
 909 0.00083475506 0.01930689345 0.01015997404 -82.057048801 0.12027439228 0.01965384199 7.61303472258 0.86658063161 0.71921182006 0.61821733803 0.55287689591 0.52922147728 0.50553280375 0.49312765904 0.47999018032 0.49690839761 0.48919265609 0.51051010497 0.51945521129 0.52140994006 0.56142474792 0.58521378305 0.64601767768 0.70003460793 0.81505811560 1.05537672561 -273.1483613892 0.05632038511   -3 
-- Local optimization: stuck in the same solution
---- Best joint likelihood found -273.148361389234196 with gradient 0.05632

---- Results for Mmc/686.polyDFE.config.txt 
--  Model: C
--        eps_an        lambda     theta_bar             a 
-- 0.00083475506 0.01930689345 0.01015997404            -1 
--           S_d             b           p_b           S_b 
-- -82.057048801 0.12027439228 0.01965384199 7.61303472258 
--           r 2           r 3           r 4           r 5           r 6           r 7           r 8           r 9          r 10          r 11          r 12          r 13          r 14          r 15          r 16          r 17          r 18          r 19          r 20 
-- 0.86658063161 0.71921182006 0.61821733803 0.55287689591 0.52922147728 0.50553280375 0.49312765904 0.47999018032 0.49690839761 0.48919265609 0.51051010497 0.51945521129 0.52140994006 0.56142474792 0.58521378305 0.64601767768 0.70003460793 0.81505811560 1.05537672561 

---- Expected P_neut(i), 0 < i < n (neutral SFS per site) 
E[P_neut(1)] = 0.0101518568
E[P_neut(2)] = 0.0043988734
E[P_neut(3)] = 0.0024340135
E[P_neut(4)] = 0.0015692674
E[P_neut(5)] = 0.0011228226
E[P_neut(6)] = 0.0008957139
E[P_neut(7)] = 0.0007334693
E[P_neut(8)] = 0.0006261086
E[P_neut(9)] = 0.0005417791
E[P_neut(10)] = 0.0005048576
E[P_neut(11)] = 0.0004519101
E[P_neut(12)] = 0.0004323928
E[P_neut(13)] = 0.0004062468
E[P_neut(14)] = 0.0003788259
E[P_neut(15)] = 0.0003808911
E[P_neut(16)] = 0.0003726104
E[P_neut(17)] = 0.0003878005
E[P_neut(18)] = 0.0003984746
E[P_neut(19)] = 0.0004439578

---- Expected P_sel(i), 0 < i < n (selected SFS per site) 
E[P_sel(1)] = 0.0072390344
E[P_sel(2)] = 0.0028354341
E[P_sel(3)] = 0.0014919306
E[P_sel(4)] = 0.0009316898
E[P_sel(5)] = 0.0006517108
E[P_sel(6)] = 0.0005111074
E[P_sel(7)] = 0.0004130256
E[P_sel(8)] = 0.0003489222
E[P_sel(9)] = 0.0002994842
E[P_sel(10)] = 0.0002773566
E[P_sel(11)] = 0.0002471867
E[P_sel(12)] = 0.0002358961
E[P_sel(13)] = 0.0002214636
E[P_sel(14)] = 0.0002067828
E[P_sel(15)] = 0.0002086826
E[P_sel(16)] = 0.0002055289
E[P_sel(17)] = 0.0002162271
E[P_sel(18)] = 0.0002259250
E[P_sel(19)] = 0.0002587811

---- Expected D_neut and D_sel (neutral and selected divergence per site) 
E[D_neut] = 0.0198430235
E[D_sel] = 0.0125194115

---- Expected neutral and selected misattributed polymorphism per site
E[mis_neut] = 0.0005361300
E[mis_sel] = 0.0003216026

---- alpha_div = 0.242583
---- alpha_dfe = 0.242457

