---- Running command
---- ./polyDFE -d Mmc/687.polyDFE.config.txt -m C -e 
---- Performing inference using model C

---- Performing inference on Mmc/687.polyDFE.config.txt
---- No mutation variability. Using Poisson likelihood.


---- Calculating initial values

-- Starting local optimization
-- Optimizing all parameters
  it        eps_an        lambda     theta_bar           S_d             b           p_b           S_b           r 2           r 3           r 4           r 5           r 6           r 7           r 8           r 9          r 10          r 11          r 12          r 13          r 14          r 15          r 16          r 17          r 18          r 19          r 20           ln lk          grad status 
   0           0.1 0.01928394830 0.01137427326        -20000         0.208           0.1            20 0.87084617442 0.73481394135 0.64225461014 0.58498632629 0.55597276137 0.53627805715 0.54108356058 0.52459426714 0.55448762338 0.55284784119 0.58851029051 0.62515539199 0.66739166197 0.75599294037 0.86200305295 1.11188124433 1.57526679179             1             1 -1116026.967586 23172.1216299   -2 
 664 0.00150758528 0.01932593923 0.01016232505 -74.479497368 0.12561350255 0.02275666107 6.91222183872 0.86370593537 0.72071342209 0.61823750543 0.55789336687 0.52703492759 0.50468724738 0.49965975674 0.48177634492 0.49458911315 0.48433528629 0.50517693982 0.51626495914 0.52565614271 0.56069530602 0.58838144333 0.65082316381 0.70138078142 0.80247541809 1.04056138314 -277.4147977246 0.06254948188   -3 
-- Local optimization: stuck in the same solution
---- Best joint likelihood found -277.414797724646633 with gradient 0.06255

---- Results for Mmc/687.polyDFE.config.txt 
--  Model: C
--        eps_an        lambda     theta_bar             a 
-- 0.00150758528 0.01932593923 0.01016232505            -1 
--           S_d             b           p_b           S_b 
-- -74.479497368 0.12561350255 0.02275666107 6.91222183872 
--           r 2           r 3           r 4           r 5           r 6           r 7           r 8           r 9          r 10          r 11          r 12          r 13          r 14          r 15          r 16          r 17          r 18          r 19          r 20 
-- 0.86370593537 0.72071342209 0.61823750543 0.55789336687 0.52703492759 0.50468724738 0.49965975674 0.48177634492 0.49458911315 0.48433528629 0.50517693982 0.51626495914 0.52565614271 0.56069530602 0.58838144333 0.65082316381 0.70138078142 0.80247541809 1.04056138314 

---- Expected P_neut(i), 0 < i < n (neutral SFS per site) 
E[P_neut(1)] = 0.0101476516
E[P_neut(2)] = 0.0043826110
E[P_neut(3)] = 0.0024382806
E[P_neut(4)] = 0.0015688781
E[P_neut(5)] = 0.0011327620
E[P_neut(6)] = 0.0008918795
E[P_neut(7)] = 0.0007321890
E[P_neut(8)] = 0.0006344012
E[P_neut(9)] = 0.0005438509
E[P_neut(10)] = 0.0005026175
E[P_neut(11)] = 0.0004475976
E[P_neut(12)] = 0.0004281263
E[P_neut(13)] = 0.0004040694
E[P_neut(14)] = 0.0003823340
E[P_neut(15)] = 0.0003810013
E[P_neut(16)] = 0.0003755123
E[P_neut(17)] = 0.0003921456
E[P_neut(18)] = 0.0004020003
E[P_neut(19)] = 0.0004438849

---- Expected P_sel(i), 0 < i < n (selected SFS per site) 
E[P_sel(1)] = 0.0072499850
E[P_sel(2)] = 0.0028227880
E[P_sel(3)] = 0.0014909991
E[P_sel(4)] = 0.0009283383
E[P_sel(5)] = 0.0006548704
E[P_sel(6)] = 0.0005067023
E[P_sel(7)] = 0.0004104184
E[P_sel(8)] = 0.0003518971
E[P_sel(9)] = 0.0002992397
E[P_sel(10)] = 0.0002748891
E[P_sel(11)] = 0.0002437920
E[P_sel(12)] = 0.0002326635
E[P_sel(13)] = 0.0002195263
E[P_sel(14)] = 0.0002081099
E[P_sel(15)] = 0.0002083058
E[P_sel(16)] = 0.0002068761
E[P_sel(17)] = 0.0002186131
E[P_sel(18)] = 0.0002282109
E[P_sel(19)] = 0.0002598336

---- Expected D_neut and D_sel (neutral and selected divergence per site) 
E[D_neut] = 0.0198546654
E[D_sel] = 0.0125329678

---- Expected neutral and selected misattributed polymorphism per site
E[mis_neut] = 0.0005287262
E[mis_sel] = 0.0003176024

---- alpha_div = 0.256085
---- alpha_dfe = 0.255918

