---- Running command
---- ./polyDFE -d Mmc/688.polyDFE.config.txt -m C -e 
---- Performing inference using model C

---- Performing inference on Mmc/688.polyDFE.config.txt
---- No mutation variability. Using Poisson likelihood.


---- Calculating initial values

-- Starting local optimization
-- Optimizing all parameters
  it        eps_an        lambda     theta_bar           S_d             b           p_b           S_b           r 2           r 3           r 4           r 5           r 6           r 7           r 8           r 9          r 10          r 11          r 12          r 13          r 14          r 15          r 16          r 17          r 18          r 19          r 20           ln lk          grad status 
   0           0.1 0.01925538529 0.01136630714        -20000         0.208           0.1            20 0.87070392395 0.73541312404 0.63966113785 0.58688678079 0.55692584713 0.54170113703 0.54123901450 0.52710909874 0.55549577044 0.55296587776 0.58862870965 0.61815223621 0.65917912753 0.75453945423 0.86686662984 1.10543544835 1.56356211352             1             1 -1110851.223212 23064.6567173   -2 
 849 0.00094838712 0.01928566086 0.01014743260 -80.416501361 0.12265356174 0.02686854502 5.82432304461 0.86442912817 0.72126863354 0.61914696159 0.55905756914 0.52772317189 0.51009177401 0.49725437990 0.48379092974 0.49782088399 0.48246223803 0.51071064551 0.50779152875 0.51689434310 0.56095575495 0.59340262222 0.64311177677 0.69970428077 0.82696878873 1.06466109237 -283.6217570588 0.03771010377   -3 
-- Local optimization: stuck in the same solution
---- Best joint likelihood found -283.621757058877847 with gradient 0.03771

---- Results for Mmc/688.polyDFE.config.txt 
--  Model: C
--        eps_an        lambda     theta_bar             a 
-- 0.00094838712 0.01928566086 0.01014743260            -1 
--           S_d             b           p_b           S_b 
-- -80.416501361 0.12265356174 0.02686854502 5.82432304461 
--           r 2           r 3           r 4           r 5           r 6           r 7           r 8           r 9          r 10          r 11          r 12          r 13          r 14          r 15          r 16          r 17          r 18          r 19          r 20 
-- 0.86442912817 0.72126863354 0.61914696159 0.55905756914 0.52772317189 0.51009177401 0.49725437990 0.48379092974 0.49782088399 0.48246223803 0.51071064551 0.50779152875 0.51689434310 0.56095575495 0.59340262222 0.64311177677 0.69970428077 0.82696878873 1.06466109237 

---- Expected P_neut(i), 0 < i < n (neutral SFS per site) 
E[P_neut(1)] = 0.0101382278
E[P_neut(2)] = 0.0043820828
E[P_neut(3)] = 0.0024377253
E[P_neut(4)] = 0.0015695553
E[P_neut(5)] = 0.0011338837
E[P_neut(6)] = 0.0008920148
E[P_neut(7)] = 0.0007391206
E[P_neut(8)] = 0.0006305433
E[P_neut(9)] = 0.0005453754
E[P_neut(10)] = 0.0005051604
E[P_neut(11)] = 0.0004451637
E[P_neut(12)] = 0.0004320554
E[P_neut(13)] = 0.0003966931
E[P_neut(14)] = 0.0003751447
E[P_neut(15)] = 0.0003802002
E[P_neut(16)] = 0.0003774773
E[P_neut(17)] = 0.0003858281
E[P_neut(18)] = 0.0003982411
E[P_neut(19)] = 0.0004508685

---- Expected P_sel(i), 0 < i < n (selected SFS per site) 
E[P_sel(1)] = 0.0072365066
E[P_sel(2)] = 0.0028269425
E[P_sel(3)] = 0.0014956330
E[P_sel(4)] = 0.0009330457
E[P_sel(5)] = 0.0006592577
E[P_sel(6)] = 0.0005101413
E[P_sel(7)] = 0.0004174040
E[P_sel(8)] = 0.0003526521
E[P_sel(9)] = 0.0003027908
E[P_sel(10)] = 0.0002789805
E[P_sel(11)] = 0.0002450105
E[P_sel(12)] = 0.0002374257
E[P_sel(13)] = 0.0002180731
E[P_sel(14)] = 0.0002067394
E[P_sel(15)] = 0.0002105585
E[P_sel(16)] = 0.0002107075
E[P_sel(17)] = 0.0002179060
E[P_sel(18)] = 0.0002287822
E[P_sel(19)] = 0.0002659253

---- Expected D_neut and D_sel (neutral and selected divergence per site) 
E[D_neut] = 0.0198258397
E[D_sel] = 0.0125388927

---- Expected neutral and selected misattributed polymorphism per site
E[mis_neut] = 0.0005401788
E[mis_sel] = 0.0003271728

---- alpha_div = 0.256869
---- alpha_dfe = 0.256690

