---- Running command
---- ./polyDFE -d Mmc/689.polyDFE.config.txt -m C -e 
---- Performing inference using model C

---- Performing inference on Mmc/689.polyDFE.config.txt
---- No mutation variability. Using Poisson likelihood.


---- Calculating initial values

-- Starting local optimization
-- Optimizing all parameters
  it        eps_an        lambda     theta_bar           S_d             b           p_b           S_b           r 2           r 3           r 4           r 5           r 6           r 7           r 8           r 9          r 10          r 11          r 12          r 13          r 14          r 15          r 16          r 17          r 18          r 19          r 20           ln lk          grad status 
   0           0.1 0.01929716875 0.01133180563        -20000         0.208           0.1            20 0.87863219418 0.73983984147 0.64566493051 0.57893114543 0.56442196070 0.54037282674 0.53908535719 0.52943880023 0.55221193649 0.55315192567 0.59541656622 0.62087368912 0.66974231968 0.74340511218 0.85964338589 1.12004539850 1.58186286059             1             1 -1119175.103658 23178.2383957   -2 
1769 0.00083942056 0.01929583208 0.01012096784 -69.668671555 0.12839184561 0.02674728608 5.97995406469 0.87110832661 0.72241359969 0.62282144731 0.55551643446 0.53260389902 0.50885185396 0.49717009666 0.48746596049 0.49605299123 0.48267729632 0.51474546969 0.51502811495 0.52421723553 0.55420840828 0.58007029321 0.65321310977 0.70295241613 0.81574607990 1.12507203713 -267.3592974146 0.01628917450   -3 
-- Local optimization: stuck in the same solution
---- Best joint likelihood found -267.359297414644971 with gradient 0.01629

---- Results for Mmc/689.polyDFE.config.txt 
--  Model: C
--        eps_an        lambda     theta_bar             a 
-- 0.00083942056 0.01929583208 0.01012096784            -1 
--           S_d             b           p_b           S_b 
-- -69.668671555 0.12839184561 0.02674728608 5.97995406469 
--           r 2           r 3           r 4           r 5           r 6           r 7           r 8           r 9          r 10          r 11          r 12          r 13          r 14          r 15          r 16          r 17          r 18          r 19          r 20 
-- 0.87110832661 0.72241359969 0.62282144731 0.55551643446 0.53260389902 0.50885185396 0.49717009666 0.48746596049 0.49605299123 0.48267729632 0.51474546969 0.51502811495 0.52421723553 0.55420840828 0.58007029321 0.65321310977 0.70295241613 0.81574607990 1.12507203713 

---- Expected P_neut(i), 0 < i < n (neutral SFS per site) 
E[P_neut(1)] = 0.0101128369
E[P_neut(2)] = 0.0044048611
E[P_neut(3)] = 0.0024354556
E[P_neut(4)] = 0.0015748741
E[P_neut(5)] = 0.0011238428
E[P_neut(6)] = 0.0008979751
E[P_neut(7)] = 0.0007354437
E[P_neut(8)] = 0.0006288168
E[P_neut(9)] = 0.0005480934
E[P_neut(10)] = 0.0005020536
E[P_neut(11)] = 0.0004441929
E[P_neut(12)] = 0.0004343071
E[P_neut(13)] = 0.0004012489
E[P_neut(14)] = 0.0003794064
E[P_neut(15)] = 0.0003745717
E[P_neut(16)] = 0.0003679444
E[P_neut(17)] = 0.0003906105
E[P_neut(18)] = 0.0003986218
E[P_neut(19)] = 0.0004426647

---- Expected P_sel(i), 0 < i < n (selected SFS per site) 
E[P_sel(1)] = 0.0072555794
E[P_sel(2)] = 0.0028472675
E[P_sel(3)] = 0.0014939580
E[P_sel(4)] = 0.0009346400
E[P_sel(5)] = 0.0006516081
E[P_sel(6)] = 0.0005116864
E[P_sel(7)] = 0.0004135332
E[P_sel(8)] = 0.0003499668
E[P_sel(9)] = 0.0003026673
E[P_sel(10)] = 0.0002756678
E[P_sel(11)] = 0.0002429886
E[P_sel(12)] = 0.0002371490
E[P_sel(13)] = 0.0002191361
E[P_sel(14)] = 0.0002076974
E[P_sel(15)] = 0.0002060560
E[P_sel(16)] = 0.0002040321
E[P_sel(17)] = 0.0002191985
E[P_sel(18)] = 0.0002276356
E[P_sel(19)] = 0.0002597028

---- Expected D_neut and D_sel (neutral and selected divergence per site) 
E[D_neut] = 0.0198651730
E[D_sel] = 0.0125377391

---- Expected neutral and selected misattributed polymorphism per site
E[mis_neut] = 0.0005693409
E[mis_sel] = 0.0003434794

---- alpha_div = 0.262538
---- alpha_dfe = 0.262422

