---- Running command
---- ./polyDFE -d Mmc/69.polyDFE.config.txt -m C -e 
---- Performing inference using model C

---- Performing inference on Mmc/69.polyDFE.config.txt
---- No mutation variability. Using Poisson likelihood.


---- Calculating initial values

-- Starting local optimization
-- Optimizing all parameters
  it        eps_an        lambda     theta_bar           S_d             b           p_b           S_b           r 2           r 3           r 4           r 5           r 6           r 7           r 8           r 9          r 10          r 11          r 12          r 13          r 14          r 15          r 16          r 17          r 18          r 19          r 20           ln lk          grad status 
   0           0.1 0.01927102423 0.01133933168        -20000         0.208           0.1            20 0.87198144512 0.73784763250 0.64530342996 0.58370772423 0.56391978009 0.53725648424 0.53364501915 0.53083990111 0.55508396715 0.55438991942 0.59102747634 0.62167725240 0.66574557836 0.75910082946 0.86426510280 1.10935781233 1.57671442933             1             1 -1117343.537989 23141.5106919   -2 
1193 0.00075177406 0.01926837207 0.01012511768 -70.777574258 0.12800446163 0.02875419178 5.53967102389 0.86467762963 0.72202412940 0.62172176075 0.55959208022 0.53243125592 0.50849021895 0.49364052162 0.48678358227 0.49861234051 0.48022822462 0.50921984554 0.51441178327 0.52425117868 0.56269186921 0.58945928745 0.64941435758 0.70495874080 0.82692610709 1.12774699938 -274.2103528340 0.01668840111   -3 
-- Local optimization: stuck in the same solution
---- Best joint likelihood found -274.210352834066725 with gradient 0.01669

---- Results for Mmc/69.polyDFE.config.txt 
--  Model: C
--        eps_an        lambda     theta_bar             a 
-- 0.00075177406 0.01926837207 0.01012511768            -1 
--           S_d             b           p_b           S_b 
-- -70.777574258 0.12800446163 0.02875419178 5.53967102389 
--           r 2           r 3           r 4           r 5           r 6           r 7           r 8           r 9          r 10          r 11          r 12          r 13          r 14          r 15          r 16          r 17          r 18          r 19          r 20 
-- 0.86467762963 0.72202412940 0.62172176075 0.55959208022 0.53243125592 0.50849021895 0.49364052162 0.48678358227 0.49861234051 0.48022822462 0.50921984554 0.51441178327 0.52425117868 0.56269186921 0.58945928745 0.64941435758 0.70495874080 0.82692610709 1.12774699938 

---- Expected P_neut(i), 0 < i < n (neutral SFS per site) 
E[P_neut(1)] = 0.0101178372
E[P_neut(2)] = 0.0043744886
E[P_neut(3)] = 0.0024353186
E[P_neut(4)] = 0.0015728488
E[P_neut(5)] = 0.0011326208
E[P_neut(6)] = 0.0008980978
E[P_neut(7)] = 0.0007352516
E[P_neut(8)] = 0.0006246244
E[P_neut(9)] = 0.0005475585
E[P_neut(10)] = 0.0005048509
E[P_neut(11)] = 0.0004421128
E[P_neut(12)] = 0.0004298059
E[P_neut(13)] = 0.0004009040
E[P_neut(14)] = 0.0003795408
E[P_neut(15)] = 0.0003803878
E[P_neut(16)] = 0.0003739242
E[P_neut(17)] = 0.0003883292
E[P_neut(18)] = 0.0003995367
E[P_neut(19)] = 0.0004479502

---- Expected P_sel(i), 0 < i < n (selected SFS per site) 
E[P_sel(1)] = 0.0072580889
E[P_sel(2)] = 0.0028288204
E[P_sel(3)] = 0.0014951419
E[P_sel(4)] = 0.0009345533
E[P_sel(5)] = 0.0006576816
E[P_sel(6)] = 0.0005126664
E[P_sel(7)] = 0.0004142711
E[P_sel(8)] = 0.0003484356
E[P_sel(9)] = 0.0003031475
E[P_sel(10)] = 0.0002779855
E[P_sel(11)] = 0.0002425939
E[P_sel(12)] = 0.0002354704
E[P_sel(13)] = 0.0002197257
E[P_sel(14)] = 0.0002085523
E[P_sel(15)] = 0.0002100757
E[P_sel(16)] = 0.0002081747
E[P_sel(17)] = 0.0002187686
E[P_sel(18)] = 0.0002289496
E[P_sel(19)] = 0.0002633772

---- Expected D_neut and D_sel (neutral and selected divergence per site) 
E[D_neut] = 0.0198393006
E[D_sel] = 0.0125051923

---- Expected neutral and selected misattributed polymorphism per site
E[mis_neut] = 0.0005709286
E[mis_sel] = 0.0003449332

---- alpha_div = 0.263174
---- alpha_dfe = 0.263065

