---- Running command
---- ./polyDFE -d Mmc/690.polyDFE.config.txt -m C -e 
---- Performing inference using model C

---- Performing inference on Mmc/690.polyDFE.config.txt
---- No mutation variability. Using Poisson likelihood.


---- Calculating initial values

-- Starting local optimization
-- Optimizing all parameters
  it        eps_an        lambda     theta_bar           S_d             b           p_b           S_b           r 2           r 3           r 4           r 5           r 6           r 7           r 8           r 9          r 10          r 11          r 12          r 13          r 14          r 15          r 16          r 17          r 18          r 19          r 20           ln lk          grad status 
   0           0.1 0.01928889034 0.01134098852        -20000         0.208           0.1            20 0.87254960913 0.73514219341 0.64319308701 0.58178422971 0.55627425585 0.54277301538 0.54048371491 0.52795413725 0.54869702985 0.55134690088 0.59748148331 0.62818952439 0.66203384224 0.75863304600 0.86037105077 1.10607146795 1.56991506025             1             1 -1118223.600484 23197.7914107   -2 
 337 0.00294190488 0.01924042656 0.01014593255 -80.303714993 0.12008328158 0.01991940658 7.43520187098 0.86381301894 0.72173021758 0.62013253049 0.55756222647 0.52556771198 0.50967307708 0.49696643825 0.48327954560 0.49448747141 0.48077912693 0.51403167962 0.51517302290 0.52254075699 0.55618585786 0.58181934318 0.63794651381 0.69117757989 0.77879270379 1.21675476188 -285.3698290973 0.26021127565   -8 
-- Local optimization: reached maximum number of likelihood evaluations allowed.
---- Best joint likelihood found -285.369829097384354 with gradient 0.26021

---- Results for Mmc/690.polyDFE.config.txt 
--  Model: C
--        eps_an        lambda     theta_bar             a 
-- 0.00294190488 0.01924042656 0.01014593255            -1 
--           S_d             b           p_b           S_b 
-- -80.303714993 0.12008328158 0.01991940658 7.43520187098 
--           r 2           r 3           r 4           r 5           r 6           r 7           r 8           r 9          r 10          r 11          r 12          r 13          r 14          r 15          r 16          r 17          r 18          r 19          r 20 
-- 0.86381301894 0.72173021758 0.62013253049 0.55756222647 0.52556771198 0.50967307708 0.49696643825 0.48327954560 0.49448747141 0.48077912693 0.51403167962 0.51517302290 0.52254075699 0.55618585786 0.58181934318 0.63794651381 0.69117757989 0.77879270379 1.21675476188 

---- Expected P_neut(i), 0 < i < n (neutral SFS per site) 
E[P_neut(1)] = 0.0101173076
E[P_neut(2)] = 0.0043703488
E[P_neut(3)] = 0.0024348146
E[P_neut(4)] = 0.0015694136
E[P_neut(5)] = 0.0011291760
E[P_neut(6)] = 0.0008872286
E[P_neut(7)] = 0.0007377394
E[P_neut(8)] = 0.0006296979
E[P_neut(9)] = 0.0005445153
E[P_neut(10)] = 0.0005017037
E[P_neut(11)] = 0.0004437484
E[P_neut(12)] = 0.0004351865
E[P_neut(13)] = 0.0004030605
E[P_neut(14)] = 0.0003801907
E[P_neut(15)] = 0.0003784233
E[P_neut(16)] = 0.0003724858
E[P_neut(17)] = 0.0003867997
E[P_neut(18)] = 0.0004013367
E[P_neut(19)] = 0.0004444975

---- Expected P_sel(i), 0 < i < n (selected SFS per site) 
E[P_sel(1)] = 0.0072339528
E[P_sel(2)] = 0.0028257810
E[P_sel(3)] = 0.0014972539
E[P_sel(4)] = 0.0009348699
E[P_sel(5)] = 0.0006576134
E[P_sel(6)] = 0.0005080018
E[P_sel(7)] = 0.0004168734
E[P_sel(8)] = 0.0003521561
E[P_sel(9)] = 0.0003020676
E[P_sel(10)] = 0.0002766160
E[P_sel(11)] = 0.0002436069
E[P_sel(12)] = 0.0002382965
E[P_sel(13)] = 0.0002205507
E[P_sel(14)] = 0.0002083216
E[P_sel(15)] = 0.0002081460
E[P_sel(16)] = 0.0002063128
E[P_sel(17)] = 0.0002166699
E[P_sel(18)] = 0.0002289572
E[P_sel(19)] = 0.0002625700

---- Expected D_neut and D_sel (neutral and selected divergence per site) 
E[D_neut] = 0.0198576822
E[D_sel] = 0.0125299101

---- Expected neutral and selected misattributed polymorphism per site
E[mis_neut] = 0.0006172556
E[mis_sel] = 0.0003709104

---- alpha_div = 0.240338
---- alpha_dfe = 0.240176

