---- Running command
---- ./polyDFE -d Mmc/691.polyDFE.config.txt -m C -e 
---- Performing inference using model C

---- Performing inference on Mmc/691.polyDFE.config.txt
---- No mutation variability. Using Poisson likelihood.


---- Calculating initial values

-- Starting local optimization
-- Optimizing all parameters
  it        eps_an        lambda     theta_bar           S_d             b           p_b           S_b           r 2           r 3           r 4           r 5           r 6           r 7           r 8           r 9          r 10          r 11          r 12          r 13          r 14          r 15          r 16          r 17          r 18          r 19          r 20           ln lk          grad status 
   0           0.1 0.01930002439 0.01137278295        -20000         0.208           0.1            20 0.87139827127 0.73566627724 0.64163768252 0.57330158428 0.56020656935 0.53762470429 0.53537333506 0.53024024713 0.54809436737 0.55282764942 0.59243314549 0.62252163096 0.67761432677 0.74397000649 0.85578927940 1.10105548620 1.58875569338             1             1 -1117101.114298 23180.5860676   -2 
1284 0.00065644119 0.01930319521 0.01015971676 -86.847713761 0.11701555244 0.01781915756 8.10860676794 0.86167507643 0.71835335197 0.62131388118 0.54952804665 0.52798367549 0.50706084015 0.49434400663 0.48582560854 0.49216440055 0.48383444457 0.51070053980 0.51351516558 0.52896580014 0.55402147934 0.58539616529 0.64009276477 0.71945696231 0.82284787574 1.11516524791 -266.8004953451 0.01725130751   -3 
-- Local optimization: stuck in the same solution
---- Best joint likelihood found -266.800495345174568 with gradient 0.01725

---- Results for Mmc/691.polyDFE.config.txt 
--  Model: C
--        eps_an        lambda     theta_bar             a 
-- 0.00065644119 0.01930319521 0.01015971676            -1 
--           S_d             b           p_b           S_b 
-- -86.847713761 0.11701555244 0.01781915756 8.10860676794 
--           r 2           r 3           r 4           r 5           r 6           r 7           r 8           r 9          r 10          r 11          r 12          r 13          r 14          r 15          r 16          r 17          r 18          r 19          r 20 
-- 0.86167507643 0.71835335197 0.62131388118 0.54952804665 0.52798367549 0.50706084015 0.49434400663 0.48582560854 0.49216440055 0.48383444457 0.51070053980 0.51351516558 0.52896580014 0.55402147934 0.58539616529 0.64009276477 0.71945696231 0.82284787574 1.11516524791 

---- Expected P_neut(i), 0 < i < n (neutral SFS per site) 
E[P_neut(1)] = 0.0101533363
E[P_neut(2)] = 0.0043745806
E[P_neut(3)] = 0.0024314097
E[P_neut(4)] = 0.0015773013
E[P_neut(5)] = 0.0011161232
E[P_neut(6)] = 0.0008936925
E[P_neut(7)] = 0.0007357224
E[P_neut(8)] = 0.0006276711
E[P_neut(9)] = 0.0005483612
E[P_neut(10)] = 0.0005000251
E[P_neut(11)] = 0.0004469413
E[P_neut(12)] = 0.0004325094
E[P_neut(13)] = 0.0004015403
E[P_neut(14)] = 0.0003842022
E[P_neut(15)] = 0.0003757334
E[P_neut(16)] = 0.0003725081
E[P_neut(17)] = 0.0003838847
E[P_neut(18)] = 0.0004086890
E[P_neut(19)] = 0.0004463752

---- Expected P_sel(i), 0 < i < n (selected SFS per site) 
E[P_sel(1)] = 0.0072368382
E[P_sel(2)] = 0.0028235329
E[P_sel(3)] = 0.0014938448
E[P_sel(4)] = 0.0009392437
E[P_sel(5)] = 0.0006500024
E[P_sel(6)] = 0.0005117951
E[P_sel(7)] = 0.0004158480
E[P_sel(8)] = 0.0003511236
E[P_sel(9)] = 0.0003042695
E[P_sel(10)] = 0.0002757161
E[P_sel(11)] = 0.0002453329
E[P_sel(12)] = 0.0002367398
E[P_sel(13)] = 0.0002195557
E[P_sel(14)] = 0.0002102671
E[P_sel(15)] = 0.0002063004
E[P_sel(16)] = 0.0002057997
E[P_sel(17)] = 0.0002142438
E[P_sel(18)] = 0.0002317445
E[P_sel(19)] = 0.0002599630

---- Expected D_neut and D_sel (neutral and selected divergence per site) 
E[D_neut] = 0.0198696834
E[D_sel] = 0.0125331724

---- Expected neutral and selected misattributed polymorphism per site
E[mis_neut] = 0.0005664882
E[mis_sel] = 0.0003396141

---- alpha_div = 0.233662
---- alpha_dfe = 0.233574

