---- Running command
---- ./polyDFE -d Mmc/692.polyDFE.config.txt -m C -e 
---- Performing inference using model C

---- Performing inference on Mmc/692.polyDFE.config.txt
---- No mutation variability. Using Poisson likelihood.


---- Calculating initial values

-- Starting local optimization
-- Optimizing all parameters
  it        eps_an        lambda     theta_bar           S_d             b           p_b           S_b           r 2           r 3           r 4           r 5           r 6           r 7           r 8           r 9          r 10          r 11          r 12          r 13          r 14          r 15          r 16          r 17          r 18          r 19          r 20           ln lk          grad status 
   0           0.1 0.01929888833 0.01135334664        -20000         0.208           0.1            20 0.86999175916 0.73717351722 0.64079424072 0.58639773785 0.56372976264 0.53576381028 0.53773253261 0.52906188359 0.55453850788 0.55693369454 0.59827466059 0.62944788769 0.66934146146 0.75830145486 0.85781023269 1.08919742224 1.57976327317             1             1 -1117112.038935 23166.7509011   -2 
 387 0.00441451872 0.01935437620 0.01019213896 -106.86938364 0.10460086680 0.00403896233 29.7761967742 0.86004930839 0.71763079693 0.61267936809 0.55478375994 0.52889122762 0.50143299672 0.49317962900 0.47939854803 0.49351185164 0.48446054061 0.51486687569 0.51454795193 0.52585832931 0.56009504073 0.58458304149 0.62557955884 0.69466280681 0.75681062366 1.00098453334 -315.9338753300 1.16015725083   -3 
-- Local optimization: stuck in the same solution
---- Best joint likelihood found -315.933875330039882 with gradient 1.16016

---- Results for Mmc/692.polyDFE.config.txt 
--  Model: C
--        eps_an        lambda     theta_bar             a 
-- 0.00441451872 0.01935437620 0.01019213896            -1 
--           S_d             b           p_b           S_b 
-- -106.86938364 0.10460086680 0.00403896233 29.7761967742 
--           r 2           r 3           r 4           r 5           r 6           r 7           r 8           r 9          r 10          r 11          r 12          r 13          r 14          r 15          r 16          r 17          r 18          r 19          r 20 
-- 0.86004930839 0.71763079693 0.61267936809 0.55478375994 0.52889122762 0.50143299672 0.49317962900 0.47939854803 0.49351185164 0.48446054061 0.51486687569 0.51454795193 0.52585832931 0.56009504073 0.58458304149 0.62557955884 0.69466280681 0.75681062366 1.00098453334 

---- Expected P_neut(i), 0 < i < n (neutral SFS per site) 
E[P_neut(1)] = 0.0101489378
E[P_neut(2)] = 0.0043652592
E[P_neut(3)] = 0.0024289571
E[P_neut(4)] = 0.0015558806
E[P_neut(5)] = 0.0011275744
E[P_neut(6)] = 0.0008961461
E[P_neut(7)] = 0.0007286542
E[P_neut(8)] = 0.0006274762
E[P_neut(9)] = 0.0005424846
E[P_neut(10)] = 0.0005029941
E[P_neut(11)] = 0.0004492959
E[P_neut(12)] = 0.0004381428
E[P_neut(13)] = 0.0004048533
E[P_neut(14)] = 0.0003851062
E[P_neut(15)] = 0.0003838834
E[P_neut(16)] = 0.0003776322
E[P_neut(17)] = 0.0003841656
E[P_neut(18)] = 0.0004109507
E[P_neut(19)] = 0.0004491759

---- Expected P_sel(i), 0 < i < n (selected SFS per site) 
E[P_sel(1)] = 0.0072282027
E[P_sel(2)] = 0.0028323479
E[P_sel(3)] = 0.0015046042
E[P_sel(4)] = 0.0009353913
E[P_sel(5)] = 0.0006633040
E[P_sel(6)] = 0.0005183196
E[P_sel(7)] = 0.0004157033
E[P_sel(8)] = 0.0003539217
E[P_sel(9)] = 0.0003030533
E[P_sel(10)] = 0.0002787011
E[P_sel(11)] = 0.0002472306
E[P_sel(12)] = 0.0002397082
E[P_sel(13)] = 0.0002204824
E[P_sel(14)] = 0.0002090429
E[P_sel(15)] = 0.0002080254
E[P_sel(16)] = 0.0002047752
E[P_sel(17)] = 0.0002092983
E[P_sel(18)] = 0.0002268699
E[P_sel(19)] = 0.0002589591

---- Expected D_neut and D_sel (neutral and selected divergence per site) 
E[D_neut] = 0.0198644849
E[D_sel] = 0.0125334886

---- Expected neutral and selected misattributed polymorphism per site
E[mis_neut] = 0.0005101087
E[mis_sel] = 0.0002944543

---- alpha_div = 0.190333
---- alpha_dfe = 0.190519

