---- Running command
---- ./polyDFE -d Mmc/693.polyDFE.config.txt -m C -e 
---- Performing inference using model C

---- Performing inference on Mmc/693.polyDFE.config.txt
---- No mutation variability. Using Poisson likelihood.


---- Calculating initial values

-- Starting local optimization
-- Optimizing all parameters
  it        eps_an        lambda     theta_bar           S_d             b           p_b           S_b           r 2           r 3           r 4           r 5           r 6           r 7           r 8           r 9          r 10          r 11          r 12          r 13          r 14          r 15          r 16          r 17          r 18          r 19          r 20           ln lk          grad status 
   0           0.1 0.01928748573 0.01136030452        -20000         0.208           0.1            20 0.87232359820 0.73580566928 0.64405654632 0.58186828926 0.56486035574 0.53643424830 0.53963468645 0.52956930048 0.55662413486 0.55626688586 0.59723483019 0.61663244642 0.66665076996 0.75142780255 0.85937133096 1.10121422647 1.57897783126             1             1 -1117642.911567 23172.5552316   -2 
 710 0.00096266226 0.01932422023 0.01014912569 -74.317121099 0.12597301309 0.02691390561 5.88091044763 0.86388375657 0.72149292467 0.61959748580 0.55599832397 0.53266221647 0.50547922373 0.49842610245 0.48434566270 0.49833914231 0.48670554730 0.51557829218 0.51461854102 0.52639311911 0.56038084436 0.58193341952 0.63930547320 0.70549753994 0.81060078720 1.05420857086 -280.1387603938 0.06658169895   -3 
-- Local optimization: stuck in the same solution
---- Best joint likelihood found -280.138760393849225 with gradient 0.06658

---- Results for Mmc/693.polyDFE.config.txt 
--  Model: C
--        eps_an        lambda     theta_bar             a 
-- 0.00096266226 0.01932422023 0.01014912569            -1 
--           S_d             b           p_b           S_b 
-- -74.317121099 0.12597301309 0.02691390561 5.88091044763 
--           r 2           r 3           r 4           r 5           r 6           r 7           r 8           r 9          r 10          r 11          r 12          r 13          r 14          r 15          r 16          r 17          r 18          r 19          r 20 
-- 0.86388375657 0.72149292467 0.61959748580 0.55599832397 0.53266221647 0.50547922373 0.49842610245 0.48434566270 0.49833914231 0.48670554730 0.51557829218 0.51461854102 0.52639311911 0.56038084436 0.58193341952 0.63930547320 0.70549753994 0.81060078720 1.05420857086 

---- Expected P_neut(i), 0 < i < n (neutral SFS per site) 
E[P_neut(1)] = 0.0101397723
E[P_neut(2)] = 0.0043799952
E[P_neut(3)] = 0.0024388585
E[P_neut(4)] = 0.0015709351
E[P_neut(5)] = 0.0011278579
E[P_neut(6)] = 0.0009005093
E[P_neut(7)] = 0.0007325630
E[P_neut(8)] = 0.0006321347
E[P_neut(9)] = 0.0005460937
E[P_neut(10)] = 0.0005057707
E[P_neut(11)] = 0.0004491513
E[P_neut(12)] = 0.0004362447
E[P_neut(13)] = 0.0004020825
E[P_neut(14)] = 0.0003821022
E[P_neut(15)] = 0.0003798798
E[P_neut(16)] = 0.0003702903
E[P_neut(17)] = 0.0003836524
E[P_neut(18)] = 0.0004016252
E[P_neut(19)] = 0.0004423475

---- Expected P_sel(i), 0 < i < n (selected SFS per site) 
E[P_sel(1)] = 0.0072552020
E[P_sel(2)] = 0.0028271324
E[P_sel(3)] = 0.0014952675
E[P_sel(4)] = 0.0009324107
E[P_sel(5)] = 0.0006543232
E[P_sel(6)] = 0.0005136265
E[P_sel(7)] = 0.0004124378
E[P_sel(8)] = 0.0003523511
E[P_sel(9)] = 0.0003020890
E[P_sel(10)] = 0.0002782437
E[P_sel(11)] = 0.0002462119
E[P_sel(12)] = 0.0002387322
E[P_sel(13)] = 0.0002200964
E[P_sel(14)] = 0.0002096676
E[P_sel(15)] = 0.0002094749
E[P_sel(16)] = 0.0002058185
E[P_sel(17)] = 0.0002157877
E[P_sel(18)] = 0.0002298387
E[P_sel(19)] = 0.0002600674

---- Expected D_neut and D_sel (neutral and selected divergence per site) 
E[D_neut] = 0.0198591850
E[D_sel] = 0.0125343200

---- Expected neutral and selected misattributed polymorphism per site
E[mis_neut] = 0.0005349648
E[mis_sel] = 0.0003230589

---- alpha_div = 0.260288
---- alpha_dfe = 0.259984

