---- Running command
---- ./polyDFE -d Mmc/694.polyDFE.config.txt -m C -e 
---- Performing inference using model C

---- Performing inference on Mmc/694.polyDFE.config.txt
---- No mutation variability. Using Poisson likelihood.


---- Calculating initial values

-- Starting local optimization
-- Optimizing all parameters
  it        eps_an        lambda     theta_bar           S_d             b           p_b           S_b           r 2           r 3           r 4           r 5           r 6           r 7           r 8           r 9          r 10          r 11          r 12          r 13          r 14          r 15          r 16          r 17          r 18          r 19          r 20           ln lk          grad status 
   0           0.1 0.01927740401 0.01137242438        -20000         0.208           0.1            20 0.87019792073 0.73194788133 0.64551124428 0.58621419970 0.55720848076 0.54015030280 0.54076727873 0.53599092652 0.55439632792 0.56445511246 0.59421869038 0.62603830131 0.67678060055 0.75127018695 0.86251148467 1.09489868016 1.57355361104             1             1 -1115806.904346 23165.8532329   -2 
 964 0.00087798689 0.01929520771 0.01015093073 -71.255153981 0.12873696738 0.02585836803 6.27494752564 0.86405029785 0.71883440237 0.62237319274 0.55882731218 0.53001548658 0.50888174872 0.49861004105 0.48844147206 0.49795891650 0.49166784118 0.51084548993 0.51894642244 0.53260438716 0.56104567802 0.58366449078 0.64631640712 0.70523975862 0.81277681468 1.08912973161 -281.2658787662 0.02926504578   -3 
-- Local optimization: stuck in the same solution
---- Best joint likelihood found -281.265878766207607 with gradient 0.02927

---- Results for Mmc/694.polyDFE.config.txt 
--  Model: C
--        eps_an        lambda     theta_bar             a 
-- 0.00087798689 0.01929520771 0.01015093073            -1 
--           S_d             b           p_b           S_b 
-- -71.255153981 0.12873696738 0.02585836803 6.27494752564 
--           r 2           r 3           r 4           r 5           r 6           r 7           r 8           r 9          r 10          r 11          r 12          r 13          r 14          r 15          r 16          r 17          r 18          r 19          r 20 
-- 0.86405029785 0.71883440237 0.62237319274 0.55882731218 0.53001548658 0.50888174872 0.49861004105 0.48844147206 0.49795891650 0.49166784118 0.51084548993 0.51894642244 0.53260438716 0.56104567802 0.58366449078 0.64631640712 0.70523975862 0.81277681468 1.08912973161 

---- Expected P_neut(i), 0 < i < n (neutral SFS per site) 
E[P_neut(1)] = 0.0101423996
E[P_neut(2)] = 0.0043819562
E[P_neut(3)] = 0.0024304827
E[P_neut(4)] = 0.0015783552
E[P_neut(5)] = 0.0011338607
E[P_neut(6)] = 0.0008962435
E[P_neut(7)] = 0.0007376541
E[P_neut(8)] = 0.0006324934
E[P_neut(9)] = 0.0005508186
E[P_neut(10)] = 0.0005054746
E[P_neut(11)] = 0.0004538023
E[P_neut(12)] = 0.0004323058
E[P_neut(13)] = 0.0004055067
E[P_neut(14)] = 0.0003866218
E[P_neut(15)] = 0.0003803385
E[P_neut(16)] = 0.0003713577
E[P_neut(17)] = 0.0003877210
E[P_neut(18)] = 0.0004012145
E[P_neut(19)] = 0.0004427649

---- Expected P_sel(i), 0 < i < n (selected SFS per site) 
E[P_sel(1)] = 0.0072519306
E[P_sel(2)] = 0.0028208809
E[P_sel(3)] = 0.0014843636
E[P_sel(4)] = 0.0009324075
E[P_sel(5)] = 0.0006542976
E[P_sel(6)] = 0.0005082100
E[P_sel(7)] = 0.0004127065
E[P_sel(8)] = 0.0003502205
E[P_sel(9)] = 0.0003025952
E[P_sel(10)] = 0.0002760846
E[P_sel(11)] = 0.0002469207
E[P_sel(12)] = 0.0002347844
E[P_sel(13)] = 0.0002202615
E[P_sel(14)] = 0.0002105015
E[P_sel(15)] = 0.0002081082
E[P_sel(16)] = 0.0002048522
E[P_sel(17)] = 0.0002165071
E[P_sel(18)] = 0.0002281095
E[P_sel(19)] = 0.0002589193

---- Expected D_neut and D_sel (neutral and selected divergence per site) 
E[D_neut] = 0.0198479917
E[D_sel] = 0.0125308507

---- Expected neutral and selected misattributed polymorphism per site
E[mis_neut] = 0.0005527840
E[mis_sel] = 0.0003327706

---- alpha_div = 0.265499
---- alpha_dfe = 0.265338

