---- Running command
---- ./polyDFE -d Mmc/695.polyDFE.config.txt -m C -e 
---- Performing inference using model C

---- Performing inference on Mmc/695.polyDFE.config.txt
---- No mutation variability. Using Poisson likelihood.


---- Calculating initial values

-- Starting local optimization
-- Optimizing all parameters
  it        eps_an        lambda     theta_bar           S_d             b           p_b           S_b           r 2           r 3           r 4           r 5           r 6           r 7           r 8           r 9          r 10          r 11          r 12          r 13          r 14          r 15          r 16          r 17          r 18          r 19          r 20           ln lk          grad status 
   0           0.1 0.01931204187 0.01135396954        -20000         0.208           0.1            20 0.87708817450 0.73619837354 0.64192451057 0.58514306065 0.55875258109 0.53993838929 0.53621985313 0.53072347435 0.55731047596 0.55962332601 0.58483107471 0.61971434880 0.67113742477 0.74967835223 0.86960869993 1.11329097004 1.58363544919             1             1 -1117653.391305 23199.1426513   -2 
 334 0.00494223750 0.01937054111 0.01020360878 -94.811025863 0.11087885614 0.00759694130 17.4113791069 0.86401958273 0.71956769344 0.61557727786 0.55388114933 0.52618570930 0.50183135044 0.49624935647 0.48323346628 0.49523630277 0.48402211872 0.50298095222 0.50802525854 0.52060924001 0.54875034151 0.58776512859 0.63819771345 0.68305601499 0.73740946385 0.99898506377 -285.8394508492 1.13872537161   -3 
-- Local optimization: stuck in the same solution
---- Best joint likelihood found -285.839450849249261 with gradient 1.13873

---- Results for Mmc/695.polyDFE.config.txt 
--  Model: C
--        eps_an        lambda     theta_bar             a 
-- 0.00494223750 0.01937054111 0.01020360878            -1 
--           S_d             b           p_b           S_b 
-- -94.811025863 0.11087885614 0.00759694130 17.4113791069 
--           r 2           r 3           r 4           r 5           r 6           r 7           r 8           r 9          r 10          r 11          r 12          r 13          r 14          r 15          r 16          r 17          r 18          r 19          r 20 
-- 0.86401958273 0.71956769344 0.61557727786 0.55388114933 0.52618570930 0.50183135044 0.49624935647 0.48323346628 0.49523630277 0.48402211872 0.50298095222 0.50802525854 0.52060924001 0.54875034151 0.58776512859 0.63819771345 0.68305601499 0.73740946385 0.99898506377 

---- Expected P_neut(i), 0 < i < n (neutral SFS per site) 
E[P_neut(1)] = 0.0101551373
E[P_neut(2)] = 0.0043881869
E[P_neut(3)] = 0.0024371933
E[P_neut(4)] = 0.0015643693
E[P_neut(5)] = 0.0011265759
E[P_neut(6)] = 0.0008922850
E[P_neut(7)] = 0.0007298541
E[P_neut(8)] = 0.0006319274
E[P_neut(9)] = 0.0005473697
E[P_neut(10)] = 0.0005053197
E[P_neut(11)] = 0.0004494680
E[P_neut(12)] = 0.0004286995
E[P_neut(13)] = 0.0004003900
E[P_neut(14)] = 0.0003819824
E[P_neut(15)] = 0.0003770237
E[P_neut(16)] = 0.0003807410
E[P_neut(17)] = 0.0003932566
E[P_neut(18)] = 0.0004070740
E[P_neut(19)] = 0.0004444840

---- Expected P_sel(i), 0 < i < n (selected SFS per site) 
E[P_sel(1)] = 0.0072296831
E[P_sel(2)] = 0.0028352226
E[P_sel(3)] = 0.0015002539
E[P_sel(4)] = 0.0009334882
E[P_sel(5)] = 0.0006573047
E[P_sel(6)] = 0.0005116606
E[P_sel(7)] = 0.0004127456
E[P_sel(8)] = 0.0003533255
E[P_sel(9)] = 0.0003031831
E[P_sel(10)] = 0.0002777250
E[P_sel(11)] = 0.0002454790
E[P_sel(12)] = 0.0002329952
E[P_sel(13)] = 0.0002168666
E[P_sel(14)] = 0.0002065365
E[P_sel(15)] = 0.0002039211
E[P_sel(16)] = 0.0002066049
E[P_sel(17)] = 0.0002151156
E[P_sel(18)] = 0.0002266529
E[P_sel(19)] = 0.0002596415

---- Expected D_neut and D_sel (neutral and selected divergence per site) 
E[D_neut] = 0.0198802037
E[D_sel] = 0.0125550873

---- Expected neutral and selected misattributed polymorphism per site
E[mis_neut] = 0.0005096626
E[mis_sel] = 0.0002985572

---- alpha_div = 0.210132
---- alpha_dfe = 0.210094

