---- Running command
---- ./polyDFE -d Mmc/696.polyDFE.config.txt -m C -e 
---- Performing inference using model C

---- Performing inference on Mmc/696.polyDFE.config.txt
---- No mutation variability. Using Poisson likelihood.


---- Calculating initial values

-- Starting local optimization
-- Optimizing all parameters
  it        eps_an        lambda     theta_bar           S_d             b           p_b           S_b           r 2           r 3           r 4           r 5           r 6           r 7           r 8           r 9          r 10          r 11          r 12          r 13          r 14          r 15          r 16          r 17          r 18          r 19          r 20           ln lk          grad status 
   0           0.1 0.01927628736 0.01134192579        -20000         0.208           0.1            20 0.87311263798 0.73824797732 0.64365919383 0.58734095140 0.55786923585 0.53944314262 0.53486641713 0.53963832667 0.55743221334 0.55970485839 0.58851438236 0.61818659914 0.66845987489 0.75097528991 0.87176676557 1.10501690930 1.58936391853             1             1 -1114320.803218 23137.7272649   -2 
 818 0.00046065392 0.01943624430 0.01012924400 -81.505394860 0.11979390610 0.02022848737 7.37688915855 0.86417185397 0.72386078743 0.62190552386 0.55697466290 0.53130808307 0.50871316933 0.49319568357 0.48990102899 0.49674407902 0.48891142880 0.51178076015 0.51028125407 0.52602528096 0.56010924806 0.60016593841 0.64723536992 0.72081586368 0.83925212010 0.81115070117 -287.6317234036 0.12516086624   -3 
-- Local optimization: stuck in the same solution
---- Best joint likelihood found -287.631723403639626 with gradient 0.12516

---- Results for Mmc/696.polyDFE.config.txt 
--  Model: C
--        eps_an        lambda     theta_bar             a 
-- 0.00046065392 0.01943624430 0.01012924400            -1 
--           S_d             b           p_b           S_b 
-- -81.505394860 0.11979390610 0.02022848737 7.37688915855 
--           r 2           r 3           r 4           r 5           r 6           r 7           r 8           r 9          r 10          r 11          r 12          r 13          r 14          r 15          r 16          r 17          r 18          r 19          r 20 
-- 0.86417185397 0.72386078743 0.62190552386 0.55697466290 0.53130808307 0.50871316933 0.49319568357 0.48990102899 0.49674407902 0.48891142880 0.51178076015 0.51028125407 0.52602528096 0.56010924806 0.60016593841 0.64723536992 0.72081586368 0.83925212010 0.81115070117 

---- Expected P_neut(i), 0 < i < n (neutral SFS per site) 
E[P_neut(1)] = 0.0101247840
E[P_neut(2)] = 0.0043748745
E[P_neut(3)] = 0.0024431060
E[P_neut(4)] = 0.0015743078
E[P_neut(5)] = 0.0011280009
E[P_neut(6)] = 0.0008967203
E[P_neut(7)] = 0.0007359697
E[P_neut(8)] = 0.0006243738
E[P_neut(9)] = 0.0005513231
E[P_neut(10)] = 0.0005031642
E[P_neut(11)] = 0.0004502560
E[P_neut(12)] = 0.0004320847
E[P_neut(13)] = 0.0003977531
E[P_neut(14)] = 0.0003808263
E[P_neut(15)] = 0.0003785778
E[P_neut(16)] = 0.0003805021
E[P_neut(17)] = 0.0003865956
E[P_neut(18)] = 0.0004074582
E[P_neut(19)] = 0.0004518805

---- Expected P_sel(i), 0 < i < n (selected SFS per site) 
E[P_sel(1)] = 0.0072332729
E[P_sel(2)] = 0.0028268545
E[P_sel(3)] = 0.0015016115
E[P_sel(4)] = 0.0009374406
E[P_sel(5)] = 0.0006567570
E[P_sel(6)] = 0.0005133481
E[P_sel(7)] = 0.0004158358
E[P_sel(8)] = 0.0003491730
E[P_sel(9)] = 0.0003058598
E[P_sel(10)] = 0.0002774527
E[P_sel(11)] = 0.0002472209
E[P_sel(12)] = 0.0002366489
E[P_sel(13)] = 0.0002176991
E[P_sel(14)] = 0.0002087189
E[P_sel(15)] = 0.0002082671
E[P_sel(16)] = 0.0002107399
E[P_sel(17)] = 0.0002164085
E[P_sel(18)] = 0.0002318163
E[P_sel(19)] = 0.0002637235

---- Expected D_neut and D_sel (neutral and selected divergence per site) 
E[D_neut] = 0.0198470615
E[D_sel] = 0.0125471398

---- Expected neutral and selected misattributed polymorphism per site
E[mis_neut] = 0.0004108172
E[mis_sel] = 0.0002471902

---- alpha_div = 0.242046
---- alpha_dfe = 0.241737

