---- Running command
---- ./polyDFE -d Mmc/697.polyDFE.config.txt -m C -e 
---- Performing inference using model C

---- Performing inference on Mmc/697.polyDFE.config.txt
---- No mutation variability. Using Poisson likelihood.


---- Calculating initial values

-- Starting local optimization
-- Optimizing all parameters
  it        eps_an        lambda     theta_bar           S_d             b           p_b           S_b           r 2           r 3           r 4           r 5           r 6           r 7           r 8           r 9          r 10          r 11          r 12          r 13          r 14          r 15          r 16          r 17          r 18          r 19          r 20           ln lk          grad status 
   0           0.1 0.01926753387 0.01138646842        -20000         0.208           0.1            20 0.86902051321 0.73238516809 0.64011267922 0.57713746021 0.55894055789 0.54028087198 0.53497772017 0.52742084814 0.55246134208 0.55389736260 0.58610773911 0.62700016854 0.67334644123 0.74722412891 0.86263476824 1.10406423060 1.57348548309             1             1 -1118003.146018 23172.4458122   -2 
 812 0.00097238967 0.01929362200 0.01016535968 -83.958849631 0.11758708384 0.01743468752 8.26067066374 0.86244648632 0.71944400518 0.61597361684 0.55136115597 0.52858578208 0.50810286919 0.49621257849 0.48508846646 0.49521286764 0.48277391448 0.50384814854 0.51600198243 0.52851682903 0.56148508814 0.58359461891 0.64350683359 0.71209808925 0.82314083896 1.06981881201 -274.4038937480 0.05240289438   -3 
-- Local optimization: stuck in the same solution
---- Best joint likelihood found -274.403893748065457 with gradient 0.05240

---- Results for Mmc/697.polyDFE.config.txt 
--  Model: C
--        eps_an        lambda     theta_bar             a 
-- 0.00097238967 0.01929362200 0.01016535968            -1 
--           S_d             b           p_b           S_b 
-- -83.958849631 0.11758708384 0.01743468752 8.26067066374 
--           r 2           r 3           r 4           r 5           r 6           r 7           r 8           r 9          r 10          r 11          r 12          r 13          r 14          r 15          r 16          r 17          r 18          r 19          r 20 
-- 0.86244648632 0.71944400518 0.61597361684 0.55136115597 0.52858578208 0.50810286919 0.49621257849 0.48508846646 0.49521286764 0.48277391448 0.50384814854 0.51600198243 0.52851682903 0.56148508814 0.58359461891 0.64350683359 0.71209808925 0.82314083896 1.06981881201 

---- Expected P_neut(i), 0 < i < n (neutral SFS per site) 
E[P_neut(1)] = 0.0101559032
E[P_neut(2)] = 0.0043796679
E[P_neut(3)] = 0.0024358060
E[P_neut(4)] = 0.0015642367
E[P_neut(5)] = 0.0011202369
E[P_neut(6)] = 0.0008950464
E[P_neut(7)] = 0.0007375389
E[P_neut(8)] = 0.0006303243
E[P_neut(9)] = 0.0005478009
E[P_neut(10)] = 0.0005034017
E[P_neut(11)] = 0.0004462417
E[P_neut(12)] = 0.0004270146
E[P_neut(13)] = 0.0004038133
E[P_neut(14)] = 0.0003842522
E[P_neut(15)] = 0.0003812332
E[P_neut(16)] = 0.0003719397
E[P_neut(17)] = 0.0003867892
E[P_neut(18)] = 0.0004060233
E[P_neut(19)] = 0.0004498524

---- Expected P_sel(i), 0 < i < n (selected SFS per site) 
E[P_sel(1)] = 0.0072544699
E[P_sel(2)] = 0.0028321887
E[P_sel(3)] = 0.0014989925
E[P_sel(4)] = 0.0009327973
E[P_sel(5)] = 0.0006532233
E[P_sel(6)] = 0.0005131450
E[P_sel(7)] = 0.0004172876
E[P_sel(8)] = 0.0003529140
E[P_sel(9)] = 0.0003041869
E[P_sel(10)] = 0.0002777546
E[P_sel(11)] = 0.0002450768
E[P_sel(12)] = 0.0002338276
E[P_sel(13)] = 0.0002208631
E[P_sel(14)] = 0.0002103322
E[P_sel(15)] = 0.0002093346
E[P_sel(16)] = 0.0002054827
E[P_sel(17)] = 0.0002158571
E[P_sel(18)] = 0.0002302733
E[P_sel(19)] = 0.0002623536

---- Expected D_neut and D_sel (neutral and selected divergence per site) 
E[D_neut] = 0.0198373767
E[D_sel] = 0.0125159917

---- Expected neutral and selected misattributed polymorphism per site
E[mis_neut] = 0.0005437547
E[mis_sel] = 0.0003259002

---- alpha_div = 0.232652
---- alpha_dfe = 0.232608

