---- Running command
---- ./polyDFE -d Mmc/698.polyDFE.config.txt -m C -e 
---- Performing inference using model C

---- Performing inference on Mmc/698.polyDFE.config.txt
---- No mutation variability. Using Poisson likelihood.


---- Calculating initial values

-- Starting local optimization
-- Optimizing all parameters
  it        eps_an        lambda     theta_bar           S_d             b           p_b           S_b           r 2           r 3           r 4           r 5           r 6           r 7           r 8           r 9          r 10          r 11          r 12          r 13          r 14          r 15          r 16          r 17          r 18          r 19          r 20           ln lk          grad status 
   0           0.1 0.01926430689 0.01138298942        -20000         0.208           0.1            20 0.87205932090 0.72918726832 0.64658248620 0.58305070073 0.55460595701 0.53964270077 0.53570017970 0.53483126336 0.54845946697 0.55418256663 0.59291701174 0.62779527609 0.66063205025 0.75614953486 0.85591952466 1.10619745189 1.57554374709             1             1 -1115036.460954 23128.3641670   -2 
 916 0.00077976754 0.01928094147 0.01017151421 -79.519289864 0.12333203330 0.02702858666 5.79196869206 0.86133809221 0.71666826097 0.61953887240 0.55630855856 0.52905165514 0.50582783003 0.49562926576 0.48916599906 0.49461605297 0.48042295721 0.51218017771 0.51642800362 0.52432061813 0.55998557348 0.58752853747 0.64894427357 0.69891249747 0.81776932872 1.09217694671 -293.4256252716 0.02674285919   -3 
-- Local optimization: stuck in the same solution
---- Best joint likelihood found -293.425625271629542 with gradient 0.02674

---- Results for Mmc/698.polyDFE.config.txt 
--  Model: C
--        eps_an        lambda     theta_bar             a 
-- 0.00077976754 0.01928094147 0.01017151421            -1 
--           S_d             b           p_b           S_b 
-- -79.519289864 0.12333203330 0.02702858666 5.79196869206 
--           r 2           r 3           r 4           r 5           r 6           r 7           r 8           r 9          r 10          r 11          r 12          r 13          r 14          r 15          r 16          r 17          r 18          r 19          r 20 
-- 0.86133809221 0.71666826097 0.61953887240 0.55630855856 0.52905165514 0.50582783003 0.49562926576 0.48916599906 0.49461605297 0.48042295721 0.51218017771 0.51642800362 0.52432061813 0.55998557348 0.58752853747 0.64894427357 0.69891249747 0.81776932872 1.09217694671 

---- Expected P_neut(i), 0 < i < n (neutral SFS per site) 
E[P_neut(1)] = 0.0101639242
E[P_neut(2)] = 0.0043774485
E[P_neut(3)] = 0.0024282752
E[P_neut(4)] = 0.0015744749
E[P_neut(5)] = 0.0011311137
E[P_neut(6)] = 0.0008964738
E[P_neut(7)] = 0.0007347469
E[P_neut(8)] = 0.0006300097
E[P_neut(9)] = 0.0005527552
E[P_neut(10)] = 0.0005030994
E[P_neut(11)] = 0.0004443237
E[P_neut(12)] = 0.0004342902
E[P_neut(13)] = 0.0004043238
E[P_neut(14)] = 0.0003813405
E[P_neut(15)] = 0.0003803131
E[P_neut(16)] = 0.0003744406
E[P_neut(17)] = 0.0003898711
E[P_neut(18)] = 0.0003980522
E[P_neut(19)] = 0.0004453770

---- Expected P_sel(i), 0 < i < n (selected SFS per site) 
E[P_sel(1)] = 0.0072549558
E[P_sel(2)] = 0.0028228507
E[P_sel(3)] = 0.0014888920
E[P_sel(4)] = 0.0009352306
E[P_sel(5)] = 0.0006570542
E[P_sel(6)] = 0.0005121865
E[P_sel(7)] = 0.0004144989
E[P_sel(8)] = 0.0003519669
E[P_sel(9)] = 0.0003065395
E[P_sel(10)] = 0.0002775186
E[P_sel(11)] = 0.0002442579
E[P_sel(12)] = 0.0002383666
E[P_sel(13)] = 0.0002219979
E[P_sel(14)] = 0.0002098969
E[P_sel(15)] = 0.0002103620
E[P_sel(16)] = 0.0002087529
E[P_sel(17)] = 0.0002199049
E[P_sel(18)] = 0.0002283483
E[P_sel(19)] = 0.0002621715

---- Expected D_neut and D_sel (neutral and selected divergence per site) 
E[D_neut] = 0.0198363961
E[D_sel] = 0.0125277366

---- Expected neutral and selected misattributed polymorphism per site
E[mis_neut] = 0.0005554547
E[mis_sel] = 0.0003359982

---- alpha_div = 0.257482
---- alpha_dfe = 0.257239

