---- Running command
---- ./polyDFE -d Mmc/699.polyDFE.config.txt -m C -e 
---- Performing inference using model C

---- Performing inference on Mmc/699.polyDFE.config.txt
---- No mutation variability. Using Poisson likelihood.


---- Calculating initial values

-- Starting local optimization
-- Optimizing all parameters
  it        eps_an        lambda     theta_bar           S_d             b           p_b           S_b           r 2           r 3           r 4           r 5           r 6           r 7           r 8           r 9          r 10          r 11          r 12          r 13          r 14          r 15          r 16          r 17          r 18          r 19          r 20           ln lk          grad status 
   0           0.1 0.01926731568 0.01138765666        -20000         0.208           0.1            20 0.87162871284 0.73506257371 0.64207611689 0.58238156597 0.55706987157 0.53610228439 0.53508473894 0.52752715423 0.55767156896 0.55244140303 0.59615313454 0.62485471718 0.65988756488 0.74440676719 0.85300000591 1.10078257028 1.57811982557             1             1 -1115141.967720 23111.9101999   -2 
 563 0.00106108016 0.01932314847 0.01017108507 -77.058936192 0.12433338494 0.02686332808 5.86465380486 0.86398688718 0.72118712939 0.62233910832 0.55366000788 0.52663382676 0.50334655436 0.49069524257 0.48275181994 0.49766175565 0.48537725489 0.51460924240 0.51667335511 0.52031912015 0.55315973660 0.58026857213 0.64305768589 0.70538611507 0.80362306595 1.01247800797 -275.6397749480 0.13491471288   -3 
-- Local optimization: stuck in the same solution
---- Best joint likelihood found -275.639774948052946 with gradient 0.13491

---- Results for Mmc/699.polyDFE.config.txt 
--  Model: C
--        eps_an        lambda     theta_bar             a 
-- 0.00106108016 0.01932314847 0.01017108507            -1 
--           S_d             b           p_b           S_b 
-- -77.058936192 0.12433338494 0.02686332808 5.86465380486 
--           r 2           r 3           r 4           r 5           r 6           r 7           r 8           r 9          r 10          r 11          r 12          r 13          r 14          r 15          r 16          r 17          r 18          r 19          r 20 
-- 0.86398688718 0.72118712939 0.62233910832 0.55366000788 0.52663382676 0.50334655436 0.49069524257 0.48275181994 0.49766175565 0.48537725489 0.51460924240 0.51667335511 0.52031912015 0.55315973660 0.58026857213 0.64305768589 0.70538611507 0.80362306595 1.01247800797 

---- Expected P_neut(i), 0 < i < n (neutral SFS per site) 
E[P_neut(1)] = 0.0101607492
E[P_neut(2)] = 0.0043896028
E[P_neut(3)] = 0.0024428990
E[P_neut(4)] = 0.0015811783
E[P_neut(5)] = 0.0011254675
E[P_neut(6)] = 0.0008921934
E[P_neut(7)] = 0.0007310216
E[P_neut(8)] = 0.0006236637
E[P_neut(9)] = 0.0005454651
E[P_neut(10)] = 0.0005061760
E[P_neut(11)] = 0.0004489039
E[P_neut(12)] = 0.0004363770
E[P_neut(13)] = 0.0004045878
E[P_neut(14)] = 0.0003785612
E[P_neut(15)] = 0.0003758794
E[P_neut(16)] = 0.0003701603
E[P_neut(17)] = 0.0003869270
E[P_neut(18)] = 0.0004028250
E[P_neut(19)] = 0.0004405316

---- Expected P_sel(i), 0 < i < n (selected SFS per site) 
E[P_sel(1)] = 0.0072631233
E[P_sel(2)] = 0.0028332210
E[P_sel(3)] = 0.0014986076
E[P_sel(4)] = 0.0009394227
E[P_sel(5)] = 0.0006537847
E[P_sel(6)] = 0.0005096649
E[P_sel(7)] = 0.0004122797
E[P_sel(8)] = 0.0003482826
E[P_sel(9)] = 0.0003023468
E[P_sel(10)] = 0.0002790548
E[P_sel(11)] = 0.0002466169
E[P_sel(12)] = 0.0002393452
E[P_sel(13)] = 0.0002219801
E[P_sel(14)] = 0.0002082117
E[P_sel(15)] = 0.0002077576
E[P_sel(16)] = 0.0002062296
E[P_sel(17)] = 0.0002181330
E[P_sel(18)] = 0.0002310523
E[P_sel(19)] = 0.0002596375

---- Expected D_neut and D_sel (neutral and selected divergence per site) 
E[D_neut] = 0.0198380485
E[D_sel] = 0.0125395336

---- Expected neutral and selected misattributed polymorphism per site
E[mis_neut] = 0.0005149000
E[mis_sel] = 0.0003114984

---- alpha_div = 0.258571
---- alpha_dfe = 0.258456

