---- Running command
---- ./polyDFE -d Mmc/7.polyDFE.config.txt -m C -e 
---- Performing inference using model C

---- Performing inference on Mmc/7.polyDFE.config.txt
---- No mutation variability. Using Poisson likelihood.


---- Calculating initial values

-- Starting local optimization
-- Optimizing all parameters
  it        eps_an        lambda     theta_bar           S_d             b           p_b           S_b           r 2           r 3           r 4           r 5           r 6           r 7           r 8           r 9          r 10          r 11          r 12          r 13          r 14          r 15          r 16          r 17          r 18          r 19          r 20           ln lk          grad status 
   0           0.1 0.01927469382 0.01135525229        -20000         0.208           0.1            20 0.87396873381 0.73441661275 0.64391051285 0.58354320243 0.55864492861 0.53625351128 0.53488454935 0.52910800928 0.55394129044 0.55994153220 0.58991299449 0.62531152015 0.66932646329 0.74955921829 0.86738152725 1.10664145188 1.58400753183             1             1 -1115636.479229 23135.1797113   -2 
 726 0.00122925420 0.01927411458 0.01014460243 -73.485649676 0.12508777146 0.02308660555 6.75833884206 0.86550077888 0.72105764656 0.61924019867 0.55613220126 0.53154355658 0.50394946680 0.49612608484 0.48375107298 0.49568920335 0.48813698458 0.51221498848 0.51327282488 0.52695823047 0.55668564403 0.58774465669 0.64634786823 0.70809816392 0.81645594078 1.12269517360 -271.5338060616 0.02933089792   -8 
-- Local optimization: reached maximum number of likelihood evaluations allowed.
---- Best joint likelihood found -271.533806061677751 with gradient 0.02933

---- Results for Mmc/7.polyDFE.config.txt 
--  Model: C
--        eps_an        lambda     theta_bar             a 
-- 0.00122925420 0.01927411458 0.01014460243            -1 
--           S_d             b           p_b           S_b 
-- -73.485649676 0.12508777146 0.02308660555 6.75833884206 
--           r 2           r 3           r 4           r 5           r 6           r 7           r 8           r 9          r 10          r 11          r 12          r 13          r 14          r 15          r 16          r 17          r 18          r 19          r 20 
-- 0.86550077888 0.72105764656 0.61924019867 0.55613220126 0.53154355658 0.50394946680 0.49612608484 0.48375107298 0.49568920335 0.48813698458 0.51221498848 0.51327282488 0.52695823047 0.55668564403 0.58774465669 0.64634786823 0.70809816392 0.81645594078 1.12269517360 

---- Expected P_neut(i), 0 < i < n (neutral SFS per site) 
E[P_neut(1)] = 0.0101326680
E[P_neut(2)] = 0.0043851747
E[P_neut(3)] = 0.0024357579
E[P_neut(4)] = 0.0015690140
E[P_neut(5)] = 0.0011274238
E[P_neut(6)] = 0.0008980810
E[P_neut(7)] = 0.0007299327
E[P_neut(8)] = 0.0006288842
E[P_neut(9)] = 0.0005451567
E[P_neut(10)] = 0.0005028570
E[P_neut(11)] = 0.0004502947
E[P_neut(12)] = 0.0004332592
E[P_neut(13)] = 0.0004009399
E[P_neut(14)] = 0.0003824769
E[P_neut(15)] = 0.0003774145
E[P_neut(16)] = 0.0003741247
E[P_neut(17)] = 0.0003882256
E[P_neut(18)] = 0.0004039823
E[P_neut(19)] = 0.0004478618

---- Expected P_sel(i), 0 < i < n (selected SFS per site) 
E[P_sel(1)] = 0.0072574931
E[P_sel(2)] = 0.0028332670
E[P_sel(3)] = 0.0014945385
E[P_sel(4)] = 0.0009317569
E[P_sel(5)] = 0.0006542163
E[P_sel(6)] = 0.0005121842
E[P_sel(7)] = 0.0004107607
E[P_sel(8)] = 0.0003502328
E[P_sel(9)] = 0.0003011775
E[P_sel(10)] = 0.0002761522
E[P_sel(11)] = 0.0002462807
E[P_sel(12)] = 0.0002364381
E[P_sel(13)] = 0.0002187399
E[P_sel(14)] = 0.0002090581
E[P_sel(15)] = 0.0002071970
E[P_sel(16)] = 0.0002069390
E[P_sel(17)] = 0.0002172473
E[P_sel(18)] = 0.0002300809
E[P_sel(19)] = 0.0002625779

---- Expected D_neut and D_sel (neutral and selected divergence per site) 
E[D_neut] = 0.0198435794
E[D_sel] = 0.0125391336

---- Expected neutral and selected misattributed polymorphism per site
E[mis_neut] = 0.0005694648
E[mis_sel] = 0.0003429191

---- alpha_div = 0.253952
---- alpha_dfe = 0.253857

