---- Running command
---- ./polyDFE -d Mmc/70.polyDFE.config.txt -m C -e 
---- Performing inference using model C

---- Performing inference on Mmc/70.polyDFE.config.txt
---- No mutation variability. Using Poisson likelihood.


---- Calculating initial values

-- Starting local optimization
-- Optimizing all parameters
  it        eps_an        lambda     theta_bar           S_d             b           p_b           S_b           r 2           r 3           r 4           r 5           r 6           r 7           r 8           r 9          r 10          r 11          r 12          r 13          r 14          r 15          r 16          r 17          r 18          r 19          r 20           ln lk          grad status 
   0           0.1 0.01930290126 0.01134675453        -20000         0.208           0.1            20 0.87032648811 0.73927770313 0.64583284843 0.58506084590 0.55864884568 0.53527314994 0.53449108650 0.53029508450 0.55305338071 0.56147446574 0.59346331754 0.61911060046 0.66945771519 0.74814948185 0.87311402557 1.10692356409 1.57432738179             1             1 -1121563.606848 23236.7647096   -2 
 477 0.00192007656 0.01935844623 0.01014845771 -82.209893460 0.11816889596 0.01509856464 9.39407512493 0.86223351971 0.72314827412 0.62015466840 0.55687773004 0.52850506594 0.50573430453 0.49105707219 0.48645152510 0.49713421061 0.48748430312 0.51390815172 0.51328973579 0.52404929831 0.55733313844 0.58857429358 0.64387392726 0.69718087577 0.79421905948 1.01076966626 -281.4236993863 0.27445754842   -3 
-- Local optimization: stuck in the same solution
---- Best joint likelihood found -281.423699386330554 with gradient 0.27446

---- Results for Mmc/70.polyDFE.config.txt 
--  Model: C
--        eps_an        lambda     theta_bar             a 
-- 0.00192007656 0.01935844623 0.01014845771            -1 
--           S_d             b           p_b           S_b 
-- -82.209893460 0.11816889596 0.01509856464 9.39407512493 
--           r 2           r 3           r 4           r 5           r 6           r 7           r 8           r 9          r 10          r 11          r 12          r 13          r 14          r 15          r 16          r 17          r 18          r 19          r 20 
-- 0.86223351971 0.72314827412 0.62015466840 0.55687773004 0.52850506594 0.50573430453 0.49105707219 0.48645152510 0.49713421061 0.48748430312 0.51390815172 0.51328973579 0.52404929831 0.55733313844 0.58857429358 0.64387392726 0.69718087577 0.79421905948 1.01076966626 

---- Expected P_neut(i), 0 < i < n (neutral SFS per site) 
E[P_neut(1)] = 0.0101297864
E[P_neut(2)] = 0.0043675243
E[P_neut(3)] = 0.0024423209
E[P_neut(4)] = 0.0015710991
E[P_neut(5)] = 0.0011288438
E[P_neut(6)] = 0.0008929316
E[P_neut(7)] = 0.0007325649
E[P_neut(8)] = 0.0006225724
E[P_neut(9)] = 0.0005483362
E[P_neut(10)] = 0.0005045146
E[P_neut(11)] = 0.0004499364
E[P_neut(12)] = 0.0004349762
E[P_neut(13)] = 0.0004013384
E[P_neut(14)] = 0.0003808650
E[P_neut(15)] = 0.0003785177
E[P_neut(16)] = 0.0003756243
E[P_neut(17)] = 0.0003883312
E[P_neut(18)] = 0.0004007187
E[P_neut(19)] = 0.0004428870

---- Expected P_sel(i), 0 < i < n (selected SFS per site) 
E[P_sel(1)] = 0.0072356027
E[P_sel(2)] = 0.0028219535
E[P_sel(3)] = 0.0015008398
E[P_sel(4)] = 0.0009350883
E[P_sel(5)] = 0.0006566917
E[P_sel(6)] = 0.0005105169
E[P_sel(7)] = 0.0004131595
E[P_sel(8)] = 0.0003473259
E[P_sel(9)] = 0.0003032661
E[P_sel(10)] = 0.0002771326
E[P_sel(11)] = 0.0002458941
E[P_sel(12)] = 0.0002369018
E[P_sel(13)] = 0.0002182121
E[P_sel(14)] = 0.0002071354
E[P_sel(15)] = 0.0002063952
E[P_sel(16)] = 0.0002059783
E[P_sel(17)] = 0.0002150681
E[P_sel(18)] = 0.0002256978
E[P_sel(19)] = 0.0002577381

---- Expected D_neut and D_sel (neutral and selected divergence per site) 
E[D_neut] = 0.0198713339
E[D_sel] = 0.0124993882

---- Expected neutral and selected misattributed polymorphism per site
E[mis_neut] = 0.0005128877
E[mis_sel] = 0.0003052086

---- alpha_div = 0.228910
---- alpha_dfe = 0.228795

