---- Running command
---- ./polyDFE -d Mmc/700.polyDFE.config.txt -m C -e 
---- Performing inference using model C

---- Performing inference on Mmc/700.polyDFE.config.txt
---- No mutation variability. Using Poisson likelihood.


---- Calculating initial values

-- Starting local optimization
-- Optimizing all parameters
  it        eps_an        lambda     theta_bar           S_d             b           p_b           S_b           r 2           r 3           r 4           r 5           r 6           r 7           r 8           r 9          r 10          r 11          r 12          r 13          r 14          r 15          r 16          r 17          r 18          r 19          r 20           ln lk          grad status 
   0           0.1 0.01925780262 0.01135178745        -20000         0.208           0.1            20 0.87466051855 0.73414175998 0.64555297647 0.58325875129 0.56001588362 0.53743861156 0.53550260119 0.52598845377 0.55558274902 0.54918376097 0.59816155749 0.62646059778 0.66546608076 0.75258036370 0.85554944731 1.10152829706 1.59151163595             1             1 -1115943.465985 23140.2118405   -2 
 687 0.00163136640 0.01925726195 0.01014546852 -72.127786790 0.12800802794 0.02938024896 5.49500318151 0.86669285087 0.71998496906 0.62198143577 0.55523268934 0.52914877253 0.50692250898 0.49520698683 0.48347653830 0.49504000711  0.4820957188 0.51223418546 0.51640612320 0.52352854892 0.56082467537 0.58104177701 0.63994217003 0.70759496968 0.80634811988 1.12221700890 -274.9219037556 0.09572578678   -8 
-- Local optimization: reached maximum number of likelihood evaluations allowed.
---- Best joint likelihood found -274.921903755603125 with gradient 0.09573

---- Results for Mmc/700.polyDFE.config.txt 
--  Model: C
--        eps_an        lambda     theta_bar             a 
-- 0.00163136640 0.01925726195 0.01014546852            -1 
--           S_d             b           p_b           S_b 
-- -72.127786790 0.12800802794 0.02938024896 5.49500318151 
--           r 2           r 3           r 4           r 5           r 6           r 7           r 8           r 9          r 10          r 11          r 12          r 13          r 14          r 15          r 16          r 17          r 18          r 19          r 20 
-- 0.86669285087 0.71998496906 0.62198143577 0.55523268934 0.52914877253 0.50692250898 0.49520698683 0.48347653830 0.49504000711  0.4820957188 0.51223418546 0.51640612320 0.52352854892 0.56082467537 0.58104177701 0.63994217003 0.70759496968 0.80634811988 1.12221700890 

---- Expected P_neut(i), 0 < i < n (neutral SFS per site) 
E[P_neut(1)] = 0.0101296200
E[P_neut(2)] = 0.0043899808
E[P_neut(3)] = 0.0024315125
E[P_neut(4)] = 0.0015756007
E[P_neut(5)] = 0.0011254000
E[P_neut(6)] = 0.0008939030
E[P_neut(7)] = 0.0007341684
E[P_neut(8)] = 0.0006276953
E[P_neut(9)] = 0.0005448469
E[P_neut(10)] = 0.0005022413
E[P_neut(11)] = 0.0004448080
E[P_neut(12)] = 0.0004333893
E[P_neut(13)] = 0.0004035551
E[P_neut(14)] = 0.0003802295
E[P_neut(15)] = 0.0003805411
E[P_neut(16)] = 0.0003704064
E[P_neut(17)] = 0.0003852617
E[P_neut(18)] = 0.0004053485
E[P_neut(19)] = 0.0004464159

---- Expected P_sel(i), 0 < i < n (selected SFS per site) 
E[P_sel(1)] = 0.0072537640
E[P_sel(2)] = 0.0028337117
E[P_sel(3)] = 0.0014902139
E[P_sel(4)] = 0.0009346403
E[P_sel(5)] = 0.0006524635
E[P_sel(6)] = 0.0005095177
E[P_sel(7)] = 0.0004130888
E[P_sel(8)] = 0.0003497006
E[P_sel(9)] = 0.0003012941
E[P_sel(10)] = 0.0002762600
E[P_sel(11)] = 0.0002438517
E[P_sel(12)] = 0.0002372550
E[P_sel(13)] = 0.0002210517
E[P_sel(14)] = 0.0002088543
E[P_sel(15)] = 0.0002101354
E[P_sel(16)] = 0.0002062613
E[P_sel(17)] = 0.0002171936
E[P_sel(18)] = 0.0002326700
E[P_sel(19)] = 0.0002638345

---- Expected D_neut and D_sel (neutral and selected divergence per site) 
E[D_neut] = 0.0198265328
E[D_sel] = 0.0125152624

---- Expected neutral and selected misattributed polymorphism per site
E[mis_neut] = 0.0005692709
E[mis_sel] = 0.0003443212

---- alpha_div = 0.266490
---- alpha_dfe = 0.266394

