---- Running command
---- ./polyDFE -d Mmc/701.polyDFE.config.txt -m C -e 
---- Performing inference using model C

---- Performing inference on Mmc/701.polyDFE.config.txt
---- No mutation variability. Using Poisson likelihood.


---- Calculating initial values

-- Starting local optimization
-- Optimizing all parameters
  it        eps_an        lambda     theta_bar           S_d             b           p_b           S_b           r 2           r 3           r 4           r 5           r 6           r 7           r 8           r 9          r 10          r 11          r 12          r 13          r 14          r 15          r 16          r 17          r 18          r 19          r 20           ln lk          grad status 
   0           0.1 0.01930007316 0.01132817128        -20000         0.208           0.1            20 0.87687086373 0.73497378901 0.64819631095 0.58534618456 0.55806247030 0.53982441924 0.54145473030 0.52682019575 0.55169721764 0.54873945796 0.58916183168 0.62887650964 0.65926636293 0.75170388974 0.86327559775 1.11067401281 1.59027123104             1             1 -1120722.977979 23200.2216240   -2 
1162 0.00086100502 0.01930554028 0.01012027030 -73.458572377 0.12379950106 0.02224506461 6.81661318894 0.86791867694 0.72107780408 0.62367344133 0.55627528873 0.52887306863 0.50851907398 0.49834576196 0.48500034919 0.49511315148 0.48099386709 0.51263085302 0.51876971405 0.51643341937 0.55954461435 0.58542705688 0.64936373750 0.71077798925 0.82252347585 1.11333555625 -282.4969070460 0.02750553992   -8 
-- Local optimization: reached maximum number of likelihood evaluations allowed.
---- Best joint likelihood found -282.496907046093838 with gradient 0.02751

---- Results for Mmc/701.polyDFE.config.txt 
--  Model: C
--        eps_an        lambda     theta_bar             a 
-- 0.00086100502 0.01930554028 0.01012027030            -1 
--           S_d             b           p_b           S_b 
-- -73.458572377 0.12379950106 0.02224506461 6.81661318894 
--           r 2           r 3           r 4           r 5           r 6           r 7           r 8           r 9          r 10          r 11          r 12          r 13          r 14          r 15          r 16          r 17          r 18          r 19          r 20 
-- 0.86791867694 0.72107780408 0.62367344133 0.55627528873 0.52887306863 0.50851907398 0.49834576196 0.48500034919 0.49511315148 0.48099386709 0.51263085302 0.51876971405 0.51643341937 0.55954461435 0.58542705688 0.64936373750 0.71077798925 0.82252347585 1.11333555625 

---- Expected P_neut(i), 0 < i < n (neutral SFS per site) 
E[P_neut(1)] = 0.0101119339
E[P_neut(2)] = 0.0043883485
E[P_neut(3)] = 0.0024307392
E[P_neut(4)] = 0.0015768962
E[P_neut(5)] = 0.0011252869
E[P_neut(6)] = 0.0008916098
E[P_neut(7)] = 0.0007349076
E[P_neut(8)] = 0.0006302537
E[P_neut(9)] = 0.0005452820
E[P_neut(10)] = 0.0005010679
E[P_neut(11)] = 0.0004426147
E[P_neut(12)] = 0.0004325008
E[P_neut(13)] = 0.0004041383
E[P_neut(14)] = 0.0003737642
E[P_neut(15)] = 0.0003781606
E[P_neut(16)] = 0.0003713323
E[P_neut(17)] = 0.0003883343
E[P_neut(18)] = 0.0004030631
E[P_neut(19)] = 0.0004464501

---- Expected P_sel(i), 0 < i < n (selected SFS per site) 
E[P_sel(1)] = 0.0072566159
E[P_sel(2)] = 0.0028431257
E[P_sel(3)] = 0.0014961580
E[P_sel(4)] = 0.0009395947
E[P_sel(5)] = 0.0006552596
E[P_sel(6)] = 0.0005103042
E[P_sel(7)] = 0.0004150401
E[P_sel(8)] = 0.0003522441
E[P_sel(9)] = 0.0003023014
E[P_sel(10)] = 0.0002761080
E[P_sel(11)] = 0.0002428747
E[P_sel(12)] = 0.0002367591
E[P_sel(13)] = 0.0002211239
E[P_sel(14)] = 0.0002048326
E[P_sel(15)] = 0.0002080807
E[P_sel(16)] = 0.0002057739
E[P_sel(17)] = 0.0002175803
E[P_sel(18)] = 0.0002296374
E[P_sel(19)] = 0.0002612999

---- Expected D_neut and D_sel (neutral and selected divergence per site) 
E[D_neut] = 0.0198689031
E[D_sel] = 0.0125316951

---- Expected neutral and selected misattributed polymorphism per site
E[mis_neut] = 0.0005633628
E[mis_sel] = 0.0003389759

---- alpha_div = 0.247281
---- alpha_dfe = 0.247076

