---- Running command
---- ./polyDFE -d Mmc/702.polyDFE.config.txt -m C -e 
---- Performing inference using model C

---- Performing inference on Mmc/702.polyDFE.config.txt
---- No mutation variability. Using Poisson likelihood.


---- Calculating initial values

-- Starting local optimization
-- Optimizing all parameters
  it        eps_an        lambda     theta_bar           S_d             b           p_b           S_b           r 2           r 3           r 4           r 5           r 6           r 7           r 8           r 9          r 10          r 11          r 12          r 13          r 14          r 15          r 16          r 17          r 18          r 19          r 20           ln lk          grad status 
   0           0.1 0.01926700429 0.01134168693        -20000         0.208           0.1            20 0.87564603575 0.73178570870 0.63836553612 0.58030061430 0.55541908225 0.54687719912 0.53332981831 0.53056267129 0.55557679058 0.56060634199 0.58475215874 0.62322269171 0.66773936524 0.74957719521 0.86338965111 1.10431811655 1.57580759937             1             1 -1114726.793965 23153.1057902   -2 
 666 0.00225325072 0.01924087706 0.01013981684 -79.922681826 0.12136755752 0.02043625332 7.37688872216 0.86876283146 0.71813647369 0.61739733468 0.55339332895 0.52519417339 0.51140105554 0.49186344812 0.48679586601 0.49658557560 0.48767635588 0.50443580920 0.51085948701 0.52506669593 0.55763077292 0.58611098562 0.64163163208 0.69537111788 0.80788370075 1.17500580213 -279.2541369291 0.58737109177   -8 
-- Local optimization: reached maximum number of likelihood evaluations allowed.
---- Best joint likelihood found -279.254136929113884 with gradient 0.58737

---- Results for Mmc/702.polyDFE.config.txt 
--  Model: C
--        eps_an        lambda     theta_bar             a 
-- 0.00225325072 0.01924087706 0.01013981684            -1 
--           S_d             b           p_b           S_b 
-- -79.922681826 0.12136755752 0.02043625332 7.37688872216 
--           r 2           r 3           r 4           r 5           r 6           r 7           r 8           r 9          r 10          r 11          r 12          r 13          r 14          r 15          r 16          r 17          r 18          r 19          r 20 
-- 0.86876283146 0.71813647369 0.61739733468 0.55339332895 0.52519417339 0.51140105554 0.49186344812 0.48679586601 0.49658557560 0.48767635588 0.50443580920 0.51085948701 0.52506669593 0.55763077292 0.58611098562 0.64163163208 0.69537111788 0.80788370075 1.17500580213 

---- Expected P_neut(i), 0 < i < n (neutral SFS per site) 
E[P_neut(1)] = 0.0101179408
E[P_neut(2)] = 0.0043955061
E[P_neut(3)] = 0.0024226506
E[P_neut(4)] = 0.0015623844
E[P_neut(5)] = 0.0011205820
E[P_neut(6)] = 0.0008864191
E[P_neut(7)] = 0.0007400162
E[P_neut(8)] = 0.0006229814
E[P_neut(9)] = 0.0005482239
E[P_neut(10)] = 0.0005035287
E[P_neut(11)] = 0.0004497637
E[P_neut(12)] = 0.0004266849
E[P_neut(13)] = 0.0003992345
E[P_neut(14)] = 0.0003814344
E[P_neut(15)] = 0.0003786310
E[P_neut(16)] = 0.0003741307
E[P_neut(17)] = 0.0003873144
E[P_neut(18)] = 0.0004007606
E[P_neut(19)] = 0.0004530231

---- Expected P_sel(i), 0 < i < n (selected SFS per site) 
E[P_sel(1)] = 0.0072224652
E[P_sel(2)] = 0.0028348903
E[P_sel(3)] = 0.0014853590
E[P_sel(4)] = 0.0009276762
E[P_sel(5)] = 0.0006503873
E[P_sel(6)] = 0.0005057526
E[P_sel(7)] = 0.0004166584
E[P_sel(8)] = 0.0003471348
E[P_sel(9)] = 0.0003030165
E[P_sel(10)] = 0.0002766139
E[P_sel(11)] = 0.0002460214
E[P_sel(12)] = 0.0002328159
E[P_sel(13)] = 0.0002177046
E[P_sel(14)] = 0.0002083057
E[P_sel(15)] = 0.0002075930
E[P_sel(16)] = 0.0002065874
E[P_sel(17)] = 0.0002163101
E[P_sel(18)] = 0.0002279007
E[P_sel(19)] = 0.0002660614

---- Expected D_neut and D_sel (neutral and selected divergence per site) 
E[D_neut] = 0.0198365942
E[D_sel] = 0.0125120855

---- Expected neutral and selected misattributed polymorphism per site
E[mis_neut] = 0.0005957172
E[mis_sel] = 0.0003575754

---- alpha_div = 0.244899
---- alpha_dfe = 0.244658

