---- Running command
---- ./polyDFE -d Mmc/703.polyDFE.config.txt -m C -e 
---- Performing inference using model C

---- Performing inference on Mmc/703.polyDFE.config.txt
---- No mutation variability. Using Poisson likelihood.


---- Calculating initial values

-- Starting local optimization
-- Optimizing all parameters
  it        eps_an        lambda     theta_bar           S_d             b           p_b           S_b           r 2           r 3           r 4           r 5           r 6           r 7           r 8           r 9          r 10          r 11          r 12          r 13          r 14          r 15          r 16          r 17          r 18          r 19          r 20           ln lk          grad status 
   0           0.1 0.01930856482 0.01135550876        -20000         0.208           0.1            20 0.87235944831 0.73613282365 0.64302868349 0.58330184857 0.55715191387 0.54306388238 0.53963307113 0.53323935188 0.55656852779 0.55684104911 0.59532255447 0.62680865595 0.66564050973 0.74715892536 0.86870330360 1.11381323119 1.58893146846             1             1 -1115473.757696 23181.3169883   -2 
 350 0.00787045223 0.01936537098 0.01022249718 -88.121440901 0.11333014425 0.00709758607 18.9279267936 0.86077262509 0.71917639066 0.61597773883 0.55337267624 0.52738549831 0.50631895097 0.49483586906 0.48441608198 0.49267492008 0.47949274486 0.51066688574 0.50831199590 0.51899471448 0.55108948791 0.58067980020 0.62900325774 0.67101885413 0.68673292941 0.99724299246 -288.2027695789 0.48471930034   -3 
-- Local optimization: stuck in the same solution
---- Best joint likelihood found -288.202769578914740 with gradient 0.48472

---- Results for Mmc/703.polyDFE.config.txt 
--  Model: C
--        eps_an        lambda     theta_bar             a 
-- 0.00787045223 0.01936537098 0.01022249718            -1 
--           S_d             b           p_b           S_b 
-- -88.121440901 0.11333014425 0.00709758607 18.9279267936 
--           r 2           r 3           r 4           r 5           r 6           r 7           r 8           r 9          r 10          r 11          r 12          r 13          r 14          r 15          r 16          r 17          r 18          r 19          r 20 
-- 0.86077262509 0.71917639066 0.61597773883 0.55337267624 0.52738549831 0.50631895097 0.49483586906 0.48441608198 0.49267492008 0.47949274486 0.51066688574 0.50831199590 0.51899471448 0.55108948791 0.58067980020 0.62900325774 0.67101885413 0.68673292941 0.99724299246 

---- Expected P_neut(i), 0 < i < n (neutral SFS per site) 
E[P_neut(1)] = 0.0101449495
E[P_neut(2)] = 0.0043679951
E[P_neut(3)] = 0.0024342825
E[P_neut(4)] = 0.0015647379
E[P_neut(5)] = 0.0011254216
E[P_neut(6)] = 0.0008944435
E[P_neut(7)] = 0.0007367327
E[P_neut(8)] = 0.0006307546
E[P_neut(9)] = 0.0005493924
E[P_neut(10)] = 0.0005036368
E[P_neut(11)] = 0.0004464246
E[P_neut(12)] = 0.0004365769
E[P_neut(13)] = 0.0004023826
E[P_neut(14)] = 0.0003830480
E[P_neut(15)] = 0.0003815159
E[P_neut(16)] = 0.0003804696
E[P_neut(17)] = 0.0003945448
E[P_neut(18)] = 0.0004127104
E[P_neut(19)] = 0.0004470280

---- Expected P_sel(i), 0 < i < n (selected SFS per site) 
E[P_sel(1)] = 0.0072370194
E[P_sel(2)] = 0.0028231773
E[P_sel(3)] = 0.0014973548
E[P_sel(4)] = 0.0009323043
E[P_sel(5)] = 0.0006552575
E[P_sel(6)] = 0.0005115829
E[P_sel(7)] = 0.0004153984
E[P_sel(8)] = 0.0003514965
E[P_sel(9)] = 0.0003031969
E[P_sel(10)] = 0.0002757148
E[P_sel(11)] = 0.0002427993
E[P_sel(12)] = 0.0002362309
E[P_sel(13)] = 0.0002169472
E[P_sel(14)] = 0.0002061393
E[P_sel(15)] = 0.0002053736
E[P_sel(16)] = 0.0002055404
E[P_sel(17)] = 0.0002150643
E[P_sel(18)] = 0.0002296790
E[P_sel(19)] = 0.0002644163

---- Expected D_neut and D_sel (neutral and selected divergence per site) 
E[D_neut] = 0.0198750867
E[D_sel] = 0.0125507073

---- Expected neutral and selected misattributed polymorphism per site
E[mis_neut] = 0.0005097157
E[mis_sel] = 0.0002971317

---- alpha_div = 0.213111
---- alpha_dfe = 0.213218

