---- Running command
---- ./polyDFE -d Mmc/704.polyDFE.config.txt -m C -e 
---- Performing inference using model C

---- Performing inference on Mmc/704.polyDFE.config.txt
---- No mutation variability. Using Poisson likelihood.


---- Calculating initial values

-- Starting local optimization
-- Optimizing all parameters
  it        eps_an        lambda     theta_bar           S_d             b           p_b           S_b           r 2           r 3           r 4           r 5           r 6           r 7           r 8           r 9          r 10          r 11          r 12          r 13          r 14          r 15          r 16          r 17          r 18          r 19          r 20           ln lk          grad status 
   0           0.1 0.01931459783 0.01135902689        -20000         0.208           0.1            20 0.86723191943 0.73571531859 0.63922086512 0.58072193470 0.55281319808 0.53868588984 0.53773605007 0.53182654916 0.55868376023 0.56041633754 0.58783870361 0.62346512389 0.66119894885 0.75951511341 0.87184314327 1.10304255908 1.57705319498             1             1 -1118785.490028 23178.6683025   -2 
 562 0.00455563495 0.01935868866 0.01018088737 -89.412635130 0.11166200091 0.00733909969 17.6994859197 0.86120241546 0.71754532580 0.61561171432 0.55240764351 0.52493819616 0.50720418458 0.49264612036 0.48427969356 0.49721857557 0.48721440457 0.50727086092 0.51107258594 0.51850031637 0.55798531309 0.58731452940 0.63468155484 0.68558832027 0.75302241336 1.02562186598 -281.6467521571 0.27718841650   -8 
-- Local optimization: reached maximum number of likelihood evaluations allowed.
---- Best joint likelihood found -281.646752157103037 with gradient 0.27719

---- Results for Mmc/704.polyDFE.config.txt 
--  Model: C
--        eps_an        lambda     theta_bar             a 
-- 0.00455563495 0.01935868866 0.01018088737            -1 
--           S_d             b           p_b           S_b 
-- -89.412635130 0.11166200091 0.00733909969 17.6994859197 
--           r 2           r 3           r 4           r 5           r 6           r 7           r 8           r 9          r 10          r 11          r 12          r 13          r 14          r 15          r 16          r 17          r 18          r 19          r 20 
-- 0.86120241546 0.71754532580 0.61561171432 0.55240764351 0.52493819616 0.50720418458 0.49264612036 0.48427969356 0.49721857557 0.48721440457 0.50727086092 0.51107258594 0.51850031637 0.55798531309 0.58731452940 0.63468155484 0.68558832027 0.75302241336 1.02562186598 

---- Expected P_neut(i), 0 < i < n (neutral SFS per site) 
E[P_neut(1)] = 0.0101363451
E[P_neut(2)] = 0.0043656975
E[P_neut(3)] = 0.0024257209
E[P_neut(4)] = 0.0015614328
E[P_neut(5)] = 0.0011214011
E[P_neut(6)] = 0.0008883827
E[P_neut(7)] = 0.0007361468
E[P_neut(8)] = 0.0006260513
E[P_neut(9)] = 0.0005473805
E[P_neut(10)] = 0.0005062126
E[P_neut(11)] = 0.0004513755
E[P_neut(12)] = 0.0004312678
E[P_neut(13)] = 0.0004017813
E[P_neut(14)] = 0.0003793967
E[P_neut(15)] = 0.0003821179
E[P_neut(16)] = 0.0003791470
E[P_neut(17)] = 0.0003894572
E[P_neut(18)] = 0.0004059770
E[P_neut(19)] = 0.0004480389

---- Expected P_sel(i), 0 < i < n (selected SFS per site) 
E[P_sel(1)] = 0.0072459602
E[P_sel(2)] = 0.0028314495
E[P_sel(3)] = 0.0014984059
E[P_sel(4)] = 0.0009347598
E[P_sel(5)] = 0.0006562768
E[P_sel(6)] = 0.0005108868
E[P_sel(7)] = 0.0004174358
E[P_sel(8)] = 0.0003509392
E[P_sel(9)] = 0.0003039246
E[P_sel(10)] = 0.0002788501
E[P_sel(11)] = 0.0002470453
E[P_sel(12)] = 0.0002348506
E[P_sel(13)] = 0.0002180081
E[P_sel(14)] = 0.0002054605
E[P_sel(15)] = 0.0002069441
E[P_sel(16)] = 0.0002059449
E[P_sel(17)] = 0.0002131572
E[P_sel(18)] = 0.0002259963
E[P_sel(19)] = 0.0002611566

---- Expected D_neut and D_sel (neutral and selected divergence per site) 
E[D_neut] = 0.0198807757
E[D_sel] = 0.0125343876

---- Expected neutral and selected misattributed polymorphism per site
E[mis_neut] = 0.0005220870
E[mis_sel] = 0.0003055515

---- alpha_div = 0.206478
---- alpha_dfe = 0.206631

