---- Running command
---- ./polyDFE -d Mmc/705.polyDFE.config.txt -m C -e 
---- Performing inference using model C

---- Performing inference on Mmc/705.polyDFE.config.txt
---- No mutation variability. Using Poisson likelihood.


---- Calculating initial values

-- Starting local optimization
-- Optimizing all parameters
  it        eps_an        lambda     theta_bar           S_d             b           p_b           S_b           r 2           r 3           r 4           r 5           r 6           r 7           r 8           r 9          r 10          r 11          r 12          r 13          r 14          r 15          r 16          r 17          r 18          r 19          r 20           ln lk          grad status 
   0           0.1 0.01928477887 0.01137340149        -20000         0.208           0.1            20 0.87109765803 0.73570973818 0.64192309110 0.58269074688 0.56135452003 0.53812018199 0.53727975625 0.53083274273 0.54945265859 0.55856888255 0.59575029711 0.61870961965 0.67415631043 0.74892320045 0.85358389401 1.10339201769 1.57789367326             1             1 -1112554.047458 23124.6054251   -2 
 600 0.00078051058 0.01935191533 0.01014289821 -70.391187716 0.13582433217 0.04545993206 3.92094727871 0.86670263986 0.72382899084 0.62076038584 0.55952211702 0.53221305839 0.50756297958 0.49459925340 0.48779519603 0.49284315237 0.48941851998 0.51346644492 0.51143653034 0.52335960755 0.55547217100 0.58048530123 0.64050192374 0.70938854175 0.80829690354 1.00485901686 -292.8937899557 0.28810192882   -3 
-- Local optimization: stuck in the same solution
---- Best joint likelihood found -292.893789955720422 with gradient 0.28810

---- Results for Mmc/705.polyDFE.config.txt 
--  Model: C
--        eps_an        lambda     theta_bar             a 
-- 0.00078051058 0.01935191533 0.01014289821            -1 
--           S_d             b           p_b           S_b 
-- -70.391187716 0.13582433217 0.04545993206 3.92094727871 
--           r 2           r 3           r 4           r 5           r 6           r 7           r 8           r 9          r 10          r 11          r 12          r 13          r 14          r 15          r 16          r 17          r 18          r 19          r 20 
-- 0.86670263986 0.72382899084 0.62076038584 0.55952211702 0.53221305839 0.50756297958 0.49459925340 0.48779519603 0.49284315237 0.48941851998 0.51346644492 0.51143653034 0.52335960755 0.55547217100 0.58048530123 0.64050192374 0.70938854175 0.80829690354 1.00485901686 

---- Expected P_neut(i), 0 < i < n (neutral SFS per site) 
E[P_neut(1)] = 0.0101353184
E[P_neut(2)] = 0.0043923196
E[P_neut(3)] = 0.0024456294
E[P_neut(4)] = 0.0015731360
E[P_neut(5)] = 0.0011344424
E[P_neut(6)] = 0.0008992909
E[P_neut(7)] = 0.0007351888
E[P_neut(8)] = 0.0006269330
E[P_neut(9)] = 0.0005496628
E[P_neut(10)] = 0.0004998858
E[P_neut(11)] = 0.0004513607
E[P_neut(12)] = 0.0004341539
E[P_neut(13)] = 0.0003992971
E[P_neut(14)] = 0.0003795765
E[P_neut(15)] = 0.0003761993
E[P_neut(16)] = 0.0003689291
E[P_neut(17)] = 0.0003837616
E[P_neut(18)] = 0.0004028551
E[P_neut(19)] = 0.0004390784

---- Expected P_sel(i), 0 < i < n (selected SFS per site) 
E[P_sel(1)] = 0.0072366549
E[P_sel(2)] = 0.0028208581
E[P_sel(3)] = 0.0014902440
E[P_sel(4)] = 0.0009278170
E[P_sel(5)] = 0.0006541929
E[P_sel(6)] = 0.0005101949
E[P_sel(7)] = 0.0004120958
E[P_sel(8)] = 0.0003483221
E[P_sel(9)] = 0.0003034965
E[P_sel(10)] = 0.0002749214
E[P_sel(11)] = 0.0002477739
E[P_sel(12)] = 0.0002383715
E[P_sel(13)] = 0.0002197307
E[P_sel(14)] = 0.0002098192
E[P_sel(15)] = 0.0002094067
E[P_sel(16)] = 0.0002073913
E[P_sel(17)] = 0.0002186181
E[P_sel(18)] = 0.0002336120
E[P_sel(19)] = 0.0002610873

---- Expected D_neut and D_sel (neutral and selected divergence per site) 
E[D_neut] = 0.0198615245
E[D_sel] = 0.0125572407

---- Expected neutral and selected misattributed polymorphism per site
E[mis_neut] = 0.0005096091
E[mis_sel] = 0.0003107153

---- alpha_div = 0.304100
---- alpha_dfe = 0.303478

