---- Running command
---- ./polyDFE -d Mmc/706.polyDFE.config.txt -m C -e 
---- Performing inference using model C

---- Performing inference on Mmc/706.polyDFE.config.txt
---- No mutation variability. Using Poisson likelihood.


---- Calculating initial values

-- Starting local optimization
-- Optimizing all parameters
  it        eps_an        lambda     theta_bar           S_d             b           p_b           S_b           r 2           r 3           r 4           r 5           r 6           r 7           r 8           r 9          r 10          r 11          r 12          r 13          r 14          r 15          r 16          r 17          r 18          r 19          r 20           ln lk          grad status 
   0           0.1 0.01932099930 0.01133800983        -20000         0.208           0.1            20 0.87626098353 0.73484447004 0.64428456571 0.58221544651 0.55591260245 0.54135954145 0.53524214607 0.53082823606 0.55877703308 0.56387945287 0.59428673161 0.63538282122 0.66975617989 0.75110135460 0.86181029678 1.11215035319 1.58752991049             1             1 -1119662.963307 23213.1980459   -2 
 912 0.00070826673 0.01941423107 0.01012275952 -76.966410278 0.12133018125 0.01819275132 8.10959767996 0.86776671212 0.72240547661 0.62011594931 0.55680198974 0.52856919000 0.50998394956 0.49386277217 0.48629728141 0.49573924521 0.49043100060 0.51846580640 0.52119285285 0.52844235320 0.56102366738 0.58827621739 0.65269286845 0.71701380667 0.82920526102 0.93954859715 -286.5524633345 0.05586474790   -3 
-- Local optimization: stuck in the same solution
---- Best joint likelihood found -286.552463334519416 with gradient 0.05586

---- Results for Mmc/706.polyDFE.config.txt 
--  Model: C
--        eps_an        lambda     theta_bar             a 
-- 0.00070826673 0.01941423107 0.01012275952            -1 
--           S_d             b           p_b           S_b 
-- -76.966410278 0.12133018125 0.01819275132 8.10959767996 
--           r 2           r 3           r 4           r 5           r 6           r 7           r 8           r 9          r 10          r 11          r 12          r 13          r 14          r 15          r 16          r 17          r 18          r 19          r 20 
-- 0.86776671212 0.72240547661 0.62011594931 0.55680198974 0.52856919000 0.50998394956 0.49386277217 0.48629728141 0.49573924521 0.49043100060 0.51846580640 0.52119285285 0.52844235320 0.56102366738 0.58827621739 0.65269286845 0.71701380667 0.82920526102 0.93954859715 

---- Expected P_neut(i), 0 < i < n (neutral SFS per site) 
E[P_neut(1)] = 0.0101159028
E[P_neut(2)] = 0.0043892717
E[P_neut(3)] = 0.0024361278
E[P_neut(4)] = 0.0015684733
E[P_neut(5)] = 0.0011267443
E[P_neut(6)] = 0.0008914022
E[P_neut(7)] = 0.0007372572
E[P_neut(8)] = 0.0006247739
E[P_neut(9)] = 0.0005468956
E[P_neut(10)] = 0.0005018249
E[P_neut(11)] = 0.0004513873
E[P_neut(12)] = 0.0004374916
E[P_neut(13)] = 0.0004060741
E[P_neut(14)] = 0.0003824535
E[P_neut(15)] = 0.0003791374
E[P_neut(16)] = 0.0003730341
E[P_neut(17)] = 0.0003901014
E[P_neut(18)] = 0.0004060562
E[P_neut(19)] = 0.0004486381

---- Expected P_sel(i), 0 < i < n (selected SFS per site) 
E[P_sel(1)] = 0.0072427716
E[P_sel(2)] = 0.0028390353
E[P_sel(3)] = 0.0014975067
E[P_sel(4)] = 0.0009334448
E[P_sel(5)] = 0.0006552855
E[P_sel(6)] = 0.0005094697
E[P_sel(7)] = 0.0004156861
E[P_sel(8)] = 0.0003485030
E[P_sel(9)] = 0.0003024921
E[P_sel(10)] = 0.0002757591
E[P_sel(11)] = 0.0002468740
E[P_sel(12)] = 0.0002385628
E[P_sel(13)] = 0.0002211761
E[P_sel(14)] = 0.0002084937
E[P_sel(15)] = 0.0002073643
E[P_sel(16)] = 0.0002053167
E[P_sel(17)] = 0.0002169448
E[P_sel(18)] = 0.0002295369
E[P_sel(19)] = 0.0002606771

---- Expected D_neut and D_sel (neutral and selected divergence per site) 
E[D_neut] = 0.0198897723
E[D_sel] = 0.0125383353

---- Expected neutral and selected misattributed polymorphism per site
E[mis_neut] = 0.0004755412
E[mis_sel] = 0.0002845322

---- alpha_div = 0.238851
---- alpha_dfe = 0.238692

