---- Running command
---- ./polyDFE -d Mmc/707.polyDFE.config.txt -m C -e 
---- Performing inference using model C

---- Performing inference on Mmc/707.polyDFE.config.txt
---- No mutation variability. Using Poisson likelihood.


---- Calculating initial values

-- Starting local optimization
-- Optimizing all parameters
  it        eps_an        lambda     theta_bar           S_d             b           p_b           S_b           r 2           r 3           r 4           r 5           r 6           r 7           r 8           r 9          r 10          r 11          r 12          r 13          r 14          r 15          r 16          r 17          r 18          r 19          r 20           ln lk          grad status 
   0           0.1 0.01929032809 0.01135826124        -20000         0.208           0.1            20 0.87770519369 0.73517431256 0.64042478736 0.58070691517 0.55722846812 0.53749269085 0.54265278162 0.52805830741 0.54567074505 0.55357951277 0.59306650278 0.63296771000 0.67184538044 0.74410554477 0.86236084749 1.11424873947 1.57169904903             1             1 -1116757.275798 23176.8612840   -2 
1010 0.00211937480 0.01932169597 0.01015815769 -75.032625955 0.12690438956 0.02894054184 5.55143440837 0.86755516891 0.72221813787 0.61752509921 0.55604286270 0.52966258759 0.50341381976 0.49812983511 0.48334248791 0.48748309091 0.48402819323 0.50999288662 0.51713794853 0.52678497897 0.55393280795 0.58470590120 0.64671740573 0.68990668245 0.79105360151 1.05680686800 -267.0426536284 0.03005862534   -3 
-- Local optimization: stuck in the same solution
---- Best joint likelihood found -267.042653628435801 with gradient 0.03006

---- Results for Mmc/707.polyDFE.config.txt 
--  Model: C
--        eps_an        lambda     theta_bar             a 
-- 0.00211937480 0.01932169597 0.01015815769            -1 
--           S_d             b           p_b           S_b 
-- -75.032625955 0.12690438956 0.02894054184 5.55143440837 
--           r 2           r 3           r 4           r 5           r 6           r 7           r 8           r 9          r 10          r 11          r 12          r 13          r 14          r 15          r 16          r 17          r 18          r 19          r 20 
-- 0.86755516891 0.72221813787 0.61752509921 0.55604286270 0.52966258759 0.50341381976 0.49812983511 0.48334248791 0.48748309091 0.48402819323 0.50999288662 0.51713794853 0.52678497897 0.55393280795 0.58470590120 0.64671740573 0.68990668245 0.79105360151 1.05680686800 

---- Expected P_neut(i), 0 < i < n (neutral SFS per site) 
E[P_neut(1)] = 0.0101375251
E[P_neut(2)] = 0.0043978675
E[P_neut(3)] = 0.0024411047
E[P_neut(4)] = 0.0015656924
E[P_neut(5)] = 0.0011280751
E[P_neut(6)] = 0.0008956422
E[P_neut(7)] = 0.0007298448
E[P_neut(8)] = 0.0006320846
E[P_neut(9)] = 0.0005453321
E[P_neut(10)] = 0.0004951930
E[P_neut(11)] = 0.0004471939
E[P_neut(12)] = 0.0004321412
E[P_neut(13)] = 0.0004047818
E[P_neut(14)] = 0.0003833165
E[P_neut(15)] = 0.0003767283
E[P_neut(16)] = 0.0003737578
E[P_neut(17)] = 0.0003908025
E[P_neut(18)] = 0.0003978570
E[P_neut(19)] = 0.0004435614

---- Expected P_sel(i), 0 < i < n (selected SFS per site) 
E[P_sel(1)] = 0.0072409972
E[P_sel(2)] = 0.0028326747
E[P_sel(3)] = 0.0014933498
E[P_sel(4)] = 0.0009272667
E[P_sel(5)] = 0.0006530648
E[P_sel(6)] = 0.0005098268
E[P_sel(7)] = 0.0004101427
E[P_sel(8)] = 0.0003517285
E[P_sel(9)] = 0.0003012191
E[P_sel(10)] = 0.0002720818
E[P_sel(11)] = 0.0002448936
E[P_sel(12)] = 0.0002363178
E[P_sel(13)] = 0.0002214862
E[P_sel(14)] = 0.0002103250
E[P_sel(15)] = 0.0002078095
E[P_sel(16)] = 0.0002079112
E[P_sel(17)] = 0.0002201100
E[P_sel(18)] = 0.0002282555
E[P_sel(19)] = 0.0002624764

---- Expected D_neut and D_sel (neutral and selected divergence per site) 
E[D_neut] = 0.0198584565
E[D_sel] = 0.0125244291

---- Expected neutral and selected misattributed polymorphism per site
E[mis_neut] = 0.0005367605
E[mis_sel] = 0.0003242898

---- alpha_div = 0.265175
---- alpha_dfe = 0.265156

