---- Running command
---- ./polyDFE -d Mmc/708.polyDFE.config.txt -m C -e 
---- Performing inference using model C

---- Performing inference on Mmc/708.polyDFE.config.txt
---- No mutation variability. Using Poisson likelihood.


---- Calculating initial values

-- Starting local optimization
-- Optimizing all parameters
  it        eps_an        lambda     theta_bar           S_d             b           p_b           S_b           r 2           r 3           r 4           r 5           r 6           r 7           r 8           r 9          r 10          r 11          r 12          r 13          r 14          r 15          r 16          r 17          r 18          r 19          r 20           ln lk          grad status 
   0           0.1 0.01925412077 0.01140493970        -20000         0.208           0.1            20 0.86783755759 0.73443660269 0.64113433960 0.57945493025 0.55373608537 0.54603498173 0.53997809710 0.53164031794 0.54908216562 0.56274096729 0.59398467311 0.63211995254 0.66804089323 0.74124113481 0.85640257889  1.1043117429 1.56787855647             1             1 -1112480.829142 23102.4040625   -2 
 372 0.00501644054 0.01930966522 0.01023231693 -98.390572345 0.11021641048 0.00881990893 15.1925333446 0.86025230955 0.71681177339 0.61822906268 0.55217466596 0.52284083575 0.50750881919 0.49378073511 0.48379369130 0.48938249119 0.48592066083 0.51057369429 0.51557171657 0.52350798159 0.55049320786 0.57554968775 0.63406336625 0.67954769054 0.73536511853 1.00105220524 -293.4250474038 1.89036355633   -3 
-- Local optimization: stuck in the same solution
---- Best joint likelihood found -293.425047403870849 with gradient 1.89036

---- Results for Mmc/708.polyDFE.config.txt 
--  Model: C
--        eps_an        lambda     theta_bar             a 
-- 0.00501644054 0.01930966522 0.01023231693            -1 
--           S_d             b           p_b           S_b 
-- -98.390572345 0.11021641048 0.00881990893 15.1925333446 
--           r 2           r 3           r 4           r 5           r 6           r 7           r 8           r 9          r 10          r 11          r 12          r 13          r 14          r 15          r 16          r 17          r 18          r 19          r 20 
-- 0.86025230955 0.71681177339 0.61822906268 0.55217466596 0.52284083575 0.50750881919 0.49378073511 0.48379369130 0.48938249119 0.48592066083 0.51057369429 0.51557171657 0.52350798159 0.55049320786 0.57554968775 0.63406336625 0.67954769054 0.73536511853 1.00105220524 

---- Expected P_neut(i), 0 < i < n (neutral SFS per site) 
E[P_neut(1)] = 0.0101829738
E[P_neut(2)] = 0.0043810467
E[P_neut(3)] = 0.0024345316
E[P_neut(4)] = 0.0015753920
E[P_neut(5)] = 0.0011262204
E[P_neut(6)] = 0.0008890920
E[P_neut(7)] = 0.0007401701
E[P_neut(8)] = 0.0006305809
E[P_neut(9)] = 0.0005495450
E[P_neut(10)] = 0.0005007517
E[P_neut(11)] = 0.0004525003
E[P_neut(12)] = 0.0004363469
E[P_neut(13)] = 0.0004074929
E[P_neut(14)] = 0.0003851749
E[P_neut(15)] = 0.0003793062
E[P_neut(16)] = 0.0003741624
E[P_neut(17)] = 0.0003919935
E[P_neut(18)] = 0.0004064375
E[P_neut(19)] = 0.0004453689

---- Expected P_sel(i), 0 < i < n (selected SFS per site) 
E[P_sel(1)] = 0.0072371862
E[P_sel(2)] = 0.0028274429
E[P_sel(3)] = 0.0014976269
E[P_sel(4)] = 0.0009397941
E[P_sel(5)] = 0.0006571185
E[P_sel(6)] = 0.0005100015
E[P_sel(7)] = 0.0004188470
E[P_sel(8)] = 0.0003529058
E[P_sel(9)] = 0.0003047742
E[P_sel(10)] = 0.0002756587
E[P_sel(11)] = 0.0002476275
E[P_sel(12)] = 0.0002377227
E[P_sel(13)] = 0.0002213505
E[P_sel(14)] = 0.0002089745
E[P_sel(15)] = 0.0002059839
E[P_sel(16)] = 0.0002040078
E[P_sel(17)] = 0.0002156004
E[P_sel(18)] = 0.0002276628
E[P_sel(19)] = 0.0002615350

---- Expected D_neut and D_sel (neutral and selected divergence per site) 
E[D_neut] = 0.0198218194
E[D_sel] = 0.0125392938

---- Expected neutral and selected misattributed polymorphism per site
E[mis_neut] = 0.0005121542
E[mis_sel] = 0.0003019503

---- alpha_div = 0.212734
---- alpha_dfe = 0.212811

