---- Running command
---- ./polyDFE -d Mmc/709.polyDFE.config.txt -m C -e 
---- Performing inference using model C

---- Performing inference on Mmc/709.polyDFE.config.txt
---- No mutation variability. Using Poisson likelihood.


---- Calculating initial values

-- Starting local optimization
-- Optimizing all parameters
  it        eps_an        lambda     theta_bar           S_d             b           p_b           S_b           r 2           r 3           r 4           r 5           r 6           r 7           r 8           r 9          r 10          r 11          r 12          r 13          r 14          r 15          r 16          r 17          r 18          r 19          r 20           ln lk          grad status 
   0           0.1 0.01928779997 0.01137091349        -20000         0.208           0.1            20 0.87665580283 0.74012074789 0.64511219006 0.57940593534 0.55549917138 0.53787600641 0.53401929113 0.52906205774 0.55395239344 0.55539859208 0.58688209591 0.62683076412 0.66733356119 0.75651812734 0.86121994279 1.10695235527 1.58984756602             1             1 -1116661.381111 23188.3076513   -2 
 467 0.00512298687 0.01934361250 0.01020790248 -87.160271626 0.11600932029 0.01174007586 11.9660063802 0.86620765928 0.72251879503 0.61772633437 0.54967658066 0.52493743251 0.50567121137 0.49206067146 0.48246827406 0.49071097625 0.48132234999 0.50608813556 0.51708135099 0.52270043049 0.56316056719 0.57871205188 0.63187540078 0.68095880654 0.73717246327 1.00284672690 -289.6847989403 0.60538514742   -3 
-- Local optimization: stuck in the same solution
---- Best joint likelihood found -289.684798940332257 with gradient 0.60539

---- Results for Mmc/709.polyDFE.config.txt 
--  Model: C
--        eps_an        lambda     theta_bar             a 
-- 0.00512298687 0.01934361250 0.01020790248            -1 
--           S_d             b           p_b           S_b 
-- -87.160271626 0.11600932029 0.01174007586 11.9660063802 
--           r 2           r 3           r 4           r 5           r 6           r 7           r 8           r 9          r 10          r 11          r 12          r 13          r 14          r 15          r 16          r 17          r 18          r 19          r 20 
-- 0.86620765928 0.72251879503 0.61772633437 0.54967658066 0.52493743251 0.50567121137 0.49206067146 0.48246827406 0.49071097625 0.48132234999 0.50608813556 0.51708135099 0.52270043049 0.56316056719 0.57871205188 0.63187540078 0.68095880654 0.73717246327 1.00284672690 

---- Expected P_neut(i), 0 < i < n (neutral SFS per site) 
E[P_neut(1)] = 0.0101576365
E[P_neut(2)] = 0.0044004109
E[P_neut(3)] = 0.0024478162
E[P_neut(4)] = 0.0015702380
E[P_neut(5)] = 0.0011184233
E[P_neut(6)] = 0.0008904622
E[P_neut(7)] = 0.0007357084
E[P_neut(8)] = 0.0006268524
E[P_neut(9)] = 0.0005467059
E[P_neut(10)] = 0.0005009130
E[P_neut(11)] = 0.0004471780
E[P_neut(12)] = 0.0004315192
E[P_neut(13)] = 0.0004077220
E[P_neut(14)] = 0.0003837424
E[P_neut(15)] = 0.0003870316
E[P_neut(16)] = 0.0003753993
E[P_neut(17)] = 0.0003900699
E[P_neut(18)] = 0.0004068464
E[P_neut(19)] = 0.0004463178

---- Expected P_sel(i), 0 < i < n (selected SFS per site) 
E[P_sel(1)] = 0.0072309782
E[P_sel(2)] = 0.0028351399
E[P_sel(3)] = 0.0015003967
E[P_sel(4)] = 0.0009322816
E[P_sel(5)] = 0.0006489977
E[P_sel(6)] = 0.0005077574
E[P_sel(7)] = 0.0004137419
E[P_sel(8)] = 0.0003486091
E[P_sel(9)] = 0.0003013020
E[P_sel(10)] = 0.0002740713
E[P_sel(11)] = 0.0002433060
E[P_sel(12)] = 0.0002338501
E[P_sel(13)] = 0.0002204454
E[P_sel(14)] = 0.0002074035
E[P_sel(15)] = 0.0002095904
E[P_sel(16)] = 0.0002043729
E[P_sel(17)] = 0.0002145455
E[P_sel(18)] = 0.0002282205
E[P_sel(19)] = 0.0002624664

---- Expected D_neut and D_sel (neutral and selected divergence per site) 
E[D_neut] = 0.0198554606
E[D_sel] = 0.0125149249

---- Expected neutral and selected misattributed polymorphism per site
E[mis_neut] = 0.0005118481
E[mis_sel] = 0.0003025339

---- alpha_div = 0.224735
---- alpha_dfe = 0.224790

