---- Running command
---- ./polyDFE -d Mmc/71.polyDFE.config.txt -m C -e 
---- Performing inference using model C

---- Performing inference on Mmc/71.polyDFE.config.txt
---- No mutation variability. Using Poisson likelihood.


---- Calculating initial values

-- Starting local optimization
-- Optimizing all parameters
  it        eps_an        lambda     theta_bar           S_d             b           p_b           S_b           r 2           r 3           r 4           r 5           r 6           r 7           r 8           r 9          r 10          r 11          r 12          r 13          r 14          r 15          r 16          r 17          r 18          r 19          r 20           ln lk          grad status 
   0           0.1 0.01926155620 0.01140270866        -20000         0.208           0.1            20 0.86786800554 0.73210615531 0.63692500810 0.58192763234 0.55590087390 0.53651706076 0.53266198877 0.52713507461 0.55177822903 0.55022962548 0.58916766561 0.62057568402 0.66642317260 0.73868930604 0.85555576836 1.09748228270 1.58392354498             1             1 -1116470.018307 23150.5439340   -2 
1020 0.00082542802 0.01929149598 0.01017640632 -89.646815112 0.11420295262 0.01218106241 11.4070567155 0.86276747171 0.71704690429 0.61636293338 0.55277726744 0.52895962225 0.50224565170 0.48975981618 0.48239257757 0.49489642066 0.48312631498 0.50853593777 0.51409579396 0.52493893684 0.55692984618 0.58170514557 0.64039361121 0.71273430570 0.81887694749 1.06540419335 -280.8971347282 0.04783285148   -8 
-- Local optimization: reached maximum number of likelihood evaluations allowed.
---- Best joint likelihood found -280.897134728234960 with gradient 0.04783

---- Results for Mmc/71.polyDFE.config.txt 
--  Model: C
--        eps_an        lambda     theta_bar             a 
-- 0.00082542802 0.01929149598 0.01017640632            -1 
--           S_d             b           p_b           S_b 
-- -89.646815112 0.11420295262 0.01218106241 11.4070567155 
--           r 2           r 3           r 4           r 5           r 6           r 7           r 8           r 9          r 10          r 11          r 12          r 13          r 14          r 15          r 16          r 17          r 18          r 19          r 20 
-- 0.86276747171 0.71704690429 0.61636293338 0.55277726744 0.52895962225 0.50224565170 0.48975981618 0.48239257757 0.49489642066 0.48312631498 0.50853593777 0.51409579396 0.52493893684 0.55692984618 0.58170514557 0.64039361121 0.71273430570 0.81887694749 1.06540419335 

---- Expected P_neut(i), 0 < i < n (neutral SFS per site) 
E[P_neut(1)] = 0.0101683685
E[P_neut(2)] = 0.0043866452
E[P_neut(3)] = 0.0024306289
E[P_neut(4)] = 0.0015671010
E[P_neut(5)] = 0.0011244404
E[P_neut(6)] = 0.0008967258
E[P_neut(7)] = 0.0007298803
E[P_neut(8)] = 0.0006228411
E[P_neut(9)] = 0.0005453657
E[P_neut(10)] = 0.0005036267
E[P_neut(11)] = 0.0004470349
E[P_neut(12)] = 0.0004314140
E[P_neut(13)] = 0.0004027049
E[P_neut(14)] = 0.0003819964
E[P_neut(15)] = 0.0003784531
E[P_neut(16)] = 0.0003709682
E[P_neut(17)] = 0.0003850387
E[P_neut(18)] = 0.0004062395
E[P_neut(19)] = 0.0004466286

---- Expected P_sel(i), 0 < i < n (selected SFS per site) 
E[P_sel(1)] = 0.0072458164
E[P_sel(2)] = 0.0028330431
E[P_sel(3)] = 0.0014946857
E[P_sel(4)] = 0.0009339684
E[P_sel(5)] = 0.0006552669
E[P_sel(6)] = 0.0005136822
E[P_sel(7)] = 0.0004124731
E[P_sel(8)] = 0.0003481584
E[P_sel(9)] = 0.0003021702
E[P_sel(10)] = 0.0002770770
E[P_sel(11)] = 0.0002446038
E[P_sel(12)] = 0.0002351381
E[P_sel(13)] = 0.0002189929
E[P_sel(14)] = 0.0002076398
E[P_sel(15)] = 0.0002060761
E[P_sel(16)] = 0.0002029419
E[P_sel(17)] = 0.0002124861
E[P_sel(18)] = 0.0002276460
E[P_sel(19)] = 0.0002578709

---- Expected D_neut and D_sel (neutral and selected divergence per site) 
E[D_neut] = 0.0198335953
E[D_sel] = 0.0125264717

---- Expected neutral and selected misattributed polymorphism per site
E[mis_neut] = 0.0005420993
E[mis_sel] = 0.0003219856

---- alpha_div = 0.222263
---- alpha_dfe = 0.222096

