---- Running command
---- ./polyDFE -d Mmc/710.polyDFE.config.txt -m C -e 
---- Performing inference using model C

---- Performing inference on Mmc/710.polyDFE.config.txt
---- No mutation variability. Using Poisson likelihood.


---- Calculating initial values

-- Starting local optimization
-- Optimizing all parameters
  it        eps_an        lambda     theta_bar           S_d             b           p_b           S_b           r 2           r 3           r 4           r 5           r 6           r 7           r 8           r 9          r 10          r 11          r 12          r 13          r 14          r 15          r 16          r 17          r 18          r 19          r 20           ln lk          grad status 
   0           0.1 0.01929421540 0.01134217092        -20000         0.208           0.1            20 0.87496189344 0.73064191456 0.64320030885 0.58105008863 0.56186505781 0.54010719237 0.53688431621 0.52736086474 0.55407917291 0.56273995690 0.59358170352 0.63097295982 0.66505618013 0.74860901211 0.86402808003 1.10931717121 1.58086094992             1             1 -1119848.285764 23207.6548989   -2 
 470 0.00368185068 0.01935377277 0.01015959265 -83.626874493 0.11645869274 0.01354777814 10.2276442295 0.86573514170 0.71669437820 0.61900970854 0.55290273014 0.53267790482 0.50528173632 0.49379819872 0.48273085479 0.49589830713 0.48519308222 0.51186432995 0.51249793238 0.52098203500 0.55573420940 0.58645592676 0.64803933495 0.68588125855 0.76755506391 1.00249803089 -290.1854074503 1.18635376675   -3 
-- Local optimization: stuck in the same solution
---- Best joint likelihood found -290.185407450306229 with gradient 1.18635

---- Results for Mmc/710.polyDFE.config.txt 
--  Model: C
--        eps_an        lambda     theta_bar             a 
-- 0.00368185068 0.01935377277 0.01015959265            -1 
--           S_d             b           p_b           S_b 
-- -83.626874493 0.11645869274 0.01354777814 10.2276442295 
--           r 2           r 3           r 4           r 5           r 6           r 7           r 8           r 9          r 10          r 11          r 12          r 13          r 14          r 15          r 16          r 17          r 18          r 19          r 20 
-- 0.86573514170 0.71669437820 0.61900970854 0.55290273014 0.53267790482 0.50528173632 0.49379819872 0.48273085479 0.49589830713 0.48519308222 0.51186432995 0.51249793238 0.52098203500 0.55573420940 0.58645592676 0.64803933495 0.68588125855 0.76755506391 1.00249803089 

---- Expected P_neut(i), 0 < i < n (neutral SFS per site) 
E[P_neut(1)] = 0.0101236977
E[P_neut(2)] = 0.0043829916
E[P_neut(3)] = 0.0024195973
E[P_neut(4)] = 0.0015678040
E[P_neut(5)] = 0.0011207028
E[P_neut(6)] = 0.0009000362
E[P_neut(7)] = 0.0007321255
E[P_neut(8)] = 0.0006263853
E[P_neut(9)] = 0.0005445712
E[P_neut(10)] = 0.0005038125
E[P_neut(11)] = 0.0004484804
E[P_neut(12)] = 0.0004340744
E[P_neut(13)] = 0.0004017462
E[P_neut(14)] = 0.0003799979
E[P_neut(15)] = 0.0003791527
E[P_neut(16)] = 0.0003768022
E[P_neut(17)] = 0.0003947936
E[P_neut(18)] = 0.0004018929
E[P_neut(19)] = 0.0004463185

---- Expected P_sel(i), 0 < i < n (selected SFS per site) 
E[P_sel(1)] = 0.0072371757
E[P_sel(2)] = 0.0028368442
E[P_sel(3)] = 0.0014901177
E[P_sel(4)] = 0.0009353841
E[P_sel(5)] = 0.0006536089
E[P_sel(6)] = 0.0005159055
E[P_sel(7)] = 0.0004139677
E[P_sel(8)] = 0.0003503228
E[P_sel(9)] = 0.0003018998
E[P_sel(10)] = 0.0002773620
E[P_sel(11)] = 0.0002455951
E[P_sel(12)] = 0.0002368336
E[P_sel(13)] = 0.0002187646
E[P_sel(14)] = 0.0002069154
E[P_sel(15)] = 0.0002069251
E[P_sel(16)] = 0.0002067596
E[P_sel(17)] = 0.0002187905
E[P_sel(18)] = 0.0002268031
E[P_sel(19)] = 0.0002620094

---- Expected D_neut and D_sel (neutral and selected divergence per site) 
E[D_neut] = 0.0198630214
E[D_sel] = 0.0124999693

---- Expected neutral and selected misattributed polymorphism per site
E[mis_neut] = 0.0005092486
E[mis_sel] = 0.0003026390

---- alpha_div = 0.223053
---- alpha_dfe = 0.222880

