---- Running command
---- ./polyDFE -d Mmc/711.polyDFE.config.txt -m C -e 
---- Performing inference using model C

---- Performing inference on Mmc/711.polyDFE.config.txt
---- No mutation variability. Using Poisson likelihood.


---- Calculating initial values

-- Starting local optimization
-- Optimizing all parameters
  it        eps_an        lambda     theta_bar           S_d             b           p_b           S_b           r 2           r 3           r 4           r 5           r 6           r 7           r 8           r 9          r 10          r 11          r 12          r 13          r 14          r 15          r 16          r 17          r 18          r 19          r 20           ln lk          grad status 
   0           0.1 0.01931680068 0.01135105304        -20000         0.208           0.1            20 0.87637159135 0.73595096290 0.64636038322 0.58142116221 0.56031980686 0.53944129756 0.53711190781 0.53480855402 0.55605273745 0.55573586890 0.59016599581 0.62750432804 0.66822323854 0.74560705731 0.86887253796 1.10836760985 1.58491884947             1             1 -1118815.159283 23228.6539693   -2 
 326 0.00392676851 0.01936961754 0.01019021564 -102.73462981 0.10651341339 0.00292939599 41.8267874573 0.86267011573 0.71835876909 0.61742836935 0.55040761733 0.52524511748 0.50645559448 0.48938452491 0.48463444849 0.49505169132 0.48289025041 0.51084478973 0.51320488107 0.52148070185 0.55606142366 0.58783073486 0.64516628591 0.70287837405 0.76857962196 1.00518924959 -316.1244627165 0.39963177191   -3 
-- Local optimization: stuck in the same solution
---- Best joint likelihood found -316.124462716557900 with gradient 0.39963

---- Results for Mmc/711.polyDFE.config.txt 
--  Model: C
--        eps_an        lambda     theta_bar             a 
-- 0.00392676851 0.01936961754 0.01019021564            -1 
--           S_d             b           p_b           S_b 
-- -102.73462981 0.10651341339 0.00292939599 41.8267874573 
--           r 2           r 3           r 4           r 5           r 6           r 7           r 8           r 9          r 10          r 11          r 12          r 13          r 14          r 15          r 16          r 17          r 18          r 19          r 20 
-- 0.86267011573 0.71835876909 0.61742836935 0.55040761733 0.52524511748 0.50645559448 0.48938452491 0.48463444849 0.49505169132 0.48289025041 0.51084478973 0.51320488107 0.52148070185 0.55606142366 0.58783073486 0.64516628591 0.70287837405 0.76857962196 1.00518924959 

---- Expected P_neut(i), 0 < i < n (neutral SFS per site) 
E[P_neut(1)] = 0.0101518197
E[P_neut(2)] = 0.0043797001
E[P_neut(3)] = 0.0024320139
E[P_neut(4)] = 0.0015682256
E[P_neut(5)] = 0.0011188330
E[P_neut(6)] = 0.0008900477
E[P_neut(7)] = 0.0007359548
E[P_neut(8)] = 0.0006226224
E[P_neut(9)] = 0.0005483274
E[P_neut(10)] = 0.0005044683
E[P_neut(11)] = 0.0004477395
E[P_neut(12)] = 0.0004345459
E[P_neut(13)] = 0.0004035976
E[P_neut(14)] = 0.0003815839
E[P_neut(15)] = 0.0003806806
E[P_neut(16)] = 0.0003790890
E[P_neut(17)] = 0.0003947915
E[P_neut(18)] = 0.0004136129
E[P_neut(19)] = 0.0004506061

---- Expected P_sel(i), 0 < i < n (selected SFS per site) 
E[P_sel(1)] = 0.0072228124
E[P_sel(2)] = 0.0028340579
E[P_sel(3)] = 0.0015009141
E[P_sel(4)] = 0.0009386395
E[P_sel(5)] = 0.0006548634
E[P_sel(6)] = 0.0005119492
E[P_sel(7)] = 0.0004173506
E[P_sel(8)] = 0.0003489159
E[P_sel(9)] = 0.0003041972
E[P_sel(10)] = 0.0002774480
E[P_sel(11)] = 0.0002444221
E[P_sel(12)] = 0.0002357196
E[P_sel(13)] = 0.0002177868
E[P_sel(14)] = 0.0002050740
E[P_sel(15)] = 0.0002040470
E[P_sel(16)] = 0.0002030883
E[P_sel(17)] = 0.0002121419
E[P_sel(18)] = 0.0002247605
E[P_sel(19)] = 0.0002549836

---- Expected D_neut and D_sel (neutral and selected divergence per site) 
E[D_neut] = 0.0198817723
E[D_sel] = 0.0125322967

---- Expected neutral and selected misattributed polymorphism per site
E[mis_neut] = 0.0005121548
E[mis_sel] = 0.0002907420

---- alpha_div = 0.193804
---- alpha_dfe = 0.194049

