---- Running command
---- ./polyDFE -d Mmc/712.polyDFE.config.txt -m C -e 
---- Performing inference using model C

---- Performing inference on Mmc/712.polyDFE.config.txt
---- No mutation variability. Using Poisson likelihood.


---- Calculating initial values

-- Starting local optimization
-- Optimizing all parameters
  it        eps_an        lambda     theta_bar           S_d             b           p_b           S_b           r 2           r 3           r 4           r 5           r 6           r 7           r 8           r 9          r 10          r 11          r 12          r 13          r 14          r 15          r 16          r 17          r 18          r 19          r 20           ln lk          grad status 
   0           0.1 0.01929753237 0.01137095033        -20000         0.208           0.1            20 0.87205424876 0.73236273110 0.64410873030 0.58570309639 0.55468684133 0.53827108656 0.53604308403 0.52533459798 0.55354280892 0.55198238912 0.58965146405 0.62566752695 0.66500650408 0.75480047897 0.85705054446 1.10114977292 1.58164898349             1             1 -1116711.732577 23193.5416391   -2 
 604 0.00091389852 0.01934707389 0.01015709594 -77.700801053 0.12504203875 0.02689185840 5.88389555527 0.86366657567 0.71845006303 0.62041097181 0.55667208703 0.52663420387 0.50680807306 0.49465118845 0.48109838205 0.49793563686 0.48378632530 0.50652997132 0.51558871124 0.52959994371 0.56040900088 0.58571998865 0.63804098081 0.70637805471 0.81541722954 1.02862477166 -280.0034502585 0.10088704107   -3 
-- Local optimization: stuck in the same solution
---- Best joint likelihood found -280.003450258533121 with gradient 0.10089

---- Results for Mmc/712.polyDFE.config.txt 
--  Model: C
--        eps_an        lambda     theta_bar             a 
-- 0.00091389852 0.01934707389 0.01015709594            -1 
--           S_d             b           p_b           S_b 
-- -77.700801053 0.12504203875 0.02689185840 5.88389555527 
--           r 2           r 3           r 4           r 5           r 6           r 7           r 8           r 9          r 10          r 11          r 12          r 13          r 14          r 15          r 16          r 17          r 18          r 19          r 20 
-- 0.86366657567 0.71845006303 0.62041097181 0.55667208703 0.52663420387 0.50680807306 0.49465118845 0.48109838205 0.49793563686 0.48378632530 0.50652997132 0.51558871124 0.52959994371 0.56040900088 0.58571998865 0.63804098081 0.70637805471 0.81541722954 1.02862477166 

---- Expected P_neut(i), 0 < i < n (neutral SFS per site) 
E[P_neut(1)] = 0.0101482118
E[P_neut(2)] = 0.0043825279
E[P_neut(3)] = 0.0024305808
E[P_neut(4)] = 0.0015742935
E[P_neut(5)] = 0.0011301477
E[P_neut(6)] = 0.0008910488
E[P_neut(7)] = 0.0007350815
E[P_neut(8)] = 0.0006278453
E[P_neut(9)] = 0.0005428634
E[P_neut(10)] = 0.0005057580
E[P_neut(11)] = 0.0004468029
E[P_neut(12)] = 0.0004289216
E[P_neut(13)] = 0.0004031411
E[P_neut(14)] = 0.0003846920
E[P_neut(15)] = 0.0003801619
E[P_neut(16)] = 0.0003729258
E[P_neut(17)] = 0.0003830889
E[P_neut(18)] = 0.0004022414
E[P_neut(19)] = 0.0004447932

---- Expected P_sel(i), 0 < i < n (selected SFS per site) 
E[P_sel(1)] = 0.0072386934
E[P_sel(2)] = 0.0028208740
E[P_sel(3)] = 0.0014865107
E[P_sel(4)] = 0.0009323147
E[P_sel(5)] = 0.0006543032
E[P_sel(6)] = 0.0005072586
E[P_sel(7)] = 0.0004131140
E[P_sel(8)] = 0.0003493691
E[P_sel(9)] = 0.0002998218
E[P_sel(10)] = 0.0002778140
E[P_sel(11)] = 0.0002445701
E[P_sel(12)] = 0.0002344004
E[P_sel(13)] = 0.0002203844
E[P_sel(14)] = 0.0002108212
E[P_sel(15)] = 0.0002093759
E[P_sel(16)] = 0.0002070408
E[P_sel(17)] = 0.0002152261
E[P_sel(18)] = 0.0002299303
E[P_sel(19)] = 0.0002611627

---- Expected D_neut and D_sel (neutral and selected divergence per site) 
E[D_neut] = 0.0198694659
E[D_sel] = 0.0125304746

---- Expected neutral and selected misattributed polymorphism per site
E[mis_neut] = 0.0005223920
E[mis_sel] = 0.0003151746

---- alpha_div = 0.260395
---- alpha_dfe = 0.260116

