---- Running command
---- ./polyDFE -d Mmc/713.polyDFE.config.txt -m C -e 
---- Performing inference using model C

---- Performing inference on Mmc/713.polyDFE.config.txt
---- No mutation variability. Using Poisson likelihood.


---- Calculating initial values

-- Starting local optimization
-- Optimizing all parameters
  it        eps_an        lambda     theta_bar           S_d             b           p_b           S_b           r 2           r 3           r 4           r 5           r 6           r 7           r 8           r 9          r 10          r 11          r 12          r 13          r 14          r 15          r 16          r 17          r 18          r 19          r 20           ln lk          grad status 
   0           0.1 0.01922894518 0.01135026259        -20000         0.208           0.1            20 0.87440041848 0.73342303619 0.64300027940 0.58555741520 0.56350718874 0.54452795946 0.53350832506 0.52869844130 0.54616629551 0.55707558002 0.59402131924 0.62546681730 0.67061875680 0.75062118855 0.87691258282 1.10690539663 1.59035177119             1             1 -1111784.926906 23050.5193316   -2 
1013 0.00021060445 0.01923174136 0.01013074259 -69.452774353 0.12851211423 0.02606019301 6.20260205345 0.86702801225 0.71782357405 0.62000776276 0.55807104753 0.53323148183 0.51002439644 0.49468968200 0.48454905856 0.49412760199 0.48697688669 0.51272788506 0.51803118049 0.53064856038 0.55910999273 0.59948996432 0.65152455335 0.72042570034 0.83711469418 1.11845189577 -268.7124486743 0.01477506446   -3 
-- Local optimization: stuck in the same solution
---- Best joint likelihood found -268.712448674341431 with gradient 0.01478

---- Results for Mmc/713.polyDFE.config.txt 
--  Model: C
--        eps_an        lambda     theta_bar             a 
-- 0.00021060445 0.01923174136 0.01013074259            -1 
--           S_d             b           p_b           S_b 
-- -69.452774353 0.12851211423 0.02606019301 6.20260205345 
--           r 2           r 3           r 4           r 5           r 6           r 7           r 8           r 9          r 10          r 11          r 12          r 13          r 14          r 15          r 16          r 17          r 18          r 19          r 20 
-- 0.86702801225 0.71782357405 0.62000776276 0.55807104753 0.53323148183 0.51002439644 0.49468968200 0.48454905856 0.49412760199 0.48697688669 0.51272788506 0.51803118049 0.53064856038 0.55910999273 0.59948996432 0.65152455335 0.72042570034 0.83711469418 1.11845189577 

---- Expected P_neut(i), 0 < i < n (neutral SFS per site) 
E[P_neut(1)] = 0.0101287030
E[P_neut(2)] = 0.0043909793
E[P_neut(3)] = 0.0024235999
E[P_neut(4)] = 0.0015700340
E[P_neut(5)] = 0.0011305762
E[P_neut(6)] = 0.0009002297
E[P_neut(7)] = 0.0007380618
E[P_neut(8)] = 0.0006264060
E[P_neut(9)] = 0.0005454065
E[P_neut(10)] = 0.0005005880
E[P_neut(11)] = 0.0004485147
E[P_neut(12)] = 0.0004329003
E[P_neut(13)] = 0.0004037659
E[P_neut(14)] = 0.0003840990
E[P_neut(15)] = 0.0003777719
E[P_neut(16)] = 0.0003798307
E[P_neut(17)] = 0.0003886892
E[P_neut(18)] = 0.0004063088
E[P_neut(19)] = 0.0004483866

---- Expected P_sel(i), 0 < i < n (selected SFS per site) 
E[P_sel(1)] = 0.0072657494
E[P_sel(2)] = 0.0028372463
E[P_sel(3)] = 0.0014859294
E[P_sel(4)] = 0.0009311912
E[P_sel(5)] = 0.0006550451
E[P_sel(6)] = 0.0005125613
E[P_sel(7)] = 0.0004146401
E[P_sel(8)] = 0.0003482911
E[P_sel(9)] = 0.0003008721
E[P_sel(10)] = 0.0002745586
E[P_sel(11)] = 0.0002450638
E[P_sel(12)] = 0.0002360871
E[P_sel(13)] = 0.0002202237
E[P_sel(14)] = 0.0002099826
E[P_sel(15)] = 0.0002075301
E[P_sel(16)] = 0.0002103285
E[P_sel(17)] = 0.0002178118
E[P_sel(18)] = 0.0002316406
E[P_sel(19)] = 0.0002621796

---- Expected D_neut and D_sel (neutral and selected divergence per site) 
E[D_neut] = 0.0197982788
E[D_sel] = 0.0125270671

---- Expected neutral and selected misattributed polymorphism per site
E[mis_neut] = 0.0005665374
E[mis_sel] = 0.0003420669

---- alpha_div = 0.264071
---- alpha_dfe = 0.263921

