---- Running command
---- ./polyDFE -d Mmc/714.polyDFE.config.txt -m C -e 
---- Performing inference using model C

---- Performing inference on Mmc/714.polyDFE.config.txt
---- No mutation variability. Using Poisson likelihood.


---- Calculating initial values

-- Starting local optimization
-- Optimizing all parameters
  it        eps_an        lambda     theta_bar           S_d             b           p_b           S_b           r 2           r 3           r 4           r 5           r 6           r 7           r 8           r 9          r 10          r 11          r 12          r 13          r 14          r 15          r 16          r 17          r 18          r 19          r 20           ln lk          grad status 
   0           0.1 0.01926786544 0.01134246836        -20000         0.208           0.1            20 0.87227161000 0.73305499376 0.65068064594 0.58377458996 0.55966170617 0.54223897669 0.54032484216 0.53254260429 0.55193207637 0.55996882148 0.59831297358 0.62233424135 0.66784414103 0.75037703836 0.87334222621 1.11020696586 1.56282414757             1             1 -1115916.971394 23137.5899659   -2 
 713 0.00120788231 0.01929979557 0.01012388696 -75.784276457 0.12475680762 0.02576575081 6.08202865705 0.86656654882 0.72211236626 0.62615159549 0.55798795680 0.53186862850 0.50765727703 0.49993914503 0.48674041111 0.49380172569 0.49111077897 0.51453160237 0.50951236118 0.52623567372 0.56102573478 0.59291003051 0.65068170091 0.69457658079 0.80336755758 1.06007873110 -278.8896828689 0.04273179864   -3 
-- Local optimization: stuck in the same solution
---- Best joint likelihood found -278.889682868961245 with gradient 0.04273

---- Results for Mmc/714.polyDFE.config.txt 
--  Model: C
--        eps_an        lambda     theta_bar             a 
-- 0.00120788231 0.01929979557 0.01012388696            -1 
--           S_d             b           p_b           S_b 
-- -75.784276457 0.12475680762 0.02576575081 6.08202865705 
--           r 2           r 3           r 4           r 5           r 6           r 7           r 8           r 9          r 10          r 11          r 12          r 13          r 14          r 15          r 16          r 17          r 18          r 19          r 20 
-- 0.86656654882 0.72211236626 0.62615159549 0.55798795680 0.53186862850 0.50765727703 0.49993914503 0.48674041111 0.49380172569 0.49111077897 0.51453160237 0.50951236118 0.52623567372 0.56102573478 0.59291003051 0.65068170091 0.69457658079 0.80336755758 1.06007873110 

---- Expected P_neut(i), 0 < i < n (neutral SFS per site) 
E[P_neut(1)] = 0.0101121756
E[P_neut(2)] = 0.0043816844
E[P_neut(3)] = 0.0024343859
E[P_neut(4)] = 0.0015833109
E[P_neut(5)] = 0.0011288941
E[P_neut(6)] = 0.0008968053
E[P_neut(7)] = 0.0007338017
E[P_neut(8)] = 0.0006324261
E[P_neut(9)] = 0.0005474074
E[P_neut(10)] = 0.0004999193
E[P_neut(11)] = 0.0004521108
E[P_neut(12)] = 0.0004343282
E[P_neut(13)] = 0.0003971957
E[P_neut(14)] = 0.0003811637
E[P_neut(15)] = 0.0003795580
E[P_neut(16)] = 0.0003766207
E[P_neut(17)] = 0.0003899712
E[P_neut(18)] = 0.0003954829
E[P_neut(19)] = 0.0004397747

---- Expected P_sel(i), 0 < i < n (selected SFS per site) 
E[P_sel(1)] = 0.0072321100
E[P_sel(2)] = 0.0028283830
E[P_sel(3)] = 0.0014930536
E[P_sel(4)] = 0.0009402451
E[P_sel(5)] = 0.0006553244
E[P_sel(6)] = 0.0005118473
E[P_sel(7)] = 0.0004134062
E[P_sel(8)] = 0.0003527357
E[P_sel(9)] = 0.0003029912
E[P_sel(10)] = 0.0002751639
E[P_sel(11)] = 0.0002479363
E[P_sel(12)] = 0.0002377541
E[P_sel(13)] = 0.0002174578
E[P_sel(14)] = 0.0002091570
E[P_sel(15)] = 0.0002092702
E[P_sel(16)] = 0.0002092802
E[P_sel(17)] = 0.0002192618
E[P_sel(18)] = 0.0002262742
E[P_sel(19)] = 0.0002587469

---- Expected D_neut and D_sel (neutral and selected divergence per site) 
E[D_neut] = 0.0198364014
E[D_sel] = 0.0125234264

---- Expected neutral and selected misattributed polymorphism per site
E[mis_neut] = 0.0005366059
E[mis_sel] = 0.0003239252

---- alpha_div = 0.256894
---- alpha_dfe = 0.256775

