---- Running command
---- ./polyDFE -d Mmc/715.polyDFE.config.txt -m C -e 
---- Performing inference using model C

---- Performing inference on Mmc/715.polyDFE.config.txt
---- No mutation variability. Using Poisson likelihood.


---- Calculating initial values

-- Starting local optimization
-- Optimizing all parameters
  it        eps_an        lambda     theta_bar           S_d             b           p_b           S_b           r 2           r 3           r 4           r 5           r 6           r 7           r 8           r 9          r 10          r 11          r 12          r 13          r 14          r 15          r 16          r 17          r 18          r 19          r 20           ln lk          grad status 
   0           0.1 0.01926723366 0.01135787832        -20000         0.208           0.1            20 0.87224364645 0.73372021238 0.64541017827 0.58483112833 0.55974912406 0.53715694666 0.54104615344 0.53095064540 0.55164695906 0.55655695141 0.59472391564 0.62329700602 0.66523674579 0.75243350644 0.86556015518 1.10785496403 1.57880851339             1             1 -1114025.295664 23154.9563952   -2 
 762 0.00197713229 0.01930746198 0.01015122977 -78.825294659 0.12373335406 0.02513784342 6.25159553727 0.86482133190 0.72099357261 0.62188985811 0.55788162896 0.52883062943 0.50685863920 0.50011738798 0.48603154554 0.49536116515 0.48235323555 0.51047014505 0.51211249264 0.52653022950 0.55369635101 0.58635332326 0.64749984965 0.70004103062 0.80537879088 1.04179377501 -277.2653585374 0.04333963242   -3 
-- Local optimization: stuck in the same solution
---- Best joint likelihood found -277.265358537450084 with gradient 0.04334

---- Results for Mmc/715.polyDFE.config.txt 
--  Model: C
--        eps_an        lambda     theta_bar             a 
-- 0.00197713229 0.01930746198 0.01015122977            -1 
--           S_d             b           p_b           S_b 
-- -78.825294659 0.12373335406 0.02513784342 6.25159553727 
--           r 2           r 3           r 4           r 5           r 6           r 7           r 8           r 9          r 10          r 11          r 12          r 13          r 14          r 15          r 16          r 17          r 18          r 19          r 20 
-- 0.86482133190 0.72099357261 0.62188985811 0.55788162896 0.52883062943 0.50685863920 0.50011738798 0.48603154554 0.49536116515 0.48235323555 0.51047014505 0.51211249264 0.52653022950 0.55369635101 0.58635332326 0.64749984965 0.70004103062 0.80537879088 1.04179377501 

---- Expected P_neut(i), 0 < i < n (neutral SFS per site) 
E[P_neut(1)] = 0.0101320102
E[P_neut(2)] = 0.0043816020
E[P_neut(3)] = 0.0024355981
E[P_neut(4)] = 0.0015758518
E[P_neut(5)] = 0.0011311384
E[P_neut(6)] = 0.0008936994
E[P_neut(7)] = 0.0007343714
E[P_neut(8)] = 0.0006341999
E[P_neut(9)] = 0.0005479982
E[P_neut(10)] = 0.0005028525
E[P_neut(11)] = 0.0004453382
E[P_neut(12)] = 0.0004322259
E[P_neut(13)] = 0.0004005527
E[P_neut(14)] = 0.0003827948
E[P_neut(15)] = 0.0003762118
E[P_neut(16)] = 0.0003743978
E[P_neut(17)] = 0.0003907014
E[P_neut(18)] = 0.0004026913
E[P_neut(19)] = 0.0004495135

---- Expected P_sel(i), 0 < i < n (selected SFS per site) 
E[P_sel(1)] = 0.0072272940
E[P_sel(2)] = 0.0028218118
E[P_sel(3)] = 0.0014907695
E[P_sel(4)] = 0.0009340925
E[P_sel(5)] = 0.0006555019
E[P_sel(6)] = 0.0005092464
E[P_sel(7)] = 0.0004130818
E[P_sel(8)] = 0.0003531895
E[P_sel(9)] = 0.0003028685
E[P_sel(10)] = 0.0002763738
E[P_sel(11)] = 0.0002438687
E[P_sel(12)] = 0.0002362636
E[P_sel(13)] = 0.0002189841
E[P_sel(14)] = 0.0002097596
E[P_sel(15)] = 0.0002071491
E[P_sel(16)] = 0.0002077952
E[P_sel(17)] = 0.0002194723
E[P_sel(18)] = 0.0002303680
E[P_sel(19)] = 0.0002652346

---- Expected D_neut and D_sel (neutral and selected divergence per site) 
E[D_neut] = 0.0198362364
E[D_sel] = 0.0125340481

---- Expected neutral and selected misattributed polymorphism per site
E[mis_neut] = 0.0005287744
E[mis_sel] = 0.0003191185

---- alpha_div = 0.256942
---- alpha_dfe = 0.256849

