---- Running command
---- ./polyDFE -d Mmc/716.polyDFE.config.txt -m C -e 
---- Performing inference using model C

---- Performing inference on Mmc/716.polyDFE.config.txt
---- No mutation variability. Using Poisson likelihood.


---- Calculating initial values

-- Starting local optimization
-- Optimizing all parameters
  it        eps_an        lambda     theta_bar           S_d             b           p_b           S_b           r 2           r 3           r 4           r 5           r 6           r 7           r 8           r 9          r 10          r 11          r 12          r 13          r 14          r 15          r 16          r 17          r 18          r 19          r 20           ln lk          grad status 
   0           0.1 0.01930032393 0.01137180552        -20000         0.208           0.1            20 0.87318784771 0.73176909668 0.64428307435 0.58234975844 0.55896552019 0.53310807570 0.53821727500 0.53343455585 0.55684288521 0.55436429311 0.59426196205 0.62970201761 0.67698773517 0.75245334762 0.86440091599 1.11185875075 1.58200984490             1             1 -1117057.421466 23182.5584134   -2 
 237 0.00744581147 0.01935585527 0.01023501463 -89.580389674 0.11289599141 0.00727371219 18.4288718221 0.86399317908 0.71416017905 0.61751861699 0.54981536458 0.52675160384 0.50054057263 0.49073449530 0.48456339045 0.49595883734 0.47946714867 0.50946335728 0.51131167172 0.52537923153 0.55273468712 0.57861121972 0.62924708866 0.66004258362 0.68887469328 1.00101192357 -292.8747033949 1.36963673483   -3 
-- Local optimization: stuck in the same solution
---- Best joint likelihood found -292.874703394918470 with gradient 1.36964

---- Results for Mmc/716.polyDFE.config.txt 
--  Model: C
--        eps_an        lambda     theta_bar             a 
-- 0.00744581147 0.01935585527 0.01023501463            -1 
--           S_d             b           p_b           S_b 
-- -89.580389674 0.11289599141 0.00727371219 18.4288718221 
--           r 2           r 3           r 4           r 5           r 6           r 7           r 8           r 9          r 10          r 11          r 12          r 13          r 14          r 15          r 16          r 17          r 18          r 19          r 20 
-- 0.86399317908 0.71416017905 0.61751861699 0.54981536458 0.52675160384 0.50054057263 0.49073449530 0.48456339045 0.49595883734 0.47946714867 0.50946335728 0.51131167172 0.52537923153 0.55273468712 0.57861121972 0.62924708866 0.66004258362 0.68887469328 1.00101192357 

---- Expected P_neut(i), 0 < i < n (neutral SFS per site) 
E[P_neut(1)] = 0.0101615697
E[P_neut(2)] = 0.0043913643
E[P_neut(3)] = 0.0024211592
E[P_neut(4)] = 0.0015710690
E[P_neut(5)] = 0.0011199018
E[P_neut(6)] = 0.0008947211
E[P_neut(7)] = 0.0007294109
E[P_neut(8)] = 0.0006263950
E[P_neut(9)] = 0.0005502757
E[P_neut(10)] = 0.0005076146
E[P_neut(11)] = 0.0004469043
E[P_neut(12)] = 0.0004359697
E[P_neut(13)] = 0.0004050121
E[P_neut(14)] = 0.0003879209
E[P_neut(15)] = 0.0003827217
E[P_neut(16)] = 0.0003791399
E[P_neut(17)] = 0.0003941651
E[P_neut(18)] = 0.0004054352
E[P_neut(19)] = 0.0004445314

---- Expected P_sel(i), 0 < i < n (selected SFS per site) 
E[P_sel(1)] = 0.0072438829
E[P_sel(2)] = 0.0028371370
E[P_sel(3)] = 0.0014889800
E[P_sel(4)] = 0.0009360268
E[P_sel(5)] = 0.0006520839
E[P_sel(6)] = 0.0005118236
E[P_sel(7)] = 0.0004113719
E[P_sel(8)] = 0.0003491827
E[P_sel(9)] = 0.0003038082
E[P_sel(10)] = 0.0002780264
E[P_sel(11)] = 0.0002431950
E[P_sel(12)] = 0.0002360496
E[P_sel(13)] = 0.0002185147
E[P_sel(14)] = 0.0002089180
E[P_sel(15)] = 0.0002061889
E[P_sel(16)] = 0.0002049995
E[P_sel(17)] = 0.0002150148
E[P_sel(18)] = 0.0002257766
E[P_sel(19)] = 0.0002625687

---- Expected D_neut and D_sel (neutral and selected divergence per site) 
E[D_neut] = 0.0198681239
E[D_sel] = 0.0125431419

---- Expected neutral and selected misattributed polymorphism per site
E[mis_neut] = 0.0005122686
E[mis_sel] = 0.0002989379

---- alpha_div = 0.212850
---- alpha_dfe = 0.212853

