---- Running command
---- ./polyDFE -d Mmc/717.polyDFE.config.txt -m C -e 
---- Performing inference using model C

---- Performing inference on Mmc/717.polyDFE.config.txt
---- No mutation variability. Using Poisson likelihood.


---- Calculating initial values

-- Starting local optimization
-- Optimizing all parameters
  it        eps_an        lambda     theta_bar           S_d             b           p_b           S_b           r 2           r 3           r 4           r 5           r 6           r 7           r 8           r 9          r 10          r 11          r 12          r 13          r 14          r 15          r 16          r 17          r 18          r 19          r 20           ln lk          grad status 
   0           0.1 0.01927564558 0.01136036213        -20000         0.208           0.1            20 0.87883121017 0.73402227994 0.64071388249 0.58257155327 0.55605953200 0.53859310910 0.53592967302 0.52722017880 0.55166845419 0.55079340255 0.59623349229 0.62814056359 0.66083255826 0.74284247834 0.86487917656 1.11074999921 1.58035348833             1             1 -1113524.624174 23120.5119435   -2 
 305 0.00535665721 0.01933274607 0.01021444944 -99.140662970 0.10938111475 0.00911191712 14.6361697204 0.86643055471 0.71567324322 0.61429962604 0.55067193273 0.52541256083 0.50282155055 0.49309786179 0.47970298213 0.48955109007 0.47594880208 0.51067423911 0.51335182031 0.51671403408 0.54927335219 0.58013975157 0.63351990394 0.67422097866 0.73044957923 1.00027195409 -283.3861565930 4.15867203798   -3 
-- Local optimization: stuck in the same solution
---- Best joint likelihood found -283.386156593027408 with gradient 4.15867

---- Results for Mmc/717.polyDFE.config.txt 
--  Model: C
--        eps_an        lambda     theta_bar             a 
-- 0.00535665721 0.01933274607 0.01021444944            -1 
--           S_d             b           p_b           S_b 
-- -99.140662970 0.10938111475 0.00911191712 14.6361697204 
--           r 2           r 3           r 4           r 5           r 6           r 7           r 8           r 9          r 10          r 11          r 12          r 13          r 14          r 15          r 16          r 17          r 18          r 19          r 20 
-- 0.86643055471 0.71567324322 0.61429962604 0.55067193273 0.52541256083 0.50282155055 0.49309786179 0.47970298213 0.48955109007 0.47594880208 0.51067423911 0.51335182031 0.51671403408 0.54927335219 0.58013975157 0.63351990394 0.67422097866 0.73044957923 1.00027195409 

---- Expected P_neut(i), 0 < i < n (neutral SFS per site) 
E[P_neut(1)] = 0.0101618377
E[P_neut(2)] = 0.0044034015
E[P_neut(3)] = 0.0024257223
E[P_neut(4)] = 0.0015622641
E[P_neut(5)] = 0.0011209397
E[P_neut(6)] = 0.0008916948
E[P_neut(7)] = 0.0007319511
E[P_neut(8)] = 0.0006285464
E[P_neut(9)] = 0.0005438846
E[P_neut(10)] = 0.0005000495
E[P_neut(11)] = 0.0004425085
E[P_neut(12)] = 0.0004357320
E[P_neut(13)] = 0.0004051240
E[P_neut(14)] = 0.0003797683
E[P_neut(15)] = 0.0003780575
E[P_neut(16)] = 0.0003767820
E[P_neut(17)] = 0.0003916642
E[P_neut(18)] = 0.0004042538
E[P_neut(19)] = 0.0004453034

---- Expected P_sel(i), 0 < i < n (selected SFS per site) 
E[P_sel(1)] = 0.0072306974
E[P_sel(2)] = 0.0028472881
E[P_sel(3)] = 0.0014956588
E[P_sel(4)] = 0.0009343763
E[P_sel(5)] = 0.0006558723
E[P_sel(6)] = 0.0005130220
E[P_sel(7)] = 0.0004154966
E[P_sel(8)] = 0.0003529220
E[P_sel(9)] = 0.0003026662
E[P_sel(10)] = 0.0002762490
E[P_sel(11)] = 0.0002430506
E[P_sel(12)] = 0.0002382922
E[P_sel(13)] = 0.0002209322
E[P_sel(14)] = 0.0002068872
E[P_sel(15)] = 0.0002061778
E[P_sel(16)] = 0.0002063379
E[P_sel(17)] = 0.0002164106
E[P_sel(18)] = 0.0002275626
E[P_sel(19)] = 0.0002628927

---- Expected D_neut and D_sel (neutral and selected divergence per site) 
E[D_neut] = 0.0198436074
E[D_sel] = 0.0125746513

---- Expected neutral and selected misattributed polymorphism per site
E[mis_neut] = 0.0005108614
E[mis_sel] = 0.0003023040

---- alpha_div = 0.211542
---- alpha_dfe = 0.211555

