---- Running command
---- ./polyDFE -d Mmc/718.polyDFE.config.txt -m C -e 
---- Performing inference using model C

---- Performing inference on Mmc/718.polyDFE.config.txt
---- No mutation variability. Using Poisson likelihood.


---- Calculating initial values

-- Starting local optimization
-- Optimizing all parameters
  it        eps_an        lambda     theta_bar           S_d             b           p_b           S_b           r 2           r 3           r 4           r 5           r 6           r 7           r 8           r 9          r 10          r 11          r 12          r 13          r 14          r 15          r 16          r 17          r 18          r 19          r 20           ln lk          grad status 
   0           0.1 0.01928593198 0.01136048915        -20000         0.208           0.1            20 0.87355148985 0.73642017393 0.64558265047 0.57907034953 0.56060543210 0.54613176974 0.53438019359 0.53557530091 0.55768414746 0.56093606749 0.59344037829 0.63994085368 0.65340016312 0.75661420106 0.86467057863 1.12231953262 1.59247787845             1             1 -1115344.440012 23175.4267408   -2 
 432 0.00523857689 0.01933860057 0.01020251709 -95.679579314 0.11025663379 0.00557795370 23.4185817135 0.86371905774 0.71750686726 0.61852941384 0.54965367769 0.52843003473 0.50731461652 0.49260300607 0.48686002895 0.49786856002 0.48672436767 0.50779992233 0.52125225201 0.51619690591 0.56278294080 0.58730183856 0.64432325731 0.68925658224 0.74111290563 1.00878734451 -298.2962640506 0.32842785070   -3 
-- Local optimization: stuck in the same solution
---- Best joint likelihood found -298.296264050630271 with gradient 0.32843

---- Results for Mmc/718.polyDFE.config.txt 
--  Model: C
--        eps_an        lambda     theta_bar             a 
-- 0.00523857689 0.01933860057 0.01020251709            -1 
--           S_d             b           p_b           S_b 
-- -95.679579314 0.11025663379 0.00557795370 23.4185817135 
--           r 2           r 3           r 4           r 5           r 6           r 7           r 8           r 9          r 10          r 11          r 12          r 13          r 14          r 15          r 16          r 17          r 18          r 19          r 20 
-- 0.86371905774 0.71750686726 0.61852941384 0.54965367769 0.52843003473 0.50731461652 0.49260300607 0.48686002895 0.49786856002 0.48672436767 0.50779992233 0.52125225201 0.51619690591 0.56278294080 0.58730183856 0.64432325731 0.68925658224 0.74111290563 1.00878734451 

---- Expected P_neut(i), 0 < i < n (neutral SFS per site) 
E[P_neut(1)] = 0.0101511552
E[P_neut(2)] = 0.0043850194
E[P_neut(3)] = 0.0024293683
E[P_neut(4)] = 0.0015713365
E[P_neut(5)] = 0.0011177000
E[P_neut(6)] = 0.0008958162
E[P_neut(7)] = 0.0007376818
E[P_neut(8)] = 0.0006271945
E[P_neut(9)] = 0.0005513845
E[P_neut(10)] = 0.0005079512
E[P_neut(11)] = 0.0004519639
E[P_neut(12)] = 0.0004327658
E[P_neut(13)] = 0.0004108139
E[P_neut(14)] = 0.0003789156
E[P_neut(15)] = 0.0003866570
E[P_neut(16)] = 0.0003808001
E[P_neut(17)] = 0.0003974464
E[P_neut(18)] = 0.0004117100
E[P_neut(19)] = 0.0004493207

---- Expected P_sel(i), 0 < i < n (selected SFS per site) 
E[P_sel(1)] = 0.0072229309
E[P_sel(2)] = 0.0028316524
E[P_sel(3)] = 0.0014945017
E[P_sel(4)] = 0.0009369206
E[P_sel(5)] = 0.0006514900
E[P_sel(6)] = 0.0005130652
E[P_sel(7)] = 0.0004165488
E[P_sel(8)] = 0.0003500391
E[P_sel(9)] = 0.0003047323
E[P_sel(10)] = 0.0002784290
E[P_sel(11)] = 0.0002460559
E[P_sel(12)] = 0.0002343090
E[P_sel(13)] = 0.0002215008
E[P_sel(14)] = 0.0002037715
E[P_sel(15)] = 0.0002077734
E[P_sel(16)] = 0.0002050565
E[P_sel(17)] = 0.0002154471
E[P_sel(18)] = 0.0002269469
E[P_sel(19)] = 0.0002603743

---- Expected D_neut and D_sel (neutral and selected divergence per site) 
E[D_neut] = 0.0198532091
E[D_sel] = 0.0125381574

---- Expected neutral and selected misattributed polymorphism per site
E[mis_neut] = 0.0005146085
E[mis_sel] = 0.0002980174

---- alpha_div = 0.206881
---- alpha_dfe = 0.206966

