---- Running command
---- ./polyDFE -d Mmc/719.polyDFE.config.txt -m C -e 
---- Performing inference using model C

---- Performing inference on Mmc/719.polyDFE.config.txt
---- No mutation variability. Using Poisson likelihood.


---- Calculating initial values

-- Starting local optimization
-- Optimizing all parameters
  it        eps_an        lambda     theta_bar           S_d             b           p_b           S_b           r 2           r 3           r 4           r 5           r 6           r 7           r 8           r 9          r 10          r 11          r 12          r 13          r 14          r 15          r 16          r 17          r 18          r 19          r 20           ln lk          grad status 
   0           0.1 0.01927631723 0.01137439111        -20000         0.208           0.1            20 0.87013096976 0.72688521316 0.64189955166 0.57868530950 0.55788255166 0.53871314677 0.53989915163 0.52980521987 0.55180951784 0.55458639968 0.59103817567 0.62810343649 0.66271911498 0.74577294317 0.85619032296 1.08828131127 1.57141336923             1             1 -1118986.700415 23195.4945652   -2 
 699 0.00102731670 0.01930857373 0.01015740234 -84.305701355 0.11888527928 0.02423781125 6.13664341780 0.86218005330 0.71463736031 0.61964718564 0.55239532507 0.53005731353 0.50816511174 0.49678238604 0.48207868329 0.49378524306 0.48294156133 0.51027538682 0.51772898712 0.52055565380 0.55711468310 0.58300007537 0.63353690635 0.70258485367 0.81829482546 1.05988816515 -274.9961970003 0.09188109658   -8 
-- Local optimization: reached maximum number of likelihood evaluations allowed.
---- Best joint likelihood found -274.996197000335087 with gradient 0.09188

---- Results for Mmc/719.polyDFE.config.txt 
--  Model: C
--        eps_an        lambda     theta_bar             a 
-- 0.00102731670 0.01930857373 0.01015740234            -1 
--           S_d             b           p_b           S_b 
-- -84.305701355 0.11888527928 0.02423781125 6.13664341780 
--           r 2           r 3           r 4           r 5           r 6           r 7           r 8           r 9          r 10          r 11          r 12          r 13          r 14          r 15          r 16          r 17          r 18          r 19          r 20 
-- 0.86218005330 0.71463736031 0.61964718564 0.55239532507 0.53005731353 0.50816511174 0.49678238604 0.48207868329 0.49378524306 0.48294156133 0.51027538682 0.51772898712 0.52055565380 0.55711468310 0.58300007537 0.63353690635 0.70258485367 0.81829482546 1.05988816515 

---- Expected P_neut(i), 0 < i < n (neutral SFS per site) 
E[P_neut(1)] = 0.0101474169
E[P_neut(2)] = 0.0043746638
E[P_neut(3)] = 0.0024175229
E[P_neut(4)] = 0.0015722652
E[P_neut(5)] = 0.0011214150
E[P_neut(6)] = 0.0008968004
E[P_neut(7)] = 0.0007370348
E[P_neut(8)] = 0.0006305481
E[P_neut(9)] = 0.0005439733
E[P_neut(10)] = 0.0005015575
E[P_neut(11)] = 0.0004460491
E[P_neut(12)] = 0.0004321270
E[P_neut(13)] = 0.0004048636
E[P_neut(14)] = 0.0003782119
E[P_neut(15)] = 0.0003780211
E[P_neut(16)] = 0.0003713467
E[P_neut(17)] = 0.0003806315
E[P_neut(18)] = 0.0004005598
E[P_neut(19)] = 0.0004474460

---- Expected P_sel(i), 0 < i < n (selected SFS per site) 
E[P_sel(1)] = 0.0072498117
E[P_sel(2)] = 0.0028305249
E[P_sel(3)] = 0.0014892743
E[P_sel(4)] = 0.0009390583
E[P_sel(5)] = 0.0006553282
E[P_sel(6)] = 0.0005156009
E[P_sel(7)] = 0.0004184750
E[P_sel(8)] = 0.0003545592
E[P_sel(9)] = 0.0003036163
E[P_sel(10)] = 0.0002784149
E[P_sel(11)] = 0.0002466992
E[P_sel(12)] = 0.0002385492
E[P_sel(13)] = 0.0002234891
E[P_sel(14)] = 0.0002091916
E[P_sel(15)] = 0.0002099926
E[P_sel(16)] = 0.0002077786
E[P_sel(17)] = 0.0002153165
E[P_sel(18)] = 0.0002302966
E[P_sel(19)] = 0.0002639815

---- Expected D_neut and D_sel (neutral and selected divergence per site) 
E[D_neut] = 0.0198468593
E[D_sel] = 0.0125307576

---- Expected neutral and selected misattributed polymorphism per site
E[mis_neut] = 0.0005382855
E[mis_sel] = 0.0003256492

---- alpha_div = 0.243741
---- alpha_dfe = 0.243582

