---- Running command
---- ./polyDFE -d Mmc/72.polyDFE.config.txt -m C -e 
---- Performing inference using model C

---- Performing inference on Mmc/72.polyDFE.config.txt
---- No mutation variability. Using Poisson likelihood.


---- Calculating initial values

-- Starting local optimization
-- Optimizing all parameters
  it        eps_an        lambda     theta_bar           S_d             b           p_b           S_b           r 2           r 3           r 4           r 5           r 6           r 7           r 8           r 9          r 10          r 11          r 12          r 13          r 14          r 15          r 16          r 17          r 18          r 19          r 20           ln lk          grad status 
   0           0.1 0.01929906542 0.01131734081        -20000         0.208           0.1            20 0.87364089486 0.73709912237 0.64848349957 0.58434939804 0.55891960906 0.54779009573 0.53939347239 0.52676604927 0.55360269317 0.55981053234 0.59305339473 0.61860043806 0.67433898638 0.76225216453 0.87447370415 1.11245819689 1.58095817347             1             1 -1118738.106777 23221.3923070   -2 
 368 0.00878910370 0.01929210356 0.01020742976 -87.790008959 0.11332107834 0.00799982699 16.7005841181 0.86192565931 0.71762995217 0.61893515947 0.55337598881 0.52440410395 0.51224340975 0.49587482502 0.48060206571 0.49102326391 0.48505150687 0.50451173831 0.50791606309 0.52327752668 0.55534650788 0.57627303716 0.62397544497 0.64962714296 0.66751045375 1.11952889954 -287.8971353400 0.35159503176   -8 
-- Local optimization: reached maximum number of likelihood evaluations allowed.
---- Best joint likelihood found -287.897135340026580 with gradient 0.35160

---- Results for Mmc/72.polyDFE.config.txt 
--  Model: C
--        eps_an        lambda     theta_bar             a 
-- 0.00878910370 0.01929210356 0.01020742976            -1 
--           S_d             b           p_b           S_b 
-- -87.790008959 0.11332107834 0.00799982699 16.7005841181 
--           r 2           r 3           r 4           r 5           r 6           r 7           r 8           r 9          r 10          r 11          r 12          r 13          r 14          r 15          r 16          r 17          r 18          r 19          r 20 
-- 0.86192565931 0.71762995217 0.61893515947 0.55337598881 0.52440410395 0.51224340975 0.49587482502 0.48060206571 0.49102326391 0.48505150687 0.50451173831 0.50791606309 0.52327752668 0.55534650788 0.57627303716 0.62397544497 0.64962714296 0.66751045375 1.11952889954 

---- Expected P_neut(i), 0 < i < n (neutral SFS per site) 
E[P_neut(1)] = 0.0101208675
E[P_neut(2)] = 0.0043635972
E[P_neut(3)] = 0.0024235515
E[P_neut(4)] = 0.0015687837
E[P_neut(5)] = 0.0011231017
E[P_neut(6)] = 0.0008876485
E[P_neut(7)] = 0.0007438956
E[P_neut(8)] = 0.0006309119
E[P_neut(9)] = 0.0005442443
E[P_neut(10)] = 0.0005012085
E[P_neut(11)] = 0.0004509374
E[P_neut(12)] = 0.0004309364
E[P_neut(13)] = 0.0004018689
E[P_neut(14)] = 0.0003860106
E[P_neut(15)] = 0.0003845183
E[P_neut(16)] = 0.0003782922
E[P_neut(17)] = 0.0003928256
E[P_neut(18)] = 0.0004038158
E[P_neut(19)] = 0.0004451711

---- Expected P_sel(i), 0 < i < n (selected SFS per site) 
E[P_sel(1)] = 0.0072257288
E[P_sel(2)] = 0.0028233100
E[P_sel(3)] = 0.0014925607
E[P_sel(4)] = 0.0009359829
E[P_sel(5)] = 0.0006548840
E[P_sel(6)] = 0.0005085304
E[P_sel(7)] = 0.0004201956
E[P_sel(8)] = 0.0003522818
E[P_sel(9)] = 0.0003010097
E[P_sel(10)] = 0.0002750445
E[P_sel(11)] = 0.0002459048
E[P_sel(12)] = 0.0002338687
E[P_sel(13)] = 0.0002173879
E[P_sel(14)] = 0.0002085027
E[P_sel(15)] = 0.0002078594
E[P_sel(16)] = 0.0002053611
E[P_sel(17)] = 0.0002153357
E[P_sel(18)] = 0.0002263267
E[P_sel(19)] = 0.0002657363

---- Expected D_neut and D_sel (neutral and selected divergence per site) 
E[D_neut] = 0.0198634792
E[D_sel] = 0.0125262576

---- Expected neutral and selected misattributed polymorphism per site
E[mis_neut] = 0.0005713756
E[mis_sel] = 0.0003345992

---- alpha_div = 0.212438
---- alpha_dfe = 0.212558

