---- Running command
---- ./polyDFE -d Mmc/720.polyDFE.config.txt -m C -e 
---- Performing inference using model C

---- Performing inference on Mmc/720.polyDFE.config.txt
---- No mutation variability. Using Poisson likelihood.


---- Calculating initial values

-- Starting local optimization
-- Optimizing all parameters
  it        eps_an        lambda     theta_bar           S_d             b           p_b           S_b           r 2           r 3           r 4           r 5           r 6           r 7           r 8           r 9          r 10          r 11          r 12          r 13          r 14          r 15          r 16          r 17          r 18          r 19          r 20           ln lk          grad status 
   0           0.1 0.01926879420 0.01132432956        -20000         0.208           0.1            20 0.87672756882 0.74003893810 0.64747982525 0.58521327281 0.56021207808 0.54244041125 0.54171427508 0.53130054848 0.55499464618 0.55614381678 0.59398706475 0.62671774655 0.67085464604 0.74979047079 0.86018771581 1.10892194673 1.57825159367             1             1 -1116123.348527 23152.1915690   -2 
1077 0.00044042171 0.01928031030 0.01011257860 -67.761564120 0.13219615067 0.03224464779 5.18917028436 0.86863590204 0.72343014529 0.62387757712 0.55911507340 0.53272473949 0.51123129340 0.49969412735 0.48545114827 0.49951660119 0.48385394828 0.51444611360 0.52033221933 0.52767705573 0.55786926065 0.58968846108 0.63957793681 0.70823110468 0.83288307929 1.10393910459 -286.1286872572 0.02232655630   -3 
-- Local optimization: stuck in the same solution
---- Best joint likelihood found -286.128687257281854 with gradient 0.02233

---- Results for Mmc/720.polyDFE.config.txt 
--  Model: C
--        eps_an        lambda     theta_bar             a 
-- 0.00044042171 0.01928031030 0.01011257860            -1 
--           S_d             b           p_b           S_b 
-- -67.761564120 0.13219615067 0.03224464779 5.18917028436 
--           r 2           r 3           r 4           r 5           r 6           r 7           r 8           r 9          r 10          r 11          r 12          r 13          r 14          r 15          r 16          r 17          r 18          r 19          r 20 
-- 0.86863590204 0.72343014529 0.62387757712 0.55911507340 0.53272473949 0.51123129340 0.49969412735 0.48545114827 0.49951660119 0.48385394828 0.51444611360 0.52033221933 0.52767705573 0.55786926065 0.58968846108 0.63957793681 0.70823110468 0.83288307929 1.10393910459 

---- Expected P_neut(i), 0 < i < n (neutral SFS per site) 
E[P_neut(1)] = 0.0101083200
E[P_neut(2)] = 0.0043903153
E[P_neut(3)] = 0.0024376750
E[P_neut(4)] = 0.0015767223
E[P_neut(5)] = 0.0011304866
E[P_neut(6)] = 0.0008976426
E[P_neut(7)] = 0.0007384054
E[P_neut(8)] = 0.0006315623
E[P_neut(9)] = 0.0005454182
E[P_neut(10)] = 0.0005051401
E[P_neut(11)] = 0.0004448635
E[P_neut(12)] = 0.0004336187
E[P_neut(13)] = 0.0004049086
E[P_neut(14)] = 0.0003813830
E[P_neut(15)] = 0.0003764322
E[P_neut(16)] = 0.0003732349
E[P_neut(17)] = 0.0003813642
E[P_neut(18)] = 0.0003996504
E[P_neut(19)] = 0.0004475531

---- Expected P_sel(i), 0 < i < n (selected SFS per site) 
E[P_sel(1)] = 0.0072465881
E[P_sel(2)] = 0.0028316431
E[P_sel(3)] = 0.0014910706
E[P_sel(4)] = 0.0009328334
E[P_sel(5)] = 0.0006534018
E[P_sel(6)] = 0.0005099479
E[P_sel(7)] = 0.0004140358
E[P_sel(8)] = 0.0003506248
E[P_sel(9)] = 0.0003005685
E[P_sel(10)] = 0.0002769269
E[P_sel(11)] = 0.0002431120
E[P_sel(12)] = 0.0002366888
E[P_sel(13)] = 0.0002212130
E[P_sel(14)] = 0.0002090124
E[P_sel(15)] = 0.0002074745
E[P_sel(16)] = 0.0002075167
E[P_sel(17)] = 0.0002147114
E[P_sel(18)] = 0.0002289926
E[P_sel(19)] = 0.0002629932

---- Expected D_neut and D_sel (neutral and selected divergence per site) 
E[D_neut] = 0.0198384939
E[D_sel] = 0.0125258588

---- Expected neutral and selected misattributed polymorphism per site
E[mis_neut] = 0.0005581835
E[mis_sel] = 0.0003377939

---- alpha_div = 0.277534
---- alpha_dfe = 0.277253

