---- Running command
---- ./polyDFE -d Mmc/721.polyDFE.config.txt -m C -e 
---- Performing inference using model C

---- Performing inference on Mmc/721.polyDFE.config.txt
---- No mutation variability. Using Poisson likelihood.


---- Calculating initial values

-- Starting local optimization
-- Optimizing all parameters
  it        eps_an        lambda     theta_bar           S_d             b           p_b           S_b           r 2           r 3           r 4           r 5           r 6           r 7           r 8           r 9          r 10          r 11          r 12          r 13          r 14          r 15          r 16          r 17          r 18          r 19          r 20           ln lk          grad status 
   0           0.1 0.01925630586 0.01133885408        -20000         0.208           0.1            20 0.87274888434 0.73434883827 0.65001260332 0.58020898993 0.55686189086 0.54272424162 0.54343055773 0.52932835762 0.55507173930 0.55268622700 0.59577260030 0.63165939910 0.66611355100 0.74374416886 0.86921315348 1.10843334270 1.59184179981             1             1 -1116129.210056 23143.5527644   -2 
 506 0.00106437238 0.01928817540 0.01013498519 -79.566592042 0.12094937848 0.02015588861 7.37684903568 0.86434327303 0.71860625840 0.62376624487 0.55405556278 0.52941840246 0.51130555621 0.49901669576 0.48202266062 0.49443774306 0.48455441753 0.51549102352 0.52015394298 0.52611568127 0.55405102242 0.58888817055 0.64964759730 0.71869660678 0.81779167032 1.06802919520 -282.8158539592 0.81182278115   -8 
-- Local optimization: reached maximum number of likelihood evaluations allowed.
---- Best joint likelihood found -282.815853959269589 with gradient 0.81182

---- Results for Mmc/721.polyDFE.config.txt 
--  Model: C
--        eps_an        lambda     theta_bar             a 
-- 0.00106437238 0.01928817540 0.01013498519            -1 
--           S_d             b           p_b           S_b 
-- -79.566592042 0.12094937848 0.02015588861 7.37684903568 
--           r 2           r 3           r 4           r 5           r 6           r 7           r 8           r 9          r 10          r 11          r 12          r 13          r 14          r 15          r 16          r 17          r 18          r 19          r 20 
-- 0.86434327303 0.71860625840 0.62376624487 0.55405556278 0.52941840246 0.51130555621 0.49901669576 0.48202266062 0.49443774306 0.48455441753 0.51549102352 0.52015394298 0.52611568127 0.55405102242 0.58888817055 0.64964759730 0.71869660678 0.81779167032 1.06802919520 

---- Expected P_neut(i), 0 < i < n (neutral SFS per site) 
E[P_neut(1)] = 0.0101246621
E[P_neut(2)] = 0.0043758218
E[P_neut(3)] = 0.0024255162
E[P_neut(4)] = 0.0015791802
E[P_neut(5)] = 0.0011222721
E[P_neut(6)] = 0.0008937282
E[P_neut(7)] = 0.0007399400
E[P_neut(8)] = 0.0006319814
E[P_neut(9)] = 0.0005427077
E[P_neut(10)] = 0.0005011119
E[P_neut(11)] = 0.0004465527
E[P_neut(12)] = 0.0004355840
E[P_neut(13)] = 0.0004058758
E[P_neut(14)] = 0.0003814161
E[P_neut(15)] = 0.0003751502
E[P_neut(16)] = 0.0003743085
E[P_neut(17)] = 0.0003894758
E[P_neut(18)] = 0.0004088968
E[P_neut(19)] = 0.0004465497

---- Expected P_sel(i), 0 < i < n (selected SFS per site) 
E[P_sel(1)] = 0.0072353775
E[P_sel(2)] = 0.0028262438
E[P_sel(3)] = 0.0014894542
E[P_sel(4)] = 0.0009391920
E[P_sel(5)] = 0.0006524662
E[P_sel(6)] = 0.0005107906
E[P_sel(7)] = 0.0004173237
E[P_sel(8)] = 0.0003527425
E[P_sel(9)] = 0.0003004626
E[P_sel(10)] = 0.0002757270
E[P_sel(11)] = 0.0002446394
E[P_sel(12)] = 0.0002380142
E[P_sel(13)] = 0.0002216177
E[P_sel(14)] = 0.0002085366
E[P_sel(15)] = 0.0002058770
E[P_sel(16)] = 0.0002068078
E[P_sel(17)] = 0.0002175172
E[P_sel(18)] = 0.0002322056
E[P_sel(19)] = 0.0002607158

---- Expected D_neut and D_sel (neutral and selected divergence per site) 
E[D_neut] = 0.0198293984
E[D_sel] = 0.0124948432

---- Expected neutral and selected misattributed polymorphism per site
E[mis_neut] = 0.0005412230
E[mis_sel] = 0.0003247159

---- alpha_div = 0.242092
---- alpha_dfe = 0.241583

