---- Running command
---- ./polyDFE -d Mmc/722.polyDFE.config.txt -m C -e 
---- Performing inference using model C

---- Performing inference on Mmc/722.polyDFE.config.txt
---- No mutation variability. Using Poisson likelihood.


---- Calculating initial values

-- Starting local optimization
-- Optimizing all parameters
  it        eps_an        lambda     theta_bar           S_d             b           p_b           S_b           r 2           r 3           r 4           r 5           r 6           r 7           r 8           r 9          r 10          r 11          r 12          r 13          r 14          r 15          r 16          r 17          r 18          r 19          r 20           ln lk          grad status 
   0           0.1 0.01927627972 0.01134942024        -20000         0.208           0.1            20 0.87364193081 0.73121913880 0.64399446124 0.58678793433 0.55757340241 0.54002778058 0.54135891498 0.53385274392 0.55849272747 0.54969284427 0.59296976050 0.62276519320 0.66019845617 0.75584539595 0.86399694165 1.10821656192 1.57480825782             1             1 -1117071.108677 23152.8170897   -2 
 932 0.00127788776 0.01928542899 0.01013261189 -68.722866126 0.12885803003 0.02607920854 6.18424770616 0.86684511986 0.72060675375 0.62223249379 0.55681824989 0.52983236892 0.50698628085 0.49876478113 0.48946609425 0.49846406173 0.48188083037 0.51150464015 0.51387112078 0.51842421398 0.55878452114 0.59125041754 0.64315370151 0.70300468514 0.80709126127 1.10246641482 -281.7378960656 0.01734656639   -3 
-- Local optimization: stuck in the same solution
---- Best joint likelihood found -281.737896065664245 with gradient 0.01735

---- Results for Mmc/722.polyDFE.config.txt 
--  Model: C
--        eps_an        lambda     theta_bar             a 
-- 0.00127788776 0.01928542899 0.01013261189            -1 
--           S_d             b           p_b           S_b 
-- -68.722866126 0.12885803003 0.02607920854 6.18424770616 
--           r 2           r 3           r 4           r 5           r 6           r 7           r 8           r 9          r 10          r 11          r 12          r 13          r 14          r 15          r 16          r 17          r 18          r 19          r 20 
-- 0.86684511986 0.72060675375 0.62223249379 0.55681824989 0.52983236892 0.50698628085 0.49876478113 0.48946609425 0.49846406173 0.48188083037 0.51150464015 0.51387112078 0.51842421398 0.55878452114 0.59125041754 0.64315370151 0.70300468514 0.80709126127 1.10246641482 

---- Expected P_neut(i), 0 < i < n (neutral SFS per site) 
E[P_neut(1)] = 0.0101202136
E[P_neut(2)] = 0.0043865962
E[P_neut(3)] = 0.0024312558
E[P_neut(4)] = 0.0015746744
E[P_neut(5)] = 0.0011274450
E[P_neut(6)] = 0.0008941004
E[P_neut(7)] = 0.0007334448
E[P_neut(8)] = 0.0006314684
E[P_neut(9)] = 0.0005509264
E[P_neut(10)] = 0.0005050743
E[P_neut(11)] = 0.0004440198
E[P_neut(12)] = 0.0004321618
E[P_neut(13)] = 0.0004009534
E[P_neut(14)] = 0.0003758776
E[P_neut(15)] = 0.0003784227
E[P_neut(16)] = 0.0003759677
E[P_neut(17)] = 0.0003859631
E[P_neut(18)] = 0.0004008438
E[P_neut(19)] = 0.0004428163

---- Expected P_sel(i), 0 < i < n (selected SFS per site) 
E[P_sel(1)] = 0.0072637417
E[P_sel(2)] = 0.0028355588
E[P_sel(3)] = 0.0014910365
E[P_sel(4)] = 0.0009341182
E[P_sel(5)] = 0.0006533087
E[P_sel(6)] = 0.0005091054
E[P_sel(7)] = 0.0004120559
E[P_sel(8)] = 0.0003511018
E[P_sel(9)] = 0.0003039051
E[P_sel(10)] = 0.0002770021
E[P_sel(11)] = 0.0002425890
E[P_sel(12)] = 0.0002356638
E[P_sel(13)] = 0.0002186709
E[P_sel(14)] = 0.0002054740
E[P_sel(15)] = 0.0002078812
E[P_sel(16)] = 0.0002082056
E[P_sel(17)] = 0.0002163601
E[P_sel(18)] = 0.0002288053
E[P_sel(19)] = 0.0002602602

---- Expected D_neut and D_sel (neutral and selected divergence per site) 
E[D_neut] = 0.0198439722
E[D_sel] = 0.0125467213

---- Expected neutral and selected misattributed polymorphism per site
E[mis_neut] = 0.0005585432
E[mis_sel] = 0.0003370496

---- alpha_div = 0.263601
---- alpha_dfe = 0.263581

