---- Running command
---- ./polyDFE -d Mmc/723.polyDFE.config.txt -m C -e 
---- Performing inference using model C

---- Performing inference on Mmc/723.polyDFE.config.txt
---- No mutation variability. Using Poisson likelihood.


---- Calculating initial values

-- Starting local optimization
-- Optimizing all parameters
  it        eps_an        lambda     theta_bar           S_d             b           p_b           S_b           r 2           r 3           r 4           r 5           r 6           r 7           r 8           r 9          r 10          r 11          r 12          r 13          r 14          r 15          r 16          r 17          r 18          r 19          r 20           ln lk          grad status 
   0           0.1 0.01930190379 0.01135834611        -20000         0.208           0.1            20 0.86970413834 0.73610964166 0.64068744419 0.58337717565 0.55849060339 0.54015396021 0.53545027398 0.52911352368 0.55293564584 0.55483089323 0.58686543061 0.62851787120 0.67198293624 0.76043487540 0.86352247486 1.11186295378 1.57198426372             1             1 -1119710.333517 23228.0053670   -2 
1008 0.00108239808 0.01934532877 0.01014262633 -77.650511676 0.12367032482 0.02592535140 5.94423338401 0.86295527396 0.72229965492 0.61778592963 0.55654557872 0.52922398600 0.50817314473 0.49429653361 0.48406141949 0.49461272558 0.48634807797 0.51095090271 0.51712421997 0.52519764464 0.56361339679 0.59102464694 0.64845612320 0.70892053120 0.81447196477 1.03821097738 -286.2002052400 0.05276722685   -3 
-- Local optimization: stuck in the same solution
---- Best joint likelihood found -286.200205240049399 with gradient 0.05277

---- Results for Mmc/723.polyDFE.config.txt 
--  Model: C
--        eps_an        lambda     theta_bar             a 
-- 0.00108239808 0.01934532877 0.01014262633            -1 
--           S_d             b           p_b           S_b 
-- -77.650511676 0.12367032482 0.02592535140 5.94423338401 
--           r 2           r 3           r 4           r 5           r 6           r 7           r 8           r 9          r 10          r 11          r 12          r 13          r 14          r 15          r 16          r 17          r 18          r 19          r 20 
-- 0.86295527396 0.72229965492 0.61778592963 0.55654557872 0.52922398600 0.50817314473 0.49429653361 0.48406141949 0.49461272558 0.48634807797 0.51095090271 0.51712421997 0.52519764464 0.56361339679 0.59102464694 0.64845612320 0.70892053120 0.81447196477 1.03821097738 

---- Expected P_neut(i), 0 < i < n (neutral SFS per site) 
E[P_neut(1)] = 0.0101321186
E[P_neut(2)] = 0.0043720119
E[P_neut(3)] = 0.0024397807
E[P_neut(4)] = 0.0015652029
E[P_neut(5)] = 0.0011281573
E[P_neut(6)] = 0.0008940637
E[P_neut(7)] = 0.0007359555
E[P_neut(8)] = 0.0006264723
E[P_neut(9)] = 0.0005454120
E[P_neut(10)] = 0.0005016672
E[P_neut(11)] = 0.0004485457
E[P_neut(12)] = 0.0004320762
E[P_neut(13)] = 0.0004038216
E[P_neut(14)] = 0.0003810482
E[P_neut(15)] = 0.0003819108
E[P_neut(16)] = 0.0003759489
E[P_neut(17)] = 0.0003891096
E[P_neut(18)] = 0.0004037665
E[P_neut(19)] = 0.0004452912

---- Expected P_sel(i), 0 < i < n (selected SFS per site) 
E[P_sel(1)] = 0.0072422823
E[P_sel(2)] = 0.0028224085
E[P_sel(3)] = 0.0014971504
E[P_sel(4)] = 0.0009302526
E[P_sel(5)] = 0.0006555731
E[P_sel(6)] = 0.0005108939
E[P_sel(7)] = 0.0004151703
E[P_sel(8)] = 0.0003499155
E[P_sel(9)] = 0.0003023438
E[P_sel(10)] = 0.0002765606
E[P_sel(11)] = 0.0002463781
E[P_sel(12)] = 0.0002369068
E[P_sel(13)] = 0.0002214428
E[P_sel(14)] = 0.0002094219
E[P_sel(15)] = 0.0002108777
E[P_sel(16)] = 0.0002091795
E[P_sel(17)] = 0.0002190027
E[P_sel(18)] = 0.0002311269
E[P_sel(19)] = 0.0002618195

---- Expected D_neut and D_sel (neutral and selected divergence per site) 
E[D_neut] = 0.0198718381
E[D_sel] = 0.0125175002

---- Expected neutral and selected misattributed polymorphism per site
E[mis_neut] = 0.0005265093
E[mis_sel] = 0.0003175723

---- alpha_div = 0.253633
---- alpha_dfe = 0.253467

