---- Running command
---- ./polyDFE -d Mmc/724.polyDFE.config.txt -m C -e 
---- Performing inference using model C

---- Performing inference on Mmc/724.polyDFE.config.txt
---- No mutation variability. Using Poisson likelihood.


---- Calculating initial values

-- Starting local optimization
-- Optimizing all parameters
  it        eps_an        lambda     theta_bar           S_d             b           p_b           S_b           r 2           r 3           r 4           r 5           r 6           r 7           r 8           r 9          r 10          r 11          r 12          r 13          r 14          r 15          r 16          r 17          r 18          r 19          r 20           ln lk          grad status 
   0           0.1 0.01924533981 0.01137443202        -20000         0.208           0.1            20 0.87129728147 0.73198655946 0.64751894041 0.58341810947 0.55529181624 0.53862494708 0.53936856664 0.52888808867 0.55628422058 0.55688389261 0.59653812524 0.62871678619 0.66325907655 0.75007883391 0.85770276605 1.10952600150 1.58014064476             1             1 -1114812.878601 23128.0843905   -2 
 249 0.00421813848 0.01930873264 0.01021101943 -111.44488093 0.10414321744 0.00391165306 31.0522887144 0.85915049829 0.71532223868 0.61883714052 0.55236780622 0.52340071452 0.50458130081 0.49302990932 0.48308818940 0.49365621482 0.48268819195 0.51331370876 0.51409734956 0.52095476870 0.55762105479 0.57816132787 0.64562402322 0.69051512735 0.76273296080 0.98853654251 -300.5320740030 0.20636675656   -3 
-- Local optimization: stuck in the same solution
---- Best joint likelihood found -300.532074003000162 with gradient 0.20637

---- Results for Mmc/724.polyDFE.config.txt 
--  Model: C
--        eps_an        lambda     theta_bar             a 
-- 0.00421813848 0.01930873264 0.01021101943            -1 
--           S_d             b           p_b           S_b 
-- -111.44488093 0.10414321744 0.00391165306 31.0522887144 
--           r 2           r 3           r 4           r 5           r 6           r 7           r 8           r 9          r 10          r 11          r 12          r 13          r 14          r 15          r 16          r 17          r 18          r 19          r 20 
-- 0.85915049829 0.71532223868 0.61883714052 0.55236780622 0.52340071452 0.50458130081 0.49302990932 0.48308818940 0.49365621482 0.48268819195 0.51331370876 0.51409734956 0.52095476870 0.55762105479 0.57816132787 0.64562402322 0.69051512735 0.76273296080 0.98853654251 

---- Expected P_neut(i), 0 < i < n (neutral SFS per site) 
E[P_neut(1)] = 0.0101696770
E[P_neut(2)] = 0.0043695511
E[P_neut(3)] = 0.0024260889
E[P_neut(4)] = 0.0015746323
E[P_neut(5)] = 0.0011248906
E[P_neut(6)] = 0.0008885879
E[P_neut(7)] = 0.0007346399
E[P_neut(8)] = 0.0006284802
E[P_neut(9)] = 0.0005476695
E[P_neut(10)] = 0.0005040733
E[P_neut(11)] = 0.0004484891
E[P_neut(12)] = 0.0004376000
E[P_neut(13)] = 0.0004052059
E[P_neut(14)] = 0.0003821173
E[P_neut(15)] = 0.0003827491
E[P_neut(16)] = 0.0003740832
E[P_neut(17)] = 0.0003964271
E[P_neut(18)] = 0.0004085648
E[P_neut(19)] = 0.0004512520

---- Expected P_sel(i), 0 < i < n (selected SFS per site) 
E[P_sel(1)] = 0.0072211640
E[P_sel(2)] = 0.0028269443
E[P_sel(3)] = 0.0014987017
E[P_sel(4)] = 0.0009441666
E[P_sel(5)] = 0.0006600254
E[P_sel(6)] = 0.0005126547
E[P_sel(7)] = 0.0004180796
E[P_sel(8)] = 0.0003536188
E[P_sel(9)] = 0.0003052045
E[P_sel(10)] = 0.0002786200
E[P_sel(11)] = 0.0002461858
E[P_sel(12)] = 0.0002388245
E[P_sel(13)] = 0.0002201277
E[P_sel(14)] = 0.0002068961
E[P_sel(15)] = 0.0002068722
E[P_sel(16)] = 0.0002023107
E[P_sel(17)] = 0.0002153317
E[P_sel(18)] = 0.0002248519
E[P_sel(19)] = 0.0002591358

---- Expected D_neut and D_sel (neutral and selected divergence per site) 
E[D_neut] = 0.0198134309
E[D_sel] = 0.0125062563

---- Expected neutral and selected misattributed polymorphism per site
E[mis_neut] = 0.0005046983
E[mis_sel] = 0.0002906710

---- alpha_div = 0.192256
---- alpha_dfe = 0.192309

