---- Running command
---- ./polyDFE -d Mmc/725.polyDFE.config.txt -m C -e 
---- Performing inference using model C

---- Performing inference on Mmc/725.polyDFE.config.txt
---- No mutation variability. Using Poisson likelihood.


---- Calculating initial values

-- Starting local optimization
-- Optimizing all parameters
  it        eps_an        lambda     theta_bar           S_d             b           p_b           S_b           r 2           r 3           r 4           r 5           r 6           r 7           r 8           r 9          r 10          r 11          r 12          r 13          r 14          r 15          r 16          r 17          r 18          r 19          r 20           ln lk          grad status 
   0           0.1 0.01932192895 0.01137562825        -20000         0.208           0.1            20 0.87223978525 0.73510721775 0.64039770220 0.58582643087 0.55358185146 0.53466751212 0.53947077493 0.53442298641 0.55139777805 0.55638799563 0.59230764702 0.62758753023 0.66698008653 0.75287355181 0.86059480601 1.10914718306 1.57279600761             1             1 -1121081.353951 23256.4949109   -2 
 557 0.00420872802 0.01932652960 0.01020265683 -89.383438189 0.11423561459 0.01280598442 10.7289713397 0.86243521664 0.71828551677 0.61678253041 0.55485532187 0.52352365207 0.50410691168 0.49636697540 0.48607137123 0.49121526405 0.48354109826 0.50969325377 0.51390074532 0.52166161198 0.55241568268 0.58231233533 0.63491605668 0.68767428483 0.75554580478 1.10389614912 -289.2934304921 0.30497430495   -8 
-- Local optimization: reached maximum number of likelihood evaluations allowed.
---- Best joint likelihood found -289.293430492121843 with gradient 0.30497

---- Results for Mmc/725.polyDFE.config.txt 
--  Model: C
--        eps_an        lambda     theta_bar             a 
-- 0.00420872802 0.01932652960 0.01020265683            -1 
--           S_d             b           p_b           S_b 
-- -89.383438189 0.11423561459 0.01280598442 10.7289713397 
--           r 2           r 3           r 4           r 5           r 6           r 7           r 8           r 9          r 10          r 11          r 12          r 13          r 14          r 15          r 16          r 17          r 18          r 19          r 20 
-- 0.86243521664 0.71828551677 0.61678253041 0.55485532187 0.52352365207 0.50410691168 0.49636697540 0.48607137123 0.49121526405 0.48354109826 0.50969325377 0.51390074532 0.52166161198 0.55241568268 0.58231233533 0.63491605668 0.68767428483 0.75554580478 1.10389614912 

---- Expected P_neut(i), 0 < i < n (neutral SFS per site) 
E[P_neut(1)] = 0.0101614242
E[P_neut(2)] = 0.0043826892
E[P_neut(3)] = 0.0024341295
E[P_neut(4)] = 0.0015681467
E[P_neut(5)] = 0.0011290160
E[P_neut(6)] = 0.0008880753
E[P_neut(7)] = 0.0007333522
E[P_neut(8)] = 0.0006321923
E[P_neut(9)] = 0.0005505928
E[P_neut(10)] = 0.0005011701
E[P_neut(11)] = 0.0004489228
E[P_neut(12)] = 0.0004341925
E[P_neut(13)] = 0.0004047143
E[P_neut(14)] = 0.0003823134
E[P_neut(15)] = 0.0003789242
E[P_neut(16)] = 0.0003763792
E[P_neut(17)] = 0.0003897262
E[P_neut(18)] = 0.0004066597
E[P_neut(19)] = 0.0004469471

---- Expected P_sel(i), 0 < i < n (selected SFS per site) 
E[P_sel(1)] = 0.0072444510
E[P_sel(2)] = 0.0028322169
E[P_sel(3)] = 0.0014978614
E[P_sel(4)] = 0.0009352942
E[P_sel(5)] = 0.0006584742
E[P_sel(6)] = 0.0005091859
E[P_sel(7)] = 0.0004148459
E[P_sel(8)] = 0.0003537721
E[P_sel(9)] = 0.0003054367
E[P_sel(10)] = 0.0002760985
E[P_sel(11)] = 0.0002460100
E[P_sel(12)] = 0.0002370585
E[P_sel(13)] = 0.0002205172
E[P_sel(14)] = 0.0002082858
E[P_sel(15)] = 0.0002068899
E[P_sel(16)] = 0.0002065946
E[P_sel(17)] = 0.0002160553
E[P_sel(18)] = 0.0002296121
E[P_sel(19)] = 0.0002630739

---- Expected D_neut and D_sel (neutral and selected divergence per site) 
E[D_neut] = 0.0198896633
E[D_sel] = 0.0125301209

---- Expected neutral and selected misattributed polymorphism per site
E[mis_neut] = 0.0005631337
E[mis_sel] = 0.0003346445

---- alpha_div = 0.220403
---- alpha_dfe = 0.220469

