---- Running command
---- ./polyDFE -d Mmc/726.polyDFE.config.txt -m C -e 
---- Performing inference using model C

---- Performing inference on Mmc/726.polyDFE.config.txt
---- No mutation variability. Using Poisson likelihood.


---- Calculating initial values

-- Starting local optimization
-- Optimizing all parameters
  it        eps_an        lambda     theta_bar           S_d             b           p_b           S_b           r 2           r 3           r 4           r 5           r 6           r 7           r 8           r 9          r 10          r 11          r 12          r 13          r 14          r 15          r 16          r 17          r 18          r 19          r 20           ln lk          grad status 
   0           0.1 0.01931752691 0.01135565115        -20000         0.208           0.1            20 0.87323395340 0.72980182720 0.64896451667 0.57971850627 0.56121588848 0.54049088488 0.53977578097 0.52812316641 0.55417266641 0.54945875886 0.59366916878 0.62551481960 0.66480390957 0.75689671478 0.85870930619 1.10426066029 1.58402858826             1             1 -1118885.610717 23209.5320173   -2 
 484 0.00394066028 0.01937266582 0.01017911264 -84.339261816 0.11657373687 0.01256309944 11.0659770176 0.86390922752 0.71563198228 0.62240907751 0.55007667482 0.53006618670 0.50576742279 0.49556281938 0.48249961914 0.49351236395 0.48323636952 0.50916955713 0.51373483898 0.52173366505 0.56051780034 0.57700215545 0.63559215114 0.69068385222 0.76446560684 1.00693370211 -282.9623715986 0.25181679083   -3 
-- Local optimization: stuck in the same solution
---- Best joint likelihood found -282.962371598652680 with gradient 0.25182

---- Results for Mmc/726.polyDFE.config.txt 
--  Model: C
--        eps_an        lambda     theta_bar             a 
-- 0.00394066028 0.01937266582 0.01017911264            -1 
--           S_d             b           p_b           S_b 
-- -84.339261816 0.11657373687 0.01256309944 11.0659770176 
--           r 2           r 3           r 4           r 5           r 6           r 7           r 8           r 9          r 10          r 11          r 12          r 13          r 14          r 15          r 16          r 17          r 18          r 19          r 20 
-- 0.86390922752 0.71563198228 0.62240907751 0.55007667482 0.53006618670 0.50576742279 0.49556281938 0.48249961914 0.49351236395 0.48323636952 0.50916955713 0.51373483898 0.52173366505 0.56051780034 0.57700215545 0.63559215114 0.69068385222 0.76446560684 1.00693370211 

---- Expected P_neut(i), 0 < i < n (neutral SFS per site) 
E[P_neut(1)] = 0.0101406141
E[P_neut(2)] = 0.0043811271
E[P_neut(3)] = 0.0024200973
E[P_neut(4)] = 0.0015790980
E[P_neut(5)] = 0.0011169444
E[P_neut(6)] = 0.0008972184
E[P_neut(7)] = 0.0007341532
E[P_neut(8)] = 0.0006297659
E[P_neut(9)] = 0.0005453248
E[P_neut(10)] = 0.0005023518
E[P_neut(11)] = 0.0004475626
E[P_neut(12)] = 0.0004326906
E[P_neut(13)] = 0.0004035719
E[P_neut(14)] = 0.0003813907
E[P_neut(15)] = 0.0003832857
E[P_neut(16)] = 0.0003718806
E[P_neut(17)] = 0.0003886432
E[P_neut(18)] = 0.0004063736
E[P_neut(19)] = 0.0004480554

---- Expected P_sel(i), 0 < i < n (selected SFS per site) 
E[P_sel(1)] = 0.0072380448
E[P_sel(2)] = 0.0028301692
E[P_sel(3)] = 0.0014872267
E[P_sel(4)] = 0.0009399347
E[P_sel(5)] = 0.0006497977
E[P_sel(6)] = 0.0005129321
E[P_sel(7)] = 0.0004139526
E[P_sel(8)] = 0.0003511709
E[P_sel(9)] = 0.0003013710
E[P_sel(10)] = 0.0002756417
E[P_sel(11)] = 0.0002442332
E[P_sel(12)] = 0.0002352020
E[P_sel(13)] = 0.0002188939
E[P_sel(14)] = 0.0002068084
E[P_sel(15)] = 0.0002082591
E[P_sel(16)] = 0.0002031299
E[P_sel(17)] = 0.0002143886
E[P_sel(18)] = 0.0002283268
E[P_sel(19)] = 0.0002624235

---- Expected D_neut and D_sel (neutral and selected divergence per site) 
E[D_neut] = 0.0198851504
E[D_sel] = 0.0125113298

---- Expected neutral and selected misattributed polymorphism per site
E[mis_neut] = 0.0005124846
E[mis_sel] = 0.0003035056

---- alpha_div = 0.223234
---- alpha_dfe = 0.223231

