---- Running command
---- ./polyDFE -d Mmc/727.polyDFE.config.txt -m C -e 
---- Performing inference using model C

---- Performing inference on Mmc/727.polyDFE.config.txt
---- No mutation variability. Using Poisson likelihood.


---- Calculating initial values

-- Starting local optimization
-- Optimizing all parameters
  it        eps_an        lambda     theta_bar           S_d             b           p_b           S_b           r 2           r 3           r 4           r 5           r 6           r 7           r 8           r 9          r 10          r 11          r 12          r 13          r 14          r 15          r 16          r 17          r 18          r 19          r 20           ln lk          grad status 
   0           0.1 0.01926222296 0.01139800864        -20000         0.208           0.1            20 0.86538467862 0.73339332295 0.63934158837 0.57958671649 0.55744612004 0.53793053483 0.53215232498 0.52360910838 0.54483318597 0.54687505639 0.58645506320 0.61890647468 0.65873326214 0.74606031035 0.85884491589 1.11654139557 1.57404029095             1             1 -1112702.174036 23098.1594623   -2 
1337 0.00090288959 0.01926271622 0.01017760910 -92.790879872 0.11498339306 0.02032845137 7.13189761593 0.85951455585 0.71647481011 0.61788916838 0.55167553159 0.52888917704 0.50438521172 0.49026612680 0.47942667007 0.49174367438 0.47872207936 0.50697019537 0.50957818002 0.52069807765 0.55660392912 0.58383538651 0.65880066775 0.70335717882 0.81914159974 1.12331260257 -274.3800399357 0.07096117848   -8 
-- Local optimization: reached maximum number of likelihood evaluations allowed.
---- Best joint likelihood found -274.380039935786044 with gradient 0.07096

---- Results for Mmc/727.polyDFE.config.txt 
--  Model: C
--        eps_an        lambda     theta_bar             a 
-- 0.00090288959 0.01926271622 0.01017760910            -1 
--           S_d             b           p_b           S_b 
-- -92.790879872 0.11498339306 0.02032845137 7.13189761593 
--           r 2           r 3           r 4           r 5           r 6           r 7           r 8           r 9          r 10          r 11          r 12          r 13          r 14          r 15          r 16          r 17          r 18          r 19          r 20 
-- 0.85951455585 0.71647481011 0.61788916838 0.55167553159 0.52888917704 0.50438521172 0.49026612680 0.47942667007 0.49174367438 0.47872207936 0.50697019537 0.50957818002 0.52069807765 0.55660392912 0.58383538651 0.65880066775 0.70335717882 0.81914159974 1.12331260257 

---- Expected P_neut(i), 0 < i < n (neutral SFS per site) 
E[P_neut(1)] = 0.0101688160
E[P_neut(2)] = 0.0043703115
E[P_neut(3)] = 0.0024288283
E[P_neut(4)] = 0.0015710744
E[P_neut(5)] = 0.0011222747
E[P_neut(6)] = 0.0008966696
E[P_neut(7)] = 0.0007330460
E[P_neut(8)] = 0.0006235422
E[P_neut(9)] = 0.0005420679
E[P_neut(10)] = 0.0005004775
E[P_neut(11)] = 0.0004430211
E[P_neut(12)] = 0.0004301536
E[P_neut(13)] = 0.0003992471
E[P_neut(14)] = 0.0003790012
E[P_neut(15)] = 0.0003783327
E[P_neut(16)] = 0.0003724622
E[P_neut(17)] = 0.0003962512
E[P_neut(18)] = 0.0004012842
E[P_neut(19)] = 0.0004475775

---- Expected P_sel(i), 0 < i < n (selected SFS per site) 
E[P_sel(1)] = 0.0072367754
E[P_sel(2)] = 0.0028212510
E[P_sel(3)] = 0.0014942579
E[P_sel(4)] = 0.0009376072
E[P_sel(5)] = 0.0006555026
E[P_sel(6)] = 0.0005153323
E[P_sel(7)] = 0.0004160557
E[P_sel(8)] = 0.0003504563
E[P_sel(9)] = 0.0003023574
E[P_sel(10)] = 0.0002775642
E[P_sel(11)] = 0.0002447219
E[P_sel(12)] = 0.0002370719
E[P_sel(13)] = 0.0002199269
E[P_sel(14)] = 0.0002090808
E[P_sel(15)] = 0.0002095019
E[P_sel(16)] = 0.0002076319
E[P_sel(17)] = 0.0002232174
E[P_sel(18)] = 0.0002297050
E[P_sel(19)] = 0.0002630058

---- Expected D_neut and D_sel (neutral and selected divergence per site) 
E[D_neut] = 0.0198343481
E[D_sel] = 0.0125396871

---- Expected neutral and selected misattributed polymorphism per site
E[mis_neut] = 0.0005716318
E[mis_sel] = 0.0003450048

---- alpha_div = 0.235334
---- alpha_dfe = 0.235143

