---- Running command
---- ./polyDFE -d Mmc/728.polyDFE.config.txt -m C -e 
---- Performing inference using model C

---- Performing inference on Mmc/728.polyDFE.config.txt
---- No mutation variability. Using Poisson likelihood.


---- Calculating initial values

-- Starting local optimization
-- Optimizing all parameters
  it        eps_an        lambda     theta_bar           S_d             b           p_b           S_b           r 2           r 3           r 4           r 5           r 6           r 7           r 8           r 9          r 10          r 11          r 12          r 13          r 14          r 15          r 16          r 17          r 18          r 19          r 20           ln lk          grad status 
   0           0.1 0.01930915715 0.01130578014        -20000         0.208           0.1            20 0.87750186351 0.73414287609 0.64816641352 0.57940975828 0.55825323186 0.54496697933 0.54121601068 0.53228537401 0.55488556886 0.55725802506 0.59181118773 0.63028686056 0.66447152719 0.75190913559 0.87216070193 1.11198530107 1.59217957580             1             1 -1117189.381900 23161.9963603   -2 
 743 0.00186452021 0.01935689745 0.01011254286 -76.858549529 0.12032520473 0.01658236468 8.78664701225 0.86767966263 0.72132912447 0.62109871909 0.55497790119 0.52643901159 0.51040855335 0.49838695227 0.48661158983 0.49699899168 0.48783650541 0.51103324453 0.52000844102 0.52239764293 0.55854610579 0.59180313101 0.65277035113 0.70676186208 0.80456949484 1.02779771546 -280.4564084048 0.21342724995   -8 
-- Local optimization: reached maximum number of likelihood evaluations allowed.
---- Best joint likelihood found -280.456408404890681 with gradient 0.21343

---- Results for Mmc/728.polyDFE.config.txt 
--  Model: C
--        eps_an        lambda     theta_bar             a 
-- 0.00186452021 0.01935689745 0.01011254286            -1 
--           S_d             b           p_b           S_b 
-- -76.858549529 0.12032520473 0.01658236468 8.78664701225 
--           r 2           r 3           r 4           r 5           r 6           r 7           r 8           r 9          r 10          r 11          r 12          r 13          r 14          r 15          r 16          r 17          r 18          r 19          r 20 
-- 0.86767966263 0.72132912447 0.62109871909 0.55497790119 0.52643901159 0.51040855335 0.49838695227 0.48661158983 0.49699899168 0.48783650541 0.51103324453 0.52000844102 0.52239764293 0.55854610579 0.59180313101 0.65277035113 0.70676186208 0.80456949484 1.02779771546 

---- Expected P_neut(i), 0 < i < n (neutral SFS per site) 
E[P_neut(1)] = 0.0100944863
E[P_neut(2)] = 0.0043797842
E[P_neut(3)] = 0.0024276810
E[P_neut(4)] = 0.0015679915
E[P_neut(5)] = 0.0011210568
E[P_neut(6)] = 0.0008863221
E[P_neut(7)] = 0.0007367406
E[P_neut(8)] = 0.0006296233
E[P_neut(9)] = 0.0005465813
E[P_neut(10)] = 0.0005025924
E[P_neut(11)] = 0.0004486621
E[P_neut(12)] = 0.0004310255
E[P_neut(13)] = 0.0004051289
E[P_neut(14)] = 0.0003782914
E[P_neut(15)] = 0.0003779455
E[P_neut(16)] = 0.0003762700
E[P_neut(17)] = 0.0003921136
E[P_neut(18)] = 0.0004045042
E[P_neut(19)] = 0.0004462800

---- Expected P_sel(i), 0 < i < n (selected SFS per site) 
E[P_sel(1)] = 0.0072365013
E[P_sel(2)] = 0.0028377583
E[P_sel(3)] = 0.0014951230
E[P_sel(4)] = 0.0009349567
E[P_sel(5)] = 0.0006532199
E[P_sel(6)] = 0.0005074974
E[P_sel(7)] = 0.0004161149
E[P_sel(8)] = 0.0003517687
E[P_sel(9)] = 0.0003027505
E[P_sel(10)] = 0.0002765214
E[P_sel(11)] = 0.0002456308
E[P_sel(12)] = 0.0002352138
E[P_sel(13)] = 0.0002207653
E[P_sel(14)] = 0.0002062613
E[P_sel(15)] = 0.0002066875
E[P_sel(16)] = 0.0002070267
E[P_sel(17)] = 0.0002179893
E[P_sel(18)] = 0.0002287821
E[P_sel(19)] = 0.0002607100

---- Expected D_neut and D_sel (neutral and selected divergence per site) 
E[D_neut] = 0.0198765799
E[D_sel] = 0.0125467661

---- Expected neutral and selected misattributed polymorphism per site
E[mis_neut] = 0.0005196824
E[mis_sel] = 0.0003107097

---- alpha_div = 0.234871
---- alpha_dfe = 0.234700

