---- Running command
---- ./polyDFE -d Mmc/729.polyDFE.config.txt -m C -e 
---- Performing inference using model C

---- Performing inference on Mmc/729.polyDFE.config.txt
---- No mutation variability. Using Poisson likelihood.


---- Calculating initial values

-- Starting local optimization
-- Optimizing all parameters
  it        eps_an        lambda     theta_bar           S_d             b           p_b           S_b           r 2           r 3           r 4           r 5           r 6           r 7           r 8           r 9          r 10          r 11          r 12          r 13          r 14          r 15          r 16          r 17          r 18          r 19          r 20           ln lk          grad status 
   0           0.1 0.01926700502 0.01135228475        -20000         0.208           0.1            20 0.87247219785 0.74088346319 0.64231299893 0.58130201940 0.55383098754 0.54300246574 0.53692307359 0.53669763262 0.55576059859 0.56334524663 0.59099281588 0.62504078402 0.66575390534 0.74995560092 0.86553307447 1.11292800902 1.58564867320             1             1 -1113825.294503 23141.9083771   -2 
 550 0.00135658653 0.01929939614 0.01014168922 -76.330077167 0.12562218045 0.02621390717 6.08353849050 0.86512600573 0.72498685294 0.61946474695 0.55688278734 0.52828569319 0.50724641740 0.49604633563 0.49139392334 0.49834108778 0.49178682187 0.50797243558 0.51208506170 0.52643008096 0.55896434320 0.58817973236 0.65188816933 0.70670477913 0.81054325110 1.06117096184 -269.4495505306 0.13411622802   -8 
-- Local optimization: reached maximum number of likelihood evaluations allowed.
---- Best joint likelihood found -269.449550530611305 with gradient 0.13412

---- Results for Mmc/729.polyDFE.config.txt 
--  Model: C
--        eps_an        lambda     theta_bar             a 
-- 0.00135658653 0.01929939614 0.01014168922            -1 
--           S_d             b           p_b           S_b 
-- -76.330077167 0.12562218045 0.02621390717 6.08353849050 
--           r 2           r 3           r 4           r 5           r 6           r 7           r 8           r 9          r 10          r 11          r 12          r 13          r 14          r 15          r 16          r 17          r 18          r 19          r 20 
-- 0.86512600573 0.72498685294 0.61946474695 0.55688278734 0.52828569319 0.50724641740 0.49604633563 0.49139392334 0.49834108778 0.49178682187 0.50797243558 0.51208506170 0.52643008096 0.55896434320 0.58817973236 0.65188816933 0.70670477913 0.81054325110 1.06117096184 

---- Expected P_neut(i), 0 < i < n (neutral SFS per site) 
E[P_neut(1)] = 0.0101285181
E[P_neut(2)] = 0.0043815085
E[P_neut(3)] = 0.0024480665
E[P_neut(4)] = 0.0015689798
E[P_neut(5)] = 0.0011285268
E[P_neut(6)] = 0.0008922575
E[P_neut(7)] = 0.0007344501
E[P_neut(8)] = 0.0006285728
E[P_neut(9)] = 0.0005535933
E[P_neut(10)] = 0.0005054020
E[P_neut(11)] = 0.0004535496
E[P_neut(12)] = 0.0004295789
E[P_neut(13)] = 0.0003999479
E[P_neut(14)] = 0.0003820433
E[P_neut(15)] = 0.0003789425
E[P_neut(16)] = 0.0003744459
E[P_neut(17)] = 0.0003916941
E[P_neut(18)] = 0.0004035878
E[P_neut(19)] = 0.0004458174

---- Expected P_sel(i), 0 < i < n (selected SFS per site) 
E[P_sel(1)] = 0.0072286492
E[P_sel(2)] = 0.0028205529
E[P_sel(3)] = 0.0014969142
E[P_sel(4)] = 0.0009287733
E[P_sel(5)] = 0.0006529665
E[P_sel(6)] = 0.0005075573
E[P_sel(7)] = 0.0004123854
E[P_sel(8)] = 0.0003494131
E[P_sel(9)] = 0.0003053974
E[P_sel(10)] = 0.0002772711
E[P_sel(11)] = 0.0002479289
E[P_sel(12)] = 0.0002344242
E[P_sel(13)] = 0.0002183122
E[P_sel(14)] = 0.0002090491
E[P_sel(15)] = 0.0002083854
E[P_sel(16)] = 0.0002075837
E[P_sel(17)] = 0.0002197921
E[P_sel(18)] = 0.0002305630
E[P_sel(19)] = 0.0002621710

---- Expected D_neut and D_sel (neutral and selected divergence per site) 
E[D_neut] = 0.0198374995
E[D_sel] = 0.0125288589

---- Expected neutral and selected misattributed polymorphism per site
E[mis_neut] = 0.0005381033
E[mis_sel] = 0.0003246728

---- alpha_div = 0.261435
---- alpha_dfe = 0.261197

