---- Running command
---- ./polyDFE -d Mmc/73.polyDFE.config.txt -m C -e 
---- Performing inference using model C

---- Performing inference on Mmc/73.polyDFE.config.txt
---- No mutation variability. Using Poisson likelihood.


---- Calculating initial values

-- Starting local optimization
-- Optimizing all parameters
  it        eps_an        lambda     theta_bar           S_d             b           p_b           S_b           r 2           r 3           r 4           r 5           r 6           r 7           r 8           r 9          r 10          r 11          r 12          r 13          r 14          r 15          r 16          r 17          r 18          r 19          r 20           ln lk          grad status 
   0           0.1 0.01926867673 0.01135587527        -20000         0.208           0.1            20 0.87412926484 0.73096213996 0.64494953411 0.58294721838 0.55846279052 0.54317803493 0.53732600392 0.53346442486 0.55259612629 0.55700360406 0.59660410770 0.61780426038 0.66626653116 0.75319154392 0.87179982949 1.09743026809 1.58206291454             1             1 -1116112.604105 23163.7766567   -2 
 610 0.00112173158 0.01932155170 0.01014611935 -73.135504026 0.12642477565 0.02506908131 6.31793176305 0.86437675551 0.71979310217 0.61938967284 0.55562570345 0.53286714753 0.50904277183 0.49700403059 0.48835377568 0.49399709785 0.48634050312 0.51296931159 0.51287145155 0.52778571897 0.55468953362 0.59306591742 0.64113339572 0.70578041756 0.82543964172 1.02125976655 -278.7313344731 0.11123057250   -3 
-- Local optimization: stuck in the same solution
---- Best joint likelihood found -278.731334473122843 with gradient 0.11123

---- Results for Mmc/73.polyDFE.config.txt 
--  Model: C
--        eps_an        lambda     theta_bar             a 
-- 0.00112173158 0.01932155170 0.01014611935            -1 
--           S_d             b           p_b           S_b 
-- -73.135504026 0.12642477565 0.02506908131 6.31793176305 
--           r 2           r 3           r 4           r 5           r 6           r 7           r 8           r 9          r 10          r 11          r 12          r 13          r 14          r 15          r 16          r 17          r 18          r 19          r 20 
-- 0.86437675551 0.71979310217 0.61938967284 0.55562570345 0.53286714753 0.50904277183 0.49700403059 0.48835377568 0.49399709785 0.48634050312 0.51296931159 0.51287145155 0.52778571897 0.55468953362 0.59306591742 0.64113339572 0.70578041756 0.82543964172 1.02125976655 

---- Expected P_neut(i), 0 < i < n (neutral SFS per site) 
E[P_neut(1)] = 0.0101352326
E[P_neut(2)] = 0.0043805623
E[P_neut(3)] = 0.0024320674
E[P_neut(4)] = 0.0015697599
E[P_neut(5)] = 0.0011266451
E[P_neut(6)] = 0.0009005072
E[P_neut(7)] = 0.0007374512
E[P_neut(8)] = 0.0006301122
E[P_neut(9)] = 0.0005504296
E[P_neut(10)] = 0.0005012154
E[P_neut(11)] = 0.0004487024
E[P_neut(12)] = 0.0004339412
E[P_neut(13)] = 0.0004006598
E[P_neut(14)] = 0.0003830801
E[P_neut(15)] = 0.0003760403
E[P_neut(16)] = 0.0003774228
E[P_neut(17)] = 0.0003849495
E[P_neut(18)] = 0.0004023021
E[P_neut(19)] = 0.0004516767

---- Expected P_sel(i), 0 < i < n (selected SFS per site) 
E[P_sel(1)] = 0.0072526125
E[P_sel(2)] = 0.0028260717
E[P_sel(3)] = 0.0014896976
E[P_sel(4)] = 0.0009305084
E[P_sel(5)] = 0.0006525757
E[P_sel(6)] = 0.0005126612
E[P_sel(7)] = 0.0004142993
E[P_sel(8)] = 0.0003503785
E[P_sel(9)] = 0.0003036759
E[P_sel(10)] = 0.0002749312
E[P_sel(11)] = 0.0002451827
E[P_sel(12)] = 0.0002366544
E[P_sel(13)] = 0.0002185083
E[P_sel(14)] = 0.0002093797
E[P_sel(15)] = 0.0002065045
E[P_sel(16)] = 0.0002088937
E[P_sel(17)] = 0.0002156079
E[P_sel(18)] = 0.0002293452
E[P_sel(19)] = 0.0002648781

---- Expected D_neut and D_sel (neutral and selected divergence per site) 
E[D_neut] = 0.0198396429
E[D_sel] = 0.0125254710

---- Expected neutral and selected misattributed polymorphism per site
E[mis_neut] = 0.0005180912
E[mis_sel] = 0.0003121619

---- alpha_div = 0.259187
---- alpha_dfe = 0.258927

