---- Running command
---- ./polyDFE -d Mmc/730.polyDFE.config.txt -m C -e 
---- Performing inference using model C

---- Performing inference on Mmc/730.polyDFE.config.txt
---- No mutation variability. Using Poisson likelihood.


---- Calculating initial values

-- Starting local optimization
-- Optimizing all parameters
  it        eps_an        lambda     theta_bar           S_d             b           p_b           S_b           r 2           r 3           r 4           r 5           r 6           r 7           r 8           r 9          r 10          r 11          r 12          r 13          r 14          r 15          r 16          r 17          r 18          r 19          r 20           ln lk          grad status 
   0           0.1 0.01929250462 0.01135798040        -20000         0.208           0.1            20 0.87377350948 0.73441714754 0.64312353328 0.58118369727 0.55707153245 0.54041483608 0.53677392150 0.52676742734 0.55640044315 0.55323685337 0.59594113183 0.62104472923 0.66479799478 0.75375176668 0.86542903314 1.11082434890 1.58010394152             1             1 -1117078.206192 23173.5888055   -2 
 525 0.00374500636 0.01934857716 0.01018798613 -92.437491640 0.11129905466 0.00827495369 15.9970649247 0.86132680049 0.71577457248 0.61748799478 0.55233058547 0.52456344098 0.50502753829 0.49538258038 0.48070379573 0.49632600381 0.48470550326 0.51346762985 0.51066066033 0.52131464475 0.55597523616 0.58799895900 0.64636011752 0.69026026328 0.75575102908 1.00170186823 -281.1263509359 0.81194441645   -3 
-- Local optimization: stuck in the same solution
---- Best joint likelihood found -281.126350935941446 with gradient 0.81194

---- Results for Mmc/730.polyDFE.config.txt 
--  Model: C
--        eps_an        lambda     theta_bar             a 
-- 0.00374500636 0.01934857716 0.01018798613            -1 
--           S_d             b           p_b           S_b 
-- -92.437491640 0.11129905466 0.00827495369 15.9970649247 
--           r 2           r 3           r 4           r 5           r 6           r 7           r 8           r 9          r 10          r 11          r 12          r 13          r 14          r 15          r 16          r 17          r 18          r 19          r 20 
-- 0.86132680049 0.71577457248 0.61748799478 0.55233058547 0.52456344098 0.50502753829 0.49538258038 0.48070379573 0.49632600381 0.48470550326 0.51346762985 0.51066066033 0.52131464475 0.55597523616 0.58799895900 0.64636011752 0.69026026328 0.75575102908 1.00170186823 

---- Expected P_neut(i), 0 < i < n (neutral SFS per site) 
E[P_neut(1)] = 0.0101513497
E[P_neut(2)] = 0.0043726243
E[P_neut(3)] = 0.0024231146
E[P_neut(4)] = 0.0015682520
E[P_neut(5)] = 0.0011226267
E[P_neut(6)] = 0.0008887925
E[P_neut(7)] = 0.0007337766
E[P_neut(8)] = 0.0006301388
E[P_neut(9)] = 0.0005437993
E[P_neut(10)] = 0.0005056562
E[P_neut(11)] = 0.0004492815
E[P_neut(12)] = 0.0004366635
E[P_neut(13)] = 0.0004014542
E[P_neut(14)] = 0.0003812826
E[P_neut(15)] = 0.0003804184
E[P_neut(16)] = 0.0003788956
E[P_neut(17)] = 0.0003950119
E[P_neut(18)] = 0.0004056552
E[P_neut(19)] = 0.0004418775

---- Expected P_sel(i), 0 < i < n (selected SFS per site) 
E[P_sel(1)] = 0.0072412539
E[P_sel(2)] = 0.0028306980
E[P_sel(3)] = 0.0014944528
E[P_sel(4)] = 0.0009376024
E[P_sel(5)] = 0.0006562724
E[P_sel(6)] = 0.0005106691
E[P_sel(7)] = 0.0004158117
E[P_sel(8)] = 0.0003530708
E[P_sel(9)] = 0.0003018699
E[P_sel(10)] = 0.0002785525
E[P_sel(11)] = 0.0002459746
E[P_sel(12)] = 0.0002379342
E[P_sel(13)] = 0.0002180380
E[P_sel(14)] = 0.0002067566
E[P_sel(15)] = 0.0002063879
E[P_sel(16)] = 0.0002062614
E[P_sel(17)] = 0.0002167321
E[P_sel(18)] = 0.0002263261
E[P_sel(19)] = 0.0002573287

---- Expected D_neut and D_sel (neutral and selected divergence per site) 
E[D_neut] = 0.0198588434
E[D_sel] = 0.0125464619

---- Expected neutral and selected misattributed polymorphism per site
E[mis_neut] = 0.0005102662
E[mis_sel] = 0.0003000748

---- alpha_div = 0.210291
---- alpha_dfe = 0.210376

