---- Running command
---- ./polyDFE -d Mmc/731.polyDFE.config.txt -m C -e 
---- Performing inference using model C

---- Performing inference on Mmc/731.polyDFE.config.txt
---- No mutation variability. Using Poisson likelihood.


---- Calculating initial values

-- Starting local optimization
-- Optimizing all parameters
  it        eps_an        lambda     theta_bar           S_d             b           p_b           S_b           r 2           r 3           r 4           r 5           r 6           r 7           r 8           r 9          r 10          r 11          r 12          r 13          r 14          r 15          r 16          r 17          r 18          r 19          r 20           ln lk          grad status 
   0           0.1 0.01928740036 0.01137800891        -20000         0.208           0.1            20 0.86916184204 0.73348402771 0.64348873899 0.57859244169 0.55633392180 0.54281691196 0.53936686338 0.53394099021 0.55071707344 0.55285214357 0.58652781237 0.62392633009 0.66216958331 0.74651021444 0.87105503342 1.10293059886 1.58553740634             1             1 -1113952.150677 23125.4268547   -2 
 544 0.00223882016 0.01931116143 0.01016773365 -76.752235273 0.12271009444 0.02074112666 7.37526201549 0.86356152332 0.72123239282 0.61931258687 0.55286119091 0.52692396960 0.50767548715 0.49622044559 0.48701886580 0.49240135135 0.48405605605 0.50602695504 0.51461321823 0.52113758811 0.55666368475 0.59021643696 0.64175820107 0.70696509170 0.79907649937 1.07613158193 -280.1239258891 0.13775103993   -8 
-- Local optimization: reached maximum number of likelihood evaluations allowed.
---- Best joint likelihood found -280.123925889143720 with gradient 0.13775

---- Results for Mmc/731.polyDFE.config.txt 
--  Model: C
--        eps_an        lambda     theta_bar             a 
-- 0.00223882016 0.01931116143 0.01016773365            -1 
--           S_d             b           p_b           S_b 
-- -76.752235273 0.12271009444 0.02074112666 7.37526201549 
--           r 2           r 3           r 4           r 5           r 6           r 7           r 8           r 9          r 10          r 11          r 12          r 13          r 14          r 15          r 16          r 17          r 18          r 19          r 20 
-- 0.86356152332 0.72123239282 0.61931258687 0.55286119091 0.52692396960 0.50767548715 0.49622044559 0.48701886580 0.49240135135 0.48405605605 0.50602695504 0.51461321823 0.52113758811 0.55666368475 0.59021643696 0.64175820107 0.70696509170 0.79907649937 1.07613158193 

---- Expected P_neut(i), 0 < i < n (neutral SFS per site) 
E[P_neut(1)] = 0.0101459273
E[P_neut(2)] = 0.0043812969
E[P_neut(3)] = 0.0024398197
E[P_neut(4)] = 0.0015715666
E[P_neut(5)] = 0.0011225968
E[P_neut(6)] = 0.0008917853
E[P_neut(7)] = 0.0007366658
E[P_neut(8)] = 0.0006302276
E[P_neut(9)] = 0.0005499786
E[P_neut(10)] = 0.0005006606
E[P_neut(11)] = 0.0004476622
E[P_neut(12)] = 0.0004292143
E[P_neut(13)] = 0.0004032460
E[P_neut(14)] = 0.0003796366
E[P_neut(15)] = 0.0003790061
E[P_neut(16)] = 0.0003777575
E[P_neut(17)] = 0.0003884502
E[P_neut(18)] = 0.0004082811
E[P_neut(19)] = 0.0004494273

---- Expected P_sel(i), 0 < i < n (selected SFS per site) 
E[P_sel(1)] = 0.0072565001
E[P_sel(2)] = 0.0028293859
E[P_sel(3)] = 0.0014971402
E[P_sel(4)] = 0.0009336256
E[P_sel(5)] = 0.0006517630
E[P_sel(6)] = 0.0005088946
E[P_sel(7)] = 0.0004147877
E[P_sel(8)] = 0.0003511552
E[P_sel(9)] = 0.0003039527
E[P_sel(10)] = 0.0002749973
E[P_sel(11)] = 0.0002448315
E[P_sel(12)] = 0.0002341590
E[P_sel(13)] = 0.0002198634
E[P_sel(14)] = 0.0002073099
E[P_sel(15)] = 0.0002078032
E[P_sel(16)] = 0.0002086214
E[P_sel(17)] = 0.0002170189
E[P_sel(18)] = 0.0002322981
E[P_sel(19)] = 0.0002642310

---- Expected D_neut and D_sel (neutral and selected divergence per site) 
E[D_neut] = 0.0198582524
E[D_sel] = 0.0125534156

---- Expected neutral and selected misattributed polymorphism per site
E[mis_neut] = 0.0005470910
E[mis_sel] = 0.0003288568

---- alpha_div = 0.247885
---- alpha_dfe = 0.247734

