---- Running command
---- ./polyDFE -d Mmc/732.polyDFE.config.txt -m C -e 
---- Performing inference using model C

---- Performing inference on Mmc/732.polyDFE.config.txt
---- No mutation variability. Using Poisson likelihood.


---- Calculating initial values

-- Starting local optimization
-- Optimizing all parameters
  it        eps_an        lambda     theta_bar           S_d             b           p_b           S_b           r 2           r 3           r 4           r 5           r 6           r 7           r 8           r 9          r 10          r 11          r 12          r 13          r 14          r 15          r 16          r 17          r 18          r 19          r 20           ln lk          grad status 
   0           0.1 0.01928802452 0.01134219492        -20000         0.208           0.1            20 0.87841370091 0.73615441418 0.64429444339 0.58325458335 0.55580622006 0.53482799289 0.53876441204 0.54050381888 0.55423246101 0.55925205111 0.58708794451 0.62107717953 0.66089746676 0.75079158746 0.86299300295 1.11770438245 1.57893576010             1             1 -1118908.299140 23203.0496992   -2 
 331  0.0056720812 0.01931246064 0.01019338945 -91.943713044 0.11149740135 0.00790693657 16.7006073811 0.86546284039 0.71791438424 0.61937596320 0.55300202609 0.52498281931 0.50269621921 0.49361999830 0.48757735195 0.49394028944 0.48592124153 0.50378789770 0.51258302916 0.51490804181 0.55007941877 0.58543096429 0.63581128284 0.67162707330 0.72061530390 1.06019597806 -288.7586198934 0.25929805662   -8 
-- Local optimization: reached maximum number of likelihood evaluations allowed.
---- Best joint likelihood found -288.758619893444120 with gradient 0.25930

---- Results for Mmc/732.polyDFE.config.txt 
--  Model: C
--        eps_an        lambda     theta_bar             a 
--  0.0056720812 0.01931246064 0.01019338945            -1 
--           S_d             b           p_b           S_b 
-- -91.943713044 0.11149740135 0.00790693657 16.7006073811 
--           r 2           r 3           r 4           r 5           r 6           r 7           r 8           r 9          r 10          r 11          r 12          r 13          r 14          r 15          r 16          r 17          r 18          r 19          r 20 
-- 0.86546284039 0.71791438424 0.61937596320 0.55300202609 0.52498281931 0.50269621921 0.49361999830 0.48757735195 0.49394028944 0.48592124153 0.50378789770 0.51258302916 0.51490804181 0.55007941877 0.58543096429 0.63581128284 0.67162707330 0.72061530390 1.06019597806 

---- Expected P_neut(i), 0 < i < n (neutral SFS per site) 
E[P_neut(1)] = 0.0101377646
E[P_neut(2)] = 0.0043881377
E[P_neut(3)] = 0.0024276533
E[P_neut(4)] = 0.0015715479
E[P_neut(5)] = 0.0011231186
E[P_neut(6)] = 0.0008889600
E[P_neut(7)] = 0.0007301531
E[P_neut(8)] = 0.0006278174
E[P_neut(9)] = 0.0005516513
E[P_neut(10)] = 0.0005034926
E[P_neut(11)] = 0.0004508677
E[P_neut(12)] = 0.0004290824
E[P_neut(13)] = 0.0004037923
E[P_neut(14)] = 0.0003778366
E[P_neut(15)] = 0.0003780860
E[P_neut(16)] = 0.0003798076
E[P_neut(17)] = 0.0003929132
E[P_neut(18)] = 0.0004032042
E[P_neut(19)] = 0.0004422308

---- Expected P_sel(i), 0 < i < n (selected SFS per site) 
E[P_sel(1)] = 0.0072311040
E[P_sel(2)] = 0.0028399331
E[P_sel(3)] = 0.0014965957
E[P_sel(4)] = 0.0009390481
E[P_sel(5)] = 0.0006561261
E[P_sel(6)] = 0.0005103815
E[P_sel(7)] = 0.0004134103
E[P_sel(8)] = 0.0003514457
E[P_sel(9)] = 0.0003059214
E[P_sel(10)] = 0.0002770600
E[P_sel(11)] = 0.0002465566
E[P_sel(12)] = 0.0002335148
E[P_sel(13)] = 0.0002190217
E[P_sel(14)] = 0.0002046155
E[P_sel(15)] = 0.0002048502
E[P_sel(16)] = 0.0002065145
E[P_sel(17)] = 0.0002154453
E[P_sel(18)] = 0.0002252546
E[P_sel(19)] = 0.0002598591

---- Expected D_neut and D_sel (neutral and selected divergence per site) 
E[D_neut] = 0.0198528102
E[D_sel] = 0.0125325028

---- Expected neutral and selected misattributed polymorphism per site
E[mis_neut] = 0.0005403495
E[mis_sel] = 0.0003170274

---- alpha_div = 0.209699
---- alpha_dfe = 0.209901

