---- Running command
---- ./polyDFE -d Mmc/733.polyDFE.config.txt -m C -e 
---- Performing inference using model C

---- Performing inference on Mmc/733.polyDFE.config.txt
---- No mutation variability. Using Poisson likelihood.


---- Calculating initial values

-- Starting local optimization
-- Optimizing all parameters
  it        eps_an        lambda     theta_bar           S_d             b           p_b           S_b           r 2           r 3           r 4           r 5           r 6           r 7           r 8           r 9          r 10          r 11          r 12          r 13          r 14          r 15          r 16          r 17          r 18          r 19          r 20           ln lk          grad status 
   0           0.1 0.01929233899 0.01132934794        -20000         0.208           0.1            20 0.87373225943 0.73593592206 0.64313559467 0.58326003450 0.55801005095 0.54202831074 0.53714483911 0.53200981074 0.55848272867 0.55238763068 0.59343735484 0.63831839604 0.66968446993 0.75640215423 0.85335093020 1.12296661221 1.59172756839             1             1 -1116147.970181 23180.5203241   -2 
 254 0.00453118360 0.01934548769 0.01017054957 -101.67743943 0.10644612948 0.00311847312 39.1123108260 0.86155572140 0.71660558281 0.61872567051 0.55386595545 0.52450515527 0.50519296785 0.49351760660 0.48326996829 0.49539531414 0.47803150947 0.50886850595 0.52208159219 0.52452713494 0.56164037231 0.58625937864 0.65042591230 0.70099883699 0.77367787926 1.00206289524 -302.7820038609 1.21637417638   -3 
-- Local optimization: stuck in the same solution
---- Best joint likelihood found -302.782003860920668 with gradient 1.21637

---- Results for Mmc/733.polyDFE.config.txt 
--  Model: C
--        eps_an        lambda     theta_bar             a 
-- 0.00453118360 0.01934548769 0.01017054957            -1 
--           S_d             b           p_b           S_b 
-- -101.67743943 0.10644612948 0.00311847312 39.1123108260 
--           r 2           r 3           r 4           r 5           r 6           r 7           r 8           r 9          r 10          r 11          r 12          r 13          r 14          r 15          r 16          r 17          r 18          r 19          r 20 
-- 0.86155572140 0.71660558281 0.61872567051 0.55386595545 0.52450515527 0.50519296785 0.49351760660 0.48326996829 0.49539531414 0.47803150947 0.50886850595 0.52208159219 0.52452713494 0.56164037231 0.58625937864 0.65042591230 0.70099883699 0.77367787926 1.00206289524 

---- Expected P_neut(i), 0 < i < n (neutral SFS per site) 
E[P_neut(1)] = 0.0101263415
E[P_neut(2)] = 0.0043631901
E[P_neut(3)] = 0.0024201792
E[P_neut(4)] = 0.0015677552
E[P_neut(5)] = 0.0011232448
E[P_neut(6)] = 0.0008867823
E[P_neut(7)] = 0.0007325377
E[P_neut(8)] = 0.0006265295
E[P_neut(9)] = 0.0005456527
E[P_neut(10)] = 0.0005038443
E[P_neut(11)] = 0.0004424576
E[P_neut(12)] = 0.0004321781
E[P_neut(13)] = 0.0004099257
E[P_neut(14)] = 0.0003833541
E[P_neut(15)] = 0.0003841922
E[P_neut(16)] = 0.0003781011
E[P_neut(17)] = 0.0003983737
E[P_neut(18)] = 0.0004141432
E[P_neut(19)] = 0.0004583517

---- Expected P_sel(i), 0 < i < n (selected SFS per site) 
E[P_sel(1)] = 0.0072136183
E[P_sel(2)] = 0.0028273426
E[P_sel(3)] = 0.0014958145
E[P_sel(4)] = 0.0009397932
E[P_sel(5)] = 0.0006584813
E[P_sel(6)] = 0.0005108979
E[P_sel(7)] = 0.0004161057
E[P_sel(8)] = 0.0003517109
E[P_sel(9)] = 0.0003032533
E[P_sel(10)] = 0.0002776180
E[P_sel(11)] = 0.0002420058
E[P_sel(12)] = 0.0002349120
E[P_sel(13)] = 0.0002216767
E[P_sel(14)] = 0.0002065018
E[P_sel(15)] = 0.0002064498
E[P_sel(16)] = 0.0002031389
E[P_sel(17)] = 0.0002147770
E[P_sel(18)] = 0.0002260286
E[P_sel(19)] = 0.0002611124

---- Expected D_neut and D_sel (neutral and selected divergence per site) 
E[D_neut] = 0.0198550642
E[D_sel] = 0.0125186197

---- Expected neutral and selected misattributed polymorphism per site
E[mis_neut] = 0.0005095765
E[mis_sel] = 0.0002902936

---- alpha_div = 0.192821
---- alpha_dfe = 0.193160

