---- Running command
---- ./polyDFE -d Mmc/734.polyDFE.config.txt -m C -e 
---- Performing inference using model C

---- Performing inference on Mmc/734.polyDFE.config.txt
---- No mutation variability. Using Poisson likelihood.


---- Calculating initial values

-- Starting local optimization
-- Optimizing all parameters
  it        eps_an        lambda     theta_bar           S_d             b           p_b           S_b           r 2           r 3           r 4           r 5           r 6           r 7           r 8           r 9          r 10          r 11          r 12          r 13          r 14          r 15          r 16          r 17          r 18          r 19          r 20           ln lk          grad status 
   0           0.1 0.01931473710 0.01131673042        -20000         0.208           0.1            20 0.87482053792 0.73957575061 0.64805504822 0.58342170968 0.56364371103 0.53987514936 0.54323520464 0.52994134187 0.55447517637 0.56131123162 0.59300461608 0.62534425187 0.67014324835 0.75879840120 0.86409821803 1.10994146577 1.58890944278             1             1 -1120760.502294 23199.6534700   -2 
 649 0.00069005710 0.01936787806 0.01011220655 -76.896731306 0.12077262952 0.01943909465 7.48283945696 0.86605739607 0.72233015838 0.62060553622 0.55716417238 0.53496753072 0.50909826456 0.50098402515 0.48991225759 0.49835350242 0.48893433802 0.51467842784 0.51463457460 0.52596338635 0.56665445643 0.59339248679 0.64603150586 0.71367410004 0.83296458838 1.01971265392 -299.7110924812 0.09104454524   -3 
-- Local optimization: stuck in the same solution
---- Best joint likelihood found -299.711092481287778 with gradient 0.09104

---- Results for Mmc/734.polyDFE.config.txt 
--  Model: C
--        eps_an        lambda     theta_bar             a 
-- 0.00069005710 0.01936787806 0.01011220655            -1 
--           S_d             b           p_b           S_b 
-- -76.896731306 0.12077262952 0.01943909465 7.48283945696 
--           r 2           r 3           r 4           r 5           r 6           r 7           r 8           r 9          r 10          r 11          r 12          r 13          r 14          r 15          r 16          r 17          r 18          r 19          r 20 
-- 0.86605739607 0.72233015838 0.62060553622 0.55716417238 0.53496753072 0.50909826456 0.50098402515 0.48991225759 0.49835350242 0.48893433802 0.51467842784 0.51463457460 0.52596338635 0.56665445643 0.59339248679 0.64603150586 0.71367410004 0.83296458838 1.01971265392 

---- Expected P_neut(i), 0 < i < n (neutral SFS per site) 
E[P_neut(1)] = 0.0101055345
E[P_neut(2)] = 0.0043761306
E[P_neut(3)] = 0.0024333690
E[P_neut(4)] = 0.0015680990
E[P_neut(5)] = 0.0011263179
E[P_neut(6)] = 0.0009012570
E[P_neut(7)] = 0.0007352126
E[P_neut(8)] = 0.0006331190
E[P_neut(9)] = 0.0005503852
E[P_neut(10)] = 0.0005039454
E[P_neut(11)] = 0.0004495429
E[P_neut(12)] = 0.0004338489
E[P_neut(13)] = 0.0004005460
E[P_neut(14)] = 0.0003802636
E[P_neut(15)] = 0.0003825224
E[P_neut(16)] = 0.0003758556
E[P_neut(17)] = 0.0003856976
E[P_neut(18)] = 0.0004036794
E[P_neut(19)] = 0.0004499937

---- Expected P_sel(i), 0 < i < n (selected SFS per site) 
E[P_sel(1)] = 0.0072474975
E[P_sel(2)] = 0.0028373246
E[P_sel(3)] = 0.0015000332
E[P_sel(4)] = 0.0009361491
E[P_sel(5)] = 0.0006572633
E[P_sel(6)] = 0.0005169730
E[P_sel(7)] = 0.0004161292
E[P_sel(8)] = 0.0003545914
E[P_sel(9)] = 0.0003057202
E[P_sel(10)] = 0.0002781612
E[P_sel(11)] = 0.0002470127
E[P_sel(12)] = 0.0002377272
E[P_sel(13)] = 0.0002192672
E[P_sel(14)] = 0.0002083825
E[P_sel(15)] = 0.0002103353
E[P_sel(16)] = 0.0002079877
E[P_sel(17)] = 0.0002156354
E[P_sel(18)] = 0.0002293075
E[P_sel(19)] = 0.0002623795

---- Expected D_neut and D_sel (neutral and selected divergence per site) 
E[D_neut] = 0.0198834553
E[D_sel] = 0.0125168439

---- Expected neutral and selected misattributed polymorphism per site
E[mis_neut] = 0.0005155772
E[mis_sel] = 0.0003092075

---- alpha_div = 0.236680
---- alpha_dfe = 0.236437

