---- Running command
---- ./polyDFE -d Mmc/735.polyDFE.config.txt -m C -e 
---- Performing inference using model C

---- Performing inference on Mmc/735.polyDFE.config.txt
---- No mutation variability. Using Poisson likelihood.


---- Calculating initial values

-- Starting local optimization
-- Optimizing all parameters
  it        eps_an        lambda     theta_bar           S_d             b           p_b           S_b           r 2           r 3           r 4           r 5           r 6           r 7           r 8           r 9          r 10          r 11          r 12          r 13          r 14          r 15          r 16          r 17          r 18          r 19          r 20           ln lk          grad status 
   0           0.1 0.01926547587 0.01135319527        -20000         0.208           0.1            20 0.87404434354 0.73385683545 0.64962922395 0.58431466283 0.55822453057 0.53563079833 0.53618711527 0.52653642068 0.54993536332 0.56309791046 0.59241431121 0.61741937903 0.66627924137 0.75831678174 0.86154513791 1.10690375716 1.58267296384             1             1 -1118436.529015 23166.5519868   -2 
 777 0.00045404414 0.01930558485 0.01014064701 -74.750334888 0.12458188835 0.02312360462 6.65048957045 0.86442675935 0.72052446476 0.62248152361 0.55664657354 0.52988395308 0.50490993917 0.49750768092 0.48123928515 0.49439294319 0.48930540585 0.51417064316 0.51577561369 0.52582045781 0.56119654888 0.58808427837 0.64844465335 0.70755883121 0.82732801991 1.04727850722 -293.5834817634 0.04470541143   -3 
-- Local optimization: stuck in the same solution
---- Best joint likelihood found -293.583481763489544 with gradient 0.04471

---- Results for Mmc/735.polyDFE.config.txt 
--  Model: C
--        eps_an        lambda     theta_bar             a 
-- 0.00045404414 0.01930558485 0.01014064701            -1 
--           S_d             b           p_b           S_b 
-- -74.750334888 0.12458188835 0.02312360462 6.65048957045 
--           r 2           r 3           r 4           r 5           r 6           r 7           r 8           r 9          r 10          r 11          r 12          r 13          r 14          r 15          r 16          r 17          r 18          r 19          r 20 
-- 0.86442675935 0.72052446476 0.62248152361 0.55664657354 0.52988395308 0.50490993917 0.49750768092 0.48123928515 0.49439294319 0.48930540585 0.51417064316 0.51577561369 0.52582045781 0.56119654888 0.58808427837 0.64844465335 0.70755883121 0.82732801991 1.04727850722 

---- Expected P_neut(i), 0 < i < n (neutral SFS per site) 
E[P_neut(1)] = 0.0101362432
E[P_neut(2)] = 0.0043811143
E[P_neut(3)] = 0.0024345979
E[P_neut(4)] = 0.0015775441
E[P_neut(5)] = 0.0011286110
E[P_neut(6)] = 0.0008953273
E[P_neut(7)] = 0.0007312953
E[P_neut(8)] = 0.0006305422
E[P_neut(9)] = 0.0005421895
E[P_neut(10)] = 0.0005013464
E[P_neut(11)] = 0.0004511208
E[P_neut(12)] = 0.0004345910
E[P_neut(13)] = 0.0004024801
E[P_neut(14)] = 0.0003811022
E[P_neut(15)] = 0.0003797334
E[P_neut(16)] = 0.0003732695
E[P_neut(17)] = 0.0003877331
E[P_neut(18)] = 0.0004004260
E[P_neut(19)] = 0.0004459639

---- Expected P_sel(i), 0 < i < n (selected SFS per site) 
E[P_sel(1)] = 0.0072534846
E[P_sel(2)] = 0.0028287656
E[P_sel(3)] = 0.0014931138
E[P_sel(4)] = 0.0009364965
E[P_sel(5)] = 0.0006547387
E[P_sel(6)] = 0.0005105195
E[P_sel(7)] = 0.0004114732
E[P_sel(8)] = 0.0003511231
E[P_sel(9)] = 0.0002995173
E[P_sel(10)] = 0.0002753064
E[P_sel(11)] = 0.0002467168
E[P_sel(12)] = 0.0002371444
E[P_sel(13)] = 0.0002195507
E[P_sel(14)] = 0.0002082613
E[P_sel(15)] = 0.0002083966
E[P_sel(16)] = 0.0002063454
E[P_sel(17)] = 0.0002167523
E[P_sel(18)] = 0.0002276028
E[P_sel(19)] = 0.0002600649

---- Expected D_neut and D_sel (neutral and selected divergence per site) 
E[D_neut] = 0.0198365889
E[D_sel] = 0.0124958390

---- Expected neutral and selected misattributed polymorphism per site
E[mis_neut] = 0.0005310041
E[mis_sel] = 0.0003191101

---- alpha_div = 0.251518
---- alpha_dfe = 0.251230

