---- Running command
---- ./polyDFE -d Mmc/736.polyDFE.config.txt -m C -e 
---- Performing inference using model C

---- Performing inference on Mmc/736.polyDFE.config.txt
---- No mutation variability. Using Poisson likelihood.


---- Calculating initial values

-- Starting local optimization
-- Optimizing all parameters
  it        eps_an        lambda     theta_bar           S_d             b           p_b           S_b           r 2           r 3           r 4           r 5           r 6           r 7           r 8           r 9          r 10          r 11          r 12          r 13          r 14          r 15          r 16          r 17          r 18          r 19          r 20           ln lk          grad status 
   0           0.1 0.01931066235 0.01136389872        -20000         0.208           0.1            20 0.87017623060 0.73445519533 0.64414342911 0.58217915261 0.55994982064 0.53912535856 0.53262785883 0.53340298572 0.55286651777 0.55450252166 0.59857144168 0.61854958641 0.66245985445 0.74287453914 0.86835817582 1.11158140488 1.58734546554             1             1 -1120996.931378 23242.8641321   -2 
1405 0.00027372391 0.01933393306 0.01014042765 -71.004546277 0.12802368730 0.02632854512 6.02300682369 0.86299318305 0.72131004836 0.62001290794 0.55604628367 0.52833211773 0.50910425377 0.49205428845 0.48695672279 0.49537458208 0.48734193704 0.51554105230 0.51542934252 0.52256610442 0.55481015852 0.59306761757 0.65531213706 0.72224234623 0.82465688567 1.08102992401 -279.2864027204 0.01925044395   -3 
-- Local optimization: stuck in the same solution
---- Best joint likelihood found -279.286402720492333 with gradient 0.01925

---- Results for Mmc/736.polyDFE.config.txt 
--  Model: C
--        eps_an        lambda     theta_bar             a 
-- 0.00027372391 0.01933393306 0.01014042765            -1 
--           S_d             b           p_b           S_b 
-- -71.004546277 0.12802368730 0.02632854512 6.02300682369 
--           r 2           r 3           r 4           r 5           r 6           r 7           r 8           r 9          r 10          r 11          r 12          r 13          r 14          r 15          r 16          r 17          r 18          r 19          r 20 
-- 0.86299318305 0.72131004836 0.62001290794 0.55604628367 0.52833211773 0.50910425377 0.49205428845 0.48695672279 0.49537458208 0.48734193704 0.51554105230 0.51542934252 0.52256610442 0.55481015852 0.59306761757 0.65531213706 0.72224234623 0.82465688567 1.08102992401 

---- Expected P_neut(i), 0 < i < n (neutral SFS per site) 
E[P_neut(1)] = 0.0101377724
E[P_neut(2)] = 0.0043744736
E[P_neut(3)] = 0.0024375704
E[P_neut(4)] = 0.0015714717
E[P_neut(5)] = 0.0011275034
E[P_neut(6)] = 0.0008927781
E[P_neut(7)] = 0.0007374132
E[P_neut(8)] = 0.0006236536
E[P_neut(9)] = 0.0005486338
E[P_neut(10)] = 0.0005023310
E[P_neut(11)] = 0.0004492868
E[P_neut(12)] = 0.0004357020
E[P_neut(13)] = 0.0004021437
E[P_neut(14)] = 0.0003786439
E[P_neut(15)] = 0.0003752735
E[P_neut(16)] = 0.0003761998
E[P_neut(17)] = 0.0003914513
E[P_neut(18)] = 0.0004079667
E[P_neut(19)] = 0.0004427801

---- Expected P_sel(i), 0 < i < n (selected SFS per site) 
E[P_sel(1)] = 0.0072617313
E[P_sel(2)] = 0.0028230689
E[P_sel(3)] = 0.0014929286
E[P_sel(4)] = 0.0009312009
E[P_sel(5)] = 0.0006527456
E[P_sel(6)] = 0.0005079591
E[P_sel(7)] = 0.0004140121
E[P_sel(8)] = 0.0003465600
E[P_sel(9)] = 0.0003024908
E[P_sel(10)] = 0.0002753764
E[P_sel(11)] = 0.0002453669
E[P_sel(12)] = 0.0002375002
E[P_sel(13)] = 0.0002192282
E[P_sel(14)] = 0.0002068850
E[P_sel(15)] = 0.0002060229
E[P_sel(16)] = 0.0002081488
E[P_sel(17)] = 0.0002191260
E[P_sel(18)] = 0.0002322479
E[P_sel(19)] = 0.0002583942

---- Expected D_neut and D_sel (neutral and selected divergence per site) 
E[D_neut] = 0.0198820384
E[D_sel] = 0.0125170436

---- Expected neutral and selected misattributed polymorphism per site
E[mis_neut] = 0.0005481053
E[mis_sel] = 0.0003298429

---- alpha_div = 0.260981
---- alpha_dfe = 0.260719

