---- Running command
---- ./polyDFE -d Mmc/737.polyDFE.config.txt -m C -e 
---- Performing inference using model C

---- Performing inference on Mmc/737.polyDFE.config.txt
---- No mutation variability. Using Poisson likelihood.


---- Calculating initial values

-- Starting local optimization
-- Optimizing all parameters
  it        eps_an        lambda     theta_bar           S_d             b           p_b           S_b           r 2           r 3           r 4           r 5           r 6           r 7           r 8           r 9          r 10          r 11          r 12          r 13          r 14          r 15          r 16          r 17          r 18          r 19          r 20           ln lk          grad status 
   0           0.1 0.01925040614 0.01138161754        -20000         0.208           0.1            20 0.87304645894 0.73417102417 0.64145082528 0.58239976708 0.55206532603 0.53774252180 0.54066657352 0.52546415564 0.55629473178 0.56001403053 0.59565836185 0.62732609296 0.66674442901 0.74821664607 0.85795333015 1.10975535326 1.57331989198             1             1 -1113351.034219 23108.7420001   -2 
 499 0.00606745345 0.01930160222 0.01022569719 -99.499764133 0.10952302016 0.00926272295 14.3909792167 0.86332083171 0.71679129669 0.61615649697 0.55351707326 0.52459643467 0.50381703854 0.49596342188 0.47889143307 0.49052897342 0.48276762740 0.51252320435 0.51133445296 0.52230283513 0.54892274115 0.57465227078 0.63044192743 0.66683654588 0.71629404852 1.01086671231 -284.4134078532 0.30363275000   -3 
-- Local optimization: stuck in the same solution
---- Best joint likelihood found -284.413407853237004 with gradient 0.30363

---- Results for Mmc/737.polyDFE.config.txt 
--  Model: C
--        eps_an        lambda     theta_bar             a 
-- 0.00606745345 0.01930160222 0.01022569719            -1 
--           S_d             b           p_b           S_b 
-- -99.499764133 0.10952302016 0.00926272295 14.3909792167 
--           r 2           r 3           r 4           r 5           r 6           r 7           r 8           r 9          r 10          r 11          r 12          r 13          r 14          r 15          r 16          r 17          r 18          r 19          r 20 
-- 0.86332083171 0.71679129669 0.61615649697 0.55351707326 0.52459643467 0.50381703854 0.49596342188 0.47889143307 0.49052897342 0.48276762740 0.51252320435 0.51133445296 0.52230283513 0.54892274115 0.57465227078 0.63044192743 0.66683654588 0.71629404852 1.01086671231 

---- Expected P_neut(i), 0 < i < n (neutral SFS per site) 
E[P_neut(1)] = 0.0101659923
E[P_neut(2)] = 0.0043895453
E[P_neut(3)] = 0.0024307070
E[P_neut(4)] = 0.0015678286
E[P_neut(5)] = 0.0011274216
E[P_neut(6)] = 0.0008909507
E[P_neut(7)] = 0.0007339578
E[P_neut(8)] = 0.0006327499
E[P_neut(9)] = 0.0005435326
E[P_neut(10)] = 0.0005016001
E[P_neut(11)] = 0.0004493634
E[P_neut(12)] = 0.0004379388
E[P_neut(13)] = 0.0004042368
E[P_neut(14)] = 0.0003846036
E[P_neut(15)] = 0.0003788058
E[P_neut(16)] = 0.0003745926
E[P_neut(17)] = 0.0003917414
E[P_neut(18)] = 0.0004033094
E[P_neut(19)] = 0.0004452105

---- Expected P_sel(i), 0 < i < n (selected SFS per site) 
E[P_sel(1)] = 0.0072293402
E[P_sel(2)] = 0.0028363088
E[P_sel(3)] = 0.0014975986
E[P_sel(4)] = 0.0009369760
E[P_sel(5)] = 0.0006591464
E[P_sel(6)] = 0.0005121903
E[P_sel(7)] = 0.0004163118
E[P_sel(8)] = 0.0003550111
E[P_sel(9)] = 0.0003022459
E[P_sel(10)] = 0.0002769086
E[P_sel(11)] = 0.0002466497
E[P_sel(12)] = 0.0002393505
E[P_sel(13)] = 0.0002203267
E[P_sel(14)] = 0.0002094221
E[P_sel(15)] = 0.0002065161
E[P_sel(16)] = 0.0002051117
E[P_sel(17)] = 0.0002164902
E[P_sel(18)] = 0.0002272335
E[P_sel(19)] = 0.0002637318

---- Expected D_neut and D_sel (neutral and selected divergence per site) 
E[D_neut] = 0.0198184431
E[D_sel] = 0.0125451547

---- Expected neutral and selected misattributed polymorphism per site
E[mis_neut] = 0.0005168408
E[mis_sel] = 0.0003057160

---- alpha_div = 0.211624
---- alpha_dfe = 0.211728

