---- Running command
---- ./polyDFE -d Mmc/738.polyDFE.config.txt -m C -e 
---- Performing inference using model C

---- Performing inference on Mmc/738.polyDFE.config.txt
---- No mutation variability. Using Poisson likelihood.


---- Calculating initial values

-- Starting local optimization
-- Optimizing all parameters
  it        eps_an        lambda     theta_bar           S_d             b           p_b           S_b           r 2           r 3           r 4           r 5           r 6           r 7           r 8           r 9          r 10          r 11          r 12          r 13          r 14          r 15          r 16          r 17          r 18          r 19          r 20           ln lk          grad status 
   0           0.1 0.01933259179 0.01134864491        -20000         0.208           0.1            20 0.87305768727 0.73300592499 0.64287803901 0.58086368494 0.56361110127 0.53863061545 0.53427821325 0.52981454551 0.54804609341 0.56005332456 0.58633088615 0.62667305370 0.66423454464 0.74333867892 0.86367301579 1.10176928647 1.57699676569             1             1 -1119748.618940 23227.7747396   -2 
 645 0.00111265691 0.01937789130 0.01014088909 -81.808192779 0.12125698898 0.02492906935 5.99902418016 0.86466758146 0.71938833437 0.61840281505 0.55423741882 0.53049352616 0.50586699809 0.49681927497 0.48421178727 0.49051918447 0.48999845046 0.51067413083 0.51338577022 0.52414141075 0.55119319769 0.58747615951 0.64432515158 0.70115817071 0.82589509623 1.03496179940 -286.6029040493 0.06069833106   -3 
-- Local optimization: stuck in the same solution
---- Best joint likelihood found -286.602904049301287 with gradient 0.06070

---- Results for Mmc/738.polyDFE.config.txt 
--  Model: C
--        eps_an        lambda     theta_bar             a 
-- 0.00111265691 0.01937789130 0.01014088909            -1 
--           S_d             b           p_b           S_b 
-- -81.808192779 0.12125698898 0.02492906935 5.99902418016 
--           r 2           r 3           r 4           r 5           r 6           r 7           r 8           r 9          r 10          r 11          r 12          r 13          r 14          r 15          r 16          r 17          r 18          r 19          r 20 
-- 0.86466758146 0.71938833437 0.61840281505 0.55423741882 0.53049352616 0.50586699809 0.49681927497 0.48421178727 0.49051918447 0.48999845046 0.51067413083 0.51338577022 0.52414141075 0.55119319769 0.58747615951 0.64432515158 0.70115817071 0.82589509623 1.03496179940 

---- Expected P_neut(i), 0 < i < n (neutral SFS per site) 
E[P_neut(1)] = 0.0101300962
E[P_neut(2)] = 0.0043798104
E[P_neut(3)] = 0.0024294677
E[P_neut(4)] = 0.0015664585
E[P_neut(5)] = 0.0011232559
E[P_neut(6)] = 0.0008960375
E[P_neut(7)] = 0.0007324789
E[P_neut(8)] = 0.0006295531
E[P_neut(9)] = 0.0005454887
E[P_neut(10)] = 0.0004974301
E[P_neut(11)] = 0.0004518335
E[P_neut(12)] = 0.0004317780
E[P_neut(13)] = 0.0004008458
E[P_neut(14)] = 0.0003802366
E[P_neut(15)] = 0.0003734754
E[P_neut(16)] = 0.0003736758
E[P_neut(17)] = 0.0003866327
E[P_neut(18)] = 0.0003994590
E[P_neut(19)] = 0.0004515987

---- Expected P_sel(i), 0 < i < n (selected SFS per site) 
E[P_sel(1)] = 0.0072299174
E[P_sel(2)] = 0.0028266590
E[P_sel(3)] = 0.0014915617
E[P_sel(4)] = 0.0009319159
E[P_sel(5)] = 0.0006535816
E[P_sel(6)] = 0.0005128078
E[P_sel(7)] = 0.0004139047
E[P_sel(8)] = 0.0003522594
E[P_sel(9)] = 0.0003029336
E[P_sel(10)] = 0.0002747188
E[P_sel(11)] = 0.0002486179
E[P_sel(12)] = 0.0002371338
E[P_sel(13)] = 0.0002201410
E[P_sel(14)] = 0.0002092474
E[P_sel(15)] = 0.0002064337
E[P_sel(16)] = 0.0002080600
E[P_sel(17)] = 0.0002176691
E[P_sel(18)] = 0.0002286118
E[P_sel(19)] = 0.0002652950

---- Expected D_neut and D_sel (neutral and selected divergence per site) 
E[D_neut] = 0.0199026629
E[D_sel] = 0.0125029781

---- Expected neutral and selected misattributed polymorphism per site
E[mis_neut] = 0.0005247716
E[mis_sel] = 0.0003159680

---- alpha_div = 0.246722
---- alpha_dfe = 0.246503

