---- Running command
---- ./polyDFE -d Mmc/739.polyDFE.config.txt -m C -e 
---- Performing inference using model C

---- Performing inference on Mmc/739.polyDFE.config.txt
---- No mutation variability. Using Poisson likelihood.


---- Calculating initial values

-- Starting local optimization
-- Optimizing all parameters
  it        eps_an        lambda     theta_bar           S_d             b           p_b           S_b           r 2           r 3           r 4           r 5           r 6           r 7           r 8           r 9          r 10          r 11          r 12          r 13          r 14          r 15          r 16          r 17          r 18          r 19          r 20           ln lk          grad status 
   0           0.1 0.01922416446 0.01134392774        -20000         0.208           0.1            20 0.87170449175 0.73710983071 0.64234107136 0.58838569025 0.56039369153 0.54228589703 0.54152070327 0.53432881775 0.55748550592 0.55099951725 0.59886561147 0.62365519064 0.66748341000 0.75175303278 0.86186942993 1.11194280086 1.57858430780             1             1 -1112787.068704 23060.8172571   -2 
 357 0.00125458279 0.01923598083 0.01012573871 -71.577131059 0.12665330571 0.02610832206 6.09585308826 0.86728639065 0.72321292589 0.62078527100 0.55984101505 0.53130156227 0.50918845855 0.49934844447 0.48878226947 0.49847540726 0.48168468633 0.51663719496 0.51474804173 0.52789267034 0.55892567300 0.59587579544 0.64480435143 0.70567899927 0.81537625515 1.10242445406 -296.1514527408 0.05749045551   -8 
-- Local optimization: reached maximum number of likelihood evaluations allowed.
---- Best joint likelihood found -296.151452740872628 with gradient 0.05749

---- Results for Mmc/739.polyDFE.config.txt 
--  Model: C
--        eps_an        lambda     theta_bar             a 
-- 0.00125458279 0.01923598083 0.01012573871            -1 
--           S_d             b           p_b           S_b 
-- -71.577131059 0.12665330571 0.02610832206 6.09585308826 
--           r 2           r 3           r 4           r 5           r 6           r 7           r 8           r 9          r 10          r 11          r 12          r 13          r 14          r 15          r 16          r 17          r 18          r 19          r 20 
-- 0.86728639065 0.72321292589 0.62078527100 0.55984101505 0.53130156227 0.50918845855 0.49934844447 0.48878226947 0.49847540726 0.48168468633 0.51663719496 0.51474804173 0.52789267034 0.55892567300 0.59587579544 0.64480435143 0.70567899927 0.81537625515 1.10242445406 

---- Expected P_neut(i), 0 < i < n (neutral SFS per site) 
E[P_neut(1)] = 0.0101135803
E[P_neut(2)] = 0.0043859469
E[P_neut(3)] = 0.0024384411
E[P_neut(4)] = 0.0015699789
E[P_neut(5)] = 0.0011328117
E[P_neut(6)] = 0.0008959909
E[P_neut(7)] = 0.0007361374
E[P_neut(8)] = 0.0006317880
E[P_neut(9)] = 0.0005497865
E[P_neut(10)] = 0.0005047432
E[P_neut(11)] = 0.0004435348
E[P_neut(12)] = 0.0004361904
E[P_neut(13)] = 0.0004013598
E[P_neut(14)] = 0.0003824533
E[P_neut(15)] = 0.0003782514
E[P_neut(16)] = 0.0003786036
E[P_neut(17)] = 0.0003866465
E[P_neut(18)] = 0.0004019842
E[P_neut(19)] = 0.0004466998

---- Expected P_sel(i), 0 < i < n (selected SFS per site) 
E[P_sel(1)] = 0.0072543864
E[P_sel(2)] = 0.0028370173
E[P_sel(3)] = 0.0014976891
E[P_sel(4)] = 0.0009332600
E[P_sel(5)] = 0.0006580497
E[P_sel(6)] = 0.0005116129
E[P_sel(7)] = 0.0004148342
E[P_sel(8)] = 0.0003524267
E[P_sel(9)] = 0.0003043173
E[P_sel(10)] = 0.0002778073
E[P_sel(11)] = 0.0002432124
E[P_sel(12)] = 0.0002387492
E[P_sel(13)] = 0.0002197182
E[P_sel(14)] = 0.0002098562
E[P_sel(15)] = 0.0002085599
E[P_sel(16)] = 0.0002104201
E[P_sel(17)] = 0.0002174794
E[P_sel(18)] = 0.0002301516
E[P_sel(19)] = 0.0002631403

---- Expected D_neut and D_sel (neutral and selected divergence per site) 
E[D_neut] = 0.0197941239
E[D_sel] = 0.0125237243

---- Expected neutral and selected misattributed polymorphism per site
E[mis_neut] = 0.0005581431
E[mis_sel] = 0.0003374340

---- alpha_div = 0.260395
---- alpha_dfe = 0.260163

