---- Running command
---- ./polyDFE -d Mmc/74.polyDFE.config.txt -m C -e 
---- Performing inference using model C

---- Performing inference on Mmc/74.polyDFE.config.txt
---- No mutation variability. Using Poisson likelihood.


---- Calculating initial values

-- Starting local optimization
-- Optimizing all parameters
  it        eps_an        lambda     theta_bar           S_d             b           p_b           S_b           r 2           r 3           r 4           r 5           r 6           r 7           r 8           r 9          r 10          r 11          r 12          r 13          r 14          r 15          r 16          r 17          r 18          r 19          r 20           ln lk          grad status 
   0           0.1 0.01929431663 0.01135179104        -20000         0.208           0.1            20 0.87443435665 0.73158044812 0.64292800796 0.58727336598 0.56091728411 0.53785898525 0.53738869978 0.52896099647 0.55635845803 0.55590156416 0.59753517652 0.62699886902 0.67391313263 0.75383454852 0.85964537170 1.10852253734 1.58506386551             1             1 -1112832.598483 23124.3929539   -2 
1121 0.00025688388 0.01930147049 0.01013082507 -80.579496205 0.12199014067 0.02399226822 6.43714374879 0.86558949481 0.72027771696 0.62116862379 0.55996195343 0.53043827328 0.50423051808 0.49713859517 0.48733120545 0.49572268849 0.48861007332 0.51240653501 0.51275263021 0.53473816178 0.56405645554 0.59074896680 0.65033906790 0.71837428770 0.83919403110 1.10923857268 -279.4764334749 0.02125443843   -3 
-- Local optimization: stuck in the same solution
---- Best joint likelihood found -279.476433474977966 with gradient 0.02125

---- Results for Mmc/74.polyDFE.config.txt 
--  Model: C
--        eps_an        lambda     theta_bar             a 
-- 0.00025688388 0.01930147049 0.01013082507            -1 
--           S_d             b           p_b           S_b 
-- -80.579496205 0.12199014067 0.02399226822 6.43714374879 
--           r 2           r 3           r 4           r 5           r 6           r 7           r 8           r 9          r 10          r 11          r 12          r 13          r 14          r 15          r 16          r 17          r 18          r 19          r 20 
-- 0.86558949481 0.72027771696 0.62116862379 0.55996195343 0.53043827328 0.50423051808 0.49713859517 0.48733120545 0.49572268849 0.48861007332 0.51240653501 0.51275263021 0.53473816178 0.56405645554 0.59074896680 0.65033906790 0.71837428770 0.83919403110 1.10923857268 

---- Expected P_neut(i), 0 < i < n (neutral SFS per site) 
E[P_neut(1)] = 0.0101283376
E[P_neut(2)] = 0.0043835454
E[P_neut(3)] = 0.0024318106
E[P_neut(4)] = 0.0015729296
E[P_neut(5)] = 0.0011343817
E[P_neut(6)] = 0.0008954989
E[P_neut(7)] = 0.0007296682
E[P_neut(8)] = 0.0006295024
E[P_neut(9)] = 0.0005485377
E[P_neut(10)] = 0.0005022080
E[P_neut(11)] = 0.0004500274
E[P_neut(12)] = 0.0004326423
E[P_neut(13)] = 0.0003996700
E[P_neut(14)] = 0.0003870834
E[P_neut(15)] = 0.0003811507
E[P_neut(16)] = 0.0003743565
E[P_neut(17)] = 0.0003880824
E[P_neut(18)] = 0.0004053405
E[P_neut(19)] = 0.0004499469

---- Expected P_sel(i), 0 < i < n (selected SFS per site) 
E[P_sel(1)] = 0.0072272584
E[P_sel(2)] = 0.0028267389
E[P_sel(3)] = 0.0014911674
E[P_sel(4)] = 0.0009343488
E[P_sel(5)] = 0.0006589078
E[P_sel(6)] = 0.0005115129
E[P_sel(7)] = 0.0004114565
E[P_sel(8)] = 0.0003514471
E[P_sel(9)] = 0.0003039113
E[P_sel(10)] = 0.0002766767
E[P_sel(11)] = 0.0002469948
E[P_sel(12)] = 0.0002369896
E[P_sel(13)] = 0.0002189163
E[P_sel(14)] = 0.0002124553
E[P_sel(15)] = 0.0002101376
E[P_sel(16)] = 0.0002079363
E[P_sel(17)] = 0.0002180052
E[P_sel(18)] = 0.0002314858
E[P_sel(19)] = 0.0002633652

---- Expected D_neut and D_sel (neutral and selected divergence per site) 
E[D_neut] = 0.0198633456
E[D_sel] = 0.0125553258

---- Expected neutral and selected misattributed polymorphism per site
E[mis_neut] = 0.0005618751
E[mis_sel] = 0.0003391834

---- alpha_div = 0.252012
---- alpha_dfe = 0.251890

