---- Running command
---- ./polyDFE -d Mmc/740.polyDFE.config.txt -m C -e 
---- Performing inference using model C

---- Performing inference on Mmc/740.polyDFE.config.txt
---- No mutation variability. Using Poisson likelihood.


---- Calculating initial values

-- Starting local optimization
-- Optimizing all parameters
  it        eps_an        lambda     theta_bar           S_d             b           p_b           S_b           r 2           r 3           r 4           r 5           r 6           r 7           r 8           r 9          r 10          r 11          r 12          r 13          r 14          r 15          r 16          r 17          r 18          r 19          r 20           ln lk          grad status 
   0           0.1 0.01929020754 0.01136725842        -20000         0.208           0.1            20 0.87050203013 0.73546092232 0.64679817804 0.58251110323 0.55824767482 0.53772482849 0.53761637202 0.52932757177 0.55050587608 0.55042689209 0.59353719393 0.62422518634 0.66005295478 0.74615553228 0.85199641214 1.11436039651 1.57585769708             1             1 -1116364.035953 23186.9849995   -2 
 873 0.00075379603 0.01929291882 0.01014855526 -75.747996453 0.12598707360 0.02752107915 5.82235251882 0.86359876068 0.72082537741 0.62350172485 0.55485300042 0.53080764520 0.50837669430 0.49599583908 0.48298096345 0.49075041551 0.48188001829 0.51277702083 0.51622900522 0.52114037880 0.55609227897 0.57983837839 0.64751745617 0.70886309269 0.82093473139 1.11809578530 -281.0117301418 0.03870698742   -3 
-- Local optimization: stuck in the same solution
---- Best joint likelihood found -281.011730141835869 with gradient 0.03871

---- Results for Mmc/740.polyDFE.config.txt 
--  Model: C
--        eps_an        lambda     theta_bar             a 
-- 0.00075379603 0.01929291882 0.01014855526            -1 
--           S_d             b           p_b           S_b 
-- -75.747996453 0.12598707360 0.02752107915 5.82235251882 
--           r 2           r 3           r 4           r 5           r 6           r 7           r 8           r 9          r 10          r 11          r 12          r 13          r 14          r 15          r 16          r 17          r 18          r 19          r 20 
-- 0.86359876068 0.72082537741 0.62350172485 0.55485300042 0.53080764520 0.50837669430 0.49599583908 0.48298096345 0.49075041551 0.48188001829 0.51277702083 0.51622900522 0.52114037880 0.55609227897 0.57983837839 0.64751745617 0.70886309269 0.82093473139 1.11809578530 

---- Expected P_neut(i), 0 < i < n (neutral SFS per site) 
E[P_neut(1)] = 0.0101412359
E[P_neut(2)] = 0.0043791379
E[P_neut(3)] = 0.0024368987
E[P_neut(4)] = 0.0015809952
E[P_neut(5)] = 0.0011256260
E[P_neut(6)] = 0.0008974298
E[P_neut(7)] = 0.0007367895
E[P_neut(8)] = 0.0006290577
E[P_neut(9)] = 0.0005445423
E[P_neut(10)] = 0.0004980408
E[P_neut(11)] = 0.0004446560
E[P_neut(12)] = 0.0004338096
E[P_neut(13)] = 0.0004032502
E[P_neut(14)] = 0.0003781650
E[P_neut(15)] = 0.0003768009
E[P_neut(16)] = 0.0003686978
E[P_neut(17)] = 0.0003880977
E[P_neut(18)] = 0.0004026651
E[P_neut(19)] = 0.0004458090

---- Expected P_sel(i), 0 < i < n (selected SFS per site) 
E[P_sel(1)] = 0.0072433380
E[P_sel(2)] = 0.0028214062
E[P_sel(3)] = 0.0014914307
E[P_sel(4)] = 0.0009368005
E[P_sel(5)] = 0.0006519813
E[P_sel(6)] = 0.0005110931
E[P_sel(7)] = 0.0004142249
E[P_sel(8)] = 0.0003501688
E[P_sel(9)] = 0.0003008603
E[P_sel(10)] = 0.0002736847
E[P_sel(11)] = 0.0002435045
E[P_sel(12)] = 0.0002371940
E[P_sel(13)] = 0.0002205765
E[P_sel(14)] = 0.0002073905
E[P_sel(15)] = 0.0002076963
E[P_sel(16)] = 0.0002048906
E[P_sel(17)] = 0.0002182773
E[P_sel(18)] = 0.0002304385
E[P_sel(19)] = 0.0002619580

---- Expected D_neut and D_sel (neutral and selected divergence per site) 
E[D_neut] = 0.0198602717
E[D_sel] = 0.0125479427

---- Expected neutral and selected misattributed polymorphism per site
E[mis_neut] = 0.0005673528
E[mis_sel] = 0.0003429202

---- alpha_div = 0.263224
---- alpha_dfe = 0.263085

