---- Running command
---- ./polyDFE -d Mmc/741.polyDFE.config.txt -m C -e 
---- Performing inference using model C

---- Performing inference on Mmc/741.polyDFE.config.txt
---- No mutation variability. Using Poisson likelihood.


---- Calculating initial values

-- Starting local optimization
-- Optimizing all parameters
  it        eps_an        lambda     theta_bar           S_d             b           p_b           S_b           r 2           r 3           r 4           r 5           r 6           r 7           r 8           r 9          r 10          r 11          r 12          r 13          r 14          r 15          r 16          r 17          r 18          r 19          r 20           ln lk          grad status 
   0           0.1 0.01928724180 0.01139092085        -20000         0.208           0.1            20 0.87167145781 0.73023837954 0.63843506226 0.58486954971 0.55324191162 0.53974309593 0.53044985099 0.53033107815 0.55971834033 0.55327663725 0.58783061189 0.62524919021 0.66514706932 0.74626814619 0.86964049656 1.09827855834 1.57777484120             1             1 -1117743.742296 23198.7090697   -2 
 819 0.00132461692 0.01933914470 0.01017306349 -81.837755928 0.12095801537 0.02185465062 6.89371555170 0.86400809507 0.71823565515 0.61655444331 0.55564162384 0.52417474429 0.50643985950 0.49403731861 0.48247386260 0.49966065404 0.48340272991 0.50929769733 0.51576616358 0.52302425039 0.55579097915 0.59390789616 0.64011537040 0.70864277517 0.80908104134 1.02037818364 -277.2864161700 0.08120561944   -3 
-- Local optimization: stuck in the same solution
---- Best joint likelihood found -277.286416170056327 with gradient 0.08121

---- Results for Mmc/741.polyDFE.config.txt 
--  Model: C
--        eps_an        lambda     theta_bar             a 
-- 0.00132461692 0.01933914470 0.01017306349            -1 
--           S_d             b           p_b           S_b 
-- -81.837755928 0.12095801537 0.02185465062 6.89371555170 
--           r 2           r 3           r 4           r 5           r 6           r 7           r 8           r 9          r 10          r 11          r 12          r 13          r 14          r 15          r 16          r 17          r 18          r 19          r 20 
-- 0.86400809507 0.71823565515 0.61655444331 0.55564162384 0.52417474429 0.50643985950 0.49403731861 0.48247386260 0.49966065404 0.48340272991 0.50929769733 0.51576616358 0.52302425039 0.55579097915 0.59390789616 0.64011537040 0.70864277517 0.80908104134 1.02037818364 

---- Expected P_neut(i), 0 < i < n (neutral SFS per site) 
E[P_neut(1)] = 0.0101601619
E[P_neut(2)] = 0.0043895137
E[P_neut(3)] = 0.0024328335
E[P_neut(4)] = 0.0015664850
E[P_neut(5)] = 0.0011295173
E[P_neut(6)] = 0.0008880700
E[P_neut(7)] = 0.0007355661
E[P_neut(8)] = 0.0006279739
E[P_neut(9)] = 0.0005452295
E[P_neut(10)] = 0.0005083080
E[P_neut(11)] = 0.0004471926
E[P_neut(12)] = 0.0004320201
E[P_neut(13)] = 0.0004040497
E[P_neut(14)] = 0.0003807280
E[P_neut(15)] = 0.0003779380
E[P_neut(16)] = 0.0003791933
E[P_neut(17)] = 0.0003857737
E[P_neut(18)] = 0.0004057947
E[P_neut(19)] = 0.0004461033

---- Expected P_sel(i), 0 < i < n (selected SFS per site) 
E[P_sel(1)] = 0.0072449695
E[P_sel(2)] = 0.0028292536
E[P_sel(3)] = 0.0014912069
E[P_sel(4)] = 0.0009301373
E[P_sel(5)] = 0.0006557618
E[P_sel(6)] = 0.0005069613
E[P_sel(7)] = 0.0004144659
E[P_sel(8)] = 0.0003502606
E[P_sel(9)] = 0.0003017257
E[P_sel(10)] = 0.0002796407
E[P_sel(11)] = 0.0002450227
E[P_sel(12)] = 0.0002361741
E[P_sel(13)] = 0.0002207971
E[P_sel(14)] = 0.0002084037
E[P_sel(15)] = 0.0002077299
E[P_sel(16)] = 0.0002099151
E[P_sel(17)] = 0.0002159577
E[P_sel(18)] = 0.0002310765
E[P_sel(19)] = 0.0002614074

---- Expected D_neut and D_sel (neutral and selected divergence per site) 
E[D_neut] = 0.0198581633
E[D_sel] = 0.0125152598

---- Expected neutral and selected misattributed polymorphism per site
E[mis_neut] = 0.0005190186
E[mis_sel] = 0.0003119628

---- alpha_div = 0.245677
---- alpha_dfe = 0.245559

