---- Running command
---- ./polyDFE -d Mmc/742.polyDFE.config.txt -m C -e 
---- Performing inference using model C

---- Performing inference on Mmc/742.polyDFE.config.txt
---- No mutation variability. Using Poisson likelihood.


---- Calculating initial values

-- Starting local optimization
-- Optimizing all parameters
  it        eps_an        lambda     theta_bar           S_d             b           p_b           S_b           r 2           r 3           r 4           r 5           r 6           r 7           r 8           r 9          r 10          r 11          r 12          r 13          r 14          r 15          r 16          r 17          r 18          r 19          r 20           ln lk          grad status 
   0           0.1 0.01930368732 0.01134507626        -20000         0.208           0.1            20 0.87122983749 0.73370665330 0.64248422900 0.58222817077 0.56224713493 0.54223962603 0.53830425600 0.53781283959 0.55355562384 0.55376176848 0.59469644466 0.62114719557 0.67032378761 0.75405718155 0.87636337985 1.10033287102 1.58310017976             1             1 -1116653.270813 23184.4577790   -2 
 645 0.00039507272 0.01932833295 0.01012442490 -73.245542891 0.12562914784 0.02364976083 6.59848487294 0.86433606875 0.72059469725 0.61822551435 0.55462177646 0.53229299415 0.51194949861 0.49830426123 0.48981758566 0.49713372202 0.48731674839 0.51225468134 0.51295784819 0.52882240958 0.56339788315 0.59747037827 0.64882704673 0.71661415674 0.84069212875 1.07450498630 -272.3055842031 0.03814866568   -3 
-- Local optimization: stuck in the same solution
---- Best joint likelihood found -272.305584203102626 with gradient 0.03815

---- Results for Mmc/742.polyDFE.config.txt 
--  Model: C
--        eps_an        lambda     theta_bar             a 
-- 0.00039507272 0.01932833295 0.01012442490            -1 
--           S_d             b           p_b           S_b 
-- -73.245542891 0.12562914784 0.02364976083 6.59848487294 
--           r 2           r 3           r 4           r 5           r 6           r 7           r 8           r 9          r 10          r 11          r 12          r 13          r 14          r 15          r 16          r 17          r 18          r 19          r 20 
-- 0.86433606875 0.72059469725 0.61822551435 0.55462177646 0.53229299415 0.51194949861 0.49830426123 0.48981758566 0.49713372202 0.48731674839 0.51225468134 0.51295784819 0.52882240958 0.56339788315 0.59747037827 0.64882704673 0.71661415674 0.84069212875 1.07450498630 

---- Expected P_neut(i), 0 < i < n (neutral SFS per site) 
E[P_neut(1)] = 0.0101206020
E[P_neut(2)] = 0.0043738834
E[P_neut(3)] = 0.0024310609
E[P_neut(4)] = 0.0015643256
E[P_neut(5)] = 0.0011227519
E[P_neut(6)] = 0.0008979896
E[P_neut(7)] = 0.0007403216
E[P_neut(8)] = 0.0006305521
E[P_neut(9)] = 0.0005509730
E[P_neut(10)] = 0.0005033193
E[P_neut(11)] = 0.0004485679
E[P_neut(12)] = 0.0004322687
E[P_neut(13)] = 0.0003996273
E[P_neut(14)] = 0.0003826340
E[P_neut(15)] = 0.0003805654
E[P_neut(16)] = 0.0003785341
E[P_neut(17)] = 0.0003872199
E[P_neut(18)] = 0.0004046419
E[P_neut(19)] = 0.0004517979

---- Expected P_sel(i), 0 < i < n (selected SFS per site) 
E[P_sel(1)] = 0.0072463909
E[P_sel(2)] = 0.0028242540
E[P_sel(3)] = 0.0014905538
E[P_sel(4)] = 0.0009282227
E[P_sel(5)] = 0.0006509573
E[P_sel(6)] = 0.0005116948
E[P_sel(7)] = 0.0004162526
E[P_sel(8)] = 0.0003508683
E[P_sel(9)] = 0.0003041438
E[P_sel(10)] = 0.0002761909
E[P_sel(11)] = 0.0002451546
E[P_sel(12)] = 0.0002357328
E[P_sel(13)] = 0.0002178804
E[P_sel(14)] = 0.0002090126
E[P_sel(15)] = 0.0002087975
E[P_sel(16)] = 0.0002092358
E[P_sel(17)] = 0.0002164900
E[P_sel(18)] = 0.0002300735
E[P_sel(19)] = 0.0002635694

---- Expected D_neut and D_sel (neutral and selected divergence per site) 
E[D_neut] = 0.0198722702
E[D_sel] = 0.0125369171

---- Expected neutral and selected misattributed polymorphism per site
E[mis_neut] = 0.0005439373
E[mis_sel] = 0.0003272487

---- alpha_div = 0.254767
---- alpha_dfe = 0.254657

