---- Running command
---- ./polyDFE -d Mmc/743.polyDFE.config.txt -m C -e 
---- Performing inference using model C

---- Performing inference on Mmc/743.polyDFE.config.txt
---- No mutation variability. Using Poisson likelihood.


---- Calculating initial values

-- Starting local optimization
-- Optimizing all parameters
  it        eps_an        lambda     theta_bar           S_d             b           p_b           S_b           r 2           r 3           r 4           r 5           r 6           r 7           r 8           r 9          r 10          r 11          r 12          r 13          r 14          r 15          r 16          r 17          r 18          r 19          r 20           ln lk          grad status 
   0           0.1 0.01926962284 0.01138621179        -20000         0.208           0.1            20 0.86806441179 0.73290730805 0.64475581410 0.58538832131 0.55717068953 0.54037425673 0.52992135198 0.52950681125 0.55634498485 0.55005068692 0.59377540831 0.62930390778 0.66899664321 0.75140262915 0.86365816777 1.09500034013 1.57154388326             1             1 -1117341.135792 23182.3932188   -2 
 970 0.00061594364 0.01925539802 0.01015670300 -80.322922989 0.12130523066 0.02014351174 7.46096294652 0.86424039580 0.71939815726 0.62218233634 0.55701280786 0.53035710583 0.50461157982 0.49139553366 0.48489448167 0.49817976945 0.48467446515 0.51131677819 0.51814999335 0.52582088763 0.55947006214 0.59058558726 0.64181908547 0.70875550104 0.83231610415 1.15217036602 -286.0684055851 0.06413818028   -8 
-- Local optimization: reached maximum number of likelihood evaluations allowed.
---- Best joint likelihood found -286.068405585116125 with gradient 0.06414

---- Results for Mmc/743.polyDFE.config.txt 
--  Model: C
--        eps_an        lambda     theta_bar             a 
-- 0.00061594364 0.01925539802 0.01015670300            -1 
--           S_d             b           p_b           S_b 
-- -80.322922989 0.12130523066 0.02014351174 7.46096294652 
--           r 2           r 3           r 4           r 5           r 6           r 7           r 8           r 9          r 10          r 11          r 12          r 13          r 14          r 15          r 16          r 17          r 18          r 19          r 20 
-- 0.86424039580 0.71939815726 0.62218233634 0.55701280786 0.53035710583 0.50461157982 0.49139553366 0.48489448167 0.49817976945 0.48467446515 0.51131677819 0.51814999335 0.52582088763 0.55947006214 0.59058558726 0.64181908547 0.70875550104 0.83231610415 1.15217036602 

---- Expected P_neut(i), 0 < i < n (neutral SFS per site) 
E[P_neut(1)] = 0.0101507211
E[P_neut(2)] = 0.0043864595
E[P_neut(3)] = 0.0024343072
E[P_neut(4)] = 0.0015790881
E[P_neut(5)] = 0.0011310191
E[P_neut(6)] = 0.0008974619
E[P_neut(7)] = 0.0007319684
E[P_neut(8)] = 0.0006237521
E[P_neut(9)] = 0.0005471530
E[P_neut(10)] = 0.0005059864
E[P_neut(11)] = 0.0004475791
E[P_neut(12)] = 0.0004328921
E[P_neut(13)] = 0.0004050244
E[P_neut(14)] = 0.0003817899
E[P_neut(15)] = 0.0003792883
E[P_neut(16)] = 0.0003756423
E[P_neut(17)] = 0.0003847208
E[P_neut(18)] = 0.0004023803
E[P_neut(19)] = 0.0004509076

---- Expected P_sel(i), 0 < i < n (selected SFS per site) 
E[P_sel(1)] = 0.0072420224
E[P_sel(2)] = 0.0028274071
E[P_sel(3)] = 0.0014916061
E[P_sel(4)] = 0.0009370093
E[P_sel(5)] = 0.0006560204
E[P_sel(6)] = 0.0005117072
E[P_sel(7)] = 0.0004118347
E[P_sel(8)] = 0.0003473043
E[P_sel(9)] = 0.0003021842
E[P_sel(10)] = 0.0002777278
E[P_sel(11)] = 0.0002446022
E[P_sel(12)] = 0.0002359677
E[P_sel(13)] = 0.0002206192
E[P_sel(14)] = 0.0002082440
E[P_sel(15)] = 0.0002076618
E[P_sel(16)] = 0.0002070701
E[P_sel(17)] = 0.0002143792
E[P_sel(18)] = 0.0002279656
E[P_sel(19)] = 0.0002623922

---- Expected D_neut and D_sel (neutral and selected divergence per site) 
E[D_neut] = 0.0198405106
E[D_sel] = 0.0125038057

---- Expected neutral and selected misattributed polymorphism per site
E[mis_neut] = 0.0005851126
E[mis_sel] = 0.0003507974

---- alpha_div = 0.244120
---- alpha_dfe = 0.243993

