---- Running command
---- ./polyDFE -d Mmc/744.polyDFE.config.txt -m C -e 
---- Performing inference using model C

---- Performing inference on Mmc/744.polyDFE.config.txt
---- No mutation variability. Using Poisson likelihood.


---- Calculating initial values

-- Starting local optimization
-- Optimizing all parameters
  it        eps_an        lambda     theta_bar           S_d             b           p_b           S_b           r 2           r 3           r 4           r 5           r 6           r 7           r 8           r 9          r 10          r 11          r 12          r 13          r 14          r 15          r 16          r 17          r 18          r 19          r 20           ln lk          grad status 
   0           0.1 0.01925888364 0.01134150181        -20000         0.208           0.1            20 0.87487879265 0.73186467157 0.64437452706 0.58170103028 0.55415274643 0.54483293544 0.54055131274 0.53000805790 0.54502347997 0.55776787705 0.59259783851 0.61753832322 0.66676033735 0.75376457963 0.86228612373 1.10806468096 1.58727128073             1             1 -1115831.561962 23133.2747175   -2 
 205 0.00380157297 0.01931460249 0.01018334546 -100.17579545 0.10655159035 0.00365518338 33.5721801171 0.86186012383 0.71201223538 0.61556343349 0.55118784580 0.52105517839 0.50843812229 0.49477674148 0.48125903790 0.49019365422 0.48442993239 0.50512026621 0.50760209267 0.52667235861 0.55922760246 0.58583386181 0.64692469955 0.69893728603 0.77327692774 0.99858592648 -298.7153550773 0.86728151796   -3 
-- Local optimization: stuck in the same solution
---- Best joint likelihood found -298.715355077350978 with gradient 0.86728

---- Results for Mmc/744.polyDFE.config.txt 
--  Model: C
--        eps_an        lambda     theta_bar             a 
-- 0.00380157297 0.01931460249 0.01018334546            -1 
--           S_d             b           p_b           S_b 
-- -100.17579545 0.10655159035 0.00365518338 33.5721801171 
--           r 2           r 3           r 4           r 5           r 6           r 7           r 8           r 9          r 10          r 11          r 12          r 13          r 14          r 15          r 16          r 17          r 18          r 19          r 20 
-- 0.86186012383 0.71201223538 0.61556343349 0.55118784580 0.52105517839 0.50843812229 0.49477674148 0.48125903790 0.49019365422 0.48442993239 0.50512026621 0.50760209267 0.52667235861 0.55922760246 0.58583386181 0.64692469955 0.69893728603 0.77327692774 0.99858592648 

---- Expected P_neut(i), 0 < i < n (neutral SFS per site) 
E[P_neut(1)] = 0.0101462083
E[P_neut(2)] = 0.0043731304
E[P_neut(3)] = 0.0024091741
E[P_neut(4)] = 0.0015625837
E[P_neut(5)] = 0.0011197629
E[P_neut(6)] = 0.0008824419
E[P_neut(7)] = 0.0007383570
E[P_neut(8)] = 0.0006290456
E[P_neut(9)] = 0.0005441711
E[P_neut(10)] = 0.0004991811
E[P_neut(11)] = 0.0004488304
E[P_neut(12)] = 0.0004294159
E[P_neut(13)] = 0.0003989224
E[P_neut(14)] = 0.0003849975
E[P_neut(15)] = 0.0003824782
E[P_neut(16)] = 0.0003773994
E[P_neut(17)] = 0.0003952358
E[P_neut(18)] = 0.0004105970
E[P_neut(19)] = 0.0004515870

---- Expected P_sel(i), 0 < i < n (selected SFS per site) 
E[P_sel(1)] = 0.0072384109
E[P_sel(2)] = 0.0028383320
E[P_sel(3)] = 0.0014915040
E[P_sel(4)] = 0.0009383232
E[P_sel(5)] = 0.0006576312
E[P_sel(6)] = 0.0005093606
E[P_sel(7)] = 0.0004202465
E[P_sel(8)] = 0.0003538622
E[P_sel(9)] = 0.0003030979
E[P_sel(10)] = 0.0002756941
E[P_sel(11)] = 0.0002461065
E[P_sel(12)] = 0.0002340404
E[P_sel(13)] = 0.0002163594
E[P_sel(14)] = 0.0002080473
E[P_sel(15)] = 0.0002062522
E[P_sel(16)] = 0.0002035491
E[P_sel(17)] = 0.0002139978
E[P_sel(18)] = 0.0002250804
E[P_sel(19)] = 0.0002579479

---- Expected D_neut and D_sel (neutral and selected divergence per site) 
E[D_neut] = 0.0198230498
E[D_sel] = 0.0125206164

---- Expected neutral and selected misattributed polymorphism per site
E[mis_neut] = 0.0005084473
E[mis_sel] = 0.0002918391

---- alpha_div = 0.193841
---- alpha_dfe = 0.194088

