---- Running command
---- ./polyDFE -d Mmc/745.polyDFE.config.txt -m C -e 
---- Performing inference using model C

---- Performing inference on Mmc/745.polyDFE.config.txt
---- No mutation variability. Using Poisson likelihood.


---- Calculating initial values

-- Starting local optimization
-- Optimizing all parameters
  it        eps_an        lambda     theta_bar           S_d             b           p_b           S_b           r 2           r 3           r 4           r 5           r 6           r 7           r 8           r 9          r 10          r 11          r 12          r 13          r 14          r 15          r 16          r 17          r 18          r 19          r 20           ln lk          grad status 
   0           0.1 0.01929457620 0.01136651240        -20000         0.208           0.1            20 0.87453169916 0.73445073317 0.64438214940 0.58460842510 0.55950980047 0.53975878662 0.53161732733 0.52895901926 0.55853424549 0.54976305155 0.58619683529 0.62847311875 0.66849051641 0.75424200760 0.86174240039 1.11091634473 1.58107658977             1             1 -1118278.658452 23201.0263296   -2 
1347 0.00121171072 0.01930603625 0.01015410093 -74.165734824 0.12664674418 0.02745248901 5.83021363780 0.86597005536 0.72134514989 0.62043239909 0.55838382553 0.52846965810 0.50773836779 0.49337752345 0.48537946396 0.49718513792 0.48100905200 0.51147180894 0.51669516220 0.52331029807 0.55777346925 0.58591289192 0.64862153154 0.70403020008 0.80771119456 1.09893505762 -277.4871373562 0.09013834778   -8 
-- Local optimization: reached maximum number of likelihood evaluations allowed.
---- Best joint likelihood found -277.487137356205494 with gradient 0.09014

---- Results for Mmc/745.polyDFE.config.txt 
--  Model: C
--        eps_an        lambda     theta_bar             a 
-- 0.00121171072 0.01930603625 0.01015410093            -1 
--           S_d             b           p_b           S_b 
-- -74.165734824 0.12664674418 0.02745248901 5.83021363780 
--           r 2           r 3           r 4           r 5           r 6           r 7           r 8           r 9          r 10          r 11          r 12          r 13          r 14          r 15          r 16          r 17          r 18          r 19          r 20 
-- 0.86597005536 0.72134514989 0.62043239909 0.55838382553 0.52846965810 0.50773836779 0.49337752345 0.48537946396 0.49718513792 0.48100905200 0.51147180894 0.51669516220 0.52331029807 0.55777346925 0.58591289192 0.64862153154 0.70403020008 0.80771119456 1.09893505762 

---- Expected P_neut(i), 0 < i < n (neutral SFS per site) 
E[P_neut(1)] = 0.0101423202
E[P_neut(2)] = 0.0043917275
E[P_neut(3)] = 0.0024390482
E[P_neut(4)] = 0.0015735254
E[P_neut(5)] = 0.0011330606
E[P_neut(6)] = 0.0008937319
E[P_neut(7)] = 0.0007361147
E[P_neut(8)] = 0.0006259913
E[P_neut(9)] = 0.0005474958
E[P_neut(10)] = 0.0005048468
E[P_neut(11)] = 0.0004441450
E[P_neut(12)] = 0.0004330291
E[P_neut(13)] = 0.0004039861
E[P_neut(14)] = 0.0003801770
E[P_neut(15)] = 0.0003784957
E[P_neut(16)] = 0.0003732965
E[P_neut(17)] = 0.0003899107
E[P_neut(18)] = 0.0004020013
E[P_neut(19)] = 0.0004434429

---- Expected P_sel(i), 0 < i < n (selected SFS per site) 
E[P_sel(1)] = 0.0072518528
E[P_sel(2)] = 0.0028315969
E[P_sel(3)] = 0.0014934635
E[P_sel(4)] = 0.0009326540
E[P_sel(5)] = 0.0006563946
E[P_sel(6)] = 0.0005090141
E[P_sel(7)] = 0.0004138293
E[P_sel(8)] = 0.0003484207
E[P_sel(9)] = 0.0003024358
E[P_sel(10)] = 0.0002773563
E[P_sel(11)] = 0.0002431517
E[P_sel(12)] = 0.0002366852
E[P_sel(13)] = 0.0002208938
E[P_sel(14)] = 0.0002084073
E[P_sel(15)] = 0.0002085408
E[P_sel(16)] = 0.0002073599
E[P_sel(17)] = 0.0002192261
E[P_sel(18)] = 0.0002300680
E[P_sel(19)] = 0.0002610190

---- Expected D_neut and D_sel (neutral and selected divergence per site) 
E[D_neut] = 0.0198639711
E[D_sel] = 0.0125422093

---- Expected neutral and selected misattributed polymorphism per site
E[mis_neut] = 0.0005579349
E[mis_sel] = 0.0003370029

---- alpha_div = 0.263018
---- alpha_dfe = 0.262934

