---- Running command
---- ./polyDFE -d Mmc/746.polyDFE.config.txt -m C -e 
---- Performing inference using model C

---- Performing inference on Mmc/746.polyDFE.config.txt
---- No mutation variability. Using Poisson likelihood.


---- Calculating initial values

-- Starting local optimization
-- Optimizing all parameters
  it        eps_an        lambda     theta_bar           S_d             b           p_b           S_b           r 2           r 3           r 4           r 5           r 6           r 7           r 8           r 9          r 10          r 11          r 12          r 13          r 14          r 15          r 16          r 17          r 18          r 19          r 20           ln lk          grad status 
   0           0.1 0.01928156894 0.01134403268        -20000         0.208           0.1            20 0.87587313318 0.73652977142 0.64503406587 0.58202964111 0.55491031545 0.54566683156 0.53708146612 0.53073053030 0.54686567891 0.55396543803 0.59161588447 0.62789177522 0.67285582286 0.75009687366 0.86606497417 1.11181416378 1.59573349752             1             1 -1116363.148960 23142.6586904   -2 
 947 0.00047814195 0.01933125556 0.01013397257 -75.127171427 0.12255602740 0.01772881944 8.40741563827 0.86611346187 0.71959034238 0.62358387803 0.55614505781 0.52609554921 0.51007312575 0.49671957246 0.48639089935 0.49338187057 0.48126268287 0.50988162998 0.52031600201 0.52970473998 0.56058846691 0.59540343865 0.64933310669 0.72168939825 0.84083571409 1.02691618608 -271.4571044039 0.05763902246   -3 
-- Local optimization: stuck in the same solution
---- Best joint likelihood found -271.457104403991252 with gradient 0.05764

---- Results for Mmc/746.polyDFE.config.txt 
--  Model: C
--        eps_an        lambda     theta_bar             a 
-- 0.00047814195 0.01933125556 0.01013397257            -1 
--           S_d             b           p_b           S_b 
-- -75.127171427 0.12255602740 0.01772881944 8.40741563827 
--           r 2           r 3           r 4           r 5           r 6           r 7           r 8           r 9          r 10          r 11          r 12          r 13          r 14          r 15          r 16          r 17          r 18          r 19          r 20 
-- 0.86611346187 0.71959034238 0.62358387803 0.55614505781 0.52609554921 0.51007312575 0.49671957246 0.48639089935 0.49338187057 0.48126268287 0.50988162998 0.52031600201 0.52970473998 0.56058846691 0.59540343865 0.64933310669 0.72168939825 0.84083571409 1.02691618608 

---- Expected P_neut(i), 0 < i < n (neutral SFS per site) 
E[P_neut(1)] = 0.0101293415
E[P_neut(2)] = 0.0043866809
E[P_neut(3)] = 0.0024297924
E[P_neut(4)] = 0.0015792704
E[P_neut(5)] = 0.0011268339
E[P_neut(6)] = 0.0008883314
E[P_neut(7)] = 0.0007382790
E[P_neut(8)] = 0.0006291228
E[P_neut(9)] = 0.0005476248
E[P_neut(10)] = 0.0004999918
E[P_neut(11)] = 0.0004434229
E[P_neut(12)] = 0.0004306888
E[P_neut(13)] = 0.0004057644
E[P_neut(14)] = 0.0003836711
E[P_neut(15)] = 0.0003790904
E[P_neut(16)] = 0.0003776877
E[P_neut(17)] = 0.0003880551
E[P_neut(18)] = 0.0004082141
E[P_neut(19)] = 0.0004531050

---- Expected P_sel(i), 0 < i < n (selected SFS per site) 
E[P_sel(1)] = 0.0072531885
E[P_sel(2)] = 0.0028352369
E[P_sel(3)] = 0.0014916720
E[P_sel(4)] = 0.0009382875
E[P_sel(5)] = 0.0006540397
E[P_sel(6)] = 0.0005065856
E[P_sel(7)] = 0.0004152498
E[P_sel(8)] = 0.0003500106
E[P_sel(9)] = 0.0003020522
E[P_sel(10)] = 0.0002739449
E[P_sel(11)] = 0.0002417714
E[P_sel(12)] = 0.0002340993
E[P_sel(13)] = 0.0002202712
E[P_sel(14)] = 0.0002084386
E[P_sel(15)] = 0.0002066088
E[P_sel(16)] = 0.0002071352
E[P_sel(17)] = 0.0002150350
E[P_sel(18)] = 0.0002299379
E[P_sel(19)] = 0.0002622970

---- Expected D_neut and D_sel (neutral and selected divergence per site) 
E[D_neut] = 0.0198515926
E[D_sel] = 0.0125143568

---- Expected neutral and selected misattributed polymorphism per site
E[mis_neut] = 0.0005203370
E[mis_sel] = 0.0003107775

---- alpha_div = 0.241019
---- alpha_dfe = 0.240783

