---- Running command
---- ./polyDFE -d Mmc/747.polyDFE.config.txt -m C -e 
---- Performing inference using model C

---- Performing inference on Mmc/747.polyDFE.config.txt
---- No mutation variability. Using Poisson likelihood.


---- Calculating initial values

-- Starting local optimization
-- Optimizing all parameters
  it        eps_an        lambda     theta_bar           S_d             b           p_b           S_b           r 2           r 3           r 4           r 5           r 6           r 7           r 8           r 9          r 10          r 11          r 12          r 13          r 14          r 15          r 16          r 17          r 18          r 19          r 20           ln lk          grad status 
   0           0.1 0.01929759961 0.01133692200        -20000         0.208           0.1            20 0.87426350481 0.73431565514 0.64213735297 0.58429305732 0.56189703805 0.53751544083 0.53946783835 0.54116877665 0.56040677201 0.55289799365 0.59443509014 0.62443657296 0.65998490325 0.75277650572 0.86822872057 1.10470738519 1.59405207185             1             1 -1114566.530281 23150.1228074   -2 
 823 0.00149051450 0.01932679417 0.01012815328 -72.843180192 0.12833465435 0.03244779155 5.05143168753 0.86575502793 0.72253030028 0.62106466244 0.55640982526 0.53030495382 0.50761832550 0.50019682754 0.49031726311 0.49912739931 0.48342522986 0.51198170110 0.51288710031 0.52139947619 0.56005655447 0.59212850242 0.64384672999 0.71675538678 0.80856485220 1.06426862015 -276.0982616121 0.07128128995   -3 
-- Local optimization: stuck in the same solution
---- Best joint likelihood found -276.098261612147326 with gradient 0.07128

---- Results for Mmc/747.polyDFE.config.txt 
--  Model: C
--        eps_an        lambda     theta_bar             a 
-- 0.00149051450 0.01932679417 0.01012815328            -1 
--           S_d             b           p_b           S_b 
-- -72.843180192 0.12833465435 0.03244779155 5.05143168753 
--           r 2           r 3           r 4           r 5           r 6           r 7           r 8           r 9          r 10          r 11          r 12          r 13          r 14          r 15          r 16          r 17          r 18          r 19          r 20 
-- 0.86575502793 0.72253030028 0.62106466244 0.55640982526 0.53030495382 0.50761832550 0.50019682754 0.49031726311 0.49912739931 0.48342522986 0.51198170110 0.51288710031 0.52139947619 0.56005655447 0.59212850242 0.64384672999 0.71675538678 0.80856485220 1.06426862015 

---- Expected P_neut(i), 0 < i < n (neutral SFS per site) 
E[P_neut(1)] = 0.0101136996
E[P_neut(2)] = 0.0043783162
E[P_neut(3)] = 0.0024362351
E[P_neut(4)] = 0.0015707743
E[P_neut(5)] = 0.0011259645
E[P_neut(6)] = 0.0008943963
E[P_neut(7)] = 0.0007339632
E[P_neut(8)] = 0.0006329590
E[P_neut(9)] = 0.0005516197
E[P_neut(10)] = 0.0005055239
E[P_neut(11)] = 0.0004452685
E[P_neut(12)] = 0.0004324189
E[P_neut(13)] = 0.0004000837
E[P_neut(14)] = 0.0003779730
E[P_neut(15)] = 0.0003792722
E[P_neut(16)] = 0.0003766083
E[P_neut(17)] = 0.0003866510
E[P_neut(18)] = 0.0004092341
E[P_neut(19)] = 0.0004454679

---- Expected P_sel(i), 0 < i < n (selected SFS per site) 
E[P_sel(1)] = 0.0072407107
E[P_sel(2)] = 0.0028264200
E[P_sel(3)] = 0.0014936975
E[P_sel(4)] = 0.0009324236
E[P_sel(5)] = 0.0006534388
E[P_sel(6)] = 0.0005104595
E[P_sel(7)] = 0.0004136378
E[P_sel(8)] = 0.0003533150
E[P_sel(9)] = 0.0003057328
E[P_sel(10)] = 0.0002787960
E[P_sel(11)] = 0.0002448353
E[P_sel(12)] = 0.0002375231
E[P_sel(13)] = 0.0002199748
E[P_sel(14)] = 0.0002084752
E[P_sel(15)] = 0.0002103771
E[P_sel(16)] = 0.0002107170
E[P_sel(17)] = 0.0002190521
E[P_sel(18)] = 0.0002360142
E[P_sel(19)] = 0.0002642402

---- Expected D_neut and D_sel (neutral and selected divergence per site) 
E[D_neut] = 0.0198657480
E[D_sel] = 0.0125600929

---- Expected neutral and selected misattributed polymorphism per site
E[mis_neut] = 0.0005389538
E[mis_sel] = 0.0003271819

---- alpha_div = 0.271955
---- alpha_dfe = 0.271851

