---- Running command
---- ./polyDFE -d Mmc/748.polyDFE.config.txt -m C -e 
---- Performing inference using model C

---- Performing inference on Mmc/748.polyDFE.config.txt
---- No mutation variability. Using Poisson likelihood.


---- Calculating initial values

-- Starting local optimization
-- Optimizing all parameters
  it        eps_an        lambda     theta_bar           S_d             b           p_b           S_b           r 2           r 3           r 4           r 5           r 6           r 7           r 8           r 9          r 10          r 11          r 12          r 13          r 14          r 15          r 16          r 17          r 18          r 19          r 20           ln lk          grad status 
   0           0.1 0.01925572185 0.01133645516        -20000         0.208           0.1            20 0.87806334621 0.73548976432 0.64433820021 0.58371847316 0.55683022834 0.53628766000 0.54008475782 0.53547898427 0.56053904158 0.55805789623 0.59451493576 0.62440704135 0.66267204147 0.74989750282 0.86619510541 1.10710824767 1.59757989628             1             1 -1114103.915486 23098.0536288   -2 
 796 0.00044268883 0.01921602357 0.01011852093 -76.715353432 0.12218623013 0.01970036185 7.69272720238 0.86983821848 0.72320156648 0.62175616837 0.55698472770 0.52812739485 0.50293022296 0.49382655432 0.49164719830 0.50324207667 0.48844216417 0.51680925412 0.51599169035 0.52438028698 0.55899533793 0.59423981275 0.64631068504 0.72257315607 0.82814344854 1.20495404299 -283.7970939728 0.04488638302   -8 
-- Local optimization: reached maximum number of likelihood evaluations allowed.
---- Best joint likelihood found -283.797093972883886 with gradient 0.04489

---- Results for Mmc/748.polyDFE.config.txt 
--  Model: C
--        eps_an        lambda     theta_bar             a 
-- 0.00044268883 0.01921602357 0.01011852093            -1 
--           S_d             b           p_b           S_b 
-- -76.715353432 0.12218623013 0.01970036185 7.69272720238 
--           r 2           r 3           r 4           r 5           r 6           r 7           r 8           r 9          r 10          r 11          r 12          r 13          r 14          r 15          r 16          r 17          r 18          r 19          r 20 
-- 0.86983821848 0.72320156648 0.62175616837 0.55698472770 0.52812739485 0.50293022296 0.49382655432 0.49164719830 0.50324207667 0.48844216417 0.51680925412 0.51599169035 0.52438028698 0.55899533793 0.59423981275 0.64631068504 0.72257315607 0.82814344854 1.20495404299 

---- Expected P_neut(i), 0 < i < n (neutral SFS per site) 
E[P_neut(1)] = 0.0101142368
E[P_neut(2)] = 0.0043989698
E[P_neut(3)] = 0.0024383339
E[P_neut(4)] = 0.0015722833
E[P_neut(5)] = 0.0011268403
E[P_neut(6)] = 0.0008904182
E[P_neut(7)] = 0.0007268431
E[P_neut(8)] = 0.0006245157
E[P_neut(9)] = 0.0005527034
E[P_neut(10)] = 0.0005092065
E[P_neut(11)] = 0.0004493469
E[P_neut(12)] = 0.0004358624
E[P_neut(13)] = 0.0004017650
E[P_neut(14)] = 0.0003792231
E[P_neut(15)] = 0.0003774125
E[P_neut(16)] = 0.0003763317
E[P_neut(17)] = 0.0003855982
E[P_neut(18)] = 0.0004079557
E[P_neut(19)] = 0.0004453150

---- Expected P_sel(i), 0 < i < n (selected SFS per site) 
E[P_sel(1)] = 0.0072377558
E[P_sel(2)] = 0.0028429024
E[P_sel(3)] = 0.0014974292
E[P_sel(4)] = 0.0009348031
E[P_sel(5)] = 0.0006547321
E[P_sel(6)] = 0.0005084761
E[P_sel(7)] = 0.0004095148
E[P_sel(8)] = 0.0003481557
E[P_sel(9)] = 0.0003055805
E[P_sel(10)] = 0.0002797610
E[P_sel(11)] = 0.0002457706
E[P_sel(12)] = 0.0002377538
E[P_sel(13)] = 0.0002189728
E[P_sel(14)] = 0.0002069441
E[P_sel(15)] = 0.0002067162
E[P_sel(16)] = 0.0002075178
E[P_sel(17)] = 0.0002149317
E[P_sel(18)] = 0.0002311913
E[P_sel(19)] = 0.0002591855

---- Expected D_neut and D_sel (neutral and selected divergence per site) 
E[D_neut] = 0.0198256412
E[D_sel] = 0.0125306928

---- Expected neutral and selected misattributed polymorphism per site
E[mis_neut] = 0.0006096176
E[mis_sel] = 0.0003660598

---- alpha_div = 0.245244
---- alpha_dfe = 0.244977

