---- Running command
---- ./polyDFE -d Mmc/749.polyDFE.config.txt -m C -e 
---- Performing inference using model C

---- Performing inference on Mmc/749.polyDFE.config.txt
---- No mutation variability. Using Poisson likelihood.


---- Calculating initial values

-- Starting local optimization
-- Optimizing all parameters
  it        eps_an        lambda     theta_bar           S_d             b           p_b           S_b           r 2           r 3           r 4           r 5           r 6           r 7           r 8           r 9          r 10          r 11          r 12          r 13          r 14          r 15          r 16          r 17          r 18          r 19          r 20           ln lk          grad status 
   0           0.1 0.01930643951 0.01134151912        -20000         0.208           0.1            20 0.87245502715 0.74227487302 0.64716059744 0.58253694617 0.55897355748 0.54575665039 0.53495951018 0.53091329374 0.55774567813 0.55726827151 0.59186104166 0.63014324924 0.66393811459 0.75517705952 0.86316234434 1.12264808451 1.57380671612             1             1 -1122120.079514 23270.7480814   -2 
 712 0.00115808905 0.01932282373 0.01013036247 -74.938727084 0.12545185279 0.02412580247 6.41734353170 0.86506991693 0.72800550888 0.62304563752 0.55600993489 0.53007809200 0.51136094583 0.49683971858 0.48517841926 0.50126653650 0.48910209211 0.50956560869 0.51533362143 0.52929734278 0.55686046890 0.58835492088 0.65071654520 0.70885617478 0.80901595781 1.09046594500 -287.3199933233 0.39130003826   -8 
-- Local optimization: reached maximum number of likelihood evaluations allowed.
---- Best joint likelihood found -287.319993323326344 with gradient 0.39130

---- Results for Mmc/749.polyDFE.config.txt 
--  Model: C
--        eps_an        lambda     theta_bar             a 
-- 0.00115808905 0.01932282373 0.01013036247            -1 
--           S_d             b           p_b           S_b 
-- -74.938727084 0.12545185279 0.02412580247 6.41734353170 
--           r 2           r 3           r 4           r 5           r 6           r 7           r 8           r 9          r 10          r 11          r 12          r 13          r 14          r 15          r 16          r 17          r 18          r 19          r 20 
-- 0.86506991693 0.72800550888 0.62304563752 0.55600993489 0.53007809200 0.51136094583 0.49683971858 0.48517841926 0.50126653650 0.48910209211 0.50956560869 0.51533362143 0.52929734278 0.55686046890 0.58835492088 0.65071654520 0.70885617478 0.80901595781 1.09046594500 

---- Expected P_neut(i), 0 < i < n (neutral SFS per site) 
E[P_neut(1)] = 0.0101191302
E[P_neut(2)] = 0.0043771235
E[P_neut(3)] = 0.0024559220
E[P_neut(4)] = 0.0015765236
E[P_neut(5)] = 0.0011256474
E[P_neut(6)] = 0.0008943876
E[P_neut(7)] = 0.0007396469
E[P_neut(8)] = 0.0006289154
E[P_neut(9)] = 0.0005460040
E[P_neut(10)] = 0.0005078012
E[P_neut(11)] = 0.0004505455
E[P_neut(12)] = 0.0004304041
E[P_neut(13)] = 0.0004019702
E[P_neut(14)] = 0.0003835911
E[P_neut(15)] = 0.0003769490
E[P_neut(16)] = 0.0003739115
E[P_neut(17)] = 0.0003901623
E[P_neut(18)] = 0.0004035552
E[P_neut(19)] = 0.0004425810

---- Expected P_sel(i), 0 < i < n (selected SFS per site) 
E[P_sel(1)] = 0.0072314082
E[P_sel(2)] = 0.0028209711
E[P_sel(3)] = 0.0015030928
E[P_sel(4)] = 0.0009338712
E[P_sel(5)] = 0.0006515834
E[P_sel(6)] = 0.0005088614
E[P_sel(7)] = 0.0004152681
E[P_sel(8)] = 0.0003494747
E[P_sel(9)] = 0.0003010079
E[P_sel(10)] = 0.0002783079
E[P_sel(11)] = 0.0002459517
E[P_sel(12)] = 0.0002344636
E[P_sel(13)] = 0.0002189392
E[P_sel(14)] = 0.0002093428
E[P_sel(15)] = 0.0002066397
E[P_sel(16)] = 0.0002065279
E[P_sel(17)] = 0.0002180079
E[P_sel(18)] = 0.0002294317
E[P_sel(19)] = 0.0002588044

---- Expected D_neut and D_sel (neutral and selected divergence per site) 
E[D_neut] = 0.0198751645
E[D_sel] = 0.0124953989

---- Expected neutral and selected misattributed polymorphism per site
E[mis_neut] = 0.0005523408
E[mis_sel] = 0.0003315653

---- alpha_div = 0.254031
---- alpha_dfe = 0.253923

