---- Running command
---- ./polyDFE -d Mmc/75.polyDFE.config.txt -m C -e 
---- Performing inference using model C

---- Performing inference on Mmc/75.polyDFE.config.txt
---- No mutation variability. Using Poisson likelihood.


---- Calculating initial values

-- Starting local optimization
-- Optimizing all parameters
  it        eps_an        lambda     theta_bar           S_d             b           p_b           S_b           r 2           r 3           r 4           r 5           r 6           r 7           r 8           r 9          r 10          r 11          r 12          r 13          r 14          r 15          r 16          r 17          r 18          r 19          r 20           ln lk          grad status 
   0           0.1 0.01929343370 0.01136994040        -20000         0.208           0.1            20 0.87186121502 0.73139053021 0.64142415487 0.57992915453 0.55485743181 0.54223875613 0.53714509513 0.53274375935 0.54775836963 0.55790676142 0.59213688001 0.62288672483 0.66975874157 0.74936476137 0.86239034896 1.09966888928 1.58145940261             1             1 -1119564.877415 23220.7810920   -2 
 529 0.00243934108 0.01934524637 0.01016886876 -81.177624665 0.11934769792 0.01719430479 8.46982004585 0.86290392927 0.71898675813 0.61831441993 0.55480174265 0.52545014088 0.50744120947 0.49480885571 0.48594167385 0.49033260640 0.48554791542 0.50664693038 0.51314041725 0.52682096702 0.55782753985 0.58709996265 0.63943604727 0.69668468864 0.79148747593 1.01757367616 -267.1979827499 0.09795961549   -3 
-- Local optimization: stuck in the same solution
---- Best joint likelihood found -267.197982749930816 with gradient 0.09796

---- Results for Mmc/75.polyDFE.config.txt 
--  Model: C
--        eps_an        lambda     theta_bar             a 
-- 0.00243934108 0.01934524637 0.01016886876            -1 
--           S_d             b           p_b           S_b 
-- -81.177624665 0.11934769792 0.01719430479 8.46982004585 
--           r 2           r 3           r 4           r 5           r 6           r 7           r 8           r 9          r 10          r 11          r 12          r 13          r 14          r 15          r 16          r 17          r 18          r 19          r 20 
-- 0.86290392927 0.71898675813 0.61831441993 0.55480174265 0.52545014088 0.50744120947 0.49480885571 0.48594167385 0.49033260640 0.48554791542 0.50664693038 0.51314041725 0.52682096702 0.55782753985 0.58709996265 0.63943604727 0.69668468864 0.79148747593 1.01757367616 

---- Expected P_neut(i), 0 < i < n (neutral SFS per site) 
E[P_neut(1)] = 0.0101450967
E[P_neut(2)] = 0.0043776362
E[P_neut(3)] = 0.0024320821
E[P_neut(4)] = 0.0015689654
E[P_neut(5)] = 0.0011265113
E[P_neut(6)] = 0.0008893000
E[P_neut(7)] = 0.0007363385
E[P_neut(8)] = 0.0006284688
E[P_neut(9)] = 0.0005488086
E[P_neut(10)] = 0.0004986128
E[P_neut(11)] = 0.0004491056
E[P_neut(12)] = 0.0004298225
E[P_neut(13)] = 0.0004022081
E[P_neut(14)] = 0.0003838941
E[P_neut(15)] = 0.0003799949
E[P_neut(16)] = 0.0003760581
E[P_neut(17)] = 0.0003875025
E[P_neut(18)] = 0.0004033253
E[P_neut(19)] = 0.0004473790

---- Expected P_sel(i), 0 < i < n (selected SFS per site) 
E[P_sel(1)] = 0.0072467247
E[P_sel(2)] = 0.0028274540
E[P_sel(3)] = 0.0014937775
E[P_sel(4)] = 0.0009333166
E[P_sel(5)] = 0.0006550192
E[P_sel(6)] = 0.0005082535
E[P_sel(7)] = 0.0004152023
E[P_sel(8)] = 0.0003506160
E[P_sel(9)] = 0.0003036041
E[P_sel(10)] = 0.0002740420
E[P_sel(11)] = 0.0002456619
E[P_sel(12)] = 0.0002344022
E[P_sel(13)] = 0.0002190746
E[P_sel(14)] = 0.0002092668
E[P_sel(15)] = 0.0002078081
E[P_sel(16)] = 0.0002069639
E[P_sel(17)] = 0.0002155532
E[P_sel(18)] = 0.0002283670
E[P_sel(19)] = 0.0002620901

---- Expected D_neut and D_sel (neutral and selected divergence per site) 
E[D_neut] = 0.0198626250
E[D_sel] = 0.0125183877

---- Expected neutral and selected misattributed polymorphism per site
E[mis_neut] = 0.0005173787
E[mis_sel] = 0.0003092447

---- alpha_div = 0.235317
---- alpha_dfe = 0.235258

