---- Running command
---- ./polyDFE -d Mmc/750.polyDFE.config.txt -m C -e 
---- Performing inference using model C

---- Performing inference on Mmc/750.polyDFE.config.txt
---- No mutation variability. Using Poisson likelihood.


---- Calculating initial values

-- Starting local optimization
-- Optimizing all parameters
  it        eps_an        lambda     theta_bar           S_d             b           p_b           S_b           r 2           r 3           r 4           r 5           r 6           r 7           r 8           r 9          r 10          r 11          r 12          r 13          r 14          r 15          r 16          r 17          r 18          r 19          r 20           ln lk          grad status 
   0           0.1 0.01925645672 0.01133877825        -20000         0.208           0.1            20 0.87497872365 0.73432083931 0.64903240991 0.57749020149 0.55942555511 0.54069870935 0.53898465762 0.53079079732 0.55288787286 0.55878508617 0.59642213175 0.63013980531 0.66619627901 0.75164719948 0.87451165109 1.10752408423 1.58178076093             1             1 -1113492.634581 23096.3596073   -2 
 918 0.00067672646 0.01925543800 0.01012941872 -73.644212241 0.12454654528 0.02086503950 7.40278015096 0.86593047106 0.71882900858 0.62251301380 0.55462045709 0.52973367714 0.50769227853 0.49768044590 0.48888327926 0.49359231074 0.48711310987 0.51643613813 0.51793136625 0.52800695816 0.56377456762 0.59801956520 0.64856868617 0.70653967606 0.82967238205 1.12635439331 -279.4423553628 0.02688091907   -3 
-- Local optimization: stuck in the same solution
---- Best joint likelihood found -279.442355362843955 with gradient 0.02688

---- Results for Mmc/750.polyDFE.config.txt 
--  Model: C
--        eps_an        lambda     theta_bar             a 
-- 0.00067672646 0.01925543800 0.01012941872            -1 
--           S_d             b           p_b           S_b 
-- -73.644212241 0.12454654528 0.02086503950 7.40278015096 
--           r 2           r 3           r 4           r 5           r 6           r 7           r 8           r 9          r 10          r 11          r 12          r 13          r 14          r 15          r 16          r 17          r 18          r 19          r 20 
-- 0.86593047106 0.71882900858 0.62251301380 0.55462045709 0.52973367714 0.50769227853 0.49768044590 0.48888327926 0.49359231074 0.48711310987 0.51643613813 0.51793136625 0.52800695816 0.56377456762 0.59801956520 0.64856868617 0.70653967606 0.82967238205 1.12635439331 

---- Expected P_neut(i), 0 < i < n (neutral SFS per site) 
E[P_neut(1)] = 0.0101228632
E[P_neut(2)] = 0.0043829873
E[P_neut(3)] = 0.0024257257
E[P_neut(4)] = 0.0015756131
E[P_neut(5)] = 0.0011230938
E[P_neut(6)] = 0.0008939690
E[P_neut(7)] = 0.0007344370
E[P_neut(8)] = 0.0006300203
E[P_neut(9)] = 0.0005501649
E[P_neut(10)] = 0.0004999803
E[P_neut(11)] = 0.0004486300
E[P_neut(12)] = 0.0004360646
E[P_neut(13)] = 0.0004037890
E[P_neut(14)] = 0.0003823755
E[P_neut(15)] = 0.0003812166
E[P_neut(16)] = 0.0003794100
E[P_neut(17)] = 0.0003878294
E[P_neut(18)] = 0.0004003009
E[P_neut(19)] = 0.0004488765

---- Expected P_sel(i), 0 < i < n (selected SFS per site) 
E[P_sel(1)] = 0.0072484486
E[P_sel(2)] = 0.0028308400
E[P_sel(3)] = 0.0014876684
E[P_sel(4)] = 0.0009350829
E[P_sel(5)] = 0.0006511744
E[P_sel(6)] = 0.0005093223
E[P_sel(7)] = 0.0004127842
E[P_sel(8)] = 0.0003503448
E[P_sel(9)] = 0.0003034109
E[P_sel(10)] = 0.0002740088
E[P_sel(11)] = 0.0002447867
E[P_sel(12)] = 0.0002373190
E[P_sel(13)] = 0.0002196084
E[P_sel(14)] = 0.0002082666
E[P_sel(15)] = 0.0002084584
E[P_sel(16)] = 0.0002089433
E[P_sel(17)] = 0.0002159824
E[P_sel(18)] = 0.0002267778
E[P_sel(19)] = 0.0002614334

---- Expected D_neut and D_sel (neutral and selected divergence per site) 
E[D_neut] = 0.0198259038
E[D_sel] = 0.0125244084

---- Expected neutral and selected misattributed polymorphism per site
E[mis_neut] = 0.0005704658
E[mis_sel] = 0.0003424651

---- alpha_div = 0.250464
---- alpha_dfe = 0.250253

