---- Running command
---- ./polyDFE -d Mmc/751.polyDFE.config.txt -m C -e 
---- Performing inference using model C

---- Performing inference on Mmc/751.polyDFE.config.txt
---- No mutation variability. Using Poisson likelihood.


---- Calculating initial values

-- Starting local optimization
-- Optimizing all parameters
  it        eps_an        lambda     theta_bar           S_d             b           p_b           S_b           r 2           r 3           r 4           r 5           r 6           r 7           r 8           r 9          r 10          r 11          r 12          r 13          r 14          r 15          r 16          r 17          r 18          r 19          r 20           ln lk          grad status 
   0           0.1 0.01926669637 0.01134680740        -20000         0.208           0.1            20 0.87442710499 0.73623815773 0.64621930811 0.58150467246 0.55722216370 0.53834583663 0.53997982251 0.53052347264 0.55164920354 0.55891773953 0.59151513071 0.62285167954 0.65904770727 0.74964178493 0.86491529019 1.10455417147 1.58572461296             1             1 -1117122.958205 23168.7002421   -2 
1004 0.00132576740 0.01925980361 0.01013319236 -71.789687036 0.12665261407 0.02451394336 6.45883899299 0.86739710899 0.72339973198 0.62283398584 0.55475846207 0.53052955264 0.50628963597 0.49768315906 0.48547993672 0.49239629619 0.48837758759 0.51062880307 0.51159726798 0.51791772515 0.55884712462 0.58657464360 0.64536455942 0.70912203868 0.81237322586 1.13649319227 -273.8449999702 0.03522147274   -8 
-- Local optimization: reached maximum number of likelihood evaluations allowed.
---- Best joint likelihood found -273.844999970242498 with gradient 0.03522

---- Results for Mmc/751.polyDFE.config.txt 
--  Model: C
--        eps_an        lambda     theta_bar             a 
-- 0.00132576740 0.01925980361 0.01013319236            -1 
--           S_d             b           p_b           S_b 
-- -71.789687036 0.12665261407 0.02451394336 6.45883899299 
--           r 2           r 3           r 4           r 5           r 6           r 7           r 8           r 9          r 10          r 11          r 12          r 13          r 14          r 15          r 16          r 17          r 18          r 19          r 20 
-- 0.86739710899 0.72339973198 0.62283398584 0.55475846207 0.53052955264 0.50628963597 0.49768315906 0.48547993672 0.49239629619 0.48837758759 0.51062880307 0.51159726798 0.51791772515 0.55884712462 0.58657464360 0.64536455942 0.70912203868 0.81237322586 1.13649319227 

---- Expected P_neut(i), 0 < i < n (neutral SFS per site) 
E[P_neut(1)] = 0.0101203325
E[P_neut(2)] = 0.0043894537
E[P_neut(3)] = 0.0024407201
E[P_neut(4)] = 0.0015762248
E[P_neut(5)] = 0.0011233048
E[P_neut(6)] = 0.0008953021
E[P_neut(7)] = 0.0007324614
E[P_neut(8)] = 0.0006301258
E[P_neut(9)] = 0.0005464786
E[P_neut(10)] = 0.0004989546
E[P_neut(11)] = 0.0004500213
E[P_neut(12)] = 0.0004314557
E[P_neut(13)] = 0.0003992209
E[P_neut(14)] = 0.0003755595
E[P_neut(15)] = 0.0003785171
E[P_neut(16)] = 0.0003730914
E[P_neut(17)] = 0.0003874120
E[P_neut(18)] = 0.0004045011
E[P_neut(19)] = 0.0004461195

---- Expected P_sel(i), 0 < i < n (selected SFS per site) 
E[P_sel(1)] = 0.0072517050
E[P_sel(2)] = 0.0028352847
E[P_sel(3)] = 0.0014966066
E[P_sel(4)] = 0.0009352265
E[P_sel(5)] = 0.0006511840
E[P_sel(6)] = 0.0005100707
E[P_sel(7)] = 0.0004117562
E[P_sel(8)] = 0.0003505739
E[P_sel(9)] = 0.0003016289
E[P_sel(10)] = 0.0002737857
E[P_sel(11)] = 0.0002459648
E[P_sel(12)] = 0.0002353352
E[P_sel(13)] = 0.0002177367
E[P_sel(14)] = 0.0002052637
E[P_sel(15)] = 0.0002078422
E[P_sel(16)] = 0.0002064661
E[P_sel(17)] = 0.0002169579
E[P_sel(18)] = 0.0002306147
E[P_sel(19)] = 0.0002619092

---- Expected D_neut and D_sel (neutral and selected divergence per site) 
E[D_neut] = 0.0198356188
E[D_sel] = 0.0125326783

---- Expected neutral and selected misattributed polymorphism per site
E[mis_neut] = 0.0005758152
E[mis_sel] = 0.0003470126

---- alpha_div = 0.258405
---- alpha_dfe = 0.258272

