---- Running command
---- ./polyDFE -d Mmc/752.polyDFE.config.txt -m C -e 
---- Performing inference using model C

---- Performing inference on Mmc/752.polyDFE.config.txt
---- No mutation variability. Using Poisson likelihood.


---- Calculating initial values

-- Starting local optimization
-- Optimizing all parameters
  it        eps_an        lambda     theta_bar           S_d             b           p_b           S_b           r 2           r 3           r 4           r 5           r 6           r 7           r 8           r 9          r 10          r 11          r 12          r 13          r 14          r 15          r 16          r 17          r 18          r 19          r 20           ln lk          grad status 
   0           0.1 0.01932702224 0.01136878457        -20000         0.208           0.1            20 0.87135054522 0.73285629950 0.64400477606 0.58343680081 0.55481041411 0.53476050626 0.53388866021 0.53219962979 0.54590301601 0.55618600334 0.59341000294 0.62260503157 0.65754610022 0.74539984780 0.86343007797 1.09969466635 1.57851908670             1             1 -1120354.493091 23239.5118724   -2 
 367 0.00397471855 0.01938236579 0.01019959358 -110.33474213 0.10418218537 0.00435437829 27.4963729082 0.85996296550 0.71589349986 0.62028490940 0.55085829583 0.52419078880 0.49845914597 0.48911960642 0.48135951393 0.49074367612 0.48155231255 0.50755767846 0.51056568523 0.51509719556 0.55324693359 0.58340460140 0.63944940870 0.69119260048 0.76633428116 1.00253415101 -288.3503591428 0.50411252496   -3 
-- Local optimization: stuck in the same solution
---- Best joint likelihood found -288.350359142801608 with gradient 0.50411

---- Results for Mmc/752.polyDFE.config.txt 
--  Model: C
--        eps_an        lambda     theta_bar             a 
-- 0.00397471855 0.01938236579 0.01019959358            -1 
--           S_d             b           p_b           S_b 
-- -110.33474213 0.10418218537 0.00435437829 27.4963729082 
--           r 2           r 3           r 4           r 5           r 6           r 7           r 8           r 9          r 10          r 11          r 12          r 13          r 14          r 15          r 16          r 17          r 18          r 19          r 20 
-- 0.85996296550 0.71589349986 0.62028490940 0.55085829583 0.52419078880 0.49845914597 0.48911960642 0.48135951393 0.49074367612 0.48155231255 0.50755767846 0.51056568523 0.51509719556 0.55324693359 0.58340460140 0.63944940870 0.69119260048 0.76633428116 1.00253415101 

---- Expected P_neut(i), 0 < i < n (neutral SFS per site) 
E[P_neut(1)] = 0.0101606882
E[P_neut(2)] = 0.0043697614
E[P_neut(3)] = 0.0024257916
E[P_neut(4)] = 0.0015768550
E[P_neut(5)] = 0.0011207350
E[P_neut(6)] = 0.0008890386
E[P_neut(7)] = 0.0007250026
E[P_neut(8)] = 0.0006228387
E[P_neut(9)] = 0.0005451255
E[P_neut(10)] = 0.0005005386
E[P_neut(11)] = 0.0004469061
E[P_neut(12)] = 0.0004321708
E[P_neut(13)] = 0.0004018764
E[P_neut(14)] = 0.0003773204
E[P_neut(15)] = 0.0003791641
E[P_neut(16)] = 0.0003767141
E[P_neut(17)] = 0.0003918037
E[P_neut(18)] = 0.0004075351
E[P_neut(19)] = 0.0004502895

---- Expected P_sel(i), 0 < i < n (selected SFS per site) 
E[P_sel(1)] = 0.0072225676
E[P_sel(2)] = 0.0028304864
E[P_sel(3)] = 0.0015004288
E[P_sel(4)] = 0.0009467640
E[P_sel(5)] = 0.0006585112
E[P_sel(6)] = 0.0005136722
E[P_sel(7)] = 0.0004132358
E[P_sel(8)] = 0.0003510196
E[P_sel(9)] = 0.0003043148
E[P_sel(10)] = 0.0002771783
E[P_sel(11)] = 0.0002458028
E[P_sel(12)] = 0.0002363648
E[P_sel(13)] = 0.0002188237
E[P_sel(14)] = 0.0002048170
E[P_sel(15)] = 0.0002055071
E[P_sel(16)] = 0.0002043597
E[P_sel(17)] = 0.0002135536
E[P_sel(18)] = 0.0002250875
E[P_sel(19)] = 0.0002592435

---- Expected D_neut and D_sel (neutral and selected divergence per site) 
E[D_neut] = 0.0198936378
E[D_sel] = 0.0125288888

---- Expected neutral and selected misattributed polymorphism per site
E[mis_neut] = 0.0005112720
E[mis_sel] = 0.0002955924

---- alpha_div = 0.189949
---- alpha_dfe = 0.190091

