---- Running command
---- ./polyDFE -d Mmc/753.polyDFE.config.txt -m C -e 
---- Performing inference using model C

---- Performing inference on Mmc/753.polyDFE.config.txt
---- No mutation variability. Using Poisson likelihood.


---- Calculating initial values

-- Starting local optimization
-- Optimizing all parameters
  it        eps_an        lambda     theta_bar           S_d             b           p_b           S_b           r 2           r 3           r 4           r 5           r 6           r 7           r 8           r 9          r 10          r 11          r 12          r 13          r 14          r 15          r 16          r 17          r 18          r 19          r 20           ln lk          grad status 
   0           0.1 0.01926996226 0.01135293489        -20000         0.208           0.1            20 0.86952391377 0.73403780958 0.64089165272 0.58935472832 0.55951242807 0.53794110216 0.53852414980 0.52715703496 0.55991271814 0.55432266022 0.59519818529 0.62089153177 0.66865834253 0.75377557471 0.85806965737 1.10019280661 1.57204779494             1             1 -1114216.917378 23101.9943352   -2 
 846 0.00120791206 0.01928463211 0.01013397846 -70.710505311 0.12822172375 0.02878743364 5.60509210268 0.86425197301 0.72148629452 0.61952693378 0.55919590417 0.53211544542 0.50803927776 0.49312629391 0.48607124792 0.49793033535 0.48436969993 0.51077773759 0.51290989612 0.52879930386 0.55896697117 0.58492365975 0.63988046994 0.70215622611 0.82044810791 1.09207322698 -285.2627716921 0.06055950581   -8 
-- Local optimization: reached maximum number of likelihood evaluations allowed.
---- Best joint likelihood found -285.262771692126989 with gradient 0.06056

---- Results for Mmc/753.polyDFE.config.txt 
--  Model: C
--        eps_an        lambda     theta_bar             a 
-- 0.00120791206 0.01928463211 0.01013397846            -1 
--           S_d             b           p_b           S_b 
-- -70.710505311 0.12822172375 0.02878743364 5.60509210268 
--           r 2           r 3           r 4           r 5           r 6           r 7           r 8           r 9          r 10          r 11          r 12          r 13          r 14          r 15          r 16          r 17          r 18          r 19          r 20 
-- 0.86425197301 0.72148629452 0.61952693378 0.55919590417 0.53211544542 0.50803927776 0.49312629391 0.48607124792 0.49793033535 0.48436969993 0.51077773759 0.51290989612 0.52879930386 0.55896697117 0.58492365975 0.63988046994 0.70215622611 0.82044810791 1.09207322698 

---- Expected P_neut(i), 0 < i < n (neutral SFS per site) 
E[P_neut(1)] = 0.0101222661
E[P_neut(2)] = 0.0043743433
E[P_neut(3)] = 0.0024346924
E[P_neut(4)] = 0.0015681198
E[P_neut(5)] = 0.0011324630
E[P_neut(6)] = 0.0008981178
E[P_neut(7)] = 0.0007350887
E[P_neut(8)] = 0.0006244329
E[P_neut(9)] = 0.0005471930
E[P_neut(10)] = 0.0005046015
E[P_neut(11)] = 0.0004463577
E[P_neut(12)] = 0.0004315844
E[P_neut(13)] = 0.0004002376
E[P_neut(14)] = 0.0003833976
E[P_neut(15)] = 0.0003785501
E[P_neut(16)] = 0.0003719236
E[P_neut(17)] = 0.0003839264
E[P_neut(18)] = 0.0004001252
E[P_neut(19)] = 0.0004493126

---- Expected P_sel(i), 0 < i < n (selected SFS per site) 
E[P_sel(1)] = 0.0072594542
E[P_sel(2)] = 0.0028276135
E[P_sel(3)] = 0.0014940582
E[P_sel(4)] = 0.0009312674
E[P_sel(5)] = 0.0006572377
E[P_sel(6)] = 0.0005123971
E[P_sel(7)] = 0.0004139516
E[P_sel(8)] = 0.0003481397
E[P_sel(9)] = 0.0003027858
E[P_sel(10)] = 0.0002777097
E[P_sel(11)] = 0.0002448109
E[P_sel(12)] = 0.0002363492
E[P_sel(13)] = 0.0002192886
E[P_sel(14)] = 0.0002106243
E[P_sel(15)] = 0.0002090442
E[P_sel(16)] = 0.0002070889
E[P_sel(17)] = 0.0002163926
E[P_sel(18)] = 0.0002295521
E[P_sel(19)] = 0.0002650318

---- Expected D_neut and D_sel (neutral and selected divergence per site) 
E[D_neut] = 0.0198379844
E[D_sel] = 0.0125356824

---- Expected neutral and selected misattributed polymorphism per site
E[mis_neut] = 0.0005533523
E[mis_sel] = 0.0003348378

---- alpha_div = 0.265625
---- alpha_dfe = 0.265593

