---- Running command
---- ./polyDFE -d Mmc/755.polyDFE.config.txt -m C -e 
---- Performing inference using model C

---- Performing inference on Mmc/755.polyDFE.config.txt
---- No mutation variability. Using Poisson likelihood.


---- Calculating initial values

-- Starting local optimization
-- Optimizing all parameters
  it        eps_an        lambda     theta_bar           S_d             b           p_b           S_b           r 2           r 3           r 4           r 5           r 6           r 7           r 8           r 9          r 10          r 11          r 12          r 13          r 14          r 15          r 16          r 17          r 18          r 19          r 20           ln lk          grad status 
   0           0.1 0.01930342164 0.01135083384        -20000         0.208           0.1            20 0.87315628014 0.73189347280 0.64843948341 0.58451126724 0.55894476386 0.54319183384 0.53331104229 0.52793912422 0.55018260739 0.55882278211 0.58893862677 0.62629541942 0.66083375237 0.75045672775 0.86680661262 1.09968432822 1.58596044822             1             1 -1117354.351597 23160.8309266   -2 
 943 0.00089871419 0.01934736397 0.01013434539 -73.116173860 0.12717654535 0.03100823391 5.18090449171 0.86594847851 0.72111603376 0.62173315062 0.55596837600 0.53127762821 0.50876235849 0.49531424983 0.48188331179 0.49492581019 0.49029308910 0.50988141465 0.51139639575 0.52132818844 0.56181283191 0.59198723213 0.64098708645 0.71004090418 0.81306665902 1.03875672304 -293.2050273888 0.04420937468   -3 
-- Local optimization: stuck in the same solution
---- Best joint likelihood found -293.205027388888993 with gradient 0.04421

---- Results for Mmc/755.polyDFE.config.txt 
--  Model: C
--        eps_an        lambda     theta_bar             a 
-- 0.00089871419 0.01934736397 0.01013434539            -1 
--           S_d             b           p_b           S_b 
-- -73.116173860 0.12717654535 0.03100823391 5.18090449171 
--           r 2           r 3           r 4           r 5           r 6           r 7           r 8           r 9          r 10          r 11          r 12          r 13          r 14          r 15          r 16          r 17          r 18          r 19          r 20 
-- 0.86594847851 0.72111603376 0.62173315062 0.55596837600 0.53127762821 0.50876235849 0.49531424983 0.48188331179 0.49492581019 0.49029308910 0.50988141465 0.51139639575 0.52132818844 0.56181283191 0.59198723213 0.64098708645 0.71004090418 0.81306665902 1.03875672304 

---- Expected P_neut(i), 0 < i < n (neutral SFS per site) 
E[P_neut(1)] = 0.0101256273
E[P_neut(2)] = 0.0043843263
E[P_neut(3)] = 0.0024341671
E[P_neut(4)] = 0.0015741359
E[P_neut(5)] = 0.0011262035
E[P_neut(6)] = 0.0008968912
E[P_neut(7)] = 0.0007362640
E[P_neut(8)] = 0.0006272838
E[P_neut(9)] = 0.0005425374
E[P_neut(10)] = 0.0005015749
E[P_neut(11)] = 0.0004517907
E[P_neut(12)] = 0.0004307864
E[P_neut(13)] = 0.0003989704
E[P_neut(14)] = 0.0003778473
E[P_neut(15)] = 0.0003802453
E[P_neut(16)] = 0.0003760414
E[P_neut(17)] = 0.0003839626
E[P_neut(18)] = 0.0004033509
E[P_neut(19)] = 0.0004423970

---- Expected P_sel(i), 0 < i < n (selected SFS per site) 
E[P_sel(1)] = 0.0072559949
E[P_sel(2)] = 0.0028344593
E[P_sel(3)] = 0.0014949857
E[P_sel(4)] = 0.0009361221
E[P_sel(5)] = 0.0006547924
E[P_sel(6)] = 0.0005128281
E[P_sel(7)] = 0.0004156791
E[P_sel(8)] = 0.0003507465
E[P_sel(9)] = 0.0003011799
E[P_sel(10)] = 0.0002770217
E[P_sel(11)] = 0.0002487419
E[P_sel(12)] = 0.0002368843
E[P_sel(13)] = 0.0002195510
E[P_sel(14)] = 0.0002085286
E[P_sel(15)] = 0.0002109760
E[P_sel(16)] = 0.0002103811
E[P_sel(17)] = 0.0002174067
E[P_sel(18)] = 0.0002323137
E[P_sel(19)] = 0.0002614543

---- Expected D_neut and D_sel (neutral and selected divergence per site) 
E[D_neut] = 0.0198737199
E[D_sel] = 0.0125509296

---- Expected neutral and selected misattributed polymorphism per site
E[mis_neut] = 0.0005263560
E[mis_sel] = 0.0003191742

---- alpha_div = 0.266425
---- alpha_dfe = 0.266203

