---- Running command
---- ./polyDFE -d Mmc/756.polyDFE.config.txt -m C -e 
---- Performing inference using model C

---- Performing inference on Mmc/756.polyDFE.config.txt
---- No mutation variability. Using Poisson likelihood.


---- Calculating initial values

-- Starting local optimization
-- Optimizing all parameters
  it        eps_an        lambda     theta_bar           S_d             b           p_b           S_b           r 2           r 3           r 4           r 5           r 6           r 7           r 8           r 9          r 10          r 11          r 12          r 13          r 14          r 15          r 16          r 17          r 18          r 19          r 20           ln lk          grad status 
   0           0.1 0.01929729701 0.01135420245        -20000         0.208           0.1            20 0.87452845883 0.73609424960 0.63902183411 0.58589634692 0.55620557801 0.54548369512 0.53633054540 0.52376726879 0.55976826841 0.55226311799 0.58721298635 0.62323564182 0.66165505059 0.75564576178 0.86399390551 1.10897686601 1.57947842866             1             1 -1119203.182063 23191.3108102   -2 
 363 0.00281262291 0.01929909730 0.01016461542 -83.826229945 0.11838719730 0.01979033653 7.37689025267 0.86512764701 0.72144399282 0.61735271505 0.55544327641 0.52692299044 0.50931514959 0.49523498459 0.48051275203 0.49552383730 0.48376678461 0.50977720805 0.51271417805 0.52163583380 0.55383513002 0.58773952080 0.64033221251 0.68737522896 0.77194348797 1.11923493948 -283.9363315394 0.23547888337   -3 
-- Local optimization: stuck in the same solution
---- Best joint likelihood found -283.936331539400271 with gradient 0.23548

---- Results for Mmc/756.polyDFE.config.txt 
--  Model: C
--        eps_an        lambda     theta_bar             a 
-- 0.00281262291 0.01929909730 0.01016461542            -1 
--           S_d             b           p_b           S_b 
-- -83.826229945 0.11838719730 0.01979033653 7.37689025267 
--           r 2           r 3           r 4           r 5           r 6           r 7           r 8           r 9          r 10          r 11          r 12          r 13          r 14          r 15          r 16          r 17          r 18          r 19          r 20 
-- 0.86512764701 0.72144399282 0.61735271505 0.55544327641 0.52692299044 0.50931514959 0.49523498459 0.48051275203 0.49552383730 0.48376678461 0.50977720805 0.51271417805 0.52163583380 0.55383513002 0.58773952080 0.64033221251 0.68737522896 0.77194348797 1.11923493948 

---- Expected P_neut(i), 0 < i < n (neutral SFS per site) 
E[P_neut(1)] = 0.0101371877
E[P_neut(2)] = 0.0043855700
E[P_neut(3)] = 0.0024386019
E[P_neut(4)] = 0.0015654260
E[P_neut(5)] = 0.0011270531
E[P_neut(6)] = 0.0008912161
E[P_neut(7)] = 0.0007386178
E[P_neut(8)] = 0.0006286789
E[P_neut(9)] = 0.0005424229
E[P_neut(10)] = 0.0005036809
E[P_neut(11)] = 0.0004472966
E[P_neut(12)] = 0.0004323627
E[P_neut(13)] = 0.0004018405
E[P_neut(14)] = 0.0003801760
E[P_neut(15)] = 0.0003774218
E[P_neut(16)] = 0.0003767464
E[P_neut(17)] = 0.0003886648
E[P_neut(18)] = 0.0003994363
E[P_neut(19)] = 0.0004404018

---- Expected P_sel(i), 0 < i < n (selected SFS per site) 
E[P_sel(1)] = 0.0072388485
E[P_sel(2)] = 0.0028347375
E[P_sel(3)] = 0.0015000716
E[P_sel(4)] = 0.0009331970
E[P_sel(5)] = 0.0006570756
E[P_sel(6)] = 0.0005109487
E[P_sel(7)] = 0.0004179900
E[P_sel(8)] = 0.0003521602
E[P_sel(9)] = 0.0003014327
E[P_sel(10)] = 0.0002782159
E[P_sel(11)] = 0.0002460208
E[P_sel(12)] = 0.0002372085
E[P_sel(13)] = 0.0002203106
E[P_sel(14)] = 0.0002087134
E[P_sel(15)] = 0.0002079795
E[P_sel(16)] = 0.0002090298
E[P_sel(17)] = 0.0002180404
E[P_sel(18)] = 0.0002281279
E[P_sel(19)] = 0.0002601260

---- Expected D_neut and D_sel (neutral and selected divergence per site) 
E[D_neut] = 0.0198679269
E[D_sel] = 0.0125294753

---- Expected neutral and selected misattributed polymorphism per site
E[mis_neut] = 0.0005688296
E[mis_sel] = 0.0003419148

---- alpha_div = 0.237247
---- alpha_dfe = 0.236997

