---- Running command
---- ./polyDFE -d Mmc/757.polyDFE.config.txt -m C -e 
---- Performing inference using model C

---- Performing inference on Mmc/757.polyDFE.config.txt
---- No mutation variability. Using Poisson likelihood.


---- Calculating initial values

-- Starting local optimization
-- Optimizing all parameters
  it        eps_an        lambda     theta_bar           S_d             b           p_b           S_b           r 2           r 3           r 4           r 5           r 6           r 7           r 8           r 9          r 10          r 11          r 12          r 13          r 14          r 15          r 16          r 17          r 18          r 19          r 20           ln lk          grad status 
   0           0.1 0.01931888362 0.01132929938        -20000         0.208           0.1            20 0.87478536459 0.73745282693 0.64538402808 0.58427956980 0.55740859126 0.54265342289 0.53708019967 0.53112862852 0.54667885481 0.55543833792 0.59288796037 0.61900365228 0.65949632259 0.75186822766 0.87217605407 1.11936845541 1.58431629269             1             1 -1120310.675510 23200.4820201   -2 
 456 0.00094952365 0.01930407820 0.01011754652 -71.842704511 0.12375565906 0.02041700330 7.37528885354 0.86608077716 0.72277440443 0.62165442049 0.55723958581 0.52890358672 0.51049987326 0.49462304575 0.48677317296 0.49149513330 0.48801031900 0.51114825667 0.51175711320 0.52483160792 0.56112367256 0.59698416505 0.65093627141 0.70931594331 0.82758499471 1.15181793837 -270.4045785438 0.29351478483   -8 
-- Local optimization: reached maximum number of likelihood evaluations allowed.
---- Best joint likelihood found -270.404578543821117 with gradient 0.29351

---- Results for Mmc/757.polyDFE.config.txt 
--  Model: C
--        eps_an        lambda     theta_bar             a 
-- 0.00094952365 0.01930407820 0.01011754652            -1 
--           S_d             b           p_b           S_b 
-- -71.842704511 0.12375565906 0.02041700330 7.37528885354 
--           r 2           r 3           r 4           r 5           r 6           r 7           r 8           r 9          r 10          r 11          r 12          r 13          r 14          r 15          r 16          r 17          r 18          r 19          r 20 
-- 0.86608077716 0.72277440443 0.62165442049 0.55723958581 0.52890358672 0.51049987326 0.49462304575 0.48677317296 0.49149513330 0.48801031900 0.51114825667 0.51175711320 0.52483160792 0.56112367256 0.59698416505 0.65093627141 0.70931594331 0.82758499471 1.15181793837 

---- Expected P_neut(i), 0 < i < n (neutral SFS per site) 
E[P_neut(1)] = 0.0101083581
E[P_neut(2)] = 0.0043775247
E[P_neut(3)] = 0.0024356212
E[P_neut(4)] = 0.0015712698
E[P_neut(5)] = 0.0011268682
E[P_neut(6)] = 0.0008913811
E[P_neut(7)] = 0.0007375356
E[P_neut(8)] = 0.0006253617
E[P_neut(9)] = 0.0005471233
E[P_neut(10)] = 0.0004972725
E[P_neut(11)] = 0.0004489540
E[P_neut(12)] = 0.0004311486
E[P_neut(13)] = 0.0003986091
E[P_neut(14)] = 0.0003797730
E[P_neut(15)] = 0.0003791909
E[P_neut(16)] = 0.0003786355
E[P_neut(17)] = 0.0003893513
E[P_neut(18)] = 0.0004024781
E[P_neut(19)] = 0.0004498794

---- Expected P_sel(i), 0 < i < n (selected SFS per site) 
E[P_sel(1)] = 0.0072657346
E[P_sel(2)] = 0.0028402485
E[P_sel(3)] = 0.0015010022
E[P_sel(4)] = 0.0009371783
E[P_sel(5)] = 0.0006566893
E[P_sel(6)] = 0.0005104527
E[P_sel(7)] = 0.0004166545
E[P_sel(8)] = 0.0003495331
E[P_sel(9)] = 0.0003032635
E[P_sel(10)] = 0.0002738881
E[P_sel(11)] = 0.0002461657
E[P_sel(12)] = 0.0002357660
E[P_sel(13)] = 0.0002177942
E[P_sel(14)] = 0.0002077649
E[P_sel(15)] = 0.0002082172
E[P_sel(16)] = 0.0002093243
E[P_sel(17)] = 0.0002175916
E[P_sel(18)] = 0.0002287326
E[P_sel(19)] = 0.0002628109

---- Expected D_neut and D_sel (neutral and selected divergence per site) 
E[D_neut] = 0.0198867568
E[D_sel] = 0.0125540143

---- Expected neutral and selected misattributed polymorphism per site
E[mis_neut] = 0.0005826786
E[mis_sel] = 0.0003500893

---- alpha_div = 0.244286
---- alpha_dfe = 0.244187

