---- Running command
---- ./polyDFE -d Mmc/758.polyDFE.config.txt -m C -e 
---- Performing inference using model C

---- Performing inference on Mmc/758.polyDFE.config.txt
---- No mutation variability. Using Poisson likelihood.


---- Calculating initial values

-- Starting local optimization
-- Optimizing all parameters
  it        eps_an        lambda     theta_bar           S_d             b           p_b           S_b           r 2           r 3           r 4           r 5           r 6           r 7           r 8           r 9          r 10          r 11          r 12          r 13          r 14          r 15          r 16          r 17          r 18          r 19          r 20           ln lk          grad status 
   0           0.1 0.01927023885 0.01135470654        -20000         0.208           0.1            20 0.87105309943 0.73815561807 0.64377772563 0.58245159977 0.55803239636 0.54012626126 0.53169180731 0.53223034623 0.55901428431 0.56393944634 0.59522252759 0.61964515988 0.67392934300 0.75594562144 0.86539518912 1.10750788041 1.58733614665             1             1 -1114489.614473 23124.0023675   -2 
 334 0.00433295921 0.01932874042 0.01017135223 -81.249354980 0.11831259073 0.01428845158 10.0930257131 0.86481289447 0.72026993014 0.62121166625 0.55276761842 0.52667475408 0.50524827328 0.49357509026 0.48716411716 0.50028577734 0.49065505779 0.51622933890 0.50847622818 0.53017930241 0.55771871688 0.58277129961 0.63619794841 0.69222162328 0.75094712886 1.00030155376 -285.6922394848 3.76583462714   -3 
-- Local optimization: stuck in the same solution
---- Best joint likelihood found -285.692239484880702 with gradient 3.76583

---- Results for Mmc/758.polyDFE.config.txt 
--  Model: C
--        eps_an        lambda     theta_bar             a 
-- 0.00433295921 0.01932874042 0.01017135223            -1 
--           S_d             b           p_b           S_b 
-- -81.249354980 0.11831259073 0.01428845158 10.0930257131 
--           r 2           r 3           r 4           r 5           r 6           r 7           r 8           r 9          r 10          r 11          r 12          r 13          r 14          r 15          r 16          r 17          r 18          r 19          r 20 
-- 0.86481289447 0.72026993014 0.62121166625 0.55276761842 0.52667475408 0.50524827328 0.49357509026 0.48716411716 0.50028577734 0.49065505779 0.51622933890 0.50847622818 0.53017930241 0.55771871688 0.58277129961 0.63619794841 0.69222162328 0.75094712886 1.00030155376 

---- Expected P_neut(i), 0 < i < n (neutral SFS per site) 
E[P_neut(1)] = 0.0101290221
E[P_neut(2)] = 0.0043807961
E[P_neut(3)] = 0.0024331078
E[P_neut(4)] = 0.0015744014
E[P_neut(5)] = 0.0011212452
E[P_neut(6)] = 0.0008906328
E[P_neut(7)] = 0.0007326939
E[P_neut(8)] = 0.0006267176
E[P_neut(9)] = 0.0005501489
E[P_neut(10)] = 0.0005088583
E[P_neut(11)] = 0.0004541130
E[P_neut(12)] = 0.0004383857
E[P_neut(13)] = 0.0003992950
E[P_neut(14)] = 0.0003873882
E[P_neut(15)] = 0.0003814172
E[P_neut(16)] = 0.0003757125
E[P_neut(17)] = 0.0003895786
E[P_neut(18)] = 0.0004085194
E[P_neut(19)] = 0.0004443379

---- Expected P_sel(i), 0 < i < n (selected SFS per site) 
E[P_sel(1)] = 0.0072390725
E[P_sel(2)] = 0.0028315223
E[P_sel(3)] = 0.0014954319
E[P_sel(4)] = 0.0009370690
E[P_sel(5)] = 0.0006521900
E[P_sel(6)] = 0.0005090737
E[P_sel(7)] = 0.0004130770
E[P_sel(8)] = 0.0003494642
E[P_sel(9)] = 0.0003040816
E[P_sel(10)] = 0.0002793149
E[P_sel(11)] = 0.0002479689
E[P_sel(12)] = 0.0002385353
E[P_sel(13)] = 0.0002168833
E[P_sel(14)] = 0.0002104651
E[P_sel(15)] = 0.0002077741
E[P_sel(16)] = 0.0002058929
E[P_sel(17)] = 0.0002157975
E[P_sel(18)] = 0.0002307093
E[P_sel(19)] = 0.0002619888

---- Expected D_neut and D_sel (neutral and selected divergence per site) 
E[D_neut] = 0.0198374614
E[D_sel] = 0.0125335258

---- Expected neutral and selected misattributed polymorphism per site
E[mis_neut] = 0.0005087210
E[mis_sel] = 0.0003029942

---- alpha_div = 0.231041
---- alpha_dfe = 0.231121

