---- Running command
---- ./polyDFE -d Mmc/759.polyDFE.config.txt -m C -e 
---- Performing inference using model C

---- Performing inference on Mmc/759.polyDFE.config.txt
---- No mutation variability. Using Poisson likelihood.


---- Calculating initial values

-- Starting local optimization
-- Optimizing all parameters
  it        eps_an        lambda     theta_bar           S_d             b           p_b           S_b           r 2           r 3           r 4           r 5           r 6           r 7           r 8           r 9          r 10          r 11          r 12          r 13          r 14          r 15          r 16          r 17          r 18          r 19          r 20           ln lk          grad status 
   0           0.1 0.01928244634 0.01136136631        -20000         0.208           0.1            20 0.87309791429 0.73715437959 0.64300940988 0.58205336357 0.55607075177 0.53711717970 0.53266924523 0.52724551892 0.55777590706 0.54882077233 0.59509018192 0.62934128895 0.67679532952 0.75357962625 0.87471642561 1.10463503084 1.58233904089             1             1 -1116537.934597 23153.1588561   -2 
1069 0.00067427113 0.01927961448 0.01015206147 -80.048218557 0.11954378848 0.01640622087 8.90425616334 0.86312227473 0.72040600365 0.61944915047 0.55487425762 0.52630251371 0.50748632267 0.49331515727 0.48507811330 0.49646901701 0.48268513077 0.51457055753 0.51875000350 0.53343000444 0.56316218235 0.59282122723 0.64611778647 0.71473746530 0.82905519352 1.12835577879 -268.6396044952 0.01977358625   -3 
-- Local optimization: stuck in the same solution
---- Best joint likelihood found -268.639604495270760 with gradient 0.01977

---- Results for Mmc/759.polyDFE.config.txt 
--  Model: C
--        eps_an        lambda     theta_bar             a 
-- 0.00067427113 0.01927961448 0.01015206147            -1 
--           S_d             b           p_b           S_b 
-- -80.048218557 0.11954378848 0.01640622087 8.90425616334 
--           r 2           r 3           r 4           r 5           r 6           r 7           r 8           r 9          r 10          r 11          r 12          r 13          r 14          r 15          r 16          r 17          r 18          r 19          r 20 
-- 0.86312227473 0.72040600365 0.61944915047 0.55487425762 0.52630251371 0.50748632267 0.49331515727 0.48507811330 0.49646901701 0.48268513077 0.51457055753 0.51875000350 0.53343000444 0.56316218235 0.59282122723 0.64611778647 0.71473746530 0.82905519352 1.12835577879 

---- Expected P_neut(i), 0 < i < n (neutral SFS per site) 
E[P_neut(1)] = 0.0101455149
E[P_neut(2)] = 0.0043785529
E[P_neut(3)] = 0.0024364851
E[P_neut(4)] = 0.0015713650
E[P_neut(5)] = 0.0011261209
E[P_neut(6)] = 0.0008901696
E[P_neut(7)] = 0.0007357815
E[P_neut(8)] = 0.0006258921
E[P_neut(9)] = 0.0005471029
E[P_neut(10)] = 0.0005040184
E[P_neut(11)] = 0.0004455458
E[P_neut(12)] = 0.0004354579
E[P_neut(13)] = 0.0004053294
E[P_neut(14)] = 0.0003871549
E[P_neut(15)] = 0.0003816531
E[P_neut(16)] = 0.0003769538
E[P_neut(17)] = 0.0003872323
E[P_neut(18)] = 0.0004057967
E[P_neut(19)] = 0.0004495265

---- Expected P_sel(i), 0 < i < n (selected SFS per site) 
E[P_sel(1)] = 0.0072523527
E[P_sel(2)] = 0.0028295643
E[P_sel(3)] = 0.0014970139
E[P_sel(4)] = 0.0009349339
E[P_sel(5)] = 0.0006548346
E[P_sel(6)] = 0.0005087146
E[P_sel(7)] = 0.0004148028
E[P_sel(8)] = 0.0003490577
E[P_sel(9)] = 0.0003025108
E[P_sel(10)] = 0.0002768317
E[P_sel(11)] = 0.0002435124
E[P_sel(12)] = 0.0002372325
E[P_sel(13)] = 0.0002205006
E[P_sel(14)] = 0.0002107288
E[P_sel(15)] = 0.0002083405
E[P_sel(16)] = 0.0002069994
E[P_sel(17)] = 0.0002147871
E[P_sel(18)] = 0.0002287580
E[P_sel(19)] = 0.0002606324

---- Expected D_neut and D_sel (neutral and selected divergence per site) 
E[D_neut] = 0.0198523713
E[D_sel] = 0.0125278520

---- Expected neutral and selected misattributed polymorphism per site
E[mis_neut] = 0.0005727569
E[mis_sel] = 0.0003421548

---- alpha_div = 0.235401
---- alpha_dfe = 0.235241

