---- Running command
---- ./polyDFE -d Mmc/76.polyDFE.config.txt -m C -e 
---- Performing inference using model C

---- Performing inference on Mmc/76.polyDFE.config.txt
---- No mutation variability. Using Poisson likelihood.


---- Calculating initial values

-- Starting local optimization
-- Optimizing all parameters
  it        eps_an        lambda     theta_bar           S_d             b           p_b           S_b           r 2           r 3           r 4           r 5           r 6           r 7           r 8           r 9          r 10          r 11          r 12          r 13          r 14          r 15          r 16          r 17          r 18          r 19          r 20           ln lk          grad status 
   0           0.1 0.01931199255 0.01135005543        -20000         0.208           0.1            20 0.87406331765 0.73363613618 0.64834028718 0.58213518487 0.55946060182 0.53740151319 0.54026516948 0.52553069475 0.55271512194 0.55593855467 0.59407760685 0.62186544915 0.67049599098 0.76330068692 0.86852335321 1.10444999323 1.57760987269             1             1 -1119906.189550 23218.4251826   -2 
1073 0.00132543792 0.01925880378 0.01014094271 -74.538003085 0.12462148544 0.02338853526 6.60780888434 0.86567985154 0.72038259214 0.62200429682 0.55691782778 0.53105862928 0.50862597449 0.49574320180 0.48378927222 0.49216079652 0.48607408233 0.51045387629 0.51494671713 0.52696573311 0.56696979299 0.59322317502 0.64305276646 0.69935342591 0.80933354970 1.22619332586 -280.7838925220 0.02084806058   -8 
-- Local optimization: reached maximum number of likelihood evaluations allowed.
---- Best joint likelihood found -280.783892522013048 with gradient 0.02085

---- Results for Mmc/76.polyDFE.config.txt 
--  Model: C
--        eps_an        lambda     theta_bar             a 
-- 0.00132543792 0.01925880378 0.01014094271            -1 
--           S_d             b           p_b           S_b 
-- -74.538003085 0.12462148544 0.02338853526 6.60780888434 
--           r 2           r 3           r 4           r 5           r 6           r 7           r 8           r 9          r 10          r 11          r 12          r 13          r 14          r 15          r 16          r 17          r 18          r 19          r 20 
-- 0.86567985154 0.72038259214 0.62200429682 0.55691782778 0.53105862928 0.50862597449 0.49574320180 0.48378927222 0.49216079652 0.48607408233 0.51045387629 0.51494671713 0.52696573311 0.56696979299 0.59322317502 0.64305276646 0.69935342591 0.80933354970 1.22619332586 

---- Expected P_neut(i), 0 < i < n (neutral SFS per site) 
E[P_neut(1)] = 0.0101280741
E[P_neut(2)] = 0.0043841092
E[P_neut(3)] = 0.0024324004
E[P_neut(4)] = 0.0015753357
E[P_neut(5)] = 0.0011285453
E[P_neut(6)] = 0.0008968888
E[P_neut(7)] = 0.0007364053
E[P_neut(8)] = 0.0006281518
E[P_neut(9)] = 0.0005449913
E[P_neut(10)] = 0.0004990974
E[P_neut(11)] = 0.0004482422
E[P_neut(12)] = 0.0004316348
E[P_neut(13)] = 0.0004021400
E[P_neut(14)] = 0.0003823930
E[P_neut(15)] = 0.0003842963
E[P_neut(16)] = 0.0003775819
E[P_neut(17)] = 0.0003863169
E[P_neut(18)] = 0.0003993014
E[P_neut(19)] = 0.0004448373

---- Expected P_sel(i), 0 < i < n (selected SFS per site) 
E[P_sel(1)] = 0.0072501520
E[P_sel(2)] = 0.0028318285
E[P_sel(3)] = 0.0014924021
E[P_sel(4)] = 0.0009356078
E[P_sel(5)] = 0.0006550135
E[P_sel(6)] = 0.0005116698
E[P_sel(7)] = 0.0004145725
E[P_sel(8)] = 0.0003499940
E[P_sel(9)] = 0.0003012517
E[P_sel(10)] = 0.0002742545
E[P_sel(11)] = 0.0002453199
E[P_sel(12)] = 0.0002357171
E[P_sel(13)] = 0.0002195557
E[P_sel(14)] = 0.0002091687
E[P_sel(15)] = 0.0002111307
E[P_sel(16)] = 0.0002089974
E[P_sel(17)] = 0.0002163120
E[P_sel(18)] = 0.0002275249
E[P_sel(19)] = 0.0002609026

---- Expected D_neut and D_sel (neutral and selected divergence per site) 
E[D_neut] = 0.0198805416
E[D_sel] = 0.0125365613

---- Expected neutral and selected misattributed polymorphism per site
E[mis_neut] = 0.0006217378
E[mis_sel] = 0.0003741173

---- alpha_div = 0.252338
---- alpha_dfe = 0.252249

