---- Running command
---- ./polyDFE -d Mmc/760.polyDFE.config.txt -m C -e 
---- Performing inference using model C

---- Performing inference on Mmc/760.polyDFE.config.txt
---- No mutation variability. Using Poisson likelihood.


---- Calculating initial values

-- Starting local optimization
-- Optimizing all parameters
  it        eps_an        lambda     theta_bar           S_d             b           p_b           S_b           r 2           r 3           r 4           r 5           r 6           r 7           r 8           r 9          r 10          r 11          r 12          r 13          r 14          r 15          r 16          r 17          r 18          r 19          r 20           ln lk          grad status 
   0           0.1 0.01926998962 0.01132168559        -20000         0.208           0.1            20 0.87249772741 0.74200920351 0.64721123409 0.58367415253 0.55939047021 0.53228130994 0.53735545685 0.53628967253 0.56435444446 0.55766492995 0.59461956880 0.62018636241 0.66876428275 0.74933756348 0.87294138132 1.12135691883 1.58431279741             1             1 -1117461.376189 23162.8036734   -2 
 614 0.00060623302 0.01929980274 0.01011015078 -68.876092506 0.12812415030 0.02466139117 6.39966505169 0.86454875412 0.72479953679 0.62416886417 0.55906394706 0.52944523612 0.50383312913 0.49583689893 0.49256600595 0.50524132942 0.48913549846 0.51052145710 0.51135768819 0.52447461498 0.56362644406 0.59503836747 0.65694280767 0.71635546789 0.83517875085 1.06798712798 -275.2768061695 0.05447768405   -8 
-- Local optimization: reached maximum number of likelihood evaluations allowed.
---- Best joint likelihood found -275.276806169582414 with gradient 0.05448

---- Results for Mmc/760.polyDFE.config.txt 
--  Model: C
--        eps_an        lambda     theta_bar             a 
-- 0.00060623302 0.01929980274 0.01011015078            -1 
--           S_d             b           p_b           S_b 
-- -68.876092506 0.12812415030 0.02466139117 6.39966505169 
--           r 2           r 3           r 4           r 5           r 6           r 7           r 8           r 9          r 10          r 11          r 12          r 13          r 14          r 15          r 16          r 17          r 18          r 19          r 20 
-- 0.86454875412 0.72479953679 0.62416886417 0.55906394706 0.52944523612 0.50383312913 0.49583689893 0.49256600595 0.50524132942 0.48913549846 0.51052145710 0.51135768819 0.52447461498 0.56362644406 0.59503836747 0.65694280767 0.71635546789 0.83517875085 1.06798712798 

---- Expected P_neut(i), 0 < i < n (neutral SFS per site) 
E[P_neut(1)] = 0.0101042911
E[P_neut(2)] = 0.0043679536
E[P_neut(3)] = 0.0024413669
E[P_neut(4)] = 0.0015768819
E[P_neut(5)] = 0.0011299891
E[P_neut(6)] = 0.0008918173
E[P_neut(7)] = 0.0007274898
E[P_neut(8)] = 0.0006265041
E[P_neut(9)] = 0.0005532612
E[P_neut(10)] = 0.0005108066
E[P_neut(11)] = 0.0004496296
E[P_neut(12)] = 0.0004302399
E[P_neut(13)] = 0.0003978849
E[P_neut(14)] = 0.0003790625
E[P_neut(15)] = 0.0003803449
E[P_neut(16)] = 0.0003767239
E[P_neut(17)] = 0.0003919375
E[P_neut(18)] = 0.0004047645
E[P_neut(19)] = 0.0004502693

---- Expected P_sel(i), 0 < i < n (selected SFS per site) 
E[P_sel(1)] = 0.0072548856
E[P_sel(2)] = 0.0028251494
E[P_sel(3)] = 0.0014982159
E[P_sel(4)] = 0.0009360360
E[P_sel(5)] = 0.0006551772
E[P_sel(6)] = 0.0005080697
E[P_sel(7)] = 0.0004088788
E[P_sel(8)] = 0.0003484383
E[P_sel(9)] = 0.0003052288
E[P_sel(10)] = 0.0002801263
E[P_sel(11)] = 0.0002455836
E[P_sel(12)] = 0.0002344906
E[P_sel(13)] = 0.0002168201
E[P_sel(14)] = 0.0002069780
E[P_sel(15)] = 0.0002086205
E[P_sel(16)] = 0.0002082153
E[P_sel(17)] = 0.0002191520
E[P_sel(18)] = 0.0002302397
E[P_sel(19)] = 0.0002629920

---- Expected D_neut and D_sel (neutral and selected divergence per site) 
E[D_neut] = 0.0198396783
E[D_sel] = 0.0125101285

---- Expected neutral and selected misattributed polymorphism per site
E[mis_neut] = 0.0005398755
E[mis_sel] = 0.0003248142

---- alpha_div = 0.258416
---- alpha_dfe = 0.258122

