---- Running command
---- ./polyDFE -d Mmc/761.polyDFE.config.txt -m C -e 
---- Performing inference using model C

---- Performing inference on Mmc/761.polyDFE.config.txt
---- No mutation variability. Using Poisson likelihood.


---- Calculating initial values

-- Starting local optimization
-- Optimizing all parameters
  it        eps_an        lambda     theta_bar           S_d             b           p_b           S_b           r 2           r 3           r 4           r 5           r 6           r 7           r 8           r 9          r 10          r 11          r 12          r 13          r 14          r 15          r 16          r 17          r 18          r 19          r 20           ln lk          grad status 
   0           0.1 0.01926465990 0.01135747505        -20000         0.208           0.1            20 0.87170519204 0.73603714064 0.64371287944 0.58966958686 0.55912446343 0.54026471440 0.54094668662 0.52429659294 0.55780341339 0.56114399124 0.60164299110 0.62864924991 0.66726803102 0.75401637911 0.86031860553 1.11631773537 1.58013107029             1             1 -1112392.879685 23110.9666263   -2 
 707 0.00201604284 0.01928103306 0.01014171171 -68.558840801 0.13255123519 0.03160681356 5.35331272899 0.86794795485 0.72285812878 0.62049886744 0.56125169973 0.53188910274 0.50880845640 0.49865872497 0.48209570079 0.49875488669 0.48770481503 0.51687672344 0.51644515880 0.52606686705 0.55837197408 0.58486775526 0.65126502342 0.70468817512 0.79307743170 1.09031057442 -291.1854789894 0.07385423519   -8 
-- Local optimization: reached maximum number of likelihood evaluations allowed.
---- Best joint likelihood found -291.185478989427793 with gradient 0.07385

---- Results for Mmc/761.polyDFE.config.txt 
--  Model: C
--        eps_an        lambda     theta_bar             a 
-- 0.00201604284 0.01928103306 0.01014171171            -1 
--           S_d             b           p_b           S_b 
-- -68.558840801 0.13255123519 0.03160681356 5.35331272899 
--           r 2           r 3           r 4           r 5           r 6           r 7           r 8           r 9          r 10          r 11          r 12          r 13          r 14          r 15          r 16          r 17          r 18          r 19          r 20 
-- 0.86794795485 0.72285812878 0.62049886744 0.56125169973 0.53188910274 0.50880845640 0.49865872497 0.48209570079 0.49875488669 0.48770481503 0.51687672344 0.51644515880 0.52606686705 0.55837197408 0.58486775526 0.65126502342 0.70468817512 0.79307743170 1.09031057442 

---- Expected P_neut(i), 0 < i < n (neutral SFS per site) 
E[P_neut(1)] = 0.0101221190
E[P_neut(2)] = 0.0043931663
E[P_neut(3)] = 0.0024395297
E[P_neut(4)] = 0.0015708059
E[P_neut(5)] = 0.0011368766
E[P_neut(6)] = 0.0008980001
E[P_neut(7)] = 0.0007364959
E[P_neut(8)] = 0.0006317629
E[P_neut(9)] = 0.0005430641
E[P_neut(10)] = 0.0005058228
E[P_neut(11)] = 0.0004498398
E[P_neut(12)] = 0.0004372283
E[P_neut(13)] = 0.0004035691
E[P_neut(14)] = 0.0003821313
E[P_neut(15)] = 0.0003790572
E[P_neut(16)] = 0.0003731468
E[P_neut(17)] = 0.0003926693
E[P_neut(18)] = 0.0004051140
E[P_neut(19)] = 0.0004429170

---- Expected P_sel(i), 0 < i < n (selected SFS per site) 
E[P_sel(1)] = 0.0072408222
E[P_sel(2)] = 0.0028258883
E[P_sel(3)] = 0.0014878320
E[P_sel(4)] = 0.0009264571
E[P_sel(5)] = 0.0006549800
E[P_sel(6)] = 0.0005084590
E[P_sel(7)] = 0.0004115620
E[P_sel(8)] = 0.0003495212
E[P_sel(9)] = 0.0002982193
E[P_sel(10)] = 0.0002763166
E[P_sel(11)] = 0.0002449545
E[P_sel(12)] = 0.0002378093
E[P_sel(13)] = 0.0002197057
E[P_sel(14)] = 0.0002087063
E[P_sel(15)] = 0.0002082436
E[P_sel(16)] = 0.0002068659
E[P_sel(17)] = 0.0002205816
E[P_sel(18)] = 0.0002320006
E[P_sel(19)] = 0.0002618377

---- Expected D_neut and D_sel (neutral and selected divergence per site) 
E[D_neut] = 0.0198339138
E[D_sel] = 0.0125298985

---- Expected neutral and selected misattributed polymorphism per site
E[mis_neut] = 0.0005528808
E[mis_sel] = 0.0003342376

---- alpha_div = 0.279627
---- alpha_dfe = 0.279518

