---- Running command
---- ./polyDFE -d Mmc/762.polyDFE.config.txt -m C -e 
---- Performing inference using model C

---- Performing inference on Mmc/762.polyDFE.config.txt
---- No mutation variability. Using Poisson likelihood.


---- Calculating initial values

-- Starting local optimization
-- Optimizing all parameters
  it        eps_an        lambda     theta_bar           S_d             b           p_b           S_b           r 2           r 3           r 4           r 5           r 6           r 7           r 8           r 9          r 10          r 11          r 12          r 13          r 14          r 15          r 16          r 17          r 18          r 19          r 20           ln lk          grad status 
   0           0.1 0.01929840494 0.01137572404        -20000         0.208           0.1            20 0.87185746720 0.73382106698 0.64338321624 0.58368802312 0.55429622697 0.53641247740 0.53855277967 0.52536024186 0.55299371026 0.55576159303 0.59368546868 0.62003712636 0.65525584397 0.74508073262 0.86834409150 1.11548971701 1.57140391374             1             1 -1118253.446661 23212.6136578   -2 
 211 0.00372368142 0.01933102556 0.01020428285 -110.47834460 0.10405379177 0.00273623311 43.8392071377 0.86056408330 0.71679739938 0.61384135141 0.55009246394 0.52409029642 0.50186573594 0.49137093522 0.48006689068 0.49084829931 0.48495629283 0.50649868893 0.51062704715 0.51874929401 0.55486813961 0.59234538330 0.64736803119 0.69383669075 0.77321870702 1.04567635632 -317.1033070650 0.25414034938   -8 
-- Local optimization: reached maximum number of likelihood evaluations allowed.
---- Best joint likelihood found -317.103307065000990 with gradient 0.25414

---- Results for Mmc/762.polyDFE.config.txt 
--  Model: C
--        eps_an        lambda     theta_bar             a 
-- 0.00372368142 0.01933102556 0.01020428285            -1 
--           S_d             b           p_b           S_b 
-- -110.47834460 0.10405379177 0.00273623311 43.8392071377 
--           r 2           r 3           r 4           r 5           r 6           r 7           r 8           r 9          r 10          r 11          r 12          r 13          r 14          r 15          r 16          r 17          r 18          r 19          r 20 
-- 0.86056408330 0.71679739938 0.61384135141 0.55009246394 0.52409029642 0.50186573594 0.49137093522 0.48006689068 0.49084829931 0.48495629283 0.50649868893 0.51062704715 0.51874929401 0.55486813961 0.59234538330 0.64736803119 0.69383669075 0.77321870702 1.04567635632 

---- Expected P_neut(i), 0 < i < n (neutral SFS per site) 
E[P_neut(1)] = 0.0101678317
E[P_neut(2)] = 0.0043758347
E[P_neut(3)] = 0.0024305026
E[P_neut(4)] = 0.0015615283
E[P_neut(5)] = 0.0011198850
E[P_neut(6)] = 0.0008894165
E[P_neut(7)] = 0.0007303654
E[P_neut(8)] = 0.0006260309
E[P_neut(9)] = 0.0005439526
E[P_neut(10)] = 0.0005008755
E[P_neut(11)] = 0.0004502272
E[P_neut(12)] = 0.0004314347
E[P_neut(13)] = 0.0004020458
E[P_neut(14)] = 0.0003800157
E[P_neut(15)] = 0.0003802436
E[P_neut(16)] = 0.0003822031
E[P_neut(17)] = 0.0003962158
E[P_neut(18)] = 0.0004082242
E[P_neut(19)] = 0.0004517218

---- Expected P_sel(i), 0 < i < n (selected SFS per site) 
E[P_sel(1)] = 0.0072233300
E[P_sel(2)] = 0.0028319927
E[P_sel(3)] = 0.0015017136
E[P_sel(4)] = 0.0009363292
E[P_sel(5)] = 0.0006569869
E[P_sel(6)] = 0.0005129520
E[P_sel(7)] = 0.0004154080
E[P_sel(8)] = 0.0003519493
E[P_sel(9)] = 0.0003027935
E[P_sel(10)] = 0.0002764480
E[P_sel(11)] = 0.0002466789
E[P_sel(12)] = 0.0002349069
E[P_sel(13)] = 0.0002177676
E[P_sel(14)] = 0.0002049990
E[P_sel(15)] = 0.0002045625
E[P_sel(16)] = 0.0002054658
E[P_sel(17)] = 0.0002135668
E[P_sel(18)] = 0.0002223682
E[P_sel(19)] = 0.0002556475

---- Expected D_neut and D_sel (neutral and selected divergence per site) 
E[D_neut] = 0.0198645444
E[D_sel] = 0.0125271791

---- Expected neutral and selected misattributed polymorphism per site
E[mis_neut] = 0.0005335189
E[mis_sel] = 0.0003032045

---- alpha_div = 0.189611
---- alpha_dfe = 0.189853

