---- Running command
---- ./polyDFE -d Mmc/763.polyDFE.config.txt -m C -e 
---- Performing inference using model C

---- Performing inference on Mmc/763.polyDFE.config.txt
---- No mutation variability. Using Poisson likelihood.


---- Calculating initial values

-- Starting local optimization
-- Optimizing all parameters
  it        eps_an        lambda     theta_bar           S_d             b           p_b           S_b           r 2           r 3           r 4           r 5           r 6           r 7           r 8           r 9          r 10          r 11          r 12          r 13          r 14          r 15          r 16          r 17          r 18          r 19          r 20           ln lk          grad status 
   0           0.1 0.01928493702 0.01137383072        -20000         0.208           0.1            20 0.87533359525 0.73351283209 0.64237723272 0.58433219038 0.55504740217 0.54734435459 0.53522002922 0.52705196646 0.54470421083 0.55405782861 0.59576266096 0.62592538123 0.65918764719 0.75420114440 0.85713133398 1.10199717002 1.57683411871             1             1 -1114720.308226 23137.7474473   -2 
 793 0.00099245029 0.01931320481 0.01015512754 -80.927208562 0.12332346238 0.02969602918 5.33143437405 0.86859975282 0.72041707225 0.61952506383 0.55621304096 0.52850801348 0.51097141749 0.49369341017 0.48450521674 0.49074032414 0.48444271456 0.51199130669 0.51595059828 0.52395449733 0.55680271627 0.58438272450 0.63949500746 0.70442554270 0.81563206502 1.06871147984 -282.7597796031 0.03170453258   -3 
-- Local optimization: stuck in the same solution
---- Best joint likelihood found -282.759779603176867 with gradient 0.03170

---- Results for Mmc/763.polyDFE.config.txt 
--  Model: C
--        eps_an        lambda     theta_bar             a 
-- 0.00099245029 0.01931320481 0.01015512754            -1 
--           S_d             b           p_b           S_b 
-- -80.927208562 0.12332346238 0.02969602918 5.33143437405 
--           r 2           r 3           r 4           r 5           r 6           r 7           r 8           r 9          r 10          r 11          r 12          r 13          r 14          r 15          r 16          r 17          r 18          r 19          r 20 
-- 0.86859975282 0.72041707225 0.61952506383 0.55621304096 0.52850801348 0.51097141749 0.49369341017 0.48450521674 0.49074032414 0.48444271456 0.51199130669 0.51595059828 0.52395449733 0.55680271627 0.58438272450 0.63949500746 0.70442554270 0.81563206502 1.06871147984 

---- Expected P_neut(i), 0 < i < n (neutral SFS per site) 
E[P_neut(1)] = 0.0101454817
E[P_neut(2)] = 0.0044063880
E[P_neut(3)] = 0.0024366013
E[P_neut(4)] = 0.0015716462
E[P_neut(5)] = 0.0011289358
E[P_neut(6)] = 0.0008940005
E[P_neut(7)] = 0.0007409472
E[P_neut(8)] = 0.0006264980
E[P_neut(9)] = 0.0005465915
E[P_neut(10)] = 0.0004983531
E[P_neut(11)] = 0.0004473330
E[P_neut(12)] = 0.0004334700
E[P_neut(13)] = 0.0004033775
E[P_neut(14)] = 0.0003805695
E[P_neut(15)] = 0.0003777072
E[P_neut(16)] = 0.0003720979
E[P_neut(17)] = 0.0003840501
E[P_neut(18)] = 0.0004014011
E[P_neut(19)] = 0.0004455852

---- Expected P_sel(i), 0 < i < n (selected SFS per site) 
E[P_sel(1)] = 0.0072373613
E[P_sel(2)] = 0.0028409685
E[P_sel(3)] = 0.0014942699
E[P_sel(4)] = 0.0009340309
E[P_sel(5)] = 0.0006563325
E[P_sel(6)] = 0.0005113540
E[P_sel(7)] = 0.0004186014
E[P_sel(8)] = 0.0003506221
E[P_sel(9)] = 0.0003037545
E[P_sel(10)] = 0.0002755675
E[P_sel(11)] = 0.0002465948
E[P_sel(12)] = 0.0002386626
E[P_sel(13)] = 0.0002222543
E[P_sel(14)] = 0.0002102829
E[P_sel(15)] = 0.0002098018
E[P_sel(16)] = 0.0002083853
E[P_sel(17)] = 0.0002176514
E[P_sel(18)] = 0.0002313853
E[P_sel(19)] = 0.0002636027

---- Expected D_neut and D_sel (neutral and selected divergence per site) 
E[D_neut] = 0.0198558499
E[D_sel] = 0.0125520478

---- Expected neutral and selected misattributed polymorphism per site
E[mis_neut] = 0.0005426451
E[mis_sel] = 0.0003292870

---- alpha_div = 0.261667
---- alpha_dfe = 0.261484

