---- Running command
---- ./polyDFE -d Mmc/764.polyDFE.config.txt -m C -e 
---- Performing inference using model C

---- Performing inference on Mmc/764.polyDFE.config.txt
---- No mutation variability. Using Poisson likelihood.


---- Calculating initial values

-- Starting local optimization
-- Optimizing all parameters
  it        eps_an        lambda     theta_bar           S_d             b           p_b           S_b           r 2           r 3           r 4           r 5           r 6           r 7           r 8           r 9          r 10          r 11          r 12          r 13          r 14          r 15          r 16          r 17          r 18          r 19          r 20           ln lk          grad status 
   0           0.1 0.01927052555 0.01132567674        -20000         0.208           0.1            20 0.87369954027 0.73321377480 0.64382079151 0.58703783730 0.55918971788 0.54366289488 0.53362158763 0.53257818036 0.55384658650 0.55702456913 0.59598911777 0.62577117552 0.66066085277 0.75506698975 0.86271712460 1.10194356588 1.58070388639             1             1 -1116849.491772 23162.3199387   -2 
 558 0.00155935915 0.01930650603 0.01011325252 -67.730193040 0.13380457745 0.03887064041 4.37615783029 0.86838522358 0.72109798400 0.62124426796 0.55785779417 0.52964726422 0.51170524202 0.49515720913 0.48506771249 0.49552783404 0.48487612791 0.51395334812 0.51688364816 0.51918410573 0.56507136327 0.58534463191 0.64120645907 0.70099386189 0.80523702771 1.05298697484 -279.7646622288 0.04313587166   -3 
-- Local optimization: stuck in the same solution
---- Best joint likelihood found -279.764662228859379 with gradient 0.04314

---- Results for Mmc/764.polyDFE.config.txt 
--  Model: C
--        eps_an        lambda     theta_bar             a 
-- 0.00155935915 0.01930650603 0.01011325252            -1 
--           S_d             b           p_b           S_b 
-- -67.730193040 0.13380457745 0.03887064041 4.37615783029 
--           r 2           r 3           r 4           r 5           r 6           r 7           r 8           r 9          r 10          r 11          r 12          r 13          r 14          r 15          r 16          r 17          r 18          r 19          r 20 
-- 0.86838522358 0.72109798400 0.62124426796 0.55785779417 0.52964726422 0.51170524202 0.49515720913 0.48506771249 0.49552783404 0.48487612791 0.51395334812 0.51688364816 0.51918410573 0.56507136327 0.58534463191 0.64120645907 0.70099386189 0.80523702771 1.05298697484 

---- Expected P_neut(i), 0 < i < n (neutral SFS per site) 
E[P_neut(1)] = 0.0100981507
E[P_neut(2)] = 0.0043848664
E[P_neut(3)] = 0.0024276862
E[P_neut(4)] = 0.0015688277
E[P_neut(5)] = 0.0011271859
E[P_neut(6)] = 0.0008919355
E[P_neut(7)] = 0.0007387605
E[P_neut(8)] = 0.0006256556
E[P_neut(9)] = 0.0005449132
E[P_neut(10)] = 0.0005011398
E[P_neut(11)] = 0.0004459434
E[P_neut(12)] = 0.0004334457
E[P_neut(13)] = 0.0004026315
E[P_neut(14)] = 0.0003758530
E[P_neut(15)] = 0.0003821460
E[P_neut(16)] = 0.0003718560
E[P_neut(17)] = 0.0003846477
E[P_neut(18)] = 0.0004000847
E[P_neut(19)] = 0.0004437105

---- Expected P_sel(i), 0 < i < n (selected SFS per site) 
E[P_sel(1)] = 0.0072423869
E[P_sel(2)] = 0.0028299554
E[P_sel(3)] = 0.0014864061
E[P_sel(4)] = 0.0009294312
E[P_sel(5)] = 0.0006526701
E[P_sel(6)] = 0.0005078631
E[P_sel(7)] = 0.0004153935
E[P_sel(8)] = 0.0003485066
E[P_sel(9)] = 0.0003014675
E[P_sel(10)] = 0.0002759776
E[P_sel(11)] = 0.0002449587
E[P_sel(12)] = 0.0002379665
E[P_sel(13)] = 0.0002213866
E[P_sel(14)] = 0.0002074377
E[P_sel(15)] = 0.0002122301
E[P_sel(16)] = 0.0002084248
E[P_sel(17)] = 0.0002183884
E[P_sel(18)] = 0.0002312799
E[P_sel(19)] = 0.0002637480

---- Expected D_neut and D_sel (neutral and selected divergence per site) 
E[D_neut] = 0.0198389622
E[D_sel] = 0.0125130571

---- Expected neutral and selected misattributed polymorphism per site
E[mis_neut] = 0.0005324562
E[mis_sel] = 0.0003234002

---- alpha_div = 0.286844
---- alpha_dfe = 0.286673

