---- Running command
---- ./polyDFE -d Mmc/765.polyDFE.config.txt -m C -e 
---- Performing inference using model C

---- Performing inference on Mmc/765.polyDFE.config.txt
---- No mutation variability. Using Poisson likelihood.


---- Calculating initial values

-- Starting local optimization
-- Optimizing all parameters
  it        eps_an        lambda     theta_bar           S_d             b           p_b           S_b           r 2           r 3           r 4           r 5           r 6           r 7           r 8           r 9          r 10          r 11          r 12          r 13          r 14          r 15          r 16          r 17          r 18          r 19          r 20           ln lk          grad status 
   0           0.1 0.01928558198 0.01137731231        -20000         0.208           0.1            20 0.87380416080 0.73018164354 0.64165295692 0.58179147923 0.55791590110 0.53839977185 0.53978899865 0.52535189939 0.55441830268 0.55218713722 0.58816025474 0.62996715445 0.67944279876 0.75276967647 0.85102550812 1.10492347971 1.57232960816             1             1 -1114647.428952 23151.7401394   -2 
 590 0.00182518513 0.01934273689 0.01016252392 -80.893533715 0.12147136371 0.02236367429 6.86148635067 0.86689420320 0.71877490474 0.61917411928 0.55545898290 0.52585810331 0.50617269020 0.50085652032 0.48330688504 0.49658983856 0.48371691184 0.50455598775 0.51682704088 0.53144041091 0.55693903125 0.58495644246 0.64073260304 0.69773360556 0.80064619013 1.01155020334 -299.9176066194 0.14956237382   -3 
-- Local optimization: stuck in the same solution
---- Best joint likelihood found -299.917606619477738 with gradient 0.14956

---- Results for Mmc/765.polyDFE.config.txt 
--  Model: C
--        eps_an        lambda     theta_bar             a 
-- 0.00182518513 0.01934273689 0.01016252392            -1 
--           S_d             b           p_b           S_b 
-- -80.893533715 0.12147136371 0.02236367429 6.86148635067 
--           r 2           r 3           r 4           r 5           r 6           r 7           r 8           r 9          r 10          r 11          r 12          r 13          r 14          r 15          r 16          r 17          r 18          r 19          r 20 
-- 0.86689420320 0.71877490474 0.61917411928 0.55545898290 0.52585810331 0.50617269020 0.50085652032 0.48330688504 0.49658983856 0.48371691184 0.50455598775 0.51682704088 0.53144041091 0.55693903125 0.58495644246 0.64073260304 0.69773360556 0.80064619013 1.01155020334 

---- Expected P_neut(i), 0 < i < n (neutral SFS per site) 
E[P_neut(1)] = 0.0101447571
E[P_neut(2)] = 0.0043975957
E[P_neut(3)] = 0.0024311108
E[P_neut(4)] = 0.0015708999
E[P_neut(5)] = 0.0011276011
E[P_neut(6)] = 0.0008897527
E[P_neut(7)] = 0.0007342522
E[P_neut(8)] = 0.0006358644
E[P_neut(9)] = 0.0005455549
E[P_neut(10)] = 0.0005046606
E[P_neut(11)] = 0.0004470699
E[P_neut(12)] = 0.0004276782
E[P_neut(13)] = 0.0004046244
E[P_neut(14)] = 0.0003866913
E[P_neut(15)] = 0.0003786990
E[P_neut(16)] = 0.0003737327
E[P_neut(17)] = 0.0003867721
E[P_neut(18)] = 0.0004012505
E[P_neut(19)] = 0.0004460082

---- Expected P_sel(i), 0 < i < n (selected SFS per site) 
E[P_sel(1)] = 0.0072374926
E[P_sel(2)] = 0.0028352930
E[P_sel(3)] = 0.0014904127
E[P_sel(4)] = 0.0009328665
E[P_sel(5)] = 0.0006547074
E[P_sel(6)] = 0.0005079658
E[P_sel(7)] = 0.0004137686
E[P_sel(8)] = 0.0003547112
E[P_sel(9)] = 0.0003019634
E[P_sel(10)] = 0.0002777062
E[P_sel(11)] = 0.0002450409
E[P_sel(12)] = 0.0002339082
E[P_sel(13)] = 0.0002212432
E[P_sel(14)] = 0.0002118306
E[P_sel(15)] = 0.0002083539
E[P_sel(16)] = 0.0002071588
E[P_sel(17)] = 0.0002168842
E[P_sel(18)] = 0.0002290568
E[P_sel(19)] = 0.0002625649

---- Expected D_neut and D_sel (neutral and selected divergence per site) 
E[D_neut] = 0.0198567321
E[D_sel] = 0.0125562370

---- Expected neutral and selected misattributed polymorphism per site
E[mis_neut] = 0.0005139952
E[mis_sel] = 0.0003097794

---- alpha_div = 0.249521
---- alpha_dfe = 0.249328

