---- Running command
---- ./polyDFE -d Mmc/766.polyDFE.config.txt -m C -e 
---- Performing inference using model C

---- Performing inference on Mmc/766.polyDFE.config.txt
---- No mutation variability. Using Poisson likelihood.


---- Calculating initial values

-- Starting local optimization
-- Optimizing all parameters
  it        eps_an        lambda     theta_bar           S_d             b           p_b           S_b           r 2           r 3           r 4           r 5           r 6           r 7           r 8           r 9          r 10          r 11          r 12          r 13          r 14          r 15          r 16          r 17          r 18          r 19          r 20           ln lk          grad status 
   0           0.1 0.01931994538 0.01139579342        -20000         0.208           0.1            20 0.87005024837 0.73446554563 0.63692210564 0.58498881618 0.55876800329 0.53973076687 0.53484592275 0.52909308881 0.54955722646 0.55399132075 0.58534986395 0.62569687081 0.66996105440 0.74415431291 0.86395436014 1.10855265057 1.57952023262             1             1 -1119646.117367 23238.9382489   -2 
 794 0.00140548981 0.01936768707 0.01017786485 -79.722332351 0.12317183583 0.02509869232 6.13478314143 0.86388272463 0.72102236019 0.61641563863 0.55680542380 0.53011772602 0.50600153266 0.49265297772 0.48072803132 0.49159627691 0.48599702474 0.50633217536 0.51546990151 0.52621015383 0.55519442912 0.58996332155 0.64427807635 0.70749892789 0.81117566959 1.03046152399 -275.6179005920 0.14461100217   -8 
-- Local optimization: reached maximum number of likelihood evaluations allowed.
---- Best joint likelihood found -275.617900592027581 with gradient 0.14461

---- Results for Mmc/766.polyDFE.config.txt 
--  Model: C
--        eps_an        lambda     theta_bar             a 
-- 0.00140548981 0.01936768707 0.01017786485            -1 
--           S_d             b           p_b           S_b 
-- -79.722332351 0.12317183583 0.02509869232 6.13478314143 
--           r 2           r 3           r 4           r 5           r 6           r 7           r 8           r 9          r 10          r 11          r 12          r 13          r 14          r 15          r 16          r 17          r 18          r 19          r 20 
-- 0.86388272463 0.72102236019 0.61641563863 0.55680542380 0.53011772602 0.50600153266 0.49265297772 0.48072803132 0.49159627691 0.48599702474 0.50633217536 0.51546990151 0.52621015383 0.55519442912 0.58996332155 0.64427807635 0.70749892789 0.81117566959 1.03046152399 

---- Expected P_neut(i), 0 < i < n (neutral SFS per site) 
E[P_neut(1)] = 0.0101641707
E[P_neut(2)] = 0.0043906242
E[P_neut(3)] = 0.0024432601
E[P_neut(4)] = 0.0015667718
E[P_neut(5)] = 0.0011323545
E[P_neut(6)] = 0.0008985182
E[P_neut(7)] = 0.0007352496
E[P_neut(8)] = 0.0006264921
E[P_neut(9)] = 0.0005435107
E[P_neut(10)] = 0.0005003400
E[P_neut(11)] = 0.0004498059
E[P_neut(12)] = 0.0004297257
E[P_neut(13)] = 0.0004040348
E[P_neut(14)] = 0.0003832759
E[P_neut(15)] = 0.0003777765
E[P_neut(16)] = 0.0003769624
E[P_neut(17)] = 0.0003886239
E[P_neut(18)] = 0.0004056626
E[P_neut(19)] = 0.0004482224

---- Expected P_sel(i), 0 < i < n (selected SFS per site) 
E[P_sel(1)] = 0.0072488318
E[P_sel(2)] = 0.0028280039
E[P_sel(3)] = 0.0014959648
E[P_sel(4)] = 0.0009291438
E[P_sel(5)] = 0.0006565708
E[P_sel(6)] = 0.0005123070
E[P_sel(7)] = 0.0004138461
E[P_sel(8)] = 0.0003491324
E[P_sel(9)] = 0.0003005921
E[P_sel(10)] = 0.0002751756
E[P_sel(11)] = 0.0002464706
E[P_sel(12)] = 0.0002350317
E[P_sel(13)] = 0.0002209949
E[P_sel(14)] = 0.0002100982
E[P_sel(15)] = 0.0002080454
E[P_sel(16)] = 0.0002091923
E[P_sel(17)] = 0.0002181793
E[P_sel(18)] = 0.0002317165
E[P_sel(19)] = 0.0002633722

---- Expected D_neut and D_sel (neutral and selected divergence per site) 
E[D_neut] = 0.0198920820
E[D_sel] = 0.0125214749

---- Expected neutral and selected misattributed polymorphism per site
E[mis_neut] = 0.0005243949
E[mis_sel] = 0.0003157347

---- alpha_div = 0.253116
---- alpha_dfe = 0.252920

