---- Running command
---- ./polyDFE -d Mmc/767.polyDFE.config.txt -m C -e 
---- Performing inference using model C

---- Performing inference on Mmc/767.polyDFE.config.txt
---- No mutation variability. Using Poisson likelihood.


---- Calculating initial values

-- Starting local optimization
-- Optimizing all parameters
  it        eps_an        lambda     theta_bar           S_d             b           p_b           S_b           r 2           r 3           r 4           r 5           r 6           r 7           r 8           r 9          r 10          r 11          r 12          r 13          r 14          r 15          r 16          r 17          r 18          r 19          r 20           ln lk          grad status 
   0           0.1 0.01932518062 0.01133640943        -20000         0.208           0.1            20 0.87637914659 0.73696045613 0.64159869947 0.58809426339 0.55470920798 0.54298372639 0.54129880891 0.52704197664 0.55137357369 0.55609634155 0.59476094758 0.62786839597 0.66188244370 0.75501995004 0.86684842768 1.11959188802 1.58382793361             1             1 -1121333.562467 23237.9533480   -2 
 685 0.00136439491 0.01937588671 0.01013155314 -74.186421235 0.12649285749 0.02989997706 5.27819844965 0.86654859896 0.72364767232 0.62083708150 0.55790598779 0.52712702370 0.50853129252 0.49698451805 0.48231435116 0.49606474719 0.48533962582 0.51532170239 0.51819185458 0.52471459704 0.56236092139 0.58416636198 0.65402053392 0.70269303521 0.80496343332 1.02302092632 -269.2269633985 0.08243150638   -3 
-- Local optimization: stuck in the same solution
---- Best joint likelihood found -269.226963398556109 with gradient 0.08243

---- Results for Mmc/767.polyDFE.config.txt 
--  Model: C
--        eps_an        lambda     theta_bar             a 
-- 0.00136439491 0.01937588671 0.01013155314            -1 
--           S_d             b           p_b           S_b 
-- -74.186421235 0.12649285749 0.02989997706 5.27819844965 
--           r 2           r 3           r 4           r 5           r 6           r 7           r 8           r 9          r 10          r 11          r 12          r 13          r 14          r 15          r 16          r 17          r 18          r 19          r 20 
-- 0.86654859896 0.72364767232 0.62083708150 0.55790598779 0.52712702370 0.50853129252 0.49698451805 0.48231435116 0.49606474719 0.48533962582 0.51532170239 0.51819185458 0.52471459704 0.56236092139 0.58416636198 0.65402053392 0.70269303521 0.80496343332 1.02302092632 

---- Expected P_neut(i), 0 < i < n (neutral SFS per site) 
E[P_neut(1)] = 0.0101183154
E[P_neut(2)] = 0.0043842919
E[P_neut(3)] = 0.0024410890
E[P_neut(4)] = 0.0015708701
E[P_neut(5)] = 0.0011294666
E[P_neut(6)] = 0.0008894062
E[P_neut(7)] = 0.0007355770
E[P_neut(8)] = 0.0006291380
E[P_neut(9)] = 0.0005428239
E[P_neut(10)] = 0.0005025906
E[P_neut(11)] = 0.0004471531
E[P_neut(12)] = 0.0004353492
E[P_neut(13)] = 0.0004043062
E[P_neut(14)] = 0.0003804231
E[P_neut(15)] = 0.0003808635
E[P_neut(16)] = 0.0003715479
E[P_neut(17)] = 0.0003925817
E[P_neut(18)] = 0.0004009704
E[P_neut(19)] = 0.0004424762

---- Expected P_sel(i), 0 < i < n (selected SFS per site) 
E[P_sel(1)] = 0.0072443772
E[P_sel(2)] = 0.0028323579
E[P_sel(3)] = 0.0014982636
E[P_sel(4)] = 0.0009335988
E[P_sel(5)] = 0.0006562734
E[P_sel(6)] = 0.0005082067
E[P_sel(7)] = 0.0004149877
E[P_sel(8)] = 0.0003514987
E[P_sel(9)] = 0.0003010664
E[P_sel(10)] = 0.0002773005
E[P_sel(11)] = 0.0002459063
E[P_sel(12)] = 0.0002390836
E[P_sel(13)] = 0.0002221629
E[P_sel(14)] = 0.0002096067
E[P_sel(15)] = 0.0002109335
E[P_sel(16)] = 0.0002074515
E[P_sel(17)] = 0.0002218115
E[P_sel(18)] = 0.0002304841
E[P_sel(19)] = 0.0002613693

---- Expected D_neut and D_sel (neutral and selected divergence per site) 
E[D_neut] = 0.0198941263
E[D_sel] = 0.0125242151

---- Expected neutral and selected misattributed polymorphism per site
E[mis_neut] = 0.0005182395
E[mis_sel] = 0.0003132758

---- alpha_div = 0.262127
---- alpha_dfe = 0.261954

