---- Running command
---- ./polyDFE -d Mmc/768.polyDFE.config.txt -m C -e 
---- Performing inference using model C

---- Performing inference on Mmc/768.polyDFE.config.txt
---- No mutation variability. Using Poisson likelihood.


---- Calculating initial values

-- Starting local optimization
-- Optimizing all parameters
  it        eps_an        lambda     theta_bar           S_d             b           p_b           S_b           r 2           r 3           r 4           r 5           r 6           r 7           r 8           r 9          r 10          r 11          r 12          r 13          r 14          r 15          r 16          r 17          r 18          r 19          r 20           ln lk          grad status 
   0           0.1 0.01928790059 0.01138068760        -20000         0.208           0.1            20 0.86855791682 0.73154579072 0.64443758018 0.58537233141 0.55471234817 0.53702320511 0.53696814461 0.53095537377 0.55279319782 0.55350714460 0.59039572706 0.62418021020 0.67087913917 0.76011653338 0.85489691206 1.10458578610 1.56866834989             1             1 -1114878.945623 23179.1726320   -2 
 780 0.00091909943 0.01931973041 0.01015409453 -81.430436264 0.12262705655 0.02387636497 6.50926882113 0.86378535142 0.71924474445 0.62305008380 0.55647277521 0.52740010494 0.50278628961 0.49648023453 0.48456704533 0.49691786024 0.48331411384 0.50908454676 0.51626403360 0.52771933794 0.56655875357 0.58331934747 0.64648177409 0.70699744523 0.81381579629 1.06098564977 -286.1641067707 0.03751302707   -3 
-- Local optimization: stuck in the same solution
---- Best joint likelihood found -286.164106770709623 with gradient 0.03751

---- Results for Mmc/768.polyDFE.config.txt 
--  Model: C
--        eps_an        lambda     theta_bar             a 
-- 0.00091909943 0.01931973041 0.01015409453            -1 
--           S_d             b           p_b           S_b 
-- -81.430436264 0.12262705655 0.02387636497 6.50926882113 
--           r 2           r 3           r 4           r 5           r 6           r 7           r 8           r 9          r 10          r 11          r 12          r 13          r 14          r 15          r 16          r 17          r 18          r 19          r 20 
-- 0.86378535142 0.71924474445 0.62305008380 0.55647277521 0.52740010494 0.50278628961 0.49648023453 0.48456704533 0.49691786024 0.48331411384 0.50908454676 0.51626403360 0.52771933794 0.56655875357 0.58331934747 0.64648177409 0.70699744523 0.81381579629 1.06098564977 

---- Expected P_neut(i), 0 < i < n (neutral SFS per site) 
E[P_neut(1)] = 0.0101451617
E[P_neut(2)] = 0.0043818149
E[P_neut(3)] = 0.0024325438
E[P_neut(4)] = 0.0015805139
E[P_neut(5)] = 0.0011294093
E[P_neut(6)] = 0.0008920765
E[P_neut(7)] = 0.0007290345
E[P_neut(8)] = 0.0006299801
E[P_neut(9)] = 0.0005466120
E[P_neut(10)] = 0.0005045751
E[P_neut(11)] = 0.0004462394
E[P_neut(12)] = 0.0004309576
E[P_neut(13)] = 0.0004035454
E[P_neut(14)] = 0.0003832194
E[P_neut(15)] = 0.0003842122
E[P_neut(16)] = 0.0003713059
E[P_neut(17)] = 0.0003880259
E[P_neut(18)] = 0.0004024930
E[P_neut(19)] = 0.0004438572

---- Expected P_sel(i), 0 < i < n (selected SFS per site) 
E[P_sel(1)] = 0.0072223424
E[P_sel(2)] = 0.0028172711
E[P_sel(3)] = 0.0014867709
E[P_sel(4)] = 0.0009356317
E[P_sel(5)] = 0.0006536822
E[P_sel(6)] = 0.0005076929
E[P_sel(7)] = 0.0004095633
E[P_sel(8)] = 0.0003503793
E[P_sel(9)] = 0.0003016822
E[P_sel(10)] = 0.0002769056
E[P_sel(11)] = 0.0002439646
E[P_sel(12)] = 0.0002351500
E[P_sel(13)] = 0.0002201852
E[P_sel(14)] = 0.0002095323
E[P_sel(15)] = 0.0002110360
E[P_sel(16)] = 0.0002055088
E[P_sel(17)] = 0.0002172669
E[P_sel(18)] = 0.0002292902
E[P_sel(19)] = 0.0002598808

---- Expected D_neut and D_sel (neutral and selected divergence per site) 
E[D_neut] = 0.0198583978
E[D_sel] = 0.0125301914

---- Expected neutral and selected misattributed polymorphism per site
E[mis_neut] = 0.0005386674
E[mis_sel] = 0.0003243275

---- alpha_div = 0.253902
---- alpha_dfe = 0.253776

