---- Running command
---- ./polyDFE -d Mmc/769.polyDFE.config.txt -m C -e 
---- Performing inference using model C

---- Performing inference on Mmc/769.polyDFE.config.txt
---- No mutation variability. Using Poisson likelihood.


---- Calculating initial values

-- Starting local optimization
-- Optimizing all parameters
  it        eps_an        lambda     theta_bar           S_d             b           p_b           S_b           r 2           r 3           r 4           r 5           r 6           r 7           r 8           r 9          r 10          r 11          r 12          r 13          r 14          r 15          r 16          r 17          r 18          r 19          r 20           ln lk          grad status 
   0           0.1 0.01926943603 0.01138220553        -20000         0.208           0.1            20 0.87125877334 0.73279824296 0.64283737950 0.58304986125 0.56235657203 0.53538980876 0.54106432540 0.53087982292 0.55308728419 0.55791024242 0.59703882693 0.61703349894 0.67638341567 0.74336082958 0.86193138393 1.10811879397 1.57584273218             1             1 -1115071.282617 23136.4881324   -2 
 273 0.00361631555 0.01931840013 0.01021114099 -105.85465516 0.10547832684 0.00323496496 38.0328686954 0.86089999203 0.71422680957 0.61573440383 0.55040859514 0.52864343620 0.50218112583 0.49487621591 0.48367390284 0.49130016414 0.48234426031  0.5119639309 0.50729505849 0.53050396568 0.55354452966 0.58790209501 0.64579168691 0.69686392769 0.77581069429 1.01452940819 -309.8770495934 0.15327334355   -3 
-- Local optimization: stuck in the same solution
---- Best joint likelihood found -309.877049593487754 with gradient 0.15327

---- Results for Mmc/769.polyDFE.config.txt 
--  Model: C
--        eps_an        lambda     theta_bar             a 
-- 0.00361631555 0.01931840013 0.01021114099            -1 
--           S_d             b           p_b           S_b 
-- -105.85465516 0.10547832684 0.00323496496 38.0328686954 
--           r 2           r 3           r 4           r 5           r 6           r 7           r 8           r 9          r 10          r 11          r 12          r 13          r 14          r 15          r 16          r 17          r 18          r 19          r 20 
-- 0.86089999203 0.71422680957 0.61573440383 0.55040859514 0.52864343620 0.50218112583 0.49487621591 0.48367390284 0.49130016414 0.48234426031  0.5119639309 0.50729505849 0.53050396568 0.55354452966 0.58790209501 0.64579168691 0.69686392769 0.77581069429 1.01452940819 

---- Expected P_neut(i), 0 < i < n (neutral SFS per site) 
E[P_neut(1)] = 0.0101757221
E[P_neut(2)] = 0.0043809201
E[P_neut(3)] = 0.0024236350
E[P_neut(4)] = 0.0015675103
E[P_neut(5)] = 0.0011213577
E[P_neut(6)] = 0.0008978212
E[P_neut(7)] = 0.0007313407
E[P_neut(8)] = 0.0006309475
E[P_neut(9)] = 0.0005483972
E[P_neut(10)] = 0.0005016735
E[P_neut(11)] = 0.0004481185
E[P_neut(12)] = 0.0004363535
E[P_neut(13)] = 0.0003996744
E[P_neut(14)] = 0.0003887864
E[P_neut(15)] = 0.0003795237
E[P_neut(16)] = 0.0003795244
E[P_neut(17)] = 0.0003952868
E[P_neut(18)] = 0.0004097864
E[P_neut(19)] = 0.0004523617

---- Expected P_sel(i), 0 < i < n (selected SFS per site) 
E[P_sel(1)] = 0.0072367616
E[P_sel(2)] = 0.0028358773
E[P_sel(3)] = 0.0014970204
E[P_sel(4)] = 0.0009393366
E[P_sel(5)] = 0.0006573063
E[P_sel(6)] = 0.0005172960
E[P_sel(7)] = 0.0004155214
E[P_sel(8)] = 0.0003543189
E[P_sel(9)] = 0.0003049246
E[P_sel(10)] = 0.0002765842
E[P_sel(11)] = 0.0002452700
E[P_sel(12)] = 0.0002373659
E[P_sel(13)] = 0.0002163205
E[P_sel(14)] = 0.0002096212
E[P_sel(15)] = 0.0002041409
E[P_sel(16)] = 0.0002040927
E[P_sel(17)] = 0.0002132775
E[P_sel(18)] = 0.0002236551
E[P_sel(19)] = 0.0002568682

---- Expected D_neut and D_sel (neutral and selected divergence per site) 
E[D_neut] = 0.0198363753
E[D_sel] = 0.0125355395

---- Expected neutral and selected misattributed polymorphism per site
E[mis_neut] = 0.0005179751
E[mis_sel] = 0.0002958863

---- alpha_div = 0.194212
---- alpha_dfe = 0.194404

