---- Running command
---- ./polyDFE -d Mmc/77.polyDFE.config.txt -m C -e 
---- Performing inference using model C

---- Performing inference on Mmc/77.polyDFE.config.txt
---- No mutation variability. Using Poisson likelihood.


---- Calculating initial values

-- Starting local optimization
-- Optimizing all parameters
  it        eps_an        lambda     theta_bar           S_d             b           p_b           S_b           r 2           r 3           r 4           r 5           r 6           r 7           r 8           r 9          r 10          r 11          r 12          r 13          r 14          r 15          r 16          r 17          r 18          r 19          r 20           ln lk          grad status 
   0           0.1 0.01928042219 0.01132354578        -20000         0.208           0.1            20 0.87558183572 0.73913680733 0.64221625373 0.58078127906 0.56114693984 0.54197016035 0.54336434159 0.52935888945 0.55260875418 0.56043978867 0.58977975904 0.62251526044 0.67030003191 0.74755705602 0.86008924611 1.11812018525 1.58870234231             1             1 -1116287.908721 23172.1849076   -2 
1779 0.00096512043 0.01940321872 0.01011700741 -71.221225661 0.12788732748 0.02661321894 6.01614650754 0.86514984687 0.72515047880 0.62115355071 0.55636571216 0.53284181393 0.50728836350 0.50100614075 0.48470422537 0.49348030595 0.48901161579 0.50894232866 0.51125556186 0.52895638241 0.55467068353 0.58501000021 0.65180659838 0.71281105288 0.82788074631 0.87849831243 -260.1569966658 0.01899072817   -3 
-- Local optimization: stuck in the same solution
---- Best joint likelihood found -260.156996665871702 with gradient 0.01899

---- Results for Mmc/77.polyDFE.config.txt 
--  Model: C
--        eps_an        lambda     theta_bar             a 
-- 0.00096512043 0.01940321872 0.01011700741            -1 
--           S_d             b           p_b           S_b 
-- -71.221225661 0.12788732748 0.02661321894 6.01614650754 
--           r 2           r 3           r 4           r 5           r 6           r 7           r 8           r 9          r 10          r 11          r 12          r 13          r 14          r 15          r 16          r 17          r 18          r 19          r 20 
-- 0.86514984687 0.72515047880 0.62115355071 0.55636571216 0.53284181393 0.50728836350 0.50100614075 0.48470422537 0.49348030595 0.48901161579 0.50894232866 0.51125556186 0.52895638241 0.55467068353 0.58501000021 0.65180659838 0.71281105288 0.82788074631 0.87849831243 

---- Expected P_neut(i), 0 < i < n (neutral SFS per site) 
E[P_neut(1)] = 0.0101076687
E[P_neut(2)] = 0.0043725267
E[P_neut(3)] = 0.0024434651
E[P_neut(4)] = 0.0015698945
E[P_neut(5)] = 0.0011250258
E[P_neut(6)] = 0.0008979626
E[P_neut(7)] = 0.0007328536
E[P_neut(8)] = 0.0006333880
E[P_neut(9)] = 0.0005447700
E[P_neut(10)] = 0.0004992544
E[P_neut(11)] = 0.0004498494
E[P_neut(12)] = 0.0004292785
E[P_neut(13)] = 0.0003981987
E[P_neut(14)] = 0.0003827450
E[P_neut(15)] = 0.0003748326
E[P_neut(16)] = 0.0003710687
E[P_neut(17)] = 0.0003898877
E[P_neut(18)] = 0.0004044768
E[P_neut(19)] = 0.0004501637

---- Expected P_sel(i), 0 < i < n (selected SFS per site) 
E[P_sel(1)] = 0.0072403841
E[P_sel(2)] = 0.0028222903
E[P_sel(3)] = 0.0014969391
E[P_sel(4)] = 0.0009305870
E[P_sel(5)] = 0.0006515797
E[P_sel(6)] = 0.0005111520
E[P_sel(7)] = 0.0004116737
E[P_sel(8)] = 0.0003521813
E[P_sel(9)] = 0.0003005617
E[P_sel(10)] = 0.0002738931
E[P_sel(11)] = 0.0002458765
E[P_sel(12)] = 0.0002342129
E[P_sel(13)] = 0.0002172993
E[P_sel(14)] = 0.0002093660
E[P_sel(15)] = 0.0002060501
E[P_sel(16)] = 0.0002056249
E[P_sel(17)] = 0.0002186628
E[P_sel(18)] = 0.0002308741
E[P_sel(19)] = 0.0002641178

---- Expected D_neut and D_sel (neutral and selected divergence per site) 
E[D_neut] = 0.0198476074
E[D_sel] = 0.0125296513

---- Expected neutral and selected misattributed polymorphism per site
E[mis_neut] = 0.0004443887
E[mis_sel] = 0.0002680090

---- alpha_div = 0.262679
---- alpha_dfe = 0.262596

