---- Running command
---- ./polyDFE -d Mmc/770.polyDFE.config.txt -m C -e 
---- Performing inference using model C

---- Performing inference on Mmc/770.polyDFE.config.txt
---- No mutation variability. Using Poisson likelihood.


---- Calculating initial values

-- Starting local optimization
-- Optimizing all parameters
  it        eps_an        lambda     theta_bar           S_d             b           p_b           S_b           r 2           r 3           r 4           r 5           r 6           r 7           r 8           r 9          r 10          r 11          r 12          r 13          r 14          r 15          r 16          r 17          r 18          r 19          r 20           ln lk          grad status 
   0           0.1 0.01929006343 0.01133041455        -20000         0.208           0.1            20 0.87998520936 0.73323694598 0.64659149762 0.58396318613 0.55458996235 0.53646430873 0.53486986938 0.53822941048 0.55254800018 0.55950153705 0.60124076809 0.62388416401 0.66935145372 0.75459049631 0.86441982405 1.11556364511 1.58499944959             1             1 -1119749.876313 23222.4753556   -2 
 792 0.00083765146 0.01929089106 0.01012453046 -80.192367288 0.11973302595 0.01711368739 8.52304092953 0.86820479406 0.72135503001 0.62121391468 0.55772370516 0.52996647897 0.50387042303 0.49498380613 0.49093607278 0.49180630198 0.48725059014 0.51510522869 0.51534644839 0.53176429844 0.56382299538 0.58929159802 0.65551921876 0.70775007953 0.82493566500 1.12160978028 -273.9819878218 0.04773990724   -3 
-- Local optimization: stuck in the same solution
---- Best joint likelihood found -273.981987821825896 with gradient 0.04774

---- Results for Mmc/770.polyDFE.config.txt 
--  Model: C
--        eps_an        lambda     theta_bar             a 
-- 0.00083765146 0.01929089106 0.01012453046            -1 
--           S_d             b           p_b           S_b 
-- -80.192367288 0.11973302595 0.01711368739 8.52304092953 
--           r 2           r 3           r 4           r 5           r 6           r 7           r 8           r 9          r 10          r 11          r 12          r 13          r 14          r 15          r 16          r 17          r 18          r 19          r 20 
-- 0.86820479406 0.72135503001 0.62121391468 0.55772370516 0.52996647897 0.50387042303 0.49498380613 0.49093607278 0.49180630198 0.48725059014 0.51510522869 0.51534644839 0.53176429844 0.56382299538 0.58929159802 0.65551921876 0.70775007953 0.82493566500 1.12160978028 

---- Expected P_neut(i), 0 < i < n (neutral SFS per site) 
E[P_neut(1)] = 0.0101164179
E[P_neut(2)] = 0.0043917349
E[P_neut(3)] = 0.0024327481
E[P_neut(4)] = 0.0015713701
E[P_neut(5)] = 0.0011287109
E[P_neut(6)] = 0.0008938500
E[P_neut(7)] = 0.0007285045
E[P_neut(8)] = 0.0006262741
E[P_neut(9)] = 0.0005521905
E[P_neut(10)] = 0.0004979308
E[P_neut(11)] = 0.0004485582
E[P_neut(12)] = 0.0004347606
E[P_neut(13)] = 0.0004016313
E[P_neut(14)] = 0.0003849887
E[P_neut(15)] = 0.0003811901
E[P_neut(16)] = 0.0003738985
E[P_neut(17)] = 0.0003921136
E[P_neut(18)] = 0.0004014390
E[P_neut(19)] = 0.0004476961

---- Expected P_sel(i), 0 < i < n (selected SFS per site) 
E[P_sel(1)] = 0.0072299509
E[P_sel(2)] = 0.0028374113
E[P_sel(3)] = 0.0014944045
E[P_sel(4)] = 0.0009347826
E[P_sel(5)] = 0.0006562688
E[P_sel(6)] = 0.0005107950
E[P_sel(7)] = 0.0004107122
E[P_sel(8)] = 0.0003493098
E[P_sel(9)] = 0.0003053864
E[P_sel(10)] = 0.0002735722
E[P_sel(11)] = 0.0002452622
E[P_sel(12)] = 0.0002369822
E[P_sel(13)] = 0.0002186382
E[P_sel(14)] = 0.0002097240
E[P_sel(15)] = 0.0002082927
E[P_sel(16)] = 0.0002055558
E[P_sel(17)] = 0.0002177702
E[P_sel(18)] = 0.0002266167
E[P_sel(19)] = 0.0002599559

---- Expected D_neut and D_sel (neutral and selected divergence per site) 
E[D_neut] = 0.0198586797
E[D_sel] = 0.0125144821

---- Expected neutral and selected misattributed polymorphism per site
E[mis_neut] = 0.0005677886
E[mis_sel] = 0.0003392765

---- alpha_div = 0.235748
---- alpha_dfe = 0.235567

