---- Running command
---- ./polyDFE -d Mmc/771.polyDFE.config.txt -m C -e 
---- Performing inference using model C

---- Performing inference on Mmc/771.polyDFE.config.txt
---- No mutation variability. Using Poisson likelihood.


---- Calculating initial values

-- Starting local optimization
-- Optimizing all parameters
  it        eps_an        lambda     theta_bar           S_d             b           p_b           S_b           r 2           r 3           r 4           r 5           r 6           r 7           r 8           r 9          r 10          r 11          r 12          r 13          r 14          r 15          r 16          r 17          r 18          r 19          r 20           ln lk          grad status 
   0           0.1 0.01927554081 0.01135017770        -20000         0.208           0.1            20 0.87377440227 0.73591775694 0.64330245138 0.58450810659 0.56042295160 0.53765317733 0.54476078219 0.53714921875 0.55202862957 0.56373404880 0.59298284242 0.63223744051 0.66683252226 0.74315846850 0.86029827384 1.11595241563 1.57775249038             1             1 -1115261.210855 23163.9691602   -2 
1178 0.00089557479 0.01930783249 0.01013230439 -72.674671013 0.12938079360 0.03020252742 5.44107073550 0.86647228278 0.72270801911 0.62262760389 0.55878523431 0.52977870770 0.50753453497 0.49928933190 0.48867240108 0.49738621989 0.49366267592 0.51207383256 0.51944163082 0.52566290910 0.55328711609 0.58467532095 0.65214873205 0.70992019966 0.81661118244 1.05935428378 -277.8570005449 0.01636806627   -8 
-- Local optimization: reached maximum number of likelihood evaluations allowed.
---- Best joint likelihood found -277.857000544900075 with gradient 0.01637

---- Results for Mmc/771.polyDFE.config.txt 
--  Model: C
--        eps_an        lambda     theta_bar             a 
-- 0.00089557479 0.01930783249 0.01013230439            -1 
--           S_d             b           p_b           S_b 
-- -72.674671013 0.12938079360 0.03020252742 5.44107073550 
--           r 2           r 3           r 4           r 5           r 6           r 7           r 8           r 9          r 10          r 11          r 12          r 13          r 14          r 15          r 16          r 17          r 18          r 19          r 20 
-- 0.86647228278 0.72270801911 0.62262760389 0.55878523431 0.52977870770 0.50753453497 0.49928933190 0.48867240108 0.49738621989 0.49366267592 0.51207383256 0.51944163082 0.52566290910 0.55328711609 0.58467532095 0.65214873205 0.70992019966 0.81661118244 1.05935428378 

---- Expected P_neut(i), 0 < i < n (neutral SFS per site) 
E[P_neut(1)] = 0.0101236202
E[P_neut(2)] = 0.0043861071
E[P_neut(3)] = 0.0024390613
E[P_neut(4)] = 0.0015760822
E[P_neut(5)] = 0.0011316770
E[P_neut(6)] = 0.0008941860
E[P_neut(7)] = 0.0007343467
E[P_neut(8)] = 0.0006321898
E[P_neut(9)] = 0.0005500676
E[P_neut(10)] = 0.0005039669
E[P_neut(11)] = 0.0004548073
E[P_neut(12)] = 0.0004325531
E[P_neut(13)] = 0.0004051523
E[P_neut(14)] = 0.0003809017
E[P_neut(15)] = 0.0003744176
E[P_neut(16)] = 0.0003713376
E[P_neut(17)] = 0.0003905302
E[P_neut(18)] = 0.0004031916
E[P_neut(19)] = 0.0004441660

---- Expected P_sel(i), 0 < i < n (selected SFS per site) 
E[P_sel(1)] = 0.0072293916
E[P_sel(2)] = 0.0028207215
E[P_sel(3)] = 0.0014886564
E[P_sel(4)] = 0.0009308336
E[P_sel(5)] = 0.0006531385
E[P_sel(6)] = 0.0005073352
E[P_sel(7)] = 0.0004112745
E[P_sel(8)] = 0.0003505725
E[P_sel(9)] = 0.0003027808
E[P_sel(10)] = 0.0002759493
E[P_sel(11)] = 0.0002482217
E[P_sel(12)] = 0.0002357684
E[P_sel(13)] = 0.0002209933
E[P_sel(14)] = 0.0002083784
E[P_sel(15)] = 0.0002059591
E[P_sel(16)] = 0.0002060224
E[P_sel(17)] = 0.0002193852
E[P_sel(18)] = 0.0002305672
E[P_sel(19)] = 0.0002609475

---- Expected D_neut and D_sel (neutral and selected divergence per site) 
E[D_neut] = 0.0198445175
E[D_sel] = 0.0125128039

---- Expected neutral and selected misattributed polymorphism per site
E[mis_neut] = 0.0005366850
E[mis_sel] = 0.0003240497

---- alpha_div = 0.271795
---- alpha_dfe = 0.271675

