---- Running command
---- ./polyDFE -d Mmc/772.polyDFE.config.txt -m C -e 
---- Performing inference using model C

---- Performing inference on Mmc/772.polyDFE.config.txt
---- No mutation variability. Using Poisson likelihood.


---- Calculating initial values

-- Starting local optimization
-- Optimizing all parameters
  it        eps_an        lambda     theta_bar           S_d             b           p_b           S_b           r 2           r 3           r 4           r 5           r 6           r 7           r 8           r 9          r 10          r 11          r 12          r 13          r 14          r 15          r 16          r 17          r 18          r 19          r 20           ln lk          grad status 
   0           0.1 0.01929036183 0.01138988533        -20000         0.208           0.1            20 0.87203304387 0.73355016882 0.64273650766 0.58800689577 0.55458078879 0.54198317978 0.53314803893 0.52509414093 0.54931149928 0.55430780260 0.59117061214 0.62531560366 0.66552237889 0.74049452393 0.86353284067 1.10181602952 1.57726429976             1             1 -1115108.007376 23155.1300836   -2 
 486 0.00170310232 0.01934086749 0.01017973645 -85.023203105 0.11936949129 0.02028585281 7.41152325270 0.86416061010 0.72019872866 0.61999916665 0.55943544757 0.52765931260 0.50697254132 0.49275082895 0.47953847064 0.49265316490 0.48207575794 0.51020560762 0.51445154163 0.52081426184 0.55129614841 0.58495091302 0.63492272724 0.70730578119 0.79417994939 1.01993395969 -274.9280103157 0.15642371555   -8 
-- Local optimization: reached maximum number of likelihood evaluations allowed.
---- Best joint likelihood found -274.928010315779829 with gradient 0.15642

---- Results for Mmc/772.polyDFE.config.txt 
--  Model: C
--        eps_an        lambda     theta_bar             a 
-- 0.00170310232 0.01934086749 0.01017973645            -1 
--           S_d             b           p_b           S_b 
-- -85.023203105 0.11936949129 0.02028585281 7.41152325270 
--           r 2           r 3           r 4           r 5           r 6           r 7           r 8           r 9          r 10          r 11          r 12          r 13          r 14          r 15          r 16          r 17          r 18          r 19          r 20 
-- 0.86416061010 0.72019872866 0.61999916665 0.55943544757 0.52765931260 0.50697254132 0.49275082895 0.47953847064 0.49265316490 0.48207575794 0.51020560762 0.51445154163 0.52081426184 0.55129614841 0.58495091302 0.63492272724 0.70730578119 0.79417994939 1.01993395969 

---- Expected P_neut(i), 0 < i < n (neutral SFS per site) 
E[P_neut(1)] = 0.0101631240
E[P_neut(2)] = 0.0043916539
E[P_neut(3)] = 0.0024402965
E[P_neut(4)] = 0.0015758036
E[P_neut(5)] = 0.0011376785
E[P_neut(6)] = 0.0008943591
E[P_neut(7)] = 0.0007366943
E[P_neut(8)] = 0.0006266785
E[P_neut(9)] = 0.0005422333
E[P_neut(10)] = 0.0005015079
E[P_neut(11)] = 0.0004462916
E[P_neut(12)] = 0.0004331440
E[P_neut(13)] = 0.0004034143
E[P_neut(14)] = 0.0003795763
E[P_neut(15)] = 0.0003754392
E[P_neut(16)] = 0.0003742188
E[P_neut(17)] = 0.0003837114
E[P_neut(18)] = 0.0004068201
E[P_neut(19)] = 0.0004421147

---- Expected P_sel(i), 0 < i < n (selected SFS per site) 
E[P_sel(1)] = 0.0072348402
E[P_sel(2)] = 0.0028276226
E[P_sel(3)] = 0.0014947641
E[P_sel(4)] = 0.0009352354
E[P_sel(5)] = 0.0006602692
E[P_sel(6)] = 0.0005103994
E[P_sel(7)] = 0.0004149791
E[P_sel(8)] = 0.0003494223
E[P_sel(9)] = 0.0002999477
E[P_sel(10)] = 0.0002757622
E[P_sel(11)] = 0.0002443768
E[P_sel(12)] = 0.0002366062
E[P_sel(13)] = 0.0002202438
E[P_sel(14)] = 0.0002075433
E[P_sel(15)] = 0.0002060946
E[P_sel(16)] = 0.0002068755
E[P_sel(17)] = 0.0002145119
E[P_sel(18)] = 0.0002314408
E[P_sel(19)] = 0.0002593732

---- Expected D_neut and D_sel (neutral and selected divergence per site) 
E[D_neut] = 0.0198600004
E[D_sel] = 0.0125456827

---- Expected neutral and selected misattributed polymorphism per site
E[mis_neut] = 0.0005191329
E[mis_sel] = 0.0003120120

---- alpha_div = 0.243645
---- alpha_dfe = 0.243627

