---- Running command
---- ./polyDFE -d Mmc/773.polyDFE.config.txt -m C -e 
---- Performing inference using model C

---- Performing inference on Mmc/773.polyDFE.config.txt
---- No mutation variability. Using Poisson likelihood.


---- Calculating initial values

-- Starting local optimization
-- Optimizing all parameters
  it        eps_an        lambda     theta_bar           S_d             b           p_b           S_b           r 2           r 3           r 4           r 5           r 6           r 7           r 8           r 9          r 10          r 11          r 12          r 13          r 14          r 15          r 16          r 17          r 18          r 19          r 20           ln lk          grad status 
   0           0.1 0.01928278991 0.01136682903        -20000         0.208           0.1            20 0.87075823146 0.73806047626 0.63860833284 0.58116338081 0.55841104352 0.54094714383 0.53573892684 0.53319030647 0.56077191390 0.55818610590 0.59332389121 0.62043545264 0.66888786878 0.75389395381 0.85992888605 1.10710027376 1.56739898240             1             1 -1117154.211936 23169.5026365   -2 
1047 0.00079921679 0.01928127269 0.01014854700 -77.719856406 0.12317297392 0.02326904056  6.5962321619 0.86358939091 0.72310309350 0.61720372108 0.55483857077 0.53177962921 0.50773175352 0.49415812132 0.49067794924 0.49967946719 0.48366087879 0.51286246302 0.51245672975 0.52661637135 0.56122279940 0.58825882138 0.64584047343 0.70049924603 0.82454578876 1.12591459553 -272.6701090676 0.03268518761   -8 
-- Local optimization: reached maximum number of likelihood evaluations allowed.
---- Best joint likelihood found -272.670109067636076 with gradient 0.03269

---- Results for Mmc/773.polyDFE.config.txt 
--  Model: C
--        eps_an        lambda     theta_bar             a 
-- 0.00079921679 0.01928127269 0.01014854700            -1 
--           S_d             b           p_b           S_b 
-- -77.719856406 0.12317297392 0.02326904056  6.5962321619 
--           r 2           r 3           r 4           r 5           r 6           r 7           r 8           r 9          r 10          r 11          r 12          r 13          r 14          r 15          r 16          r 17          r 18          r 19          r 20 
-- 0.86358939091 0.72310309350 0.61720372108 0.55483857077 0.53177962921 0.50773175352 0.49415812132 0.49067794924 0.49967946719 0.48366087879 0.51286246302 0.51245672975 0.52661637135 0.56122279940 0.58825882138 0.64584047343 0.70049924603 0.82454578876 1.12591459553 

---- Expected P_neut(i), 0 < i < n (neutral SFS per site) 
E[P_neut(1)] = 0.0101407881
E[P_neut(2)] = 0.0043789022
E[P_neut(3)] = 0.0024445017
E[P_neut(4)] = 0.0015649769
E[P_neut(5)] = 0.0011255645
E[P_neut(6)] = 0.0008990513
E[P_neut(7)] = 0.0007358371
E[P_neut(8)] = 0.0006267190
E[P_neut(9)] = 0.0005532109
E[P_neut(10)] = 0.0005071021
E[P_neut(11)] = 0.0004463088
E[P_neut(12)] = 0.0004338884
E[P_neut(13)] = 0.0004003217
E[P_neut(14)] = 0.0003821560
E[P_neut(15)] = 0.0003803030
E[P_neut(16)] = 0.0003740766
E[P_neut(17)] = 0.0003871964
E[P_neut(18)] = 0.0003981338
E[P_neut(19)] = 0.0004481769

---- Expected P_sel(i), 0 < i < n (selected SFS per site) 
E[P_sel(1)] = 0.0072455719
E[P_sel(2)] = 0.0028252125
E[P_sel(3)] = 0.0014988895
E[P_sel(4)] = 0.0009292087
E[P_sel(5)] = 0.0006532822
E[P_sel(6)] = 0.0005130062
E[P_sel(7)] = 0.0004144020
E[P_sel(8)] = 0.0003493665
E[P_sel(9)] = 0.0003059762
E[P_sel(10)] = 0.0002788403
E[P_sel(11)] = 0.0002444405
E[P_sel(12)] = 0.0002371306
E[P_sel(13)] = 0.0002187353
E[P_sel(14)] = 0.0002092016
E[P_sel(15)] = 0.0002090902
E[P_sel(16)] = 0.0002071862
E[P_sel(17)] = 0.0002168898
E[P_sel(18)] = 0.0002268160
E[P_sel(19)] = 0.0002622355

---- Expected D_neut and D_sel (neutral and selected divergence per site) 
E[D_neut] = 0.0198525926
E[D_sel] = 0.0125180599

---- Expected neutral and selected misattributed polymorphism per site
E[mis_neut] = 0.0005713199
E[mis_sel] = 0.0003438428

---- alpha_div = 0.250718
---- alpha_dfe = 0.250594

