---- Running command
---- ./polyDFE -d Mmc/774.polyDFE.config.txt -m C -e 
---- Performing inference using model C

---- Performing inference on Mmc/774.polyDFE.config.txt
---- No mutation variability. Using Poisson likelihood.


---- Calculating initial values

-- Starting local optimization
-- Optimizing all parameters
  it        eps_an        lambda     theta_bar           S_d             b           p_b           S_b           r 2           r 3           r 4           r 5           r 6           r 7           r 8           r 9          r 10          r 11          r 12          r 13          r 14          r 15          r 16          r 17          r 18          r 19          r 20           ln lk          grad status 
   0           0.1 0.01927385659 0.01132304972        -20000         0.208           0.1            20 0.87600865131 0.73366267723 0.64454325569 0.58367632359 0.55819185771 0.54518267324 0.54279638205 0.53472425518 0.55514911919 0.55918396652 0.59107062238 0.62349361398 0.67506046222 0.75342028387 0.86665202641 1.11760914509 1.59016141471             1             1 -1115607.815357 23158.1593626   -2 
 559 0.00291017903 0.01926744446 0.01012700297 -71.813101733 0.12584502370 0.02103524167 7.37793627329 0.86805155936 0.72007630270 0.62299601969 0.55601128583 0.52793345335 0.51038647607 0.50365350155 0.48674666592 0.49557551264 0.48858792142 0.51040645424 0.51370432426 0.52743537434 0.55985017669 0.59053232683 0.64896931398 0.70033894921 0.78466250373 1.13008897075 -273.5558883832 0.24261104677   -8 
-- Local optimization: reached maximum number of likelihood evaluations allowed.
---- Best joint likelihood found -273.555888383285492 with gradient 0.24261

---- Results for Mmc/774.polyDFE.config.txt 
--  Model: C
--        eps_an        lambda     theta_bar             a 
-- 0.00291017903 0.01926744446 0.01012700297            -1 
--           S_d             b           p_b           S_b 
-- -71.813101733 0.12584502370 0.02103524167 7.37793627329 
--           r 2           r 3           r 4           r 5           r 6           r 7           r 8           r 9          r 10          r 11          r 12          r 13          r 14          r 15          r 16          r 17          r 18          r 19          r 20 
-- 0.86805155936 0.72007630270 0.62299601969 0.55601128583 0.52793345335 0.51038647607 0.50365350155 0.48674666592 0.49557551264 0.48858792142 0.51040645424 0.51370432426 0.52743537434 0.55985017669 0.59053232683 0.64896931398 0.70033894921 0.78466250373 1.13008897075 

---- Expected P_neut(i), 0 < i < n (neutral SFS per site) 
E[P_neut(1)] = 0.0100987487
E[P_neut(2)] = 0.0043837357
E[P_neut(3)] = 0.0024247895
E[P_neut(4)] = 0.0015737682
E[P_neut(5)] = 0.0011239683
E[P_neut(6)] = 0.0008895811
E[P_neut(7)] = 0.0007373994
E[P_neut(8)] = 0.0006369607
E[P_neut(9)] = 0.0005474135
E[P_neut(10)] = 0.0005018695
E[P_neut(11)] = 0.0004500968
E[P_neut(12)] = 0.0004313425
E[P_neut(13)] = 0.0004011600
E[P_neut(14)] = 0.0003830071
E[P_neut(15)] = 0.0003801509
E[P_neut(16)] = 0.0003772726
E[P_neut(17)] = 0.0003925438
E[P_neut(18)] = 0.0004056633
E[P_neut(19)] = 0.0004464795

---- Expected P_sel(i), 0 < i < n (selected SFS per site) 
E[P_sel(1)] = 0.0072346143
E[P_sel(2)] = 0.0028305510
E[P_sel(3)] = 0.0014859701
E[P_sel(4)] = 0.0009329813
E[P_sel(5)] = 0.0006508274
E[P_sel(6)] = 0.0005060709
E[P_sel(7)] = 0.0004137802
E[P_sel(8)] = 0.0003535975
E[P_sel(9)] = 0.0003013549
E[P_sel(10)] = 0.0002745414
E[P_sel(11)] = 0.0002451339
E[P_sel(12)] = 0.0002343191
E[P_sel(13)] = 0.0002177903
E[P_sel(14)] = 0.0002082613
E[P_sel(15)] = 0.0002075659
E[P_sel(16)] = 0.0002075344
E[P_sel(17)] = 0.0002185275
E[P_sel(18)] = 0.0002302190
E[P_sel(19)] = 0.0002627400

---- Expected D_neut and D_sel (neutral and selected divergence per site) 
E[D_neut] = 0.0198396652
E[D_sel] = 0.0125176436

---- Expected neutral and selected misattributed polymorphism per site
E[mis_neut] = 0.0005722207
E[mis_sel] = 0.0003430343

---- alpha_div = 0.251771
---- alpha_dfe = 0.251794

