---- Running command
---- ./polyDFE -d Mmc/775.polyDFE.config.txt -m C -e 
---- Performing inference using model C

---- Performing inference on Mmc/775.polyDFE.config.txt
---- No mutation variability. Using Poisson likelihood.


---- Calculating initial values

-- Starting local optimization
-- Optimizing all parameters
  it        eps_an        lambda     theta_bar           S_d             b           p_b           S_b           r 2           r 3           r 4           r 5           r 6           r 7           r 8           r 9          r 10          r 11          r 12          r 13          r 14          r 15          r 16          r 17          r 18          r 19          r 20           ln lk          grad status 
   0           0.1 0.01929088768 0.01138201158        -20000         0.208           0.1            20 0.87014821116 0.73155740159 0.64307804188 0.58492608136 0.55929765406 0.53786525871 0.53748517124 0.52992451174 0.54933652438 0.54738709740 0.58920202886 0.62582268553 0.66597431145 0.75309179213 0.85935962972 1.10453701739 1.56973825993             1             1 -1117038.101287 23181.9445908   -2 
 864 0.00081444869 0.01926249054 0.01015916252 -81.060746456 0.12182907701 0.02370297613 6.42239174892 0.86368574369 0.71844293764 0.62188503041 0.55552407305 0.52957331074 0.50717853073 0.49600540650 0.48605945927 0.49354495048 0.48080628607 0.50926416730 0.51363566541 0.52584432325 0.55850538679 0.58450705786 0.64458329825 0.70952347404 0.82546452531 1.18107624760 -288.4233898511 0.13214000784   -8 
-- Local optimization: reached maximum number of likelihood evaluations allowed.
---- Best joint likelihood found -288.423389851188404 with gradient 0.13214

---- Results for Mmc/775.polyDFE.config.txt 
--  Model: C
--        eps_an        lambda     theta_bar             a 
-- 0.00081444869 0.01926249054 0.01015916252            -1 
--           S_d             b           p_b           S_b 
-- -81.060746456 0.12182907701 0.02370297613 6.42239174892 
--           r 2           r 3           r 4           r 5           r 6           r 7           r 8           r 9          r 10          r 11          r 12          r 13          r 14          r 15          r 16          r 17          r 18          r 19          r 20 
-- 0.86368574369 0.71844293764 0.62188503041 0.55552407305 0.52957331074 0.50717853073 0.49600540650 0.48605945927 0.49354495048 0.48080628607 0.50926416730 0.51363566541 0.52584432325 0.55850538679 0.58450705786 0.64458329825 0.70952347404 0.82546452531 1.18107624760 

---- Expected P_neut(i), 0 < i < n (neutral SFS per site) 
E[P_neut(1)] = 0.0101512479
E[P_neut(2)] = 0.0043839150
E[P_neut(3)] = 0.0024312584
E[P_neut(4)] = 0.0015784737
E[P_neut(5)] = 0.0011281207
E[P_neut(6)] = 0.0008962507
E[P_neut(7)] = 0.0007358002
E[P_neut(8)] = 0.0006297131
E[P_neut(9)] = 0.0005485767
E[P_neut(10)] = 0.0005014003
E[P_neut(11)] = 0.0004441388
E[P_neut(12)] = 0.0004313033
E[P_neut(13)] = 0.0004016655
E[P_neut(14)] = 0.0003820008
E[P_neut(15)] = 0.0003788744
E[P_neut(16)] = 0.0003721155
E[P_neut(17)] = 0.0003868693
E[P_neut(18)] = 0.0004037005
E[P_neut(19)] = 0.0004492846

---- Expected P_sel(i), 0 < i < n (selected SFS per site) 
E[P_sel(1)] = 0.0072402193
E[P_sel(2)] = 0.0028256794
E[P_sel(3)] = 0.0014901557
E[P_sel(4)] = 0.0009372141
E[P_sel(5)] = 0.0006549621
E[P_sel(6)] = 0.0005116898
E[P_sel(7)] = 0.0004146977
E[P_sel(8)] = 0.0003513687
E[P_sel(9)] = 0.0003037508
E[P_sel(10)] = 0.0002760525
E[P_sel(11)] = 0.0002435905
E[P_sel(12)] = 0.0002360731
E[P_sel(13)] = 0.0002198220
E[P_sel(14)] = 0.0002094686
E[P_sel(15)] = 0.0002086653
E[P_sel(16)] = 0.0002064576
E[P_sel(17)] = 0.0002170659
E[P_sel(18)] = 0.0002303206
E[P_sel(19)] = 0.0002631488

---- Expected D_neut and D_sel (neutral and selected divergence per site) 
E[D_neut] = 0.0198624278
E[D_sel] = 0.0125124595

---- Expected neutral and selected misattributed polymorphism per site
E[mis_neut] = 0.0005999373
E[mis_sel] = 0.0003612070

---- alpha_div = 0.249337
---- alpha_dfe = 0.249136

