---- Running command
---- ./polyDFE -d Mmc/776.polyDFE.config.txt -m C -e 
---- Performing inference using model C

---- Performing inference on Mmc/776.polyDFE.config.txt
---- No mutation variability. Using Poisson likelihood.


---- Calculating initial values

-- Starting local optimization
-- Optimizing all parameters
  it        eps_an        lambda     theta_bar           S_d             b           p_b           S_b           r 2           r 3           r 4           r 5           r 6           r 7           r 8           r 9          r 10          r 11          r 12          r 13          r 14          r 15          r 16          r 17          r 18          r 19          r 20           ln lk          grad status 
   0           0.1 0.01926702797 0.01132812035        -20000         0.208           0.1            20 0.87298023798 0.73720444109 0.64699717172 0.58917039792 0.56365353618 0.54238546880 0.54133104280 0.52454387058 0.55779913558 0.55360115745 0.60246831139 0.63739218431 0.67009093465 0.75476480870 0.87232538560 1.11595593948 1.58124465816             1             1 -1114369.941919 23119.7509110   -2 
 595 0.00104019921 0.01929827562 0.01011929183 -76.257926297 0.12221039797 0.02037110606 7.47297730852 0.86567524669 0.72282505863 0.62241071538 0.55936354713 0.53329722810 0.50852027157 0.50261188749 0.48471277873 0.49793554268 0.48597080245 0.52209521593 0.52426426890 0.52893168546 0.55803602974 0.59397575793 0.65249494369 0.71071145602 0.82422452313 1.06009351975 -284.2781456400 0.07138600409   -3 
-- Local optimization: stuck in the same solution
---- Best joint likelihood found -284.278145640098955 with gradient 0.07139

---- Results for Mmc/776.polyDFE.config.txt 
--  Model: C
--        eps_an        lambda     theta_bar             a 
-- 0.00104019921 0.01929827562 0.01011929183            -1 
--           S_d             b           p_b           S_b 
-- -76.257926297 0.12221039797 0.02037110606 7.47297730852 
--           r 2           r 3           r 4           r 5           r 6           r 7           r 8           r 9          r 10          r 11          r 12          r 13          r 14          r 15          r 16          r 17          r 18          r 19          r 20 
-- 0.86567524669 0.72282505863 0.62241071538 0.55936354713 0.53329722810 0.50852027157 0.50261188749 0.48471277873 0.49793554268 0.48597080245 0.52209521593 0.52426426890 0.52893168546 0.55803602974 0.59397575793 0.65249494369 0.71071145602 0.82422452313 1.06009351975 

---- Expected P_neut(i), 0 < i < n (neutral SFS per site) 
E[P_neut(1)] = 0.0101092224
E[P_neut(2)] = 0.0043758698
E[P_neut(3)] = 0.0024360271
E[P_neut(4)] = 0.0015733418
E[P_neut(5)] = 0.0011312866
E[P_neut(6)] = 0.0008988938
E[P_neut(7)] = 0.0007347834
E[P_neut(8)] = 0.0006355562
E[P_neut(9)] = 0.0005448926
E[P_neut(10)] = 0.0005038755
E[P_neut(11)] = 0.0004471637
E[P_neut(12)] = 0.0004404728
E[P_neut(13)] = 0.0004084312
E[P_neut(14)] = 0.0003828532
E[P_neut(15)] = 0.0003772479
E[P_neut(16)] = 0.0003769105
E[P_neut(17)] = 0.0003905314
E[P_neut(18)] = 0.0004036903
E[P_neut(19)] = 0.0004490467

---- Expected P_sel(i), 0 < i < n (selected SFS per site) 
E[P_sel(1)] = 0.0072405815
E[P_sel(2)] = 0.0028309874
E[P_sel(3)] = 0.0014977584
E[P_sel(4)] = 0.0009366043
E[P_sel(5)] = 0.0006581929
E[P_sel(6)] = 0.0005140440
E[P_sel(7)] = 0.0004146111
E[P_sel(8)] = 0.0003548761
E[P_sel(9)] = 0.0003017728
E[P_sel(10)] = 0.0002773311
E[P_sel(11)] = 0.0002450460
E[P_sel(12)] = 0.0002407607
E[P_sel(13)] = 0.0002230933
E[P_sel(14)] = 0.0002094158
E[P_sel(15)] = 0.0002071482
E[P_sel(16)] = 0.0002084062
E[P_sel(17)] = 0.0002183387
E[P_sel(18)] = 0.0002295935
E[P_sel(19)] = 0.0002628020

---- Expected D_neut and D_sel (neutral and selected divergence per site) 
E[D_neut] = 0.0198346454
E[D_sel] = 0.0125560650

---- Expected neutral and selected misattributed polymorphism per site
E[mis_neut] = 0.0005363698
E[mis_sel] = 0.0003228085

---- alpha_div = 0.246161
---- alpha_dfe = 0.246055

