---- Running command
---- ./polyDFE -d Mmc/777.polyDFE.config.txt -m C -e 
---- Performing inference using model C

---- Performing inference on Mmc/777.polyDFE.config.txt
---- No mutation variability. Using Poisson likelihood.


---- Calculating initial values

-- Starting local optimization
-- Optimizing all parameters
  it        eps_an        lambda     theta_bar           S_d             b           p_b           S_b           r 2           r 3           r 4           r 5           r 6           r 7           r 8           r 9          r 10          r 11          r 12          r 13          r 14          r 15          r 16          r 17          r 18          r 19          r 20           ln lk          grad status 
   0           0.1 0.01926352171 0.01135016105        -20000         0.208           0.1            20 0.87335368318 0.73733538982 0.63936429062 0.58544044875 0.55804011357 0.54024552536 0.53732733401 0.52847946569 0.55803404716 0.55295860553 0.59576924166 0.62261585254 0.66408050387 0.75064162221 0.85846145929 1.10928438202 1.58505723576             1             1 -1112703.794571 23094.1866975   -2 
 752 0.00107748698 0.01929119795 0.01013737597 -78.476158037 0.12372603333 0.02674050968 5.88437784936 0.86520330454 0.72248426839 0.61901100818 0.55891345101 0.52877807989 0.50931414275 0.49598452938 0.48287190366 0.49406690314 0.48691783466 0.51344898379 0.51255687629 0.52381467430 0.55794421307 0.58470243240 0.64391236780 0.71267393120 0.80963852990 1.06714452994 -265.3285536612 0.02651556517   -3 
-- Local optimization: stuck in the same solution
---- Best joint likelihood found -265.328553661209298 with gradient 0.02652

---- Results for Mmc/777.polyDFE.config.txt 
--  Model: C
--        eps_an        lambda     theta_bar             a 
-- 0.00107748698 0.01929119795 0.01013737597            -1 
--           S_d             b           p_b           S_b 
-- -78.476158037 0.12372603333 0.02674050968 5.88437784936 
--           r 2           r 3           r 4           r 5           r 6           r 7           r 8           r 9          r 10          r 11          r 12          r 13          r 14          r 15          r 16          r 17          r 18          r 19          r 20 
-- 0.86520330454 0.72248426839 0.61901100818 0.55891345101 0.52877807989 0.50931414275 0.49598452938 0.48287190366 0.49406690314 0.48691783466 0.51344898379 0.51255687629 0.52381467430 0.55794421307 0.58470243240 0.64391236780 0.71267393120 0.80963852990 1.06714452994 

---- Expected P_neut(i), 0 < i < n (neutral SFS per site) 
E[P_neut(1)] = 0.0101269185
E[P_neut(2)] = 0.0043811528
E[P_neut(3)] = 0.0024391481
E[P_neut(4)] = 0.0015674956
E[P_neut(5)] = 0.0011323685
E[P_neut(6)] = 0.0008928498
E[P_neut(7)] = 0.0007372229
E[P_neut(8)] = 0.0006282879
E[P_neut(9)] = 0.0005437924
E[P_neut(10)] = 0.0005008542
E[P_neut(11)] = 0.0004488361
E[P_neut(12)] = 0.0004339620
E[P_neut(13)] = 0.0004000550
E[P_neut(14)] = 0.0003798473
E[P_neut(15)] = 0.0003778874
E[P_neut(16)] = 0.0003717505
E[P_neut(17)] = 0.0003861922
E[P_neut(18)] = 0.0004056619
E[P_neut(19)] = 0.0004424369

---- Expected P_sel(i), 0 < i < n (selected SFS per site) 
E[P_sel(1)] = 0.0072324916
E[P_sel(2)] = 0.0028260657
E[P_sel(3)] = 0.0014957184
E[P_sel(4)] = 0.0009310590
E[P_sel(5)] = 0.0006576954
E[P_sel(6)] = 0.0005100035
E[P_sel(7)] = 0.0004157731
E[P_sel(8)] = 0.0003508784
E[P_sel(9)] = 0.0003014427
E[P_sel(10)] = 0.0002761505
E[P_sel(11)] = 0.0002466120
E[P_sel(12)] = 0.0002380560
E[P_sel(13)] = 0.0002195287
E[P_sel(14)] = 0.0002089540
E[P_sel(15)] = 0.0002089033
E[P_sel(16)] = 0.0002071503
E[P_sel(17)] = 0.0002177561
E[P_sel(18)] = 0.0002327180
E[P_sel(19)] = 0.0002608093

---- Expected D_neut and D_sel (neutral and selected divergence per site) 
E[D_neut] = 0.0198321002
E[D_sel] = 0.0125381798

---- Expected neutral and selected misattributed polymorphism per site
E[mis_neut] = 0.0005409023
E[mis_sel] = 0.0003272918

---- alpha_div = 0.258108
---- alpha_dfe = 0.258018

