---- Running command
---- ./polyDFE -d Mmc/778.polyDFE.config.txt -m C -e 
---- Performing inference using model C

---- Performing inference on Mmc/778.polyDFE.config.txt
---- No mutation variability. Using Poisson likelihood.


---- Calculating initial values

-- Starting local optimization
-- Optimizing all parameters
  it        eps_an        lambda     theta_bar           S_d             b           p_b           S_b           r 2           r 3           r 4           r 5           r 6           r 7           r 8           r 9          r 10          r 11          r 12          r 13          r 14          r 15          r 16          r 17          r 18          r 19          r 20           ln lk          grad status 
   0           0.1 0.01928362061 0.01135227613        -20000         0.208           0.1            20 0.87310072456 0.73665813923 0.64135581391 0.58200889594 0.56223985890 0.54122432587 0.53361935718 0.52967988989 0.54962113138 0.55198238599 0.59673382980 0.63012757228 0.66188283558 0.75359023583 0.85537272253 1.10883700312 1.57507249717             1             1 -1116422.037065 23138.0010431   -2 
 818 0.00082877959 0.01929573370 0.01013600251 -72.049918843 0.12718036465 0.02767964489 5.75142802394 0.86663612273 0.72017996048 0.62041677439 0.55540643422 0.53201427733 0.50922813176 0.49247828075 0.48369419960 0.49426286248 0.48355899518 0.51558466654 0.51928839623 0.52333333020 0.55963877472 0.58538815962 0.64139099332 0.70300640460 0.82632057485 1.09882760184 -273.4425441121 0.20176623507   -8 
-- Local optimization: reached maximum number of likelihood evaluations allowed.
---- Best joint likelihood found -273.442544112142059 with gradient 0.20177

---- Results for Mmc/778.polyDFE.config.txt 
--  Model: C
--        eps_an        lambda     theta_bar             a 
-- 0.00082877959 0.01929573370 0.01013600251            -1 
--           S_d             b           p_b           S_b 
-- -72.049918843 0.12718036465 0.02767964489 5.75142802394 
--           r 2           r 3           r 4           r 5           r 6           r 7           r 8           r 9          r 10          r 11          r 12          r 13          r 14          r 15          r 16          r 17          r 18          r 19          r 20 
-- 0.86663612273 0.72017996048 0.62041677439 0.55540643422 0.53201427733 0.50922813176 0.49247828075 0.48369419960 0.49426286248 0.48355899518 0.51558466654 0.51928839623 0.52333333020 0.55963877472 0.58538815962 0.64139099332 0.70300640460 0.82632057485 1.09882760184 

---- Expected P_neut(i), 0 < i < n (neutral SFS per site) 
E[P_neut(1)] = 0.0101279673
E[P_neut(2)] = 0.0043888010
E[P_neut(3)] = 0.0024315489
E[P_neut(4)] = 0.0015711409
E[P_neut(5)] = 0.0011253005
E[P_neut(6)] = 0.0008983188
E[P_neut(7)] = 0.0007370870
E[P_neut(8)] = 0.0006238139
E[P_neut(9)] = 0.0005446651
E[P_neut(10)] = 0.0005009850
E[P_neut(11)] = 0.0004456599
E[P_neut(12)] = 0.0004356535
E[P_neut(13)] = 0.0004051608
E[P_neut(14)] = 0.0003793243
E[P_neut(15)] = 0.0003787864
E[P_neut(16)] = 0.0003718391
E[P_neut(17)] = 0.0003841197
E[P_neut(18)] = 0.0003991828
E[P_neut(19)] = 0.0004488556

---- Expected P_sel(i), 0 < i < n (selected SFS per site) 
E[P_sel(1)] = 0.0072581565
E[P_sel(2)] = 0.0028359234
E[P_sel(3)] = 0.0014919222
E[P_sel(4)] = 0.0009330457
E[P_sel(5)] = 0.0006531083
E[P_sel(6)] = 0.0005125417
E[P_sel(7)] = 0.0004150945
E[P_sel(8)] = 0.0003477946
E[P_sel(9)] = 0.0003013669
E[P_sel(10)] = 0.0002756762
E[P_sel(11)] = 0.0002443625
E[P_sel(12)] = 0.0002384815
E[P_sel(13)] = 0.0002218614
E[P_sel(14)] = 0.0002082316
E[P_sel(15)] = 0.0002089749
E[P_sel(16)] = 0.0002067933
E[P_sel(17)] = 0.0002161751
E[P_sel(18)] = 0.0002285558
E[P_sel(19)] = 0.0002638560

---- Expected D_neut and D_sel (neutral and selected divergence per site) 
E[D_neut] = 0.0198526197
E[D_sel] = 0.0125286681

---- Expected neutral and selected misattributed polymorphism per site
E[mis_neut] = 0.0005568860
E[mis_sel] = 0.0003364410

---- alpha_div = 0.262000
---- alpha_dfe = 0.261906

