---- Running command
---- ./polyDFE -d Mmc/779.polyDFE.config.txt -m C -e 
---- Performing inference using model C

---- Performing inference on Mmc/779.polyDFE.config.txt
---- No mutation variability. Using Poisson likelihood.


---- Calculating initial values

-- Starting local optimization
-- Optimizing all parameters
  it        eps_an        lambda     theta_bar           S_d             b           p_b           S_b           r 2           r 3           r 4           r 5           r 6           r 7           r 8           r 9          r 10          r 11          r 12          r 13          r 14          r 15          r 16          r 17          r 18          r 19          r 20           ln lk          grad status 
   0           0.1 0.01930147680 0.01132938061        -20000         0.208           0.1            20 0.87185454343 0.73840315297 0.64357866935 0.58169944869 0.55751470446 0.53618498379 0.53899149210 0.53472552842 0.55879371298 0.55738655109 0.59662902222 0.62498278001 0.66438522504 0.75324670912 0.86008711678 1.11272922060 1.59031496025             1             1 -1119001.872751 23221.0343268   -2 
 807 0.00071777721 0.01934464680 0.01012199312 -78.074682176 0.12160006830 0.02094608079 7.16460296653 0.86235942513 0.72202989605 0.62030917879 0.55483067322 0.52931285021 0.50547085238 0.50029623043 0.48871227176 0.49595662118 0.48864295889 0.51509486620 0.51709489048 0.52646922755 0.56189284622 0.58565268478 0.65078692515 0.71764397016 0.82494126006 1.03995893723 -272.0615370994 0.04473311732   -3 
-- Local optimization: stuck in the same solution
---- Best joint likelihood found -272.061537099478301 with gradient 0.04473

---- Results for Mmc/779.polyDFE.config.txt 
--  Model: C
--        eps_an        lambda     theta_bar             a 
-- 0.00071777721 0.01934464680 0.01012199312            -1 
--           S_d             b           p_b           S_b 
-- -78.074682176 0.12160006830 0.02094608079 7.16460296653 
--           r 2           r 3           r 4           r 5           r 6           r 7           r 8           r 9          r 10          r 11          r 12          r 13          r 14          r 15          r 16          r 17          r 18          r 19          r 20 
-- 0.86235942513 0.72202989605 0.62030917879 0.55483067322 0.52931285021 0.50547085238 0.50029623043 0.48871227176 0.49595662118 0.48864295889 0.51509486620 0.51709489048 0.52646922755 0.56189284622 0.58565268478 0.65078692515 0.71764397016 0.82494126006 1.03995893723 

---- Expected P_neut(i), 0 < i < n (neutral SFS per site) 
E[P_neut(1)] = 0.0101150432
E[P_neut(2)] = 0.0043615551
E[P_neut(3)] = 0.0024346567
E[P_neut(4)] = 0.0015688306
E[P_neut(5)] = 0.0011226644
E[P_neut(6)] = 0.0008925824
E[P_neut(7)] = 0.0007306747
E[P_neut(8)] = 0.0006328569
E[P_neut(9)] = 0.0005495663
E[P_neut(10)] = 0.0005020070
E[P_neut(11)] = 0.0004497118
E[P_neut(12)] = 0.0004346247
E[P_neut(13)] = 0.0004028534
E[P_neut(14)] = 0.0003810047
E[P_neut(15)] = 0.0003796991
E[P_neut(16)] = 0.0003713590
E[P_neut(17)] = 0.0003889564
E[P_neut(18)] = 0.0004063979
E[P_neut(19)] = 0.0004464262

---- Expected P_sel(i), 0 < i < n (selected SFS per site) 
E[P_sel(1)] = 0.0072367920
E[P_sel(2)] = 0.0028197444
E[P_sel(3)] = 0.0014963238
E[P_sel(4)] = 0.0009337631
E[P_sel(5)] = 0.0006531873
E[P_sel(6)] = 0.0005105231
E[P_sel(7)] = 0.0004124211
E[P_sel(8)] = 0.0003535230
E[P_sel(9)] = 0.0003045289
E[P_sel(10)] = 0.0002764842
E[P_sel(11)] = 0.0002466280
E[P_sel(12)] = 0.0002377633
E[P_sel(13)] = 0.0002202460
E[P_sel(14)] = 0.0002086020
E[P_sel(15)] = 0.0002086910
E[P_sel(16)] = 0.0002055149
E[P_sel(17)] = 0.0002175955
E[P_sel(18)] = 0.0002311342
E[P_sel(19)] = 0.0002607592

---- Expected D_neut and D_sel (neutral and selected divergence per site) 
E[D_neut] = 0.0198709697
E[D_sel] = 0.0125376486

---- Expected neutral and selected misattributed polymorphism per site
E[mis_neut] = 0.0005263229
E[mis_sel] = 0.0003163807

---- alpha_div = 0.244106
---- alpha_dfe = 0.243849

