---- Running command
---- ./polyDFE -d Mmc/78.polyDFE.config.txt -m C -e 
---- Performing inference using model C

---- Performing inference on Mmc/78.polyDFE.config.txt
---- No mutation variability. Using Poisson likelihood.


---- Calculating initial values

-- Starting local optimization
-- Optimizing all parameters
  it        eps_an        lambda     theta_bar           S_d             b           p_b           S_b           r 2           r 3           r 4           r 5           r 6           r 7           r 8           r 9          r 10          r 11          r 12          r 13          r 14          r 15          r 16          r 17          r 18          r 19          r 20           ln lk          grad status 
   0           0.1 0.01926983214 0.01135182396        -20000         0.208           0.1            20 0.87677158209 0.73402514879 0.64631982576 0.58746891858 0.55769554797 0.54224568245 0.53823855115  0.5336397607 0.55025230495 0.55674971183 0.59210125285 0.62364368064 0.66865617136 0.75439943907 0.87228289048 1.11327035016 1.58210374718             1             1 -1118421.904369 23193.0200201   -2 
 814 0.00115324245 0.01927548277 0.01014007380 -73.339660789 0.12711505015 0.02707935685 5.88411969807 0.86835201423 0.72130853781 0.62296923167 0.55810007331 0.53078759140 0.50902844248 0.49803120205 0.48760688074 0.49426010017 0.48590198292 0.50975496266 0.51783063279 0.52438017020 0.56116128306 0.58806323861 0.65147105549 0.70862958083 0.81396090989 1.10934149042 -266.8824765305 0.01762459979   -3 
-- Local optimization: stuck in the same solution
---- Best joint likelihood found -266.882476530518034 with gradient 0.01762

---- Results for Mmc/78.polyDFE.config.txt 
--  Model: C
--        eps_an        lambda     theta_bar             a 
-- 0.00115324245 0.01927548277 0.01014007380            -1 
--           S_d             b           p_b           S_b 
-- -73.339660789 0.12711505015 0.02707935685 5.88411969807 
--           r 2           r 3           r 4           r 5           r 6           r 7           r 8           r 9          r 10          r 11          r 12          r 13          r 14          r 15          r 16          r 17          r 18          r 19          r 20 
-- 0.86835201423 0.72130853781 0.62296923167 0.55810007331 0.53078759140 0.50902844248 0.49803120205 0.48760688074 0.49426010017 0.48590198292 0.50975496266 0.51783063279 0.52438017020 0.56116128306 0.58806323861 0.65147105549 0.70862958083 0.81396090989 1.10934149042 

---- Expected P_neut(i), 0 < i < n (neutral SFS per site) 
E[P_neut(1)] = 0.0101288808
E[P_neut(2)] = 0.0043979599
E[P_neut(3)] = 0.0024356771
E[P_neut(4)] = 0.0015778471
E[P_neut(5)] = 0.0011309674
E[P_neut(6)] = 0.0008964411
E[P_neut(7)] = 0.0007369849
E[P_neut(8)] = 0.0006310279
E[P_neut(9)] = 0.0005492574
E[P_neut(10)] = 0.0005011834
E[P_neut(11)] = 0.0004480335
E[P_neut(12)] = 0.0004309773
E[P_neut(13)] = 0.0004042954
E[P_neut(14)] = 0.0003804003
E[P_neut(15)] = 0.0003802156
E[P_neut(16)] = 0.0003740792
E[P_neut(17)] = 0.0003909497
E[P_neut(18)] = 0.0004038144
E[P_neut(19)] = 0.0004455942

---- Expected P_sel(i), 0 < i < n (selected SFS per site) 
E[P_sel(1)] = 0.0072438242
E[P_sel(2)] = 0.0028352723
E[P_sel(3)] = 0.0014908693
E[P_sel(4)] = 0.0009347226
E[P_sel(5)] = 0.0006547465
E[P_sel(6)] = 0.0005101578
E[P_sel(7)] = 0.0004139509
E[P_sel(8)] = 0.0003508782
E[P_sel(9)] = 0.0003030818
E[P_sel(10)] = 0.0002750219
E[P_sel(11)] = 0.0002449720
E[P_sel(12)] = 0.0002352465
E[P_sel(13)] = 0.0002207453
E[P_sel(14)] = 0.0002082112
E[P_sel(15)] = 0.0002091489
E[P_sel(16)] = 0.0002074393
E[P_sel(17)] = 0.0002194138
E[P_sel(18)] = 0.0002306661
E[P_sel(19)] = 0.0002617306

---- Expected D_neut and D_sel (neutral and selected divergence per site) 
E[D_neut] = 0.0198379230
E[D_sel] = 0.0125046383

---- Expected neutral and selected misattributed polymorphism per site
E[mis_neut] = 0.0005624402
E[mis_sel] = 0.0003391009

---- alpha_div = 0.262080
---- alpha_dfe = 0.262037

