---- Running command
---- ./polyDFE -d Mmc/780.polyDFE.config.txt -m C -e 
---- Performing inference using model C

---- Performing inference on Mmc/780.polyDFE.config.txt
---- No mutation variability. Using Poisson likelihood.


---- Calculating initial values

-- Starting local optimization
-- Optimizing all parameters
  it        eps_an        lambda     theta_bar           S_d             b           p_b           S_b           r 2           r 3           r 4           r 5           r 6           r 7           r 8           r 9          r 10          r 11          r 12          r 13          r 14          r 15          r 16          r 17          r 18          r 19          r 20           ln lk          grad status 
   0           0.1 0.01931367209 0.01135595075        -20000         0.208           0.1            20 0.87663007617 0.73676294626 0.64491176847 0.58012201745 0.55402446494 0.54736086730 0.53585876532 0.52836007176 0.55457401300 0.55762986816 0.60100160510 0.62694819245 0.66673566741 0.74760463288 0.87231576871 1.11782534615 1.59101013603             1             1 -1121630.310774 23253.6777058   -2 
 442 0.00780108356 0.01931907167 0.01021927500 -75.379360186 0.12407001806 0.02065387929 7.37562941954 0.86467422472 0.72142353397 0.62056211410 0.55653568907 0.52367627366 0.51010986870 0.49231453607 0.48229839325 0.49508331968 0.48326063487 0.51163964232 0.51026105066 0.51804721498 0.55057524123 0.57689397449 0.62231681687 0.65387367716 0.67378623035 1.10321584616 -263.5848403061 0.55371904640   -8 
-- Local optimization: reached maximum number of likelihood evaluations allowed.
---- Best joint likelihood found -263.584840306124534 with gradient 0.55372

---- Results for Mmc/780.polyDFE.config.txt 
--  Model: C
--        eps_an        lambda     theta_bar             a 
-- 0.00780108356 0.01931907167 0.01021927500            -1 
--           S_d             b           p_b           S_b 
-- -75.379360186 0.12407001806 0.02065387929 7.37562941954 
--           r 2           r 3           r 4           r 5           r 6           r 7           r 8           r 9          r 10          r 11          r 12          r 13          r 14          r 15          r 16          r 17          r 18          r 19          r 20 
-- 0.86467422472 0.72142353397 0.62056211410 0.55653568907 0.52367627366 0.51010986870 0.49231453607 0.48229839325 0.49508331968 0.48326063487 0.51163964232 0.51026105066 0.51804721498 0.55057524123 0.57689397449 0.62231681687 0.65387367716 0.67378623035 1.10321584616 

---- Expected P_neut(i), 0 < i < n (neutral SFS per site) 
E[P_neut(1)] = 0.0101423807
E[P_neut(2)] = 0.0043866013
E[P_neut(3)] = 0.0024412225
E[P_neut(4)] = 0.0015759301
E[P_neut(5)] = 0.0011315309
E[P_neut(6)] = 0.0008879239
E[P_neut(7)] = 0.0007420272
E[P_neut(8)] = 0.0006273803
E[P_neut(9)] = 0.0005468680
E[P_neut(10)] = 0.0005059393
E[P_neut(11)] = 0.0004497310
E[P_neut(12)] = 0.0004372225
E[P_neut(13)] = 0.0004037956
E[P_neut(14)] = 0.0003821557
E[P_neut(15)] = 0.0003810460
E[P_neut(16)] = 0.0003779585
E[P_neut(17)] = 0.0003903483
E[P_neut(18)] = 0.0004027991
E[P_neut(19)] = 0.0004392947

---- Expected P_sel(i), 0 < i < n (selected SFS per site) 
E[P_sel(1)] = 0.0072495086
E[P_sel(2)] = 0.0028283669
E[P_sel(3)] = 0.0014947817
E[P_sel(4)] = 0.0009338398
E[P_sel(5)] = 0.0006550908
E[P_sel(6)] = 0.0005051459
E[P_sel(7)] = 0.0004164601
E[P_sel(8)] = 0.0003483935
E[P_sel(9)] = 0.0003011878
E[P_sel(10)] = 0.0002769162
E[P_sel(11)] = 0.0002450875
E[P_sel(12)] = 0.0002376804
E[P_sel(13)] = 0.0002194001
E[P_sel(14)] = 0.0002079990
E[P_sel(15)] = 0.0002083055
E[P_sel(16)] = 0.0002082748
E[P_sel(17)] = 0.0002179702
E[P_sel(18)] = 0.0002302296
E[P_sel(19)] = 0.0002650704

---- Expected D_neut and D_sel (neutral and selected divergence per site) 
E[D_neut] = 0.0198827750
E[D_sel] = 0.0125147275

---- Expected neutral and selected misattributed polymorphism per site
E[mis_neut] = 0.0005637033
E[mis_sel] = 0.0003374065

---- alpha_div = 0.247873
---- alpha_dfe = 0.247762

