---- Running command
---- ./polyDFE -d Mmc/781.polyDFE.config.txt -m C -e 
---- Performing inference using model C

---- Performing inference on Mmc/781.polyDFE.config.txt
---- No mutation variability. Using Poisson likelihood.


---- Calculating initial values

-- Starting local optimization
-- Optimizing all parameters
  it        eps_an        lambda     theta_bar           S_d             b           p_b           S_b           r 2           r 3           r 4           r 5           r 6           r 7           r 8           r 9          r 10          r 11          r 12          r 13          r 14          r 15          r 16          r 17          r 18          r 19          r 20           ln lk          grad status 
   0           0.1 0.01928770941 0.01134012915        -20000         0.208           0.1            20 0.87343897373 0.73589961293 0.64303595727 0.58420129916 0.56002153703 0.54176545188 0.54445913919 0.53228102923 0.55772291765 0.55847204492 0.59670278372 0.62717654524 0.67412595872 0.75447350383 0.86867749823 1.11177890599 1.58548781028             1             1 -1119179.742505 23194.8726921   -2 
 660 0.00041072336 0.01931882594 0.01011583549 -63.362144975 0.13582636254 0.03467847247 4.89011615828 0.86780321122 0.72192094146 0.62202693914 0.55861771626 0.53032244972 0.51029665669 0.49929254347 0.48627657423 0.50038851980 0.48843094109 0.51522859728 0.52106618174 0.53077612578 0.56176197610 0.59797473660 0.65008037000 0.71919270022 0.83155161054 1.06438263690 -276.9517047136 0.13351351655   -8 
-- Local optimization: reached maximum number of likelihood evaluations allowed.
---- Best joint likelihood found -276.951704713646905 with gradient 0.13351

---- Results for Mmc/781.polyDFE.config.txt 
--  Model: C
--        eps_an        lambda     theta_bar             a 
-- 0.00041072336 0.01931882594 0.01011583549            -1 
--           S_d             b           p_b           S_b 
-- -63.362144975 0.13582636254 0.03467847247 4.89011615828 
--           r 2           r 3           r 4           r 5           r 6           r 7           r 8           r 9          r 10          r 11          r 12          r 13          r 14          r 15          r 16          r 17          r 18          r 19          r 20 
-- 0.86780321122 0.72192094146 0.62202693914 0.55861771626 0.53032244972 0.51029665669 0.49929254347 0.48627657423 0.50038851980 0.48843094109 0.51522859728 0.52106618174 0.53077612578 0.56176197610 0.59797473660 0.65008037000 0.71919270022 0.83155161054 1.06438263690 

---- Expected P_neut(i), 0 < i < n (neutral SFS per site) 
E[P_neut(1)] = 0.0101118625
E[P_neut(2)] = 0.0043876405
E[P_neut(3)] = 0.0024334369
E[P_neut(4)] = 0.0015725897
E[P_neut(5)] = 0.0011298684
E[P_neut(6)] = 0.0008938994
E[P_neut(7)] = 0.0007373032
E[P_neut(8)] = 0.0006312642
E[P_neut(9)] = 0.0005465260
E[P_neut(10)] = 0.0005061848
E[P_neut(11)] = 0.0004492116
E[P_neut(12)] = 0.0004344116
E[P_neut(13)] = 0.0004055994
E[P_neut(14)] = 0.0003837271
E[P_neut(15)] = 0.0003791547
E[P_neut(16)] = 0.0003785542
E[P_neut(17)] = 0.0003876707
E[P_neut(18)] = 0.0004058165
E[P_neut(19)] = 0.0004467014

---- Expected P_sel(i), 0 < i < n (selected SFS per site) 
E[P_sel(1)] = 0.0072690195
E[P_sel(2)] = 0.0028335850
E[P_sel(3)] = 0.0014889636
E[P_sel(4)] = 0.0009301265
E[P_sel(5)] = 0.0006526041
E[P_sel(6)] = 0.0005073501
E[P_sel(7)] = 0.0004129700
E[P_sel(8)] = 0.0003500518
E[P_sel(9)] = 0.0003008233
E[P_sel(10)] = 0.0002771816
E[P_sel(11)] = 0.0002452261
E[P_sel(12)] = 0.0002368965
E[P_sel(13)] = 0.0002214132
E[P_sel(14)] = 0.0002101654
E[P_sel(15)] = 0.0002088822
E[P_sel(16)] = 0.0002104159
E[P_sel(17)] = 0.0002182257
E[P_sel(18)] = 0.0002324817
E[P_sel(19)] = 0.0002623461

---- Expected D_neut and D_sel (neutral and selected divergence per site) 
E[D_neut] = 0.0198571819
E[D_sel] = 0.0125093368

---- Expected neutral and selected misattributed polymorphism per site
E[mis_neut] = 0.0005383560
E[mis_sel] = 0.0003254773

---- alpha_div = 0.283264
---- alpha_dfe = 0.283067

