---- Running command
---- ./polyDFE -d Mmc/782.polyDFE.config.txt -m C -e 
---- Performing inference using model C

---- Performing inference on Mmc/782.polyDFE.config.txt
---- No mutation variability. Using Poisson likelihood.


---- Calculating initial values

-- Starting local optimization
-- Optimizing all parameters
  it        eps_an        lambda     theta_bar           S_d             b           p_b           S_b           r 2           r 3           r 4           r 5           r 6           r 7           r 8           r 9          r 10          r 11          r 12          r 13          r 14          r 15          r 16          r 17          r 18          r 19          r 20           ln lk          grad status 
   0           0.1 0.01930360264 0.01135867874        -20000         0.208           0.1            20 0.87376308998 0.73262811491 0.64162751699 0.58362530010 0.55434458423 0.54237700494 0.53210227873 0.52647055505 0.55785920067 0.55042163037 0.58193237811 0.62704837721 0.66270030463 0.75375170253 0.86167912003 1.10762594928 1.58339286704             1             1 -1117974.303671 23214.9631755   -2 
 839 0.00070884094 0.01934939426 0.01014149675 -82.434465035 0.11923166364 0.01822928106 8.08689205903 0.86608037703 0.72041641743 0.61874072606 0.55460851435 0.52515270073 0.50479605264 0.49231959129 0.48464575514 0.49789742129 0.48278315003 0.50626059598 0.51710142283 0.52551456701 0.56149752444 0.58676350624 0.64785143614 0.71437203353 0.82739366332 1.03338766929 -284.7079690227 0.05290069571   -3 
-- Local optimization: stuck in the same solution
---- Best joint likelihood found -284.707969022754696 with gradient 0.05290

---- Results for Mmc/782.polyDFE.config.txt 
--  Model: C
--        eps_an        lambda     theta_bar             a 
-- 0.00070884094 0.01934939426 0.01014149675            -1 
--           S_d             b           p_b           S_b 
-- -82.434465035 0.11923166364 0.01822928106 8.08689205903 
--           r 2           r 3           r 4           r 5           r 6           r 7           r 8           r 9          r 10          r 11          r 12          r 13          r 14          r 15          r 16          r 17          r 18          r 19          r 20 
-- 0.86608037703 0.72041641743 0.61874072606 0.55460851435 0.52515270073 0.50479605264 0.49231959129 0.48464575514 0.49789742129 0.48278315003 0.50626059598 0.51710142283 0.52551456701 0.56149752444 0.58676350624 0.64785143614 0.71437203353 0.82739366332 1.03338766929 

---- Expected P_neut(i), 0 < i < n (neutral SFS per site) 
E[P_neut(1)] = 0.0101346211
E[P_neut(2)] = 0.0043888480
E[P_neut(3)] = 0.0024339146
E[P_neut(4)] = 0.0015678909
E[P_neut(5)] = 0.0011243838
E[P_neut(6)] = 0.0008872797
E[P_neut(7)] = 0.0007311086
E[P_neut(8)] = 0.0006239681
E[P_neut(9)] = 0.0005460432
E[P_neut(10)] = 0.0005049425
E[P_neut(11)] = 0.0004451756
E[P_neut(12)] = 0.0004279925
E[P_neut(13)] = 0.0004036311
E[P_neut(14)] = 0.0003810382
E[P_neut(15)] = 0.0003801566
E[P_neut(16)] = 0.0003727646
E[P_neut(17)] = 0.0003879337
E[P_neut(18)] = 0.0004053167
E[P_neut(19)] = 0.0004485078

---- Expected P_sel(i), 0 < i < n (selected SFS per site) 
E[P_sel(1)] = 0.0072328315
E[P_sel(2)] = 0.0028327486
E[P_sel(3)] = 0.0014941768
E[P_sel(4)] = 0.0009323913
E[P_sel(5)] = 0.0006536914
E[P_sel(6)] = 0.0005071108
E[P_sel(7)] = 0.0004123302
E[P_sel(8)] = 0.0003482281
E[P_sel(9)] = 0.0003022329
E[P_sel(10)] = 0.0002777164
E[P_sel(11)] = 0.0002437290
E[P_sel(12)] = 0.0002336574
E[P_sel(13)] = 0.0002201310
E[P_sel(14)] = 0.0002080147
E[P_sel(15)] = 0.0002082340
E[P_sel(16)] = 0.0002054925
E[P_sel(17)] = 0.0002160922
E[P_sel(18)] = 0.0002294967
E[P_sel(19)] = 0.0002610110

---- Expected D_neut and D_sel (neutral and selected divergence per site) 
E[D_neut] = 0.0198733992
E[D_sel] = 0.0125444915

---- Expected neutral and selected misattributed polymorphism per site
E[mis_neut] = 0.0005240049
E[mis_sel] = 0.0003140355

---- alpha_div = 0.238343
---- alpha_dfe = 0.238184

