---- Running command
---- ./polyDFE -d Mmc/783.polyDFE.config.txt -m C -e 
---- Performing inference using model C

---- Performing inference on Mmc/783.polyDFE.config.txt
---- No mutation variability. Using Poisson likelihood.


---- Calculating initial values

-- Starting local optimization
-- Optimizing all parameters
  it        eps_an        lambda     theta_bar           S_d             b           p_b           S_b           r 2           r 3           r 4           r 5           r 6           r 7           r 8           r 9          r 10          r 11          r 12          r 13          r 14          r 15          r 16          r 17          r 18          r 19          r 20           ln lk          grad status 
   0           0.1 0.01927580481 0.01133248240        -20000         0.208           0.1            20 0.87749999349 0.73312164471 0.64747555486 0.58546337352 0.56181382824 0.53735930158 0.53292811367 0.53167128854 0.55874469087 0.55734799966 0.59316415184 0.62352421071 0.66989064463 0.75321120615 0.86698130665 1.10894555936 1.59242126857             1             1 -1116326.579702 23172.2085429   -2 
 873 0.00085099920 0.01923989538 0.01013108373 -68.650782254 0.13239545113 0.03351308701 5.01401892818 0.86618708231 0.71802172664 0.62139871506 0.55814526569 0.53031133038 0.50691301816 0.49370460879 0.49056128656 0.49957373661 0.48744908451 0.51674691281 0.51598186604 0.52676797281 0.55986826010 0.58652650096 0.64794382390 0.71153362709 0.82163660596 1.19612101287 -279.3677980624 0.02219126109   -8 
-- Local optimization: reached maximum number of likelihood evaluations allowed.
---- Best joint likelihood found -279.367798062419752 with gradient 0.02219

---- Results for Mmc/783.polyDFE.config.txt 
--  Model: C
--        eps_an        lambda     theta_bar             a 
-- 0.00085099920 0.01923989538 0.01013108373            -1 
--           S_d             b           p_b           S_b 
-- -68.650782254 0.13239545113 0.03351308701 5.01401892818 
--           r 2           r 3           r 4           r 5           r 6           r 7           r 8           r 9          r 10          r 11          r 12          r 13          r 14          r 15          r 16          r 17          r 18          r 19          r 20 
-- 0.86618708231 0.71802172664 0.62139871506 0.55814526569 0.53031133038 0.50691301816 0.49370460879 0.49056128656 0.49957373661 0.48744908451 0.51674691281 0.51598186604 0.52676797281 0.55986826010 0.58652650096 0.64794382390 0.71153362709 0.82163660596 1.19612101287 

---- Expected P_neut(i), 0 < i < n (neutral SFS per site) 
E[P_neut(1)] = 0.0101228350
E[P_neut(2)] = 0.0043843138
E[P_neut(3)] = 0.0024230445
E[P_neut(4)] = 0.0015728373
E[P_neut(5)] = 0.0011302827
E[P_neut(6)] = 0.0008950005
E[P_neut(7)] = 0.0007333719
E[P_neut(8)] = 0.0006250595
E[P_neut(9)] = 0.0005521252
E[P_neut(10)] = 0.0005061223
E[P_neut(11)] = 0.0004490322
E[P_neut(12)] = 0.0004364280
E[P_neut(13)] = 0.0004023941
E[P_neut(14)] = 0.0003816327
E[P_neut(15)] = 0.0003787788
E[P_neut(16)] = 0.0003724076
E[P_neut(17)] = 0.0003878745
E[P_neut(18)] = 0.0004038713
E[P_neut(19)] = 0.0004463576

---- Expected P_sel(i), 0 < i < n (selected SFS per site) 
E[P_sel(1)] = 0.0072483934
E[P_sel(2)] = 0.0028243881
E[P_sel(3)] = 0.0014804781
E[P_sel(4)] = 0.0009296000
E[P_sel(5)] = 0.0006527001
E[P_sel(6)] = 0.0005080524
E[P_sel(7)] = 0.0004109452
E[P_sel(8)] = 0.0003468334
E[P_sel(9)] = 0.0003041475
E[P_sel(10)] = 0.0002773989
E[P_sel(11)] = 0.0002453686
E[P_sel(12)] = 0.0002382390
E[P_sel(13)] = 0.0002198908
E[P_sel(14)] = 0.0002092332
E[P_sel(15)] = 0.0002088859
E[P_sel(16)] = 0.0002072083
E[P_sel(17)] = 0.0002185732
E[P_sel(18)] = 0.0002316898
E[P_sel(19)] = 0.0002629440

---- Expected D_neut and D_sel (neutral and selected divergence per site) 
E[D_neut] = 0.0198457955
E[D_sel] = 0.0125183673

---- Expected neutral and selected misattributed polymorphism per site
E[mis_neut] = 0.0006059001
E[mis_sel] = 0.0003666853

---- alpha_div = 0.279746
---- alpha_dfe = 0.279473

