---- Running command
---- ./polyDFE -d Mmc/784.polyDFE.config.txt -m C -e 
---- Performing inference using model C

---- Performing inference on Mmc/784.polyDFE.config.txt
---- No mutation variability. Using Poisson likelihood.


---- Calculating initial values

-- Starting local optimization
-- Optimizing all parameters
  it        eps_an        lambda     theta_bar           S_d             b           p_b           S_b           r 2           r 3           r 4           r 5           r 6           r 7           r 8           r 9          r 10          r 11          r 12          r 13          r 14          r 15          r 16          r 17          r 18          r 19          r 20           ln lk          grad status 
   0           0.1 0.01930856615 0.01135831895        -20000         0.208           0.1            20 0.87317855316 0.73192507989 0.65032923017 0.58077165062 0.55692120130 0.54344922515 0.53880778038 0.52751935273 0.55072902016 0.55844202390 0.59243746120 0.61779061067 0.65620427017 0.74544951617 0.86107931712 1.11398934779 1.58594808900             1             1 -1119174.001817 23200.0261982   -2 
 677 0.00094468229 0.01934153729 0.01014488942 -75.867083140 0.12514550811 0.02742651830 5.69341833857 0.86462457547 0.71939967000 0.62591866070 0.55380285613 0.52822757400 0.51145484521 0.49634822738 0.48333648449 0.49534610094 0.48412413437 0.50934353164 0.51049910306 0.52203497768 0.55294111009 0.58741729981 0.64992760420 0.71399387880 0.81115828084 1.06103922563 -290.5917847775 0.08821169109   -8 
-- Local optimization: reached maximum number of likelihood evaluations allowed.
---- Best joint likelihood found -290.591784777541761 with gradient 0.08821

---- Results for Mmc/784.polyDFE.config.txt 
--  Model: C
--        eps_an        lambda     theta_bar             a 
-- 0.00094468229 0.01934153729 0.01014488942            -1 
--           S_d             b           p_b           S_b 
-- -75.867083140 0.12514550811 0.02742651830 5.69341833857 
--           r 2           r 3           r 4           r 5           r 6           r 7           r 8           r 9          r 10          r 11          r 12          r 13          r 14          r 15          r 16          r 17          r 18          r 19          r 20 
-- 0.86462457547 0.71939967000 0.62591866070 0.55380285613 0.52822757400 0.51145484521 0.49634822738 0.48333648449 0.49534610094 0.48412413437 0.50934353164 0.51049910306 0.52203497768 0.55294111009 0.58741729981 0.64992760420 0.71399387880 0.81115828084 1.06103922563 

---- Expected P_neut(i), 0 < i < n (neutral SFS per site) 
E[P_neut(1)] = 0.0101357149
E[P_neut(2)] = 0.0043819974
E[P_neut(3)] = 0.0024308116
E[P_neut(4)] = 0.0015863211
E[P_neut(5)] = 0.0011229455
E[P_neut(6)] = 0.0008926487
E[P_neut(7)] = 0.0007409122
E[P_neut(8)] = 0.0006292369
E[P_neut(9)] = 0.0005447288
E[P_neut(10)] = 0.0005025231
E[P_neut(11)] = 0.0004465825
E[P_neut(12)] = 0.0004307906
E[P_neut(13)] = 0.0003987052
E[P_neut(14)] = 0.0003787712
E[P_neut(15)] = 0.0003746766
E[P_neut(16)] = 0.0003736030
E[P_neut(17)] = 0.0003897814
E[P_neut(18)] = 0.0004061735
E[P_neut(19)] = 0.0004422857

---- Expected P_sel(i), 0 < i < n (selected SFS per site) 
E[P_sel(1)] = 0.0072485649
E[P_sel(2)] = 0.0028285406
E[P_sel(3)] = 0.0014909596
E[P_sel(4)] = 0.0009421903
E[P_sel(5)] = 0.0006520556
E[P_sel(6)] = 0.0005096834
E[P_sel(7)] = 0.0004176399
E[P_sel(8)] = 0.0003511999
E[P_sel(9)] = 0.0003017639
E[P_sel(10)] = 0.0002768761
E[P_sel(11)] = 0.0002451927
E[P_sel(12)] = 0.0002361351
E[P_sel(13)] = 0.0002186139
E[P_sel(14)] = 0.0002081887
E[P_sel(15)] = 0.0002069443
E[P_sel(16)] = 0.0002079777
E[P_sel(17)] = 0.0002195225
E[P_sel(18)] = 0.0002326566
E[P_sel(19)] = 0.0002600813

---- Expected D_neut and D_sel (neutral and selected divergence per site) 
E[D_neut] = 0.0198797436
E[D_sel] = 0.0125192865

---- Expected neutral and selected misattributed polymorphism per site
E[mis_neut] = 0.0005382063
E[mis_sel] = 0.0003248200

---- alpha_div = 0.257905
---- alpha_dfe = 0.257635

