---- Running command
---- ./polyDFE -d Mmc/785.polyDFE.config.txt -m C -e 
---- Performing inference using model C

---- Performing inference on Mmc/785.polyDFE.config.txt
---- No mutation variability. Using Poisson likelihood.


---- Calculating initial values

-- Starting local optimization
-- Optimizing all parameters
  it        eps_an        lambda     theta_bar           S_d             b           p_b           S_b           r 2           r 3           r 4           r 5           r 6           r 7           r 8           r 9          r 10          r 11          r 12          r 13          r 14          r 15          r 16          r 17          r 18          r 19          r 20           ln lk          grad status 
   0           0.1 0.01927171025 0.01135284823        -20000         0.208           0.1            20 0.86952917145 0.73077377807 0.63948380191 0.58058326723 0.55473715388 0.54125946919 0.53917553954 0.53066644337 0.54945230000 0.55063652578 0.59178156108 0.62591123848 0.66674845589 0.74746060117 0.86830678605 1.10646272971 1.57360572222             1             1 -1117324.141127 23138.7099675   -2 
 400 0.00215541220 0.01932701662 0.01016055812 -95.531756837 0.10785110399 0.00595099875 20.9149209570 0.86012673567 0.71375737637 0.61418229329 0.55188592954 0.52508593881 0.50600570106 0.49559918292 0.48101785080 0.49165914516 0.48276719469 0.51046016375 0.51364831618 0.52452863227 0.56059604601 0.59757527334 0.64907932579 0.70303207274 0.80588756488 1.00840878528 -288.6056875278 0.31590935739   -3 
-- Local optimization: stuck in the same solution
---- Best joint likelihood found -288.605687527859118 with gradient 0.31591

---- Results for Mmc/785.polyDFE.config.txt 
--  Model: C
--        eps_an        lambda     theta_bar             a 
-- 0.00215541220 0.01932701662 0.01016055812            -1 
--           S_d             b           p_b           S_b 
-- -95.531756837 0.10785110399 0.00595099875 20.9149209570 
--           r 2           r 3           r 4           r 5           r 6           r 7           r 8           r 9          r 10          r 11          r 12          r 13          r 14          r 15          r 16          r 17          r 18          r 19          r 20 
-- 0.86012673567 0.71375737637 0.61418229329 0.55188592954 0.52508593881 0.50600570106 0.49559918292 0.48101785080 0.49165914516 0.48276719469 0.51046016375 0.51364831618 0.52452863227 0.56059604601 0.59757527334 0.64907932579 0.70303207274 0.80588756488 1.00840878528 

---- Expected P_neut(i), 0 < i < n (neutral SFS per site) 
E[P_neut(1)] = 0.0101395868
E[P_neut(2)] = 0.0043611207
E[P_neut(3)] = 0.0024130168
E[P_neut(4)] = 0.0015575640
E[P_neut(5)] = 0.0011198950
E[P_neut(6)] = 0.0008880983
E[P_neut(7)] = 0.0007337537
E[P_neut(8)] = 0.0006290204
E[P_neut(9)] = 0.0005428362
E[P_neut(10)] = 0.0004995531
E[P_neut(11)] = 0.0004461352
E[P_neut(12)] = 0.0004326385
E[P_neut(13)] = 0.0004021757
E[P_neut(14)] = 0.0003817749
E[P_neut(15)] = 0.0003813301
E[P_neut(16)] = 0.0003820259
E[P_neut(17)] = 0.0003923160
E[P_neut(18)] = 0.0004054075
E[P_neut(19)] = 0.0004519327

---- Expected P_sel(i), 0 < i < n (selected SFS per site) 
E[P_sel(1)] = 0.0072544851
E[P_sel(2)] = 0.0028378929
E[P_sel(3)] = 0.0014975857
E[P_sel(4)] = 0.0009376436
E[P_sel(5)] = 0.0006594270
E[P_sel(6)] = 0.0005140609
E[P_sel(7)] = 0.0004189019
E[P_sel(8)] = 0.0003550443
E[P_sel(9)] = 0.0003034975
E[P_sel(10)] = 0.0002770767
E[P_sel(11)] = 0.0002458158
E[P_sel(12)] = 0.0002371081
E[P_sel(13)] = 0.0002195231
E[P_sel(14)] = 0.0002078467
E[P_sel(15)] = 0.0002074296
E[P_sel(16)] = 0.0002081437
E[P_sel(17)] = 0.0002149236
E[P_sel(18)] = 0.0002250165
E[P_sel(19)] = 0.0002599199

---- Expected D_neut and D_sel (neutral and selected divergence per site) 
E[D_neut] = 0.0198393164
E[D_sel] = 0.0125351327

---- Expected neutral and selected misattributed polymorphism per site
E[mis_neut] = 0.0005122998
E[mis_sel] = 0.0002995060

---- alpha_div = 0.197294
---- alpha_dfe = 0.197291

