---- Running command
---- ./polyDFE -d Mmc/786.polyDFE.config.txt -m C -e 
---- Performing inference using model C

---- Performing inference on Mmc/786.polyDFE.config.txt
---- No mutation variability. Using Poisson likelihood.


---- Calculating initial values

-- Starting local optimization
-- Optimizing all parameters
  it        eps_an        lambda     theta_bar           S_d             b           p_b           S_b           r 2           r 3           r 4           r 5           r 6           r 7           r 8           r 9          r 10          r 11          r 12          r 13          r 14          r 15          r 16          r 17          r 18          r 19          r 20           ln lk          grad status 
   0           0.1 0.01929325798 0.01136240687        -20000         0.208           0.1            20 0.87107124691 0.73433320302 0.64518939270 0.58091128201 0.55463640005 0.53705711207 0.54381761099 0.52997355069 0.54993209468 0.55094719191 0.59690069822 0.61842608302 0.66715426330 0.75088026218 0.86738835846 1.10830432281 1.57256208787             1             1 -1117615.726145 23197.1112404   -2 
1306 0.00066180768 0.01928750909 0.01013931573 -73.843939495 0.12733155707 0.02901981408 5.53628281046 0.86525604136 0.72030514368 0.62126312519 0.55637179875 0.52716713047 0.50800762749 0.49884263934 0.48350024905 0.49375920020 0.48045403975 0.51368764317 0.51241749908 0.52552264720 0.56211122263 0.58792869005 0.64679679718 0.71232044185 0.82294340348 1.13359447052 -275.5539538233 0.02090901623   -3 
-- Local optimization: stuck in the same solution
---- Best joint likelihood found -275.553953823313350 with gradient 0.02091

---- Results for Mmc/786.polyDFE.config.txt 
--  Model: C
--        eps_an        lambda     theta_bar             a 
-- 0.00066180768 0.01928750909 0.01013931573            -1 
--           S_d             b           p_b           S_b 
-- -73.843939495 0.12733155707 0.02901981408 5.53628281046 
--           r 2           r 3           r 4           r 5           r 6           r 7           r 8           r 9          r 10          r 11          r 12          r 13          r 14          r 15          r 16          r 17          r 18          r 19          r 20 
-- 0.86525604136 0.72030514368 0.62126312519 0.55637179875 0.52716713047 0.50800762749 0.49884263934 0.48350024905 0.49375920020 0.48045403975 0.51368764317 0.51241749908 0.52552264720 0.56211122263 0.58792869005 0.64679679718 0.71232044185 0.82294340348 1.13359447052 

---- Expected P_neut(i), 0 < i < n (neutral SFS per site) 
E[P_neut(1)] = 0.0101328961
E[P_neut(2)] = 0.0043839146
E[P_neut(3)] = 0.0024331112
E[P_neut(4)] = 0.0015740001
E[P_neut(5)] = 0.0011277506
E[P_neut(6)] = 0.0008905146
E[P_neut(7)] = 0.0007356132
E[P_neut(8)] = 0.0006321092
E[P_neut(9)] = 0.0005446395
E[P_neut(10)] = 0.0005006380
E[P_neut(11)] = 0.0004429288
E[P_neut(12)] = 0.0004341679
E[P_neut(13)] = 0.0003998812
E[P_neut(14)] = 0.0003809405
E[P_neut(15)] = 0.0003804568
E[P_neut(16)] = 0.0003733703
E[P_neut(17)] = 0.0003871251
E[P_neut(18)] = 0.0004038843
E[P_neut(19)] = 0.0004455819

---- Expected P_sel(i), 0 < i < n (selected SFS per site) 
E[P_sel(1)] = 0.0072450661
E[P_sel(2)] = 0.0028261098
E[P_sel(3)] = 0.0014895328
E[P_sel(4)] = 0.0009327685
E[P_sel(5)] = 0.0006532372
E[P_sel(6)] = 0.0005071584
E[P_sel(7)] = 0.0004135690
E[P_sel(8)] = 0.0003518844
E[P_sel(9)] = 0.0003009466
E[P_sel(10)] = 0.0002751639
E[P_sel(11)] = 0.0002426284
E[P_sel(12)] = 0.0002374850
E[P_sel(13)] = 0.0002188480
E[P_sel(14)] = 0.0002090473
E[P_sel(15)] = 0.0002098701
E[P_sel(16)] = 0.0002076589
E[P_sel(17)] = 0.0002179097
E[P_sel(18)] = 0.0002312806
E[P_sel(19)] = 0.0002617890

---- Expected D_neut and D_sel (neutral and selected divergence per site) 
E[D_neut] = 0.0198622027
E[D_sel] = 0.0125253745

---- Expected neutral and selected misattributed polymorphism per site
E[mis_neut] = 0.0005746936
E[mis_sel] = 0.0003472325

---- alpha_div = 0.265286
---- alpha_dfe = 0.265218

