---- Running command
---- ./polyDFE -d Mmc/787.polyDFE.config.txt -m C -e 
---- Performing inference using model C

---- Performing inference on Mmc/787.polyDFE.config.txt
---- No mutation variability. Using Poisson likelihood.


---- Calculating initial values

-- Starting local optimization
-- Optimizing all parameters
  it        eps_an        lambda     theta_bar           S_d             b           p_b           S_b           r 2           r 3           r 4           r 5           r 6           r 7           r 8           r 9          r 10          r 11          r 12          r 13          r 14          r 15          r 16          r 17          r 18          r 19          r 20           ln lk          grad status 
   0           0.1 0.01924502795 0.01136300548        -20000         0.208           0.1            20 0.87266887017 0.73286817032 0.64759491500 0.58308930108 0.55642287297 0.54324801518 0.53497173671 0.52652161017 0.55600132928 0.55052063621 0.58631606151 0.62888597930 0.66651721849 0.75054700569 0.86319729989 1.10142970597 1.57254913963             1             1 -1114538.865115 23116.7754394   -2 
 693 0.00109198744 0.01923050354 0.01015063290 -85.404912139 0.11869334987 0.02019683578 7.37687740998 0.86424241229 0.72095773385 0.62295989421 0.55520875487 0.52758677668 0.50719036064 0.49764407992 0.48232834182 0.49612886086 0.48207016943 0.50830364660 0.51868338950 0.52211629556 0.55657479040 0.58525750756 0.64761469625 0.69690469514 0.80352436563 1.15253820506 -280.2600140934 0.13812014684   -8 
-- Local optimization: reached maximum number of likelihood evaluations allowed.
---- Best joint likelihood found -280.260014093437348 with gradient 0.13812

---- Results for Mmc/787.polyDFE.config.txt 
--  Model: C
--        eps_an        lambda     theta_bar             a 
-- 0.00109198744 0.01923050354 0.01015063290            -1 
--           S_d             b           p_b           S_b 
-- -85.404912139 0.11869334987 0.02019683578 7.37687740998 
--           r 2           r 3           r 4           r 5           r 6           r 7           r 8           r 9          r 10          r 11          r 12          r 13          r 14          r 15          r 16          r 17          r 18          r 19          r 20 
-- 0.86424241229 0.72095773385 0.62295989421 0.55520875487 0.52758677668 0.50719036064 0.49764407992 0.48232834182 0.49612886086 0.48207016943 0.50830364660 0.51868338950 0.52211629556 0.55657479040 0.58525750756 0.64761469625 0.69690469514 0.80352436563 1.15253820506 

---- Expected P_neut(i), 0 < i < n (neutral SFS per site) 
E[P_neut(1)] = 0.0101400173
E[P_neut(2)] = 0.0043819431
E[P_neut(3)] = 0.0024371509
E[P_neut(4)] = 0.0015795385
E[P_neut(5)] = 0.0011263245
E[P_neut(6)] = 0.0008919953
E[P_neut(7)] = 0.0007351110
E[P_neut(8)] = 0.0006312053
E[P_neut(9)] = 0.0005438848
E[P_neut(10)] = 0.0005036022
E[P_neut(11)] = 0.0004449553
E[P_neut(12)] = 0.0004301870
E[P_neut(13)] = 0.0004053582
E[P_neut(14)] = 0.0003791192
E[P_neut(15)] = 0.0003774586
E[P_neut(16)] = 0.0003726167
E[P_neut(17)] = 0.0003889297
E[P_neut(18)] = 0.0003973620
E[P_neut(19)] = 0.0004398935

---- Expected P_sel(i), 0 < i < n (selected SFS per site) 
E[P_sel(1)] = 0.0072241583
E[P_sel(2)] = 0.0028250114
E[P_sel(3)] = 0.0014951593
E[P_sel(4)] = 0.0009390680
E[P_sel(5)] = 0.0006548829
E[P_sel(6)] = 0.0005100302
E[P_sel(7)] = 0.0004149097
E[P_sel(8)] = 0.0003526610
E[P_sel(9)] = 0.0003014803
E[P_sel(10)] = 0.0002774871
E[P_sel(11)] = 0.0002441489
E[P_sel(12)] = 0.0002354722
E[P_sel(13)] = 0.0002217490
E[P_sel(14)] = 0.0002076948
E[P_sel(15)] = 0.0002075811
E[P_sel(16)] = 0.0002063293
E[P_sel(17)] = 0.0002177139
E[P_sel(18)] = 0.0002262034
E[P_sel(19)] = 0.0002574813

---- Expected D_neut and D_sel (neutral and selected divergence per site) 
E[D_neut] = 0.0198154532
E[D_sel] = 0.0125167452

---- Expected neutral and selected misattributed polymorphism per site
E[mis_neut] = 0.0005849496
E[mis_sel] = 0.0003518375

---- alpha_div = 0.241648
---- alpha_dfe = 0.241454

