---- Running command
---- ./polyDFE -d Mmc/788.polyDFE.config.txt -m C -e 
---- Performing inference using model C

---- Performing inference on Mmc/788.polyDFE.config.txt
---- No mutation variability. Using Poisson likelihood.


---- Calculating initial values

-- Starting local optimization
-- Optimizing all parameters
  it        eps_an        lambda     theta_bar           S_d             b           p_b           S_b           r 2           r 3           r 4           r 5           r 6           r 7           r 8           r 9          r 10          r 11          r 12          r 13          r 14          r 15          r 16          r 17          r 18          r 19          r 20           ln lk          grad status 
   0           0.1 0.01927053736 0.01136216983        -20000         0.208           0.1            20 0.87352917219 0.73617162069 0.64310811821 0.58667629506 0.55202854327 0.54577194042 0.53751910277 0.53009061620 0.55551145464 0.55401403326 0.59338705054 0.62688791792 0.66262077188 0.75567288095 0.86730720631 1.11190703916 1.57809062217             1             1 -1116303.937138 23178.3895788   -2 
 679 0.00121179085 0.01930326743 0.01015499048 -75.175552752 0.12588010497 0.02504330244 6.30944679231 0.86381863676 0.72226881663 0.61996297634 0.55739176842 0.52748494740 0.51175308773 0.49401465171 0.48601196241 0.49773954144 0.48670247393 0.51088131487 0.51488381144 0.52051212434 0.55937794826 0.58902977015 0.65194222123 0.70668545167 0.81922444434 1.05754546274 -271.8493462279 0.05703263176   -3 
-- Local optimization: stuck in the same solution
---- Best joint likelihood found -271.849346227929345 with gradient 0.05703

---- Results for Mmc/788.polyDFE.config.txt 
--  Model: C
--        eps_an        lambda     theta_bar             a 
-- 0.00121179085 0.01930326743 0.01015499048            -1 
--           S_d             b           p_b           S_b 
-- -75.175552752 0.12588010497 0.02504330244 6.30944679231 
--           r 2           r 3           r 4           r 5           r 6           r 7           r 8           r 9          r 10          r 11          r 12          r 13          r 14          r 15          r 16          r 17          r 18          r 19          r 20 
-- 0.86381863676 0.72226881663 0.61996297634 0.55739176842 0.52748494740 0.51175308773 0.49401465171 0.48601196241 0.49773954144 0.48670247393 0.51088131487 0.51488381144 0.52051212434 0.55937794826 0.58902977015 0.65194222123 0.70668545167 0.81922444434 1.05754546274 

---- Expected P_neut(i), 0 < i < n (neutral SFS per site) 
E[P_neut(1)] = 0.0101432153
E[P_neut(2)] = 0.0043812032
E[P_neut(3)] = 0.0024423869
E[P_neut(4)] = 0.0015724753
E[P_neut(5)] = 0.0011311487
E[P_neut(6)] = 0.0008921431
E[P_neut(7)] = 0.0007419946
E[P_neut(8)] = 0.0006268533
E[P_neut(9)] = 0.0005482629
E[P_neut(10)] = 0.0005054540
E[P_neut(11)] = 0.0004494345
E[P_neut(12)] = 0.0004325689
E[P_neut(13)] = 0.0004026153
E[P_neut(14)] = 0.0003781812
E[P_neut(15)] = 0.0003796114
E[P_neut(16)] = 0.0003753037
E[P_neut(17)] = 0.0003919300
E[P_neut(18)] = 0.0004035198
E[P_neut(19)] = 0.0004496286

---- Expected P_sel(i), 0 < i < n (selected SFS per site) 
E[P_sel(1)] = 0.0072437599
E[P_sel(2)] = 0.0028212633
E[P_sel(3)] = 0.0014935236
E[P_sel(4)] = 0.0009306880
E[P_sel(5)] = 0.0006542456
E[P_sel(6)] = 0.0005072131
E[P_sel(7)] = 0.0004163163
E[P_sel(8)] = 0.0003481383
E[P_sel(9)] = 0.0003021236
E[P_sel(10)] = 0.0002769409
E[P_sel(11)] = 0.0002453124
E[P_sel(12)] = 0.0002356539
E[P_sel(13)] = 0.0002193464
E[P_sel(14)] = 0.0002064921
E[P_sel(15)] = 0.0002082579
E[P_sel(16)] = 0.0002075187
E[P_sel(17)] = 0.0002193066
E[P_sel(18)] = 0.0002298328
E[P_sel(19)] = 0.0002635224

---- Expected D_neut and D_sel (neutral and selected divergence per site) 
E[D_neut] = 0.0198402356
E[D_sel] = 0.0125104150

---- Expected neutral and selected misattributed polymorphism per site
E[mis_neut] = 0.0005369682
E[mis_sel] = 0.0003231819

---- alpha_div = 0.258777
---- alpha_dfe = 0.258642

