---- Running command
---- ./polyDFE -d Mmc/789.polyDFE.config.txt -m C -e 
---- Performing inference using model C

---- Performing inference on Mmc/789.polyDFE.config.txt
---- No mutation variability. Using Poisson likelihood.


---- Calculating initial values

-- Starting local optimization
-- Optimizing all parameters
  it        eps_an        lambda     theta_bar           S_d             b           p_b           S_b           r 2           r 3           r 4           r 5           r 6           r 7           r 8           r 9          r 10          r 11          r 12          r 13          r 14          r 15          r 16          r 17          r 18          r 19          r 20           ln lk          grad status 
   0           0.1 0.01929056466 0.01136172773        -20000         0.208           0.1            20 0.87693239870 0.73318990546 0.64353747288 0.58037689434 0.55668279303 0.53988405041 0.53644181436 0.53787588630 0.54952884249 0.55813226864 0.59728512755 0.61563074027 0.66987548340 0.75063061437 0.86397320858 1.10495170060 1.57976693468             1             1 -1116979.373440 23186.4131615   -2 
1242 0.00045315298 0.01926684520 0.01014562431 -78.870864424 0.12312034627 0.02229432472 6.87960630338 0.86706925916 0.72030604489 0.62044851881 0.55393555305 0.52968537506 0.50785157263 0.49572359819 0.49039004876 0.49162337052 0.48766279050 0.51381236703 0.51117927348 0.52648210989 0.55866690542 0.58745962370 0.64730598327 0.71215083349 0.83307631408 1.16927434347 -264.0657739804 0.02260189730   -3 
-- Local optimization: stuck in the same solution
---- Best joint likelihood found -264.065773980400991 with gradient 0.02260

---- Results for Mmc/789.polyDFE.config.txt 
--  Model: C
--        eps_an        lambda     theta_bar             a 
-- 0.00045315298 0.01926684520 0.01014562431            -1 
--           S_d             b           p_b           S_b 
-- -78.870864424 0.12312034627 0.02229432472 6.87960630338 
--           r 2           r 3           r 4           r 5           r 6           r 7           r 8           r 9          r 10          r 11          r 12          r 13          r 14          r 15          r 16          r 17          r 18          r 19          r 20 
-- 0.86706925916 0.72030604489 0.62044851881 0.55393555305 0.52968537506 0.50785157263 0.49572359819 0.49039004876 0.49162337052 0.48766279050 0.51381236703 0.51117927348 0.52648210989 0.55866690542 0.58745962370 0.64730598327 0.71215083349 0.83307631408 1.16927434347 

---- Expected P_neut(i), 0 < i < n (neutral SFS per site) 
E[P_neut(1)] = 0.0101412284
E[P_neut(2)] = 0.0043966682
E[P_neut(3)] = 0.0024350560
E[P_neut(4)] = 0.0015731651
E[P_neut(5)] = 0.0011236663
E[P_neut(6)] = 0.0008954318
E[P_neut(7)] = 0.0007359146
E[P_neut(8)] = 0.0006285901
E[P_neut(9)] = 0.0005527659
E[P_neut(10)] = 0.0004987826
E[P_neut(11)] = 0.0004498325
E[P_neut(12)] = 0.0004345003
E[P_neut(13)] = 0.0003990938
E[P_neut(14)] = 0.0003817680
E[P_neut(15)] = 0.0003782064
E[P_neut(16)] = 0.0003730534
E[P_neut(17)] = 0.0003872420
E[P_neut(18)] = 0.0004032121
E[P_neut(19)] = 0.0004492422

---- Expected P_sel(i), 0 < i < n (selected SFS per site) 
E[P_sel(1)] = 0.0072321176
E[P_sel(2)] = 0.0028304448
E[P_sel(3)] = 0.0014896040
E[P_sel(4)] = 0.0009317779
E[P_sel(5)] = 0.0006505099
E[P_sel(6)] = 0.0005095778
E[P_sel(7)] = 0.0004132955
E[P_sel(8)] = 0.0003493980
E[P_sel(9)] = 0.0003048116
E[P_sel(10)] = 0.0002734081
E[P_sel(11)] = 0.0002455684
E[P_sel(12)] = 0.0002366600
E[P_sel(13)] = 0.0002172947
E[P_sel(14)] = 0.0002082220
E[P_sel(15)] = 0.0002071459
E[P_sel(16)] = 0.0002058061
E[P_sel(17)] = 0.0002160346
E[P_sel(18)] = 0.0002287337
E[P_sel(19)] = 0.0002615391

---- Expected D_neut and D_sel (neutral and selected divergence per site) 
E[D_neut] = 0.0198599961
E[D_sel] = 0.0125071770

---- Expected neutral and selected misattributed polymorphism per site
E[mis_neut] = 0.0005931509
E[mis_sel] = 0.0003560171

---- alpha_div = 0.250259
---- alpha_dfe = 0.250146

