---- Running command
---- ./polyDFE -d Mmc/79.polyDFE.config.txt -m C -e 
---- Performing inference using model C

---- Performing inference on Mmc/79.polyDFE.config.txt
---- No mutation variability. Using Poisson likelihood.


---- Calculating initial values

-- Starting local optimization
-- Optimizing all parameters
  it        eps_an        lambda     theta_bar           S_d             b           p_b           S_b           r 2           r 3           r 4           r 5           r 6           r 7           r 8           r 9          r 10          r 11          r 12          r 13          r 14          r 15          r 16          r 17          r 18          r 19          r 20           ln lk          grad status 
   0           0.1 0.01927068283 0.01133735251        -20000         0.208           0.1            20 0.87630646537 0.73497597094 0.64475863400 0.58328586093 0.55963240296 0.53775469205 0.54210061330 0.53228146378 0.54832156552 0.55407261414 0.59153588150 0.63210365546 0.66763773784 0.74720904575 0.86486346758 1.11286695599 1.58548887233             1             1 -1117622.740978 23166.9824835   -2 
 718 0.00042369549 0.01924364424 0.01012182109 -75.601701338 0.12317439780 0.01992163647 7.57689788255 0.86744777272 0.72226368439 0.62163807894 0.55835147555 0.52859326356 0.50503990147 0.49704313530 0.48701719866 0.49200845762 0.48474972855 0.51371445122 0.52110570587 0.52673248939 0.55870685095 0.59495248338 0.65408867904 0.71189177214 0.83358626737 1.17941103271 -285.7585622763 0.02364641643   -3 
-- Local optimization: stuck in the same solution
---- Best joint likelihood found -285.758562276358134 with gradient 0.02365

---- Results for Mmc/79.polyDFE.config.txt 
--  Model: C
--        eps_an        lambda     theta_bar             a 
-- 0.00042369549 0.01924364424 0.01012182109            -1 
--           S_d             b           p_b           S_b 
-- -75.601701338 0.12317439780 0.01992163647 7.57689788255 
--           r 2           r 3           r 4           r 5           r 6           r 7           r 8           r 9          r 10          r 11          r 12          r 13          r 14          r 15          r 16          r 17          r 18          r 19          r 20 
-- 0.86744777272 0.72226368439 0.62163807894 0.55835147555 0.52859326356 0.50503990147 0.49704313530 0.48701719866 0.49200845762 0.48474972855 0.51371445122 0.52110570587 0.52673248939 0.55870685095 0.59495248338 0.65408867904 0.71189177214 0.83358626737 1.17941103271 

---- Expected P_neut(i), 0 < i < n (neutral SFS per site) 
E[P_neut(1)] = 0.0101177207
E[P_neut(2)] = 0.0043883851
E[P_neut(3)] = 0.0024360071
E[P_neut(4)] = 0.0015725203
E[P_neut(5)] = 0.0011299876
E[P_neut(6)] = 0.0008915046
E[P_neut(7)] = 0.0007301373
E[P_neut(8)] = 0.0006287899
E[P_neut(9)] = 0.0005476793
E[P_neut(10)] = 0.0004980022
E[P_neut(11)] = 0.0004460931
E[P_neut(12)] = 0.0004333933
E[P_neut(13)] = 0.0004058713
E[P_neut(14)] = 0.0003810373
E[P_neut(15)] = 0.0003773279
E[P_neut(16)] = 0.0003768822
E[P_neut(17)] = 0.0003903127
E[P_neut(18)] = 0.0004020038
E[P_neut(19)] = 0.0004481747

---- Expected P_sel(i), 0 < i < n (selected SFS per site) 
E[P_sel(1)] = 0.0072391950
E[P_sel(2)] = 0.0028339300
E[P_sel(3)] = 0.0014943348
E[P_sel(4)] = 0.0009336830
E[P_sel(5)] = 0.0006555654
E[P_sel(6)] = 0.0005082609
E[P_sel(7)] = 0.0004106558
E[P_sel(8)] = 0.0003499028
E[P_sel(9)] = 0.0003022358
E[P_sel(10)] = 0.0002730804
E[P_sel(11)] = 0.0002435142
E[P_sel(12)] = 0.0002359390
E[P_sel(13)] = 0.0002207685
E[P_sel(14)] = 0.0002075152
E[P_sel(15)] = 0.0002062507
E[P_sel(16)] = 0.0002073955
E[P_sel(17)] = 0.0002171038
E[P_sel(18)] = 0.0002273215
E[P_sel(19)] = 0.0002602011

---- Expected D_neut and D_sel (neutral and selected divergence per site) 
E[D_neut] = 0.0198405336
E[D_sel] = 0.0124996508

---- Expected neutral and selected misattributed polymorphism per site
E[mis_neut] = 0.0005968894
E[mis_sel] = 0.0003574742

---- alpha_div = 0.245210
---- alpha_dfe = 0.244959

