---- Running command
---- ./polyDFE -d Mmc/790.polyDFE.config.txt -m C -e 
---- Performing inference using model C

---- Performing inference on Mmc/790.polyDFE.config.txt
---- No mutation variability. Using Poisson likelihood.


---- Calculating initial values

-- Starting local optimization
-- Optimizing all parameters
  it        eps_an        lambda     theta_bar           S_d             b           p_b           S_b           r 2           r 3           r 4           r 5           r 6           r 7           r 8           r 9          r 10          r 11          r 12          r 13          r 14          r 15          r 16          r 17          r 18          r 19          r 20           ln lk          grad status 
   0           0.1 0.01928768476 0.01134042513        -20000         0.208           0.1            20 0.86775375912 0.73022110144 0.64548490519 0.58853332403 0.55471369505 0.53525653968 0.54095630100 0.53209802706 0.56390846350 0.56285216147 0.59975917426 0.62174438098 0.66324853117 0.75380180648 0.86984275305 1.09857764963 1.57013910831             1             1 -1118877.042978 23161.7925516   -2 
1137 0.00063852924 0.01930873869 0.01011555244 -73.550956150 0.12221210653 0.01846762061 7.96553342442 0.86270214987 0.71901613308 0.62416970141 0.55944095886 0.52716357492 0.50515388512 0.49765847577 0.48876253907 0.50133181666 0.48953801308 0.51315523485 0.51662613443 0.52544413372 0.56026692791 0.59642098453 0.64651786093 0.71258322635 0.83263322687 1.08365104751 -295.9211736831 0.02808144308   -3 
-- Local optimization: stuck in the same solution
---- Best joint likelihood found -295.921173683178495 with gradient 0.02808

---- Results for Mmc/790.polyDFE.config.txt 
--  Model: C
--        eps_an        lambda     theta_bar             a 
-- 0.00063852924 0.01930873869 0.01011555244            -1 
--           S_d             b           p_b           S_b 
-- -73.550956150 0.12221210653 0.01846762061 7.96553342442 
--           r 2           r 3           r 4           r 5           r 6           r 7           r 8           r 9          r 10          r 11          r 12          r 13          r 14          r 15          r 16          r 17          r 18          r 19          r 20 
-- 0.86270214987 0.71901613308 0.62416970141 0.55944095886 0.52716357492 0.50515388512 0.49765847577 0.48876253907 0.50133181666 0.48953801308 0.51315523485 0.51662613443 0.52544413372 0.56026692791 0.59642098453 0.64651786093 0.71258322635 0.83263322687 1.08365104751 

---- Expected P_neut(i), 0 < i < n (neutral SFS per site) 
E[P_neut(1)] = 0.0101093764
E[P_neut(2)] = 0.0043608240
E[P_neut(3)] = 0.0024231127
E[P_neut(4)] = 0.0015776882
E[P_neut(5)] = 0.0011313294
E[P_neut(6)] = 0.0008884334
E[P_neut(7)] = 0.0007297778
E[P_neut(8)] = 0.0006291357
E[P_neut(9)] = 0.0005492815
E[P_neut(10)] = 0.0005071248
E[P_neut(11)] = 0.0004502404
E[P_neut(12)] = 0.0004326963
E[P_neut(13)] = 0.0004022063
E[P_neut(14)] = 0.0003799792
E[P_neut(15)] = 0.0003783087
E[P_neut(16)] = 0.0003778376
E[P_neut(17)] = 0.0003860016
E[P_neut(18)] = 0.0004029845
E[P_neut(19)] = 0.0004494679

---- Expected P_sel(i), 0 < i < n (selected SFS per site) 
E[P_sel(1)] = 0.0072619861
E[P_sel(2)] = 0.0028292849
E[P_sel(3)] = 0.0014936787
E[P_sel(4)] = 0.0009413796
E[P_sel(5)] = 0.0006595772
E[P_sel(6)] = 0.0005089727
E[P_sel(7)] = 0.0004124067
E[P_sel(8)] = 0.0003517124
E[P_sel(9)] = 0.0003044676
E[P_sel(10)] = 0.0002792611
E[P_sel(11)] = 0.0002467592
E[P_sel(12)] = 0.0002364324
E[P_sel(13)] = 0.0002195135
E[P_sel(14)] = 0.0002075596
E[P_sel(15)] = 0.0002073192
E[P_sel(16)] = 0.0002083603
E[P_sel(17)] = 0.0002150593
E[P_sel(18)] = 0.0002281747
E[P_sel(19)] = 0.0002614348

---- Expected D_neut and D_sel (neutral and selected divergence per site) 
E[D_neut] = 0.0198568251
E[D_sel] = 0.0125176731

---- Expected neutral and selected misattributed polymorphism per site
E[mis_neut] = 0.0005480865
E[mis_sel] = 0.0003282896

---- alpha_div = 0.238298
---- alpha_dfe = 0.238117

