---- Running command
---- ./polyDFE -d Mmc/791.polyDFE.config.txt -m C -e 
---- Performing inference using model C

---- Performing inference on Mmc/791.polyDFE.config.txt
---- No mutation variability. Using Poisson likelihood.


---- Calculating initial values

-- Starting local optimization
-- Optimizing all parameters
  it        eps_an        lambda     theta_bar           S_d             b           p_b           S_b           r 2           r 3           r 4           r 5           r 6           r 7           r 8           r 9          r 10          r 11          r 12          r 13          r 14          r 15          r 16          r 17          r 18          r 19          r 20           ln lk          grad status 
   0           0.1 0.01926661125 0.01135853722        -20000         0.208           0.1            20 0.87216783754 0.73715924879 0.64017130351 0.58408957318 0.55405356161 0.53442538814 0.53689963202 0.52559431858 0.55150992373 0.54719953900 0.58929450475 0.62801029177 0.66691191708 0.75298652142 0.86662418445 1.11517413938 1.58212309649             1             1 -1117126.735333 23160.1894869   -2 
 815 0.00261804574 0.01931452500 0.01016082223 -83.630684941 0.11751699858 0.01550847844 9.20159024462 0.86401323259 0.72099985939 0.61871166203 0.55577163921 0.52535298943 0.50486011913 0.49600976333 0.47954347910 0.49320075593 0.47933662539 0.50740080671 0.51435529018 0.52440690174 0.55641880032 0.58352623978 0.64858294715 0.69869024089 0.78700521693 1.02591854213 -265.6071500439 0.13554252863   -3 
-- Local optimization: stuck in the same solution
---- Best joint likelihood found -265.607150043957517 with gradient 0.13554

---- Results for Mmc/791.polyDFE.config.txt 
--  Model: C
--        eps_an        lambda     theta_bar             a 
-- 0.00261804574 0.01931452500 0.01016082223            -1 
--           S_d             b           p_b           S_b 
-- -83.630684941 0.11751699858 0.01550847844 9.20159024462 
--           r 2           r 3           r 4           r 5           r 6           r 7           r 8           r 9          r 10          r 11          r 12          r 13          r 14          r 15          r 16          r 17          r 18          r 19          r 20 
-- 0.86401323259 0.72099985939 0.61871166203 0.55577163921 0.52535298943 0.50486011913 0.49600976333 0.47954347910 0.49320075593 0.47933662539 0.50740080671 0.51435529018 0.52440690174 0.55641880032 0.58352623978 0.64858294715 0.69869024089 0.78700521693 1.02591854213 

---- Expected P_neut(i), 0 < i < n (neutral SFS per site) 
E[P_neut(1)] = 0.0101353226
E[P_neut(2)] = 0.0043790830
E[P_neut(3)] = 0.0024366055
E[P_neut(4)] = 0.0015685103
E[P_neut(5)] = 0.0011274493
E[P_neut(6)] = 0.0008883370
E[P_neut(7)] = 0.0007319616
E[P_neut(8)] = 0.0006294589
E[P_neut(9)] = 0.0005411369
E[P_neut(10)] = 0.0005011325
E[P_neut(11)] = 0.0004430268
E[P_neut(12)] = 0.0004301586
E[P_neut(13)] = 0.0004028870
E[P_neut(14)] = 0.0003819331
E[P_neut(15)] = 0.0003788816
E[P_neut(16)] = 0.0003737136
E[P_neut(17)] = 0.0003930334
E[P_neut(18)] = 0.0004048632
E[P_neut(19)] = 0.0004463744

---- Expected P_sel(i), 0 < i < n (selected SFS per site) 
E[P_sel(1)] = 0.0072371737
E[P_sel(2)] = 0.0028298465
E[P_sel(3)] = 0.0014980327
E[P_sel(4)] = 0.0009342051
E[P_sel(5)] = 0.0006564646
E[P_sel(6)] = 0.0005084242
E[P_sel(7)] = 0.0004133139
E[P_sel(8)] = 0.0003516374
E[P_sel(9)] = 0.0002997250
E[P_sel(10)] = 0.0002757174
E[P_sel(11)] = 0.0002425413
E[P_sel(12)] = 0.0002347227
E[P_sel(13)] = 0.0002195046
E[P_sel(14)] = 0.0002081805
E[P_sel(15)] = 0.0002070978
E[P_sel(16)] = 0.0002054850
E[P_sel(17)] = 0.0002183359
E[P_sel(18)] = 0.0002288927
E[P_sel(19)] = 0.0002613703

---- Expected D_neut and D_sel (neutral and selected divergence per site) 
E[D_neut] = 0.0198357338
E[D_sel] = 0.0125040541

---- Expected neutral and selected misattributed polymorphism per site
E[mis_neut] = 0.0005212088
E[mis_sel] = 0.0003110034

---- alpha_div = 0.229927
---- alpha_dfe = 0.229834

