---- Running command
---- ./polyDFE -d Mmc/792.polyDFE.config.txt -m C -e 
---- Performing inference using model C

---- Performing inference on Mmc/792.polyDFE.config.txt
---- No mutation variability. Using Poisson likelihood.


---- Calculating initial values

-- Starting local optimization
-- Optimizing all parameters
  it        eps_an        lambda     theta_bar           S_d             b           p_b           S_b           r 2           r 3           r 4           r 5           r 6           r 7           r 8           r 9          r 10          r 11          r 12          r 13          r 14          r 15          r 16          r 17          r 18          r 19          r 20           ln lk          grad status 
   0           0.1 0.01926835350 0.01136252259        -20000         0.208           0.1            20 0.87224295929 0.73245507741 0.64334870766 0.58870831826 0.56397113813 0.53326553438 0.53362633083 0.53629550714 0.55327299557 0.56652342499 0.59095370748 0.62148559969 0.66787598004 0.75685572408 0.86267634146 1.10993768026 1.58506496220             1             1 -1116165.330018 23164.8466390   -2 
 428 0.00441559892 0.01933063201 0.01019875974 -105.88185015 0.10608576839 0.00498697786 24.9380004446 0.86103055100 0.71508912552 0.62000276416 0.55477343935 0.52692312113 0.50228775078 0.49203551551 0.48711438822 0.49484717733 0.49078348849 0.50986470777 0.51125379482 0.52208445686 0.55673272492 0.58772892295 0.63638919695 0.68970057089 0.76358422623 0.99046627854 -300.4486022295 0.18129559986   -3 
-- Local optimization: stuck in the same solution
---- Best joint likelihood found -300.448602229589596 with gradient 0.18130

---- Results for Mmc/792.polyDFE.config.txt 
--  Model: C
--        eps_an        lambda     theta_bar             a 
-- 0.00441559892 0.01933063201 0.01019875974            -1 
--           S_d             b           p_b           S_b 
-- -105.88185015 0.10608576839 0.00498697786 24.9380004446 
--           r 2           r 3           r 4           r 5           r 6           r 7           r 8           r 9          r 10          r 11          r 12          r 13          r 14          r 15          r 16          r 17          r 18          r 19          r 20 
-- 0.86103055100 0.71508912552 0.62000276416 0.55477343935 0.52692312113 0.50228775078 0.49203551551 0.48711438822 0.49484717733 0.49078348849 0.50986470777 0.51125379482 0.52208445686 0.55673272492 0.58772892295 0.63638919695 0.68970057089 0.76358422623 0.99046627854 

---- Expected P_neut(i), 0 < i < n (neutral SFS per site) 
E[P_neut(1)] = 0.0101555360
E[P_neut(2)] = 0.0043730597
E[P_neut(3)] = 0.0024219589
E[P_neut(4)] = 0.0015754888
E[P_neut(5)] = 0.0011282750
E[P_neut(6)] = 0.0008933849
E[P_neut(7)] = 0.0007303557
E[P_neut(8)] = 0.0006264127
E[P_neut(9)] = 0.0005515677
E[P_neut(10)] = 0.0005046827
E[P_neut(11)] = 0.0004554629
E[P_neut(12)] = 0.0004341887
E[P_neut(13)] = 0.0004025492
E[P_neut(14)] = 0.0003826051
E[P_neut(15)] = 0.0003818575
E[P_neut(16)] = 0.0003799577
E[P_neut(17)] = 0.0003908356
E[P_neut(18)] = 0.0004084449
E[P_neut(19)] = 0.0004530981

---- Expected P_sel(i), 0 < i < n (selected SFS per site) 
E[P_sel(1)] = 0.0072182833
E[P_sel(2)] = 0.0028287874
E[P_sel(3)] = 0.0014949749
E[P_sel(4)] = 0.0009435831
E[P_sel(5)] = 0.0006610940
E[P_sel(6)] = 0.0005146417
E[P_sel(7)] = 0.0004149892
E[P_sel(8)] = 0.0003519059
E[P_sel(9)] = 0.0003069189
E[P_sel(10)] = 0.0002785786
E[P_sel(11)] = 0.0002497253
E[P_sel(12)] = 0.0002367566
E[P_sel(13)] = 0.0002185777
E[P_sel(14)] = 0.0002071653
E[P_sel(15)] = 0.0002065360
E[P_sel(16)] = 0.0002058122
E[P_sel(17)] = 0.0002129055
E[P_sel(18)] = 0.0002257941
E[P_sel(19)] = 0.0002618566

---- Expected D_neut and D_sel (neutral and selected divergence per site) 
E[D_neut] = 0.0198357084
E[D_sel] = 0.0125197688

---- Expected neutral and selected misattributed polymorphism per site
E[mis_neut] = 0.0005050764
E[mis_sel] = 0.0002928376

---- alpha_div = 0.197051
---- alpha_dfe = 0.197111

