---- Running command
---- ./polyDFE -d Mmc/793.polyDFE.config.txt -m C -e 
---- Performing inference using model C

---- Performing inference on Mmc/793.polyDFE.config.txt
---- No mutation variability. Using Poisson likelihood.


---- Calculating initial values

-- Starting local optimization
-- Optimizing all parameters
  it        eps_an        lambda     theta_bar           S_d             b           p_b           S_b           r 2           r 3           r 4           r 5           r 6           r 7           r 8           r 9          r 10          r 11          r 12          r 13          r 14          r 15          r 16          r 17          r 18          r 19          r 20           ln lk          grad status 
   0           0.1 0.01927718747 0.01135370910        -20000         0.208           0.1            20 0.87535698900 0.73389027192 0.64644977077 0.58346306745 0.56135667591 0.53819552532 0.53519948716 0.52821511057 0.55223481385 0.55841229760 0.59316487958 0.63078041596 0.67215690030 0.75608211155 0.86304716934 1.11346933517 1.60122787112             1             1 -1115625.196240 23148.6984156   -2 
1072 0.00090607679 0.01926604952 0.01014197668 -79.243099678 0.12091736902 0.01761231484 8.46280805246 0.86563185029 0.72093665893 0.62389976426 0.55591983248 0.53017227541 0.50551186791 0.49633293717 0.48253603728 0.49649600137 0.48668130368 0.51325131977  0.5214165624 0.52597269836 0.56362249315 0.59080333943 0.65352773986 0.72055722507 0.82170371898 1.14323215068 -272.0427164414 0.01580913405   -3 
-- Local optimization: stuck in the same solution
---- Best joint likelihood found -272.042716441457742 with gradient 0.01581

---- Results for Mmc/793.polyDFE.config.txt 
--  Model: C
--        eps_an        lambda     theta_bar             a 
-- 0.00090607679 0.01926604952 0.01014197668            -1 
--           S_d             b           p_b           S_b 
-- -79.243099678 0.12091736902 0.01761231484 8.46280805246 
--           r 2           r 3           r 4           r 5           r 6           r 7           r 8           r 9          r 10          r 11          r 12          r 13          r 14          r 15          r 16          r 17          r 18          r 19          r 20 
-- 0.86563185029 0.72093665893 0.62389976426 0.55591983248 0.53017227541 0.50551186791 0.49633293717 0.48253603728 0.49649600137 0.48668130368 0.51325131977  0.5214165624 0.52597269836 0.56362249315 0.59080333943 0.65352773986 0.72055722507 0.82170371898 1.14323215068 

---- Expected P_neut(i), 0 < i < n (neutral SFS per site) 
E[P_neut(1)] = 0.0101331847
E[P_neut(2)] = 0.0043859996
E[P_neut(3)] = 0.0024353859
E[P_neut(4)] = 0.0015808002
E[P_neut(5)] = 0.0011269488
E[P_neut(6)] = 0.0008956991
E[P_neut(7)] = 0.0007321178
E[P_neut(8)] = 0.0006290475
E[P_neut(9)] = 0.0005436771
E[P_neut(10)] = 0.0005035451
E[P_neut(11)] = 0.0004488052
E[P_neut(12)] = 0.0004339590
E[P_neut(13)] = 0.0004070792
E[P_neut(14)] = 0.0003814955
E[P_neut(15)] = 0.0003817595
E[P_neut(16)] = 0.0003755886
E[P_neut(17)] = 0.0003917411
E[P_neut(18)] = 0.0004096025
E[P_neut(19)] = 0.0004474078

---- Expected P_sel(i), 0 < i < n (selected SFS per site) 
E[P_sel(1)] = 0.0072365858
E[P_sel(2)] = 0.0028295240
E[P_sel(3)] = 0.0014932179
E[P_sel(4)] = 0.0009383993
E[P_sel(5)] = 0.0006537521
E[P_sel(6)] = 0.0005106338
E[P_sel(7)] = 0.0004117412
E[P_sel(8)] = 0.0003499893
E[P_sel(9)] = 0.0002999342
E[P_sel(10)] = 0.0002759795
E[P_sel(11)] = 0.0002448096
E[P_sel(12)] = 0.0002359986
E[P_sel(13)] = 0.0002211177
E[P_sel(14)] = 0.0002073984
E[P_sel(15)] = 0.0002082225
E[P_sel(16)] = 0.0002061639
E[P_sel(17)] = 0.0002173036
E[P_sel(18)] = 0.0002310574
E[P_sel(19)] = 0.0002598230

---- Expected D_neut and D_sel (neutral and selected divergence per site) 
E[D_neut] = 0.0198457812
E[D_sel] = 0.0125237144

---- Expected neutral and selected misattributed polymorphism per site
E[mis_neut] = 0.0005797317
E[mis_sel] = 0.0003465899

---- alpha_div = 0.240508
---- alpha_dfe = 0.240430

