---- Running command
---- ./polyDFE -d Mmc/794.polyDFE.config.txt -m C -e 
---- Performing inference using model C

---- Performing inference on Mmc/794.polyDFE.config.txt
---- No mutation variability. Using Poisson likelihood.


---- Calculating initial values

-- Starting local optimization
-- Optimizing all parameters
  it        eps_an        lambda     theta_bar           S_d             b           p_b           S_b           r 2           r 3           r 4           r 5           r 6           r 7           r 8           r 9          r 10          r 11          r 12          r 13          r 14          r 15          r 16          r 17          r 18          r 19          r 20           ln lk          grad status 
   0           0.1 0.01926617732 0.01131654273        -20000         0.208           0.1            20 0.87822131614 0.73709637885 0.64912855916 0.58536649673 0.55745702207 0.54236795270 0.54614362674 0.52602587389 0.55463434434 0.55645659819 0.59718531545 0.63332147395 0.66379261855 0.75462918651 0.87036225286 1.11242944941 1.58838823181             1             1 -1118787.827028 23180.0820741   -2 
 507 0.00346721538 0.01932731639 0.01014268658 -75.776248719 0.12034807252 0.01393636256 10.3482220630 0.86636653667 0.72099156330 0.62344897109 0.55858428810 0.52758516449 0.50827762584 0.50230406922 0.48238043837 0.49517693520 0.48742266458 0.51319475800 0.52003470756 0.52043200041 0.55583270593 0.58401215938 0.64402937942 0.69571785926 0.77286156825 1.00165514885 -276.8130923558 0.81625686385   -3 
-- Local optimization: stuck in the same solution
---- Best joint likelihood found -276.813092355892877 with gradient 0.81626

---- Results for Mmc/794.polyDFE.config.txt 
--  Model: C
--        eps_an        lambda     theta_bar             a 
-- 0.00346721538 0.01932731639 0.01014268658            -1 
--           S_d             b           p_b           S_b 
-- -75.776248719 0.12034807252 0.01393636256 10.3482220630 
--           r 2           r 3           r 4           r 5           r 6           r 7           r 8           r 9          r 10          r 11          r 12          r 13          r 14          r 15          r 16          r 17          r 18          r 19          r 20 
-- 0.86636653667 0.72099156330 0.62344897109 0.55858428810 0.52758516449 0.50827762584 0.50230406922 0.48238043837 0.49517693520 0.48742266458 0.51319475800 0.52003470756 0.52043200041 0.55583270593 0.58401215938 0.64402937942 0.69571785926 0.77286156825 1.00165514885 

---- Expected P_neut(i), 0 < i < n (neutral SFS per site) 
E[P_neut(1)] = 0.0101089502
E[P_neut(2)] = 0.0043797677
E[P_neut(3)] = 0.0024304777
E[P_neut(4)] = 0.0015766643
E[P_neut(5)] = 0.0011304835
E[P_neut(6)] = 0.0008900702
E[P_neut(7)] = 0.0007353248
E[P_neut(8)] = 0.0006361350
E[P_neut(9)] = 0.0005432994
E[P_neut(10)] = 0.0005022424
E[P_neut(11)] = 0.0004497607
E[P_neut(12)] = 0.0004344686
E[P_neut(13)] = 0.0004068813
E[P_neut(14)] = 0.0003788263
E[P_neut(15)] = 0.0003784681
E[P_neut(16)] = 0.0003744133
E[P_neut(17)] = 0.0003913658
E[P_neut(18)] = 0.0004058994
E[P_neut(19)] = 0.0004463097

---- Expected P_sel(i), 0 < i < n (selected SFS per site) 
E[P_sel(1)] = 0.0072485124
E[P_sel(2)] = 0.0028370191
E[P_sel(3)] = 0.0014958289
E[P_sel(4)] = 0.0009391280
E[P_sel(5)] = 0.0006577654
E[P_sel(6)] = 0.0005087195
E[P_sel(7)] = 0.0004144006
E[P_sel(8)] = 0.0003544797
E[P_sel(9)] = 0.0003000179
E[P_sel(10)] = 0.0002753617
E[P_sel(11)] = 0.0002452487
E[P_sel(12)] = 0.0002360204
E[P_sel(13)] = 0.0002205930
E[P_sel(14)] = 0.0002053850
E[P_sel(15)] = 0.0002056871
E[P_sel(16)] = 0.0002046400
E[P_sel(17)] = 0.0002161252
E[P_sel(18)] = 0.0002283670
E[P_sel(19)] = 0.0002614157

---- Expected D_neut and D_sel (neutral and selected divergence per site) 
E[D_neut] = 0.0198352901
E[D_sel] = 0.0125166820

---- Expected neutral and selected misattributed polymorphism per site
E[mis_neut] = 0.0005079737
E[mis_sel] = 0.0003018703

---- alpha_div = 0.231529
---- alpha_dfe = 0.231259

