---- Running command
---- ./polyDFE -d Mmc/795.polyDFE.config.txt -m C -e 
---- Performing inference using model C

---- Performing inference on Mmc/795.polyDFE.config.txt
---- No mutation variability. Using Poisson likelihood.


---- Calculating initial values

-- Starting local optimization
-- Optimizing all parameters
  it        eps_an        lambda     theta_bar           S_d             b           p_b           S_b           r 2           r 3           r 4           r 5           r 6           r 7           r 8           r 9          r 10          r 11          r 12          r 13          r 14          r 15          r 16          r 17          r 18          r 19          r 20           ln lk          grad status 
   0           0.1 0.01930734941 0.01135615836        -20000         0.208           0.1            20 0.87160049495 0.73059959843 0.64478383623 0.57700186102 0.55436553494 0.54171214530 0.53628613712 0.52498034741 0.55452862159 0.54615292855 0.59898360151 0.63203842064 0.66030123091 0.75432422715 0.87256938596 1.11087423620 1.56723746896             1             1 -1118435.713163 23191.5793388   -2 
 861 0.00182331321 0.01921582954 0.01015187768 -79.266235315 0.12312102463 0.02829617633 5.47172687728 0.86357802223 0.71466586491 0.62047864993 0.55239406744 0.52723099076 0.50834758055 0.49434905885 0.48119916617 0.49689826744 0.47811571812 0.51431421287 0.51817899484 0.52299675799 0.56301748460 0.58941764544 0.64158482786 0.69475294093 0.79137932500 1.29973521541 -264.5418142728 0.01210865494   -8 
-- Local optimization: reached maximum number of likelihood evaluations allowed.
---- Best joint likelihood found -264.541814272859483 with gradient 0.01211

---- Results for Mmc/795.polyDFE.config.txt 
--  Model: C
--        eps_an        lambda     theta_bar             a 
-- 0.00182331321 0.01921582954 0.01015187768            -1 
--           S_d             b           p_b           S_b 
-- -79.266235315 0.12312102463 0.02829617633 5.47172687728 
--           r 2           r 3           r 4           r 5           r 6           r 7           r 8           r 9          r 10          r 11          r 12          r 13          r 14          r 15          r 16          r 17          r 18          r 19          r 20 
-- 0.86357802223 0.71466586491 0.62047864993 0.55239406744 0.52723099076 0.50834758055 0.49434905885 0.48119916617 0.49689826744 0.47811571812 0.51431421287 0.51817899484 0.52299675799 0.56301748460 0.58941764544 0.64158482786 0.69475294093 0.79137932500 1.29973521541 

---- Expected P_neut(i), 0 < i < n (neutral SFS per site) 
E[P_neut(1)] = 0.0101341386
E[P_neut(2)] = 0.0043761912
E[P_neut(3)] = 0.0024146892
E[P_neut(4)] = 0.0015725665
E[P_neut(5)] = 0.0011202172
E[P_neut(6)] = 0.0008911291
E[P_neut(7)] = 0.0007366339
E[P_neut(8)] = 0.0006269709
E[P_neut(9)] = 0.0005426010
E[P_neut(10)] = 0.0005044450
E[P_neut(11)] = 0.0004414372
E[P_neut(12)] = 0.0004354551
E[P_neut(13)] = 0.0004052595
E[P_neut(14)] = 0.0003801778
E[P_neut(15)] = 0.0003823958
E[P_neut(16)] = 0.0003761704
E[P_neut(17)] = 0.0003868457
E[P_neut(18)] = 0.0003991139
E[P_neut(19)] = 0.0004405805

---- Expected P_sel(i), 0 < i < n (selected SFS per site) 
E[P_sel(1)] = 0.0072429834
E[P_sel(2)] = 0.0028269345
E[P_sel(3)] = 0.0014835203
E[P_sel(4)] = 0.0009361502
E[P_sel(5)] = 0.0006522650
E[P_sel(6)] = 0.0005104174
E[P_sel(7)] = 0.0004166725
E[P_sel(8)] = 0.0003512531
E[P_sel(9)] = 0.0003017945
E[P_sel(10)] = 0.0002791173
E[P_sel(11)] = 0.0002434493
E[P_sel(12)] = 0.0002398013
E[P_sel(13)] = 0.0002232769
E[P_sel(14)] = 0.0002099969
E[P_sel(15)] = 0.0002122761
E[P_sel(16)] = 0.0002104855
E[P_sel(17)] = 0.0002190155
E[P_sel(18)] = 0.0002299130
E[P_sel(19)] = 0.0002611917

---- Expected D_neut and D_sel (neutral and selected divergence per site) 
E[D_neut] = 0.0198755672
E[D_sel] = 0.0125291358

---- Expected neutral and selected misattributed polymorphism per site
E[mis_neut] = 0.0006597376
E[mis_sel] = 0.0003993424

---- alpha_div = 0.255909
---- alpha_dfe = 0.255873

