---- Running command
---- ./polyDFE -d Mmc/796.polyDFE.config.txt -m C -e 
---- Performing inference using model C

---- Performing inference on Mmc/796.polyDFE.config.txt
---- No mutation variability. Using Poisson likelihood.


---- Calculating initial values

-- Starting local optimization
-- Optimizing all parameters
  it        eps_an        lambda     theta_bar           S_d             b           p_b           S_b           r 2           r 3           r 4           r 5           r 6           r 7           r 8           r 9          r 10          r 11          r 12          r 13          r 14          r 15          r 16          r 17          r 18          r 19          r 20           ln lk          grad status 
   0           0.1 0.01929670750 0.01138579119        -20000         0.208           0.1            20 0.86936984160 0.73111959751 0.63965100681 0.58171878337 0.55780633033 0.53622918494 0.53404945339 0.52953483304 0.54576320853 0.55670450057 0.58286114870 0.62095175366 0.66924493780 0.75091357979 0.86192535588 1.11063471509 1.58878733648             1             1 -1118376.621056 23182.3714245   -2 
 411 0.00281111561 0.01935309483 0.01020168580 -108.39998932 0.10467267859 0.00447827638 26.8626620407 0.85927449761 0.71501898336 0.61295406286 0.55115750245 0.52434503571 0.50110413648 0.49056446666 0.47918704911 0.48803303796 0.48529273010 0.50855395232 0.51108835403 0.52945168994 0.56103988333 0.58637478931 0.64824704528 0.70659905035 0.79424879299 1.00441649239 -297.1045234242 0.27446212729   -3 
-- Local optimization: stuck in the same solution
---- Best joint likelihood found -297.104523424233776 with gradient 0.27446

---- Results for Mmc/796.polyDFE.config.txt 
--  Model: C
--        eps_an        lambda     theta_bar             a 
-- 0.00281111561 0.01935309483 0.01020168580            -1 
--           S_d             b           p_b           S_b 
-- -108.39998932 0.10467267859 0.00447827638 26.8626620407 
--           r 2           r 3           r 4           r 5           r 6           r 7           r 8           r 9          r 10          r 11          r 12          r 13          r 14          r 15          r 16          r 17          r 18          r 19          r 20 
-- 0.85927449761 0.71501898336 0.61295406286 0.55115750245 0.52434503571 0.50110413648 0.49056446666 0.47918704911 0.48803303796 0.48529273010 0.50855395232 0.51108835403 0.52945168994 0.56103988333 0.58637478931 0.64824704528 0.70659905035 0.79424879299 1.00441649239 

---- Expected P_neut(i), 0 < i < n (neutral SFS per site) 
E[P_neut(1)] = 0.0101742065
E[P_neut(2)] = 0.0043718288
E[P_neut(3)] = 0.0024257248
E[P_neut(4)] = 0.0015599476
E[P_neut(5)] = 0.0011224585
E[P_neut(6)] = 0.0008901122
E[P_neut(7)] = 0.0007293755
E[P_neut(8)] = 0.0006250299
E[P_neut(9)] = 0.0005429067
E[P_neut(10)] = 0.0004978760
E[P_neut(11)] = 0.0004503348
E[P_neut(12)] = 0.0004328855
E[P_neut(13)] = 0.0004019996
E[P_neut(14)] = 0.0003872288
E[P_neut(15)] = 0.0003836588
E[P_neut(16)] = 0.0003772193
E[P_neut(17)] = 0.0003947541
E[P_neut(18)] = 0.0004116677
E[P_neut(19)] = 0.0004539360

---- Expected P_sel(i), 0 < i < n (selected SFS per site) 
E[P_sel(1)] = 0.0072367481
E[P_sel(2)] = 0.0028327968
E[P_sel(3)] = 0.0015006380
E[P_sel(4)] = 0.0009366632
E[P_sel(5)] = 0.0006595085
E[P_sel(6)] = 0.0005142495
E[P_sel(7)] = 0.0004156766
E[P_sel(8)] = 0.0003521984
E[P_sel(9)] = 0.0003030192
E[P_sel(10)] = 0.0002756460
E[P_sel(11)] = 0.0002476318
E[P_sel(12)] = 0.0002366978
E[P_sel(13)] = 0.0002188328
E[P_sel(14)] = 0.0002101296
E[P_sel(15)] = 0.0002078681
E[P_sel(16)] = 0.0002045284
E[P_sel(17)] = 0.0002149771
E[P_sel(18)] = 0.0002269205
E[P_sel(19)] = 0.0002596794

---- Expected D_neut and D_sel (neutral and selected divergence per site) 
E[D_neut] = 0.0198654319
E[D_sel] = 0.0125133152

---- Expected neutral and selected misattributed polymorphism per site
E[mis_neut] = 0.0005123371
E[mis_sel] = 0.0002964159

---- alpha_div = 0.190931
---- alpha_dfe = 0.190980

