---- Running command
---- ./polyDFE -d Mmc/797.polyDFE.config.txt -m C -e 
---- Performing inference using model C

---- Performing inference on Mmc/797.polyDFE.config.txt
---- No mutation variability. Using Poisson likelihood.


---- Calculating initial values

-- Starting local optimization
-- Optimizing all parameters
  it        eps_an        lambda     theta_bar           S_d             b           p_b           S_b           r 2           r 3           r 4           r 5           r 6           r 7           r 8           r 9          r 10          r 11          r 12          r 13          r 14          r 15          r 16          r 17          r 18          r 19          r 20           ln lk          grad status 
   0           0.1 0.01925586856 0.01138211431        -20000         0.208           0.1            20 0.86934245258 0.73399992507 0.64140399048 0.58567964539 0.55526784379 0.53964078086 0.54415605989 0.52632124821 0.55102946302 0.54698667002 0.59891204883 0.62966290078 0.66348010027 0.75605004956 0.86320511753 1.10318543702 1.56479482670             1             1 -1111081.996679 23088.4698541   -2 
 397 0.00672468063 0.01931124320 0.01022717657 -92.962410044 0.11300574944 0.01204359561 11.6288533727 0.86267871378 0.71718048650 0.61668024208 0.55221163093 0.52378658154 0.50442897086 0.49656949184 0.48154179867 0.49166562851 0.47728005118 0.51124894955 0.51507828314 0.51363747302 0.55683121303 0.57522812950 0.62484277207 0.66627036091 0.69091412253 1.00177244347 -303.5702752961 0.78371083637   -3 
-- Local optimization: stuck in the same solution
---- Best joint likelihood found -303.570275296151522 with gradient 0.78371

---- Results for Mmc/797.polyDFE.config.txt 
--  Model: C
--        eps_an        lambda     theta_bar             a 
-- 0.00672468063 0.01931124320 0.01022717657            -1 
--           S_d             b           p_b           S_b 
-- -92.962410044 0.11300574944 0.01204359561 11.6288533727 
--           r 2           r 3           r 4           r 5           r 6           r 7           r 8           r 9          r 10          r 11          r 12          r 13          r 14          r 15          r 16          r 17          r 18          r 19          r 20 
-- 0.86267871378 0.71718048650 0.61668024208 0.55221163093 0.52378658154 0.50442897086 0.49656949184 0.48154179867 0.49166562851 0.47728005118 0.51124894955 0.51507828314 0.51363747302 0.55683121303 0.57522812950 0.62484277207 0.66627036091 0.69091412253 1.00177244347 

---- Expected P_neut(i), 0 < i < n (neutral SFS per site) 
E[P_neut(1)] = 0.0101609030
E[P_neut(2)] = 0.0043842643
E[P_neut(3)] = 0.0024309971
E[P_neut(4)] = 0.0015685940
E[P_neut(5)] = 0.0011244706
E[P_neut(6)] = 0.0008893290
E[P_neut(7)] = 0.0007347524
E[P_neut(8)] = 0.0006334741
E[P_neut(9)] = 0.0005465058
E[P_neut(10)] = 0.0005028351
E[P_neut(11)] = 0.0004444436
E[P_neut(12)] = 0.0004370583
E[P_neut(13)] = 0.0004074462
E[P_neut(14)] = 0.0003786993
E[P_neut(15)] = 0.0003846966
E[P_neut(16)] = 0.0003758154
E[P_neut(17)] = 0.0003898180
E[P_neut(18)] = 0.0004056786
E[P_neut(19)] = 0.0004381736

---- Expected P_sel(i), 0 < i < n (selected SFS per site) 
E[P_sel(1)] = 0.0072309252
E[P_sel(2)] = 0.0028296774
E[P_sel(3)] = 0.0014945924
E[P_sel(4)] = 0.0009349279
E[P_sel(5)] = 0.0006554693
E[P_sel(6)] = 0.0005096788
E[P_sel(7)] = 0.0004154764
E[P_sel(8)] = 0.0003543631
E[P_sel(9)] = 0.0003030659
E[P_sel(10)] = 0.0002769209
E[P_sel(11)] = 0.0002434698
E[P_sel(12)] = 0.0002385358
E[P_sel(13)] = 0.0002219240
E[P_sel(14)] = 0.0002062513
E[P_sel(15)] = 0.0002099911
E[P_sel(16)] = 0.0002063114
E[P_sel(17)] = 0.0002163185
E[P_sel(18)] = 0.0002298842
E[P_sel(19)] = 0.0002616783

---- Expected D_neut and D_sel (neutral and selected divergence per site) 
E[D_neut] = 0.0198235084
E[D_sel] = 0.0125630372

---- Expected neutral and selected misattributed polymorphism per site
E[mis_neut] = 0.0005122652
E[mis_sel] = 0.0003049396

---- alpha_div = 0.222871
---- alpha_dfe = 0.223020

