---- Running command
---- ./polyDFE -d Mmc/798.polyDFE.config.txt -m C -e 
---- Performing inference using model C

---- Performing inference on Mmc/798.polyDFE.config.txt
---- No mutation variability. Using Poisson likelihood.


---- Calculating initial values

-- Starting local optimization
-- Optimizing all parameters
  it        eps_an        lambda     theta_bar           S_d             b           p_b           S_b           r 2           r 3           r 4           r 5           r 6           r 7           r 8           r 9          r 10          r 11          r 12          r 13          r 14          r 15          r 16          r 17          r 18          r 19          r 20           ln lk          grad status 
   0           0.1 0.01926911568 0.01135602015        -20000         0.208           0.1            20 0.87283764388 0.73711628464 0.64322857265 0.58390317406 0.55667335376 0.54446475838 0.53698304153 0.52702030476 0.55306858018 0.55571319382 0.59337823133 0.62650836277 0.67165187689 0.75021801893 0.86472925953 1.11226267168 1.58501888002             1             1 -1112154.141312 23107.2187015   -2 
 474 0.00186490641 0.01932576895 0.01015286353 -80.488487866 0.12052463431 0.01949968772 7.73392795990 0.86403530737 0.72127095756 0.62247134470 0.55572845203 0.52906240171 0.50849046105 0.49767960510 0.47963589740 0.49889021857 0.48258342799 0.50779647272 0.51622608943 0.53281530209 0.56089133014 0.58866261316 0.64725246280 0.70809862142 0.80948808985 1.01142396013 -277.9376704625 0.29951465758   -8 
-- Local optimization: reached maximum number of likelihood evaluations allowed.
---- Best joint likelihood found -277.937670462546521 with gradient 0.29951

---- Results for Mmc/798.polyDFE.config.txt 
--  Model: C
--        eps_an        lambda     theta_bar             a 
-- 0.00186490641 0.01932576895 0.01015286353            -1 
--           S_d             b           p_b           S_b 
-- -80.488487866 0.12052463431 0.01949968772 7.73392795990 
--           r 2           r 3           r 4           r 5           r 6           r 7           r 8           r 9          r 10          r 11          r 12          r 13          r 14          r 15          r 16          r 17          r 18          r 19          r 20 
-- 0.86403530737 0.72127095756 0.62247134470 0.55572845203 0.52906240171 0.50849046105 0.49767960510 0.47963589740 0.49889021857 0.48258342799 0.50779647272 0.51622608943 0.53281530209 0.56089133014 0.58866261316 0.64725246280 0.70809862142 0.80948808985 1.01142396013 

---- Expected P_neut(i), 0 < i < n (neutral SFS per site) 
E[P_neut(1)] = 0.0101347361
E[P_neut(2)] = 0.0043787812
E[P_neut(3)] = 0.0024371572
E[P_neut(4)] = 0.0015777168
E[P_neut(5)] = 0.0011270506
E[P_neut(6)] = 0.0008943008
E[P_neut(7)] = 0.0007368956
E[P_neut(8)] = 0.0006312325
E[P_neut(9)] = 0.0005408969
E[P_neut(10)] = 0.0005065164
E[P_neut(11)] = 0.0004455969
E[P_neut(12)] = 0.0004300090
E[P_neut(13)] = 0.0004037907
E[P_neut(14)] = 0.0003873490
E[P_neut(15)] = 0.0003810400
E[P_neut(16)] = 0.0003757881
E[P_neut(17)] = 0.0003903881
E[P_neut(18)] = 0.0004068366
E[P_neut(19)] = 0.0004506865

---- Expected P_sel(i), 0 < i < n (selected SFS per site) 
E[P_sel(1)] = 0.0072373992
E[P_sel(2)] = 0.0028264247
E[P_sel(3)] = 0.0014957865
E[P_sel(4)] = 0.0009378380
E[P_sel(5)] = 0.0006549113
E[P_sel(6)] = 0.0005108549
E[P_sel(7)] = 0.0004153861
E[P_sel(8)] = 0.0003521291
E[P_sel(9)] = 0.0002992852
E[P_sel(10)] = 0.0002785291
E[P_sel(11)] = 0.0002439576
E[P_sel(12)] = 0.0002348095
E[P_sel(13)] = 0.0002203273
E[P_sel(14)] = 0.0002116365
E[P_sel(15)] = 0.0002089792
E[P_sel(16)] = 0.0002075315
E[P_sel(17)] = 0.0002180144
E[P_sel(18)] = 0.0002312642
E[P_sel(19)] = 0.0002644495

---- Expected D_neut and D_sel (neutral and selected divergence per site) 
E[D_neut] = 0.0198392114
E[D_sel] = 0.0125511421

---- Expected neutral and selected misattributed polymorphism per site
E[mis_neut] = 0.0005134425
E[mis_sel] = 0.0003085464

---- alpha_div = 0.243781
---- alpha_dfe = 0.243558

