---- Running command
---- ./polyDFE -d Mmc/799.polyDFE.config.txt -m C -e 
---- Performing inference using model C

---- Performing inference on Mmc/799.polyDFE.config.txt
---- No mutation variability. Using Poisson likelihood.


---- Calculating initial values

-- Starting local optimization
-- Optimizing all parameters
  it        eps_an        lambda     theta_bar           S_d             b           p_b           S_b           r 2           r 3           r 4           r 5           r 6           r 7           r 8           r 9          r 10          r 11          r 12          r 13          r 14          r 15          r 16          r 17          r 18          r 19          r 20           ln lk          grad status 
   0           0.1 0.01933373066 0.01136614549        -20000         0.208           0.1            20 0.87432101246 0.73306809599 0.64349908623 0.58171939278 0.55839098888 0.54191147065 0.53615076021 0.53730382188 0.54420525162 0.55381072339 0.59601476888 0.62218230960 0.66732317990 0.74412269549 0.87156390937 1.10597672816 1.59191600667             1             1 -1119585.907478 23237.1644202   -2 
 332 0.00429499057 0.01935651468 0.01018933987 -95.127949516 0.11078166507 0.00779230897 16.7003932962 0.86432134285 0.71772783464 0.61874731476 0.55284968314 0.52646255011 0.50823675808 0.49194757582 0.48660956934 0.48941556426 0.48107001853 0.51354034210 0.51403337941 0.52237427031 0.55529288282 0.58616981738 0.63913652881 0.69343116040 0.75723252318 1.06725164318 -276.1853104950 0.29906065843   -8 
-- Local optimization: reached maximum number of likelihood evaluations allowed.
---- Best joint likelihood found -276.185310495071462 with gradient 0.29906

---- Results for Mmc/799.polyDFE.config.txt 
--  Model: C
--        eps_an        lambda     theta_bar             a 
-- 0.00429499057 0.01935651468 0.01018933987            -1 
--           S_d             b           p_b           S_b 
-- -95.127949516 0.11078166507 0.00779230897 16.7003932962 
--           r 2           r 3           r 4           r 5           r 6           r 7           r 8           r 9          r 10          r 11          r 12          r 13          r 14          r 15          r 16          r 17          r 18          r 19          r 20 
-- 0.86432134285 0.71772783464 0.61874731476 0.55284968314 0.52646255011 0.50823675808 0.49194757582 0.48660956934 0.48941556426 0.48107001853 0.51354034210 0.51403337941 0.52237427031 0.55529288282 0.58616981738 0.63913652881 0.69343116040 0.75723252318 1.06725164318 

---- Expected P_neut(i), 0 < i < n (neutral SFS per site) 
E[P_neut(1)] = 0.0101473209
E[P_neut(2)] = 0.0043862052
E[P_neut(3)] = 0.0024288996
E[P_neut(4)] = 0.0015709904
E[P_neut(5)] = 0.0011234159
E[P_neut(6)] = 0.0008918439
E[P_neut(7)] = 0.0007383526
E[P_neut(8)] = 0.0006257593
E[P_neut(9)] = 0.0005504622
E[P_neut(10)] = 0.0004986822
E[P_neut(11)] = 0.0004460692
E[P_neut(12)] = 0.0004368714
E[P_neut(13)] = 0.0004043440
E[P_neut(14)] = 0.0003823962
E[P_neut(15)] = 0.0003804233
E[P_neut(16)] = 0.0003784590
E[P_neut(17)] = 0.0003919058
E[P_neut(18)] = 0.0004097604
E[P_neut(19)] = 0.0004481084

---- Expected P_sel(i), 0 < i < n (selected SFS per site) 
E[P_sel(1)] = 0.0072238859
E[P_sel(2)] = 0.0028341501
E[P_sel(3)] = 0.0014953695
E[P_sel(4)] = 0.0009376331
E[P_sel(5)] = 0.0006556277
E[P_sel(6)] = 0.0005115612
E[P_sel(7)] = 0.0004176950
E[P_sel(8)] = 0.0003500103
E[P_sel(9)] = 0.0003050255
E[P_sel(10)] = 0.0002742039
E[P_sel(11)] = 0.0002437453
E[P_sel(12)] = 0.0002375631
E[P_sel(13)] = 0.0002191331
E[P_sel(14)] = 0.0002068816
E[P_sel(15)] = 0.0002058773
E[P_sel(16)] = 0.0002054755
E[P_sel(17)] = 0.0002144339
E[P_sel(18)] = 0.0002280143
E[P_sel(19)] = 0.0002607292

---- Expected D_neut and D_sel (neutral and selected divergence per site) 
E[D_neut] = 0.0199002442
E[D_sel] = 0.0125248629

---- Expected neutral and selected misattributed polymorphism per site
E[mis_neut] = 0.0005437295
E[mis_sel] = 0.0003183478

---- alpha_div = 0.207336
---- alpha_dfe = 0.207480

