---- Running command
---- ./polyDFE -d Mmc/8.polyDFE.config.txt -m C -e 
---- Performing inference using model C

---- Performing inference on Mmc/8.polyDFE.config.txt
---- No mutation variability. Using Poisson likelihood.


---- Calculating initial values

-- Starting local optimization
-- Optimizing all parameters
  it        eps_an        lambda     theta_bar           S_d             b           p_b           S_b           r 2           r 3           r 4           r 5           r 6           r 7           r 8           r 9          r 10          r 11          r 12          r 13          r 14          r 15          r 16          r 17          r 18          r 19          r 20           ln lk          grad status 
   0           0.1 0.01925799798 0.01136748807        -20000         0.208           0.1            20 0.86995920927 0.73494464645 0.64306825900 0.58338018831 0.55693899228 0.53843144691 0.53375260395 0.53269979685 0.54922022303 0.55703192360 0.59464346946 0.62654761324 0.66119373738 0.75114661047 0.86703528538 1.10539584957 1.57666448181             1             1 -1115415.848366 23135.6096085   -2 
 584 0.00245398813 0.01930999201 0.01016430152 -81.136345317 0.11937794580 0.01800271805 8.21022715233 0.86427002017 0.71895527944 0.61986618187 0.55225683014 0.52911425254 0.50816782479 0.49327068470 0.48682847942 0.49403877543 0.48320634644 0.51467607289 0.51148372269 0.52506536748 0.55885483127 0.58515563730 0.64089066996 0.69373748100 0.79156735814 1.01950977413 -289.9242636105 0.08210293424   -3 
-- Local optimization: stuck in the same solution
---- Best joint likelihood found -289.924263610519120 with gradient 0.08210

---- Results for Mmc/8.polyDFE.config.txt 
--  Model: C
--        eps_an        lambda     theta_bar             a 
-- 0.00245398813 0.01930999201 0.01016430152            -1 
--           S_d             b           p_b           S_b 
-- -81.136345317 0.11937794580 0.01800271805 8.21022715233 
--           r 2           r 3           r 4           r 5           r 6           r 7           r 8           r 9          r 10          r 11          r 12          r 13          r 14          r 15          r 16          r 17          r 18          r 19          r 20 
-- 0.86427002017 0.71895527944 0.61986618187 0.55225683014 0.52911425254 0.50816782479 0.49327068470 0.48682847942 0.49403877543 0.48320634644 0.51467607289 0.51148372269 0.52506536748 0.55885483127 0.58515563730 0.64089066996 0.69373748100 0.79156735814 1.01950977413 

---- Expected P_neut(i), 0 < i < n (neutral SFS per site) 
E[P_neut(1)] = 0.0101403976
E[P_neut(2)] = 0.0043825331
E[P_neut(3)] = 0.0024308554
E[P_neut(4)] = 0.0015721736
E[P_neut(5)] = 0.0011208353
E[P_neut(6)] = 0.0008950820
E[P_neut(7)] = 0.0007370522
E[P_neut(8)] = 0.0006262508
E[P_neut(9)] = 0.0005495544
E[P_neut(10)] = 0.0005021559
E[P_neut(11)] = 0.0004467494
E[P_neut(12)] = 0.0004364117
E[P_neut(13)] = 0.0004007428
E[P_neut(14)] = 0.0003824729
E[P_neut(15)] = 0.0003805170
E[P_neut(16)] = 0.0003746843
E[P_neut(17)] = 0.0003882259
E[P_neut(18)] = 0.0004015595
E[P_neut(19)] = 0.0004473633

---- Expected P_sel(i), 0 < i < n (selected SFS per site) 
E[P_sel(1)] = 0.0072460370
E[P_sel(2)] = 0.0028321105
E[P_sel(3)] = 0.0014939889
E[P_sel(4)] = 0.0009359311
E[P_sel(5)] = 0.0006522801
E[P_sel(6)] = 0.0005120554
E[P_sel(7)] = 0.0004160569
E[P_sel(8)] = 0.0003498017
E[P_sel(9)] = 0.0003044260
E[P_sel(10)] = 0.0002764013
E[P_sel(11)] = 0.0002447772
E[P_sel(12)] = 0.0002384314
E[P_sel(13)] = 0.0002187199
E[P_sel(14)] = 0.0002089618
E[P_sel(15)] = 0.0002086116
E[P_sel(16)] = 0.0002067767
E[P_sel(17)] = 0.0002166072
E[P_sel(18)] = 0.0002281100
E[P_sel(19)] = 0.0002629262

---- Expected D_neut and D_sel (neutral and selected divergence per site) 
E[D_neut] = 0.0198281223
E[D_sel] = 0.0125352822

---- Expected neutral and selected misattributed polymorphism per site
E[mis_neut] = 0.0005181302
E[mis_sel] = 0.0003107983

---- alpha_div = 0.238454
---- alpha_dfe = 0.238305

