---- Running command
---- ./polyDFE -d Mmc/80.polyDFE.config.txt -m C -e 
---- Performing inference using model C

---- Performing inference on Mmc/80.polyDFE.config.txt
---- No mutation variability. Using Poisson likelihood.


---- Calculating initial values

-- Starting local optimization
-- Optimizing all parameters
  it        eps_an        lambda     theta_bar           S_d             b           p_b           S_b           r 2           r 3           r 4           r 5           r 6           r 7           r 8           r 9          r 10          r 11          r 12          r 13          r 14          r 15          r 16          r 17          r 18          r 19          r 20           ln lk          grad status 
   0           0.1 0.01930267525 0.01132779991        -20000         0.208           0.1            20 0.87861262674 0.73588147257 0.65093079700 0.58495933541 0.55870586099 0.53728362951 0.54166733713 0.53352140631 0.55876172487 0.55751441766 0.58692715876 0.62559428748 0.66920145694 0.74940642535 0.88583802895 1.10665594958 1.59555690936             1             1 -1116098.092513 23156.0362167   -2 
 928 0.00137907880 0.01930119754 0.01012635211 -77.957022840 0.12159273715 0.02052138230 7.37531189470 0.86924899934 0.72110100047 0.62477770616 0.55829446731 0.52863864352 0.50813515960 0.49785926432 0.48793648933 0.50191526991 0.48735881923 0.50562233363 0.51813761107 0.52912539435 0.55953090357 0.59408692365 0.64998184784 0.71019490371 0.81238423733 1.12384601413 -273.3369772547 0.03838721101   -8 
-- Local optimization: reached maximum number of likelihood evaluations allowed.
---- Best joint likelihood found -273.336977254730300 with gradient 0.03839

---- Results for Mmc/80.polyDFE.config.txt 
--  Model: C
--        eps_an        lambda     theta_bar             a 
-- 0.00137907880 0.01930119754 0.01012635211            -1 
--           S_d             b           p_b           S_b 
-- -77.957022840 0.12159273715 0.02052138230 7.37531189470 
--           r 2           r 3           r 4           r 5           r 6           r 7           r 8           r 9          r 10          r 11          r 12          r 13          r 14          r 15          r 16          r 17          r 18          r 19          r 20 
-- 0.86924899934 0.72110100047 0.62477770616 0.55829446731 0.52863864352 0.50813515960 0.49785926432 0.48793648933 0.50191526991 0.48735881923 0.50562233363 0.51813761107 0.52912539435 0.55953090357 0.59408692365 0.64998184784 0.71019490371 0.81238423733 1.12384601413 

---- Expected P_neut(i), 0 < i < n (neutral SFS per site) 
E[P_neut(1)] = 0.0101129842
E[P_neut(2)] = 0.0043956422
E[P_neut(3)] = 0.0024312181
E[P_neut(4)] = 0.0015800170
E[P_neut(5)] = 0.0011296589
E[P_neut(6)] = 0.0008914942
E[P_neut(7)] = 0.0007346222
E[P_neut(8)] = 0.0006299066
E[P_neut(9)] = 0.0005488635
E[P_neut(10)] = 0.0005082571
E[P_neut(11)] = 0.0004487899
E[P_neut(12)] = 0.0004269565
E[P_neut(13)] = 0.0004040605
E[P_neut(14)] = 0.0003834248
E[P_neut(15)] = 0.0003787722
E[P_neut(16)] = 0.0003776586
E[P_neut(17)] = 0.0003899960
E[P_neut(18)] = 0.0004050565
E[P_neut(19)] = 0.0004463410

---- Expected P_sel(i), 0 < i < n (selected SFS per site) 
E[P_sel(1)] = 0.0072351428
E[P_sel(2)] = 0.0028415108
E[P_sel(3)] = 0.0014939808
E[P_sel(4)] = 0.0009402290
E[P_sel(5)] = 0.0006570914
E[P_sel(6)] = 0.0005097492
E[P_sel(7)] = 0.0004145078
E[P_sel(8)] = 0.0003517398
E[P_sel(9)] = 0.0003040099
E[P_sel(10)] = 0.0002797961
E[P_sel(11)] = 0.0002459989
E[P_sel(12)] = 0.0002334441
E[P_sel(13)] = 0.0002207843
E[P_sel(14)] = 0.0002098118
E[P_sel(15)] = 0.0002080758
E[P_sel(16)] = 0.0002089193
E[P_sel(17)] = 0.0002181547
E[P_sel(18)] = 0.0002305335
E[P_sel(19)] = 0.0002615760

---- Expected D_neut and D_sel (neutral and selected divergence per site) 
E[D_neut] = 0.0198702206
E[D_sel] = 0.0125635468

---- Expected neutral and selected misattributed polymorphism per site
E[mis_neut] = 0.0005690230
E[mis_sel] = 0.0003423273

---- alpha_div = 0.245149
---- alpha_dfe = 0.245052

