---- Running command
---- ./polyDFE -d Mmc/800.polyDFE.config.txt -m C -e 
---- Performing inference using model C

---- Performing inference on Mmc/800.polyDFE.config.txt
---- No mutation variability. Using Poisson likelihood.


---- Calculating initial values

-- Starting local optimization
-- Optimizing all parameters
  it        eps_an        lambda     theta_bar           S_d             b           p_b           S_b           r 2           r 3           r 4           r 5           r 6           r 7           r 8           r 9          r 10          r 11          r 12          r 13          r 14          r 15          r 16          r 17          r 18          r 19          r 20           ln lk          grad status 
   0           0.1 0.01927575890 0.01134453169        -20000         0.208           0.1            20 0.87495293891 0.73743116100 0.64490882327 0.58350236932 0.56184267900 0.54147797574 0.54045946904 0.53309399109 0.54976187455 0.55660062760 0.59488886362 0.62232708436 0.66851684135 0.75225750245 0.86239093900 1.10713757928 1.58129588478             1             1 -1117369.452187 23167.9676389   -2 
 846 0.00130772326 0.01932915024 0.01013224146 -68.053468626 0.13119094555 0.03059997302 5.38955155848 0.86860883557 0.72292850717 0.62228955003 0.55735574863 0.53199385801 0.50978461260 0.49591576888 0.48482644191 0.49706851788 0.48686235069 0.51075481477 0.51285568356 0.53112993159 0.56005480256 0.58438754400 0.64493505001 0.70454611235 0.81470204545 1.01877725515 -277.2153561940 0.09170062804   -3 
-- Local optimization: stuck in the same solution
---- Best joint likelihood found -277.215356194079504 with gradient 0.09170

---- Results for Mmc/800.polyDFE.config.txt 
--  Model: C
--        eps_an        lambda     theta_bar             a 
-- 0.00130772326 0.01932915024 0.01013224146            -1 
--           S_d             b           p_b           S_b 
-- -68.053468626 0.13119094555 0.03059997302 5.38955155848 
--           r 2           r 3           r 4           r 5           r 6           r 7           r 8           r 9          r 10          r 11          r 12          r 13          r 14          r 15          r 16          r 17          r 18          r 19          r 20 
-- 0.86860883557 0.72292850717 0.62228955003 0.55735574863 0.53199385801 0.50978461260 0.49591576888 0.48482644191 0.49706851788 0.48686235069 0.51075481477 0.51285568356 0.53112993159 0.56005480256 0.58438754400 0.64493505001 0.70454611235 0.81470204545 1.01877725515 

---- Expected P_neut(i), 0 < i < n (neutral SFS per site) 
E[P_neut(1)] = 0.0101195595
E[P_neut(2)] = 0.0043952413
E[P_neut(3)] = 0.0024389384
E[P_neut(4)] = 0.0015747196
E[P_neut(5)] = 0.0011284703
E[P_neut(6)] = 0.0008977096
E[P_neut(7)] = 0.0007374522
E[P_neut(8)] = 0.0006278349
E[P_neut(9)] = 0.0005456925
E[P_neut(10)] = 0.0005036418
E[P_neut(11)] = 0.0004485825
E[P_neut(12)] = 0.0004315150
E[P_neut(13)] = 0.0004001636
E[P_neut(14)] = 0.0003850676
E[P_neut(15)] = 0.0003792897
E[P_neut(16)] = 0.0003716496
E[P_neut(17)] = 0.0003870807
E[P_neut(18)] = 0.0004018266
E[P_neut(19)] = 0.0004471430

---- Expected P_sel(i), 0 < i < n (selected SFS per site) 
E[P_sel(1)] = 0.0072577012
E[P_sel(2)] = 0.0028370064
E[P_sel(3)] = 0.0014932062
E[P_sel(4)] = 0.0009325388
E[P_sel(5)] = 0.0006528492
E[P_sel(6)] = 0.0005104379
E[P_sel(7)] = 0.0004138334
E[P_sel(8)] = 0.0003487974
E[P_sel(9)] = 0.0003008892
E[P_sel(10)] = 0.0002762196
E[P_sel(11)] = 0.0002452040
E[P_sel(12)] = 0.0002355538
E[P_sel(13)] = 0.0002185897
E[P_sel(14)] = 0.0002109589
E[P_sel(15)] = 0.0002089366
E[P_sel(16)] = 0.0002064963
E[P_sel(17)] = 0.0002177860
E[P_sel(18)] = 0.0002302196
E[P_sel(19)] = 0.0002635705

---- Expected D_neut and D_sel (neutral and selected divergence per site) 
E[D_neut] = 0.0198452751
E[D_sel] = 0.0125242782

---- Expected neutral and selected misattributed polymorphism per site
E[mis_neut] = 0.0005161249
E[mis_sel] = 0.0003119705

---- alpha_div = 0.272795
---- alpha_dfe = 0.272613

