---- Running command
---- ./polyDFE -d Mmc/801.polyDFE.config.txt -m C -e 
---- Performing inference using model C

---- Performing inference on Mmc/801.polyDFE.config.txt
---- No mutation variability. Using Poisson likelihood.


---- Calculating initial values

-- Starting local optimization
-- Optimizing all parameters
  it        eps_an        lambda     theta_bar           S_d             b           p_b           S_b           r 2           r 3           r 4           r 5           r 6           r 7           r 8           r 9          r 10          r 11          r 12          r 13          r 14          r 15          r 16          r 17          r 18          r 19          r 20           ln lk          grad status 
   0           0.1 0.01926683894 0.01134280723        -20000         0.208           0.1            20 0.87311652316 0.73396591595 0.64698539615 0.58306719986 0.55764820193 0.53877560308 0.53972562122 0.52853636978 0.55246961560 0.55788013574 0.59433059867 0.62346927942 0.66972520959 0.74992629833 0.87325740226 1.10843323176 1.57873807841             1             1 -1117972.770504 23187.1590038   -2 
1325 0.00062820742 0.01924020641 0.01013213910 -72.182475223 0.12833468038 0.02903623219 5.53276313444 0.86365696710 0.71919536080 0.62343427619 0.55661527859 0.52754891383 0.50509950579 0.49708223386 0.48742974686 0.49718715001 0.48907408226 0.51427770368 0.51495434643 0.52556703634 0.56051356932 0.59643799029 0.64555720750 0.70595391855 0.82919951736 1.17601694825 -269.3056457465 0.01378243941   -3 
-- Local optimization: stuck in the same solution
---- Best joint likelihood found -269.305645746586379 with gradient 0.01378

---- Results for Mmc/801.polyDFE.config.txt 
--  Model: C
--        eps_an        lambda     theta_bar             a 
-- 0.00062820742 0.01924020641 0.01013213910            -1 
--           S_d             b           p_b           S_b 
-- -72.182475223 0.12833468038 0.02903623219 5.53276313444 
--           r 2           r 3           r 4           r 5           r 6           r 7           r 8           r 9          r 10          r 11          r 12          r 13          r 14          r 15          r 16          r 17          r 18          r 19          r 20 
-- 0.86365696710 0.71919536080 0.62343427619 0.55661527859 0.52754891383 0.50509950579 0.49708223386 0.48742974686 0.49718715001 0.48907408226 0.51427770368 0.51495434643 0.52556703634 0.56051356932 0.59643799029 0.64555720750 0.70595391855 0.82919951736 1.17601694825 

---- Expected P_neut(i), 0 < i < n (neutral SFS per site) 
E[P_neut(1)] = 0.0101260518
E[P_neut(2)] = 0.0043728473
E[P_neut(3)] = 0.0024277116
E[P_neut(4)] = 0.0015784259
E[P_neut(5)] = 0.0011274700
E[P_neut(6)] = 0.0008905458
E[P_neut(7)] = 0.0007308983
E[P_neut(8)] = 0.0006294406
E[P_neut(9)] = 0.0005486834
E[P_neut(10)] = 0.0005037569
E[P_neut(11)] = 0.0004505496
E[P_neut(12)] = 0.0004343505
E[P_neut(13)] = 0.0004015602
E[P_neut(14)] = 0.0003806863
E[P_neut(15)] = 0.0003790842
E[P_neut(16)] = 0.0003784543
E[P_neut(17)] = 0.0003860416
E[P_neut(18)] = 0.0003998781
E[P_neut(19)] = 0.0004482749

---- Expected P_sel(i), 0 < i < n (selected SFS per site) 
E[P_sel(1)] = 0.0072454861
E[P_sel(2)] = 0.0028194883
E[P_sel(3)] = 0.0014859407
E[P_sel(4)] = 0.0009349709
E[P_sel(5)] = 0.0006526573
E[P_sel(6)] = 0.0005067768
E[P_sel(7)] = 0.0004105451
E[P_sel(8)] = 0.0003500455
E[P_sel(9)] = 0.0003028496
E[P_sel(10)] = 0.0002765554
E[P_sel(11)] = 0.0002464997
E[P_sel(12)] = 0.0002372803
E[P_sel(13)] = 0.0002194749
E[P_sel(14)] = 0.0002086221
E[P_sel(15)] = 0.0002088202
E[P_sel(16)] = 0.0002101857
E[P_sel(17)] = 0.0002169847
E[P_sel(18)] = 0.0002286491
E[P_sel(19)] = 0.0002629500

---- Expected D_neut and D_sel (neutral and selected divergence per site) 
E[D_neut] = 0.0198359848
E[D_sel] = 0.0124904382

---- Expected neutral and selected misattributed polymorphism per site
E[mis_neut] = 0.0005957784
E[mis_sel] = 0.0003594539

---- alpha_div = 0.265757
---- alpha_dfe = 0.265589

