---- Running command
---- ./polyDFE -d Mmc/802.polyDFE.config.txt -m C -e 
---- Performing inference using model C

---- Performing inference on Mmc/802.polyDFE.config.txt
---- No mutation variability. Using Poisson likelihood.


---- Calculating initial values

-- Starting local optimization
-- Optimizing all parameters
  it        eps_an        lambda     theta_bar           S_d             b           p_b           S_b           r 2           r 3           r 4           r 5           r 6           r 7           r 8           r 9          r 10          r 11          r 12          r 13          r 14          r 15          r 16          r 17          r 18          r 19          r 20           ln lk          grad status 
   0           0.1 0.01930038502 0.01133809639        -20000         0.208           0.1            20 0.87294900309 0.73385672548 0.64509519495 0.58806643097 0.55992154749 0.54766763318 0.53862328840 0.53428172655 0.55549963298 0.55923208308 0.59717896219 0.63562404989 0.66678040878 0.75489170537 0.87050747773 1.11515432274 1.58308686177             1             1 -1118232.560731 23200.9346330   -2 
1103 0.00071654829 0.01929053409 0.01012663233 -73.472456679 0.12514713437 0.02175293964 7.11020601254 0.86416718473 0.72008594937 0.62225066339 0.55991714812 0.53248368401 0.51339721054 0.49742077777 0.48908121126 0.49832686925 0.48736649675 0.51543194641 0.52513482658 0.52479294449 0.56179291624 0.59428255026 0.65458277286 0.71280602197 0.82650523721 1.14295236102 -266.0050982891 0.07544122617   -8 
-- Local optimization: reached maximum number of likelihood evaluations allowed.
---- Best joint likelihood found -266.005098289126181 with gradient 0.07544

---- Results for Mmc/802.polyDFE.config.txt 
--  Model: C
--        eps_an        lambda     theta_bar             a 
-- 0.00071654829 0.01929053409 0.01012663233            -1 
--           S_d             b           p_b           S_b 
-- -73.472456679 0.12514713437 0.02175293964 7.11020601254 
--           r 2           r 3           r 4           r 5           r 6           r 7           r 8           r 9          r 10          r 11          r 12          r 13          r 14          r 15          r 16          r 17          r 18          r 19          r 20 
-- 0.86416718473 0.72008594937 0.62225066339 0.55991714812 0.53248368401 0.51339721054 0.49742077777 0.48908121126 0.49832686925 0.48736649675 0.51543194641 0.52513482658 0.52479294449 0.56179291624 0.59428255026 0.65458277286 0.71280602197 0.82650523721 1.14295236102 

---- Expected P_neut(i), 0 < i < n (neutral SFS per site) 
E[P_neut(1)] = 0.0101196918
E[P_neut(2)] = 0.0043727037
E[P_neut(3)] = 0.0024292196
E[P_neut(4)] = 0.0015744666
E[P_neut(5)] = 0.0011334742
E[P_neut(6)] = 0.0008983391
E[P_neut(7)] = 0.0007424730
E[P_neut(8)] = 0.0006295102
E[P_neut(9)] = 0.0005502322
E[P_neut(10)] = 0.0005046373
E[P_neut(11)] = 0.0004487439
E[P_neut(12)] = 0.0004351053
E[P_neut(13)] = 0.0004093043
E[P_neut(14)] = 0.0003799709
E[P_neut(15)] = 0.0003798122
E[P_neut(16)] = 0.0003769893
E[P_neut(17)] = 0.0003913870
E[P_neut(18)] = 0.0004038660
E[P_neut(19)] = 0.0004474519

---- Expected P_sel(i), 0 < i < n (selected SFS per site) 
E[P_sel(1)] = 0.0072432161
E[P_sel(2)] = 0.0028223202
E[P_sel(3)] = 0.0014886577
E[P_sel(4)] = 0.0009336400
E[P_sel(5)] = 0.0006566545
E[P_sel(6)] = 0.0005114041
E[P_sel(7)] = 0.0004169857
E[P_sel(8)] = 0.0003498178
E[P_sel(9)] = 0.0003032597
E[P_sel(10)] = 0.0002764142
E[P_sel(11)] = 0.0002447443
E[P_sel(12)] = 0.0002367237
E[P_sel(13)] = 0.0002225680
E[P_sel(14)] = 0.0002069486
E[P_sel(15)] = 0.0002077115
E[P_sel(16)] = 0.0002076584
E[P_sel(17)] = 0.0002180339
E[P_sel(18)] = 0.0002288711
E[P_sel(19)] = 0.0002606363

---- Expected D_neut and D_sel (neutral and selected divergence per site) 
E[D_neut] = 0.0198692470
E[D_sel] = 0.0125291100

---- Expected neutral and selected misattributed polymorphism per site
E[mis_neut] = 0.0005787129
E[mis_sel] = 0.0003472555

---- alpha_div = 0.251683
---- alpha_dfe = 0.251518

