---- Running command
---- ./polyDFE -d Mmc/803.polyDFE.config.txt -m C -e 
---- Performing inference using model C

---- Performing inference on Mmc/803.polyDFE.config.txt
---- No mutation variability. Using Poisson likelihood.


---- Calculating initial values

-- Starting local optimization
-- Optimizing all parameters
  it        eps_an        lambda     theta_bar           S_d             b           p_b           S_b           r 2           r 3           r 4           r 5           r 6           r 7           r 8           r 9          r 10          r 11          r 12          r 13          r 14          r 15          r 16          r 17          r 18          r 19          r 20           ln lk          grad status 
   0           0.1 0.01928974755 0.01135065466        -20000         0.208           0.1            20 0.87699490112 0.73641681387 0.64400817721 0.58031134875 0.55641058132 0.53996920745 0.54372508740 0.53274104330 0.55202289781 0.55624705683 0.59742513324 0.62381369434 0.66123178472 0.74145463706 0.86446083279 1.10493915442 1.57637156621             1             1 -1116086.799175 23149.5950540   -2 
 327 0.00170331290 0.01934961971 0.01015620752 -78.780904676 0.12224976438 0.02086918088 7.26479966968 0.86637871554 0.72041759819 0.62050722392 0.55586845856 0.52549926160 0.50566406968 0.49764399808 0.48664789835 0.49646254079 0.48415099673 0.51392912704 0.51400657057 0.52151374244 0.55272312382 0.58459931433 0.64493215896 0.69529366016 0.79952881052 1.00421315935 -275.3302797060 0.30096353581   -3 
-- Local optimization: stuck in the same solution
---- Best joint likelihood found -275.330279706002329 with gradient 0.30096

---- Results for Mmc/803.polyDFE.config.txt 
--  Model: C
--        eps_an        lambda     theta_bar             a 
-- 0.00170331290 0.01934961971 0.01015620752            -1 
--           S_d             b           p_b           S_b 
-- -78.780904676 0.12224976438 0.02086918088 7.26479966968 
--           r 2           r 3           r 4           r 5           r 6           r 7           r 8           r 9          r 10          r 11          r 12          r 13          r 14          r 15          r 16          r 17          r 18          r 19          r 20 
-- 0.86637871554 0.72041759819 0.62050722392 0.55586845856 0.52549926160 0.50566406968 0.49764399808 0.48664789835 0.49646254079 0.48415099673 0.51392912704 0.51400657057 0.52151374244 0.55272312382 0.58459931433 0.64493215896 0.69529366016 0.79952881052 1.00421315935 

---- Expected P_neut(i), 0 < i < n (neutral SFS per site) 
E[P_neut(1)] = 0.0101396363
E[P_neut(2)] = 0.0043927354
E[P_neut(3)] = 0.0024354056
E[P_neut(4)] = 0.0015734485
E[P_neut(5)] = 0.0011278173
E[P_neut(6)] = 0.0008886426
E[P_neut(7)] = 0.0007330957
E[P_neut(8)] = 0.0006314367
E[P_neut(9)] = 0.0005489923
E[P_neut(10)] = 0.0005042177
E[P_neut(11)] = 0.0004471865
E[P_neut(12)] = 0.0004352995
E[P_neut(13)] = 0.0004021316
E[P_neut(14)] = 0.0003791994
E[P_neut(15)] = 0.0003755238
E[P_neut(16)] = 0.0003731335
E[P_neut(17)] = 0.0003887959
E[P_neut(18)] = 0.0003991338
E[P_neut(19)] = 0.0004439492

---- Expected P_sel(i), 0 < i < n (selected SFS per site) 
E[P_sel(1)] = 0.0072385876
E[P_sel(2)] = 0.0028319832
E[P_sel(3)] = 0.0014921699
E[P_sel(4)] = 0.0009334520
E[P_sel(5)] = 0.0006539564
E[P_sel(6)] = 0.0005064943
E[P_sel(7)] = 0.0004123122
E[P_sel(8)] = 0.0003514530
E[P_sel(9)] = 0.0003030984
E[P_sel(10)] = 0.0002766802
E[P_sel(11)] = 0.0002443399
E[P_sel(12)] = 0.0002372590
E[P_sel(13)] = 0.0002190546
E[P_sel(14)] = 0.0002068779
E[P_sel(15)] = 0.0002056932
E[P_sel(16)] = 0.0002058442
E[P_sel(17)] = 0.0002169200
E[P_sel(18)] = 0.0002266607
E[P_sel(19)] = 0.0002599992

---- Expected D_neut and D_sel (neutral and selected divergence per site) 
E[D_neut] = 0.0198595696
E[D_sel] = 0.0125201469

---- Expected neutral and selected misattributed polymorphism per site
E[mis_neut] = 0.0005099499
E[mis_sel] = 0.0003059399

---- alpha_div = 0.246590
---- alpha_dfe = 0.246397

