---- Running command
---- ./polyDFE -d Mmc/804.polyDFE.config.txt -m C -e 
---- Performing inference using model C

---- Performing inference on Mmc/804.polyDFE.config.txt
---- No mutation variability. Using Poisson likelihood.


---- Calculating initial values

-- Starting local optimization
-- Optimizing all parameters
  it        eps_an        lambda     theta_bar           S_d             b           p_b           S_b           r 2           r 3           r 4           r 5           r 6           r 7           r 8           r 9          r 10          r 11          r 12          r 13          r 14          r 15          r 16          r 17          r 18          r 19          r 20           ln lk          grad status 
   0           0.1 0.01927464339 0.01135606981        -20000         0.208           0.1            20 0.87365433972 0.73284995808 0.64912064674 0.58450356094 0.55641876239 0.54046156080 0.53632267252 0.53465179992 0.56047214239 0.55365795349 0.58676123652 0.62004069616 0.66498017595 0.75098285950 0.87229641536 1.10079882206 1.57562031409             1             1 -1114872.495526 23156.3831351   -2 
1573 0.00010971161 0.01925243727 0.01013779889 -74.842510400 0.12812352192 0.03206257818 5.12936649817 0.86461683459 0.71877415345 0.62330109116 0.55841247948 0.53011325768 0.51099572168 0.49573487391 0.48611779074 0.49905315930 0.48750696339 0.51009012799 0.51585563416 0.52087550846 0.56045751387 0.59048165887 0.64348864287 0.71166136576 0.83308500213 1.16887304606 -277.5700617601 0.01406382000   -3 
-- Local optimization: stuck in the same solution
---- Best joint likelihood found -277.570061760197859 with gradient 0.01406

---- Results for Mmc/804.polyDFE.config.txt 
--  Model: C
--        eps_an        lambda     theta_bar             a 
-- 0.00010971161 0.01925243727 0.01013779889            -1 
--           S_d             b           p_b           S_b 
-- -74.842510400 0.12812352192 0.03206257818 5.12936649817 
--           r 2           r 3           r 4           r 5           r 6           r 7           r 8           r 9          r 10          r 11          r 12          r 13          r 14          r 15          r 16          r 17          r 18          r 19          r 20 
-- 0.86461683459 0.71877415345 0.62330109116 0.55841247948 0.53011325768 0.51099572168 0.49573487391 0.48611779074 0.49905315930 0.48750696339 0.51009012799 0.51585563416 0.52087550846 0.56045751387 0.59048165887 0.64348864287 0.71166136576 0.83308500213 1.16887304606 

---- Expected P_neut(i), 0 < i < n (neutral SFS per site) 
E[P_neut(1)] = 0.0101367354
E[P_neut(2)] = 0.0043822189
E[P_neut(3)] = 0.0024287049
E[P_neut(4)] = 0.0015795930
E[P_neut(5)] = 0.0011321320
E[P_neut(6)] = 0.0008956400
E[P_neut(7)] = 0.0007400161
E[P_neut(8)] = 0.0006281859
E[P_neut(9)] = 0.0005475630
E[P_neut(10)] = 0.0005059301
E[P_neut(11)] = 0.0004493060
E[P_neut(12)] = 0.0004309542
E[P_neut(13)] = 0.0004023171
E[P_neut(14)] = 0.0003772377
E[P_neut(15)] = 0.0003788697
E[P_neut(16)] = 0.0003742688
E[P_neut(17)] = 0.0003839631
E[P_neut(18)] = 0.0004012524
E[P_neut(19)] = 0.0004455713

---- Expected P_sel(i), 0 < i < n (selected SFS per site) 
E[P_sel(1)] = 0.0072375374
E[P_sel(2)] = 0.0028207995
E[P_sel(3)] = 0.0014847953
E[P_sel(4)] = 0.0009349700
E[P_sel(5)] = 0.0006551397
E[P_sel(6)] = 0.0005097097
E[P_sel(7)] = 0.0004158585
E[P_sel(8)] = 0.0003496490
E[P_sel(9)] = 0.0003026158
E[P_sel(10)] = 0.0002782196
E[P_sel(11)] = 0.0002463445
E[P_sel(12)] = 0.0002360349
E[P_sel(13)] = 0.0002205609
E[P_sel(14)] = 0.0002074612
E[P_sel(15)] = 0.0002095330
E[P_sel(16)] = 0.0002087709
E[P_sel(17)] = 0.0002168129
E[P_sel(18)] = 0.0002304448
E[P_sel(19)] = 0.0002619776

---- Expected D_neut and D_sel (neutral and selected divergence per site) 
E[D_neut] = 0.0198449273
E[D_sel] = 0.0125337308

---- Expected neutral and selected misattributed polymorphism per site
E[mis_neut] = 0.0005924900
E[mis_sel] = 0.0003590898

---- alpha_div = 0.272873
---- alpha_dfe = 0.272673

