---- Running command
---- ./polyDFE -d Mmc/805.polyDFE.config.txt -m C -e 
---- Performing inference using model C

---- Performing inference on Mmc/805.polyDFE.config.txt
---- No mutation variability. Using Poisson likelihood.


---- Calculating initial values

-- Starting local optimization
-- Optimizing all parameters
  it        eps_an        lambda     theta_bar           S_d             b           p_b           S_b           r 2           r 3           r 4           r 5           r 6           r 7           r 8           r 9          r 10          r 11          r 12          r 13          r 14          r 15          r 16          r 17          r 18          r 19          r 20           ln lk          grad status 
   0           0.1 0.01925192790 0.01134484208        -20000         0.208           0.1            20 0.87329257804 0.73680982831 0.64197553025 0.57964479136 0.56287841750 0.54102949132 0.53879421493 0.53518574642 0.55387943739 0.56157851085 0.59161936588 0.63139405035 0.66728904210 0.75667754765 0.86013962632 1.11214870357 1.59045454238             1             1 -1114214.495149 23099.1587910   -2 
 439 0.00232961589 0.01929128056 0.01016714800 -105.23617790 0.10466014401 0.00234744298 51.3337825135 0.86145120502 0.71746737857 0.61643731352 0.55181161654 0.52830375267 0.50516322837 0.49190792363 0.48707368043 0.49306974723 0.48722915758 0.50838540410 0.51807126843 0.52733052769 0.56439009049 0.59101193902 0.65367721435 0.71763763569 0.80529148577 1.03519480910 -299.6645058069 0.09440908825   -3 
-- Local optimization: stuck in the same solution
---- Best joint likelihood found -299.664505806926172 with gradient 0.09441

---- Results for Mmc/805.polyDFE.config.txt 
--  Model: C
--        eps_an        lambda     theta_bar             a 
-- 0.00232961589 0.01929128056 0.01016714800            -1 
--           S_d             b           p_b           S_b 
-- -105.23617790 0.10466014401 0.00234744298 51.3337825135 
--           r 2           r 3           r 4           r 5           r 6           r 7           r 8           r 9          r 10          r 11          r 12          r 13          r 14          r 15          r 16          r 17          r 18          r 19          r 20 
-- 0.86145120502 0.71746737857 0.61643731352 0.55181161654 0.52830375267 0.50516322837 0.49190792363 0.48707368043 0.49306974723 0.48722915758 0.50838540410 0.51807126843 0.52733052769 0.56439009049 0.59101193902 0.65367721435 0.71763763569 0.80529148577 1.03519480910 

---- Expected P_neut(i), 0 < i < n (neutral SFS per site) 
E[P_neut(1)] = 0.0101444663
E[P_neut(2)] = 0.0043699933
E[P_neut(3)] = 0.0024267786
E[P_neut(4)] = 0.0015640771
E[P_neut(5)] = 0.0011203473
E[P_neut(6)] = 0.0008940304
E[P_neut(7)] = 0.0007329588
E[P_neut(8)] = 0.0006247096
E[P_neut(9)] = 0.0005500062
E[P_neut(10)] = 0.0005013113
E[P_neut(11)] = 0.0004505719
E[P_neut(12)] = 0.0004311887
E[P_neut(13)] = 0.0004059429
E[P_neut(14)] = 0.0003841539
E[P_neut(15)] = 0.0003842720
E[P_neut(16)] = 0.0003783319
E[P_neut(17)] = 0.0003956969
E[P_neut(18)] = 0.0004146092
E[P_neut(19)] = 0.0004536037

---- Expected P_sel(i), 0 < i < n (selected SFS per site) 
E[P_sel(1)] = 0.0072290380
E[P_sel(2)] = 0.0028360630
E[P_sel(3)] = 0.0015031436
E[P_sel(4)] = 0.0009399835
E[P_sel(5)] = 0.0006586241
E[P_sel(6)] = 0.0005165961
E[P_sel(7)] = 0.0004176099
E[P_sel(8)] = 0.0003517605
E[P_sel(9)] = 0.0003065925
E[P_sel(10)] = 0.0002770236
E[P_sel(11)] = 0.0002471134
E[P_sel(12)] = 0.0002349471
E[P_sel(13)] = 0.0002199732
E[P_sel(14)] = 0.0002072380
E[P_sel(15)] = 0.0002066279
E[P_sel(16)] = 0.0002031315
E[P_sel(17)] = 0.0002127495
E[P_sel(18)] = 0.0002246793
E[P_sel(19)] = 0.0002535319

---- Expected D_neut and D_sel (neutral and selected divergence per site) 
E[D_neut] = 0.0198175295
E[D_sel] = 0.0125284730

---- Expected neutral and selected misattributed polymorphism per site
E[mis_neut] = 0.0005262489
E[mis_sel] = 0.0002978876

---- alpha_div = 0.190042
---- alpha_dfe = 0.190185

