---- Running command
---- ./polyDFE -d Mmc/806.polyDFE.config.txt -m C -e 
---- Performing inference using model C

---- Performing inference on Mmc/806.polyDFE.config.txt
---- No mutation variability. Using Poisson likelihood.


---- Calculating initial values

-- Starting local optimization
-- Optimizing all parameters
  it        eps_an        lambda     theta_bar           S_d             b           p_b           S_b           r 2           r 3           r 4           r 5           r 6           r 7           r 8           r 9          r 10          r 11          r 12          r 13          r 14          r 15          r 16          r 17          r 18          r 19          r 20           ln lk          grad status 
   0           0.1 0.01932022759 0.01135602927        -20000         0.208           0.1            20 0.87538459175 0.73400685978 0.64245524030 0.58283054017 0.55856104135 0.54100298083 0.54273859030 0.53258770548 0.55365807876 0.55261502368 0.58849258075 0.62394972487 0.67223876419 0.75934519956 0.86674780216 1.10136499257 1.58541032959             1             1 -1119887.946577 23225.6124691   -2 
 412 0.00792334456 0.01937793973 0.01021444557 -76.590467129 0.12157084550 0.01610662018 9.13796287357 0.86550286715 0.71910639962 0.61854136126 0.55442898122 0.52737326315 0.50736848088 0.49524462668 0.48410877134 0.49060285876 0.48119984077 0.50597485942 0.50989314081 0.52179612499 0.55525861939 0.57779365268 0.61765461276 0.65717528906 0.66760768285 1.00028179622 -286.4349610390 4.00955288143   -3 
-- Local optimization: stuck in the same solution
---- Best joint likelihood found -286.434961039063637 with gradient 4.00955

---- Results for Mmc/806.polyDFE.config.txt 
--  Model: C
--        eps_an        lambda     theta_bar             a 
-- 0.00792334456 0.01937793973 0.01021444557            -1 
--           S_d             b           p_b           S_b 
-- -76.590467129 0.12157084550 0.01610662018 9.13796287357 
--           r 2           r 3           r 4           r 5           r 6           r 7           r 8           r 9          r 10          r 11          r 12          r 13          r 14          r 15          r 16          r 17          r 18          r 19          r 20 
-- 0.86550286715 0.71910639962 0.61854136126 0.55442898122 0.52737326315 0.50736848088 0.49524462668 0.48410877134 0.49060285876 0.48119984077 0.50597485942 0.50989314081 0.52179612499 0.55525861939 0.57779365268 0.61765461276 0.65717528906 0.66760768285 1.00028179622 

---- Expected P_neut(i), 0 < i < n (neutral SFS per site) 
E[P_neut(1)] = 0.0101363568
E[P_neut(2)] = 0.0043882471
E[P_neut(3)] = 0.0024319652
E[P_neut(4)] = 0.0015699219
E[P_neut(5)] = 0.0011266586
E[P_neut(6)] = 0.0008937071
E[P_neut(7)] = 0.0007376637
E[P_neut(8)] = 0.0006307335
E[P_neut(9)] = 0.0005486207
E[P_neut(10)] = 0.0005011236
E[P_neut(11)] = 0.0004476483
E[P_neut(12)] = 0.0004322854
E[P_neut(13)] = 0.0004033283
E[P_neut(14)] = 0.0003848013
E[P_neut(15)] = 0.0003840890
E[P_neut(16)] = 0.0003784575
E[P_neut(17)] = 0.0003875768
E[P_neut(18)] = 0.0004049956
E[P_neut(19)] = 0.0004369963

---- Expected P_sel(i), 0 < i < n (selected SFS per site) 
E[P_sel(1)] = 0.0072507049
E[P_sel(2)] = 0.0028339398
E[P_sel(3)] = 0.0014919338
E[P_sel(4)] = 0.0009320694
E[P_sel(5)] = 0.0006534413
E[P_sel(6)] = 0.0005092281
E[P_sel(7)] = 0.0004145176
E[P_sel(8)] = 0.0003505385
E[P_sel(9)] = 0.0003022458
E[P_sel(10)] = 0.0002742046
E[P_sel(11)] = 0.0002437223
E[P_sel(12)] = 0.0002345982
E[P_sel(13)] = 0.0002185893
E[P_sel(14)] = 0.0002087152
E[P_sel(15)] = 0.0002090360
E[P_sel(16)] = 0.0002074285
E[P_sel(17)] = 0.0002151069
E[P_sel(18)] = 0.0002300523
E[P_sel(19)] = 0.0002628107

---- Expected D_neut and D_sel (neutral and selected divergence per site) 
E[D_neut] = 0.0198888059
E[D_sel] = 0.0125304146

---- Expected neutral and selected misattributed polymorphism per site
E[mis_neut] = 0.0005108662
E[mis_sel] = 0.0003041719

---- alpha_div = 0.237304
---- alpha_dfe = 0.237231

