---- Running command
---- ./polyDFE -d Mmc/807.polyDFE.config.txt -m C -e 
---- Performing inference using model C

---- Performing inference on Mmc/807.polyDFE.config.txt
---- No mutation variability. Using Poisson likelihood.


---- Calculating initial values

-- Starting local optimization
-- Optimizing all parameters
  it        eps_an        lambda     theta_bar           S_d             b           p_b           S_b           r 2           r 3           r 4           r 5           r 6           r 7           r 8           r 9          r 10          r 11          r 12          r 13          r 14          r 15          r 16          r 17          r 18          r 19          r 20           ln lk          grad status 
   0           0.1 0.01927418645 0.01134915242        -20000         0.208           0.1            20 0.86982803512 0.73370922002 0.64254235363 0.58168277190 0.56295926551 0.54515375822 0.54185349491 0.52909722848 0.55361152031 0.54434647488 0.59303317573 0.62700157702 0.66992615817 0.74823661491 0.86319470509 1.10751849275 1.57771862285             1             1 -1112036.471603 23094.6679733   -2 
 934 0.00041647585 0.01930588734 0.01012848543 -82.568792271 0.11798509530 0.01645527742 8.92211773266 0.86283584491 0.72092213789 0.61968328267 0.55491937016 0.53365774283 0.51161445012 0.49586393811 0.48499284442 0.49669248906 0.48060956238 0.51128315323 0.51547847527 0.52760756553 0.55821945848 0.59495287012 0.64924496946 0.71237916950 0.83890174472 1.06145615177 -283.6068038745 0.05395932067   -3 
-- Local optimization: stuck in the same solution
---- Best joint likelihood found -283.606803874587058 with gradient 0.05396

---- Results for Mmc/807.polyDFE.config.txt 
--  Model: C
--        eps_an        lambda     theta_bar             a 
-- 0.00041647585 0.01930588734 0.01012848543            -1 
--           S_d             b           p_b           S_b 
-- -82.568792271 0.11798509530 0.01645527742 8.92211773266 
--           r 2           r 3           r 4           r 5           r 6           r 7           r 8           r 9          r 10          r 11          r 12          r 13          r 14          r 15          r 16          r 17          r 18          r 19          r 20 
-- 0.86283584491 0.72092213789 0.61968328267 0.55491937016 0.53365774283 0.51161445012 0.49586393811 0.48499284442 0.49669248906 0.48060956238 0.51128315323 0.51547847527 0.52760756553 0.55821945848 0.59495287012 0.64924496946 0.71237916950 0.83890174472 1.06145615177 

---- Expected P_neut(i), 0 < i < n (neutral SFS per site) 
E[P_neut(1)] = 0.0101244534
E[P_neut(2)] = 0.0043679573
E[P_neut(3)] = 0.0024330972
E[P_neut(4)] = 0.0015686166
E[P_neut(5)] = 0.0011237874
E[P_neut(6)] = 0.0009006412
E[P_neut(7)] = 0.0007401275
E[P_neut(8)] = 0.0006277121
E[P_neut(9)] = 0.0005457618
E[P_neut(10)] = 0.0005030743
E[P_neut(11)] = 0.0004425746
E[P_neut(12)] = 0.0004316254
E[P_neut(13)] = 0.0004017577
E[P_neut(14)] = 0.0003819209
E[P_neut(15)] = 0.0003772390
E[P_neut(16)] = 0.0003771199
E[P_neut(17)] = 0.0003876684
E[P_neut(18)] = 0.0004025041
E[P_neut(19)] = 0.0004512322

---- Expected P_sel(i), 0 < i < n (selected SFS per site) 
E[P_sel(1)] = 0.0072357122
E[P_sel(2)] = 0.0028249551
E[P_sel(3)] = 0.0014970666
E[P_sel(4)] = 0.0009350324
E[P_sel(5)] = 0.0006549006
E[P_sel(6)] = 0.0005159494
E[P_sel(7)] = 0.0004183531
E[P_sel(8)] = 0.0003510572
E[P_sel(9)] = 0.0003026635
E[P_sel(10)] = 0.0002771685
E[P_sel(11)] = 0.0002426657
E[P_sel(12)] = 0.0002359247
E[P_sel(13)] = 0.0002193026
E[P_sel(14)] = 0.0002086053
E[P_sel(15)] = 0.0002066631
E[P_sel(16)] = 0.0002078353
E[P_sel(17)] = 0.0002158010
E[P_sel(18)] = 0.0002276819
E[P_sel(19)] = 0.0002622832

---- Expected D_neut and D_sel (neutral and selected divergence per site) 
E[D_neut] = 0.0198434345
E[D_sel] = 0.0125766407

---- Expected neutral and selected misattributed polymorphism per site
E[mis_neut] = 0.0005375472
E[mis_sel] = 0.0003224305

---- alpha_div = 0.235557
---- alpha_dfe = 0.235401

