---- Running command
---- ./polyDFE -d Mmc/808.polyDFE.config.txt -m C -e 
---- Performing inference using model C

---- Performing inference on Mmc/808.polyDFE.config.txt
---- No mutation variability. Using Poisson likelihood.


---- Calculating initial values

-- Starting local optimization
-- Optimizing all parameters
  it        eps_an        lambda     theta_bar           S_d             b           p_b           S_b           r 2           r 3           r 4           r 5           r 6           r 7           r 8           r 9          r 10          r 11          r 12          r 13          r 14          r 15          r 16          r 17          r 18          r 19          r 20           ln lk          grad status 
   0           0.1 0.01930624715 0.01138936581        -20000         0.208           0.1            20 0.87011654301 0.73472873515 0.63995735409 0.58126149813 0.55508724834 0.53671143308 0.53431251845 0.52298598686 0.55548153074 0.55584856481 0.58735979297 0.61867456973 0.66170830082 0.75022911064 0.85779001023 1.11238550438 1.58181111906             1             1 -1119625.037494 23212.6028484   -2 
 752 0.00180538643 0.01935752190 0.01017862885 -78.427001559 0.12187923542 0.02167028583 6.91472560520 0.86341802085 0.71955117078 0.61856948520 0.55349875531 0.52634909549 0.50116152564 0.49471112994 0.47840082207 0.49425875667 0.48273322997 0.51221478718 0.51282847793 0.52140262317 0.55655955727 0.58335308190 0.64656135444 0.70850258149 0.80497317103 1.02330877098 -288.8578300186 0.06780310314   -3 
-- Local optimization: stuck in the same solution
---- Best joint likelihood found -288.857830018620007 with gradient 0.06780

---- Results for Mmc/808.polyDFE.config.txt 
--  Model: C
--        eps_an        lambda     theta_bar             a 
-- 0.00180538643 0.01935752190 0.01017862885            -1 
--           S_d             b           p_b           S_b 
-- -78.427001559 0.12187923542 0.02167028583 6.91472560520 
--           r 2           r 3           r 4           r 5           r 6           r 7           r 8           r 9          r 10          r 11          r 12          r 13          r 14          r 15          r 16          r 17          r 18          r 19          r 20 
-- 0.86341802085 0.71955117078 0.61856948520 0.55349875531 0.52634909549 0.50116152564 0.49471112994 0.47840082207 0.49425875667 0.48273322997 0.51221478718 0.51282847793 0.52140262317 0.55655955727 0.58335308190 0.64656135444 0.70850258149 0.80497317103 1.02330877098 

---- Expected P_neut(i), 0 < i < n (neutral SFS per site) 
E[P_neut(1)] = 0.0101610310
E[P_neut(2)] = 0.0043869959
E[P_neut(3)] = 0.0024376394
E[P_neut(4)] = 0.0015718755
E[P_neut(5)] = 0.0011254193
E[P_neut(6)] = 0.0008919910
E[P_neut(7)] = 0.0007281432
E[P_neut(8)] = 0.0006290831
E[P_neut(9)] = 0.0005408812
E[P_neut(10)] = 0.0005030876
E[P_neut(11)] = 0.0004468579
E[P_neut(12)] = 0.0004348223
E[P_neut(13)] = 0.0004021208
E[P_neut(14)] = 0.0003800108
E[P_neut(15)] = 0.0003790200
E[P_neut(16)] = 0.0003732802
E[P_neut(17)] = 0.0003908327
E[P_neut(18)] = 0.0004078535
E[P_neut(19)] = 0.0004488359

---- Expected P_sel(i), 0 < i < n (selected SFS per site) 
E[P_sel(1)] = 0.0072648618
E[P_sel(2)] = 0.0028339943
E[P_sel(3)] = 0.0014969698
E[P_sel(4)] = 0.0009348482
E[P_sel(5)] = 0.0006543023
E[P_sel(6)] = 0.0005098286
E[P_sel(7)] = 0.0004107287
E[P_sel(8)] = 0.0003512137
E[P_sel(9)] = 0.0002995685
E[P_sel(10)] = 0.0002769680
E[P_sel(11)] = 0.0002449895
E[P_sel(12)] = 0.0002378276
E[P_sel(13)] = 0.0002198339
E[P_sel(14)] = 0.0002080784
E[P_sel(15)] = 0.0002083741
E[P_sel(16)] = 0.0002066817
E[P_sel(17)] = 0.0002188318
E[P_sel(18)] = 0.0002323603
E[P_sel(19)] = 0.0002635716

---- Expected D_neut and D_sel (neutral and selected divergence per site) 
E[D_neut] = 0.0198783159
E[D_sel] = 0.0125183465

---- Expected neutral and selected misattributed polymorphism per site
E[mis_neut] = 0.0005207940
E[mis_sel] = 0.0003128439

---- alpha_div = 0.244599
---- alpha_dfe = 0.244380

