---- Running command
---- ./polyDFE -d Mmc/809.polyDFE.config.txt -m C -e 
---- Performing inference using model C

---- Performing inference on Mmc/809.polyDFE.config.txt
---- No mutation variability. Using Poisson likelihood.


---- Calculating initial values

-- Starting local optimization
-- Optimizing all parameters
  it        eps_an        lambda     theta_bar           S_d             b           p_b           S_b           r 2           r 3           r 4           r 5           r 6           r 7           r 8           r 9          r 10          r 11          r 12          r 13          r 14          r 15          r 16          r 17          r 18          r 19          r 20           ln lk          grad status 
   0           0.1 0.01921079898 0.01134051547        -20000         0.208           0.1            20 0.87413817806 0.73440836051 0.64458669033 0.58566659988 0.55959941674 0.53746485613 0.53981954114 0.52801716282 0.55056941892 0.55082142714 0.59655810879 0.62632219355 0.66852527725 0.75828831429 0.86264424054 1.11514545461 1.58929117320             1             1 -1111606.490451 23050.0342047   -2 
 599 0.00100673999  0.0193204514 0.01012907554 -76.079570471 0.12119291469 0.01677279853 8.91615580480 0.86632819536 0.72069108452 0.62065947509 0.55811267657 0.52785044793 0.50691900082 0.49601369098 0.48522797327 0.49556630330 0.48374674761 0.51516222157 0.51666372757 0.52639798832 0.56504416987 0.58822182394 0.65636361615 0.71493348071 0.82613275198 0.90880841708 -284.2449433041 0.04362567857   -8 
-- Local optimization: reached maximum number of likelihood evaluations allowed.
---- Best joint likelihood found -284.244943304132903 with gradient 0.04363

---- Results for Mmc/809.polyDFE.config.txt 
--  Model: C
--        eps_an        lambda     theta_bar             a 
-- 0.00100673999  0.0193204514 0.01012907554            -1 
--           S_d             b           p_b           S_b 
-- -76.079570471 0.12119291469 0.01677279853 8.91615580480 
--           r 2           r 3           r 4           r 5           r 6           r 7           r 8           r 9          r 10          r 11          r 12          r 13          r 14          r 15          r 16          r 17          r 18          r 19          r 20 
-- 0.86632819536 0.72069108452 0.62065947509 0.55811267657 0.52785044793 0.50691900082 0.49601369098 0.48522797327 0.49556630330 0.48374674761 0.51516222157 0.51666372757 0.52639798832 0.56504416987 0.58822182394 0.65636361615 0.71493348071 0.82613275198 0.90880841708 

---- Expected P_neut(i), 0 < i < n (neutral SFS per site) 
E[P_neut(1)] = 0.0101193216
E[P_neut(2)] = 0.0043835398
E[P_neut(3)] = 0.0024312555
E[P_neut(4)] = 0.0015704693
E[P_neut(5)] = 0.0011298790
E[P_neut(6)] = 0.0008905925
E[P_neut(7)] = 0.0007331841
E[P_neut(8)] = 0.0006278255
E[P_neut(9)] = 0.0005459999
E[P_neut(10)] = 0.0005019629
E[P_neut(11)] = 0.0004455475
E[P_neut(12)] = 0.0004350376
E[P_neut(13)] = 0.0004028967
E[P_neut(14)] = 0.0003813655
E[P_neut(15)] = 0.0003823125
E[P_neut(16)] = 0.0003735913
E[P_neut(17)] = 0.0003931358
E[P_neut(18)] = 0.0004063241
E[P_neut(19)] = 0.0004501730

---- Expected P_sel(i), 0 < i < n (selected SFS per site) 
E[P_sel(1)] = 0.0072511874
E[P_sel(2)] = 0.0028373982
E[P_sel(3)] = 0.0014953851
E[P_sel(4)] = 0.0009350386
E[P_sel(5)] = 0.0006572918
E[P_sel(6)] = 0.0005090671
E[P_sel(7)] = 0.0004133685
E[P_sel(8)] = 0.0003501245
E[P_sel(9)] = 0.0003018696
E[P_sel(10)] = 0.0002756631
E[P_sel(11)] = 0.0002434764
E[P_sel(12)] = 0.0002369732
E[P_sel(13)] = 0.0002191626
E[P_sel(14)] = 0.0002075864
E[P_sel(15)] = 0.0002087436
E[P_sel(16)] = 0.0002052485
E[P_sel(17)] = 0.0002182478
E[P_sel(18)] = 0.0002294197
E[P_sel(19)] = 0.0002619144

---- Expected D_neut and D_sel (neutral and selected divergence per site) 
E[D_neut] = 0.0197807209
E[D_sel] = 0.0125328599

---- Expected neutral and selected misattributed polymorphism per site
E[mis_neut] = 0.0004602695
E[mis_sel] = 0.0002756391

---- alpha_div = 0.240155
---- alpha_dfe = 0.239910

