---- Running command
---- ./polyDFE -d Mmc/81.polyDFE.config.txt -m C -e 
---- Performing inference using model C

---- Performing inference on Mmc/81.polyDFE.config.txt
---- No mutation variability. Using Poisson likelihood.


---- Calculating initial values

-- Starting local optimization
-- Optimizing all parameters
  it        eps_an        lambda     theta_bar           S_d             b           p_b           S_b           r 2           r 3           r 4           r 5           r 6           r 7           r 8           r 9          r 10          r 11          r 12          r 13          r 14          r 15          r 16          r 17          r 18          r 19          r 20           ln lk          grad status 
   0           0.1 0.01928114240 0.01136498660        -20000         0.208           0.1            20 0.87142586782 0.73698426938 0.64273382743 0.58393446278 0.55751057792 0.54483400268 0.54129454959 0.53261296790 0.55542926741 0.55360684838 0.58991508171 0.62324787111 0.67049329227 0.74926286854 0.86108493764 1.11000562019 1.56927732239             1             1 -1115433.216404 23149.5170857   -2 
 814 0.00097793060 0.01932536198 0.01014849005 -72.515617701 0.13026343704 0.03555061347 4.69616351029 0.86492484049 0.72154266889 0.62008560773 0.55742365130 0.52799553750 0.51396405737 0.49969208685 0.48907160802 0.49551374569 0.48282830392 0.51064960890 0.51016812321 0.52749855588 0.56000958942 0.59144331192 0.64686749866 0.70416343674 0.80736435249 1.03755051680 -293.9535447970 0.08301643104   -3 
-- Local optimization: stuck in the same solution
---- Best joint likelihood found -293.953544797099312 with gradient 0.08302

---- Results for Mmc/81.polyDFE.config.txt 
--  Model: C
--        eps_an        lambda     theta_bar             a 
-- 0.00097793060 0.01932536198 0.01014849005            -1 
--           S_d             b           p_b           S_b 
-- -72.515617701 0.13026343704 0.03555061347 4.69616351029 
--           r 2           r 3           r 4           r 5           r 6           r 7           r 8           r 9          r 10          r 11          r 12          r 13          r 14          r 15          r 16          r 17          r 18          r 19          r 20 
-- 0.86492484049 0.72154266889 0.62008560773 0.55742365130 0.52799553750 0.51396405737 0.49969208685 0.48907160802 0.49551374569 0.48282830392 0.51064960890 0.51016812321 0.52749855588 0.56000958942 0.59144331192 0.64686749866 0.70416343674 0.80736435249 1.03755051680 

---- Expected P_neut(i), 0 < i < n (neutral SFS per site) 
E[P_neut(1)] = 0.0101389873
E[P_neut(2)] = 0.0043849368
E[P_neut(3)] = 0.0024388469
E[P_neut(4)] = 0.0015720615
E[P_neut(5)] = 0.0011306658
E[P_neut(6)] = 0.0008925602
E[P_neut(7)] = 0.0007447978
E[P_neut(8)] = 0.0006336925
E[P_neut(9)] = 0.0005513783
E[P_neut(10)] = 0.0005028716
E[P_neut(11)] = 0.0004455563
E[P_neut(12)] = 0.0004320578
E[P_neut(13)] = 0.0003986035
E[P_neut(14)] = 0.0003828790
E[P_neut(15)] = 0.0003796194
E[P_neut(16)] = 0.0003763127
E[P_neut(17)] = 0.0003881698
E[P_neut(18)] = 0.0004009146
E[P_neut(19)] = 0.0004407412

---- Expected P_sel(i), 0 < i < n (selected SFS per site) 
E[P_sel(1)] = 0.0072489071
E[P_sel(2)] = 0.0028246910
E[P_sel(3)] = 0.0014916654
E[P_sel(4)] = 0.0009308180
E[P_sel(5)] = 0.0006545014
E[P_sel(6)] = 0.0005081553
E[P_sel(7)] = 0.0004187623
E[P_sel(8)] = 0.0003529580
E[P_sel(9)] = 0.0003050009
E[P_sel(10)] = 0.0002768583
E[P_sel(11)] = 0.0002446413
E[P_sel(12)] = 0.0002370548
E[P_sel(13)] = 0.0002189819
E[P_sel(14)] = 0.0002110771
E[P_sel(15)] = 0.0002105328
E[P_sel(16)] = 0.0002105686
E[P_sel(17)] = 0.0002199534
E[P_sel(18)] = 0.0002311936
E[P_sel(19)] = 0.0002608778

---- Expected D_neut and D_sel (neutral and selected divergence per site) 
E[D_neut] = 0.0198518405
E[D_sel] = 0.0125303256

---- Expected neutral and selected misattributed polymorphism per site
E[mis_neut] = 0.0005264786
E[mis_sel] = 0.0003195364

---- alpha_div = 0.279383
---- alpha_dfe = 0.279184

