---- Running command
---- ./polyDFE -d Mmc/810.polyDFE.config.txt -m C -e 
---- Performing inference using model C

---- Performing inference on Mmc/810.polyDFE.config.txt
---- No mutation variability. Using Poisson likelihood.


---- Calculating initial values

-- Starting local optimization
-- Optimizing all parameters
  it        eps_an        lambda     theta_bar           S_d             b           p_b           S_b           r 2           r 3           r 4           r 5           r 6           r 7           r 8           r 9          r 10          r 11          r 12          r 13          r 14          r 15          r 16          r 17          r 18          r 19          r 20           ln lk          grad status 
   0           0.1 0.01926187363 0.01133125708        -20000         0.208           0.1            20 0.87497469794 0.73486937812 0.64543854731 0.58170905649 0.56043952084 0.54027504537 0.53579753261 0.53409445865 0.55319844375 0.56284815882 0.59819432061 0.63033599807 0.66784148570 0.75577192885 0.86939441111 1.11024897305 1.57883246130             1             1 -1112792.830715 23110.2608013   -2 
 266 0.00486360067 0.01931924005 0.01016112443 -87.292665681 0.11411358108 0.00909079783 15.1208774540 0.86642186757 0.71822555103 0.62209516442 0.55494531427 0.52653136769 0.50802834253 0.49225959589 0.48582725405 0.49427142267 0.49016342915 0.51558302540 0.51476049851 0.52600492962 0.56047157121 0.58687900560 0.63735789173 0.68304917113 0.74378489694 1.00150455419 -281.0202362571 2.51305654884   -3 
-- Local optimization: stuck in the same solution
---- Best joint likelihood found -281.020236257143551 with gradient 2.51306

---- Results for Mmc/810.polyDFE.config.txt 
--  Model: C
--        eps_an        lambda     theta_bar             a 
-- 0.00486360067 0.01931924005 0.01016112443            -1 
--           S_d             b           p_b           S_b 
-- -87.292665681 0.11411358108 0.00909079783 15.1208774540 
--           r 2           r 3           r 4           r 5           r 6           r 7           r 8           r 9          r 10          r 11          r 12          r 13          r 14          r 15          r 16          r 17          r 18          r 19          r 20 
-- 0.86642186757 0.71822555103 0.62209516442 0.55494531427 0.52653136769 0.50802834253 0.49225959589 0.48582725405 0.49427142267 0.49016342915 0.51558302540 0.51476049851 0.52600492962 0.56047157121 0.58687900560 0.63735789173 0.68304917113 0.74378489694 1.00150455419 

---- Expected P_neut(i), 0 < i < n (neutral SFS per site) 
E[P_neut(1)] = 0.0101136394
E[P_neut(2)] = 0.0043823764
E[P_neut(3)] = 0.0024226811
E[P_neut(4)] = 0.0015744234
E[P_neut(5)] = 0.0011241352
E[P_neut(6)] = 0.0008892117
E[P_neut(7)] = 0.0007358187
E[P_neut(8)] = 0.0006243213
E[P_neut(9)] = 0.0005480401
E[P_neut(10)] = 0.0005022353
E[P_neut(11)] = 0.0004532484
E[P_neut(12)] = 0.0004374929
E[P_neut(13)] = 0.0004039794
E[P_neut(14)] = 0.0003842516
E[P_neut(15)] = 0.0003833066
E[P_neut(16)] = 0.0003785826
E[P_neut(17)] = 0.0003909359
E[P_neut(18)] = 0.0004051198
E[P_neut(19)] = 0.0004452582

---- Expected P_sel(i), 0 < i < n (selected SFS per site) 
E[P_sel(1)] = 0.0072170120
E[P_sel(2)] = 0.0028330759
E[P_sel(3)] = 0.0014905775
E[P_sel(4)] = 0.0009384050
E[P_sel(5)] = 0.0006548445
E[P_sel(6)] = 0.0005089542
E[P_sel(7)] = 0.0004152815
E[P_sel(8)] = 0.0003483451
E[P_sel(9)] = 0.0003029263
E[P_sel(10)] = 0.0002754842
E[P_sel(11)] = 0.0002470977
E[P_sel(12)] = 0.0002374076
E[P_sel(13)] = 0.0002185553
E[P_sel(14)] = 0.0002076212
E[P_sel(15)] = 0.0002073057
E[P_sel(16)] = 0.0002055933
E[P_sel(17)] = 0.0002142116
E[P_sel(18)] = 0.0002261774
E[P_sel(19)] = 0.0002607617

---- Expected D_neut and D_sel (neutral and selected divergence per site) 
E[D_neut] = 0.0198280607
E[D_sel] = 0.0125431639

---- Expected neutral and selected misattributed polymorphism per site
E[mis_neut] = 0.0005088206
E[mis_sel] = 0.0002994745

---- alpha_div = 0.218136
---- alpha_dfe = 0.218321

