---- Running command
---- ./polyDFE -d Mmc/811.polyDFE.config.txt -m C -e 
---- Performing inference using model C

---- Performing inference on Mmc/811.polyDFE.config.txt
---- No mutation variability. Using Poisson likelihood.


---- Calculating initial values

-- Starting local optimization
-- Optimizing all parameters
  it        eps_an        lambda     theta_bar           S_d             b           p_b           S_b           r 2           r 3           r 4           r 5           r 6           r 7           r 8           r 9          r 10          r 11          r 12          r 13          r 14          r 15          r 16          r 17          r 18          r 19          r 20           ln lk          grad status 
   0           0.1 0.01927855093 0.01137523524        -20000         0.208           0.1            20 0.87505550511 0.73326191622 0.64328967284 0.58065049641 0.55849736398 0.54251156530 0.54208672061 0.53183001844 0.55595669878 0.55832101210 0.59341489362 0.62848300130 0.67556452152 0.74472883101 0.86175789296 1.10822696075 1.57461803092             1             1 -1116182.659044 23187.8674694   -2 
 663 0.00088069530 0.01932762373 0.01016009641 -72.408830073 0.13144919083 0.03451574249 4.88195108395 0.86543477169 0.71981623213 0.62132352866 0.55651208791 0.52994541529 0.51049855929 0.50074847856 0.48483739202 0.49888675816 0.48317895441 0.51192443793 0.51939152029 0.53229990855 0.55577383853 0.58670090647 0.64405428653 0.70379981118 0.81702234140 1.02816641432 -268.4103829233 0.08280543834   -3 
-- Local optimization: stuck in the same solution
---- Best joint likelihood found -268.410382923393627 with gradient 0.08281

---- Results for Mmc/811.polyDFE.config.txt 
--  Model: C
--        eps_an        lambda     theta_bar             a 
-- 0.00088069530 0.01932762373 0.01016009641            -1 
--           S_d             b           p_b           S_b 
-- -72.408830073 0.13144919083 0.03451574249 4.88195108395 
--           r 2           r 3           r 4           r 5           r 6           r 7           r 8           r 9          r 10          r 11          r 12          r 13          r 14          r 15          r 16          r 17          r 18          r 19          r 20 
-- 0.86543477169 0.71981623213 0.62132352866 0.55651208791 0.52994541529 0.51049855929 0.50074847856 0.48483739202 0.49888675816 0.48317895441 0.51192443793 0.51939152029 0.53229990855 0.55577383853 0.58670090647 0.64405428653 0.70379981118 0.81702234140 1.02816641432 

---- Expected P_neut(i), 0 < i < n (neutral SFS per site) 
E[P_neut(1)] = 0.0101515332
E[P_neut(2)] = 0.0043929283
E[P_neut(3)] = 0.0024359928
E[P_neut(4)] = 0.0015771150
E[P_neut(5)] = 0.0011301789
E[P_neut(6)] = 0.0008969326
E[P_neut(7)] = 0.0007406642
E[P_neut(8)] = 0.0006357782
E[P_neut(9)] = 0.0005472437
E[P_neut(10)] = 0.0005068738
E[P_neut(11)] = 0.0004463749
E[P_neut(12)] = 0.0004336118
E[P_neut(13)] = 0.0004062234
E[P_neut(14)] = 0.0003867514
E[P_neut(15)] = 0.0003771121
E[P_neut(16)] = 0.0003736204
E[P_neut(17)] = 0.0003867288
E[P_neut(18)] = 0.0004007817
E[P_neut(19)] = 0.0004454593

---- Expected P_sel(i), 0 < i < n (selected SFS per site) 
E[P_sel(1)] = 0.0072412348
E[P_sel(2)] = 0.0028202592
E[P_sel(3)] = 0.0014839666
E[P_sel(4)] = 0.0009296926
E[P_sel(5)] = 0.0006511293
E[P_sel(6)] = 0.0005081030
E[P_sel(7)] = 0.0004142766
E[P_sel(8)] = 0.0003522171
E[P_sel(9)] = 0.0003010396
E[P_sel(10)] = 0.0002774807
E[P_sel(11)] = 0.0002436747
E[P_sel(12)] = 0.0002365124
E[P_sel(13)] = 0.0002218468
E[P_sel(14)] = 0.0002119465
E[P_sel(15)] = 0.0002079094
E[P_sel(16)] = 0.0002078540
E[P_sel(17)] = 0.0002179184
E[P_sel(18)] = 0.0002299143
E[P_sel(19)] = 0.0002623872

---- Expected D_neut and D_sel (neutral and selected divergence per site) 
E[D_neut] = 0.0198499372
E[D_sel] = 0.0125091632

---- Expected neutral and selected misattributed polymorphism per site
E[mis_neut] = 0.0005223135
E[mis_sel] = 0.0003159568

---- alpha_div = 0.281434
---- alpha_dfe = 0.281222

