---- Running command
---- ./polyDFE -d Mmc/812.polyDFE.config.txt -m C -e 
---- Performing inference using model C

---- Performing inference on Mmc/812.polyDFE.config.txt
---- No mutation variability. Using Poisson likelihood.


---- Calculating initial values

-- Starting local optimization
-- Optimizing all parameters
  it        eps_an        lambda     theta_bar           S_d             b           p_b           S_b           r 2           r 3           r 4           r 5           r 6           r 7           r 8           r 9          r 10          r 11          r 12          r 13          r 14          r 15          r 16          r 17          r 18          r 19          r 20           ln lk          grad status 
   0           0.1 0.01930942240 0.01137415906        -20000         0.208           0.1            20 0.86935559715 0.73350078342 0.64591390894 0.57812623723 0.56031747305 0.53337963784 0.54349591032 0.53025765257 0.55879440898 0.55236793663 0.59935105747 0.62015004582 0.66894453600 0.75165619519 0.86954382471 1.11874585683 1.58543956199             1             1 -1116139.749540 23191.3502248   -2 
 845 0.00154702972 0.01934507511 0.01015671876 -87.422305248 0.11763248060 0.01897827882 7.69556433960 0.86421714735 0.71984652571 0.62166474991 0.55349497472 0.52992633060 0.50296405882 0.49790200280 0.48473907960 0.50070838850 0.48510066382 0.51123209790 0.51428810545 0.52913022476 0.56165111537 0.59365871957 0.65520122524 0.71315948925 0.80950207633 1.05240763125 -280.1861235924 0.03795442003   -3 
-- Local optimization: stuck in the same solution
---- Best joint likelihood found -280.186123592458898 with gradient 0.03795

---- Results for Mmc/812.polyDFE.config.txt 
--  Model: C
--        eps_an        lambda     theta_bar             a 
-- 0.00154702972 0.01934507511 0.01015671876            -1 
--           S_d             b           p_b           S_b 
-- -87.422305248 0.11763248060 0.01897827882 7.69556433960 
--           r 2           r 3           r 4           r 5           r 6           r 7           r 8           r 9          r 10          r 11          r 12          r 13          r 14          r 15          r 16          r 17          r 18          r 19          r 20 
-- 0.86421714735 0.71984652571 0.62166474991 0.55349497472 0.52992633060 0.50296405882 0.49790200280 0.48473907960 0.50070838850 0.48510066382 0.51123209790 0.51428810545 0.52913022476 0.56165111537 0.59365871957 0.65520122524 0.71315948925 0.80950207633 1.05240763125 

---- Expected P_neut(i), 0 < i < n (neutral SFS per site) 
E[P_neut(1)] = 0.0101416755
E[P_neut(2)] = 0.0043826382
E[P_neut(3)] = 0.0024339282
E[P_neut(4)] = 0.0015766595
E[P_neut(5)] = 0.0011231875
E[P_neut(6)] = 0.0008962582
E[P_neut(7)] = 0.0007292733
E[P_neut(8)] = 0.0006318228
E[P_neut(9)] = 0.0005468865
E[P_neut(10)] = 0.0005085554
E[P_neut(11)] = 0.0004480653
E[P_neut(12)] = 0.0004330119
E[P_neut(13)] = 0.0004023135
E[P_neut(14)] = 0.0003846673
E[P_neut(15)] = 0.0003814532
E[P_neut(16)] = 0.0003787106
E[P_neut(17)] = 0.0003946173
E[P_neut(18)] = 0.0004085760
E[P_neut(19)] = 0.0004477741

---- Expected P_sel(i), 0 < i < n (selected SFS per site) 
E[P_sel(1)] = 0.0072187248
E[P_sel(2)] = 0.0028240303
E[P_sel(3)] = 0.0014927686
E[P_sel(4)] = 0.0009372021
E[P_sel(5)] = 0.0006529803
E[P_sel(6)] = 0.0005124050
E[P_sel(7)] = 0.0004115487
E[P_sel(8)] = 0.0003529247
E[P_sel(9)] = 0.0003030448
E[P_sel(10)] = 0.0002800893
E[P_sel(11)] = 0.0002457062
E[P_sel(12)] = 0.0002368316
E[P_sel(13)] = 0.0002198635
E[P_sel(14)] = 0.0002104733
E[P_sel(15)] = 0.0002094628
E[P_sel(16)] = 0.0002093337
E[P_sel(17)] = 0.0002204618
E[P_sel(18)] = 0.0002321409
E[P_sel(19)] = 0.0002620784

---- Expected D_neut and D_sel (neutral and selected divergence per site) 
E[D_neut] = 0.0198795255
E[D_sel] = 0.0125300108

---- Expected neutral and selected misattributed polymorphism per site
E[mis_neut] = 0.0005344504
E[mis_sel] = 0.0003205422

---- alpha_div = 0.236912
---- alpha_dfe = 0.236794

