---- Running command
---- ./polyDFE -d Mmc/813.polyDFE.config.txt -m C -e 
---- Performing inference using model C

---- Performing inference on Mmc/813.polyDFE.config.txt
---- No mutation variability. Using Poisson likelihood.


---- Calculating initial values

-- Starting local optimization
-- Optimizing all parameters
  it        eps_an        lambda     theta_bar           S_d             b           p_b           S_b           r 2           r 3           r 4           r 5           r 6           r 7           r 8           r 9          r 10          r 11          r 12          r 13          r 14          r 15          r 16          r 17          r 18          r 19          r 20           ln lk          grad status 
   0           0.1 0.01928300644 0.01135546648        -20000         0.208           0.1            20 0.87238009367 0.73413000633 0.64452680974 0.58067906616 0.55905887390 0.54007537927 0.54045827269 0.52527396737 0.55219687654 0.55615846310 0.59125875383 0.62637917894 0.66824347752 0.75658597716 0.86115393013 1.11398351517 1.57748018714             1             1 -1113741.694987 23105.5724400   -2 
 794 0.00101459299 0.01929453127 0.01014304583 -80.454723011 0.12040285846 0.02101726031 7.13291078067 0.86385426375 0.72157022544 0.62027054025 0.55392061332 0.52633871324 0.51076970196 0.49845301862 0.48145111065 0.49471202756 0.48832383515 0.51108231894 0.51513752659 0.52564818738 0.56459257233 0.58783812037 0.64991132496 0.70535165382 0.82843412327 1.10015196872 -280.9493856106 0.05759825167   -8 
-- Local optimization: reached maximum number of likelihood evaluations allowed.
---- Best joint likelihood found -280.949385610656464 with gradient 0.05760

---- Results for Mmc/813.polyDFE.config.txt 
--  Model: C
--        eps_an        lambda     theta_bar             a 
-- 0.00101459299 0.01929453127 0.01014304583            -1 
--           S_d             b           p_b           S_b 
-- -80.454723011 0.12040285846 0.02101726031 7.13291078067 
--           r 2           r 3           r 4           r 5           r 6           r 7           r 8           r 9          r 10          r 11          r 12          r 13          r 14          r 15          r 16          r 17          r 18          r 19          r 20 
-- 0.86385426375 0.72157022544 0.62027054025 0.55392061332 0.52633871324 0.51076970196 0.49845301862 0.48145111065 0.49471202756 0.48832383515 0.51108231894 0.51513752659 0.52564818738 0.56459257233 0.58783812037 0.64991132496 0.70535165382 0.82843412327 1.10015196872 

---- Expected P_neut(i), 0 < i < n (neutral SFS per site) 
E[P_neut(1)] = 0.0101332035
E[P_neut(2)] = 0.0043770150
E[P_neut(3)] = 0.0024375581
E[P_neut(4)] = 0.0015716404
E[P_neut(5)] = 0.0011229357
E[P_neut(6)] = 0.0008892632
E[P_neut(7)] = 0.0007397655
E[P_neut(8)] = 0.0006317761
E[P_neut(9)] = 0.0005425042
E[P_neut(10)] = 0.0005017887
E[P_neut(11)] = 0.0004503747
E[P_neut(12)] = 0.0004321972
E[P_neut(13)] = 0.0004022711
E[P_neut(14)] = 0.0003813502
E[P_neut(15)] = 0.0003825320
E[P_neut(16)] = 0.0003738720
E[P_neut(17)] = 0.0003898512
E[P_neut(18)] = 0.0004015092
E[P_neut(19)] = 0.0004520974

---- Expected P_sel(i), 0 < i < n (selected SFS per site) 
E[P_sel(1)] = 0.0072433206
E[P_sel(2)] = 0.0028292327
E[P_sel(3)] = 0.0014985477
E[P_sel(4)] = 0.0009360147
E[P_sel(5)] = 0.0006539081
E[P_sel(6)] = 0.0005091609
E[P_sel(7)] = 0.0004180590
E[P_sel(8)] = 0.0003533952
E[P_sel(9)] = 0.0003010562
E[P_sel(10)] = 0.0002767976
E[P_sel(11)] = 0.0002474018
E[P_sel(12)] = 0.0002368477
E[P_sel(13)] = 0.0002203282
E[P_sel(14)] = 0.0002091858
E[P_sel(15)] = 0.0002106589
E[P_sel(16)] = 0.0002073247
E[P_sel(17)] = 0.0002185589
E[P_sel(18)] = 0.0002288945
E[P_sel(19)] = 0.0002649319

---- Expected D_neut and D_sel (neutral and selected divergence per site) 
E[D_neut] = 0.0198524759
E[D_sel] = 0.0125435016

---- Expected neutral and selected misattributed polymorphism per site
E[mis_neut] = 0.0005579446
E[mis_sel] = 0.0003359711

---- alpha_div = 0.243430
---- alpha_dfe = 0.243289

