---- Running command
---- ./polyDFE -d Mmc/814.polyDFE.config.txt -m C -e 
---- Performing inference using model C

---- Performing inference on Mmc/814.polyDFE.config.txt
---- No mutation variability. Using Poisson likelihood.


---- Calculating initial values

-- Starting local optimization
-- Optimizing all parameters
  it        eps_an        lambda     theta_bar           S_d             b           p_b           S_b           r 2           r 3           r 4           r 5           r 6           r 7           r 8           r 9          r 10          r 11          r 12          r 13          r 14          r 15          r 16          r 17          r 18          r 19          r 20           ln lk          grad status 
   0           0.1 0.01928404215 0.01134772266        -20000         0.208           0.1            20 0.87503507589 0.73416437283 0.64429284488 0.58444159542 0.55687382106 0.54791163682 0.54137769877 0.53380292379 0.55791973453 0.55473838077 0.59780430159 0.62872895588 0.66556933806 0.77174503974 0.86960480999 1.11088475749 1.58285495995             1             1 -1115177.191441 23137.8689725   -2 
 347 0.00442162698 0.01932955434 0.01018346114 -100.98326499 0.10620946184 0.00243053245 50.7762079912 0.86301273489 0.72078348639 0.61842446706 0.55326361518 0.52450769569 0.50711400908 0.49603726866 0.48587951904 0.49522906407 0.48225071798 0.51323399551 0.51138423372 0.52807070545 0.56837149314 0.59132555367 0.64086768195 0.69262584997 0.77143291298 1.01991683580 -298.5135389016 0.16270882550   -3 
-- Local optimization: stuck in the same solution
---- Best joint likelihood found -298.513538901606807 with gradient 0.16271

---- Results for Mmc/814.polyDFE.config.txt 
--  Model: C
--        eps_an        lambda     theta_bar             a 
-- 0.00442162698 0.01932955434 0.01018346114            -1 
--           S_d             b           p_b           S_b 
-- -100.98326499 0.10620946184 0.00243053245 50.7762079912 
--           r 2           r 3           r 4           r 5           r 6           r 7           r 8           r 9          r 10          r 11          r 12          r 13          r 14          r 15          r 16          r 17          r 18          r 19          r 20 
-- 0.86301273489 0.72078348639 0.61842446706 0.55326361518 0.52450769569 0.50711400908 0.49603726866 0.48587951904 0.49522906407 0.48225071798 0.51323399551 0.51138423372 0.52807070545 0.56837149314 0.59132555367 0.64086768195 0.69262584997 0.77143291298 1.01991683580 

---- Expected P_neut(i), 0 < i < n (neutral SFS per site) 
E[P_neut(1)] = 0.0101402619
E[P_neut(2)] = 0.0043765313
E[P_neut(3)] = 0.0024375693
E[P_neut(4)] = 0.0015691280
E[P_neut(5)] = 0.0011235514
E[P_neut(6)] = 0.0008879795
E[P_neut(7)] = 0.0007362486
E[P_neut(8)] = 0.0006305559
E[P_neut(9)] = 0.0005493137
E[P_neut(10)] = 0.0005043146
E[P_neut(11)] = 0.0004469097
E[P_neut(12)] = 0.0004364076
E[P_neut(13)] = 0.0004020801
E[P_neut(14)] = 0.0003863512
E[P_neut(15)] = 0.0003891422
E[P_neut(16)] = 0.0003816562
E[P_neut(17)] = 0.0003930180
E[P_neut(18)] = 0.0004095486
E[P_neut(19)] = 0.0004566654

---- Expected P_sel(i), 0 < i < n (selected SFS per site) 
E[P_sel(1)] = 0.0072297892
E[P_sel(2)] = 0.0028387076
E[P_sel(3)] = 0.0015079942
E[P_sel(4)] = 0.0009414644
E[P_sel(5)] = 0.0006592095
E[P_sel(6)] = 0.0005119690
E[P_sel(7)] = 0.0004184818
E[P_sel(8)] = 0.0003541509
E[P_sel(9)] = 0.0003053951
E[P_sel(10)] = 0.0002779224
E[P_sel(11)] = 0.0002444249
E[P_sel(12)] = 0.0002371291
E[P_sel(13)] = 0.0002172857
E[P_sel(14)] = 0.0002078795
E[P_sel(15)] = 0.0002087499
E[P_sel(16)] = 0.0002045391
E[P_sel(17)] = 0.0002111627
E[P_sel(18)] = 0.0002224304
E[P_sel(19)] = 0.0002582960

---- Expected D_neut and D_sel (neutral and selected divergence per site) 
E[D_neut] = 0.0198488685
E[D_sel] = 0.0125652292

---- Expected neutral and selected misattributed polymorphism per site
E[mis_neut] = 0.0005193142
E[mis_sel] = 0.0002936749

---- alpha_div = 0.194287
---- alpha_dfe = 0.194515

