---- Running command
---- ./polyDFE -d Mmc/815.polyDFE.config.txt -m C -e 
---- Performing inference using model C

---- Performing inference on Mmc/815.polyDFE.config.txt
---- No mutation variability. Using Poisson likelihood.


---- Calculating initial values

-- Starting local optimization
-- Optimizing all parameters
  it        eps_an        lambda     theta_bar           S_d             b           p_b           S_b           r 2           r 3           r 4           r 5           r 6           r 7           r 8           r 9          r 10          r 11          r 12          r 13          r 14          r 15          r 16          r 17          r 18          r 19          r 20           ln lk          grad status 
   0           0.1 0.01929972189 0.01138224616        -20000         0.208           0.1            20 0.86873325614 0.73212771761 0.63993814135 0.58044626412 0.55917666873 0.53955310329 0.52946320734 0.53055027732 0.55684901762 0.55837603131 0.58640443155 0.62193579375 0.66006888253 0.75254191664 0.85112344897 1.10849137114 1.57535632835             1             1 -1118492.224613 23185.6225263   -2 
1010 0.00059091882 0.01927745987 0.01015794795 -78.244634434 0.12339540220 0.02601976835 5.93596266234 0.86219623583 0.71757299912 0.61934774830 0.55263820597 0.52991690946 0.50624375733 0.49177052438 0.48793459775 0.49524464234 0.48466309262  0.5118442478 0.51254216542 0.52157657672 0.55878311308 0.57977556097 0.65047420207 0.70650772265 0.81760605191 1.16596844210 -280.5465371325 0.01115375693   -3 
-- Local optimization: stuck in the same solution
---- Best joint likelihood found -280.546537132584490 with gradient 0.01115

---- Results for Mmc/815.polyDFE.config.txt 
--  Model: C
--        eps_an        lambda     theta_bar             a 
-- 0.00059091882 0.01927745987 0.01015794795            -1 
--           S_d             b           p_b           S_b 
-- -78.244634434 0.12339540220 0.02601976835 5.93596266234 
--           r 2           r 3           r 4           r 5           r 6           r 7           r 8           r 9          r 10          r 11          r 12          r 13          r 14          r 15          r 16          r 17          r 18          r 19          r 20 
-- 0.86219623583 0.71757299912 0.61934774830 0.55263820597 0.52991690946 0.50624375733 0.49177052438 0.48793459775 0.49524464234 0.48466309262  0.5118442478 0.51254216542 0.52157657672 0.55878311308 0.57977556097 0.65047420207 0.70650772265 0.81760605191 1.16596844210 

---- Expected P_neut(i), 0 < i < n (neutral SFS per site) 
E[P_neut(1)] = 0.0101522037
E[P_neut(2)] = 0.0043767202
E[P_neut(3)] = 0.0024284837
E[P_neut(4)] = 0.0015721136
E[P_neut(5)] = 0.0011222942
E[P_neut(6)] = 0.0008968382
E[P_neut(7)] = 0.0007344308
E[P_neut(8)] = 0.0006243095
E[P_neut(9)] = 0.0005506517
E[P_neut(10)] = 0.0005030669
E[P_neut(11)] = 0.0004476230
E[P_neut(12)] = 0.0004333869
E[P_neut(13)] = 0.0004006880
E[P_neut(14)] = 0.0003787456
E[P_neut(15)] = 0.0003788458
E[P_neut(16)] = 0.0003687950
E[P_neut(17)] = 0.0003898815
E[P_neut(18)] = 0.0004010559
E[P_neut(19)] = 0.0004428600

---- Expected P_sel(i), 0 < i < n (selected SFS per site) 
E[P_sel(1)] = 0.0072547534
E[P_sel(2)] = 0.0028251976
E[P_sel(3)] = 0.0014902655
E[P_sel(4)] = 0.0009344703
E[P_sel(5)] = 0.0006522867
E[P_sel(6)] = 0.0005126021
E[P_sel(7)] = 0.0004144291
E[P_sel(8)] = 0.0003488220
E[P_sel(9)] = 0.0003053601
E[P_sel(10)] = 0.0002774432
E[P_sel(11)] = 0.0002459772
E[P_sel(12)] = 0.0002377345
E[P_sel(13)] = 0.0002198305
E[P_sel(14)] = 0.0002082605
E[P_sel(15)] = 0.0002092914
E[P_sel(16)] = 0.0002052986
E[P_sel(17)] = 0.0002195203
E[P_sel(18)] = 0.0002295792
E[P_sel(19)] = 0.0002599405

---- Expected D_neut and D_sel (neutral and selected divergence per site) 
E[D_neut] = 0.0198696522
E[D_sel] = 0.0125246123

---- Expected neutral and selected misattributed polymorphism per site
E[mis_neut] = 0.0005921923
E[mis_sel] = 0.0003574725

---- alpha_div = 0.253919
---- alpha_dfe = 0.253850

