---- Running command
---- ./polyDFE -d Mmc/816.polyDFE.config.txt -m C -e 
---- Performing inference using model C

---- Performing inference on Mmc/816.polyDFE.config.txt
---- No mutation variability. Using Poisson likelihood.


---- Calculating initial values

-- Starting local optimization
-- Optimizing all parameters
  it        eps_an        lambda     theta_bar           S_d             b           p_b           S_b           r 2           r 3           r 4           r 5           r 6           r 7           r 8           r 9          r 10          r 11          r 12          r 13          r 14          r 15          r 16          r 17          r 18          r 19          r 20           ln lk          grad status 
   0           0.1 0.01925775128 0.01136515128        -20000         0.208           0.1            20 0.86969784350 0.73165153290 0.63977163405 0.57783490006 0.55938783065 0.54216975996 0.54114669173 0.52883015974 0.54482343968 0.55083306120 0.59614746930 0.62201807856 0.66748544652 0.74698395358 0.86633690592 1.10648610649 1.57719791793             1             1 -1114497.128557 23134.0389468   -2 
 498 0.00063553094 0.01934523043 0.01014630417 -86.266201829 0.11575714352 0.01415438897 10.0622257994 0.86235141095 0.71879016694 0.61681384500 0.55086504361 0.52877002367 0.50674301139 0.49650403311 0.48530379833 0.48904708842 0.48342563396 0.51616090654 0.51690173559 0.52620476459 0.56197057058 0.59220204918 0.64659466220 0.71266714060 0.82717842045 0.95276360376 -281.5507937933 0.04717553794   -3 
-- Local optimization: stuck in the same solution
---- Best joint likelihood found -281.550793793314369 with gradient 0.04718

---- Results for Mmc/816.polyDFE.config.txt 
--  Model: C
--        eps_an        lambda     theta_bar             a 
-- 0.00063553094 0.01934523043 0.01014630417            -1 
--           S_d             b           p_b           S_b 
-- -86.266201829 0.11575714352 0.01415438897 10.0622257994 
--           r 2           r 3           r 4           r 5           r 6           r 7           r 8           r 9          r 10          r 11          r 12          r 13          r 14          r 15          r 16          r 17          r 18          r 19          r 20 
-- 0.86235141095 0.71879016694 0.61681384500 0.55086504361 0.52877002367 0.50674301139 0.49650403311 0.48530379833 0.48904708842 0.48342563396 0.51616090654 0.51690173559 0.52620476459 0.56197057058 0.59220204918 0.64659466220 0.71266714060 0.82717842045 0.95276360376 

---- Expected P_neut(i), 0 < i < n (neutral SFS per site) 
E[P_neut(1)] = 0.0101401366
E[P_neut(2)] = 0.0043723148
E[P_neut(3)] = 0.0024297215
E[P_neut(4)] = 0.0015638395
E[P_neut(5)] = 0.0011173800
E[P_neut(6)] = 0.0008938510
E[P_neut(7)] = 0.0007342994
E[P_neut(8)] = 0.0006295873
E[P_neut(9)] = 0.0005470512
E[P_neut(10)] = 0.0004962021
E[P_neut(11)] = 0.0004459719
E[P_neut(12)] = 0.0004365500
E[P_neut(13)] = 0.0004036444
E[P_neut(14)] = 0.0003816855
E[P_neut(15)] = 0.0003805971
E[P_neut(16)] = 0.0003762971
E[P_neut(17)] = 0.0003872142
E[P_neut(18)] = 0.0004042438
E[P_neut(19)] = 0.0004478941

---- Expected P_sel(i), 0 < i < n (selected SFS per site) 
E[P_sel(1)] = 0.0072381047
E[P_sel(2)] = 0.0028270640
E[P_sel(3)] = 0.0014954053
E[P_sel(4)] = 0.0009326976
E[P_sel(5)] = 0.0006516038
E[P_sel(6)] = 0.0005124132
E[P_sel(7)] = 0.0004153202
E[P_sel(8)] = 0.0003522818
E[P_sel(9)] = 0.0003034715
E[P_sel(10)] = 0.0002733954
E[P_sel(11)] = 0.0002444613
E[P_sel(12)] = 0.0002384571
E[P_sel(13)] = 0.0002200825
E[P_sel(14)] = 0.0002081269
E[P_sel(15)] = 0.0002080234
E[P_sel(16)] = 0.0002067659
E[P_sel(17)] = 0.0002147671
E[P_sel(18)] = 0.0002277530
E[P_sel(19)] = 0.0002596369

---- Expected D_neut and D_sel (neutral and selected divergence per site) 
E[D_neut] = 0.0198285819
E[D_sel] = 0.0125511358

---- Expected neutral and selected misattributed polymorphism per site
E[mis_neut] = 0.0004833515
E[mis_sel] = 0.0002886759

---- alpha_div = 0.228090
---- alpha_dfe = 0.227872

