---- Running command
---- ./polyDFE -d Mmc/817.polyDFE.config.txt -m C -e 
---- Performing inference using model C

---- Performing inference on Mmc/817.polyDFE.config.txt
---- No mutation variability. Using Poisson likelihood.


---- Calculating initial values

-- Starting local optimization
-- Optimizing all parameters
  it        eps_an        lambda     theta_bar           S_d             b           p_b           S_b           r 2           r 3           r 4           r 5           r 6           r 7           r 8           r 9          r 10          r 11          r 12          r 13          r 14          r 15          r 16          r 17          r 18          r 19          r 20           ln lk          grad status 
   0           0.1 0.01930120535 0.01133742184        -20000         0.208           0.1            20 0.87439306552 0.73624326471 0.64259127208 0.58914202870 0.56091338406 0.55106879661 0.54148457211 0.53164003119 0.56970176414 0.55409908010 0.59182881727 0.62549495059 0.66482642932 0.75250386767 0.86598096273 1.11101421823 1.57762397906             1             1 -1118950.325878 23191.0695317   -2 
 341 0.00354099304 0.01930633991 0.01015864979 -73.205581203 0.12417290569 0.02059321029 7.37530700660 0.86648331153 0.71990568742 0.61947426962 0.55727682653 0.53177785826 0.51357977317 0.49732163533 0.48584302749 0.50849352602 0.48103534936 0.51384635762 0.51645164187 0.52200483928 0.55487048208 0.58583223929 0.63796959237 0.68905651839 0.77323495729 1.10881364787 -298.8255223975 0.57483441862   -8 
-- Local optimization: reached maximum number of likelihood evaluations allowed.
---- Best joint likelihood found -298.825522397572058 with gradient 0.57483

---- Results for Mmc/817.polyDFE.config.txt 
--  Model: C
--        eps_an        lambda     theta_bar             a 
-- 0.00354099304 0.01930633991 0.01015864979            -1 
--           S_d             b           p_b           S_b 
-- -73.205581203 0.12417290569 0.02059321029 7.37530700660 
--           r 2           r 3           r 4           r 5           r 6           r 7           r 8           r 9          r 10          r 11          r 12          r 13          r 14          r 15          r 16          r 17          r 18          r 19          r 20 
-- 0.86648331153 0.71990568742 0.61947426962 0.55727682653 0.53177785826 0.51357977317 0.49732163533 0.48584302749 0.50849352602 0.48103534936 0.51384635762 0.51645164187 0.52200483928 0.55487048208 0.58583223929 0.63796959237 0.68905651839 0.77323495729 1.10881364787 

---- Expected P_neut(i), 0 < i < n (neutral SFS per site) 
E[P_neut(1)] = 0.0101241420
E[P_neut(2)] = 0.0043869428
E[P_neut(3)] = 0.0024304744
E[P_neut(4)] = 0.0015690017
E[P_neut(5)] = 0.0011295574
E[P_neut(6)] = 0.0008985106
E[P_neut(7)] = 0.0007441152
E[P_neut(8)] = 0.0006308187
E[P_neut(9)] = 0.0005480211
E[P_neut(10)] = 0.0005165608
E[P_neut(11)] = 0.0004446115
E[P_neut(12)] = 0.0004356946
E[P_neut(13)] = 0.0004047833
E[P_neut(14)] = 0.0003806229
E[P_neut(15)] = 0.0003784609
E[P_neut(16)] = 0.0003762078
E[P_neut(17)] = 0.0003885121
E[P_neut(18)] = 0.0004030898
E[P_neut(19)] = 0.0004479301

---- Expected P_sel(i), 0 < i < n (selected SFS per site) 
E[P_sel(1)] = 0.0072576908
E[P_sel(2)] = 0.0028374318
E[P_sel(3)] = 0.0014928626
E[P_sel(4)] = 0.0009326306
E[P_sel(5)] = 0.0006559714
E[P_sel(6)] = 0.0005127344
E[P_sel(7)] = 0.0004188953
E[P_sel(8)] = 0.0003513475
E[P_sel(9)] = 0.0003027048
E[P_sel(10)] = 0.0002835351
E[P_sel(11)] = 0.0002429647
E[P_sel(12)] = 0.0002374736
E[P_sel(13)] = 0.0002204764
E[P_sel(14)] = 0.0002076221
E[P_sel(15)] = 0.0002072705
E[P_sel(16)] = 0.0002075429
E[P_sel(17)] = 0.0002168786
E[P_sel(18)] = 0.0002294148
E[P_sel(19)] = 0.0002646970

---- Expected D_neut and D_sel (neutral and selected divergence per site) 
E[D_neut] = 0.0198695424
E[D_sel] = 0.0125272831

---- Expected neutral and selected misattributed polymorphism per site
E[mis_neut] = 0.0005632025
E[mis_sel] = 0.0003377599

---- alpha_div = 0.246680
---- alpha_dfe = 0.246614

