---- Running command
---- ./polyDFE -d Mmc/818.polyDFE.config.txt -m C -e 
---- Performing inference using model C

---- Performing inference on Mmc/818.polyDFE.config.txt
---- No mutation variability. Using Poisson likelihood.


---- Calculating initial values

-- Starting local optimization
-- Optimizing all parameters
  it        eps_an        lambda     theta_bar           S_d             b           p_b           S_b           r 2           r 3           r 4           r 5           r 6           r 7           r 8           r 9          r 10          r 11          r 12          r 13          r 14          r 15          r 16          r 17          r 18          r 19          r 20           ln lk          grad status 
   0           0.1 0.01929517086 0.01136018705        -20000         0.208           0.1            20 0.87326301208 0.73379646748 0.65043084229 0.58259237434 0.55494674001 0.54316812781 0.53882979391 0.52420729813 0.55278395789 0.55698127837 0.58897715411 0.62199711311 0.66202359854 0.75517740197 0.86070635828 1.10664540927 1.58120812570             1             1 -1119131.002159 23185.7331650   -2 
1285 0.00082743365 0.01932222464 0.01014507679 -67.616056689 0.13313415945 0.03512268183 4.76853760154 0.86482691788 0.72200637544 0.62449018817 0.55410995991 0.52676502565 0.50898349098 0.49569968876 0.48183298479 0.50033491771 0.48922772167 0.50947989069 0.51602488233 0.52118645252 0.56093019428 0.58171468903 0.64826534748 0.70381674544 0.81382166710 1.07190774818 -286.5995445219 0.04910249776   -8 
-- Local optimization: reached maximum number of likelihood evaluations allowed.
---- Best joint likelihood found -286.599544521930511 with gradient 0.04910

---- Results for Mmc/818.polyDFE.config.txt 
--  Model: C
--        eps_an        lambda     theta_bar             a 
-- 0.00082743365 0.01932222464 0.01014507679            -1 
--           S_d             b           p_b           S_b 
-- -67.616056689 0.13313415945 0.03512268183 4.76853760154 
--           r 2           r 3           r 4           r 5           r 6           r 7           r 8           r 9          r 10          r 11          r 12          r 13          r 14          r 15          r 16          r 17          r 18          r 19          r 20 
-- 0.86482691788 0.72200637544 0.62449018817 0.55410995991 0.52676502565 0.50898349098 0.49569968876 0.48183298479 0.50033491771 0.48922772167 0.50947989069 0.51602488233 0.52118645252 0.56093019428 0.58171468903 0.64826534748 0.70381674544 0.81382166710 1.07190774818 

---- Expected P_neut(i), 0 < i < n (neutral SFS per site) 
E[P_neut(1)] = 0.0101370420
E[P_neut(2)] = 0.0043835661
E[P_neut(3)] = 0.0024399032
E[P_neut(4)] = 0.0015828699
E[P_neut(5)] = 0.0011236812
E[P_neut(6)] = 0.0008902541
E[P_neut(7)] = 0.0007373909
E[P_neut(8)] = 0.0006284502
E[P_neut(9)] = 0.0005430609
E[P_neut(10)] = 0.0005075936
E[P_neut(11)] = 0.0004512809
E[P_neut(12)] = 0.0004308898
E[P_neut(13)] = 0.0004029781
E[P_neut(14)] = 0.0003781014
E[P_neut(15)] = 0.0003799950
E[P_neut(16)] = 0.0003698516
E[P_neut(17)] = 0.0003885650
E[P_neut(18)] = 0.0003999836
E[P_neut(19)] = 0.0004425761

---- Expected P_sel(i), 0 < i < n (selected SFS per site) 
E[P_sel(1)] = 0.0072672179
E[P_sel(2)] = 0.0028271160
E[P_sel(3)] = 0.0014924118
E[P_sel(4)] = 0.0009365576
E[P_sel(5)] = 0.0006496220
E[P_sel(6)] = 0.0005059566
E[P_sel(7)] = 0.0004137148
E[P_sel(8)] = 0.0003491796
E[P_sel(9)] = 0.0002995795
E[P_sel(10)] = 0.0002786272
E[P_sel(11)] = 0.0002469955
E[P_sel(12)] = 0.0002356182
E[P_sel(13)] = 0.0002206057
E[P_sel(14)] = 0.0002076838
E[P_sel(15)] = 0.0002099538
E[P_sel(16)] = 0.0002061705
E[P_sel(17)] = 0.0002193412
E[P_sel(18)] = 0.0002297840
E[P_sel(19)] = 0.0002609112

---- Expected D_neut and D_sel (neutral and selected divergence per site) 
E[D_neut] = 0.0198659540
E[D_sel] = 0.0125091751

---- Expected neutral and selected misattributed polymorphism per site
E[mis_neut] = 0.0005437293
E[mis_sel] = 0.0003290094

---- alpha_div = 0.280560
---- alpha_dfe = 0.280334

