---- Running command
---- ./polyDFE -d Mmc/819.polyDFE.config.txt -m C -e 
---- Performing inference using model C

---- Performing inference on Mmc/819.polyDFE.config.txt
---- No mutation variability. Using Poisson likelihood.


---- Calculating initial values

-- Starting local optimization
-- Optimizing all parameters
  it        eps_an        lambda     theta_bar           S_d             b           p_b           S_b           r 2           r 3           r 4           r 5           r 6           r 7           r 8           r 9          r 10          r 11          r 12          r 13          r 14          r 15          r 16          r 17          r 18          r 19          r 20           ln lk          grad status 
   0           0.1 0.01925240707 0.01135648730        -20000         0.208           0.1            20 0.87175064441 0.73842357780 0.64427083965 0.58194558984 0.56064190544 0.53672096449 0.53962375187 0.53368435276 0.55422142331 0.55244568327 0.59329132560 0.62323306456 0.65674732517 0.74504976505 0.87075812477 1.10775646127 1.59088261414             1             1 -1115131.529450 23152.2194609   -2 
1003 0.00036744564 0.01923282578 0.01013938833 -75.480631138 0.12611890834 0.02780610935 5.76866562764 0.86360234191 0.72285340213 0.62069529825 0.55572723939 0.53129536193 0.50448877745 0.49984384993 0.48870226159 0.49672522660 0.48302549977 0.51326398435 0.51386110525 0.51992161580 0.55842674386 0.59354070546 0.64895112786 0.71532786130 0.83209108292 1.16451285384 -270.6728428034 0.01146439591   -3 
-- Local optimization: stuck in the same solution
---- Best joint likelihood found -270.672842803440290 with gradient 0.01146

---- Results for Mmc/819.polyDFE.config.txt 
--  Model: C
--        eps_an        lambda     theta_bar             a 
-- 0.00036744564 0.01923282578 0.01013938833            -1 
--           S_d             b           p_b           S_b 
-- -75.480631138 0.12611890834 0.02780610935 5.76866562764 
--           r 2           r 3           r 4           r 5           r 6           r 7           r 8           r 9          r 10          r 11          r 12          r 13          r 14          r 15          r 16          r 17          r 18          r 19          r 20 
-- 0.86360234191 0.72285340213 0.62069529825 0.55572723939 0.53129536193 0.50448877745 0.49984384993 0.48870226159 0.49672522660 0.48302549977 0.51326398435 0.51386110525 0.51992161580 0.55842674386 0.59354070546 0.64895112786 0.71532786130 0.83209108292 1.16451285384 

---- Expected P_neut(i), 0 < i < n (neutral SFS per site) 
E[P_neut(1)] = 0.0101358258
E[P_neut(2)] = 0.0043767391
E[P_neut(3)] = 0.0024423416
E[P_neut(4)] = 0.0015729277
E[P_neut(5)] = 0.0011266715
E[P_neut(6)] = 0.0008976435
E[P_neut(7)] = 0.0007306227
E[P_neut(8)] = 0.0006334404
E[P_neut(9)] = 0.0005505326
E[P_neut(10)] = 0.0005036490
E[P_neut(11)] = 0.0004452735
E[P_neut(12)] = 0.0004337553
E[P_neut(13)] = 0.0004009087
E[P_neut(14)] = 0.0003767406
E[P_neut(15)] = 0.0003777491
E[P_neut(16)] = 0.0003765736
E[P_neut(17)] = 0.0003878124
E[P_neut(18)] = 0.0004044044
E[P_neut(19)] = 0.0004476096

---- Expected P_sel(i), 0 < i < n (selected SFS per site) 
E[P_sel(1)] = 0.0072414932
E[P_sel(2)] = 0.0028206248
E[P_sel(3)] = 0.0014951586
E[P_sel(4)] = 0.0009322697
E[P_sel(5)] = 0.0006527678
E[P_sel(6)] = 0.0005113631
E[P_sel(7)] = 0.0004108837
E[P_sel(8)] = 0.0003527232
E[P_sel(9)] = 0.0003042753
E[P_sel(10)] = 0.0002768686
E[P_sel(11)] = 0.0002439385
E[P_sel(12)] = 0.0002372634
E[P_sel(13)] = 0.0002193921
E[P_sel(14)] = 0.0002067035
E[P_sel(15)] = 0.0002083152
E[P_sel(16)] = 0.0002093578
E[P_sel(17)] = 0.0002181916
E[P_sel(18)] = 0.0002314356
E[P_sel(19)] = 0.0002626296

---- Expected D_neut and D_sel (neutral and selected divergence per site) 
E[D_neut] = 0.0198231982
E[D_sel] = 0.0125249250

---- Expected neutral and selected misattributed polymorphism per site
E[mis_neut] = 0.0005903724
E[mis_sel] = 0.0003569619

---- alpha_div = 0.263747
---- alpha_dfe = 0.263502

