---- Running command
---- ./polyDFE -d Mmc/82.polyDFE.config.txt -m C -e 
---- Performing inference using model C

---- Performing inference on Mmc/82.polyDFE.config.txt
---- No mutation variability. Using Poisson likelihood.


---- Calculating initial values

-- Starting local optimization
-- Optimizing all parameters
  it        eps_an        lambda     theta_bar           S_d             b           p_b           S_b           r 2           r 3           r 4           r 5           r 6           r 7           r 8           r 9          r 10          r 11          r 12          r 13          r 14          r 15          r 16          r 17          r 18          r 19          r 20           ln lk          grad status 
   0           0.1 0.01927103664 0.01137122402        -20000         0.208           0.1            20 0.87175189083 0.73018087878 0.64487638974 0.58617311651 0.55746790101 0.53814520000 0.53353517684 0.53106885836 0.54903425968 0.55776917167 0.58950092962 0.61702111863 0.66954771400 0.76131216967 0.86117284657 1.10255392576 1.57353928416             1             1 -1115342.768244 23164.0943955   -2 
 212 0.00344634185 0.01932076746 0.01021505746 -131.89984082 0.09923178656 0.00265303824 43.7234664706 0.86091424036 0.71207506424 0.61598466887 0.55059178196 0.52364214098 0.49940354408 0.48826366175 0.47949660770 0.49117981694 0.48301381699 0.50617736503 0.50867580251 0.52508548209 0.56243934290 0.58933823021 0.64250219229 0.69303078535 0.78174122595 0.99999036825 -323.5907430667 233.611266275   -3 
-- Local optimization: stuck in the same solution
---- Best joint likelihood found -323.590743066772120 with gradient 233.61127

---- Results for Mmc/82.polyDFE.config.txt 
--  Model: C
--        eps_an        lambda     theta_bar             a 
-- 0.00344634185 0.01932076746 0.01021505746            -1 
--           S_d             b           p_b           S_b 
-- -131.89984082 0.09923178656 0.00265303824 43.7234664706 
--           r 2           r 3           r 4           r 5           r 6           r 7           r 8           r 9          r 10          r 11          r 12          r 13          r 14          r 15          r 16          r 17          r 18          r 19          r 20 
-- 0.86091424036 0.71207506424 0.61598466887 0.55059178196 0.52364214098 0.49940354408 0.48826366175 0.47949660770 0.49117981694 0.48301381699 0.50617736503 0.50867580251 0.52508548209 0.56243934290 0.58933823021 0.64250219229 0.69303078535 0.78174122595 0.99999036825 

---- Expected P_neut(i), 0 < i < n (neutral SFS per site) 
E[P_neut(1)] = 0.0101813013
E[P_neut(2)] = 0.0043833456
E[P_neut(3)] = 0.0024176037
E[P_neut(4)] = 0.0015689550
E[P_neut(5)] = 0.0011223087
E[P_neut(6)] = 0.0008897537
E[P_neut(7)] = 0.0007276425
E[P_neut(8)] = 0.0006227915
E[P_neut(9)] = 0.0005439019
E[P_neut(10)] = 0.0005017430
E[P_neut(11)] = 0.0004488765
E[P_neut(12)] = 0.0004315496
E[P_neut(13)] = 0.0004008381
E[P_neut(14)] = 0.0003848791
E[P_neut(15)] = 0.0003855800
E[P_neut(16)] = 0.0003803824
E[P_neut(17)] = 0.0003930960
E[P_neut(18)] = 0.0004070958
E[P_neut(19)] = 0.0004540472

---- Expected P_sel(i), 0 < i < n (selected SFS per site) 
E[P_sel(1)] = 0.0071964815
E[P_sel(2)] = 0.0028319240
E[P_sel(3)] = 0.0014941650
E[P_sel(4)] = 0.0009423205
E[P_sel(5)] = 0.0006601410
E[P_sel(6)] = 0.0005148981
E[P_sel(7)] = 0.0004155373
E[P_sel(8)] = 0.0003517352
E[P_sel(9)] = 0.0003042934
E[P_sel(10)] = 0.0002784332
E[P_sel(11)] = 0.0002473599
E[P_sel(12)] = 0.0002363946
E[P_sel(13)] = 0.0002184822
E[P_sel(14)] = 0.0002089677
E[P_sel(15)] = 0.0002088005
E[P_sel(16)] = 0.0002058405
E[P_sel(17)] = 0.0002132429
E[P_sel(18)] = 0.0002230150
E[P_sel(19)] = 0.0002577062

---- Expected D_neut and D_sel (neutral and selected divergence per site) 
E[D_neut] = 0.0198315154
E[D_sel] = 0.0125194643

---- Expected neutral and selected misattributed polymorphism per site
E[mis_neut] = 0.0005107480
E[mis_sel] = 0.0002916403

---- alpha_div = 0.182818
---- alpha_dfe = 0.183440

