---- Running command
---- ./polyDFE -d Mmc/820.polyDFE.config.txt -m C -e 
---- Performing inference using model C

---- Performing inference on Mmc/820.polyDFE.config.txt
---- No mutation variability. Using Poisson likelihood.


---- Calculating initial values

-- Starting local optimization
-- Optimizing all parameters
  it        eps_an        lambda     theta_bar           S_d             b           p_b           S_b           r 2           r 3           r 4           r 5           r 6           r 7           r 8           r 9          r 10          r 11          r 12          r 13          r 14          r 15          r 16          r 17          r 18          r 19          r 20           ln lk          grad status 
   0           0.1 0.01923550731 0.01134410807        -20000         0.208           0.1            20 0.87139587594 0.73329852335 0.64315480001 0.58409855207 0.55246934228 0.53607891361 0.54211835763 0.53092778578 0.55009770716 0.56253227813 0.59503854199 0.62205478096 0.66708508962 0.74995989258 0.86606875574 1.10441962998 1.58196919156             1             1 -1112578.949613 23076.4018251   -2 
 297 0.00302246418 0.01925210003 0.01015323615 -94.386598244 0.10784123213 0.00248839872 50.0078920090 0.86276626642 0.71691086425 0.61711988865 0.55267305123 0.52044289141 0.50349331847 0.49623642579 0.48507064247 0.49100499635 0.48908593656 0.51398108730 0.52000888126 0.52316858463 0.55838691030 0.59025171439 0.64353806541 0.71026147464 0.80274633227 1.07885436614 -305.7474677420 0.67389663232   -3 
-- Local optimization: stuck in the same solution
---- Best joint likelihood found -305.747467742054141 with gradient 0.67390

---- Results for Mmc/820.polyDFE.config.txt 
--  Model: C
--        eps_an        lambda     theta_bar             a 
-- 0.00302246418 0.01925210003 0.01015323615            -1 
--           S_d             b           p_b           S_b 
-- -94.386598244 0.10784123213 0.00248839872 50.0078920090 
--           r 2           r 3           r 4           r 5           r 6           r 7           r 8           r 9          r 10          r 11          r 12          r 13          r 14          r 15          r 16          r 17          r 18          r 19          r 20 
-- 0.86276626642 0.71691086425 0.61711988865 0.55267305123 0.52044289141 0.50349331847 0.49623642579 0.48507064247 0.49100499635 0.48908593656 0.51398108730 0.52000888126 0.52316858463 0.55838691030 0.59025171439 0.64353806541 0.71026147464 0.80274633227 1.07885436614 

---- Expected P_neut(i), 0 < i < n (neutral SFS per site) 
E[P_neut(1)] = 0.0101238449
E[P_neut(2)] = 0.0043679075
E[P_neut(3)] = 0.0024201500
E[P_neut(4)] = 0.0015628386
E[P_neut(5)] = 0.0011200343
E[P_neut(6)] = 0.0008791815
E[P_neut(7)] = 0.0007293183
E[P_neut(8)] = 0.0006292116
E[P_neut(9)] = 0.0005469368
E[P_neut(10)] = 0.0004985290
E[P_neut(11)] = 0.0004517263
E[P_neut(12)] = 0.0004354701
E[P_neut(13)] = 0.0004071161
E[P_neut(14)] = 0.0003809333
E[P_neut(15)] = 0.0003802120
E[P_neut(16)] = 0.0003781627
E[P_neut(17)] = 0.0003905244
E[P_neut(18)] = 0.0004126635
E[P_neut(19)] = 0.0004583635

---- Expected P_sel(i), 0 < i < n (selected SFS per site) 
E[P_sel(1)] = 0.0072401615
E[P_sel(2)] = 0.0028391198
E[P_sel(3)] = 0.0014994358
E[P_sel(4)] = 0.0009386727
E[P_sel(5)] = 0.0006576236
E[P_sel(6)] = 0.0005071340
E[P_sel(7)] = 0.0004146483
E[P_sel(8)] = 0.0003534230
E[P_sel(9)] = 0.0003040483
E[P_sel(10)] = 0.0002746718
E[P_sel(11)] = 0.0002469699
E[P_sel(12)] = 0.0002365038
E[P_sel(13)] = 0.0002198682
E[P_sel(14)] = 0.0002048056
E[P_sel(15)] = 0.0002037678
E[P_sel(16)] = 0.0002024111
E[P_sel(17)] = 0.0002094313
E[P_sel(18)] = 0.0002233462
E[P_sel(19)] = 0.0002569334

---- Expected D_neut and D_sel (neutral and selected divergence per site) 
E[D_neut] = 0.0197997932
E[D_sel] = 0.0125379410

---- Expected neutral and selected misattributed polymorphism per site
E[mis_neut] = 0.0005476932
E[mis_sel] = 0.0003097742

---- alpha_div = 0.195754
---- alpha_dfe = 0.196044

