---- Running command
---- ./polyDFE -d Mmc/821.polyDFE.config.txt -m C -e 
---- Performing inference using model C

---- Performing inference on Mmc/821.polyDFE.config.txt
---- No mutation variability. Using Poisson likelihood.


---- Calculating initial values

-- Starting local optimization
-- Optimizing all parameters
  it        eps_an        lambda     theta_bar           S_d             b           p_b           S_b           r 2           r 3           r 4           r 5           r 6           r 7           r 8           r 9          r 10          r 11          r 12          r 13          r 14          r 15          r 16          r 17          r 18          r 19          r 20           ln lk          grad status 
   0           0.1 0.01930654242 0.01135346329        -20000         0.208           0.1            20 0.87208571757 0.73303110467 0.64368725934 0.57849609893 0.56042446214 0.53627125948 0.53521264653 0.53481257475 0.56175939617 0.55506686521 0.59913847583 0.62731991142 0.65734676315 0.75054831530 0.86432677602 1.10706067556 1.57514526489             1             1 -1120092.301568 23215.7371961   -2 
 826 0.00082786705 0.01929441278 0.01013587257 -79.322834122 0.12032398083 0.01890073255 7.73044870655 0.86518659464 0.71851956406 0.62252022525 0.55307718293 0.53123362284 0.50437900616 0.49557260340 0.48599259714 0.50193913800 0.48379298309 0.51853044536 0.51689294554 0.51826429227 0.56087757287 0.59015201814 0.64569815459 0.70829409880 0.83139251273 1.14845321225 -271.7179648828 0.08962781510   -3 
-- Local optimization: stuck in the same solution
---- Best joint likelihood found -271.717964882889646 with gradient 0.08963

---- Results for Mmc/821.polyDFE.config.txt 
--  Model: C
--        eps_an        lambda     theta_bar             a 
-- 0.00082786705 0.01929441278 0.01013587257            -1 
--           S_d             b           p_b           S_b 
-- -79.322834122 0.12032398083 0.01890073255 7.73044870655 
--           r 2           r 3           r 4           r 5           r 6           r 7           r 8           r 9          r 10          r 11          r 12          r 13          r 14          r 15          r 16          r 17          r 18          r 19          r 20 
-- 0.86518659464 0.71851956406 0.62252022525 0.55307718293 0.53123362284 0.50437900616 0.49557260340 0.48599259714 0.50193913800 0.48379298309 0.51853044536 0.51689294554 0.51826429227 0.56087757287 0.59015201814 0.64569815459 0.70829409880 0.83139251273 1.14845321225 

---- Expected P_neut(i), 0 < i < n (neutral SFS per site) 
E[P_neut(1)] = 0.0101278486
E[P_neut(2)] = 0.0043814108
E[P_neut(3)] = 0.0024259166
E[P_neut(4)] = 0.0015764500
E[P_neut(5)] = 0.0011205695
E[P_neut(6)] = 0.0008969871
E[P_neut(7)] = 0.0007300606
E[P_neut(8)] = 0.0006277254
E[P_neut(9)] = 0.0005472447
E[P_neut(10)] = 0.0005087591
E[P_neut(11)] = 0.0004458717
E[P_neut(12)] = 0.0004381371
E[P_neut(13)] = 0.0004032834
E[P_neut(14)] = 0.0003756509
E[P_neut(15)] = 0.0003796133
E[P_neut(16)] = 0.0003748530
E[P_neut(17)] = 0.0003866742
E[P_neut(18)] = 0.0004021430
E[P_neut(19)] = 0.0004515444

---- Expected P_sel(i), 0 < i < n (selected SFS per site) 
E[P_sel(1)] = 0.0072442441
E[P_sel(2)] = 0.0028331481
E[P_sel(3)] = 0.0014915377
E[P_sel(4)] = 0.0009387204
E[P_sel(5)] = 0.0006522467
E[P_sel(6)] = 0.0005132202
E[P_sel(7)] = 0.0004121651
E[P_sel(8)] = 0.0003506745
E[P_sel(9)] = 0.0003031949
E[P_sel(10)] = 0.0002800894
E[P_sel(11)] = 0.0002443520
E[P_sel(12)] = 0.0002394381
E[P_sel(13)] = 0.0002201708
E[P_sel(14)] = 0.0002052945
E[P_sel(15)] = 0.0002081646
E[P_sel(16)] = 0.0002068707
E[P_sel(17)] = 0.0002156162
E[P_sel(18)] = 0.0002279078
E[P_sel(19)] = 0.0002629387

---- Expected D_neut and D_sel (neutral and selected divergence per site) 
E[D_neut] = 0.0198764416
E[D_sel] = 0.0125096706

---- Expected neutral and selected misattributed polymorphism per site
E[mis_neut] = 0.0005820288
E[mis_sel] = 0.0003485447

---- alpha_div = 0.237366
---- alpha_dfe = 0.237170

