---- Running command
---- ./polyDFE -d Mmc/822.polyDFE.config.txt -m C -e 
---- Performing inference using model C

---- Performing inference on Mmc/822.polyDFE.config.txt
---- No mutation variability. Using Poisson likelihood.


---- Calculating initial values

-- Starting local optimization
-- Optimizing all parameters
  it        eps_an        lambda     theta_bar           S_d             b           p_b           S_b           r 2           r 3           r 4           r 5           r 6           r 7           r 8           r 9          r 10          r 11          r 12          r 13          r 14          r 15          r 16          r 17          r 18          r 19          r 20           ln lk          grad status 
   0           0.1 0.01929564092 0.01133887278        -20000         0.208           0.1            20 0.87277745450 0.73377937985 0.63933349122 0.58213231461 0.55728266718 0.54499114251 0.53749062019 0.53039975933 0.55368202651 0.55867470632 0.58704894609 0.62817989466 0.67267656892 0.75244134894 0.86221304740 1.09724436092 1.58176403371             1             1 -1120255.936136 23229.2248272   -2 
1068 0.00044438458 0.01930202412 0.01011989176 -80.388386135 0.11982966011 0.01965109470 7.45655448656 0.86518737504 0.72041234600 0.61743671385 0.55822267772 0.52845199588 0.51160318293 0.49400759417 0.48215220740 0.49844749017 0.48714259084 0.50758278691 0.51497084972 0.53168978841 0.56166299271 0.58987503513 0.64699740691 0.71698902459 0.83022870240 1.11185624138 -279.0876238619 0.03855266996   -3 
-- Local optimization: stuck in the same solution
---- Best joint likelihood found -279.087623861923930 with gradient 0.03855

---- Results for Mmc/822.polyDFE.config.txt 
--  Model: C
--        eps_an        lambda     theta_bar             a 
-- 0.00044438458 0.01930202412 0.01011989176            -1 
--           S_d             b           p_b           S_b 
-- -80.388386135 0.11982966011 0.01965109470 7.45655448656 
--           r 2           r 3           r 4           r 5           r 6           r 7           r 8           r 9          r 10          r 11          r 12          r 13          r 14          r 15          r 16          r 17          r 18          r 19          r 20 
-- 0.86518737504 0.72041234600 0.61743671385 0.55822267772 0.52845199588 0.51160318293 0.49400759417 0.48215220740 0.49844749017 0.48714259084 0.50758278691 0.51497084972 0.53168978841 0.56166299271 0.58987503513 0.64699740691 0.71698902459 0.83022870240 1.11185624138 

---- Expected P_neut(i), 0 < i < n (neutral SFS per site) 
E[P_neut(1)] = 0.0101155912
E[P_neut(2)] = 0.0043760350
E[P_neut(3)] = 0.0024292562
E[P_neut(4)] = 0.0015615698
E[P_neut(5)] = 0.0011294969
E[P_neut(6)] = 0.0008910875
E[P_neut(7)] = 0.0007394736
E[P_neut(8)] = 0.0006248254
E[P_neut(9)] = 0.0005421058
E[P_neut(10)] = 0.0005044235
E[P_neut(11)] = 0.0004482082
E[P_neut(12)] = 0.0004281444
E[P_neut(13)] = 0.0004010312
E[P_neut(14)] = 0.0003845569
E[P_neut(15)] = 0.0003792649
E[P_neut(16)] = 0.0003736203
E[P_neut(17)] = 0.0003860584
E[P_neut(18)] = 0.0004048691
E[P_neut(19)] = 0.0004465019

---- Expected P_sel(i), 0 < i < n (selected SFS per site) 
E[P_sel(1)] = 0.0072346499
E[P_sel(2)] = 0.0028305945
E[P_sel(3)] = 0.0014945390
E[P_sel(4)] = 0.0009306671
E[P_sel(5)] = 0.0006581421
E[P_sel(6)] = 0.0005104748
E[P_sel(7)] = 0.0004180626
E[P_sel(8)] = 0.0003495960
E[P_sel(9)] = 0.0003008592
E[P_sel(10)] = 0.0002782173
E[P_sel(11)] = 0.0002461250
E[P_sel(12)] = 0.0002344821
E[P_sel(13)] = 0.0002194472
E[P_sel(14)] = 0.0002106775
E[P_sel(15)] = 0.0002085126
E[P_sel(16)] = 0.0002067426
E[P_sel(17)] = 0.0002158464
E[P_sel(18)] = 0.0002299828
E[P_sel(19)] = 0.0002601571

---- Expected D_neut and D_sel (neutral and selected divergence per site) 
E[D_neut] = 0.0198646174
E[D_sel] = 0.0125171151

---- Expected neutral and selected misattributed polymorphism per site
E[mis_neut] = 0.0005625932
E[mis_sel] = 0.0003376880

---- alpha_div = 0.238125
---- alpha_dfe = 0.237952

