---- Running command
---- ./polyDFE -d Mmc/823.polyDFE.config.txt -m C -e 
---- Performing inference using model C

---- Performing inference on Mmc/823.polyDFE.config.txt
---- No mutation variability. Using Poisson likelihood.


---- Calculating initial values

-- Starting local optimization
-- Optimizing all parameters
  it        eps_an        lambda     theta_bar           S_d             b           p_b           S_b           r 2           r 3           r 4           r 5           r 6           r 7           r 8           r 9          r 10          r 11          r 12          r 13          r 14          r 15          r 16          r 17          r 18          r 19          r 20           ln lk          grad status 
   0           0.1 0.01929784232 0.01136869326        -20000         0.208           0.1            20 0.87376640545 0.73349301787 0.64028826238 0.58356136219 0.55736854031 0.53824324808 0.53988552270 0.52559353005 0.54770357273 0.55252769191 0.59740869576 0.62863745881 0.66813910649 0.75026167124 0.86462688248 1.10520156718 1.57811645642             1             1 -1117859.134618 23188.7107820   -2 
 797 0.00069440023 0.01934939769 0.01014806672 -74.776888380 0.12562527800 0.02455585502 6.35127274272 0.86642091910 0.72032280048 0.61816568796 0.55665663857 0.52823532697 0.50692062268 0.49762270844 0.48003054833 0.49074679137 0.48208592821 0.51864074653 0.52125186290 0.52486680475 0.55737219564 0.59402397276 0.64545986576 0.70732852290 0.82678519127 1.02289132005 -275.2445092904 0.06759918761   -3 
-- Local optimization: stuck in the same solution
---- Best joint likelihood found -275.244509290496353 with gradient 0.06760

---- Results for Mmc/823.polyDFE.config.txt 
--  Model: C
--        eps_an        lambda     theta_bar             a 
-- 0.00069440023 0.01934939769 0.01014806672            -1 
--           S_d             b           p_b           S_b 
-- -74.776888380 0.12562527800 0.02455585502 6.35127274272 
--           r 2           r 3           r 4           r 5           r 6           r 7           r 8           r 9          r 10          r 11          r 12          r 13          r 14          r 15          r 16          r 17          r 18          r 19          r 20 
-- 0.86642091910 0.72032280048 0.61816568796 0.55665663857 0.52823532697 0.50692062268 0.49762270844 0.48003054833 0.49074679137 0.48208592821 0.51864074653 0.52125186290 0.52486680475 0.55737219564 0.59402397276 0.64545986576 0.70732852290 0.82678519127 1.02289132005 

---- Expected P_neut(i), 0 < i < n (neutral SFS per site) 
E[P_neut(1)] = 0.0101413266
E[P_neut(2)] = 0.0043934728
E[P_neut(3)] = 0.0024352035
E[P_neut(4)] = 0.0015674693
E[P_neut(5)] = 0.0011292751
E[P_neut(6)] = 0.0008930717
E[P_neut(7)] = 0.0007346671
E[P_neut(8)] = 0.0006311048
E[P_neut(9)] = 0.0005411977
E[P_neut(10)] = 0.0004980131
E[P_neut(11)] = 0.0004448161
E[P_neut(12)] = 0.0004387338
E[P_neut(13)] = 0.0004071277
E[P_neut(14)] = 0.0003808122
E[P_neut(15)] = 0.0003776060
E[P_neut(16)] = 0.0003775896
E[P_neut(17)] = 0.0003867285
E[P_neut(18)] = 0.0004015546
E[P_neut(19)] = 0.0004483334

---- Expected P_sel(i), 0 < i < n (selected SFS per site) 
E[P_sel(1)] = 0.0072481842
E[P_sel(2)] = 0.0028318141
E[P_sel(3)] = 0.0014905759
E[P_sel(4)] = 0.0009286237
E[P_sel(5)] = 0.0006537814
E[P_sel(6)] = 0.0005082050
E[P_sel(7)] = 0.0004125628
E[P_sel(8)] = 0.0003507836
E[P_sel(9)] = 0.0002984513
E[P_sel(10)] = 0.0002730438
E[P_sel(11)] = 0.0002429281
E[P_sel(12)] = 0.0002391195
E[P_sel(13)] = 0.0002218737
E[P_sel(14)] = 0.0002079594
E[P_sel(15)] = 0.0002071473
E[P_sel(16)] = 0.0002087171
E[P_sel(17)] = 0.0002162493
E[P_sel(18)] = 0.0002283995
E[P_sel(19)] = 0.0002618372

---- Expected D_neut and D_sel (neutral and selected divergence per site) 
E[D_neut] = 0.0198684162
E[D_sel] = 0.0125079345

---- Expected neutral and selected misattributed polymorphism per site
E[mis_neut] = 0.0005190185
E[mis_sel] = 0.0003119722

---- alpha_div = 0.255795
---- alpha_dfe = 0.255617

