---- Running command
---- ./polyDFE -d Mmc/824.polyDFE.config.txt -m C -e 
---- Performing inference using model C

---- Performing inference on Mmc/824.polyDFE.config.txt
---- No mutation variability. Using Poisson likelihood.


---- Calculating initial values

-- Starting local optimization
-- Optimizing all parameters
  it        eps_an        lambda     theta_bar           S_d             b           p_b           S_b           r 2           r 3           r 4           r 5           r 6           r 7           r 8           r 9          r 10          r 11          r 12          r 13          r 14          r 15          r 16          r 17          r 18          r 19          r 20           ln lk          grad status 
   0           0.1 0.01927477162 0.01135938100        -20000         0.208           0.1            20 0.87103723673 0.73224487620 0.64722904866 0.58280903886 0.55950167071 0.53919873618 0.53859400045 0.53777992196 0.55879652638 0.55566467680 0.59346703438 0.61869433935 0.67214411725 0.75228368317 0.86482639975 1.10231102505 1.58053113409             1             1 -1114166.433023 23168.3490219   -2 
 546 0.00352909646 0.01935009321 0.01016015207 -68.633148476 0.13366424605 0.03384559352 5.03969363166 0.86529948103 0.72017099974 0.62418400220 0.55629804047 0.53036615383 0.50777558952 0.49655727766 0.48907608555 0.50036427011 0.48190580348 0.51010884660 0.50770516185 0.52600507611 0.56178874250 0.58277383362 0.63340496771 0.68683030696 0.77353122210 0.97278465296 -275.0707848748 0.13382960393   -3 
-- Local optimization: stuck in the same solution
---- Best joint likelihood found -275.070784874827950 with gradient 0.13383

---- Results for Mmc/824.polyDFE.config.txt 
--  Model: C
--        eps_an        lambda     theta_bar             a 
-- 0.00352909646 0.01935009321 0.01016015207            -1 
--           S_d             b           p_b           S_b 
-- -68.633148476 0.13366424605 0.03384559352 5.03969363166 
--           r 2           r 3           r 4           r 5           r 6           r 7           r 8           r 9          r 10          r 11          r 12          r 13          r 14          r 15          r 16          r 17          r 18          r 19          r 20 
-- 0.86529948103 0.72017099974 0.62418400220 0.55629804047 0.53036615383 0.50777558952 0.49655727766 0.48907608555 0.50036427011 0.48190580348 0.51010884660 0.50770516185 0.52600507611 0.56178874250 0.58277383362 0.63340496771 0.68683030696 0.77353122210 0.97278465296 

---- Expected P_neut(i), 0 < i < n (neutral SFS per site) 
E[P_neut(1)] = 0.0101257557
E[P_neut(2)] = 0.0043816422
E[P_neut(3)] = 0.0024317441
E[P_neut(4)] = 0.0015811619
E[P_neut(5)] = 0.0011277681
E[P_neut(6)] = 0.0008962778
E[P_neut(7)] = 0.0007358104
E[P_neut(8)] = 0.0006299358
E[P_neut(9)] = 0.0005517432
E[P_neut(10)] = 0.0005083777
E[P_neut(11)] = 0.0004454900
E[P_neut(12)] = 0.0004326000
E[P_neut(13)] = 0.0003979977
E[P_neut(14)] = 0.0003835574
E[P_neut(15)] = 0.0003831704
E[P_neut(16)] = 0.0003743561
E[P_neut(17)] = 0.0003858298
E[P_neut(18)] = 0.0004018283
E[P_neut(19)] = 0.0004480382

---- Expected P_sel(i), 0 < i < n (selected SFS per site) 
E[P_sel(1)] = 0.0072367206
E[P_sel(2)] = 0.0028148462
E[P_sel(3)] = 0.0014810063
E[P_sel(4)] = 0.0009312537
E[P_sel(5)] = 0.0006488539
E[P_sel(6)] = 0.0005068476
E[P_sel(7)] = 0.0004107170
E[P_sel(8)] = 0.0003481738
E[P_sel(9)] = 0.0003027485
E[P_sel(10)] = 0.0002775529
E[P_sel(11)] = 0.0002425029
E[P_sel(12)] = 0.0002352709
E[P_sel(13)] = 0.0002167132
E[P_sel(14)] = 0.0002095860
E[P_sel(15)] = 0.0002106697
E[P_sel(16)] = 0.0002077801
E[P_sel(17)] = 0.0002171078
E[P_sel(18)] = 0.0002307805
E[P_sel(19)] = 0.0002669308

---- Expected D_neut and D_sel (neutral and selected divergence per site) 
E[D_neut] = 0.0198442752
E[D_sel] = 0.0125149598

---- Expected neutral and selected misattributed polymorphism per site
E[mis_neut] = 0.0004941820
E[mis_sel] = 0.0002986822

---- alpha_div = 0.283808
---- alpha_dfe = 0.283685

