---- Running command
---- ./polyDFE -d Mmc/825.polyDFE.config.txt -m C -e 
---- Performing inference using model C

---- Performing inference on Mmc/825.polyDFE.config.txt
---- No mutation variability. Using Poisson likelihood.


---- Calculating initial values

-- Starting local optimization
-- Optimizing all parameters
  it        eps_an        lambda     theta_bar           S_d             b           p_b           S_b           r 2           r 3           r 4           r 5           r 6           r 7           r 8           r 9          r 10          r 11          r 12          r 13          r 14          r 15          r 16          r 17          r 18          r 19          r 20           ln lk          grad status 
   0           0.1 0.01931798321 0.01134575928        -20000         0.208           0.1            20 0.87767516210 0.73423117440 0.63704472754 0.57845578059 0.55809173852 0.54363239149 0.54177876060 0.53088521726 0.54090405972 0.55359443447 0.59811945565 0.62598669446 0.66971561529 0.74654276585 0.87049222504 1.10573363041 1.58758910388             1             1 -1121074.219168 23268.2419090   -2 
 284 0.00586199917 0.01935667388 0.01020571294 -106.08087618 0.10659407105 0.00587056795 21.3921975971 0.86460060989 0.71753460790 0.61368353398 0.54959113938 0.52340255373 0.50577701546 0.49415634493 0.48181077589 0.48729781441 0.48026535525 0.50590253113 0.51177183256 0.52141464823 0.55226268718 0.58720167332 0.63464512153 0.67783830406 0.71934403987 0.99998480438 -279.2598913967 148.132649998   -3 
-- Local optimization: stuck in the same solution
---- Best joint likelihood found -279.259891396766761 with gradient 148.13265

---- Results for Mmc/825.polyDFE.config.txt 
--  Model: C
--        eps_an        lambda     theta_bar             a 
-- 0.00586199917 0.01935667388 0.01020571294            -1 
--           S_d             b           p_b           S_b 
-- -106.08087618 0.10659407105 0.00587056795 21.3921975971 
--           r 2           r 3           r 4           r 5           r 6           r 7           r 8           r 9          r 10          r 11          r 12          r 13          r 14          r 15          r 16          r 17          r 18          r 19          r 20 
-- 0.86460060989 0.71753460790 0.61368353398 0.54959113938 0.52340255373 0.50577701546 0.49415634493 0.48181077589 0.48729781441 0.48026535525 0.50590253113 0.51177183256 0.52141464823 0.55226268718 0.58720167332 0.63464512153 0.67783830406 0.71934403987 0.99998480438 

---- Expected P_neut(i), 0 < i < n (neutral SFS per site) 
E[P_neut(1)] = 0.0101481521
E[P_neut(2)] = 0.0043883230
E[P_neut(3)] = 0.0024289085
E[P_neut(4)] = 0.0015587866
E[P_neut(5)] = 0.0011174206
E[P_neut(6)] = 0.0008872920
E[P_neut(7)] = 0.0007354347
E[P_neut(8)] = 0.0006292290
E[P_neut(9)] = 0.0005457673
E[P_neut(10)] = 0.0004973222
E[P_neut(11)] = 0.0004461771
E[P_neut(12)] = 0.0004314312
E[P_neut(13)] = 0.0004037364
E[P_neut(14)] = 0.0003830913
E[P_neut(15)] = 0.0003801223
E[P_neut(16)] = 0.0003815337
E[P_neut(17)] = 0.0003930760
E[P_neut(18)] = 0.0004079334
E[P_neut(19)] = 0.0004439513

---- Expected P_sel(i), 0 < i < n (selected SFS per site) 
E[P_sel(1)] = 0.0072064298
E[P_sel(2)] = 0.0028353177
E[P_sel(3)] = 0.0014973725
E[P_sel(4)] = 0.0009323899
E[P_sel(5)] = 0.0006539215
E[P_sel(6)] = 0.0005105323
E[P_sel(7)] = 0.0004174268
E[P_sel(8)] = 0.0003531550
E[P_sel(9)] = 0.0003034556
E[P_sel(10)] = 0.0002743591
E[P_sel(11)] = 0.0002445574
E[P_sel(12)] = 0.0002352544
E[P_sel(13)] = 0.0002193114
E[P_sel(14)] = 0.0002076177
E[P_sel(15)] = 0.0002059209
E[P_sel(16)] = 0.0002071751
E[P_sel(17)] = 0.0002149461
E[P_sel(18)] = 0.0002269122
E[P_sel(19)] = 0.0002597419

---- Expected D_neut and D_sel (neutral and selected divergence per site) 
E[D_neut] = 0.0198669518
E[D_sel] = 0.0125290111

---- Expected neutral and selected misattributed polymorphism per site
E[mis_neut] = 0.0005102779
E[mis_sel] = 0.0002971969

---- alpha_div = 0.197819
---- alpha_dfe = 0.199404

