---- Running command
---- ./polyDFE -d Mmc/826.polyDFE.config.txt -m C -e 
---- Performing inference using model C

---- Performing inference on Mmc/826.polyDFE.config.txt
---- No mutation variability. Using Poisson likelihood.


---- Calculating initial values

-- Starting local optimization
-- Optimizing all parameters
  it        eps_an        lambda     theta_bar           S_d             b           p_b           S_b           r 2           r 3           r 4           r 5           r 6           r 7           r 8           r 9          r 10          r 11          r 12          r 13          r 14          r 15          r 16          r 17          r 18          r 19          r 20           ln lk          grad status 
   0           0.1 0.01930293327 0.01132912227        -20000         0.208           0.1            20 0.87081356671 0.73790496358 0.64019718552 0.58542013957 0.55451203114 0.54379463965 0.53593948996 0.53185122663 0.55833582464 0.56004677848 0.58822300234 0.62852527528 0.66318502592 0.75397366407 0.86631298359 1.11984184823 1.57249020695             1             1 -1118053.837699 23181.3621274   -2 
 989 0.00058364819 0.01927573105 0.01011736192 -79.037185904 0.12119873016 0.02300382323 6.49306032580 0.86293404424 0.72052222607 0.61946082618 0.55748752844 0.52745997291 0.51204856207 0.49296417823 0.48539183072 0.49937895685 0.49072285302 0.51131336331 0.51584700828 0.52824810414 0.56025607019 0.59436415446 0.65490169816 0.70358439570 0.83658202338 1.17714390971 -274.3272686588 0.01773296371   -3 
-- Local optimization: stuck in the same solution
---- Best joint likelihood found -274.327268658846151 with gradient 0.01773

---- Results for Mmc/826.polyDFE.config.txt 
--  Model: C
--        eps_an        lambda     theta_bar             a 
-- 0.00058364819 0.01927573105 0.01011736192            -1 
--           S_d             b           p_b           S_b 
-- -79.037185904 0.12119873016 0.02300382323 6.49306032580 
--           r 2           r 3           r 4           r 5           r 6           r 7           r 8           r 9          r 10          r 11          r 12          r 13          r 14          r 15          r 16          r 17          r 18          r 19          r 20 
-- 0.86293404424 0.72052222607 0.61946082618 0.55748752844 0.52745997291 0.51204856207 0.49296417823 0.48539183072 0.49937895685 0.49072285302 0.51131336331 0.51584700828 0.52824810414 0.56025607019 0.59436415446 0.65490169816 0.70358439570 0.83658202338 1.17714390971 

---- Expected P_neut(i), 0 < i < n (neutral SFS per site) 
E[P_neut(1)] = 0.0101117169
E[P_neut(2)] = 0.0043629910
E[P_neut(3)] = 0.0024287373
E[P_neut(4)] = 0.0015661322
E[P_neut(5)] = 0.0011276228
E[P_neut(6)] = 0.0008891209
E[P_neut(7)] = 0.0007398853
E[P_neut(8)] = 0.0006233249
E[P_neut(9)] = 0.0005455988
E[P_neut(10)] = 0.0005052398
E[P_neut(11)] = 0.0004514024
E[P_neut(12)] = 0.0004312075
E[P_neut(13)] = 0.0004016600
E[P_neut(14)] = 0.0003820447
E[P_neut(15)] = 0.0003783254
E[P_neut(16)] = 0.0003765324
E[P_neut(17)] = 0.0003909482
E[P_neut(18)] = 0.0003977847
E[P_neut(19)] = 0.0004511188

---- Expected P_sel(i), 0 < i < n (selected SFS per site) 
E[P_sel(1)] = 0.0072372241
E[P_sel(2)] = 0.0028236026
E[P_sel(3)] = 0.0014949211
E[P_sel(4)] = 0.0009338969
E[P_sel(5)] = 0.0006575105
E[P_sel(6)] = 0.0005098130
E[P_sel(7)] = 0.0004187864
E[P_sel(8)] = 0.0003492728
E[P_sel(9)] = 0.0003033525
E[P_sel(10)] = 0.0002792887
E[P_sel(11)] = 0.0002485414
E[P_sel(12)] = 0.0002369060
E[P_sel(13)] = 0.0002206026
E[P_sel(14)] = 0.0002101925
E[P_sel(15)] = 0.0002090032
E[P_sel(16)] = 0.0002094803
E[P_sel(17)] = 0.0002198631
E[P_sel(18)] = 0.0002273371
E[P_sel(19)] = 0.0002643303

---- Expected D_neut and D_sel (neutral and selected divergence per site) 
E[D_neut] = 0.0198712106
E[D_sel] = 0.0125227999

---- Expected neutral and selected misattributed polymorphism per site
E[mis_neut] = 0.0005954795
E[mis_sel] = 0.0003588708

---- alpha_div = 0.244365
---- alpha_dfe = 0.244211

