---- Running command
---- ./polyDFE -d Mmc/827.polyDFE.config.txt -m C -e 
---- Performing inference using model C

---- Performing inference on Mmc/827.polyDFE.config.txt
---- No mutation variability. Using Poisson likelihood.


---- Calculating initial values

-- Starting local optimization
-- Optimizing all parameters
  it        eps_an        lambda     theta_bar           S_d             b           p_b           S_b           r 2           r 3           r 4           r 5           r 6           r 7           r 8           r 9          r 10          r 11          r 12          r 13          r 14          r 15          r 16          r 17          r 18          r 19          r 20           ln lk          grad status 
   0           0.1 0.01928670828 0.01137140471        -20000         0.208           0.1            20 0.87488793749 0.73195196625 0.64347728829 0.58058119692 0.55926183814 0.53909816127 0.53568570044 0.52847639220 0.55369579079 0.55799583791 0.58691146979 0.61899900466 0.67200980968 0.74909116515 0.86080970249 1.10491023037 1.58106759113             1             1 -1116644.602502 23156.4355655   -2 
 855 0.00181142147 0.01935982420 0.01016763617 -87.111727444 0.11585583380 0.01535952776 9.24287485779 0.86611294635 0.71695941042 0.62155154720 0.55418628032 0.52755148865 0.50664030048 0.49236099187 0.48632227819 0.49470680985 0.48587997506 0.50670927931 0.51337068356 0.52902272355 0.55527205602 0.57993523305 0.64480020472 0.70090507633 0.80458437549 0.97894737112 -272.4191097306 0.08875312823   -3 
-- Local optimization: stuck in the same solution
---- Best joint likelihood found -272.419109730646596 with gradient 0.08875

---- Results for Mmc/827.polyDFE.config.txt 
--  Model: C
--        eps_an        lambda     theta_bar             a 
-- 0.00181142147 0.01935982420 0.01016763617            -1 
--           S_d             b           p_b           S_b 
-- -87.111727444 0.11585583380 0.01535952776 9.24287485779 
--           r 2           r 3           r 4           r 5           r 6           r 7           r 8           r 9          r 10          r 11          r 12          r 13          r 14          r 15          r 16          r 17          r 18          r 19          r 20 
-- 0.86611294635 0.71695941042 0.62155154720 0.55418628032 0.52755148865 0.50664030048 0.49236099187 0.48632227819 0.49470680985 0.48587997506 0.50670927931 0.51337068356 0.52902272355 0.55527205602 0.57993523305 0.64480020472 0.70090507633 0.80458437549 0.97894737112 

---- Expected P_neut(i), 0 < i < n (neutral SFS per site) 
E[P_neut(1)] = 0.0101499982
E[P_neut(2)] = 0.0043959019
E[P_neut(3)] = 0.0024262244
E[P_neut(4)] = 0.0015777332
E[P_neut(5)] = 0.0011255933
E[P_neut(6)] = 0.0008930685
E[P_neut(7)] = 0.0007352992
E[P_neut(8)] = 0.0006254126
E[P_neut(9)] = 0.0005492348
E[P_neut(10)] = 0.0005029999
E[P_neut(11)] = 0.0004492954
E[P_neut(12)] = 0.0004296921
E[P_neut(13)] = 0.0004021262
E[P_neut(14)] = 0.0003851313
E[P_neut(15)] = 0.0003777465
E[P_neut(16)] = 0.0003707300
E[P_neut(17)] = 0.0003893556
E[P_neut(18)] = 0.0004031781
E[P_neut(19)] = 0.0004482022

---- Expected P_sel(i), 0 < i < n (selected SFS per site) 
E[P_sel(1)] = 0.0072404707
E[P_sel(2)] = 0.0028407626
E[P_sel(3)] = 0.0014926328
E[P_sel(4)] = 0.0009407203
E[P_sel(5)] = 0.0006563010
E[P_sel(6)] = 0.0005119690
E[P_sel(7)] = 0.0004159564
E[P_sel(8)] = 0.0003500670
E[P_sel(9)] = 0.0003048472
E[P_sel(10)] = 0.0002773498
E[P_sel(11)] = 0.0002465273
E[P_sel(12)] = 0.0002350064
E[P_sel(13)] = 0.0002195963
E[P_sel(14)] = 0.0002104038
E[P_sel(15)] = 0.0002069358
E[P_sel(16)] = 0.0002042664
E[P_sel(17)] = 0.0002166697
E[P_sel(18)] = 0.0002281439
E[P_sel(19)] = 0.0002618144

---- Expected D_neut and D_sel (neutral and selected divergence per site) 
E[D_neut] = 0.0198575032
E[D_sel] = 0.0125399566

---- Expected neutral and selected misattributed polymorphism per site
E[mis_neut] = 0.0004976790
E[mis_sel] = 0.0002975292

---- alpha_div = 0.228418
---- alpha_dfe = 0.228228

