---- Running command
---- ./polyDFE -d Mmc/828.polyDFE.config.txt -m C -e 
---- Performing inference using model C

---- Performing inference on Mmc/828.polyDFE.config.txt
---- No mutation variability. Using Poisson likelihood.


---- Calculating initial values

-- Starting local optimization
-- Optimizing all parameters
  it        eps_an        lambda     theta_bar           S_d             b           p_b           S_b           r 2           r 3           r 4           r 5           r 6           r 7           r 8           r 9          r 10          r 11          r 12          r 13          r 14          r 15          r 16          r 17          r 18          r 19          r 20           ln lk          grad status 
   0           0.1 0.01929665435 0.01135765549        -20000         0.208           0.1            20 0.87344939492 0.73715730953 0.64420104554 0.58263685185 0.55657637569 0.53282646666 0.53858148744 0.53595847996 0.55207590936 0.55400317520 0.59011330798 0.62500174935 0.66516318098 0.75543234769 0.86501986453 1.11640480167 1.58857891533             1             1 -1117993.596405 23176.2887147   -2 
 864 0.00221212326 0.01933869134 0.01016293886 -78.314997237 0.12038502774 0.01650612599 8.83937168873 0.86360069339 0.72075190763 0.62003657356 0.55649141152 0.52772753587 0.50259738874 0.49433520952 0.48836509251 0.49441638502 0.48255516013 0.51321698320 0.51518192877 0.52562203176 0.55814193653 0.58498630303 0.64474230382 0.70567927606 0.80236406249 1.03793186609 -273.5877842723 0.06599265919   -3 
-- Local optimization: stuck in the same solution
---- Best joint likelihood found -273.587784272327553 with gradient 0.06599

---- Results for Mmc/828.polyDFE.config.txt 
--  Model: C
--        eps_an        lambda     theta_bar             a 
-- 0.00221212326 0.01933869134 0.01016293886            -1 
--           S_d             b           p_b           S_b 
-- -78.314997237 0.12038502774 0.01650612599 8.83937168873 
--           r 2           r 3           r 4           r 5           r 6           r 7           r 8           r 9          r 10          r 11          r 12          r 13          r 14          r 15          r 16          r 17          r 18          r 19          r 20 
-- 0.86360069339 0.72075190763 0.62003657356 0.55649141152 0.52772753587 0.50259738874 0.49433520952 0.48836509251 0.49441638502 0.48255516013 0.51321698320 0.51518192877 0.52562203176 0.55814193653 0.58498630303 0.64474230382 0.70567927606 0.80236406249 1.03793186609 

---- Expected P_neut(i), 0 < i < n (neutral SFS per site) 
E[P_neut(1)] = 0.0101414066
E[P_neut(2)] = 0.0043795343
E[P_neut(3)] = 0.0024371039
E[P_neut(4)] = 0.0015726856
E[P_neut(5)] = 0.0011294520
E[P_neut(6)] = 0.0008927438
E[P_neut(7)] = 0.0007289720
E[P_neut(8)] = 0.0006275596
E[P_neut(9)] = 0.0005512357
E[P_neut(10)] = 0.0005024723
E[P_neut(11)] = 0.0004460681
E[P_neut(12)] = 0.0004350771
E[P_neut(13)] = 0.0004034742
E[P_neut(14)] = 0.0003826951
E[P_neut(15)] = 0.0003798231
E[P_neut(16)] = 0.0003742367
E[P_neut(17)] = 0.0003899884
E[P_neut(18)] = 0.0004072582
E[P_neut(19)] = 0.0004507100

---- Expected P_sel(i), 0 < i < n (selected SFS per site) 
E[P_sel(1)] = 0.0072548140
E[P_sel(2)] = 0.0028309622
E[P_sel(3)] = 0.0014973211
E[P_sel(4)] = 0.0009354725
E[P_sel(5)] = 0.0006564947
E[P_sel(6)] = 0.0005099102
E[P_sel(7)] = 0.0004107037
E[P_sel(8)] = 0.0003497411
E[P_sel(9)] = 0.0003045652
E[P_sel(10)] = 0.0002757631
E[P_sel(11)] = 0.0002435992
E[P_sel(12)] = 0.0002368310
E[P_sel(13)] = 0.0002193162
E[P_sel(14)] = 0.0002081473
E[P_sel(15)] = 0.0002072099
E[P_sel(16)] = 0.0002054245
E[P_sel(17)] = 0.0002163333
E[P_sel(18)] = 0.0002299186
E[P_sel(19)] = 0.0002631965

---- Expected D_neut and D_sel (neutral and selected divergence per site) 
E[D_neut] = 0.0198661132
E[D_sel] = 0.0125195403

---- Expected neutral and selected misattributed polymorphism per site
E[mis_neut] = 0.0005274219
E[mis_sel] = 0.0003146971

---- alpha_div = 0.235491
---- alpha_dfe = 0.235356

