---- Running command
---- ./polyDFE -d Mmc/829.polyDFE.config.txt -m C -e 
---- Performing inference using model C

---- Performing inference on Mmc/829.polyDFE.config.txt
---- No mutation variability. Using Poisson likelihood.


---- Calculating initial values

-- Starting local optimization
-- Optimizing all parameters
  it        eps_an        lambda     theta_bar           S_d             b           p_b           S_b           r 2           r 3           r 4           r 5           r 6           r 7           r 8           r 9          r 10          r 11          r 12          r 13          r 14          r 15          r 16          r 17          r 18          r 19          r 20           ln lk          grad status 
   0           0.1 0.01925468543 0.01134956589        -20000         0.208           0.1            20 0.87352385645 0.73342179521 0.64077062019 0.58122520923 0.55693463241 0.54113332554 0.53922784255 0.53193504066 0.55618513688 0.55530338060 0.59194719249 0.62747870727 0.67024795526 0.76019435351 0.86944120953 1.11387709131 1.57334402010             1             1 -1114395.992589 23096.8143901   -2 
 389 0.00263622562 0.01931775933 0.01016435372 -88.077866767 0.11410722923 0.01233578099 11.1854842924 0.86482132886 0.71763436892 0.61701880598 0.55179894013 0.52718004317 0.50830155172 0.49272053032 0.48387044918 0.49432830863 0.48231373463 0.50868112573 0.51711980897 0.53143924749 0.56423372301 0.59081696890 0.65014266606 0.69302576925 0.78573692082 0.99994040614 -283.6269309932 18.9384147139   -3 
-- Local optimization: stuck in the same solution
---- Best joint likelihood found -283.626930993224960 with gradient 18.93841

---- Results for Mmc/829.polyDFE.config.txt 
--  Model: C
--        eps_an        lambda     theta_bar             a 
-- 0.00263622562 0.01931775933 0.01016435372            -1 
--           S_d             b           p_b           S_b 
-- -88.077866767 0.11410722923 0.01233578099 11.1854842924 
--           r 2           r 3           r 4           r 5           r 6           r 7           r 8           r 9          r 10          r 11          r 12          r 13          r 14          r 15          r 16          r 17          r 18          r 19          r 20 
-- 0.86482132886 0.71763436892 0.61701880598 0.55179894013 0.52718004317 0.50830155172 0.49272053032 0.48387044918 0.49432830863 0.48231373463 0.50868112573 0.51711980897 0.53143924749 0.56423372301 0.59081696890 0.65014266606 0.69302576925 0.78573692082 0.99994040614 

---- Expected P_neut(i), 0 < i < n (neutral SFS per site) 
E[P_neut(1)] = 0.0101386663
E[P_neut(2)] = 0.0043846199
E[P_neut(3)] = 0.0024260448
E[P_neut(4)] = 0.0015647555
E[P_neut(5)] = 0.0011197867
E[P_neut(6)] = 0.0008917369
E[P_neut(7)] = 0.0007371997
E[P_neut(8)] = 0.0006255087
E[P_neut(9)] = 0.0005462043
E[P_neut(10)] = 0.0005024528
E[P_neut(11)] = 0.0004459391
E[P_neut(12)] = 0.0004313824
E[P_neut(13)] = 0.0004052021
E[P_neut(14)] = 0.0003871755
E[P_neut(15)] = 0.0003842873
E[P_neut(16)] = 0.0003784734
E[P_neut(17)] = 0.0003941074
E[P_neut(18)] = 0.0004018972
E[P_neut(19)] = 0.0004460299

---- Expected P_sel(i), 0 < i < n (selected SFS per site) 
E[P_sel(1)] = 0.0072393860
E[P_sel(2)] = 0.0028381897
E[P_sel(3)] = 0.0014953814
E[P_sel(4)] = 0.0009348113
E[P_sel(5)] = 0.0006541456
E[P_sel(6)] = 0.0005120867
E[P_sel(7)] = 0.0004176526
E[P_sel(8)] = 0.0003505369
E[P_sel(9)] = 0.0003034145
E[P_sel(10)] = 0.0002771553
E[P_sel(11)] = 0.0002446562
E[P_sel(12)] = 0.0002357636
E[P_sel(13)] = 0.0002209712
E[P_sel(14)] = 0.0002110703
E[P_sel(15)] = 0.0002098963
E[P_sel(16)] = 0.0002077431
E[P_sel(17)] = 0.0002183409
E[P_sel(18)] = 0.0002264646
E[P_sel(19)] = 0.0002605888

---- Expected D_neut and D_sel (neutral and selected divergence per site) 
E[D_neut] = 0.0198259467
E[D_sel] = 0.0125279585

---- Expected neutral and selected misattributed polymorphism per site
E[mis_neut] = 0.0005081874
E[mis_sel] = 0.0003023468

---- alpha_div = 0.220724
---- alpha_dfe = 0.220558

