---- Running command
---- ./polyDFE -d Mmc/83.polyDFE.config.txt -m C -e 
---- Performing inference using model C

---- Performing inference on Mmc/83.polyDFE.config.txt
---- No mutation variability. Using Poisson likelihood.


---- Calculating initial values

-- Starting local optimization
-- Optimizing all parameters
  it        eps_an        lambda     theta_bar           S_d             b           p_b           S_b           r 2           r 3           r 4           r 5           r 6           r 7           r 8           r 9          r 10          r 11          r 12          r 13          r 14          r 15          r 16          r 17          r 18          r 19          r 20           ln lk          grad status 
   0           0.1 0.01924717236 0.01137340193        -20000         0.208           0.1            20 0.86979855085 0.73554005552 0.64269690735 0.58462947615 0.55448761095 0.53744318089 0.53386201143 0.52631751257 0.55790295145 0.55121123559 0.58987593665 0.62446826578 0.66442379826 0.75269778612 0.87053128133 1.10377259470 1.57985125645             1             1 -1113023.848032 23108.8313731   -2 
1360 0.00013931319 0.01924133973 0.01015293108 -80.416519899 0.12207081844 0.02518797575 6.13751325156 0.86114846181 0.72100926147 0.61874291775 0.55784627994 0.52762927558 0.50522905046 0.49537324686 0.47851816816 0.49404790460 0.48653108627 0.51393924413 0.51706073175 0.52676589043 0.56231023957 0.59146416311 0.64779541705 0.71451894864 0.85327314355 1.13667814768 -273.0855891919 0.02599653361   -3 
-- Local optimization: stuck in the same solution
---- Best joint likelihood found -273.085589191920008 with gradient 0.02600

---- Results for Mmc/83.polyDFE.config.txt 
--  Model: C
--        eps_an        lambda     theta_bar             a 
-- 0.00013931319 0.01924133973 0.01015293108            -1 
--           S_d             b           p_b           S_b 
-- -80.416519899 0.12207081844 0.02518797575 6.13751325156 
--           r 2           r 3           r 4           r 5           r 6           r 7           r 8           r 9          r 10          r 11          r 12          r 13          r 14          r 15          r 16          r 17          r 18          r 19          r 20 
-- 0.86114846181 0.72100926147 0.61874291775 0.55784627994 0.52762927558 0.50522905046 0.49537324686 0.47851816816 0.49404790460 0.48653108627 0.51393924413 0.51706073175 0.52676589043 0.56231023957 0.59146416311 0.64779541705 0.71451894864 0.85327314355 1.13667814768 

---- Expected P_neut(i), 0 < i < n (neutral SFS per site) 
E[P_neut(1)] = 0.0101515802
E[P_neut(2)] = 0.0043710376
E[P_neut(3)] = 0.0024398331
E[P_neut(4)] = 0.0015703470
E[P_neut(5)] = 0.0011326502
E[P_neut(6)] = 0.0008927594
E[P_neut(7)] = 0.0007327478
E[P_neut(8)] = 0.0006286593
E[P_neut(9)] = 0.0005398054
E[P_neut(10)] = 0.0005016034
E[P_neut(11)] = 0.0004490778
E[P_neut(12)] = 0.0004348595
E[P_neut(13)] = 0.0004038675
E[P_neut(14)] = 0.0003820867
E[P_neut(15)] = 0.0003807113
E[P_neut(16)] = 0.0003754849
E[P_neut(17)] = 0.0003871697
E[P_neut(18)] = 0.0004035785
E[P_neut(19)] = 0.0004573100

---- Expected P_sel(i), 0 < i < n (selected SFS per site) 
E[P_sel(1)] = 0.0072482665
E[P_sel(2)] = 0.0028209768
E[P_sel(3)] = 0.0014975283
E[P_sel(4)] = 0.0009338352
E[P_sel(5)] = 0.0006587047
E[P_sel(6)] = 0.0005106346
E[P_sel(7)] = 0.0004138027
E[P_sel(8)] = 0.0003515411
E[P_sel(9)] = 0.0002995959
E[P_sel(10)] = 0.0002768665
E[P_sel(11)] = 0.0002469769
E[P_sel(12)] = 0.0002387272
E[P_sel(13)] = 0.0002217354
E[P_sel(14)] = 0.0002102368
E[P_sel(15)] = 0.0002104472
E[P_sel(16)] = 0.0002091298
E[P_sel(17)] = 0.0002180833
E[P_sel(18)] = 0.0002310564
E[P_sel(19)] = 0.0002681022

---- Expected D_neut and D_sel (neutral and selected divergence per site) 
E[D_neut] = 0.0198183705
E[D_sel] = 0.0125260183

---- Expected neutral and selected misattributed polymorphism per site
E[mis_neut] = 0.0005770307
E[mis_sel] = 0.0003488747

---- alpha_div = 0.253074
---- alpha_dfe = 0.252862

