---- Running command
---- ./polyDFE -d Mmc/830.polyDFE.config.txt -m C -e 
---- Performing inference using model C

---- Performing inference on Mmc/830.polyDFE.config.txt
---- No mutation variability. Using Poisson likelihood.


---- Calculating initial values

-- Starting local optimization
-- Optimizing all parameters
  it        eps_an        lambda     theta_bar           S_d             b           p_b           S_b           r 2           r 3           r 4           r 5           r 6           r 7           r 8           r 9          r 10          r 11          r 12          r 13          r 14          r 15          r 16          r 17          r 18          r 19          r 20           ln lk          grad status 
   0           0.1 0.01928539304 0.01133330236        -20000         0.208           0.1            20 0.87409729246 0.73247780703 0.64487098787 0.58068733988 0.55909719218 0.53506606319 0.54725426440 0.53088233135 0.55608742093 0.55858139769 0.59586807459 0.62747303654 0.66762208688 0.75474255623 0.86271714411 1.11863258279 1.58332110484             1             1 -1117947.246505 23162.7060905   -2 
 681 0.00177357073 0.01933935195 0.01012755502 -70.738972739 0.12594399164 0.02146405574 7.18730783229 0.86688182377   0.718175066 0.62088050113 0.55341946667 0.53198334095 0.50457463439 0.50340709174 0.48807144565 0.49805422220 0.48658378518 0.51275531981 0.51725749503 0.52292591051 0.56099815099 0.58997557305 0.65256610569 0.70367781043 0.79755073479 1.01692658837 -283.6826737655 0.12116253741   -3 
-- Local optimization: stuck in the same solution
---- Best joint likelihood found -283.682673765564687 with gradient 0.12116

---- Results for Mmc/830.polyDFE.config.txt 
--  Model: C
--        eps_an        lambda     theta_bar             a 
-- 0.00177357073 0.01933935195 0.01012755502            -1 
--           S_d             b           p_b           S_b 
-- -70.738972739 0.12594399164 0.02146405574 7.18730783229 
--           r 2           r 3           r 4           r 5           r 6           r 7           r 8           r 9          r 10          r 11          r 12          r 13          r 14          r 15          r 16          r 17          r 18          r 19          r 20 
-- 0.86688182377   0.718175066 0.62088050113 0.55341946667 0.53198334095 0.50457463439 0.50340709174 0.48807144565 0.49805422220 0.48658378518 0.51275531981 0.51725749503 0.52292591051 0.56099815099 0.58997557305 0.65256610569 0.70367781043 0.79755073479 1.01692658837 

---- Expected P_neut(i), 0 < i < n (neutral SFS per site) 
E[P_neut(1)] = 0.0101103471
E[P_neut(2)] = 0.0043826134
E[P_neut(3)] = 0.0024208421
E[P_neut(4)] = 0.0015698746
E[P_neut(5)] = 0.0011196409
E[P_neut(6)] = 0.0008970268
E[P_neut(7)] = 0.0007294353
E[P_neut(8)] = 0.0006369226
E[P_neut(9)] = 0.0005490394
E[P_neut(10)] = 0.0005044072
E[P_neut(11)] = 0.0004481708
E[P_neut(12)] = 0.0004331092
E[P_neut(13)] = 0.0004035457
E[P_neut(14)] = 0.0003792046
E[P_neut(15)] = 0.0003800856
E[P_neut(16)] = 0.0003755639
E[P_neut(17)] = 0.0003923692
E[P_neut(18)] = 0.0004030019
E[P_neut(19)] = 0.0004423258

---- Expected P_sel(i), 0 < i < n (selected SFS per site) 
E[P_sel(1)] = 0.0072548548
E[P_sel(2)] = 0.0028349554
E[P_sel(3)] = 0.0014863148
E[P_sel(4)] = 0.0009324399
E[P_sel(5)] = 0.0006495738
E[P_sel(6)] = 0.0005113083
E[P_sel(7)] = 0.0004101271
E[P_sel(8)] = 0.0003542921
E[P_sel(9)] = 0.0003028706
E[P_sel(10)] = 0.0002765033
E[P_sel(11)] = 0.0002445976
E[P_sel(12)] = 0.0002357759
E[P_sel(13)] = 0.0002195472
E[P_sel(14)] = 0.0002066228
E[P_sel(15)] = 0.0002079449
E[P_sel(16)] = 0.0002069671
E[P_sel(17)] = 0.0002187287
E[P_sel(18)] = 0.0002287437
E[P_sel(19)] = 0.0002591237

---- Expected D_neut and D_sel (neutral and selected divergence per site) 
E[D_neut] = 0.0198543010
E[D_sel] = 0.0125232546

---- Expected neutral and selected misattributed polymorphism per site
E[mis_neut] = 0.0005149490
E[mis_sel] = 0.0003089651

---- alpha_div = 0.250901
---- alpha_dfe = 0.250708

