---- Running command
---- ./polyDFE -d Mmc/831.polyDFE.config.txt -m C -e 
---- Performing inference using model C

---- Performing inference on Mmc/831.polyDFE.config.txt
---- No mutation variability. Using Poisson likelihood.


---- Calculating initial values

-- Starting local optimization
-- Optimizing all parameters
  it        eps_an        lambda     theta_bar           S_d             b           p_b           S_b           r 2           r 3           r 4           r 5           r 6           r 7           r 8           r 9          r 10          r 11          r 12          r 13          r 14          r 15          r 16          r 17          r 18          r 19          r 20           ln lk          grad status 
   0           0.1 0.01930032761 0.01134629583        -20000         0.208           0.1            20 0.87452078427 0.73364223805 0.64315510618 0.58447820052 0.55358258066 0.54256602255 0.54085314488 0.52500100265 0.55712231185 0.55367994714 0.59407654678 0.62522016180 0.65788153122 0.74523462176 0.86737770558 1.10477661300 1.57552541500             1             1 -1116439.805296 23161.0649136   -2 
 627 0.00086573295 0.01922227853 0.01013163448 -78.493155148 0.12215905188 0.02378939911 6.41733974964 0.86694441644 0.72089170194 0.61955072855 0.55846599935 0.52498238177 0.51106374773 0.49527377036 0.47988442564 0.49716895426 0.48493652919 0.51333001215 0.51708440106 0.52162004959 0.55492706507 0.58740178031 0.64726589560 0.70424457532 0.82824408828 1.27708139437 -274.2921642485 0.02442895008   -8 
-- Local optimization: reached maximum number of likelihood evaluations allowed.
---- Best joint likelihood found -274.292164248588961 with gradient 0.02443

---- Results for Mmc/831.polyDFE.config.txt 
--  Model: C
--        eps_an        lambda     theta_bar             a 
-- 0.00086573295 0.01922227853 0.01013163448            -1 
--           S_d             b           p_b           S_b 
-- -78.493155148 0.12215905188 0.02378939911 6.41733974964 
--           r 2           r 3           r 4           r 5           r 6           r 7           r 8           r 9          r 10          r 11          r 12          r 13          r 14          r 15          r 16          r 17          r 18          r 19          r 20 
-- 0.86694441644 0.72089170194 0.61955072855 0.55846599935 0.52498238177 0.51106374773 0.49527377036 0.47988442564 0.49716895426 0.48493652919 0.51333001215 0.51708440106 0.52162004959 0.55492706507 0.58740178031 0.64726589560 0.70424457532 0.82824408828 1.27708139437 

---- Expected P_neut(i), 0 < i < n (neutral SFS per site) 
E[P_neut(1)] = 0.0101232455
E[P_neut(2)] = 0.0043883230
E[P_neut(3)] = 0.0024328300
E[P_neut(4)] = 0.0015682288
E[P_neut(5)] = 0.0011309795
E[P_neut(6)] = 0.0008860476
E[P_neut(7)] = 0.0007394101
E[P_neut(8)] = 0.0006270738
E[P_neut(9)] = 0.0005401427
E[P_neut(10)] = 0.0005037134
E[P_neut(11)] = 0.0004467355
E[P_neut(12)] = 0.0004335738
E[P_neut(13)] = 0.0004032846
E[P_neut(14)] = 0.0003779309
E[P_neut(15)] = 0.0003754764
E[P_neut(16)] = 0.0003729953
E[P_neut(17)] = 0.0003875303
E[P_neut(18)] = 0.0003998561
E[P_neut(19)] = 0.0004500451

---- Expected P_sel(i), 0 < i < n (selected SFS per site) 
E[P_sel(1)] = 0.0072405537
E[P_sel(2)] = 0.0028365690
E[P_sel(3)] = 0.0014952371
E[P_sel(4)] = 0.0009336375
E[P_sel(5)] = 0.0006583532
E[P_sel(6)] = 0.0005071761
E[P_sel(7)] = 0.0004177978
E[P_sel(8)] = 0.0003507801
E[P_sel(9)] = 0.0002998290
E[P_sel(10)] = 0.0002780138
E[P_sel(11)] = 0.0002456181
E[P_sel(12)] = 0.0002378968
E[P_sel(13)] = 0.0002212458
E[P_sel(14)] = 0.0002077401
E[P_sel(15)] = 0.0002072953
E[P_sel(16)] = 0.0002074470
E[P_sel(17)] = 0.0002179661
E[P_sel(18)] = 0.0002286953
E[P_sel(19)] = 0.0002642906

---- Expected D_neut and D_sel (neutral and selected divergence per site) 
E[D_neut] = 0.0198692246
E[D_sel] = 0.0125451493

---- Expected neutral and selected misattributed polymorphism per site
E[mis_neut] = 0.0006469461
E[mis_sel] = 0.0003904406

---- alpha_div = 0.249402
---- alpha_dfe = 0.249267

