---- Running command
---- ./polyDFE -d Mmc/832.polyDFE.config.txt -m C -e 
---- Performing inference using model C

---- Performing inference on Mmc/832.polyDFE.config.txt
---- No mutation variability. Using Poisson likelihood.


---- Calculating initial values

-- Starting local optimization
-- Optimizing all parameters
  it        eps_an        lambda     theta_bar           S_d             b           p_b           S_b           r 2           r 3           r 4           r 5           r 6           r 7           r 8           r 9          r 10          r 11          r 12          r 13          r 14          r 15          r 16          r 17          r 18          r 19          r 20           ln lk          grad status 
   0           0.1 0.01925406395 0.01134525352        -20000         0.208           0.1            20 0.87620188380 0.73051405237 0.64770880657 0.58597752233 0.56004176126 0.53808603206 0.53700252171 0.52573558118 0.55108171016 0.55899445452 0.59971470266 0.61943675614 0.67193026004 0.75156274887 0.87275452691 1.10201823870 1.58519613365             1             1 -1115400.512485 23131.4301747   -2 
 808 0.00015215888 0.01927965037 0.01013000515 -77.901138594 0.12105830514 0.01634646466 9.06592718153 0.86594221014 0.71864806556 0.62220337042 0.55777618347 0.53123988103 0.50740746648 0.49696126456 0.48081863452 0.49374817431 0.49016317563 0.51859346777 0.51254760879 0.53163326659 0.55845535938 0.59580338188 0.64825140540 0.71480226053 0.84259726972 1.07463903292 -273.8706909953 0.02569908790   -3 
-- Local optimization: stuck in the same solution
---- Best joint likelihood found -273.870690995303448 with gradient 0.02570

---- Results for Mmc/832.polyDFE.config.txt 
--  Model: C
--        eps_an        lambda     theta_bar             a 
-- 0.00015215888 0.01927965037 0.01013000515            -1 
--           S_d             b           p_b           S_b 
-- -77.901138594 0.12105830514 0.01634646466 9.06592718153 
--           r 2           r 3           r 4           r 5           r 6           r 7           r 8           r 9          r 10          r 11          r 12          r 13          r 14          r 15          r 16          r 17          r 18          r 19          r 20 
-- 0.86594221014 0.71864806556 0.62220337042 0.55777618347 0.53123988103 0.50740746648 0.49696126456 0.48081863452 0.49374817431 0.49016317563 0.51859346777 0.51254760879 0.53163326659 0.55845535938 0.59580338188 0.64825140540 0.71480226053 0.84259726972 1.07463903292 

---- Expected P_neut(i), 0 < i < n (neutral SFS per site) 
E[P_neut(1)] = 0.0101285321
E[P_neut(2)] = 0.0043853934
E[P_neut(3)] = 0.0024263257
E[P_neut(4)] = 0.0015755485
E[P_neut(5)] = 0.0011299406
E[P_neut(6)] = 0.0008968325
E[P_neut(7)] = 0.0007342405
E[P_neut(8)] = 0.0006292484
E[P_neut(9)] = 0.0005411747
E[P_neut(10)] = 0.0005001672
E[P_neut(11)] = 0.0004514096
E[P_neut(12)] = 0.0004378087
E[P_neut(13)] = 0.0003994440
E[P_neut(14)] = 0.0003847528
E[P_neut(15)] = 0.0003772583
E[P_neut(16)] = 0.0003774006
E[P_neut(17)] = 0.0003865922
E[P_neut(18)] = 0.0004028812
E[P_neut(19)] = 0.0004507106

---- Expected P_sel(i), 0 < i < n (selected SFS per site) 
E[P_sel(1)] = 0.0072401972
E[P_sel(2)] = 0.0028311649
E[P_sel(3)] = 0.0014883800
E[P_sel(4)] = 0.0009355359
E[P_sel(5)] = 0.0006555358
E[P_sel(6)] = 0.0005112165
E[P_sel(7)] = 0.0004128008
E[P_sel(8)] = 0.0003499134
E[P_sel(9)] = 0.0002983268
E[P_sel(10)] = 0.0002738540
E[P_sel(11)] = 0.0002459197
E[P_sel(12)] = 0.0002377242
E[P_sel(13)] = 0.0002165672
E[P_sel(14)] = 0.0002087077
E[P_sel(15)] = 0.0002052356
E[P_sel(16)] = 0.0002065326
E[P_sel(17)] = 0.0002136910
E[P_sel(18)] = 0.0002262898
E[P_sel(19)] = 0.0002600281

---- Expected D_neut and D_sel (neutral and selected divergence per site) 
E[D_neut] = 0.0198239553
E[D_sel] = 0.0125115231

---- Expected neutral and selected misattributed polymorphism per site
E[mis_neut] = 0.0005443049
E[mis_sel] = 0.0003246760

---- alpha_div = 0.238704
---- alpha_dfe = 0.238481

