---- Running command
---- ./polyDFE -d Mmc/833.polyDFE.config.txt -m C -e 
---- Performing inference using model C

---- Performing inference on Mmc/833.polyDFE.config.txt
---- No mutation variability. Using Poisson likelihood.


---- Calculating initial values

-- Starting local optimization
-- Optimizing all parameters
  it        eps_an        lambda     theta_bar           S_d             b           p_b           S_b           r 2           r 3           r 4           r 5           r 6           r 7           r 8           r 9          r 10          r 11          r 12          r 13          r 14          r 15          r 16          r 17          r 18          r 19          r 20           ln lk          grad status 
   0           0.1 0.01929364212 0.01135282998        -20000         0.208           0.1            20 0.87516215926 0.73545571671 0.64775118826 0.58669592290 0.55510023154 0.54755863794 0.53537791914 0.53121903328 0.55108476313 0.55619068175 0.59431846549 0.62915254929 0.66788434682 0.76168907596 0.87381612506 1.11063077126 1.58236826385             1             1 -1117091.435800 23157.0805089   -2 
 412 0.00282311510 0.01934797463 0.01017390430 -81.513424772 0.11802811913 0.01325254462 10.7290175607 0.86333462334 0.71797433091 0.62050310838 0.55849539472 0.52459337570 0.51369351145 0.49393935568 0.48298784191 0.49646242472 0.48746713463 0.51449602857 0.51471066208 0.52547981824 0.56665554532 0.59011758034 0.64436701506 0.69627295223 0.77925671802 1.01011458941 -278.3696359203 0.15095481175   -3 
-- Local optimization: stuck in the same solution
---- Best joint likelihood found -278.369635920375003 with gradient 0.15095

---- Results for Mmc/833.polyDFE.config.txt 
--  Model: C
--        eps_an        lambda     theta_bar             a 
-- 0.00282311510 0.01934797463 0.01017390430            -1 
--           S_d             b           p_b           S_b 
-- -81.513424772 0.11802811913 0.01325254462 10.7290175607 
--           r 2           r 3           r 4           r 5           r 6           r 7           r 8           r 9          r 10          r 11          r 12          r 13          r 14          r 15          r 16          r 17          r 18          r 19          r 20 
-- 0.86333462334 0.71797433091 0.62050310838 0.55849539472 0.52459337570 0.51369351145 0.49393935568 0.48298784191 0.49646242472 0.48746713463 0.51449602857 0.51471066208 0.52547981824 0.56665554532 0.59011758034 0.64436701506 0.69627295223 0.77925671802 1.01011458941 

---- Expected P_neut(i), 0 < i < n (neutral SFS per site) 
E[P_neut(1)] = 0.0101463602
E[P_neut(2)] = 0.0043804546
E[P_neut(3)] = 0.0024290821
E[P_neut(4)] = 0.0015748386
E[P_neut(5)] = 0.0011342925
E[P_neut(6)] = 0.0008880940
E[P_neut(7)] = 0.0007456392
E[P_neut(8)] = 0.0006276195
E[P_neut(9)] = 0.0005457172
E[P_neut(10)] = 0.0005050961
E[P_neut(11)] = 0.0004511271
E[P_neut(12)] = 0.0004367447
E[P_neut(13)] = 0.0004037873
E[P_neut(14)] = 0.0003833033
E[P_neut(15)] = 0.0003864631
E[P_neut(16)] = 0.0003786337
E[P_neut(17)] = 0.0003914163
E[P_neut(18)] = 0.0004048326
E[P_neut(19)] = 0.0004448116

---- Expected P_sel(i), 0 < i < n (selected SFS per site) 
E[P_sel(1)] = 0.0072495873
E[P_sel(2)] = 0.0028305129
E[P_sel(3)] = 0.0014924708
E[P_sel(4)] = 0.0009369571
E[P_sel(5)] = 0.0006594588
E[P_sel(6)] = 0.0005073211
E[P_sel(7)] = 0.0004200720
E[P_sel(8)] = 0.0003496633
E[P_sel(9)] = 0.0003013183
E[P_sel(10)] = 0.0002769064
E[P_sel(11)] = 0.0002459767
E[P_sel(12)] = 0.0002372300
E[P_sel(13)] = 0.0002188728
E[P_sel(14)] = 0.0002077394
E[P_sel(15)] = 0.0002099133
E[P_sel(16)] = 0.0002067637
E[P_sel(17)] = 0.0002158627
E[P_sel(18)] = 0.0002272597
E[P_sel(19)] = 0.0002593061

---- Expected D_neut and D_sel (neutral and selected divergence per site) 
E[D_neut] = 0.0198618151
E[D_sel] = 0.0125233216

---- Expected neutral and selected misattributed polymorphism per site
E[mis_neut] = 0.0005138405
E[mis_sel] = 0.0003049286

---- alpha_div = 0.228030
---- alpha_dfe = 0.227983

