---- Running command
---- ./polyDFE -d Mmc/834.polyDFE.config.txt -m C -e 
---- Performing inference using model C

---- Performing inference on Mmc/834.polyDFE.config.txt
---- No mutation variability. Using Poisson likelihood.


---- Calculating initial values

-- Starting local optimization
-- Optimizing all parameters
  it        eps_an        lambda     theta_bar           S_d             b           p_b           S_b           r 2           r 3           r 4           r 5           r 6           r 7           r 8           r 9          r 10          r 11          r 12          r 13          r 14          r 15          r 16          r 17          r 18          r 19          r 20           ln lk          grad status 
   0           0.1 0.01925949603 0.01136246337        -20000         0.208           0.1            20 0.86932581142 0.73555650327 0.64375044324 0.58259419027 0.56106585776 0.53941390222 0.53556675631 0.53371439356 0.55872901573 0.55775205094 0.58320288111 0.62869017676 0.66117675940 0.74570400696 0.86722999040 1.11070303161 1.57179759531             1             1 -1113676.161599 23114.6381257   -2 
 276 0.00467212927 0.01931451476 0.01018719659 -96.719072781 0.10913911410 0.00593112688 21.7524241963 0.86109026369 0.71834099419 0.61750331068 0.55333230308 0.52959989880 0.50334857519 0.49178283905 0.48208128408 0.49866657551 0.48420613588 0.50706118462 0.51906130294 0.52210068317 0.55326546281 0.58858981485 0.64087183464 0.68331964461 0.74257066023 1.00051713128 -307.0989073874 2.37998798547   -3 
-- Local optimization: stuck in the same solution
---- Best joint likelihood found -307.098907387480722 with gradient 2.37999

---- Results for Mmc/834.polyDFE.config.txt 
--  Model: C
--        eps_an        lambda     theta_bar             a 
-- 0.00467212927 0.01931451476 0.01018719659            -1 
--           S_d             b           p_b           S_b 
-- -96.719072781 0.10913911410 0.00593112688 21.7524241963 
--           r 2           r 3           r 4           r 5           r 6           r 7           r 8           r 9          r 10          r 11          r 12          r 13          r 14          r 15          r 16          r 17          r 18          r 19          r 20 
-- 0.86109026369 0.71834099419 0.61750331068 0.55333230308 0.52959989880 0.50334857519 0.49178283905 0.48208128408 0.49866657551 0.48420613588 0.50706118462 0.51906130294 0.52210068317 0.55326546281 0.58858981485 0.64087183464 0.68331964461 0.74257066023 1.00051713128 

---- Expected P_neut(i), 0 < i < n (neutral SFS per site) 
E[P_neut(1)] = 0.0101414609
E[P_neut(2)] = 0.0043673626
E[P_neut(3)] = 0.0024296912
E[P_neut(4)] = 0.0015670602
E[P_neut(5)] = 0.0011238693
E[P_neut(6)] = 0.0008967636
E[P_neut(7)] = 0.0007310081
E[P_neut(8)] = 0.0006253214
E[P_neut(9)] = 0.0005452186
E[P_neut(10)] = 0.0005080014
E[P_neut(11)] = 0.0004488819
E[P_neut(12)] = 0.0004313757
E[P_neut(13)] = 0.0004082743
E[P_neut(14)] = 0.0003823363
E[P_neut(15)] = 0.0003792600
E[P_neut(16)] = 0.0003803518
E[P_neut(17)] = 0.0003936428
E[P_neut(18)] = 0.0004054138
E[P_neut(19)] = 0.0004438785

---- Expected P_sel(i), 0 < i < n (selected SFS per site) 
E[P_sel(1)] = 0.0072268079
E[P_sel(2)] = 0.0028271879
E[P_sel(3)] = 0.0014991991
E[P_sel(4)] = 0.0009375350
E[P_sel(5)] = 0.0006574982
E[P_sel(6)] = 0.0005156206
E[P_sel(7)] = 0.0004144861
E[P_sel(8)] = 0.0003505033
E[P_sel(9)] = 0.0003026820
E[P_sel(10)] = 0.0002797591
E[P_sel(11)] = 0.0002455626
E[P_sel(12)] = 0.0002347284
E[P_sel(13)] = 0.0002212733
E[P_sel(14)] = 0.0002067107
E[P_sel(15)] = 0.0002049298
E[P_sel(16)] = 0.0002059684
E[P_sel(17)] = 0.0002145915
E[P_sel(18)] = 0.0002246253
E[P_sel(19)] = 0.0002578018

---- Expected D_neut and D_sel (neutral and selected divergence per site) 
E[D_neut] = 0.0198241380
E[D_sel] = 0.0125332549

---- Expected neutral and selected misattributed polymorphism per site
E[mis_neut] = 0.0005096232
E[mis_sel] = 0.0002967312

---- alpha_div = 0.204074
---- alpha_dfe = 0.204307

