---- Running command
---- ./polyDFE -d Mmc/835.polyDFE.config.txt -m C -e 
---- Performing inference using model C

---- Performing inference on Mmc/835.polyDFE.config.txt
---- No mutation variability. Using Poisson likelihood.


---- Calculating initial values

-- Starting local optimization
-- Optimizing all parameters
  it        eps_an        lambda     theta_bar           S_d             b           p_b           S_b           r 2           r 3           r 4           r 5           r 6           r 7           r 8           r 9          r 10          r 11          r 12          r 13          r 14          r 15          r 16          r 17          r 18          r 19          r 20           ln lk          grad status 
   0           0.1 0.01927270843 0.01135467649        -20000         0.208           0.1            20 0.87482004764 0.73348408551 0.64750440103 0.57526728393 0.55700317655 0.54026581534 0.54116023489 0.53311027971 0.54972415559 0.55562139315 0.59781775951 0.62337825134 0.66709198489 0.74552514614 0.87540520331 1.10181268502 1.58571793413             1             1 -1119075.103799 23173.1613769   -2 
 467 0.00356036701 0.01932762323 0.01017895020 -97.781793522 0.10823904002 0.00625192835 20.1337159125 0.86586800133 0.71644050868 0.62099951110 0.54794746332 0.52396080797 0.50321287674 0.49339155332 0.48682729516 0.49283821971 0.48497114107 0.51257170447 0.51087141164 0.52959478337 0.55776436471 0.58686163849 0.63804099615 0.69709304435 0.76939296687 1.00574812207 -284.7871249682 0.48870071459   -3 
-- Local optimization: stuck in the same solution
---- Best joint likelihood found -284.787124968235730 with gradient 0.48870

---- Results for Mmc/835.polyDFE.config.txt 
--  Model: C
--        eps_an        lambda     theta_bar             a 
-- 0.00356036701 0.01932762323 0.01017895020            -1 
--           S_d             b           p_b           S_b 
-- -97.781793522 0.10823904002 0.00625192835 20.1337159125 
--           r 2           r 3           r 4           r 5           r 6           r 7           r 8           r 9          r 10          r 11          r 12          r 13          r 14          r 15          r 16          r 17          r 18          r 19          r 20 
-- 0.86586800133 0.71644050868 0.62099951110 0.54794746332 0.52396080797 0.50321287674 0.49339155332 0.48682729516 0.49283821971 0.48497114107 0.51257170447 0.51087141164 0.52959478337 0.55776436471 0.58686163849 0.63804099615 0.69709304435 0.76939296687 1.00574812207 

---- Expected P_neut(i), 0 < i < n (neutral SFS per site) 
E[P_neut(1)] = 0.0101441770
E[P_neut(2)] = 0.0043925273
E[P_neut(3)] = 0.0024235761
E[P_neut(4)] = 0.0015759837
E[P_neut(5)] = 0.0011128820
E[P_neut(6)] = 0.0008871013
E[P_neut(7)] = 0.0007305588
E[P_neut(8)] = 0.0006270889
E[P_neut(9)] = 0.0005502364
E[P_neut(10)] = 0.0005016576
E[P_neut(11)] = 0.0004491350
E[P_neut(12)] = 0.0004354739
E[P_neut(13)] = 0.0004011914
E[P_neut(14)] = 0.0003868452
E[P_neut(15)] = 0.0003811211
E[P_neut(16)] = 0.0003776493
E[P_neut(17)] = 0.0003893292
E[P_neut(18)] = 0.0004084906
E[P_neut(19)] = 0.0004469634

---- Expected P_sel(i), 0 < i < n (selected SFS per site) 
E[P_sel(1)] = 0.0072361573
E[P_sel(2)] = 0.0028485982
E[P_sel(3)] = 0.0014987900
E[P_sel(4)] = 0.0009452873
E[P_sel(5)] = 0.0006528916
E[P_sel(6)] = 0.0005115924
E[P_sel(7)] = 0.0004155451
E[P_sel(8)] = 0.0003526626
E[P_sel(9)] = 0.0003065271
E[P_sel(10)] = 0.0002772605
E[P_sel(11)] = 0.0002466173
E[P_sel(12)] = 0.0002378702
E[P_sel(13)] = 0.0002182966
E[P_sel(14)] = 0.0002099918
E[P_sel(15)] = 0.0002067770
E[P_sel(16)] = 0.0002053356
E[P_sel(17)] = 0.0002130312
E[P_sel(18)] = 0.0002268705
E[P_sel(19)] = 0.0002587611

---- Expected D_neut and D_sel (neutral and selected divergence per site) 
E[D_neut] = 0.0198394962
E[D_sel] = 0.0125154381

---- Expected neutral and selected misattributed polymorphism per site
E[mis_neut] = 0.0005118730
E[mis_sel] = 0.0002989204

---- alpha_div = 0.199830
---- alpha_dfe = 0.199898

