---- Running command
---- ./polyDFE -d Mmc/836.polyDFE.config.txt -m C -e 
---- Performing inference using model C

---- Performing inference on Mmc/836.polyDFE.config.txt
---- No mutation variability. Using Poisson likelihood.


---- Calculating initial values

-- Starting local optimization
-- Optimizing all parameters
  it        eps_an        lambda     theta_bar           S_d             b           p_b           S_b           r 2           r 3           r 4           r 5           r 6           r 7           r 8           r 9          r 10          r 11          r 12          r 13          r 14          r 15          r 16          r 17          r 18          r 19          r 20           ln lk          grad status 
   0           0.1 0.01931727328 0.01135917969        -20000         0.208           0.1            20 0.87392595591 0.73618129597 0.64425380839 0.58082920765 0.55570790357 0.54135839168 0.53762343117 0.52900833413 0.54744597236 0.55910231696 0.58898972023 0.62146981141 0.66744791783 0.75097203758 0.86061257554 1.11726850192 1.57163626835             1             1 -1120857.615932 23230.0534956   -2 
 781 0.00137925114 0.01933839221 0.01014737370 -75.249628646 0.12402699802 0.02291001103 6.65183453196 0.86655095207 0.72241941579 0.62095984525 0.55352753619 0.52841906777 0.51015083041 0.49404724144 0.48311324098 0.49332071334 0.48643660574 0.50869405331 0.51130499253 0.52631984310 0.55838765927 0.58342034052 0.64850692523 0.70098802080 0.81506878361 1.07991763744 -276.5656248738 0.02289471019   -8 
-- Local optimization: reached maximum number of likelihood evaluations allowed.
---- Best joint likelihood found -276.565624873808702 with gradient 0.02289

---- Results for Mmc/836.polyDFE.config.txt 
--  Model: C
--        eps_an        lambda     theta_bar             a 
-- 0.00137925114 0.01933839221 0.01014737370            -1 
--           S_d             b           p_b           S_b 
-- -75.249628646 0.12402699802 0.02291001103 6.65183453196 
--           r 2           r 3           r 4           r 5           r 6           r 7           r 8           r 9          r 10          r 11          r 12          r 13          r 14          r 15          r 16          r 17          r 18          r 19          r 20 
-- 0.86655095207 0.72241941579 0.62095984525 0.55352753619 0.52841906777 0.51015083041 0.49404724144 0.48311324098 0.49332071334 0.48643660574 0.50869405331 0.51130499253 0.52631984310 0.55838765927 0.58342034052 0.64850692523 0.70098802080 0.81506878361 1.07991763744 

---- Expected P_neut(i), 0 < i < n (neutral SFS per site) 
E[P_neut(1)] = 0.0101339783
E[P_neut(2)] = 0.0043910892
E[P_neut(3)] = 0.0024407169
E[P_neut(4)] = 0.0015736155
E[P_neut(5)] = 0.0011223417
E[P_neut(6)] = 0.0008929712
E[P_neut(7)] = 0.0007390578
E[P_neut(8)] = 0.0006263892
E[P_neut(9)] = 0.0005445710
E[P_neut(10)] = 0.0005005910
E[P_neut(11)] = 0.0004488646
E[P_neut(12)] = 0.0004304301
E[P_neut(13)] = 0.0003995774
E[P_neut(14)] = 0.0003821896
E[P_neut(15)] = 0.0003787730
E[P_neut(16)] = 0.0003716739
E[P_neut(17)] = 0.0003899330
E[P_neut(18)] = 0.0004006961
E[P_neut(19)] = 0.0004487010

---- Expected P_sel(i), 0 < i < n (selected SFS per site) 
E[P_sel(1)] = 0.0072531206
E[P_sel(2)] = 0.0028366144
E[P_sel(3)] = 0.0014978818
E[P_sel(4)] = 0.0009349024
E[P_sel(5)] = 0.0006516634
E[P_sel(6)] = 0.0005096407
E[P_sel(7)] = 0.0004162341
E[P_sel(8)] = 0.0003491471
E[P_sel(9)] = 0.0003011260
E[P_sel(10)] = 0.0002751593
E[P_sel(11)] = 0.0002457199
E[P_sel(12)] = 0.0002350969
E[P_sel(13)] = 0.0002181698
E[P_sel(14)] = 0.0002090444
E[P_sel(15)] = 0.0002080532
E[P_sel(16)] = 0.0002056499
E[P_sel(17)] = 0.0002182087
E[P_sel(18)] = 0.0002281390
E[P_sel(19)] = 0.0002629257

---- Expected D_neut and D_sel (neutral and selected divergence per site) 
E[D_neut] = 0.0198863086
E[D_sel] = 0.0125179511

---- Expected neutral and selected misattributed polymorphism per site
E[mis_neut] = 0.0005479164
E[mis_sel] = 0.0003291823

---- alpha_div = 0.249223
---- alpha_dfe = 0.249134

