---- Running command
---- ./polyDFE -d Mmc/837.polyDFE.config.txt -m C -e 
---- Performing inference using model C

---- Performing inference on Mmc/837.polyDFE.config.txt
---- No mutation variability. Using Poisson likelihood.


---- Calculating initial values

-- Starting local optimization
-- Optimizing all parameters
  it        eps_an        lambda     theta_bar           S_d             b           p_b           S_b           r 2           r 3           r 4           r 5           r 6           r 7           r 8           r 9          r 10          r 11          r 12          r 13          r 14          r 15          r 16          r 17          r 18          r 19          r 20           ln lk          grad status 
   0           0.1 0.01930005991 0.01134044718        -20000         0.208           0.1            20 0.87482407408 0.73690613525 0.64102499534 0.58551722131 0.56215765039 0.54486070119 0.53378033077 0.52985171203 0.55897188459 0.55422098085 0.58739729521 0.62245939453 0.67096971995 0.75382790485 0.86297536690 1.11440521808 1.58602722171             1             1 -1118149.651712 23189.9609403   -2 
 367 0.00373156741 0.01935979925 0.01018933542 -106.17988963 0.10741705362 0.01038963037 12.2705262399 0.86254071929 0.71829762370 0.61443729257 0.55264007268 0.52731266427 0.50724838744 0.48923587067 0.47708679009 0.50068611779 0.48325047203 0.50826760713 0.50969063262 0.52477545745 0.55333235115 0.58497661869 0.64360934068 0.68700847374 0.77267542292 1.00161361922 -295.3096547043 1.06299769695   -3 
-- Local optimization: stuck in the same solution
---- Best joint likelihood found -295.309654704353306 with gradient 1.06300

---- Results for Mmc/837.polyDFE.config.txt 
--  Model: C
--        eps_an        lambda     theta_bar             a 
-- 0.00373156741 0.01935979925 0.01018933542            -1 
--           S_d             b           p_b           S_b 
-- -106.17988963 0.10741705362 0.01038963037 12.2705262399 
--           r 2           r 3           r 4           r 5           r 6           r 7           r 8           r 9          r 10          r 11          r 12          r 13          r 14          r 15          r 16          r 17          r 18          r 19          r 20 
-- 0.86254071929 0.71829762370 0.61443729257 0.55264007268 0.52731266427 0.50724838744 0.48923587067 0.47708679009 0.50068611779 0.48325047203 0.50826760713 0.50969063262 0.52477545745 0.55333235115 0.58497661869 0.64360934068 0.68700847374 0.77267542292 1.00161361922 

---- Expected P_neut(i), 0 < i < n (neutral SFS per site) 
E[P_neut(1)] = 0.0101528595
E[P_neut(2)] = 0.0043794117
E[P_neut(3)] = 0.0024319942
E[P_neut(4)] = 0.0015607265
E[P_neut(5)] = 0.0011234071
E[P_neut(6)] = 0.0008935779
E[P_neut(7)] = 0.0007370961
E[P_neut(8)] = 0.0006224088
E[P_neut(9)] = 0.0005397879
E[P_neut(10)] = 0.0005101659
E[P_neut(11)] = 0.0004479816
E[P_neut(12)] = 0.0004322905
E[P_neut(13)] = 0.0004007575
E[P_neut(14)] = 0.0003838530
E[P_neut(15)] = 0.0003786725
E[P_neut(16)] = 0.0003769831
E[P_neut(17)] = 0.0003934261
E[P_neut(18)] = 0.0004038444
E[P_neut(19)] = 0.0004508469

---- Expected P_sel(i), 0 < i < n (selected SFS per site) 
E[P_sel(1)] = 0.0072113255
E[P_sel(2)] = 0.0028309876
E[P_sel(3)] = 0.0015006204
E[P_sel(4)] = 0.0009348183
E[P_sel(5)] = 0.0006586589
E[P_sel(6)] = 0.0005154113
E[P_sel(7)] = 0.0004196691
E[P_sel(8)] = 0.0003506666
E[P_sel(9)] = 0.0003015286
E[P_sel(10)] = 0.0002830183
E[P_sel(11)] = 0.0002471803
E[P_sel(12)] = 0.0002375785
E[P_sel(13)] = 0.0002197109
E[P_sel(14)] = 0.0002102886
E[P_sel(15)] = 0.0002077311
E[P_sel(16)] = 0.0002076772
E[P_sel(17)] = 0.0002185813
E[P_sel(18)] = 0.0002280952
E[P_sel(19)] = 0.0002645976

---- Expected D_neut and D_sel (neutral and selected divergence per site) 
E[D_neut] = 0.0198700881
E[D_sel] = 0.0125008530

---- Expected neutral and selected misattributed polymorphism per site
E[mis_neut] = 0.0005102889
E[mis_sel] = 0.0003026319

---- alpha_div = 0.204624
---- alpha_dfe = 0.204307

