---- Running command
---- ./polyDFE -d Mmc/838.polyDFE.config.txt -m C -e 
---- Performing inference using model C

---- Performing inference on Mmc/838.polyDFE.config.txt
---- No mutation variability. Using Poisson likelihood.


---- Calculating initial values

-- Starting local optimization
-- Optimizing all parameters
  it        eps_an        lambda     theta_bar           S_d             b           p_b           S_b           r 2           r 3           r 4           r 5           r 6           r 7           r 8           r 9          r 10          r 11          r 12          r 13          r 14          r 15          r 16          r 17          r 18          r 19          r 20           ln lk          grad status 
   0           0.1 0.01930007200 0.01136714503        -20000         0.208           0.1            20 0.87174593572 0.73105155685 0.64320643631 0.58140759291 0.55443158257 0.53634896901 0.53613092254 0.52975438626 0.54505244948 0.55619318263 0.58700937736 0.63019292820 0.66206432938 0.75135927225 0.86946770621 1.10249557094 1.57015524671             1             1 -1117146.561353 23195.8949530   -2 
 802 0.00174178318 0.01932927588 0.01015646187 -79.919519511 0.12220821006 0.02443511677 6.27286511863 0.86532258126 0.71767428211 0.61759716216 0.55697826052 0.52690901768 0.50436249467 0.49117159031 0.48356983351 0.49083159308 0.48227701911 0.50818255201 0.51966020175 0.52418066182 0.55579447282 0.58875108903 0.64491710140 0.69497026713 0.81037510446 1.06346269446 -282.7602530044 0.19422411450   -3 
-- Local optimization: stuck in the same solution
---- Best joint likelihood found -282.760253004467813 with gradient 0.19422

---- Results for Mmc/838.polyDFE.config.txt 
--  Model: C
--        eps_an        lambda     theta_bar             a 
-- 0.00174178318 0.01932927588 0.01015646187            -1 
--           S_d             b           p_b           S_b 
-- -79.919519511 0.12220821006 0.02443511677 6.27286511863 
--           r 2           r 3           r 4           r 5           r 6           r 7           r 8           r 9          r 10          r 11          r 12          r 13          r 14          r 15          r 16          r 17          r 18          r 19          r 20 
-- 0.86532258126 0.71767428211 0.61759716216 0.55697826052 0.52690901768 0.50436249467 0.49117159031 0.48356983351 0.49083159308 0.48227701911 0.50818255201 0.51966020175 0.52418066182 0.55579447282 0.58875108903 0.64491710140 0.69497026713 0.81037510446 1.06346269446 

---- Expected P_neut(i), 0 < i < n (neutral SFS per site) 
E[P_neut(1)] = 0.0101395260
E[P_neut(2)] = 0.0043873370
E[P_neut(3)] = 0.0024261163
E[P_neut(4)] = 0.0015660701
E[P_neut(5)] = 0.0011300705
E[P_neut(6)] = 0.0008910307
E[P_neut(7)] = 0.0007312237
E[P_neut(8)] = 0.0006232337
E[P_neut(9)] = 0.0005455316
E[P_neut(10)] = 0.0004985112
E[P_neut(11)] = 0.0004454684
E[P_neut(12)] = 0.0004304484
E[P_neut(13)] = 0.0004065605
E[P_neut(14)] = 0.0003811641
E[P_neut(15)] = 0.0003776422
E[P_neut(16)] = 0.0003758072
E[P_neut(17)] = 0.0003888594
E[P_neut(18)] = 0.0003991064
E[P_neut(19)] = 0.0004501224

---- Expected P_sel(i), 0 < i < n (selected SFS per site) 
E[P_sel(1)] = 0.0072399418
E[P_sel(2)] = 0.0028309751
E[P_sel(3)] = 0.0014885820
E[P_sel(4)] = 0.0009308322
E[P_sel(5)] = 0.0006567984
E[P_sel(6)] = 0.0005092720
E[P_sel(7)] = 0.0004125924
E[P_sel(8)] = 0.0003481736
E[P_sel(9)] = 0.0003024509
E[P_sel(10)] = 0.0002748354
E[P_sel(11)] = 0.0002446758
E[P_sel(12)] = 0.0002359746
E[P_sel(13)] = 0.0002228781
E[P_sel(14)] = 0.0002093960
E[P_sel(15)] = 0.0002084082
E[P_sel(16)] = 0.0002089764
E[P_sel(17)] = 0.0002187544
E[P_sel(18)] = 0.0002284928
E[P_sel(19)] = 0.0002653956

---- Expected D_neut and D_sel (neutral and selected divergence per site) 
E[D_neut] = 0.0198693268
E[D_sel] = 0.0125360419

---- Expected neutral and selected misattributed polymorphism per site
E[mis_neut] = 0.0005400509
E[mis_sel] = 0.0003257811

---- alpha_div = 0.250922
---- alpha_dfe = 0.250847

