---- Running command
---- ./polyDFE -d Mmc/839.polyDFE.config.txt -m C -e 
---- Performing inference using model C

---- Performing inference on Mmc/839.polyDFE.config.txt
---- No mutation variability. Using Poisson likelihood.


---- Calculating initial values

-- Starting local optimization
-- Optimizing all parameters
  it        eps_an        lambda     theta_bar           S_d             b           p_b           S_b           r 2           r 3           r 4           r 5           r 6           r 7           r 8           r 9          r 10          r 11          r 12          r 13          r 14          r 15          r 16          r 17          r 18          r 19          r 20           ln lk          grad status 
   0           0.1 0.01923026975 0.01137202652        -20000         0.208           0.1            20 0.87211579296 0.73700524506 0.64679560718 0.57742493110 0.55336470372 0.53996895965 0.54403739819 0.53039926083 0.55663081967 0.55255780811 0.59680366082 0.61781548943 0.66116650923 0.74995151460 0.86416751639 1.11266480527 1.58423793036             1             1 -1115235.633685 23131.3876152   -2 
 674 0.00084065297 0.01924686089 0.01015056277 -75.416046709 0.12768036076 0.03249478459 5.01576732842 0.86593975376 0.72172406236 0.62343085889 0.55539780304 0.52674976060 0.50868916090 0.49729350388 0.48570804692 0.49631595536 0.48190524939 0.51072750967 0.51324786839 0.52317837554 0.56407175690 0.58788805047 0.65311457073 0.70938542006 0.81628788714 1.09261119745 -276.9049228460 0.02441299428   -8 
-- Local optimization: reached maximum number of likelihood evaluations allowed.
---- Best joint likelihood found -276.904922846035333 with gradient 0.02441

---- Results for Mmc/839.polyDFE.config.txt 
--  Model: C
--        eps_an        lambda     theta_bar             a 
-- 0.00084065297 0.01924686089 0.01015056277            -1 
--           S_d             b           p_b           S_b 
-- -75.416046709 0.12768036076 0.03249478459 5.01576732842 
--           r 2           r 3           r 4           r 5           r 6           r 7           r 8           r 9          r 10          r 11          r 12          r 13          r 14          r 15          r 16          r 17          r 18          r 19          r 20 
-- 0.86593975376 0.72172406236 0.62343085889 0.55539780304 0.52674976060 0.50868916090 0.49729350388 0.48570804692 0.49631595536 0.48190524939 0.51072750967 0.51324786839 0.52317837554 0.56407175690 0.58788805047 0.65311457073 0.70938542006 0.81628788714 1.09261119745 

---- Expected P_neut(i), 0 < i < n (neutral SFS per site) 
E[P_neut(1)] = 0.0101423963
E[P_neut(2)] = 0.0043915296
E[P_neut(3)] = 0.0024402434
E[P_neut(4)] = 0.0015810271
E[P_neut(5)] = 0.0011268931
E[P_neut(6)] = 0.0008907042
E[P_neut(7)] = 0.0007373570
E[P_neut(8)] = 0.0006308089
E[P_neut(9)] = 0.0005477144
E[P_neut(10)] = 0.0005037886
E[P_neut(11)] = 0.0004447785
E[P_neut(12)] = 0.0004321816
E[P_neut(13)] = 0.0004010336
E[P_neut(14)] = 0.0003797556
E[P_neut(15)] = 0.0003823367
E[P_neut(16)] = 0.0003739786
E[P_neut(17)] = 0.0003916945
E[P_neut(18)] = 0.0004033950
E[P_neut(19)] = 0.0004442603

---- Expected P_sel(i), 0 < i < n (selected SFS per site) 
E[P_sel(1)] = 0.0072425469
E[P_sel(2)] = 0.0028281686
E[P_sel(3)] = 0.0014929077
E[P_sel(4)] = 0.0009366290
E[P_sel(5)] = 0.0006527503
E[P_sel(6)] = 0.0005074495
E[P_sel(7)] = 0.0004148469
E[P_sel(8)] = 0.0003515427
E[P_sel(9)] = 0.0003030921
E[P_sel(10)] = 0.0002774158
E[P_sel(11)] = 0.0002442017
E[P_sel(12)] = 0.0002370445
E[P_sel(13)] = 0.0002201754
E[P_sel(14)] = 0.0002091499
E[P_sel(15)] = 0.0002117561
E[P_sel(16)] = 0.0002089089
E[P_sel(17)] = 0.0002215006
E[P_sel(18)] = 0.0002320846
E[P_sel(19)] = 0.0002622336

---- Expected D_neut and D_sel (neutral and selected divergence per site) 
E[D_neut] = 0.0198013918
E[D_sel] = 0.0124898509

---- Expected neutral and selected misattributed polymorphism per site
E[mis_neut] = 0.0005545309
E[mis_sel] = 0.0003359778

---- alpha_div = 0.271324
---- alpha_dfe = 0.271117

