---- Running command
---- ./polyDFE -d Mmc/84.polyDFE.config.txt -m C -e 
---- Performing inference using model C

---- Performing inference on Mmc/84.polyDFE.config.txt
---- No mutation variability. Using Poisson likelihood.


---- Calculating initial values

-- Starting local optimization
-- Optimizing all parameters
  it        eps_an        lambda     theta_bar           S_d             b           p_b           S_b           r 2           r 3           r 4           r 5           r 6           r 7           r 8           r 9          r 10          r 11          r 12          r 13          r 14          r 15          r 16          r 17          r 18          r 19          r 20           ln lk          grad status 
   0           0.1 0.01929930543 0.01132818534        -20000         0.208           0.1            20 0.87552742836 0.73602519934 0.64592988739 0.58764180211 0.55559831203 0.54285808016 0.53843405182 0.53491237031 0.55410962265 0.56109763349 0.59581265237 0.62323049308 0.66423066262 0.76050212459 0.86564149340 1.11802927038 1.58087630567             1             1 -1120238.443957 23235.5154798   -2 
 506 0.00260740887 0.01935573441 0.01013242479 -78.969860212 0.12246054362 0.02341150509 6.44700953292 0.86698545029 0.72294971886 0.62298111110 0.55997281797 0.52681422416 0.51061007987 0.49722533189 0.48837738559 0.49637696880 0.48622557552 0.51266486328 0.51405419381 0.52183722985 0.55846851587 0.58989865409 0.65255743934 0.69631528842 0.78141755315 1.01141108795 -283.4947917700 0.14026658810   -3 
-- Local optimization: stuck in the same solution
---- Best joint likelihood found -283.494791770077427 with gradient 0.14027

---- Results for Mmc/84.polyDFE.config.txt 
--  Model: C
--        eps_an        lambda     theta_bar             a 
-- 0.00260740887 0.01935573441 0.01013242479            -1 
--           S_d             b           p_b           S_b 
-- -78.969860212 0.12246054362 0.02341150509 6.44700953292 
--           r 2           r 3           r 4           r 5           r 6           r 7           r 8           r 9          r 10          r 11          r 12          r 13          r 14          r 15          r 16          r 17          r 18          r 19          r 20 
-- 0.86698545029 0.72294971886 0.62298111110 0.55997281797 0.52681422416 0.51061007987 0.49722533189 0.48837738559 0.49637696880 0.48622557552 0.51266486328 0.51405419381 0.52183722985 0.55846851587 0.58989865409 0.65255743934 0.69631528842 0.78141755315 1.01141108795 

---- Expected P_neut(i), 0 < i < n (neutral SFS per site) 
E[P_neut(1)] = 0.0101070920
E[P_neut(2)] = 0.0043819018
E[P_neut(3)] = 0.0024363921
E[P_neut(4)] = 0.0015749367
E[P_neut(5)] = 0.0011328013
E[P_neut(6)] = 0.0008883160
E[P_neut(7)] = 0.0007382202
E[P_neut(8)] = 0.0006292489
E[P_neut(9)] = 0.0005495616
E[P_neut(10)] = 0.0005029502
E[P_neut(11)] = 0.0004481426
E[P_neut(12)] = 0.0004333915
E[P_neut(13)] = 0.0004015452
E[P_neut(14)] = 0.0003790118
E[P_neut(15)] = 0.0003792179
E[P_neut(16)] = 0.0003767096
E[P_neut(17)] = 0.0003942930
E[P_neut(18)] = 0.0004023952
E[P_neut(19)] = 0.0004420515

---- Expected P_sel(i), 0 < i < n (selected SFS per site) 
E[P_sel(1)] = 0.0072190616
E[P_sel(2)] = 0.0028274435
E[P_sel(3)] = 0.0014944954
E[P_sel(4)] = 0.0009356641
E[P_sel(5)] = 0.0006579558
E[P_sel(6)] = 0.0005073014
E[P_sel(7)] = 0.0004161262
E[P_sel(8)] = 0.0003511249
E[P_sel(9)] = 0.0003042785
E[P_sel(10)] = 0.0002768634
E[P_sel(11)] = 0.0002457273
E[P_sel(12)] = 0.0002371398
E[P_sel(13)] = 0.0002196707
E[P_sel(14)] = 0.0002077392
E[P_sel(15)] = 0.0002087613
E[P_sel(16)] = 0.0002089332
E[P_sel(17)] = 0.0002212313
E[P_sel(18)] = 0.0002298982
E[P_sel(19)] = 0.0002609674

---- Expected D_neut and D_sel (neutral and selected divergence per site) 
E[D_neut] = 0.0198681367
E[D_sel] = 0.0124948824

---- Expected neutral and selected misattributed polymorphism per site
E[mis_neut] = 0.0005124023
E[mis_sel] = 0.0003079914

---- alpha_div = 0.247640
---- alpha_dfe = 0.247432

