---- Running command
---- ./polyDFE -d Mmc/840.polyDFE.config.txt -m C -e 
---- Performing inference using model C

---- Performing inference on Mmc/840.polyDFE.config.txt
---- No mutation variability. Using Poisson likelihood.


---- Calculating initial values

-- Starting local optimization
-- Optimizing all parameters
  it        eps_an        lambda     theta_bar           S_d             b           p_b           S_b           r 2           r 3           r 4           r 5           r 6           r 7           r 8           r 9          r 10          r 11          r 12          r 13          r 14          r 15          r 16          r 17          r 18          r 19          r 20           ln lk          grad status 
   0           0.1 0.01930025805 0.01136002861        -20000         0.208           0.1            20 0.87353758678 0.73125967743 0.64373327170 0.58405238221 0.55790789626 0.53702227365 0.54173495515 0.53129289078 0.56113779492 0.55384272146 0.58986209954 0.62787878739 0.66958107246 0.75646278514 0.86202860028 1.09711960454 1.59193198105             1             1 -1117328.781490 23188.7547733   -2 
 730 0.00069004087 0.01916461460 0.01013901344 -72.635768763 0.12524196436 0.02107884337 7.37684453570 0.86623002380 0.71917947161 0.62257346251 0.55651809602 0.52763676493 0.50485222241 0.49909069088 0.48780415756 0.50079673784 0.48550650398 0.51127453178 0.51879273543 0.52622583073 0.56389883954 0.58600027524 0.64508707062 0.72040311670 0.83009534358 1.39341659709 -277.6272625397 0.76788428837   -8 
-- Local optimization: reached maximum number of likelihood evaluations allowed.
---- Best joint likelihood found -277.627262539710500 with gradient 0.76788

---- Results for Mmc/840.polyDFE.config.txt 
--  Model: C
--        eps_an        lambda     theta_bar             a 
-- 0.00069004087 0.01916461460 0.01013901344            -1 
--           S_d             b           p_b           S_b 
-- -72.635768763 0.12524196436 0.02107884337 7.37684453570 
--           r 2           r 3           r 4           r 5           r 6           r 7           r 8           r 9          r 10          r 11          r 12          r 13          r 14          r 15          r 16          r 17          r 18          r 19          r 20 
-- 0.86623002380 0.71917947161 0.62257346251 0.55651809602 0.52763676493 0.50485222241 0.49909069088 0.48780415756 0.50079673784 0.48550650398 0.51127453178 0.51879273543 0.52622583073 0.56389883954 0.58600027524 0.64508707062 0.72040311670 0.83009534358 1.39341659709 

---- Expected P_neut(i), 0 < i < n (neutral SFS per site) 
E[P_neut(1)] = 0.0101323228
E[P_neut(2)] = 0.0043886087
E[P_neut(3)] = 0.0024291784
E[P_neut(4)] = 0.0015772375
E[P_neut(5)] = 0.0011279932
E[P_neut(6)] = 0.0008912671
E[P_neut(7)] = 0.0007310180
E[P_neut(8)] = 0.0006323975
E[P_neut(9)] = 0.0005494688
E[P_neut(10)] = 0.0005077585
E[P_neut(11)] = 0.0004475756
E[P_neut(12)] = 0.0004321233
E[P_neut(13)] = 0.0004048443
E[P_neut(14)] = 0.0003814530
E[P_neut(15)] = 0.0003816742
E[P_neut(16)] = 0.0003721742
E[P_neut(17)] = 0.0003861497
E[P_neut(18)] = 0.0004085378
E[P_neut(19)] = 0.0004496563

---- Expected P_sel(i), 0 < i < n (selected SFS per site) 
E[P_sel(1)] = 0.0072577298
E[P_sel(2)] = 0.0028344096
E[P_sel(3)] = 0.0014894061
E[P_sel(4)] = 0.0009356671
E[P_sel(5)] = 0.0006536815
E[P_sel(6)] = 0.0005074864
E[P_sel(7)] = 0.0004106009
E[P_sel(8)] = 0.0003514303
E[P_sel(9)] = 0.0003028165
E[P_sel(10)] = 0.0002780757
E[P_sel(11)] = 0.0002440403
E[P_sel(12)] = 0.0002350130
E[P_sel(13)] = 0.0002200378
E[P_sel(14)] = 0.0002076368
E[P_sel(15)] = 0.0002085933
E[P_sel(16)] = 0.0002048626
E[P_sel(17)] = 0.0002149687
E[P_sel(18)] = 0.0002313874
E[P_sel(19)] = 0.0002617941

---- Expected D_neut and D_sel (neutral and selected divergence per site) 
E[D_neut] = 0.0198710081
E[D_sel] = 0.0125525766

---- Expected neutral and selected misattributed polymorphism per site
E[mis_neut] = 0.0007063935
E[mis_sel] = 0.0004241117

---- alpha_div = 0.252183
---- alpha_dfe = 0.251889

