---- Running command
---- ./polyDFE -d Mmc/841.polyDFE.config.txt -m C -e 
---- Performing inference using model C

---- Performing inference on Mmc/841.polyDFE.config.txt
---- No mutation variability. Using Poisson likelihood.


---- Calculating initial values

-- Starting local optimization
-- Optimizing all parameters
  it        eps_an        lambda     theta_bar           S_d             b           p_b           S_b           r 2           r 3           r 4           r 5           r 6           r 7           r 8           r 9          r 10          r 11          r 12          r 13          r 14          r 15          r 16          r 17          r 18          r 19          r 20           ln lk          grad status 
   0           0.1 0.01931160967 0.01137325605        -20000         0.208           0.1            20 0.87271537207 0.73352862910 0.64193468777 0.57927163036 0.55660745609 0.53540105773 0.53419453787 0.53461727277 0.55121604830 0.55726821368 0.58557106299 0.62240007445 0.65423897825 0.74253784880 0.86280520967 1.09937302374 1.56683982813             1             1 -1120976.399373 23245.5666083   -2 
 283 0.00563709734 0.01934436216 0.01020843534 -95.948478851 0.10990959648 0.00770776405 16.7007899301 0.86402790584 0.71668699008 0.61885697208 0.54853155077 0.52496116311 0.49979884513 0.49133309553 0.48301847989 0.49413580152 0.48324674129 0.50474992442 0.50898772907 0.51295369644 0.54742562823 0.58413150946 0.62773014800 0.66481116779 0.72988095152 1.04271549539 -295.9032326810 0.43460535527   -8 
-- Local optimization: reached maximum number of likelihood evaluations allowed.
---- Best joint likelihood found -295.903232681070222 with gradient 0.43461

---- Results for Mmc/841.polyDFE.config.txt 
--  Model: C
--        eps_an        lambda     theta_bar             a 
-- 0.00563709734 0.01934436216 0.01020843534            -1 
--           S_d             b           p_b           S_b 
-- -95.948478851 0.10990959648 0.00770776405 16.7007899301 
--           r 2           r 3           r 4           r 5           r 6           r 7           r 8           r 9          r 10          r 11          r 12          r 13          r 14          r 15          r 16          r 17          r 18          r 19          r 20 
-- 0.86402790584 0.71668699008 0.61885697208 0.54853155077 0.52496116311 0.49979884513 0.49133309553 0.48301847989 0.49413580152 0.48324674129 0.50474992442 0.50898772907 0.51295369644 0.54742562823 0.58413150946 0.62773014800 0.66481116779 0.72988095152 1.04271549539 

---- Expected P_neut(i), 0 < i < n (neutral SFS per site) 
E[P_neut(1)] = 0.0101531000
E[P_neut(2)] = 0.0043874513
E[P_neut(3)] = 0.0024271284
E[P_neut(4)] = 0.0015725881
E[P_neut(5)] = 0.0011157168
E[P_neut(6)] = 0.0008902456
E[P_neut(7)] = 0.0007270249
E[P_neut(8)] = 0.0006258540
E[P_neut(9)] = 0.0005473133
E[P_neut(10)] = 0.0005044353
E[P_neut(11)] = 0.0004490324
E[P_neut(12)] = 0.0004305060
E[P_neut(13)] = 0.0004015456
E[P_neut(14)] = 0.0003769589
E[P_neut(15)] = 0.0003767703
E[P_neut(16)] = 0.0003794941
E[P_neut(17)] = 0.0003885721
E[P_neut(18)] = 0.0003997731
E[P_neut(19)] = 0.0004474902

---- Expected P_sel(i), 0 < i < n (selected SFS per site) 
E[P_sel(1)] = 0.0072348655
E[P_sel(2)] = 0.0028395122
E[P_sel(3)] = 0.0014972077
E[P_sel(4)] = 0.0009406384
E[P_sel(5)] = 0.0006526636
E[P_sel(6)] = 0.0005119084
E[P_sel(7)] = 0.0004123445
E[P_sel(8)] = 0.0003509931
E[P_sel(9)] = 0.0003041069
E[P_sel(10)] = 0.0002781401
E[P_sel(11)] = 0.0002460612
E[P_sel(12)] = 0.0002347791
E[P_sel(13)] = 0.0002182565
E[P_sel(14)] = 0.0002045559
E[P_sel(15)] = 0.0002045322
E[P_sel(16)] = 0.0002067106
E[P_sel(17)] = 0.0002133945
E[P_sel(18)] = 0.0002235823
E[P_sel(19)] = 0.0002628483

---- Expected D_neut and D_sel (neutral and selected divergence per site) 
E[D_neut] = 0.0198765869
E[D_sel] = 0.0125192272

---- Expected neutral and selected misattributed polymorphism per site
E[mis_neut] = 0.0005322247
E[mis_sel] = 0.0003121071

---- alpha_div = 0.204775
---- alpha_dfe = 0.205095

