---- Running command
---- ./polyDFE -d Mmc/842.polyDFE.config.txt -m C -e 
---- Performing inference using model C

---- Performing inference on Mmc/842.polyDFE.config.txt
---- No mutation variability. Using Poisson likelihood.


---- Calculating initial values

-- Starting local optimization
-- Optimizing all parameters
  it        eps_an        lambda     theta_bar           S_d             b           p_b           S_b           r 2           r 3           r 4           r 5           r 6           r 7           r 8           r 9          r 10          r 11          r 12          r 13          r 14          r 15          r 16          r 17          r 18          r 19          r 20           ln lk          grad status 
   0           0.1 0.01924381232 0.01137363998        -20000         0.208           0.1            20 0.87638070956 0.73204203856 0.63969415212 0.58654899223 0.55955782446 0.53610639069 0.53942978910 0.53142085611 0.55462664057 0.55430145766 0.59402863312 0.62582086548 0.65647646888 0.75494594511 0.85609225823 1.10376079732 1.59170158486             1             1 -1115058.171298 23107.5979785   -2 
 904 0.00052925781 0.01926008409 0.01014974783 -77.554924600 0.12282124078 0.02264747715 6.80883057132 0.86942722916 0.72029551674 0.61646925591 0.55695579826 0.53081716268 0.50399633060 0.49744717091 0.48662578351 0.49861367629 0.48552643382 0.51436622866 0.51476701900 0.51799520388 0.56474869309 0.58818317233 0.64522586949 0.71693755649 0.81827726101 1.09361793836 -289.0577863766 0.03920997325   -3 
-- Local optimization: stuck in the same solution
---- Best joint likelihood found -289.057786376666627 with gradient 0.03921

---- Results for Mmc/842.polyDFE.config.txt 
--  Model: C
--        eps_an        lambda     theta_bar             a 
-- 0.00052925781 0.01926008409 0.01014974783            -1 
--           S_d             b           p_b           S_b 
-- -77.554924600 0.12282124078 0.02264747715 6.80883057132 
--           r 2           r 3           r 4           r 5           r 6           r 7           r 8           r 9          r 10          r 11          r 12          r 13          r 14          r 15          r 16          r 17          r 18          r 19          r 20 
-- 0.86942722916 0.72029551674 0.61646925591 0.55695579826 0.53081716268 0.50399633060 0.49744717091 0.48662578351 0.49861367629 0.48552643382 0.51436622866 0.51476701900 0.51799520388 0.56474869309 0.58818317233 0.64522586949 0.71693755649 0.81827726101 1.09361793836 

---- Expected P_neut(i), 0 < i < n (neutral SFS per site) 
E[P_neut(1)] = 0.0101446074
E[P_neut(2)] = 0.0044101123
E[P_neut(3)] = 0.0024358534
E[P_neut(4)] = 0.0015636215
E[P_neut(5)] = 0.0011301961
E[P_neut(6)] = 0.0008976669
E[P_neut(7)] = 0.0007306025
E[P_neut(8)] = 0.0006310167
E[P_neut(9)] = 0.0005487388
E[P_neut(10)] = 0.0005060803
E[P_neut(11)] = 0.0004480507
E[P_neut(12)] = 0.0004351611
E[P_neut(13)] = 0.0004020783
E[P_neut(14)] = 0.0003758137
E[P_neut(15)] = 0.0003825332
E[P_neut(16)] = 0.0003737498
E[P_neut(17)] = 0.0003863141
E[P_neut(18)] = 0.0004063843
E[P_neut(19)] = 0.0004422619

---- Expected P_sel(i), 0 < i < n (selected SFS per site) 
E[P_sel(1)] = 0.0072525311
E[P_sel(2)] = 0.0028474843
E[P_sel(3)] = 0.0014947958
E[P_sel(4)] = 0.0009291724
E[P_sel(5)] = 0.0006565107
E[P_sel(6)] = 0.0005126285
E[P_sel(7)] = 0.0004117728
E[P_sel(8)] = 0.0003520210
E[P_sel(9)] = 0.0003037116
E[P_sel(10)] = 0.0002784549
E[P_sel(11)] = 0.0002455353
E[P_sel(12)] = 0.0002379468
E[P_sel(13)] = 0.0002197912
E[P_sel(14)] = 0.0002058055
E[P_sel(15)] = 0.0002103802
E[P_sel(16)] = 0.0002070563
E[P_sel(17)] = 0.0002164386
E[P_sel(18)] = 0.0002315386
E[P_sel(19)] = 0.0002586650

---- Expected D_neut and D_sel (neutral and selected divergence per site) 
E[D_neut] = 0.0198150814
E[D_sel] = 0.0125283040

---- Expected neutral and selected misattributed polymorphism per site
E[mis_neut] = 0.0005549973
E[mis_sel] = 0.0003344988

---- alpha_div = 0.250877
---- alpha_dfe = 0.250659

