---- Running command
---- ./polyDFE -d Mmc/843.polyDFE.config.txt -m C -e 
---- Performing inference using model C

---- Performing inference on Mmc/843.polyDFE.config.txt
---- No mutation variability. Using Poisson likelihood.


---- Calculating initial values

-- Starting local optimization
-- Optimizing all parameters
  it        eps_an        lambda     theta_bar           S_d             b           p_b           S_b           r 2           r 3           r 4           r 5           r 6           r 7           r 8           r 9          r 10          r 11          r 12          r 13          r 14          r 15          r 16          r 17          r 18          r 19          r 20           ln lk          grad status 
   0           0.1 0.01925350586 0.01136707371        -20000         0.208           0.1            20 0.87141442928 0.73510158927 0.64469684162 0.58583987145 0.55858103465 0.54614278846 0.54226296292 0.52618598762 0.54825855122 0.55358787575 0.59806127810 0.62904986864 0.67248893278 0.75007610855 0.85944836692 1.10914960689 1.57577577087             1             1 -1115855.095855 23110.9382746   -2 
 358 0.00337090418 0.01930277939 0.01019762379 -104.02381024 0.10478594016 0.00245882447 48.8642615450 0.86151978610 0.71434269319 0.61770873013 0.55358198131 0.52559477420 0.50560155526 0.49559562394 0.47825491902 0.49197579419 0.48398506395 0.51386834415 0.51741766892 0.52842068367 0.55783765173 0.58002009390 0.64352104054 0.70064387314 0.78954053396 1.01319905918 -305.0978070526 0.19724407426   -3 
-- Local optimization: stuck in the same solution
---- Best joint likelihood found -305.097807052647113 with gradient 0.19724

---- Results for Mmc/843.polyDFE.config.txt 
--  Model: C
--        eps_an        lambda     theta_bar             a 
-- 0.00337090418 0.01930277939 0.01019762379            -1 
--           S_d             b           p_b           S_b 
-- -104.02381024 0.10478594016 0.00245882447 48.8642615450 
--           r 2           r 3           r 4           r 5           r 6           r 7           r 8           r 9          r 10          r 11          r 12          r 13          r 14          r 15          r 16          r 17          r 18          r 19          r 20 
-- 0.86151978610 0.71434269319 0.61770873013 0.55358198131 0.52559477420 0.50560155526 0.49559562394 0.47825491902 0.49197579419 0.48398506395 0.51386834415 0.51741766892 0.52842068367 0.55783765173 0.58002009390 0.64352104054 0.70064387314 0.78954053396 1.01319905918 

---- Expected P_neut(i), 0 < i < n (neutral SFS per site) 
E[P_neut(1)] = 0.0101646770
E[P_neut(2)] = 0.0043792579
E[P_neut(3)] = 0.0024213154
E[P_neut(4)] = 0.0015707280
E[P_neut(5)] = 0.0011265166
E[P_neut(6)] = 0.0008915892
E[P_neut(7)] = 0.0007354474
E[P_neut(8)] = 0.0006310797
E[P_neut(9)] = 0.0005415818
E[P_neut(10)] = 0.0005016984
E[P_neut(11)] = 0.0004489958
E[P_neut(12)] = 0.0004373438
E[P_neut(13)] = 0.0004069940
E[P_neut(14)] = 0.0003866163
E[P_neut(15)] = 0.0003817687
E[P_neut(16)] = 0.0003737390
E[P_neut(17)] = 0.0003929067
E[P_neut(18)] = 0.0004104085
E[P_neut(19)] = 0.0004567066

---- Expected P_sel(i), 0 < i < n (selected SFS per site) 
E[P_sel(1)] = 0.0072497437
E[P_sel(2)] = 0.0028444970
E[P_sel(3)] = 0.0015009899
E[P_sel(4)] = 0.0009447382
E[P_sel(5)] = 0.0006627760
E[P_sel(6)] = 0.0005155935
E[P_sel(7)] = 0.0004193630
E[P_sel(8)] = 0.0003556373
E[P_sel(9)] = 0.0003021506
E[P_sel(10)] = 0.0002774810
E[P_sel(11)] = 0.0002464776
E[P_sel(12)] = 0.0002385386
E[P_sel(13)] = 0.0002207845
E[P_sel(14)] = 0.0002088236
E[P_sel(15)] = 0.0002055797
E[P_sel(16)] = 0.0002010314
E[P_sel(17)] = 0.0002117670
E[P_sel(18)] = 0.0002232972
E[P_sel(19)] = 0.0002575081

---- Expected D_neut and D_sel (neutral and selected divergence per site) 
E[D_neut] = 0.0198193905
E[D_sel] = 0.0125284531

---- Expected neutral and selected misattributed polymorphism per site
E[mis_neut] = 0.0005166111
E[mis_sel] = 0.0002930509

---- alpha_div = 0.189452
---- alpha_dfe = 0.189675

