---- Running command
---- ./polyDFE -d Mmc/844.polyDFE.config.txt -m C -e 
---- Performing inference using model C

---- Performing inference on Mmc/844.polyDFE.config.txt
---- No mutation variability. Using Poisson likelihood.


---- Calculating initial values

-- Starting local optimization
-- Optimizing all parameters
  it        eps_an        lambda     theta_bar           S_d             b           p_b           S_b           r 2           r 3           r 4           r 5           r 6           r 7           r 8           r 9          r 10          r 11          r 12          r 13          r 14          r 15          r 16          r 17          r 18          r 19          r 20           ln lk          grad status 
   0           0.1 0.01930794902 0.01136220681        -20000         0.208           0.1            20 0.87249436559 0.73126282430 0.64194649684 0.58912516038 0.55606619997 0.54182016553 0.53718489048 0.54071832400 0.55086691145 0.56023960805 0.58382990212 0.62512497766 0.66284775431 0.75801598076 0.86734394415 1.11170922236 1.57469533310             1             1 -1118764.522834 23184.5253344   -2 
 871 0.00097812654 0.01932092785 0.01013728061 -73.481800903 0.12514717074 0.02377301876 6.50273072158 0.86873079209 0.71966922118 0.61961627024 0.55698755325 0.52793423072 0.51122983265 0.49715777377 0.49290172485 0.49123289943 0.48835724301 0.50534293670 0.51844878139 0.52787379718 0.56430505268 0.59110352696 0.64892452230 0.70529735833 0.82012651594 1.09956190821 -297.6211257595 0.08434158329   -3 
-- Local optimization: stuck in the same solution
---- Best joint likelihood found -297.621125759556890 with gradient 0.08434

---- Results for Mmc/844.polyDFE.config.txt 
--  Model: C
--        eps_an        lambda     theta_bar             a 
-- 0.00097812654 0.01932092785 0.01013728061            -1 
--           S_d             b           p_b           S_b 
-- -73.481800903 0.12514717074 0.02377301876 6.50273072158 
--           r 2           r 3           r 4           r 5           r 6           r 7           r 8           r 9          r 10          r 11          r 12          r 13          r 14          r 15          r 16          r 17          r 18          r 19          r 20 
-- 0.86873079209 0.71966922118 0.61961627024 0.55698755325 0.52793423072 0.51122983265 0.49715777377 0.49290172485 0.49123289943 0.48835724301 0.50534293670 0.51844878139 0.52787379718 0.56430505268 0.59110352696 0.64892452230 0.70529735833 0.82012651594 1.09956190821 

---- Expected P_neut(i), 0 < i < n (neutral SFS per site) 
E[P_neut(1)] = 0.0101277931
E[P_neut(2)] = 0.0043993655
E[P_neut(3)] = 0.0024298295
E[P_neut(4)] = 0.0015691364
E[P_neut(5)] = 0.0011285363
E[P_neut(6)] = 0.0008914710
E[P_neut(7)] = 0.0007400256
E[P_neut(8)] = 0.0006297798
E[P_neut(9)] = 0.0005550842
E[P_neut(10)] = 0.0004979766
E[P_neut(11)] = 0.0004501587
E[P_neut(12)] = 0.0004270989
E[P_neut(13)] = 0.0004046103
E[P_neut(14)] = 0.0003827275
E[P_neut(15)] = 0.0003820995
E[P_neut(16)] = 0.0003756810
E[P_neut(17)] = 0.0003889607
E[P_neut(18)] = 0.0004011294
E[P_neut(19)] = 0.0004470587

---- Expected P_sel(i), 0 < i < n (selected SFS per site) 
E[P_sel(1)] = 0.0072555284
E[P_sel(2)] = 0.0028433143
E[P_sel(3)] = 0.0014914739
E[P_sel(4)] = 0.0009322512
E[P_sel(5)] = 0.0006552011
E[P_sel(6)] = 0.0005087108
E[P_sel(7)] = 0.0004167103
E[P_sel(8)] = 0.0003509821
E[P_sel(9)] = 0.0003069013
E[P_sel(10)] = 0.0002737033
E[P_sel(11)] = 0.0002464302
E[P_sel(12)] = 0.0002333022
E[P_sel(13)] = 0.0002209671
E[P_sel(14)] = 0.0002094142
E[P_sel(15)] = 0.0002099882
E[P_sel(16)] = 0.0002080033
E[P_sel(17)] = 0.0002178299
E[P_sel(18)] = 0.0002285272
E[P_sel(19)] = 0.0002617775

---- Expected D_neut and D_sel (neutral and selected divergence per site) 
E[D_neut] = 0.0198782562
E[D_sel] = 0.0125300241

---- Expected neutral and selected misattributed polymorphism per site
E[mis_neut] = 0.0005573284
E[mis_sel] = 0.0003353525

---- alpha_div = 0.252862
---- alpha_dfe = 0.252685

