---- Running command
---- ./polyDFE -d Mmc/845.polyDFE.config.txt -m C -e 
---- Performing inference using model C

---- Performing inference on Mmc/845.polyDFE.config.txt
---- No mutation variability. Using Poisson likelihood.


---- Calculating initial values

-- Starting local optimization
-- Optimizing all parameters
  it        eps_an        lambda     theta_bar           S_d             b           p_b           S_b           r 2           r 3           r 4           r 5           r 6           r 7           r 8           r 9          r 10          r 11          r 12          r 13          r 14          r 15          r 16          r 17          r 18          r 19          r 20           ln lk          grad status 
   0           0.1 0.01927437511 0.01138740590        -20000         0.208           0.1            20 0.86506316155 0.73810034188 0.64187005755 0.58228039527 0.55692358319 0.53390789023 0.53618539528 0.53096102468 0.55156798372 0.55582970381 0.59315481200 0.62732870536 0.65837369700 0.73696575042 0.87018646293 1.11918828361 1.56587273304             1             1 -1114754.688732 23140.3080035   -2 
 960 0.00141093750 0.01927156898 0.01016378015 -81.777622124 0.12125798352 0.02358691385 6.48031770834 0.86254943139 0.72277969062 0.61795409474 0.55611828575 0.52754207562 0.50151530910 0.49353767633 0.48685576011 0.49792336749 0.48604665232 0.51186095250 0.51345009986 0.52072460426 0.55182996327 0.59105520491 0.64894782766 0.70407290716 0.80684893673 1.12834112577 -295.6890914693 0.03610019318   -3 
-- Local optimization: stuck in the same solution
---- Best joint likelihood found -295.689091469394043 with gradient 0.03610

---- Results for Mmc/845.polyDFE.config.txt 
--  Model: C
--        eps_an        lambda     theta_bar             a 
-- 0.00141093750 0.01927156898 0.01016378015            -1 
--           S_d             b           p_b           S_b 
-- -81.777622124 0.12125798352 0.02358691385 6.48031770834 
--           r 2           r 3           r 4           r 5           r 6           r 7           r 8           r 9          r 10          r 11          r 12          r 13          r 14          r 15          r 16          r 17          r 18          r 19          r 20 
-- 0.86254943139 0.72277969062 0.61795409474 0.55611828575 0.52754207562 0.50151530910 0.49353767633 0.48685576011 0.49792336749 0.48604665232 0.51186095250 0.51345009986 0.52072460426 0.55182996327 0.59105520491 0.64894782766 0.70407290716 0.80684893673 1.12834112577 

---- Expected P_neut(i), 0 < i < n (neutral SFS per site) 
E[P_neut(1)] = 0.0101500487
E[P_neut(2)] = 0.0043777576
E[P_neut(3)] = 0.0024458171
E[P_neut(4)] = 0.0015685017
E[P_neut(5)] = 0.0011293854
E[P_neut(6)] = 0.0008929095
E[P_neut(7)] = 0.0007277234
E[P_neut(8)] = 0.0006267531
E[P_neut(9)] = 0.0005496684
E[P_neut(10)] = 0.0005060784
E[P_neut(11)] = 0.0004492395
E[P_neut(12)] = 0.0004338099
E[P_neut(13)] = 0.0004018913
E[P_neut(14)] = 0.0003787654
E[P_neut(15)] = 0.0003749793
E[P_neut(16)] = 0.0003771454
E[P_neut(17)] = 0.0003908936
E[P_neut(18)] = 0.0004031817
E[P_neut(19)] = 0.0004453439

---- Expected P_sel(i), 0 < i < n (selected SFS per site) 
E[P_sel(1)] = 0.0072400240
E[P_sel(2)] = 0.0028229559
E[P_sel(3)] = 0.0015000565
E[P_sel(4)] = 0.0009320286
E[P_sel(5)] = 0.0006562795
E[P_sel(6)] = 0.0005102745
E[P_sel(7)] = 0.0004105667
E[P_sel(8)] = 0.0003500938
E[P_sel(9)] = 0.0003046964
E[P_sel(10)] = 0.0002789511
E[P_sel(11)] = 0.0002466828
E[P_sel(12)] = 0.0002377377
E[P_sel(13)] = 0.0002202255
E[P_sel(14)] = 0.0002079696
E[P_sel(15)] = 0.0002068081
E[P_sel(16)] = 0.0002095629
E[P_sel(17)] = 0.0002197038
E[P_sel(18)] = 0.0002305580
E[P_sel(19)] = 0.0002620565

---- Expected D_neut and D_sel (neutral and selected divergence per site) 
E[D_neut] = 0.0198449795
E[D_sel] = 0.0125308697

---- Expected neutral and selected misattributed polymorphism per site
E[mis_neut] = 0.0005734106
E[mis_sel] = 0.0003458825

---- alpha_div = 0.249553
---- alpha_dfe = 0.249451

