---- Running command
---- ./polyDFE -d Mmc/846.polyDFE.config.txt -m C -e 
---- Performing inference using model C

---- Performing inference on Mmc/846.polyDFE.config.txt
---- No mutation variability. Using Poisson likelihood.


---- Calculating initial values

-- Starting local optimization
-- Optimizing all parameters
  it        eps_an        lambda     theta_bar           S_d             b           p_b           S_b           r 2           r 3           r 4           r 5           r 6           r 7           r 8           r 9          r 10          r 11          r 12          r 13          r 14          r 15          r 16          r 17          r 18          r 19          r 20           ln lk          grad status 
   0           0.1 0.01925956879 0.01136679600        -20000         0.208           0.1            20 0.87141361955 0.73701979294 0.64288183274 0.58263853014 0.56420888241 0.53953195368 0.54179126735 0.53081817726 0.55526161316 0.55435185171 0.59091214479 0.62085018459 0.67092836526 0.75143826704 0.85215522688 1.10810242000 1.58111267537             1             1 -1117139.523251 23168.9119240   -2 
 274 0.00485619805 0.01934042175 0.01018672657 -87.408039982 0.11326167715 0.00947034473 14.0056853961 0.86256043042 0.71870844006 0.61979719374 0.55260199832 0.53226544829 0.50630981906 0.49784687259 0.48450396378 0.49414942176 0.48115780345 0.51095187440 0.50842042020 0.52023725646 0.56126722506 0.57279449348 0.63272326591 0.68657418849 0.75075409944 0.99997645994 -293.7356684016 95.7478637274   -3 
-- Local optimization: stuck in the same solution
---- Best joint likelihood found -293.735668401684961 with gradient 95.74786

---- Results for Mmc/846.polyDFE.config.txt 
--  Model: C
--        eps_an        lambda     theta_bar             a 
-- 0.00485619805 0.01934042175 0.01018672657            -1 
--           S_d             b           p_b           S_b 
-- -87.408039982 0.11326167715 0.00947034473 14.0056853961 
--           r 2           r 3           r 4           r 5           r 6           r 7           r 8           r 9          r 10          r 11          r 12          r 13          r 14          r 15          r 16          r 17          r 18          r 19          r 20 
-- 0.86256043042 0.71870844006 0.61979719374 0.55260199832 0.53226544829 0.50630981906 0.49784687259 0.48450396378 0.49414942176 0.48115780345 0.51095187440 0.50842042020 0.52023725646 0.56126722506 0.57279449348 0.63272326591 0.68657418849 0.75075409944 0.99997645994 

---- Expected P_neut(i), 0 < i < n (neutral SFS per site) 
E[P_neut(1)] = 0.0101392125
E[P_neut(2)] = 0.0043738856
E[P_neut(3)] = 0.0024304188
E[P_neut(4)] = 0.0015725320
E[P_neut(5)] = 0.0011222248
E[P_neut(6)] = 0.0009011236
E[P_neut(7)] = 0.0007351623
E[P_neut(8)] = 0.0006329566
E[P_neut(9)] = 0.0005478907
E[P_neut(10)] = 0.0005033765
E[P_neut(11)] = 0.0004460832
E[P_neut(12)] = 0.0004347161
E[P_neut(13)] = 0.0004000388
E[P_neut(14)] = 0.0003810869
E[P_neut(15)] = 0.0003847813
E[P_neut(16)] = 0.0003705755
E[P_neut(17)] = 0.0003891500
E[P_neut(18)] = 0.0004080004
E[P_neut(19)] = 0.0004500260

---- Expected P_sel(i), 0 < i < n (selected SFS per site) 
E[P_sel(1)] = 0.0072479935
E[P_sel(2)] = 0.0028347821
E[P_sel(3)] = 0.0014997902
E[P_sel(4)] = 0.0009403454
E[P_sel(5)] = 0.0006560177
E[P_sel(6)] = 0.0005176742
E[P_sel(7)] = 0.0004165084
E[P_sel(8)] = 0.0003545751
E[P_sel(9)] = 0.0003040952
E[P_sel(10)] = 0.0002772862
E[P_sel(11)] = 0.0002442570
E[P_sel(12)] = 0.0002369622
E[P_sel(13)] = 0.0002174199
E[P_sel(14)] = 0.0002068805
E[P_sel(15)] = 0.0002090915
E[P_sel(16)] = 0.0002022102
E[P_sel(17)] = 0.0002142241
E[P_sel(18)] = 0.0002287049
E[P_sel(19)] = 0.0002641029

---- Expected D_neut and D_sel (neutral and selected divergence per site) 
E[D_neut] = 0.0198497461
E[D_sel] = 0.0125025364

---- Expected neutral and selected misattributed polymorphism per site
E[mis_neut] = 0.0005093243
E[mis_sel] = 0.0003001273

---- alpha_div = 0.213124
---- alpha_dfe = 0.211823

