---- Running command
---- ./polyDFE -d Mmc/847.polyDFE.config.txt -m C -e 
---- Performing inference using model C

---- Performing inference on Mmc/847.polyDFE.config.txt
---- No mutation variability. Using Poisson likelihood.


---- Calculating initial values

-- Starting local optimization
-- Optimizing all parameters
  it        eps_an        lambda     theta_bar           S_d             b           p_b           S_b           r 2           r 3           r 4           r 5           r 6           r 7           r 8           r 9          r 10          r 11          r 12          r 13          r 14          r 15          r 16          r 17          r 18          r 19          r 20           ln lk          grad status 
   0           0.1 0.01924933784 0.01137404638        -20000         0.208           0.1            20 0.87403849568 0.73126061245 0.64320956174 0.58343979396 0.55347814737 0.54007036978 0.53173073687 0.53173892728 0.55353815344 0.55386045764 0.59169278408 0.62403356166 0.67039578273 0.74888705887 0.85547638152 1.10557756972 1.56990442148             1             1 -1115232.135413 23115.7797359   -2 
 337 0.00514876539 0.01930508342 0.01019999056 -93.408241417 0.11075532585 0.00805744825 16.3521579642 0.86535244736 0.71767209476 0.62026513628 0.55057234578 0.52479455815 0.50499347625 0.49118053368 0.48302951614 0.49260978650 0.47955461606 0.50779432940 0.51256578574 0.52466026835 0.55349402240 0.57954092130 0.62929298447 0.67179514373 0.73956248884 1.00393595244 -294.1047112459 0.38661763199   -3 
-- Local optimization: stuck in the same solution
---- Best joint likelihood found -294.104711245934595 with gradient 0.38662

---- Results for Mmc/847.polyDFE.config.txt 
--  Model: C
--        eps_an        lambda     theta_bar             a 
-- 0.00514876539 0.01930508342 0.01019999056            -1 
--           S_d             b           p_b           S_b 
-- -93.408241417 0.11075532585 0.00805744825 16.3521579642 
--           r 2           r 3           r 4           r 5           r 6           r 7           r 8           r 9          r 10          r 11          r 12          r 13          r 14          r 15          r 16          r 17          r 18          r 19          r 20 
-- 0.86535244736 0.71767209476 0.62026513628 0.55057234578 0.52479455815 0.50499347625 0.49118053368 0.48302951614 0.49260978650 0.47955461606 0.50779432940 0.51256578574 0.52466026835 0.55349402240 0.57954092130 0.62929298447 0.67179514373 0.73956248884 1.00393595244 

---- Expected P_neut(i), 0 < i < n (neutral SFS per site) 
E[P_neut(1)] = 0.0101495174
E[P_neut(2)] = 0.0043925304
E[P_neut(3)] = 0.0024294635
E[P_neut(4)] = 0.0015754332
E[P_neut(5)] = 0.0011193215
E[P_neut(6)] = 0.0008895246
E[P_neut(7)] = 0.0007341289
E[P_neut(8)] = 0.0006252525
E[P_neut(9)] = 0.0005469039
E[P_neut(10)] = 0.0005024615
E[P_neut(11)] = 0.0004452066
E[P_neut(12)] = 0.0004326269
E[P_neut(13)] = 0.0004038847
E[P_neut(14)] = 0.0003848775
E[P_neut(15)] = 0.0003802206
E[P_neut(16)] = 0.0003756984
E[P_neut(17)] = 0.0003881948
E[P_neut(18)] = 0.0004014465
E[P_neut(19)] = 0.0004475011

---- Expected P_sel(i), 0 < i < n (selected SFS per site) 
E[P_sel(1)] = 0.0072398435
E[P_sel(2)] = 0.0028444846
E[P_sel(3)] = 0.0014991180
E[P_sel(4)] = 0.0009424722
E[P_sel(5)] = 0.0006547876
E[P_sel(6)] = 0.0005114654
E[P_sel(7)] = 0.0004163320
E[P_sel(8)] = 0.0003506115
E[P_sel(9)] = 0.0003038397
E[P_sel(10)] = 0.0002770192
E[P_sel(11)] = 0.0002439445
E[P_sel(12)] = 0.0002359286
E[P_sel(13)] = 0.0002195389
E[P_sel(14)] = 0.0002088809
E[P_sel(15)] = 0.0002064622
E[P_sel(16)] = 0.0002047365
E[P_sel(17)] = 0.0002133081
E[P_sel(18)] = 0.0002246142
E[P_sel(19)] = 0.0002626187

---- Expected D_neut and D_sel (neutral and selected divergence per site) 
E[D_neut] = 0.0198170903
E[D_sel] = 0.0125254270

---- Expected neutral and selected misattributed polymorphism per site
E[mis_neut] = 0.0005120069
E[mis_sel] = 0.0003010753

---- alpha_div = 0.209169
---- alpha_dfe = 0.209249

