---- Running command
---- ./polyDFE -d Mmc/848.polyDFE.config.txt -m C -e 
---- Performing inference using model C

---- Performing inference on Mmc/848.polyDFE.config.txt
---- No mutation variability. Using Poisson likelihood.


---- Calculating initial values

-- Starting local optimization
-- Optimizing all parameters
  it        eps_an        lambda     theta_bar           S_d             b           p_b           S_b           r 2           r 3           r 4           r 5           r 6           r 7           r 8           r 9          r 10          r 11          r 12          r 13          r 14          r 15          r 16          r 17          r 18          r 19          r 20           ln lk          grad status 
   0           0.1 0.01924980172 0.01135433005        -20000         0.208           0.1            20 0.87453362027 0.73226945985 0.64806765881 0.58281892647 0.55485385817 0.54202975389 0.53622140053 0.53272171810 0.55436534141 0.55384241786 0.59993243703 0.62692393171 0.65961978445 0.74578831816 0.86281587641 1.10513521610 1.58184457850             1             1 -1113914.518391 23098.6941233   -2 
 234 0.00563172694 0.01927380068 0.01019715771 -88.782312331 0.11244775626 0.00804607865 16.7004436215 0.86395587937 0.71623616270 0.62082508201 0.55273753873 0.52324524702 0.50688487721 0.49168932267 0.48464208516 0.49353837038 0.48143349001 0.51576305990 0.51335701977 0.51715116713 0.55522488272 0.58070797820 0.63208847458 0.67516899663 0.72165529142 1.06728218327 -298.9927942369 0.59932948557   -8 
-- Local optimization: reached maximum number of likelihood evaluations allowed.
---- Best joint likelihood found -298.992794236939517 with gradient 0.59933

---- Results for Mmc/848.polyDFE.config.txt 
--  Model: C
--        eps_an        lambda     theta_bar             a 
-- 0.00563172694 0.01927380068 0.01019715771            -1 
--           S_d             b           p_b           S_b 
-- -88.782312331 0.11244775626 0.00804607865 16.7004436215 
--           r 2           r 3           r 4           r 5           r 6           r 7           r 8           r 9          r 10          r 11          r 12          r 13          r 14          r 15          r 16          r 17          r 18          r 19          r 20 
-- 0.86395587937 0.71623616270 0.62082508201 0.55273753873 0.52324524702 0.50688487721 0.49168932267 0.48464208516 0.49353837038 0.48143349001 0.51576305990 0.51335701977 0.51715116713 0.55522488272 0.58070797820 0.63208847458 0.67516899663 0.72165529142 1.06728218327 

---- Expected P_neut(i), 0 < i < n (neutral SFS per site) 
E[P_neut(1)] = 0.0101419113
E[P_neut(2)] = 0.0043822938
E[P_neut(3)] = 0.0024229490
E[P_neut(4)] = 0.0015758340
E[P_neut(5)] = 0.0011230476
E[P_neut(6)] = 0.0008863823
E[P_neut(7)] = 0.0007365072
E[P_neut(8)] = 0.0006256679
E[P_neut(9)] = 0.0005485290
E[P_neut(10)] = 0.0005032689
E[P_neut(11)] = 0.0004468748
E[P_neut(12)] = 0.0004393378
E[P_neut(13)] = 0.0004045663
E[P_neut(14)] = 0.0003795634
E[P_neut(15)] = 0.0003816705
E[P_neut(16)] = 0.0003769270
E[P_neut(17)] = 0.0003907227
E[P_neut(18)] = 0.0004051425
E[P_neut(19)] = 0.0004425534

---- Expected P_sel(i), 0 < i < n (selected SFS per site) 
E[P_sel(1)] = 0.0072457331
E[P_sel(2)] = 0.0028392778
E[P_sel(3)] = 0.0014948188
E[P_sel(4)] = 0.0009420963
E[P_sel(5)] = 0.0006563110
E[P_sel(6)] = 0.0005090123
E[P_sel(7)] = 0.0004170584
E[P_sel(8)] = 0.0003502565
E[P_sel(9)] = 0.0003041856
E[P_sel(10)] = 0.0002769214
E[P_sel(11)] = 0.0002443532
E[P_sel(12)] = 0.0002390729
E[P_sel(13)] = 0.0002194246
E[P_sel(14)] = 0.0002055392
E[P_sel(15)] = 0.0002067919
E[P_sel(16)] = 0.0002049757
E[P_sel(17)] = 0.0002143045
E[P_sel(18)] = 0.0002264387
E[P_sel(19)] = 0.0002602863

---- Expected D_neut and D_sel (neutral and selected divergence per site) 
E[D_neut] = 0.0198179629
E[D_sel] = 0.0125450719

---- Expected neutral and selected misattributed polymorphism per site
E[mis_neut] = 0.0005441622
E[mis_sel] = 0.0003197809

---- alpha_div = 0.212995
---- alpha_dfe = 0.212994

