---- Running command
---- ./polyDFE -d Mmc/849.polyDFE.config.txt -m C -e 
---- Performing inference using model C

---- Performing inference on Mmc/849.polyDFE.config.txt
---- No mutation variability. Using Poisson likelihood.


---- Calculating initial values

-- Starting local optimization
-- Optimizing all parameters
  it        eps_an        lambda     theta_bar           S_d             b           p_b           S_b           r 2           r 3           r 4           r 5           r 6           r 7           r 8           r 9          r 10          r 11          r 12          r 13          r 14          r 15          r 16          r 17          r 18          r 19          r 20           ln lk          grad status 
   0           0.1 0.01927562322 0.01137935922        -20000         0.208           0.1            20 0.87243991745 0.73305909433 0.64245610019 0.58017575088 0.55379205461 0.54107791005 0.53323321135 0.52916972714 0.54867274657 0.54963130115 0.59168533958 0.63009662842 0.66774702344 0.75087487113 0.86838325468 1.10012658842 1.58934720146             1             1 -1116082.791001 23153.7862848   -2 
 473 0.00217062937 0.01932623190 0.01017904121 -85.328752698 0.11642141152 0.01373324325 10.3712466820 0.86226800694 0.71962869192 0.62026344150 0.55217003195 0.52544167031 0.50520480319 0.49199474040 0.48471098937 0.48975933659 0.47862621798 0.51457368427 0.51834773152 0.52544927857 0.55694158236 0.58960108341 0.64140799146 0.69951522332 0.79701677458 1.02184528371 -270.6773056599 0.07410938332   -3 
-- Local optimization: stuck in the same solution
---- Best joint likelihood found -270.677305659904960 with gradient 0.07411

---- Results for Mmc/849.polyDFE.config.txt 
--  Model: C
--        eps_an        lambda     theta_bar             a 
-- 0.00217062937 0.01932623190 0.01017904121            -1 
--           S_d             b           p_b           S_b 
-- -85.328752698 0.11642141152 0.01373324325 10.3712466820 
--           r 2           r 3           r 4           r 5           r 6           r 7           r 8           r 9          r 10          r 11          r 12          r 13          r 14          r 15          r 16          r 17          r 18          r 19          r 20 
-- 0.86226800694 0.71962869192 0.62026344150 0.55217003195 0.52544167031 0.50520480319 0.49199474040 0.48471098937 0.48975933659 0.47862621798 0.51457368427 0.51834773152 0.52544927857 0.55694158236 0.58960108341 0.64140799146 0.69951522332 0.79701677458 1.02184528371 

---- Expected P_neut(i), 0 < i < n (neutral SFS per site) 
E[P_neut(1)] = 0.0101578731
E[P_neut(2)] = 0.0043798636
E[P_neut(3)] = 0.0024372436
E[P_neut(4)] = 0.0015758098
E[P_neut(5)] = 0.0011224926
E[P_neut(6)] = 0.0008903097
E[P_neut(7)] = 0.0007339293
E[P_neut(8)] = 0.0006255930
E[P_neut(9)] = 0.0005479818
E[P_neut(10)] = 0.0004985280
E[P_neut(11)] = 0.0004431337
E[P_neut(12)] = 0.0004369003
E[P_neut(13)] = 0.0004065816
E[P_neut(14)] = 0.0003831464
E[P_neut(15)] = 0.0003795617
E[P_neut(16)] = 0.0003777103
E[P_neut(17)] = 0.0003885204
E[P_neut(18)] = 0.0004042447
E[P_neut(19)] = 0.0004481611

---- Expected P_sel(i), 0 < i < n (selected SFS per site) 
E[P_sel(1)] = 0.0072478816
E[P_sel(2)] = 0.0028292376
E[P_sel(3)] = 0.0014980823
E[P_sel(4)] = 0.0009383823
E[P_sel(5)] = 0.0006534446
E[P_sel(6)] = 0.0005094106
E[P_sel(7)] = 0.0004142600
E[P_sel(8)] = 0.0003492838
E[P_sel(9)] = 0.0003032890
E[P_sel(10)] = 0.0002740149
E[P_sel(11)] = 0.0002422949
E[P_sel(12)] = 0.0002380254
E[P_sel(13)] = 0.0002210877
E[P_sel(14)] = 0.0002083509
E[P_sel(15)] = 0.0002068876
E[P_sel(16)] = 0.0002069988
E[P_sel(17)] = 0.0002150197
E[P_sel(18)] = 0.0002275834
E[P_sel(19)] = 0.0002611961

---- Expected D_neut and D_sel (neutral and selected divergence per site) 
E[D_neut] = 0.0198463022
E[D_sel] = 0.0125424220

---- Expected neutral and selected misattributed polymorphism per site
E[mis_neut] = 0.0005200703
E[mis_sel] = 0.0003097556

---- alpha_div = 0.228182
---- alpha_dfe = 0.228037

