---- Running command
---- ./polyDFE -d Mmc/85.polyDFE.config.txt -m C -e 
---- Performing inference using model C

---- Performing inference on Mmc/85.polyDFE.config.txt
---- No mutation variability. Using Poisson likelihood.


---- Calculating initial values

-- Starting local optimization
-- Optimizing all parameters
  it        eps_an        lambda     theta_bar           S_d             b           p_b           S_b           r 2           r 3           r 4           r 5           r 6           r 7           r 8           r 9          r 10          r 11          r 12          r 13          r 14          r 15          r 16          r 17          r 18          r 19          r 20           ln lk          grad status 
   0           0.1 0.01929071167 0.01133978904        -20000         0.208           0.1            20 0.87737525131 0.74041158593 0.64671266421 0.58596586681 0.55745692533 0.54109869099 0.53312952522 0.53355094013 0.55647227911 0.56002524826 0.59622574324 0.62714509906 0.67182028869 0.75261776786 0.86108353509 1.11204415843 1.58742802595             1             1 -1116103.112037 23158.6466508   -2 
 552 0.00117259722 0.01934299242 0.01013786197 -75.059840182 0.12528768159 0.02425019510 6.48997076904 0.86796183263 0.72396842565 0.62321805581 0.55703274655 0.52713525075 0.51191611347 0.49577935270 0.48562347350 0.49641899105 0.48578026366 0.51602135549 0.51832863082 0.53257874001 0.55618131373 0.58766387191 0.64953242964 0.70666981099 0.80662666704 1.01972115756 -284.0587218881 0.16446374669   -3 
-- Local optimization: stuck in the same solution
---- Best joint likelihood found -284.058721888111904 with gradient 0.16446

---- Results for Mmc/85.polyDFE.config.txt 
--  Model: C
--        eps_an        lambda     theta_bar             a 
-- 0.00117259722 0.01934299242 0.01013786197            -1 
--           S_d             b           p_b           S_b 
-- -75.059840182 0.12528768159 0.02425019510 6.48997076904 
--           r 2           r 3           r 4           r 5           r 6           r 7           r 8           r 9          r 10          r 11          r 12          r 13          r 14          r 15          r 16          r 17          r 18          r 19          r 20 
-- 0.86796183263 0.72396842565 0.62321805581 0.55703274655 0.52713525075 0.51191611347 0.49577935270 0.48562347350 0.49641899105 0.48578026366 0.51602135549 0.51832863082 0.53257874001 0.55618131373 0.58766387191 0.64953242964 0.70666981099 0.80662666704 1.01972115756 

---- Expected P_neut(i), 0 < i < n (neutral SFS per site) 
E[P_neut(1)] = 0.0101264790
E[P_neut(2)] = 0.0043949463
E[P_neut(3)] = 0.0024440828
E[P_neut(4)] = 0.0015781091
E[P_neut(5)] = 0.0011285406
E[P_neut(6)] = 0.0008900786
E[P_neut(7)] = 0.0007409953
E[P_neut(8)] = 0.0006280423
E[P_neut(9)] = 0.0005469040
E[P_neut(10)] = 0.0005032627
E[P_neut(11)] = 0.0004478231
E[P_neut(12)] = 0.0004361716
E[P_neut(13)] = 0.0004046065
E[P_neut(14)] = 0.0003862500
E[P_neut(15)] = 0.0003767829
E[P_neut(16)] = 0.0003737690
E[P_neut(17)] = 0.0003897599
E[P_neut(18)] = 0.0004026990
E[P_neut(19)] = 0.0004417761

---- Expected P_sel(i), 0 < i < n (selected SFS per site) 
E[P_sel(1)] = 0.0072379596
E[P_sel(2)] = 0.0028333847
E[P_sel(3)] = 0.0014964762
E[P_sel(4)] = 0.0009352693
E[P_sel(5)] = 0.0006536179
E[P_sel(6)] = 0.0005067161
E[P_sel(7)] = 0.0004162991
E[P_sel(8)] = 0.0003492382
E[P_sel(9)] = 0.0003017362
E[P_sel(10)] = 0.0002760501
E[P_sel(11)] = 0.0002446861
E[P_sel(12)] = 0.0002378389
E[P_sel(13)] = 0.0002206128
E[P_sel(14)] = 0.0002110457
E[P_sel(15)] = 0.0002068257
E[P_sel(16)] = 0.0002067646
E[P_sel(17)] = 0.0002181693
E[P_sel(18)] = 0.0002294328
E[P_sel(19)] = 0.0002590213

---- Expected D_neut and D_sel (neutral and selected divergence per site) 
E[D_neut] = 0.0198598820
E[D_sel] = 0.0125411967

---- Expected neutral and selected misattributed polymorphism per site
E[mis_neut] = 0.0005168896
E[mis_sel] = 0.0003113106

---- alpha_div = 0.257012
---- alpha_dfe = 0.256832

