---- Running command
---- ./polyDFE -d Mmc/850.polyDFE.config.txt -m C -e 
---- Performing inference using model C

---- Performing inference on Mmc/850.polyDFE.config.txt
---- No mutation variability. Using Poisson likelihood.


---- Calculating initial values

-- Starting local optimization
-- Optimizing all parameters
  it        eps_an        lambda     theta_bar           S_d             b           p_b           S_b           r 2           r 3           r 4           r 5           r 6           r 7           r 8           r 9          r 10          r 11          r 12          r 13          r 14          r 15          r 16          r 17          r 18          r 19          r 20           ln lk          grad status 
   0           0.1 0.01927098989 0.01135180431        -20000         0.208           0.1            20 0.87489702512 0.73697492382 0.64640194851 0.58023934649 0.55495281164 0.53872314074 0.53782681374 0.52790588066 0.55460878236 0.54979155880 0.58715914377 0.61937658516 0.66403811101 0.74823979711 0.85916857317 1.10773529907 1.57302011699             1             1 -1118515.625080 23182.4106883   -2 
 396 0.00505286764 0.01933332489 0.01019924782 -82.084424259 0.12904882186 0.05063275396 3.33587370823 0.86561850308 0.72036272058 0.62167163583 0.55301748637 0.52494690726 0.50280149007 0.49073736697 0.48211252269 0.49021133409 0.47775314429 0.50389249101 0.50588962022 0.51181610302 0.54438545447 0.57297582061 0.62225838890 0.66104221033 0.72364375766 1.00172114868 -279.3964035555 0.96729576999   -3 
-- Local optimization: stuck in the same solution
---- Best joint likelihood found -279.396403555569123 with gradient 0.96730

---- Results for Mmc/850.polyDFE.config.txt 
--  Model: C
--        eps_an        lambda     theta_bar             a 
-- 0.00505286764 0.01933332489 0.01019924782            -1 
--           S_d             b           p_b           S_b 
-- -82.084424259 0.12904882186 0.05063275396 3.33587370823 
--           r 2           r 3           r 4           r 5           r 6           r 7           r 8           r 9          r 10          r 11          r 12          r 13          r 14          r 15          r 16          r 17          r 18          r 19          r 20 
-- 0.86561850308 0.72036272058 0.62167163583 0.55301748637 0.52494690726 0.50280149007 0.49073736697 0.48211252269 0.49021133409 0.47775314429 0.50389249101 0.50588962022 0.51181610302 0.54438545447 0.57297582061 0.62225838890 0.66104221033 0.72364375766 1.00172114868 

---- Expected P_neut(i), 0 < i < n (neutral SFS per site) 
E[P_neut(1)] = 0.0101496752
E[P_neut(2)] = 0.0043939164
E[P_neut(3)] = 0.0024385643
E[P_neut(4)] = 0.0015789818
E[P_neut(5)] = 0.0011242428
E[P_neut(6)] = 0.0008897191
E[P_neut(7)] = 0.0007309033
E[P_neut(8)] = 0.0006246467
E[P_neut(9)] = 0.0005458315
E[P_neut(10)] = 0.0004999787
E[P_neut(11)] = 0.0004434972
E[P_neut(12)] = 0.0004292743
E[P_neut(13)] = 0.0003985958
E[P_neut(14)] = 0.0003754919
E[P_neut(15)] = 0.0003739845
E[P_neut(16)] = 0.0003714091
E[P_neut(17)] = 0.0003838159
E[P_neut(18)] = 0.0003949754
E[P_neut(19)] = 0.0004380264

---- Expected P_sel(i), 0 < i < n (selected SFS per site) 
E[P_sel(1)] = 0.0072249546
E[P_sel(2)] = 0.0028263020
E[P_sel(3)] = 0.0014928370
E[P_sel(4)] = 0.0009375900
E[P_sel(5)] = 0.0006537680
E[P_sel(6)] = 0.0005096684
E[P_sel(7)] = 0.0004141100
E[P_sel(8)] = 0.0003511008
E[P_sel(9)] = 0.0003051198
E[P_sel(10)] = 0.0002785487
E[P_sel(11)] = 0.0002467369
E[P_sel(12)] = 0.0002389427
E[P_sel(13)] = 0.0002224048
E[P_sel(14)] = 0.0002104527
E[P_sel(15)] = 0.0002110238
E[P_sel(16)] = 0.0002115596
E[P_sel(17)] = 0.0002214708
E[P_sel(18)] = 0.0002322399
E[P_sel(19)] = 0.0002670678

---- Expected D_neut and D_sel (neutral and selected divergence per site) 
E[D_neut] = 0.0198441650
E[D_sel] = 0.0124905853

---- Expected neutral and selected misattributed polymorphism per site
E[mis_neut] = 0.0005108401
E[mis_sel] = 0.0003120256

---- alpha_div = 0.295948
---- alpha_dfe = 0.295471

