---- Running command
---- ./polyDFE -d Mmc/851.polyDFE.config.txt -m C -e 
---- Performing inference using model C

---- Performing inference on Mmc/851.polyDFE.config.txt
---- No mutation variability. Using Poisson likelihood.


---- Calculating initial values

-- Starting local optimization
-- Optimizing all parameters
  it        eps_an        lambda     theta_bar           S_d             b           p_b           S_b           r 2           r 3           r 4           r 5           r 6           r 7           r 8           r 9          r 10          r 11          r 12          r 13          r 14          r 15          r 16          r 17          r 18          r 19          r 20           ln lk          grad status 
   0           0.1 0.01928248678 0.01135487944        -20000         0.208           0.1            20 0.87173485735 0.73871610450 0.64706439931 0.58312574642 0.55744295014 0.54027986200 0.53167354414 0.53242512333 0.54476273401 0.55691254702 0.59720980596 0.62675884459 0.67185894272 0.75107175458 0.86876606481 1.12573074802 1.58414552266             1             1 -1115949.796597 23154.9647681   -2 
 843 0.00104932880 0.01929628883 0.01014468031 -74.444674067 0.12598735420 0.02576506386 6.12436285558 0.86321600151 0.72281943143 0.62074558093 0.55787891181 0.52988178249 0.51048160661 0.49290179190 0.48708732229 0.49045757409 0.48544454512 0.51166876060 0.51730599082 0.52855746792 0.56069154234 0.58851929852 0.65926367374 0.71478543638 0.81443654790 1.09402825276 -268.5323596412 0.03975406338   -3 
-- Local optimization: stuck in the same solution
---- Best joint likelihood found -268.532359641292715 with gradient 0.03975

---- Results for Mmc/851.polyDFE.config.txt 
--  Model: C
--        eps_an        lambda     theta_bar             a 
-- 0.00104932880 0.01929628883 0.01014468031            -1 
--           S_d             b           p_b           S_b 
-- -74.444674067 0.12598735420 0.02576506386 6.12436285558 
--           r 2           r 3           r 4           r 5           r 6           r 7           r 8           r 9          r 10          r 11          r 12          r 13          r 14          r 15          r 16          r 17          r 18          r 19          r 20 
-- 0.86321600151 0.72281943143 0.62074558093 0.55787891181 0.52988178249 0.51048160661 0.49290179190 0.48708732229 0.49045757409 0.48544454512 0.51166876060 0.51730599082 0.52855746792 0.56069154234 0.58851929852 0.65926367374 0.71478543638 0.81443654790 1.09402825276 

---- Expected P_neut(i), 0 < i < n (neutral SFS per site) 
E[P_neut(1)] = 0.0101344915
E[P_neut(2)] = 0.0043743534
E[P_neut(3)] = 0.0024421053
E[P_neut(4)] = 0.0015730559
E[P_neut(5)] = 0.0011311108
E[P_neut(6)] = 0.0008953753
E[P_neut(7)] = 0.0007394577
E[P_neut(8)] = 0.0006248394
E[P_neut(9)] = 0.0005489320
E[P_neut(10)] = 0.0004975535
E[P_neut(11)] = 0.0004478045
E[P_neut(12)] = 0.0004327616
E[P_neut(13)] = 0.0004040376
E[P_neut(14)] = 0.0003835415
E[P_neut(15)] = 0.0003799923
E[P_neut(16)] = 0.0003744067
E[P_neut(17)] = 0.0003955649
E[P_neut(18)] = 0.0004070201
E[P_neut(19)] = 0.0004450413

---- Expected P_sel(i), 0 < i < n (selected SFS per site) 
E[P_sel(1)] = 0.0072461242
E[P_sel(2)] = 0.0028206540
E[P_sel(3)] = 0.0014954826
E[P_sel(4)] = 0.0009324213
E[P_sel(5)] = 0.0006552415
E[P_sel(6)] = 0.0005098752
E[P_sel(7)] = 0.0004155924
E[P_sel(8)] = 0.0003476287
E[P_sel(9)] = 0.0003030446
E[P_sel(10)] = 0.0002731298
E[P_sel(11)] = 0.0002449051
E[P_sel(12)] = 0.0002362417
E[P_sel(13)] = 0.0002205876
E[P_sel(14)] = 0.0002098754
E[P_sel(15)] = 0.0002089304
E[P_sel(16)] = 0.0002074838
E[P_sel(17)] = 0.0002218152
E[P_sel(18)] = 0.0002322573
E[P_sel(19)] = 0.0002610818

---- Expected D_neut and D_sel (neutral and selected divergence per site) 
E[D_neut] = 0.0198512172
E[D_sel] = 0.0125182758

---- Expected neutral and selected misattributed polymorphism per site
E[mis_neut] = 0.0005549283
E[mis_sel] = 0.0003344060

---- alpha_div = 0.258811
---- alpha_dfe = 0.258729

