---- Running command
---- ./polyDFE -d Mmc/852.polyDFE.config.txt -m C -e 
---- Performing inference using model C

---- Performing inference on Mmc/852.polyDFE.config.txt
---- No mutation variability. Using Poisson likelihood.


---- Calculating initial values

-- Starting local optimization
-- Optimizing all parameters
  it        eps_an        lambda     theta_bar           S_d             b           p_b           S_b           r 2           r 3           r 4           r 5           r 6           r 7           r 8           r 9          r 10          r 11          r 12          r 13          r 14          r 15          r 16          r 17          r 18          r 19          r 20           ln lk          grad status 
   0           0.1 0.01926252443 0.01135637549        -20000         0.208           0.1            20 0.87719893673 0.73090953734 0.64135847666 0.58860153547 0.55509996934 0.54184823020 0.53375613030 0.52853224549 0.55192430590 0.55343975473 0.59256041507 0.62462497827 0.66702441267 0.75697065269 0.86312498026 1.10665705682 1.59612478953             1             1 -1112467.299779 23076.1756287   -2 
 829 0.00129996028 0.01930535413 0.01014773556 -80.242403507 0.11995417029 0.01939481042 7.72634069019 0.86686367380 0.71920740896 0.61986634485 0.55898440115 0.52698266676 0.50824921034 0.49205770465 0.48432864237 0.49419324191 0.48325165734 0.50852147215 0.51644205918 0.52422062707 0.56438858987 0.59342871010 0.64865846904 0.71029180301 0.81475176018 1.03767899426 -273.8833132798 0.09608528822   -8 
-- Local optimization: reached maximum number of likelihood evaluations allowed.
---- Best joint likelihood found -273.883313279860886 with gradient 0.09609

---- Results for Mmc/852.polyDFE.config.txt 
--  Model: C
--        eps_an        lambda     theta_bar             a 
-- 0.00129996028 0.01930535413 0.01014773556            -1 
--           S_d             b           p_b           S_b 
-- -80.242403507 0.11995417029 0.01939481042 7.72634069019 
--           r 2           r 3           r 4           r 5           r 6           r 7           r 8           r 9          r 10          r 11          r 12          r 13          r 14          r 15          r 16          r 17          r 18          r 19          r 20 
-- 0.86686367380 0.71920740896 0.61986634485 0.55898440115 0.52698266676 0.50824921034 0.49205770465 0.48432864237 0.49419324191 0.48325165734 0.50852147215 0.51644205918 0.52422062707 0.56438858987 0.59342871010 0.64865846904 0.71029180301 0.81475176018 1.03767899426 

---- Expected P_neut(i), 0 < i < n (neutral SFS per site) 
E[P_neut(1)] = 0.0101351096
E[P_neut(2)] = 0.0043931545
E[P_neut(3)] = 0.0024301164
E[P_neut(4)] = 0.0015710049
E[P_neut(5)] = 0.0011335067
E[P_neut(6)] = 0.0008906154
E[P_neut(7)] = 0.0007363632
E[P_neut(8)] = 0.0006239066
E[P_neut(9)] = 0.0005459629
E[P_neut(10)] = 0.0005014942
E[P_neut(11)] = 0.0004459404
E[P_neut(12)] = 0.0004302808
E[P_neut(13)] = 0.0004035659
E[P_neut(14)] = 0.0003806398
E[P_neut(15)] = 0.0003827962
E[P_neut(16)] = 0.0003779273
E[P_neut(17)] = 0.0003898600
E[P_neut(18)] = 0.0004056334
E[P_neut(19)] = 0.0004477778

---- Expected P_sel(i), 0 < i < n (selected SFS per site) 
E[P_sel(1)] = 0.0072473855
E[P_sel(2)] = 0.0028408226
E[P_sel(3)] = 0.0014944987
E[P_sel(4)] = 0.0009358786
E[P_sel(5)] = 0.0006601582
E[P_sel(6)] = 0.0005099390
E[P_sel(7)] = 0.0004160759
E[P_sel(8)] = 0.0003488834
E[P_sel(9)] = 0.0003028239
E[P_sel(10)] = 0.0002764404
E[P_sel(11)] = 0.0002447395
E[P_sel(12)] = 0.0002355238
E[P_sel(13)] = 0.0002207259
E[P_sel(14)] = 0.0002084497
E[P_sel(15)] = 0.0002104047
E[P_sel(16)] = 0.0002091371
E[P_sel(17)] = 0.0002181002
E[P_sel(18)] = 0.0002308364
E[P_sel(19)] = 0.0002624402

---- Expected D_neut and D_sel (neutral and selected divergence per site) 
E[D_neut] = 0.0198318587
E[D_sel] = 0.0125582853

---- Expected neutral and selected misattributed polymorphism per site
E[mis_neut] = 0.0005265046
E[mis_sel] = 0.0003168439

---- alpha_div = 0.241918
---- alpha_dfe = 0.241787

