---- Running command
---- ./polyDFE -d Mmc/853.polyDFE.config.txt -m C -e 
---- Performing inference using model C

---- Performing inference on Mmc/853.polyDFE.config.txt
---- No mutation variability. Using Poisson likelihood.


---- Calculating initial values

-- Starting local optimization
-- Optimizing all parameters
  it        eps_an        lambda     theta_bar           S_d             b           p_b           S_b           r 2           r 3           r 4           r 5           r 6           r 7           r 8           r 9          r 10          r 11          r 12          r 13          r 14          r 15          r 16          r 17          r 18          r 19          r 20           ln lk          grad status 
   0           0.1 0.01931384268 0.01135831110        -20000         0.208           0.1            20 0.87462657456 0.73623038964 0.64793079417 0.57979582045 0.56046928397 0.53430089409 0.53875980015 0.52995533944 0.55126158325 0.55715547430 0.59924843100 0.62814295929 0.67166438918 0.74647444158 0.86870954061 1.11035438396 1.58726298952             1             1 -1119042.482126 23220.5470871   -2 
 398 0.00484485782 0.01937468082 0.01019267624 -96.851821805 0.10956422770 0.00701801011 18.3031856929 0.86542726877 0.72033902722 0.62009271306 0.55033713050 0.52791030809 0.50164358695 0.49154272059 0.48307017164 0.49054904603 0.48510899430 0.51641319121 0.51550047459 0.52519064826 0.55563202110 0.58386655715 0.63504958292 0.69027185392 0.75148785970 0.99420529015 -290.9473328995 0.46471948294   -3 
-- Local optimization: stuck in the same solution
---- Best joint likelihood found -290.947332899522735 with gradient 0.46472

---- Results for Mmc/853.polyDFE.config.txt 
--  Model: C
--        eps_an        lambda     theta_bar             a 
-- 0.00484485782 0.01937468082 0.01019267624            -1 
--           S_d             b           p_b           S_b 
-- -96.851821805 0.10956422770 0.00701801011 18.3031856929 
--           r 2           r 3           r 4           r 5           r 6           r 7           r 8           r 9          r 10          r 11          r 12          r 13          r 14          r 15          r 16          r 17          r 18          r 19          r 20 
-- 0.86542726877 0.72033902722 0.62009271306 0.55033713050 0.52791030809 0.50164358695 0.49154272059 0.48307017164 0.49054904603 0.48510899430 0.51641319121 0.51550047459 0.52519064826 0.55563202110 0.58386655715 0.63504958292 0.69027185392 0.75148785970 0.99420529015 

---- Expected P_neut(i), 0 < i < n (neutral SFS per site) 
E[P_neut(1)] = 0.0101452473
E[P_neut(2)] = 0.0043910354
E[P_neut(3)] = 0.0024373816
E[P_neut(4)] = 0.0015742477
E[P_neut(5)] = 0.0011182755
E[P_neut(6)] = 0.0008943108
E[P_neut(7)] = 0.0007288608
E[P_neut(8)] = 0.0006253579
E[P_neut(9)] = 0.0005466137
E[P_neut(10)] = 0.0005000008
E[P_neut(11)] = 0.0004499781
E[P_neut(12)] = 0.0004395451
E[P_neut(13)] = 0.0004057599
E[P_neut(14)] = 0.0003848565
E[P_neut(15)] = 0.0003811646
E[P_neut(16)] = 0.0003778010
E[P_neut(17)] = 0.0003907687
E[P_neut(18)] = 0.0004103478
E[P_neut(19)] = 0.0004505696

---- Expected P_sel(i), 0 < i < n (selected SFS per site) 
E[P_sel(1)] = 0.0072256077
E[P_sel(2)] = 0.0028406127
E[P_sel(3)] = 0.0015029347
E[P_sel(4)] = 0.0009412494
E[P_sel(5)] = 0.0006538717
E[P_sel(6)] = 0.0005139895
E[P_sel(7)] = 0.0004131492
E[P_sel(8)] = 0.0003504802
E[P_sel(9)] = 0.0003034797
E[P_sel(10)] = 0.0002754390
E[P_sel(11)] = 0.0002463078
E[P_sel(12)] = 0.0002393934
E[P_sel(13)] = 0.0002202011
E[P_sel(14)] = 0.0002084458
E[P_sel(15)] = 0.0002064450
E[P_sel(16)] = 0.0002052176
E[P_sel(17)] = 0.0002138527
E[P_sel(18)] = 0.0002283901
E[P_sel(19)] = 0.0002627445

---- Expected D_neut and D_sel (neutral and selected divergence per site) 
E[D_neut] = 0.0198813615
E[D_sel] = 0.0125292887

---- Expected neutral and selected misattributed polymorphism per site
E[mis_neut] = 0.0005066806
E[mis_sel] = 0.0002962210

---- alpha_div = 0.204329
---- alpha_dfe = 0.204366

