---- Running command
---- ./polyDFE -d Mmc/854.polyDFE.config.txt -m C -e 
---- Performing inference using model C

---- Performing inference on Mmc/854.polyDFE.config.txt
---- No mutation variability. Using Poisson likelihood.


---- Calculating initial values

-- Starting local optimization
-- Optimizing all parameters
  it        eps_an        lambda     theta_bar           S_d             b           p_b           S_b           r 2           r 3           r 4           r 5           r 6           r 7           r 8           r 9          r 10          r 11          r 12          r 13          r 14          r 15          r 16          r 17          r 18          r 19          r 20           ln lk          grad status 
   0           0.1 0.01927550667 0.01135845142        -20000         0.208           0.1            20 0.87056783454 0.73731816741 0.64108063697 0.58524267289 0.55868196632 0.54304364242 0.53674699637 0.52480835383 0.56026558020 0.55146082987 0.59081922089 0.63346230316 0.66425723435 0.75024219527 0.86191164772 1.11057576764 1.57908894728             1             1 -1115398.272333 23124.6493306   -2 
 756 0.00098766718 0.01930103958 0.01013635588 -78.956070130 0.12023076155 0.01870813550 7.92247638394 0.86585189817 0.72202382231 0.62304711475 0.55685596201 0.53029817647 0.51005822719 0.49511842999 0.47990276167 0.50013177532 0.48151647745 0.50845117788 0.51988671650 0.52532670434 0.55916481157 0.59180426056 0.65091986665 0.70847447976 0.82652106442 1.07318333708 -281.3590402197 0.02827046720   -3 
-- Local optimization: stuck in the same solution
---- Best joint likelihood found -281.359040219787857 with gradient 0.02827

---- Results for Mmc/854.polyDFE.config.txt 
--  Model: C
--        eps_an        lambda     theta_bar             a 
-- 0.00098766718 0.01930103958 0.01013635588            -1 
--           S_d             b           p_b           S_b 
-- -78.956070130 0.12023076155 0.01870813550 7.92247638394 
--           r 2           r 3           r 4           r 5           r 6           r 7           r 8           r 9          r 10          r 11          r 12          r 13          r 14          r 15          r 16          r 17          r 18          r 19          r 20 
-- 0.86585189817 0.72202382231 0.62304711475 0.55685596201 0.53029817647 0.51005822719 0.49511842999 0.47990276167 0.50013177532 0.48151647745 0.50845117788 0.51988671650 0.52532670434 0.55916481157 0.59180426056 0.65091986665 0.70847447976 0.82652106442 1.07318333708 

---- Expected P_neut(i), 0 < i < n (neutral SFS per site) 
E[P_neut(1)] = 0.0101267800
E[P_neut(2)] = 0.0043843514
E[P_neut(3)] = 0.0024375373
E[P_neut(4)] = 0.0015776677
E[P_neut(5)] = 0.0011281563
E[P_neut(6)] = 0.0008953727
E[P_neut(7)] = 0.0007382611
E[P_neut(8)] = 0.0006271417
E[P_neut(9)] = 0.0005404005
E[P_neut(10)] = 0.0005069514
E[P_neut(11)] = 0.0004438067
E[P_neut(12)] = 0.0004296823
E[P_neut(13)] = 0.0004056950
E[P_neut(14)] = 0.0003808591
E[P_neut(15)] = 0.0003786013
E[P_neut(16)] = 0.0003761103
E[P_neut(17)] = 0.0003901412
E[P_neut(18)] = 0.0004029040
E[P_neut(19)] = 0.0004505186

---- Expected P_sel(i), 0 < i < n (selected SFS per site) 
E[P_sel(1)] = 0.0072476171
E[P_sel(2)] = 0.0028368872
E[P_sel(3)] = 0.0014996848
E[P_sel(4)] = 0.0009400805
E[P_sel(5)] = 0.0006571073
E[P_sel(6)] = 0.0005126424
E[P_sel(7)] = 0.0004170748
E[P_sel(8)] = 0.0003505825
E[P_sel(9)] = 0.0002996021
E[P_sel(10)] = 0.0002792795
E[P_sel(11)] = 0.0002433825
E[P_sel(12)] = 0.0002349761
E[P_sel(13)] = 0.0002216411
E[P_sel(14)] = 0.0002082922
E[P_sel(15)] = 0.0002077743
E[P_sel(16)] = 0.0002077523
E[P_sel(17)] = 0.0002177908
E[P_sel(18)] = 0.0002286901
E[P_sel(19)] = 0.0002630557

---- Expected D_neut and D_sel (neutral and selected divergence per site) 
E[D_neut] = 0.0198449480
E[D_sel] = 0.0125417437

---- Expected neutral and selected misattributed polymorphism per site
E[mis_neut] = 0.0005439084
E[mis_sel] = 0.0003265564

---- alpha_div = 0.239492
---- alpha_dfe = 0.239363

