---- Running command
---- ./polyDFE -d Mmc/855.polyDFE.config.txt -m C -e 
---- Performing inference using model C

---- Performing inference on Mmc/855.polyDFE.config.txt
---- No mutation variability. Using Poisson likelihood.


---- Calculating initial values

-- Starting local optimization
-- Optimizing all parameters
  it        eps_an        lambda     theta_bar           S_d             b           p_b           S_b           r 2           r 3           r 4           r 5           r 6           r 7           r 8           r 9          r 10          r 11          r 12          r 13          r 14          r 15          r 16          r 17          r 18          r 19          r 20           ln lk          grad status 
   0           0.1 0.01925721008 0.01134771162        -20000         0.208           0.1            20 0.87323735918 0.73957665276 0.64786750856 0.58476443448 0.55454508166 0.53728111077 0.54163710930 0.53325897038 0.55347586101 0.55509191455 0.59866445753 0.61259609752 0.66595585230 0.75234363782 0.87546467820 1.10637451061 1.58766198913             1             1 -1115498.652201 23130.8271537   -2 
 232 0.00501831114 0.01931297555 0.01019280959 -97.227183012 0.10831875485 0.00413585779 30.4134540563 0.86380590188 0.72027613352 0.61925808051 0.55254784703 0.52205337861 0.50320577158 0.49316650319 0.48336683375 0.49453433019 0.48464040865 0.51365049078 0.50433551514 0.52097384576 0.55406354702 0.59272698306 0.63833034639 0.68785771653 0.75434985933 0.99714500977 -303.1177379483 0.92003534910   -3 
-- Local optimization: stuck in the same solution
---- Best joint likelihood found -303.117737948326976 with gradient 0.92004

---- Results for Mmc/855.polyDFE.config.txt 
--  Model: C
--        eps_an        lambda     theta_bar             a 
-- 0.00501831114 0.01931297555 0.01019280959            -1 
--           S_d             b           p_b           S_b 
-- -97.227183012 0.10831875485 0.00413585779 30.4134540563 
--           r 2           r 3           r 4           r 5           r 6           r 7           r 8           r 9          r 10          r 11          r 12          r 13          r 14          r 15          r 16          r 17          r 18          r 19          r 20 
-- 0.86380590188 0.72027613352 0.61925808051 0.55254784703 0.52205337861 0.50320577158 0.49316650319 0.48336683375 0.49453433019 0.48464040865 0.51365049078 0.50433551514 0.52097384576 0.55406354702 0.59272698306 0.63833034639 0.68785771653 0.75434985933 0.99714500977 

---- Expected P_neut(i), 0 < i < n (neutral SFS per site) 
E[P_neut(1)] = 0.0101436897
E[P_neut(2)] = 0.0043821671
E[P_neut(3)] = 0.0024368523
E[P_neut(4)] = 0.0015719710
E[P_neut(5)] = 0.0011226397
E[P_neut(6)] = 0.0008843180
E[P_neut(7)] = 0.0007310331
E[P_neut(8)] = 0.0006273803
E[P_neut(9)] = 0.0005469360
E[P_neut(10)] = 0.0005040694
E[P_neut(11)] = 0.0004495706
E[P_neut(12)] = 0.0004372589
E[P_neut(13)] = 0.0003971231
E[P_neut(14)] = 0.0003818462
E[P_neut(15)] = 0.0003802609
E[P_neut(16)] = 0.0003836210
E[P_neut(17)] = 0.0003930884
E[P_neut(18)] = 0.0004096487
E[P_neut(19)] = 0.0004538012

---- Expected P_sel(i), 0 < i < n (selected SFS per site) 
E[P_sel(1)] = 0.0072313231
E[P_sel(2)] = 0.0028386480
E[P_sel(3)] = 0.0015046758
E[P_sel(4)] = 0.0009410759
E[P_sel(5)] = 0.0006571162
E[P_sel(6)] = 0.0005086335
E[P_sel(7)] = 0.0004145440
E[P_sel(8)] = 0.0003515927
E[P_sel(9)] = 0.0003034757
E[P_sel(10)] = 0.0002773333
E[P_sel(11)] = 0.0002455869
E[P_sel(12)] = 0.0002374459
E[P_sel(13)] = 0.0002146392
E[P_sel(14)] = 0.0002056922
E[P_sel(15)] = 0.0002044966
E[P_sel(16)] = 0.0002064748
E[P_sel(17)] = 0.0002126541
E[P_sel(18)] = 0.0002248803
E[P_sel(19)] = 0.0002611781

---- Expected D_neut and D_sel (neutral and selected divergence per site) 
E[D_neut] = 0.0198211610
E[D_sel] = 0.0125152278

---- Expected neutral and selected misattributed polymorphism per site
E[mis_neut] = 0.0005081855
E[mis_sel] = 0.0002920403

---- alpha_div = 0.198802
---- alpha_dfe = 0.199082

