---- Running command
---- ./polyDFE -d Mmc/856.polyDFE.config.txt -m C -e 
---- Performing inference using model C

---- Performing inference on Mmc/856.polyDFE.config.txt
---- No mutation variability. Using Poisson likelihood.


---- Calculating initial values

-- Starting local optimization
-- Optimizing all parameters
  it        eps_an        lambda     theta_bar           S_d             b           p_b           S_b           r 2           r 3           r 4           r 5           r 6           r 7           r 8           r 9          r 10          r 11          r 12          r 13          r 14          r 15          r 16          r 17          r 18          r 19          r 20           ln lk          grad status 
   0           0.1 0.01926167157 0.01134090145        -20000         0.208           0.1            20 0.87581215767 0.73512319366 0.64177293291 0.58383059021 0.55478585739 0.54510566709 0.54375367581 0.53622507156 0.55464480965 0.55797886751 0.59539482834 0.62893932657 0.66287850229 0.75159887470 0.86207282565 1.10553104298 1.59284301360             1             1 -1113473.901267 23098.2519937   -2 
 664 0.00087296357 0.01927679414 0.01012903471 -71.550728061 0.12818665580 0.02813201601 5.74824330496 0.86687039892 0.72158574957 0.62054399794 0.55458657401 0.52611813631 0.51159235055 0.50419777260 0.49055972790 0.49898524416 0.48571222614 0.51425640663 0.51773037414 0.52069063787 0.56049093180 0.58688705611 0.64867554646 0.71041929623 0.82477856243 1.09222210161 -267.6300684058 0.02944598168   -3 
-- Local optimization: stuck in the same solution
---- Best joint likelihood found -267.630068405851489 with gradient 0.02945

---- Results for Mmc/856.polyDFE.config.txt 
--  Model: C
--        eps_an        lambda     theta_bar             a 
-- 0.00087296357 0.01927679414 0.01012903471            -1 
--           S_d             b           p_b           S_b 
-- -71.550728061 0.12818665580 0.02813201601 5.74824330496 
--           r 2           r 3           r 4           r 5           r 6           r 7           r 8           r 9          r 10          r 11          r 12          r 13          r 14          r 15          r 16          r 17          r 18          r 19          r 20 
-- 0.86687039892 0.72158574957 0.62054399794 0.55458657401 0.52611813631 0.51159235055 0.50419777260 0.49055972790 0.49898524416 0.48571222614 0.51425640663 0.51773037414 0.52069063787 0.56049093180 0.58688705611 0.64867554646 0.71041929623 0.82477856243 1.09222210161 

---- Expected P_neut(i), 0 < i < n (neutral SFS per site) 
E[P_neut(1)] = 0.0101205763
E[P_neut(2)] = 0.0043867966
E[P_neut(3)] = 0.0024345329
E[P_neut(4)] = 0.0015703305
E[P_neut(5)] = 0.0011228350
E[P_neut(6)] = 0.0008877317
E[P_neut(7)] = 0.0007399826
E[P_neut(8)] = 0.0006382012
E[P_neut(9)] = 0.0005520081
E[P_neut(10)] = 0.0005054239
E[P_neut(11)] = 0.0004473457
E[P_neut(12)] = 0.0004342551
E[P_neut(13)] = 0.0004036871
E[P_neut(14)] = 0.0003771675
E[P_neut(15)] = 0.0003791325
E[P_neut(16)] = 0.0003725849
E[P_neut(17)] = 0.0003882869
E[P_neut(18)] = 0.0004032537
E[P_neut(19)] = 0.0004481537

---- Expected P_sel(i), 0 < i < n (selected SFS per site) 
E[P_sel(1)] = 0.0072473194
E[P_sel(2)] = 0.0028307557
E[P_sel(3)] = 0.0014912291
E[P_sel(4)] = 0.0009308081
E[P_sel(5)] = 0.0006503698
E[P_sel(6)] = 0.0005054455
E[P_sel(7)] = 0.0004158382
E[P_sel(8)] = 0.0003550522
E[P_sel(9)] = 0.0003047758
E[P_sel(10)] = 0.0002775310
E[P_sel(11)] = 0.0002447808
E[P_sel(12)] = 0.0002372432
E[P_sel(13)] = 0.0002206368
E[P_sel(14)] = 0.0002066835
E[P_sel(15)] = 0.0002088332
E[P_sel(16)] = 0.0002069230
E[P_sel(17)] = 0.0002182792
E[P_sel(18)] = 0.0002307158
E[P_sel(19)] = 0.0002634083

---- Expected D_neut and D_sel (neutral and selected divergence per site) 
E[D_neut] = 0.0198299519
E[D_sel] = 0.0125255611

---- Expected neutral and selected misattributed polymorphism per site
E[mis_neut] = 0.0005531578
E[mis_sel] = 0.0003342538

---- alpha_div = 0.265910
---- alpha_dfe = 0.265808

