---- Running command
---- ./polyDFE -d Mmc/857.polyDFE.config.txt -m C -e 
---- Performing inference using model C

---- Performing inference on Mmc/857.polyDFE.config.txt
---- No mutation variability. Using Poisson likelihood.


---- Calculating initial values

-- Starting local optimization
-- Optimizing all parameters
  it        eps_an        lambda     theta_bar           S_d             b           p_b           S_b           r 2           r 3           r 4           r 5           r 6           r 7           r 8           r 9          r 10          r 11          r 12          r 13          r 14          r 15          r 16          r 17          r 18          r 19          r 20           ln lk          grad status 
   0           0.1 0.01928921841 0.01134588437        -20000         0.208           0.1            20 0.87378315684 0.73548367963 0.64487551106 0.58423778463 0.55955676272 0.53604703699 0.53909302369 0.53014252047 0.54727287033 0.55859448109 0.60362777137 0.61776042288 0.66334732324 0.75511069850 0.86808823252 1.10887420207 1.58387141358             1             1 -1118046.342323 23184.5313238   -2 
 985 0.00066226638 0.01931952345 0.01013021647 -78.707084553 0.12119249923 0.01919036305 7.73747617095 0.86599118515 0.72187801385 0.62086596404 0.55737501092 0.52919488135 0.50657127214 0.49617190719 0.48781214380 0.49248223650 0.48556833658 0.52051266189 0.50907895769 0.52366903163 0.56258437971 0.59446239087 0.65047251325 0.71184700791 0.82885990355 1.06532138655 -280.2164802904 0.03977498071   -8 
-- Local optimization: reached maximum number of likelihood evaluations allowed.
---- Best joint likelihood found -280.216480290444451 with gradient 0.03977

---- Results for Mmc/857.polyDFE.config.txt 
--  Model: C
--        eps_an        lambda     theta_bar             a 
-- 0.00066226638 0.01931952345 0.01013021647            -1 
--           S_d             b           p_b           S_b 
-- -78.707084553 0.12119249923 0.01919036305 7.73747617095 
--           r 2           r 3           r 4           r 5           r 6           r 7           r 8           r 9          r 10          r 11          r 12          r 13          r 14          r 15          r 16          r 17          r 18          r 19          r 20 
-- 0.86599118515 0.72187801385 0.62086596404 0.55737501092 0.52919488135 0.50657127214 0.49617190719 0.48781214380 0.49248223650 0.48556833658 0.52051266189 0.50907895769 0.52366903163 0.56258437971 0.59446239087 0.65047251325 0.71184700791 0.82885990355 1.06532138655 

---- Expected P_neut(i), 0 < i < n (neutral SFS per site) 
E[P_neut(1)] = 0.0101238002
E[P_neut(2)] = 0.0043836995
E[P_neut(3)] = 0.0024362359
E[P_neut(4)] = 0.0015715846
E[P_neut(5)] = 0.0011287697
E[P_neut(6)] = 0.0008931357
E[P_neut(7)] = 0.0007328739
E[P_neut(8)] = 0.0006281660
E[P_neut(9)] = 0.0005490039
E[P_neut(10)] = 0.0004988952
E[P_neut(11)] = 0.0004472413
E[P_neut(12)] = 0.0004395339
E[P_neut(13)] = 0.0003969213
E[P_neut(14)] = 0.0003792608
E[P_neut(15)] = 0.0003804364
E[P_neut(16)] = 0.0003771691
E[P_neut(17)] = 0.0003889710
E[P_neut(18)] = 0.0004032598
E[P_neut(19)] = 0.0004483389

---- Expected P_sel(i), 0 < i < n (selected SFS per site) 
E[P_sel(1)] = 0.0072365696
E[P_sel(2)] = 0.0028311678
E[P_sel(3)] = 0.0014955978
E[P_sel(4)] = 0.0009342209
E[P_sel(5)] = 0.0006558132
E[P_sel(6)] = 0.0005100351
E[P_sel(7)] = 0.0004129360
E[P_sel(8)] = 0.0003502160
E[P_sel(9)] = 0.0003035550
E[P_sel(10)] = 0.0002741057
E[P_sel(11)] = 0.0002446151
E[P_sel(12)] = 0.0002397344
E[P_sel(13)] = 0.0002162908
E[P_sel(14)] = 0.0002068971
E[P_sel(15)] = 0.0002082696
E[P_sel(16)] = 0.0002078354
E[P_sel(17)] = 0.0002166119
E[P_sel(18)] = 0.0002282812
E[P_sel(19)] = 0.0002607466

---- Expected D_neut and D_sel (neutral and selected divergence per site) 
E[D_neut] = 0.0198591203
E[D_sel] = 0.0125131992

---- Expected neutral and selected misattributed polymorphism per site
E[mis_neut] = 0.0005395968
E[mis_sel] = 0.0003231961

---- alpha_div = 0.240976
---- alpha_dfe = 0.240756

