---- Running command
---- ./polyDFE -d Mmc/858.polyDFE.config.txt -m C -e 
---- Performing inference using model C

---- Performing inference on Mmc/858.polyDFE.config.txt
---- No mutation variability. Using Poisson likelihood.


---- Calculating initial values

-- Starting local optimization
-- Optimizing all parameters
  it        eps_an        lambda     theta_bar           S_d             b           p_b           S_b           r 2           r 3           r 4           r 5           r 6           r 7           r 8           r 9          r 10          r 11          r 12          r 13          r 14          r 15          r 16          r 17          r 18          r 19          r 20           ln lk          grad status 
   0           0.1 0.01928542091 0.01135954527        -20000         0.208           0.1            20 0.87193382898 0.73270743642 0.64132850205 0.58163478443 0.55638725831 0.54062084198 0.53819025163 0.52827809473 0.55275388942 0.55464129730 0.58894927893 0.62874349192 0.66814997391 0.75300364393 0.86154767197 1.09131166428 1.56993811768             1             1 -1119953.525704 23171.1271438   -2 
 649 0.00150081799 0.01930694257 0.01014217682 -77.521894837 0.12184250996 0.02358913167 6.31050310292 0.86646070944 0.71980900595 0.62099343145 0.55578989915 0.52484448588 0.50771811247 0.49783649158 0.48676353145 0.49470894446 0.48105610415 0.50724281336 0.51254516912 0.52660480268 0.55838166700 0.58626413995 0.63669397053 0.69911014016 0.81313463410 1.07895719689 -284.8522112425 0.04263569389   -3 
-- Local optimization: stuck in the same solution
---- Best joint likelihood found -284.852211242585327 with gradient 0.04264

---- Results for Mmc/858.polyDFE.config.txt 
--  Model: C
--        eps_an        lambda     theta_bar             a 
-- 0.00150081799 0.01930694257 0.01014217682            -1 
--           S_d             b           p_b           S_b 
-- -77.521894837 0.12184250996 0.02358913167 6.31050310292 
--           r 2           r 3           r 4           r 5           r 6           r 7           r 8           r 9          r 10          r 11          r 12          r 13          r 14          r 15          r 16          r 17          r 18          r 19          r 20 
-- 0.86646070944 0.71980900595 0.62099343145 0.55578989915 0.52484448588 0.50771811247 0.49783649158 0.48676353145 0.49470894446 0.48105610415 0.50724281336 0.51254516912 0.52660480268 0.55838166700 0.58626413995 0.63669397053 0.69911014016 0.81313463410 1.07895719689 

---- Expected P_neut(i), 0 < i < n (neutral SFS per site) 
E[P_neut(1)] = 0.0101276067
E[P_neut(2)] = 0.0043878956
E[P_neut(3)] = 0.0024303946
E[P_neut(4)] = 0.0015727509
E[P_neut(5)] = 0.0011262585
E[P_neut(6)] = 0.0008864187
E[P_neut(7)] = 0.0007351199
E[P_neut(8)] = 0.0006308394
E[P_neut(9)] = 0.0005483804
E[P_neut(10)] = 0.0005017426
E[P_neut(11)] = 0.0004436990
E[P_neut(12)] = 0.0004290160
E[P_neut(13)] = 0.0004003750
E[P_neut(14)] = 0.0003822532
E[P_neut(15)] = 0.0003786724
E[P_neut(16)] = 0.0003734300
E[P_neut(17)] = 0.0003829329
E[P_neut(18)] = 0.0003999198
E[P_neut(19)] = 0.0004486204

---- Expected P_sel(i), 0 < i < n (selected SFS per site) 
E[P_sel(1)] = 0.0072565641
E[P_sel(2)] = 0.0028422031
E[P_sel(3)] = 0.0014970070
E[P_sel(4)] = 0.0009384188
E[P_sel(5)] = 0.0006570779
E[P_sel(6)] = 0.0005085268
E[P_sel(7)] = 0.0004162979
E[P_sel(8)] = 0.0003536606
E[P_sel(9)] = 0.0003050556
E[P_sel(10)] = 0.0002775043
E[P_sel(11)] = 0.0002444394
E[P_sel(12)] = 0.0002358468
E[P_sel(13)] = 0.0002200438
E[P_sel(14)] = 0.0002104615
E[P_sel(15)] = 0.0002093649
E[P_sel(16)] = 0.0002079485
E[P_sel(17)] = 0.0002156060
E[P_sel(18)] = 0.0002289702
E[P_sel(19)] = 0.0002641277

---- Expected D_neut and D_sel (neutral and selected divergence per site) 
E[D_neut] = 0.0198540913
E[D_sel] = 0.0124949406

---- Expected neutral and selected misattributed polymorphism per site
E[mis_neut] = 0.0005471487
E[mis_sel] = 0.0003296118

---- alpha_div = 0.244208
---- alpha_dfe = 0.244147

