---- Running command
---- ./polyDFE -d Mmc/859.polyDFE.config.txt -m C -e 
---- Performing inference using model C

---- Performing inference on Mmc/859.polyDFE.config.txt
---- No mutation variability. Using Poisson likelihood.


---- Calculating initial values

-- Starting local optimization
-- Optimizing all parameters
  it        eps_an        lambda     theta_bar           S_d             b           p_b           S_b           r 2           r 3           r 4           r 5           r 6           r 7           r 8           r 9          r 10          r 11          r 12          r 13          r 14          r 15          r 16          r 17          r 18          r 19          r 20           ln lk          grad status 
   0           0.1 0.01926778738 0.01135230381        -20000         0.208           0.1            20 0.87619301815 0.73298432652 0.64108319928 0.57869328909 0.56012063580 0.53970789560 0.53737779882 0.53229306159 0.55175205901 0.55631944191 0.58833321887 0.62936254758 0.66736257326 0.74811935863 0.86278864882 1.10854024480 1.58575503564             1             1 -1116322.015694 23141.3608284   -2 
 211 0.00577168472 0.01932361914 0.01020527018 -108.50923263 0.10441484248 0.00413511210 29.1604806800 0.86458761571 0.71392939564 0.61420760536 0.54859230583 0.52704561856 0.50309200580 0.49095532916 0.48082642324 0.48676577221 0.48257620802 0.50408701339 0.51673649910 0.51846919492 0.55625134873 0.58550326568 0.64159214583 0.67527215323 0.72309021219 1.00073086211 -297.5310152456 2.00983623546   -3 
-- Local optimization: stuck in the same solution
---- Best joint likelihood found -297.531015245651361 with gradient 2.00984

---- Results for Mmc/859.polyDFE.config.txt 
--  Model: C
--        eps_an        lambda     theta_bar             a 
-- 0.00577168472 0.01932361914 0.01020527018            -1 
--           S_d             b           p_b           S_b 
-- -108.50923263 0.10441484248 0.00413511210 29.1604806800 
--           r 2           r 3           r 4           r 5           r 6           r 7           r 8           r 9          r 10          r 11          r 12          r 13          r 14          r 15          r 16          r 17          r 18          r 19          r 20 
-- 0.86458761571 0.71392939564 0.61420760536 0.54859230583 0.52704561856 0.50309200580 0.49095532916 0.48082642324 0.48676577221 0.48257620802 0.50408701339 0.51673649910 0.51846919492 0.55625134873 0.58550326568 0.64159214583 0.67527215323 0.72309021219 1.00073086211 

---- Expected P_neut(i), 0 < i < n (neutral SFS per site) 
E[P_neut(1)] = 0.0101486102
E[P_neut(2)] = 0.0043884220
E[P_neut(3)] = 0.0024168199
E[P_neut(4)] = 0.0015601496
E[P_neut(5)] = 0.0011154282
E[P_neut(6)] = 0.0008934479
E[P_neut(7)] = 0.0007315637
E[P_neut(8)] = 0.0006251510
E[P_neut(9)] = 0.0005446554
E[P_neut(10)] = 0.0004967576
E[P_neut(11)] = 0.0004482737
E[P_neut(12)] = 0.0004298358
E[P_neut(13)] = 0.0004075409
E[P_neut(14)] = 0.0003809297
E[P_neut(15)] = 0.0003827247
E[P_neut(16)] = 0.0003803402
E[P_neut(17)] = 0.0003969484
E[P_neut(18)] = 0.0004061050
E[P_neut(19)] = 0.0004450458

---- Expected P_sel(i), 0 < i < n (selected SFS per site) 
E[P_sel(1)] = 0.0072207797
E[P_sel(2)] = 0.0028447873
E[P_sel(3)] = 0.0014958338
E[P_sel(4)] = 0.0009372320
E[P_sel(5)] = 0.0006556833
E[P_sel(6)] = 0.0005164106
E[P_sel(7)] = 0.0004170998
E[P_sel(8)] = 0.0003524055
E[P_sel(9)] = 0.0003041053
E[P_sel(10)] = 0.0002751167
E[P_sel(11)] = 0.0002465706
E[P_sel(12)] = 0.0002350915
E[P_sel(13)] = 0.0002219025
E[P_sel(14)] = 0.0002067698
E[P_sel(15)] = 0.0002074326
E[P_sel(16)] = 0.0002063550
E[P_sel(17)] = 0.0002164942
E[P_sel(18)] = 0.0002248765
E[P_sel(19)] = 0.0002587949

---- Expected D_neut and D_sel (neutral and selected divergence per site) 
E[D_neut] = 0.0198342556
E[D_sel] = 0.0125140495

---- Expected neutral and selected misattributed polymorphism per site
E[mis_neut] = 0.0005106364
E[mis_sel] = 0.0002949205

---- alpha_div = 0.190845
---- alpha_dfe = 0.191042

