---- Running command
---- ./polyDFE -d Mmc/86.polyDFE.config.txt -m C -e 
---- Performing inference using model C

---- Performing inference on Mmc/86.polyDFE.config.txt
---- No mutation variability. Using Poisson likelihood.


---- Calculating initial values

-- Starting local optimization
-- Optimizing all parameters
  it        eps_an        lambda     theta_bar           S_d             b           p_b           S_b           r 2           r 3           r 4           r 5           r 6           r 7           r 8           r 9          r 10          r 11          r 12          r 13          r 14          r 15          r 16          r 17          r 18          r 19          r 20           ln lk          grad status 
   0           0.1 0.01928706870 0.01135658701        -20000         0.208           0.1            20 0.87477874560 0.73331817237 0.64583498106 0.58587175336 0.55722427101 0.53867068734 0.53751165637 0.52960327518 0.55095681101 0.55411137295 0.60125187883 0.62918814763 0.66509044159 0.74943890173 0.86619351973 1.10426085594 1.58177057826             1             1 -1118138.759582 23201.4369935   -2 
1138 0.00025541978 0.01913338654 0.01014292811 -73.726039426 0.12709546642 0.02970491793 5.41593106194 0.86351639378 0.72119363837 0.62184882397 0.55918560120 0.52689481436 0.50888687630 0.49479097194 0.48423518113 0.49302075093 0.48625902875 0.52041304215 0.52015939234 0.52255525880 0.56169911937 0.58863782629 0.64997341925 0.71202391215 0.83910678240 1.42914037561 -274.9198192348 0.01782741500   -3 
-- Local optimization: stuck in the same solution
---- Best joint likelihood found -274.919819234841270 with gradient 0.01783

---- Results for Mmc/86.polyDFE.config.txt 
--  Model: C
--        eps_an        lambda     theta_bar             a 
-- 0.00025541978 0.01913338654 0.01014292811            -1 
--           S_d             b           p_b           S_b 
-- -73.726039426 0.12709546642 0.02970491793 5.41593106194 
--           r 2           r 3           r 4           r 5           r 6           r 7           r 8           r 9          r 10          r 11          r 12          r 13          r 14          r 15          r 16          r 17          r 18          r 19          r 20 
-- 0.86351639378 0.72119363837 0.62184882397 0.55918560120 0.52689481436 0.50888687630 0.49479097194 0.48423518113 0.49302075093 0.48625902875 0.52041304215 0.52015939234 0.52255525880 0.56169911937 0.58863782629 0.64997341925 0.71202391215 0.83910678240 1.42914037561 

---- Expected P_neut(i), 0 < i < n (neutral SFS per site) 
E[P_neut(1)] = 0.0101404518
E[P_neut(2)] = 0.0043782763
E[P_neut(3)] = 0.0024378147
E[P_neut(4)] = 0.0015765345
E[P_neut(5)] = 0.0011341631
E[P_neut(6)] = 0.0008905786
E[P_neut(7)] = 0.0007372872
E[P_neut(8)] = 0.0006272808
E[P_neut(9)] = 0.0005457043
E[P_neut(10)] = 0.0005000674
E[P_neut(11)] = 0.0004483967
E[P_neut(12)] = 0.0004399239
E[P_neut(13)] = 0.0004059262
E[P_neut(14)] = 0.0003787194
E[P_neut(15)] = 0.0003800110
E[P_neut(16)] = 0.0003734644
E[P_neut(17)] = 0.0003883257
E[P_neut(18)] = 0.0004022387
E[P_neut(19)] = 0.0004504236

---- Expected P_sel(i), 0 < i < n (selected SFS per site) 
E[P_sel(1)] = 0.0072569521
E[P_sel(2)] = 0.0028259719
E[P_sel(3)] = 0.0014945605
E[P_sel(4)] = 0.0009357533
E[P_sel(5)] = 0.0006580752
E[P_sel(6)] = 0.0005081176
E[P_sel(7)] = 0.0004153061
E[P_sel(8)] = 0.0003499006
E[P_sel(9)] = 0.0003021706
E[P_sel(10)] = 0.0002754542
E[P_sel(11)] = 0.0002461844
E[P_sel(12)] = 0.0002412026
E[P_sel(13)] = 0.0002226981
E[P_sel(14)] = 0.0002083480
E[P_sel(15)] = 0.0002101564
E[P_sel(16)] = 0.0002082361
E[P_sel(17)] = 0.0002191131
E[P_sel(18)] = 0.0002308000
E[P_sel(19)] = 0.0002647078

---- Expected D_neut and D_sel (neutral and selected divergence per site) 
E[D_neut] = 0.0198581700
E[D_sel] = 0.0125347961

---- Expected neutral and selected misattributed polymorphism per site
E[mis_neut] = 0.0007247834
E[mis_sel] = 0.0004387927

---- alpha_div = 0.265946
---- alpha_dfe = 0.265674

