---- Running command
---- ./polyDFE -d Mmc/860.polyDFE.config.txt -m C -e 
---- Performing inference using model C

---- Performing inference on Mmc/860.polyDFE.config.txt
---- No mutation variability. Using Poisson likelihood.


---- Calculating initial values

-- Starting local optimization
-- Optimizing all parameters
  it        eps_an        lambda     theta_bar           S_d             b           p_b           S_b           r 2           r 3           r 4           r 5           r 6           r 7           r 8           r 9          r 10          r 11          r 12          r 13          r 14          r 15          r 16          r 17          r 18          r 19          r 20           ln lk          grad status 
   0           0.1 0.01928361555 0.01133136739        -20000         0.208           0.1            20 0.87284076824 0.73562905592 0.64655507842 0.58392684719 0.56046579300 0.53954859035 0.54018822812 0.53651291739 0.55839058186 0.55961324698 0.59306787525 0.62928091257 0.66784974302 0.74666142025 0.87376457847 1.11728493330 1.57846675893             1             1 -1114003.901216 23147.3949424   -2 
 562 0.00057042921 0.01919400902 0.01011875810 -79.966938543 0.11920658912 0.01653750305 8.95107595694 0.86484899451 0.72077133777 0.62408806975 0.55514576668 0.52757488101 0.50746754977 0.49894786912 0.49274382102 0.49906835085 0.48450289190 0.51558485899  0.5183620303 0.53219992621 0.56529807599 0.59632189049 0.65366800838 0.71305066645 0.84116583175 1.29744900891 -290.0784651406 0.16983694310   -3 
-- Local optimization: stuck in the same solution
---- Best joint likelihood found -290.078465140613844 with gradient 0.16984

---- Results for Mmc/860.polyDFE.config.txt 
--  Model: C
--        eps_an        lambda     theta_bar             a 
-- 0.00057042921 0.01919400902 0.01011875810            -1 
--           S_d             b           p_b           S_b 
-- -79.966938543 0.11920658912 0.01653750305 8.95107595694 
--           r 2           r 3           r 4           r 5           r 6           r 7           r 8           r 9          r 10          r 11          r 12          r 13          r 14          r 15          r 16          r 17          r 18          r 19          r 20 
-- 0.86484899451 0.72077133777 0.62408806975 0.55514576668 0.52757488101 0.50746754977 0.49894786912 0.49274382102 0.49906835085 0.48450289190 0.51558485899  0.5183620303 0.53219992621 0.56529807599 0.59632189049 0.65366800838 0.71305066645 0.84116583175 1.29744900891 

---- Expected P_neut(i), 0 < i < n (neutral SFS per site) 
E[P_neut(1)] = 0.0101132416
E[P_neut(2)] = 0.0043733316
E[P_neut(3)] = 0.0024299388
E[P_neut(4)] = 0.0015780636
E[P_neut(5)] = 0.0011230538
E[P_neut(6)] = 0.0008894457
E[P_neut(7)] = 0.0007333748
E[P_neut(8)] = 0.0006309796
E[P_neut(9)] = 0.0005539333
E[P_neut(10)] = 0.0005049952
E[P_neut(11)] = 0.0004457497
E[P_neut(12)] = 0.0004348685
E[P_neut(13)] = 0.0004036637
E[P_neut(14)] = 0.0003849454
E[P_neut(15)] = 0.0003817643
E[P_neut(16)] = 0.0003778128
E[P_neut(17)] = 0.0003902418
E[P_neut(18)] = 0.0004031111
E[P_neut(19)] = 0.0004534930

---- Expected P_sel(i), 0 < i < n (selected SFS per site) 
E[P_sel(1)] = 0.0072350944
E[P_sel(2)] = 0.0028293506
E[P_sel(3)] = 0.0014949152
E[P_sel(4)] = 0.0009402385
E[P_sel(5)] = 0.0006540277
E[P_sel(6)] = 0.0005090998
E[P_sel(7)] = 0.0004141238
E[P_sel(8)] = 0.0003524941
E[P_sel(9)] = 0.0003068277
E[P_sel(10)] = 0.0002778742
E[P_sel(11)] = 0.0002440837
E[P_sel(12)] = 0.0002373744
E[P_sel(13)] = 0.0002200395
E[P_sel(14)] = 0.0002099681
E[P_sel(15)] = 0.0002088607
E[P_sel(16)] = 0.0002079521
E[P_sel(17)] = 0.0002169861
E[P_sel(18)] = 0.0002278328
E[P_sel(19)] = 0.0002635944

---- Expected D_neut and D_sel (neutral and selected divergence per site) 
E[D_neut] = 0.0198504377
E[D_sel] = 0.0125780057

---- Expected neutral and selected misattributed polymorphism per site
E[mis_neut] = 0.0006564286
E[mis_sel] = 0.0003935405

---- alpha_div = 0.237319
---- alpha_dfe = 0.237296

