---- Running command
---- ./polyDFE -d Mmc/861.polyDFE.config.txt -m C -e 
---- Performing inference using model C

---- Performing inference on Mmc/861.polyDFE.config.txt
---- No mutation variability. Using Poisson likelihood.


---- Calculating initial values

-- Starting local optimization
-- Optimizing all parameters
  it        eps_an        lambda     theta_bar           S_d             b           p_b           S_b           r 2           r 3           r 4           r 5           r 6           r 7           r 8           r 9          r 10          r 11          r 12          r 13          r 14          r 15          r 16          r 17          r 18          r 19          r 20           ln lk          grad status 
   0           0.1 0.01927498646 0.01135475668        -20000         0.208           0.1            20 0.87298792546 0.73245317467 0.64475310370 0.58407094458 0.55747857241 0.53982036305 0.54342129439 0.53759503575 0.55493435544 0.55382392138 0.59537317409 0.61806767349 0.67520403509 0.75185002710 0.85581752283 1.10775135868 1.57535523704             1             1 -1115894.805869 23183.7789322   -2 
 539 0.00085215984 0.01932250220 0.01013626831 -74.537407707 0.12716006375 0.02628648869 6.09356011860 0.86694934965 0.71770721144 0.62255773572 0.55712192950 0.52833525831 0.50908559762 0.50018655912 0.49186685887 0.49548503464 0.48353231063 0.51319698889 0.51302177847 0.53250392137 0.55920428431 0.59093034081 0.64445135104 0.70612213740 0.81971857507 1.03207482163 -295.8887928599 0.10440518736   -3 
-- Local optimization: stuck in the same solution
---- Best joint likelihood found -295.888792859914247 with gradient 0.10441

---- Results for Mmc/861.polyDFE.config.txt 
--  Model: C
--        eps_an        lambda     theta_bar             a 
-- 0.00085215984 0.01932250220 0.01013626831            -1 
--           S_d             b           p_b           S_b 
-- -74.537407707 0.12716006375 0.02628648869 6.09356011860 
--           r 2           r 3           r 4           r 5           r 6           r 7           r 8           r 9          r 10          r 11          r 12          r 13          r 14          r 15          r 16          r 17          r 18          r 19          r 20 
-- 0.86694934965 0.71770721144 0.62255773572 0.55712192950 0.52833525831 0.50908559762 0.50018655912 0.49186685887 0.49548503464 0.48353231063 0.51319698889 0.51302177847 0.53250392137 0.55920428431 0.59093034081 0.64445135104 0.70612213740 0.81971857507 1.03207482163 

---- Expected P_neut(i), 0 < i < n (neutral SFS per site) 
E[P_neut(1)] = 0.0101280032
E[P_neut(2)] = 0.0043904102
E[P_neut(3)] = 0.0024232186
E[P_neut(4)] = 0.0015765777
E[P_neut(5)] = 0.0011287870
E[P_neut(6)] = 0.0008921259
E[P_neut(7)] = 0.0007368881
E[P_neut(8)] = 0.0006335825
E[P_neut(9)] = 0.0005538737
E[P_neut(10)] = 0.0005022369
E[P_neut(11)] = 0.0004456572
E[P_neut(12)] = 0.0004336625
E[P_neut(13)] = 0.0004002970
E[P_neut(14)] = 0.0003859751
E[P_neut(15)] = 0.0003785234
E[P_neut(16)] = 0.0003753896
E[P_neut(17)] = 0.0003859938
E[P_neut(18)] = 0.0004010411
E[P_neut(19)] = 0.0004455749

---- Expected P_sel(i), 0 < i < n (selected SFS per site) 
E[P_sel(1)] = 0.0072274273
E[P_sel(2)] = 0.0028232395
E[P_sel(3)] = 0.0014792577
E[P_sel(4)] = 0.0009313571
E[P_sel(5)] = 0.0006515943
E[P_sel(6)] = 0.0005061897
E[P_sel(7)] = 0.0004126298
E[P_sel(8)] = 0.0003511921
E[P_sel(9)] = 0.0003046450
E[P_sel(10)] = 0.0002746913
E[P_sel(11)] = 0.0002428510
E[P_sel(12)] = 0.0002358971
E[P_sel(13)] = 0.0002177956
E[P_sel(14)] = 0.0002105101
E[P_sel(15)] = 0.0002074704
E[P_sel(16)] = 0.0002074170
E[P_sel(17)] = 0.0002158612
E[P_sel(18)] = 0.0002282678
E[P_sel(19)] = 0.0002606462

---- Expected D_neut and D_sel (neutral and selected divergence per site) 
E[D_neut] = 0.0198455716
E[D_sel] = 0.0125065998

---- Expected neutral and selected misattributed polymorphism per site
E[mis_neut] = 0.0005230694
E[mis_sel] = 0.0003147892

---- alpha_div = 0.263139
---- alpha_dfe = 0.262905

