---- Running command
---- ./polyDFE -d Mmc/862.polyDFE.config.txt -m C -e 
---- Performing inference using model C

---- Performing inference on Mmc/862.polyDFE.config.txt
---- No mutation variability. Using Poisson likelihood.


---- Calculating initial values

-- Starting local optimization
-- Optimizing all parameters
  it        eps_an        lambda     theta_bar           S_d             b           p_b           S_b           r 2           r 3           r 4           r 5           r 6           r 7           r 8           r 9          r 10          r 11          r 12          r 13          r 14          r 15          r 16          r 17          r 18          r 19          r 20           ln lk          grad status 
   0           0.1 0.01921724765 0.01138722561        -20000         0.208           0.1            20 0.87060350470 0.73474471190 0.63855356303 0.57937552783 0.55557159326 0.53770910478 0.53024232442 0.52526620451 0.55984689147 0.55404475428 0.58570181766 0.62120796358 0.67078035248 0.74497714077 0.85649630117 1.11299695335 1.58024568191             1             1 -1109315.081874 23044.8659484   -2 
 393 0.00405388662 0.01927050683 0.01021552193 -109.96320678 0.10499266108 0.00466571052 26.9762672280 0.86045524291 0.71647984695 0.61299831090 0.54914923835 0.52475000406 0.50236194441 0.48720930391 0.48131034385 0.49487732419 0.47977193691 0.50573032804 0.51415182528 0.52080688665 0.55494488451 0.58315610121 0.64184717476 0.69243439236 0.76933138628 1.01001017790 -299.4200193232 0.23526150634   -3 
-- Local optimization: stuck in the same solution
---- Best joint likelihood found -299.420019323209999 with gradient 0.23526

---- Results for Mmc/862.polyDFE.config.txt 
--  Model: C
--        eps_an        lambda     theta_bar             a 
-- 0.00405388662 0.01927050683 0.01021552193            -1 
--           S_d             b           p_b           S_b 
-- -109.96320678 0.10499266108 0.00466571052 26.9762672280 
--           r 2           r 3           r 4           r 5           r 6           r 7           r 8           r 9          r 10          r 11          r 12          r 13          r 14          r 15          r 16          r 17          r 18          r 19          r 20 
-- 0.86045524291 0.71647984695 0.61299831090 0.54914923835 0.52475000406 0.50236194441 0.48720930391 0.48131034385 0.49487732419 0.47977193691 0.50573032804 0.51415182528 0.52080688665 0.55494488451 0.58315610121 0.64184717476 0.69243439236 0.76933138628 1.01001017790 

---- Expected P_neut(i), 0 < i < n (neutral SFS per site) 
E[P_neut(1)] = 0.0101757862
E[P_neut(2)] = 0.0043787760
E[P_neut(3)] = 0.0024314117
E[P_neut(4)] = 0.0015606873
E[P_neut(5)] = 0.0011189530
E[P_neut(6)] = 0.0008913512
E[P_neut(7)] = 0.0007317929
E[P_neut(8)] = 0.0006213604
E[P_neut(9)] = 0.0005459067
E[P_neut(10)] = 0.0005055430
E[P_neut(11)] = 0.0004459649
E[P_neut(12)] = 0.0004313017
E[P_neut(13)] = 0.0004053595
E[P_neut(14)] = 0.0003821037
E[P_neut(15)] = 0.0003809530
E[P_neut(16)] = 0.0003771648
E[P_neut(17)] = 0.0003940212
E[P_neut(18)] = 0.0004092003
E[P_neut(19)] = 0.0004533737

---- Expected P_sel(i), 0 < i < n (selected SFS per site) 
E[P_sel(1)] = 0.0072232165
E[P_sel(2)] = 0.0028306233
E[P_sel(3)] = 0.0015004235
E[P_sel(4)] = 0.0009347170
E[P_sel(5)] = 0.0006557463
E[P_sel(6)] = 0.0005136237
E[P_sel(7)] = 0.0004159663
E[P_sel(8)] = 0.0003492225
E[P_sel(9)] = 0.0003039131
E[P_sel(10)] = 0.0002791875
E[P_sel(11)] = 0.0002446305
E[P_sel(12)] = 0.0002352794
E[P_sel(13)] = 0.0002201761
E[P_sel(14)] = 0.0002069363
E[P_sel(15)] = 0.0002060514
E[P_sel(16)] = 0.0002042508
E[P_sel(17)] = 0.0002145044
E[P_sel(18)] = 0.0002259251
E[P_sel(19)] = 0.0002613413

---- Expected D_neut and D_sel (neutral and selected divergence per site) 
E[D_neut] = 0.0197863959
E[D_sel] = 0.0125377527

---- Expected neutral and selected misattributed polymorphism per site
E[mis_neut] = 0.0005158891
E[mis_sel] = 0.0002990854

---- alpha_div = 0.198592
---- alpha_dfe = 0.198604

