---- Running command
---- ./polyDFE -d Mmc/863.polyDFE.config.txt -m C -e 
---- Performing inference using model C

---- Performing inference on Mmc/863.polyDFE.config.txt
---- No mutation variability. Using Poisson likelihood.


---- Calculating initial values

-- Starting local optimization
-- Optimizing all parameters
  it        eps_an        lambda     theta_bar           S_d             b           p_b           S_b           r 2           r 3           r 4           r 5           r 6           r 7           r 8           r 9          r 10          r 11          r 12          r 13          r 14          r 15          r 16          r 17          r 18          r 19          r 20           ln lk          grad status 
   0           0.1 0.01926758735 0.01137183336        -20000         0.208           0.1            20 0.87144663811 0.73839853525 0.64478957164 0.58710420728 0.55767458239 0.54121621903 0.53426384062 0.53214871525 0.55544507200 0.55101049950 0.59197424010 0.62447345131 0.65751861366 0.74527049599 0.85570173439 1.11126044010 1.56845683144             1             1 -1112275.830100 23098.0944332   -2 
 409 0.00434032620 0.01932621471 0.01020137318 -98.117295642 0.11001069098 0.00868184805 15.2971113352 0.86317805614 0.72145386757 0.61756584423 0.55430686207 0.52516943935 0.50705735284 0.48835553303 0.48324449042 0.49457685264 0.48109722611 0.51265484054 0.51169890996 0.51570062128 0.55191675057 0.57687204202 0.63959196861 0.68402276069 0.75692743674 0.99691545337 -320.0700660273 0.85053838918   -3 
-- Local optimization: stuck in the same solution
---- Best joint likelihood found -320.070066027386929 with gradient 0.85054

---- Results for Mmc/863.polyDFE.config.txt 
--  Model: C
--        eps_an        lambda     theta_bar             a 
-- 0.00434032620 0.01932621471 0.01020137318            -1 
--           S_d             b           p_b           S_b 
-- -98.117295642 0.11001069098 0.00868184805 15.2971113352 
--           r 2           r 3           r 4           r 5           r 6           r 7           r 8           r 9          r 10          r 11          r 12          r 13          r 14          r 15          r 16          r 17          r 18          r 19          r 20 
-- 0.86317805614 0.72145386757 0.61756584423 0.55430686207 0.52516943935 0.50705735284 0.48835553303 0.48324449042 0.49457685264 0.48109722611 0.51265484054 0.51169890996 0.51570062128 0.55191675057 0.57687204202 0.63959196861 0.68402276069 0.75692743674 0.99691545337 

---- Expected P_neut(i), 0 < i < n (neutral SFS per site) 
E[P_neut(1)] = 0.0101588598
E[P_neut(2)] = 0.0043853737
E[P_neut(3)] = 0.0024442912
E[P_neut(4)] = 0.0015697653
E[P_neut(5)] = 0.0011276587
E[P_neut(6)] = 0.0008906637
E[P_neut(7)] = 0.0007374900
E[P_neut(8)] = 0.0006219258
E[P_neut(9)] = 0.0005473099
E[P_neut(10)] = 0.0005045363
E[P_neut(11)] = 0.0004466093
E[P_neut(12)] = 0.0004366266
E[P_neut(13)] = 0.0004030054
E[P_neut(14)] = 0.0003780198
E[P_neut(15)] = 0.0003786334
E[P_neut(16)] = 0.0003730451
E[P_neut(17)] = 0.0003927890
E[P_neut(18)] = 0.0004050921
E[P_neut(19)] = 0.0004489186

---- Expected P_sel(i), 0 < i < n (selected SFS per site) 
E[P_sel(1)] = 0.0072247830
E[P_sel(2)] = 0.0028325647
E[P_sel(3)] = 0.0015049774
E[P_sel(4)] = 0.0009373129
E[P_sel(5)] = 0.0006585877
E[P_sel(6)] = 0.0005113978
E[P_sel(7)] = 0.0004177339
E[P_sel(8)] = 0.0003483949
E[P_sel(9)] = 0.0003038198
E[P_sel(10)] = 0.0002779952
E[P_sel(11)] = 0.0002446170
E[P_sel(12)] = 0.0002380694
E[P_sel(13)] = 0.0002190768
E[P_sel(14)] = 0.0002052273
E[P_sel(15)] = 0.0002057226
E[P_sel(16)] = 0.0002034547
E[P_sel(17)] = 0.0002160181
E[P_sel(18)] = 0.0002267048
E[P_sel(19)] = 0.0002625915

---- Expected D_neut and D_sel (neutral and selected divergence per site) 
E[D_neut] = 0.0198347100
E[D_sel] = 0.0125388572

---- Expected neutral and selected misattributed polymorphism per site
E[mis_neut] = 0.0005084953
E[mis_sel] = 0.0002996883

---- alpha_div = 0.210865
---- alpha_dfe = 0.211054

