---- Running command
---- ./polyDFE -d Mmc/864.polyDFE.config.txt -m C -e 
---- Performing inference using model C

---- Performing inference on Mmc/864.polyDFE.config.txt
---- No mutation variability. Using Poisson likelihood.


---- Calculating initial values

-- Starting local optimization
-- Optimizing all parameters
  it        eps_an        lambda     theta_bar           S_d             b           p_b           S_b           r 2           r 3           r 4           r 5           r 6           r 7           r 8           r 9          r 10          r 11          r 12          r 13          r 14          r 15          r 16          r 17          r 18          r 19          r 20           ln lk          grad status 
   0           0.1 0.01931048621 0.01136894013        -20000         0.208           0.1            20 0.87211510200 0.73387052942 0.63724264025 0.57985020451 0.55703272281 0.53808474968 0.54029773800 0.52902484519 0.55393261033 0.55656483689 0.59124996812 0.61790803662 0.67288655986 0.75533553748 0.85352858571 1.10153888103 1.58162895585             1             1 -1114546.872198 23164.5593828   -2 
 298 0.00434684933 0.01936084878 0.01020514171 -111.37578419 0.10385678511 0.00358805527 34.1387297172 0.86041932318 0.71659134681 0.61201852544 0.55037153762 0.52373796782 0.50182815353 0.49480506906 0.47759615571 0.48905632403 0.48643358790 0.50790509070 0.51203710467 0.52636367922 0.55727506006 0.58054777108 0.63654870262 0.69180634016 0.76061190119 1.01370419784 -294.6116164809 0.22251134068   -3 
-- Local optimization: stuck in the same solution
---- Best joint likelihood found -294.611616480979137 with gradient 0.22251

---- Results for Mmc/864.polyDFE.config.txt 
--  Model: C
--        eps_an        lambda     theta_bar             a 
-- 0.00434684933 0.01936084878 0.01020514171            -1 
--           S_d             b           p_b           S_b 
-- -111.37578419 0.10385678511 0.00358805527 34.1387297172 
--           r 2           r 3           r 4           r 5           r 6           r 7           r 8           r 9          r 10          r 11          r 12          r 13          r 14          r 15          r 16          r 17          r 18          r 19          r 20 
-- 0.86041932318 0.71659134681 0.61201852544 0.55037153762 0.52373796782 0.50182815353 0.49480506906 0.47759615571 0.48905632403 0.48643358790 0.50790509070 0.51203710467 0.52636367922 0.55727506006 0.58054777108 0.63654870262 0.69180634016 0.76061190119 1.01370419784 

---- Expected P_neut(i), 0 < i < n (neutral SFS per site) 
E[P_neut(1)] = 0.0101625573
E[P_neut(2)] = 0.0043729713
E[P_neut(3)] = 0.0024287037
E[P_neut(4)] = 0.0015562562
E[P_neut(5)] = 0.0011200890
E[P_neut(6)] = 0.0008885990
E[P_neut(7)] = 0.0007301710
E[P_neut(8)] = 0.0006303283
E[P_neut(9)] = 0.0005411561
E[P_neut(10)] = 0.0004990889
E[P_neut(11)] = 0.0004516763
E[P_neut(12)] = 0.0004328031
E[P_neut(13)] = 0.0004033876
E[P_neut(14)] = 0.0003858912
E[P_neut(15)] = 0.0003823729
E[P_neut(16)] = 0.0003754635
E[P_neut(17)] = 0.0003910568
E[P_neut(18)] = 0.0004096005
E[P_neut(19)] = 0.0004511187

---- Expected P_sel(i), 0 < i < n (selected SFS per site) 
E[P_sel(1)] = 0.0072202118
E[P_sel(2)] = 0.0028312792
E[P_sel(3)] = 0.0015015519
E[P_sel(4)] = 0.0009339412
E[P_sel(5)] = 0.0006577716
E[P_sel(6)] = 0.0005130952
E[P_sel(7)] = 0.0004158788
E[P_sel(8)] = 0.0003549383
E[P_sel(9)] = 0.0003017967
E[P_sel(10)] = 0.0002760505
E[P_sel(11)] = 0.0002480814
E[P_sel(12)] = 0.0002363223
E[P_sel(13)] = 0.0002192183
E[P_sel(14)] = 0.0002089792
E[P_sel(15)] = 0.0002066665
E[P_sel(16)] = 0.0002029981
E[P_sel(17)] = 0.0002123065
E[P_sel(18)] = 0.0002252282
E[P_sel(19)] = 0.0002589009

---- Expected D_neut and D_sel (neutral and selected divergence per site) 
E[D_neut] = 0.0198780985
E[D_sel] = 0.0125845207

---- Expected neutral and selected misattributed polymorphism per site
E[mis_neut] = 0.0005172497
E[mis_sel] = 0.0002974901

---- alpha_div = 0.193202
---- alpha_dfe = 0.193273

