---- Running command
---- ./polyDFE -d Mmc/865.polyDFE.config.txt -m C -e 
---- Performing inference using model C

---- Performing inference on Mmc/865.polyDFE.config.txt
---- No mutation variability. Using Poisson likelihood.


---- Calculating initial values

-- Starting local optimization
-- Optimizing all parameters
  it        eps_an        lambda     theta_bar           S_d             b           p_b           S_b           r 2           r 3           r 4           r 5           r 6           r 7           r 8           r 9          r 10          r 11          r 12          r 13          r 14          r 15          r 16          r 17          r 18          r 19          r 20           ln lk          grad status 
   0           0.1 0.01928077681 0.01133682779        -20000         0.208           0.1            20 0.87850889382 0.73747953776 0.64508026931 0.58795918412 0.55972218019 0.53960550936 0.53784519267 0.53123942028 0.55680920594 0.56263225663 0.60458547853 0.61623329671 0.66378861473 0.75373883818 0.86514744220 1.12089529479 1.59172174717             1             1 -1117486.210420 23155.8856954   -2 
 550 0.00185082493 0.01930466818 0.01013862419 -71.402101797 0.12607380814 0.02100093981 7.37687643867 0.86925779651 0.72110672085 0.62300699641 0.55882048787 0.53096888803 0.50913865250 0.49835776328 0.48339519119 0.50087786558 0.48948666664 0.51770842625 0.51028183693 0.52519777653 0.55747363057 0.58575296394 0.65212545962 0.70539021250 0.80043768230 1.07662035877 -269.9929556869 0.09987652171   -3 
-- Local optimization: stuck in the same solution
---- Best joint likelihood found -269.992955686961068 with gradient 0.09988

---- Results for Mmc/865.polyDFE.config.txt 
--  Model: C
--        eps_an        lambda     theta_bar             a 
-- 0.00185082493 0.01930466818 0.01013862419            -1 
--           S_d             b           p_b           S_b 
-- -71.402101797 0.12607380814 0.02100093981 7.37687643867 
--           r 2           r 3           r 4           r 5           r 6           r 7           r 8           r 9          r 10          r 11          r 12          r 13          r 14          r 15          r 16          r 17          r 18          r 19          r 20 
-- 0.86925779651 0.72110672085 0.62300699641 0.55882048787 0.53096888803 0.50913865250 0.49835776328 0.48339519119 0.50087786558 0.48948666664 0.51770842625 0.51028183693 0.52519777653 0.55747363057 0.58575296394 0.65212545962 0.70539021250 0.80043768230 1.07662035877 

---- Expected P_neut(i), 0 < i < n (neutral SFS per site) 
E[P_neut(1)] = 0.0101206499
E[P_neut(2)] = 0.0043991187
E[P_neut(3)] = 0.0024332194
E[P_neut(4)] = 0.0015768728
E[P_neut(5)] = 0.0011317343
E[P_neut(6)] = 0.0008962590
E[P_neut(7)] = 0.0007367954
E[P_neut(8)] = 0.0006312234
E[P_neut(9)] = 0.0005443785
E[P_neut(10)] = 0.0005078212
E[P_neut(11)] = 0.0004513293
E[P_neut(12)] = 0.0004377637
E[P_neut(13)] = 0.0003985941
E[P_neut(14)] = 0.0003812983
E[P_neut(15)] = 0.0003782009
E[P_neut(16)] = 0.0003734063
E[P_neut(17)] = 0.0003927115
E[P_neut(18)] = 0.0004047363
E[P_neut(19)] = 0.0004450973

---- Expected P_sel(i), 0 < i < n (selected SFS per site) 
E[P_sel(1)] = 0.0072518336
E[P_sel(2)] = 0.0028407204
E[P_sel(3)] = 0.0014911282
E[P_sel(4)] = 0.0009347584
E[P_sel(5)] = 0.0006552483
E[P_sel(6)] = 0.0005097898
E[P_sel(7)] = 0.0004133613
E[P_sel(8)] = 0.0003503326
E[P_sel(9)] = 0.0002996057
E[P_sel(10)] = 0.0002777147
E[P_sel(11)] = 0.0002457226
E[P_sel(12)] = 0.0002377165
E[P_sel(13)] = 0.0002163031
E[P_sel(14)] = 0.0002072270
E[P_sel(15)] = 0.0002063757
E[P_sel(16)] = 0.0002052456
E[P_sel(17)] = 0.0002183700
E[P_sel(18)] = 0.0002292047
E[P_sel(19)] = 0.0002602503

---- Expected D_neut and D_sel (neutral and selected divergence per site) 
E[D_neut] = 0.0198504406
E[D_sel] = 0.0125165623

---- Expected neutral and selected misattributed polymorphism per site
E[mis_neut] = 0.0005457725
E[mis_sel] = 0.0003269750

---- alpha_div = 0.251761
---- alpha_dfe = 0.251525

