---- Running command
---- ./polyDFE -d Mmc/866.polyDFE.config.txt -m C -e 
---- Performing inference using model C

---- Performing inference on Mmc/866.polyDFE.config.txt
---- No mutation variability. Using Poisson likelihood.


---- Calculating initial values

-- Starting local optimization
-- Optimizing all parameters
  it        eps_an        lambda     theta_bar           S_d             b           p_b           S_b           r 2           r 3           r 4           r 5           r 6           r 7           r 8           r 9          r 10          r 11          r 12          r 13          r 14          r 15          r 16          r 17          r 18          r 19          r 20           ln lk          grad status 
   0           0.1 0.01928121381 0.01135261019        -20000         0.208           0.1            20 0.86918075296 0.73101217170 0.64351034087 0.58010749871 0.56097698727 0.54133359059 0.53427516074 0.53119839846 0.55542912166 0.55269560279 0.59409195886 0.62264067048 0.66630632094 0.75484092847 0.86485966127 1.11204120757 1.57946489108             1             1 -1115493.321515 23129.0901776   -2 
 750 0.00078997043 0.01930931212 0.01013749473 -81.823748439 0.11765893403  0.0156089866 9.16867809100 0.86103377526 0.71842480733 0.62068759737 0.55445179744 0.52906785390 0.50664599549 0.49591764783 0.48398887532 0.49667771073 0.48250978986 0.51110529332 0.51421652802 0.52937916127 0.56545353318 0.59238119066 0.65341934544 0.71282210793 0.82571746760 1.06910961944 -276.0790593610 0.02685606873   -3 
-- Local optimization: stuck in the same solution
---- Best joint likelihood found -276.079059361043619 with gradient 0.02686

---- Results for Mmc/866.polyDFE.config.txt 
--  Model: C
--        eps_an        lambda     theta_bar             a 
-- 0.00078997043 0.01930931212 0.01013749473            -1 
--           S_d             b           p_b           S_b 
-- -81.823748439 0.11765893403  0.0156089866 9.16867809100 
--           r 2           r 3           r 4           r 5           r 6           r 7           r 8           r 9          r 10          r 11          r 12          r 13          r 14          r 15          r 16          r 17          r 18          r 19          r 20 
-- 0.86103377526 0.71842480733 0.62068759737 0.55445179744 0.52906785390 0.50664599549 0.49591764783 0.48398887532 0.49667771073 0.48250978986 0.51110529332 0.51421652802 0.52937916127 0.56545353318 0.59238119066 0.65341934544 0.71282210793 0.82571746760 1.06910961944 

---- Expected P_neut(i), 0 < i < n (neutral SFS per site) 
E[P_neut(1)] = 0.0101298344
E[P_neut(2)] = 0.0043612321
E[P_neut(3)] = 0.0024260659
E[P_neut(4)] = 0.0015721081
E[P_neut(5)] = 0.0011235643
E[P_neut(6)] = 0.0008935004
E[P_neut(7)] = 0.0007334687
E[P_neut(8)] = 0.0006282650
E[P_neut(9)] = 0.0005450800
E[P_neut(10)] = 0.0005035068
E[P_neut(11)] = 0.0004447558
E[P_neut(12)] = 0.0004319326
E[P_neut(13)] = 0.0004012527
E[P_neut(14)] = 0.0003837304
E[P_neut(15)] = 0.0003827383
E[P_neut(16)] = 0.0003762750
E[P_neut(17)] = 0.0003912591
E[P_neut(18)] = 0.0004045878
E[P_neut(19)] = 0.0004482238

---- Expected P_sel(i), 0 < i < n (selected SFS per site) 
E[P_sel(1)] = 0.0072480016
E[P_sel(2)] = 0.0028243158
E[P_sel(3)] = 0.0014947178
E[P_sel(4)] = 0.0009383220
E[P_sel(5)] = 0.0006555753
E[P_sel(6)] = 0.0005124476
E[P_sel(7)] = 0.0004150267
E[P_sel(8)] = 0.0003516974
E[P_sel(9)] = 0.0003025306
E[P_sel(10)] = 0.0002775898
E[P_sel(11)] = 0.0002439800
E[P_sel(12)] = 0.0002361597
E[P_sel(13)] = 0.0002190388
E[P_sel(14)] = 0.0002095494
E[P_sel(15)] = 0.0002095677
E[P_sel(16)] = 0.0002071950
E[P_sel(17)] = 0.0002175436
E[P_sel(18)] = 0.0002285556
E[P_sel(19)] = 0.0002604478

---- Expected D_neut and D_sel (neutral and selected divergence per site) 
E[D_neut] = 0.0198512168
E[D_sel] = 0.0125386262

---- Expected neutral and selected misattributed polymorphism per site
E[mis_neut] = 0.0005419047
E[mis_sel] = 0.0003240403

---- alpha_div = 0.230257
---- alpha_dfe = 0.230053

