---- Running command
---- ./polyDFE -d Mmc/867.polyDFE.config.txt -m C -e 
---- Performing inference using model C

---- Performing inference on Mmc/867.polyDFE.config.txt
---- No mutation variability. Using Poisson likelihood.


---- Calculating initial values

-- Starting local optimization
-- Optimizing all parameters
  it        eps_an        lambda     theta_bar           S_d             b           p_b           S_b           r 2           r 3           r 4           r 5           r 6           r 7           r 8           r 9          r 10          r 11          r 12          r 13          r 14          r 15          r 16          r 17          r 18          r 19          r 20           ln lk          grad status 
   0           0.1 0.01927805944 0.01135610659        -20000         0.208           0.1            20 0.87493834214 0.73642039521 0.64147326674 0.58525941071 0.55968023028 0.53969081315 0.53526273143 0.53393492597 0.55250037050 0.55896820103 0.59069808527 0.62311496539 0.66054505161 0.75350867537 0.86230331707 1.11082870539 1.58070006863             1             1 -1115306.228236 23156.1710361   -2 
 740 0.00090364476 0.01931326850 0.01014108690 -76.939200966 0.12362704681 0.02301869059 6.76355179633 0.86666662166 0.72299630961 0.61922216563 0.55934881919 0.53106944788 0.50531050578 0.49680744626 0.48462021404 0.49583425053 0.48725089574 0.50954918574 0.51464280796 0.52123966212 0.55996159047 0.58948412204 0.64601128204 0.71161854379 0.82163679711 1.05287362891 -270.0231234410 0.05325885258   -3 
-- Local optimization: stuck in the same solution
---- Best joint likelihood found -270.023123441031203 with gradient 0.05326

---- Results for Mmc/867.polyDFE.config.txt 
--  Model: C
--        eps_an        lambda     theta_bar             a 
-- 0.00090364476 0.01931326850 0.01014108690            -1 
--           S_d             b           p_b           S_b 
-- -76.939200966 0.12362704681 0.02301869059 6.76355179633 
--           r 2           r 3           r 4           r 5           r 6           r 7           r 8           r 9          r 10          r 11          r 12          r 13          r 14          r 15          r 16          r 17          r 18          r 19          r 20 
-- 0.86666662166 0.72299630961 0.61922216563 0.55934881919 0.53106944788 0.50531050578 0.49680744626 0.48462021404 0.49583425053 0.48725089574 0.50954918574 0.51464280796 0.52123966212 0.55996159047 0.58948412204 0.64601128204 0.71161854379 0.82163679711 1.05287362891 

---- Expected P_neut(i), 0 < i < n (neutral SFS per site) 
E[P_neut(1)] = 0.0101323192
E[P_neut(2)] = 0.0043908620
E[P_neut(3)] = 0.0024421292
E[P_neut(4)] = 0.0015688154
E[P_neut(5)] = 0.0011337979
E[P_neut(6)] = 0.0008971336
E[P_neut(7)] = 0.0007317581
E[P_neut(8)] = 0.0006295910
E[P_neut(9)] = 0.0005459764
E[P_neut(10)] = 0.0005028298
E[P_neut(11)] = 0.0004492924
E[P_neut(12)] = 0.0004307952
E[P_neut(13)] = 0.0004017632
E[P_neut(14)] = 0.0003780368
E[P_neut(15)] = 0.0003792577
E[P_neut(16)] = 0.0003747066
E[P_neut(17)] = 0.0003872283
E[P_neut(18)] = 0.0004045302
E[P_neut(19)] = 0.0004473092

---- Expected P_sel(i), 0 < i < n (selected SFS per site) 
E[P_sel(1)] = 0.0072405039
E[P_sel(2)] = 0.0028324152
E[P_sel(3)] = 0.0014968543
E[P_sel(4)] = 0.0009309936
E[P_sel(5)] = 0.0006576406
E[P_sel(6)] = 0.0005115408
E[P_sel(7)] = 0.0004117767
E[P_sel(8)] = 0.0003506675
E[P_sel(9)] = 0.0003017022
E[P_sel(10)] = 0.0002762311
E[P_sel(11)] = 0.0002458368
E[P_sel(12)] = 0.0002352095
E[P_sel(13)] = 0.0002193089
E[P_sel(14)] = 0.0002067517
E[P_sel(15)] = 0.0002083332
E[P_sel(16)] = 0.0002073798
E[P_sel(17)] = 0.0002167943
E[P_sel(18)] = 0.0002304339
E[P_sel(19)] = 0.0002619676

---- Expected D_neut and D_sel (neutral and selected divergence per site) 
E[D_neut] = 0.0198471327
E[D_sel] = 0.0125491801

---- Expected neutral and selected misattributed polymorphism per site
E[mis_neut] = 0.0005338641
E[mis_sel] = 0.0003216775

---- alpha_div = 0.253270
---- alpha_dfe = 0.253161

