---- Running command
---- ./polyDFE -d Mmc/868.polyDFE.config.txt -m C -e 
---- Performing inference using model C

---- Performing inference on Mmc/868.polyDFE.config.txt
---- No mutation variability. Using Poisson likelihood.


---- Calculating initial values

-- Starting local optimization
-- Optimizing all parameters
  it        eps_an        lambda     theta_bar           S_d             b           p_b           S_b           r 2           r 3           r 4           r 5           r 6           r 7           r 8           r 9          r 10          r 11          r 12          r 13          r 14          r 15          r 16          r 17          r 18          r 19          r 20           ln lk          grad status 
   0           0.1 0.01928254788 0.01132835209        -20000         0.208           0.1            20 0.87364143105 0.74091821785 0.64305720131 0.58571528788 0.55853414850 0.53944352776 0.54545974933 0.52992905106 0.55989221082 0.55865410060 0.59822692614 0.62236419116 0.66125867700 0.75729779052 0.85736122315 1.10719017893 1.59302709939             1             1 -1114645.544405 23127.1116793   -2 
 287 0.00169027518 0.01937167577 0.01013051257 -78.707738315 0.12153800168 0.02041147829 7.37529813889 0.86496153861 0.72513021379 0.61849453242 0.55848461332 0.53118233948 0.50833778855 0.50036689764 0.48793001510 0.49762137363 0.48645615364 0.51352630460 0.51368413033 0.52087388073 0.56495229402 0.58019463918 0.64123229054 0.70927445318 0.81058685236 0.94652212159 -274.4644977755 1.02557048151   -8 
-- Local optimization: reached maximum number of likelihood evaluations allowed.
---- Best joint likelihood found -274.464497775508789 with gradient 1.02557

---- Results for Mmc/868.polyDFE.config.txt 
--  Model: C
--        eps_an        lambda     theta_bar             a 
-- 0.00169027518 0.01937167577 0.01013051257            -1 
--           S_d             b           p_b           S_b 
-- -78.707738315 0.12153800168 0.02041147829 7.37529813889 
--           r 2           r 3           r 4           r 5           r 6           r 7           r 8           r 9          r 10          r 11          r 12          r 13          r 14          r 15          r 16          r 17          r 18          r 19          r 20 
-- 0.86496153861 0.72513021379 0.61849453242 0.55848461332 0.53118233948 0.50833778855 0.50036689764 0.48793001510 0.49762137363 0.48645615364 0.51352630460 0.51368413033 0.52087388073 0.56495229402 0.58019463918 0.64123229054 0.70927445318 0.81058685236 0.94652212159 

---- Expected P_neut(i), 0 < i < n (neutral SFS per site) 
E[P_neut(1)] = 0.0101141197
E[P_neut(2)] = 0.0043745211
E[P_neut(3)] = 0.0024451539
E[P_neut(4)] = 0.0015643899
E[P_neut(5)] = 0.0011302794
E[P_neut(6)] = 0.0008959794
E[P_neut(7)] = 0.0007351077
E[P_neut(8)] = 0.0006332834
E[P_neut(9)] = 0.0005490490
E[P_neut(10)] = 0.0005041160
E[P_neut(11)] = 0.0004481756
E[P_neut(12)] = 0.0004338619
E[P_neut(13)] = 0.0004008656
E[P_neut(14)] = 0.0003777874
E[P_neut(15)] = 0.0003828181
E[P_neut(16)] = 0.0003693811
E[P_neut(17)] = 0.0003856113
E[P_neut(18)] = 0.0004059149
E[P_neut(19)] = 0.0004485855

---- Expected P_sel(i), 0 < i < n (selected SFS per site) 
E[P_sel(1)] = 0.0072290212
E[P_sel(2)] = 0.0028249598
E[P_sel(3)] = 0.0015009908
E[P_sel(4)] = 0.0009299618
E[P_sel(5)] = 0.0006567642
E[P_sel(6)] = 0.0005117741
E[P_sel(7)] = 0.0004143409
E[P_sel(8)] = 0.0003532456
E[P_sel(9)] = 0.0003037825
E[P_sel(10)] = 0.0002772111
E[P_sel(11)] = 0.0002453880
E[P_sel(12)] = 0.0002369506
E[P_sel(13)] = 0.0002187861
E[P_sel(14)] = 0.0002064852
E[P_sel(15)] = 0.0002100470
E[P_sel(16)] = 0.0002040965
E[P_sel(17)] = 0.0002154537
E[P_sel(18)] = 0.0002307927
E[P_sel(19)] = 0.0002628998

---- Expected D_neut and D_sel (neutral and selected divergence per site) 
E[D_neut] = 0.0198511135
E[D_sel] = 0.0125304557

---- Expected neutral and selected misattributed polymorphism per site
E[mis_neut] = 0.0004794377
E[mis_sel] = 0.0002879407

---- alpha_div = 0.244290
---- alpha_dfe = 0.244203

