---- Running command
---- ./polyDFE -d Mmc/869.polyDFE.config.txt -m C -e 
---- Performing inference using model C

---- Performing inference on Mmc/869.polyDFE.config.txt
---- No mutation variability. Using Poisson likelihood.


---- Calculating initial values

-- Starting local optimization
-- Optimizing all parameters
  it        eps_an        lambda     theta_bar           S_d             b           p_b           S_b           r 2           r 3           r 4           r 5           r 6           r 7           r 8           r 9          r 10          r 11          r 12          r 13          r 14          r 15          r 16          r 17          r 18          r 19          r 20           ln lk          grad status 
   0           0.1 0.01926746186 0.01135260701        -20000         0.208           0.1            20 0.87257689804 0.73425767159 0.64745464387 0.58236151716 0.55293010279 0.54098972401 0.53485290935 0.53252877622 0.55407441528 0.55769868128 0.59003769421 0.62541190515 0.65827080458 0.75075034669 0.87461467125 1.11024891898 1.58071732098             1             1 -1113721.975380 23127.9344705   -2 
1009 0.00054096560 0.01926422097 0.01013592011 -70.672211247 0.13065178306 0.03432619574 4.89012716617 0.86431942254 0.72038827289 0.62264102891 0.55468846081 0.52771656894 0.51056201576 0.49431331386 0.48733418705 0.49500893953 0.48555804200 0.51013257343 0.51561518099 0.52190794174 0.56097480816 0.59281747676 0.64899636887 0.71545847153 0.82993744220 1.12991179908 -272.2077696172 0.01903537520   -3 
-- Local optimization: stuck in the same solution
---- Best joint likelihood found -272.207769617205486 with gradient 0.01904

---- Results for Mmc/869.polyDFE.config.txt 
--  Model: C
--        eps_an        lambda     theta_bar             a 
-- 0.00054096560 0.01926422097 0.01013592011            -1 
--           S_d             b           p_b           S_b 
-- -70.672211247 0.13065178306 0.03432619574 4.89012716617 
--           r 2           r 3           r 4           r 5           r 6           r 7           r 8           r 9          r 10          r 11          r 12          r 13          r 14          r 15          r 16          r 17          r 18          r 19          r 20 
-- 0.86431942254 0.72038827289 0.62264102891 0.55468846081 0.52771656894 0.51056201576 0.49431331386 0.48733418705 0.49500893953 0.48555804200 0.51013257343 0.51561518099 0.52190794174 0.56097480816 0.59281747676 0.64899636887 0.71545847153 0.82993744220 1.12991179908 

---- Expected P_neut(i), 0 < i < n (neutral SFS per site) 
E[P_neut(1)] = 0.0101306764
E[P_neut(2)] = 0.0043781846
E[P_neut(3)] = 0.0024328253
E[P_neut(4)] = 0.0015771096
E[P_neut(5)] = 0.0011240524
E[P_neut(6)] = 0.0008912043
E[P_neut(7)] = 0.0007391055
E[P_neut(8)] = 0.0006261843
E[P_neut(9)] = 0.0005487874
E[P_neut(10)] = 0.0005017371
E[P_neut(11)] = 0.0004474710
E[P_neut(12)] = 0.0004309943
E[P_neut(13)] = 0.0004022005
E[P_neut(14)] = 0.0003781362
E[P_neut(15)] = 0.0003794696
E[P_neut(16)] = 0.0003761973
E[P_neut(17)] = 0.0003880588
E[P_neut(18)] = 0.0004050311
E[P_neut(19)] = 0.0004479900

---- Expected P_sel(i), 0 < i < n (selected SFS per site) 
E[P_sel(1)] = 0.0072545473
E[P_sel(2)] = 0.0028240166
E[P_sel(3)] = 0.0014894912
E[P_sel(4)] = 0.0009345349
E[P_sel(5)] = 0.0006510497
E[P_sel(6)] = 0.0005075859
E[P_sel(7)] = 0.0004156585
E[P_sel(8)] = 0.0003488025
E[P_sel(9)] = 0.0003035452
E[P_sel(10)] = 0.0002761738
E[P_sel(11)] = 0.0002456058
E[P_sel(12)] = 0.0002363578
E[P_sel(13)] = 0.0002208267
E[P_sel(14)] = 0.0002083191
E[P_sel(15)] = 0.0002102908
E[P_sel(16)] = 0.0002103382
E[P_sel(17)] = 0.0002197161
E[P_sel(18)] = 0.0002333608
E[P_sel(19)] = 0.0002646404

---- Expected D_neut and D_sel (neutral and selected divergence per site) 
E[D_neut] = 0.0198368558
E[D_sel] = 0.0125502994

---- Expected neutral and selected misattributed polymorphism per site
E[mis_neut] = 0.0005726348
E[mis_sel] = 0.0003479033

---- alpha_div = 0.279118
---- alpha_dfe = 0.278975

