---- Running command
---- ./polyDFE -d Mmc/87.polyDFE.config.txt -m C -e 
---- Performing inference using model C

---- Performing inference on Mmc/87.polyDFE.config.txt
---- No mutation variability. Using Poisson likelihood.


---- Calculating initial values

-- Starting local optimization
-- Optimizing all parameters
  it        eps_an        lambda     theta_bar           S_d             b           p_b           S_b           r 2           r 3           r 4           r 5           r 6           r 7           r 8           r 9          r 10          r 11          r 12          r 13          r 14          r 15          r 16          r 17          r 18          r 19          r 20           ln lk          grad status 
   0           0.1 0.01926333985 0.01133825480        -20000         0.208           0.1            20 0.87500534693 0.73631351575 0.64752832051 0.58016765240 0.55750582684 0.53855334154 0.53888561474 0.52783806141 0.55456603691 0.55887127918 0.59485163009 0.62004142581 0.67367742318 0.74562539312 0.86673046057 1.11223609596 1.57539251760             1             1 -1113992.663356 23085.5778541   -2 
 332 0.00283891659 0.01932147292 0.01017644375 -90.820108569 0.11116446589 0.00751692985 17.5013213667 0.86123525946 0.71731889286 0.61871812565 0.55280599751 0.52514342132 0.50529689462 0.49142928750 0.48306799713 0.49420396664 0.48543318888 0.50895078285 0.51098136564 0.52722569969 0.55462319335 0.58901887646 0.64149295299 0.69703171754 0.79353798033 1.00232200409 -299.6578689520 0.84950375047   -3 
-- Local optimization: stuck in the same solution
---- Best joint likelihood found -299.657868952082936 with gradient 0.84950

---- Results for Mmc/87.polyDFE.config.txt 
--  Model: C
--        eps_an        lambda     theta_bar             a 
-- 0.00283891659 0.01932147292 0.01017644375            -1 
--           S_d             b           p_b           S_b 
-- -90.820108569 0.11116446589 0.00751692985 17.5013213667 
--           r 2           r 3           r 4           r 5           r 6           r 7           r 8           r 9          r 10          r 11          r 12          r 13          r 14          r 15          r 16          r 17          r 18          r 19          r 20 
-- 0.86123525946 0.71731889286 0.61871812565 0.55280599751 0.52514342132 0.50529689462 0.49142928750 0.48306799713 0.49420396664 0.48543318888 0.50895078285 0.51098136564 0.52722569969 0.55462319335 0.58901887646 0.64149295299 0.69703171754 0.79353798033 1.00232200409 

---- Expected P_neut(i), 0 < i < n (neutral SFS per site) 
E[P_neut(1)] = 0.0101487603
E[P_neut(2)] = 0.0043708343
E[P_neut(3)] = 0.0024274342
E[P_neut(4)] = 0.0015706824
E[P_neut(5)] = 0.0011229939
E[P_neut(6)] = 0.0008892415
E[P_neut(7)] = 0.0007336395
E[P_neut(8)] = 0.0006245759
E[P_neut(9)] = 0.0005459370
E[P_neut(10)] = 0.0005029239
E[P_neut(11)] = 0.0004493651
E[P_neut(12)] = 0.0004321585
E[P_neut(13)] = 0.0004009478
E[P_neut(14)] = 0.0003846751
E[P_neut(15)] = 0.0003783987
E[P_neut(16)] = 0.0003780375
E[P_neut(17)] = 0.0003898245
E[P_neut(18)] = 0.0004053943
E[P_neut(19)] = 0.0004527042

---- Expected P_sel(i), 0 < i < n (selected SFS per site) 
E[P_sel(1)] = 0.0072516832
E[P_sel(2)] = 0.0028345543
E[P_sel(3)] = 0.0014997052
E[P_sel(4)] = 0.0009406117
E[P_sel(5)] = 0.0006575185
E[P_sel(6)] = 0.0005116771
E[P_sel(7)] = 0.0004162961
E[P_sel(8)] = 0.0003503797
E[P_sel(9)] = 0.0003033778
E[P_sel(10)] = 0.0002772904
E[P_sel(11)] = 0.0002461837
E[P_sel(12)] = 0.0002355764
E[P_sel(13)] = 0.0002177862
E[P_sel(14)] = 0.0002085403
E[P_sel(15)] = 0.0002051449
E[P_sel(16)] = 0.0002055239
E[P_sel(17)] = 0.0002134388
E[P_sel(18)] = 0.0002254015
E[P_sel(19)] = 0.0002618044

---- Expected D_neut and D_sel (neutral and selected divergence per site) 
E[D_neut] = 0.0198314766
E[D_sel] = 0.0125433362

---- Expected neutral and selected misattributed polymorphism per site
E[mis_neut] = 0.0005100037
E[mis_sel] = 0.0002993231

---- alpha_div = 0.208730
---- alpha_dfe = 0.208629

