---- Running command
---- ./polyDFE -d Mmc/870.polyDFE.config.txt -m C -e 
---- Performing inference using model C

---- Performing inference on Mmc/870.polyDFE.config.txt
---- No mutation variability. Using Poisson likelihood.


---- Calculating initial values

-- Starting local optimization
-- Optimizing all parameters
  it        eps_an        lambda     theta_bar           S_d             b           p_b           S_b           r 2           r 3           r 4           r 5           r 6           r 7           r 8           r 9          r 10          r 11          r 12          r 13          r 14          r 15          r 16          r 17          r 18          r 19          r 20           ln lk          grad status 
   0           0.1 0.01928653287 0.01137086975        -20000         0.208           0.1            20 0.86960376589 0.73232781906 0.64293832593 0.58089823954 0.55641980743 0.53637714447 0.54163857682 0.52572485193 0.55081528303 0.55405637397 0.60111641994 0.61931091419 0.66683591679 0.73681027272 0.86439537481 1.11035796309 1.57413454898             1             1 -1117231.054709 23158.4893039   -2 
 453 0.00930452168   0.019331861 0.01025255099 -91.435785825 0.11125956696 0.00785130027 16.7005490066 0.85966398536 0.71528499862 0.61495516494 0.55094393554 0.52347714263 0.50325613348 0.49246039399 0.47704011065 0.48868896673 0.47601717147 0.51011420878 0.50721686260 0.51557989975 0.53979464866 0.57227072538 0.62179355722 0.64706676841 0.64490978444 1.01894301356 -298.3633309970 0.39010868629   -8 
-- Local optimization: reached maximum number of likelihood evaluations allowed.
---- Best joint likelihood found -298.363330997060984 with gradient 0.39011

---- Results for Mmc/870.polyDFE.config.txt 
--  Model: C
--        eps_an        lambda     theta_bar             a 
-- 0.00930452168   0.019331861 0.01025255099            -1 
--           S_d             b           p_b           S_b 
-- -91.435785825 0.11125956696 0.00785130027 16.7005490066 
--           r 2           r 3           r 4           r 5           r 6           r 7           r 8           r 9          r 10          r 11          r 12          r 13          r 14          r 15          r 16          r 17          r 18          r 19          r 20 
-- 0.85966398536 0.71528499862 0.61495516494 0.55094393554 0.52347714263 0.50325613348 0.49246039399 0.47704011065 0.48868896673 0.47601717147 0.51011420878 0.50721686260 0.51557989975 0.53979464866 0.57227072538 0.62179355722 0.64706676841 0.64490978444 1.01894301356 

---- Expected P_neut(i), 0 < i < n (neutral SFS per site) 
E[P_neut(1)] = 0.0101603939
E[P_neut(2)] = 0.0043692998
E[P_neut(3)] = 0.0024252429
E[P_neut(4)] = 0.0015649609
E[P_neut(5)] = 0.0011226376
E[P_neut(6)] = 0.0008896863
E[P_neut(7)] = 0.0007339579
E[P_neut(8)] = 0.0006293048
E[P_neut(9)] = 0.0005425027
E[P_neut(10)] = 0.0005010309
E[P_neut(11)] = 0.0004446001
E[P_neut(12)] = 0.0004376481
E[P_neut(13)] = 0.0004031568
E[P_neut(14)] = 0.0003823818
E[P_neut(15)] = 0.0003760300
E[P_neut(16)] = 0.0003779561
E[P_neut(17)] = 0.0003942540
E[P_neut(18)] = 0.0004061349
E[P_neut(19)] = 0.0004401556

---- Expected P_sel(i), 0 < i < n (selected SFS per site) 
E[P_sel(1)] = 0.0072545016
E[P_sel(2)] = 0.0028311566
E[P_sel(3)] = 0.0014970364
E[P_sel(4)] = 0.0009363601
E[P_sel(5)] = 0.0006567404
E[P_sel(6)] = 0.0005115085
E[P_sel(7)] = 0.0004161531
E[P_sel(8)] = 0.0003527853
E[P_sel(9)] = 0.0003012922
E[P_sel(10)] = 0.0002761244
E[P_sel(11)] = 0.0002435129
E[P_sel(12)] = 0.0002385701
E[P_sel(13)] = 0.0002190676
E[P_sel(14)] = 0.0002074851
E[P_sel(15)] = 0.0002042048
E[P_sel(16)] = 0.0002061052
E[P_sel(17)] = 0.0002170833
E[P_sel(18)] = 0.0002286457
E[P_sel(19)] = 0.0002643537

---- Expected D_neut and D_sel (neutral and selected divergence per site) 
E[D_neut] = 0.0198541993
E[D_sel] = 0.0125346906

---- Expected neutral and selected misattributed polymorphism per site
E[mis_neut] = 0.0005223383
E[mis_sel] = 0.0003066447

---- alpha_div = 0.208324
---- alpha_dfe = 0.208419

