---- Running command
---- ./polyDFE -d Mmc/871.polyDFE.config.txt -m C -e 
---- Performing inference using model C

---- Performing inference on Mmc/871.polyDFE.config.txt
---- No mutation variability. Using Poisson likelihood.


---- Calculating initial values

-- Starting local optimization
-- Optimizing all parameters
  it        eps_an        lambda     theta_bar           S_d             b           p_b           S_b           r 2           r 3           r 4           r 5           r 6           r 7           r 8           r 9          r 10          r 11          r 12          r 13          r 14          r 15          r 16          r 17          r 18          r 19          r 20           ln lk          grad status 
   0           0.1 0.01926340292 0.01132961557        -20000         0.208           0.1            20 0.87417025291 0.73558427442 0.64602562994 0.58386972391 0.55010318018 0.53769691203 0.53803778005 0.53377841359 0.55034245144 0.55566008469 0.60191809543 0.62531808019 0.67007098021 0.74768176447 0.86908512345 1.11013612685 1.58235432362             1             1 -1115143.277922 23139.9598455   -2 
1096 0.00031810995 0.01924542962 0.01011567771 -73.662197515 0.12529834123 0.02411883033 6.52138287220 0.86493878329 0.72153335580 0.62034776890 0.55637282156 0.52547074322 0.50945257495 0.49777875085 0.48676629004 0.49266435009 0.48492796344 0.51476522503 0.51895475819 0.53223215277 0.55509629103 0.59210480852 0.65080213075 0.71553439615 0.82804404119 1.15789618467 -270.8902947520 0.01958017236   -3 
-- Local optimization: stuck in the same solution
---- Best joint likelihood found -270.890294752054615 with gradient 0.01958

---- Results for Mmc/871.polyDFE.config.txt 
--  Model: C
--        eps_an        lambda     theta_bar             a 
-- 0.00031810995 0.01924542962 0.01011567771            -1 
--           S_d             b           p_b           S_b 
-- -73.662197515 0.12529834123 0.02411883033 6.52138287220 
--           r 2           r 3           r 4           r 5           r 6           r 7           r 8           r 9          r 10          r 11          r 12          r 13          r 14          r 15          r 16          r 17          r 18          r 19          r 20 
-- 0.86493878329 0.72153335580 0.62034776890 0.55637282156 0.52547074322 0.50945257495 0.49777875085 0.48676629004 0.49266435009 0.48492796344 0.51476522503 0.51895475819 0.53223215277 0.55509629103 0.59210480852 0.65080213075 0.71553439615 0.82804404119 1.15789618467 

---- Expected P_neut(i), 0 < i < n (neutral SFS per site) 
E[P_neut(1)] = 0.0101126001
E[P_neut(2)] = 0.0043734573
E[P_neut(3)] = 0.0024322822
E[P_neut(4)] = 0.0015684296
E[P_neut(5)] = 0.0011253786
E[P_neut(6)] = 0.0008857560
E[P_neut(7)] = 0.0007361026
E[P_neut(8)] = 0.0006293590
E[P_neut(9)] = 0.0005470757
E[P_neut(10)] = 0.0004983634
E[P_neut(11)] = 0.0004459754
E[P_neut(12)] = 0.0004339954
E[P_neut(13)] = 0.0004039195
E[P_neut(14)] = 0.0003847230
E[P_neut(15)] = 0.0003745840
E[P_neut(16)] = 0.0003747263
E[P_neut(17)] = 0.0003879040
E[P_neut(18)] = 0.0004033812
E[P_neut(19)] = 0.0004439317

---- Expected P_sel(i), 0 < i < n (selected SFS per site) 
E[P_sel(1)] = 0.0072420360
E[P_sel(2)] = 0.0028253882
E[P_sel(3)] = 0.0014923516
E[P_sel(4)] = 0.0009314549
E[P_sel(5)] = 0.0006531221
E[P_sel(6)] = 0.0005052771
E[P_sel(7)] = 0.0004143778
E[P_sel(8)] = 0.0003506608
E[P_sel(9)] = 0.0003024165
E[P_sel(10)] = 0.0002738830
E[P_sel(11)] = 0.0002441299
E[P_sel(12)] = 0.0002370809
E[P_sel(13)] = 0.0002206235
E[P_sel(14)] = 0.0002105629
E[P_sel(15)] = 0.0002059413
E[P_sel(16)] = 0.0002075851
E[P_sel(17)] = 0.0002173710
E[P_sel(18)] = 0.0002298960
E[P_sel(19)] = 0.0002595361

---- Expected D_neut and D_sel (neutral and selected divergence per site) 
E[D_neut] = 0.0198310749
E[D_sel] = 0.0125407537

---- Expected neutral and selected misattributed polymorphism per site
E[mis_neut] = 0.0005856452
E[mis_sel] = 0.0003532598

---- alpha_div = 0.256299
---- alpha_dfe = 0.256202

