---- Running command
---- ./polyDFE -d Mmc/872.polyDFE.config.txt -m C -e 
---- Performing inference using model C

---- Performing inference on Mmc/872.polyDFE.config.txt
---- No mutation variability. Using Poisson likelihood.


---- Calculating initial values

-- Starting local optimization
-- Optimizing all parameters
  it        eps_an        lambda     theta_bar           S_d             b           p_b           S_b           r 2           r 3           r 4           r 5           r 6           r 7           r 8           r 9          r 10          r 11          r 12          r 13          r 14          r 15          r 16          r 17          r 18          r 19          r 20           ln lk          grad status 
   0           0.1 0.01930752798 0.01135606320        -20000         0.208           0.1            20 0.87340661877 0.73246818748 0.64149809455 0.58295184352 0.55674582571 0.54051557514 0.53082035282 0.53738333567 0.55556710656 0.55426597356 0.59116935226 0.62273703206 0.66324377370 0.75832148567 0.86981972708 1.10101113060 1.57548427152             1             1 -1122027.020974 23219.7910677   -2 
 655 0.00109933286 0.01928124350 0.01014288613 -80.297376646 0.12005287115 0.02176623536 6.73496432177 0.86544551216 0.71821819219 0.61893147084 0.55836819605 0.52654004592 0.50606234092 0.49131308312 0.49008432255 0.49925346191 0.48210277533 0.51163845356 0.51446024081 0.52445607198 0.56126974764 0.59177997813 0.64696152596 0.70303009162 0.80655943012 1.17358127264 -267.5339529019 0.02873345888   -8 
-- Local optimization: reached maximum number of likelihood evaluations allowed.
---- Best joint likelihood found -267.533952901925659 with gradient 0.02873

---- Results for Mmc/872.polyDFE.config.txt 
--  Model: C
--        eps_an        lambda     theta_bar             a 
-- 0.00109933286 0.01928124350 0.01014288613            -1 
--           S_d             b           p_b           S_b 
-- -80.297376646 0.12005287115 0.02176623536 6.73496432177 
--           r 2           r 3           r 4           r 5           r 6           r 7           r 8           r 9          r 10          r 11          r 12          r 13          r 14          r 15          r 16          r 17          r 18          r 19          r 20 
-- 0.86544551216 0.71821819219 0.61893147084 0.55836819605 0.52654004592 0.50606234092 0.49131308312 0.49008432255 0.49925346191 0.48210277533 0.51163845356 0.51446024081 0.52445607198 0.56126974764 0.59177997813 0.64696152596 0.70303009162 0.80655943012 1.17358127264 

---- Expected P_neut(i), 0 < i < n (neutral SFS per site) 
E[P_neut(1)] = 0.0101322091
E[P_neut(2)] = 0.0043846681
E[P_neut(3)] = 0.0024260233
E[P_neut(4)] = 0.0015681249
E[P_neut(5)] = 0.0011318650
E[P_neut(6)] = 0.0008895451
E[P_neut(7)] = 0.0007329113
E[P_neut(8)] = 0.0006227072
E[P_neut(9)] = 0.0005522003
E[P_neut(10)] = 0.0005063871
E[P_neut(11)] = 0.0004446561
E[P_neut(12)] = 0.0004326669
E[P_neut(13)] = 0.0004017581
E[P_neut(14)] = 0.0003805250
E[P_neut(15)] = 0.0003803543
E[P_neut(16)] = 0.0003764602
E[P_neut(17)] = 0.0003882485
E[P_neut(18)] = 0.0004005425
E[P_neut(19)] = 0.0004412476

---- Expected P_sel(i), 0 < i < n (selected SFS per site) 
E[P_sel(1)] = 0.0072512354
E[P_sel(2)] = 0.0028388227
E[P_sel(3)] = 0.0014942744
E[P_sel(4)] = 0.0009358529
E[P_sel(5)] = 0.0006605665
E[P_sel(6)] = 0.0005105123
E[P_sel(7)] = 0.0004151988
E[P_sel(8)] = 0.0003492094
E[P_sel(9)] = 0.0003072456
E[P_sel(10)] = 0.0002800944
E[P_sel(11)] = 0.0002449430
E[P_sel(12)] = 0.0002377812
E[P_sel(13)] = 0.0002206827
E[P_sel(14)] = 0.0002093370
E[P_sel(15)] = 0.0002100563
E[P_sel(16)] = 0.0002093266
E[P_sel(17)] = 0.0002181943
E[P_sel(18)] = 0.0002287945
E[P_sel(19)] = 0.0002588957

---- Expected D_neut and D_sel (neutral and selected divergence per site) 
E[D_neut] = 0.0198764186
E[D_sel] = 0.0125109850

---- Expected neutral and selected misattributed polymorphism per site
E[mis_neut] = 0.0005951751
E[mis_sel] = 0.0003581187

---- alpha_div = 0.239588
---- alpha_dfe = 0.239494

