---- Running command
---- ./polyDFE -d Mmc/873.polyDFE.config.txt -m C -e 
---- Performing inference using model C

---- Performing inference on Mmc/873.polyDFE.config.txt
---- No mutation variability. Using Poisson likelihood.


---- Calculating initial values

-- Starting local optimization
-- Optimizing all parameters
  it        eps_an        lambda     theta_bar           S_d             b           p_b           S_b           r 2           r 3           r 4           r 5           r 6           r 7           r 8           r 9          r 10          r 11          r 12          r 13          r 14          r 15          r 16          r 17          r 18          r 19          r 20           ln lk          grad status 
   0           0.1 0.01927632473 0.01134162204        -20000         0.208           0.1            20 0.87437296779 0.73991320738 0.64158420896 0.58683986166 0.55757539078 0.53983013035 0.53945998192 0.53117981142 0.55512887789 0.56140417991 0.60279465085 0.62560564429 0.67321241926 0.75481163701 0.85857299932 1.12696076462 1.59488250391             1             1 -1118355.930223 23175.9899407   -2 
1095 0.00089490968 0.01925698195 0.01013471565 -74.448391522 0.12317508149 0.01951190769 7.73662332696 0.86392323341 0.72470308633 0.61939250683 0.55924059791 0.52926448847 0.50896145981 0.49668018349 0.48507516528 0.50004079867 0.49009771822 0.51542609958 0.51673415493 0.52834429588 0.56590299337 0.58879743774 0.66121436227 0.71613065272 0.82291222735 1.15962479432 -266.9783219227 0.03320311242   -8 
-- Local optimization: reached maximum number of likelihood evaluations allowed.
---- Best joint likelihood found -266.978321922782925 with gradient 0.03320

---- Results for Mmc/873.polyDFE.config.txt 
--  Model: C
--        eps_an        lambda     theta_bar             a 
-- 0.00089490968 0.01925698195 0.01013471565            -1 
--           S_d             b           p_b           S_b 
-- -74.448391522 0.12317508149 0.01951190769 7.73662332696 
--           r 2           r 3           r 4           r 5           r 6           r 7           r 8           r 9          r 10          r 11          r 12          r 13          r 14          r 15          r 16          r 17          r 18          r 19          r 20 
-- 0.86392323341 0.72470308633 0.61939250683 0.55924059791 0.52926448847 0.50896145981 0.49668018349 0.48507516528 0.50004079867 0.49009771822 0.51542609958 0.51673415493 0.52834429588 0.56590299337 0.58879743774 0.66121436227 0.71613065272 0.82291222735 1.15962479432 

---- Expected P_neut(i), 0 < i < n (neutral SFS per site) 
E[P_neut(1)] = 0.0101260388
E[P_neut(2)] = 0.0043742513
E[P_neut(3)] = 0.0024463817
E[P_neut(4)] = 0.0015682711
E[P_neut(5)] = 0.0011328766
E[P_neut(6)] = 0.0008935331
E[P_neut(7)] = 0.0007365839
E[P_neut(8)] = 0.0006290405
E[P_neut(9)] = 0.0005461485
E[P_neut(10)] = 0.0005067771
E[P_neut(11)] = 0.0004516303
E[P_neut(12)] = 0.0004354816
E[P_neut(13)] = 0.0004031415
E[P_neut(14)] = 0.0003829306
E[P_neut(15)] = 0.0003830233
E[P_neut(16)] = 0.0003740266
E[P_neut(17)] = 0.0003960276
E[P_neut(18)] = 0.0004067669
E[P_neut(19)] = 0.0004476232

---- Expected P_sel(i), 0 < i < n (selected SFS per site) 
E[P_sel(1)] = 0.0072555678
E[P_sel(2)] = 0.0028290068
E[P_sel(3)] = 0.0015028673
E[P_sel(4)] = 0.0009324569
E[P_sel(5)] = 0.0006581211
E[P_sel(6)] = 0.0005100712
E[P_sel(7)] = 0.0004147897
E[P_sel(8)] = 0.0003504508
E[P_sel(9)] = 0.0003017242
E[P_sel(10)] = 0.0002781815
E[P_sel(11)] = 0.0002467770
E[P_sel(12)] = 0.0002372903
E[P_sel(13)] = 0.0002194672
E[P_sel(14)] = 0.0002087074
E[P_sel(15)] = 0.0002095145
E[P_sel(16)] = 0.0002059707
E[P_sel(17)] = 0.0002204578
E[P_sel(18)] = 0.0002302942
E[P_sel(19)] = 0.0002607134

---- Expected D_neut and D_sel (neutral and selected divergence per site) 
E[D_neut] = 0.0198446053
E[D_sel] = 0.0125215855

---- Expected neutral and selected misattributed polymorphism per site
E[mis_neut] = 0.0005876234
E[mis_sel] = 0.0003522195

---- alpha_div = 0.244485
---- alpha_dfe = 0.244386

