---- Running command
---- ./polyDFE -d Mmc/874.polyDFE.config.txt -m C -e 
---- Performing inference using model C

---- Performing inference on Mmc/874.polyDFE.config.txt
---- No mutation variability. Using Poisson likelihood.


---- Calculating initial values

-- Starting local optimization
-- Optimizing all parameters
  it        eps_an        lambda     theta_bar           S_d             b           p_b           S_b           r 2           r 3           r 4           r 5           r 6           r 7           r 8           r 9          r 10          r 11          r 12          r 13          r 14          r 15          r 16          r 17          r 18          r 19          r 20           ln lk          grad status 
   0           0.1 0.01926785425 0.01135314333        -20000         0.208           0.1            20 0.87436360490 0.73557163106 0.64901544509 0.58342452202 0.55903871422 0.53968289604 0.54026087094 0.53204928365 0.55241821002 0.55439075701 0.59176975657 0.62656112059 0.67682058753 0.75152280977 0.86325949285 1.10393645070 1.59375918516             1             1 -1114328.775724 23149.0423343   -2 
 425 0.00445215195 0.01932206930 0.01018964374 -100.15474659 0.10881686830 0.00647383179 20.0751343415 0.86395134742 0.71740688438 0.62055579696 0.55321800864 0.53025254438 0.50462750148 0.49611421224 0.48324391025 0.49207100877 0.48576798817 0.51006924249 0.51252920295 0.52807369856 0.55725325610 0.58454118743 0.63588567890 0.69059091231 0.76050009830 1.00545129262 -295.3877330724 0.42314222317   -3 
-- Local optimization: stuck in the same solution
---- Best joint likelihood found -295.387733072479023 with gradient 0.42314

---- Results for Mmc/874.polyDFE.config.txt 
--  Model: C
--        eps_an        lambda     theta_bar             a 
-- 0.00445215195 0.01932206930 0.01018964374            -1 
--           S_d             b           p_b           S_b 
-- -100.15474659 0.10881686830 0.00647383179 20.0751343415 
--           r 2           r 3           r 4           r 5           r 6           r 7           r 8           r 9          r 10          r 11          r 12          r 13          r 14          r 15          r 16          r 17          r 18          r 19          r 20 
-- 0.86395134742 0.71740688438 0.62055579696 0.55321800864 0.53025254438 0.50462750148 0.49611421224 0.48324391025 0.49207100877 0.48576798817 0.51006924249 0.51252920295 0.52807369856 0.55725325610 0.58454118743 0.63588567890 0.69059091231 0.76050009830 1.00545129262 

---- Expected P_neut(i), 0 < i < n (neutral SFS per site) 
E[P_neut(1)] = 0.0101460937
E[P_neut(2)] = 0.0043838218
E[P_neut(3)] = 0.0024275552
E[P_neut(4)] = 0.0015754300
E[P_neut(5)] = 0.0011240848
E[P_neut(6)] = 0.0008982160
E[P_neut(7)] = 0.0007330859
E[P_neut(8)] = 0.0006310184
E[P_neut(9)] = 0.0005466879
E[P_neut(10)] = 0.0005014028
E[P_neut(11)] = 0.0004504145
E[P_neut(12)] = 0.0004340037
E[P_neut(13)] = 0.0004032118
E[P_neut(14)] = 0.0003866468
E[P_neut(15)] = 0.0003818816
E[P_neut(16)] = 0.0003776473
E[P_neut(17)] = 0.0003902957
E[P_neut(18)] = 0.0004087939
E[P_neut(19)] = 0.0004514040

---- Expected P_sel(i), 0 < i < n (selected SFS per site) 
E[P_sel(1)] = 0.0072121565
E[P_sel(2)] = 0.0028312621
E[P_sel(3)] = 0.0014947100
E[P_sel(4)] = 0.0009407078
E[P_sel(5)] = 0.0006564430
E[P_sel(6)] = 0.0005156024
E[P_sel(7)] = 0.0004150384
E[P_sel(8)] = 0.0003532153
E[P_sel(9)] = 0.0003031316
E[P_sel(10)] = 0.0002758383
E[P_sel(11)] = 0.0002461904
E[P_sel(12)] = 0.0002360054
E[P_sel(13)] = 0.0002184406
E[P_sel(14)] = 0.0002090099
E[P_sel(15)] = 0.0002063805
E[P_sel(16)] = 0.0002046167
E[P_sel(17)] = 0.0002129629
E[P_sel(18)] = 0.0002267335
E[P_sel(19)] = 0.0002620783

---- Expected D_neut and D_sel (neutral and selected divergence per site) 
E[D_neut] = 0.0198343288
E[D_sel] = 0.0125341858

---- Expected neutral and selected misattributed polymorphism per site
E[mis_neut] = 0.0005122595
E[mis_sel] = 0.0002989354

---- alpha_div = 0.205898
---- alpha_dfe = 0.206020

