---- Running command
---- ./polyDFE -d Mmc/875.polyDFE.config.txt -m C -e 
---- Performing inference using model C

---- Performing inference on Mmc/875.polyDFE.config.txt
---- No mutation variability. Using Poisson likelihood.


---- Calculating initial values

-- Starting local optimization
-- Optimizing all parameters
  it        eps_an        lambda     theta_bar           S_d             b           p_b           S_b           r 2           r 3           r 4           r 5           r 6           r 7           r 8           r 9          r 10          r 11          r 12          r 13          r 14          r 15          r 16          r 17          r 18          r 19          r 20           ln lk          grad status 
   0           0.1 0.01931537261 0.01134249084        -20000         0.208           0.1            20 0.87453678439 0.73564626574 0.64617642420 0.58245384103 0.56379802371 0.54285206957 0.53724148299 0.53078768777 0.54689702678 0.55120995631 0.59887363367 0.62954065029 0.66782269888 0.74855536515 0.86493280227 1.10661673018 1.58553314744             1             1 -1119082.574487 23245.7695118   -2 
 942 0.00062906908 0.01930005823 0.01012712567 -70.665355925 0.12927821848 0.02803014279 5.81048759729 0.86633518181 0.72197354610 0.62248981528 0.55841163922 0.53370878963 0.50744158776 0.49597873943 0.48684885062 0.49347059496 0.48225169175 0.51420988409 0.52082509430 0.52305550793 0.55758375873 0.59062738502 0.64783789985 0.71778698245 0.82171895454 1.15419946586 -273.2340230208 0.08317107644   -3 
-- Local optimization: stuck in the same solution
---- Best joint likelihood found -273.234023020821041 with gradient 0.08317

---- Results for Mmc/875.polyDFE.config.txt 
--  Model: C
--        eps_an        lambda     theta_bar             a 
-- 0.00062906908 0.01930005823 0.01012712567            -1 
--           S_d             b           p_b           S_b 
-- -70.665355925 0.12927821848 0.02803014279 5.81048759729 
--           r 2           r 3           r 4           r 5           r 6           r 7           r 8           r 9          r 10          r 11          r 12          r 13          r 14          r 15          r 16          r 17          r 18          r 19          r 20 
-- 0.86633518181 0.72197354610 0.62248981528 0.55841163922 0.53370878963 0.50744158776 0.49597873943 0.48684885062 0.49347059496 0.48225169175 0.51420988409 0.52082509430 0.52305550793 0.55758375873 0.59062738502 0.64783789985 0.71778698245 0.82171895454 1.15419946586 

---- Expected P_neut(i), 0 < i < n (neutral SFS per site) 
E[P_neut(1)] = 0.0101210305
E[P_neut(2)] = 0.0043842371
E[P_neut(3)] = 0.0024358819
E[P_neut(4)] = 0.0015752519
E[P_neut(5)] = 0.0011305463
E[P_neut(6)] = 0.0009004940
E[P_neut(7)] = 0.0007339255
E[P_neut(8)] = 0.0006277329
E[P_neut(9)] = 0.0005477546
E[P_neut(10)] = 0.0004997439
E[P_neut(11)] = 0.0004440493
E[P_neut(12)] = 0.0004340777
E[P_neut(13)] = 0.0004059344
E[P_neut(14)] = 0.0003786893
E[P_neut(15)] = 0.0003769227
E[P_neut(16)] = 0.0003745911
E[P_neut(17)] = 0.0003872160
E[P_neut(18)] = 0.0004063455
E[P_neut(19)] = 0.0004440768

---- Expected P_sel(i), 0 < i < n (selected SFS per site) 
E[P_sel(1)] = 0.0072436964
E[P_sel(2)] = 0.0028254914
E[P_sel(3)] = 0.0014894996
E[P_sel(4)] = 0.0009318550
E[P_sel(5)] = 0.0006533866
E[P_sel(6)] = 0.0005114934
E[P_sel(7)] = 0.0004114005
E[P_sel(8)] = 0.0003483162
E[P_sel(9)] = 0.0003016117
E[P_sel(10)] = 0.0002736532
E[P_sel(11)] = 0.0002422923
E[P_sel(12)] = 0.0002364691
E[P_sel(13)] = 0.0002212271
E[P_sel(14)] = 0.0002069205
E[P_sel(15)] = 0.0002070232
E[P_sel(16)] = 0.0002074514
E[P_sel(17)] = 0.0002170773
E[P_sel(18)] = 0.0002318428
E[P_sel(19)] = 0.0002601632

---- Expected D_neut and D_sel (neutral and selected divergence per site) 
E[D_neut] = 0.0198844944
E[D_sel] = 0.0125481746

---- Expected neutral and selected misattributed polymorphism per site
E[mis_neut] = 0.0005844362
E[mis_sel] = 0.0003525808

---- alpha_div = 0.267912
---- alpha_dfe = 0.267747

