---- Running command
---- ./polyDFE -d Mmc/876.polyDFE.config.txt -m C -e 
---- Performing inference using model C

---- Performing inference on Mmc/876.polyDFE.config.txt
---- No mutation variability. Using Poisson likelihood.


---- Calculating initial values

-- Starting local optimization
-- Optimizing all parameters
  it        eps_an        lambda     theta_bar           S_d             b           p_b           S_b           r 2           r 3           r 4           r 5           r 6           r 7           r 8           r 9          r 10          r 11          r 12          r 13          r 14          r 15          r 16          r 17          r 18          r 19          r 20           ln lk          grad status 
   0           0.1 0.01928750453 0.01137207050        -20000         0.208           0.1            20 0.86928246871 0.73457338690 0.64297901101 0.57665722709 0.56262252501 0.53944044937 0.53905907753 0.52846049067 0.55176866445 0.55570182136 0.59009955580 0.62271681247 0.66270307467 0.74932407026 0.86740834046 1.11224998712 1.57428912960             1             1 -1120817.980047 23236.7009880   -2 
 418 0.00489555423 0.01924635926 0.01019591692 -78.386383898 0.12195520689 0.02027030912 7.37688729092 0.86220859445 0.71904199455 0.61894909984 0.54989001818 0.53096186431 0.50576607596 0.49745686432 0.48363965713 0.49406286923 0.47768986264 0.51314058206 0.51231953622 0.51410587525 0.55187391426 0.58131268455 0.63132503148 0.67654246508 0.73715310163 1.20109214529 -289.8127911488 0.23342016624   -3 
-- Local optimization: stuck in the same solution
---- Best joint likelihood found -289.812791148870019 with gradient 0.23342

---- Results for Mmc/876.polyDFE.config.txt 
--  Model: C
--        eps_an        lambda     theta_bar             a 
-- 0.00489555423 0.01924635926 0.01019591692            -1 
--           S_d             b           p_b           S_b 
-- -78.386383898 0.12195520689 0.02027030912 7.37688729092 
--           r 2           r 3           r 4           r 5           r 6           r 7           r 8           r 9          r 10          r 11          r 12          r 13          r 14          r 15          r 16          r 17          r 18          r 19          r 20 
-- 0.86220859445 0.71904199455 0.61894909984 0.54989001818 0.53096186431 0.50576607596 0.49745686432 0.48363965713 0.49406286923 0.47768986264 0.51314058206 0.51231953622 0.51410587525 0.55187391426 0.58131268455 0.63132503148 0.67654246508 0.73715310163 1.20109214529 

---- Expected P_neut(i), 0 < i < n (neutral SFS per site) 
E[P_neut(1)] = 0.0101479388
E[P_neut(2)] = 0.0043758613
E[P_neut(3)] = 0.0024336542
E[P_neut(4)] = 0.0015717782
E[P_neut(5)] = 0.0011176735
E[P_neut(6)] = 0.0008996897
E[P_neut(7)] = 0.0007350391
E[P_neut(8)] = 0.0006330342
E[P_neut(9)] = 0.0005473908
E[P_neut(10)] = 0.0005037424
E[P_neut(11)] = 0.0004432862
E[P_neut(12)] = 0.0004369643
E[P_neut(13)] = 0.0004034522
E[P_neut(14)] = 0.0003769971
E[P_neut(15)] = 0.0003787771
E[P_neut(16)] = 0.0003763486
E[P_neut(17)] = 0.0003887533
E[P_neut(18)] = 0.0004028629
E[P_neut(19)] = 0.0004435545

---- Expected P_sel(i), 0 < i < n (selected SFS per site) 
E[P_sel(1)] = 0.0072500992
E[P_sel(2)] = 0.0028236565
E[P_sel(3)] = 0.0014924771
E[P_sel(4)] = 0.0009333108
E[P_sel(5)] = 0.0006486431
E[P_sel(6)] = 0.0005132208
E[P_sel(7)] = 0.0004137296
E[P_sel(8)] = 0.0003525981
E[P_sel(9)] = 0.0003024155
E[P_sel(10)] = 0.0002765853
E[P_sel(11)] = 0.0002423382
E[P_sel(12)] = 0.0002382777
E[P_sel(13)] = 0.0002198657
E[P_sel(14)] = 0.0002057612
E[P_sel(15)] = 0.0002075649
E[P_sel(16)] = 0.0002077606
E[P_sel(17)] = 0.0002172099
E[P_sel(18)] = 0.0002296973
E[P_sel(19)] = 0.0002638258

---- Expected D_neut and D_sel (neutral and selected divergence per site) 
E[D_neut] = 0.0198586711
E[D_sel] = 0.0124972509

---- Expected neutral and selected misattributed polymorphism per site
E[mis_neut] = 0.0006123118
E[mis_sel] = 0.0003668337

---- alpha_div = 0.243442
---- alpha_dfe = 0.243222

