---- Running command
---- ./polyDFE -d Mmc/877.polyDFE.config.txt -m C -e 
---- Performing inference using model C

---- Performing inference on Mmc/877.polyDFE.config.txt
---- No mutation variability. Using Poisson likelihood.


---- Calculating initial values

-- Starting local optimization
-- Optimizing all parameters
  it        eps_an        lambda     theta_bar           S_d             b           p_b           S_b           r 2           r 3           r 4           r 5           r 6           r 7           r 8           r 9          r 10          r 11          r 12          r 13          r 14          r 15          r 16          r 17          r 18          r 19          r 20           ln lk          grad status 
   0           0.1 0.01928842652 0.01134914467        -20000         0.208           0.1            20 0.87173789550 0.73393743295 0.64209934552 0.58613248237 0.55975612391 0.53738320999 0.53968220851 0.52813820094 0.55671024114 0.56430559785 0.60543857324 0.62061801491 0.66538826947 0.75302421488 0.86586495477 1.10566966842 1.58797560211             1             1 -1115551.159155 23153.7871128   -2 
 237 0.00641896578 0.01932250363 0.01019981637 -83.810942971 0.11455458746 0.00771470431 17.6996105513 0.86186203299 0.71875711257 0.61546210191 0.55300089322 0.52569198858 0.50568447511 0.49324794043 0.48262869001 0.49639315823 0.48824187083 0.51646633463 0.51115599523 0.51948610990 0.55598111884 0.58242437130 0.63382928551 0.67488096154 0.70876328833 1.04453536782 -305.5373369406 0.26241362953   -8 
-- Local optimization: reached maximum number of likelihood evaluations allowed.
---- Best joint likelihood found -305.537336940615205 with gradient 0.26241

---- Results for Mmc/877.polyDFE.config.txt 
--  Model: C
--        eps_an        lambda     theta_bar             a 
-- 0.00641896578 0.01932250363 0.01019981637            -1 
--           S_d             b           p_b           S_b 
-- -83.810942971 0.11455458746 0.00771470431 17.6996105513 
--           r 2           r 3           r 4           r 5           r 6           r 7           r 8           r 9          r 10          r 11          r 12          r 13          r 14          r 15          r 16          r 17          r 18          r 19          r 20 
-- 0.86186203299 0.71875711257 0.61546210191 0.55300089322 0.52569198858 0.50568447511 0.49324794043 0.48262869001 0.49639315823 0.48824187083 0.51646633463 0.51115599523 0.51948610990 0.55598111884 0.58242437130 0.63382928551 0.67488096154 0.70876328833 1.04453536782 

---- Expected P_neut(i), 0 < i < n (neutral SFS per site) 
E[P_neut(1)] = 0.0101367864
E[P_neut(2)] = 0.0043696580
E[P_neut(3)] = 0.0024304850
E[P_neut(4)] = 0.0015617095
E[P_neut(5)] = 0.0011232870
E[P_neut(6)] = 0.0008903533
E[P_neut(7)] = 0.0007346858
E[P_neut(8)] = 0.0006276609
E[P_neut(9)] = 0.0005463644
E[P_neut(10)] = 0.0005063119
E[P_neut(11)] = 0.0004533302
E[P_neut(12)] = 0.0004402074
E[P_neut(13)] = 0.0004032090
E[P_neut(14)] = 0.0003817829
E[P_neut(15)] = 0.0003828748
E[P_neut(16)] = 0.0003789795
E[P_neut(17)] = 0.0003935359
E[P_neut(18)] = 0.0004081849
E[P_neut(19)] = 0.0004435171

---- Expected P_sel(i), 0 < i < n (selected SFS per site) 
E[P_sel(1)] = 0.0072524262
E[P_sel(2)] = 0.0028311878
E[P_sel(3)] = 0.0014981547
E[P_sel(4)] = 0.0009322432
E[P_sel(5)] = 0.0006551451
E[P_sel(6)] = 0.0005100769
E[P_sel(7)] = 0.0004149003
E[P_sel(8)] = 0.0003503190
E[P_sel(9)] = 0.0003019984
E[P_sel(10)] = 0.0002776233
E[P_sel(11)] = 0.0002469634
E[P_sel(12)] = 0.0002386095
E[P_sel(13)] = 0.0002177937
E[P_sel(14)] = 0.0002058629
E[P_sel(15)] = 0.0002065379
E[P_sel(16)] = 0.0002051832
E[P_sel(17)] = 0.0002149510
E[P_sel(18)] = 0.0002274108
E[P_sel(19)] = 0.0002611972

---- Expected D_neut and D_sel (neutral and selected divergence per site) 
E[D_neut] = 0.0198552071
E[D_sel] = 0.0125718491

---- Expected neutral and selected misattributed polymorphism per site
E[mis_neut] = 0.0005327034
E[mis_sel] = 0.0003119441

---- alpha_div = 0.216191
---- alpha_dfe = 0.216252

