---- Running command
---- ./polyDFE -d Mmc/878.polyDFE.config.txt -m C -e 
---- Performing inference using model C

---- Performing inference on Mmc/878.polyDFE.config.txt
---- No mutation variability. Using Poisson likelihood.


---- Calculating initial values

-- Starting local optimization
-- Optimizing all parameters
  it        eps_an        lambda     theta_bar           S_d             b           p_b           S_b           r 2           r 3           r 4           r 5           r 6           r 7           r 8           r 9          r 10          r 11          r 12          r 13          r 14          r 15          r 16          r 17          r 18          r 19          r 20           ln lk          grad status 
   0           0.1 0.01928945321 0.01135039827        -20000         0.208           0.1            20 0.87442113907 0.73431185525 0.64413003778 0.57293518256 0.55936745544 0.54053543229 0.53938805593 0.53497686998 0.54947828644 0.56253779750 0.59699735372 0.63177769292 0.66364062453 0.74092409686 0.85854209355 1.10288551712 1.57680641394             1             1 -1119697.424059 23235.0257728   -2 
 807 0.00094210204 0.01931284779 0.01013864003 -79.920460434 0.12262145450 0.02535146925 6.05639824159 0.86616889135 0.71870985850 0.62071173666 0.55068628829 0.53074780731 0.50992921394 0.49624961183 0.48767933786 0.49341887427 0.48751514302 0.51319101284 0.52342312444 0.51828662675 0.55371007602 0.58262917598 0.64843312641 0.70379410250 0.81816244795 1.07529037234 -270.6765452727 0.03489748309   -3 
-- Local optimization: stuck in the same solution
---- Best joint likelihood found -270.676545272712247 with gradient 0.03490

---- Results for Mmc/878.polyDFE.config.txt 
--  Model: C
--        eps_an        lambda     theta_bar             a 
-- 0.00094210204 0.01931284779 0.01013864003            -1 
--           S_d             b           p_b           S_b 
-- -79.920460434 0.12262145450 0.02535146925 6.05639824159 
--           r 2           r 3           r 4           r 5           r 6           r 7           r 8           r 9          r 10          r 11          r 12          r 13          r 14          r 15          r 16          r 17          r 18          r 19          r 20 
-- 0.86616889135 0.71870985850 0.62071173666 0.55068628829 0.53074780731 0.50992921394 0.49624961183 0.48767933786 0.49341887427 0.48751514302 0.51319101284 0.52342312444 0.51828662675 0.55371007602 0.58262917598 0.64843312641 0.70379410250 0.81816244795 1.07529037234 

---- Expected P_neut(i), 0 < i < n (neutral SFS per site) 
E[P_neut(1)] = 0.0101294997
E[P_neut(2)] = 0.0043871241
E[P_neut(3)] = 0.0024269896
E[P_neut(4)] = 0.0015721588
E[P_neut(5)] = 0.0011159426
E[P_neut(6)] = 0.0008963522
E[P_neut(7)] = 0.0007382586
E[P_neut(8)] = 0.0006287280
E[P_neut(9)] = 0.0005492841
E[P_neut(10)] = 0.0005002596
E[P_neut(11)] = 0.0004494343
E[P_neut(12)] = 0.0004337723
E[P_neut(13)] = 0.0004085265
E[P_neut(14)] = 0.0003758286
E[P_neut(15)] = 0.0003749572
E[P_neut(16)] = 0.0003703261
E[P_neut(17)] = 0.0003886434
E[P_neut(18)] = 0.0004001807
E[P_neut(19)] = 0.0004457221

---- Expected P_sel(i), 0 < i < n (selected SFS per site) 
E[P_sel(1)] = 0.0072303551
E[P_sel(2)] = 0.0028295155
E[P_sel(3)] = 0.0014883728
E[P_sel(4)] = 0.0009339914
E[P_sel(5)] = 0.0006482878
E[P_sel(6)] = 0.0005121006
E[P_sel(7)] = 0.0004164130
E[P_sel(8)] = 0.0003511412
E[P_sel(9)] = 0.0003044665
E[P_sel(10)] = 0.0002757640
E[P_sel(11)] = 0.0002468447
E[P_sel(12)] = 0.0002378101
E[P_sel(13)] = 0.0002239893
E[P_sel(14)] = 0.0002065127
E[P_sel(15)] = 0.0002069857
E[P_sel(16)] = 0.0002059859
E[P_sel(17)] = 0.0002186529
E[P_sel(18)] = 0.0002289592
E[P_sel(19)] = 0.0002618232

---- Expected D_neut and D_sel (neutral and selected divergence per site) 
E[D_neut] = 0.0198579469
E[D_sel] = 0.0125132169

---- Expected neutral and selected misattributed polymorphism per site
E[mis_neut] = 0.0005450991
E[mis_sel] = 0.0003287663

---- alpha_div = 0.252212
---- alpha_dfe = 0.252129

