---- Running command
---- ./polyDFE -d Mmc/879.polyDFE.config.txt -m C -e 
---- Performing inference using model C

---- Performing inference on Mmc/879.polyDFE.config.txt
---- No mutation variability. Using Poisson likelihood.


---- Calculating initial values

-- Starting local optimization
-- Optimizing all parameters
  it        eps_an        lambda     theta_bar           S_d             b           p_b           S_b           r 2           r 3           r 4           r 5           r 6           r 7           r 8           r 9          r 10          r 11          r 12          r 13          r 14          r 15          r 16          r 17          r 18          r 19          r 20           ln lk          grad status 
   0           0.1 0.01927832410 0.01138137251        -20000         0.208           0.1            20 0.87182568737 0.73566569130 0.64517703549 0.58031601789 0.55092247717 0.54374919464 0.53537361323 0.52982058048 0.55164774365 0.55600308106 0.58851430366 0.62654499640 0.66597838870 0.75363841772 0.86744161540 1.11042214128 1.57908426616             1             1 -1115165.632628 23149.3716838   -2 
 826 0.00026916463 0.01932826186 0.01016690982 -89.887361766 0.11505178857 0.01483756852 9.58078155169 0.86140688207 0.71902120449 0.62261982736 0.55356555226 0.52563805887 0.51039094354 0.49202510666 0.48145807314 0.49810543040 0.48560971365 0.50731127989 0.51301863107 0.52845509765 0.56676987380 0.59326207499 0.65469762182 0.71362103402 0.83129731241 1.02433635967 -270.6078932525 0.08113988022   -3 
-- Local optimization: stuck in the same solution
---- Best joint likelihood found -270.607893252541544 with gradient 0.08114

---- Results for Mmc/879.polyDFE.config.txt 
--  Model: C
--        eps_an        lambda     theta_bar             a 
-- 0.00026916463 0.01932826186 0.01016690982            -1 
--           S_d             b           p_b           S_b 
-- -89.887361766 0.11505178857 0.01483756852 9.58078155169 
--           r 2           r 3           r 4           r 5           r 6           r 7           r 8           r 9          r 10          r 11          r 12          r 13          r 14          r 15          r 16          r 17          r 18          r 19          r 20 
-- 0.86140688207 0.71902120449 0.62261982736 0.55356555226 0.52563805887 0.51039094354 0.49202510666 0.48145807314 0.49810543040 0.48560971365 0.50731127989 0.51301863107 0.52845509765 0.56676987380 0.59326207499 0.65469762182 0.71362103402 0.83129731241 1.02433635967 

---- Expected P_neut(i), 0 < i < n (neutral SFS per site) 
E[P_neut(1)] = 0.0101642930
E[P_neut(2)] = 0.0043778529
E[P_neut(3)] = 0.0024361908
E[P_neut(4)] = 0.0015822054
E[P_neut(5)] = 0.0011254106
E[P_neut(6)] = 0.0008905493
E[P_neut(7)] = 0.0007412083
E[P_neut(8)] = 0.0006252442
E[P_neut(9)] = 0.0005438567
E[P_neut(10)] = 0.0005064193
E[P_neut(11)] = 0.0004488574
E[P_neut(12)] = 0.0004298683
E[P_neut(13)] = 0.0004013080
E[P_neut(14)] = 0.0003839047
E[P_neut(15)] = 0.0003843528
E[P_neut(16)] = 0.0003773021
E[P_neut(17)] = 0.0003920947
E[P_neut(18)] = 0.0004041435
E[P_neut(19)] = 0.0004474445

---- Expected P_sel(i), 0 < i < n (selected SFS per site) 
E[P_sel(1)] = 0.0072375041
E[P_sel(2)] = 0.0028248579
E[P_sel(3)] = 0.0014968684
E[P_sel(4)] = 0.0009423319
E[P_sel(5)] = 0.0006555232
E[P_sel(6)] = 0.0005100322
E[P_sel(7)] = 0.0004189074
E[P_sel(8)] = 0.0003496485
E[P_sel(9)] = 0.0003015782
E[P_sel(10)] = 0.0002789630
E[P_sel(11)] = 0.0002460331
E[P_sel(12)] = 0.0002348417
E[P_sel(13)] = 0.0002188823
E[P_sel(14)] = 0.0002094471
E[P_sel(15)] = 0.0002102253
E[P_sel(16)] = 0.0002074955
E[P_sel(17)] = 0.0002176676
E[P_sel(18)] = 0.0002278275
E[P_sel(19)] = 0.0002590323

---- Expected D_neut and D_sel (neutral and selected divergence per site) 
E[D_neut] = 0.0198489786
E[D_sel] = 0.0125438684

---- Expected neutral and selected misattributed polymorphism per site
E[mis_neut] = 0.0005207168
E[mis_sel] = 0.0003111122

---- alpha_div = 0.228241
---- alpha_dfe = 0.228099

