---- Running command
---- ./polyDFE -d Mmc/88.polyDFE.config.txt -m C -e 
---- Performing inference using model C

---- Performing inference on Mmc/88.polyDFE.config.txt
---- No mutation variability. Using Poisson likelihood.


---- Calculating initial values

-- Starting local optimization
-- Optimizing all parameters
  it        eps_an        lambda     theta_bar           S_d             b           p_b           S_b           r 2           r 3           r 4           r 5           r 6           r 7           r 8           r 9          r 10          r 11          r 12          r 13          r 14          r 15          r 16          r 17          r 18          r 19          r 20           ln lk          grad status 
   0           0.1 0.01929348980 0.01139421331        -20000         0.208           0.1            20 0.86875886267 0.72962737373 0.64413352442 0.58067933433 0.55547217498 0.53884819388 0.53672832318 0.52496947598 0.55020603541 0.55536472668 0.58938782839 0.62468722100 0.66983010787 0.74660149797 0.86592563645 1.10574752884 1.57551123532             1             1 -1119199.451776 23217.9586810   -2 
 890 0.00075336298 0.01921291638 0.01017206126 -79.506960764 0.12264764086 0.02256898510 6.74894757206 0.86112624445 0.71704129680 0.62018376750 0.55564575737 0.52485432815 0.50370190199 0.49443829962 0.48270823184 0.49628042622 0.48647529694 0.50970138278 0.51823978206 0.52685874033 0.55545877128 0.58668285290 0.65138949189 0.70842928564 0.81720595592 1.28175794790 -272.5741544080 0.02945594454   -8 
-- Local optimization: reached maximum number of likelihood evaluations allowed.
---- Best joint likelihood found -272.574154408081085 with gradient 0.02946

---- Results for Mmc/88.polyDFE.config.txt 
--  Model: C
--        eps_an        lambda     theta_bar             a 
-- 0.00075336298 0.01921291638 0.01017206126            -1 
--           S_d             b           p_b           S_b 
-- -79.506960764 0.12264764086 0.02256898510 6.74894757206 
--           r 2           r 3           r 4           r 5           r 6           r 7           r 8           r 9          r 10          r 11          r 12          r 13          r 14          r 15          r 16          r 17          r 18          r 19          r 20 
-- 0.86112624445 0.71704129680 0.62018376750 0.55564575737 0.52485432815 0.50370190199 0.49443829962 0.48270823184 0.49628042622 0.48647529694 0.50970138278 0.51823978206 0.52685874033 0.55545877128 0.58668285290 0.65138949189 0.70842928564 0.81720595592 1.28175794790 

---- Expected P_neut(i), 0 < i < n (neutral SFS per site) 
E[P_neut(1)] = 0.0101647276
E[P_neut(2)] = 0.0043767165
E[P_neut(3)] = 0.0024297247
E[P_neut(4)] = 0.0015762297
E[P_neut(5)] = 0.0011298447
E[P_neut(6)] = 0.0008894264
E[P_neut(7)] = 0.0007317093
E[P_neut(8)] = 0.0006285340
E[P_neut(9)] = 0.0005454988
E[P_neut(10)] = 0.0005048195
E[P_neut(11)] = 0.0004499318
E[P_neut(12)] = 0.0004322076
E[P_neut(13)] = 0.0004057511
E[P_neut(14)] = 0.0003831848
E[P_neut(15)] = 0.0003772452
E[P_neut(16)] = 0.0003738930
E[P_neut(17)] = 0.0003913012
E[P_neut(18)] = 0.0004033416
E[P_neut(19)] = 0.0004448425

---- Expected P_sel(i), 0 < i < n (selected SFS per site) 
E[P_sel(1)] = 0.0072498814
E[P_sel(2)] = 0.0028190083
E[P_sel(3)] = 0.0014874189
E[P_sel(4)] = 0.0009344152
E[P_sel(5)] = 0.0006547417
E[P_sel(6)] = 0.0005067171
E[P_sel(7)] = 0.0004114205
E[P_sel(8)] = 0.0003498067
E[P_sel(9)] = 0.0003012033
E[P_sel(10)] = 0.0002771010
E[P_sel(11)] = 0.0002459765
E[P_sel(12)] = 0.0002357617
E[P_sel(13)] = 0.0002212571
E[P_sel(14)] = 0.0002093209
E[P_sel(15)] = 0.0002069459
E[P_sel(16)] = 0.0002065966
E[P_sel(17)] = 0.0002186444
E[P_sel(18)] = 0.0002291864
E[P_sel(19)] = 0.0002596009

---- Expected D_neut and D_sel (neutral and selected divergence per site) 
E[D_neut] = 0.0198648224
E[D_sel] = 0.0125002342

---- Expected neutral and selected misattributed polymorphism per site
E[mis_neut] = 0.0006519060
E[mis_sel] = 0.0003914175

---- alpha_div = 0.248973
---- alpha_dfe = 0.248835

