---- Running command
---- ./polyDFE -d Mmc/880.polyDFE.config.txt -m C -e 
---- Performing inference using model C

---- Performing inference on Mmc/880.polyDFE.config.txt
---- No mutation variability. Using Poisson likelihood.


---- Calculating initial values

-- Starting local optimization
-- Optimizing all parameters
  it        eps_an        lambda     theta_bar           S_d             b           p_b           S_b           r 2           r 3           r 4           r 5           r 6           r 7           r 8           r 9          r 10          r 11          r 12          r 13          r 14          r 15          r 16          r 17          r 18          r 19          r 20           ln lk          grad status 
   0           0.1 0.01925062069 0.01134871432        -20000         0.208           0.1            20 0.87195773082 0.74002339740 0.64168514505 0.58375831689 0.55770272650 0.54101764578 0.53435955137 0.52982259819 0.55985041895 0.55728363622 0.59811065578 0.62870982264 0.66567254160 0.74499410775 0.86349812184 1.11480751601 1.58390924199             1             1 -1115749.389352 23139.5941904   -2 
 889 0.00101628569 0.01926699070 0.01013470945 -71.169855126 0.12812341060 0.02787162110 5.80090201403 0.86467434806 0.72516734633 0.61857460516 0.55588138065 0.53022160810 0.51100666545 0.49543498655 0.48715975916 0.49667192032 0.48580107411 0.51334680854 0.51783603773 0.52705514197 0.55769832852 0.58760653708 0.64932442301 0.71225134148 0.81356317552 1.09126806425 -275.9755218491 0.03778355720   -8 
-- Local optimization: reached maximum number of likelihood evaluations allowed.
---- Best joint likelihood found -275.975521849119104 with gradient 0.03778

---- Results for Mmc/880.polyDFE.config.txt 
--  Model: C
--        eps_an        lambda     theta_bar             a 
-- 0.00101628569 0.01926699070 0.01013470945            -1 
--           S_d             b           p_b           S_b 
-- -71.169855126 0.12812341060 0.02787162110 5.80090201403 
--           r 2           r 3           r 4           r 5           r 6           r 7           r 8           r 9          r 10          r 11          r 12          r 13          r 14          r 15          r 16          r 17          r 18          r 19          r 20 
-- 0.86467434806 0.72516734633 0.61857460516 0.55588138065 0.53022160810 0.51100666545 0.49543498655 0.48715975916 0.49667192032 0.48580107411 0.51334680854 0.51783603773 0.52705514197 0.55769832852 0.58760653708 0.64932442301 0.71225134148 0.81356317552 1.09126806425 

---- Expected P_neut(i), 0 < i < n (neutral SFS per site) 
E[P_neut(1)] = 0.0101248507
E[P_neut(2)] = 0.0043775662
E[P_neut(3)] = 0.0024476905
E[P_neut(4)] = 0.0015660539
E[P_neut(5)] = 0.0011259771
E[P_neut(6)] = 0.0008950846
E[P_neut(7)] = 0.0007395018
E[P_neut(8)] = 0.0006274390
E[P_neut(9)] = 0.0005484777
E[P_neut(10)] = 0.0005033626
E[P_neut(11)] = 0.0004476893
E[P_neut(12)] = 0.0004337490
E[P_neut(13)] = 0.0004040430
E[P_neut(14)] = 0.0003820618
E[P_neut(15)] = 0.0003775695
E[P_neut(16)] = 0.0003734159
E[P_neut(17)] = 0.0003891971
E[P_neut(18)] = 0.0004050710
E[P_neut(19)] = 0.0004438180

---- Expected P_sel(i), 0 < i < n (selected SFS per site) 
E[P_sel(1)] = 0.0072544791
E[P_sel(2)] = 0.0028265218
E[P_sel(3)] = 0.0015001947
E[P_sel(4)] = 0.0009288199
E[P_sel(5)] = 0.0006525613
E[P_sel(6)] = 0.0005099111
E[P_sel(7)] = 0.0004157855
E[P_sel(8)] = 0.0003492384
E[P_sel(9)] = 0.0003029689
E[P_sel(10)] = 0.0002765208
E[P_sel(11)] = 0.0002450691
E[P_sel(12)] = 0.0002370561
E[P_sel(13)] = 0.0002209079
E[P_sel(14)] = 0.0002094321
E[P_sel(15)] = 0.0002080338
E[P_sel(16)] = 0.0002074439
E[P_sel(17)] = 0.0002188603
E[P_sel(18)] = 0.0002318577
E[P_sel(19)] = 0.0002611464

---- Expected D_neut and D_sel (neutral and selected divergence per site) 
E[D_neut] = 0.0198199749
E[D_sel] = 0.0125280245

---- Expected neutral and selected misattributed polymorphism per site
E[mis_neut] = 0.0005529842
E[mis_sel] = 0.0003342921

---- alpha_div = 0.265567
---- alpha_dfe = 0.265408

