---- Running command
---- ./polyDFE -d Mmc/881.polyDFE.config.txt -m C -e 
---- Performing inference using model C

---- Performing inference on Mmc/881.polyDFE.config.txt
---- No mutation variability. Using Poisson likelihood.


---- Calculating initial values

-- Starting local optimization
-- Optimizing all parameters
  it        eps_an        lambda     theta_bar           S_d             b           p_b           S_b           r 2           r 3           r 4           r 5           r 6           r 7           r 8           r 9          r 10          r 11          r 12          r 13          r 14          r 15          r 16          r 17          r 18          r 19          r 20           ln lk          grad status 
   0           0.1 0.01927710224 0.01133859356        -20000         0.208           0.1            20 0.87173602947 0.73884179742 0.64329092545 0.58087685647 0.55194337208 0.53591824026 0.53293497758 0.53533680847 0.55433532997 0.55466890920 0.59372533222 0.62085200752 0.66860663599 0.76058107298 0.86335872138 1.11229126833 1.58309035249             1             1 -1115227.316702 23141.4468409   -2 
 322 0.00456889042 0.01933081450 0.01018405726 -105.94737515 0.10509374660 0.00371796220 32.8564047357 0.86097839008 0.71851063548 0.61592218082 0.55072426819 0.52185736998 0.50258565868 0.49062111345 0.48448235401 0.49099036406 0.47830238172 0.50954292262 0.50990776281 0.52578112484 0.55439592197 0.58258203781 0.64430514437 0.69370688064 0.75722202642 1.00391955915 -293.7317990911 0.68235693928   -3 
-- Local optimization: stuck in the same solution
---- Best joint likelihood found -293.731799091110588 with gradient 0.68236

---- Results for Mmc/881.polyDFE.config.txt 
--  Model: C
--        eps_an        lambda     theta_bar             a 
-- 0.00456889042 0.01933081450 0.01018405726            -1 
--           S_d             b           p_b           S_b 
-- -105.94737515 0.10509374660 0.00371796220 32.8564047357 
--           r 2           r 3           r 4           r 5           r 6           r 7           r 8           r 9          r 10          r 11          r 12          r 13          r 14          r 15          r 16          r 17          r 18          r 19          r 20 
-- 0.86097839008 0.71851063548 0.61592218082 0.55072426819 0.52185736998 0.50258565868 0.49062111345 0.48448235401 0.49099036406 0.47830238172 0.50954292262 0.50990776281 0.52578112484 0.55439592197 0.58258203781 0.64430514437 0.69370688064 0.75722202642 1.00391955915 

---- Expected P_neut(i), 0 < i < n (neutral SFS per site) 
E[P_neut(1)] = 0.0101393818
E[P_neut(2)] = 0.0043658892
E[P_neut(3)] = 0.0024297373
E[P_neut(4)] = 0.0015626762
E[P_neut(5)] = 0.0011183162
E[P_neut(6)] = 0.0008834714
E[P_neut(7)] = 0.0007296788
E[P_neut(8)] = 0.0006236864
E[P_neut(9)] = 0.0005477402
E[P_neut(10)] = 0.0005000274
E[P_neut(11)] = 0.0004433051
E[P_neut(12)] = 0.0004333123
E[P_neut(13)] = 0.0004009718
E[P_neut(14)] = 0.0003847699
E[P_neut(15)] = 0.0003798053
E[P_neut(16)] = 0.0003762860
E[P_neut(17)] = 0.0003953594
E[P_neut(18)] = 0.0004107235
E[P_neut(19)] = 0.0004505487

---- Expected P_sel(i), 0 < i < n (selected SFS per site) 
E[P_sel(1)] = 0.0072181991
E[P_sel(2)] = 0.0028302290
E[P_sel(3)] = 0.0015033357
E[P_sel(4)] = 0.0009382049
E[P_sel(5)] = 0.0006568637
E[P_sel(6)] = 0.0005101458
E[P_sel(7)] = 0.0004155492
E[P_sel(8)] = 0.0003511164
E[P_sel(9)] = 0.0003053712
E[P_sel(10)] = 0.0002764620
E[P_sel(11)] = 0.0002433776
E[P_sel(12)] = 0.0002364894
E[P_sel(13)] = 0.0002178029
E[P_sel(14)] = 0.0002082776
E[P_sel(15)] = 0.0002051994
E[P_sel(16)] = 0.0002033880
E[P_sel(17)] = 0.0002146219
E[P_sel(18)] = 0.0002259278
E[P_sel(19)] = 0.0002589914

---- Expected D_neut and D_sel (neutral and selected divergence per site) 
E[D_neut] = 0.0198420132
E[D_sel] = 0.0125400757

---- Expected neutral and selected misattributed polymorphism per site
E[mis_neut] = 0.0005111987
E[mis_sel] = 0.0002939970

---- alpha_div = 0.192940
---- alpha_dfe = 0.193113

