---- Running command
---- ./polyDFE -d Mmc/882.polyDFE.config.txt -m C -e 
---- Performing inference using model C

---- Performing inference on Mmc/882.polyDFE.config.txt
---- No mutation variability. Using Poisson likelihood.


---- Calculating initial values

-- Starting local optimization
-- Optimizing all parameters
  it        eps_an        lambda     theta_bar           S_d             b           p_b           S_b           r 2           r 3           r 4           r 5           r 6           r 7           r 8           r 9          r 10          r 11          r 12          r 13          r 14          r 15          r 16          r 17          r 18          r 19          r 20           ln lk          grad status 
   0           0.1 0.01925871821 0.01139194541        -20000         0.208           0.1            20 0.86900278395 0.73523328020 0.64044950955 0.58076316245 0.55515059994 0.53696103836 0.53331561469 0.53018221417 0.54899904318 0.54910506666 0.59555629553 0.62145184109 0.66545027735 0.75013650455 0.85678573747 1.10419337706 1.57729931158             1             1 -1113000.969357 23117.9326055   -2 
 603 0.00385022495 0.01931528485 0.01020969788 -94.938174367 0.11209603160 0.00987827164 13.7568935459 0.86021778151 0.71924360606 0.61657448882 0.54944342319 0.52361085667 0.50479681000 0.49002722286 0.48212919532 0.49239746840 0.48012234103 0.51001783820 0.51029615835 0.52272013584 0.55975377213 0.57632778591 0.63733225505 0.69089387519 0.76266231658 1.00647405180 -287.0067856877 0.36158889142   -3 
-- Local optimization: stuck in the same solution
---- Best joint likelihood found -287.006785687728552 with gradient 0.36159

---- Results for Mmc/882.polyDFE.config.txt 
--  Model: C
--        eps_an        lambda     theta_bar             a 
-- 0.00385022495 0.01931528485 0.01020969788            -1 
--           S_d             b           p_b           S_b 
-- -94.938174367 0.11209603160 0.00987827164 13.7568935459 
--           r 2           r 3           r 4           r 5           r 6           r 7           r 8           r 9          r 10          r 11          r 12          r 13          r 14          r 15          r 16          r 17          r 18          r 19          r 20 
-- 0.86021778151 0.71924360606 0.61657448882 0.54944342319 0.52361085667 0.50479681000 0.49002722286 0.48212919532 0.49239746840 0.48012234103 0.51001783820 0.51029615835 0.52272013584 0.55975377213 0.57632778591 0.63733225505 0.69089387519 0.76266231658 1.00647405180 

---- Expected P_neut(i), 0 < i < n (neutral SFS per site) 
E[P_neut(1)] = 0.0101719661
E[P_neut(2)] = 0.0043758832
E[P_neut(3)] = 0.0024398026
E[P_neut(4)] = 0.0015691164
E[P_neut(5)] = 0.0011190775
E[P_neut(6)] = 0.0008890220
E[P_neut(7)] = 0.0007349687
E[P_neut(8)] = 0.0006246416
E[P_neut(9)] = 0.0005465426
E[P_neut(10)] = 0.0005027229
E[P_neut(11)] = 0.0004460177
E[P_neut(12)] = 0.0004346645
E[P_neut(13)] = 0.0004020586
E[P_neut(14)] = 0.0003831638
E[P_neut(15)] = 0.0003838472
E[P_neut(16)] = 0.0003724017
E[P_neut(17)] = 0.0003907136
E[P_neut(18)] = 0.0004072774
E[P_neut(19)] = 0.0004475503

---- Expected P_sel(i), 0 < i < n (selected SFS per site) 
E[P_sel(1)] = 0.0072299730
E[P_sel(2)] = 0.0028212363
E[P_sel(3)] = 0.0014984375
E[P_sel(4)] = 0.0009342002
E[P_sel(5)] = 0.0006515159
E[P_sel(6)] = 0.0005087737
E[P_sel(7)] = 0.0004149067
E[P_sel(8)] = 0.0003487381
E[P_sel(9)] = 0.0003023865
E[P_sel(10)] = 0.0002761047
E[P_sel(11)] = 0.0002435452
E[P_sel(12)] = 0.0002363260
E[P_sel(13)] = 0.0002180023
E[P_sel(14)] = 0.0002075596
E[P_sel(15)] = 0.0002081832
E[P_sel(16)] = 0.0002028468
E[P_sel(17)] = 0.0002147156
E[P_sel(18)] = 0.0002277832
E[P_sel(19)] = 0.0002611739

---- Expected D_neut and D_sel (neutral and selected divergence per site) 
E[D_neut] = 0.0198290747
E[D_sel] = 0.0125182014

---- Expected neutral and selected misattributed polymorphism per site
E[mis_neut] = 0.0005137898
E[mis_sel] = 0.0003031740

---- alpha_div = 0.216647
---- alpha_dfe = 0.216573

