---- Running command
---- ./polyDFE -d Mmc/883.polyDFE.config.txt -m C -e 
---- Performing inference using model C

---- Performing inference on Mmc/883.polyDFE.config.txt
---- No mutation variability. Using Poisson likelihood.


---- Calculating initial values

-- Starting local optimization
-- Optimizing all parameters
  it        eps_an        lambda     theta_bar           S_d             b           p_b           S_b           r 2           r 3           r 4           r 5           r 6           r 7           r 8           r 9          r 10          r 11          r 12          r 13          r 14          r 15          r 16          r 17          r 18          r 19          r 20           ln lk          grad status 
   0           0.1 0.01929669161 0.01136233824        -20000         0.208           0.1            20 0.87450681357 0.73152162946 0.63987417437 0.58206509101 0.55655550642 0.53936964872 0.53479777105 0.53588495514 0.55635819545 0.55814646759 0.59411310959 0.62032532521 0.66580746012 0.75108046717 0.86232670748 1.10760404797 1.58778835344             1             1 -1114619.006279 23140.7814139   -2 
 596 0.00163668742 0.01931577449 0.01015503266 -78.283427556 0.12225096509 0.02073081592 7.37012163995 0.86557672933 0.71925300251 0.61681163517 0.55437788930 0.52658086427 0.50758557828 0.49435952759 0.48587308700 0.49805364239 0.48698701261 0.51441951276 0.51294011618 0.52788123684 0.55492400237 0.58762166706 0.64913109370 0.70305746022 0.80127105279 1.08581017714 -274.6977723268 0.05707503206   -8 
-- Local optimization: reached maximum number of likelihood evaluations allowed.
---- Best joint likelihood found -274.697772326850099 with gradient 0.05708

---- Results for Mmc/883.polyDFE.config.txt 
--  Model: C
--        eps_an        lambda     theta_bar             a 
-- 0.00163668742 0.01931577449 0.01015503266            -1 
--           S_d             b           p_b           S_b 
-- -78.283427556 0.12225096509 0.02073081592 7.37012163995 
--           r 2           r 3           r 4           r 5           r 6           r 7           r 8           r 9          r 10          r 11          r 12          r 13          r 14          r 15          r 16          r 17          r 18          r 19          r 20 
-- 0.86557672933 0.71925300251 0.61681163517 0.55437788930 0.52658086427 0.50758557828 0.49435952759 0.48587308700 0.49805364239 0.48698701261 0.51441951276 0.51294011618 0.52788123684 0.55492400237 0.58762166706 0.64913109370 0.70305746022 0.80127105279 1.08581017714 

---- Expected P_neut(i), 0 < i < n (neutral SFS per site) 
E[P_neut(1)] = 0.0101391130
E[P_neut(2)] = 0.0043884360
E[P_neut(3)] = 0.0024313291
E[P_neut(4)] = 0.0015639830
E[P_neut(5)] = 0.0011247172
E[P_neut(6)] = 0.0008904090
E[P_neut(7)] = 0.0007358146
E[P_neut(8)] = 0.0006272151
E[P_neut(9)] = 0.0005480671
E[P_neut(10)] = 0.0005057751
E[P_neut(11)] = 0.0004497405
E[P_neut(12)] = 0.0004356435
E[P_neut(13)] = 0.0004012358
E[P_neut(14)] = 0.0003837356
E[P_neut(15)] = 0.0003769127
E[P_neut(16)] = 0.0003749099
E[P_neut(17)] = 0.0003911118
E[P_neut(18)] = 0.0004031869
E[P_neut(19)] = 0.0004441794

---- Expected P_sel(i), 0 < i < n (selected SFS per site) 
E[P_sel(1)] = 0.0072425933
E[P_sel(2)] = 0.0028310009
E[P_sel(3)] = 0.0014906000
E[P_sel(4)] = 0.0009284023
E[P_sel(5)] = 0.0006525480
E[P_sel(6)] = 0.0005077974
E[P_sel(7)] = 0.0004140781
E[P_sel(8)] = 0.0003492986
E[P_sel(9)] = 0.0003027536
E[P_sel(10)] = 0.0002776843
E[P_sel(11)] = 0.0002458657
E[P_sel(12)] = 0.0002375713
E[P_sel(13)] = 0.0002186815
E[P_sel(14)] = 0.0002094638
E[P_sel(15)] = 0.0002065675
E[P_sel(16)] = 0.0002069449
E[P_sel(17)] = 0.0002183536
E[P_sel(18)] = 0.0002291287
E[P_sel(19)] = 0.0002603469

---- Expected D_neut and D_sel (neutral and selected divergence per site) 
E[D_neut] = 0.0198670964
E[D_sel] = 0.0125538359

---- Expected neutral and selected misattributed polymorphism per site
E[mis_neut] = 0.0005513219
E[mis_sel] = 0.0003312857

---- alpha_div = 0.247737
---- alpha_dfe = 0.247546

