---- Running command
---- ./polyDFE -d Mmc/884.polyDFE.config.txt -m C -e 
---- Performing inference using model C

---- Performing inference on Mmc/884.polyDFE.config.txt
---- No mutation variability. Using Poisson likelihood.


---- Calculating initial values

-- Starting local optimization
-- Optimizing all parameters
  it        eps_an        lambda     theta_bar           S_d             b           p_b           S_b           r 2           r 3           r 4           r 5           r 6           r 7           r 8           r 9          r 10          r 11          r 12          r 13          r 14          r 15          r 16          r 17          r 18          r 19          r 20           ln lk          grad status 
   0           0.1 0.01929284166 0.01134945145        -20000         0.208           0.1            20 0.87538965647 0.73748944863 0.64728908950 0.58938588168 0.55791627870 0.53560645098 0.53783875955 0.53128365157 0.56061735432 0.55824463261 0.59353824844 0.62335805433 0.66625606569 0.75912719078 0.87129780013 1.11141397115 1.58139047725             1             1 -1116525.180314 23176.2835391   -2 
 529 0.00189327984 0.01929600482 0.01014676641 -70.042873331 0.13038391659 0.02908441586 5.67092644060 0.86622567000 0.72381793361 0.62606129137 0.55871370353 0.52861299617 0.50794031223 0.49523886709 0.48470110117 0.50075811959 0.48557648839 0.51436471922 0.51507973014 0.52260342616 0.56193240614 0.58795866918 0.64455323932 0.70088293905 0.79538426016 1.11316391338 -272.4800565725 0.02123913183   -3 
-- Local optimization: stuck in the same solution
---- Best joint likelihood found -272.480056572589092 with gradient 0.02124

---- Results for Mmc/884.polyDFE.config.txt 
--  Model: C
--        eps_an        lambda     theta_bar             a 
-- 0.00189327984 0.01929600482 0.01014676641            -1 
--           S_d             b           p_b           S_b 
-- -70.042873331 0.13038391659 0.02908441586 5.67092644060 
--           r 2           r 3           r 4           r 5           r 6           r 7           r 8           r 9          r 10          r 11          r 12          r 13          r 14          r 15          r 16          r 17          r 18          r 19          r 20 
-- 0.86622567000 0.72381793361 0.62606129137 0.55871370353 0.52861299617 0.50794031223 0.49523886709 0.48470110117 0.50075811959 0.48557648839 0.51436471922 0.51507973014 0.52260342616 0.56193240614 0.58795866918 0.64455323932 0.70088293905 0.79538426016 1.11316391338 

---- Expected P_neut(i), 0 < i < n (neutral SFS per site) 
E[P_neut(1)] = 0.0101283600
E[P_neut(2)] = 0.0043871224
E[P_neut(3)] = 0.0024442305
E[P_neut(4)] = 0.0015858236
E[P_neut(5)] = 0.0011324005
E[P_neut(6)] = 0.0008929767
E[P_neut(7)] = 0.0007356460
E[P_neut(8)] = 0.0006277683
E[P_neut(9)] = 0.0005462744
E[P_neut(10)] = 0.0005081076
E[P_neut(11)] = 0.0004480985
E[P_neut(12)] = 0.0004352940
E[P_neut(13)] = 0.0004026631
E[P_neut(14)] = 0.0003797422
E[P_neut(15)] = 0.0003815468
E[P_neut(16)] = 0.0003751683
E[P_neut(17)] = 0.0003886202
E[P_neut(18)] = 0.0004026666
E[P_neut(19)] = 0.0004431737

---- Expected P_sel(i), 0 < i < n (selected SFS per site) 
E[P_sel(1)] = 0.0072458878
E[P_sel(2)] = 0.0028246733
E[P_sel(3)] = 0.0014927805
E[P_sel(4)] = 0.0009368269
E[P_sel(5)] = 0.0006535145
E[P_sel(6)] = 0.0005064786
E[P_sel(7)] = 0.0004117631
E[P_sel(8)] = 0.0003478410
E[P_sel(9)] = 0.0003003896
E[P_sel(10)] = 0.0002778824
E[P_sel(11)] = 0.0002442229
E[P_sel(12)] = 0.0002368965
E[P_sel(13)] = 0.0002192667
E[P_sel(14)] = 0.0002073741
E[P_sel(15)] = 0.0002094966
E[P_sel(16)] = 0.0002077837
E[P_sel(17)] = 0.0002180017
E[P_sel(18)] = 0.0002301805
E[P_sel(19)] = 0.0002613771

---- Expected D_neut and D_sel (neutral and selected divergence per site) 
E[D_neut] = 0.0198607555
E[D_sel] = 0.0125345565

---- Expected neutral and selected misattributed polymorphism per site
E[mis_neut] = 0.0005647507
E[mis_sel] = 0.0003408080

---- alpha_div = 0.271616
---- alpha_dfe = 0.271580

