---- Running command
---- ./polyDFE -d Mmc/885.polyDFE.config.txt -m C -e 
---- Performing inference using model C

---- Performing inference on Mmc/885.polyDFE.config.txt
---- No mutation variability. Using Poisson likelihood.


---- Calculating initial values

-- Starting local optimization
-- Optimizing all parameters
  it        eps_an        lambda     theta_bar           S_d             b           p_b           S_b           r 2           r 3           r 4           r 5           r 6           r 7           r 8           r 9          r 10          r 11          r 12          r 13          r 14          r 15          r 16          r 17          r 18          r 19          r 20           ln lk          grad status 
   0           0.1 0.01930177330 0.01132041008        -20000         0.208           0.1            20 0.87772407296 0.73627143440 0.64697848678 0.58685411966 0.55955988811 0.53560757426 0.53332925586 0.53110915746 0.55216038736 0.55486240884 0.59281883582 0.62433562356 0.66877730337 0.75145830883 0.86853227116 1.12072761781 1.59609653249             1             1 -1121465.293811 23221.2247187   -2 
 917 0.00098728236 0.01933054050 0.01012327006 -72.967003956 0.12515369732 0.02379374806 6.43405800654 0.86560149320 0.72112723508 0.61970405550 0.55875534236 0.53037264422 0.50539325149 0.49563504045 0.48674639427 0.49487045921 0.48537898568 0.50865546518 0.52159751613 0.52747322677 0.56011117042 0.58961136042 0.65008240587 0.71714735749 0.81037193033 1.06633701676 -276.4287380434 0.04871613327   -3 
-- Local optimization: stuck in the same solution
---- Best joint likelihood found -276.428738043410704 with gradient 0.04872

---- Results for Mmc/885.polyDFE.config.txt 
--  Model: C
--        eps_an        lambda     theta_bar             a 
-- 0.00098728236 0.01933054050 0.01012327006            -1 
--           S_d             b           p_b           S_b 
-- -72.967003956 0.12515369732 0.02379374806 6.43405800654 
--           r 2           r 3           r 4           r 5           r 6           r 7           r 8           r 9          r 10          r 11          r 12          r 13          r 14          r 15          r 16          r 17          r 18          r 19          r 20 
-- 0.86560149320 0.72112723508 0.61970405550 0.55875534236 0.53037264422 0.50539325149 0.49563504045 0.48674639427 0.49487045921 0.48537898568 0.50865546518 0.52159751613 0.52747322677 0.56011117042 0.58961136042 0.65008240587 0.71714735749 0.81037193033 1.06633701676 

---- Expected P_neut(i), 0 < i < n (neutral SFS per site) 
E[P_neut(1)] = 0.0101137018
E[P_neut(2)] = 0.0043774314
E[P_neut(3)] = 0.0024313683
E[P_neut(4)] = 0.0015671778
E[P_neut(5)] = 0.0011305426
E[P_neut(6)] = 0.0008943440
E[P_neut(7)] = 0.0007305698
E[P_neut(8)] = 0.0006269854
E[P_neut(9)] = 0.0005473966
E[P_neut(10)] = 0.0005009707
E[P_neut(11)] = 0.0004467925
E[P_neut(12)] = 0.0004293003
E[P_neut(13)] = 0.0004064954
E[P_neut(14)] = 0.0003819179
E[P_neut(15)] = 0.0003787541
E[P_neut(16)] = 0.0003742298
E[P_neut(17)] = 0.0003891355
E[P_neut(18)] = 0.0004072539
E[P_neut(19)] = 0.0004413374

---- Expected P_sel(i), 0 < i < n (selected SFS per site) 
E[P_sel(1)] = 0.0072508270
E[P_sel(2)] = 0.0028314155
E[P_sel(3)] = 0.0014936288
E[P_sel(4)] = 0.0009318393
E[P_sel(5)] = 0.0006568913
E[P_sel(6)] = 0.0005107540
E[P_sel(7)] = 0.0004117062
E[P_sel(8)] = 0.0003496919
E[P_sel(9)] = 0.0003028770
E[P_sel(10)] = 0.0002755486
E[P_sel(11)] = 0.0002447579
E[P_sel(12)] = 0.0002346598
E[P_sel(13)] = 0.0002221332
E[P_sel(14)] = 0.0002090876
E[P_sel(15)] = 0.0002082492
E[P_sel(16)] = 0.0002072761
E[P_sel(17)] = 0.0002179745
E[P_sel(18)] = 0.0002320089
E[P_sel(19)] = 0.0002583593

---- Expected D_neut and D_sel (neutral and selected divergence per site) 
E[D_neut] = 0.0198702814
E[D_sel] = 0.0125046700

---- Expected neutral and selected misattributed polymorphism per site
E[mis_neut] = 0.0005397409
E[mis_sel] = 0.0003244869

---- alpha_div = 0.251014
---- alpha_dfe = 0.250807

