---- Running command
---- ./polyDFE -d Mmc/886.polyDFE.config.txt -m C -e 
---- Performing inference using model C

---- Performing inference on Mmc/886.polyDFE.config.txt
---- No mutation variability. Using Poisson likelihood.


---- Calculating initial values

-- Starting local optimization
-- Optimizing all parameters
  it        eps_an        lambda     theta_bar           S_d             b           p_b           S_b           r 2           r 3           r 4           r 5           r 6           r 7           r 8           r 9          r 10          r 11          r 12          r 13          r 14          r 15          r 16          r 17          r 18          r 19          r 20           ln lk          grad status 
   0           0.1 0.01927374750 0.01137594828        -20000         0.208           0.1            20 0.87644230073 0.73863602343 0.64109651862 0.58289475053 0.55379915196 0.54001216810 0.53791653839 0.53753876491 0.54886756772 0.55854275643 0.59458809739 0.62550343523 0.66243594250 0.75632164450 0.86643553046 1.11511086818 1.58278263645             1             1 -1114103.878359 23138.0207799   -2 
 417 0.00487431630 0.01932980502 0.01021718493 -100.18502873 0.10904030458 0.00592494364 21.9729363490 0.86461572523 0.71993335656 0.61537812275 0.55353319467 0.52557045822 0.50584047272 0.48960459556 0.48626357202 0.49272611919 0.48243267002 0.50938835697 0.51345141803 0.51794805093 0.55707478274 0.58548414921 0.64219772732 0.68391865282 0.74652435428 1.00329663103 -283.0770719894 0.55845217874   -3 
-- Local optimization: stuck in the same solution
---- Best joint likelihood found -283.077071989406249 with gradient 0.55845

---- Results for Mmc/886.polyDFE.config.txt 
--  Model: C
--        eps_an        lambda     theta_bar             a 
-- 0.00487431630 0.01932980502 0.01021718493            -1 
--           S_d             b           p_b           S_b 
-- -100.18502873 0.10904030458 0.00592494364 21.9729363490 
--           r 2           r 3           r 4           r 5           r 6           r 7           r 8           r 9          r 10          r 11          r 12          r 13          r 14          r 15          r 16          r 17          r 18          r 19          r 20 
-- 0.86461572523 0.71993335656 0.61537812275 0.55353319467 0.52557045822 0.50584047272 0.48960459556 0.48626357202 0.49272611919 0.48243267002 0.50938835697 0.51345141803 0.51794805093 0.55707478274 0.58548414921 0.64219772732 0.68391865282 0.74652435428 1.00329663103 

---- Expected P_neut(i), 0 < i < n (neutral SFS per site) 
E[P_neut(1)] = 0.0101693399
E[P_neut(2)] = 0.0043973319
E[P_neut(3)] = 0.0024418274
E[P_neut(4)] = 0.0015660187
E[P_neut(5)] = 0.0011274464
E[P_neut(6)] = 0.0008924552
E[P_neut(7)] = 0.0007366918
E[P_neut(8)] = 0.0006243637
E[P_neut(9)] = 0.0005515206
E[P_neut(10)] = 0.0005034274
E[P_neut(11)] = 0.0004486069
E[P_neut(12)] = 0.0004346434
E[P_neut(13)] = 0.0004051725
E[P_neut(14)] = 0.0003805178
E[P_neut(15)] = 0.0003831129
E[P_neut(16)] = 0.0003797143
E[P_neut(17)] = 0.0003960378
E[P_neut(18)] = 0.0004078443
E[P_neut(19)] = 0.0004492860

---- Expected P_sel(i), 0 < i < n (selected SFS per site) 
E[P_sel(1)] = 0.0072230448
E[P_sel(2)] = 0.0028368650
E[P_sel(3)] = 0.0015015478
E[P_sel(4)] = 0.0009337314
E[P_sel(5)] = 0.0006573620
E[P_sel(6)] = 0.0005114180
E[P_sel(7)] = 0.0004163113
E[P_sel(8)] = 0.0003487999
E[P_sel(9)] = 0.0003051653
E[P_sel(10)] = 0.0002763253
E[P_sel(11)] = 0.0002446073
E[P_sel(12)] = 0.0002357353
E[P_sel(13)] = 0.0002188841
E[P_sel(14)] = 0.0002050707
E[P_sel(15)] = 0.0002063597
E[P_sel(16)] = 0.0002049951
E[P_sel(17)] = 0.0002152688
E[P_sel(18)] = 0.0002253948
E[P_sel(19)] = 0.0002604964

---- Expected D_neut and D_sel (neutral and selected divergence per site) 
E[D_neut] = 0.0198423484
E[D_sel] = 0.0125343867

---- Expected neutral and selected misattributed polymorphism per site
E[mis_neut] = 0.0005125434
E[mis_sel] = 0.0002977913

---- alpha_div = 0.206255
---- alpha_dfe = 0.206312

