---- Running command
---- ./polyDFE -d Mmc/887.polyDFE.config.txt -m C -e 
---- Performing inference using model C

---- Performing inference on Mmc/887.polyDFE.config.txt
---- No mutation variability. Using Poisson likelihood.


---- Calculating initial values

-- Starting local optimization
-- Optimizing all parameters
  it        eps_an        lambda     theta_bar           S_d             b           p_b           S_b           r 2           r 3           r 4           r 5           r 6           r 7           r 8           r 9          r 10          r 11          r 12          r 13          r 14          r 15          r 16          r 17          r 18          r 19          r 20           ln lk          grad status 
   0           0.1 0.01930256284 0.01139034453        -20000         0.208           0.1            20 0.87467057261 0.73548777544 0.64402941448 0.57960848776 0.55469441317 0.53995951080 0.53735103834 0.53008261718 0.55519606218 0.55773862882 0.57762687334 0.62737906333 0.66031558842 0.75423519476 0.86212656807 1.11045604379 1.58235808148             1             1 -1116964.837469 23159.5775432   -2 
 837 0.00102724998 0.01933482118 0.01017797246 -87.532979928 0.11671022390 0.01752787952 8.23911528409 0.86594432852 0.72039720690 0.61993174206 0.55104192979 0.52841551621 0.50630514725 0.49601901334 0.48574283314 0.49684346526 0.48438696923 0.50315690004 0.51736115423 0.52600977137 0.56355376888 0.58335657183 0.64106265499 0.70996242207 0.81541960955 1.05998320216 -286.2587790801 0.04010481368   -8 
-- Local optimization: reached maximum number of likelihood evaluations allowed.
---- Best joint likelihood found -286.258779080133536 with gradient 0.04010

---- Results for Mmc/887.polyDFE.config.txt 
--  Model: C
--        eps_an        lambda     theta_bar             a 
-- 0.00102724998 0.01933482118 0.01017797246            -1 
--           S_d             b           p_b           S_b 
-- -87.532979928 0.11671022390 0.01752787952 8.23911528409 
--           r 2           r 3           r 4           r 5           r 6           r 7           r 8           r 9          r 10          r 11          r 12          r 13          r 14          r 15          r 16          r 17          r 18          r 19          r 20 
-- 0.86594432852 0.72039720690 0.61993174206 0.55104192979 0.52841551621 0.50630514725 0.49601901334 0.48574283314 0.49684346526 0.48438696923 0.50315690004 0.51736115423 0.52600977137 0.56355376888 0.58335657183 0.64106265499 0.70996242207 0.81541960955 1.05998320216 

---- Expected P_neut(i), 0 < i < n (neutral SFS per site) 
E[P_neut(1)] = 0.0101679659
E[P_neut(2)] = 0.0044026643
E[P_neut(3)] = 0.0024419446
E[P_neut(4)] = 0.0015761729
E[P_neut(5)] = 0.0011209385
E[P_neut(6)] = 0.0008958385
E[P_neut(7)] = 0.0007358256
E[P_neut(8)] = 0.0006308486
E[P_neut(9)] = 0.0005492158
E[P_neut(10)] = 0.0005056859
E[P_neut(11)] = 0.0004482927
E[P_neut(12)] = 0.0004269696
E[P_neut(13)] = 0.0004053930
E[P_neut(14)] = 0.0003829360
E[P_neut(15)] = 0.0003831484
E[P_neut(16)] = 0.0003723259
E[P_neut(17)] = 0.0003859233
E[P_neut(18)] = 0.0004055577
E[P_neut(19)] = 0.0004468128

---- Expected P_sel(i), 0 < i < n (selected SFS per site) 
E[P_sel(1)] = 0.0072447858
E[P_sel(2)] = 0.0028410437
E[P_sel(3)] = 0.0015001049
E[P_sel(4)] = 0.0009384780
E[P_sel(5)] = 0.0006527558
E[P_sel(6)] = 0.0005129892
E[P_sel(7)] = 0.0004158782
E[P_sel(8)] = 0.0003528749
E[P_sel(9)] = 0.0003047170
E[P_sel(10)] = 0.0002788079
E[P_sel(11)] = 0.0002460429
E[P_sel(12)] = 0.0002336711
E[P_sel(13)] = 0.0002216211
E[P_sel(14)] = 0.0002095297
E[P_sel(15)] = 0.0002103221
E[P_sel(16)] = 0.0002056532
E[P_sel(17)] = 0.0002153514
E[P_sel(18)] = 0.0002300163
E[P_sel(19)] = 0.0002606607

---- Expected D_neut and D_sel (neutral and selected divergence per site) 
E[D_neut] = 0.0198742452
E[D_sel] = 0.0125423802

---- Expected neutral and selected misattributed polymorphism per site
E[mis_neut] = 0.0005394240
E[mis_sel] = 0.0003233565

---- alpha_div = 0.233395
---- alpha_dfe = 0.233209

