---- Running command
---- ./polyDFE -d Mmc/888.polyDFE.config.txt -m C -e 
---- Performing inference using model C

---- Performing inference on Mmc/888.polyDFE.config.txt
---- No mutation variability. Using Poisson likelihood.


---- Calculating initial values

-- Starting local optimization
-- Optimizing all parameters
  it        eps_an        lambda     theta_bar           S_d             b           p_b           S_b           r 2           r 3           r 4           r 5           r 6           r 7           r 8           r 9          r 10          r 11          r 12          r 13          r 14          r 15          r 16          r 17          r 18          r 19          r 20           ln lk          grad status 
   0           0.1 0.01933567452 0.01134059724        -20000         0.208           0.1            20 0.87368624924 0.73610157437 0.64201589186 0.57776036249 0.55711382085 0.54561944078 0.53693430553 0.53709753071 0.55451535535 0.55783069178 0.59490285531 0.63605058246 0.66743947183 0.74654756635 0.86857954877 1.10297489386 1.58205089909             1             1 -1120552.376570 23250.7232878   -2 
 926 0.00071016884 0.01936354259 0.01012522786 -71.087998699 0.12868408159 0.02793344592 5.70466659433 0.86558916320 0.72202391266 0.62006119404 0.55473196510 0.52817412285 0.50912173143 0.49505797087 0.49012693404 0.49809757672 0.48617789095 0.51580539271 0.52169628288 0.52947416266 0.55937700340 0.59171216646 0.64588433658 0.70701472669 0.83130214431 1.06842630298 -266.0061491565 0.03209488442   -3 
-- Local optimization: stuck in the same solution
---- Best joint likelihood found -266.006149156557512 with gradient 0.03209

---- Results for Mmc/888.polyDFE.config.txt 
--  Model: C
--        eps_an        lambda     theta_bar             a 
-- 0.00071016884 0.01936354259 0.01012522786            -1 
--           S_d             b           p_b           S_b 
-- -71.087998699 0.12868408159 0.02793344592 5.70466659433 
--           r 2           r 3           r 4           r 5           r 6           r 7           r 8           r 9          r 10          r 11          r 12          r 13          r 14          r 15          r 16          r 17          r 18          r 19          r 20 
-- 0.86558916320 0.72202391266 0.62006119404 0.55473196510 0.52817412285 0.50912173143 0.49505797087 0.49012693404 0.49809757672 0.48617789095 0.51580539271 0.52169628288 0.52947416266 0.55937700340 0.59171216646 0.64588433658 0.70701472669 0.83130214431 1.06842630298 

---- Expected P_neut(i), 0 < i < n (neutral SFS per site) 
E[P_neut(1)] = 0.0101183519
E[P_neut(2)] = 0.0043793141
E[P_neut(3)] = 0.0024354281
E[P_neut(4)] = 0.0015687165
E[P_neut(5)] = 0.0011228279
E[P_neut(6)] = 0.0008909529
E[P_neut(7)] = 0.0007361904
E[P_neut(8)] = 0.0006264360
E[P_neut(9)] = 0.0005513314
E[P_neut(10)] = 0.0005043351
E[P_neut(11)] = 0.0004475885
E[P_neut(12)] = 0.0004353565
E[P_neut(13)] = 0.0004065647
E[P_neut(14)] = 0.0003832929
E[P_neut(15)] = 0.0003781176
E[P_neut(16)] = 0.0003753000
E[P_neut(17)] = 0.0003861472
E[P_neut(18)] = 0.0004005344
E[P_neut(19)] = 0.0004498825

---- Expected P_sel(i), 0 < i < n (selected SFS per site) 
E[P_sel(1)] = 0.0072439973
E[P_sel(2)] = 0.0028242103
E[P_sel(3)] = 0.0014905247
E[P_sel(4)] = 0.0009289168
E[P_sel(5)] = 0.0006496267
E[P_sel(6)] = 0.0005066461
E[P_sel(7)] = 0.0004131485
E[P_sel(8)] = 0.0003480028
E[P_sel(9)] = 0.0003039335
E[P_sel(10)] = 0.0002764804
E[P_sel(11)] = 0.0002444887
E[P_sel(12)] = 0.0002374065
E[P_sel(13)] = 0.0002217733
E[P_sel(14)] = 0.0002095987
E[P_sel(15)] = 0.0002078023
E[P_sel(16)] = 0.0002079152
E[P_sel(17)] = 0.0002164802
E[P_sel(18)] = 0.0002284327
E[P_sel(19)] = 0.0002633232

---- Expected D_neut and D_sel (neutral and selected divergence per site) 
E[D_neut] = 0.0199044456
E[D_sel] = 0.0125139088

---- Expected neutral and selected misattributed polymorphism per site
E[mis_neut] = 0.0005409030
E[mis_sel] = 0.0003255646

---- alpha_div = 0.263455
---- alpha_dfe = 0.263311

