---- Running command
---- ./polyDFE -d Mmc/889.polyDFE.config.txt -m C -e 
---- Performing inference using model C

---- Performing inference on Mmc/889.polyDFE.config.txt
---- No mutation variability. Using Poisson likelihood.


---- Calculating initial values

-- Starting local optimization
-- Optimizing all parameters
  it        eps_an        lambda     theta_bar           S_d             b           p_b           S_b           r 2           r 3           r 4           r 5           r 6           r 7           r 8           r 9          r 10          r 11          r 12          r 13          r 14          r 15          r 16          r 17          r 18          r 19          r 20           ln lk          grad status 
   0           0.1 0.01930603152 0.01134117931        -20000         0.208           0.1            20 0.87587011579 0.73600914277 0.64584543183 0.58350645208 0.55823154012 0.54028991001 0.53750473641 0.53175937426 0.55195051100 0.55528276448 0.58968133752 0.61396750319 0.66854190470 0.75007368758 0.87454242351 1.10395845106 1.58754051231             1             1 -1120080.451609 23213.1778360   -2 
 513 0.00235904138 0.01935902342 0.01014207819 -75.492385021 0.12505387480 0.02610096530 5.93567362577 0.86785295416 0.72366863977 0.61956642034 0.55667286972 0.52668020253 0.50949987667 0.49507697848 0.48810855147 0.49247571737 0.48396799584 0.50753704197 0.51113190609 0.52793041451 0.55584171527 0.59324136611 0.63611743071 0.69711335363 0.78375420775 1.01796213557 -281.9758623516 0.09814867285   -3 
-- Local optimization: stuck in the same solution
---- Best joint likelihood found -281.975862351668184 with gradient 0.09815

---- Results for Mmc/889.polyDFE.config.txt 
--  Model: C
--        eps_an        lambda     theta_bar             a 
-- 0.00235904138 0.01935902342 0.01014207819            -1 
--           S_d             b           p_b           S_b 
-- -75.492385021 0.12505387480 0.02610096530 5.93567362577 
--           r 2           r 3           r 4           r 5           r 6           r 7           r 8           r 9          r 10          r 11          r 12          r 13          r 14          r 15          r 16          r 17          r 18          r 19          r 20 
-- 0.86785295416 0.72366863977 0.61956642034 0.55667286972 0.52668020253 0.50949987667 0.49507697848 0.48810855147 0.49247571737 0.48396799584 0.50753704197 0.51113190609 0.52793041451 0.55584171527 0.59324136611 0.63611743071 0.69711335363 0.78375420775 1.01796213557 

---- Expected P_neut(i), 0 < i < n (neutral SFS per site) 
E[P_neut(1)] = 0.0101191395
E[P_neut(2)] = 0.0043914609
E[P_neut(3)] = 0.0024416252
E[P_neut(4)] = 0.0015681040
E[P_neut(5)] = 0.0011273868
E[P_neut(6)] = 0.0008890740
E[P_neut(7)] = 0.0007373975
E[P_neut(8)] = 0.0006271700
E[P_neut(9)] = 0.0005498034
E[P_neut(10)] = 0.0004994727
E[P_neut(11)] = 0.0004464669
E[P_neut(12)] = 0.0004294254
E[P_neut(13)] = 0.0003995653
E[P_neut(14)] = 0.0003836488
E[P_neut(15)] = 0.0003776032
E[P_neut(16)] = 0.0003788625
E[P_neut(17)] = 0.0003843792
E[P_neut(18)] = 0.0004022430
E[P_neut(19)] = 0.0004413016

---- Expected P_sel(i), 0 < i < n (selected SFS per site) 
E[P_sel(1)] = 0.0072372540
E[P_sel(2)] = 0.0028343750
E[P_sel(3)] = 0.0014972092
E[P_sel(4)] = 0.0009309933
E[P_sel(5)] = 0.0006542747
E[P_sel(6)] = 0.0005072900
E[P_sel(7)] = 0.0004153093
E[P_sel(8)] = 0.0003496991
E[P_sel(9)] = 0.0003042260
E[P_sel(10)] = 0.0002748359
E[P_sel(11)] = 0.0002447691
E[P_sel(12)] = 0.0002350021
E[P_sel(13)] = 0.0002186929
E[P_sel(14)] = 0.0002104617
E[P_sel(15)] = 0.0002081367
E[P_sel(16)] = 0.0002104773
E[P_sel(17)] = 0.0002161087
E[P_sel(18)] = 0.0002302836
E[P_sel(19)] = 0.0002607894

---- Expected D_neut and D_sel (neutral and selected divergence per site) 
E[D_neut] = 0.0198752360
E[D_sel] = 0.0125050714

---- Expected neutral and selected misattributed polymorphism per site
E[mis_neut] = 0.0005162126
E[mis_sel] = 0.0003109200

---- alpha_div = 0.255314
---- alpha_dfe = 0.255141

