---- Running command
---- ./polyDFE -d Mmc/89.polyDFE.config.txt -m C -e 
---- Performing inference using model C

---- Performing inference on Mmc/89.polyDFE.config.txt
---- No mutation variability. Using Poisson likelihood.


---- Calculating initial values

-- Starting local optimization
-- Optimizing all parameters
  it        eps_an        lambda     theta_bar           S_d             b           p_b           S_b           r 2           r 3           r 4           r 5           r 6           r 7           r 8           r 9          r 10          r 11          r 12          r 13          r 14          r 15          r 16          r 17          r 18          r 19          r 20           ln lk          grad status 
   0           0.1 0.01926326697 0.01135219191        -20000         0.208           0.1            20 0.87617005389 0.73379765726 0.64091210570 0.57829556222 0.55818078006 0.53617580113 0.53919767479 0.52940265903 0.55385756358 0.54794913007 0.59797563792 0.63548803284 0.66670177676 0.74219452881 0.87049717333 1.10553174349 1.57492686018             1             1 -1112279.023195 23084.2645076   -2 
 671 0.00128496773 0.01929773317 0.01014903253 -81.844400979 0.11858709478 0.01615064209 9.10859250994 0.86650597922 0.71840011642 0.61656345174 0.55217895560 0.52788559425 0.50626303619 0.49604523018 0.48503611015 0.49395831844 0.48380528214 0.51526692847 0.52256350913 0.52610528047 0.55490521106 0.58793540477 0.64503082387 0.69651781504 0.82030106325 1.05426347256 -269.2681888062 0.05668082532   -3 
-- Local optimization: stuck in the same solution
---- Best joint likelihood found -269.268188806207036 with gradient 0.05668

---- Results for Mmc/89.polyDFE.config.txt 
--  Model: C
--        eps_an        lambda     theta_bar             a 
-- 0.00128496773 0.01929773317 0.01014903253            -1 
--           S_d             b           p_b           S_b 
-- -81.844400979 0.11858709478 0.01615064209 9.10859250994 
--           r 2           r 3           r 4           r 5           r 6           r 7           r 8           r 9          r 10          r 11          r 12          r 13          r 14          r 15          r 16          r 17          r 18          r 19          r 20 
-- 0.86650597922 0.71840011642 0.61656345174 0.55217895560 0.52788559425 0.50626303619 0.49604523018 0.48503611015 0.49395831844 0.48380528214 0.51526692847 0.52256350913 0.52610528047 0.55490521106 0.58793540477 0.64503082387 0.69651781504 0.82030106325 1.05426347256 

---- Expected P_neut(i), 0 < i < n (neutral SFS per site) 
E[P_neut(1)] = 0.0101365544
E[P_neut(2)] = 0.0043919532
E[P_neut(3)] = 0.0024277273
E[P_neut(4)] = 0.0015628497
E[P_neut(5)] = 0.0011198587
E[P_neut(6)] = 0.0008922640
E[P_neut(7)] = 0.0007335925
E[P_neut(8)] = 0.0006290487
E[P_neut(9)] = 0.0005468316
E[P_neut(10)] = 0.0005013199
E[P_neut(11)] = 0.0004465070
E[P_neut(12)] = 0.0004360371
E[P_neut(13)] = 0.0004083816
E[P_neut(14)] = 0.0003820473
E[P_neut(15)] = 0.0003764078
E[P_neut(16)] = 0.0003744669
E[P_neut(17)] = 0.0003877127
E[P_neut(18)] = 0.0003978667
E[P_neut(19)] = 0.0004506498

---- Expected P_sel(i), 0 < i < n (selected SFS per site) 
E[P_sel(1)] = 0.0072415582
E[P_sel(2)] = 0.0028379979
E[P_sel(3)] = 0.0014920179
E[P_sel(4)] = 0.0009303139
E[P_sel(5)] = 0.0006516086
E[P_sel(6)] = 0.0005102974
E[P_sel(7)] = 0.0004139194
E[P_sel(8)] = 0.0003511410
E[P_sel(9)] = 0.0003026566
E[P_sel(10)] = 0.0002756319
E[P_sel(11)] = 0.0002442976
E[P_sel(12)] = 0.0002378091
E[P_sel(13)] = 0.0002224126
E[P_sel(14)] = 0.0002081936
E[P_sel(15)] = 0.0002057317
E[P_sel(16)] = 0.0002059129
E[P_sel(17)] = 0.0002154002
E[P_sel(18)] = 0.0002248149
E[P_sel(19)] = 0.0002625755

---- Expected D_neut and D_sel (neutral and selected divergence per site) 
E[D_neut] = 0.0198327209
E[D_sel] = 0.0125576826

---- Expected neutral and selected misattributed polymorphism per site
E[mis_neut] = 0.0005349877
E[mis_sel] = 0.0003202752

---- alpha_div = 0.236097
---- alpha_dfe = 0.235941

