---- Running command
---- ./polyDFE -d Mmc/890.polyDFE.config.txt -m C -e 
---- Performing inference using model C

---- Performing inference on Mmc/890.polyDFE.config.txt
---- No mutation variability. Using Poisson likelihood.


---- Calculating initial values

-- Starting local optimization
-- Optimizing all parameters
  it        eps_an        lambda     theta_bar           S_d             b           p_b           S_b           r 2           r 3           r 4           r 5           r 6           r 7           r 8           r 9          r 10          r 11          r 12          r 13          r 14          r 15          r 16          r 17          r 18          r 19          r 20           ln lk          grad status 
   0           0.1 0.01926778137 0.01138536249        -20000         0.208           0.1            20 0.86725724208 0.73103392304 0.63810380999 0.57850884508 0.55777362980 0.53518373072 0.53361050601 0.52931544592 0.55464935561 0.54973859733 0.58224925543 0.62211630567 0.66502431937 0.74751892478 0.86308443960 1.10533326968 1.57236037956             1             1 -1114110.684922 23136.5515040   -2 
1270 0.00056907818 0.01927949956 0.01015781222 -88.389828532 0.11723626691 0.02014514430 7.27883427050 0.86166606153 0.71832323876 0.61682894561 0.55111988845 0.52591054513 0.50260945233 0.49342896190 0.48500870831 0.49524433613 0.48246721816 0.50450511801 0.51521364878 0.52744610442 0.55633568131 0.58794954888 0.64851201581 0.70994196060 0.83004415770 1.10053317372 -276.0672812813 0.02268726143   -3 
-- Local optimization: stuck in the same solution
---- Best joint likelihood found -276.067281281386386 with gradient 0.02269

---- Results for Mmc/890.polyDFE.config.txt 
--  Model: C
--        eps_an        lambda     theta_bar             a 
-- 0.00056907818 0.01927949956 0.01015781222            -1 
--           S_d             b           p_b           S_b 
-- -88.389828532 0.11723626691 0.02014514430 7.27883427050 
--           r 2           r 3           r 4           r 5           r 6           r 7           r 8           r 9          r 10          r 11          r 12          r 13          r 14          r 15          r 16          r 17          r 18          r 19          r 20 
-- 0.86166606153 0.71832323876 0.61682894561 0.55111988845 0.52591054513 0.50260945233 0.49342896190 0.48500870831 0.49524433613 0.48246721816 0.50450511801 0.51521364878 0.52744610442 0.55633568131 0.58794954888 0.64851201581 0.70994196060 0.83004415770 1.10053317372 

---- Expected P_neut(i), 0 < i < n (neutral SFS per site) 
E[P_neut(1)] = 0.0101522842
E[P_neut(2)] = 0.0043740586
E[P_neut(3)] = 0.0024310339
E[P_neut(4)] = 0.0015657292
E[P_neut(5)] = 0.0011192117
E[P_neut(6)] = 0.0008900612
E[P_neut(7)] = 0.0007291587
E[P_neut(8)] = 0.0006264063
E[P_neut(9)] = 0.0005473451
E[P_neut(10)] = 0.0005030599
E[P_neut(11)] = 0.0004455863
E[P_neut(12)] = 0.0004271692
E[P_neut(13)] = 0.0004027585
E[P_neut(14)] = 0.0003829816
E[P_neut(15)] = 0.0003771663
E[P_neut(16)] = 0.0003739466
E[P_neut(17)] = 0.0003886614
E[P_neut(18)] = 0.0004028990
E[P_neut(19)] = 0.0004492877

---- Expected P_sel(i), 0 < i < n (selected SFS per site) 
E[P_sel(1)] = 0.0072276822
E[P_sel(2)] = 0.0028204344
E[P_sel(3)] = 0.0014925181
E[P_sel(4)] = 0.0009319021
E[P_sel(5)] = 0.0006516546
E[P_sel(6)] = 0.0005097391
E[P_sel(7)] = 0.0004122758
E[P_sel(8)] = 0.0003506412
E[P_sel(9)] = 0.0003040017
E[P_sel(10)] = 0.0002777597
E[P_sel(11)] = 0.0002450107
E[P_sel(12)] = 0.0002343184
E[P_sel(13)] = 0.0002207939
E[P_sel(14)] = 0.0002102446
E[P_sel(15)] = 0.0002078279
E[P_sel(16)] = 0.0002074316
E[P_sel(17)] = 0.0002178716
E[P_sel(18)] = 0.0002294971
E[P_sel(19)] = 0.0002625584

---- Expected D_neut and D_sel (neutral and selected divergence per site) 
E[D_neut] = 0.0198384500
E[D_sel] = 0.0125185562

---- Expected neutral and selected misattributed polymorphism per site
E[mis_neut] = 0.0005589505
E[mis_sel] = 0.0003362522

---- alpha_div = 0.238165
---- alpha_dfe = 0.238045

