---- Running command
---- ./polyDFE -d Mmc/891.polyDFE.config.txt -m C -e 
---- Performing inference using model C

---- Performing inference on Mmc/891.polyDFE.config.txt
---- No mutation variability. Using Poisson likelihood.


---- Calculating initial values

-- Starting local optimization
-- Optimizing all parameters
  it        eps_an        lambda     theta_bar           S_d             b           p_b           S_b           r 2           r 3           r 4           r 5           r 6           r 7           r 8           r 9          r 10          r 11          r 12          r 13          r 14          r 15          r 16          r 17          r 18          r 19          r 20           ln lk          grad status 
   0           0.1 0.01928358280 0.01137967473        -20000         0.208           0.1            20 0.86700943302 0.73344759457 0.64459933980 0.57691830771 0.55388465086 0.53323969798 0.53956146945 0.52762431049 0.55260517749 0.55347047146 0.59443459933 0.62143937843 0.66542717106 0.74705752757 0.86254780972 1.09935941773 1.57669647176             1             1 -1117135.739125 23155.1844219   -2 
 559 0.00298742228 0.01929050421 0.01017890037 -84.058641986 0.11770701110 0.01982927944 7.37540602881 0.86183845961 0.71882502415 0.62129079244 0.55210357450 0.52276125019 0.50324614095 0.49744652150 0.48211823587 0.49447743315 0.48133736789 0.50670433295 0.51109776115 0.52070125842 0.55421141054 0.58507781033 0.63306769085 0.69728778036 0.77531178959 1.10181529682 -279.5800899062 0.47014622055   -8 
-- Local optimization: reached maximum number of likelihood evaluations allowed.
---- Best joint likelihood found -279.580089906230569 with gradient 0.47015

---- Results for Mmc/891.polyDFE.config.txt 
--  Model: C
--        eps_an        lambda     theta_bar             a 
-- 0.00298742228 0.01929050421 0.01017890037            -1 
--           S_d             b           p_b           S_b 
-- -84.058641986 0.11770701110 0.01982927944 7.37540602881 
--           r 2           r 3           r 4           r 5           r 6           r 7           r 8           r 9          r 10          r 11          r 12          r 13          r 14          r 15          r 16          r 17          r 18          r 19          r 20 
-- 0.86183845961 0.71882502415 0.62129079244 0.55210357450 0.52276125019 0.50324614095 0.49744652150 0.48211823587 0.49447743315 0.48133736789 0.50670433295 0.51109776115 0.52070125842 0.55421141054 0.58507781033 0.63306769085 0.69728778036 0.77531178959 1.10181529682 

---- Expected P_neut(i), 0 < i < n (neutral SFS per site) 
E[P_neut(1)] = 0.0101497326
E[P_neut(2)] = 0.0043743582
E[P_neut(3)] = 0.0024327957
E[P_neut(4)] = 0.0015774031
E[P_neut(5)] = 0.0011217272
E[P_neut(6)] = 0.0008853374
E[P_neut(7)] = 0.0007307940
E[P_neut(8)] = 0.0006323255
E[P_neut(9)] = 0.0005449721
E[P_neut(10)] = 0.0005033237
E[P_neut(11)] = 0.0004457061
E[P_neut(12)] = 0.0004304146
E[P_neut(13)] = 0.0004011763
E[P_neut(14)] = 0.0003801017
E[P_neut(15)] = 0.0003783184
E[P_neut(16)] = 0.0003758267
E[P_neut(17)] = 0.0003852087
E[P_neut(18)] = 0.0004062381
E[P_neut(19)] = 0.0004445268

---- Expected P_sel(i), 0 < i < n (selected SFS per site) 
E[P_sel(1)] = 0.0072553438
E[P_sel(2)] = 0.0028319477
E[P_sel(3)] = 0.0014992956
E[P_sel(4)] = 0.0009422727
E[P_sel(5)] = 0.0006554072
E[P_sel(6)] = 0.0005087486
E[P_sel(7)] = 0.0004145527
E[P_sel(8)] = 0.0003550778
E[P_sel(9)] = 0.0003036166
E[P_sel(10)] = 0.0002787385
E[P_sel(11)] = 0.0002457929
E[P_sel(12)] = 0.0002367734
E[P_sel(13)] = 0.0002205451
E[P_sel(14)] = 0.0002092483
E[P_sel(15)] = 0.0002090559
E[P_sel(16)] = 0.0002091131
E[P_sel(17)] = 0.0002167296
E[P_sel(18)] = 0.0002326953
E[P_sel(19)] = 0.0002634662

---- Expected D_neut and D_sel (neutral and selected divergence per site) 
E[D_neut] = 0.0198512676
E[D_sel] = 0.0125536187

---- Expected neutral and selected misattributed polymorphism per site
E[mis_neut] = 0.0005607634
E[mis_sel] = 0.0003380062

---- alpha_div = 0.236677
---- alpha_dfe = 0.236767

