---- Running command
---- ./polyDFE -d Mmc/892.polyDFE.config.txt -m C -e 
---- Performing inference using model C

---- Performing inference on Mmc/892.polyDFE.config.txt
---- No mutation variability. Using Poisson likelihood.


---- Calculating initial values

-- Starting local optimization
-- Optimizing all parameters
  it        eps_an        lambda     theta_bar           S_d             b           p_b           S_b           r 2           r 3           r 4           r 5           r 6           r 7           r 8           r 9          r 10          r 11          r 12          r 13          r 14          r 15          r 16          r 17          r 18          r 19          r 20           ln lk          grad status 
   0           0.1 0.01926813118 0.01136067698        -20000         0.208           0.1            20 0.87114712317 0.73127941732 0.64181894910 0.58380020263 0.54898922523 0.53709459869 0.54169810324 0.52787424948 0.55276365885 0.55421576254 0.59109905325 0.61929460580 0.66319977614 0.75599846395 0.86402938654 1.10807918763 1.58178733509             1             1 -1116960.617204 23168.8779425   -2 
1199 0.00111319089 0.01925215278 0.01014552573 -81.341266603 0.11911872348 0.01764826143 8.31281691584 0.86402301807 0.71767977288 0.61815876208 0.55431419089 0.52266276835 0.50778312650 0.49966187268 0.48256270094 0.49648432097 0.48173151548 0.50883691520 0.51470434213 0.52646707864 0.55426191513 0.58754991718 0.64964982730 0.71047811677 0.81811914037 1.15232674842 -280.3416917797 0.01569044827   -3 
-- Local optimization: stuck in the same solution
---- Best joint likelihood found -280.341691779743996 with gradient 0.01569

---- Results for Mmc/892.polyDFE.config.txt 
--  Model: C
--        eps_an        lambda     theta_bar             a 
-- 0.00111319089 0.01925215278 0.01014552573            -1 
--           S_d             b           p_b           S_b 
-- -81.341266603 0.11911872348 0.01764826143 8.31281691584 
--           r 2           r 3           r 4           r 5           r 6           r 7           r 8           r 9          r 10          r 11          r 12          r 13          r 14          r 15          r 16          r 17          r 18          r 19          r 20 
-- 0.86402301807 0.71767977288 0.61815876208 0.55431419089 0.52266276835 0.50778312650 0.49966187268 0.48256270094 0.49648432097 0.48173151548 0.50883691520 0.51470434213 0.52646707864 0.55426191513 0.58754991718 0.64964982730 0.71047811677 0.81811914037 1.15232674842 

---- Expected P_neut(i), 0 < i < n (neutral SFS per site) 
E[P_neut(1)] = 0.0101347181
E[P_neut(2)] = 0.0043785506
E[P_neut(3)] = 0.0024248093
E[P_neut(4)] = 0.0015665558
E[P_neut(5)] = 0.0011239270
E[P_neut(6)] = 0.0008832223
E[P_neut(7)] = 0.0007355889
E[P_neut(8)] = 0.0006334401
E[P_neut(9)] = 0.0005438726
E[P_neut(10)] = 0.0005037094
E[P_neut(11)] = 0.0004444218
E[P_neut(12)] = 0.0004304280
E[P_neut(13)] = 0.0004020603
E[P_neut(14)] = 0.0003820795
E[P_neut(15)] = 0.0003757200
E[P_neut(16)] = 0.0003738933
E[P_neut(17)] = 0.0003899784
E[P_neut(18)] = 0.0004048874
E[P_neut(19)] = 0.0004476628

---- Expected P_sel(i), 0 < i < n (selected SFS per site) 
E[P_sel(1)] = 0.0072425245
E[P_sel(2)] = 0.0028300730
E[P_sel(3)] = 0.0014906361
E[P_sel(4)] = 0.0009328351
E[P_sel(5)] = 0.0006542569
E[P_sel(6)] = 0.0005054016
E[P_sel(7)] = 0.0004153290
E[P_sel(8)] = 0.0003538892
E[P_sel(9)] = 0.0003013254
E[P_sel(10)] = 0.0002772830
E[P_sel(11)] = 0.0002435068
E[P_sel(12)] = 0.0002351452
E[P_sel(13)] = 0.0002193961
E[P_sel(14)] = 0.0002086731
E[P_sel(15)] = 0.0002058679
E[P_sel(16)] = 0.0002061584
E[P_sel(17)] = 0.0002172719
E[P_sel(18)] = 0.0002293594
E[P_sel(19)] = 0.0002610682

---- Expected D_neut and D_sel (neutral and selected divergence per site) 
E[D_neut] = 0.0198367008
E[D_sel] = 0.0125277899

---- Expected neutral and selected misattributed polymorphism per site
E[mis_neut] = 0.0005845480
E[mis_sel] = 0.0003503108

---- alpha_div = 0.236672
---- alpha_dfe = 0.236625

