---- Running command
---- ./polyDFE -d Mmc/893.polyDFE.config.txt -m C -e 
---- Performing inference using model C

---- Performing inference on Mmc/893.polyDFE.config.txt
---- No mutation variability. Using Poisson likelihood.


---- Calculating initial values

-- Starting local optimization
-- Optimizing all parameters
  it        eps_an        lambda     theta_bar           S_d             b           p_b           S_b           r 2           r 3           r 4           r 5           r 6           r 7           r 8           r 9          r 10          r 11          r 12          r 13          r 14          r 15          r 16          r 17          r 18          r 19          r 20           ln lk          grad status 
   0           0.1 0.01922857297 0.01132370293        -20000         0.208           0.1            20 0.87384582718 0.73521205271 0.64585058127 0.58883658621 0.55815327783 0.53854904620 0.54425057006 0.52530356965 0.54605918415 0.55809135447 0.59605391134 0.63439293161 0.67244143471 0.74944268488 0.86769811069 1.11138860651 1.58946897068             1             1 -1112860.590299 23069.2770540   -2 
 546 0.00108159500 0.01927092065 0.01011615264 -72.494920850 0.12300260599 0.01791875953 8.45649436254 0.86601035704 0.72127255810 0.62087222606 0.56016174061 0.52889921607 0.50542401414 0.50191933537 0.48227631140 0.49017775248 0.49096498021 0.51265282572 0.52401276981 0.53066518466 0.55844455980 0.58935225166 0.64949684705 0.71997796771 0.82497999106 1.03889222127 -279.3566140874 0.05509912127   -3 
-- Local optimization: stuck in the same solution
---- Best joint likelihood found -279.356614087460912 with gradient 0.05510

---- Results for Mmc/893.polyDFE.config.txt 
--  Model: C
--        eps_an        lambda     theta_bar             a 
-- 0.00108159500 0.01927092065 0.01011615264            -1 
--           S_d             b           p_b           S_b 
-- -72.494920850 0.12300260599 0.01791875953 8.45649436254 
--           r 2           r 3           r 4           r 5           r 6           r 7           r 8           r 9          r 10          r 11          r 12          r 13          r 14          r 15          r 16          r 17          r 18          r 19          r 20 
-- 0.86601035704 0.72127255810 0.62087222606 0.56016174061 0.52889921607 0.50542401414 0.50191933537 0.48227631140 0.49017775248 0.49096498021 0.51265282572 0.52401276981 0.53066518466 0.55844455980 0.58935225166 0.64949684705 0.71997796771 0.82497999106 1.03889222127 

---- Expected P_neut(i), 0 < i < n (neutral SFS per site) 
E[P_neut(1)] = 0.0101056862
E[P_neut(2)] = 0.0043760464
E[P_neut(3)] = 0.0024299552
E[P_neut(4)] = 0.0015689143
E[P_neut(5)] = 0.0011325179
E[P_neut(6)] = 0.0008911878
E[P_neut(7)] = 0.0007300719
E[P_neut(8)] = 0.0006344675
E[P_neut(9)] = 0.0005419888
E[P_neut(10)] = 0.0004958713
E[P_neut(11)] = 0.0004516140
E[P_neut(12)] = 0.0004323919
E[P_neut(13)] = 0.0004081177
E[P_neut(14)] = 0.0003839990
E[P_neut(15)] = 0.0003774392
E[P_neut(16)] = 0.0003739189
E[P_neut(17)] = 0.0003887073
E[P_neut(18)] = 0.0004089338
E[P_neut(19)] = 0.0004497098

---- Expected P_sel(i), 0 < i < n (selected SFS per site) 
E[P_sel(1)] = 0.0072583966
E[P_sel(2)] = 0.0028370792
E[P_sel(3)] = 0.0014962174
E[P_sel(4)] = 0.0009348389
E[P_sel(5)] = 0.0006592091
E[P_sel(6)] = 0.0005096411
E[P_sel(7)] = 0.0004117765
E[P_sel(8)] = 0.0003539626
E[P_sel(9)] = 0.0002997725
E[P_sel(10)] = 0.0002724443
E[P_sel(11)] = 0.0002469304
E[P_sel(12)] = 0.0002356969
E[P_sel(13)] = 0.0002221964
E[P_sel(14)] = 0.0002092471
E[P_sel(15)] = 0.0002063596
E[P_sel(16)] = 0.0002057623
E[P_sel(17)] = 0.0002162065
E[P_sel(18)] = 0.0002313964
E[P_sel(19)] = 0.0002622340

---- Expected D_neut and D_sel (neutral and selected divergence per site) 
E[D_neut] = 0.0197964003
E[D_sel] = 0.0125473860

---- Expected neutral and selected misattributed polymorphism per site
E[mis_neut] = 0.0005254796
E[mis_sel] = 0.0003152817

---- alpha_div = 0.243538
---- alpha_dfe = 0.243400

