---- Running command
---- ./polyDFE -d Mmc/894.polyDFE.config.txt -m C -e 
---- Performing inference using model C

---- Performing inference on Mmc/894.polyDFE.config.txt
---- No mutation variability. Using Poisson likelihood.


---- Calculating initial values

-- Starting local optimization
-- Optimizing all parameters
  it        eps_an        lambda     theta_bar           S_d             b           p_b           S_b           r 2           r 3           r 4           r 5           r 6           r 7           r 8           r 9          r 10          r 11          r 12          r 13          r 14          r 15          r 16          r 17          r 18          r 19          r 20           ln lk          grad status 
   0           0.1 0.01927734225 0.01136304047        -20000         0.208           0.1            20 0.87506941603 0.73546275322 0.63995517839 0.58315747083 0.56140362350 0.54199827490 0.53197783483 0.53389008961 0.54838085772 0.55671054523 0.58285332563 0.62651236009 0.66939303122 0.74429916686 0.85771960415 1.10421565831 1.58045873576             1             1 -1114838.310455 23094.9698504   -2 
 365 0.00324694616 0.01933566897 0.01017123816 -69.029246760 0.13187815170 0.03841698512 4.40709072916 0.86534854654 0.72322481168 0.62088904670 0.55548671747 0.52870324410 0.50823970498 0.49140482932 0.48495176285 0.49147357507 0.48460124193 0.50229446434 0.51523362545 0.52086678805 0.55127723944 0.58261072832 0.63619301272 0.68174191433 0.76259293032 1.01093620410 -283.3706860734 0.23881379487   -3 
-- Local optimization: stuck in the same solution
---- Best joint likelihood found -283.370686073467368 with gradient 0.23881

---- Results for Mmc/894.polyDFE.config.txt 
--  Model: C
--        eps_an        lambda     theta_bar             a 
-- 0.00324694616 0.01933566897 0.01017123816            -1 
--           S_d             b           p_b           S_b 
-- -69.029246760 0.13187815170 0.03841698512 4.40709072916 
--           r 2           r 3           r 4           r 5           r 6           r 7           r 8           r 9          r 10          r 11          r 12          r 13          r 14          r 15          r 16          r 17          r 18          r 19          r 20 
-- 0.86534854654 0.72322481168 0.62088904670 0.55548671747 0.52870324410 0.50823970498 0.49140482932 0.48495176285 0.49147357507 0.48460124193 0.50229446434 0.51523362545 0.52086678805 0.55127723944 0.58261072832 0.63619301272 0.68174191433 0.76259293032 1.01093620410 

---- Expected P_neut(i), 0 < i < n (neutral SFS per site) 
E[P_neut(1)] = 0.0101395382
E[P_neut(2)] = 0.0043877946
E[P_neut(3)] = 0.0024453049
E[P_neut(4)] = 0.0015748789
E[P_neut(5)] = 0.0011275422
E[P_neut(6)] = 0.0008945797
E[P_neut(7)] = 0.0007374007
E[P_neut(8)] = 0.0006241282
E[P_neut(9)] = 0.0005477376
E[P_neut(10)] = 0.0004998895
E[P_neut(11)] = 0.0004484150
E[P_neut(12)] = 0.0004263926
E[P_neut(13)] = 0.0004042092
E[P_neut(14)] = 0.0003801000
E[P_neut(15)] = 0.0003762668
E[P_neut(16)] = 0.0003742908
E[P_neut(17)] = 0.0003873651
E[P_neut(18)] = 0.0003982695
E[P_neut(19)] = 0.0004399375

---- Expected P_sel(i), 0 < i < n (selected SFS per site) 
E[P_sel(1)] = 0.0072780383
E[P_sel(2)] = 0.0028373859
E[P_sel(3)] = 0.0015011152
E[P_sel(4)] = 0.0009358577
E[P_sel(5)] = 0.0006550596
E[P_sel(6)] = 0.0005111837
E[P_sel(7)] = 0.0004161748
E[P_sel(8)] = 0.0003489961
E[P_sel(9)] = 0.0003042275
E[P_sel(10)] = 0.0002763966
E[P_sel(11)] = 0.0002473204
E[P_sel(12)] = 0.0002350572
E[P_sel(13)] = 0.0002231744
E[P_sel(14)] = 0.0002106567
E[P_sel(15)] = 0.0002098465
E[P_sel(16)] = 0.0002106995
E[P_sel(17)] = 0.0002209612
E[P_sel(18)] = 0.0002315943
E[P_sel(19)] = 0.0002646172

---- Expected D_neut and D_sel (neutral and selected divergence per site) 
E[D_neut] = 0.0198497926
E[D_sel] = 0.0125636965

---- Expected neutral and selected misattributed polymorphism per site
E[mis_neut] = 0.0005141236
E[mis_sel] = 0.0003133735

---- alpha_div = 0.284491
---- alpha_dfe = 0.284137

