---- Running command
---- ./polyDFE -d Mmc/895.polyDFE.config.txt -m C -e 
---- Performing inference using model C

---- Performing inference on Mmc/895.polyDFE.config.txt
---- No mutation variability. Using Poisson likelihood.


---- Calculating initial values

-- Starting local optimization
-- Optimizing all parameters
  it        eps_an        lambda     theta_bar           S_d             b           p_b           S_b           r 2           r 3           r 4           r 5           r 6           r 7           r 8           r 9          r 10          r 11          r 12          r 13          r 14          r 15          r 16          r 17          r 18          r 19          r 20           ln lk          grad status 
   0           0.1 0.01930110839 0.01135055266        -20000         0.208           0.1            20 0.87686991470 0.73263891946 0.64821591191 0.58584310773 0.55889949571 0.54508096278 0.53760007063 0.53048005271 0.55509615815 0.55741086897 0.60061955559 0.61946517489 0.66604869507 0.76021686095 0.86832541272 1.10652688430 1.57873951620             1             1 -1116539.567904 23194.7594895   -2 
 942 0.00049106084 0.01927033887 0.01013337369 -72.436383131 0.12935980884 0.02947120869 5.54116390694 0.86857150701 0.72027206449 0.62333682234 0.55876770903 0.52953459443 0.51254856822 0.49837027147 0.48917491612 0.49502988491 0.48705653252 0.51682692260 0.51324488702 0.52445841655 0.56484830590 0.59169138507 0.64861773447 0.71248934956 0.83527795645 1.18535947675 -282.0763957245 0.01823159166   -3 
-- Local optimization: stuck in the same solution
---- Best joint likelihood found -282.076395724536269 with gradient 0.01823

---- Results for Mmc/895.polyDFE.config.txt 
--  Model: C
--        eps_an        lambda     theta_bar             a 
-- 0.00049106084 0.01927033887 0.01013337369            -1 
--           S_d             b           p_b           S_b 
-- -72.436383131 0.12935980884 0.02947120869 5.54116390694 
--           r 2           r 3           r 4           r 5           r 6           r 7           r 8           r 9          r 10          r 11          r 12          r 13          r 14          r 15          r 16          r 17          r 18          r 19          r 20 
-- 0.86857150701 0.72027206449 0.62333682234 0.55876770903 0.52953459443 0.51254856822 0.49837027147 0.48917491612 0.49502988491 0.48705653252 0.51682692260 0.51324488702 0.52445841655 0.56484830590 0.59169138507 0.64861773447 0.71248934956 0.83527795645 1.18535947675 

---- Expected P_neut(i), 0 < i < n (neutral SFS per site) 
E[P_neut(1)] = 0.0101286163
E[P_neut(2)] = 0.0043988157
E[P_neut(3)] = 0.0024319238
E[P_neut(4)] = 0.0015785348
E[P_neut(5)] = 0.0011320717
E[P_neut(6)] = 0.0008940759
E[P_neut(7)] = 0.0007418101
E[P_neut(8)] = 0.0006311758
E[P_neut(9)] = 0.0005507268
E[P_neut(10)] = 0.0005016323
E[P_neut(11)] = 0.0004487343
E[P_neut(12)] = 0.0004365290
E[P_neut(13)] = 0.0004002373
E[P_neut(14)] = 0.0003798623
E[P_neut(15)] = 0.0003819566
E[P_neut(16)] = 0.0003753308
E[P_neut(17)] = 0.0003876334
E[P_neut(18)] = 0.0004030708
E[P_neut(19)] = 0.0004502407

---- Expected P_sel(i), 0 < i < n (selected SFS per site) 
E[P_sel(1)] = 0.0072333938
E[P_sel(2)] = 0.0028287489
E[P_sel(3)] = 0.0014840776
E[P_sel(4)] = 0.0009320588
E[P_sel(5)] = 0.0006531534
E[P_sel(6)] = 0.0005070638
E[P_sel(7)] = 0.0004152468
E[P_sel(8)] = 0.0003498031
E[P_sel(9)] = 0.0003029350
E[P_sel(10)] = 0.0002744538
E[P_sel(11)] = 0.0002446869
E[P_sel(12)] = 0.0002376939
E[P_sel(13)] = 0.0002180637
E[P_sel(14)] = 0.0002075450
E[P_sel(15)] = 0.0002098078
E[P_sel(16)] = 0.0002079079
E[P_sel(17)] = 0.0002173685
E[P_sel(18)] = 0.0002299959
E[P_sel(19)] = 0.0002635527

---- Expected D_neut and D_sel (neutral and selected divergence per site) 
E[D_neut] = 0.0198709234
E[D_sel] = 0.0125134064

---- Expected neutral and selected misattributed polymorphism per site
E[mis_neut] = 0.0006005845
E[mis_sel] = 0.0003620855

---- alpha_div = 0.270105
---- alpha_dfe = 0.269918

