---- Running command
---- ./polyDFE -d Mmc/896.polyDFE.config.txt -m C -e 
---- Performing inference using model C

---- Performing inference on Mmc/896.polyDFE.config.txt
---- No mutation variability. Using Poisson likelihood.


---- Calculating initial values

-- Starting local optimization
-- Optimizing all parameters
  it        eps_an        lambda     theta_bar           S_d             b           p_b           S_b           r 2           r 3           r 4           r 5           r 6           r 7           r 8           r 9          r 10          r 11          r 12          r 13          r 14          r 15          r 16          r 17          r 18          r 19          r 20           ln lk          grad status 
   0           0.1 0.01935336708 0.01139167683        -20000         0.208           0.1            20 0.86952572149 0.73351077882 0.64680283255 0.57948019457 0.55597825225 0.53878701552 0.53492933470 0.53196550472 0.55122446849 0.55586183765 0.58785972502 0.62059701828 0.66985912021 0.75106077191 0.86203274806 1.11094397238 1.57316156387             1             1 -1124493.848166 23307.7838750   -2 
 899 0.00066603550 0.01936878619 0.01016824385 -80.421903785 0.11987967516 0.01833613428 7.91752928950 0.86285631201 0.72043491029 0.62213220543 0.55270515409 0.52876962121 0.50589724126 0.49421229805 0.48632828067 0.49656551083 0.48467906306 0.50957723648 0.51171680244 0.52414788840 0.56234045370 0.58498911374 0.65187089208 0.71122774076 0.82985562577 1.09319983177 -280.5959361987 0.02227410773   -3 
-- Local optimization: stuck in the same solution
---- Best joint likelihood found -280.595936198718846 with gradient 0.02227

---- Results for Mmc/896.polyDFE.config.txt 
--  Model: C
--        eps_an        lambda     theta_bar             a 
-- 0.00066603550 0.01936878619 0.01016824385            -1 
--           S_d             b           p_b           S_b 
-- -80.421903785 0.11987967516 0.01833613428 7.91752928950 
--           r 2           r 3           r 4           r 5           r 6           r 7           r 8           r 9          r 10          r 11          r 12          r 13          r 14          r 15          r 16          r 17          r 18          r 19          r 20 
-- 0.86285631201 0.72043491029 0.62213220543 0.55270515409 0.52876962121 0.50589724126 0.49421229805 0.48632828067 0.49656551083 0.48467906306 0.50957723648 0.51171680244 0.52414788840 0.56234045370 0.58498911374 0.65187089208 0.71122774076 0.82985562577 1.09319983177 

---- Expected P_neut(i), 0 < i < n (neutral SFS per site) 
E[P_neut(1)] = 0.0101617672
E[P_neut(2)] = 0.0043842125
E[P_neut(3)] = 0.0024404859
E[P_neut(4)] = 0.0015806923
E[P_neut(5)] = 0.0011235134
E[P_neut(6)] = 0.0008957665
E[P_neut(7)] = 0.0007346466
E[P_neut(8)] = 0.0006280281
E[P_neut(9)] = 0.0005493885
E[P_neut(10)] = 0.0005049199
E[P_neut(11)] = 0.0004480980
E[P_neut(12)] = 0.0004319229
E[P_neut(13)] = 0.0004004737
E[P_neut(14)] = 0.0003810335
E[P_neut(15)] = 0.0003816957
E[P_neut(16)] = 0.0003725752
E[P_neut(17)] = 0.0003912715
E[P_neut(18)] = 0.0004044285
E[P_neut(19)] = 0.0004505911

---- Expected P_sel(i), 0 < i < n (selected SFS per site) 
E[P_sel(1)] = 0.0072622987
E[P_sel(2)] = 0.0028328532
E[P_sel(3)] = 0.0014995022
E[P_sel(4)] = 0.0009406610
E[P_sel(5)] = 0.0006535615
E[P_sel(6)] = 0.0005122058
E[P_sel(7)] = 0.0004144894
E[P_sel(8)] = 0.0003506072
E[P_sel(9)] = 0.0003041630
E[P_sel(10)] = 0.0002777584
E[P_sel(11)] = 0.0002453621
E[P_sel(12)] = 0.0002358198
E[P_sel(13)] = 0.0002184089
E[P_sel(14)] = 0.0002079943
E[P_sel(15)] = 0.0002090361
E[P_sel(16)] = 0.0002053176
E[P_sel(17)] = 0.0002178274
E[P_sel(18)] = 0.0002287811
E[P_sel(19)] = 0.0002617773

---- Expected D_neut and D_sel (neutral and selected divergence per site) 
E[D_neut] = 0.0199245823
E[D_sel] = 0.0125295323

---- Expected neutral and selected misattributed polymorphism per site
E[mis_neut] = 0.0005557961
E[mis_sel] = 0.0003323475

---- alpha_div = 0.235773
---- alpha_dfe = 0.235633

