---- Running command
---- ./polyDFE -d Mmc/897.polyDFE.config.txt -m C -e 
---- Performing inference using model C

---- Performing inference on Mmc/897.polyDFE.config.txt
---- No mutation variability. Using Poisson likelihood.


---- Calculating initial values

-- Starting local optimization
-- Optimizing all parameters
  it        eps_an        lambda     theta_bar           S_d             b           p_b           S_b           r 2           r 3           r 4           r 5           r 6           r 7           r 8           r 9          r 10          r 11          r 12          r 13          r 14          r 15          r 16          r 17          r 18          r 19          r 20           ln lk          grad status 
   0           0.1 0.01931154609 0.01135290283        -20000         0.208           0.1            20 0.87323058124 0.73759296181 0.64626448418 0.58324884404 0.55975192788 0.53934631085 0.53387297169 0.52658093804 0.54961155423 0.55784810137 0.59438535377 0.62847374659 0.67011882595 0.74929095605 0.86982573271 1.11868274378 1.58128955054             1             1 -1117809.826866 23192.4344564   -2 
 716 0.00219252145 0.01934602728 0.01015320965 -72.837483312 0.12677402721 0.02631229883 6.05989260685 0.86441760418 0.72338289437 0.62139585861 0.55666419809 0.53075214987 0.50771139456 0.49194460026 0.48243831770 0.49111522906 0.48472010599 0.51471996771 0.51841281393 0.52662263212 0.55737055138 0.59160855925 0.64780064443 0.69031730996 0.78962592349 1.05184870952 -271.8492861608 0.04966188601   -3 
-- Local optimization: stuck in the same solution
---- Best joint likelihood found -271.849286160853808 with gradient 0.04966

---- Results for Mmc/897.polyDFE.config.txt 
--  Model: C
--        eps_an        lambda     theta_bar             a 
-- 0.00219252145 0.01934602728 0.01015320965            -1 
--           S_d             b           p_b           S_b 
-- -72.837483312 0.12677402721 0.02631229883 6.05989260685 
--           r 2           r 3           r 4           r 5           r 6           r 7           r 8           r 9          r 10          r 11          r 12          r 13          r 14          r 15          r 16          r 17          r 18          r 19          r 20 
-- 0.86441760418 0.72338289437 0.62139585861 0.55666419809 0.53075214987 0.50771139456 0.49194460026 0.48243831770 0.49111522906 0.48472010599 0.51471996771 0.51841281393 0.52662263212 0.55737055138 0.59160855925 0.64780064443 0.69031730996 0.78962592349 1.05184870952 

---- Expected P_neut(i), 0 < i < n (neutral SFS per site) 
E[P_neut(1)] = 0.0101318737
E[P_neut(2)] = 0.0043795389
E[P_neut(3)] = 0.0024436999
E[P_neut(4)] = 0.0015746555
E[P_neut(5)] = 0.0011287344
E[P_neut(6)] = 0.0008970078
E[P_neut(7)] = 0.0007356874
E[P_neut(8)] = 0.0006239380
E[P_neut(9)] = 0.0005440429
E[P_neut(10)] = 0.0004986396
E[P_neut(11)] = 0.0004476182
E[P_neut(12)] = 0.0004359190
E[P_neut(13)] = 0.0004056156
E[P_neut(14)] = 0.0003830540
E[P_neut(15)] = 0.0003789246
E[P_neut(16)] = 0.0003780555
E[P_neut(17)] = 0.0003914169
E[P_neut(18)] = 0.0003981531
E[P_neut(19)] = 0.0004432958

---- Expected P_sel(i), 0 < i < n (selected SFS per site) 
E[P_sel(1)] = 0.0072530276
E[P_sel(2)] = 0.0028266095
E[P_sel(3)] = 0.0014975310
E[P_sel(4)] = 0.0009339173
E[P_sel(5)] = 0.0006541965
E[P_sel(6)] = 0.0005110405
E[P_sel(7)] = 0.0004136553
E[P_sel(8)] = 0.0003472800
E[P_sel(9)] = 0.0003004838
E[P_sel(10)] = 0.0002738626
E[P_sel(11)] = 0.0002449397
E[P_sel(12)] = 0.0002381167
E[P_sel(13)] = 0.0002216135
E[P_sel(14)] = 0.0002097942
E[P_sel(15)] = 0.0002085665
E[P_sel(16)] = 0.0002097884
E[P_sel(17)] = 0.0002198916
E[P_sel(18)] = 0.0002278822
E[P_sel(19)] = 0.0002619715

---- Expected D_neut and D_sel (neutral and selected divergence per site) 
E[D_neut] = 0.0198800093
E[D_sel] = 0.0125583401

---- Expected neutral and selected misattributed polymorphism per site
E[mis_neut] = 0.0005339820
E[mis_sel] = 0.0003223105

---- alpha_div = 0.261235
---- alpha_dfe = 0.261171

