---- Running command
---- ./polyDFE -d Mmc/898.polyDFE.config.txt -m C -e 
---- Performing inference using model C

---- Performing inference on Mmc/898.polyDFE.config.txt
---- No mutation variability. Using Poisson likelihood.


---- Calculating initial values

-- Starting local optimization
-- Optimizing all parameters
  it        eps_an        lambda     theta_bar           S_d             b           p_b           S_b           r 2           r 3           r 4           r 5           r 6           r 7           r 8           r 9          r 10          r 11          r 12          r 13          r 14          r 15          r 16          r 17          r 18          r 19          r 20           ln lk          grad status 
   0           0.1 0.01926142022 0.01135461434        -20000         0.208           0.1            20 0.87656667078 0.73415912108 0.64203855820 0.58580281331 0.55791858364 0.54316229537 0.53828712341 0.53036966634 0.55070424007 0.55568428962 0.59184264695 0.62750016367 0.65810346408 0.74290104122 0.85503630187 1.11555521635 1.57531095819             1             1 -1114721.675161 23110.6328840   -2 
 335 0.00531382266 0.01931420461 0.01020517111 -97.377707284 0.10886382254 0.00567627428 22.6957267031 0.86456776033 0.71742850840 0.61627909006 0.55365359800 0.52598917791 0.50615682405 0.49254262413 0.48063855182 0.49198663566 0.48263950167 0.50564577489 0.51512554753 0.51511005582 0.54625375602 0.57404030717 0.63823508626 0.67588031352 0.73482618492 1.00005641544 -290.0323777598 19.9705202934   -3 
-- Local optimization: stuck in the same solution
---- Best joint likelihood found -290.032377759809606 with gradient 19.97052

---- Results for Mmc/898.polyDFE.config.txt 
--  Model: C
--        eps_an        lambda     theta_bar             a 
-- 0.00531382266 0.01931420461 0.01020517111            -1 
--           S_d             b           p_b           S_b 
-- -97.377707284 0.10886382254 0.00567627428 22.6957267031 
--           r 2           r 3           r 4           r 5           r 6           r 7           r 8           r 9          r 10          r 11          r 12          r 13          r 14          r 15          r 16          r 17          r 18          r 19          r 20 
-- 0.86456776033 0.71742850840 0.61627909006 0.55365359800 0.52598917791 0.50615682405 0.49254262413 0.48063855182 0.49198663566 0.48263950167 0.50564577489 0.51512554753 0.51511005582 0.54625375602 0.57404030717 0.63823508626 0.67588031352 0.73482618492 1.00005641544 

---- Expected P_neut(i), 0 < i < n (neutral SFS per site) 
E[P_neut(1)] = 0.0101530399
E[P_neut(2)] = 0.0043901251
E[P_neut(3)] = 0.0024295611
E[P_neut(4)] = 0.0015658990
E[P_neut(5)] = 0.0011259960
E[P_neut(6)] = 0.0008918763
E[P_neut(7)] = 0.0007361444
E[P_neut(8)] = 0.0006272565
E[P_neut(9)] = 0.0005444832
E[P_neut(10)] = 0.0005020808
E[P_neut(11)] = 0.0004482820
E[P_neut(12)] = 0.0004310705
E[P_neut(13)] = 0.0004061527
E[P_neut(14)] = 0.0003782434
E[P_neut(15)] = 0.0003756708
E[P_neut(16)] = 0.0003725456
E[P_neut(17)] = 0.0003940676
E[P_neut(18)] = 0.0004045989
E[P_neut(19)] = 0.0004468168

---- Expected P_sel(i), 0 < i < n (selected SFS per site) 
E[P_sel(1)] = 0.0072336060
E[P_sel(2)] = 0.0028417183
E[P_sel(3)] = 0.0014991101
E[P_sel(4)] = 0.0009368683
E[P_sel(5)] = 0.0006587705
E[P_sel(6)] = 0.0005128327
E[P_sel(7)] = 0.0004174128
E[P_sel(8)] = 0.0003515932
E[P_sel(9)] = 0.0003022703
E[P_sel(10)] = 0.0002764858
E[P_sel(11)] = 0.0002452125
E[P_sel(12)] = 0.0002345289
E[P_sel(13)] = 0.0002200794
E[P_sel(14)] = 0.0002044431
E[P_sel(15)] = 0.0002029233
E[P_sel(16)] = 0.0002016720
E[P_sel(17)] = 0.0002147501
E[P_sel(18)] = 0.0002242267
E[P_sel(19)] = 0.0002601715

---- Expected D_neut and D_sel (neutral and selected divergence per site) 
E[D_neut] = 0.0198244920
E[D_sel] = 0.0125381182

---- Expected neutral and selected misattributed polymorphism per site
E[mis_neut] = 0.0005102873
E[mis_sel] = 0.0002967449

---- alpha_div = 0.203462
---- alpha_dfe = 0.203871

