---- Running command
---- ./polyDFE -d Mmc/899.polyDFE.config.txt -m C -e 
---- Performing inference using model C

---- Performing inference on Mmc/899.polyDFE.config.txt
---- No mutation variability. Using Poisson likelihood.


---- Calculating initial values

-- Starting local optimization
-- Optimizing all parameters
  it        eps_an        lambda     theta_bar           S_d             b           p_b           S_b           r 2           r 3           r 4           r 5           r 6           r 7           r 8           r 9          r 10          r 11          r 12          r 13          r 14          r 15          r 16          r 17          r 18          r 19          r 20           ln lk          grad status 
   0           0.1 0.01927459981 0.01138237573        -20000         0.208           0.1            20 0.87248850603 0.73654609772 0.64052647484 0.58090432182 0.55500200070 0.53710274711 0.53880178717 0.53475398850 0.55323362025 0.55827706176 0.58530983687 0.61912936651 0.66061123332 0.75351848247 0.86534470746 1.11537486109 1.58079600160             1             1 -1116071.560622 23154.3956020   -2 
 625 0.00026218658 0.01930940418 0.01016085728 -79.833858444 0.12094308113 0.01780163765 8.36946906680 0.86461290670 0.72006362262 0.61952098546 0.55395639449 0.52782790016 0.50564479032 0.49654628286 0.48580268415 0.49284543702 0.48361900347 0.51371217175 0.51582921884 0.52334863557 0.55849172346 0.59771464704 0.65388694991 0.71567235343 0.83525181431 1.05660189054 -296.9989459928 0.06103558379   -3 
-- Local optimization: stuck in the same solution
---- Best joint likelihood found -296.998945992891095 with gradient 0.06104

---- Results for Mmc/899.polyDFE.config.txt 
--  Model: C
--        eps_an        lambda     theta_bar             a 
-- 0.00026218658 0.01930940418 0.01016085728            -1 
--           S_d             b           p_b           S_b 
-- -79.833858444 0.12094308113 0.01780163765 8.36946906680 
--           r 2           r 3           r 4           r 5           r 6           r 7           r 8           r 9          r 10          r 11          r 12          r 13          r 14          r 15          r 16          r 17          r 18          r 19          r 20 
-- 0.86461290670 0.72006362262 0.61952098546 0.55395639449 0.52782790016 0.50564479032 0.49654628286 0.48580268415 0.49284543702 0.48361900347 0.51371217175 0.51582921884 0.52334863557 0.55849172346 0.59771464704 0.65388694991 0.71567235343 0.83525181431 1.05660189054 

---- Expected P_neut(i), 0 < i < n (neutral SFS per site) 
E[P_neut(1)] = 0.0101583104
E[P_neut(2)] = 0.0043915584
E[P_neut(3)] = 0.0024382843
E[P_neut(4)] = 0.0015734030
E[P_neut(5)] = 0.0011255384
E[P_neut(6)] = 0.0008937292
E[P_neut(7)] = 0.0007338825
E[P_neut(8)] = 0.0006306157
E[P_neut(9)] = 0.0005484369
E[P_neut(10)] = 0.0005007732
E[P_neut(11)] = 0.0004467525
E[P_neut(12)] = 0.0004350310
E[P_neut(13)] = 0.0004032611
E[P_neut(14)] = 0.0003799684
E[P_neut(15)] = 0.0003785129
E[P_neut(16)] = 0.0003798939
E[P_neut(17)] = 0.0003913635
E[P_neut(18)] = 0.0004050371
E[P_neut(19)] = 0.0004492245

---- Expected P_sel(i), 0 < i < n (selected SFS per site) 
E[P_sel(1)] = 0.0072491947
E[P_sel(2)] = 0.0028309094
E[P_sel(3)] = 0.0014938502
E[P_sel(4)] = 0.0009333101
E[P_sel(5)] = 0.0006524601
E[P_sel(6)] = 0.0005091521
E[P_sel(7)] = 0.0004124529
E[P_sel(8)] = 0.0003506315
E[P_sel(9)] = 0.0003023690
E[P_sel(10)] = 0.0002742939
E[P_sel(11)] = 0.0002435484
E[P_sel(12)] = 0.0002364500
E[P_sel(13)] = 0.0002189265
E[P_sel(14)] = 0.0002064595
E[P_sel(15)] = 0.0002063423
E[P_sel(16)] = 0.0002084040
E[P_sel(17)] = 0.0002169290
E[P_sel(18)] = 0.0002281776
E[P_sel(19)] = 0.0002598678

---- Expected D_neut and D_sel (neutral and selected divergence per site) 
E[D_neut] = 0.0198462032
E[D_sel] = 0.0125140156

---- Expected neutral and selected misattributed polymorphism per site
E[mis_neut] = 0.0005367991
E[mis_sel] = 0.0003207555

---- alpha_div = 0.240865
---- alpha_dfe = 0.240651

