---- Running command
---- ./polyDFE -d Mmc/9.polyDFE.config.txt -m C -e 
---- Performing inference using model C

---- Performing inference on Mmc/9.polyDFE.config.txt
---- No mutation variability. Using Poisson likelihood.


---- Calculating initial values

-- Starting local optimization
-- Optimizing all parameters
  it        eps_an        lambda     theta_bar           S_d             b           p_b           S_b           r 2           r 3           r 4           r 5           r 6           r 7           r 8           r 9          r 10          r 11          r 12          r 13          r 14          r 15          r 16          r 17          r 18          r 19          r 20           ln lk          grad status 
   0           0.1 0.01931733837 0.01133118412        -20000         0.208           0.1            20 0.87253787696 0.73360662238 0.64298878521 0.58313249386 0.55593655595 0.54472737625 0.54124582838 0.52972573451 0.55253497690 0.56599521316 0.60008043210 0.62865786771 0.66464020768 0.74907771954 0.86333604075 1.10757565853 1.57069228875             1             1 -1119324.394797 23216.2628620   -2 
 818 0.00055983196 0.01927325534 0.01011413450 -72.433399833 0.12587394752 0.02429902721 6.41734899047 0.86484019462 0.71998661478 0.62162006298 0.55758991349 0.52806942528 0.51354367066 0.49635116265 0.48488335892 0.49325023785 0.49316679783 0.51891937640 0.51560576414 0.52406512481 0.56040404350 0.58940512277 0.64892231380 0.71052204167 0.82225496139 1.20904359706 -277.6803462131 0.04492385484   -8 
-- Local optimization: reached maximum number of likelihood evaluations allowed.
---- Best joint likelihood found -277.680346213179291 with gradient 0.04492

---- Results for Mmc/9.polyDFE.config.txt 
--  Model: C
--        eps_an        lambda     theta_bar             a 
-- 0.00055983196 0.01927325534 0.01011413450            -1 
--           S_d             b           p_b           S_b 
-- -72.433399833 0.12587394752 0.02429902721 6.41734899047 
--           r 2           r 3           r 4           r 5           r 6           r 7           r 8           r 9          r 10          r 11          r 12          r 13          r 14          r 15          r 16          r 17          r 18          r 19          r 20 
-- 0.86484019462 0.71998661478 0.62162006298 0.55758991349 0.52806942528 0.51354367066 0.49635116265 0.48488335892 0.49325023785 0.49316679783 0.51891937640 0.51560576414 0.52406512481 0.56040404350 0.58940512277 0.64892231380 0.71052204167 0.82225496139 1.20904359706 

---- Expected P_neut(i), 0 < i < n (neutral SFS per site) 
E[P_neut(1)] = 0.0101087173
E[P_neut(2)] = 0.0043713301
E[P_neut(3)] = 0.0024262044
E[P_neut(4)] = 0.0015711159
E[P_neut(5)] = 0.0011274880
E[P_neut(6)] = 0.0008898745
E[P_neut(7)] = 0.0007418163
E[P_neut(8)] = 0.0006274138
E[P_neut(9)] = 0.0005448572
E[P_neut(10)] = 0.0004988799
E[P_neut(11)] = 0.0004535017
E[P_neut(12)] = 0.0004374748
E[P_neut(13)] = 0.0004013374
E[P_neut(14)] = 0.0003788910
E[P_neut(15)] = 0.0003782867
E[P_neut(16)] = 0.0003732540
E[P_neut(17)] = 0.0003872185
E[P_neut(18)] = 0.0004014647
E[P_neut(19)] = 0.0004431223

---- Expected P_sel(i), 0 < i < n (selected SFS per site) 
E[P_sel(1)] = 0.0072455355
E[P_sel(2)] = 0.0028257421
E[P_sel(3)] = 0.0014892476
E[P_sel(4)] = 0.0009333188
E[P_sel(5)] = 0.0006544709
E[P_sel(6)] = 0.0005076851
E[P_sel(7)] = 0.0004176171
E[P_sel(8)] = 0.0003495783
E[P_sel(9)] = 0.0003011781
E[P_sel(10)] = 0.0002741454
E[P_sel(11)] = 0.0002482213
E[P_sel(12)] = 0.0002389454
E[P_sel(13)] = 0.0002191718
E[P_sel(14)] = 0.0002073230
E[P_sel(15)] = 0.0002079176
E[P_sel(16)] = 0.0002066978
E[P_sel(17)] = 0.0002168963
E[P_sel(18)] = 0.0002287068
E[P_sel(19)] = 0.0002590887

---- Expected D_neut and D_sel (neutral and selected divergence per site) 
E[D_neut] = 0.0198846768
E[D_sel] = 0.0125414939

---- Expected neutral and selected misattributed polymorphism per site
E[mis_neut] = 0.0006114215
E[mis_sel] = 0.0003681901

---- alpha_div = 0.254958
---- alpha_dfe = 0.254892

