---- Running command
---- ./polyDFE -d Mmc/900.polyDFE.config.txt -m C -e 
---- Performing inference using model C

---- Performing inference on Mmc/900.polyDFE.config.txt
---- No mutation variability. Using Poisson likelihood.


---- Calculating initial values

-- Starting local optimization
-- Optimizing all parameters
  it        eps_an        lambda     theta_bar           S_d             b           p_b           S_b           r 2           r 3           r 4           r 5           r 6           r 7           r 8           r 9          r 10          r 11          r 12          r 13          r 14          r 15          r 16          r 17          r 18          r 19          r 20           ln lk          grad status 
   0           0.1 0.01925509562 0.01134138028        -20000         0.208           0.1            20 0.87339470995 0.73862706172 0.64539116508 0.58196856306 0.55985886748 0.54434518846 0.53298967716 0.53126300270 0.55344853156 0.56504605084 0.58970801413 0.63341824181 0.66395750667 0.75598657302 0.86340634738 1.12370273102 1.57889783066             1             1 -1113855.345835 23099.7786844   -2 
 273 0.00611295753 0.01931148961 0.01019201294 -93.190925338 0.11035516736 0.00686614614 19.1125623965 0.86459201774 0.71931320841 0.61918969835 0.55284066418 0.52639261027 0.50797644876 0.49103996799 0.48149882078 0.49229083595 0.48833575004 0.51110884499 0.51570900168 0.51654360778 0.55928349296 0.58180069072 0.64220027644 0.67536718528 0.70943570124 1.00084824004 -305.0602028938 1.35067249049   -3 
-- Local optimization: stuck in the same solution
---- Best joint likelihood found -305.060202893830137 with gradient 1.35067

---- Results for Mmc/900.polyDFE.config.txt 
--  Model: C
--        eps_an        lambda     theta_bar             a 
-- 0.00611295753 0.01931148961 0.01019201294            -1 
--           S_d             b           p_b           S_b 
-- -93.190925338 0.11035516736 0.00686614614 19.1125623965 
--           r 2           r 3           r 4           r 5           r 6           r 7           r 8           r 9          r 10          r 11          r 12          r 13          r 14          r 15          r 16          r 17          r 18          r 19          r 20 
-- 0.86459201774 0.71931320841 0.61918969835 0.55284066418 0.52639261027 0.50797644876 0.49103996799 0.48149882078 0.49229083595 0.48833575004 0.51110884499 0.51570900168 0.51654360778 0.55928349296 0.58180069072 0.64220027644 0.67536718528 0.70943570124 1.00084824004 

---- Expected P_neut(i), 0 < i < n (neutral SFS per site) 
E[P_neut(1)] = 0.0101320359
E[P_neut(2)] = 0.0043813707
E[P_neut(3)] = 0.0024311649
E[P_neut(4)] = 0.0015703185
E[P_neut(5)] = 0.0011223461
E[P_neut(6)] = 0.0008909995
E[P_neut(7)] = 0.0007375650
E[P_neut(8)] = 0.0006244152
E[P_neut(9)] = 0.0005447040
E[P_neut(10)] = 0.0005017435
E[P_neut(11)] = 0.0004530332
E[P_neut(12)] = 0.0004352729
E[P_neut(13)] = 0.0004063660
E[P_neut(14)] = 0.0003792115
E[P_neut(15)] = 0.0003845807
E[P_neut(16)] = 0.0003779864
E[P_neut(17)] = 0.0003976034
E[P_neut(18)] = 0.0004070042
E[P_neut(19)] = 0.0004405337

---- Expected P_sel(i), 0 < i < n (selected SFS per site) 
E[P_sel(1)] = 0.0072310717
E[P_sel(2)] = 0.0028389391
E[P_sel(3)] = 0.0015010109
E[P_sel(4)] = 0.0009398705
E[P_sel(5)] = 0.0006568070
E[P_sel(6)] = 0.0005124440
E[P_sel(7)] = 0.0004183214
E[P_sel(8)] = 0.0003501126
E[P_sel(9)] = 0.0003025292
E[P_sel(10)] = 0.0002764766
E[P_sel(11)] = 0.0002480318
E[P_sel(12)] = 0.0002371030
E[P_sel(13)] = 0.0002205567
E[P_sel(14)] = 0.0002054141
E[P_sel(15)] = 0.0002083275
E[P_sel(16)] = 0.0002053908
E[P_sel(17)] = 0.0002177603
E[P_sel(18)] = 0.0002270806
E[P_sel(19)] = 0.0002591603

---- Expected D_neut and D_sel (neutral and selected divergence per site) 
E[D_neut] = 0.0198215225
E[D_sel] = 0.0125472417

---- Expected neutral and selected misattributed polymorphism per site
E[mis_neut] = 0.0005100329
E[mis_sel] = 0.0002985593

---- alpha_div = 0.207717
---- alpha_dfe = 0.207764

