---- Running command
---- ./polyDFE -d Mmc/901.polyDFE.config.txt -m C -e 
---- Performing inference using model C

---- Performing inference on Mmc/901.polyDFE.config.txt
---- No mutation variability. Using Poisson likelihood.


---- Calculating initial values

-- Starting local optimization
-- Optimizing all parameters
  it        eps_an        lambda     theta_bar           S_d             b           p_b           S_b           r 2           r 3           r 4           r 5           r 6           r 7           r 8           r 9          r 10          r 11          r 12          r 13          r 14          r 15          r 16          r 17          r 18          r 19          r 20           ln lk          grad status 
   0           0.1 0.01924632948 0.01137704617        -20000         0.208           0.1            20 0.87000920338 0.73653472249 0.64288160551 0.57829119853 0.56014472381 0.53794915367 0.53718208307 0.52428270609 0.55187046921 0.55746265897 0.59184632719 0.62190109238 0.66593986159 0.74754946510 0.86196198487 1.11618805155 1.58173282805             1             1 -1113215.756669 23089.6258025   -2 
 525 0.00354792014 0.01925986708 0.01020665982 -110.97852497 0.10311864721 0.00238286297 50.3957465197 0.85909070857 0.71486454631 0.61732854588 0.54863386721 0.52575358401 0.50145963798 0.49137641942 0.47698317656 0.49244214493 0.48353245587 0.50889652928 0.51186179113 0.52523492088 0.55750610059 0.58878726521 0.64848092945 0.69889222886 0.78146955465 1.08437273498 -297.0465839762 0.19563512920   -3 
-- Local optimization: stuck in the same solution
---- Best joint likelihood found -297.046583976291004 with gradient 0.19564

---- Results for Mmc/901.polyDFE.config.txt 
--  Model: C
--        eps_an        lambda     theta_bar             a 
-- 0.00354792014 0.01925986708 0.01020665982            -1 
--           S_d             b           p_b           S_b 
-- -110.97852497 0.10311864721 0.00238286297 50.3957465197 
--           r 2           r 3           r 4           r 5           r 6           r 7           r 8           r 9          r 10          r 11          r 12          r 13          r 14          r 15          r 16          r 17          r 18          r 19          r 20 
-- 0.85909070857 0.71486454631 0.61732854588 0.54863386721 0.52575358401 0.50145963798 0.49137641942 0.47698317656 0.49244214493 0.48353245587 0.50889652928 0.51186179113 0.52523492088 0.55750610059 0.58878726521 0.64848092945 0.69889222886 0.78146955465 1.08437273498 

---- Expected P_neut(i), 0 < i < n (neutral SFS per site) 
E[P_neut(1)] = 0.0101719368
E[P_neut(2)] = 0.0043700745
E[P_neut(3)] = 0.0024248788
E[P_neut(4)] = 0.0015709595
E[P_neut(5)] = 0.0011173163
E[P_neut(6)] = 0.0008925501
E[P_neut(7)] = 0.0007300071
E[P_neut(8)] = 0.0006262255
E[P_neut(9)] = 0.0005406065
E[P_neut(10)] = 0.0005026189
E[P_neut(11)] = 0.0004489866
E[P_neut(12)] = 0.0004335330
E[P_neut(13)] = 0.0004030452
E[P_neut(14)] = 0.0003847356
E[P_neut(15)] = 0.0003819792
E[P_neut(16)] = 0.0003798531
E[P_neut(17)] = 0.0003965902
E[P_neut(18)] = 0.0004104464
E[P_neut(19)] = 0.0004545227

---- Expected P_sel(i), 0 < i < n (selected SFS per site) 
E[P_sel(1)] = 0.0072376358
E[P_sel(2)] = 0.0028347501
E[P_sel(3)] = 0.0015022082
E[P_sel(4)] = 0.0009446821
E[P_sel(5)] = 0.0006574466
E[P_sel(6)] = 0.0005163500
E[P_sel(7)] = 0.0004165106
E[P_sel(8)] = 0.0003531752
E[P_sel(9)] = 0.0003018847
E[P_sel(10)] = 0.0002782816
E[P_sel(11)] = 0.0002467571
E[P_sel(12)] = 0.0002367539
E[P_sel(13)] = 0.0002189298
E[P_sel(14)] = 0.0002080929
E[P_sel(15)] = 0.0002059801
E[P_sel(16)] = 0.0002046046
E[P_sel(17)] = 0.0002140495
E[P_sel(18)] = 0.0002236318
E[P_sel(19)] = 0.0002567246

---- Expected D_neut and D_sel (neutral and selected divergence per site) 
E[D_neut] = 0.0198132583
E[D_sel] = 0.0125442297

---- Expected neutral and selected misattributed polymorphism per site
E[mis_neut] = 0.0005533912
E[mis_sel] = 0.0003141596

---- alpha_div = 0.189039
---- alpha_dfe = 0.189230

