---- Running command
---- ./polyDFE -d Mmc/902.polyDFE.config.txt -m C -e 
---- Performing inference using model C

---- Performing inference on Mmc/902.polyDFE.config.txt
---- No mutation variability. Using Poisson likelihood.


---- Calculating initial values

-- Starting local optimization
-- Optimizing all parameters
  it        eps_an        lambda     theta_bar           S_d             b           p_b           S_b           r 2           r 3           r 4           r 5           r 6           r 7           r 8           r 9          r 10          r 11          r 12          r 13          r 14          r 15          r 16          r 17          r 18          r 19          r 20           ln lk          grad status 
   0           0.1 0.01925993047 0.01137702561        -20000         0.208           0.1            20 0.87174972982 0.73354870758 0.64047242328 0.58049646551 0.55299058453 0.53654753876 0.53529307116 0.53024776096 0.55253104424 0.55817221782 0.58882378696 0.62321943267 0.67066015097 0.74490030258 0.86191791577 1.10775135462 1.57183121964             1             1 -1114852.454196 23113.2203421   -2 
1259 0.00069781761 0.01924763927 0.01016328265 -83.532752973 0.11849134512 0.01964905019 7.50779792725 0.86187587900 0.71895394073 0.61790016001 0.55445375746 0.52393216564 0.50554293813 0.49528387371 0.48363381143 0.49464675247 0.48690163751 0.50773348551 0.51753523098 0.52700560517 0.55617574246 0.58755118703 0.64514898030 0.70690396998 0.82198067224 1.14727670178 -266.1845755330 0.01805267087   -3 
-- Local optimization: stuck in the same solution
---- Best joint likelihood found -266.184575533014140 with gradient 0.01805

---- Results for Mmc/902.polyDFE.config.txt 
--  Model: C
--        eps_an        lambda     theta_bar             a 
-- 0.00069781761 0.01924763927 0.01016328265            -1 
--           S_d             b           p_b           S_b 
-- -83.532752973 0.11849134512 0.01964905019 7.50779792725 
--           r 2           r 3           r 4           r 5           r 6           r 7           r 8           r 9          r 10          r 11          r 12          r 13          r 14          r 15          r 16          r 17          r 18          r 19          r 20 
-- 0.86187587900 0.71895394073 0.61790016001 0.55445375746 0.52393216564 0.50554293813 0.49528387371 0.48363381143 0.49464675247 0.48690163751 0.50773348551 0.51753523098 0.52700560517 0.55617574246 0.58755118703 0.64514898030 0.70690396998 0.82198067224 1.14727670178 

---- Expected P_neut(i), 0 < i < n (neutral SFS per site) 
E[P_neut(1)] = 0.0101564974
E[P_neut(2)] = 0.0043769663
E[P_neut(3)] = 0.0024342135
E[P_neut(4)] = 0.0015691384
E[P_neut(5)] = 0.0011264906
E[P_neut(6)] = 0.0008871261
E[P_neut(7)] = 0.0007337667
E[P_neut(8)] = 0.0006290747
E[P_neut(9)] = 0.0005460781
E[P_neut(10)] = 0.0005027235
E[P_neut(11)] = 0.0004499325
E[P_neut(12)] = 0.0004301589
E[P_neut(13)] = 0.0004048342
E[P_neut(14)] = 0.0003829314
E[P_neut(15)] = 0.0003773616
E[P_neut(16)] = 0.0003740507
E[P_neut(17)] = 0.0003871265
E[P_neut(18)] = 0.0004019147
E[P_neut(19)] = 0.0004464707

---- Expected P_sel(i), 0 < i < n (selected SFS per site) 
E[P_sel(1)] = 0.0072534755
E[P_sel(2)] = 0.0028292887
E[P_sel(3)] = 0.0014973574
E[P_sel(4)] = 0.0009353679
E[P_sel(5)] = 0.0006566991
E[P_sel(6)] = 0.0005085527
E[P_sel(7)] = 0.0004151928
E[P_sel(8)] = 0.0003523293
E[P_sel(9)] = 0.0003034103
E[P_sel(10)] = 0.0002776298
E[P_sel(11)] = 0.0002474112
E[P_sel(12)] = 0.0002359336
E[P_sel(13)] = 0.0002218780
E[P_sel(14)] = 0.0002101403
E[P_sel(15)] = 0.0002078391
E[P_sel(16)] = 0.0002073816
E[P_sel(17)] = 0.0002169047
E[P_sel(18)] = 0.0002288761
E[P_sel(19)] = 0.0002610873

---- Expected D_neut and D_sel (neutral and selected divergence per site) 
E[D_neut] = 0.0198306441
E[D_sel] = 0.0125341961

---- Expected neutral and selected misattributed polymorphism per site
E[mis_neut] = 0.0005830049
E[mis_sel] = 0.0003508666

---- alpha_div = 0.238899
---- alpha_dfe = 0.238739

