---- Running command
---- ./polyDFE -d Mmc/903.polyDFE.config.txt -m C -e 
---- Performing inference using model C

---- Performing inference on Mmc/903.polyDFE.config.txt
---- No mutation variability. Using Poisson likelihood.


---- Calculating initial values

-- Starting local optimization
-- Optimizing all parameters
  it        eps_an        lambda     theta_bar           S_d             b           p_b           S_b           r 2           r 3           r 4           r 5           r 6           r 7           r 8           r 9          r 10          r 11          r 12          r 13          r 14          r 15          r 16          r 17          r 18          r 19          r 20           ln lk          grad status 
   0           0.1 0.01928242520 0.01136948097        -20000         0.208           0.1            20 0.86906501777 0.73474244587 0.64132682791 0.58235604301 0.55275248653 0.54058855578 0.53903831169 0.53061527470 0.55719415109 0.55067305250 0.59558771684 0.62454029716 0.66367480020 0.74075930216 0.85988549122 1.12014888465 1.56434036306             1             1 -1115706.202315 23171.4578860   -2 
 793 0.00151022116 0.01935953415 0.01015111768 -81.451552446 0.12260404588 0.02585788615 5.99192828208 0.86488948279 0.71954213164 0.62037513750 0.55542933534 0.52379845310 0.50945184131 0.49614512495 0.48580716459 0.49668236190 0.48210797660 0.51372071465 0.51362299198 0.52115007279 0.55306395091 0.58742737214 0.65170788608 0.69484990150 0.80428891999 0.97240668631 -283.7995472281 0.08278109187   -3 
-- Local optimization: stuck in the same solution
---- Best joint likelihood found -283.799547228118172 with gradient 0.08278

---- Results for Mmc/903.polyDFE.config.txt 
--  Model: C
--        eps_an        lambda     theta_bar             a 
-- 0.00151022116 0.01935953415 0.01015111768            -1 
--           S_d             b           p_b           S_b 
-- -81.451552446 0.12260404588 0.02585788615 5.99192828208 
--           r 2           r 3           r 4           r 5           r 6           r 7           r 8           r 9          r 10          r 11          r 12          r 13          r 14          r 15          r 16          r 17          r 18          r 19          r 20 
-- 0.86488948279 0.71954213164 0.62037513750 0.55542933534 0.52379845310 0.50945184131 0.49614512495 0.48580716459 0.49668236190 0.48210797660 0.51372071465 0.51362299198 0.52115007279 0.55306395091 0.58742737214 0.65170788608 0.69484990150 0.80428891999 0.97240668631 

---- Expected P_neut(i), 0 < i < n (neutral SFS per site) 
E[P_neut(1)] = 0.0101364362
E[P_neut(2)] = 0.0043837597
E[P_neut(3)] = 0.0024316297
E[P_neut(4)] = 0.0015725604
E[P_neut(5)] = 0.0011265080
E[P_neut(6)] = 0.0008854223
E[P_neut(7)] = 0.0007382765
E[P_neut(8)] = 0.0006292590
E[P_neut(9)] = 0.0005477872
E[P_neut(10)] = 0.0005041881
E[P_neut(11)] = 0.0004450588
E[P_neut(12)] = 0.0004348644
E[P_neut(13)] = 0.0004015752
E[P_neut(14)] = 0.0003786431
E[P_neut(15)] = 0.0003754189
E[P_neut(16)] = 0.0003745051
E[P_neut(17)] = 0.0003922401
E[P_neut(18)] = 0.0003978991
E[P_neut(19)] = 0.0004443884

---- Expected P_sel(i), 0 < i < n (selected SFS per site) 
E[P_sel(1)] = 0.0072228228
E[P_sel(2)] = 0.0028223435
E[P_sel(3)] = 0.0014886727
E[P_sel(4)] = 0.0009327008
E[P_sel(5)] = 0.0006534014
E[P_sel(6)] = 0.0005051020
E[P_sel(7)] = 0.0004158349
E[P_sel(8)] = 0.0003509704
E[P_sel(9)] = 0.0003032604
E[P_sel(10)] = 0.0002776121
E[P_sel(11)] = 0.0002441888
E[P_sel(12)] = 0.0002381909
E[P_sel(13)] = 0.0002200069
E[P_sel(14)] = 0.0002079295
E[P_sel(15)] = 0.0002071498
E[P_sel(16)] = 0.0002082667
E[P_sel(17)] = 0.0002207016
E[P_sel(18)] = 0.0002278306
E[P_sel(19)] = 0.0002618107

---- Expected D_neut and D_sel (neutral and selected divergence per site) 
E[D_neut] = 0.0198530849
E[D_sel] = 0.0125167329

---- Expected neutral and selected misattributed polymorphism per site
E[mis_neut] = 0.0004935507
E[mis_sel] = 0.0002977770

---- alpha_div = 0.254671
---- alpha_dfe = 0.254495

