---- Running command
---- ./polyDFE -d Mmc/904.polyDFE.config.txt -m C -e 
---- Performing inference using model C

---- Performing inference on Mmc/904.polyDFE.config.txt
---- No mutation variability. Using Poisson likelihood.


---- Calculating initial values

-- Starting local optimization
-- Optimizing all parameters
  it        eps_an        lambda     theta_bar           S_d             b           p_b           S_b           r 2           r 3           r 4           r 5           r 6           r 7           r 8           r 9          r 10          r 11          r 12          r 13          r 14          r 15          r 16          r 17          r 18          r 19          r 20           ln lk          grad status 
   0           0.1 0.01928641903 0.01138004027        -20000         0.208           0.1            20 0.87004162264 0.73040772995 0.64300803635 0.58257959494 0.55984913950 0.54093790304 0.53294006715 0.52441304785 0.54579223200 0.55550255156 0.59503902925 0.62400450853 0.66698684622 0.75143607007 0.85611733829 1.09855042178 1.58466479653             1             1 -1115996.210245 23184.8080733   -2 
 280 0.00403410188 0.01933266704 0.01021286026 -120.99871125 0.10104016969 0.00234257703 50.3091928897 0.86080663382 0.71217489833 0.61607728135 0.55134874996 0.52333202963 0.50020011536 0.48822369358 0.47554988055 0.48736807213 0.48409406882 0.51074640610 0.51266873808 0.52410696929 0.55427881767 0.58100484188 0.63935800503 0.69940596639 0.77005568164 1.01917545198 -310.1303840307 0.13788662328   -3 
-- Local optimization: stuck in the same solution
---- Best joint likelihood found -310.130384030766436 with gradient 0.13789

---- Results for Mmc/904.polyDFE.config.txt 
--  Model: C
--        eps_an        lambda     theta_bar             a 
-- 0.00403410188 0.01933266704 0.01021286026            -1 
--           S_d             b           p_b           S_b 
-- -120.99871125 0.10104016969 0.00234257703 50.3091928897 
--           r 2           r 3           r 4           r 5           r 6           r 7           r 8           r 9          r 10          r 11          r 12          r 13          r 14          r 15          r 16          r 17          r 18          r 19          r 20 
-- 0.86080663382 0.71217489833 0.61607728135 0.55134874996 0.52333202963 0.50020011536 0.48822369358 0.47554988055 0.48736807213 0.48409406882 0.51074640610 0.51266873808 0.52410696929 0.55427881767 0.58100484188 0.63935800503 0.69940596639 0.77005568164 1.01917545198 

---- Expected P_neut(i), 0 < i < n (neutral SFS per site) 
E[P_neut(1)] = 0.0101733303
E[P_neut(2)] = 0.0043795173
E[P_neut(3)] = 0.0024162166
E[P_neut(4)] = 0.0015681283
E[P_neut(5)] = 0.0011231489
E[P_neut(6)] = 0.0008887350
E[P_neut(7)] = 0.0007284627
E[P_neut(8)] = 0.0006225093
E[P_neut(9)] = 0.0005392722
E[P_neut(10)] = 0.0004977422
E[P_neut(11)] = 0.0004498170
E[P_neut(12)] = 0.0004354426
E[P_neut(13)] = 0.0004040742
E[P_neut(14)] = 0.0003843820
E[P_neut(15)] = 0.0003804055
E[P_neut(16)] = 0.0003757071
E[P_neut(17)] = 0.0003923294
E[P_neut(18)] = 0.0004129614
E[P_neut(19)] = 0.0004534495

---- Expected P_sel(i), 0 < i < n (selected SFS per site) 
E[P_sel(1)] = 0.0072153088
E[P_sel(2)] = 0.0028355323
E[P_sel(3)] = 0.0014953050
E[P_sel(4)] = 0.0009425536
E[P_sel(5)] = 0.0006608610
E[P_sel(6)] = 0.0005143010
E[P_sel(7)] = 0.0004158712
E[P_sel(8)] = 0.0003513650
E[P_sel(9)] = 0.0003014452
E[P_sel(10)] = 0.0002759096
E[P_sel(11)] = 0.0002475463
E[P_sel(12)] = 0.0002381497
E[P_sel(13)] = 0.0002198427
E[P_sel(14)] = 0.0002082615
E[P_sel(15)] = 0.0002055119
E[P_sel(16)] = 0.0002027741
E[P_sel(17)] = 0.0002122087
E[P_sel(18)] = 0.0002255615
E[P_sel(19)] = 0.0002571209

---- Expected D_neut and D_sel (neutral and selected divergence per site) 
E[D_neut] = 0.0198531019
E[D_sel] = 0.0125548432

---- Expected neutral and selected misattributed polymorphism per site
E[mis_neut] = 0.0005204348
E[mis_sel] = 0.0002956622

---- alpha_div = 0.185760
---- alpha_dfe = 0.185971

