---- Running command
---- ./polyDFE -d Mmc/905.polyDFE.config.txt -m C -e 
---- Performing inference using model C

---- Performing inference on Mmc/905.polyDFE.config.txt
---- No mutation variability. Using Poisson likelihood.


---- Calculating initial values

-- Starting local optimization
-- Optimizing all parameters
  it        eps_an        lambda     theta_bar           S_d             b           p_b           S_b           r 2           r 3           r 4           r 5           r 6           r 7           r 8           r 9          r 10          r 11          r 12          r 13          r 14          r 15          r 16          r 17          r 18          r 19          r 20           ln lk          grad status 
   0           0.1 0.01931070234 0.01134411281        -20000         0.208           0.1            20 0.87460598347 0.73482309018 0.64392215934 0.58283118879 0.56332750664 0.53580038231 0.53596866168 0.52618422374 0.55447298618 0.55726969263 0.59914081922 0.62506401623 0.67455945412 0.75485381766 0.86492715778 1.11211644180 1.59188869438             1             1 -1119515.344016 23233.4044033   -2 
 938 0.00102242295 0.01922003061 0.01012830055 -80.312603738 0.12124672501 0.02233710720 6.73142102885 0.86814024262 0.72145224517 0.61889093883 0.55615010737 0.53144667440 0.50889290601 0.49245180300 0.48605735662 0.49610278142 0.48734294768 0.51414851160 0.51789496071 0.52966347010 0.56357965816 0.58828776990 0.65256892189 0.71537426685 0.82325831090 1.30093722366 -283.6338860005 0.02823338309   -3 
-- Local optimization: stuck in the same solution
---- Best joint likelihood found -283.633886000563507 with gradient 0.02823

---- Results for Mmc/905.polyDFE.config.txt 
--  Model: C
--        eps_an        lambda     theta_bar             a 
-- 0.00102242295 0.01922003061 0.01012830055            -1 
--           S_d             b           p_b           S_b 
-- -80.312603738 0.12124672501 0.02233710720 6.73142102885 
--           r 2           r 3           r 4           r 5           r 6           r 7           r 8           r 9          r 10          r 11          r 12          r 13          r 14          r 15          r 16          r 17          r 18          r 19          r 20 
-- 0.86814024262 0.72145224517 0.61889093883 0.55615010737 0.53144667440 0.50889290601 0.49245180300 0.48605735662 0.49610278142 0.48734294768 0.51414851160 0.51789496071 0.52966347010 0.56357965816 0.58828776990 0.65256892189 0.71537426685 0.82325831090 1.30093722366 

---- Expected P_neut(i), 0 < i < n (neutral SFS per site) 
E[P_neut(1)] = 0.0101183938
E[P_neut(2)] = 0.0043923092
E[P_neut(3)] = 0.0024336023
E[P_neut(4)] = 0.0015658569
E[P_neut(5)] = 0.0011258083
E[P_neut(6)] = 0.0008965832
E[P_neut(7)] = 0.0007359769
E[P_neut(8)] = 0.0006232687
E[P_neut(9)] = 0.0005468923
E[P_neut(10)] = 0.0005024678
E[P_neut(11)] = 0.0004488237
E[P_neut(12)] = 0.0004341480
E[P_neut(13)] = 0.0004038323
E[P_neut(14)] = 0.0003837105
E[P_neut(15)] = 0.0003813030
E[P_neut(16)] = 0.0003736187
E[P_neut(17)] = 0.0003908819
E[P_neut(18)] = 0.0004066126
E[P_neut(19)] = 0.0004487597

---- Expected P_sel(i), 0 < i < n (selected SFS per site) 
E[P_sel(1)] = 0.0072270627
E[P_sel(2)] = 0.0028358214
E[P_sel(3)] = 0.0014941511
E[P_sel(4)] = 0.0009312944
E[P_sel(5)] = 0.0006546838
E[P_sel(6)] = 0.0005126679
E[P_sel(7)] = 0.0004153903
E[P_sel(8)] = 0.0003482247
E[P_sel(9)] = 0.0003031662
E[P_sel(10)] = 0.0002769113
E[P_sel(11)] = 0.0002463546
E[P_sel(12)] = 0.0002377682
E[P_sel(13)] = 0.0002210857
E[P_sel(14)] = 0.0002104288
E[P_sel(15)] = 0.0002099720
E[P_sel(16)] = 0.0002072107
E[P_sel(17)] = 0.0002191906
E[P_sel(18)] = 0.0002318522
E[P_sel(19)] = 0.0002629266

---- Expected D_neut and D_sel (neutral and selected divergence per site) 
E[D_neut] = 0.0198788448
E[D_sel] = 0.0125254570

---- Expected neutral and selected misattributed polymorphism per site
E[mis_neut] = 0.0006588142
E[mis_sel] = 0.0003964060

---- alpha_div = 0.245434
---- alpha_dfe = 0.245353

