---- Running command
---- ./polyDFE -d Mmc/906.polyDFE.config.txt -m C -e 
---- Performing inference using model C

---- Performing inference on Mmc/906.polyDFE.config.txt
---- No mutation variability. Using Poisson likelihood.


---- Calculating initial values

-- Starting local optimization
-- Optimizing all parameters
  it        eps_an        lambda     theta_bar           S_d             b           p_b           S_b           r 2           r 3           r 4           r 5           r 6           r 7           r 8           r 9          r 10          r 11          r 12          r 13          r 14          r 15          r 16          r 17          r 18          r 19          r 20           ln lk          grad status 
   0           0.1 0.01926409123 0.01135658619        -20000         0.208           0.1            20 0.87538719917 0.73664948459 0.64418205506 0.58117710397 0.55528896402 0.53823111039 0.53718595353 0.53322570986 0.55203600148 0.55603322867 0.59318014563 0.62603652476 0.66648595952 0.75518524116 0.87063904702 1.11472191980 1.59243369915             1             1 -1113165.653158 23131.9173220   -2 
 700 0.00032194260 0.01922396069 0.01014080843 -82.933023601 0.12027419057 0.02013534545 7.55835413956 0.86600118672 0.72135358742 0.62126269880 0.55329517186 0.52657916782 0.50735388714 0.49715743468 0.48476427914 0.49659770969 0.48643482379 0.51428132697 0.51601002714 0.53056696095 0.56844405727 0.59764941864 0.64802614473 0.71562466389 0.82974552872 1.20380086726 -271.5241111211 0.06354766616   -8 
-- Local optimization: reached maximum number of likelihood evaluations allowed.
---- Best joint likelihood found -271.524111121136229 with gradient 0.06355

---- Results for Mmc/906.polyDFE.config.txt 
--  Model: C
--        eps_an        lambda     theta_bar             a 
-- 0.00032194260 0.01922396069 0.01014080843            -1 
--           S_d             b           p_b           S_b 
-- -82.933023601 0.12027419057 0.02013534545 7.55835413956 
--           r 2           r 3           r 4           r 5           r 6           r 7           r 8           r 9          r 10          r 11          r 12          r 13          r 14          r 15          r 16          r 17          r 18          r 19          r 20 
-- 0.86600118672 0.72135358742 0.62126269880 0.55329517186 0.52657916782 0.50735388714 0.49715743468 0.48476427914 0.49659770969 0.48643482379 0.51428132697 0.51601002714 0.53056696095 0.56844405727 0.59764941864 0.64802614473 0.71562466389 0.82974552872 1.20380086726 

---- Expected P_neut(i), 0 < i < n (neutral SFS per site) 
E[P_neut(1)] = 0.0101376862
E[P_neut(2)] = 0.0043896922
E[P_neut(3)] = 0.0024377089
E[P_neut(4)] = 0.0015746414
E[P_neut(5)] = 0.0011219345
E[P_neut(6)] = 0.0008898269
E[P_neut(7)] = 0.0007348899
E[P_neut(8)] = 0.0006301343
E[P_neut(9)] = 0.0005461798
E[P_neut(10)] = 0.0005035902
E[P_neut(11)] = 0.0004484717
E[P_neut(12)] = 0.0004346653
E[P_neut(13)] = 0.0004026269
E[P_neut(14)] = 0.0003844755
E[P_neut(15)] = 0.0003845364
E[P_neut(16)] = 0.0003791756
E[P_neut(17)] = 0.0003872199
E[P_neut(18)] = 0.0004044512
E[P_neut(19)] = 0.0004459796

---- Expected P_sel(i), 0 < i < n (selected SFS per site) 
E[P_sel(1)] = 0.0072225818
E[P_sel(2)] = 0.0028270945
E[P_sel(3)] = 0.0014930208
E[P_sel(4)] = 0.0009342122
E[P_sel(5)] = 0.0006507774
E[P_sel(6)] = 0.0005074602
E[P_sel(7)] = 0.0004136238
E[P_sel(8)] = 0.0003510242
E[P_sel(9)] = 0.0003018228
E[P_sel(10)] = 0.0002766018
E[P_sel(11)] = 0.0002452812
E[P_sel(12)] = 0.0002371411
E[P_sel(13)] = 0.0002195252
E[P_sel(14)] = 0.0002099314
E[P_sel(15)] = 0.0002107803
E[P_sel(16)] = 0.0002092842
E[P_sel(17)] = 0.0002160698
E[P_sel(18)] = 0.0002294595
E[P_sel(19)] = 0.0002597313

---- Expected D_neut and D_sel (neutral and selected divergence per site) 
E[D_neut] = 0.0198343364
E[D_sel] = 0.0125475907

---- Expected neutral and selected misattributed polymorphism per site
E[mis_neut] = 0.0006103757
E[mis_sel] = 0.0003669966

---- alpha_div = 0.246178
---- alpha_dfe = 0.245976

