---- Running command
---- ./polyDFE -d Mmc/907.polyDFE.config.txt -m C -e 
---- Performing inference using model C

---- Performing inference on Mmc/907.polyDFE.config.txt
---- No mutation variability. Using Poisson likelihood.


---- Calculating initial values

-- Starting local optimization
-- Optimizing all parameters
  it        eps_an        lambda     theta_bar           S_d             b           p_b           S_b           r 2           r 3           r 4           r 5           r 6           r 7           r 8           r 9          r 10          r 11          r 12          r 13          r 14          r 15          r 16          r 17          r 18          r 19          r 20           ln lk          grad status 
   0           0.1 0.01931063325 0.01134104090        -20000         0.208           0.1            20 0.87610187569 0.73811919765 0.64153394142 0.58081321133 0.56134715982 0.54058329623 0.53977204094 0.53222775449 0.55792859727 0.55328929965 0.59619123296 0.62828580401 0.65795476499 0.74758684467 0.87030676537 1.12059919422 1.59181570824             1             1 -1120526.705890 23197.1571269   -2 
 350 0.00277511247 0.01937117185 0.01014914459 -72.991729743 0.12377575407 0.02007622146 7.47211312976 0.86767925560 0.72150260584 0.61768286019 0.55511699489 0.53390983761 0.50556123674 0.49801312742 0.48717562280 0.49744272829 0.48381957630 0.51229658282 0.51753587001 0.52110711892 0.55798664631 0.58908738530 0.64601502599 0.69910280534 0.78114081998 1.00619934253 -276.0833493072 0.41536809035   -3 
-- Local optimization: stuck in the same solution
---- Best joint likelihood found -276.083349307285971 with gradient 0.41537

---- Results for Mmc/907.polyDFE.config.txt 
--  Model: C
--        eps_an        lambda     theta_bar             a 
-- 0.00277511247 0.01937117185 0.01014914459            -1 
--           S_d             b           p_b           S_b 
-- -72.991729743 0.12377575407 0.02007622146 7.47211312976 
--           r 2           r 3           r 4           r 5           r 6           r 7           r 8           r 9          r 10          r 11          r 12          r 13          r 14          r 15          r 16          r 17          r 18          r 19          r 20 
-- 0.86767925560 0.72150260584 0.61768286019 0.55511699489 0.53390983761 0.50556123674 0.49801312742 0.48717562280 0.49744272829 0.48381957630 0.51229658282 0.51753587001 0.52110711892 0.55798664631 0.58908738530 0.64601502599 0.69910280534 0.78114081998 1.00619934253 

---- Expected P_neut(i), 0 < i < n (neutral SFS per site) 
E[P_neut(1)] = 0.0101221375
E[P_neut(2)] = 0.0043919759
E[P_neut(3)] = 0.0024351747
E[P_neut(4)] = 0.0015639259
E[P_neut(5)] = 0.0011247133
E[P_neut(6)] = 0.0009016635
E[P_neut(7)] = 0.0007320891
E[P_neut(8)] = 0.0006312500
E[P_neut(9)] = 0.0005490937
E[P_neut(10)] = 0.0005048618
E[P_neut(11)] = 0.0004466817
E[P_neut(12)] = 0.0004338319
E[P_neut(13)] = 0.0004049549
E[P_neut(14)] = 0.0003792287
E[P_neut(15)] = 0.0003796184
E[P_neut(16)] = 0.0003769831
E[P_neut(17)] = 0.0003913799
E[P_neut(18)] = 0.0004053083
E[P_neut(19)] = 0.0004442656

---- Expected P_sel(i), 0 < i < n (selected SFS per site) 
E[P_sel(1)] = 0.0072619380
E[P_sel(2)] = 0.0028435568
E[P_sel(3)] = 0.0014973918
E[P_sel(4)] = 0.0009306667
E[P_sel(5)] = 0.0006539016
E[P_sel(6)] = 0.0005151114
E[P_sel(7)] = 0.0004125745
E[P_sel(8)] = 0.0003519548
E[P_sel(9)] = 0.0003035948
E[P_sel(10)] = 0.0002773637
E[P_sel(11)] = 0.0002442927
E[P_sel(12)] = 0.0002366212
E[P_sel(13)] = 0.0002206894
E[P_sel(14)] = 0.0002069379
E[P_sel(15)] = 0.0002079343
E[P_sel(16)] = 0.0002079376
E[P_sel(17)] = 0.0002183449
E[P_sel(18)] = 0.0002303223
E[P_sel(19)] = 0.0002614550

---- Expected D_neut and D_sel (neutral and selected divergence per site) 
E[D_neut] = 0.0198817750
E[D_sel] = 0.0125234520

---- Expected neutral and selected misattributed polymorphism per site
E[mis_neut] = 0.0005106031
E[mis_sel] = 0.0003059387

---- alpha_div = 0.244022
---- alpha_dfe = 0.243696

