---- Running command
---- ./polyDFE -d Mmc/908.polyDFE.config.txt -m C -e 
---- Performing inference using model C

---- Performing inference on Mmc/908.polyDFE.config.txt
---- No mutation variability. Using Poisson likelihood.


---- Calculating initial values

-- Starting local optimization
-- Optimizing all parameters
  it        eps_an        lambda     theta_bar           S_d             b           p_b           S_b           r 2           r 3           r 4           r 5           r 6           r 7           r 8           r 9          r 10          r 11          r 12          r 13          r 14          r 15          r 16          r 17          r 18          r 19          r 20           ln lk          grad status 
   0           0.1 0.01928337537 0.01138032341        -20000         0.208           0.1            20 0.87203143564 0.73247993692 0.64115734774 0.58786501497 0.56004666403 0.54291092638 0.53985236790 0.53095610228 0.55263609302 0.55679766127 0.59988465094 0.62313809896 0.66953505994 0.74997577765 0.86824840600 1.10856519678 1.58359916967             1             1 -1116881.357871 23176.1393629   -2 
1208 0.00065588124 0.01929642734 0.01015361025 -79.137730445 0.12173039403 0.01934501785 7.77431940777 0.86651332627 0.71957419658 0.61968320797 0.56056670339 0.53149957300 0.50797581460 0.49765916496 0.48776307028 0.49447128870 0.48604075557 0.51586861477 0.51528534966 0.53245093580 0.55872268210 0.58924146126 0.65385669041 0.71823154381 0.83094539057 1.09806928002 -274.1459054131 0.01311362831   -3 
-- Local optimization: stuck in the same solution
---- Best joint likelihood found -274.145905413126457 with gradient 0.01311

---- Results for Mmc/908.polyDFE.config.txt 
--  Model: C
--        eps_an        lambda     theta_bar             a 
-- 0.00065588124 0.01929642734 0.01015361025            -1 
--           S_d             b           p_b           S_b 
-- -79.137730445 0.12173039403 0.01934501785 7.77431940777 
--           r 2           r 3           r 4           r 5           r 6           r 7           r 8           r 9          r 10          r 11          r 12          r 13          r 14          r 15          r 16          r 17          r 18          r 19          r 20 
-- 0.86651332627 0.71957419658 0.61968320797 0.56056670339 0.53149957300 0.50797581460 0.49765916496 0.48776307028 0.49447128870 0.48604075557 0.51586861477 0.51528534966 0.53245093580 0.55872268210 0.58924146126 0.65385669041 0.71823154381 0.83094539057 1.09806928002 

---- Expected P_neut(i), 0 < i < n (neutral SFS per site) 
E[P_neut(1)] = 0.0101472419
E[P_neut(2)] = 0.0043964997
E[P_neut(3)] = 0.0024340841
E[P_neut(4)] = 0.0015722190
E[P_neut(5)] = 0.0011378566
E[P_neut(6)] = 0.0008991033
E[P_neut(7)] = 0.0007366076
E[P_neut(8)] = 0.0006315017
E[P_neut(9)] = 0.0005502173
E[P_neut(10)] = 0.0005020669
E[P_neut(11)] = 0.0004487092
E[P_neut(12)] = 0.0004366221
E[P_neut(13)] = 0.0004026814
E[P_neut(14)] = 0.0003865009
E[P_neut(15)] = 0.0003787021
E[P_neut(16)] = 0.0003747195
E[P_neut(17)] = 0.0003918710
E[P_neut(18)] = 0.0004077664
E[P_neut(19)] = 0.0004504260

---- Expected P_sel(i), 0 < i < n (selected SFS per site) 
E[P_sel(1)] = 0.0072424916
E[P_sel(2)] = 0.0028339439
E[P_sel(3)] = 0.0014910812
E[P_sel(4)] = 0.0009324870
E[P_sel(5)] = 0.0006595484
E[P_sel(6)] = 0.0005122172
E[P_sel(7)] = 0.0004140356
E[P_sel(8)] = 0.0003512182
E[P_sel(9)] = 0.0003034843
E[P_sel(10)] = 0.0002751789
E[P_sel(11)] = 0.0002448284
E[P_sel(12)] = 0.0002375837
E[P_sel(13)] = 0.0002189240
E[P_sel(14)] = 0.0002103780
E[P_sel(15)] = 0.0002068825
E[P_sel(16)] = 0.0002060804
E[P_sel(17)] = 0.0002178421
E[P_sel(18)] = 0.0002304896
E[P_sel(19)] = 0.0002616814

---- Expected D_neut and D_sel (neutral and selected divergence per site) 
E[D_neut] = 0.0198538957
E[D_sel] = 0.0125142774

---- Expected neutral and selected misattributed polymorphism per site
E[mis_neut] = 0.0005574684
E[mis_sel] = 0.0003337423

---- alpha_div = 0.243830
---- alpha_dfe = 0.243702

