---- Running command
---- ./polyDFE -d Mmc/909.polyDFE.config.txt -m C -e 
---- Performing inference using model C

---- Performing inference on Mmc/909.polyDFE.config.txt
---- No mutation variability. Using Poisson likelihood.


---- Calculating initial values

-- Starting local optimization
-- Optimizing all parameters
  it        eps_an        lambda     theta_bar           S_d             b           p_b           S_b           r 2           r 3           r 4           r 5           r 6           r 7           r 8           r 9          r 10          r 11          r 12          r 13          r 14          r 15          r 16          r 17          r 18          r 19          r 20           ln lk          grad status 
   0           0.1 0.01931103590 0.01133268081        -20000         0.208           0.1            20 0.87598534623 0.73907579413 0.64687652323 0.58127627465 0.55723895861 0.53751324230 0.54107034677 0.52495193588 0.55722212342 0.55876581411 0.59874913325 0.62426177367 0.66653231250 0.74992925681 0.86592888177 1.11138875255 1.58528619812             1             1 -1118520.019229 23214.0961170   -2 
 449 0.00249482691 0.01937001199 0.01013139439 -67.648232997 0.13035590517 0.02664530180 6.11241624279 0.86769630692 0.72336791044 0.62406094234 0.55734885234 0.53029609404 0.50735313026 0.50149120855 0.48113706361 0.49873692752 0.48573246435 0.51329826570 0.51347988707 0.52212733194 0.56134238091 0.58660492345 0.64124313375 0.69892471206 0.78448257077 1.00176192097 -271.4953138650 0.81152788994   -3 
-- Local optimization: stuck in the same solution
---- Best joint likelihood found -271.495313865045318 with gradient 0.81153

---- Results for Mmc/909.polyDFE.config.txt 
--  Model: C
--        eps_an        lambda     theta_bar             a 
-- 0.00249482691 0.01937001199 0.01013139439            -1 
--           S_d             b           p_b           S_b 
-- -67.648232997 0.13035590517 0.02664530180 6.11241624279 
--           r 2           r 3           r 4           r 5           r 6           r 7           r 8           r 9          r 10          r 11          r 12          r 13          r 14          r 15          r 16          r 17          r 18          r 19          r 20 
-- 0.86769630692 0.72336791044 0.62406094234 0.55734885234 0.53029609404 0.50735313026 0.50149120855 0.48113706361 0.49873692752 0.48573246435 0.51329826570 0.51347988707 0.52212733194 0.56134238091 0.58660492345 0.64124313375 0.69892471206 0.78448257077 1.00176192097 

---- Expected P_neut(i), 0 < i < n (neutral SFS per site) 
E[P_neut(1)] = 0.0101071619
E[P_neut(2)] = 0.0043855022
E[P_neut(3)] = 0.0024377673
E[P_neut(4)] = 0.0015776351
E[P_neut(5)] = 0.0011274726
E[P_neut(6)] = 0.0008941485
E[P_neut(7)] = 0.0007334799
E[P_neut(8)] = 0.0006345974
E[P_neut(9)] = 0.0005413859
E[P_neut(10)] = 0.0005052901
E[P_neut(11)] = 0.0004476121
E[P_neut(12)] = 0.0004338722
E[P_neut(13)] = 0.0004010080
E[P_neut(14)] = 0.0003791397
E[P_neut(15)] = 0.0003810170
E[P_neut(16)] = 0.0003744621
E[P_neut(17)] = 0.0003872993
E[P_neut(18)] = 0.0004033780
E[P_neut(19)] = 0.0004425431

---- Expected P_sel(i), 0 < i < n (selected SFS per site) 
E[P_sel(1)] = 0.0072505377
E[P_sel(2)] = 0.0028309174
E[P_sel(3)] = 0.0014922108
E[P_sel(4)] = 0.0009338175
E[P_sel(5)] = 0.0006517510
E[P_sel(6)] = 0.0005078336
E[P_sel(7)] = 0.0004109841
E[P_sel(8)] = 0.0003518858
E[P_sel(9)] = 0.0002978253
E[P_sel(10)] = 0.0002763629
E[P_sel(11)] = 0.0002438907
E[P_sel(12)] = 0.0002359717
E[P_sel(13)] = 0.0002181444
E[P_sel(14)] = 0.0002067596
E[P_sel(15)] = 0.0002088447
E[P_sel(16)] = 0.0002069806
E[P_sel(17)] = 0.0002168149
E[P_sel(18)] = 0.0002302273
E[P_sel(19)] = 0.0002613274

---- Expected D_neut and D_sel (neutral and selected divergence per site) 
E[D_neut] = 0.0198774742
E[D_sel] = 0.0125525920

---- Expected neutral and selected misattributed polymorphism per site
E[mis_neut] = 0.0005074623
E[mis_sel] = 0.0003057746

---- alpha_div = 0.266740
---- alpha_dfe = 0.266721

