---- Running command
---- ./polyDFE -d Mmc/91.polyDFE.config.txt -m C -e 
---- Performing inference using model C

---- Performing inference on Mmc/91.polyDFE.config.txt
---- No mutation variability. Using Poisson likelihood.


---- Calculating initial values

-- Starting local optimization
-- Optimizing all parameters
  it        eps_an        lambda     theta_bar           S_d             b           p_b           S_b           r 2           r 3           r 4           r 5           r 6           r 7           r 8           r 9          r 10          r 11          r 12          r 13          r 14          r 15          r 16          r 17          r 18          r 19          r 20           ln lk          grad status 
   0           0.1 0.01929245032 0.01134942504        -20000         0.208           0.1            20 0.87084321369 0.73422063999 0.64427968364 0.58335501159 0.56094264188 0.54660541986 0.53863885999 0.53257136863 0.56209542709 0.55245533980 0.59475281296 0.63324995817 0.67262906703 0.75272246569 0.88041062789 1.10245561122 1.58232546921             1             1 -1116613.125410 23154.2935457   -2 
1013 0.00116443428 0.01930002662 0.01013836805 -74.326099619 0.12381401276 0.02075626305 7.37687509966 0.86361421954 0.71888584812 0.62043228970 0.55816212729 0.53031212712 0.51283157957 0.49748407055 0.48964000756 0.50187590342 0.48260658688 0.51244588082 0.52233223492 0.52799678627 0.56202554319 0.60334313313 0.64778284195 0.70688264926 0.81081823805 1.10874430122 -268.3197166984 0.50781841648   -8 
-- Local optimization: reached maximum number of likelihood evaluations allowed.
---- Best joint likelihood found -268.319716698446427 with gradient 0.50782

---- Results for Mmc/91.polyDFE.config.txt 
--  Model: C
--        eps_an        lambda     theta_bar             a 
-- 0.00116443428 0.01930002662 0.01013836805            -1 
--           S_d             b           p_b           S_b 
-- -74.326099619 0.12381401276 0.02075626305 7.37687509966 
--           r 2           r 3           r 4           r 5           r 6           r 7           r 8           r 9          r 10          r 11          r 12          r 13          r 14          r 15          r 16          r 17          r 18          r 19          r 20 
-- 0.86361421954 0.71888584812 0.62043228970 0.55816212729 0.53031212712 0.51283157957 0.49748407055 0.48964000756 0.50187590342 0.48260658688 0.51244588082 0.52233223492 0.52799678627 0.56202554319 0.60334313313 0.64778284195 0.70688264926 0.81081823805 1.10874430122 

---- Expected P_neut(i), 0 < i < n (neutral SFS per site) 
E[P_neut(1)] = 0.0101270664
E[P_neut(2)] = 0.0043731853
E[P_neut(3)] = 0.0024270640
E[P_neut(4)] = 0.0015711568
E[P_neut(5)] = 0.0011308951
E[P_neut(6)] = 0.0008954851
E[P_neut(7)] = 0.0007423631
E[P_neut(8)] = 0.0006302296
E[P_neut(9)] = 0.0005514480
E[P_neut(10)] = 0.0005088203
E[P_neut(11)] = 0.0004449283
E[P_neut(12)] = 0.0004331771
E[P_neut(13)] = 0.0004077441
E[P_neut(14)] = 0.0003829572
E[P_neut(15)] = 0.0003807437
E[P_neut(16)] = 0.0003836931
E[P_neut(17)] = 0.0003887003
E[P_neut(18)] = 0.0004027805
E[P_neut(19)] = 0.0004439529

---- Expected P_sel(i), 0 < i < n (selected SFS per site) 
E[P_sel(1)] = 0.0072533805
E[P_sel(2)] = 0.0028265676
E[P_sel(3)] = 0.0014899769
E[P_sel(4)] = 0.0009335327
E[P_sel(5)] = 0.0006565480
E[P_sel(6)] = 0.0005108940
E[P_sel(7)] = 0.0004178463
E[P_sel(8)] = 0.0003509893
E[P_sel(9)] = 0.0003045881
E[P_sel(10)] = 0.0002792911
E[P_sel(11)] = 0.0002431515
E[P_sel(12)] = 0.0002361217
E[P_sel(13)] = 0.0002221099
E[P_sel(14)] = 0.0002089096
E[P_sel(15)] = 0.0002085199
E[P_sel(16)] = 0.0002116211
E[P_sel(17)] = 0.0002167994
E[P_sel(18)] = 0.0002285864
E[P_sel(19)] = 0.0002593490

---- Expected D_neut and D_sel (neutral and selected divergence per site) 
E[D_neut] = 0.0198620695
E[D_sel] = 0.0125446497

---- Expected neutral and selected misattributed polymorphism per site
E[mis_neut] = 0.0005620429
E[mis_sel] = 0.0003375305

---- alpha_div = 0.248347
---- alpha_dfe = 0.248178

