---- Running command
---- ./polyDFE -d Mmc/910.polyDFE.config.txt -m C -e 
---- Performing inference using model C

---- Performing inference on Mmc/910.polyDFE.config.txt
---- No mutation variability. Using Poisson likelihood.


---- Calculating initial values

-- Starting local optimization
-- Optimizing all parameters
  it        eps_an        lambda     theta_bar           S_d             b           p_b           S_b           r 2           r 3           r 4           r 5           r 6           r 7           r 8           r 9          r 10          r 11          r 12          r 13          r 14          r 15          r 16          r 17          r 18          r 19          r 20           ln lk          grad status 
   0           0.1 0.01926989189 0.01134832824        -20000         0.208           0.1            20 0.87244516861 0.73305549866 0.64450062711 0.57944225213 0.55589251314 0.53919295633 0.53789440463 0.52858317343 0.55977288025 0.55784185819 0.59251879725 0.62195109574 0.66839543144 0.75169330884 0.87745891501 1.11219436059 1.57242446577             1             1 -1118404.668135 23159.4264909   -2 
 814 0.00103034697 0.01924673287 0.01013609744 -74.589648005 0.12169807436 0.01661114026 8.85931177788 0.86480105414 0.71714186188 0.62082527868 0.55554096560 0.52744277995 0.50877922944 0.49586960532 0.48333794029 0.49868152450 0.48604998931 0.51315874316 0.51367942829 0.52514501825 0.56050532706 0.59967758137 0.65234687060 0.70295425809 0.82221577050 1.16678105441 -267.5832981884 0.02620963616   -8 
-- Local optimization: reached maximum number of likelihood evaluations allowed.
---- Best joint likelihood found -267.583298188430490 with gradient 0.02621

---- Results for Mmc/910.polyDFE.config.txt 
--  Model: C
--        eps_an        lambda     theta_bar             a 
-- 0.00103034697 0.01924673287 0.01013609744            -1 
--           S_d             b           p_b           S_b 
-- -74.589648005 0.12169807436 0.01661114026 8.85931177788 
--           r 2           r 3           r 4           r 5           r 6           r 7           r 8           r 9          r 10          r 11          r 12          r 13          r 14          r 15          r 16          r 17          r 18          r 19          r 20 
-- 0.86480105414 0.71714186188 0.62082527868 0.55554096560 0.52744277995 0.50877922944 0.49586960532 0.48333794029 0.49868152450 0.48604998931 0.51315874316 0.51367942829 0.52514501825 0.56050532706 0.59967758137 0.65234687060 0.70295425809 0.82221577050 1.16678105441 

---- Expected P_neut(i), 0 < i < n (neutral SFS per site) 
E[P_neut(1)] = 0.0101261057
E[P_neut(2)] = 0.0043787459
E[P_neut(3)] = 0.0024209108
E[P_neut(4)] = 0.0015719569
E[P_neut(5)] = 0.0011254333
E[P_neut(6)] = 0.0008905089
E[P_neut(7)] = 0.0007363730
E[P_neut(8)] = 0.0006280721
E[P_neut(9)] = 0.0005442518
E[P_neut(10)] = 0.0005054685
E[P_neut(11)] = 0.0004479767
E[P_neut(12)] = 0.0004336530
E[P_neut(13)] = 0.0004008622
E[P_neut(14)] = 0.0003807350
E[P_neut(15)] = 0.0003795259
E[P_neut(16)] = 0.0003811289
E[P_neut(17)] = 0.0003910517
E[P_neut(18)] = 0.0003999532
E[P_neut(19)] = 0.0004486264

---- Expected P_sel(i), 0 < i < n (selected SFS per site) 
E[P_sel(1)] = 0.0072639065
E[P_sel(2)] = 0.0028366148
E[P_sel(3)] = 0.0014899192
E[P_sel(4)] = 0.0009363371
E[P_sel(5)] = 0.0006549105
E[P_sel(6)] = 0.0005091224
E[P_sel(7)] = 0.0004152092
E[P_sel(8)] = 0.0003502653
E[P_sel(9)] = 0.0003008787
E[P_sel(10)] = 0.0002775406
E[P_sel(11)] = 0.0002447385
E[P_sel(12)] = 0.0002361322
E[P_sel(13)] = 0.0002179516
E[P_sel(14)] = 0.0002071178
E[P_sel(15)] = 0.0002070660
E[P_sel(16)] = 0.0002091922
E[P_sel(17)] = 0.0002168383
E[P_sel(18)] = 0.0002254987
E[P_sel(19)] = 0.0002605402

---- Expected D_neut and D_sel (neutral and selected divergence per site) 
E[D_neut] = 0.0198380632
E[D_sel] = 0.0125183946

---- Expected neutral and selected misattributed polymorphism per site
E[mis_neut] = 0.0005913303
E[mis_sel] = 0.0003531894

---- alpha_div = 0.237076
---- alpha_dfe = 0.237011

