---- Running command
---- ./polyDFE -d Mmc/911.polyDFE.config.txt -m C -e 
---- Performing inference using model C

---- Performing inference on Mmc/911.polyDFE.config.txt
---- No mutation variability. Using Poisson likelihood.


---- Calculating initial values

-- Starting local optimization
-- Optimizing all parameters
  it        eps_an        lambda     theta_bar           S_d             b           p_b           S_b           r 2           r 3           r 4           r 5           r 6           r 7           r 8           r 9          r 10          r 11          r 12          r 13          r 14          r 15          r 16          r 17          r 18          r 19          r 20           ln lk          grad status 
   0           0.1 0.01926457571 0.01136275189        -20000         0.208           0.1            20 0.87402592803 0.72876595632 0.63994450509 0.58063595321 0.55773579425 0.53368212423 0.53793807644 0.53106008639 0.54868532210 0.55482030233 0.59153524319 0.61708689147 0.66596293659 0.74474666351 0.86570558960 1.10450319746 1.58630498942             1             1 -1115714.628442 23138.3924998   -2 
 532 0.00106331685 0.01931634238 0.01014797076 -81.023309817 0.12094687958 0.02346045849 6.42793596264 0.86589311273 0.71610091246 0.61628855015 0.55349561744 0.52781706451 0.50374757924 0.49807914031 0.48651927315 0.49113201912 0.48364859338 0.50724140345 0.51100527320 0.52515345752 0.55956808109 0.59051282816 0.64276486507 0.71064754654 0.81901097205 1.02326760479 -273.5212115968 0.11625125763   -3 
-- Local optimization: stuck in the same solution
---- Best joint likelihood found -273.521211596817011 with gradient 0.11625

---- Results for Mmc/911.polyDFE.config.txt 
--  Model: C
--        eps_an        lambda     theta_bar             a 
-- 0.00106331685 0.01931634238 0.01014797076            -1 
--           S_d             b           p_b           S_b 
-- -81.023309817 0.12094687958 0.02346045849 6.42793596264 
--           r 2           r 3           r 4           r 5           r 6           r 7           r 8           r 9          r 10          r 11          r 12          r 13          r 14          r 15          r 16          r 17          r 18          r 19          r 20 
-- 0.86589311273 0.71610091246 0.61628855015 0.55349561744 0.52781706451 0.50374757924 0.49807914031 0.48651927315 0.49113201912 0.48364859338 0.50724140345 0.51100527320 0.52515345752 0.55956808109 0.59051282816 0.64276486507 0.71064754654 0.81901097205 1.02326760479 

---- Expected P_neut(i), 0 < i < n (neutral SFS per site) 
E[P_neut(1)] = 0.0101376454
E[P_neut(2)] = 0.0043892833
E[P_neut(3)] = 0.0024201560
E[P_neut(4)] = 0.0015622553
E[P_neut(5)] = 0.0011225795
E[P_neut(6)] = 0.0008921675
E[P_neut(7)] = 0.0007299356
E[P_neut(8)] = 0.0006315959
E[P_neut(9)] = 0.0005484671
E[P_neut(10)] = 0.0004983993
E[P_neut(11)] = 0.0004462954
E[P_neut(12)] = 0.0004291716
E[P_neut(13)] = 0.0003992498
E[P_neut(14)] = 0.0003812046
E[P_neut(15)] = 0.0003793573
E[P_neut(16)] = 0.0003757960
E[P_neut(17)] = 0.0003858594
E[P_neut(18)] = 0.0004048918
E[P_neut(19)] = 0.0004477622

---- Expected P_sel(i), 0 < i < n (selected SFS per site) 
E[P_sel(1)] = 0.0072419430
E[P_sel(2)] = 0.0028354363
E[P_sel(3)] = 0.0014871384
E[P_sel(4)] = 0.0009301378
E[P_sel(5)] = 0.0006536261
E[P_sel(6)] = 0.0005108761
E[P_sel(7)] = 0.0004126443
E[P_sel(8)] = 0.0003535065
E[P_sel(9)] = 0.0003046340
E[P_sel(10)] = 0.0002752549
E[P_sel(11)] = 0.0002455334
E[P_sel(12)] = 0.0002356298
E[P_sel(13)] = 0.0002191634
E[P_sel(14)] = 0.0002096540
E[P_sel(15)] = 0.0002095359
E[P_sel(16)] = 0.0002090822
E[P_sel(17)] = 0.0002170842
E[P_sel(18)] = 0.0002316210
E[P_sel(19)] = 0.0002631206

---- Expected D_neut and D_sel (neutral and selected divergence per site) 
E[D_neut] = 0.0198355469
E[D_sel] = 0.0125125969

---- Expected neutral and selected misattributed polymorphism per site
E[mis_neut] = 0.0005192045
E[mis_sel] = 0.0003131218

---- alpha_div = 0.246738
---- alpha_dfe = 0.246500

