---- Running command
---- ./polyDFE -d Mmc/912.polyDFE.config.txt -m C -e 
---- Performing inference using model C

---- Performing inference on Mmc/912.polyDFE.config.txt
---- No mutation variability. Using Poisson likelihood.


---- Calculating initial values

-- Starting local optimization
-- Optimizing all parameters
  it        eps_an        lambda     theta_bar           S_d             b           p_b           S_b           r 2           r 3           r 4           r 5           r 6           r 7           r 8           r 9          r 10          r 11          r 12          r 13          r 14          r 15          r 16          r 17          r 18          r 19          r 20           ln lk          grad status 
   0           0.1 0.01926853410 0.01137479744        -20000         0.208           0.1            20 0.87175899206 0.73419340723 0.64480649964 0.58350563592 0.55670430829 0.53103941966 0.54083280169 0.53049349616 0.55048217625 0.55132633554 0.59211817013 0.61743374163 0.66543300243 0.74559751709 0.86489743096 1.10708042984 1.57455434200             1             1 -1114212.617106 23129.7940419   -2 
 854 0.00068806344 0.01929576873 0.01016037201 -83.096026673 0.11955107849 0.01930029156 7.77357319434 0.86258368866 0.72084248836 0.62049972524 0.55551950459 0.52634789428 0.50195849197 0.49843144351 0.48561179698 0.49179902929 0.48480313919 0.50947010326 0.51472335606 0.52597909188 0.55467835400 0.58852647284 0.64476339463 0.70367990000 0.82208799883 1.07132722805 -275.1366064401 0.02423453797   -8 
-- Local optimization: reached maximum number of likelihood evaluations allowed.
---- Best joint likelihood found -275.136606440166361 with gradient 0.02423

---- Results for Mmc/912.polyDFE.config.txt 
--  Model: C
--        eps_an        lambda     theta_bar             a 
-- 0.00068806344 0.01929576873 0.01016037201            -1 
--           S_d             b           p_b           S_b 
-- -83.096026673 0.11955107849 0.01930029156 7.77357319434 
--           r 2           r 3           r 4           r 5           r 6           r 7           r 8           r 9          r 10          r 11          r 12          r 13          r 14          r 15          r 16          r 17          r 18          r 19          r 20 
-- 0.86258368866 0.72084248836 0.62049972524 0.55551950459 0.52634789428 0.50195849197 0.49843144351 0.48561179698 0.49179902929 0.48480313919 0.50947010326 0.51472335606 0.52597909188 0.55467835400 0.58852647284 0.64476339463 0.70367990000 0.82208799883 1.07132722805 

---- Expected P_neut(i), 0 < i < n (neutral SFS per site) 
E[P_neut(1)] = 0.0101536835
E[P_neut(2)] = 0.0043793437
E[P_neut(3)] = 0.0024399280
E[P_neut(4)] = 0.0015752997
E[P_neut(5)] = 0.0011283388
E[P_neut(6)] = 0.0008909644
E[P_neut(7)] = 0.0007283591
E[P_neut(8)] = 0.0006328924
E[P_neut(9)] = 0.0005481527
E[P_neut(10)] = 0.0004996861
E[P_neut(11)] = 0.0004478673
E[P_neut(12)] = 0.0004315059
E[P_neut(13)] = 0.0004025153
E[P_neut(14)] = 0.0003820751
E[P_neut(15)] = 0.0003762341
E[P_neut(16)] = 0.0003745553
E[P_neut(17)] = 0.0003867697
E[P_neut(18)] = 0.0003999446
E[P_neut(19)] = 0.0004463053

---- Expected P_sel(i), 0 < i < n (selected SFS per site) 
E[P_sel(1)] = 0.0072396100
E[P_sel(2)] = 0.0028237017
E[P_sel(3)] = 0.0014963648
E[P_sel(4)] = 0.0009359159
E[P_sel(5)] = 0.0006554293
E[P_sel(6)] = 0.0005088327
E[P_sel(7)] = 0.0004105184
E[P_sel(8)] = 0.0003530319
E[P_sel(9)] = 0.0003032950
E[P_sel(10)] = 0.0002747771
E[P_sel(11)] = 0.0002452073
E[P_sel(12)] = 0.0002356315
E[P_sel(13)] = 0.0002196288
E[P_sel(14)] = 0.0002087393
E[P_sel(15)] = 0.0002063055
E[P_sel(16)] = 0.0002067683
E[P_sel(17)] = 0.0002158190
E[P_sel(18)] = 0.0002269172
E[P_sel(19)] = 0.0002602545

---- Expected D_neut and D_sel (neutral and selected divergence per site) 
E[D_neut] = 0.0198400229
E[D_sel] = 0.0125459381

---- Expected neutral and selected misattributed polymorphism per site
E[mis_neut] = 0.0005442542
E[mis_sel] = 0.0003269581

---- alpha_div = 0.242575
---- alpha_dfe = 0.242343

