---- Running command
---- ./polyDFE -d Mmc/913.polyDFE.config.txt -m C -e 
---- Performing inference using model C

---- Performing inference on Mmc/913.polyDFE.config.txt
---- No mutation variability. Using Poisson likelihood.


---- Calculating initial values

-- Starting local optimization
-- Optimizing all parameters
  it        eps_an        lambda     theta_bar           S_d             b           p_b           S_b           r 2           r 3           r 4           r 5           r 6           r 7           r 8           r 9          r 10          r 11          r 12          r 13          r 14          r 15          r 16          r 17          r 18          r 19          r 20           ln lk          grad status 
   0           0.1 0.01927817342 0.01136270211        -20000         0.208           0.1            20 0.87205119256 0.73342535728 0.64298128931 0.58356495473 0.56065778952 0.53665534145 0.53347390639 0.52669418432 0.55983699748 0.55882997366 0.58870819577 0.62737890146 0.66541137046 0.75963720673 0.86905947422 1.10656093111 1.58063657485             1             1 -1117482.617257 23172.1630167   -2 
 333 0.00254927245 0.01930155721 0.01018342889 -102.33860984 0.10564150215 0.00241247538 50.0497006659 0.86050232648 0.71466195181 0.61568850297 0.54959495612 0.52763637721 0.50448873127 0.48883495551 0.48321137205 0.49818961121 0.48212360332 0.50723744653 0.51816044463 0.52365031418 0.56776588921 0.59576052083 0.65273335394 0.71121952695 0.80485484940 1.06034404639 -319.6636998483 0.44187452999   -3 
-- Local optimization: stuck in the same solution
---- Best joint likelihood found -319.663699848388205 with gradient 0.44187

---- Results for Mmc/913.polyDFE.config.txt 
--  Model: C
--        eps_an        lambda     theta_bar             a 
-- 0.00254927245 0.01930155721 0.01018342889            -1 
--           S_d             b           p_b           S_b 
-- -102.33860984 0.10564150215 0.00241247538 50.0497006659 
--           r 2           r 3           r 4           r 5           r 6           r 7           r 8           r 9          r 10          r 11          r 12          r 13          r 14          r 15          r 16          r 17          r 18          r 19          r 20 
-- 0.86050232648 0.71466195181 0.61568850297 0.54959495612 0.52763637721 0.50448873127 0.48883495551 0.48321137205 0.49818961121 0.48212360332 0.50723744653 0.51816044463 0.52365031418 0.56776588921 0.59576052083 0.65273335394 0.71121952695 0.80485484940 1.06034404639 

---- Expected P_neut(i), 0 < i < n (neutral SFS per site) 
E[P_neut(1)] = 0.0101585683
E[P_neut(2)] = 0.0043712884
E[P_neut(3)] = 0.0024207155
E[P_neut(4)] = 0.0015644258
E[P_neut(5)] = 0.0011174813
E[P_neut(6)] = 0.0008942127
E[P_neut(7)] = 0.0007330817
E[P_neut(8)] = 0.0006217630
E[P_neut(9)] = 0.0005464939
E[P_neut(10)] = 0.0005073278
E[P_neut(11)] = 0.0004465898
E[P_neut(12)] = 0.0004309403
E[P_neut(13)] = 0.0004067324
E[P_neut(14)] = 0.0003822088
E[P_neut(15)] = 0.0003873245
E[P_neut(16)] = 0.0003822095
E[P_neut(17)] = 0.0003961913
E[P_neut(18)] = 0.0004125134
E[P_neut(19)] = 0.0004562386

---- Expected P_sel(i), 0 < i < n (selected SFS per site) 
E[P_sel(1)] = 0.0072427294
E[P_sel(2)] = 0.0028364381
E[P_sel(3)] = 0.0014985384
E[P_sel(4)] = 0.0009394089
E[P_sel(5)] = 0.0006562636
E[P_sel(6)] = 0.0005160934
E[P_sel(7)] = 0.0004171382
E[P_sel(8)] = 0.0003496136
E[P_sel(9)] = 0.0003041865
E[P_sel(10)] = 0.0002799183
E[P_sel(11)] = 0.0002445421
E[P_sel(12)] = 0.0002344325
E[P_sel(13)] = 0.0002200418
E[P_sel(14)] = 0.0002058547
E[P_sel(15)] = 0.0002079373
E[P_sel(16)] = 0.0002049038
E[P_sel(17)] = 0.0002127343
E[P_sel(18)] = 0.0002233557
E[P_sel(19)] = 0.0002551180

---- Expected D_neut and D_sel (neutral and selected divergence per site) 
E[D_neut] = 0.0198414541
E[D_sel] = 0.0125236498

---- Expected neutral and selected misattributed polymorphism per site
E[mis_neut] = 0.0005398969
E[mis_sel] = 0.0003053309

---- alpha_div = 0.190427
---- alpha_dfe = 0.190863

