---- Running command
---- ./polyDFE -d Mmc/914.polyDFE.config.txt -m C -e 
---- Performing inference using model C

---- Performing inference on Mmc/914.polyDFE.config.txt
---- No mutation variability. Using Poisson likelihood.


---- Calculating initial values

-- Starting local optimization
-- Optimizing all parameters
  it        eps_an        lambda     theta_bar           S_d             b           p_b           S_b           r 2           r 3           r 4           r 5           r 6           r 7           r 8           r 9          r 10          r 11          r 12          r 13          r 14          r 15          r 16          r 17          r 18          r 19          r 20           ln lk          grad status 
   0           0.1 0.01926957994 0.01135192847        -20000         0.208           0.1            20 0.87511630528 0.73411058078 0.64772105478 0.58210612191 0.56392095962 0.54035134223 0.53708369274 0.53359604330 0.54980383516 0.55476574486 0.59352932845 0.62692250766 0.66844554098 0.75337919462 0.86580883499 1.11093965518 1.58742188173             1             1 -1118056.094096 23176.9493483   -2 
 715 0.00079991550 0.01929335501 0.01013952760 -75.875138701 0.12508714642 0.02666398154 5.88005355780 0.86597869325 0.72144873004 0.62224094095 0.55708588217 0.53158079678 0.50833334089 0.49534038113 0.48737509294 0.49723618358 0.48501559717 0.51605711306 0.51881601844 0.52686630694 0.56095866996 0.58590518294 0.64881140502 0.70841422146 0.82380746049 1.07693350394 -275.4370583677 0.04718990034   -8 
-- Local optimization: reached maximum number of likelihood evaluations allowed.
---- Best joint likelihood found -275.437058367737336 with gradient 0.04719

---- Results for Mmc/914.polyDFE.config.txt 
--  Model: C
--        eps_an        lambda     theta_bar             a 
-- 0.00079991550 0.01929335501 0.01013952760            -1 
--           S_d             b           p_b           S_b 
-- -75.875138701 0.12508714642 0.02666398154 5.88005355780 
--           r 2           r 3           r 4           r 5           r 6           r 7           r 8           r 9          r 10          r 11          r 12          r 13          r 14          r 15          r 16          r 17          r 18          r 19          r 20 
-- 0.86597869325 0.72144873004 0.62224094095 0.55708588217 0.53158079678 0.50833334089 0.49534038113 0.48737509294 0.49723618358 0.48501559717 0.51605711306 0.51881601844 0.52686630694 0.56095866996 0.58590518294 0.64881140502 0.70841422146 0.82380746049 1.07693350394 

---- Expected P_neut(i), 0 < i < n (neutral SFS per site) 
E[P_neut(1)] = 0.0101317685
E[P_neut(2)] = 0.0043871148
E[P_neut(3)] = 0.0024367422
E[P_neut(4)] = 0.0015763426
E[P_neut(5)] = 0.0011291172
E[P_neut(6)] = 0.0008979163
E[P_neut(7)] = 0.0007360575
E[P_neut(8)] = 0.0006276613
E[P_neut(9)] = 0.0005490021
E[P_neut(10)] = 0.0005041740
E[P_neut(11)] = 0.0004471570
E[P_neut(12)] = 0.0004362013
E[P_neut(13)] = 0.0004049229
E[P_neut(14)] = 0.0003819973
E[P_neut(15)] = 0.0003797908
E[P_neut(16)] = 0.0003722648
E[P_neut(17)] = 0.0003886198
E[P_neut(18)] = 0.0004022474
E[P_neut(19)] = 0.0004473916

---- Expected P_sel(i), 0 < i < n (selected SFS per site) 
E[P_sel(1)] = 0.0072439250
E[P_sel(2)] = 0.0028308109
E[P_sel(3)] = 0.0014939251
E[P_sel(4)] = 0.0009357717
E[P_sel(5)] = 0.0006552472
E[P_sel(6)] = 0.0005123478
E[P_sel(7)] = 0.0004145955
E[P_sel(8)] = 0.0003500348
E[P_sel(9)] = 0.0003038605
E[P_sel(10)] = 0.0002775174
E[P_sel(11)] = 0.0002452524
E[P_sel(12)] = 0.0002388340
E[P_sel(13)] = 0.0002217595
E[P_sel(14)] = 0.0002096999
E[P_sel(15)] = 0.0002094979
E[P_sel(16)] = 0.0002069617
E[P_sel(17)] = 0.0002185888
E[P_sel(18)] = 0.0002301308
E[P_sel(19)] = 0.0002627244

---- Expected D_neut and D_sel (neutral and selected divergence per site) 
E[D_neut] = 0.0198393349
E[D_sel] = 0.0125090332

---- Expected neutral and selected misattributed polymorphism per site
E[mis_neut] = 0.0005459798
E[mis_sel] = 0.0003295163

---- alpha_div = 0.257973
---- alpha_dfe = 0.257794

