---- Running command
---- ./polyDFE -d Mmc/915.polyDFE.config.txt -m C -e 
---- Performing inference using model C

---- Performing inference on Mmc/915.polyDFE.config.txt
---- No mutation variability. Using Poisson likelihood.


---- Calculating initial values

-- Starting local optimization
-- Optimizing all parameters
  it        eps_an        lambda     theta_bar           S_d             b           p_b           S_b           r 2           r 3           r 4           r 5           r 6           r 7           r 8           r 9          r 10          r 11          r 12          r 13          r 14          r 15          r 16          r 17          r 18          r 19          r 20           ln lk          grad status 
   0           0.1 0.01927414297 0.01137603744        -20000         0.208           0.1            20 0.87234832631 0.73612781987 0.64087415898 0.58110959159 0.55248631678 0.53952838977 0.53923037999 0.52723042597 0.55390195047 0.55255417254 0.58757347359 0.62168461099 0.66334707242 0.74265994899 0.87032381761 1.11797446266 1.58045136312             1             1 -1113767.339891 23130.2660752   -2 
 948 0.00079667040 0.01929736969 0.01016054075 -77.284669067 0.12479257313 0.02501833050 6.32912063259 0.86375516094 0.72037984206 0.61846635960 0.55532649422 0.52401123754 0.50833011987 0.49605973917 0.48088474150 0.49618588484 0.48447391384 0.50907635016 0.51676969915 0.52184246192 0.55620276517 0.59170688524 0.65019340506 0.71137513517 0.81107921818 1.07907513271 -269.0508797483 0.04529036320   -8 
-- Local optimization: reached maximum number of likelihood evaluations allowed.
---- Best joint likelihood found -269.050879748319858 with gradient 0.04529

---- Results for Mmc/915.polyDFE.config.txt 
--  Model: C
--        eps_an        lambda     theta_bar             a 
-- 0.00079667040 0.01929736969 0.01016054075            -1 
--           S_d             b           p_b           S_b 
-- -77.284669067 0.12479257313 0.02501833050 6.32912063259 
--           r 2           r 3           r 4           r 5           r 6           r 7           r 8           r 9          r 10          r 11          r 12          r 13          r 14          r 15          r 16          r 17          r 18          r 19          r 20 
-- 0.86375516094 0.72037984206 0.61846635960 0.55532649422 0.52401123754 0.50833011987 0.49605973917 0.48088474150 0.49618588484 0.48447391384 0.50907635016 0.51676969915 0.52184246192 0.55620276517 0.59170688524 0.65019340506 0.71137513517 0.81107921818 1.07907513271 

---- Expected P_neut(i), 0 < i < n (neutral SFS per site) 
E[P_neut(1)] = 0.0101527917
E[P_neut(2)] = 0.0043849338
E[P_neut(3)] = 0.0024381821
E[P_neut(4)] = 0.0015700360
E[P_neut(5)] = 0.0011278846
E[P_neut(6)] = 0.0008869677
E[P_neut(7)] = 0.0007375781
E[P_neut(8)] = 0.0006298709
E[P_neut(9)] = 0.0005428183
E[P_neut(10)] = 0.0005041517
E[P_neut(11)] = 0.0004475775
E[P_neut(12)] = 0.0004311994
E[P_neut(13)] = 0.0004041629
E[P_neut(14)] = 0.0003791339
E[P_neut(15)] = 0.0003773536
E[P_neut(16)] = 0.0003767061
E[P_neut(17)] = 0.0003902410
E[P_neut(18)] = 0.0004047291
E[P_neut(19)] = 0.0004414861

---- Expected P_sel(i), 0 < i < n (selected SFS per site) 
E[P_sel(1)] = 0.0072431449
E[P_sel(2)] = 0.0028224444
E[P_sel(3)] = 0.0014909204
E[P_sel(4)] = 0.0009294869
E[P_sel(5)] = 0.0006526653
E[P_sel(6)] = 0.0005045915
E[P_sel(7)] = 0.0004141572
E[P_sel(8)] = 0.0003501231
E[P_sel(9)] = 0.0002994160
E[P_sel(10)] = 0.0002765201
E[P_sel(11)] = 0.0002445749
E[P_sel(12)] = 0.0002351875
E[P_sel(13)] = 0.0002204624
E[P_sel(14)] = 0.0002072767
E[P_sel(15)] = 0.0002072889
E[P_sel(16)] = 0.0002085638
E[P_sel(17)] = 0.0002186296
E[P_sel(18)] = 0.0002307332
E[P_sel(19)] = 0.0002586286

---- Expected D_neut and D_sel (neutral and selected divergence per site) 
E[D_neut] = 0.0198455690
E[D_sel] = 0.0125368737

---- Expected neutral and selected misattributed polymorphism per site
E[mis_neut] = 0.0005481993
E[mis_sel] = 0.0003305077

---- alpha_div = 0.258875
---- alpha_dfe = 0.258657

