---- Running command
---- ./polyDFE -d Mmc/916.polyDFE.config.txt -m C -e 
---- Performing inference using model C

---- Performing inference on Mmc/916.polyDFE.config.txt
---- No mutation variability. Using Poisson likelihood.


---- Calculating initial values

-- Starting local optimization
-- Optimizing all parameters
  it        eps_an        lambda     theta_bar           S_d             b           p_b           S_b           r 2           r 3           r 4           r 5           r 6           r 7           r 8           r 9          r 10          r 11          r 12          r 13          r 14          r 15          r 16          r 17          r 18          r 19          r 20           ln lk          grad status 
   0           0.1 0.01925515374 0.01135559453        -20000         0.208           0.1            20 0.87430172240 0.73078127040 0.64328233062 0.58521705254 0.55629809928 0.53866147739 0.54213698309 0.53179730608 0.56033034291 0.55796898981 0.59357613692 0.62772814682 0.66578996827 0.75302745479 0.85546993468 1.10281078219 1.59407097736             1             1 -1113264.504011 23101.1050467   -2 
 570 0.00064426996 0.01897728202 0.01014256606 -79.748342295 0.11940205289 0.01485056077 9.93358871086 0.86482759073 0.71844616940 0.61949123921 0.55735423173 0.52760370872 0.50821904490 0.49788764117 0.48533292965 0.49861269277 0.48984580426  0.5102616034 0.52050684144 0.52725787037 0.56355224486 0.58439329155 0.64834451277 0.71917678272 0.82746697372 1.67366980334 -283.3782823533 0.03588245379   -8 
-- Local optimization: reached maximum number of likelihood evaluations allowed.
---- Best joint likelihood found -283.378282353398390 with gradient 0.03588

---- Results for Mmc/916.polyDFE.config.txt 
--  Model: C
--        eps_an        lambda     theta_bar             a 
-- 0.00064426996 0.01897728202 0.01014256606            -1 
--           S_d             b           p_b           S_b 
-- -79.748342295 0.11940205289 0.01485056077 9.93358871086 
--           r 2           r 3           r 4           r 5           r 6           r 7           r 8           r 9          r 10          r 11          r 12          r 13          r 14          r 15          r 16          r 17          r 18          r 19          r 20 
-- 0.86482759073 0.71844616940 0.61949123921 0.55735423173 0.52760370872 0.50821904490 0.49788764117 0.48533292965 0.49861269277 0.48984580426  0.5102616034 0.52050684144 0.52725787037 0.56355224486 0.58439329155 0.64834451277 0.71917678272 0.82746697372 1.67366980334 

---- Expected P_neut(i), 0 < i < n (neutral SFS per site) 
E[P_neut(1)] = 0.0101363161
E[P_neut(2)] = 0.0043832209
E[P_neut(3)] = 0.0024276469
E[P_neut(4)] = 0.0015700344
E[P_neut(5)] = 0.0011301175
E[P_neut(6)] = 0.0008915474
E[P_neut(7)] = 0.0007361651
E[P_neut(8)] = 0.0006311035
E[P_neut(9)] = 0.0005468854
E[P_neut(10)] = 0.0005057212
E[P_neut(11)] = 0.0004517244
E[P_neut(12)] = 0.0004314090
E[P_neut(13)] = 0.0004063109
E[P_neut(14)] = 0.0003823105
E[P_neut(15)] = 0.0003815406
E[P_neut(16)] = 0.0003712263
E[P_neut(17)] = 0.0003881320
E[P_neut(18)] = 0.0004078033
E[P_neut(19)] = 0.0004479678

---- Expected P_sel(i), 0 < i < n (selected SFS per site) 
E[P_sel(1)] = 0.0072453974
E[P_sel(2)] = 0.0028318891
E[P_sel(3)] = 0.0014909511
E[P_sel(4)] = 0.0009335820
E[P_sel(5)] = 0.0006566464
E[P_sel(6)] = 0.0005090093
E[P_sel(7)] = 0.0004145353
E[P_sel(8)] = 0.0003514789
E[P_sel(9)] = 0.0003019043
E[P_sel(10)] = 0.0002772514
E[P_sel(11)] = 0.0002463648
E[P_sel(12)] = 0.0002344596
E[P_sel(13)] = 0.0002204326
E[P_sel(14)] = 0.0002074582
E[P_sel(15)] = 0.0002075776
E[P_sel(16)] = 0.0002031098
E[P_sel(17)] = 0.0002144624
E[P_sel(18)] = 0.0002290483
E[P_sel(19)] = 0.0002591416

---- Expected D_neut and D_sel (neutral and selected divergence per site) 
E[D_neut] = 0.0198260473
E[D_sel] = 0.0125446443

---- Expected neutral and selected misattributed polymorphism per site
E[mis_neut] = 0.0008487653
E[mis_sel] = 0.0005064437

---- alpha_div = 0.236197
---- alpha_dfe = 0.235928

