---- Running command
---- ./polyDFE -d Mmc/917.polyDFE.config.txt -m C -e 
---- Performing inference using model C

---- Performing inference on Mmc/917.polyDFE.config.txt
---- No mutation variability. Using Poisson likelihood.


---- Calculating initial values

-- Starting local optimization
-- Optimizing all parameters
  it        eps_an        lambda     theta_bar           S_d             b           p_b           S_b           r 2           r 3           r 4           r 5           r 6           r 7           r 8           r 9          r 10          r 11          r 12          r 13          r 14          r 15          r 16          r 17          r 18          r 19          r 20           ln lk          grad status 
   0           0.1 0.01927820580 0.01134470041        -20000         0.208           0.1            20 0.87550010663 0.73692657335 0.64351299428 0.59165385710 0.56119370097 0.54109337480 0.53593020639 0.53160866279 0.55089411939 0.55478380764 0.58752105259 0.63030929874 0.66780793851 0.75174932062 0.86812831889 1.10942323757 1.59758196463             1             1 -1117503.252181 23150.4958196   -2 
 926 0.00088614394 0.01930963757 0.01013650040 -67.688106218 0.13100040530 0.02963447607 5.53090377456 0.86588247856 0.72279209649 0.61953900474 0.56102949020 0.53190656616 0.51082820140 0.49231216677 0.48783268433 0.49719821293 0.48593726231 0.51031898654 0.52144947025 0.52876656052 0.55955152846 0.58622657621 0.64776226434 0.71276856354 0.81543756068 1.06357918197 -281.2431296006 0.03708867744   -3 
-- Local optimization: stuck in the same solution
---- Best joint likelihood found -281.243129600639804 with gradient 0.03709

---- Results for Mmc/917.polyDFE.config.txt 
--  Model: C
--        eps_an        lambda     theta_bar             a 
-- 0.00088614394 0.01930963757 0.01013650040            -1 
--           S_d             b           p_b           S_b 
-- -67.688106218 0.13100040530 0.02963447607 5.53090377456 
--           r 2           r 3           r 4           r 5           r 6           r 7           r 8           r 9          r 10          r 11          r 12          r 13          r 14          r 15          r 16          r 17          r 18          r 19          r 20 
-- 0.86588247856 0.72279209649 0.61953900474 0.56102949020 0.53190656616 0.51082820140 0.49231216677 0.48783268433 0.49719821293 0.48593726231 0.51031898654 0.52144947025 0.52876656052 0.55955152846 0.58622657621 0.64776226434 0.71276856354 0.81543756068 1.06357918197 

---- Expected P_neut(i), 0 < i < n (neutral SFS per site) 
E[P_neut(1)] = 0.0101279035
E[P_neut(2)] = 0.0043849759
E[P_neut(3)] = 0.0024403723
E[P_neut(4)] = 0.0015689272
E[P_neut(5)] = 0.0011367023
E[P_neut(6)] = 0.0008981548
E[P_neut(7)] = 0.0007394206
E[P_neut(8)] = 0.0006236195
E[P_neut(9)] = 0.0005493451
E[P_neut(10)] = 0.0005039850
E[P_neut(11)] = 0.0004478813
E[P_neut(12)] = 0.0004312415
E[P_neut(13)] = 0.0004068854
E[P_neut(14)] = 0.0003833029
E[P_neut(15)] = 0.0003787991
E[P_neut(16)] = 0.0003724550
E[P_neut(17)] = 0.0003880597
E[P_neut(18)] = 0.0004049209
E[P_neut(19)] = 0.0004436329

---- Expected P_sel(i), 0 < i < n (selected SFS per site) 
E[P_sel(1)] = 0.0072670898
E[P_sel(2)] = 0.0028316783
E[P_sel(3)] = 0.0014946783
E[P_sel(4)] = 0.0009294094
E[P_sel(5)] = 0.0006577713
E[P_sel(6)] = 0.0005107698
E[P_sel(7)] = 0.0004149622
E[P_sel(8)] = 0.0003464402
E[P_sel(9)] = 0.0003028561
E[P_sel(10)] = 0.0002763318
E[P_sel(11)] = 0.0002447220
E[P_sel(12)] = 0.0002352773
E[P_sel(13)] = 0.0002221086
E[P_sel(14)] = 0.0002098151
E[P_sel(15)] = 0.0002084562
E[P_sel(16)] = 0.0002066971
E[P_sel(17)] = 0.0002180294
E[P_sel(18)] = 0.0002315726
E[P_sel(19)] = 0.0002606701

---- Expected D_neut and D_sel (neutral and selected divergence per site) 
E[D_neut] = 0.0198486861
E[D_sel] = 0.0125217656

---- Expected neutral and selected misattributed polymorphism per site
E[mis_neut] = 0.0005390485
E[mis_sel] = 0.0003255271

---- alpha_div = 0.270763
---- alpha_dfe = 0.270500

