---- Running command
---- ./polyDFE -d Mmc/918.polyDFE.config.txt -m C -e 
---- Performing inference using model C

---- Performing inference on Mmc/918.polyDFE.config.txt
---- No mutation variability. Using Poisson likelihood.


---- Calculating initial values

-- Starting local optimization
-- Optimizing all parameters
  it        eps_an        lambda     theta_bar           S_d             b           p_b           S_b           r 2           r 3           r 4           r 5           r 6           r 7           r 8           r 9          r 10          r 11          r 12          r 13          r 14          r 15          r 16          r 17          r 18          r 19          r 20           ln lk          grad status 
   0           0.1 0.01926489922 0.01137914147        -20000         0.208           0.1            20 0.86937821659 0.73142865293 0.64143584999 0.57885105940 0.55676789542 0.53688466837 0.54236041505 0.53574809724 0.53727831137 0.55441627521 0.59315457556 0.61466001811 0.66338951907 0.74534018485 0.86142788580 1.10419250451 1.57103413288             1             1 -1115989.547048 23142.8388539   -2 
1673 0.00029687310 0.01928694822 0.01015692804 -75.862255375 0.12545170556 0.02787386151 5.68208409874 0.86098139567 0.71774963827 0.61856369994 0.55270248216 0.52758637770 0.50699496626 0.49907924464 0.48969451830 0.48662522326 0.48060537711 0.51107216023 0.51241028057 0.52265532424 0.55129460526 0.58884473776 0.64268470478 0.71400104084 0.82489191705 1.07996621691 -279.6423917131 0.01695539838   -3 
-- Local optimization: stuck in the same solution
---- Best joint likelihood found -279.642391713161487 with gradient 0.01696

---- Results for Mmc/918.polyDFE.config.txt 
--  Model: C
--        eps_an        lambda     theta_bar             a 
-- 0.00029687310 0.01928694822 0.01015692804            -1 
--           S_d             b           p_b           S_b 
-- -75.862255375 0.12545170556 0.02787386151 5.68208409874 
--           r 2           r 3           r 4           r 5           r 6           r 7           r 8           r 9          r 10          r 11          r 12          r 13          r 14          r 15          r 16          r 17          r 18          r 19          r 20 
-- 0.86098139567 0.71774963827 0.61856369994 0.55270248216 0.52758637770 0.50699496626 0.49907924464 0.48969451830 0.48662522326 0.48060537711 0.51107216023 0.51241028057 0.52265532424 0.55129460526 0.58884473776 0.64268470478 0.71400104084 0.82489191705 1.07996621691 

---- Expected P_neut(i), 0 < i < n (neutral SFS per site) 
E[P_neut(1)] = 0.0101540436
E[P_neut(2)] = 0.0043712846
E[P_neut(3)] = 0.0024294364
E[P_neut(4)] = 0.0015703214
E[P_neut(5)] = 0.0011225294
E[P_neut(6)] = 0.0008929569
E[P_neut(7)] = 0.0007355449
E[P_neut(8)] = 0.0006335793
E[P_neut(9)] = 0.0005526112
E[P_neut(10)] = 0.0004942617
E[P_neut(11)] = 0.0004438027
E[P_neut(12)] = 0.0004326366
E[P_neut(13)] = 0.0004004468
E[P_neut(14)] = 0.0003793363
E[P_neut(15)] = 0.0003735198
E[P_neut(16)] = 0.0003741587
E[P_neut(17)] = 0.0003845899
E[P_neut(18)] = 0.0004040705
E[P_neut(19)] = 0.0004438511

---- Expected P_sel(i), 0 < i < n (selected SFS per site) 
E[P_sel(1)] = 0.0072593366
E[P_sel(2)] = 0.0028203386
E[P_sel(3)] = 0.0014893631
E[P_sel(4)] = 0.0009322040
E[P_sel(5)] = 0.0006514811
E[P_sel(6)] = 0.0005096098
E[P_sel(7)] = 0.0004144251
E[P_sel(8)] = 0.0003534773
E[P_sel(9)] = 0.0003060203
E[P_sel(10)] = 0.0002722435
E[P_sel(11)] = 0.0002436123
E[P_sel(12)] = 0.0002371146
E[P_sel(13)] = 0.0002195601
E[P_sel(14)] = 0.0002085138
E[P_sel(15)] = 0.0002063444
E[P_sel(16)] = 0.0002083483
E[P_sel(17)] = 0.0002166743
E[P_sel(18)] = 0.0002314729
E[P_sel(19)] = 0.0002604879

---- Expected D_neut and D_sel (neutral and selected divergence per site) 
E[D_neut] = 0.0198354052
E[D_sel] = 0.0125193491

---- Expected neutral and selected misattributed polymorphism per site
E[mis_neut] = 0.0005484570
E[mis_sel] = 0.0003315882

---- alpha_div = 0.260886
---- alpha_dfe = 0.260758

