---- Running command
---- ./polyDFE -d Mmc/919.polyDFE.config.txt -m C -e 
---- Performing inference using model C

---- Performing inference on Mmc/919.polyDFE.config.txt
---- No mutation variability. Using Poisson likelihood.


---- Calculating initial values

-- Starting local optimization
-- Optimizing all parameters
  it        eps_an        lambda     theta_bar           S_d             b           p_b           S_b           r 2           r 3           r 4           r 5           r 6           r 7           r 8           r 9          r 10          r 11          r 12          r 13          r 14          r 15          r 16          r 17          r 18          r 19          r 20           ln lk          grad status 
   0           0.1 0.01925584661 0.01132777435        -20000         0.208           0.1            20 0.87473989966 0.72990159475 0.64225463372 0.58482457565 0.55612850894 0.54419011012 0.54391659653 0.53166900380 0.54780865362 0.55565452624 0.59659994807 0.62465866927 0.65303467470 0.75631815639 0.87128910214 1.10657568587 1.58690233293             1             1 -1115858.510568 23111.9783252   -2 
1093 0.00056188908 0.01925771054 0.01011568777 -69.969807494 0.12696356373 0.02571272875 6.12133863626 0.86577591678 0.71613683222 0.61941868535 0.55641914223 0.52837660013 0.51057258387 0.50006690657 0.48671643081 0.49745598787 0.48295877317 0.51452981786 0.51531346026 0.51853328334 0.56395112762 0.59696873846 0.64536324776 0.71670964868 0.82728162707 1.12135340796 -279.3001460695 0.01879565669   -3 
-- Local optimization: stuck in the same solution
---- Best joint likelihood found -279.300146069523180 with gradient 0.01880

---- Results for Mmc/919.polyDFE.config.txt 
--  Model: C
--        eps_an        lambda     theta_bar             a 
-- 0.00056188908 0.01925771054 0.01011568777            -1 
--           S_d             b           p_b           S_b 
-- -69.969807494 0.12696356373 0.02571272875 6.12133863626 
--           r 2           r 3           r 4           r 5           r 6           r 7           r 8           r 9          r 10          r 11          r 12          r 13          r 14          r 15          r 16          r 17          r 18          r 19          r 20 
-- 0.86577591678 0.71613683222 0.61941868535 0.55641914223 0.52837660013 0.51057258387 0.50006690657 0.48671643081 0.49745598787 0.48295877317 0.51452981786 0.51531346026 0.51853328334 0.56395112762 0.59696873846 0.64536324776 0.71670964868 0.82728162707 1.12135340796 

---- Expected P_neut(i), 0 < i < n (neutral SFS per site) 
E[P_neut(1)] = 0.0101102514
E[P_neut(2)] = 0.0043767253
E[P_neut(3)] = 0.0024135978
E[P_neut(4)] = 0.0015657934
E[P_neut(5)] = 0.0011252936
E[P_neut(6)] = 0.0008905254
E[P_neut(7)] = 0.0007376383
E[P_neut(8)] = 0.0006322035
E[P_neut(9)] = 0.0005469946
E[P_neut(10)] = 0.0005032109
E[P_neut(11)] = 0.0004441906
E[P_neut(12)] = 0.0004338468
E[P_neut(13)] = 0.0004011700
E[P_neut(14)] = 0.0003749558
E[P_neut(15)] = 0.0003807357
E[P_neut(16)] = 0.0003780899
E[P_neut(17)] = 0.0003851583
E[P_neut(18)] = 0.0004050126
E[P_neut(19)] = 0.0004458850

---- Expected P_sel(i), 0 < i < n (selected SFS per site) 
E[P_sel(1)] = 0.0072645377
E[P_sel(2)] = 0.0028356443
E[P_sel(3)] = 0.0014846017
E[P_sel(4)] = 0.0009320113
E[P_sel(5)] = 0.0006544764
E[P_sel(6)] = 0.0005090546
E[P_sel(7)] = 0.0004160966
E[P_sel(8)] = 0.0003529752
E[P_sel(9)] = 0.0003030114
E[P_sel(10)] = 0.0002771520
E[P_sel(11)] = 0.0002437077
E[P_sel(12)] = 0.0002375674
E[P_sel(13)] = 0.0002196748
E[P_sel(14)] = 0.0002057632
E[P_sel(15)] = 0.0002099071
E[P_sel(16)] = 0.0002100547
E[P_sel(17)] = 0.0002164701
E[P_sel(18)] = 0.0002315086
E[P_sel(19)] = 0.0002615086

---- Expected D_neut and D_sel (neutral and selected divergence per site) 
E[D_neut] = 0.0198248736
E[D_sel] = 0.0125229087

---- Expected neutral and selected misattributed polymorphism per site
E[mis_neut] = 0.0005671630
E[mis_sel] = 0.0003424606

---- alpha_div = 0.257860
---- alpha_dfe = 0.257641

