---- Running command
---- ./polyDFE -d Mmc/92.polyDFE.config.txt -m C -e 
---- Performing inference using model C

---- Performing inference on Mmc/92.polyDFE.config.txt
---- No mutation variability. Using Poisson likelihood.


---- Calculating initial values

-- Starting local optimization
-- Optimizing all parameters
  it        eps_an        lambda     theta_bar           S_d             b           p_b           S_b           r 2           r 3           r 4           r 5           r 6           r 7           r 8           r 9          r 10          r 11          r 12          r 13          r 14          r 15          r 16          r 17          r 18          r 19          r 20           ln lk          grad status 
   0           0.1 0.01934248443 0.01137120445        -20000         0.208           0.1            20 0.87094177084 0.73344714379 0.64386674438 0.58521671594 0.55793177229 0.53581708310 0.53999131325 0.53234852308 0.55429892207 0.55632789874 0.59458338078 0.62354722941 0.66080898660 0.75006836279 0.87083646403 1.11347811903 1.58768635446             1             1 -1120744.574093 23270.5341509   -2 
 521 0.00093629389 0.01952852966 0.01015118093 -75.186873025 0.12517438055 0.02287614517 6.72817690746 0.86486739482 0.72073924767 0.61988539680 0.55597464801 0.52872959756 0.50533079889 0.49962976773 0.48781178538 0.49654830922 0.48414522091 0.51303153535 0.51426902422 0.52180878149 0.55994982635 0.59834453328 0.65293386929 0.71522739877 0.82778941310 0.75890768562 -286.8674310249 0.04732420135   -3 
-- Local optimization: stuck in the same solution
---- Best joint likelihood found -286.867431024948019 with gradient 0.04732

---- Results for Mmc/92.polyDFE.config.txt 
--  Model: C
--        eps_an        lambda     theta_bar             a 
-- 0.00093629389 0.01952852966 0.01015118093            -1 
--           S_d             b           p_b           S_b 
-- -75.186873025 0.12517438055 0.02287614517 6.72817690746 
--           r 2           r 3           r 4           r 5           r 6           r 7           r 8           r 9          r 10          r 11          r 12          r 13          r 14          r 15          r 16          r 17          r 18          r 19          r 20 
-- 0.86486739482 0.72073924767 0.61988539680 0.55597464801 0.52872959756 0.50533079889 0.49962976773 0.48781178538 0.49654830922 0.48414522091 0.51303153535 0.51426902422 0.52180878149 0.55994982635 0.59834453328 0.65293386929 0.71522739877 0.82778941310 0.75890768562 

---- Expected P_neut(i), 0 < i < n (neutral SFS per site) 
E[P_neut(1)] = 0.0101420905
E[P_neut(2)] = 0.0043859803
E[P_neut(3)] = 0.0024368665
E[P_neut(4)] = 0.0015720247
E[P_neut(5)] = 0.0011280578
E[P_neut(6)] = 0.0008940550
E[P_neut(7)] = 0.0007325048
E[P_neut(8)] = 0.0006337918
E[P_neut(9)] = 0.0005501105
E[P_neut(10)] = 0.0005040552
E[P_neut(11)] = 0.0004468828
E[P_neut(12)] = 0.0004341769
E[P_neut(13)] = 0.0004018823
E[P_neut(14)] = 0.0003788387
E[P_neut(15)] = 0.0003796455
E[P_neut(16)] = 0.0003807365
E[P_neut(17)] = 0.0003918037
E[P_neut(18)] = 0.0004070881
E[P_neut(19)] = 0.0004513557

---- Expected P_sel(i), 0 < i < n (selected SFS per site) 
E[P_sel(1)] = 0.0072446913
E[P_sel(2)] = 0.0028252214
E[P_sel(3)] = 0.0014905400
E[P_sel(4)] = 0.0009305639
E[P_sel(5)] = 0.0006524615
E[P_sel(6)] = 0.0005082120
E[P_sel(7)] = 0.0004108353
E[P_sel(8)] = 0.0003517751
E[P_sel(9)] = 0.0003028749
E[P_sel(10)] = 0.0002758495
E[P_sel(11)] = 0.0002435525
E[P_sel(12)] = 0.0002360877
E[P_sel(13)] = 0.0002184493
E[P_sel(14)] = 0.0002062897
E[P_sel(15)] = 0.0002076116
E[P_sel(16)] = 0.0002097419
E[P_sel(17)] = 0.0002183059
E[P_sel(18)] = 0.0002307434
E[P_sel(19)] = 0.0002629988

---- Expected D_neut and D_sel (neutral and selected divergence per site) 
E[D_neut] = 0.0199137201
E[D_sel] = 0.0125180727

---- Expected neutral and selected misattributed polymorphism per site
E[mis_neut] = 0.0003851905
E[mis_sel] = 0.0002307820

---- alpha_div = 0.252125
---- alpha_dfe = 0.251904

