---- Running command
---- ./polyDFE -d Mmc/920.polyDFE.config.txt -m C -e 
---- Performing inference using model C

---- Performing inference on Mmc/920.polyDFE.config.txt
---- No mutation variability. Using Poisson likelihood.


---- Calculating initial values

-- Starting local optimization
-- Optimizing all parameters
  it        eps_an        lambda     theta_bar           S_d             b           p_b           S_b           r 2           r 3           r 4           r 5           r 6           r 7           r 8           r 9          r 10          r 11          r 12          r 13          r 14          r 15          r 16          r 17          r 18          r 19          r 20           ln lk          grad status 
   0           0.1 0.01926379632 0.01138085441        -20000         0.208           0.1            20 0.86905091692 0.73134712002 0.64610369621 0.58130566062 0.55597831572 0.53604259912 0.53612761557 0.52789025762 0.55381707080 0.56016658259 0.58756020480 0.62309797528 0.66515808840 0.76125980199 0.87236210342 1.10674472783 1.56838084614             1             1 -1114144.147968 23131.7932799   -2 
 514 0.00395823996 0.01931842080 0.01019263981 -86.534323938 0.11677352547 0.01631428232 8.85156530952 0.86248212345 0.71770325022 0.62065911776 0.55277644090 0.52495261292 0.50364744986 0.49592173933 0.48346214289 0.49352033185 0.48985099946 0.50561748426 0.50643063278 0.52140815756 0.56526561772 0.58797215170 0.63952753787 0.68003554380 0.76437365694 1.01328571658 -288.8708008771 0.13834901524   -3 
-- Local optimization: stuck in the same solution
---- Best joint likelihood found -288.870800877193687 with gradient 0.13835

---- Results for Mmc/920.polyDFE.config.txt 
--  Model: C
--        eps_an        lambda     theta_bar             a 
-- 0.00395823996 0.01931842080 0.01019263981            -1 
--           S_d             b           p_b           S_b 
-- -86.534323938 0.11677352547 0.01631428232 8.85156530952 
--           r 2           r 3           r 4           r 5           r 6           r 7           r 8           r 9          r 10          r 11          r 12          r 13          r 14          r 15          r 16          r 17          r 18          r 19          r 20 
-- 0.86248212345 0.71770325022 0.62065911776 0.55277644090 0.52495261292 0.50364744986 0.49592173933 0.48346214289 0.49352033185 0.48985099946 0.50561748426 0.50643063278 0.52140815756 0.56526561772 0.58797215170 0.63952753787 0.68003554380 0.76437365694 1.01328571658 

---- Expected P_neut(i), 0 < i < n (neutral SFS per site) 
E[P_neut(1)] = 0.0101539180
E[P_neut(2)] = 0.0043796107
E[P_neut(3)] = 0.0024302961
E[P_neut(4)] = 0.0015767612
E[P_neut(5)] = 0.0011239103
E[P_neut(6)] = 0.0008897482
E[P_neut(7)] = 0.0007320256
E[P_neut(8)] = 0.0006310429
E[P_neut(9)] = 0.0005471578
E[P_neut(10)] = 0.0005030275
E[P_neut(11)] = 0.0004542683
E[P_neut(12)] = 0.0004302658
E[P_neut(13)] = 0.0003983977
E[P_neut(14)] = 0.0003816362
E[P_neut(15)] = 0.0003870432
E[P_neut(16)] = 0.0003793393
E[P_neut(17)] = 0.0003915738
E[P_neut(18)] = 0.0004009496
E[P_neut(19)] = 0.0004487737

---- Expected P_sel(i), 0 < i < n (selected SFS per site) 
E[P_sel(1)] = 0.0072381764
E[P_sel(2)] = 0.0028268339
E[P_sel(3)] = 0.0014929827
E[P_sel(4)] = 0.0009386721
E[P_sel(5)] = 0.0006542605
E[P_sel(6)] = 0.0005092400
E[P_sel(7)] = 0.0004134477
E[P_sel(8)] = 0.0003526814
E[P_sel(9)] = 0.0003032625
E[P_sel(10)] = 0.0002770079
E[P_sel(11)] = 0.0002489779
E[P_sel(12)] = 0.0002351088
E[P_sel(13)] = 0.0002174247
E[P_sel(14)] = 0.0002084375
E[P_sel(15)] = 0.0002120617
E[P_sel(16)] = 0.0002091777
E[P_sel(17)] = 0.0002183039
E[P_sel(18)] = 0.0002278178
E[P_sel(19)] = 0.0002652780

---- Expected D_neut and D_sel (neutral and selected divergence per site) 
E[D_neut] = 0.0198348236
E[D_sel] = 0.0125315736

---- Expected neutral and selected misattributed polymorphism per site
E[mis_neut] = 0.0005164028
E[mis_sel] = 0.0003090863

---- alpha_div = 0.232521
---- alpha_dfe = 0.232350

