---- Running command
---- ./polyDFE -d Mmc/921.polyDFE.config.txt -m C -e 
---- Performing inference using model C

---- Performing inference on Mmc/921.polyDFE.config.txt
---- No mutation variability. Using Poisson likelihood.


---- Calculating initial values

-- Starting local optimization
-- Optimizing all parameters
  it        eps_an        lambda     theta_bar           S_d             b           p_b           S_b           r 2           r 3           r 4           r 5           r 6           r 7           r 8           r 9          r 10          r 11          r 12          r 13          r 14          r 15          r 16          r 17          r 18          r 19          r 20           ln lk          grad status 
   0           0.1 0.01929295223 0.01132753441        -20000         0.208           0.1            20 0.87238160093 0.73569544431 0.64595920379 0.58232015413 0.56022774739 0.53649706558 0.54086797097 0.53741207289 0.55612809306 0.55884410385 0.59001286996 0.62030680811 0.66660876474 0.75977492010 0.87087568781 1.11701401744 1.58282280406             1             1 -1118154.450750 23193.4236107   -2 
 711 0.00310278659 0.01930409890 0.01014113215 -74.188624024 0.12377174302 0.02061271461 7.37526369340 0.86317160137 0.72082452545 0.62232157309 0.55556171127 0.52862240851 0.50577801246 0.49952503278 0.48894794052 0.49779624782 0.48640134635 0.50950506600 0.51183826964 0.52025113411 0.56300761135 0.58711761107 0.64449255414 0.69326927261 0.77898625690 1.09594330378 -265.1034600382 0.06212782674   -8 
-- Local optimization: reached maximum number of likelihood evaluations allowed.
---- Best joint likelihood found -265.103460038269986 with gradient 0.06213

---- Results for Mmc/921.polyDFE.config.txt 
--  Model: C
--        eps_an        lambda     theta_bar             a 
-- 0.00310278659 0.01930409890 0.01014113215            -1 
--           S_d             b           p_b           S_b 
-- -74.188624024 0.12377174302 0.02061271461 7.37526369340 
--           r 2           r 3           r 4           r 5           r 6           r 7           r 8           r 9          r 10          r 11          r 12          r 13          r 14          r 15          r 16          r 17          r 18          r 19          r 20 
-- 0.86317160137 0.72082452545 0.62232157309 0.55556171127 0.52862240851 0.50577801246 0.49952503278 0.48894794052 0.49779624782 0.48640134635 0.50950506600 0.51183826964 0.52025113411 0.56300761135 0.58711761107 0.64449255414 0.69326927261 0.77898625690 1.09594330378 

---- Expected P_neut(i), 0 < i < n (neutral SFS per site) 
E[P_neut(1)] = 0.0101109565
E[P_neut(2)] = 0.0043644004
E[P_neut(3)] = 0.0024302914
E[P_neut(4)] = 0.0015740205
E[P_neut(5)] = 0.0011244897
E[P_neut(6)] = 0.0008918687
E[P_neut(7)] = 0.0007317027
E[P_neut(8)] = 0.0006325899
E[P_neut(9)] = 0.0005506248
E[P_neut(10)] = 0.0005048218
E[P_neut(11)] = 0.0004487418
E[P_neut(12)] = 0.0004312086
E[P_neut(13)] = 0.0004003131
E[P_neut(14)] = 0.0003784555
E[P_neut(15)] = 0.0003829508
E[P_neut(16)] = 0.0003758682
E[P_neut(17)] = 0.0003908313
E[P_neut(18)] = 0.0004029536
E[P_neut(19)] = 0.0004459548

---- Expected P_sel(i), 0 < i < n (selected SFS per site) 
E[P_sel(1)] = 0.0072432198
E[P_sel(2)] = 0.0028214556
E[P_sel(3)] = 0.0014922398
E[P_sel(4)] = 0.0009353965
E[P_sel(5)] = 0.0006529298
E[P_sel(6)] = 0.0005089010
E[P_sel(7)] = 0.0004118952
E[P_sel(8)] = 0.0003523397
E[P_sel(9)] = 0.0003041594
E[P_sel(10)] = 0.0002771160
E[P_sel(11)] = 0.0002452503
E[P_sel(12)] = 0.0002350615
E[P_sel(13)] = 0.0002180752
E[P_sel(14)] = 0.0002064732
E[P_sel(15)] = 0.0002097605
E[P_sel(16)] = 0.0002073807
E[P_sel(17)] = 0.0002181708
E[P_sel(18)] = 0.0002292435
E[P_sel(19)] = 0.0002630053

---- Expected D_neut and D_sel (neutral and selected divergence per site) 
E[D_neut] = 0.0198598042
E[D_sel] = 0.0125268321

---- Expected neutral and selected misattributed polymorphism per site
E[mis_neut] = 0.0005557053
E[mis_sel] = 0.0003333956

---- alpha_div = 0.246779
---- alpha_dfe = 0.246739

