---- Running command
---- ./polyDFE -d Mmc/922.polyDFE.config.txt -m C -e 
---- Performing inference using model C

---- Performing inference on Mmc/922.polyDFE.config.txt
---- No mutation variability. Using Poisson likelihood.


---- Calculating initial values

-- Starting local optimization
-- Optimizing all parameters
  it        eps_an        lambda     theta_bar           S_d             b           p_b           S_b           r 2           r 3           r 4           r 5           r 6           r 7           r 8           r 9          r 10          r 11          r 12          r 13          r 14          r 15          r 16          r 17          r 18          r 19          r 20           ln lk          grad status 
   0           0.1 0.01930367789 0.01133222531        -20000         0.208           0.1            20 0.87633205983 0.73039772398 0.63939571997 0.58517002377 0.55708866839 0.53691159794 0.53998080676 0.52887466366 0.55470962855 0.55450802818 0.59748397009 0.62943728691 0.66379319943 0.75334597577 0.85953495331 1.10538108779 1.57779043599             1             1 -1120421.188727 23225.6074645   -2 
 850 0.00035219840 0.01927757269 0.01012235491 -80.648834360 0.12073259670 0.02245644143 6.61792901317 0.86537515701 0.71684063429 0.61755686296 0.55709012311 0.52926387143 0.50469043520 0.49565549204 0.48269150193 0.49623803308 0.48542811754 0.51543565508 0.52154083981 0.52523676754 0.56724365667 0.58906591243 0.65110678438 0.70285340895 0.82436286995 1.17876115824 -277.0606764328 0.02732167077   -3 
-- Local optimization: stuck in the same solution
---- Best joint likelihood found -277.060676432825858 with gradient 0.02732

---- Results for Mmc/922.polyDFE.config.txt 
--  Model: C
--        eps_an        lambda     theta_bar             a 
-- 0.00035219840 0.01927757269 0.01012235491            -1 
--           S_d             b           p_b           S_b 
-- -80.648834360 0.12073259670 0.02245644143 6.61792901317 
--           r 2           r 3           r 4           r 5           r 6           r 7           r 8           r 9          r 10          r 11          r 12          r 13          r 14          r 15          r 16          r 17          r 18          r 19          r 20 
-- 0.86537515701 0.71684063429 0.61755686296 0.55709012311 0.52926387143 0.50469043520 0.49565549204 0.48269150193 0.49623803308 0.48542811754 0.51543565508 0.52154083981 0.52523676754 0.56724365667 0.58906591243 0.65110678438 0.70285340895 0.82436286995 1.17876115824 

---- Expected P_neut(i), 0 < i < n (neutral SFS per site) 
E[P_neut(1)] = 0.0101189445
E[P_neut(2)] = 0.0043784139
E[P_neut(3)] = 0.0024179898
E[P_neut(4)] = 0.0015623633
E[P_neut(5)] = 0.0011275504
E[P_neut(6)] = 0.0008927187
E[P_neut(7)] = 0.0007296939
E[P_neut(8)] = 0.0006270823
E[P_neut(9)] = 0.0005428522
E[P_neut(10)] = 0.0005023097
E[P_neut(11)] = 0.0004467317
E[P_neut(12)] = 0.0004348530
E[P_neut(13)] = 0.0004062080
E[P_neut(14)] = 0.0003799402
E[P_neut(15)] = 0.0003830518
E[P_neut(16)] = 0.0003730900
E[P_neut(17)] = 0.0003884056
E[P_neut(18)] = 0.0003966551
E[P_neut(19)] = 0.0004425943

---- Expected P_sel(i), 0 < i < n (selected SFS per site) 
E[P_sel(1)] = 0.0072316683
E[P_sel(2)] = 0.0028296037
E[P_sel(3)] = 0.0014863445
E[P_sel(4)] = 0.0009304675
E[P_sel(5)] = 0.0006566498
E[P_sel(6)] = 0.0005112413
E[P_sel(7)] = 0.0004125018
E[P_sel(8)] = 0.0003509318
E[P_sel(9)] = 0.0003014323
E[P_sel(10)] = 0.0002772956
E[P_sel(11)] = 0.0002456259
E[P_sel(12)] = 0.0002385600
E[P_sel(13)] = 0.0002227583
E[P_sel(14)] = 0.0002086968
E[P_sel(15)] = 0.0002112522
E[P_sel(16)] = 0.0002071880
E[P_sel(17)] = 0.0002180076
E[P_sel(18)] = 0.0002261990
E[P_sel(19)] = 0.0002585904

---- Expected D_neut and D_sel (neutral and selected divergence per site) 
E[D_neut] = 0.0198741646
E[D_sel] = 0.0125099744

---- Expected neutral and selected misattributed polymorphism per site
E[mis_neut] = 0.0005965919
E[mis_sel] = 0.0003589545

---- alpha_div = 0.243338
---- alpha_dfe = 0.243012

