---- Running command
---- ./polyDFE -d Mmc/923.polyDFE.config.txt -m C -e 
---- Performing inference using model C

---- Performing inference on Mmc/923.polyDFE.config.txt
---- No mutation variability. Using Poisson likelihood.


---- Calculating initial values

-- Starting local optimization
-- Optimizing all parameters
  it        eps_an        lambda     theta_bar           S_d             b           p_b           S_b           r 2           r 3           r 4           r 5           r 6           r 7           r 8           r 9          r 10          r 11          r 12          r 13          r 14          r 15          r 16          r 17          r 18          r 19          r 20           ln lk          grad status 
   0           0.1 0.01928786414 0.01134584430        -20000         0.208           0.1            20 0.87109893608 0.73480229576 0.64284152709 0.58443057413 0.56239769615 0.54052682071 0.54010766094 0.52853267259 0.55231626405 0.55285242048 0.59604379850 0.61922355034 0.67001071299 0.75382428793 0.86477690858 1.10725012179 1.58179667195             1             1 -1116556.645959 23179.6304990   -2 
 553 0.00187725556 0.01934363304 0.01014684022 -85.197566627 0.11707967504 0.01541157309 9.29381245514 0.86301849340 0.71987213412 0.61809321932 0.55371306204 0.53097174839 0.50777319916 0.49588889406 0.48571569388 0.49452800369 0.48750858464 0.51408117147 0.51269397672 0.52986331794 0.55841854199 0.58777331912 0.64638603408 0.70262838500 0.79992666637 1.01217728998 -288.7972571144 0.16736043558   -3 
-- Local optimization: stuck in the same solution
---- Best joint likelihood found -288.797257114434615 with gradient 0.16736

---- Results for Mmc/923.polyDFE.config.txt 
--  Model: C
--        eps_an        lambda     theta_bar             a 
-- 0.00187725556 0.01934363304 0.01014684022            -1 
--           S_d             b           p_b           S_b 
-- -85.197566627 0.11707967504 0.01541157309 9.29381245514 
--           r 2           r 3           r 4           r 5           r 6           r 7           r 8           r 9          r 10          r 11          r 12          r 13          r 14          r 15          r 16          r 17          r 18          r 19          r 20 
-- 0.86301849340 0.71987213412 0.61809321932 0.55371306204 0.53097174839 0.50777319916 0.49588889406 0.48571569388 0.49452800369 0.48750858464 0.51408117147 0.51269397672 0.52986331794 0.55841854199 0.58777331912 0.64638603408 0.70262838500 0.79992666637 1.01217728998 

---- Expected P_neut(i), 0 < i < n (neutral SFS per site) 
E[P_neut(1)] = 0.0101285940
E[P_neut(2)] = 0.0043709794
E[P_neut(3)] = 0.0024309627
E[P_neut(4)] = 0.0015656796
E[P_neut(5)] = 0.0011222873
E[P_neut(6)] = 0.0008969828
E[P_neut(7)] = 0.0007354114
E[P_neut(8)] = 0.0006285985
E[P_neut(9)] = 0.0005474250
E[P_neut(10)] = 0.0005017897
E[P_neut(11)] = 0.0004498812
E[P_neut(12)] = 0.0004350563
E[P_neut(13)] = 0.0004008016
E[P_neut(14)] = 0.0003849961
E[P_neut(15)] = 0.0003791459
E[P_neut(16)] = 0.0003749963
E[P_neut(17)] = 0.0003896568
E[P_neut(18)] = 0.0004035569
E[P_neut(19)] = 0.0004454425

---- Expected P_sel(i), 0 < i < n (selected SFS per site) 
E[P_sel(1)] = 0.0072244314
E[P_sel(2)] = 0.0028220476
E[P_sel(3)] = 0.0014934369
E[P_sel(4)] = 0.0009319144
E[P_sel(5)] = 0.0006530859
E[P_sel(6)] = 0.0005131094
E[P_sel(7)] = 0.0004150680
E[P_sel(8)] = 0.0003510050
E[P_sel(9)] = 0.0003030848
E[P_sel(10)] = 0.0002759721
E[P_sel(11)] = 0.0002462011
E[P_sel(12)] = 0.0002373064
E[P_sel(13)] = 0.0002182857
E[P_sel(14)] = 0.0002097661
E[P_sel(15)] = 0.0002071509
E[P_sel(16)] = 0.0002060804
E[P_sel(17)] = 0.0002163052
E[P_sel(18)] = 0.0002278518
E[P_sel(19)] = 0.0002598095

---- Expected D_neut and D_sel (neutral and selected divergence per site) 
E[D_neut] = 0.0198571531
E[D_sel] = 0.0125286694

---- Expected neutral and selected misattributed polymorphism per site
E[mis_neut] = 0.0005135201
E[mis_sel] = 0.0003065068

---- alpha_div = 0.230581
---- alpha_dfe = 0.230414

