---- Running command
---- ./polyDFE -d Mmc/924.polyDFE.config.txt -m C -e 
---- Performing inference using model C

---- Performing inference on Mmc/924.polyDFE.config.txt
---- No mutation variability. Using Poisson likelihood.


---- Calculating initial values

-- Starting local optimization
-- Optimizing all parameters
  it        eps_an        lambda     theta_bar           S_d             b           p_b           S_b           r 2           r 3           r 4           r 5           r 6           r 7           r 8           r 9          r 10          r 11          r 12          r 13          r 14          r 15          r 16          r 17          r 18          r 19          r 20           ln lk          grad status 
   0           0.1 0.01927846410 0.01136692691        -20000         0.208           0.1            20 0.87322001994 0.73693680104 0.64490690342 0.58405561056 0.55504737141 0.53935089741 0.53865363469 0.52982164645 0.55042328673 0.55331008271 0.59104818542 0.63238572500 0.66753495812 0.74814976016 0.86284581394 1.11573806319 1.57587214890             1             1 -1112389.163378 23112.9236450   -2 
1306 0.00047471186 0.01929199320 0.01014814757 -78.736668858 0.12238060156 0.02072864369 7.41004217253 0.86513532043 0.72235763548 0.62282363087 0.55674658546 0.52987790536 0.50497140496 0.49675125334 0.48325656132 0.49367821043 0.48389442947 0.51188865893 0.51956757424 0.52729625807 0.55875838327 0.58775027525 0.65591360767 0.71083457948 0.84151822280 1.09773849485 -275.1087196524 0.02736144194   -3 
-- Local optimization: stuck in the same solution
---- Best joint likelihood found -275.108719652489526 with gradient 0.02736

---- Results for Mmc/924.polyDFE.config.txt 
--  Model: C
--        eps_an        lambda     theta_bar             a 
-- 0.00047471186 0.01929199320 0.01014814757            -1 
--           S_d             b           p_b           S_b 
-- -78.736668858 0.12238060156 0.02072864369 7.41004217253 
--           r 2           r 3           r 4           r 5           r 6           r 7           r 8           r 9          r 10          r 11          r 12          r 13          r 14          r 15          r 16          r 17          r 18          r 19          r 20 
-- 0.86513532043 0.72235763548 0.62282363087 0.55674658546 0.52987790536 0.50497140496 0.49675125334 0.48325656132 0.49367821043 0.48389442947 0.51188865893 0.51956757424 0.52729625807 0.55875838327 0.58775027525 0.65591360767 0.71083457948 0.84151822280 1.09773849485 

---- Expected P_neut(i), 0 < i < n (neutral SFS per site) 
E[P_neut(1)] = 0.0101435435
E[P_neut(2)] = 0.0043878668
E[P_neut(3)] = 0.0024425565
E[P_neut(4)] = 0.0015795534
E[P_neut(5)] = 0.0011296323
E[P_neut(6)] = 0.0008959692
E[P_neut(7)] = 0.0007319199
E[P_neut(8)] = 0.0006300445
E[P_neut(9)] = 0.0005448598
E[P_neut(10)] = 0.0005009919
E[P_neut(11)] = 0.0004464679
E[P_neut(12)] = 0.0004329871
E[P_neut(13)] = 0.0004057433
E[P_neut(14)] = 0.0003824640
E[P_neut(15)] = 0.0003783811
E[P_neut(16)] = 0.0003733592
E[P_neut(17)] = 0.0003925216
E[P_neut(18)] = 0.0004026522
E[P_neut(19)] = 0.0004540699

---- Expected P_sel(i), 0 < i < n (selected SFS per site) 
E[P_sel(1)] = 0.0072396923
E[P_sel(2)] = 0.0028278427
E[P_sel(3)] = 0.0014959223
E[P_sel(4)] = 0.0009366389
E[P_sel(5)] = 0.0006546835
E[P_sel(6)] = 0.0005104026
E[P_sel(7)] = 0.0004114259
E[P_sel(8)] = 0.0003504795
E[P_sel(9)] = 0.0003006409
E[P_sel(10)] = 0.0002747449
E[P_sel(11)] = 0.0002437970
E[P_sel(12)] = 0.0002358504
E[P_sel(13)] = 0.0002208801
E[P_sel(14)] = 0.0002085216
E[P_sel(15)] = 0.0002071172
E[P_sel(16)] = 0.0002058145
E[P_sel(17)] = 0.0002187912
E[P_sel(18)] = 0.0002282555
E[P_sel(19)] = 0.0002643847

---- Expected D_neut and D_sel (neutral and selected divergence per site) 
E[D_neut] = 0.0198489938
E[D_sel] = 0.0125451386

---- Expected neutral and selected misattributed polymorphism per site
E[mis_neut] = 0.0005570006
E[mis_sel] = 0.0003346147

---- alpha_div = 0.248923
---- alpha_dfe = 0.248739

