---- Running command
---- ./polyDFE -d Mmc/925.polyDFE.config.txt -m C -e 
---- Performing inference using model C

---- Performing inference on Mmc/925.polyDFE.config.txt
---- No mutation variability. Using Poisson likelihood.


---- Calculating initial values

-- Starting local optimization
-- Optimizing all parameters
  it        eps_an        lambda     theta_bar           S_d             b           p_b           S_b           r 2           r 3           r 4           r 5           r 6           r 7           r 8           r 9          r 10          r 11          r 12          r 13          r 14          r 15          r 16          r 17          r 18          r 19          r 20           ln lk          grad status 
   0           0.1 0.01926077452 0.01136152751        -20000         0.208           0.1            20 0.87474285587 0.73572525585 0.64245102860 0.58479869310 0.54777876405 0.53812220013 0.53707505302 0.52765662085 0.55393968021 0.54957675833 0.59078422887 0.62070510300 0.66519634786 0.75176704041 0.85902483449 1.11118208571 1.57621819592             1             1 -1113239.978617 23095.9014108   -2 
 232 0.00699050275 0.01929917827 0.01021677271 -92.467176027 0.11098571519 0.00749542040 17.6742667266 0.86427241010 0.71871303768 0.61689331942 0.55319178325 0.51942251500 0.50361754812 0.49133696103 0.48072577287 0.49020956784 0.47630379656 0.50574889296 0.50800529186 0.52274554408 0.55187065480 0.57507608765 0.62253739142 0.66443206280 0.70265520494 1.03377940410 -287.7572477910 0.31305947529   -8 
-- Local optimization: reached maximum number of likelihood evaluations allowed.
---- Best joint likelihood found -287.757247791058035 with gradient 0.31306

---- Results for Mmc/925.polyDFE.config.txt 
--  Model: C
--        eps_an        lambda     theta_bar             a 
-- 0.00699050275 0.01929917827 0.01021677271            -1 
--           S_d             b           p_b           S_b 
-- -92.467176027 0.11098571519 0.00749542040 17.6742667266 
--           r 2           r 3           r 4           r 5           r 6           r 7           r 8           r 9          r 10          r 11          r 12          r 13          r 14          r 15          r 16          r 17          r 18          r 19          r 20 
-- 0.86427241010 0.71871303768 0.61689331942 0.55319178325 0.51942251500 0.50361754812 0.49133696103 0.48072577287 0.49020956784 0.47630379656 0.50574889296 0.50800529186 0.52274554408 0.55187065480 0.57507608765 0.62253739142 0.66443206280 0.70265520494 1.03377940410 

---- Expected P_neut(i), 0 < i < n (neutral SFS per site) 
E[P_neut(1)] = 0.0101479936
E[P_neut(2)] = 0.0043868104
E[P_neut(3)] = 0.0024331477
E[P_neut(4)] = 0.0015672170
E[P_neut(5)] = 0.0011250928
E[P_neut(6)] = 0.0008809542
E[P_neut(7)] = 0.0007327020
E[P_neut(8)] = 0.0006261084
E[P_neut(9)] = 0.0005449961
E[P_neut(10)] = 0.0005008360
E[P_neut(11)] = 0.0004431121
E[P_neut(12)] = 0.0004319698
E[P_neut(13)] = 0.0004015916
E[P_neut(14)] = 0.0003849999
E[P_neut(15)] = 0.0003811633
E[P_neut(16)] = 0.0003756615
E[P_neut(17)] = 0.0003886315
E[P_neut(18)] = 0.0004053576
E[P_neut(19)] = 0.0004466143

---- Expected P_sel(i), 0 < i < n (selected SFS per site) 
E[P_sel(1)] = 0.0072405770
E[P_sel(2)] = 0.0028407576
E[P_sel(3)] = 0.0015010882
E[P_sel(4)] = 0.0009372199
E[P_sel(5)] = 0.0006578362
E[P_sel(6)] = 0.0005062200
E[P_sel(7)] = 0.0004152118
E[P_sel(8)] = 0.0003507852
E[P_sel(9)] = 0.0003024786
E[P_sel(10)] = 0.0002758133
E[P_sel(11)] = 0.0002424930
E[P_sel(12)] = 0.0002352439
E[P_sel(13)] = 0.0002179621
E[P_sel(14)] = 0.0002086046
E[P_sel(15)] = 0.0002066208
E[P_sel(16)] = 0.0002043796
E[P_sel(17)] = 0.0002132896
E[P_sel(18)] = 0.0002269224
E[P_sel(19)] = 0.0002643254

---- Expected D_neut and D_sel (neutral and selected divergence per site) 
E[D_neut] = 0.0198272727
E[D_sel] = 0.0125471793

---- Expected neutral and selected misattributed polymorphism per site
E[mis_neut] = 0.0005280945
E[mis_sel] = 0.0003098298

---- alpha_div = 0.209799
---- alpha_dfe = 0.209940

