---- Running command
---- ./polyDFE -d Mmc/926.polyDFE.config.txt -m C -e 
---- Performing inference using model C

---- Performing inference on Mmc/926.polyDFE.config.txt
---- No mutation variability. Using Poisson likelihood.


---- Calculating initial values

-- Starting local optimization
-- Optimizing all parameters
  it        eps_an        lambda     theta_bar           S_d             b           p_b           S_b           r 2           r 3           r 4           r 5           r 6           r 7           r 8           r 9          r 10          r 11          r 12          r 13          r 14          r 15          r 16          r 17          r 18          r 19          r 20           ln lk          grad status 
   0           0.1 0.01932241184 0.01134880103        -20000         0.208           0.1            20 0.87653940481 0.73542345995 0.63910329519 0.58576479347 0.56370958823 0.54141981548 0.54198740771 0.52749134519 0.55281503684 0.55383551709 0.58787028197 0.62757168984 0.67312511554 0.75958362753 0.86271855854 1.10982647377 1.57654125320             1             1 -1120896.350501 23244.5491945   -2 
 853 0.00117432692 0.01935366385 0.01013668700 -75.223955655 0.12434822223 0.02328718852 6.60321647101 0.86772723615 0.72302752216 0.61995546231 0.55864011071 0.53275560444 0.50727396746 0.49628901186 0.48422236370 0.49420269310 0.48456560031 0.50600552114 0.51904362567 0.53372940365 0.56409382459 0.58536934655 0.64989940107 0.69997491608 0.81652945830 1.06051182629 -269.0376725400 0.03156605634   -3 
-- Local optimization: stuck in the same solution
---- Best joint likelihood found -269.037672540071071 with gradient 0.03157

---- Results for Mmc/926.polyDFE.config.txt 
--  Model: C
--        eps_an        lambda     theta_bar             a 
-- 0.00117432692 0.01935366385 0.01013668700            -1 
--           S_d             b           p_b           S_b 
-- -75.223955655 0.12434822223 0.02328718852 6.60321647101 
--           r 2           r 3           r 4           r 5           r 6           r 7           r 8           r 9          r 10          r 11          r 12          r 13          r 14          r 15          r 16          r 17          r 18          r 19          r 20 
-- 0.86772723615 0.72302752216 0.61995546231 0.55864011071 0.53275560444 0.50727396746 0.49628901186 0.48422236370 0.49420269310 0.48456560031 0.50600552114 0.51904362567 0.53372940365 0.56409382459 0.58536934655 0.64989940107 0.69997491608 0.81652945830 1.06051182629 

---- Expected P_neut(i), 0 < i < n (neutral SFS per site) 
E[P_neut(1)] = 0.0101252948
E[P_neut(2)] = 0.0043932380
E[P_neut(3)] = 0.0024406207
E[P_neut(4)] = 0.0015696642
E[P_neut(5)] = 0.0011316697
E[P_neut(6)] = 0.0008994596
E[P_neut(7)] = 0.0007341951
E[P_neut(8)] = 0.0006286043
E[P_neut(9)] = 0.0005452629
E[P_neut(10)] = 0.0005009578
E[P_neut(11)] = 0.0004466515
E[P_neut(12)] = 0.0004276715
E[P_neut(13)] = 0.0004051091
E[P_neut(14)] = 0.0003870494
E[P_neut(15)] = 0.0003820852
E[P_neut(16)] = 0.0003722661
E[P_neut(17)] = 0.0003899331
E[P_neut(18)] = 0.0003988921
E[P_neut(19)] = 0.0004470187

---- Expected P_sel(i), 0 < i < n (selected SFS per site) 
E[P_sel(1)] = 0.0072442887
E[P_sel(2)] = 0.0028365105
E[P_sel(3)] = 0.0014969292
E[P_sel(4)] = 0.0009319694
E[P_sel(5)] = 0.0006566614
E[P_sel(6)] = 0.0005130200
E[P_sel(7)] = 0.0004132416
E[P_sel(8)] = 0.0003501763
E[P_sel(9)] = 0.0003013428
E[P_sel(10)] = 0.0002752221
E[P_sel(11)] = 0.0002443986
E[P_sel(12)] = 0.0002335006
E[P_sel(13)] = 0.0002211218
E[P_sel(14)] = 0.0002116559
E[P_sel(15)] = 0.0002098471
E[P_sel(16)] = 0.0002059730
E[P_sel(17)] = 0.0002182234
E[P_sel(18)] = 0.0002271249
E[P_sel(19)] = 0.0002618006

---- Expected D_neut and D_sel (neutral and selected divergence per site) 
E[D_neut] = 0.0198911677
E[D_sel] = 0.0125328105

---- Expected neutral and selected misattributed polymorphism per site
E[mis_neut] = 0.0005375038
E[mis_sel] = 0.0003231710

---- alpha_div = 0.251364
---- alpha_dfe = 0.251252

