---- Running command
---- ./polyDFE -d Mmc/927.polyDFE.config.txt -m C -e 
---- Performing inference using model C

---- Performing inference on Mmc/927.polyDFE.config.txt
---- No mutation variability. Using Poisson likelihood.


---- Calculating initial values

-- Starting local optimization
-- Optimizing all parameters
  it        eps_an        lambda     theta_bar           S_d             b           p_b           S_b           r 2           r 3           r 4           r 5           r 6           r 7           r 8           r 9          r 10          r 11          r 12          r 13          r 14          r 15          r 16          r 17          r 18          r 19          r 20           ln lk          grad status 
   0           0.1 0.01927616283 0.01136063920        -20000         0.208           0.1            20 0.87224001308 0.73605209212 0.64431359940 0.58557699109 0.55876093404 0.53601343361 0.54182354779 0.53074526145 0.55352407458 0.55653791558 0.59675557218 0.62121778499 0.66685959099 0.75911097639 0.86832387955 1.11087214224 1.58354078784             1             1 -1118214.503603 23178.2818098   -2 
 573 0.00287215483 0.01933045328 0.01016385114 -75.568079701 0.12148628885 0.01545423019 9.51998812753 0.86443212515 0.72299204308 0.62024388521 0.55680949183 0.52965842861 0.50565087345 0.49920542255 0.48676815473 0.49727294511 0.48015724367 0.51212039726 0.51037443722 0.52335302672 0.56156917636 0.58965157460 0.64889780494 0.69519379017 0.78688202592 1.01520677998 -287.3278388867 0.13902599895   -3 
-- Local optimization: stuck in the same solution
---- Best joint likelihood found -287.327838886718382 with gradient 0.13903

---- Results for Mmc/927.polyDFE.config.txt 
--  Model: C
--        eps_an        lambda     theta_bar             a 
-- 0.00287215483 0.01933045328 0.01016385114            -1 
--           S_d             b           p_b           S_b 
-- -75.568079701 0.12148628885 0.01545423019 9.51998812753 
--           r 2           r 3           r 4           r 5           r 6           r 7           r 8           r 9          r 10          r 11          r 12          r 13          r 14          r 15          r 16          r 17          r 18          r 19          r 20 
-- 0.86443212515 0.72299204308 0.62024388521 0.55680949183 0.52965842861 0.50565087345 0.49920542255 0.48676815473 0.49727294511 0.48015724367 0.51212039726 0.51037443722 0.52335302672 0.56156917636 0.58965157460 0.64889780494 0.69519379017 0.78688202592 1.01520677998 

---- Expected P_neut(i), 0 < i < n (neutral SFS per site) 
E[P_neut(1)] = 0.0101358680
E[P_neut(2)] = 0.0043814899
E[P_neut(3)] = 0.0024435402
E[P_neut(4)] = 0.0015725659
E[P_neut(5)] = 0.0011297078
E[P_neut(6)] = 0.0008957425
E[P_neut(7)] = 0.0007332317
E[P_neut(8)] = 0.0006336554
E[P_neut(9)] = 0.0005494108
E[P_neut(10)] = 0.0005054208
E[P_neut(11)] = 0.0004439634
E[P_neut(12)] = 0.0004343354
E[P_neut(13)] = 0.0003999911
E[P_neut(14)] = 0.0003814344
E[P_neut(15)] = 0.0003826717
E[P_neut(16)] = 0.0003780214
E[P_neut(17)] = 0.0003938798
E[P_neut(18)] = 0.0004040369
E[P_neut(19)] = 0.0004489175

---- Expected P_sel(i), 0 < i < n (selected SFS per site) 
E[P_sel(1)] = 0.0072598225
E[P_sel(2)] = 0.0028334642
E[P_sel(3)] = 0.0015010514
E[P_sel(4)] = 0.0009348512
E[P_sel(5)] = 0.0006560215
E[P_sel(6)] = 0.0005109793
E[P_sel(7)] = 0.0004124664
E[P_sel(8)] = 0.0003524989
E[P_sel(9)] = 0.0003029292
E[P_sel(10)] = 0.0002767379
E[P_sel(11)] = 0.0002418272
E[P_sel(12)] = 0.0002357621
E[P_sel(13)] = 0.0002167597
E[P_sel(14)] = 0.0002067830
E[P_sel(15)] = 0.0002080407
E[P_sel(16)] = 0.0002067643
E[P_sel(17)] = 0.0002177453
E[P_sel(18)] = 0.0002275228
E[P_sel(19)] = 0.0002624565

---- Expected D_neut and D_sel (neutral and selected divergence per site) 
E[D_neut] = 0.0198463738
E[D_sel] = 0.0125240417

---- Expected neutral and selected misattributed polymorphism per site
E[mis_neut] = 0.0005159205
E[mis_sel] = 0.0003072327

---- alpha_div = 0.236640
---- alpha_dfe = 0.236450

