---- Running command
---- ./polyDFE -d Mmc/928.polyDFE.config.txt -m C -e 
---- Performing inference using model C

---- Performing inference on Mmc/928.polyDFE.config.txt
---- No mutation variability. Using Poisson likelihood.


---- Calculating initial values

-- Starting local optimization
-- Optimizing all parameters
  it        eps_an        lambda     theta_bar           S_d             b           p_b           S_b           r 2           r 3           r 4           r 5           r 6           r 7           r 8           r 9          r 10          r 11          r 12          r 13          r 14          r 15          r 16          r 17          r 18          r 19          r 20           ln lk          grad status 
   0           0.1 0.01927477760 0.01136022484        -20000         0.208           0.1            20 0.87350824641 0.73501149763 0.64692108094 0.58608327508 0.56281569644 0.53950431981 0.54057575792 0.53270142199 0.55137054730 0.55866058817 0.58869935555 0.61489154222 0.65785260386 0.74576624592 0.86337798538 1.11830135915 1.57540345336             1             1 -1112943.932163 23124.0650202   -2 
 383 0.00274472830 0.01926854549 0.01017224273 -82.532497706 0.12059761463 0.02067388329 7.37529636729 0.86426801068 0.72058475336 0.62408627415 0.55667827332 0.53182571903 0.50690408324 0.49525083748 0.48409555462 0.49346815474 0.48694535834 0.50445162030 0.50811470440 0.52087606270 0.55447298787 0.57852342400 0.65152253667 0.68789139421 0.78465877826 1.12612038981 -279.0629599962 1.20673007159   -8 
-- Local optimization: reached maximum number of likelihood evaluations allowed.
---- Best joint likelihood found -279.062959996212157 with gradient 1.20673

---- Results for Mmc/928.polyDFE.config.txt 
--  Model: C
--        eps_an        lambda     theta_bar             a 
-- 0.00274472830 0.01926854549 0.01017224273            -1 
--           S_d             b           p_b           S_b 
-- -82.532497706 0.12059761463 0.02067388329 7.37529636729 
--           r 2           r 3           r 4           r 5           r 6           r 7           r 8           r 9          r 10          r 11          r 12          r 13          r 14          r 15          r 16          r 17          r 18          r 19          r 20 
-- 0.86426801068 0.72058475336 0.62408627415 0.55667827332 0.53182571903 0.50690408324 0.49525083748 0.48409555462 0.49346815474 0.48694535834 0.50445162030 0.50811470440 0.52087606270 0.55447298787 0.57852342400 0.65152253667 0.68789139421 0.78465877826 1.12612038981 

---- Expected P_neut(i), 0 < i < n (neutral SFS per site) 
E[P_neut(1)] = 0.0101454757
E[P_neut(2)] = 0.0043847738
E[P_neut(3)] = 0.0024376848
E[P_neut(4)] = 0.0015837427
E[P_neut(5)] = 0.0011304569
E[P_neut(6)] = 0.0009002074
E[P_neut(7)] = 0.0007356911
E[P_neut(8)] = 0.0006291717
E[P_neut(9)] = 0.0005468828
E[P_neut(10)] = 0.0005019678
E[P_neut(11)] = 0.0004505682
E[P_neut(12)] = 0.0004281718
E[P_neut(13)] = 0.0003985203
E[P_neut(14)] = 0.0003798987
E[P_neut(15)] = 0.0003780920
E[P_neut(16)] = 0.0003711516
E[P_neut(17)] = 0.0003954859
E[P_neut(18)] = 0.0003997425
E[P_neut(19)] = 0.0004468586

---- Expected P_sel(i), 0 < i < n (selected SFS per site) 
E[P_sel(1)] = 0.0072290322
E[P_sel(2)] = 0.0028239657
E[P_sel(3)] = 0.0014929428
E[P_sel(4)] = 0.0009395546
E[P_sel(5)] = 0.0006556814
E[P_sel(6)] = 0.0005133596
E[P_sel(7)] = 0.0004140718
E[P_sel(8)] = 0.0003505020
E[P_sel(9)] = 0.0003022423
E[P_sel(10)] = 0.0002757606
E[P_sel(11)] = 0.0002464963
E[P_sel(12)] = 0.0002336911
E[P_sel(13)] = 0.0002174053
E[P_sel(14)] = 0.0002075876
E[P_sel(15)] = 0.0002074566
E[P_sel(16)] = 0.0002051516
E[P_sel(17)] = 0.0002211647
E[P_sel(18)] = 0.0002277721
E[P_sel(19)] = 0.0002635234

---- Expected D_neut and D_sel (neutral and selected divergence per site) 
E[D_neut] = 0.0198413040
E[D_sel] = 0.0125477074

---- Expected neutral and selected misattributed polymorphism per site
E[mis_neut] = 0.0005727585
E[mis_sel] = 0.0003444959

---- alpha_div = 0.246712
---- alpha_dfe = 0.246818

