---- Running command
---- ./polyDFE -d Mmc/929.polyDFE.config.txt -m C -e 
---- Performing inference using model C

---- Performing inference on Mmc/929.polyDFE.config.txt
---- No mutation variability. Using Poisson likelihood.


---- Calculating initial values

-- Starting local optimization
-- Optimizing all parameters
  it        eps_an        lambda     theta_bar           S_d             b           p_b           S_b           r 2           r 3           r 4           r 5           r 6           r 7           r 8           r 9          r 10          r 11          r 12          r 13          r 14          r 15          r 16          r 17          r 18          r 19          r 20           ln lk          grad status 
   0           0.1 0.01924601788 0.01134284555        -20000         0.208           0.1            20 0.87616674264 0.73382715132 0.64334839951 0.58592030265 0.56172121852 0.53692944945 0.53710613127 0.53193020245 0.54775386023 0.55825839328 0.58935293693 0.63230993105 0.66954382049 0.75458927267 0.86360022303 1.11588384407 1.58471519185             1             1 -1111587.361551 23079.6486024   -2 
 944 0.00085394236 0.01923325368 0.01013051479 -84.986239412 0.11785002999 0.01916290933 7.73882253325 0.86713293474 0.72053955961 0.62179772401 0.55871976438 0.53239013943 0.50453822600 0.49627941805 0.48397932211 0.49255870479 0.48670782073 0.51171111722 0.51463530168 0.52787433613 0.56694046828 0.59037635267 0.65132710074 0.71347152629 0.82584354394 1.14791518808 -281.5398077406 0.02216115454   -3 
-- Local optimization: stuck in the same solution
---- Best joint likelihood found -281.539807740671677 with gradient 0.02216

---- Results for Mmc/929.polyDFE.config.txt 
--  Model: C
--        eps_an        lambda     theta_bar             a 
-- 0.00085394236 0.01923325368 0.01013051479            -1 
--           S_d             b           p_b           S_b 
-- -84.986239412 0.11785002999 0.01916290933 7.73882253325 
--           r 2           r 3           r 4           r 5           r 6           r 7           r 8           r 9          r 10          r 11          r 12          r 13          r 14          r 15          r 16          r 17          r 18          r 19          r 20 
-- 0.86713293474 0.72053955961 0.62179772401 0.55871976438 0.53239013943 0.50453822600 0.49627941805 0.48397932211 0.49255870479 0.48670782073 0.51171111722 0.51463530168 0.52787433613 0.56694046828 0.59037635267 0.65132710074 0.71347152629 0.82584354394 1.14791518808 

---- Expected P_neut(i), 0 < i < n (neutral SFS per site) 
E[P_neut(1)] = 0.0101222399
E[P_neut(2)] = 0.0043888437
E[P_neut(3)] = 0.0024313992
E[P_neut(4)] = 0.0015737572
E[P_neut(5)] = 0.0011313841
E[P_neut(6)] = 0.0008984563
E[P_neut(7)] = 0.0007298949
E[P_neut(8)] = 0.0006282780
E[P_neut(9)] = 0.0005446909
E[P_neut(10)] = 0.0004989873
E[P_neut(11)] = 0.0004483189
E[P_neut(12)] = 0.0004321592
E[P_neut(13)] = 0.0004013211
E[P_neut(14)] = 0.0003824156
E[P_neut(15)] = 0.0003835330
E[P_neut(16)] = 0.0003748266
E[P_neut(17)] = 0.0003898804
E[P_neut(18)] = 0.0004049542
E[P_neut(19)] = 0.0004486022

---- Expected P_sel(i), 0 < i < n (selected SFS per site) 
E[P_sel(1)] = 0.0072234844
E[P_sel(2)] = 0.0028355880
E[P_sel(3)] = 0.0014951673
E[P_sel(4)] = 0.0009379356
E[P_sel(5)] = 0.0006594666
E[P_sel(6)] = 0.0005150033
E[P_sel(7)] = 0.0004129761
E[P_sel(8)] = 0.0003518646
E[P_sel(9)] = 0.0003026231
E[P_sel(10)] = 0.0002755485
E[P_sel(11)] = 0.0002465032
E[P_sel(12)] = 0.0002370049
E[P_sel(13)] = 0.0002199229
E[P_sel(14)] = 0.0002098241
E[P_sel(15)] = 0.0002112015
E[P_sel(16)] = 0.0002077800
E[P_sel(17)] = 0.0002184328
E[P_sel(18)] = 0.0002306555
E[P_sel(19)] = 0.0002626435

---- Expected D_neut and D_sel (neutral and selected divergence per site) 
E[D_neut] = 0.0198147023
E[D_sel] = 0.0125516090

---- Expected neutral and selected misattributed polymorphism per site
E[mis_neut] = 0.0005814486
E[mis_sel] = 0.0003502484

---- alpha_div = 0.239286
---- alpha_dfe = 0.239155

