---- Running command
---- ./polyDFE -d Mmc/93.polyDFE.config.txt -m C -e 
---- Performing inference using model C

---- Performing inference on Mmc/93.polyDFE.config.txt
---- No mutation variability. Using Poisson likelihood.


---- Calculating initial values

-- Starting local optimization
-- Optimizing all parameters
  it        eps_an        lambda     theta_bar           S_d             b           p_b           S_b           r 2           r 3           r 4           r 5           r 6           r 7           r 8           r 9          r 10          r 11          r 12          r 13          r 14          r 15          r 16          r 17          r 18          r 19          r 20           ln lk          grad status 
   0           0.1 0.01923606042 0.01136326435        -20000         0.208           0.1            20 0.87606624383 0.73652780619 0.64442815379 0.58123414517 0.55929573936 0.54030779890 0.53190575608 0.53328292962 0.54971204179 0.55424352900 0.59410027765 0.62064820475 0.66257577040 0.74949574706 0.87023949536 1.11072715961 1.57551643957             1             1 -1111859.153118 23100.4277211   -2 
 781 0.00086216174 0.01925439206 0.01015189200 -77.369411184 0.12595808557 0.02905754724 5.61489463365 0.86633606340 0.72122635596 0.62434344538 0.55421180096 0.52950934522 0.50683568248 0.49070254172 0.48772867058 0.49226693337 0.48587121319 0.51330665925 0.51218635894 0.52528477078 0.55570372648 0.58990070031 0.64745573434 0.70329574837 0.81205150209 1.08679553839 -260.1686248467 0.03952551660   -3 
-- Local optimization: stuck in the same solution
---- Best joint likelihood found -260.168624846715829 with gradient 0.03953

---- Results for Mmc/93.polyDFE.config.txt 
--  Model: C
--        eps_an        lambda     theta_bar             a 
-- 0.00086216174 0.01925439206 0.01015189200            -1 
--           S_d             b           p_b           S_b 
-- -77.369411184 0.12595808557 0.02905754724 5.61489463365 
--           r 2           r 3           r 4           r 5           r 6           r 7           r 8           r 9          r 10          r 11          r 12          r 13          r 14          r 15          r 16          r 17          r 18          r 19          r 20 
-- 0.86633606340 0.72122635596 0.62434344538 0.55421180096 0.52950934522 0.50683568248 0.49070254172 0.48772867058 0.49226693337 0.48587121319 0.51330665925 0.51218635894 0.52528477078 0.55570372648 0.58990070031 0.64745573434 0.70329574837 0.81205150209 1.08679553839 

---- Expected P_neut(i), 0 < i < n (neutral SFS per site) 
E[P_neut(1)] = 0.0101435135
E[P_neut(2)] = 0.0043940257
E[P_neut(3)] = 0.0024388332
E[P_neut(4)] = 0.0015835234
E[P_neut(5)] = 0.0011246138
E[P_neut(6)] = 0.0008954763
E[P_neut(7)] = 0.0007347598
E[P_neut(8)] = 0.0006225324
E[P_neut(9)] = 0.0005500644
E[P_neut(10)] = 0.0004997441
E[P_neut(11)] = 0.0004484979
E[P_neut(12)] = 0.0004344153
E[P_neut(13)] = 0.0004002628
E[P_neut(14)] = 0.0003813465
E[P_neut(15)] = 0.0003767422
E[P_neut(16)] = 0.0003753315
E[P_neut(17)] = 0.0003884121
E[P_neut(18)] = 0.0004001039
E[P_neut(19)] = 0.0004422658

---- Expected P_sel(i), 0 < i < n (selected SFS per site) 
E[P_sel(1)] = 0.0072340737
E[P_sel(2)] = 0.0028272133
E[P_sel(3)] = 0.0014909502
E[P_sel(4)] = 0.0009374483
E[P_sel(5)] = 0.0006509369
E[P_sel(6)] = 0.0005097248
E[P_sel(7)] = 0.0004129621
E[P_sel(8)] = 0.0003465085
E[P_sel(9)] = 0.0003039552
E[P_sel(10)] = 0.0002747259
E[P_sel(11)] = 0.0002457650
E[P_sel(12)] = 0.0002377411
E[P_sel(13)] = 0.0002192051
E[P_sel(14)] = 0.0002094508
E[P_sel(15)] = 0.0002080453
E[P_sel(16)] = 0.0002090302
E[P_sel(17)] = 0.0002190043
E[P_sel(18)] = 0.0002296305
E[P_sel(19)] = 0.0002607451

---- Expected D_neut and D_sel (neutral and selected divergence per site) 
E[D_neut] = 0.0198060436
E[D_sel] = 0.0125448143

---- Expected neutral and selected misattributed polymorphism per site
E[mis_neut] = 0.0005516515
E[mis_sel] = 0.0003344021

---- alpha_div = 0.268035
---- alpha_dfe = 0.267890

