---- Running command
---- ./polyDFE -d Mmc/930.polyDFE.config.txt -m C -e 
---- Performing inference using model C

---- Performing inference on Mmc/930.polyDFE.config.txt
---- No mutation variability. Using Poisson likelihood.


---- Calculating initial values

-- Starting local optimization
-- Optimizing all parameters
  it        eps_an        lambda     theta_bar           S_d             b           p_b           S_b           r 2           r 3           r 4           r 5           r 6           r 7           r 8           r 9          r 10          r 11          r 12          r 13          r 14          r 15          r 16          r 17          r 18          r 19          r 20           ln lk          grad status 
   0           0.1 0.01927792068 0.01137233052        -20000         0.208           0.1            20 0.87040262355 0.73498291418 0.64133229519 0.58099052005 0.55866705741 0.53909109739 0.53769914328 0.52682331840 0.55703445155 0.55197722323 0.59320338031 0.62608642186 0.66951009343 0.74883399710 0.86448279428 1.11555941757 1.58231286299             1             1 -1120403.991812 23193.8276910   -2 
 333 0.00294072696 0.01932562781 0.01019263902 -106.06553089 0.10472479151 0.00364405587 32.7030324751 0.86001618502 0.71684986364 0.61490269381 0.55140583242 0.52417539039 0.50795120031 0.49121549437 0.48047919007 0.49222478934 0.48358684746 0.51169270316 0.51699311611 0.52868583584 0.55783331243 0.58517152904 0.65279183523 0.70236572969 0.78489346303 1.02041227576 -289.1253078862 0.18741769681   -3 
-- Local optimization: stuck in the same solution
---- Best joint likelihood found -289.125307886220980 with gradient 0.18742

---- Results for Mmc/930.polyDFE.config.txt 
--  Model: C
--        eps_an        lambda     theta_bar             a 
-- 0.00294072696 0.01932562781 0.01019263902            -1 
--           S_d             b           p_b           S_b 
-- -106.06553089 0.10472479151 0.00364405587 32.7030324751 
--           r 2           r 3           r 4           r 5           r 6           r 7           r 8           r 9          r 10          r 11          r 12          r 13          r 14          r 15          r 16          r 17          r 18          r 19          r 20 
-- 0.86001618502 0.71684986364 0.61490269381 0.55140583242 0.52417539039 0.50795120031 0.49121549437 0.48047919007 0.49222478934 0.48358684746 0.51169270316 0.51699311611 0.52868583584 0.55783331243 0.58517152904 0.65279183523 0.70236572969 0.78489346303 1.02041227576 

---- Expected P_neut(i), 0 < i < n (neutral SFS per site) 
E[P_neut(1)] = 0.0101639035
E[P_neut(2)] = 0.0043711979
E[P_neut(3)] = 0.0024295194
E[P_neut(4)] = 0.0015633588
E[P_neut(5)] = 0.0011218653
E[P_neut(6)] = 0.0008889684
E[P_neut(7)] = 0.0007386403
E[P_neut(8)] = 0.0006252854
E[P_neut(9)] = 0.0005438676
E[P_neut(10)] = 0.0005017070
E[P_neut(11)] = 0.0004483758
E[P_neut(12)] = 0.0004351873
E[P_neut(13)] = 0.0004063310
E[P_neut(14)] = 0.0003863941
E[P_neut(15)] = 0.0003812438
E[P_neut(16)] = 0.0003762891
E[P_neut(17)] = 0.0003974037
E[P_neut(18)] = 0.0004094394
E[P_neut(19)] = 0.0004497953

---- Expected P_sel(i), 0 < i < n (selected SFS per site) 
E[P_sel(1)] = 0.0072407860
E[P_sel(2)] = 0.0028365509
E[P_sel(3)] = 0.0015049694
E[P_sel(4)] = 0.0009398139
E[P_sel(5)] = 0.0006598364
E[P_sel(6)] = 0.0005140357
E[P_sel(7)] = 0.0004212522
E[P_sel(8)] = 0.0003525244
E[P_sel(9)] = 0.0003036495
E[P_sel(10)] = 0.0002777871
E[P_sel(11)] = 0.0002465049
E[P_sel(12)] = 0.0002378313
E[P_sel(13)] = 0.0002209893
E[P_sel(14)] = 0.0002093871
E[P_sel(15)] = 0.0002061549
E[P_sel(16)] = 0.0002034768
E[P_sel(17)] = 0.0002156403
E[P_sel(18)] = 0.0002246617
E[P_sel(19)] = 0.0002560673

---- Expected D_neut and D_sel (neutral and selected divergence per site) 
E[D_neut] = 0.0198456625
E[D_sel] = 0.0125030178

---- Expected neutral and selected misattributed polymorphism per site
E[mis_neut] = 0.0005200347
E[mis_sel] = 0.0002988644

---- alpha_div = 0.188906
---- alpha_dfe = 0.188990

