---- Running command
---- ./polyDFE -d Mmc/931.polyDFE.config.txt -m C -e 
---- Performing inference using model C

---- Performing inference on Mmc/931.polyDFE.config.txt
---- No mutation variability. Using Poisson likelihood.


---- Calculating initial values

-- Starting local optimization
-- Optimizing all parameters
  it        eps_an        lambda     theta_bar           S_d             b           p_b           S_b           r 2           r 3           r 4           r 5           r 6           r 7           r 8           r 9          r 10          r 11          r 12          r 13          r 14          r 15          r 16          r 17          r 18          r 19          r 20           ln lk          grad status 
   0           0.1 0.01929621943 0.01136947493        -20000         0.208           0.1            20 0.87031875248 0.73311278702 0.63875144819 0.58387765081 0.55994961749 0.53528797384 0.53939367267 0.52967798898 0.55437571247 0.55660088288 0.59568168208 0.61915706390 0.66323690973 0.75181231106 0.86472593152 1.10485128353 1.58165487184             1             1 -1118715.202298 23185.7267260   -2 
 855 0.00095093396 0.01925196016 0.01015082096 -78.901290307 0.12220872727 0.02301725037 6.54941306187 0.86393472680 0.71996143293 0.61726132321 0.55524033360 0.52803208886 0.50411517916 0.49634823711 0.48745981672 0.49854869470 0.48500624042 0.51251723634 0.51375120670 0.52319586946 0.55652103100 0.58678028509 0.64720312244 0.71421193723 0.81683817878 1.21034285155 -276.3494254479 0.08908456154   -3 
-- Local optimization: stuck in the same solution
---- Best joint likelihood found -276.349425447959220 with gradient 0.08908

---- Results for Mmc/931.polyDFE.config.txt 
--  Model: C
--        eps_an        lambda     theta_bar             a 
-- 0.00095093396 0.01925196016 0.01015082096            -1 
--           S_d             b           p_b           S_b 
-- -78.901290307 0.12220872727 0.02301725037 6.54941306187 
--           r 2           r 3           r 4           r 5           r 6           r 7           r 8           r 9          r 10          r 11          r 12          r 13          r 14          r 15          r 16          r 17          r 18          r 19          r 20 
-- 0.86393472680 0.71996143293 0.61726132321 0.55524033360 0.52803208886 0.50411517916 0.49634823711 0.48745981672 0.49854869470 0.48500624042 0.51251723634 0.51375120670 0.52319586946 0.55652103100 0.58678028509 0.64720312244 0.71421193723 0.81683817878 1.21034285155 

---- Expected P_neut(i), 0 < i < n (neutral SFS per site) 
E[P_neut(1)] = 0.0101415832
E[P_neut(2)] = 0.0043810367
E[P_neut(3)] = 0.0024341175
E[P_neut(4)] = 0.0015652917
E[P_neut(5)] = 0.0011265153
E[P_neut(6)] = 0.0008928378
E[P_neut(7)] = 0.0007307124
E[P_neut(8)] = 0.0006296061
E[P_neut(9)] = 0.0005496936
E[P_neut(10)] = 0.0005060679
E[P_neut(11)] = 0.0004476619
E[P_neut(12)] = 0.0004337258
E[P_neut(13)] = 0.0004014673
E[P_neut(14)] = 0.0003798364
E[P_neut(15)] = 0.0003773235
E[P_neut(16)] = 0.0003734044
E[P_neut(17)] = 0.0003883986
E[P_neut(18)] = 0.0004065554
E[P_neut(19)] = 0.0004456366

---- Expected P_sel(i), 0 < i < n (selected SFS per site) 
E[P_sel(1)] = 0.0072464876
E[P_sel(2)] = 0.0028283373
E[P_sel(3)] = 0.0014939455
E[P_sel(4)] = 0.0009304787
E[P_sel(5)] = 0.0006546898
E[P_sel(6)] = 0.0005101782
E[P_sel(7)] = 0.0004121235
E[P_sel(8)] = 0.0003515094
E[P_sel(9)] = 0.0003044993
E[P_sel(10)] = 0.0002787006
E[P_sel(11)] = 0.0002455548
E[P_sel(12)] = 0.0002373926
E[P_sel(13)] = 0.0002196710
E[P_sel(14)] = 0.0002082056
E[P_sel(15)] = 0.0002076978
E[P_sel(16)] = 0.0002070226
E[P_sel(17)] = 0.0002177332
E[P_sel(18)] = 0.0002317334
E[P_sel(19)] = 0.0002608991

---- Expected D_neut and D_sel (neutral and selected divergence per site) 
E[D_neut] = 0.0198662588
E[D_sel] = 0.0125005806

---- Expected neutral and selected misattributed polymorphism per site
E[mis_neut] = 0.0006142987
E[mis_sel] = 0.0003693643

---- alpha_div = 0.246842
---- alpha_dfe = 0.246716

