---- Running command
---- ./polyDFE -d Mmc/932.polyDFE.config.txt -m C -e 
---- Performing inference using model C

---- Performing inference on Mmc/932.polyDFE.config.txt
---- No mutation variability. Using Poisson likelihood.


---- Calculating initial values

-- Starting local optimization
-- Optimizing all parameters
  it        eps_an        lambda     theta_bar           S_d             b           p_b           S_b           r 2           r 3           r 4           r 5           r 6           r 7           r 8           r 9          r 10          r 11          r 12          r 13          r 14          r 15          r 16          r 17          r 18          r 19          r 20           ln lk          grad status 
   0           0.1 0.01927368865 0.01136080209        -20000         0.208           0.1            20 0.86799632983 0.73909385291 0.64777235618 0.58190399102 0.56044097294 0.53808185083 0.53433723847 0.53214608635 0.55451261141 0.54968837051 0.59591061179 0.62298303789 0.66799298351 0.75398384964 0.86752006134 1.11004368224 1.57333587262             1             1 -1116287.081206 23159.2576123   -2 
 896 0.00032786420 0.01930824294 0.01013473648 -73.594247829 0.12666268092 0.02767484873 5.77501692719 0.86384829311 0.72297678370 0.62228784884 0.55471528006 0.53210677472 0.50703356612 0.49656967323 0.49008885904 0.49894695735 0.47967778035 0.51430884446 0.51306222983 0.52710259226 0.56260868665 0.58931194230 0.65051115500 0.71548869076 0.82699297288 1.05545189175 -285.5690977123 0.02510511790   -3 
-- Local optimization: stuck in the same solution
---- Best joint likelihood found -285.569097712359508 with gradient 0.02511

---- Results for Mmc/932.polyDFE.config.txt 
--  Model: C
--        eps_an        lambda     theta_bar             a 
-- 0.00032786420 0.01930824294 0.01013473648            -1 
--           S_d             b           p_b           S_b 
-- -73.594247829 0.12666268092 0.02767484873 5.77501692719 
--           r 2           r 3           r 4           r 5           r 6           r 7           r 8           r 9          r 10          r 11          r 12          r 13          r 14          r 15          r 16          r 17          r 18          r 19          r 20 
-- 0.86384829311 0.72297678370 0.62228784884 0.55471528006 0.53210677472 0.50703356612 0.49656967323 0.49008885904 0.49894695735 0.47967778035 0.51430884446 0.51306222983 0.52710259226 0.56260868665 0.58931194230 0.65051115500 0.71548869076 0.82699297288 1.05545189175 

---- Expected P_neut(i), 0 < i < n (neutral SFS per site) 
E[P_neut(1)] = 0.0101315583
E[P_neut(2)] = 0.0043761343
E[P_neut(3)] = 0.0024417194
E[P_neut(4)] = 0.0015762863
E[P_neut(5)] = 0.0011241346
E[P_neut(6)] = 0.0008986241
E[P_neut(7)] = 0.0007339835
E[P_neut(8)] = 0.0006290115
E[P_neut(9)] = 0.0005518441
E[P_neut(10)] = 0.0005056696
E[P_neut(11)] = 0.0004419822
E[P_neut(12)] = 0.0004344292
E[P_neut(13)] = 0.0004000904
E[P_neut(14)] = 0.0003817443
E[P_neut(15)] = 0.0003803701
E[P_neut(16)] = 0.0003736771
E[P_neut(17)] = 0.0003884830
E[P_neut(18)] = 0.0004041525
E[P_neut(19)] = 0.0004443022

---- Expected P_sel(i), 0 < i < n (selected SFS per site) 
E[P_sel(1)] = 0.0072507409
E[P_sel(2)] = 0.0028244152
E[P_sel(3)] = 0.0014966789
E[P_sel(4)] = 0.0009353014
E[P_sel(5)] = 0.0006519423
E[P_sel(6)] = 0.0005123745
E[P_sel(7)] = 0.0004131012
E[P_sel(8)] = 0.0003505058
E[P_sel(9)] = 0.0003051933
E[P_sel(10)] = 0.0002781352
E[P_sel(11)] = 0.0002422537
E[P_sel(12)] = 0.0002377311
E[P_sel(13)] = 0.0002190198
E[P_sel(14)] = 0.0002095052
E[P_sel(15)] = 0.0002098002
E[P_sel(16)] = 0.0002077688
E[P_sel(17)] = 0.0002185692
E[P_sel(18)] = 0.0002312620
E[P_sel(19)] = 0.0002605954

---- Expected D_neut and D_sel (neutral and selected divergence per site) 
E[D_neut] = 0.0198430793
E[D_sel] = 0.0125333371

---- Expected neutral and selected misattributed polymorphism per site
E[mis_neut] = 0.0005348363
E[mis_sel] = 0.0003232796

---- alpha_div = 0.262759
---- alpha_dfe = 0.262648

