---- Running command
---- ./polyDFE -d Mmc/933.polyDFE.config.txt -m C -e 
---- Performing inference using model C

---- Performing inference on Mmc/933.polyDFE.config.txt
---- No mutation variability. Using Poisson likelihood.


---- Calculating initial values

-- Starting local optimization
-- Optimizing all parameters
  it        eps_an        lambda     theta_bar           S_d             b           p_b           S_b           r 2           r 3           r 4           r 5           r 6           r 7           r 8           r 9          r 10          r 11          r 12          r 13          r 14          r 15          r 16          r 17          r 18          r 19          r 20           ln lk          grad status 
   0           0.1 0.01930035279 0.01133391002        -20000         0.208           0.1            20 0.87082649480 0.73557631031 0.64376728941 0.58036160580 0.55585009935 0.54377064591 0.53849686130 0.52777126987 0.54948447468 0.56056431832 0.59972016905 0.63152892868 0.66799398282 0.75326029613 0.86038714984 1.11574111988 1.57909438529             1             1 -1119546.403555 23193.3594658   -2 
 903 0.00194711603 0.01933565240 0.01013006049 -74.553312155 0.12341895734 0.02315955167 6.54131091330 0.86383883482 0.71998726452 0.62244441914 0.55374934030 0.52768054071 0.51008804267 0.49307709234 0.48511904312 0.49362621199 0.48877221377 0.51471954399 0.51862458442 0.52547756358 0.56287824756 0.58647648120 0.64836058151 0.69901888359 0.80101352033 1.05151247389 -272.7100114824 0.04231834173   -3 
-- Local optimization: stuck in the same solution
---- Best joint likelihood found -272.710011482457048 with gradient 0.04232

---- Results for Mmc/933.polyDFE.config.txt 
--  Model: C
--        eps_an        lambda     theta_bar             a 
-- 0.00194711603 0.01933565240 0.01013006049            -1 
--           S_d             b           p_b           S_b 
-- -74.553312155 0.12341895734 0.02315955167 6.54131091330 
--           r 2           r 3           r 4           r 5           r 6           r 7           r 8           r 9          r 10          r 11          r 12          r 13          r 14          r 15          r 16          r 17          r 18          r 19          r 20 
-- 0.86383883482 0.71998726452 0.62244441914 0.55374934030 0.52768054071 0.51008804267 0.49307709234 0.48511904312 0.49362621199 0.48877221377 0.51471954399 0.51862458442 0.52547756358 0.56287824756 0.58647648120 0.64836058151 0.69901888359 0.80101352033 1.05151247389 

---- Expected P_neut(i), 0 < i < n (neutral SFS per site) 
E[P_neut(1)] = 0.0101111676
E[P_neut(2)] = 0.0043676165
E[P_neut(3)] = 0.0024271900
E[P_neut(4)] = 0.0015740036
E[P_neut(5)] = 0.0011204586
E[P_neut(6)] = 0.0008899116
E[P_neut(7)] = 0.0007375243
E[P_neut(8)] = 0.0006239929
E[P_neut(9)] = 0.0005458449
E[P_neut(10)] = 0.0005000463
E[P_neut(11)] = 0.0004503042
E[P_neut(12)] = 0.0004348813
E[P_neut(13)] = 0.0004047811
E[P_neut(14)] = 0.0003812172
E[P_neut(15)] = 0.0003815770
E[P_neut(16)] = 0.0003736615
E[P_neut(17)] = 0.0003903304
E[P_neut(18)] = 0.0004011480
E[P_neut(19)] = 0.0004459621

---- Expected P_sel(i), 0 < i < n (selected SFS per site) 
E[P_sel(1)] = 0.0072525478
E[P_sel(2)] = 0.0028293228
E[P_sel(3)] = 0.0014941819
E[P_sel(4)] = 0.0009382022
E[P_sel(5)] = 0.0006527973
E[P_sel(6)] = 0.0005096905
E[P_sel(7)] = 0.0004168773
E[P_sel(8)] = 0.0003491005
E[P_sel(9)] = 0.0003029697
E[P_sel(10)] = 0.0002759136
E[P_sel(11)] = 0.0002474655
E[P_sel(12)] = 0.0002384607
E[P_sel(13)] = 0.0002218864
E[P_sel(14)] = 0.0002093444
E[P_sel(15)] = 0.0002104325
E[P_sel(16)] = 0.0002075823
E[P_sel(17)] = 0.0002193216
E[P_sel(18)] = 0.0002293918
E[P_sel(19)] = 0.0002629090

---- Expected D_neut and D_sel (neutral and selected divergence per site) 
E[D_neut] = 0.0198682467
E[D_sel] = 0.0125279335

---- Expected neutral and selected misattributed polymorphism per site
E[mis_neut] = 0.0005325942
E[mis_sel] = 0.0003208203

---- alpha_div = 0.247582
---- alpha_dfe = 0.247480

