---- Running command
---- ./polyDFE -d Mmc/934.polyDFE.config.txt -m C -e 
---- Performing inference using model C

---- Performing inference on Mmc/934.polyDFE.config.txt
---- No mutation variability. Using Poisson likelihood.


---- Calculating initial values

-- Starting local optimization
-- Optimizing all parameters
  it        eps_an        lambda     theta_bar           S_d             b           p_b           S_b           r 2           r 3           r 4           r 5           r 6           r 7           r 8           r 9          r 10          r 11          r 12          r 13          r 14          r 15          r 16          r 17          r 18          r 19          r 20           ln lk          grad status 
   0           0.1 0.01925762046 0.01136247919        -20000         0.208           0.1            20 0.87313932087 0.73342259419 0.64671628935 0.57910145493 0.55990377190 0.53527209473 0.54081871735 0.52964606551 0.55083605363 0.55677242426 0.60136487224 0.61998775808 0.67393526004 0.75266551299 0.85943917628 1.10726274484 1.58899391621             1             1 -1113502.801969 23110.4188781   -2 
 718 0.00157314185 0.01927528193 0.01015427239 -80.534813486 0.12009605821 0.01887732285 7.93438277727 0.86489852214 0.72000143320 0.62254542515 0.55334399215 0.52947737095 0.50495986830 0.49558930898 0.48665757368 0.49512852801 0.48618070137 0.51465692882 0.51313644103 0.52897459646 0.56180243786 0.58291043624 0.64640955685 0.70563026182 0.81677103118 1.08621975079 -271.9637916052 0.03418806721   -3 
-- Local optimization: stuck in the same solution
---- Best joint likelihood found -271.963791605259757 with gradient 0.03419

---- Results for Mmc/934.polyDFE.config.txt 
--  Model: C
--        eps_an        lambda     theta_bar             a 
-- 0.00157314185 0.01927528193 0.01015427239            -1 
--           S_d             b           p_b           S_b 
-- -80.534813486 0.12009605821 0.01887732285 7.93438277727 
--           r 2           r 3           r 4           r 5           r 6           r 7           r 8           r 9          r 10          r 11          r 12          r 13          r 14          r 15          r 16          r 17          r 18          r 19          r 20 
-- 0.86489852214 0.72000143320 0.62254542515 0.55334399215 0.52947737095 0.50495986830 0.49558930898 0.48665757368 0.49512852801 0.48618070137 0.51465692882 0.51313644103 0.52897459646 0.56180243786 0.58291043624 0.64640955685 0.70563026182 0.81677103118 1.08621975079 

---- Expected P_neut(i), 0 < i < n (neutral SFS per site) 
E[P_neut(1)] = 0.0101389850
E[P_neut(2)] = 0.0043849258
E[P_neut(3)] = 0.0024338038
E[P_neut(4)] = 0.0015784698
E[P_neut(5)] = 0.0011225916
E[P_neut(6)] = 0.0008952702
E[P_neut(7)] = 0.0007319782
E[P_neut(8)] = 0.0006287391
E[P_neut(9)] = 0.0005489149
E[P_neut(10)] = 0.0005027670
E[P_neut(11)] = 0.0004489588
E[P_neut(12)] = 0.0004358017
E[P_neut(13)] = 0.0004013316
E[P_neut(14)] = 0.0003844741
E[P_neut(15)] = 0.0003814825
E[P_neut(16)] = 0.0003718436
E[P_neut(17)] = 0.0003893334
E[P_neut(18)] = 0.0004043463
E[P_neut(19)] = 0.0004517988

---- Expected P_sel(i), 0 < i < n (selected SFS per site) 
E[P_sel(1)] = 0.0072438024
E[P_sel(2)] = 0.0028322699
E[P_sel(3)] = 0.0014948433
E[P_sel(4)] = 0.0009390146
E[P_sel(5)] = 0.0006528275
E[P_sel(6)] = 0.0005117964
E[P_sel(7)] = 0.0004129121
E[P_sel(8)] = 0.0003509736
E[P_sel(9)] = 0.0003039061
E[P_sel(10)] = 0.0002766135
E[P_sel(11)] = 0.0002459052
E[P_sel(12)] = 0.0002380498
E[P_sel(13)] = 0.0002190288
E[P_sel(14)] = 0.0002100766
E[P_sel(15)] = 0.0002091968
E[P_sel(16)] = 0.0002052891
E[P_sel(17)] = 0.0002173043
E[P_sel(18)] = 0.0002296417
E[P_sel(19)] = 0.0002645968

---- Expected D_neut and D_sel (neutral and selected divergence per site) 
E[D_neut] = 0.0198267705
E[D_sel] = 0.0125433836

---- Expected neutral and selected misattributed polymorphism per site
E[mis_neut] = 0.0005514886
E[mis_sel] = 0.0003312605

---- alpha_div = 0.241703
---- alpha_dfe = 0.241614

