---- Running command
---- ./polyDFE -d Mmc/935.polyDFE.config.txt -m C -e 
---- Performing inference using model C

---- Performing inference on Mmc/935.polyDFE.config.txt
---- No mutation variability. Using Poisson likelihood.


---- Calculating initial values

-- Starting local optimization
-- Optimizing all parameters
  it        eps_an        lambda     theta_bar           S_d             b           p_b           S_b           r 2           r 3           r 4           r 5           r 6           r 7           r 8           r 9          r 10          r 11          r 12          r 13          r 14          r 15          r 16          r 17          r 18          r 19          r 20           ln lk          grad status 
   0           0.1 0.01932499643 0.01138295685        -20000         0.208           0.1            20 0.87017522449 0.72912908303 0.64128292800 0.58330036477 0.56169582212 0.54006846526 0.54379418152 0.53124693236 0.54844286735 0.55727250194 0.58803167746 0.62701942913 0.66573941154 0.75223848624 0.85095815134 1.09307101973 1.58087105233             1             1 -1119791.904161 23244.1888609   -2 
 501 0.00338894995 0.01936684181 0.01019259214 -85.305381693 0.11864130288 0.01999850593 7.37689060129 0.86431185592 0.71518310605 0.61918519600 0.55326945611 0.53029715731 0.50661395461 0.49664189375 0.48265629980 0.48983666974 0.48324603919 0.50794376415 0.51692903463 0.52158394980 0.55367256477 0.57301189207 0.63195629545 0.69034504986 0.76367908763 1.03818775193 -295.8363723525 0.22920390269   -3 
-- Local optimization: stuck in the same solution
---- Best joint likelihood found -295.836372352569015 with gradient 0.22920

---- Results for Mmc/935.polyDFE.config.txt 
--  Model: C
--        eps_an        lambda     theta_bar             a 
-- 0.00338894995 0.01936684181 0.01019259214            -1 
--           S_d             b           p_b           S_b 
-- -85.305381693 0.11864130288 0.01999850593 7.37689060129 
--           r 2           r 3           r 4           r 5           r 6           r 7           r 8           r 9          r 10          r 11          r 12          r 13          r 14          r 15          r 16          r 17          r 18          r 19          r 20 
-- 0.86431185592 0.71518310605 0.61918519600 0.55326945611 0.53029715731 0.50661395461 0.49664189375 0.48265629980 0.48983666974 0.48324603919 0.50794376415 0.51692903463 0.52158394980 0.55367256477 0.57301189207 0.63195629545 0.69034504986 0.76367908763 1.03818775193 

---- Expected P_neut(i), 0 < i < n (neutral SFS per site) 
E[P_neut(1)] = 0.0101594383
E[P_neut(2)] = 0.0043911863
E[P_neut(3)] = 0.0024229060
E[P_neut(4)] = 0.0015736656
E[P_neut(5)] = 0.0011253028
E[P_neut(6)] = 0.0008990844
E[P_neut(7)] = 0.0007365464
E[P_neut(8)] = 0.0006320763
E[P_neut(9)] = 0.0005462782
E[P_neut(10)] = 0.0004992705
E[P_neut(11)] = 0.0004481104
E[P_neut(12)] = 0.0004321209
E[P_neut(13)] = 0.0004064223
E[P_neut(14)] = 0.0003815012
E[P_neut(15)] = 0.0003787711
E[P_neut(16)] = 0.0003691397
E[P_neut(17)] = 0.0003858490
E[P_neut(18)] = 0.0004045142
E[P_neut(19)] = 0.0004428311

---- Expected P_sel(i), 0 < i < n (selected SFS per site) 
E[P_sel(1)] = 0.0072387948
E[P_sel(2)] = 0.0028312783
E[P_sel(3)] = 0.0014865549
E[P_sel(4)] = 0.0009356409
E[P_sel(5)] = 0.0006543169
E[P_sel(6)] = 0.0005140938
E[P_sel(7)] = 0.0004157172
E[P_sel(8)] = 0.0003531365
E[P_sel(9)] = 0.0003027903
E[P_sel(10)] = 0.0002750788
E[P_sel(11)] = 0.0002458559
E[P_sel(12)] = 0.0002365038
E[P_sel(13)] = 0.0002223049
E[P_sel(14)] = 0.0002089806
E[P_sel(15)] = 0.0002082961
E[P_sel(16)] = 0.0002044426
E[P_sel(17)] = 0.0002161446
E[P_sel(18)] = 0.0002308463
E[P_sel(19)] = 0.0002619810

---- Expected D_neut and D_sel (neutral and selected divergence per site) 
E[D_neut] = 0.0198959330
E[D_sel] = 0.0125454797

---- Expected neutral and selected misattributed polymorphism per site
E[mis_neut] = 0.0005290912
E[mis_sel] = 0.0003177728

---- alpha_div = 0.239692
---- alpha_dfe = 0.239542

