---- Running command
---- ./polyDFE -d Mmc/936.polyDFE.config.txt -m C -e 
---- Performing inference using model C

---- Performing inference on Mmc/936.polyDFE.config.txt
---- No mutation variability. Using Poisson likelihood.


---- Calculating initial values

-- Starting local optimization
-- Optimizing all parameters
  it        eps_an        lambda     theta_bar           S_d             b           p_b           S_b           r 2           r 3           r 4           r 5           r 6           r 7           r 8           r 9          r 10          r 11          r 12          r 13          r 14          r 15          r 16          r 17          r 18          r 19          r 20           ln lk          grad status 
   0           0.1 0.01925903008 0.01133781378        -20000         0.208           0.1            20 0.87610739254 0.73377596552 0.64346249329 0.59145381291 0.55799261155 0.53817585883 0.54022442340 0.52931332332 0.55093024038 0.55667313467 0.59525436036 0.62546590378 0.67096627173 0.75286995609 0.85846778965 1.11208503232  1.5897129879             1             1 -1117129.515490 23170.5062775   -2 
 505 0.00656251880 0.01931376700 0.01019981601 -90.824323292 0.11158827386 0.00796668511 16.5614590345 0.86291163862 0.71699685895 0.61664302974 0.55732448808 0.52602344382 0.50532203026 0.49498134632 0.48313673787 0.48964585153 0.48493486542 0.51031885703 0.51430680709 0.52280963321 0.55161887176 0.57574053310 0.62873031298 0.67107791272 0.71787959865 1.00276824773 -290.8191985248 0.57971119315   -3 
-- Local optimization: stuck in the same solution
---- Best joint likelihood found -290.819198524812236 with gradient 0.57971

---- Results for Mmc/936.polyDFE.config.txt 
--  Model: C
--        eps_an        lambda     theta_bar             a 
-- 0.00656251880 0.01931376700 0.01019981601            -1 
--           S_d             b           p_b           S_b 
-- -90.824323292 0.11158827386 0.00796668511 16.5614590345 
--           r 2           r 3           r 4           r 5           r 6           r 7           r 8           r 9          r 10          r 11          r 12          r 13          r 14          r 15          r 16          r 17          r 18          r 19          r 20 
-- 0.86291163862 0.71699685895 0.61664302974 0.55732448808 0.52602344382 0.50532203026 0.49498134632 0.48313673787 0.48964585153 0.48493486542 0.51031885703 0.51430680709 0.52280963321 0.55161887176 0.57574053310 0.62873031298 0.67107791272 0.71787959865 1.00276824773 

---- Expected P_neut(i), 0 < i < n (neutral SFS per site) 
E[P_neut(1)] = 0.0101354086
E[P_neut(2)] = 0.0043743854
E[P_neut(3)] = 0.0024242232
E[P_neut(4)] = 0.0015645010
E[P_neut(5)] = 0.0011319219
E[P_neut(6)] = 0.0008908550
E[P_neut(7)] = 0.0007341292
E[P_neut(8)] = 0.0006297949
E[P_neut(9)] = 0.0005469027
E[P_neut(10)] = 0.0004994298
E[P_neut(11)] = 0.0004503011
E[P_neut(12)] = 0.0004350582
E[P_neut(13)] = 0.0004057097
E[P_neut(14)] = 0.0003842660
E[P_neut(15)] = 0.0003800936
E[P_neut(16)] = 0.0003749383
E[P_neut(17)] = 0.0003907535
E[P_neut(18)] = 0.0004066552
E[P_neut(19)] = 0.0004497885

---- Expected P_sel(i), 0 < i < n (selected SFS per site) 
E[P_sel(1)] = 0.0072370680
E[P_sel(2)] = 0.0028340864
E[P_sel(3)] = 0.0014960643
E[P_sel(4)] = 0.0009358130
E[P_sel(5)] = 0.0006619511
E[P_sel(6)] = 0.0005119930
E[P_sel(7)] = 0.0004160872
E[P_sel(8)] = 0.0003529142
E[P_sel(9)] = 0.0003036020
E[P_sel(10)] = 0.0002751127
E[P_sel(11)] = 0.0002465103
E[P_sel(12)] = 0.0002370271
E[P_sel(13)] = 0.0002203141
E[P_sel(14)] = 0.0002083475
E[P_sel(15)] = 0.0002062096
E[P_sel(16)] = 0.0002041768
E[P_sel(17)] = 0.0002146621
E[P_sel(18)] = 0.0002277836
E[P_sel(19)] = 0.0002657496

---- Expected D_neut and D_sel (neutral and selected divergence per site) 
E[D_neut] = 0.0198251696
E[D_sel] = 0.0125227735

---- Expected neutral and selected misattributed polymorphism per site
E[mis_neut] = 0.0005114026
E[mis_sel] = 0.0003003355

---- alpha_div = 0.209618
---- alpha_dfe = 0.209638

