---- Running command
---- ./polyDFE -d Mmc/937.polyDFE.config.txt -m C -e 
---- Performing inference using model C

---- Performing inference on Mmc/937.polyDFE.config.txt
---- No mutation variability. Using Poisson likelihood.


---- Calculating initial values

-- Starting local optimization
-- Optimizing all parameters
  it        eps_an        lambda     theta_bar           S_d             b           p_b           S_b           r 2           r 3           r 4           r 5           r 6           r 7           r 8           r 9          r 10          r 11          r 12          r 13          r 14          r 15          r 16          r 17          r 18          r 19          r 20           ln lk          grad status 
   0           0.1 0.01928185821 0.01134916253        -20000         0.208           0.1            20 0.87900807402 0.73873993736 0.64309808431 0.58095623691 0.55408937492 0.53730977796 0.53602316994 0.52422017541 0.55067575687 0.55346867051 0.59472365316 0.62164866893 0.66821394820 0.75765309520 0.85716196104 1.11416282389 1.57294939215             1             1 -1117948.386073 23177.3865120   -2 
 617 0.00264602189 0.01933579224 0.01015774541 -74.864915438 0.12865067760 0.03635921160 4.52705807807 0.86942920798 0.72233458710 0.61915004164 0.55378852824 0.52587224071 0.50649868305 0.49644092810 0.48248817142 0.49198643706 0.48171857749 0.51208271110 0.51136524296 0.52361817827 0.55932890965 0.58102845281 0.63836219176 0.68485506478 0.77266683267 1.01716501262 -281.3432950858 0.13029633874   -3 
-- Local optimization: stuck in the same solution
---- Best joint likelihood found -281.343295085825957 with gradient 0.13030

---- Results for Mmc/937.polyDFE.config.txt 
--  Model: C
--        eps_an        lambda     theta_bar             a 
-- 0.00264602189 0.01933579224 0.01015774541            -1 
--           S_d             b           p_b           S_b 
-- -74.864915438 0.12865067760 0.03635921160 4.52705807807 
--           r 2           r 3           r 4           r 5           r 6           r 7           r 8           r 9          r 10          r 11          r 12          r 13          r 14          r 15          r 16          r 17          r 18          r 19          r 20 
-- 0.86942920798 0.72233458710 0.61915004164 0.55378852824 0.52587224071 0.50649868305 0.49644092810 0.48248817142 0.49198643706 0.48171857749 0.51208271110 0.51136524296 0.52361817827 0.55932890965 0.58102845281 0.63836219176 0.68485506478 0.77266683267 1.01716501262 

---- Expected P_neut(i), 0 < i < n (neutral SFS per site) 
E[P_neut(1)] = 0.0101319608
E[P_neut(2)] = 0.0044050588
E[P_neut(3)] = 0.0024403013
E[P_neut(4)] = 0.0015691078
E[P_neut(5)] = 0.0011230739
E[P_neut(6)] = 0.0008889289
E[P_neut(7)] = 0.0007340960
E[P_neut(8)] = 0.0006298191
E[P_neut(9)] = 0.0005442908
E[P_neut(10)] = 0.0004997473
E[P_neut(11)] = 0.0004450979
E[P_neut(12)] = 0.0004339881
E[P_neut(13)] = 0.0004004504
E[P_neut(14)] = 0.0003812633
E[P_neut(15)] = 0.0003807427
E[P_neut(16)] = 0.0003720555
E[P_neut(17)] = 0.0003868929
E[P_neut(18)] = 0.0003971383
E[P_neut(19)] = 0.0004388663

---- Expected P_sel(i), 0 < i < n (selected SFS per site) 
E[P_sel(1)] = 0.0072413191
E[P_sel(2)] = 0.0028397046
E[P_sel(3)] = 0.0014946811
E[P_sel(4)] = 0.0009308446
E[P_sel(5)] = 0.0006515869
E[P_sel(6)] = 0.0005073892
E[P_sel(7)] = 0.0004139065
E[P_sel(8)] = 0.0003518596
E[P_sel(9)] = 0.0003020421
E[P_sel(10)] = 0.0002760581
E[P_sel(11)] = 0.0002452370
E[P_sel(12)] = 0.0002389630
E[P_sel(13)] = 0.0002207973
E[P_sel(14)] = 0.0002109615
E[P_sel(15)] = 0.0002119377
E[P_sel(16)] = 0.0002089655
E[P_sel(17)] = 0.0002200815
E[P_sel(18)] = 0.0002301082
E[P_sel(19)] = 0.0002623540

---- Expected D_neut and D_sel (neutral and selected divergence per site) 
E[D_neut] = 0.0198523974
E[D_sel] = 0.0125196035

---- Expected neutral and selected misattributed polymorphism per site
E[mis_neut] = 0.0005166052
E[mis_sel] = 0.0003137893

---- alpha_div = 0.276745
---- alpha_dfe = 0.276492

