---- Running command
---- ./polyDFE -d Mmc/938.polyDFE.config.txt -m C -e 
---- Performing inference using model C

---- Performing inference on Mmc/938.polyDFE.config.txt
---- No mutation variability. Using Poisson likelihood.


---- Calculating initial values

-- Starting local optimization
-- Optimizing all parameters
  it        eps_an        lambda     theta_bar           S_d             b           p_b           S_b           r 2           r 3           r 4           r 5           r 6           r 7           r 8           r 9          r 10          r 11          r 12          r 13          r 14          r 15          r 16          r 17          r 18          r 19          r 20           ln lk          grad status 
   0           0.1 0.01931004648 0.01132964444        -20000         0.208           0.1            20 0.87882805284 0.73422153617 0.64161803532 0.58427744471 0.55904319414 0.54366732067 0.54058969300 0.53678944096 0.55104297147 0.55812467732 0.59850583211 0.62949434653 0.67016052126 0.75925180722 0.87050043828 1.10704886391 1.58963260784             1             1 -1119260.350337 23227.0032552   -2 
 707 0.00292719060 0.01935612249 0.01015525583 -80.121163109 0.11972022313 0.01614432737 9.03545797317 0.86397250101 0.71845467995 0.62021671806 0.55598848488 0.53250709373 0.50965216008 0.49555478865 0.48911333897 0.49327532219 0.48783559084 0.51582439777 0.51768419789 0.52461772890 0.56010542323 0.58412660119 0.63691602169 0.69749806496 0.78388142544 1.02778896350 -258.1011844715 0.07715179348   -8 
-- Local optimization: reached maximum number of likelihood evaluations allowed.
---- Best joint likelihood found -258.101184471539455 with gradient 0.07715

---- Results for Mmc/938.polyDFE.config.txt 
--  Model: C
--        eps_an        lambda     theta_bar             a 
-- 0.00292719060 0.01935612249 0.01015525583            -1 
--           S_d             b           p_b           S_b 
-- -80.121163109 0.11972022313 0.01614432737 9.03545797317 
--           r 2           r 3           r 4           r 5           r 6           r 7           r 8           r 9          r 10          r 11          r 12          r 13          r 14          r 15          r 16          r 17          r 18          r 19          r 20 
-- 0.86397250101 0.71845467995 0.62021671806 0.55598848488 0.53250709373 0.50965216008 0.49555478865 0.48911333897 0.49327532219 0.48783559084 0.51582439777 0.51768419789 0.52461772890 0.56010542323 0.58412660119 0.63691602169 0.69749806496 0.78388142544 1.02778896350 

---- Expected P_neut(i), 0 < i < n (neutral SFS per site) 
E[P_neut(1)] = 0.0101267559
E[P_neut(2)] = 0.0043752414
E[P_neut(3)] = 0.0024260251
E[P_neut(4)] = 0.0015710909
E[P_neut(5)] = 0.0011270456
E[P_neut(6)] = 0.0008997666
E[P_neut(7)] = 0.0007383978
E[P_neut(8)] = 0.0006284971
E[P_neut(9)] = 0.0005515996
E[P_neut(10)] = 0.0005009337
E[P_neut(11)] = 0.0004506695
E[P_neut(12)] = 0.0004370910
E[P_neut(13)] = 0.0004053817
E[P_neut(14)] = 0.0003820691
E[P_neut(15)] = 0.0003813964
E[P_neut(16)] = 0.0003742711
E[P_neut(17)] = 0.0003864785
E[P_neut(18)] = 0.0004052046
E[P_neut(19)] = 0.0004474745

---- Expected P_sel(i), 0 < i < n (selected SFS per site) 
E[P_sel(1)] = 0.0072349015
E[P_sel(2)] = 0.0028252162
E[P_sel(3)] = 0.0014892341
E[P_sel(4)] = 0.0009338360
E[P_sel(5)] = 0.0006546669
E[P_sel(6)] = 0.0005136140
E[P_sel(7)] = 0.0004157804
E[P_sel(8)] = 0.0003500742
E[P_sel(9)] = 0.0003046050
E[P_sel(10)] = 0.0002747737
E[P_sel(11)] = 0.0002459807
E[P_sel(12)] = 0.0002377973
E[P_sel(13)] = 0.0002202302
E[P_sel(14)] = 0.0002076898
E[P_sel(15)] = 0.0002079508
E[P_sel(16)] = 0.0002053414
E[P_sel(17)] = 0.0002143248
E[P_sel(18)] = 0.0002288498
E[P_sel(19)] = 0.0002621816

---- Expected D_neut and D_sel (neutral and selected divergence per site) 
E[D_neut] = 0.0198779955
E[D_sel] = 0.0125330696

---- Expected neutral and selected misattributed polymorphism per site
E[mis_neut] = 0.0005218730
E[mis_sel] = 0.0003112773

---- alpha_div = 0.235149
---- alpha_dfe = 0.235023

