---- Running command
---- ./polyDFE -d Mmc/939.polyDFE.config.txt -m C -e 
---- Performing inference using model C

---- Performing inference on Mmc/939.polyDFE.config.txt
---- No mutation variability. Using Poisson likelihood.


---- Calculating initial values

-- Starting local optimization
-- Optimizing all parameters
  it        eps_an        lambda     theta_bar           S_d             b           p_b           S_b           r 2           r 3           r 4           r 5           r 6           r 7           r 8           r 9          r 10          r 11          r 12          r 13          r 14          r 15          r 16          r 17          r 18          r 19          r 20           ln lk          grad status 
   0           0.1 0.01927902579 0.01135046940        -20000         0.208           0.1            20 0.87010357353 0.73136815162 0.64228705548 0.58319244254 0.55358047662 0.54459226040 0.53486600976 0.52759959641 0.55095302731 0.56163247711 0.59215713663 0.62589008546 0.65937356474 0.74615685995 0.86655909128 1.11782586986 1.57805438159             1             1 -1114015.609798 23129.7251495   -2 
 711 0.00279085296 0.01932984426 0.01015843723 -86.097303696 0.11562787070 0.01375739520 10.2680445730 0.86074522402 0.71720080203 0.61865584990 0.55676163282 0.52587578277 0.51006095224 0.49280906260 0.48074429403 0.49104131332 0.48900094027 0.51030109701 0.51443958177 0.52021858849 0.55227755933 0.58568786662 0.64641598855 0.70140707541 0.78486790852 1.01879387590 -269.1997700432 0.11920611864   -3 
-- Local optimization: stuck in the same solution
---- Best joint likelihood found -269.199770043254830 with gradient 0.11921

---- Results for Mmc/939.polyDFE.config.txt 
--  Model: C
--        eps_an        lambda     theta_bar             a 
-- 0.00279085296 0.01932984426 0.01015843723            -1 
--           S_d             b           p_b           S_b 
-- -86.097303696 0.11562787070 0.01375739520 10.2680445730 
--           r 2           r 3           r 4           r 5           r 6           r 7           r 8           r 9          r 10          r 11          r 12          r 13          r 14          r 15          r 16          r 17          r 18          r 19          r 20 
-- 0.86074522402 0.71720080203 0.61865584990 0.55676163282 0.52587578277 0.51006095224 0.49280906260 0.48074429403 0.49104131332 0.48900094027 0.51030109701 0.51443958177 0.52021858849 0.55227755933 0.58568786662 0.64641598855 0.70140707541 0.78486790852 1.01879387590 

---- Expected P_neut(i), 0 < i < n (neutral SFS per site) 
E[P_neut(1)] = 0.0101312577
E[P_neut(2)] = 0.0043608165
E[P_neut(3)] = 0.0024228467
E[P_neut(4)] = 0.0015677971
E[P_neut(5)] = 0.0011290525
E[P_neut(6)] = 0.0008889147
E[P_neut(7)] = 0.0007392593
E[P_neut(8)] = 0.0006252304
E[P_neut(9)] = 0.0005423694
E[P_neut(10)] = 0.0004988212
E[P_neut(11)] = 0.0004518436
E[P_neut(12)] = 0.0004325293
E[P_neut(13)] = 0.0004029364
E[P_neut(14)] = 0.0003789033
E[P_neut(15)] = 0.0003761315
E[P_neut(16)] = 0.0003752016
E[P_neut(17)] = 0.0003919689
E[P_neut(18)] = 0.0004069411
E[P_neut(19)] = 0.0004468128

---- Expected P_sel(i), 0 < i < n (selected SFS per site) 
E[P_sel(1)] = 0.0072336095
E[P_sel(2)] = 0.0028204191
E[P_sel(3)] = 0.0014915678
E[P_sel(4)] = 0.0009352783
E[P_sel(5)] = 0.0006585421
E[P_sel(6)] = 0.0005096650
E[P_sel(7)] = 0.0004181741
E[P_sel(8)] = 0.0003498681
E[P_sel(9)] = 0.0003008805
E[P_sel(10)] = 0.0002748306
E[P_sel(11)] = 0.0002476600
E[P_sel(12)] = 0.0002362304
E[P_sel(13)] = 0.0002196603
E[P_sel(14)] = 0.0002065734
E[P_sel(15)] = 0.0002055536
E[P_sel(16)] = 0.0002061717
E[P_sel(17)] = 0.0002175255
E[P_sel(18)] = 0.0002298183
E[P_sel(19)] = 0.0002617272

---- Expected D_neut and D_sel (neutral and selected divergence per site) 
E[D_neut] = 0.0198473120
E[D_sel] = 0.0125492576

---- Expected neutral and selected misattributed polymorphism per site
E[mis_neut] = 0.0005174677
E[mis_sel] = 0.0003086443

---- alpha_div = 0.226185
---- alpha_dfe = 0.226117

