---- Running command
---- ./polyDFE -d Mmc/94.polyDFE.config.txt -m C -e 
---- Performing inference using model C

---- Performing inference on Mmc/94.polyDFE.config.txt
---- No mutation variability. Using Poisson likelihood.


---- Calculating initial values

-- Starting local optimization
-- Optimizing all parameters
  it        eps_an        lambda     theta_bar           S_d             b           p_b           S_b           r 2           r 3           r 4           r 5           r 6           r 7           r 8           r 9          r 10          r 11          r 12          r 13          r 14          r 15          r 16          r 17          r 18          r 19          r 20           ln lk          grad status 
   0           0.1 0.01931558219 0.01137484909        -20000         0.208           0.1            20 0.87230460416 0.73025955900 0.64422066079 0.58472024660 0.55648098022 0.54281894573 0.53719824175 0.53348479072 0.55101732197 0.55675860974 0.58650268268 0.62683727888 0.67072582513 0.74041529801 0.86093925306 1.11293080314 1.57685834934             1             1 -1121427.650923 23259.1769481   -2 
 651 0.00177573855 0.01936422069 0.01016484320 -73.842063090 0.12812292391 0.03136684414 5.12207719783 0.86558333527 0.71667322154 0.62130196716 0.55448265674 0.52722714976 0.50940594932 0.49588591896 0.48758316173 0.49767339365 0.48560632465 0.50619490601 0.51789476535 0.52769288117 0.55420873583 0.58077072074 0.64930587844 0.69316019776 0.80619810064 1.02665979402 -280.5016918168 0.11402074261   -3 
-- Local optimization: stuck in the same solution
---- Best joint likelihood found -280.501691816854873 with gradient 0.11402

---- Results for Mmc/94.polyDFE.config.txt 
--  Model: C
--        eps_an        lambda     theta_bar             a 
-- 0.00177573855 0.01936422069 0.01016484320            -1 
--           S_d             b           p_b           S_b 
-- -73.842063090 0.12812292391 0.03136684414 5.12207719783 
--           r 2           r 3           r 4           r 5           r 6           r 7           r 8           r 9          r 10          r 11          r 12          r 13          r 14          r 15          r 16          r 17          r 18          r 19          r 20 
-- 0.86558333527 0.71667322154 0.62130196716 0.55448265674 0.52722714976 0.50940594932 0.49588591896 0.48758316173 0.49767339365 0.48560632465 0.50619490601 0.51789476535 0.52769288117 0.55420873583 0.58077072074 0.64930587844 0.69316019776 0.80619810064 1.02665979402 

---- Expected P_neut(i), 0 < i < n (neutral SFS per site) 
E[P_neut(1)] = 0.0101475590
E[P_neut(2)] = 0.0043921426
E[P_neut(3)] = 0.0024246677
E[P_neut(4)] = 0.0015767108
E[P_neut(5)] = 0.0011259111
E[P_neut(6)] = 0.0008922912
E[P_neut(7)] = 0.0007391243
E[P_neut(8)] = 0.0006297179
E[P_neut(9)] = 0.0005505086
E[P_neut(10)] = 0.0005058772
E[P_neut(11)] = 0.0004489185
E[P_neut(12)] = 0.0004291401
E[P_neut(13)] = 0.0004055421
E[P_neut(14)] = 0.0003840425
E[P_neut(15)] = 0.0003768978
E[P_neut(16)] = 0.0003711137
E[P_neut(17)] = 0.0003918633
E[P_neut(18)] = 0.0003985538
E[P_neut(19)] = 0.0004485935

---- Expected P_sel(i), 0 < i < n (selected SFS per site) 
E[P_sel(1)] = 0.0072533146
E[P_sel(2)] = 0.0028302177
E[P_sel(3)] = 0.0014837597
E[P_sel(4)] = 0.0009340668
E[P_sel(5)] = 0.0006520299
E[P_sel(6)] = 0.0005081304
E[P_sel(7)] = 0.0004155771
E[P_sel(8)] = 0.0003506450
E[P_sel(9)] = 0.0003043292
E[P_sel(10)] = 0.0002782302
E[P_sel(11)] = 0.0002461304
E[P_sel(12)] = 0.0002350015
E[P_sel(13)] = 0.0002222523
E[P_sel(14)] = 0.0002110920
E[P_sel(15)] = 0.0002082938
E[P_sel(16)] = 0.0002068371
E[P_sel(17)] = 0.0002210949
E[P_sel(18)] = 0.0002289205
E[P_sel(19)] = 0.0002652028

---- Expected D_neut and D_sel (neutral and selected divergence per site) 
E[D_neut] = 0.0198860125
E[D_sel] = 0.0125055046

---- Expected neutral and selected misattributed polymorphism per site
E[mis_neut] = 0.0005217918
E[mis_sel] = 0.0003151246

---- alpha_div = 0.267748
---- alpha_dfe = 0.267609

