---- Running command
---- ./polyDFE -d Mmc/940.polyDFE.config.txt -m C -e 
---- Performing inference using model C

---- Performing inference on Mmc/940.polyDFE.config.txt
---- No mutation variability. Using Poisson likelihood.


---- Calculating initial values

-- Starting local optimization
-- Optimizing all parameters
  it        eps_an        lambda     theta_bar           S_d             b           p_b           S_b           r 2           r 3           r 4           r 5           r 6           r 7           r 8           r 9          r 10          r 11          r 12          r 13          r 14          r 15          r 16          r 17          r 18          r 19          r 20           ln lk          grad status 
   0           0.1 0.01925742475 0.01133238785        -20000         0.208           0.1            20 0.87234215956 0.72991250880 0.64796970530 0.58486165461 0.55821830912 0.54103301910 0.53993760084 0.53114467175 0.55199651914 0.55876378683 0.59684892971 0.62727321764 0.66181974647 0.75363336582 0.87179602870 1.10170422518 1.57858339034             1             1 -1113477.270798 23110.6050841   -2 
 733 0.00172773301 0.01926210335 0.01012240745 -73.653171069 0.12485143894 0.02445203831 6.41733785368 0.86613680809 0.71789500861 0.62410828754 0.55751143320 0.53053859207 0.50675921363 0.49640109289 0.48810748159 0.49697340740 0.48654164348 0.51637059508 0.51421834993 0.51453590759 0.56229113328 0.58664757615 0.64707403149 0.71088092372 0.80445943766 1.11165126426 -288.3915506017 0.06525185703   -8 
-- Local optimization: reached maximum number of likelihood evaluations allowed.
---- Best joint likelihood found -288.391550601780182 with gradient 0.06525

---- Results for Mmc/940.polyDFE.config.txt 
--  Model: C
--        eps_an        lambda     theta_bar             a 
-- 0.00172773301 0.01926210335 0.01012240745            -1 
--           S_d             b           p_b           S_b 
-- -73.653171069 0.12485143894 0.02445203831 6.41733785368 
--           r 2           r 3           r 4           r 5           r 6           r 7           r 8           r 9          r 10          r 11          r 12          r 13          r 14          r 15          r 16          r 17          r 18          r 19          r 20 
-- 0.86613680809 0.71789500861 0.62410828754 0.55751143320 0.53053859207 0.50675921363 0.49640109289 0.48810748159 0.49697340740 0.48654164348 0.51637059508 0.51421834993 0.51453590759 0.56229113328 0.58664757615 0.64707403149 0.71088092372 0.80445943766 1.11165126426 

---- Expected P_neut(i), 0 < i < n (neutral SFS per site) 
E[P_neut(1)] = 0.0101056591
E[P_neut(2)] = 0.0043768117
E[P_neut(3)] = 0.0024187559
E[P_neut(4)] = 0.0015772821
E[P_neut(5)] = 0.0011273771
E[P_neut(6)] = 0.0008941510
E[P_neut(7)] = 0.0007322290
E[P_neut(8)] = 0.0006277641
E[P_neut(9)] = 0.0005488054
E[P_neut(10)] = 0.0005030567
E[P_neut(11)] = 0.0004478997
E[P_neut(12)] = 0.0004359088
E[P_neut(13)] = 0.0004009687
E[P_neut(14)] = 0.0003729281
E[P_neut(15)] = 0.0003807438
E[P_neut(16)] = 0.0003732304
E[P_neut(17)] = 0.0003888104
E[P_neut(18)] = 0.0004066513
E[P_neut(19)] = 0.0004453308

---- Expected P_sel(i), 0 < i < n (selected SFS per site) 
E[P_sel(1)] = 0.0072438501
E[P_sel(2)] = 0.0028313860
E[P_sel(3)] = 0.0014864043
E[P_sel(4)] = 0.0009383447
E[P_sel(5)] = 0.0006555014
E[P_sel(6)] = 0.0005110697
E[P_sel(7)] = 0.0004130451
E[P_sel(8)] = 0.0003505206
E[P_sel(9)] = 0.0003040458
E[P_sel(10)] = 0.0002770971
E[P_sel(11)] = 0.0002457652
E[P_sel(12)] = 0.0002387097
E[P_sel(13)] = 0.0002195672
E[P_sel(14)] = 0.0002046459
E[P_sel(15)] = 0.0002099030
E[P_sel(16)] = 0.0002073651
E[P_sel(17)] = 0.0002185985
E[P_sel(18)] = 0.0002327753
E[P_sel(19)] = 0.0002627783

---- Expected D_neut and D_sel (neutral and selected divergence per site) 
E[D_neut] = 0.0198247327
E[D_sel] = 0.0125501013

---- Expected neutral and selected misattributed polymorphism per site
E[mis_neut] = 0.0005626294
E[mis_sel] = 0.0003399698

---- alpha_div = 0.255632
---- alpha_dfe = 0.255575

