---- Running command
---- ./polyDFE -d Mmc/941.polyDFE.config.txt -m C -e 
---- Performing inference using model C

---- Performing inference on Mmc/941.polyDFE.config.txt
---- No mutation variability. Using Poisson likelihood.


---- Calculating initial values

-- Starting local optimization
-- Optimizing all parameters
  it        eps_an        lambda     theta_bar           S_d             b           p_b           S_b           r 2           r 3           r 4           r 5           r 6           r 7           r 8           r 9          r 10          r 11          r 12          r 13          r 14          r 15          r 16          r 17          r 18          r 19          r 20           ln lk          grad status 
   0           0.1 0.01928273421 0.01136312014        -20000         0.208           0.1            20 0.87453474088 0.73106043939 0.64319879537 0.58324317701 0.55858308117 0.54076819764 0.53762163843 0.53232913682 0.55041993808 0.55407586204 0.59601480744 0.62018016720 0.66286210678 0.75465196893 0.85945376745 1.10517002687 1.57531464339             1             1 -1120570.691029 23218.3429247   -2 
 803 0.00061854475 0.01929802506 0.01015238934 -76.257301528 0.12325595553 0.02146502434 7.06901388754 0.86328205193 0.71749961691 0.62230023938 0.55647061997 0.52732779055 0.50695161420 0.49631035678 0.48876126699 0.49236873516 0.48501106291 0.51507957527 0.51131135817 0.52090342144 0.56368354281 0.58891440848 0.64070650869 0.70835474700 0.82007467802 1.09385369312 -274.6732325735 0.04214480971   -3 
-- Local optimization: stuck in the same solution
---- Best joint likelihood found -274.673232573579298 with gradient 0.04214

---- Results for Mmc/941.polyDFE.config.txt 
--  Model: C
--        eps_an        lambda     theta_bar             a 
-- 0.00061854475 0.01929802506 0.01015238934            -1 
--           S_d             b           p_b           S_b 
-- -76.257301528 0.12325595553 0.02146502434 7.06901388754 
--           r 2           r 3           r 4           r 5           r 6           r 7           r 8           r 9          r 10          r 11          r 12          r 13          r 14          r 15          r 16          r 17          r 18          r 19          r 20 
-- 0.86328205193 0.71749961691 0.62230023938 0.55647061997 0.52732779055 0.50695161420 0.49631035678 0.48876126699 0.49236873516 0.48501106291 0.51507957527 0.51131135817 0.52090342144 0.56368354281 0.58891440848 0.64070650869 0.70835474700 0.82007467802 1.09385369312 

---- Expected P_neut(i), 0 < i < n (neutral SFS per site) 
E[P_neut(1)] = 0.0101463807
E[P_neut(2)] = 0.0043797243
E[P_neut(3)] = 0.0024268466
E[P_neut(4)] = 0.0015787128
E[P_neut(5)] = 0.0011294384
E[P_neut(6)] = 0.0008919546
E[P_neut(7)] = 0.0007350451
E[P_neut(8)] = 0.0006297220
E[P_neut(9)] = 0.0005512797
E[P_neut(10)] = 0.0004998719
E[P_neut(11)] = 0.0004477024
E[P_neut(12)] = 0.0004358941
E[P_neut(13)] = 0.0003995179
E[P_neut(14)] = 0.0003780621
E[P_neut(15)] = 0.0003819786
E[P_neut(16)] = 0.0003744264
E[P_neut(17)] = 0.0003838947
E[P_neut(18)] = 0.0004019909
E[P_neut(19)] = 0.0004442043

---- Expected P_sel(i), 0 < i < n (selected SFS per site) 
E[P_sel(1)] = 0.0072570863
E[P_sel(2)] = 0.0028278605
E[P_sel(3)] = 0.0014887516
E[P_sel(4)] = 0.0009375549
E[P_sel(5)] = 0.0006555023
E[P_sel(6)] = 0.0005088106
E[P_sel(7)] = 0.0004137346
E[P_sel(8)] = 0.0003507629
E[P_sel(9)] = 0.0003045852
E[P_sel(10)] = 0.0002744959
E[P_sel(11)] = 0.0002448014
E[P_sel(12)] = 0.0002377600
E[P_sel(13)] = 0.0002177949
E[P_sel(14)] = 0.0002064126
E[P_sel(15)] = 0.0002093799
E[P_sel(16)] = 0.0002066835
E[P_sel(17)] = 0.0002142498
E[P_sel(18)] = 0.0002281129
E[P_sel(19)] = 0.0002588429

---- Expected D_neut and D_sel (neutral and selected divergence per site) 
E[D_neut] = 0.0198532865
E[D_sel] = 0.0125070190

---- Expected neutral and selected misattributed polymorphism per site
E[mis_neut] = 0.0005552614
E[mis_sel] = 0.0003332298

---- alpha_div = 0.247281
---- alpha_dfe = 0.247080

