---- Running command
---- ./polyDFE -d Mmc/942.polyDFE.config.txt -m C -e 
---- Performing inference using model C

---- Performing inference on Mmc/942.polyDFE.config.txt
---- No mutation variability. Using Poisson likelihood.


---- Calculating initial values

-- Starting local optimization
-- Optimizing all parameters
  it        eps_an        lambda     theta_bar           S_d             b           p_b           S_b           r 2           r 3           r 4           r 5           r 6           r 7           r 8           r 9          r 10          r 11          r 12          r 13          r 14          r 15          r 16          r 17          r 18          r 19          r 20           ln lk          grad status 
   0           0.1 0.01926644617 0.01135856388        -20000         0.208           0.1            20 0.86998558868 0.73199059764 0.64613074625 0.58347664181 0.55612344888 0.53430382728 0.53747457178 0.52946324846 0.54445574931 0.55755071102 0.59341174318 0.62330693081 0.66807993448 0.75212118236 0.86283039379 1.10958183864 1.58415149985             1             1 -1116899.618515 23175.5787898   -2 
 490 0.00320093070 0.01928292255 0.01015638391 -80.584366602 0.12075420103 0.01980572081 7.51901912863 0.86362888873 0.71960860149 0.62138242339 0.55577783191 0.52747898306 0.50561633978 0.49481166044 0.48556497744 0.49025621379 0.48594728055 0.51181291989 0.51556181765 0.52266211205 0.55559449629 0.58059365130 0.64040236988 0.69623950830 0.76976314103 1.09139819202 -285.1547196611 0.17628492577   -8 
-- Local optimization: reached maximum number of likelihood evaluations allowed.
---- Best joint likelihood found -285.154719661164563 with gradient 0.17628

---- Results for Mmc/942.polyDFE.config.txt 
--  Model: C
--        eps_an        lambda     theta_bar             a 
-- 0.00320093070 0.01928292255 0.01015638391            -1 
--           S_d             b           p_b           S_b 
-- -80.584366602 0.12075420103 0.01980572081 7.51901912863 
--           r 2           r 3           r 4           r 5           r 6           r 7           r 8           r 9          r 10          r 11          r 12          r 13          r 14          r 15          r 16          r 17          r 18          r 19          r 20 
-- 0.86362888873 0.71960860149 0.62138242339 0.55577783191 0.52747898306 0.50561633978 0.49481166044 0.48556497744 0.49025621379 0.48594728055 0.51181291989 0.51556181765 0.52266211205 0.55559449629 0.58059365130 0.64040236988 0.69623950830 0.76976314103 1.09139819202 

---- Expected P_neut(i), 0 < i < n (neutral SFS per site) 
E[P_neut(1)] = 0.0101251911
E[P_neut(2)] = 0.0043728925
E[P_neut(3)] = 0.0024296336
E[P_neut(4)] = 0.0015738790
E[P_neut(5)] = 0.0011265291
E[P_neut(6)] = 0.0008912355
E[P_neut(7)] = 0.0007325459
E[P_neut(8)] = 0.0006275629
E[P_neut(9)] = 0.0005476360
E[P_neut(10)] = 0.0004979230
E[P_neut(11)] = 0.0004489966
E[P_neut(12)] = 0.0004338049
E[P_neut(13)] = 0.0004038469
E[P_neut(14)] = 0.0003808127
E[P_neut(15)] = 0.0003785982
E[P_neut(16)] = 0.0003724163
E[P_neut(17)] = 0.0003891718
E[P_neut(18)] = 0.0004056294
E[P_neut(19)] = 0.0004426670

---- Expected P_sel(i), 0 < i < n (selected SFS per site) 
E[P_sel(1)] = 0.0072274998
E[P_sel(2)] = 0.0028210331
E[P_sel(3)] = 0.0014902377
E[P_sel(4)] = 0.0009349437
E[P_sel(5)] = 0.0006541688
E[P_sel(6)] = 0.0005087601
E[P_sel(7)] = 0.0004126561
E[P_sel(8)] = 0.0003498496
E[P_sel(9)] = 0.0003028180
E[P_sel(10)] = 0.0002736323
E[P_sel(11)] = 0.0002456718
E[P_sel(12)] = 0.0002367477
E[P_sel(13)] = 0.0002202417
E[P_sel(14)] = 0.0002079670
E[P_sel(15)] = 0.0002075553
E[P_sel(16)] = 0.0002056127
E[P_sel(17)] = 0.0002173330
E[P_sel(18)] = 0.0002307862
E[P_sel(19)] = 0.0002611706

---- Expected D_neut and D_sel (neutral and selected divergence per site) 
E[D_neut] = 0.0198371555
E[D_sel] = 0.0124992513

---- Expected neutral and selected misattributed polymorphism per site
E[mis_neut] = 0.0005542330
E[mis_sel] = 0.0003322598

---- alpha_div = 0.241983
---- alpha_dfe = 0.241753

