---- Running command
---- ./polyDFE -d Mmc/943.polyDFE.config.txt -m C -e 
---- Performing inference using model C

---- Performing inference on Mmc/943.polyDFE.config.txt
---- No mutation variability. Using Poisson likelihood.


---- Calculating initial values

-- Starting local optimization
-- Optimizing all parameters
  it        eps_an        lambda     theta_bar           S_d             b           p_b           S_b           r 2           r 3           r 4           r 5           r 6           r 7           r 8           r 9          r 10          r 11          r 12          r 13          r 14          r 15          r 16          r 17          r 18          r 19          r 20           ln lk          grad status 
   0           0.1 0.01930261849 0.01139215273        -20000         0.208           0.1            20 0.87012720451 0.73309386556 0.64238402906 0.58139401882 0.55868871485 0.53714222853 0.53990355521 0.52851890446 0.55487746999 0.55750050073 0.58849315008 0.62109018119 0.66492500218 0.74708046940 0.86690816993 1.10623441695 1.57738426123             1             1 -1119744.540177 23204.4151313   -2 
1078 0.00088297034 0.01926915806 0.01016876637 -88.204055231 0.11522529501 0.01378589799 10.1240967584 0.86425894459 0.71980940970 0.61771409518 0.55644056773 0.52955709757 0.50588506386 0.49549669639 0.48493937618 0.49516268149 0.48688197587 0.51262474034 0.51073466571 0.52674111315 0.55351382761 0.59235286399 0.64751826570 0.70647767983 0.81752223224 1.18889703252 -285.8062542699 0.04344072788   -8 
-- Local optimization: reached maximum number of likelihood evaluations allowed.
---- Best joint likelihood found -285.806254269977217 with gradient 0.04344

---- Results for Mmc/943.polyDFE.config.txt 
--  Model: C
--        eps_an        lambda     theta_bar             a 
-- 0.00088297034 0.01926915806 0.01016876637            -1 
--           S_d             b           p_b           S_b 
-- -88.204055231 0.11522529501 0.01378589799 10.1240967584 
--           r 2           r 3           r 4           r 5           r 6           r 7           r 8           r 9          r 10          r 11          r 12          r 13          r 14          r 15          r 16          r 17          r 18          r 19          r 20 
-- 0.86425894459 0.71980940970 0.61771409518 0.55644056773 0.52955709757 0.50588506386 0.49549669639 0.48493937618 0.49516268149 0.48688197587 0.51262474034 0.51073466571 0.52674111315 0.55351382761 0.59235286399 0.64751826570 0.70647767983 0.81752223224 1.18889703252 

---- Expected P_neut(i), 0 < i < n (neutral SFS per site) 
E[P_neut(1)] = 0.0101601740
E[P_neut(2)] = 0.0043906961
E[P_neut(3)] = 0.0024380456
E[P_neut(4)] = 0.0015692934
E[P_neut(5)] = 0.0011309949
E[P_neut(6)] = 0.0008970358
E[P_neut(7)] = 0.0007345934
E[P_neut(8)] = 0.0006296512
E[P_neut(9)] = 0.0005478286
E[P_neut(10)] = 0.0005035194
E[P_neut(11)] = 0.0004501763
E[P_neut(12)] = 0.0004345693
E[P_neut(13)] = 0.0003997993
E[P_neut(14)] = 0.0003830480
E[P_neut(15)] = 0.0003759048
E[P_neut(16)] = 0.0003775228
E[P_neut(17)] = 0.0003891336
E[P_neut(18)] = 0.0004026390
E[P_neut(19)] = 0.0004461288

---- Expected P_sel(i), 0 < i < n (selected SFS per site) 
E[P_sel(1)] = 0.0072423951
E[P_sel(2)] = 0.0028355453
E[P_sel(3)] = 0.0014989372
E[P_sel(4)] = 0.0009350358
E[P_sel(5)] = 0.0006589311
E[P_sel(6)] = 0.0005137740
E[P_sel(7)] = 0.0004151137
E[P_sel(8)] = 0.0003519981
E[P_sel(9)] = 0.0003036196
E[P_sel(10)] = 0.0002771578
E[P_sel(11)] = 0.0002465128
E[P_sel(12)] = 0.0002371144
E[P_sel(13)] = 0.0002177266
E[P_sel(14)] = 0.0002085970
E[P_sel(15)] = 0.0002051615
E[P_sel(16)] = 0.0002071033
E[P_sel(17)] = 0.0002154417
E[P_sel(18)] = 0.0002264143
E[P_sel(19)] = 0.0002582439

---- Expected D_neut and D_sel (neutral and selected divergence per site) 
E[D_neut] = 0.0198736389
E[D_sel] = 0.0125226390

---- Expected neutral and selected misattributed polymorphism per site
E[mis_neut] = 0.0006044808
E[mis_sel] = 0.0003597867

---- alpha_div = 0.224332
---- alpha_dfe = 0.224212

