---- Running command
---- ./polyDFE -d Mmc/944.polyDFE.config.txt -m C -e 
---- Performing inference using model C

---- Performing inference on Mmc/944.polyDFE.config.txt
---- No mutation variability. Using Poisson likelihood.


---- Calculating initial values

-- Starting local optimization
-- Optimizing all parameters
  it        eps_an        lambda     theta_bar           S_d             b           p_b           S_b           r 2           r 3           r 4           r 5           r 6           r 7           r 8           r 9          r 10          r 11          r 12          r 13          r 14          r 15          r 16          r 17          r 18          r 19          r 20           ln lk          grad status 
   0           0.1 0.01928084616 0.01137580702        -20000         0.208           0.1            20 0.87201987037 0.73478047383 0.64436515106 0.58155024892 0.55988649771 0.53559982388 0.53784381173 0.52710377058 0.54898934936 0.55665604430 0.59190441902 0.62238743750 0.66429681115 0.75534923812 0.87057534674 1.10006744180 1.58399214554             1             1 -1114217.442778 23122.0352237   -2 
 269 0.00572903664 0.01933450059 0.01021921424 -97.176089785 0.10924067454 0.00658393088 19.8339240650 0.86278296508 0.71809985938 0.61781612100 0.55074109928 0.52621699802 0.50164770268 0.49273914604 0.48178557038 0.49193365320 0.48144036393 0.50409297230 0.51103319227 0.51957372618 0.55871101878 0.58016805976 0.63416445590 0.67955164600 0.72158834425 1.00880399510 -298.6772345883 0.30506218233   -3 
-- Local optimization: stuck in the same solution
---- Best joint likelihood found -298.677234588380088 with gradient 0.30506

---- Results for Mmc/944.polyDFE.config.txt 
--  Model: C
--        eps_an        lambda     theta_bar             a 
-- 0.00572903664 0.01933450059 0.01021921424            -1 
--           S_d             b           p_b           S_b 
-- -97.176089785 0.10924067454 0.00658393088 19.8339240650 
--           r 2           r 3           r 4           r 5           r 6           r 7           r 8           r 9          r 10          r 11          r 12          r 13          r 14          r 15          r 16          r 17          r 18          r 19          r 20 
-- 0.86278296508 0.71809985938 0.61781612100 0.55074109928 0.52621699802 0.50164770268 0.49273914604 0.48178557038 0.49193365320 0.48144036393 0.50409297230 0.51103319227 0.51957372618 0.55871101878 0.58016805976 0.63416445590 0.67955164600 0.72158834425 1.00880399510 

---- Expected P_neut(i), 0 < i < n (neutral SFS per site) 
E[P_neut(1)] = 0.0101628915
E[P_neut(2)] = 0.0043854359
E[P_neut(3)] = 0.0024343087
E[P_neut(4)] = 0.0015714790
E[P_neut(5)] = 0.0011213602
E[P_neut(6)] = 0.0008932922
E[P_neut(7)] = 0.0007304551
E[P_neut(8)] = 0.0006282793
E[P_neut(9)] = 0.0005464805
E[P_neut(10)] = 0.0005027175
E[P_neut(11)] = 0.0004478391
E[P_neut(12)] = 0.0004304328
E[P_neut(13)] = 0.0004036140
E[P_neut(14)] = 0.0003822215
E[P_neut(15)] = 0.0003849072
E[P_neut(16)] = 0.0003774736
E[P_neut(17)] = 0.0003930455
E[P_neut(18)] = 0.0004088507
E[P_neut(19)] = 0.0004444315

---- Expected P_sel(i), 0 < i < n (selected SFS per site) 
E[P_sel(1)] = 0.0072393038
E[P_sel(2)] = 0.0028378641
E[P_sel(3)] = 0.0015015937
E[P_sel(4)] = 0.0009399609
E[P_sel(5)] = 0.0006559290
E[P_sel(6)] = 0.0005135950
E[P_sel(7)] = 0.0004141941
E[P_sel(8)] = 0.0003522235
E[P_sel(9)] = 0.0003034807
E[P_sel(10)] = 0.0002769864
E[P_sel(11)] = 0.0002451638
E[P_sel(12)] = 0.0002344373
E[P_sel(13)] = 0.0002190215
E[P_sel(14)] = 0.0002069846
E[P_sel(15)] = 0.0002084149
E[P_sel(16)] = 0.0002049799
E[P_sel(17)] = 0.0002150638
E[P_sel(18)] = 0.0002277299
E[P_sel(19)] = 0.0002605468

---- Expected D_neut and D_sel (neutral and selected divergence per site) 
E[D_neut] = 0.0198499598
E[D_sel] = 0.0125660567

---- Expected neutral and selected misattributed polymorphism per site
E[mis_neut] = 0.0005154592
E[mis_sel] = 0.0003014111

---- alpha_div = 0.206669
---- alpha_dfe = 0.206661

