---- Running command
---- ./polyDFE -d Mmc/945.polyDFE.config.txt -m C -e 
---- Performing inference using model C

---- Performing inference on Mmc/945.polyDFE.config.txt
---- No mutation variability. Using Poisson likelihood.


---- Calculating initial values

-- Starting local optimization
-- Optimizing all parameters
  it        eps_an        lambda     theta_bar           S_d             b           p_b           S_b           r 2           r 3           r 4           r 5           r 6           r 7           r 8           r 9          r 10          r 11          r 12          r 13          r 14          r 15          r 16          r 17          r 18          r 19          r 20           ln lk          grad status 
   0           0.1 0.01929237441 0.01134844646        -20000         0.208           0.1            20 0.87375996917 0.73694980138 0.64356318236 0.58411913308 0.55724475025 0.54179584099 0.54191261432 0.52902204471 0.55378576973 0.56101961745 0.59506802702 0.62142029036 0.66933394168 0.74908457945 0.86649940469 1.11852251325 1.58270075063             1             1 -1119098.499220 23226.7184577   -2 
 522 0.00306966779 0.01933845572 0.01015618190 -76.397824165 0.12270016055 0.01929036932 7.86107740718 0.86611047190 0.72132115105 0.62035253893 0.55762759137 0.52900263347 0.51022695858 0.49823875885 0.48132535901 0.49314262454 0.48887040017 0.51186258189 0.51520630848 0.52505233902 0.55118359233 0.58804268486 0.64379222548 0.69713887965 0.77575379206 1.02862384937 -273.4639403403 0.10199242937   -3 
-- Local optimization: stuck in the same solution
---- Best joint likelihood found -273.463940340341651 with gradient 0.10199

---- Results for Mmc/945.polyDFE.config.txt 
--  Model: C
--        eps_an        lambda     theta_bar             a 
-- 0.00306966779 0.01933845572 0.01015618190            -1 
--           S_d             b           p_b           S_b 
-- -76.397824165 0.12270016055 0.01929036932 7.86107740718 
--           r 2           r 3           r 4           r 5           r 6           r 7           r 8           r 9          r 10          r 11          r 12          r 13          r 14          r 15          r 16          r 17          r 18          r 19          r 20 
-- 0.86611047190 0.72132115105 0.62035253893 0.55762759137 0.52900263347 0.51022695858 0.49823875885 0.48132535901 0.49314262454 0.48887040017 0.51186258189 0.51520630848 0.52505233902 0.55118359233 0.58804268486 0.64379222548 0.69713887965 0.77575379206 1.02862384937 

---- Expected P_neut(i), 0 < i < n (neutral SFS per site) 
E[P_neut(1)] = 0.0101262787
E[P_neut(2)] = 0.0043858942
E[P_neut(3)] = 0.0024356409
E[P_neut(4)] = 0.0015714141
E[P_neut(5)] = 0.0011303421
E[P_neut(6)] = 0.0008938617
E[P_neut(7)] = 0.0007392428
E[P_neut(8)] = 0.0006319136
E[P_neut(9)] = 0.0005428769
E[P_neut(10)] = 0.0005008446
E[P_neut(11)] = 0.0004516506
E[P_neut(12)] = 0.0004338259
E[P_neut(13)] = 0.0004035391
E[P_neut(14)] = 0.0003824743
E[P_neut(15)] = 0.0003755261
E[P_neut(16)] = 0.0003769560
E[P_neut(17)] = 0.0003909313
E[P_neut(18)] = 0.0004056418
E[P_neut(19)] = 0.0004445715

---- Expected P_sel(i), 0 < i < n (selected SFS per site) 
E[P_sel(1)] = 0.0072412771
E[P_sel(2)] = 0.0028311283
E[P_sel(3)] = 0.0014935980
E[P_sel(4)] = 0.0009327396
E[P_sel(5)] = 0.0006555762
E[P_sel(6)] = 0.0005094510
E[P_sel(7)] = 0.0004156452
E[P_sel(8)] = 0.0003515214
E[P_sel(9)] = 0.0002994760
E[P_sel(10)] = 0.0002745313
E[P_sel(11)] = 0.0002464454
E[P_sel(12)] = 0.0002360727
E[P_sel(13)] = 0.0002194076
E[P_sel(14)] = 0.0002082218
E[P_sel(15)] = 0.0002052194
E[P_sel(16)] = 0.0002074611
E[P_sel(17)] = 0.0002176583
E[P_sel(18)] = 0.0002301801
E[P_sel(19)] = 0.0002617459

---- Expected D_neut and D_sel (neutral and selected divergence per site) 
E[D_neut] = 0.0198608003
E[D_sel] = 0.0125396309

---- Expected neutral and selected misattributed polymorphism per site
E[mis_neut] = 0.0005223445
E[mis_sel] = 0.0003129674

---- alpha_div = 0.245308
---- alpha_dfe = 0.245221

