---- Running command
---- ./polyDFE -d Mmc/946.polyDFE.config.txt -m C -e 
---- Performing inference using model C

---- Performing inference on Mmc/946.polyDFE.config.txt
---- No mutation variability. Using Poisson likelihood.


---- Calculating initial values

-- Starting local optimization
-- Optimizing all parameters
  it        eps_an        lambda     theta_bar           S_d             b           p_b           S_b           r 2           r 3           r 4           r 5           r 6           r 7           r 8           r 9          r 10          r 11          r 12          r 13          r 14          r 15          r 16          r 17          r 18          r 19          r 20           ln lk          grad status 
   0           0.1 0.01924752713 0.01134081052        -20000         0.208           0.1            20 0.87248813252 0.73285654408 0.64603781474 0.58743617187 0.55774916292 0.53810491968 0.53317480198 0.52819517478 0.55131868876 0.55600000320 0.59714245614 0.62883816842 0.66866337987 0.75151947740 0.85853002983 1.11571540955 1.58492874575             1             1 -1112321.036153 23091.2966367   -2 
 614 0.00122683780 0.01908552156 0.01013422143 -80.257484022 0.12056880786 0.02050725389 7.37529017828 0.86330816930 0.71867980891 0.62168599694 0.55918492998 0.52772344994 0.50578552677 0.49547816208 0.48416743315 0.49486589473 0.48313381032 0.51674463015 0.52004939203 0.52915632129 0.55947101303 0.58268935702 0.65134812311 0.70945898276 0.81895300081 1.44045612609 -274.1417442585 0.14886492373   -8 
-- Local optimization: reached maximum number of likelihood evaluations allowed.
---- Best joint likelihood found -274.141744258566177 with gradient 0.14886

---- Results for Mmc/946.polyDFE.config.txt 
--  Model: C
--        eps_an        lambda     theta_bar             a 
-- 0.00122683780 0.01908552156 0.01013422143            -1 
--           S_d             b           p_b           S_b 
-- -80.257484022 0.12056880786 0.02050725389 7.37529017828 
--           r 2           r 3           r 4           r 5           r 6           r 7           r 8           r 9          r 10          r 11          r 12          r 13          r 14          r 15          r 16          r 17          r 18          r 19          r 20 
-- 0.86330816930 0.71867980891 0.62168599694 0.55918492998 0.52772344994 0.50578552677 0.49547816208 0.48416743315 0.49486589473 0.48313381032 0.51674463015 0.52004939203 0.52915632129 0.55947101303 0.58268935702 0.65134812311 0.70945898276 0.81895300081 1.44045612609 

---- Expected P_neut(i), 0 < i < n (neutral SFS per site) 
E[P_neut(1)] = 0.0101223243
E[P_neut(2)] = 0.0043696013
E[P_neut(3)] = 0.0024252513
E[P_neut(4)] = 0.0015735963
E[P_neut(5)] = 0.0011324540
E[P_neut(6)] = 0.0008907208
E[P_neut(7)] = 0.0007318480
E[P_neut(8)] = 0.0006274260
E[P_neut(9)] = 0.0005450617
E[P_neut(10)] = 0.0005015081
E[P_neut(11)] = 0.0004452305
E[P_neut(12)] = 0.0004366350
E[P_neut(13)] = 0.0004058083
E[P_neut(14)] = 0.0003836656
E[P_neut(15)] = 0.0003789136
E[P_neut(16)] = 0.0003705485
E[P_neut(17)] = 0.0003907907
E[P_neut(18)] = 0.0004043109
E[P_neut(19)] = 0.0004487104

---- Expected P_sel(i), 0 < i < n (selected SFS per site) 
E[P_sel(1)] = 0.0072334783
E[P_sel(2)] = 0.0028230166
E[P_sel(3)] = 0.0014900202
E[P_sel(4)] = 0.0009364751
E[P_sel(5)] = 0.0006588956
E[P_sel(6)] = 0.0005095244
E[P_sel(7)] = 0.0004131713
E[P_sel(8)] = 0.0003505860
E[P_sel(9)] = 0.0003021307
E[P_sel(10)] = 0.0002763091
E[P_sel(11)] = 0.0002442656
E[P_sel(12)] = 0.0002389619
E[P_sel(13)] = 0.0002219593
E[P_sel(14)] = 0.0002101590
E[P_sel(15)] = 0.0002083717
E[P_sel(16)] = 0.0002052020
E[P_sel(17)] = 0.0002188194
E[P_sel(18)] = 0.0002303061
E[P_sel(19)] = 0.0002630195

---- Expected D_neut and D_sel (neutral and selected divergence per site) 
E[D_neut] = 0.0198154166
E[D_sel] = 0.0125363522

---- Expected neutral and selected misattributed polymorphism per site
E[mis_neut] = 0.0007298951
E[mis_sel] = 0.0004395778

---- alpha_div = 0.244706
---- alpha_dfe = 0.244637

