---- Running command
---- ./polyDFE -d Mmc/947.polyDFE.config.txt -m C -e 
---- Performing inference using model C

---- Performing inference on Mmc/947.polyDFE.config.txt
---- No mutation variability. Using Poisson likelihood.


---- Calculating initial values

-- Starting local optimization
-- Optimizing all parameters
  it        eps_an        lambda     theta_bar           S_d             b           p_b           S_b           r 2           r 3           r 4           r 5           r 6           r 7           r 8           r 9          r 10          r 11          r 12          r 13          r 14          r 15          r 16          r 17          r 18          r 19          r 20           ln lk          grad status 
   0           0.1 0.01929377666 0.01135401974        -20000         0.208           0.1            20 0.87251126703 0.73348168480 0.64970370605 0.58548683779 0.55662118722 0.53552271591 0.53561067945 0.52878976766 0.55218562793 0.55127057734 0.59437756304 0.62170578376 0.66354278786 0.74869528592 0.86853266620 1.10489049955 1.58030588428             1             1 -1118643.474338 23183.0533617   -2 
 689 0.00028480315 0.01921572291 0.01013670475 -77.160672481 0.12269214531 0.02215981629 6.84729898438 0.86399115294 0.71954324703 0.62496599025 0.55693623940 0.52785067095 0.50747345884 0.49191124672 0.48743319003 0.49688236066 0.48536463672 0.51054003604 0.51173689939 0.52143301541 0.55802742405 0.59150481122 0.65062135049 0.70958236010 0.83201183990 1.27864922853 -279.8961080416 0.02570925662   -8 
-- Local optimization: reached maximum number of likelihood evaluations allowed.
---- Best joint likelihood found -279.896108041633852 with gradient 0.02571

---- Results for Mmc/947.polyDFE.config.txt 
--  Model: C
--        eps_an        lambda     theta_bar             a 
-- 0.00028480315 0.01921572291 0.01013670475            -1 
--           S_d             b           p_b           S_b 
-- -77.160672481 0.12269214531 0.02215981629 6.84729898438 
--           r 2           r 3           r 4           r 5           r 6           r 7           r 8           r 9          r 10          r 11          r 12          r 13          r 14          r 15          r 16          r 17          r 18          r 19          r 20 
-- 0.86399115294 0.71954324703 0.62496599025 0.55693623940 0.52785067095 0.50747345884 0.49191124672 0.48743319003 0.49688236066 0.48536463672 0.51054003604 0.51173689939 0.52143301541 0.55802742405 0.59150481122 0.65062135049 0.70958236010 0.83201183990 1.27864922853 

---- Expected P_neut(i), 0 < i < n (neutral SFS per site) 
E[P_neut(1)] = 0.0101339442
E[P_neut(2)] = 0.0043778783
E[P_neut(3)] = 0.0024306839
E[P_neut(4)] = 0.0015834296
E[P_neut(5)] = 0.0011288855
E[P_neut(6)] = 0.0008916313
E[P_neut(7)] = 0.0007347770
E[P_neut(8)] = 0.0006232402
E[P_neut(9)] = 0.0005489673
E[P_neut(10)] = 0.0005036750
E[P_neut(11)] = 0.0004473015
E[P_neut(12)] = 0.0004313208
E[P_neut(13)] = 0.0003991207
E[P_neut(14)] = 0.0003776902
E[P_neut(15)] = 0.0003773181
E[P_neut(16)] = 0.0003750887
E[P_neut(17)] = 0.0003885323
E[P_neut(18)] = 0.0004007348
E[P_neut(19)] = 0.0004466478

---- Expected P_sel(i), 0 < i < n (selected SFS per site) 
E[P_sel(1)] = 0.0072488757
E[P_sel(2)] = 0.0028283258
E[P_sel(3)] = 0.0014924663
E[P_sel(4)] = 0.0009414407
E[P_sel(5)] = 0.0006560659
E[P_sel(6)] = 0.0005093995
E[P_sel(7)] = 0.0004142768
E[P_sel(8)] = 0.0003477848
E[P_sel(9)] = 0.0003039023
E[P_sel(10)] = 0.0002771640
E[P_sel(11)] = 0.0002451271
E[P_sel(12)] = 0.0002358199
E[P_sel(13)] = 0.0002181178
E[P_sel(14)] = 0.0002067437
E[P_sel(15)] = 0.0002073802
E[P_sel(16)] = 0.0002076128
E[P_sel(17)] = 0.0002174137
E[P_sel(18)] = 0.0002279211
E[P_sel(19)] = 0.0002604383

---- Expected D_neut and D_sel (neutral and selected divergence per site) 
E[D_neut] = 0.0198637874
E[D_sel] = 0.0125217767

---- Expected neutral and selected misattributed polymorphism per site
E[mis_neut] = 0.0006480645
E[mis_sel] = 0.0003897167

---- alpha_div = 0.247456
---- alpha_dfe = 0.247261

