---- Running command
---- ./polyDFE -d Mmc/948.polyDFE.config.txt -m C -e 
---- Performing inference using model C

---- Performing inference on Mmc/948.polyDFE.config.txt
---- No mutation variability. Using Poisson likelihood.


---- Calculating initial values

-- Starting local optimization
-- Optimizing all parameters
  it        eps_an        lambda     theta_bar           S_d             b           p_b           S_b           r 2           r 3           r 4           r 5           r 6           r 7           r 8           r 9          r 10          r 11          r 12          r 13          r 14          r 15          r 16          r 17          r 18          r 19          r 20           ln lk          grad status 
   0           0.1 0.01926604658 0.01134489405        -20000         0.208           0.1            20 0.87574900339 0.73602127167 0.64679572976 0.58329908934 0.56045251028 0.54158986601 0.53573369822 0.53294927883 0.55409480435 0.55198055619 0.59268007653 0.62170881526 0.67229040965 0.75987942854 0.86705929817 1.11688618129 1.58433144761             1             1 -1109996.519075 23083.4531010   -2 
 340 0.00548399555 0.01932048790 0.01019522307 -91.532549800 0.11226725534 0.00730589548 18.6863932065 0.86522342391 0.71700234465 0.61754953349 0.55433592606 0.52574355182 0.50504825622 0.49047484293 0.48321901305 0.49580227332 0.48277182495 0.50970368469 0.51240152432 0.52616419766 0.56033759008 0.58514269757 0.63946860524 0.68056873808 0.73134919204 1.00516307021 -298.4628801251 0.31359303899   -3 
-- Local optimization: stuck in the same solution
---- Best joint likelihood found -298.462880125167430 with gradient 0.31359

---- Results for Mmc/948.polyDFE.config.txt 
--  Model: C
--        eps_an        lambda     theta_bar             a 
-- 0.00548399555 0.01932048790 0.01019522307            -1 
--           S_d             b           p_b           S_b 
-- -91.532549800 0.11226725534 0.00730589548 18.6863932065 
--           r 2           r 3           r 4           r 5           r 6           r 7           r 8           r 9          r 10          r 11          r 12          r 13          r 14          r 15          r 16          r 17          r 18          r 19          r 20 
-- 0.86522342391 0.71700234465 0.61754953349 0.55433592606 0.52574355182 0.50504825622 0.49047484293 0.48321901305 0.49580227332 0.48277182495 0.50970368469 0.51240152432 0.52616419766 0.56033759008 0.58514269757 0.63946860524 0.68056873808 0.73134919204 1.00516307021 

---- Expected P_neut(i), 0 < i < n (neutral SFS per site) 
E[P_neut(1)] = 0.0101414646
E[P_neut(2)] = 0.0043884993
E[P_neut(3)] = 0.0024254067
E[P_neut(4)] = 0.0015674267
E[P_neut(5)] = 0.0011262056
E[P_neut(6)] = 0.0008905477
E[P_neut(7)] = 0.0007337526
E[P_neut(8)] = 0.0006240095
E[P_neut(9)] = 0.0005468437
E[P_neut(10)] = 0.0005054815
E[P_neut(11)] = 0.0004479996
E[P_neut(12)] = 0.0004340983
E[P_neut(13)] = 0.0004036800
E[P_neut(14)] = 0.0003859665
E[P_neut(15)] = 0.0003849612
E[P_neut(16)] = 0.0003794409
E[P_neut(17)] = 0.0003947610
E[P_neut(18)] = 0.0004075486
E[P_neut(19)] = 0.0004461936

---- Expected P_sel(i), 0 < i < n (selected SFS per site) 
E[P_sel(1)] = 0.0072234169
E[P_sel(2)] = 0.0028339830
E[P_sel(3)] = 0.0014913095
E[P_sel(4)] = 0.0009338541
E[P_sel(5)] = 0.0006558462
E[P_sel(6)] = 0.0005095632
E[P_sel(7)] = 0.0004139616
E[P_sel(8)] = 0.0003479965
E[P_sel(9)] = 0.0003020550
E[P_sel(10)] = 0.0002770005
E[P_sel(11)] = 0.0002439234
E[P_sel(12)] = 0.0002351678
E[P_sel(13)] = 0.0002179159
E[P_sel(14)] = 0.0002079677
E[P_sel(15)] = 0.0002074747
E[P_sel(16)] = 0.0002051802
E[P_sel(17)] = 0.0002152239
E[P_sel(18)] = 0.0002263770
E[P_sel(19)] = 0.0002609316

---- Expected D_neut and D_sel (neutral and selected divergence per site) 
E[D_neut] = 0.0198328810
E[D_sel] = 0.0125767981

---- Expected neutral and selected misattributed polymorphism per site
E[mis_neut] = 0.0005123931
E[mis_sel] = 0.0002997969

---- alpha_div = 0.215758
---- alpha_dfe = 0.215783

