---- Running command
---- ./polyDFE -d Mmc/949.polyDFE.config.txt -m C -e 
---- Performing inference using model C

---- Performing inference on Mmc/949.polyDFE.config.txt
---- No mutation variability. Using Poisson likelihood.


---- Calculating initial values

-- Starting local optimization
-- Optimizing all parameters
  it        eps_an        lambda     theta_bar           S_d             b           p_b           S_b           r 2           r 3           r 4           r 5           r 6           r 7           r 8           r 9          r 10          r 11          r 12          r 13          r 14          r 15          r 16          r 17          r 18          r 19          r 20           ln lk          grad status 
   0           0.1 0.01926954779 0.01136942524        -20000         0.208           0.1            20 0.87336176717 0.73240030442 0.64661540119 0.58049237944 0.55569044770 0.53381389811 0.53392236152 0.53319977492 0.54376623948 0.56057368155 0.58725376848 0.62953213756 0.66892906364 0.74713162733 0.85578925153 1.11240318200 1.58102781559             1             1 -1118622.725788 23192.3550692   -2 
 799 0.00224980119 0.01932584105 0.01016646621 -80.579902038 0.12083311714 0.02012463539 7.39935884161 0.86507336342 0.71921592597 0.62226145560 0.55269719082 0.52667420009 0.50217857532 0.49343611507 0.48847429966 0.49114052500 0.48329293826 0.50871070897 0.51894775531 0.52638254573 0.55248591952 0.57685361141 0.64772378071 0.69732995989 0.79049534459 1.01227088043 -286.0242394021 0.20810471533   -3 
-- Local optimization: stuck in the same solution
---- Best joint likelihood found -286.024239402133389 with gradient 0.20810

---- Results for Mmc/949.polyDFE.config.txt 
--  Model: C
--        eps_an        lambda     theta_bar             a 
-- 0.00224980119 0.01932584105 0.01016646621            -1 
--           S_d             b           p_b           S_b 
-- -80.579902038 0.12083311714 0.02012463539 7.39935884161 
--           r 2           r 3           r 4           r 5           r 6           r 7           r 8           r 9          r 10          r 11          r 12          r 13          r 14          r 15          r 16          r 17          r 18          r 19          r 20 
-- 0.86507336342 0.71921592597 0.62226145560 0.55269719082 0.52667420009 0.50217857532 0.49343611507 0.48847429966 0.49114052500 0.48329293826 0.50871070897 0.51894775531 0.52638254573 0.55248591952 0.57685361141 0.64772378071 0.69732995989 0.79049534459 1.01227088043 

---- Expected P_neut(i), 0 < i < n (neutral SFS per site) 
E[P_neut(1)] = 0.0101445453
E[P_neut(2)] = 0.0043883624
E[P_neut(3)] = 0.0024326829
E[P_neut(4)] = 0.0015788165
E[P_neut(5)] = 0.0011221096
E[P_neut(6)] = 0.0008912548
E[P_neut(7)] = 0.0007286124
E[P_neut(8)] = 0.0006266216
E[P_neut(9)] = 0.0005515477
E[P_neut(10)] = 0.0004993164
E[P_neut(11)] = 0.0004469075
E[P_neut(12)] = 0.0004314237
E[P_neut(13)] = 0.0004065636
E[P_neut(14)] = 0.0003833942
E[P_neut(15)] = 0.0003761412
E[P_neut(16)] = 0.0003692687
E[P_neut(17)] = 0.0003919685
E[P_neut(18)] = 0.0004028616
E[P_neut(19)] = 0.0004448969

---- Expected P_sel(i), 0 < i < n (selected SFS per site) 
E[P_sel(1)] = 0.0072413956
E[P_sel(2)] = 0.0028310712
E[P_sel(3)] = 0.0014921663
E[P_sel(4)] = 0.0009379358
E[P_sel(5)] = 0.0006516607
E[P_sel(6)] = 0.0005088306
E[P_sel(7)] = 0.0004105006
E[P_sel(8)] = 0.0003493873
E[P_sel(9)] = 0.0003050453
E[P_sel(10)] = 0.0002744648
E[P_sel(11)] = 0.0002445961
E[P_sel(12)] = 0.0002355201
E[P_sel(13)] = 0.0002217955
E[P_sel(14)] = 0.0002094464
E[P_sel(15)] = 0.0002062735
E[P_sel(16)] = 0.0002039205
E[P_sel(17)] = 0.0002188816
E[P_sel(18)] = 0.0002290103
E[P_sel(19)] = 0.0002612655

---- Expected D_neut and D_sel (neutral and selected divergence per site) 
E[D_neut] = 0.0198404019
E[D_sel] = 0.0124979360

---- Expected neutral and selected misattributed polymorphism per site
E[mis_neut] = 0.0005145609
E[mis_sel] = 0.0003085372

---- alpha_div = 0.242203
---- alpha_dfe = 0.242000

