---- Running command
---- ./polyDFE -d Mmc/95.polyDFE.config.txt -m C -e 
---- Performing inference using model C

---- Performing inference on Mmc/95.polyDFE.config.txt
---- No mutation variability. Using Poisson likelihood.


---- Calculating initial values

-- Starting local optimization
-- Optimizing all parameters
  it        eps_an        lambda     theta_bar           S_d             b           p_b           S_b           r 2           r 3           r 4           r 5           r 6           r 7           r 8           r 9          r 10          r 11          r 12          r 13          r 14          r 15          r 16          r 17          r 18          r 19          r 20           ln lk          grad status 
   0           0.1 0.01926276601 0.01135969505        -20000         0.208           0.1            20 0.87070015228 0.74069839036 0.64256430725 0.58184173411 0.56002961248 0.53864258975 0.53283099348 0.52942916844 0.55524914627 0.55583206034 0.59156525262 0.62953290890 0.67403850435 0.75090176830 0.86405860948 1.10603395918 1.58289120976             1             1 -1116128.250174 23168.4582611   -2 
 443 0.00294672388 0.01929195553 0.01016701999 -80.132257583 0.12209173728 0.02396176520 6.41728669016 0.86308850865 0.72458999750 0.61796545621 0.55447693889 0.52934934985 0.50692646632 0.49355107223 0.48441489676 0.50028696182 0.48402707544 0.51330329752 0.51691085787 0.52279069703 0.55564834747 0.58579354812 0.63714650812 0.68884519774 0.78379382254 1.06740440065 -286.6131873034 0.15109658658   -3 
-- Local optimization: stuck in the same solution
---- Best joint likelihood found -286.613187303402810 with gradient 0.15110

---- Results for Mmc/95.polyDFE.config.txt 
--  Model: C
--        eps_an        lambda     theta_bar             a 
-- 0.00294672388 0.01929195553 0.01016701999            -1 
--           S_d             b           p_b           S_b 
-- -80.132257583 0.12209173728 0.02396176520 6.41728669016 
--           r 2           r 3           r 4           r 5           r 6           r 7           r 8           r 9          r 10          r 11          r 12          r 13          r 14          r 15          r 16          r 17          r 18          r 19          r 20 
-- 0.86308850865 0.72458999750 0.61796545621 0.55447693889 0.52934934985 0.50692646632 0.49355107223 0.48441489676 0.50028696182 0.48402707544 0.51330329752 0.51691085787 0.52279069703 0.55564834747 0.58579354812 0.63714650812 0.68884519774 0.78379382254 1.06740440065 

---- Expected P_neut(i), 0 < i < n (neutral SFS per site) 
E[P_neut(1)] = 0.0101382965
E[P_neut(2)] = 0.0043757368
E[P_neut(3)] = 0.0024495271
E[P_neut(4)] = 0.0015671852
E[P_neut(5)] = 0.0011252631
E[P_neut(6)] = 0.0008954598
E[P_neut(7)] = 0.0007352976
E[P_neut(8)] = 0.0006266762
E[P_neut(9)] = 0.0005469342
E[P_neut(10)] = 0.0005086428
E[P_neut(11)] = 0.0004476681
E[P_neut(12)] = 0.0004354639
E[P_neut(13)] = 0.0004052432
E[P_neut(14)] = 0.0003811832
E[P_neut(15)] = 0.0003788318
E[P_neut(16)] = 0.0003757675
E[P_neut(17)] = 0.0003871651
E[P_neut(18)] = 0.0004008658
E[P_neut(19)] = 0.0004481365

---- Expected P_sel(i), 0 < i < n (selected SFS per site) 
E[P_sel(1)] = 0.0072369786
E[P_sel(2)] = 0.0028225843
E[P_sel(3)] = 0.0015024246
E[P_sel(4)] = 0.0009311438
E[P_sel(5)] = 0.0006537361
E[P_sel(6)] = 0.0005115767
E[P_sel(7)] = 0.0004146924
E[P_sel(8)] = 0.0003499161
E[P_sel(9)] = 0.0003030614
E[P_sel(10)] = 0.0002802567
E[P_sel(11)] = 0.0002457324
E[P_sel(12)] = 0.0002385706
E[P_sel(13)] = 0.0002220108
E[P_sel(14)] = 0.0002092726
E[P_sel(15)] = 0.0002089413
E[P_sel(16)] = 0.0002088646
E[P_sel(17)] = 0.0002177964
E[P_sel(18)] = 0.0002297455
E[P_sel(19)] = 0.0002657426

---- Expected D_neut and D_sel (neutral and selected divergence per site) 
E[D_neut] = 0.0198345716
E[D_sel] = 0.0125265238

---- Expected neutral and selected misattributed polymorphism per site
E[mis_neut] = 0.0005426161
E[mis_sel] = 0.0003273613

---- alpha_div = 0.251383
---- alpha_dfe = 0.251062

