---- Running command
---- ./polyDFE -d Mmc/950.polyDFE.config.txt -m C -e 
---- Performing inference using model C

---- Performing inference on Mmc/950.polyDFE.config.txt
---- No mutation variability. Using Poisson likelihood.


---- Calculating initial values

-- Starting local optimization
-- Optimizing all parameters
  it        eps_an        lambda     theta_bar           S_d             b           p_b           S_b           r 2           r 3           r 4           r 5           r 6           r 7           r 8           r 9          r 10          r 11          r 12          r 13          r 14          r 15          r 16          r 17          r 18          r 19          r 20           ln lk          grad status 
   0           0.1 0.01929751192 0.01134157767        -20000         0.208           0.1            20 0.87042913604 0.73294025995 0.64227191736 0.58512040926 0.55630344678 0.54597475350 0.53485126486 0.53053338720 0.55568032750 0.55547247159 0.59652334305 0.63032451503 0.66871665523 0.75622121250 0.85650558682 1.11306201868 1.58360160260             1             1 -1117761.816773 23194.1743744   -2 
 534 0.00513181682 0.01935609267 0.01018293210 -91.879275084 0.11008101069 0.00460375516 27.8192252617 0.86070954802 0.71713685633 0.61594052713 0.55163085568 0.52524033991 0.50761651792 0.49164590220 0.48346525552 0.49072249853 0.48376628485 0.51391033568 0.51684815103 0.52009936255 0.56050815974 0.58186036723 0.64084872779 0.68935563423 0.73870023804 0.99667805890 -305.1542610960 0.55885694796   -3 
-- Local optimization: stuck in the same solution
---- Best joint likelihood found -305.154261096016853 with gradient 0.55886

---- Results for Mmc/950.polyDFE.config.txt 
--  Model: C
--        eps_an        lambda     theta_bar             a 
-- 0.00513181682 0.01935609267 0.01018293210            -1 
--           S_d             b           p_b           S_b 
-- -91.879275084 0.11008101069 0.00460375516 27.8192252617 
--           r 2           r 3           r 4           r 5           r 6           r 7           r 8           r 9          r 10          r 11          r 12          r 13          r 14          r 15          r 16          r 17          r 18          r 19          r 20 
-- 0.86070954802 0.71713685633 0.61594052713 0.55163085568 0.52524033991 0.50761651792 0.49164590220 0.48346525552 0.49072249853 0.48376628485 0.51391033568 0.51684815103 0.52009936255 0.56050815974 0.58186036723 0.64084872779 0.68935563423 0.73870023804 0.99667805890 

---- Expected P_neut(i), 0 < i < n (neutral SFS per site) 
E[P_neut(1)] = 0.0101327069
E[P_neut(2)] = 0.0043617857
E[P_neut(3)] = 0.0024236634
E[P_neut(4)] = 0.0015618737
E[P_neut(5)] = 0.0011196313
E[P_neut(6)] = 0.0008887812
E[P_neut(7)] = 0.0007367202
E[P_neut(8)] = 0.0006248261
E[P_neut(9)] = 0.0005465015
E[P_neut(10)] = 0.0004996994
E[P_neut(11)] = 0.0004483416
E[P_neut(12)] = 0.0004370664
E[P_neut(13)] = 0.0004065603
E[P_neut(14)] = 0.0003809287
E[P_neut(15)] = 0.0003843204
E[P_neut(16)] = 0.0003764617
E[P_neut(17)] = 0.0003943877
E[P_neut(18)] = 0.0004104689
E[P_neut(19)] = 0.0004461271

---- Expected P_sel(i), 0 < i < n (selected SFS per site) 
E[P_sel(1)] = 0.0072382902
E[P_sel(2)] = 0.0028283853
E[P_sel(3)] = 0.0014971346
E[P_sel(4)] = 0.0009350250
E[P_sel(5)] = 0.0006551622
E[P_sel(6)] = 0.0005109478
E[P_sel(7)] = 0.0004175007
E[P_sel(8)] = 0.0003499028
E[P_sel(9)] = 0.0003029940
E[P_sel(10)] = 0.0002747060
E[P_sel(11)] = 0.0002447226
E[P_sel(12)] = 0.0002371701
E[P_sel(13)] = 0.0002196064
E[P_sel(14)] = 0.0002051143
E[P_sel(15)] = 0.0002066470
E[P_sel(16)] = 0.0002026792
E[P_sel(17)] = 0.0002135257
E[P_sel(18)] = 0.0002256975
E[P_sel(19)] = 0.0002576899

---- Expected D_neut and D_sel (neutral and selected divergence per site) 
E[D_neut] = 0.0198635479
E[D_sel] = 0.0125540030

---- Expected neutral and selected misattributed polymorphism per site
E[mis_neut] = 0.0005074553
E[mis_sel] = 0.0002925069

---- alpha_div = 0.202485
---- alpha_dfe = 0.202585

