---- Running command
---- ./polyDFE -d Mmc/951.polyDFE.config.txt -m C -e 
---- Performing inference using model C

---- Performing inference on Mmc/951.polyDFE.config.txt
---- No mutation variability. Using Poisson likelihood.


---- Calculating initial values

-- Starting local optimization
-- Optimizing all parameters
  it        eps_an        lambda     theta_bar           S_d             b           p_b           S_b           r 2           r 3           r 4           r 5           r 6           r 7           r 8           r 9          r 10          r 11          r 12          r 13          r 14          r 15          r 16          r 17          r 18          r 19          r 20           ln lk          grad status 
   0           0.1 0.01933748201 0.01134818521        -20000         0.208           0.1            20 0.87237770193 0.73063987206 0.64641292148 0.58284015886 0.55667540823 0.53668719725 0.53639581955 0.52612792221 0.55285255463 0.55297957695 0.59110992047 0.62982562186 0.67313604588 0.75429890524 0.86334491724 1.10364311299 1.57863786814             1             1 -1122549.878586 23260.2958943   -2 
 723 0.00086940292 0.01937242374 0.01013517687 -77.039656884 0.12174181694 0.01959701637 7.49294437775 0.86427348949 0.71821890704 0.61993014589 0.55478535298 0.53000443654 0.50578253759 0.49273995197 0.48300404483 0.49580379546 0.48478919614 0.51103260998 0.52136518602 0.53082336936 0.56111360776 0.58767344172 0.64430021902 0.70868561712 0.82663518484 1.05524356155 -284.7125587024 0.05443746595   -3 
-- Local optimization: stuck in the same solution
---- Best joint likelihood found -284.712558702492970 with gradient 0.05444

---- Results for Mmc/951.polyDFE.config.txt 
--  Model: C
--        eps_an        lambda     theta_bar             a 
-- 0.00086940292 0.01937242374 0.01013517687            -1 
--           S_d             b           p_b           S_b 
-- -77.039656884 0.12174181694 0.01959701637 7.49294437775 
--           r 2           r 3           r 4           r 5           r 6           r 7           r 8           r 9          r 10          r 11          r 12          r 13          r 14          r 15          r 16          r 17          r 18          r 19          r 20 
-- 0.86427348949 0.71821890704 0.61993014589 0.55478535298 0.53000443654 0.50578253759 0.49273995197 0.48300404483 0.49580379546 0.48478919614 0.51103260998 0.52136518602 0.53082336936 0.56111360776 0.58767344172 0.64430021902 0.70868561712 0.82663518484 1.05524356155 

---- Expected P_neut(i), 0 < i < n (neutral SFS per site) 
E[P_neut(1)] = 0.0101267487
E[P_neut(2)] = 0.0043763215
E[P_neut(3)] = 0.0024246496
E[P_neut(4)] = 0.0015697334
E[P_neut(5)] = 0.0011239215
E[P_neut(6)] = 0.0008948372
E[P_neut(7)] = 0.0007320304
E[P_neut(8)] = 0.0006240833
E[P_neut(9)] = 0.0005438412
E[P_neut(10)] = 0.0005025059
E[P_neut(11)] = 0.0004467595
E[P_neut(12)] = 0.0004317846
E[P_neut(13)] = 0.0004067547
E[P_neut(14)] = 0.0003847292
E[P_neut(15)] = 0.0003797805
E[P_neut(16)] = 0.0003733029
E[P_neut(17)] = 0.0003858989
E[P_neut(18)] = 0.0004024972
E[P_neut(19)] = 0.0004493805

---- Expected P_sel(i), 0 < i < n (selected SFS per site) 
E[P_sel(1)] = 0.0072489494
E[P_sel(2)] = 0.0028299398
E[P_sel(3)] = 0.0014901319
E[P_sel(4)] = 0.0009340642
E[P_sel(5)] = 0.0006536154
E[P_sel(6)] = 0.0005114692
E[P_sel(7)] = 0.0004128221
E[P_sel(8)] = 0.0003482387
E[P_sel(9)] = 0.0003009560
E[P_sel(10)] = 0.0002763234
E[P_sel(11)] = 0.0002445588
E[P_sel(12)] = 0.0002357083
E[P_sel(13)] = 0.0002218383
E[P_sel(14)] = 0.0002100587
E[P_sel(15)] = 0.0002080840
E[P_sel(16)] = 0.0002058694
E[P_sel(17)] = 0.0002150573
E[P_sel(18)] = 0.0002279950
E[P_sel(19)] = 0.0002615564

---- Expected D_neut and D_sel (neutral and selected divergence per site) 
E[D_neut] = 0.0199071778
E[D_sel] = 0.0125098972

---- Expected neutral and selected misattributed polymorphism per site
E[mis_neut] = 0.0005347540
E[mis_sel] = 0.0003199613

---- alpha_div = 0.239261
---- alpha_dfe = 0.239068

