---- Running command
---- ./polyDFE -d Mmc/952.polyDFE.config.txt -m C -e 
---- Performing inference using model C

---- Performing inference on Mmc/952.polyDFE.config.txt
---- No mutation variability. Using Poisson likelihood.


---- Calculating initial values

-- Starting local optimization
-- Optimizing all parameters
  it        eps_an        lambda     theta_bar           S_d             b           p_b           S_b           r 2           r 3           r 4           r 5           r 6           r 7           r 8           r 9          r 10          r 11          r 12          r 13          r 14          r 15          r 16          r 17          r 18          r 19          r 20           ln lk          grad status 
   0           0.1 0.01925853689 0.01133798140        -20000         0.208           0.1            20 0.87572749911 0.73538104469 0.64409060949 0.58268744051 0.55725114048 0.53832517579 0.54109013125 0.53302023320 0.55561255078 0.55430324020 0.59722997742 0.63173615523 0.66120074264 0.75842383295 0.86292983424 1.11987353876 1.57505266551             1             1 -1114537.552053 23123.3980636   -2 
1193 0.00132629987 0.01928612194 0.01013278973 -78.176578308 0.12218123172 0.02125181141 7.19199139421 0.86566306840 0.72341691890 0.62048414350 0.55489176746 0.53046717811 0.50679011705 0.49575420928 0.48780104176 0.49765492796 0.48122745926 0.51523800572 0.52174289056 0.52383542272 0.56380954697 0.58375309369 0.65577408855 0.69846786627 0.80777225862 1.06765701863 -271.4740153185 0.04902744208   -3 
-- Local optimization: stuck in the same solution
---- Best joint likelihood found -271.474015318584861 with gradient 0.04903

---- Results for Mmc/952.polyDFE.config.txt 
--  Model: C
--        eps_an        lambda     theta_bar             a 
-- 0.00132629987 0.01928612194 0.01013278973            -1 
--           S_d             b           p_b           S_b 
-- -78.176578308 0.12218123172 0.02125181141 7.19199139421 
--           r 2           r 3           r 4           r 5           r 6           r 7           r 8           r 9          r 10          r 11          r 12          r 13          r 14          r 15          r 16          r 17          r 18          r 19          r 20 
-- 0.86566306840 0.72341691890 0.62048414350 0.55489176746 0.53046717811 0.50679011705 0.49575420928 0.48780104176 0.49765492796 0.48122745926 0.51523800572 0.52174289056 0.52383542272 0.56380954697 0.58375309369 0.65577408855 0.69846786627 0.80777225862 1.06765701863 

---- Expected P_neut(i), 0 < i < n (neutral SFS per site) 
E[P_neut(1)] = 0.0101199220
E[P_neut(2)] = 0.0043804955
E[P_neut(3)] = 0.0024406882
E[P_neut(4)] = 0.0015702145
E[P_neut(5)] = 0.0011235340
E[P_neut(6)] = 0.0008951667
E[P_neut(7)] = 0.0007331661
E[P_neut(8)] = 0.0006276659
E[P_neut(9)] = 0.0005490579
E[P_neut(10)] = 0.0005042633
E[P_neut(11)] = 0.0004434293
E[P_neut(12)] = 0.0004353223
E[P_neut(13)] = 0.0004071037
E[P_neut(14)] = 0.0003798220
E[P_neut(15)] = 0.0003818506
E[P_neut(16)] = 0.0003712848
E[P_neut(17)] = 0.0003935941
E[P_neut(18)] = 0.0003984858
E[P_neut(19)] = 0.0004436565

---- Expected P_sel(i), 0 < i < n (selected SFS per site) 
E[P_sel(1)] = 0.0072325855
E[P_sel(2)] = 0.0028278385
E[P_sel(3)] = 0.0014975428
E[P_sel(4)] = 0.0009329357
E[P_sel(5)] = 0.0006524963
E[P_sel(6)] = 0.0005110464
E[P_sel(7)] = 0.0004130507
E[P_sel(8)] = 0.0003499678
E[P_sel(9)] = 0.0003036863
E[P_sel(10)] = 0.0002772271
E[P_sel(11)] = 0.0002427609
E[P_sel(12)] = 0.0002377529
E[P_sel(13)] = 0.0002222298
E[P_sel(14)] = 0.0002076703
E[P_sel(15)] = 0.0002096306
E[P_sel(16)] = 0.0002052996
E[P_sel(17)] = 0.0002201049
E[P_sel(18)] = 0.0002267643
E[P_sel(19)] = 0.0002600126

---- Expected D_neut and D_sel (neutral and selected divergence per site) 
E[D_neut] = 0.0198270391
E[D_sel] = 0.0125334922

---- Expected neutral and selected misattributed polymorphism per site
E[mis_neut] = 0.0005409172
E[mis_sel] = 0.0003254453

---- alpha_div = 0.247959
---- alpha_dfe = 0.247826

