---- Running command
---- ./polyDFE -d Mmc/953.polyDFE.config.txt -m C -e 
---- Performing inference using model C

---- Performing inference on Mmc/953.polyDFE.config.txt
---- No mutation variability. Using Poisson likelihood.


---- Calculating initial values

-- Starting local optimization
-- Optimizing all parameters
  it        eps_an        lambda     theta_bar           S_d             b           p_b           S_b           r 2           r 3           r 4           r 5           r 6           r 7           r 8           r 9          r 10          r 11          r 12          r 13          r 14          r 15          r 16          r 17          r 18          r 19          r 20           ln lk          grad status 
   0           0.1 0.01931521928 0.01138877603        -20000         0.208           0.1            20 0.87261127745 0.73090161868 0.64356486151 0.58274516368 0.55268414732 0.53478729999 0.53779980715 0.52531063285 0.54322884062 0.55159967709 0.59683402004 0.63018215406 0.66961544273 0.74518488740 0.86221149952 1.10233544675 1.59311554646             1             1 -1120741.600487 23242.8304537   -2 
 694 0.00182127999 0.01935875430 0.01018154206 -84.118540739 0.11896985115 0.01922745161 7.59973438781 0.86367731445 0.71842000459 0.61848123739 0.55434461712 0.52293411424 0.50317504628 0.49459022949 0.48139075386 0.49122136061 0.48042208508 0.51438836112 0.51871413520 0.52561363204 0.55510278539 0.58364668028 0.64018105063 0.71242908102 0.79501073202 1.03267747785 -275.4505219108 0.04919532276   -3 
-- Local optimization: stuck in the same solution
---- Best joint likelihood found -275.450521910883253 with gradient 0.04920

---- Results for Mmc/953.polyDFE.config.txt 
--  Model: C
--        eps_an        lambda     theta_bar             a 
-- 0.00182127999 0.01935875430 0.01018154206            -1 
--           S_d             b           p_b           S_b 
-- -84.118540739 0.11896985115 0.01922745161 7.59973438781 
--           r 2           r 3           r 4           r 5           r 6           r 7           r 8           r 9          r 10          r 11          r 12          r 13          r 14          r 15          r 16          r 17          r 18          r 19          r 20 
-- 0.86367731445 0.71842000459 0.61848123739 0.55434461712 0.52293411424 0.50317504628 0.49459022949 0.48139075386 0.49122136061 0.48042208508 0.51438836112 0.51871413520 0.52561363204 0.55510278539 0.58364668028 0.64018105063 0.71242908102 0.79501073202 1.03267747785 

---- Expected P_neut(i), 0 < i < n (neutral SFS per site) 
E[P_neut(1)] = 0.0101637745
E[P_neut(2)] = 0.0043895096
E[P_neut(3)] = 0.0024344655
E[P_neut(4)] = 0.0015720824
E[P_neut(5)] = 0.0011274470
E[P_neut(6)] = 0.0008864593
E[P_neut(7)] = 0.0007312781
E[P_neut(8)] = 0.0006291099
E[P_neut(9)] = 0.0005444069
E[P_neut(10)] = 0.0005001391
E[P_neut(11)] = 0.0004448581
E[P_neut(12)] = 0.0004367904
E[P_neut(13)] = 0.0004068476
E[P_neut(14)] = 0.0003831741
E[P_neut(15)] = 0.0003781565
E[P_neut(16)] = 0.0003735922
E[P_neut(17)] = 0.0003871559
E[P_neut(18)] = 0.0004102531
E[P_neut(19)] = 0.0004437904

---- Expected P_sel(i), 0 < i < n (selected SFS per site) 
E[P_sel(1)] = 0.0072453025
E[P_sel(2)] = 0.0028306387
E[P_sel(3)] = 0.0014935244
E[P_sel(4)] = 0.0009344453
E[P_sel(5)] = 0.0006552781
E[P_sel(6)] = 0.0005065749
E[P_sel(7)] = 0.0004124376
E[P_sel(8)] = 0.0003511646
E[P_sel(9)] = 0.0003014351
E[P_sel(10)] = 0.0002752206
E[P_sel(11)] = 0.0002437287
E[P_sel(12)] = 0.0002386757
E[P_sel(13)] = 0.0002221302
E[P_sel(14)] = 0.0002094566
E[P_sel(15)] = 0.0002074587
E[P_sel(16)] = 0.0002063208
E[P_sel(17)] = 0.0002161227
E[P_sel(18)] = 0.0002329575
E[P_sel(19)] = 0.0002598749

---- Expected D_neut and D_sel (neutral and selected divergence per site) 
E[D_neut] = 0.0198844668
E[D_sel] = 0.0125133106

---- Expected neutral and selected misattributed polymorphism per site
E[mis_neut] = 0.0005257125
E[mis_sel] = 0.0003149133

---- alpha_div = 0.237409
---- alpha_dfe = 0.237424

