---- Running command
---- ./polyDFE -d Mmc/954.polyDFE.config.txt -m C -e 
---- Performing inference using model C

---- Performing inference on Mmc/954.polyDFE.config.txt
---- No mutation variability. Using Poisson likelihood.


---- Calculating initial values

-- Starting local optimization
-- Optimizing all parameters
  it        eps_an        lambda     theta_bar           S_d             b           p_b           S_b           r 2           r 3           r 4           r 5           r 6           r 7           r 8           r 9          r 10          r 11          r 12          r 13          r 14          r 15          r 16          r 17          r 18          r 19          r 20           ln lk          grad status 
   0           0.1 0.01928770260 0.01138396140        -20000         0.208           0.1            20 0.87332717005 0.73862237020 0.64259925814 0.58171997046 0.55328060309 0.53735234811 0.53480017543 0.52680434469 0.55322665963 0.54740165745 0.59165109952 0.62450216914 0.66659908211 0.75230947728 0.86099675590 1.10966956859 1.57810016302             1             1 -1117487.590781 23196.0683334   -2 
 270 0.00317669280 0.01933649018 0.01021126979 -118.02411050 0.10240141422 0.00272311087 43.8405065085 0.86235670983 0.71805994461 0.61347523467 0.55011982282 0.52308658077 0.50135404292 0.49078303135 0.48173575307 0.48914524686 0.47740848670 0.50788177179 0.51396978202 0.52447545612 0.56046227058 0.58665621582 0.65103839940 0.69781897097 0.77352724866 1.01488628001 -309.9827757766 0.22545644638   -3 
-- Local optimization: stuck in the same solution
---- Best joint likelihood found -309.982775776661583 with gradient 0.22546

---- Results for Mmc/954.polyDFE.config.txt 
--  Model: C
--        eps_an        lambda     theta_bar             a 
-- 0.00317669280 0.01933649018 0.01021126979            -1 
--           S_d             b           p_b           S_b 
-- -118.02411050 0.10240141422 0.00272311087 43.8405065085 
--           r 2           r 3           r 4           r 5           r 6           r 7           r 8           r 9          r 10          r 11          r 12          r 13          r 14          r 15          r 16          r 17          r 18          r 19          r 20 
-- 0.86235670983 0.71805994461 0.61347523467 0.55011982282 0.52308658077 0.50135404292 0.49078303135 0.48173575307 0.48914524686 0.47740848670 0.50788177179 0.51396978202 0.52447545612 0.56046227058 0.58665621582 0.65103839940 0.69781897097 0.77352724866 1.01488628001 

---- Expected P_neut(i), 0 < i < n (neutral SFS per site) 
E[P_neut(1)] = 0.0101801523
E[P_neut(2)] = 0.0043901495
E[P_neut(3)] = 0.0024375794
E[P_neut(4)] = 0.0015623047
E[P_neut(5)] = 0.0011211274
E[P_neut(6)] = 0.0008886169
E[P_neut(7)] = 0.0007303108
E[P_neut(8)] = 0.0006258226
E[P_neut(9)] = 0.0005462420
E[P_neut(10)] = 0.0004994794
E[P_neut(11)] = 0.0004435054
E[P_neut(12)] = 0.0004327936
E[P_neut(13)] = 0.0004047550
E[P_neut(14)] = 0.0003841528
E[P_neut(15)] = 0.0003838924
E[P_neut(16)] = 0.0003781922
E[P_neut(17)] = 0.0003975765
E[P_neut(18)] = 0.0004085967
E[P_neut(19)] = 0.0004468383

---- Expected P_sel(i), 0 < i < n (selected SFS per site) 
E[P_sel(1)] = 0.0072147781
E[P_sel(2)] = 0.0028375187
E[P_sel(3)] = 0.0015051392
E[P_sel(4)] = 0.0009366415
E[P_sel(5)] = 0.0006578333
E[P_sel(6)] = 0.0005127205
E[P_sel(7)] = 0.0004156551
E[P_sel(8)] = 0.0003521327
E[P_sel(9)] = 0.0003043754
E[P_sel(10)] = 0.0002759930
E[P_sel(11)] = 0.0002433020
E[P_sel(12)] = 0.0002359651
E[P_sel(13)] = 0.0002195466
E[P_sel(14)] = 0.0002075333
E[P_sel(15)] = 0.0002068287
E[P_sel(16)] = 0.0002035990
E[P_sel(17)] = 0.0002145523
E[P_sel(18)] = 0.0002226763
E[P_sel(19)] = 0.0002523906

---- Expected D_neut and D_sel (neutral and selected divergence per site) 
E[D_neut] = 0.0198546541
E[D_sel] = 0.0125332383

---- Expected neutral and selected misattributed polymorphism per site
E[mis_neut] = 0.0005181639
E[mis_sel] = 0.0002949180

---- alpha_div = 0.188571
---- alpha_dfe = 0.188780

