---- Running command
---- ./polyDFE -d Mmc/955.polyDFE.config.txt -m C -e 
---- Performing inference using model C

---- Performing inference on Mmc/955.polyDFE.config.txt
---- No mutation variability. Using Poisson likelihood.


---- Calculating initial values

-- Starting local optimization
-- Optimizing all parameters
  it        eps_an        lambda     theta_bar           S_d             b           p_b           S_b           r 2           r 3           r 4           r 5           r 6           r 7           r 8           r 9          r 10          r 11          r 12          r 13          r 14          r 15          r 16          r 17          r 18          r 19          r 20           ln lk          grad status 
   0           0.1 0.01923111855 0.01133885214        -20000         0.208           0.1            20 0.88036939755 0.73674243685 0.64351988276 0.58326870646 0.56282886252 0.54304443048 0.53407422554 0.52903681624 0.55192255874 0.55198692073 0.58923500588 0.63260505230 0.65902363043 0.75585465842 0.86678986962 1.11176991871 1.60279594034             1             1 -1109444.683213 23020.1864455   -2 
1001 0.00051710367 0.01925469915 0.01013263347 -73.966829739 0.12594311570 0.02689123082 5.98686317361 0.86861405709 0.72179012939 0.62185554492 0.55564081873 0.53153634461 0.51087228961 0.49388988423 0.48487861626 0.49611963612 0.48110540896 0.51066603882 0.51854718438 0.52208553336 0.56402498640 0.59295516942 0.64992582908 0.72380038012 0.82649587454 1.07955236750 -276.1168122076 0.02717992261   -3 
-- Local optimization: stuck in the same solution
---- Best joint likelihood found -276.116812207692419 with gradient 0.02718

---- Results for Mmc/955.polyDFE.config.txt 
--  Model: C
--        eps_an        lambda     theta_bar             a 
-- 0.00051710367 0.01925469915 0.01013263347            -1 
--           S_d             b           p_b           S_b 
-- -73.966829739 0.12594311570 0.02689123082 5.98686317361 
--           r 2           r 3           r 4           r 5           r 6           r 7           r 8           r 9          r 10          r 11          r 12          r 13          r 14          r 15          r 16          r 17          r 18          r 19          r 20 
-- 0.86861405709 0.72179012939 0.62185554492 0.55564081873 0.53153634461 0.51087228961 0.49388988423 0.48487861626 0.49611963612 0.48110540896 0.51066603882 0.51854718438 0.52208553336 0.56402498640 0.59295516942 0.64992582908 0.72380038012 0.82649587454 1.07955236750 

---- Expected P_neut(i), 0 < i < n (neutral SFS per site) 
E[P_neut(1)] = 0.0101276218
E[P_neut(2)] = 0.0043986090
E[P_neut(3)] = 0.0024368180
E[P_neut(4)] = 0.0015746382
E[P_neut(5)] = 0.0011256357
E[P_neut(6)] = 0.0008973750
E[P_neut(7)] = 0.0007393240
E[P_neut(8)] = 0.0006254501
E[P_neut(9)] = 0.0005458466
E[P_neut(10)] = 0.0005026998
E[P_neut(11)] = 0.0004432226
E[P_neut(12)] = 0.0004312998
E[P_neut(13)] = 0.0004043464
E[P_neut(14)] = 0.0003781332
E[P_neut(15)] = 0.0003813891
E[P_neut(16)] = 0.0003761327
E[P_neut(17)] = 0.0003884403
E[P_neut(18)] = 0.0004095096
E[P_neut(19)] = 0.0004457791

---- Expected P_sel(i), 0 < i < n (selected SFS per site) 
E[P_sel(1)] = 0.0072505402
E[P_sel(2)] = 0.0028409321
E[P_sel(3)] = 0.0014949967
E[P_sel(4)] = 0.0009352402
E[P_sel(5)] = 0.0006534875
E[P_sel(6)] = 0.0005122039
E[P_sel(7)] = 0.0004165499
E[P_sel(8)] = 0.0003488895
E[P_sel(9)] = 0.0003021897
E[P_sel(10)] = 0.0002767812
E[P_sel(11)] = 0.0002431715
E[P_sel(12)] = 0.0002362419
E[P_sel(13)] = 0.0002215525
E[P_sel(14)] = 0.0002077102
E[P_sel(15)] = 0.0002105531
E[P_sel(16)] = 0.0002093361
E[P_sel(17)] = 0.0002187914
E[P_sel(18)] = 0.0002346825
E[P_sel(19)] = 0.0002621719

---- Expected D_neut and D_sel (neutral and selected divergence per site) 
E[D_neut] = 0.0198016346
E[D_sel] = 0.0125561696

---- Expected neutral and selected misattributed polymorphism per site
E[mis_neut] = 0.0005469354
E[mis_sel] = 0.0003314222

---- alpha_div = 0.263193
---- alpha_dfe = 0.262899

