---- Running command
---- ./polyDFE -d Mmc/956.polyDFE.config.txt -m C -e 
---- Performing inference using model C

---- Performing inference on Mmc/956.polyDFE.config.txt
---- No mutation variability. Using Poisson likelihood.


---- Calculating initial values

-- Starting local optimization
-- Optimizing all parameters
  it        eps_an        lambda     theta_bar           S_d             b           p_b           S_b           r 2           r 3           r 4           r 5           r 6           r 7           r 8           r 9          r 10          r 11          r 12          r 13          r 14          r 15          r 16          r 17          r 18          r 19          r 20           ln lk          grad status 
   0           0.1 0.01930991856 0.01135645640        -20000         0.208           0.1            20 0.87427679699 0.73664272947 0.63810113896 0.58299001149 0.56133015454 0.53880897546 0.53858340460 0.53890146161 0.55319074515 0.55760257321 0.59411876699 0.62226366439 0.67108018392 0.75134587848 0.85949001378 1.11094331651 1.58110118208             1             1 -1116939.890309 23181.9682387   -2 
 950 0.00115677195 0.01934933623 0.01014332763 -70.474173757 0.12973576795 0.03140517235 5.24674171823 0.86628467748 0.72231596895 0.61654805813 0.55715595918 0.53217251046 0.50815957515 0.49608554146 0.48992238800 0.49432876431 0.48595933473 0.51323817323 0.51587722376 0.52685635339 0.56151656196 0.58662578934 0.64937708937 0.70349932937 0.81460985184 1.04501568461 -266.3687463646 0.04092857127   -3 
-- Local optimization: stuck in the same solution
---- Best joint likelihood found -266.368746364692925 with gradient 0.04093

---- Results for Mmc/956.polyDFE.config.txt 
--  Model: C
--        eps_an        lambda     theta_bar             a 
-- 0.00115677195 0.01934933623 0.01014332763            -1 
--           S_d             b           p_b           S_b 
-- -70.474173757 0.12973576795 0.03140517235 5.24674171823 
--           r 2           r 3           r 4           r 5           r 6           r 7           r 8           r 9          r 10          r 11          r 12          r 13          r 14          r 15          r 16          r 17          r 18          r 19          r 20 
-- 0.86628467748 0.72231596895 0.61654805813 0.55715595918 0.53217251046 0.50815957515 0.49608554146 0.48992238800 0.49432876431 0.48595933473 0.51323817323 0.51587722376 0.52685635339 0.56151656196 0.58662578934 0.64937708937 0.70349932937 0.81460985184 1.04501568461 

---- Expected P_neut(i), 0 < i < n (neutral SFS per site) 
E[P_neut(1)] = 0.0101320972
E[P_neut(2)] = 0.0043888810
E[P_neut(3)] = 0.0024398523
E[P_neut(4)] = 0.0015620839
E[P_neut(5)] = 0.0011294148
E[P_neut(6)] = 0.0008990675
E[P_neut(7)] = 0.0007359608
E[P_neut(8)] = 0.0006287690
E[P_neut(9)] = 0.0005520400
E[P_neut(10)] = 0.0005014139
E[P_neut(11)] = 0.0004482335
E[P_neut(12)] = 0.0004340543
E[P_neut(13)] = 0.0004029025
E[P_neut(14)] = 0.0003823189
E[P_neut(15)] = 0.0003805780
E[P_neut(16)] = 0.0003732745
E[P_neut(17)] = 0.0003898383
E[P_neut(18)] = 0.0004010584
E[P_neut(19)] = 0.0004461175

---- Expected P_sel(i), 0 < i < n (selected SFS per site) 
E[P_sel(1)] = 0.0072592255
E[P_sel(2)] = 0.0028325982
E[P_sel(3)] = 0.0014945811
E[P_sel(4)] = 0.0009259953
E[P_sel(5)] = 0.0006542988
E[P_sel(6)] = 0.0005120719
E[P_sel(7)] = 0.0004138005
E[P_sel(8)] = 0.0003500775
E[P_sel(9)] = 0.0003051162
E[P_sel(10)] = 0.0002757072
E[P_sel(11)] = 0.0002456885
E[P_sel(12)] = 0.0002376310
E[P_sel(13)] = 0.0002207590
E[P_sel(14)] = 0.0002101190
E[P_sel(15)] = 0.0002103309
E[P_sel(16)] = 0.0002080826
E[P_sel(17)] = 0.0002200474
E[P_sel(18)] = 0.0002304629
E[P_sel(19)] = 0.0002635047

---- Expected D_neut and D_sel (neutral and selected divergence per site) 
E[D_neut] = 0.0198793331
E[D_sel] = 0.0125635337

---- Expected neutral and selected misattributed polymorphism per site
E[mis_neut] = 0.0005299968
E[mis_sel] = 0.0003211311

---- alpha_div = 0.272681
---- alpha_dfe = 0.272552

