---- Running command
---- ./polyDFE -d Mmc/957.polyDFE.config.txt -m C -e 
---- Performing inference using model C

---- Performing inference on Mmc/957.polyDFE.config.txt
---- No mutation variability. Using Poisson likelihood.


---- Calculating initial values

-- Starting local optimization
-- Optimizing all parameters
  it        eps_an        lambda     theta_bar           S_d             b           p_b           S_b           r 2           r 3           r 4           r 5           r 6           r 7           r 8           r 9          r 10          r 11          r 12          r 13          r 14          r 15          r 16          r 17          r 18          r 19          r 20           ln lk          grad status 
   0           0.1 0.01931956229 0.01137366774        -20000         0.208           0.1            20 0.87347250778 0.73166387320 0.64313914884 0.57904217785 0.55647858617 0.53263676304 0.53307588386 0.53256016394 0.55524969055 0.55848307916 0.59860778201 0.62421424620 0.65980423411 0.74718802155 0.86259382553 1.11487427887 1.58233935776             1             1 -1120090.810860 23221.5902241   -2 
 781 0.00237447191 0.01935218865 0.01017284964 -80.691263914 0.11978272479 0.01741643036 8.31882979213 0.86473581637 0.71799552355 0.61984360649 0.55136628003 0.52666438379 0.50098702091 0.49259827627 0.48764041834 0.49629964053 0.48464511137 0.51322288208 0.51235492007 0.52391055908 0.55456256568 0.58933300131 0.64713663805 0.69696755805 0.79302724531 1.05742108006 -278.6988532930 0.16145592576   -3 
-- Local optimization: stuck in the same solution
---- Best joint likelihood found -278.698853293099091 with gradient 0.16146

---- Results for Mmc/957.polyDFE.config.txt 
--  Model: C
--        eps_an        lambda     theta_bar             a 
-- 0.00237447191 0.01935218865 0.01017284964            -1 
--           S_d             b           p_b           S_b 
-- -80.691263914 0.11978272479 0.01741643036 8.31882979213 
--           r 2           r 3           r 4           r 5           r 6           r 7           r 8           r 9          r 10          r 11          r 12          r 13          r 14          r 15          r 16          r 17          r 18          r 19          r 20 
-- 0.86473581637 0.71799552355 0.61984360649 0.55136628003 0.52666438379 0.50098702091 0.49259827627 0.48764041834 0.49629964053 0.48464511137 0.51322288208 0.51235492007 0.52391055908 0.55456256568 0.58933300131 0.64713663805 0.69696755805 0.79302724531 1.05742108006 

---- Expected P_neut(i), 0 < i < n (neutral SFS per site) 
E[P_neut(1)] = 0.0101497027
E[P_neut(2)] = 0.0043889051
E[P_neut(3)] = 0.0024298253
E[P_neut(4)] = 0.0015735406
E[P_neut(5)] = 0.0011200226
E[P_neut(6)] = 0.0008917299
E[P_neut(7)] = 0.0007272897
E[P_neut(8)] = 0.0006259368
E[P_neut(9)] = 0.0005509435
E[P_neut(10)] = 0.0005048782
E[P_neut(11)] = 0.0004484465
E[P_neut(12)] = 0.0004355325
E[P_neut(13)] = 0.0004017083
E[P_neut(14)] = 0.0003819066
E[P_neut(15)] = 0.0003778694
E[P_neut(16)] = 0.0003775531
E[P_neut(17)] = 0.0003921100
E[P_neut(18)] = 0.0004034056
E[P_neut(19)] = 0.0004477442

---- Expected P_sel(i), 0 < i < n (selected SFS per site) 
E[P_sel(1)] = 0.0072493277
E[P_sel(2)] = 0.0028337434
E[P_sel(3)] = 0.0014916553
E[P_sel(4)] = 0.0009354937
E[P_sel(5)] = 0.0006508289
E[P_sel(6)] = 0.0005092949
E[P_sel(7)] = 0.0004098087
E[P_sel(8)] = 0.0003489489
E[P_sel(9)] = 0.0003045601
E[P_sel(10)] = 0.0002772793
E[P_sel(11)] = 0.0002451191
E[P_sel(12)] = 0.0002373402
E[P_sel(13)] = 0.0002186416
E[P_sel(14)] = 0.0002080321
E[P_sel(15)] = 0.0002064949
E[P_sel(16)] = 0.0002076315
E[P_sel(17)] = 0.0002179370
E[P_sel(18)] = 0.0002281967
E[P_sel(19)] = 0.0002619223

---- Expected D_neut and D_sel (neutral and selected divergence per site) 
E[D_neut] = 0.0198900379
E[D_sel] = 0.0125060371

---- Expected neutral and selected misattributed polymorphism per site
E[mis_neut] = 0.0005378493
E[mis_sel] = 0.0003210093

---- alpha_div = 0.234889
---- alpha_dfe = 0.234748

