---- Running command
---- ./polyDFE -d Mmc/958.polyDFE.config.txt -m C -e 
---- Performing inference using model C

---- Performing inference on Mmc/958.polyDFE.config.txt
---- No mutation variability. Using Poisson likelihood.


---- Calculating initial values

-- Starting local optimization
-- Optimizing all parameters
  it        eps_an        lambda     theta_bar           S_d             b           p_b           S_b           r 2           r 3           r 4           r 5           r 6           r 7           r 8           r 9          r 10          r 11          r 12          r 13          r 14          r 15          r 16          r 17          r 18          r 19          r 20           ln lk          grad status 
   0           0.1 0.01928174472 0.01133046776        -20000         0.208           0.1            20 0.87562993601 0.73694024594 0.64060407140 0.58753734245 0.56064161267 0.54212770097 0.53777446479 0.52807782789 0.55488159177 0.55524176707 0.59313252505 0.62455607696 0.67085620581 0.75469076156 0.86596516123 1.11545233683 1.59124164876             1             1 -1114092.439960 23130.6915895   -2 
 741 0.00034155425 0.01931760890 0.01011486223 -78.956527836 0.12125126509 0.01962910696 7.66745134736 0.86709704054 0.72355642617 0.61962824019 0.55671311761 0.53063988266 0.50878669590 0.49654416810 0.48717377744 0.49457513621 0.48564173785 0.51659527766 0.51616169150 0.52726356932 0.56600050482 0.59363929811 0.65728224076 0.71865992885 0.83670789550 1.05529471723 -287.1538859845 0.02914782616   -3 
-- Local optimization: stuck in the same solution
---- Best joint likelihood found -287.153885984531371 with gradient 0.02915

---- Results for Mmc/958.polyDFE.config.txt 
--  Model: C
--        eps_an        lambda     theta_bar             a 
-- 0.00034155425 0.01931760890 0.01011486223            -1 
--           S_d             b           p_b           S_b 
-- -78.956527836 0.12125126509 0.01962910696 7.66745134736 
--           r 2           r 3           r 4           r 5           r 6           r 7           r 8           r 9          r 10          r 11          r 12          r 13          r 14          r 15          r 16          r 17          r 18          r 19          r 20 
-- 0.86709704054 0.72355642617 0.61962824019 0.55671311761 0.53063988266 0.50878669590 0.49654416810 0.48717377744 0.49457513621 0.48564173785 0.51659527766 0.51616169150 0.52726356932 0.56600050482 0.59363929811 0.65728224076 0.71865992885 0.83670789550 1.05529471723 

---- Expected P_neut(i), 0 < i < n (neutral SFS per site) 
E[P_neut(1)] = 0.0101115596
E[P_neut(2)] = 0.0043839237
E[P_neut(3)] = 0.0024388582
E[P_neut(4)] = 0.0015664566
E[P_neut(5)] = 0.0011259610
E[P_neut(6)] = 0.0008943828
E[P_neut(7)] = 0.0007350728
E[P_neut(8)] = 0.0006277438
E[P_neut(9)] = 0.0005474873
E[P_neut(10)] = 0.0005002559
E[P_neut(11)] = 0.0004465981
E[P_neut(12)] = 0.0004355065
E[P_neut(13)] = 0.0004017220
E[P_neut(14)] = 0.0003811182
E[P_neut(15)] = 0.0003819221
E[P_neut(16)] = 0.0003756932
E[P_neut(17)] = 0.0003917773
E[P_neut(18)] = 0.0004052013
E[P_neut(19)] = 0.0004487334

---- Expected P_sel(i), 0 < i < n (selected SFS per site) 
E[P_sel(1)] = 0.0072261236
E[P_sel(2)] = 0.0028307204
E[P_sel(3)] = 0.0014969620
E[P_sel(4)] = 0.0009310655
E[P_sel(5)] = 0.0006541411
E[P_sel(6)] = 0.0005107448
E[P_sel(7)] = 0.0004141986
E[P_sel(8)] = 0.0003500243
E[P_sel(9)] = 0.0003027766
E[P_sel(10)] = 0.0002749306
E[P_sel(11)] = 0.0002443542
E[P_sel(12)] = 0.0002376507
E[P_sel(13)] = 0.0002190358
E[P_sel(14)] = 0.0002080594
E[P_sel(15)] = 0.0002092625
E[P_sel(16)] = 0.0002072299
E[P_sel(17)] = 0.0002184199
E[P_sel(18)] = 0.0002296295
E[P_sel(19)] = 0.0002610145

---- Expected D_neut and D_sel (neutral and selected divergence per site) 
E[D_neut] = 0.0198513169
E[D_sel] = 0.0125398731

---- Expected neutral and selected misattributed polymorphism per site
E[mis_neut] = 0.0005337080
E[mis_sel] = 0.0003203776

---- alpha_div = 0.243767
---- alpha_dfe = 0.243511

