---- Running command
---- ./polyDFE -d Mmc/959.polyDFE.config.txt -m C -e 
---- Performing inference using model C

---- Performing inference on Mmc/959.polyDFE.config.txt
---- No mutation variability. Using Poisson likelihood.


---- Calculating initial values

-- Starting local optimization
-- Optimizing all parameters
  it        eps_an        lambda     theta_bar           S_d             b           p_b           S_b           r 2           r 3           r 4           r 5           r 6           r 7           r 8           r 9          r 10          r 11          r 12          r 13          r 14          r 15          r 16          r 17          r 18          r 19          r 20           ln lk          grad status 
   0           0.1 0.01926470811 0.01137811877        -20000         0.208           0.1            20 0.87194535887 0.73086641565 0.64185608195 0.58190348216 0.55133578775 0.54154060818 0.53790004296 0.53370465082 0.55069856184 0.55946445363 0.59439304107 0.63044130181 0.66979697669 0.75860001231 0.87030057473 1.09962270943 1.56700341456             1             1 -1114641.089641 23109.9993764   -2 
 627 0.00394096596 0.01932450051 0.01019499766 -91.958544142 0.11189425942 0.01028740978 13.0906856274 0.86380621781 0.71740164195 0.61563333527 0.55479405736 0.51973778467 0.50536239035 0.49216995712 0.48509093776 0.49409027843 0.48644397235 0.51231994236 0.51814511479 0.52467861066 0.56131857729 0.58766782794 0.64005343360 0.68023044329 0.75939416930 1.00025797180 -289.6282594682 8.73777647921   -3 
-- Local optimization: stuck in the same solution
---- Best joint likelihood found -289.628259468299802 with gradient 8.73778

---- Results for Mmc/959.polyDFE.config.txt 
--  Model: C
--        eps_an        lambda     theta_bar             a 
-- 0.00394096596 0.01932450051 0.01019499766            -1 
--           S_d             b           p_b           S_b 
-- -91.958544142 0.11189425942 0.01028740978 13.0906856274 
--           r 2           r 3           r 4           r 5           r 6           r 7           r 8           r 9          r 10          r 11          r 12          r 13          r 14          r 15          r 16          r 17          r 18          r 19          r 20 
-- 0.86380621781 0.71740164195 0.61563333527 0.55479405736 0.51973778467 0.50536239035 0.49216995712 0.48509093776 0.49409027843 0.48644397235 0.51231994236 0.51814511479 0.52467861066 0.56131857729 0.58766782794 0.64005343360 0.68023044329 0.75939416930 1.00025797180 

---- Expected P_neut(i), 0 < i < n (neutral SFS per site) 
E[P_neut(1)] = 0.0101564254
E[P_neut(2)] = 0.0043874165
E[P_neut(3)] = 0.0024298741
E[P_neut(4)] = 0.0015643871
E[P_neut(5)] = 0.0011282702
E[P_neut(6)] = 0.0008811463
E[P_neut(7)] = 0.0007347248
E[P_neut(8)] = 0.0006264525
E[P_neut(9)] = 0.0005491113
E[P_neut(10)] = 0.0005037249
E[P_neut(11)] = 0.0004512338
E[P_neut(12)] = 0.0004360149
E[P_neut(13)] = 0.0004076445
E[P_neut(14)] = 0.0003840530
E[P_neut(15)] = 0.0003844640
E[P_neut(16)] = 0.0003791625
E[P_neut(17)] = 0.0003919390
E[P_neut(18)] = 0.0004011096
E[P_neut(19)] = 0.0004460471

---- Expected P_sel(i), 0 < i < n (selected SFS per site) 
E[P_sel(1)] = 0.0072464429
E[P_sel(2)] = 0.0028408405
E[P_sel(3)] = 0.0014990408
E[P_sel(4)] = 0.0009356824
E[P_sel(5)] = 0.0006599670
E[P_sel(6)] = 0.0005066905
E[P_sel(7)] = 0.0004167982
E[P_sel(8)] = 0.0003514898
E[P_sel(9)] = 0.0003053457
E[P_sel(10)] = 0.0002780798
E[P_sel(11)] = 0.0002476849
E[P_sel(12)] = 0.0002383259
E[P_sel(13)] = 0.0002222330
E[P_sel(14)] = 0.0002091947
E[P_sel(15)] = 0.0002096990
E[P_sel(16)] = 0.0002077121
E[P_sel(17)] = 0.0002166375
E[P_sel(18)] = 0.0002256515
E[P_sel(19)] = 0.0002616615

---- Expected D_neut and D_sel (neutral and selected divergence per site) 
E[D_neut] = 0.0198343819
E[D_sel] = 0.0125414408

---- Expected neutral and selected misattributed polymorphism per site
E[mis_neut] = 0.0005098814
E[mis_sel] = 0.0003021777

---- alpha_div = 0.214541
---- alpha_dfe = 0.214463

