---- Running command
---- ./polyDFE -d Mmc/96.polyDFE.config.txt -m C -e 
---- Performing inference using model C

---- Performing inference on Mmc/96.polyDFE.config.txt
---- No mutation variability. Using Poisson likelihood.


---- Calculating initial values

-- Starting local optimization
-- Optimizing all parameters
  it        eps_an        lambda     theta_bar           S_d             b           p_b           S_b           r 2           r 3           r 4           r 5           r 6           r 7           r 8           r 9          r 10          r 11          r 12          r 13          r 14          r 15          r 16          r 17          r 18          r 19          r 20           ln lk          grad status 
   0           0.1 0.01924946144 0.01136194956        -20000         0.208           0.1            20 0.87563402746 0.73713893922 0.64079951276 0.58125283947 0.55756497418 0.53814816867 0.54236946923 0.53236637530 0.54370015085 0.55139758627 0.59309574169 0.62645591721 0.66203724823 0.75393621599 0.86063440018 1.11312454802 1.58601507798             1             1 -1113608.022771 23073.9564791   -2 
1356 0.00027062870 0.01927748457 0.01014538179 -77.945727692 0.12093409389 0.01898546483 7.94886632915 0.86582318741 0.72222064250 0.61880011415 0.55363934579 0.53041454528 0.50578848244 0.49936804200 0.48494929130 0.49167311132 0.48278605585 0.51141332428 0.51565430559 0.52336327122 0.56185212025 0.59162405669 0.64960183645 0.71802423159 0.82194492070 1.06819968017 -272.3196919457 0.03212582422   -3 
-- Local optimization: stuck in the same solution
---- Best joint likelihood found -272.319691945769591 with gradient 0.03213

---- Results for Mmc/96.polyDFE.config.txt 
--  Model: C
--        eps_an        lambda     theta_bar             a 
-- 0.00027062870 0.01927748457 0.01014538179            -1 
--           S_d             b           p_b           S_b 
-- -77.945727692 0.12093409389 0.01898546483 7.94886632915 
--           r 2           r 3           r 4           r 5           r 6           r 7           r 8           r 9          r 10          r 11          r 12          r 13          r 14          r 15          r 16          r 17          r 18          r 19          r 20 
-- 0.86582318741 0.72222064250 0.61880011415 0.55363934579 0.53041454528 0.50578848244 0.49936804200 0.48494929130 0.49167311132 0.48278605585 0.51141332428 0.51565430559 0.52336327122 0.56185212025 0.59162405669 0.64960183645 0.71802423159 0.82194492070 1.06819968017 

---- Expected P_neut(i), 0 < i < n (neutral SFS per site) 
E[P_neut(1)] = 0.0101427549
E[P_neut(2)] = 0.0043909743
E[P_neut(3)] = 0.0024418453
E[P_neut(4)] = 0.0015691676
E[P_neut(5)] = 0.0011231753
E[P_neut(6)] = 0.0008967363
E[P_neut(7)] = 0.0007329701
E[P_neut(8)] = 0.0006332306
E[P_neut(9)] = 0.0005466388
E[P_neut(10)] = 0.0004988211
E[P_neut(11)] = 0.0004453046
E[P_neut(12)] = 0.0004324280
E[P_neut(13)] = 0.0004025133
E[P_neut(14)] = 0.0003794058
E[P_neut(15)] = 0.0003802148
E[P_neut(16)] = 0.0003754640
E[P_neut(17)] = 0.0003882301
E[P_neut(18)] = 0.0004057808
E[P_neut(19)] = 0.0004415187

---- Expected P_sel(i), 0 < i < n (selected SFS per site) 
E[P_sel(1)] = 0.0072603406
E[P_sel(2)] = 0.0028405843
E[P_sel(3)] = 0.0015016825
E[P_sel(4)] = 0.0009344778
E[P_sel(5)] = 0.0006537700
E[P_sel(6)] = 0.0005130496
E[P_sel(7)] = 0.0004137690
E[P_sel(8)] = 0.0003537087
E[P_sel(9)] = 0.0003028219
E[P_sel(10)] = 0.0002745871
E[P_sel(11)] = 0.0002440205
E[P_sel(12)] = 0.0002363099
E[P_sel(13)] = 0.0002197593
E[P_sel(14)] = 0.0002073770
E[P_sel(15)] = 0.0002085575
E[P_sel(16)] = 0.0002073111
E[P_sel(17)] = 0.0002166439
E[P_sel(18)] = 0.0002301703
E[P_sel(19)] = 0.0002570983

---- Expected D_neut and D_sel (neutral and selected divergence per site) 
E[D_neut] = 0.0198193493
E[D_sel] = 0.0125585262

---- Expected neutral and selected misattributed polymorphism per site
E[mis_neut] = 0.0005418647
E[mis_sel] = 0.0003258589

---- alpha_div = 0.243196
---- alpha_dfe = 0.243044

