---- Running command
---- ./polyDFE -d Mmc/960.polyDFE.config.txt -m C -e 
---- Performing inference using model C

---- Performing inference on Mmc/960.polyDFE.config.txt
---- No mutation variability. Using Poisson likelihood.


---- Calculating initial values

-- Starting local optimization
-- Optimizing all parameters
  it        eps_an        lambda     theta_bar           S_d             b           p_b           S_b           r 2           r 3           r 4           r 5           r 6           r 7           r 8           r 9          r 10          r 11          r 12          r 13          r 14          r 15          r 16          r 17          r 18          r 19          r 20           ln lk          grad status 
   0           0.1 0.01929750286 0.01137278859        -20000         0.208           0.1            20 0.87514894446 0.73506619010 0.64359486117 0.57557552308 0.55732933820 0.54021694790 0.53836648563 0.52989072901 0.55224739381 0.55709189692 0.58711092144 0.62916023530 0.66854902935 0.74597784080 0.86047843798 1.10072858771 1.58307827570             1             1 -1114431.036699 23140.1348631   -2 
 698 0.00151640274 0.01934850587 0.01016080085 -81.002057870 0.12253549114 0.02526755376 6.16989210517 0.86703803185 0.72188285594 0.62188980112 0.54928825968 0.52835301454 0.50638785780 0.49619597330 0.48395405437 0.49552119357 0.48593395631 0.50839837740 0.51883599654 0.52623419331 0.56013517911 0.57670746542 0.63850643394 0.70038099491 0.80457814745 1.02230135211 -264.1642263063 0.06643810019   -3 
-- Local optimization: stuck in the same solution
---- Best joint likelihood found -264.164226306384080 with gradient 0.06644

---- Results for Mmc/960.polyDFE.config.txt 
--  Model: C
--        eps_an        lambda     theta_bar             a 
-- 0.00151640274 0.01934850587 0.01016080085            -1 
--           S_d             b           p_b           S_b 
-- -81.002057870 0.12253549114 0.02526755376 6.16989210517 
--           r 2           r 3           r 4           r 5           r 6           r 7           r 8           r 9          r 10          r 11          r 12          r 13          r 14          r 15          r 16          r 17          r 18          r 19          r 20 
-- 0.86703803185 0.72188285594 0.62188980112 0.54928825968 0.52835301454 0.50638785780 0.49619597330 0.48395405437 0.49552119357 0.48593395631 0.50839837740 0.51883599654 0.52623419331 0.56013517911 0.57670746542 0.63850643394 0.70038099491 0.80457814745 1.02230135211 

---- Expected P_neut(i), 0 < i < n (neutral SFS per site) 
E[P_neut(1)] = 0.0101460455
E[P_neut(2)] = 0.0043988203
E[P_neut(3)] = 0.0024418405
E[P_neut(4)] = 0.0015778845
E[P_neut(5)] = 0.0011151244
E[P_neut(6)] = 0.0008939706
E[P_neut(7)] = 0.0007345441
E[P_neut(8)] = 0.0006299157
E[P_neut(9)] = 0.0005462256
E[P_neut(10)] = 0.0005034892
E[P_neut(11)] = 0.0004490095
E[P_neut(12)] = 0.0004307808
E[P_neut(13)] = 0.0004060219
E[P_neut(14)] = 0.0003827034
E[P_neut(15)] = 0.0003805454
E[P_neut(16)] = 0.0003680782
E[P_neut(17)] = 0.0003847604
E[P_neut(18)] = 0.0004014374
E[P_neut(19)] = 0.0004450269

---- Expected P_sel(i), 0 < i < n (selected SFS per site) 
E[P_sel(1)] = 0.0072328075
E[P_sel(2)] = 0.0028332276
E[P_sel(3)] = 0.0014954797
E[P_sel(4)] = 0.0009361592
E[P_sel(5)] = 0.0006469727
E[P_sel(6)] = 0.0005100894
E[P_sel(7)] = 0.0004138003
E[P_sel(8)] = 0.0003513751
E[P_sel(9)] = 0.0003024119
E[P_sel(10)] = 0.0002772264
E[P_sel(11)] = 0.0002463419
E[P_sel(12)] = 0.0002359277
E[P_sel(13)] = 0.0002224072
E[P_sel(14)] = 0.0002101179
E[P_sel(15)] = 0.0002099327
E[P_sel(16)] = 0.0002046548
E[P_sel(17)] = 0.0002164731
E[P_sel(18)] = 0.0002298735
E[P_sel(19)] = 0.0002623255

---- Expected D_neut and D_sel (neutral and selected divergence per site) 
E[D_neut] = 0.0198678759
E[D_sel] = 0.0125540259

---- Expected neutral and selected misattributed polymorphism per site
E[mis_neut] = 0.0005193700
E[mis_sel] = 0.0003136963

---- alpha_div = 0.255157
---- alpha_dfe = 0.255014

