---- Running command
---- ./polyDFE -d Mmc/961.polyDFE.config.txt -m C -e 
---- Performing inference using model C

---- Performing inference on Mmc/961.polyDFE.config.txt
---- No mutation variability. Using Poisson likelihood.


---- Calculating initial values

-- Starting local optimization
-- Optimizing all parameters
  it        eps_an        lambda     theta_bar           S_d             b           p_b           S_b           r 2           r 3           r 4           r 5           r 6           r 7           r 8           r 9          r 10          r 11          r 12          r 13          r 14          r 15          r 16          r 17          r 18          r 19          r 20           ln lk          grad status 
   0           0.1 0.01929067911 0.01134881250        -20000         0.208           0.1            20 0.87273304576 0.73712766244 0.64623066382 0.57812235067 0.56346681389 0.53988151283 0.53497209396 0.52758417429 0.55229434705 0.55601308877 0.59679031212 0.63259698561 0.66856528889 0.74876470524 0.86207025143 1.11144801269 1.58396652649             1             1 -1116469.815789 23180.2913709   -2 
 704 0.00319456427 0.01932807955 0.01015640707 -81.592368402 0.12032631412 0.02141956867 7.04448357305 0.86533559453 0.72239839626 0.62098202524 0.55459864768 0.53028471943 0.50924176708 0.49472850109 0.48683064237 0.48983392234 0.48587906750 0.50999476818 0.51641622350 0.52198250298 0.55883034257 0.58519516311 0.63530727114 0.69272112903 0.77545516808 1.04545063298 -286.9209121693 0.04798938677   -3 
-- Local optimization: stuck in the same solution
---- Best joint likelihood found -286.920912169371150 with gradient 0.04799

---- Results for Mmc/961.polyDFE.config.txt 
--  Model: C
--        eps_an        lambda     theta_bar             a 
-- 0.00319456427 0.01932807955 0.01015640707            -1 
--           S_d             b           p_b           S_b 
-- -81.592368402 0.12032631412 0.02141956867 7.04448357305 
--           r 2           r 3           r 4           r 5           r 6           r 7           r 8           r 9          r 10          r 11          r 12          r 13          r 14          r 15          r 16          r 17          r 18          r 19          r 20 
-- 0.86533559453 0.72239839626 0.62098202524 0.55459864768 0.53028471943 0.50924176708 0.49472850109 0.48683064237 0.48983392234 0.48587906750 0.50999476818 0.51641622350 0.52198250298 0.55883034257 0.58519516311 0.63530727114 0.69272112903 0.77545516808 1.04545063298 

---- Expected P_neut(i), 0 < i < n (neutral SFS per site) 
E[P_neut(1)] = 0.0101252860
E[P_neut(2)] = 0.0043815609
E[P_neut(3)] = 0.0024390571
E[P_neut(4)] = 0.0015728862
E[P_neut(5)] = 0.0011241559
E[P_neut(6)] = 0.0008959734
E[P_neut(7)] = 0.0007377952
E[P_neut(8)] = 0.0006274555
E[P_neut(9)] = 0.0005490614
E[P_neut(10)] = 0.0004974953
E[P_neut(11)] = 0.0004489388
E[P_neut(12)] = 0.0004322704
E[P_neut(13)] = 0.0004045279
E[P_neut(14)] = 0.0003803340
E[P_neut(15)] = 0.0003807706
E[P_neut(16)] = 0.0003753178
E[P_neut(17)] = 0.0003861555
E[P_neut(18)] = 0.0004036537
E[P_neut(19)] = 0.0004456389

---- Expected P_sel(i), 0 < i < n (selected SFS per site) 
E[P_sel(1)] = 0.0072293931
E[P_sel(2)] = 0.0028289872
E[P_sel(3)] = 0.0014978915
E[P_sel(4)] = 0.0009358344
E[P_sel(5)] = 0.0006540171
E[P_sel(6)] = 0.0005125672
E[P_sel(7)] = 0.0004166210
E[P_sel(8)] = 0.0003507324
E[P_sel(9)] = 0.0003045081
E[P_sel(10)] = 0.0002742875
E[P_sel(11)] = 0.0002465134
E[P_sel(12)] = 0.0002368230
E[P_sel(13)] = 0.0002215391
E[P_sel(14)] = 0.0002086482
E[P_sel(15)] = 0.0002097639
E[P_sel(16)] = 0.0002082904
E[P_sel(17)] = 0.0002168289
E[P_sel(18)] = 0.0002309306
E[P_sel(19)] = 0.0002641690

---- Expected D_neut and D_sel (neutral and selected divergence per site) 
E[D_neut] = 0.0198589807
E[D_sel] = 0.0125538981

---- Expected neutral and selected misattributed polymorphism per site
E[mis_neut] = 0.0005309011
E[mis_sel] = 0.0003198616

---- alpha_div = 0.244987
---- alpha_dfe = 0.244913

