---- Running command
---- ./polyDFE -d Mmc/962.polyDFE.config.txt -m C -e 
---- Performing inference using model C

---- Performing inference on Mmc/962.polyDFE.config.txt
---- No mutation variability. Using Poisson likelihood.


---- Calculating initial values

-- Starting local optimization
-- Optimizing all parameters
  it        eps_an        lambda     theta_bar           S_d             b           p_b           S_b           r 2           r 3           r 4           r 5           r 6           r 7           r 8           r 9          r 10          r 11          r 12          r 13          r 14          r 15          r 16          r 17          r 18          r 19          r 20           ln lk          grad status 
   0           0.1 0.01927469872 0.01137073665        -20000         0.208           0.1            20 0.87319119048 0.73009621564 0.64599531679 0.58292574200 0.55889700779 0.54106860076 0.53578571040 0.52576674888 0.54791324597 0.55792880288 0.59525225980 0.62448081805 0.66254919752 0.74848870576 0.87343626274 1.10739830503 1.57797000786             1             1 -1116052.825450 23132.9942064   -2 
1241 0.00026691893 0.01918932430 0.01015173727 -81.180439497 0.11940982152 0.01889070116 7.81664077424 0.86480583936 0.71511326549 0.62189653583 0.55581841155 0.53043793113 0.50962119590 0.49431083005 0.47895707906 0.49443104924 0.48971698089 0.51653534381 0.51467418722 0.52376607339 0.55978565043 0.59571669443 0.65066992156 0.70775619867 0.83749873252 1.29346886315 -269.7584538517 0.02525402247   -8 
-- Local optimization: reached maximum number of likelihood evaluations allowed.
---- Best joint likelihood found -269.758453851769445 with gradient 0.02525

---- Results for Mmc/962.polyDFE.config.txt 
--  Model: C
--        eps_an        lambda     theta_bar             a 
-- 0.00026691893 0.01918932430 0.01015173727            -1 
--           S_d             b           p_b           S_b 
-- -81.180439497 0.11940982152 0.01889070116 7.81664077424 
--           r 2           r 3           r 4           r 5           r 6           r 7           r 8           r 9          r 10          r 11          r 12          r 13          r 14          r 15          r 16          r 17          r 18          r 19          r 20 
-- 0.86480583936 0.71511326549 0.62189653583 0.55581841155 0.53043793113 0.50962119590 0.49431083005 0.47895707906 0.49443104924 0.48971698089 0.51653534381 0.51467418722 0.52376607339 0.55978565043 0.59571669443 0.65066992156 0.70775619867 0.83749873252 1.29346886315 

---- Expected P_neut(i), 0 < i < n (neutral SFS per site) 
E[P_neut(1)] = 0.0101491470
E[P_neut(2)] = 0.0043885757
E[P_neut(3)] = 0.0024193385
E[P_neut(4)] = 0.0015780122
E[P_neut(5)] = 0.0011283044
E[P_neut(6)] = 0.0008973396
E[P_neut(7)] = 0.0007389872
E[P_neut(8)] = 0.0006272134
E[P_neut(9)] = 0.0005402260
E[P_neut(10)] = 0.0005019334
E[P_neut(11)] = 0.0004519761
E[P_neut(12)] = 0.0004370284
E[P_neut(13)] = 0.0004020005
E[P_neut(14)] = 0.0003799336
E[P_neut(15)] = 0.0003790532
E[P_neut(16)] = 0.0003782929
E[P_neut(17)] = 0.0003890969
E[P_neut(18)] = 0.0004002293
E[P_neut(19)] = 0.0004500675

---- Expected P_sel(i), 0 < i < n (selected SFS per site) 
E[P_sel(1)] = 0.0072545060
E[P_sel(2)] = 0.0028373569
E[P_sel(3)] = 0.0014878084
E[P_sel(4)] = 0.0009400829
E[P_sel(5)] = 0.0006571735
E[P_sel(6)] = 0.0005138294
E[P_sel(7)] = 0.0004175872
E[P_sel(8)] = 0.0003507464
E[P_sel(9)] = 0.0002996394
E[P_sel(10)] = 0.0002766617
E[P_sel(11)] = 0.0002480118
E[P_sel(12)] = 0.0002391519
E[P_sel(13)] = 0.0002197784
E[P_sel(14)] = 0.0002079383
E[P_sel(15)] = 0.0002081733
E[P_sel(16)] = 0.0002090928
E[P_sel(17)] = 0.0002172982
E[P_sel(18)] = 0.0002271042
E[P_sel(19)] = 0.0002619594

---- Expected D_neut and D_sel (neutral and selected divergence per site) 
E[D_neut] = 0.0198458721
E[D_sel] = 0.0125347001

---- Expected neutral and selected misattributed polymorphism per site
E[mis_neut] = 0.0006565478
E[mis_sel] = 0.0003943187

---- alpha_div = 0.238907
---- alpha_dfe = 0.238680

