---- Running command
---- ./polyDFE -d Mmc/963.polyDFE.config.txt -m C -e 
---- Performing inference using model C

---- Performing inference on Mmc/963.polyDFE.config.txt
---- No mutation variability. Using Poisson likelihood.


---- Calculating initial values

-- Starting local optimization
-- Optimizing all parameters
  it        eps_an        lambda     theta_bar           S_d             b           p_b           S_b           r 2           r 3           r 4           r 5           r 6           r 7           r 8           r 9          r 10          r 11          r 12          r 13          r 14          r 15          r 16          r 17          r 18          r 19          r 20           ln lk          grad status 
   0           0.1 0.01921180375 0.01139799033        -20000         0.208           0.1            20 0.86744118861 0.73445950796 0.64340647342 0.58343732535 0.55830561329 0.54116624651 0.53251683838 0.52943366620 0.54802497473 0.55487030957 0.58804010970 0.62905891890 0.66402850970 0.74606530592 0.86328002116 1.10679189443 1.57395543541             1             1 -1109153.557102 23020.3702086   -2 
 615 0.00248787983 0.01926675179 0.01018448812 -87.064197199 0.11711908999 0.01957086130 7.60543647538 0.86310941260 0.72173002146 0.62089491920 0.55611892638 0.52918016105 0.50616581450 0.49223936644 0.48130953646 0.49178272154 0.48513136408 0.50762614955 0.51563949828 0.52453304497 0.54876567581 0.58765318612 0.64400946871 0.69731330042 0.78837228372 1.01538525324 -290.3643739905 0.19626614475   -3 
-- Local optimization: stuck in the same solution
---- Best joint likelihood found -290.364373990552849 with gradient 0.19627

---- Results for Mmc/963.polyDFE.config.txt 
--  Model: C
--        eps_an        lambda     theta_bar             a 
-- 0.00248787983 0.01926675179 0.01018448812            -1 
--           S_d             b           p_b           S_b 
-- -87.064197199 0.11711908999 0.01957086130 7.60543647538 
--           r 2           r 3           r 4           r 5           r 6           r 7           r 8           r 9          r 10          r 11          r 12          r 13          r 14          r 15          r 16          r 17          r 18          r 19          r 20 
-- 0.86310941260 0.72173002146 0.62089491920 0.55611892638 0.52918016105 0.50616581450 0.49223936644 0.48130953646 0.49178272154 0.48513136408 0.50762614955 0.51563949828 0.52453304497 0.54876567581 0.58765318612 0.64400946871 0.69731330042 0.78837228372 1.01538525324 

---- Expected P_neut(i), 0 < i < n (neutral SFS per site) 
E[P_neut(1)] = 0.0101602017
E[P_neut(2)] = 0.0043852107
E[P_neut(3)] = 0.0024450145
E[P_neut(4)] = 0.0015778718
E[P_neut(5)] = 0.0011308661
E[P_neut(6)] = 0.0008969528
E[P_neut(7)] = 0.0007356071
E[P_neut(8)] = 0.0006261636
E[P_neut(9)] = 0.0005444170
E[P_neut(10)] = 0.0005008555
E[P_neut(11)] = 0.0004494025
E[P_neut(12)] = 0.0004313132
E[P_neut(13)] = 0.0004047906
E[P_neut(14)] = 0.0003828640
E[P_neut(15)] = 0.0003744844
E[P_neut(16)] = 0.0003770616
E[P_neut(17)] = 0.0003909539
E[P_neut(18)] = 0.0004044963
E[P_neut(19)] = 0.0004468742

---- Expected P_sel(i), 0 < i < n (selected SFS per site) 
E[P_sel(1)] = 0.0072441966
E[P_sel(2)] = 0.0028321305
E[P_sel(3)] = 0.0015034622
E[P_sel(4)] = 0.0009405706
E[P_sel(5)] = 0.0006594221
E[P_sel(6)] = 0.0005144285
E[P_sel(7)] = 0.0004165031
E[P_sel(8)] = 0.0003509789
E[P_sel(9)] = 0.0003027705
E[P_sel(10)] = 0.0002768925
E[P_sel(11)] = 0.0002474135
E[P_sel(12)] = 0.0002368780
E[P_sel(13)] = 0.0002221776
E[P_sel(14)] = 0.0002104462
E[P_sel(15)] = 0.0002066377
E[P_sel(16)] = 0.0002095135
E[P_sel(17)] = 0.0002196797
E[P_sel(18)] = 0.0002314022
E[P_sel(19)] = 0.0002642795

---- Expected D_neut and D_sel (neutral and selected divergence per site) 
E[D_neut] = 0.0197838107
E[D_sel] = 0.0125516671

---- Expected neutral and selected misattributed polymorphism per site
E[mis_neut] = 0.0005170590
E[mis_sel] = 0.0003120487

---- alpha_div = 0.240064
---- alpha_dfe = 0.239878

