---- Running command
---- ./polyDFE -d Mmc/964.polyDFE.config.txt -m C -e 
---- Performing inference using model C

---- Performing inference on Mmc/964.polyDFE.config.txt
---- No mutation variability. Using Poisson likelihood.


---- Calculating initial values

-- Starting local optimization
-- Optimizing all parameters
  it        eps_an        lambda     theta_bar           S_d             b           p_b           S_b           r 2           r 3           r 4           r 5           r 6           r 7           r 8           r 9          r 10          r 11          r 12          r 13          r 14          r 15          r 16          r 17          r 18          r 19          r 20           ln lk          grad status 
   0           0.1 0.01924658736 0.01135814813        -20000         0.208           0.1            20 0.87180677433 0.73445350344 0.64153858243 0.58573158472 0.55819219670 0.53870391669 0.53759573698 0.53201859297 0.55752369888 0.55781968876 0.59168914797 0.62148244299 0.65940204604 0.75397548783 0.86503239875 1.11448354861 1.58388075943             1             1 -1115196.344428 23107.2240969   -2 
 974 0.00028753262 0.01939652322 0.01013447120 -77.244560312 0.12217969291 0.02300733322 6.62761635340 0.86492158067 0.72116585750 0.62046294927 0.55425854898 0.52981624203 0.50908785179 0.49674411252 0.48589403515 0.49619121270 0.48569861120 0.51523021013 0.51655115926 0.52151434465 0.56638060193 0.58981927438 0.65590372175 0.71510441554 0.82990872715 0.82897966698 -285.0769593112 0.01320443271   -3 
-- Local optimization: stuck in the same solution
---- Best joint likelihood found -285.076959311205428 with gradient 0.01320

---- Results for Mmc/964.polyDFE.config.txt 
--  Model: C
--        eps_an        lambda     theta_bar             a 
-- 0.00028753262 0.01939652322 0.01013447120            -1 
--           S_d             b           p_b           S_b 
-- -77.244560312 0.12217969291 0.02300733322 6.62761635340 
--           r 2           r 3           r 4           r 5           r 6           r 7           r 8           r 9          r 10          r 11          r 12          r 13          r 14          r 15          r 16          r 17          r 18          r 19          r 20 
-- 0.86492158067 0.72116585750 0.62046294927 0.55425854898 0.52981624203 0.50908785179 0.49674411252 0.48589403515 0.49619121270 0.48569861120 0.51523021013 0.51655115926 0.52151434465 0.56638060193 0.58981927438 0.65590372175 0.71510441554 0.82990872715 0.82897966698 

---- Expected P_neut(i), 0 < i < n (neutral SFS per site) 
E[P_neut(1)] = 0.0101316845
E[P_neut(2)] = 0.0043816170
E[P_neut(3)] = 0.0024356235
E[P_neut(4)] = 0.0015716714
E[P_neut(5)] = 0.0011232105
E[P_neut(6)] = 0.0008947525
E[P_neut(7)] = 0.0007369519
E[P_neut(8)] = 0.0006292240
E[P_neut(9)] = 0.0005471135
E[P_neut(10)] = 0.0005028636
E[P_neut(11)] = 0.0004475103
E[P_neut(12)] = 0.0004351880
E[P_neut(13)] = 0.0004027864
E[P_neut(14)] = 0.0003776682
E[P_neut(15)] = 0.0003828775
E[P_neut(16)] = 0.0003739387
E[P_neut(17)] = 0.0003916020
E[P_neut(18)] = 0.0004037669
E[P_neut(19)] = 0.0004454544

---- Expected P_sel(i), 0 < i < n (selected SFS per site) 
E[P_sel(1)] = 0.0072559759
E[P_sel(2)] = 0.0028357859
E[P_sel(3)] = 0.0014986768
E[P_sel(4)] = 0.0009366690
E[P_sel(5)] = 0.0006544520
E[P_sel(6)] = 0.0005125944
E[P_sel(7)] = 0.0004167205
E[P_sel(8)] = 0.0003522091
E[P_sel(9)] = 0.0003038596
E[P_sel(10)] = 0.0002776593
E[P_sel(11)] = 0.0002461148
E[P_sel(12)] = 0.0002388192
E[P_sel(13)] = 0.0002209748
E[P_sel(14)] = 0.0002075662
E[P_sel(15)] = 0.0002113168
E[P_sel(16)] = 0.0002078704
E[P_sel(17)] = 0.0002200975
E[P_sel(18)] = 0.0002306563
E[P_sel(19)] = 0.0002608188

---- Expected D_neut and D_sel (neutral and selected divergence per site) 
E[D_neut] = 0.0198165868
E[D_sel] = 0.0125338600

---- Expected neutral and selected misattributed polymorphism per site
E[mis_neut] = 0.0004200635
E[mis_sel] = 0.0002535744

---- alpha_div = 0.248391
---- alpha_dfe = 0.248216

