---- Running command
---- ./polyDFE -d Mmc/965.polyDFE.config.txt -m C -e 
---- Performing inference using model C

---- Performing inference on Mmc/965.polyDFE.config.txt
---- No mutation variability. Using Poisson likelihood.


---- Calculating initial values

-- Starting local optimization
-- Optimizing all parameters
  it        eps_an        lambda     theta_bar           S_d             b           p_b           S_b           r 2           r 3           r 4           r 5           r 6           r 7           r 8           r 9          r 10          r 11          r 12          r 13          r 14          r 15          r 16          r 17          r 18          r 19          r 20           ln lk          grad status 
   0           0.1 0.01929607514 0.01135297381        -20000         0.208           0.1            20 0.87297009320 0.73564733291 0.64477288699 0.58401351119 0.55924567603 0.53698865211 0.53877079212 0.53481969964 0.55068798568 0.55126423088 0.59425155850 0.62501680506 0.66756201315 0.74938738534 0.87596704459 1.10341610521 1.58394002544             1             1 -1114637.175345 23165.7270577   -2 
1613 0.00029054269 0.01924963594 0.01013345303 -78.643369257 0.12499907145 0.02916893723 5.45532613300 0.86457316554 0.72244821118 0.62132556126 0.55671643645 0.52907758489 0.50642050695 0.49793658932 0.49082884288 0.49629254435 0.48156789199 0.51234724916 0.51814318893 0.52563367823 0.55680081543 0.59572171848 0.64761814314 0.71802953414 0.84040842501 1.21586836475 -267.5523653982 0.03748556487   -8 
-- Local optimization: reached maximum number of likelihood evaluations allowed.
---- Best joint likelihood found -267.552365398209076 with gradient 0.03749

---- Results for Mmc/965.polyDFE.config.txt 
--  Model: C
--        eps_an        lambda     theta_bar             a 
-- 0.00029054269 0.01924963594 0.01013345303            -1 
--           S_d             b           p_b           S_b 
-- -78.643369257 0.12499907145 0.02916893723 5.45532613300 
--           r 2           r 3           r 4           r 5           r 6           r 7           r 8           r 9          r 10          r 11          r 12          r 13          r 14          r 15          r 16          r 17          r 18          r 19          r 20 
-- 0.86457316554 0.72244821118 0.62132556126 0.55671643645 0.52907758489 0.50642050695 0.49793658932 0.49082884288 0.49629254435 0.48156789199 0.51234724916 0.51814318893 0.52563367823 0.55680081543 0.59572171848 0.64761814314 0.71802953414 0.84040842501 1.21586836475 

---- Expected P_neut(i), 0 < i < n (neutral SFS per site) 
E[P_neut(1)] = 0.0101306391
E[P_neut(2)] = 0.0043794005
E[P_neut(3)] = 0.0024397015
E[P_neut(4)] = 0.0015736956
E[P_neut(5)] = 0.0011280734
E[P_neut(6)] = 0.0008934147
E[P_neut(7)] = 0.0007330170
E[P_neut(8)] = 0.0006306696
E[P_neut(9)] = 0.0005526118
E[P_neut(10)] = 0.0005029157
E[P_neut(11)] = 0.0004436631
E[P_neut(12)] = 0.0004327114
E[P_neut(13)] = 0.0004039864
E[P_neut(14)] = 0.0003806122
E[P_neut(15)] = 0.0003763729
E[P_neut(16)] = 0.0003776426
E[P_neut(17)] = 0.0003866326
E[P_neut(18)] = 0.0004053841
E[P_neut(19)] = 0.0004510371

---- Expected P_sel(i), 0 < i < n (selected SFS per site) 
E[P_sel(1)] = 0.0072250178
E[P_sel(2)] = 0.0028195801
E[P_sel(3)] = 0.0014929776
E[P_sel(4)] = 0.0009327915
E[P_sel(5)] = 0.0006538647
E[P_sel(6)] = 0.0005093350
E[P_sel(7)] = 0.0004126542
E[P_sel(8)] = 0.0003516315
E[P_sel(9)] = 0.0003058900
E[P_sel(10)] = 0.0002769492
E[P_sel(11)] = 0.0002435327
E[P_sel(12)] = 0.0002372026
E[P_sel(13)] = 0.0002215914
E[P_sel(14)] = 0.0002093440
E[P_sel(15)] = 0.0002080889
E[P_sel(16)] = 0.0002104934
E[P_sel(17)] = 0.0002180614
E[P_sel(18)] = 0.0002324754
E[P_sel(19)] = 0.0002649091

---- Expected D_neut and D_sel (neutral and selected divergence per site) 
E[D_neut] = 0.0198656832
E[D_sel] = 0.0125285122

---- Expected neutral and selected misattributed polymorphism per site
E[mis_neut] = 0.0006160472
E[mis_sel] = 0.0003726118

---- alpha_div = 0.263094
---- alpha_dfe = 0.262930

