---- Running command
---- ./polyDFE -d Mmc/966.polyDFE.config.txt -m C -e 
---- Performing inference using model C

---- Performing inference on Mmc/966.polyDFE.config.txt
---- No mutation variability. Using Poisson likelihood.


---- Calculating initial values

-- Starting local optimization
-- Optimizing all parameters
  it        eps_an        lambda     theta_bar           S_d             b           p_b           S_b           r 2           r 3           r 4           r 5           r 6           r 7           r 8           r 9          r 10          r 11          r 12          r 13          r 14          r 15          r 16          r 17          r 18          r 19          r 20           ln lk          grad status 
   0           0.1 0.01927171885 0.01133588473        -20000         0.208           0.1            20 0.87500431863 0.73267104492 0.64729757803 0.58472650974 0.55964451393 0.53711889672 0.53911904172 0.52968296347 0.55514070118 0.55988222371 0.58999467770 0.62712853752 0.67378100774 0.75306477497 0.86456382585 1.11706823088 1.57979211113             1             1 -1116644.034019 23127.5909843   -2 
 892 0.00146003716 0.01927232965 0.01012335559 -75.961565420 0.12124775280 0.01678022427 8.76666231604  0.8682238258 0.72098908686 0.62360959772 0.55838872919 0.52955256335 0.50588131579 0.49884858554 0.48322982398 0.49532747540 0.48977513600 0.50665455876 0.52004235239 0.53366550106 0.55755591330 0.58309583550 0.65201529176 0.70817189870 0.81012859171 1.12044239940 -272.8176743930 0.02517535750   -8 
-- Local optimization: reached maximum number of likelihood evaluations allowed.
---- Best joint likelihood found -272.817674393067136 with gradient 0.02518

---- Results for Mmc/966.polyDFE.config.txt 
--  Model: C
--        eps_an        lambda     theta_bar             a 
-- 0.00146003716 0.01927232965 0.01012335559            -1 
--           S_d             b           p_b           S_b 
-- -75.961565420 0.12124775280 0.01678022427 8.76666231604 
--           r 2           r 3           r 4           r 5           r 6           r 7           r 8           r 9          r 10          r 11          r 12          r 13          r 14          r 15          r 16          r 17          r 18          r 19          r 20 
--  0.8682238258 0.72098908686 0.62360959772 0.55838872919 0.52955256335 0.50588131579 0.49884858554 0.48322982398 0.49532747540 0.48977513600 0.50665455876 0.52004235239 0.53366550106 0.55755591330 0.58309583550 0.65201529176 0.70817189870 0.81012859171 1.12044239940 

---- Expected P_neut(i), 0 < i < n (neutral SFS per site) 
E[P_neut(1)] = 0.0101092053
E[P_neut(2)] = 0.0043888344
E[P_neut(3)] = 0.0024299577
E[P_neut(4)] = 0.0015764898
E[P_neut(5)] = 0.0011294523
E[P_neut(6)] = 0.0008927337
E[P_neut(7)] = 0.0007311255
E[P_neut(8)] = 0.0006309551
E[P_neut(9)] = 0.0005434098
E[P_neut(10)] = 0.0005014376
E[P_neut(11)] = 0.0004508780
E[P_neut(12)] = 0.0004277180
E[P_neut(13)] = 0.0004054441
E[P_neut(14)] = 0.0003866329
E[P_neut(15)] = 0.0003773904
E[P_neut(16)] = 0.0003706961
E[P_neut(17)] = 0.0003912549
E[P_neut(18)] = 0.0004041169
E[P_neut(19)] = 0.0004457934

---- Expected P_sel(i), 0 < i < n (selected SFS per site) 
E[P_sel(1)] = 0.0072443693
E[P_sel(2)] = 0.0028408973
E[P_sel(3)] = 0.0014945847
E[P_sel(4)] = 0.0009386020
E[P_sel(5)] = 0.0006570167
E[P_sel(6)] = 0.0005102615
E[P_sel(7)] = 0.0004121771
E[P_sel(8)] = 0.0003518377
E[P_sel(9)] = 0.0003004045
E[P_sel(10)] = 0.0002753386
E[P_sel(11)] = 0.0002463510
E[P_sel(12)] = 0.0002329433
E[P_sel(13)] = 0.0002204995
E[P_sel(14)] = 0.0002103975
E[P_sel(15)] = 0.0002059905
E[P_sel(16)] = 0.0002035812
E[P_sel(17)] = 0.0002171098
E[P_sel(18)] = 0.0002281015
E[P_sel(19)] = 0.0002595846

---- Expected D_neut and D_sel (neutral and selected divergence per site) 
E[D_neut] = 0.0198394615
E[D_sel] = 0.0125183979

---- Expected neutral and selected misattributed polymorphism per site
E[mis_neut] = 0.0005671318
E[mis_sel] = 0.0003388259

---- alpha_div = 0.237119
---- alpha_dfe = 0.237037

