---- Running command
---- ./polyDFE -d Mmc/967.polyDFE.config.txt -m C -e 
---- Performing inference using model C

---- Performing inference on Mmc/967.polyDFE.config.txt
---- No mutation variability. Using Poisson likelihood.


---- Calculating initial values

-- Starting local optimization
-- Optimizing all parameters
  it        eps_an        lambda     theta_bar           S_d             b           p_b           S_b           r 2           r 3           r 4           r 5           r 6           r 7           r 8           r 9          r 10          r 11          r 12          r 13          r 14          r 15          r 16          r 17          r 18          r 19          r 20           ln lk          grad status 
   0           0.1 0.01927433050 0.01137263688        -20000         0.208           0.1            20 0.87300940388 0.73340524629 0.64259499797 0.58312174795 0.55520026332 0.53777898844 0.54058620391 0.53134372715 0.54966165936 0.54280335843 0.58932374840 0.62729245771 0.65746232217 0.74769646921 0.86595087368 1.10830355900 1.57721927364             1             1 -1112943.589372 23127.6228536   -2 
 516 0.00280906784 0.01933341334 0.01017910720 -79.180862963 0.12349780315 0.02488798553 6.33363027119 0.86452502228 0.71970204509 0.61747191661 0.55614953479 0.52522426471 0.50619153377 0.49501729186 0.48323282421 0.49445593826 0.47633540403 0.50972155303 0.51519175899 0.51922851457 0.55257407833 0.58418569725 0.63504971066 0.69134690617 0.77914756286 1.00969599566 -291.3073659914 0.35213210116   -3 
-- Local optimization: stuck in the same solution
---- Best joint likelihood found -291.307365991480765 with gradient 0.35213

---- Results for Mmc/967.polyDFE.config.txt 
--  Model: C
--        eps_an        lambda     theta_bar             a 
-- 0.00280906784 0.01933341334 0.01017910720            -1 
--           S_d             b           p_b           S_b 
-- -79.180862963 0.12349780315 0.02488798553 6.33363027119 
--           r 2           r 3           r 4           r 5           r 6           r 7           r 8           r 9          r 10          r 11          r 12          r 13          r 14          r 15          r 16          r 17          r 18          r 19          r 20 
-- 0.86452502228 0.71970204509 0.61747191661 0.55614953479 0.52522426471 0.50619153377 0.49501729186 0.48323282421 0.49445593826 0.47633540403 0.50972155303 0.51519175899 0.51922851457 0.55257407833 0.58418569725 0.63504971066 0.69134690617 0.77914756286 1.00969599566 

---- Expected P_neut(i), 0 < i < n (neutral SFS per site) 
E[P_neut(1)] = 0.0101516860
E[P_neut(2)] = 0.0043887847
E[P_neut(3)] = 0.0024361832
E[P_neut(4)] = 0.0015679582
E[P_neut(5)] = 0.0011300940
E[P_neut(6)] = 0.0008896098
E[P_neut(7)] = 0.0007351480
E[P_neut(8)] = 0.0006292995
E[P_neut(9)] = 0.0005462450
E[P_neut(10)] = 0.0005033120
E[P_neut(11)] = 0.0004410852
E[P_neut(12)] = 0.0004329306
E[P_neut(13)] = 0.0004043339
E[P_neut(14)] = 0.0003789627
E[P_neut(15)] = 0.0003771079
E[P_neut(16)] = 0.0003750255
E[P_neut(17)] = 0.0003860409
E[P_neut(18)] = 0.0004022226
E[P_neut(19)] = 0.0004448437

---- Expected P_sel(i), 0 < i < n (selected SFS per site) 
E[P_sel(1)] = 0.0072401223
E[P_sel(2)] = 0.0028262260
E[P_sel(3)] = 0.0014910971
E[P_sel(4)] = 0.0009294222
E[P_sel(5)] = 0.0006549141
E[P_sel(6)] = 0.0005069346
E[P_sel(7)] = 0.0004135353
E[P_sel(8)] = 0.0003504749
E[P_sel(9)] = 0.0003019121
E[P_sel(10)] = 0.0002766374
E[P_sel(11)] = 0.0002415496
E[P_sel(12)] = 0.0002366591
E[P_sel(13)] = 0.0002210635
E[P_sel(14)] = 0.0002076778
E[P_sel(15)] = 0.0002076719
E[P_sel(16)] = 0.0002081984
E[P_sel(17)] = 0.0002169763
E[P_sel(18)] = 0.0002304079
E[P_sel(19)] = 0.0002636944

---- Expected D_neut and D_sel (neutral and selected divergence per site) 
E[D_neut] = 0.0198473035
E[D_sel] = 0.0125566617

---- Expected neutral and selected misattributed polymorphism per site
E[mis_neut] = 0.0005138902
E[mis_sel] = 0.0003103368

---- alpha_div = 0.257483
---- alpha_dfe = 0.257121

