---- Running command
---- ./polyDFE -d Mmc/968.polyDFE.config.txt -m C -e 
---- Performing inference using model C

---- Performing inference on Mmc/968.polyDFE.config.txt
---- No mutation variability. Using Poisson likelihood.


---- Calculating initial values

-- Starting local optimization
-- Optimizing all parameters
  it        eps_an        lambda     theta_bar           S_d             b           p_b           S_b           r 2           r 3           r 4           r 5           r 6           r 7           r 8           r 9          r 10          r 11          r 12          r 13          r 14          r 15          r 16          r 17          r 18          r 19          r 20           ln lk          grad status 
   0           0.1 0.01927832305 0.01137621635        -20000         0.208           0.1            20 0.87417821922 0.73523775449 0.64360647623 0.58693246479 0.55655696006 0.54185410381 0.53942863576 0.52954735405 0.55329758859 0.55377245720 0.59222939461 0.62016676588 0.66703293072 0.74723116044 0.85688947625 1.11028402277 1.58093678258             1             1 -1113989.911500 23143.0484361   -2 
 491 0.00316990926 0.01937835281 0.01018575783 -80.972674751 0.12175828121 0.01946537015 7.86277446103 0.86512058055 0.72086257921 0.61897628305 0.55914878702 0.52778627607 0.50934672593 0.49467331765 0.48466613843 0.49446607246 0.48345945901 0.50819365791 0.51089035140 0.51971335335 0.55769273986 0.57862334770 0.63743420998 0.69037155361 0.76298349416 0.92272025710 -278.4494354807 0.10529224435   -8 
-- Local optimization: reached maximum number of likelihood evaluations allowed.
---- Best joint likelihood found -278.449435480724787 with gradient 0.10529

---- Results for Mmc/968.polyDFE.config.txt 
--  Model: C
--        eps_an        lambda     theta_bar             a 
-- 0.00316990926 0.01937835281 0.01018575783            -1 
--           S_d             b           p_b           S_b 
-- -80.972674751 0.12175828121 0.01946537015 7.86277446103 
--           r 2           r 3           r 4           r 5           r 6           r 7           r 8           r 9          r 10          r 11          r 12          r 13          r 14          r 15          r 16          r 17          r 18          r 19          r 20 
-- 0.86512058055 0.72086257921 0.61897628305 0.55914878702 0.52778627607 0.50934672593 0.49467331765 0.48466613843 0.49446607246 0.48345945901 0.50819365791 0.51089035140 0.51971335335 0.55769273986 0.57862334770 0.63743420998 0.69037155361 0.76298349416 0.92272025710 

---- Expected P_neut(i), 0 < i < n (neutral SFS per site) 
E[P_neut(1)] = 0.0101547665
E[P_neut(2)] = 0.0043932263
E[P_neut(3)] = 0.0024409628
E[P_neut(4)] = 0.0015723569
E[P_neut(5)] = 0.0011366605
E[P_neut(6)] = 0.0008943423
E[P_neut(7)] = 0.0007400741
E[P_neut(8)] = 0.0006291987
E[P_neut(9)] = 0.0005482016
E[P_neut(10)] = 0.0005036512
E[P_neut(11)] = 0.0004479925
E[P_neut(12)] = 0.0004319906
E[P_neut(13)] = 0.0004013732
E[P_neut(14)] = 0.0003797612
E[P_neut(15)] = 0.0003811118
E[P_neut(16)] = 0.0003721860
E[P_neut(17)] = 0.0003884742
E[P_neut(18)] = 0.0004033924
E[P_neut(19)] = 0.0004400211

---- Expected P_sel(i), 0 < i < n (selected SFS per site) 
E[P_sel(1)] = 0.0072302927
E[P_sel(2)] = 0.0028244102
E[P_sel(3)] = 0.0014913377
E[P_sel(4)] = 0.0009301053
E[P_sel(5)] = 0.0006571252
E[P_sel(6)] = 0.0005081818
E[P_sel(7)] = 0.0004149190
E[P_sel(8)] = 0.0003490579
E[P_sel(9)] = 0.0003016313
E[P_sel(10)] = 0.0002753920
E[P_sel(11)] = 0.0002438816
E[P_sel(12)] = 0.0002345593
E[P_sel(13)] = 0.0002177831
E[P_sel(14)] = 0.0002063527
E[P_sel(15)] = 0.0002079100
E[P_sel(16)] = 0.0002045228
E[P_sel(17)] = 0.0002160095
E[P_sel(18)] = 0.0002286777
E[P_sel(19)] = 0.0002589938

---- Expected D_neut and D_sel (neutral and selected divergence per site) 
E[D_neut] = 0.0198482831
E[D_sel] = 0.0125368878

---- Expected neutral and selected misattributed polymorphism per site
E[mis_neut] = 0.0004699303
E[mis_sel] = 0.0002814799

---- alpha_div = 0.247523
---- alpha_dfe = 0.247426

