---- Running command
---- ./polyDFE -d Mmc/969.polyDFE.config.txt -m C -e 
---- Performing inference using model C

---- Performing inference on Mmc/969.polyDFE.config.txt
---- No mutation variability. Using Poisson likelihood.


---- Calculating initial values

-- Starting local optimization
-- Optimizing all parameters
  it        eps_an        lambda     theta_bar           S_d             b           p_b           S_b           r 2           r 3           r 4           r 5           r 6           r 7           r 8           r 9          r 10          r 11          r 12          r 13          r 14          r 15          r 16          r 17          r 18          r 19          r 20           ln lk          grad status 
   0           0.1 0.01929776480 0.01137890939        -20000         0.208           0.1            20 0.87377177579 0.73003797850 0.64056370519 0.57874287548 0.56053198094 0.53114643439 0.53121791323 0.53091220102 0.56039869628 0.54889616417 0.58446555529 0.62003757193 0.66788423728 0.74902295794 0.85746961736 1.10607160154 1.57888748969             1             1 -1117437.473576 23180.4156690   -2 
 388 0.00446651762 0.01935120763 0.01022121544 -110.21627343 0.10416830799 0.00417737659 29.0528390588 0.86063494470 0.71224966010 0.61166319405 0.55022361192 0.52352408538 0.49725495620 0.48945146140 0.48348198234 0.49549244158 0.47812139249 0.50277990026 0.51099230232 0.52083477872 0.55595606526 0.58313943408 0.63553076692 0.68684165621 0.74956957783 1.00327715612 -300.1733873100 0.76093074083   -3 
-- Local optimization: stuck in the same solution
---- Best joint likelihood found -300.173387310001999 with gradient 0.76093

---- Results for Mmc/969.polyDFE.config.txt 
--  Model: C
--        eps_an        lambda     theta_bar             a 
-- 0.00446651762 0.01935120763 0.01022121544            -1 
--           S_d             b           p_b           S_b 
-- -110.21627343 0.10416830799 0.00417737659 29.0528390588 
--           r 2           r 3           r 4           r 5           r 6           r 7           r 8           r 9          r 10          r 11          r 12          r 13          r 14          r 15          r 16          r 17          r 18          r 19          r 20 
-- 0.86063494470 0.71224966010 0.61166319405 0.55022361192 0.52352408538 0.49725495620 0.48945146140 0.48348198234 0.49549244158 0.47812139249 0.50277990026 0.51099230232 0.52083477872 0.55595606526 0.58313943408 0.63553076692 0.68684165621 0.74956957783 1.00327715612 

---- Expected P_neut(i), 0 < i < n (neutral SFS per site) 
E[P_neut(1)] = 0.0101773633
E[P_neut(2)] = 0.0043804642
E[P_neut(3)] = 0.0024175536
E[P_neut(4)] = 0.0015576681
E[P_neut(5)] = 0.0011214590
E[P_neut(6)] = 0.0008895571
E[P_neut(7)] = 0.0007246300
E[P_neut(8)] = 0.0006244683
E[P_neut(9)] = 0.0005486178
E[P_neut(10)] = 0.0005064535
E[P_neut(11)] = 0.0004447392
E[P_neut(12)] = 0.0004291321
E[P_neut(13)] = 0.0004032149
E[P_neut(14)] = 0.0003825396
E[P_neut(15)] = 0.0003821683
E[P_neut(16)] = 0.0003778418
E[P_neut(17)] = 0.0003912437
E[P_neut(18)] = 0.0004079232
E[P_neut(19)] = 0.0004470897

---- Expected P_sel(i), 0 < i < n (selected SFS per site) 
E[P_sel(1)] = 0.0072347639
E[P_sel(2)] = 0.0028374855
E[P_sel(3)] = 0.0014953294
E[P_sel(4)] = 0.0009352159
E[P_sel(5)] = 0.0006588994
E[P_sel(6)] = 0.0005139282
E[P_sel(7)] = 0.0004129764
E[P_sel(8)] = 0.0003518869
E[P_sel(9)] = 0.0003062091
E[P_sel(10)] = 0.0002803921
E[P_sel(11)] = 0.0002445469
E[P_sel(12)] = 0.0002346303
E[P_sel(13)] = 0.0002194724
E[P_sel(14)] = 0.0002075618
E[P_sel(15)] = 0.0002070358
E[P_sel(16)] = 0.0002048637
E[P_sel(17)] = 0.0002131543
E[P_sel(18)] = 0.0002253039
E[P_sel(19)] = 0.0002580085

---- Expected D_neut and D_sel (neutral and selected divergence per site) 
E[D_neut] = 0.0198639432
E[D_sel] = 0.0125447493

---- Expected neutral and selected misattributed polymorphism per site
E[mis_neut] = 0.0005127356
E[mis_sel] = 0.0002963003

---- alpha_div = 0.191914
---- alpha_dfe = 0.192099

