---- Running command
---- ./polyDFE -d Mmc/97.polyDFE.config.txt -m C -e 
---- Performing inference using model C

---- Performing inference on Mmc/97.polyDFE.config.txt
---- No mutation variability. Using Poisson likelihood.


---- Calculating initial values

-- Starting local optimization
-- Optimizing all parameters
  it        eps_an        lambda     theta_bar           S_d             b           p_b           S_b           r 2           r 3           r 4           r 5           r 6           r 7           r 8           r 9          r 10          r 11          r 12          r 13          r 14          r 15          r 16          r 17          r 18          r 19          r 20           ln lk          grad status 
   0           0.1 0.01924026568 0.01133654779        -20000         0.208           0.1            20 0.87010569786 0.73876170092 0.64201335522 0.58390980716 0.55938463708 0.53928488161 0.54170713230 0.53407073190 0.55049489303 0.56155678441 0.59315392640 0.63290222437 0.66877747386 0.75492707170 0.86928790991 1.11212316701 1.58349370356             1             1 -1114255.584695 23097.9899213   -2 
 495 0.00133090177 0.01928891579 0.01012089269 -69.242855741 0.12597111653 0.01978873258 7.84696141074 0.86645296665 0.72205307841 0.61849944285 0.55833943938 0.53052184359 0.50792661473 0.49821497395 0.48672992232 0.49388544377 0.49373544331 0.51464956009 0.51879119428 0.53031444604 0.56369993147 0.59159785670 0.64535473599 0.71591761996 0.81753722060 1.02802698151 -290.0709314881 0.04969168006   -3 
-- Local optimization: stuck in the same solution
---- Best joint likelihood found -290.070931488138740 with gradient 0.04969

---- Results for Mmc/97.polyDFE.config.txt 
--  Model: C
--        eps_an        lambda     theta_bar             a 
-- 0.00133090177 0.01928891579 0.01012089269            -1 
--           S_d             b           p_b           S_b 
-- -69.242855741 0.12597111653 0.01978873258 7.84696141074 
--           r 2           r 3           r 4           r 5           r 6           r 7           r 8           r 9          r 10          r 11          r 12          r 13          r 14          r 15          r 16          r 17          r 18          r 19          r 20 
-- 0.86645296665 0.72205307841 0.61849944285 0.55833943938 0.53052184359 0.50792661473 0.49821497395 0.48672992232 0.49388544377 0.49373544331 0.51464956009 0.51879119428 0.53031444604 0.56369993147 0.59159785670 0.64535473599 0.71591761996 0.81753722060 1.02802698151 

---- Expected P_neut(i), 0 < i < n (neutral SFS per site) 
E[P_neut(1)] = 0.0101080024
E[P_neut(2)] = 0.0043793390
E[P_neut(3)] = 0.0024332099
E[P_neut(4)] = 0.0015633569
E[P_neut(5)] = 0.0011291808
E[P_neut(6)] = 0.0008942117
E[P_neut(7)] = 0.0007339417
E[P_neut(8)] = 0.0006300364
E[P_neut(9)] = 0.0005472252
E[P_neut(10)] = 0.0004998562
E[P_neut(11)] = 0.0004544005
E[P_neut(12)] = 0.0004343206
E[P_neut(13)] = 0.0004043345
E[P_neut(14)] = 0.0003840562
E[P_neut(15)] = 0.0003813411
E[P_neut(16)] = 0.0003758034
E[P_neut(17)] = 0.0003869404
E[P_neut(18)] = 0.0004078401
E[P_neut(19)] = 0.0004483749

---- Expected P_sel(i), 0 < i < n (selected SFS per site) 
E[P_sel(1)] = 0.0072640498
E[P_sel(2)] = 0.0028365959
E[P_sel(3)] = 0.0014955409
E[P_sel(4)] = 0.0009293760
E[P_sel(5)] = 0.0006555368
E[P_sel(6)] = 0.0005099263
E[P_sel(7)] = 0.0004127503
E[P_sel(8)] = 0.0003504573
E[P_sel(9)] = 0.0003017938
E[P_sel(10)] = 0.0002738707
E[P_sel(11)] = 0.0002478071
E[P_sel(12)] = 0.0002361880
E[P_sel(13)] = 0.0002196830
E[P_sel(14)] = 0.0002089253
E[P_sel(15)] = 0.0002082335
E[P_sel(16)] = 0.0002066497
E[P_sel(17)] = 0.0002151964
E[P_sel(18)] = 0.0002309006
E[P_sel(19)] = 0.0002618316

---- Expected D_neut and D_sel (neutral and selected divergence per site) 
E[D_neut] = 0.0198091433
E[D_sel] = 0.0125419833

---- Expected neutral and selected misattributed polymorphism per site
E[mis_neut] = 0.0005202275
E[mis_sel] = 0.0003122335

---- alpha_div = 0.250589
---- alpha_dfe = 0.250416

