---- Running command
---- ./polyDFE -d Mmc/970.polyDFE.config.txt -m C -e 
---- Performing inference using model C

---- Performing inference on Mmc/970.polyDFE.config.txt
---- No mutation variability. Using Poisson likelihood.


---- Calculating initial values

-- Starting local optimization
-- Optimizing all parameters
  it        eps_an        lambda     theta_bar           S_d             b           p_b           S_b           r 2           r 3           r 4           r 5           r 6           r 7           r 8           r 9          r 10          r 11          r 12          r 13          r 14          r 15          r 16          r 17          r 18          r 19          r 20           ln lk          grad status 
   0           0.1 0.01925282538 0.01133177167        -20000         0.208           0.1            20 0.87496199199 0.73692209825 0.64791294093 0.58417946857 0.55983368018 0.54033170110 0.53987374509 0.53349295760 0.54886190184 0.56031722613 0.59568960360 0.62769813252 0.66971490121  0.7553696602 0.86894012254 1.11363805723 1.58914699989             1             1 -1115690.987723 23123.5511098   -2 
1042 0.00098914392 0.01929452057 0.01012441610 -74.325338070 0.12275427798 0.01796655528 8.35888682229 0.86638018103 0.72206571115 0.62308509112 0.55678152122 0.53131517540 0.50729741079 0.49743116542 0.48835437072 0.49627488318 0.49133152027 0.51346235164 0.51761653484 0.52643740650 0.56244832712 0.59275998375 0.65186159453 0.71453422182 0.82313333154 1.04157718385 -275.9627610611 0.07308112935   -3 
-- Local optimization: stuck in the same solution
---- Best joint likelihood found -275.962761061120545 with gradient 0.07308

---- Results for Mmc/970.polyDFE.config.txt 
--  Model: C
--        eps_an        lambda     theta_bar             a 
-- 0.00098914392 0.01929452057 0.01012441610            -1 
--           S_d             b           p_b           S_b 
-- -74.325338070 0.12275427798 0.01796655528 8.35888682229 
--           r 2           r 3           r 4           r 5           r 6           r 7           r 8           r 9          r 10          r 11          r 12          r 13          r 14          r 15          r 16          r 17          r 18          r 19          r 20 
-- 0.86638018103 0.72206571115 0.62308509112 0.55678152122 0.53131517540 0.50729741079 0.49743116542 0.48835437072 0.49627488318 0.49133152027 0.51346235164 0.51761653484 0.52643740650 0.56244832712 0.59275998375 0.65186159453 0.71453422182 0.82313333154 1.04157718385 

---- Expected P_neut(i), 0 < i < n (neutral SFS per site) 
E[P_neut(1)] = 0.0101148355
E[P_neut(2)] = 0.0043818561
E[P_neut(3)] = 0.0024348049
E[P_neut(4)] = 0.0015759042
E[P_neut(5)] = 0.0011266779
E[P_neut(6)] = 0.0008960324
E[P_neut(7)] = 0.0007334001
E[P_neut(8)] = 0.0006293308
E[P_neut(9)] = 0.0005492709
E[P_neut(10)] = 0.0005024493
E[P_neut(11)] = 0.0004523183
E[P_neut(12)] = 0.0004334031
E[P_neut(13)] = 0.0004034474
E[P_neut(14)] = 0.0003812153
E[P_neut(15)] = 0.0003803704
E[P_neut(16)] = 0.0003762733
E[P_neut(17)] = 0.0003902451
E[P_neut(18)] = 0.0004058430
E[P_neut(19)] = 0.0004481988

---- Expected P_sel(i), 0 < i < n (selected SFS per site) 
E[P_sel(1)] = 0.0072491958
E[P_sel(2)] = 0.0028346013
E[P_sel(3)] = 0.0014960153
E[P_sel(4)] = 0.0009370656
E[P_sel(5)] = 0.0006544893
E[P_sel(6)] = 0.0005114017
E[P_sel(7)] = 0.0004128532
E[P_sel(8)] = 0.0003504281
E[P_sel(9)] = 0.0003032295
E[P_sel(10)] = 0.0002755459
E[P_sel(11)] = 0.0002468607
E[P_sel(12)] = 0.0002358163
E[P_sel(13)] = 0.0002192537
E[P_sel(14)] = 0.0002073509
E[P_sel(15)] = 0.0002075771
E[P_sel(16)] = 0.0002066647
E[P_sel(17)] = 0.0002166277
E[P_sel(18)] = 0.0002291405
E[P_sel(19)] = 0.0002606070

---- Expected D_neut and D_sel (neutral and selected divergence per site) 
E[D_neut] = 0.0198217886
E[D_sel] = 0.0125196606

---- Expected neutral and selected misattributed polymorphism per site
E[mis_neut] = 0.0005272680
E[mis_sel] = 0.0003154957

---- alpha_div = 0.242386
---- alpha_dfe = 0.242181

