---- Running command
---- ./polyDFE -d Mmc/971.polyDFE.config.txt -m C -e 
---- Performing inference using model C

---- Performing inference on Mmc/971.polyDFE.config.txt
---- No mutation variability. Using Poisson likelihood.


---- Calculating initial values

-- Starting local optimization
-- Optimizing all parameters
  it        eps_an        lambda     theta_bar           S_d             b           p_b           S_b           r 2           r 3           r 4           r 5           r 6           r 7           r 8           r 9          r 10          r 11          r 12          r 13          r 14          r 15          r 16          r 17          r 18          r 19          r 20           ln lk          grad status 
   0           0.1 0.01931780944 0.01136950827        -20000         0.208           0.1            20 0.86729892952 0.73569466096 0.65082770372 0.58906203449 0.55130926310 0.54028189359 0.53510435917 0.53300353351 0.55044127225 0.55204726785 0.59605940745 0.62904654047 0.66845464559 0.76263529473 0.86731736294 1.09981938730 1.57993189164             1             1 -1118178.454252 23216.0844529   -2 
 287 0.00564231021 0.01937402775 0.01021535127 -96.592600172 0.10928760419 0.00558876220 22.6827806819 0.85783834515 0.71690758735 0.62115098929 0.55761813894 0.52065126916 0.50582826141 0.49299213941 0.48189627691 0.49128744851 0.47647353992 0.51183773878 0.51083770711 0.52517935964 0.56034732455 0.58386701053 0.63384718131 0.68646467504 0.73817112585 1.00238142752 -313.2825920224 1.03425246400   -3 
-- Local optimization: stuck in the same solution
---- Best joint likelihood found -313.282592022456811 with gradient 1.03425

---- Results for Mmc/971.polyDFE.config.txt 
--  Model: C
--        eps_an        lambda     theta_bar             a 
-- 0.00564231021 0.01937402775 0.01021535127            -1 
--           S_d             b           p_b           S_b 
-- -96.592600172 0.10928760419 0.00558876220 22.6827806819 
--           r 2           r 3           r 4           r 5           r 6           r 7           r 8           r 9          r 10          r 11          r 12          r 13          r 14          r 15          r 16          r 17          r 18          r 19          r 20 
-- 0.85783834515 0.71690758735 0.62115098929 0.55761813894 0.52065126916 0.50582826141 0.49299213941 0.48189627691 0.49128744851 0.47647353992 0.51183773878 0.51083770711 0.52517935964 0.56034732455 0.58386701053 0.63384718131 0.68646467504 0.73817112585 1.00238142752 

---- Expected P_neut(i), 0 < i < n (neutral SFS per site) 
E[P_neut(1)] = 0.0101599524
E[P_neut(2)] = 0.0043590360
E[P_neut(3)] = 0.0024295296
E[P_neut(4)] = 0.0015794717
E[P_neut(5)] = 0.0011349782
E[P_neut(6)] = 0.0008835999
E[P_neut(7)] = 0.0007362732
E[P_neut(8)] = 0.0006284175
E[P_neut(9)] = 0.0005463815
E[P_neut(10)] = 0.0005018674
E[P_neut(11)] = 0.0004430754
E[P_neut(12)] = 0.0004368103
E[P_neut(13)] = 0.0004033145
E[P_neut(14)] = 0.0003860459
E[P_neut(15)] = 0.0003858845
E[P_neut(16)] = 0.0003796226
E[P_neut(17)] = 0.0003925054
E[P_neut(18)] = 0.0004121061
E[P_neut(19)] = 0.0004522766

---- Expected P_sel(i), 0 < i < n (selected SFS per site) 
E[P_sel(1)] = 0.0072373843
E[P_sel(2)] = 0.0028202124
E[P_sel(3)] = 0.0014980643
E[P_sel(4)] = 0.0009442119
E[P_sel(5)] = 0.0006634094
E[P_sel(6)] = 0.0005075580
E[P_sel(7)] = 0.0004170334
E[P_sel(8)] = 0.0003518380
E[P_sel(9)] = 0.0003029569
E[P_sel(10)] = 0.0002760174
E[P_sel(11)] = 0.0002420434
E[P_sel(12)] = 0.0002373228
E[P_sel(13)] = 0.0002182282
E[P_sel(14)] = 0.0002083440
E[P_sel(15)] = 0.0002081122
E[P_sel(16)] = 0.0002051712
E[P_sel(17)] = 0.0002135619
E[P_sel(18)] = 0.0002280035
E[P_sel(19)] = 0.0002631653

---- Expected D_neut and D_sel (neutral and selected divergence per site) 
E[D_neut] = 0.0198860117
E[D_sel] = 0.0125238930

---- Expected neutral and selected misattributed polymorphism per site
E[mis_neut] = 0.0005119839
E[mis_sel] = 0.0002968080

---- alpha_div = 0.201442
---- alpha_dfe = 0.201470

