---- Running command
---- ./polyDFE -d Mmc/972.polyDFE.config.txt -m C -e 
---- Performing inference using model C

---- Performing inference on Mmc/972.polyDFE.config.txt
---- No mutation variability. Using Poisson likelihood.


---- Calculating initial values

-- Starting local optimization
-- Optimizing all parameters
  it        eps_an        lambda     theta_bar           S_d             b           p_b           S_b           r 2           r 3           r 4           r 5           r 6           r 7           r 8           r 9          r 10          r 11          r 12          r 13          r 14          r 15          r 16          r 17          r 18          r 19          r 20           ln lk          grad status 
   0           0.1 0.01925384565 0.01139424653        -20000         0.208           0.1            20 0.86883747002 0.73292284289 0.64162232382 0.57906905316 0.55568703234 0.53432386849 0.53984932029 0.53438710765 0.54662556703 0.55363697752 0.59177047298 0.61720788540 0.67307343773 0.74532097604 0.85969919065 1.10367073005 1.56606592010             1             1 -1112032.681925 23092.5112694   -2 
1042 0.00085126770 0.01923707537 0.01017567961 -85.095432512 0.11886390579 0.02034277616 7.37410143670 0.86139981631 0.71824761756 0.61787799936 0.55385005788 0.52510427681 0.50317835753 0.49980778934 0.48770832245 0.49398928913 0.48400494211 0.50651144682 0.51106660600 0.52941155221 0.55673331134 0.58302594314 0.64261191926 0.70653785114 0.82207719371 1.15744096695 -276.5101864673 0.02466721940   -3 
-- Local optimization: stuck in the same solution
---- Best joint likelihood found -276.510186467334279 with gradient 0.02467

---- Results for Mmc/972.polyDFE.config.txt 
--  Model: C
--        eps_an        lambda     theta_bar             a 
-- 0.00085126770 0.01923707537 0.01017567961            -1 
--           S_d             b           p_b           S_b 
-- -85.095432512 0.11886390579 0.02034277616 7.37410143670 
--           r 2           r 3           r 4           r 5           r 6           r 7           r 8           r 9          r 10          r 11          r 12          r 13          r 14          r 15          r 16          r 17          r 18          r 19          r 20 
-- 0.86139981631 0.71824761756 0.61787799936 0.55385005788 0.52510427681 0.50317835753 0.49980778934 0.48770832245 0.49398928913 0.48400494211 0.50651144682 0.51106660600 0.52941155221 0.55673331134 0.58302594314 0.64261191926 0.70653785114 0.82207719371 1.15744096695 

---- Expected P_neut(i), 0 < i < n (neutral SFS per site) 
E[P_neut(1)] = 0.0101673922
E[P_neut(2)] = 0.0043792735
E[P_neut(3)] = 0.0024344728
E[P_neut(4)] = 0.0015708097
E[P_neut(5)] = 0.0011265221
E[P_neut(6)] = 0.0008901183
E[P_neut(7)] = 0.0007311724
E[P_neut(8)] = 0.0006355599
E[P_neut(9)] = 0.0005513299
E[P_neut(10)] = 0.0005026677
E[P_neut(11)] = 0.0004478227
E[P_neut(12)] = 0.0004296837
E[P_neut(13)] = 0.0004003167
E[P_neut(14)] = 0.0003852250
E[P_neut(15)] = 0.0003783140
E[P_neut(16)] = 0.0003718152
E[P_neut(17)] = 0.0003863943
E[P_neut(18)] = 0.0004028076
E[P_neut(19)] = 0.0004485608

---- Expected P_sel(i), 0 < i < n (selected SFS per site) 
E[P_sel(1)] = 0.0072445121
E[P_sel(2)] = 0.0028234104
E[P_sel(3)] = 0.0014935172
E[P_sel(4)] = 0.0009338581
E[P_sel(5)] = 0.0006549764
E[P_sel(6)] = 0.0005089385
E[P_sel(7)] = 0.0004126732
E[P_sel(8)] = 0.0003550851
E[P_sel(9)] = 0.0003056036
E[P_sel(10)] = 0.0002769738
E[P_sel(11)] = 0.0002457293
E[P_sel(12)] = 0.0002352102
E[P_sel(13)] = 0.0002190112
E[P_sel(14)] = 0.0002110670
E[P_sel(15)] = 0.0002080883
E[P_sel(16)] = 0.0002059310
E[P_sel(17)] = 0.0002163495
E[P_sel(18)] = 0.0002293378
E[P_sel(19)] = 0.0002624751

---- Expected D_neut and D_sel (neutral and selected divergence per site) 
E[D_neut] = 0.0198259628
E[D_sel] = 0.0125384528

---- Expected neutral and selected misattributed polymorphism per site
E[mis_neut] = 0.0005888874
E[mis_sel] = 0.0003545322

---- alpha_div = 0.243019
---- alpha_dfe = 0.242815

