---- Running command
---- ./polyDFE -d Mmc/973.polyDFE.config.txt -m C -e 
---- Performing inference using model C

---- Performing inference on Mmc/973.polyDFE.config.txt
---- No mutation variability. Using Poisson likelihood.


---- Calculating initial values

-- Starting local optimization
-- Optimizing all parameters
  it        eps_an        lambda     theta_bar           S_d             b           p_b           S_b           r 2           r 3           r 4           r 5           r 6           r 7           r 8           r 9          r 10          r 11          r 12          r 13          r 14          r 15          r 16          r 17          r 18          r 19          r 20           ln lk          grad status 
   0           0.1 0.01930908307 0.01138107047        -20000         0.208           0.1            20 0.86884746336 0.73474511121 0.63883918316 0.58076699359 0.56133027311 0.53690032673 0.53705307551 0.52715258629 0.54757177509 0.55688857904 0.59350525932 0.62111375919 0.67378862440 0.74536326424 0.85803692773 1.10272904514 1.57645624508             1             1 -1118844.028220 23193.2688412   -2 
 726 0.00132741240 0.01926073615 0.01016539389 -80.547271134 0.12071503388 0.02258218637 6.61659483964 0.86146051891 0.71986888508 0.61745641718 0.55337674960 0.52959541079 0.50750410540 0.49801282750 0.48234801710 0.49080551505 0.48475576331 0.50955967295 0.51147395522 0.52896547695 0.55868312788 0.58688030854 0.64359671407 0.70106610973 0.81325180794 1.21743630283 -275.3442097343 0.67875797854   -8 
-- Local optimization: reached maximum number of likelihood evaluations allowed.
---- Best joint likelihood found -275.344209734306787 with gradient 0.67876

---- Results for Mmc/973.polyDFE.config.txt 
--  Model: C
--        eps_an        lambda     theta_bar             a 
-- 0.00132741240 0.01926073615 0.01016539389            -1 
--           S_d             b           p_b           S_b 
-- -80.547271134 0.12071503388 0.02258218637 6.61659483964 
--           r 2           r 3           r 4           r 5           r 6           r 7           r 8           r 9          r 10          r 11          r 12          r 13          r 14          r 15          r 16          r 17          r 18          r 19          r 20 
-- 0.86146051891 0.71986888508 0.61745641718 0.55337674960 0.52959541079 0.50750410540 0.49801282750 0.48234801710 0.49080551505 0.48475576331 0.50955967295 0.51147395522 0.52896547695 0.55868312788 0.58688030854 0.64359671407 0.70106610973 0.81325180794 1.21743630283 

---- Expected P_neut(i), 0 < i < n (neutral SFS per site) 
E[P_neut(1)] = 0.0101524778
E[P_neut(2)] = 0.0043732562
E[P_neut(3)] = 0.0024365232
E[P_neut(4)] = 0.0015675839
E[P_neut(5)] = 0.0011240677
E[P_neut(6)] = 0.0008965765
E[P_neut(7)] = 0.0007365496
E[P_neut(8)] = 0.0006325451
E[P_neut(9)] = 0.0005446779
E[P_neut(10)] = 0.0004989231
E[P_neut(11)] = 0.0004481043
E[P_neut(12)] = 0.0004319232
E[P_neut(13)] = 0.0004003962
E[P_neut(14)] = 0.0003847628
E[P_neut(15)] = 0.0003796064
E[P_neut(16)] = 0.0003744548
E[P_neut(17)] = 0.0003875749
E[P_neut(18)] = 0.0004012095
E[P_neut(19)] = 0.0004480227

---- Expected P_sel(i), 0 < i < n (selected SFS per site) 
E[P_sel(1)] = 0.0072571482
E[P_sel(2)] = 0.0028270212
E[P_sel(3)] = 0.0014981759
E[P_sel(4)] = 0.0009338706
E[P_sel(5)] = 0.0006548411
E[P_sel(6)] = 0.0005136340
E[P_sel(7)] = 0.0004165360
E[P_sel(8)] = 0.0003541330
E[P_sel(9)] = 0.0003025783
E[P_sel(10)] = 0.0002755562
E[P_sel(11)] = 0.0002465075
E[P_sel(12)] = 0.0002370869
E[P_sel(13)] = 0.0002197100
E[P_sel(14)] = 0.0002114976
E[P_sel(15)] = 0.0002095274
E[P_sel(16)] = 0.0002081610
E[P_sel(17)] = 0.0002178463
E[P_sel(18)] = 0.0002293279
E[P_sel(19)] = 0.0002633270

---- Expected D_neut and D_sel (neutral and selected divergence per site) 
E[D_neut] = 0.0198795221
E[D_sel] = 0.0125301259

---- Expected neutral and selected misattributed polymorphism per site
E[mis_neut] = 0.0006187860
E[mis_sel] = 0.0003727523

---- alpha_div = 0.244100
---- alpha_dfe = 0.243985

