---- Running command
---- ./polyDFE -d Mmc/974.polyDFE.config.txt -m C -e 
---- Performing inference using model C

---- Performing inference on Mmc/974.polyDFE.config.txt
---- No mutation variability. Using Poisson likelihood.


---- Calculating initial values

-- Starting local optimization
-- Optimizing all parameters
  it        eps_an        lambda     theta_bar           S_d             b           p_b           S_b           r 2           r 3           r 4           r 5           r 6           r 7           r 8           r 9          r 10          r 11          r 12          r 13          r 14          r 15          r 16          r 17          r 18          r 19          r 20           ln lk          grad status 
   0           0.1 0.01926513371 0.01135885790        -20000         0.208           0.1            20 0.87327602806 0.73643720806 0.64623718038 0.58756164515 0.55996429839 0.54556421823 0.53534903460 0.53051471687 0.56031277869 0.55793874869 0.59802152734 0.63193504425 0.66007435594 0.75003122200 0.86594647717 1.12183151388 1.56625726326             1             1 -1112797.896697 23106.0387409   -2 
1121 0.00076357901 0.01940931269 0.01013769187 -69.188391807 0.13130217625 0.03027641401 5.54331807934 0.86686811313 0.72440919313 0.62231220805 0.55952862981 0.53178638807 0.51229603022 0.49715900779 0.48656267650 0.50046044457 0.48599034080 0.51546279190 0.51691514045 0.52465523444 0.56180624235 0.58986064136 0.65619518712 0.69921848941 0.81869330817 0.83876053778 -285.5494422846 0.04127198671   -8 
-- Local optimization: reached maximum number of likelihood evaluations allowed.
---- Best joint likelihood found -285.549442284609540 with gradient 0.04127

---- Results for Mmc/974.polyDFE.config.txt 
--  Model: C
--        eps_an        lambda     theta_bar             a 
-- 0.00076357901 0.01940931269 0.01013769187            -1 
--           S_d             b           p_b           S_b 
-- -69.188391807 0.13130217625 0.03027641401 5.54331807934 
--           r 2           r 3           r 4           r 5           r 6           r 7           r 8           r 9          r 10          r 11          r 12          r 13          r 14          r 15          r 16          r 17          r 18          r 19          r 20 
-- 0.86686811313 0.72440919313 0.62231220805 0.55952862981 0.53178638807 0.51229603022 0.49715900779 0.48656267650 0.50046044457 0.48599034080 0.51546279190 0.51691514045 0.52465523444 0.56180624235 0.58986064136 0.65619518712 0.69921848941 0.81869330817 0.83876053778 

---- Expected P_neut(i), 0 < i < n (neutral SFS per site) 
E[P_neut(1)] = 0.0101302845
E[P_neut(2)] = 0.0043909664
E[P_neut(3)] = 0.0024463753
E[P_neut(4)] = 0.0015762834
E[P_neut(5)] = 0.0011338894
E[P_neut(6)] = 0.0008981184
E[P_neut(7)] = 0.0007416698
E[P_neut(8)] = 0.0006298571
E[P_neut(9)] = 0.0005479927
E[P_neut(10)] = 0.0005073514
E[P_neut(11)] = 0.0004479692
E[P_neut(12)] = 0.0004356155
E[P_neut(13)] = 0.0004033608
E[P_neut(14)] = 0.0003803098
E[P_neut(15)] = 0.0003802709
E[P_neut(16)] = 0.0003746580
E[P_neut(17)] = 0.0003928824
E[P_neut(18)] = 0.0003968579
E[P_neut(19)] = 0.0004442316

---- Expected P_sel(i), 0 < i < n (selected SFS per site) 
E[P_sel(1)] = 0.0072499540
E[P_sel(2)] = 0.0028273422
E[P_sel(3)] = 0.0014939540
E[P_sel(4)] = 0.0009310407
E[P_sel(5)] = 0.0006542579
E[P_sel(6)] = 0.0005093146
E[P_sel(7)] = 0.0004150894
E[P_sel(8)] = 0.0003489853
E[P_sel(9)] = 0.0003013509
E[P_sel(10)] = 0.0002775153
E[P_sel(11)] = 0.0002442253
E[P_sel(12)] = 0.0002371776
E[P_sel(13)] = 0.0002197809
E[P_sel(14)] = 0.0002078465
E[P_sel(15)] = 0.0002089954
E[P_sel(16)] = 0.0002077226
E[P_sel(17)] = 0.0002206182
E[P_sel(18)] = 0.0002269418
E[P_sel(19)] = 0.0002610451

---- Expected D_neut and D_sel (neutral and selected divergence per site) 
E[D_neut] = 0.0198344675
E[D_sel] = 0.0125511024

---- Expected neutral and selected misattributed polymorphism per site
E[mis_neut] = 0.0004251548
E[mis_sel] = 0.0002571776

---- alpha_div = 0.276268
---- alpha_dfe = 0.276152

