---- Running command
---- ./polyDFE -d Mmc/975.polyDFE.config.txt -m C -e 
---- Performing inference using model C

---- Performing inference on Mmc/975.polyDFE.config.txt
---- No mutation variability. Using Poisson likelihood.


---- Calculating initial values

-- Starting local optimization
-- Optimizing all parameters
  it        eps_an        lambda     theta_bar           S_d             b           p_b           S_b           r 2           r 3           r 4           r 5           r 6           r 7           r 8           r 9          r 10          r 11          r 12          r 13          r 14          r 15          r 16          r 17          r 18          r 19          r 20           ln lk          grad status 
   0           0.1 0.01926141393 0.01136148301        -20000         0.208           0.1            20 0.87354491624 0.73450337825 0.64323176631 0.58027382481 0.55621219217 0.54213431408 0.53897305057 0.52813313056 0.55919096203 0.55216079220 0.59773232375 0.63093534793 0.66510121576 0.75100588011 0.86392823616 1.10777350335 1.58303341164             1             1 -1112017.634520 23099.5367286   -2 
 499 0.00104644071 0.01931108687 0.01014745981 -82.717749267 0.12029893877  0.0206084724 7.34482858324 0.86572134518 0.72118773409 0.61894118825 0.55296747061 0.52723209037 0.50899286963 0.49705397118 0.48450021210 0.50056086434 0.48518087758 0.51595719755 0.51947790337 0.52597611577 0.56336588870 0.58771885988 0.64059133589 0.71328401237 0.81954881453 1.02490735945 -275.0529017202 0.08598290113   -3 
-- Local optimization: stuck in the same solution
---- Best joint likelihood found -275.052901720278896 with gradient 0.08598

---- Results for Mmc/975.polyDFE.config.txt 
--  Model: C
--        eps_an        lambda     theta_bar             a 
-- 0.00104644071 0.01931108687 0.01014745981            -1 
--           S_d             b           p_b           S_b 
-- -82.717749267 0.12029893877  0.0206084724 7.34482858324 
--           r 2           r 3           r 4           r 5           r 6           r 7           r 8           r 9          r 10          r 11          r 12          r 13          r 14          r 15          r 16          r 17          r 18          r 19          r 20 
-- 0.86572134518 0.72118773409 0.61894118825 0.55296747061 0.52723209037 0.50899286963 0.49705397118 0.48450021210 0.50056086434 0.48518087758 0.51595719755 0.51947790337 0.52597611577 0.56336588870 0.58771885988 0.64059133589 0.71328401237 0.81954881453 1.02490735945 

---- Expected P_neut(i), 0 < i < n (neutral SFS per site) 
E[P_neut(1)] = 0.0101372991
E[P_neut(2)] = 0.0043882606
E[P_neut(3)] = 0.0024372553
E[P_neut(4)] = 0.0015689172
E[P_neut(5)] = 0.0011214675
E[P_neut(6)] = 0.0008911436
E[P_neut(7)] = 0.0007375072
E[P_neut(8)] = 0.0006302762
E[P_neut(9)] = 0.0005461685
E[P_neut(10)] = 0.0005079421
E[P_neut(11)] = 0.0004476809
E[P_neut(12)] = 0.0004365078
E[P_neut(13)] = 0.0004058387
E[P_neut(14)] = 0.0003817714
E[P_neut(15)] = 0.0003818911
E[P_neut(16)] = 0.0003739939
E[P_neut(17)] = 0.0003845276
E[P_neut(18)] = 0.0004062879
E[P_neut(19)] = 0.0004478627

---- Expected P_sel(i), 0 < i < n (selected SFS per site) 
E[P_sel(1)] = 0.0072254496
E[P_sel(2)] = 0.0028276838
E[P_sel(3)] = 0.0014936317
E[P_sel(4)] = 0.0009314186
E[P_sel(5)] = 0.0006509599
E[P_sel(6)] = 0.0005085911
E[P_sel(7)] = 0.0004154291
E[P_sel(8)] = 0.0003514035
E[P_sel(9)] = 0.0003020925
E[P_sel(10)] = 0.0002792646
E[P_sel(11)] = 0.0002451040
E[P_sel(12)] = 0.0002384115
E[P_sel(13)] = 0.0002215395
E[P_sel(14)] = 0.0002087200
E[P_sel(15)] = 0.0002096143
E[P_sel(16)] = 0.0002067274
E[P_sel(17)] = 0.0002149203
E[P_sel(18)] = 0.0002309843
E[P_sel(19)] = 0.0002619400

---- Expected D_neut and D_sel (neutral and selected divergence per site) 
E[D_neut] = 0.0198310972
E[D_sel] = 0.0125332619

---- Expected neutral and selected misattributed polymorphism per site
E[mis_neut] = 0.0005200103
E[mis_sel] = 0.0003126881

---- alpha_div = 0.245401
---- alpha_dfe = 0.245259

