---- Running command
---- ./polyDFE -d Mmc/976.polyDFE.config.txt -m C -e 
---- Performing inference using model C

---- Performing inference on Mmc/976.polyDFE.config.txt
---- No mutation variability. Using Poisson likelihood.


---- Calculating initial values

-- Starting local optimization
-- Optimizing all parameters
  it        eps_an        lambda     theta_bar           S_d             b           p_b           S_b           r 2           r 3           r 4           r 5           r 6           r 7           r 8           r 9          r 10          r 11          r 12          r 13          r 14          r 15          r 16          r 17          r 18          r 19          r 20           ln lk          grad status 
   0           0.1 0.01931693654 0.01136830101        -20000         0.208           0.1            20 0.87095845569 0.72857244108 0.64669054401 0.58595079905 0.56000907185 0.53842536742 0.54081713907 0.53079806926 0.55129625176 0.55953544616 0.59510624630 0.62813020558 0.66986824578 0.75177939681 0.86465231276 1.10768419973 1.57748303258             1             1 -1118482.116123 23205.4291299   -2 
 761 0.00120748172 0.01934611917 0.01014963001 -74.148330000 0.12423989258 0.02076495660 7.37964373613 0.86493013253 0.71734846262 0.62172425933 0.55746859575 0.52920174995 0.50749420199 0.49744101871 0.48648027318 0.49754555330 0.48881676498 0.51516877795 0.51672147319 0.52725487527 0.56147728988 0.58950755443 0.64921593749 0.70317338366 0.81756093561 1.06579209654 -290.9465703307 0.02698233720   -3 
-- Local optimization: stuck in the same solution
---- Best joint likelihood found -290.946570330794202 with gradient 0.02698

---- Results for Mmc/976.polyDFE.config.txt 
--  Model: C
--        eps_an        lambda     theta_bar             a 
-- 0.00120748172 0.01934611917 0.01014963001            -1 
--           S_d             b           p_b           S_b 
-- -74.148330000 0.12423989258 0.02076495660 7.37964373613 
--           r 2           r 3           r 4           r 5           r 6           r 7           r 8           r 9          r 10          r 11          r 12          r 13          r 14          r 15          r 16          r 17          r 18          r 19          r 20 
-- 0.86493013253 0.71734846262 0.62172425933 0.55746859575 0.52920174995 0.50749420199 0.49744101871 0.48648027318 0.49754555330 0.48881676498 0.51516877795 0.51672147319 0.52725487527 0.56147728988 0.58950755443 0.64921593749 0.70317338366 0.81756093561 1.06579209654 

---- Expected P_neut(i), 0 < i < n (neutral SFS per site) 
E[P_neut(1)] = 0.0101379019
E[P_neut(2)] = 0.0043845391
E[P_neut(3)] = 0.0024244780
E[P_neut(4)] = 0.0015761145
E[P_neut(5)] = 0.0011307123
E[P_neut(6)] = 0.0008945809
E[P_neut(7)] = 0.0007354384
E[P_neut(8)] = 0.0006308694
E[P_neut(9)] = 0.0005485038
E[P_neut(10)] = 0.0005049903
E[P_neut(11)] = 0.0004511460
E[P_neut(12)] = 0.0004359670
E[P_neut(13)] = 0.0004038269
E[P_neut(14)] = 0.0003828652
E[P_neut(15)] = 0.0003808268
E[P_neut(16)] = 0.0003754086
E[P_neut(17)] = 0.0003900684
E[P_neut(18)] = 0.0004013185
E[P_neut(19)] = 0.0004484619

---- Expected P_sel(i), 0 < i < n (selected SFS per site) 
E[P_sel(1)] = 0.0072575140
E[P_sel(2)] = 0.0028316069
E[P_sel(3)] = 0.0014869242
E[P_sel(4)] = 0.0009354517
E[P_sel(5)] = 0.0006556685
E[P_sel(6)] = 0.0005097452
E[P_sel(7)] = 0.0004134149
E[P_sel(8)] = 0.0003508787
E[P_sel(9)] = 0.0003025495
E[P_sel(10)] = 0.0002768044
E[P_sel(11)] = 0.0002462025
E[P_sel(12)] = 0.0002373047
E[P_sel(13)] = 0.0002196614
E[P_sel(14)] = 0.0002085601
E[P_sel(15)] = 0.0002082675
E[P_sel(16)] = 0.0002067613
E[P_sel(17)] = 0.0002172617
E[P_sel(18)] = 0.0002274623
E[P_sel(19)] = 0.0002617734

---- Expected D_neut and D_sel (neutral and selected divergence per site) 
E[D_neut] = 0.0198869889
E[D_sel] = 0.0125467137

---- Expected neutral and selected misattributed polymorphism per site
E[mis_neut] = 0.0005408698
E[mis_sel] = 0.0003244074

---- alpha_div = 0.248792
---- alpha_dfe = 0.248655

