---- Running command
---- ./polyDFE -d Mmc/977.polyDFE.config.txt -m C -e 
---- Performing inference using model C

---- Performing inference on Mmc/977.polyDFE.config.txt
---- No mutation variability. Using Poisson likelihood.


---- Calculating initial values

-- Starting local optimization
-- Optimizing all parameters
  it        eps_an        lambda     theta_bar           S_d             b           p_b           S_b           r 2           r 3           r 4           r 5           r 6           r 7           r 8           r 9          r 10          r 11          r 12          r 13          r 14          r 15          r 16          r 17          r 18          r 19          r 20           ln lk          grad status 
   0           0.1 0.01934473869 0.01135890961        -20000         0.208           0.1            20 0.86971854936 0.73352321456 0.63940316097 0.58584298747 0.55963097013 0.54168970651 0.53887708415 0.53229106248 0.55173813302 0.55430313085 0.58876917525 0.63126455988 0.65676363261 0.75398610097 0.86069295467 1.10335877448 1.56624738693             1             1 -1121876.466752 23272.4311065   -2 
 824 0.00091368892 0.01946498706 0.01013747277 -75.085435497 0.12514516646 0.02618745406 5.91515087959 0.86493304609 0.71957831309 0.61755682817 0.55706051660 0.52866161617 0.51102991177 0.49823217968 0.48678197125 0.49384583012 0.48574495633 0.51175588601 0.51855659964 0.51849484087 0.55910901845 0.59142002209 0.64292412275 0.69769392038 0.82573328063 0.88717140019 -292.9173553599 0.09875685155   -8 
-- Local optimization: reached maximum number of likelihood evaluations allowed.
---- Best joint likelihood found -292.917355359997600 with gradient 0.09876

---- Results for Mmc/977.polyDFE.config.txt 
--  Model: C
--        eps_an        lambda     theta_bar             a 
-- 0.00091368892 0.01946498706 0.01013747277            -1 
--           S_d             b           p_b           S_b 
-- -75.085435497 0.12514516646 0.02618745406 5.91515087959 
--           r 2           r 3           r 4           r 5           r 6           r 7           r 8           r 9          r 10          r 11          r 12          r 13          r 14          r 15          r 16          r 17          r 18          r 19          r 20 
-- 0.86493304609 0.71957831309 0.61755682817 0.55706051660 0.52866161617 0.51102991177 0.49823217968 0.48678197125 0.49384583012 0.48574495633 0.51175588601 0.51855659964 0.51849484087 0.55910901845 0.59142002209 0.64292412275 0.69769392038 0.82573328063 0.88717140019 

---- Expected P_neut(i), 0 < i < n (neutral SFS per site) 
E[P_neut(1)] = 0.0101286128
E[P_neut(2)] = 0.0043804709
E[P_neut(3)] = 0.0024296971
E[P_neut(4)] = 0.0015640287
E[P_neut(5)] = 0.0011287505
E[P_neut(6)] = 0.0008927424
E[P_neut(7)] = 0.0007397721
E[P_neut(8)] = 0.0006311700
E[P_neut(9)] = 0.0005482124
E[P_neut(10)] = 0.0005006349
E[P_neut(11)] = 0.0004477489
E[P_neut(12)] = 0.0004325078
E[P_neut(13)] = 0.0004046801
E[P_neut(14)] = 0.0003759179
E[P_neut(15)] = 0.0003785502
E[P_neut(16)] = 0.0003758067
E[P_neut(17)] = 0.0003852612
E[P_neut(18)] = 0.0003965830
E[P_neut(19)] = 0.0004494309

---- Expected P_sel(i), 0 < i < n (selected SFS per site) 
E[P_sel(1)] = 0.0072473867
E[P_sel(2)] = 0.0028285943
E[P_sel(3)] = 0.0014905659
E[P_sel(4)] = 0.0009289836
E[P_sel(5)] = 0.0006553513
E[P_sel(6)] = 0.0005096023
E[P_sel(7)] = 0.0004168237
E[P_sel(8)] = 0.0003520773
E[P_sel(9)] = 0.0003034707
E[P_sel(10)] = 0.0002755863
E[P_sel(11)] = 0.0002455670
E[P_sel(12)] = 0.0002367757
E[P_sel(13)] = 0.0002215655
E[P_sel(14)] = 0.0002062779
E[P_sel(15)] = 0.0002086962
E[P_sel(16)] = 0.0002087780
E[P_sel(17)] = 0.0002165061
E[P_sel(18)] = 0.0002266619
E[P_sel(19)] = 0.0002636960

---- Expected D_neut and D_sel (neutral and selected divergence per site) 
E[D_neut] = 0.0199146709
E[D_sel] = 0.0125333379

---- Expected neutral and selected misattributed polymorphism per site
E[mis_neut] = 0.0004496838
E[mis_sel] = 0.0002709197

---- alpha_div = 0.255293
---- alpha_dfe = 0.255127

