---- Running command
---- ./polyDFE -d Mmc/978.polyDFE.config.txt -m C -e 
---- Performing inference using model C

---- Performing inference on Mmc/978.polyDFE.config.txt
---- No mutation variability. Using Poisson likelihood.


---- Calculating initial values

-- Starting local optimization
-- Optimizing all parameters
  it        eps_an        lambda     theta_bar           S_d             b           p_b           S_b           r 2           r 3           r 4           r 5           r 6           r 7           r 8           r 9          r 10          r 11          r 12          r 13          r 14          r 15          r 16          r 17          r 18          r 19          r 20           ln lk          grad status 
   0           0.1 0.01928787938 0.01137320926        -20000         0.208           0.1            20 0.87309288520 0.72938881713 0.63932156262 0.58089447935 0.55283567478 0.53764642000 0.53968131913 0.53531065271 0.55461238984 0.55195699045 0.58876031522 0.62231497109 0.67193935089 0.75235593419 0.86254135617 1.11027040057 1.58618117677             1             1 -1116073.644731 23177.0011914   -2 
 729 0.00258769880 0.01934802846 0.01017583062 -84.148707387 0.11764829101 0.01493493115 9.64776207477 0.86356264202 0.71630769998 0.61714450909 0.55385283771 0.52463325343 0.50665594258 0.49227313955 0.48576486686 0.49280158448 0.48276767294 0.50769551094 0.51429426921 0.53018514475 0.56033096817 0.58859533191 0.64706982634 0.69883186115 0.79023881952 1.00414758832 -281.9788380452 0.28949359536   -3 
-- Local optimization: stuck in the same solution
---- Best joint likelihood found -281.978838045281009 with gradient 0.28949

---- Results for Mmc/978.polyDFE.config.txt 
--  Model: C
--        eps_an        lambda     theta_bar             a 
-- 0.00258769880 0.01934802846 0.01017583062            -1 
--           S_d             b           p_b           S_b 
-- -84.148707387 0.11764829101 0.01493493115 9.64776207477 
--           r 2           r 3           r 4           r 5           r 6           r 7           r 8           r 9          r 10          r 11          r 12          r 13          r 14          r 15          r 16          r 17          r 18          r 19          r 20 
-- 0.86356264202 0.71630769998 0.61714450909 0.55385283771 0.52463325343 0.50665594258 0.49227313955 0.48576486686 0.49280158448 0.48276767294 0.50769551094 0.51429426921 0.53018514475 0.56033096817 0.58859533191 0.64706982634 0.69883186115 0.79023881952 1.00414758832 

---- Expected P_neut(i), 0 < i < n (neutral SFS per site) 
E[P_neut(1)] = 0.0101505938
E[P_neut(2)] = 0.0043833862
E[P_neut(3)] = 0.0024243903
E[P_neut(4)] = 0.0015668955
E[P_neut(5)] = 0.0011252494
E[P_neut(6)] = 0.0008884580
E[P_neut(7)] = 0.0007356566
E[P_neut(8)] = 0.0006256547
E[P_neut(9)] = 0.0005489634
E[P_neut(10)] = 0.0005014665
E[P_neut(11)] = 0.0004468621
E[P_neut(12)] = 0.0004310249
E[P_neut(13)] = 0.0004034312
E[P_neut(14)] = 0.0003866677
E[P_neut(15)] = 0.0003820554
E[P_neut(16)] = 0.0003774344
E[P_neut(17)] = 0.0003926069
E[P_neut(18)] = 0.0004054137
E[P_neut(19)] = 0.0004484650

---- Expected P_sel(i), 0 < i < n (selected SFS per site) 
E[P_sel(1)] = 0.0072397231
E[P_sel(2)] = 0.0028285677
E[P_sel(3)] = 0.0014881605
E[P_sel(4)] = 0.0009316563
E[P_sel(5)] = 0.0006540040
E[P_sel(6)] = 0.0005075306
E[P_sel(7)] = 0.0004145767
E[P_sel(8)] = 0.0003487876
E[P_sel(9)] = 0.0003034018
E[P_sel(10)] = 0.0002752781
E[P_sel(11)] = 0.0002440648
E[P_sel(12)] = 0.0002346179
E[P_sel(13)] = 0.0002192399
E[P_sel(14)] = 0.0002102020
E[P_sel(15)] = 0.0002082610
E[P_sel(16)] = 0.0002069512
E[P_sel(17)] = 0.0002174950
E[P_sel(18)] = 0.0002286144
E[P_sel(19)] = 0.0002620948

---- Expected D_neut and D_sel (neutral and selected divergence per site) 
E[D_neut] = 0.0198589303
E[D_sel] = 0.0125345126

---- Expected neutral and selected misattributed polymorphism per site
E[mis_neut] = 0.0005109018
E[mis_sel] = 0.0003045175

---- alpha_div = 0.231650
---- alpha_dfe = 0.231444

