---- Running command
---- ./polyDFE -d Mmc/979.polyDFE.config.txt -m C -e 
---- Performing inference using model C

---- Performing inference on Mmc/979.polyDFE.config.txt
---- No mutation variability. Using Poisson likelihood.


---- Calculating initial values

-- Starting local optimization
-- Optimizing all parameters
  it        eps_an        lambda     theta_bar           S_d             b           p_b           S_b           r 2           r 3           r 4           r 5           r 6           r 7           r 8           r 9          r 10          r 11          r 12          r 13          r 14          r 15          r 16          r 17          r 18          r 19          r 20           ln lk          grad status 
   0           0.1 0.01928184905 0.01136146021        -20000         0.208           0.1            20 0.87318815036 0.73487254341 0.64256022769 0.58290656876 0.55331932755 0.53441219691 0.53532408470 0.52676463612 0.54798313341 0.56214870932 0.59075130435 0.62743754257 0.65833834703 0.75088861433 0.86231268080 1.09724795054 1.57261724915             1             1 -1115678.783475 23121.7385612   -2 
 921 0.00040118836 0.01923235987 0.01014471221 -77.068190741 0.12562016501 0.03229352324 4.94866460803 0.86393701711 0.72006706512 0.62060097456 0.55603108635 0.52775763714 0.50288845424 0.49487195527 0.48251418227 0.49092173463 0.48543699762 0.50952415576 0.51742784789 0.52085970953 0.55973031163 0.58625630221 0.64630937673 0.70328871765 0.81710130427 1.22163272438 -275.1602846414 0.04875653679   -8 
-- Local optimization: reached maximum number of likelihood evaluations allowed.
---- Best joint likelihood found -275.160284641431645 with gradient 0.04876

---- Results for Mmc/979.polyDFE.config.txt 
--  Model: C
--        eps_an        lambda     theta_bar             a 
-- 0.00040118836 0.01923235987 0.01014471221            -1 
--           S_d             b           p_b           S_b 
-- -77.068190741 0.12562016501 0.03229352324 4.94866460803 
--           r 2           r 3           r 4           r 5           r 6           r 7           r 8           r 9          r 10          r 11          r 12          r 13          r 14          r 15          r 16          r 17          r 18          r 19          r 20 
-- 0.86393701711 0.72006706512 0.62060097456 0.55603108635 0.52775763714 0.50288845424 0.49487195527 0.48251418227 0.49092173463 0.48543699762 0.50952415576 0.51742784789 0.52085970953 0.55973031163 0.58625630221 0.64630937673 0.70328871765 0.81710130427 1.22163272438 

---- Expected P_neut(i), 0 < i < n (neutral SFS per site) 
E[P_neut(1)] = 0.0101408173
E[P_neut(2)] = 0.0043805971
E[P_neut(3)] = 0.0024341356
E[P_neut(4)] = 0.0015734722
E[P_neut(5)] = 0.0011278543
E[P_neut(6)] = 0.0008921183
E[P_neut(7)] = 0.0007286780
E[P_neut(8)] = 0.0006274627
E[P_neut(9)] = 0.0005438467
E[P_neut(10)] = 0.0004980260
E[P_neut(11)] = 0.0004477312
E[P_neut(12)] = 0.0004308269
E[P_neut(13)] = 0.0004039117
E[P_neut(14)] = 0.0003776331
E[P_neut(15)] = 0.0003788543
E[P_neut(16)] = 0.0003721949
E[P_neut(17)] = 0.0003865058
E[P_neut(18)] = 0.0003979692
E[P_neut(19)] = 0.0004401716

---- Expected P_sel(i), 0 < i < n (selected SFS per site) 
E[P_sel(1)] = 0.0072501082
E[P_sel(2)] = 0.0028282941
E[P_sel(3)] = 0.0014940950
E[P_sel(4)] = 0.0009356933
E[P_sel(5)] = 0.0006560122
E[P_sel(6)] = 0.0005104864
E[P_sel(7)] = 0.0004118391
E[P_sel(8)] = 0.0003513239
E[P_sel(9)] = 0.0003023953
E[P_sel(10)] = 0.0002755719
E[P_sel(11)] = 0.0002470175
E[P_sel(12)] = 0.0002374433
E[P_sel(13)] = 0.0002228104
E[P_sel(14)] = 0.0002089436
E[P_sel(15)] = 0.0002107571
E[P_sel(16)] = 0.0002087708
E[P_sel(17)] = 0.0002193682
E[P_sel(18)] = 0.0002296114
E[P_sel(19)] = 0.0002599683

---- Expected D_neut and D_sel (neutral and selected divergence per site) 
E[D_neut] = 0.0198520155
E[D_sel] = 0.0125267193

---- Expected neutral and selected misattributed polymorphism per site
E[mis_neut] = 0.0006196556
E[mis_sel] = 0.0003761145

---- alpha_div = 0.266184
---- alpha_dfe = 0.266011

