---- Running command
---- ./polyDFE -d Mmc/98.polyDFE.config.txt -m C -e 
---- Performing inference using model C

---- Performing inference on Mmc/98.polyDFE.config.txt
---- No mutation variability. Using Poisson likelihood.


---- Calculating initial values

-- Starting local optimization
-- Optimizing all parameters
  it        eps_an        lambda     theta_bar           S_d             b           p_b           S_b           r 2           r 3           r 4           r 5           r 6           r 7           r 8           r 9          r 10          r 11          r 12          r 13          r 14          r 15          r 16          r 17          r 18          r 19          r 20           ln lk          grad status 
   0           0.1 0.01923548855 0.01134389956        -20000         0.208           0.1            20 0.87337285896 0.73536885704 0.64613357792 0.58292889372 0.55688923924 0.54487165130 0.53368848539 0.53679442324 0.55506503818 0.55413440820 0.58569446912 0.62825237385 0.67051740919 0.74145616873 0.87252248878 1.11247498107 1.58358468954             1             1 -1113067.104787 23097.4587942   -2 
 961 0.00044828448 0.01922678747 0.01013269197 -81.199260657 0.12028644333 0.02092657985 7.20389059809 0.86375160630 0.71978323245 0.62206461241 0.55717320273 0.52972877783 0.50904802430 0.49556067444 0.49114497224 0.49348046127 0.48662867344 0.50811480385 0.52063938516 0.52857530732 0.55218146866 0.59541242865 0.65173149787 0.71167363850 0.83623303627 1.14082623228 -267.0751435043 0.01887043328   -3 
-- Local optimization: stuck in the same solution
---- Best joint likelihood found -267.075143504349398 with gradient 0.01887

---- Results for Mmc/98.polyDFE.config.txt 
--  Model: C
--        eps_an        lambda     theta_bar             a 
-- 0.00044828448 0.01922678747 0.01013269197            -1 
--           S_d             b           p_b           S_b 
-- -81.199260657 0.12028644333 0.02092657985 7.20389059809 
--           r 2           r 3           r 4           r 5           r 6           r 7           r 8           r 9          r 10          r 11          r 12          r 13          r 14          r 15          r 16          r 17          r 18          r 19          r 20 
-- 0.86375160630 0.71978323245 0.62206461241 0.55717320273 0.52972877783 0.50904802430 0.49556067444 0.49114497224 0.49348046127 0.48662867344 0.50811480385 0.52063938516 0.52857530732 0.55218146866 0.59541242865 0.65173149787 0.71167363850 0.83623303627 1.14082623228 

---- Expected P_neut(i), 0 < i < n (neutral SFS per site) 
E[P_neut(1)] = 0.0101283496
E[P_neut(2)] = 0.0043742824
E[P_neut(3)] = 0.0024301982
E[P_neut(4)] = 0.0015752599
E[P_neut(5)] = 0.0011287939
E[P_neut(6)] = 0.0008943669
E[P_neut(7)] = 0.0007367126
E[P_neut(8)] = 0.0006275814
E[P_neut(9)] = 0.0005529109
E[P_neut(10)] = 0.0005000286
E[P_neut(11)] = 0.0004483068
E[P_neut(12)] = 0.0004291366
E[P_neut(13)] = 0.0004059544
E[P_neut(14)] = 0.0003827932
E[P_neut(15)] = 0.0003733446
E[P_neut(16)] = 0.0003776080
E[P_neut(17)] = 0.0003893742
E[P_neut(18)] = 0.0004024027
E[P_neut(19)] = 0.0004503051

---- Expected P_sel(i), 0 < i < n (selected SFS per site) 
E[P_sel(1)] = 0.0072342756
E[P_sel(2)] = 0.0028252723
E[P_sel(3)] = 0.0014929056
E[P_sel(4)] = 0.0009374892
E[P_sel(5)] = 0.0006568534
E[P_sel(6)] = 0.0005117261
E[P_sel(7)] = 0.0004160477
E[P_sel(8)] = 0.0003508104
E[P_sel(9)] = 0.0003066247
E[P_sel(10)] = 0.0002756422
E[P_sel(11)] = 0.0002461023
E[P_sel(12)] = 0.0002350150
E[P_sel(13)] = 0.0002221988
E[P_sel(14)] = 0.0002098388
E[P_sel(15)] = 0.0002054639
E[P_sel(16)] = 0.0002092521
E[P_sel(17)] = 0.0002181230
E[P_sel(18)] = 0.0002291452
E[P_sel(19)] = 0.0002631210

---- Expected D_neut and D_sel (neutral and selected divergence per site) 
E[D_neut] = 0.0198047695
E[D_sel] = 0.0125239572

---- Expected neutral and selected misattributed polymorphism per site
E[mis_neut] = 0.0005779820
E[mis_sel] = 0.0003481370

---- alpha_div = 0.244487
---- alpha_dfe = 0.244311

