---- Running command
---- ./polyDFE -d Mmc/980.polyDFE.config.txt -m C -e 
---- Performing inference using model C

---- Performing inference on Mmc/980.polyDFE.config.txt
---- No mutation variability. Using Poisson likelihood.


---- Calculating initial values

-- Starting local optimization
-- Optimizing all parameters
  it        eps_an        lambda     theta_bar           S_d             b           p_b           S_b           r 2           r 3           r 4           r 5           r 6           r 7           r 8           r 9          r 10          r 11          r 12          r 13          r 14          r 15          r 16          r 17          r 18          r 19          r 20           ln lk          grad status 
   0           0.1 0.01925476938 0.01132744021        -20000         0.208           0.1            20 0.88171261549 0.73639872083 0.64678395463 0.58897520821 0.55744588240 0.54717757814 0.54140560528 0.53369891121 0.55697072722 0.55617316878 0.59766475552 0.62721532281 0.67172118592 0.75476000941 0.86545346532 1.10223992292 1.59262523476             1             1 -1112824.789326 23111.2536563   -2 
 807 0.00047667539 0.01921400381 0.01011876132 -66.764312328 0.13493948859 0.03539837830 4.89011043556 0.87109264536 0.72365747479 0.62334111568 0.56048582661 0.53050657866 0.51459069973 0.49967115074 0.48684863483 0.49744467113 0.48869898728 0.51730706772 0.51460706345 0.52556746396 0.56456032854 0.58979561457 0.64830922199 0.71578417282 0.82734516084 1.20759627023 -284.1210473136 0.16163250820   -3 
-- Local optimization: stuck in the same solution
---- Best joint likelihood found -284.121047313630697 with gradient 0.16163

---- Results for Mmc/980.polyDFE.config.txt 
--  Model: C
--        eps_an        lambda     theta_bar             a 
-- 0.00047667539 0.01921400381 0.01011876132            -1 
--           S_d             b           p_b           S_b 
-- -66.764312328 0.13493948859 0.03539837830 4.89011043556 
--           r 2           r 3           r 4           r 5           r 6           r 7           r 8           r 9          r 10          r 11          r 12          r 13          r 14          r 15          r 16          r 17          r 18          r 19          r 20 
-- 0.87109264536 0.72365747479 0.62334111568 0.56048582661 0.53050657866 0.51459069973 0.49967115074 0.48684863483 0.49744467113 0.48869898728 0.51730706772 0.51460706345 0.52556746396 0.56456032854 0.58979561457 0.64830922199 0.71578417282 0.82734516084 1.20759627023 

---- Expected P_neut(i), 0 < i < n (neutral SFS per site) 
E[P_neut(1)] = 0.0101141480
E[P_neut(2)] = 0.0044052803
E[P_neut(3)] = 0.0024398595
E[P_neut(4)] = 0.0015762861
E[P_neut(5)] = 0.0011339253
E[P_neut(6)] = 0.0008944328
E[P_neut(7)] = 0.0007436964
E[P_neut(8)] = 0.0006319133
E[P_neut(9)] = 0.0005473206
E[P_neut(10)] = 0.0005033524
E[P_neut(11)] = 0.0004495947
E[P_neut(12)] = 0.0004363022
E[P_neut(13)] = 0.0004007164
E[P_neut(14)] = 0.0003801091
E[P_neut(15)] = 0.0003812026
E[P_neut(16)] = 0.0003735739
E[P_neut(17)] = 0.0003868670
E[P_neut(18)] = 0.0004042895
E[P_neut(19)] = 0.0004452296

---- Expected P_sel(i), 0 < i < n (selected SFS per site) 
E[P_sel(1)] = 0.0072410228
E[P_sel(2)] = 0.0028340936
E[P_sel(3)] = 0.0014877604
E[P_sel(4)] = 0.0009294099
E[P_sel(5)] = 0.0006530897
E[P_sel(6)] = 0.0005063397
E[P_sel(7)] = 0.0004155707
E[P_sel(8)] = 0.0003496663
E[P_sel(9)] = 0.0003006876
E[P_sel(10)] = 0.0002751693
E[P_sel(11)] = 0.0002450830
E[P_sel(12)] = 0.0002376461
E[P_sel(13)] = 0.0002185486
E[P_sel(14)] = 0.0002080565
E[P_sel(15)] = 0.0002099520
E[P_sel(16)] = 0.0002076692
E[P_sel(17)] = 0.0002178923
E[P_sel(18)] = 0.0002318604
E[P_sel(19)] = 0.0002619783

---- Expected D_neut and D_sel (neutral and selected divergence per site) 
E[D_neut] = 0.0198249727
E[D_sel] = 0.0125271307

---- Expected neutral and selected misattributed polymorphism per site
E[mis_neut] = 0.0006109689
E[mis_sel] = 0.0003702444

---- alpha_div = 0.288329
---- alpha_dfe = 0.288013

