---- Running command
---- ./polyDFE -d Mmc/981.polyDFE.config.txt -m C -e 
---- Performing inference using model C

---- Performing inference on Mmc/981.polyDFE.config.txt
---- No mutation variability. Using Poisson likelihood.


---- Calculating initial values

-- Starting local optimization
-- Optimizing all parameters
  it        eps_an        lambda     theta_bar           S_d             b           p_b           S_b           r 2           r 3           r 4           r 5           r 6           r 7           r 8           r 9          r 10          r 11          r 12          r 13          r 14          r 15          r 16          r 17          r 18          r 19          r 20           ln lk          grad status 
   0           0.1 0.01928834305 0.01137173753        -20000         0.208           0.1            20 0.86875239560 0.73881595220 0.64226851460 0.57964754748 0.55987385396 0.53593755236 0.53693895142 0.52710366255 0.54837756840 0.55484153681 0.59668571594 0.61722455378 0.66697010880 0.75003859926 0.85903095204 1.11283630837 1.57108709450             1             1 -1119485.755118 23212.3935689   -2 
 735 0.00080682520 0.01931610989 0.01015140638 -79.543601621 0.12185778003 0.02229043277 6.79354650028 0.86333946806 0.72113228840 0.62063030361 0.55364197215 0.52981283282 0.50554629976 0.49507288939 0.48326207415 0.49154552910 0.48359284470 0.51839567625 0.51186168432 0.52570647451 0.55934050417 0.58507933372 0.65099916449 0.70158461758 0.81452206535 1.07073401730 -279.7892880287 0.07029043560   -8 
-- Local optimization: reached maximum number of likelihood evaluations allowed.
---- Best joint likelihood found -279.789288028783631 with gradient 0.07029

---- Results for Mmc/981.polyDFE.config.txt 
--  Model: C
--        eps_an        lambda     theta_bar             a 
-- 0.00080682520 0.01931610989 0.01015140638            -1 
--           S_d             b           p_b           S_b 
-- -79.543601621 0.12185778003 0.02229043277 6.79354650028 
--           r 2           r 3           r 4           r 5           r 6           r 7           r 8           r 9          r 10          r 11          r 12          r 13          r 14          r 15          r 16          r 17          r 18          r 19          r 20 
-- 0.86333946806 0.72113228840 0.62063030361 0.55364197215 0.52981283282 0.50554629976 0.49507288939 0.48326207415 0.49154552910 0.48359284470 0.51839567625 0.51186168432 0.52570647451 0.55934050417 0.58507933372 0.65099916449 0.70158461758 0.81452206535 1.07073401730 

---- Expected P_neut(i), 0 < i < n (neutral SFS per site) 
E[P_neut(1)] = 0.0101435671
E[P_neut(2)] = 0.0043788386
E[P_neut(3)] = 0.0024385138
E[P_neut(4)] = 0.0015740963
E[P_neut(5)] = 0.0011234474
E[P_neut(6)] = 0.0008959752
E[P_neut(7)] = 0.0007328747
E[P_neut(8)] = 0.0006280577
E[P_neut(9)] = 0.0005450080
E[P_neut(10)] = 0.0004989878
E[P_neut(11)] = 0.0004463659
E[P_neut(12)] = 0.0004386901
E[P_neut(13)] = 0.0003999703
E[P_neut(14)] = 0.0003816057
E[P_neut(15)] = 0.0003791410
E[P_neut(16)] = 0.0003721824
E[P_neut(17)] = 0.0003903938
E[P_neut(18)] = 0.0003988869
E[P_neut(19)] = 0.0004430258

---- Expected P_sel(i), 0 < i < n (selected SFS per site) 
E[P_sel(1)] = 0.0072440284
E[P_sel(2)] = 0.0028255662
E[P_sel(3)] = 0.0014959726
E[P_sel(4)] = 0.0009352955
E[P_sel(5)] = 0.0006526054
E[P_sel(6)] = 0.0005117199
E[P_sel(7)] = 0.0004131243
E[P_sel(8)] = 0.0003504426
E[P_sel(9)] = 0.0003017131
E[P_sel(10)] = 0.0002746111
E[P_sel(11)] = 0.0002446578
E[P_sel(12)] = 0.0002399101
E[P_sel(13)] = 0.0002186543
E[P_sel(14)] = 0.0002089719
E[P_sel(15)] = 0.0002084830
E[P_sel(16)] = 0.0002061255
E[P_sel(17)] = 0.0002186187
E[P_sel(18)] = 0.0002271372
E[P_sel(19)] = 0.0002591014

---- Expected D_neut and D_sel (neutral and selected divergence per site) 
E[D_neut] = 0.0198595827
E[D_sel] = 0.0125198386

---- Expected neutral and selected misattributed polymorphism per site
E[mis_neut] = 0.0005434728
E[mis_sel] = 0.0003268708

---- alpha_div = 0.247139
---- alpha_dfe = 0.246916

