---- Running command
---- ./polyDFE -d Mmc/982.polyDFE.config.txt -m C -e 
---- Performing inference using model C

---- Performing inference on Mmc/982.polyDFE.config.txt
---- No mutation variability. Using Poisson likelihood.


---- Calculating initial values

-- Starting local optimization
-- Optimizing all parameters
  it        eps_an        lambda     theta_bar           S_d             b           p_b           S_b           r 2           r 3           r 4           r 5           r 6           r 7           r 8           r 9          r 10          r 11          r 12          r 13          r 14          r 15          r 16          r 17          r 18          r 19          r 20           ln lk          grad status 
   0           0.1 0.01926519219 0.01135786081        -20000         0.208           0.1            20 0.87253652290 0.73397856740 0.64535461688 0.58134329782 0.55637314039 0.53586457688 0.53825805275 0.53163649322 0.55509940666 0.55210045572 0.59223267548 0.62478009497 0.67374615057 0.74741392388 0.86507615321 1.09705469624 1.58447830931             1             1 -1116336.082633 23146.7587189   -2 
1165 0.00020949861 0.01923254894 0.01013948131 -77.061517517 0.12231274319 0.01983822554 7.60774955255 0.86286115293 0.72055428166 0.62245200321 0.55681650668 0.52971675505 0.50307603136 0.49621639447 0.48387323774 0.49526234954 0.48003834339 0.51370194504 0.51705620751 0.53222803426 0.55827351766 0.59457883316 0.64132844757 0.71617492880 0.83616956928 1.18861840267 -272.0388224111 0.00825956594   -3 
-- Local optimization: stuck in the same solution
---- Best joint likelihood found -272.038822411122965 with gradient 0.00826

---- Results for Mmc/982.polyDFE.config.txt 
--  Model: C
--        eps_an        lambda     theta_bar             a 
-- 0.00020949861 0.01923254894 0.01013948131            -1 
--           S_d             b           p_b           S_b 
-- -77.061517517 0.12231274319 0.01983822554 7.60774955255 
--           r 2           r 3           r 4           r 5           r 6           r 7           r 8           r 9          r 10          r 11          r 12          r 13          r 14          r 15          r 16          r 17          r 18          r 19          r 20 
-- 0.86286115293 0.72055428166 0.62245200321 0.55681650668 0.52971675505 0.50307603136 0.49621639447 0.48387323774 0.49526234954 0.48003834339 0.51370194504 0.51705620751 0.53222803426 0.55827351766 0.59457883316 0.64132844757 0.71617492880 0.83616956928 1.18861840267 

---- Expected P_neut(i), 0 < i < n (neutral SFS per site) 
E[P_neut(1)] = 0.0101374506
E[P_neut(2)] = 0.0043736503
E[P_neut(3)] = 0.0024349188
E[P_neut(4)] = 0.0015775835
E[P_neut(5)] = 0.0011290086
E[P_neut(6)] = 0.0008950687
E[P_neut(7)] = 0.0007286361
E[P_neut(8)] = 0.0006288813
E[P_neut(9)] = 0.0005451145
E[P_neut(10)] = 0.0005021703
E[P_neut(11)] = 0.0004425069
E[P_neut(12)] = 0.0004340968
E[P_neut(13)] = 0.0004033514
E[P_neut(14)] = 0.0003855722
E[P_neut(15)] = 0.0003775311
E[P_neut(16)] = 0.0003770467
E[P_neut(17)] = 0.0003829441
E[P_neut(18)] = 0.0004042565
E[P_neut(19)] = 0.0004482584

---- Expected P_sel(i), 0 < i < n (selected SFS per site) 
E[P_sel(1)] = 0.0072497162
E[P_sel(2)] = 0.0028244106
E[P_sel(3)] = 0.0014941475
E[P_sel(4)] = 0.0009371945
E[P_sel(5)] = 0.0006554547
E[P_sel(6)] = 0.0005107113
E[P_sel(7)] = 0.0004101873
E[P_sel(8)] = 0.0003503021
E[P_sel(9)] = 0.0003011390
E[P_sel(10)] = 0.0002756719
E[P_sel(11)] = 0.0002418349
E[P_sel(12)] = 0.0002366014
E[P_sel(13)] = 0.0002196621
E[P_sel(14)] = 0.0002102399
E[P_sel(15)] = 0.0002066119
E[P_sel(16)] = 0.0002077325
E[P_sel(17)] = 0.0002132451
E[P_sel(18)] = 0.0002288076
E[P_sel(19)] = 0.0002602892

---- Expected D_neut and D_sel (neutral and selected divergence per site) 
E[D_neut] = 0.0198351476
E[D_sel] = 0.0125135259

---- Expected neutral and selected misattributed polymorphism per site
E[mis_neut] = 0.0006025987
E[mis_sel] = 0.0003613657

---- alpha_div = 0.244717
---- alpha_dfe = 0.244542

