---- Running command
---- ./polyDFE -d Mmc/983.polyDFE.config.txt -m C -e 
---- Performing inference using model C

---- Performing inference on Mmc/983.polyDFE.config.txt
---- No mutation variability. Using Poisson likelihood.


---- Calculating initial values

-- Starting local optimization
-- Optimizing all parameters
  it        eps_an        lambda     theta_bar           S_d             b           p_b           S_b           r 2           r 3           r 4           r 5           r 6           r 7           r 8           r 9          r 10          r 11          r 12          r 13          r 14          r 15          r 16          r 17          r 18          r 19          r 20           ln lk          grad status 
   0           0.1 0.01925330728 0.01134507048        -20000         0.208           0.1            20 0.87527711764 0.73286686810 0.64355927044 0.58794655881 0.55784390347 0.53925862782 0.53661872074 0.53481702838 0.55627138635 0.55347133460 0.59237836711 0.62213580190 0.67289074299 0.76042340971 0.86200709582 1.13040154359 1.58515656294             1             1 -1113828.447848 23104.1893018   -2 
 878 0.00175945577 0.01929978064 0.01014373420 -82.989806958 0.11723443401 0.01381133095 10.3591018881 0.86665629785 0.71875124009 0.61936381220 0.55662893724 0.52826308187 0.50822334104 0.49667655535 0.49031575164 0.49676066084 0.48357771674 0.51246664567 0.51314249094 0.53005719875 0.56436586373 0.59183716906 0.65698971380 0.70629738879 0.80822530735 1.03034159209 -292.0353844244 0.04650867899   -3 
-- Local optimization: stuck in the same solution
---- Best joint likelihood found -292.035384424409131 with gradient 0.04651

---- Results for Mmc/983.polyDFE.config.txt 
--  Model: C
--        eps_an        lambda     theta_bar             a 
-- 0.00175945577 0.01929978064 0.01014373420            -1 
--           S_d             b           p_b           S_b 
-- -82.989806958 0.11723443401 0.01381133095 10.3591018881 
--           r 2           r 3           r 4           r 5           r 6           r 7           r 8           r 9          r 10          r 11          r 12          r 13          r 14          r 15          r 16          r 17          r 18          r 19          r 20 
-- 0.86665629785 0.71875124009 0.61936381220 0.55662893724 0.52826308187 0.50822334104 0.49667655535 0.49031575164 0.49676066084 0.48357771674 0.51246664567 0.51314249094 0.53005719875 0.56436586373 0.59183716906 0.65698971380 0.70629738879 0.80822530735 1.03034159209 

---- Expected P_neut(i), 0 < i < n (neutral SFS per site) 
E[P_neut(1)] = 0.0101266460
E[P_neut(2)] = 0.0043885321
E[P_neut(3)] = 0.0024266876
E[P_neut(4)] = 0.0015685621
E[P_neut(5)] = 0.0011279438
E[P_neut(6)] = 0.0008921978
E[P_neut(7)] = 0.0007358776
E[P_neut(8)] = 0.0006294235
E[P_neut(9)] = 0.0005524381
E[P_neut(10)] = 0.0005039008
E[P_neut(11)] = 0.0004461226
E[P_neut(12)] = 0.0004335397
E[P_neut(13)] = 0.0004009898
E[P_neut(14)] = 0.0003849499
E[P_neut(15)] = 0.0003829672
E[P_neut(16)] = 0.0003773183
E[P_neut(17)] = 0.0003956056
E[P_neut(18)] = 0.0004050609
E[P_neut(19)] = 0.0004485842

---- Expected P_sel(i), 0 < i < n (selected SFS per site) 
E[P_sel(1)] = 0.0072350755
E[P_sel(2)] = 0.0028373522
E[P_sel(3)] = 0.0014924690
E[P_sel(4)] = 0.0009344240
E[P_sel(5)] = 0.0006567712
E[P_sel(6)] = 0.0005105508
E[P_sel(7)] = 0.0004153703
E[P_sel(8)] = 0.0003514046
E[P_sel(9)] = 0.0003057203
E[P_sel(10)] = 0.0002769216
E[P_sel(11)] = 0.0002438774
E[P_sel(12)] = 0.0002361359
E[P_sel(13)] = 0.0002179863
E[P_sel(14)] = 0.0002092667
E[P_sel(15)] = 0.0002086732
E[P_sel(16)] = 0.0002067044
E[P_sel(17)] = 0.0002188299
E[P_sel(18)] = 0.0002278636
E[P_sel(19)] = 0.0002608650

---- Expected D_neut and D_sel (neutral and selected divergence per site) 
E[D_neut] = 0.0198223562
E[D_sel] = 0.0125311049

---- Expected neutral and selected misattributed polymorphism per site
E[mis_neut] = 0.0005225756
E[mis_sel] = 0.0003112819

---- alpha_div = 0.229153
---- alpha_dfe = 0.228999

