---- Running command
---- ./polyDFE -d Mmc/984.polyDFE.config.txt -m C -e 
---- Performing inference using model C

---- Performing inference on Mmc/984.polyDFE.config.txt
---- No mutation variability. Using Poisson likelihood.


---- Calculating initial values

-- Starting local optimization
-- Optimizing all parameters
  it        eps_an        lambda     theta_bar           S_d             b           p_b           S_b           r 2           r 3           r 4           r 5           r 6           r 7           r 8           r 9          r 10          r 11          r 12          r 13          r 14          r 15          r 16          r 17          r 18          r 19          r 20           ln lk          grad status 
   0           0.1 0.01927219897 0.01135807455        -20000         0.208           0.1            20 0.87130606448 0.73020988785 0.64699375445 0.58350590174 0.55784926035 0.53842023933 0.53556620510 0.53400088296 0.55031034651 0.55690478082 0.58872683660 0.62555731201 0.65851792345 0.75205438601 0.87302792094 1.10988526563 1.57034518964             1             1 -1113776.199902 23111.8459290   -2 
 416 0.00107838647 0.01934251172 0.01014381125 -77.183833635 0.12354873539 0.02424810872 6.40554108875 0.86386686846 0.71743006367 0.62139565118 0.55566796061 0.53090823879 0.50805246931 0.49813577765 0.48579084247 0.49207418960 0.48316269070 0.51175346321 0.51516467977 0.52174221016 0.56012609943 0.59445698133 0.65065640230 0.69910041556 0.81438509761 0.98946422285 -292.6586683217 0.14835304948   -3 
-- Local optimization: stuck in the same solution
---- Best joint likelihood found -292.658668321746518 with gradient 0.14835

---- Results for Mmc/984.polyDFE.config.txt 
--  Model: C
--        eps_an        lambda     theta_bar             a 
-- 0.00107838647 0.01934251172 0.01014381125            -1 
--           S_d             b           p_b           S_b 
-- -77.183833635 0.12354873539 0.02424810872 6.40554108875 
--           r 2           r 3           r 4           r 5           r 6           r 7           r 8           r 9          r 10          r 11          r 12          r 13          r 14          r 15          r 16          r 17          r 18          r 19          r 20 
-- 0.86386686846 0.71743006367 0.62139565118 0.55566796061 0.53090823879 0.50805246931 0.49813577765 0.48579084247 0.49207418960 0.48316269070 0.51175346321 0.51516467977 0.52174221016 0.56012609943 0.59445698133 0.65065640230 0.69910041556 0.81438509761 0.98946422285 

---- Expected P_neut(i), 0 < i < n (neutral SFS per site) 
E[P_neut(1)] = 0.0101333412
E[P_neut(2)] = 0.0043771512
E[P_neut(3)] = 0.0024236278
E[P_neut(4)] = 0.0015745371
E[P_neut(5)] = 0.0011265110
E[P_neut(6)] = 0.0008970119
E[P_neut(7)] = 0.0007358665
E[P_neut(8)] = 0.0006314098
E[P_neut(9)] = 0.0005474201
E[P_neut(10)] = 0.0004991508
E[P_neut(11)] = 0.0004456655
E[P_neut(12)] = 0.0004328088
E[P_neut(13)] = 0.0004023399
E[P_neut(14)] = 0.0003785927
E[P_neut(15)] = 0.0003795948
E[P_neut(16)] = 0.0003781716
E[P_neut(17)] = 0.0003904406
E[P_neut(18)] = 0.0003982746
E[P_neut(19)] = 0.0004452579

---- Expected P_sel(i), 0 < i < n (selected SFS per site) 
E[P_sel(1)] = 0.0072438633
E[P_sel(2)] = 0.0028254285
E[P_sel(3)] = 0.0014868054
E[P_sel(4)] = 0.0009353667
E[P_sel(5)] = 0.0006542034
E[P_sel(6)] = 0.0005121691
E[P_sel(7)] = 0.0004147176
E[P_sel(8)] = 0.0003522696
E[P_sel(9)] = 0.0003030551
E[P_sel(10)] = 0.0002747581
E[P_sel(11)] = 0.0002443808
E[P_sel(12)] = 0.0002368617
E[P_sel(13)] = 0.0002201753
E[P_sel(14)] = 0.0002076100
E[P_sel(15)] = 0.0002091074
E[P_sel(16)] = 0.0002099128
E[P_sel(17)] = 0.0002192445
E[P_sel(18)] = 0.0002275410
E[P_sel(19)] = 0.0002615351

---- Expected D_neut and D_sel (neutral and selected divergence per site) 
E[D_neut] = 0.0198443586
E[D_sel] = 0.0125390989

---- Expected neutral and selected misattributed polymorphism per site
E[mis_neut] = 0.0005018469
E[mis_sel] = 0.0003027712

---- alpha_div = 0.253863
---- alpha_dfe = 0.253516

