---- Running command
---- ./polyDFE -d Mmc/985.polyDFE.config.txt -m C -e 
---- Performing inference using model C

---- Performing inference on Mmc/985.polyDFE.config.txt
---- No mutation variability. Using Poisson likelihood.


---- Calculating initial values

-- Starting local optimization
-- Optimizing all parameters
  it        eps_an        lambda     theta_bar           S_d             b           p_b           S_b           r 2           r 3           r 4           r 5           r 6           r 7           r 8           r 9          r 10          r 11          r 12          r 13          r 14          r 15          r 16          r 17          r 18          r 19          r 20           ln lk          grad status 
   0           0.1 0.01925980360 0.01137208211        -20000         0.208           0.1            20 0.86907444373 0.73825648218 0.64545402534 0.58188199277 0.55270040193 0.54255708324 0.53619906196 0.53108831842 0.55807183622 0.55551351059 0.58960094324 0.62214752547 0.66938005597 0.75579802689 0.85905502480 1.11086209312 1.58918349715             1             1 -1114261.228509 23106.3624755   -2 
 884 0.00100746741 0.01929184001 0.01016048220 -72.357975716 0.12571739499 0.02260191230 6.96699040543 0.86092047625 0.72023580946 0.62361199893 0.55477951784 0.52651646217 0.50822693580 0.49564350806 0.48954560566 0.49561996675 0.48382206828 0.51270069597 0.51677391387 0.52675697282 0.55718239547 0.58799673282 0.65005147420 0.71369212519 0.81352598958 1.06040997695 -286.7685545438 0.03160973425   -3 
-- Local optimization: stuck in the same solution
---- Best joint likelihood found -286.768554543843493 with gradient 0.03161

---- Results for Mmc/985.polyDFE.config.txt 
--  Model: C
--        eps_an        lambda     theta_bar             a 
-- 0.00100746741 0.01929184001 0.01016048220            -1 
--           S_d             b           p_b           S_b 
-- -72.357975716 0.12571739499 0.02260191230 6.96699040543 
--           r 2           r 3           r 4           r 5           r 6           r 7           r 8           r 9          r 10          r 11          r 12          r 13          r 14          r 15          r 16          r 17          r 18          r 19          r 20 
-- 0.86092047625 0.72023580946 0.62361199893 0.55477951784 0.52651646217 0.50822693580 0.49564350806 0.48954560566 0.49561996675 0.48382206828 0.51270069597 0.51677391387 0.52675697282 0.55718239547 0.58799673282 0.65005147420 0.71369212519 0.81352598958 1.06040997695 

---- Expected P_neut(i), 0 < i < n (neutral SFS per site) 
E[P_neut(1)] = 0.0101506841
E[P_neut(2)] = 0.0043696831
E[P_neut(3)] = 0.0024372483
E[P_neut(4)] = 0.0015828300
E[P_neut(5)] = 0.0011266099
E[P_neut(6)] = 0.0008910971
E[P_neut(7)] = 0.0007373538
E[P_neut(8)] = 0.0006293003
E[P_neut(9)] = 0.0005525623
E[P_neut(10)] = 0.0005035738
E[P_neut(11)] = 0.0004470034
E[P_neut(12)] = 0.0004343040
E[P_neut(13)] = 0.0004042341
E[P_neut(14)] = 0.0003828063
E[P_neut(15)] = 0.0003781717
E[P_neut(16)] = 0.0003746153
E[P_neut(17)] = 0.0003905859
E[P_neut(18)] = 0.0004068592
E[P_neut(19)] = 0.0004448410

---- Expected P_sel(i), 0 < i < n (selected SFS per site) 
E[P_sel(1)] = 0.0072728337
E[P_sel(2)] = 0.0028229437
E[P_sel(3)] = 0.0014948269
E[P_sel(4)] = 0.0009393599
E[P_sel(5)] = 0.0006532110
E[P_sel(6)] = 0.0005077120
E[P_sel(7)] = 0.0004144842
E[P_sel(8)] = 0.0003500416
E[P_sel(9)] = 0.0003048681
E[P_sel(10)] = 0.0002761558
E[P_sel(11)] = 0.0002441137
E[P_sel(12)] = 0.0002366332
E[P_sel(13)] = 0.0002201724
E[P_sel(14)] = 0.0002088799
E[P_sel(15)] = 0.0002072503
E[P_sel(16)] = 0.0002068486
E[P_sel(17)] = 0.0002181940
E[P_sel(18)] = 0.0002313337
E[P_sel(19)] = 0.0002603292

---- Expected D_neut and D_sel (neutral and selected divergence per site) 
E[D_neut] = 0.0198305538
E[D_sel] = 0.0125501014

---- Expected neutral and selected misattributed polymorphism per site
E[mis_neut] = 0.0005387138
E[mis_sel] = 0.0003243815

---- alpha_div = 0.255602
---- alpha_dfe = 0.255422

