---- Running command
---- ./polyDFE -d Mmc/986.polyDFE.config.txt -m C -e 
---- Performing inference using model C

---- Performing inference on Mmc/986.polyDFE.config.txt
---- No mutation variability. Using Poisson likelihood.


---- Calculating initial values

-- Starting local optimization
-- Optimizing all parameters
  it        eps_an        lambda     theta_bar           S_d             b           p_b           S_b           r 2           r 3           r 4           r 5           r 6           r 7           r 8           r 9          r 10          r 11          r 12          r 13          r 14          r 15          r 16          r 17          r 18          r 19          r 20           ln lk          grad status 
   0           0.1 0.01930706032 0.01137814615        -20000         0.208           0.1            20 0.86905799544 0.73082504204 0.63830599798 0.58145210487 0.55484524769 0.54171104736 0.53409179043 0.52619697360 0.55242133286 0.54933216771 0.59173181910 0.62573323556 0.66825274057 0.75316737051 0.85595019374 1.10185039902 1.57559258898             1             1 -1117842.653538 23204.4877391   -2 
 842 0.00045506805 0.01931734188 0.01015309184 -88.087733312 0.11759145514 0.02047502574 7.08103910213 0.86335551339 0.71561317914 0.61683575515 0.55338402780 0.52735124882 0.50738097299 0.49471928247 0.48129901428 0.49669253937 0.48256634914 0.51017611402 0.51446585066 0.52499119664 0.56095203419 0.58534140679 0.65054175308 0.71693992760 0.82619460278 1.10328769079 -280.5903822123 0.02657924533   -3 
-- Local optimization: stuck in the same solution
---- Best joint likelihood found -280.590382212380064 with gradient 0.02658

---- Results for Mmc/986.polyDFE.config.txt 
--  Model: C
--        eps_an        lambda     theta_bar             a 
-- 0.00045506805 0.01931734188 0.01015309184            -1 
--           S_d             b           p_b           S_b 
-- -88.087733312 0.11759145514 0.02047502574 7.08103910213 
--           r 2           r 3           r 4           r 5           r 6           r 7           r 8           r 9          r 10          r 11          r 12          r 13          r 14          r 15          r 16          r 17          r 18          r 19          r 20 
-- 0.86335551339 0.71561317914 0.61683575515 0.55338402780 0.52735124882 0.50738097299 0.49471928247 0.48129901428 0.49669253937 0.48256634914 0.51017611402 0.51446585066 0.52499119664 0.56095203419 0.58534140679 0.65054175308 0.71693992760 0.82619460278 1.10328769079 

---- Expected P_neut(i), 0 < i < n (neutral SFS per site) 
E[P_neut(1)] = 0.0101486724
E[P_neut(2)] = 0.0043810534
E[P_neut(3)] = 0.0024209701
E[P_neut(4)] = 0.0015651540
E[P_neut(5)] = 0.0011233732
E[P_neut(6)] = 0.0008921414
E[P_neut(7)] = 0.0007357745
E[P_neut(8)] = 0.0006277770
E[P_neut(9)] = 0.0005429193
E[P_neut(10)] = 0.0005042965
E[P_neut(11)] = 0.0004454572
E[P_neut(12)] = 0.0004317447
E[P_neut(13)] = 0.0004019535
E[P_neut(14)] = 0.0003809674
E[P_neut(15)] = 0.0003800317
E[P_neut(16)] = 0.0003719825
E[P_neut(17)] = 0.0003894553
E[P_neut(18)] = 0.0004062081
E[P_neut(19)] = 0.0004459157

---- Expected P_sel(i), 0 < i < n (selected SFS per site) 
E[P_sel(1)] = 0.0072236944
E[P_sel(2)] = 0.0028238347
E[P_sel(3)] = 0.0014856042
E[P_sel(4)] = 0.0009310443
E[P_sel(5)] = 0.0006536921
E[P_sel(6)] = 0.0005106180
E[P_sel(7)] = 0.0004157566
E[P_sel(8)] = 0.0003511867
E[P_sel(9)] = 0.0003013526
E[P_sel(10)] = 0.0002782663
E[P_sel(11)] = 0.0002447851
E[P_sel(12)] = 0.0002366787
E[P_sel(13)] = 0.0002202122
E[P_sel(14)] = 0.0002090019
E[P_sel(15)] = 0.0002092612
E[P_sel(16)] = 0.0002061820
E[P_sel(17)] = 0.0002181114
E[P_sel(18)] = 0.0002310847
E[P_sel(19)] = 0.0002600152

---- Expected D_neut and D_sel (neutral and selected divergence per site) 
E[D_neut] = 0.0198774309
E[D_sel] = 0.0124973016

---- Expected neutral and selected misattributed polymorphism per site
E[mis_neut] = 0.0005600891
E[mis_sel] = 0.0003361662

---- alpha_div = 0.236674
---- alpha_dfe = 0.236548

