---- Running command
---- ./polyDFE -d Mmc/987.polyDFE.config.txt -m C -e 
---- Performing inference using model C

---- Performing inference on Mmc/987.polyDFE.config.txt
---- No mutation variability. Using Poisson likelihood.


---- Calculating initial values

-- Starting local optimization
-- Optimizing all parameters
  it        eps_an        lambda     theta_bar           S_d             b           p_b           S_b           r 2           r 3           r 4           r 5           r 6           r 7           r 8           r 9          r 10          r 11          r 12          r 13          r 14          r 15          r 16          r 17          r 18          r 19          r 20           ln lk          grad status 
   0           0.1 0.01928165676 0.01137602756        -20000         0.208           0.1            20 0.87057156207 0.73293546298 0.64151032330 0.58441737568 0.55700910119 0.53844442048 0.54137347466 0.53571786764 0.54715949494 0.55331170063 0.59052438668 0.61762886051 0.66385611360 0.74636254033 0.86267603158 1.11012300838 1.58692330729             1             1 -1117429.514526 23171.5840969   -2 
 632 0.00098608750 0.01932082891 0.01016507879 -79.095877727 0.12052746911 0.01695088253 8.67943986532 0.86146386042 0.71809916316 0.61945523333 0.55398800375 0.52856810839 0.50722403502 0.49735425394 0.48937235055 0.49281039209 0.48223557340 0.51313198994 0.51325005608 0.52346497329 0.55415483464 0.58725548973 0.65037381889 0.70939892784 0.82401717273 1.04764485853 -280.4995339296 0.05250976241   -3 
-- Local optimization: stuck in the same solution
---- Best joint likelihood found -280.499533929629251 with gradient 0.05251

---- Results for Mmc/987.polyDFE.config.txt 
--  Model: C
--        eps_an        lambda     theta_bar             a 
-- 0.00098608750 0.01932082891 0.01016507879            -1 
--           S_d             b           p_b           S_b 
-- -79.095877727 0.12052746911 0.01695088253 8.67943986532 
--           r 2           r 3           r 4           r 5           r 6           r 7           r 8           r 9          r 10          r 11          r 12          r 13          r 14          r 15          r 16          r 17          r 18          r 19          r 20 
-- 0.86146386042 0.71809916316 0.61945523333 0.55398800375 0.52856810839 0.50722403502 0.49735425394 0.48937235055 0.49281039209 0.48223557340 0.51313198994 0.51325005608 0.52346497329 0.55415483464 0.58725548973 0.65037381889 0.70939892784 0.82401717273 1.04764485853 

---- Expected P_neut(i), 0 < i < n (neutral SFS per site) 
E[P_neut(1)] = 0.0101554899
E[P_neut(2)] = 0.0043745015
E[P_neut(3)] = 0.0024311623
E[P_neut(4)] = 0.0015730184
E[P_neut(5)] = 0.0011255261
E[P_neut(6)] = 0.0008949812
E[P_neut(7)] = 0.0007362369
E[P_neut(8)] = 0.0006317611
E[P_neut(9)] = 0.0005526176
E[P_neut(10)] = 0.0005009456
E[P_neut(11)] = 0.0004457386
E[P_neut(12)] = 0.0004348635
E[P_neut(13)] = 0.0004016558
E[P_neut(14)] = 0.0003805841
E[P_neut(15)] = 0.0003762755
E[P_neut(16)] = 0.0003742780
E[P_neut(17)] = 0.0003909041
E[P_neut(18)] = 0.0004045389
E[P_neut(19)] = 0.0004504415

---- Expected P_sel(i), 0 < i < n (selected SFS per site) 
E[P_sel(1)] = 0.0072569799
E[P_sel(2)] = 0.0028243563
E[P_sel(3)] = 0.0014919047
E[P_sel(4)] = 0.0009345890
E[P_sel(5)] = 0.0006534815
E[P_sel(6)] = 0.0005106392
E[P_sel(7)] = 0.0004143725
E[P_sel(8)] = 0.0003517422
E[P_sel(9)] = 0.0003050520
E[P_sel(10)] = 0.0002746946
E[P_sel(11)] = 0.0002432325
E[P_sel(12)] = 0.0002365515
E[P_sel(13)] = 0.0002181943
E[P_sel(14)] = 0.0002068872
E[P_sel(15)] = 0.0002051745
E[P_sel(16)] = 0.0002053412
E[P_sel(17)] = 0.0002166804
E[P_sel(18)] = 0.0002279980
E[P_sel(19)] = 0.0002613996

---- Expected D_neut and D_sel (neutral and selected divergence per site) 
E[D_neut] = 0.0198532985
E[D_sel] = 0.0125153625

---- Expected neutral and selected misattributed polymorphism per site
E[mis_neut] = 0.0005324696
E[mis_sel] = 0.0003178794

---- alpha_div = 0.237636
---- alpha_dfe = 0.237393

