---- Running command
---- ./polyDFE -d Mmc/988.polyDFE.config.txt -m C -e 
---- Performing inference using model C

---- Performing inference on Mmc/988.polyDFE.config.txt
---- No mutation variability. Using Poisson likelihood.


---- Calculating initial values

-- Starting local optimization
-- Optimizing all parameters
  it        eps_an        lambda     theta_bar           S_d             b           p_b           S_b           r 2           r 3           r 4           r 5           r 6           r 7           r 8           r 9          r 10          r 11          r 12          r 13          r 14          r 15          r 16          r 17          r 18          r 19          r 20           ln lk          grad status 
   0           0.1 0.01934018813 0.01135117082        -20000         0.208           0.1            20 0.87417398650 0.73291972420 0.64628806336 0.58651236656 0.56086766312 0.54313099922 0.54027633724 0.53269065781 0.55313545025 0.55825344923 0.59189757314 0.62568313812 0.67187683078 0.76049428075 0.86388068899 1.10368434283 1.58638211825             1             1 -1121680.198625 23268.8037776   -2 
 343 0.00490821608 0.01939388714 0.01018951539 -86.237441757 0.11394302653 0.00835695666 16.0283024885 0.86351349313 0.71768563871 0.62118587966 0.55538476632 0.52550666116 0.50747298077 0.49593072514 0.48387890517 0.49430524444 0.48418538934 0.50748324445 0.51658514896 0.52771149420 0.55707257986 0.58134274872 0.64247729807 0.68441381016 0.74138852553 1.00657499472 -294.9777025149 0.42526386902   -3 
-- Local optimization: stuck in the same solution
---- Best joint likelihood found -294.977702514966950 with gradient 0.42526

---- Results for Mmc/988.polyDFE.config.txt 
--  Model: C
--        eps_an        lambda     theta_bar             a 
-- 0.00490821608 0.01939388714 0.01018951539            -1 
--           S_d             b           p_b           S_b 
-- -86.237441757 0.11394302653 0.00835695666 16.0283024885 
--           r 2           r 3           r 4           r 5           r 6           r 7           r 8           r 9          r 10          r 11          r 12          r 13          r 14          r 15          r 16          r 17          r 18          r 19          r 20 
-- 0.86351349313 0.71768563871 0.62118587966 0.55538476632 0.52550666116 0.50747298077 0.49593072514 0.48387890517 0.49430524444 0.48418538934 0.50748324445 0.51658514896 0.52771149420 0.55707257986 0.58134274872 0.64247729807 0.68441381016 0.74138852553 1.00657499472 

---- Expected P_neut(i), 0 < i < n (neutral SFS per site) 
E[P_neut(1)] = 0.0101414546
E[P_neut(2)] = 0.0043797005
E[P_neut(3)] = 0.0024275487
E[P_neut(4)] = 0.0015764462
E[P_neut(5)] = 0.0011281225
E[P_neut(6)] = 0.0008899479
E[P_neut(7)] = 0.0007370622
E[P_neut(8)] = 0.0006306764
E[P_neut(9)] = 0.0005473449
E[P_neut(10)] = 0.0005036731
E[P_neut(11)] = 0.0004489979
E[P_neut(12)] = 0.0004319027
E[P_neut(13)] = 0.0004065424
E[P_neut(14)] = 0.0003865755
E[P_neut(15)] = 0.0003821178
E[P_neut(16)] = 0.0003761747
E[P_neut(17)] = 0.0003951644
E[P_neut(18)] = 0.0004071274
E[P_neut(19)] = 0.0004456603

---- Expected P_sel(i), 0 < i < n (selected SFS per site) 
E[P_sel(1)] = 0.0072458018
E[P_sel(2)] = 0.0028350384
E[P_sel(3)] = 0.0014954628
E[P_sel(4)] = 0.0009407404
E[P_sel(5)] = 0.0006579039
E[P_sel(6)] = 0.0005098972
E[P_sel(7)] = 0.0004163636
E[P_sel(8)] = 0.0003521690
E[P_sel(9)] = 0.0003027365
E[P_sel(10)] = 0.0002764040
E[P_sel(11)] = 0.0002448489
E[P_sel(12)] = 0.0002343868
E[P_sel(13)] = 0.0002198931
E[P_sel(14)] = 0.0002087633
E[P_sel(15)] = 0.0002064735
E[P_sel(16)] = 0.0002040079
E[P_sel(17)] = 0.0002161113
E[P_sel(18)] = 0.0002267462
E[P_sel(19)] = 0.0002604146

---- Expected D_neut and D_sel (neutral and selected divergence per site) 
E[D_neut] = 0.0199067127
E[D_sel] = 0.0125500102

---- Expected neutral and selected misattributed polymorphism per site
E[mis_neut] = 0.0005128256
E[mis_sel] = 0.0003006091

---- alpha_div = 0.213197
---- alpha_dfe = 0.213317

