---- Running command
---- ./polyDFE -d Mmc/989.polyDFE.config.txt -m C -e 
---- Performing inference using model C

---- Performing inference on Mmc/989.polyDFE.config.txt
---- No mutation variability. Using Poisson likelihood.


---- Calculating initial values

-- Starting local optimization
-- Optimizing all parameters
  it        eps_an        lambda     theta_bar           S_d             b           p_b           S_b           r 2           r 3           r 4           r 5           r 6           r 7           r 8           r 9          r 10          r 11          r 12          r 13          r 14          r 15          r 16          r 17          r 18          r 19          r 20           ln lk          grad status 
   0           0.1 0.01928441729 0.01139591658        -20000         0.208           0.1            20 0.87056490355 0.72794797914 0.64086002458 0.58154337671 0.55238816985 0.54040696124 0.53680029268 0.53556035796 0.55531834316 0.55275946720 0.59537489277 0.62516192099 0.66025344203 0.74949394696 0.86271061761 1.10170957488 1.58529904540             1             1 -1114948.990657 23161.0358155   -2 
 744 0.00435809384 0.01936453257 0.01022109616 -118.43440070 0.10194267752 0.00235344902 50.4702250486 0.86219738843 0.71140254892 0.61559920861 0.55126606767 0.52060501507 0.50367723988 0.48950367825 0.48414505698 0.48998479886 0.48003067600 0.50972564496 0.51830819831 0.52232732658 0.55238408884 0.58609418349 0.64252679846 0.69614264596 0.76545810914 0.95471278141 -299.3694197421 0.09421762081   -3 
-- Local optimization: stuck in the same solution
---- Best joint likelihood found -299.369419742142782 with gradient 0.09422

---- Results for Mmc/989.polyDFE.config.txt 
--  Model: C
--        eps_an        lambda     theta_bar             a 
-- 0.00435809384 0.01936453257 0.01022109616            -1 
--           S_d             b           p_b           S_b 
-- -118.43440070 0.10194267752 0.00235344902 50.4702250486 
--           r 2           r 3           r 4           r 5           r 6           r 7           r 8           r 9          r 10          r 11          r 12          r 13          r 14          r 15          r 16          r 17          r 18          r 19          r 20 
-- 0.86219738843 0.71140254892 0.61559920861 0.55126606767 0.52060501507 0.50367723988 0.48950367825 0.48414505698 0.48998479886 0.48003067600 0.50972564496 0.51830819831 0.52232732658 0.55238408884 0.58609418349 0.64252679846 0.69614264596 0.76545810914 0.95471278141 

---- Expected P_neut(i), 0 < i < n (neutral SFS per site) 
E[P_neut(1)] = 0.0101783462
E[P_neut(2)] = 0.0043888209
E[P_neut(3)] = 0.0024148919
E[P_neut(4)] = 0.0015678010
E[P_neut(5)] = 0.0011236379
E[P_neut(6)] = 0.0008846559
E[P_neut(7)] = 0.0007340185
E[P_neut(8)] = 0.0006245746
E[P_neut(9)] = 0.0005493802
E[P_neut(10)] = 0.0005008182
E[P_neut(11)] = 0.0004464923
E[P_neut(12)] = 0.0004349964
E[P_neut(13)] = 0.0004089429
E[P_neut(14)] = 0.0003835429
E[P_neut(15)] = 0.0003796689
E[P_neut(16)] = 0.0003796315
E[P_neut(17)] = 0.0003951929
E[P_neut(18)] = 0.0004127771
E[P_neut(19)] = 0.0004545300

---- Expected P_sel(i), 0 < i < n (selected SFS per site) 
E[P_sel(1)] = 0.0072176959
E[P_sel(2)] = 0.0028391509
E[P_sel(3)] = 0.0014926360
E[P_sel(4)] = 0.0009409478
E[P_sel(5)] = 0.0006600359
E[P_sel(6)] = 0.0005110029
E[P_sel(7)] = 0.0004182253
E[P_sel(8)] = 0.0003518081
E[P_sel(9)] = 0.0003064407
E[P_sel(10)] = 0.0002770028
E[P_sel(11)] = 0.0002451613
E[P_sel(12)] = 0.0002373566
E[P_sel(13)] = 0.0002219701
E[P_sel(14)] = 0.0002073167
E[P_sel(15)] = 0.0002046326
E[P_sel(16)] = 0.0002044186
E[P_sel(17)] = 0.0002132953
E[P_sel(18)] = 0.0002250898
E[P_sel(19)] = 0.0002577269

---- Expected D_neut and D_sel (neutral and selected divergence per site) 
E[D_neut] = 0.0198524431
E[D_sel] = 0.0125458185

---- Expected neutral and selected misattributed polymorphism per site
E[mis_neut] = 0.0004879106
E[mis_sel] = 0.0002766379

---- alpha_div = 0.187429
---- alpha_dfe = 0.187588

