---- Running command
---- ./polyDFE -d Mmc/99.polyDFE.config.txt -m C -e 
---- Performing inference using model C

---- Performing inference on Mmc/99.polyDFE.config.txt
---- No mutation variability. Using Poisson likelihood.


---- Calculating initial values

-- Starting local optimization
-- Optimizing all parameters
  it        eps_an        lambda     theta_bar           S_d             b           p_b           S_b           r 2           r 3           r 4           r 5           r 6           r 7           r 8           r 9          r 10          r 11          r 12          r 13          r 14          r 15          r 16          r 17          r 18          r 19          r 20           ln lk          grad status 
   0           0.1 0.01930509415 0.01131604343        -20000         0.208           0.1            20 0.87823720337 0.73663564998 0.64816315142 0.58505516488 0.55743930779 0.54516492510 0.53824392483 0.53459107569 0.55563103818 0.56023560598 0.59860206044 0.62533682046 0.67014780115 0.75072968820 0.86426612969 1.11054640598 1.58322318051             1             1 -1117619.706377 23170.2922656   -2 
 847 0.00065626546 0.01932420417 0.01010955904 -64.769925878 0.13438929598 0.03382081617 4.99169492406 0.86774436629 0.72245033028 0.62556839554 0.55756607622 0.52765076040 0.51461672067 0.49801194889 0.48878300393 0.49584851255 0.48990358693 0.51696264285 0.51764614772 0.53213486596 0.55602734811 0.58675468957 0.65053847408 0.70094375145 0.83156712958 1.08625437091 -264.5731875612 0.03674251196   -3 
-- Local optimization: stuck in the same solution
---- Best joint likelihood found -264.573187561225495 with gradient 0.03674

---- Results for Mmc/99.polyDFE.config.txt 
--  Model: C
--        eps_an        lambda     theta_bar             a 
-- 0.00065626546 0.01932420417 0.01010955904            -1 
--           S_d             b           p_b           S_b 
-- -64.769925878 0.13438929598 0.03382081617 4.99169492406 
--           r 2           r 3           r 4           r 5           r 6           r 7           r 8           r 9          r 10          r 11          r 12          r 13          r 14          r 15          r 16          r 17          r 18          r 19          r 20 
-- 0.86774436629 0.72245033028 0.62556839554 0.55756607622 0.52765076040 0.51461672067 0.49801194889 0.48878300393 0.49584851255 0.48990358693 0.51696264285 0.51764614772 0.53213486596 0.55602734811 0.58675468957 0.65053847408 0.70094375145 0.83156712958 1.08625437091 

---- Expected P_neut(i), 0 < i < n (neutral SFS per site) 
E[P_neut(1)] = 0.0101032149
E[P_neut(2)] = 0.0043836363
E[P_neut(3)] = 0.0024332076
E[P_neut(4)] = 0.0015802609
E[P_neut(5)] = 0.0011268555
E[P_neut(6)] = 0.0008887215
E[P_neut(7)] = 0.0007429976
E[P_neut(8)] = 0.0006292080
E[P_neut(9)] = 0.0005489775
E[P_neut(10)] = 0.0005012810
E[P_neut(11)] = 0.0004503111
E[P_neut(12)] = 0.0004356492
E[P_neut(13)] = 0.0004027754
E[P_neut(14)] = 0.0003845919
E[P_neut(15)] = 0.0003752400
E[P_neut(16)] = 0.0003715337
E[P_neut(17)] = 0.0003882060
E[P_neut(18)] = 0.0003962998
E[P_neut(19)] = 0.0004488061

---- Expected P_sel(i), 0 < i < n (selected SFS per site) 
E[P_sel(1)] = 0.0072586311
E[P_sel(2)] = 0.0028311605
E[P_sel(3)] = 0.0014895087
E[P_sel(4)] = 0.0009353315
E[P_sel(5)] = 0.0006514374
E[P_sel(6)] = 0.0005049117
E[P_sel(7)] = 0.0004166025
E[P_sel(8)] = 0.0003492977
E[P_sel(9)] = 0.0003025129
E[P_sel(10)] = 0.0002748050
E[P_sel(11)] = 0.0002460985
E[P_sel(12)] = 0.0002378267
E[P_sel(13)] = 0.0002200988
E[P_sel(14)] = 0.0002108461
E[P_sel(15)] = 0.0002069191
E[P_sel(16)] = 0.0002067016
E[P_sel(17)] = 0.0002187301
E[P_sel(18)] = 0.0002272902
E[P_sel(19)] = 0.0002641405

---- Expected D_neut and D_sel (neutral and selected divergence per site) 
E[D_neut] = 0.0198732818
E[D_sel] = 0.0125379556

---- Expected neutral and selected misattributed polymorphism per site
E[mis_neut] = 0.0005490776
E[mis_sel] = 0.0003323109

---- alpha_div = 0.281063
---- alpha_dfe = 0.280874

