---- Running command
---- ./polyDFE -d Mmc/991.polyDFE.config.txt -m C -e 
---- Performing inference using model C

---- Performing inference on Mmc/991.polyDFE.config.txt
---- No mutation variability. Using Poisson likelihood.


---- Calculating initial values

-- Starting local optimization
-- Optimizing all parameters
  it        eps_an        lambda     theta_bar           S_d             b           p_b           S_b           r 2           r 3           r 4           r 5           r 6           r 7           r 8           r 9          r 10          r 11          r 12          r 13          r 14          r 15          r 16          r 17          r 18          r 19          r 20           ln lk          grad status 
   0           0.1 0.01927941935 0.01132528331        -20000         0.208           0.1            20 0.87799804617 0.73670070100 0.64805218098 0.58818860742 0.55910912275 0.53819547714 0.53666361285 0.53231187675 0.55799039450 0.55149630331 0.59198196724 0.62635430349 0.66444300048 0.75707843042 0.87295699100 1.10504058802 1.59161972406             1             1 -1116798.387419 23169.7858963   -2 
 269 0.00308839572 0.01933573797 0.01015202291 -88.150809145 0.11328974414 0.00846039144 15.7804658401 0.86504669634 0.71943266874 0.62191012081 0.55597446020 0.52859701115 0.50524498379 0.49409602799 0.48734244117 0.49808307186 0.48121509890 0.50707237789 0.51519105888 0.52310372850 0.56605774000 0.59258287100 0.64629633526 0.70162055914 0.78204828905 1.00270091695 -291.8241227615 0.67808614285   -3 
-- Local optimization: stuck in the same solution
---- Best joint likelihood found -291.824122761565377 with gradient 0.67809

---- Results for Mmc/991.polyDFE.config.txt 
--  Model: C
--        eps_an        lambda     theta_bar             a 
-- 0.00308839572 0.01933573797 0.01015202291            -1 
--           S_d             b           p_b           S_b 
-- -88.150809145 0.11328974414 0.00846039144 15.7804658401 
--           r 2           r 3           r 4           r 5           r 6           r 7           r 8           r 9          r 10          r 11          r 12          r 13          r 14          r 15          r 16          r 17          r 18          r 19          r 20 
-- 0.86504669634 0.71943266874 0.62191012081 0.55597446020 0.52859701115 0.50524498379 0.49409602799 0.48734244117 0.49808307186 0.48121509890 0.50707237789 0.51519105888 0.52310372850 0.56605774000 0.59258287100 0.64629633526 0.70162055914 0.78204828905 1.00270091695 

---- Expected P_neut(i), 0 < i < n (neutral SFS per site) 
E[P_neut(1)] = 0.0101219600
E[P_neut(2)] = 0.0043786480
E[P_neut(3)] = 0.0024282387
E[P_neut(4)] = 0.0015746979
E[P_neut(5)] = 0.0011265499
E[P_neut(6)] = 0.0008927974
E[P_neut(7)] = 0.0007317308
E[P_neut(8)] = 0.0006263977
E[P_neut(9)] = 0.0005493974
E[P_neut(10)] = 0.0005056551
E[P_neut(11)] = 0.0004444449
E[P_neut(12)] = 0.0004295958
E[P_neut(13)] = 0.0004033460
E[P_neut(14)] = 0.0003809165
E[P_neut(15)] = 0.0003854119
E[P_neut(16)] = 0.0003797082
E[P_neut(17)] = 0.0003922808
E[P_neut(18)] = 0.0004080539
E[P_neut(19)] = 0.0004479246

---- Expected P_sel(i), 0 < i < n (selected SFS per site) 
E[P_sel(1)] = 0.0072257911
E[P_sel(2)] = 0.0028331346
E[P_sel(3)] = 0.0014956711
E[P_sel(4)] = 0.0009397478
E[P_sel(5)] = 0.0006571235
E[P_sel(6)] = 0.0005116994
E[P_sel(7)] = 0.0004135300
E[P_sel(8)] = 0.0003499598
E[P_sel(9)] = 0.0003040492
E[P_sel(10)] = 0.0002776690
E[P_sel(11)] = 0.0002425312
E[P_sel(12)] = 0.0002332994
E[P_sel(13)] = 0.0002183178
E[P_sel(14)] = 0.0002058448
E[P_sel(15)] = 0.0002083667
E[P_sel(16)] = 0.0002059746
E[P_sel(17)] = 0.0002144563
E[P_sel(18)] = 0.0002267318
E[P_sel(19)] = 0.0002591633

---- Expected D_neut and D_sel (neutral and selected divergence per site) 
E[D_neut] = 0.0198447101
E[D_sel] = 0.0125102389

---- Expected neutral and selected misattributed polymorphism per site
E[mis_neut] = 0.0005089721
E[mis_sel] = 0.0002985953

---- alpha_div = 0.212581
---- alpha_dfe = 0.212673

