---- Running command
---- ./polyDFE -d Mmc/992.polyDFE.config.txt -m C -e 
---- Performing inference using model C

---- Performing inference on Mmc/992.polyDFE.config.txt
---- No mutation variability. Using Poisson likelihood.


---- Calculating initial values

-- Starting local optimization
-- Optimizing all parameters
  it        eps_an        lambda     theta_bar           S_d             b           p_b           S_b           r 2           r 3           r 4           r 5           r 6           r 7           r 8           r 9          r 10          r 11          r 12          r 13          r 14          r 15          r 16          r 17          r 18          r 19          r 20           ln lk          grad status 
   0           0.1 0.01925690649 0.01137539222        -20000         0.208           0.1            20 0.87173953492 0.73816878632 0.64884575807 0.58150477259 0.55734201073 0.54162937557 0.53962819947 0.52876118678 0.55178885047 0.54962744288 0.59272993401 0.62107378486 0.67067011654 0.74976346221 0.86187087365 1.10758060279 1.57679443505             1             1 -1113759.590680 23121.3104429   -2 
1134 0.00058542288 0.01929190197 0.01015465005 -83.802626473 0.12005237481 0.02149300667 7.05426322137 0.86486651670 0.72382915506 0.62495961174 0.55393569469 0.53014438279 0.50854390120 0.49707756352 0.48422674570 0.49840905571 0.48281595457 0.51017180969 0.51163181356 0.52457973057 0.56260613164 0.59145406913 0.64617312263 0.70486840648 0.82858343663 1.05752943235 -287.7586028161 0.05754853709   -3 
-- Local optimization: stuck in the same solution
---- Best joint likelihood found -287.758602816189523 with gradient 0.05755

---- Results for Mmc/992.polyDFE.config.txt 
--  Model: C
--        eps_an        lambda     theta_bar             a 
-- 0.00058542288 0.01929190197 0.01015465005            -1 
--           S_d             b           p_b           S_b 
-- -83.802626473 0.12005237481 0.02149300667 7.05426322137 
--           r 2           r 3           r 4           r 5           r 6           r 7           r 8           r 9          r 10          r 11          r 12          r 13          r 14          r 15          r 16          r 17          r 18          r 19          r 20 
-- 0.86486651670 0.72382915506 0.62495961174 0.55393569469 0.53014438279 0.50854390120 0.49707756352 0.48422674570 0.49840905571 0.48281595457 0.51017180969 0.51163181356 0.52457973057 0.56260613164 0.59145406913 0.64617312263 0.70486840648 0.82858343663 1.05752943235 

---- Expected P_neut(i), 0 < i < n (neutral SFS per site) 
E[P_neut(1)] = 0.0101489645
E[P_neut(2)] = 0.0043888705
E[P_neut(3)] = 0.0024488689
E[P_neut(4)] = 0.0015858525
E[P_neut(5)] = 0.0011245690
E[P_neut(6)] = 0.0008969359
E[P_neut(7)] = 0.0007375286
E[P_neut(8)] = 0.0006308394
E[P_neut(9)] = 0.0005462914
E[P_neut(10)] = 0.0005061170
E[P_neut(11)] = 0.0004457705
E[P_neut(12)] = 0.0004318347
E[P_neut(13)] = 0.0003998473
E[P_neut(14)] = 0.0003807971
E[P_neut(15)] = 0.0003813069
E[P_neut(16)] = 0.0003760846
E[P_neut(17)] = 0.0003871885
E[P_neut(18)] = 0.0003999875
E[P_neut(19)] = 0.0004485263

---- Expected P_sel(i), 0 < i < n (selected SFS per site) 
E[P_sel(1)] = 0.0072302956
E[P_sel(2)] = 0.0028275188
E[P_sel(3)] = 0.0015007893
E[P_sel(4)] = 0.0009416695
E[P_sel(5)] = 0.0006530019
E[P_sel(6)] = 0.0005121628
E[P_sel(7)] = 0.0004157169
E[P_sel(8)] = 0.0003520013
E[P_sel(9)] = 0.0003024477
E[P_sel(10)] = 0.0002785663
E[P_sel(11)] = 0.0002443622
E[P_sel(12)] = 0.0002361888
E[P_sel(13)] = 0.0002186071
E[P_sel(14)] = 0.0002085400
E[P_sel(15)] = 0.0002096751
E[P_sel(16)] = 0.0002082773
E[P_sel(17)] = 0.0002168060
E[P_sel(18)] = 0.0002277277
E[P_sel(19)] = 0.0002621579

---- Expected D_neut and D_sel (neutral and selected divergence per site) 
E[D_neut] = 0.0198288440
E[D_sel] = 0.0125310167

---- Expected neutral and selected misattributed polymorphism per site
E[mis_neut] = 0.0005369421
E[mis_sel] = 0.0003232993

---- alpha_div = 0.246413
---- alpha_dfe = 0.246146

