---- Running command
---- ./polyDFE -d Mmc/993.polyDFE.config.txt -m C -e 
---- Performing inference using model C

---- Performing inference on Mmc/993.polyDFE.config.txt
---- No mutation variability. Using Poisson likelihood.


---- Calculating initial values

-- Starting local optimization
-- Optimizing all parameters
  it        eps_an        lambda     theta_bar           S_d             b           p_b           S_b           r 2           r 3           r 4           r 5           r 6           r 7           r 8           r 9          r 10          r 11          r 12          r 13          r 14          r 15          r 16          r 17          r 18          r 19          r 20           ln lk          grad status 
   0           0.1 0.01930524346 0.01137749622        -20000         0.208           0.1            20 0.87288825760 0.73228394919 0.64207979349 0.58332316029 0.56064639149 0.53544064691 0.53992920017 0.52706949671 0.54915259845 0.55410009483 0.58626875073 0.62346702788 0.67526691160 0.75454222000 0.85826138600 1.10542484636 1.58336790443             1             1 -1119031.725314 23215.5348381   -2 
1029 0.00073911599 0.01933411934 0.01015643367 -73.576128625 0.12699575190 0.02727997120 5.82676018396 0.86610593890 0.71769162061 0.62112869967 0.55516274922 0.52955169097 0.50641345351 0.49559648031 0.48010342682 0.49568956084 0.48677517836 0.50579973558 0.51652301055 0.53364075674 0.56064536714 0.58686387668 0.64455073934 0.71377663374 0.82271522046 1.06736021392 -281.7378945435 0.03066715995   -3 
-- Local optimization: stuck in the same solution
---- Best joint likelihood found -281.737894543548464 with gradient 0.03067

---- Results for Mmc/993.polyDFE.config.txt 
--  Model: C
--        eps_an        lambda     theta_bar             a 
-- 0.00073911599 0.01933411934 0.01015643367            -1 
--           S_d             b           p_b           S_b 
-- -73.576128625 0.12699575190 0.02727997120 5.82676018396 
--           r 2           r 3           r 4           r 5           r 6           r 7           r 8           r 9          r 10          r 11          r 12          r 13          r 14          r 15          r 16          r 17          r 18          r 19          r 20 
-- 0.86610593890 0.71769162061 0.62112869967 0.55516274922 0.52955169097 0.50641345351 0.49559648031 0.48010342682 0.49568956084 0.48677517836 0.50579973558 0.51652301055 0.53364075674 0.56064536714 0.58686387668 0.64455073934 0.71377663374 0.82271522046 1.06736021392 

---- Expected P_neut(i), 0 < i < n (neutral SFS per site) 
E[P_neut(1)] = 0.0101492519
E[P_neut(2)] = 0.0043953206
E[P_neut(3)] = 0.0024282179
E[P_neut(4)] = 0.0015762228
E[P_neut(5)] = 0.0011271418
E[P_neut(6)] = 0.0008960164
E[P_neut(7)] = 0.0007345201
E[P_neut(8)] = 0.0006290380
E[P_neut(9)] = 0.0005417249
E[P_neut(10)] = 0.0005034438
E[P_neut(11)] = 0.0004495137
E[P_neut(12)] = 0.0004282421
E[P_neut(13)] = 0.0004037857
E[P_neut(14)] = 0.0003875112
E[P_neut(15)] = 0.0003801634
E[P_neut(16)] = 0.0003734181
E[P_neut(17)] = 0.0003865899
E[P_neut(18)] = 0.0004056990
E[P_neut(19)] = 0.0004469634

---- Expected P_sel(i), 0 < i < n (selected SFS per site) 
E[P_sel(1)] = 0.0072580598
E[P_sel(2)] = 0.0028337370
E[P_sel(3)] = 0.0014865006
E[P_sel(4)] = 0.0009339357
E[P_sel(5)] = 0.0006526833
E[P_sel(6)] = 0.0005100537
E[P_sel(7)] = 0.0004126918
E[P_sel(8)] = 0.0003498885
E[P_sel(9)] = 0.0002990331
E[P_sel(10)] = 0.0002763686
E[P_sel(11)] = 0.0002458807
E[P_sel(12)] = 0.0002338516
E[P_sel(13)] = 0.0002205611
E[P_sel(14)] = 0.0002121925
E[P_sel(15)] = 0.0002092035
E[P_sel(16)] = 0.0002071412
E[P_sel(17)] = 0.0002170064
E[P_sel(18)] = 0.0002316824
E[P_sel(19)] = 0.0002620251

---- Expected D_neut and D_sel (neutral and selected divergence per site) 
E[D_neut] = 0.0198761480
E[D_sel] = 0.0125233166

---- Expected neutral and selected misattributed polymorphism per site
E[mis_neut] = 0.0005420287
E[mis_sel] = 0.0003267780

---- alpha_div = 0.261873
---- alpha_dfe = 0.261703

