---- Running command
---- ./polyDFE -d Mmc/994.polyDFE.config.txt -m C -e 
---- Performing inference using model C

---- Performing inference on Mmc/994.polyDFE.config.txt
---- No mutation variability. Using Poisson likelihood.


---- Calculating initial values

-- Starting local optimization
-- Optimizing all parameters
  it        eps_an        lambda     theta_bar           S_d             b           p_b           S_b           r 2           r 3           r 4           r 5           r 6           r 7           r 8           r 9          r 10          r 11          r 12          r 13          r 14          r 15          r 16          r 17          r 18          r 19          r 20           ln lk          grad status 
   0           0.1 0.01925882377 0.01136288439        -20000         0.208           0.1            20 0.87501816478 0.73959224349 0.64720340801 0.58016933642 0.55870749865 0.53604837448 0.53954809619 0.52834308070 0.55344329128 0.56524441755 0.59775220703 0.62351916723 0.66754072233 0.75281740759 0.86778962744 1.11504274795 1.58453069030             1             1 -1113943.645161 23128.9709150   -2 
 645 0.00287683402 0.01931750351 0.01017818794 -76.247655522 0.12540944117 0.02285830478 6.91464103645 0.86438646857 0.72455353257 0.62127689140 0.55387845742 0.52790597584 0.50560472658 0.49718181641 0.48128820465 0.49627361663 0.49008232335 0.51578342888 0.51493112500 0.52348629725 0.55795005881 0.58278733080 0.64132884507 0.69556543886 0.76828643833 1.00835246202 -277.2979819629 0.27012471627   -3 
-- Local optimization: stuck in the same solution
---- Best joint likelihood found -277.297981962998165 with gradient 0.27012

---- Results for Mmc/994.polyDFE.config.txt 
--  Model: C
--        eps_an        lambda     theta_bar             a 
-- 0.00287683402 0.01931750351 0.01017818794            -1 
--           S_d             b           p_b           S_b 
-- -76.247655522 0.12540944117 0.02285830478 6.91464103645 
--           r 2           r 3           r 4           r 5           r 6           r 7           r 8           r 9          r 10          r 11          r 12          r 13          r 14          r 15          r 16          r 17          r 18          r 19          r 20 
-- 0.86438646857 0.72455353257 0.62127689140 0.55387845742 0.52790597584 0.50560472658 0.49718181641 0.48128820465 0.49627361663 0.49008232335 0.51578342888 0.51493112500 0.52348629725 0.55795005881 0.58278733080 0.64132884507 0.69556543886 0.76828643833 1.00835246202 

---- Expected P_neut(i), 0 < i < n (neutral SFS per site) 
E[P_neut(1)] = 0.0101500910
E[P_neut(2)] = 0.0043874204
E[P_neut(3)] = 0.0024522468
E[P_neut(4)] = 0.0015773869
E[P_neut(5)] = 0.0011253413
E[P_neut(6)] = 0.0008940396
E[P_neut(7)] = 0.0007342077
E[P_neut(8)] = 0.0006319901
E[P_neut(9)] = 0.0005440322
E[P_neut(10)] = 0.0005051166
E[P_neut(11)] = 0.0004537295
E[P_neut(12)] = 0.0004380396
E[P_neut(13)] = 0.0004041140
E[P_neut(14)] = 0.0003820630
E[P_neut(15)] = 0.0003807492
E[P_neut(16)] = 0.0003742138
E[P_neut(17)] = 0.0003899417
E[P_neut(18)] = 0.0004048344
E[P_neut(19)] = 0.0004396635

---- Expected P_sel(i), 0 < i < n (selected SFS per site) 
E[P_sel(1)] = 0.0072363996
E[P_sel(2)] = 0.0028198028
E[P_sel(3)] = 0.0014964095
E[P_sel(4)] = 0.0009314828
E[P_sel(5)] = 0.0006492980
E[P_sel(6)] = 0.0005069553
E[P_sel(7)] = 0.0004107815
E[P_sel(8)] = 0.0003499229
E[P_sel(9)] = 0.0002988127
E[P_sel(10)] = 0.0002757865
E[P_sel(11)] = 0.0002467289
E[P_sel(12)] = 0.0002376816
E[P_sel(13)] = 0.0002192322
E[P_sel(14)] = 0.0002076881
E[P_sel(15)] = 0.0002079287
E[P_sel(16)] = 0.0002059844
E[P_sel(17)] = 0.0002173127
E[P_sel(18)] = 0.0002300403
E[P_sel(19)] = 0.0002590050

---- Expected D_neut and D_sel (neutral and selected divergence per site) 
E[D_neut] = 0.0198306636
E[D_sel] = 0.0125144767

---- Expected neutral and selected misattributed polymorphism per site
E[mis_neut] = 0.0005131600
E[mis_sel] = 0.0003080637

---- alpha_div = 0.257527
---- alpha_dfe = 0.257223

