---- Running command
---- ./polyDFE -d Mmc/995.polyDFE.config.txt -m C -e 
---- Performing inference using model C

---- Performing inference on Mmc/995.polyDFE.config.txt
---- No mutation variability. Using Poisson likelihood.


---- Calculating initial values

-- Starting local optimization
-- Optimizing all parameters
  it        eps_an        lambda     theta_bar           S_d             b           p_b           S_b           r 2           r 3           r 4           r 5           r 6           r 7           r 8           r 9          r 10          r 11          r 12          r 13          r 14          r 15          r 16          r 17          r 18          r 19          r 20           ln lk          grad status 
   0           0.1 0.01924913149 0.01137205349        -20000         0.208           0.1            20 0.87161868734 0.72818982548 0.64675878847 0.58152820608 0.55484034149 0.53664055766 0.53434063252 0.53708369559 0.55066926625 0.55410265544 0.58665008370 0.61675440340 0.66743332418 0.75332982915 0.86366635931 1.11967970647 1.58451053206             1             1 -1112186.359013 23108.0131970   -2 
 289 0.00444804821 0.01930570458 0.01021031409 -110.30816936 0.10432614281 0.00315778827 39.0578022670 0.85994650655 0.71142727809 0.61798158496 0.55104456447 0.52342733558 0.50274786612 0.49109768982 0.48437488165 0.49137592630 0.47921059245 0.50739231550 0.50693259376 0.52020357703 0.55870452556 0.58034640157 0.65123617153 0.69521749367 0.76205131279 1.00083322223 -290.7255650544 1.35632793711   -3 
-- Local optimization: stuck in the same solution
---- Best joint likelihood found -290.725565054483013 with gradient 1.35633

---- Results for Mmc/995.polyDFE.config.txt 
--  Model: C
--        eps_an        lambda     theta_bar             a 
-- 0.00444804821 0.01930570458 0.01021031409            -1 
--           S_d             b           p_b           S_b 
-- -110.30816936 0.10432614281 0.00315778827 39.0578022670 
--           r 2           r 3           r 4           r 5           r 6           r 7           r 8           r 9          r 10          r 11          r 12          r 13          r 14          r 15          r 16          r 17          r 18          r 19          r 20 
-- 0.85994650655 0.71142727809 0.61798158496 0.55104456447 0.52342733558 0.50274786612 0.49109768982 0.48437488165 0.49137592630 0.47921059245 0.50739231550 0.50693259376 0.52020357703 0.55870452556 0.58034640157 0.65123617153 0.69521749367 0.76205131279 1.00083322223 

---- Expected P_neut(i), 0 < i < n (neutral SFS per site) 
E[P_neut(1)] = 0.0101667197
E[P_neut(2)] = 0.0043723884
E[P_neut(3)] = 0.0024122684
E[P_neut(4)] = 0.0015720773
E[P_neut(5)] = 0.0011219540
E[P_neut(6)] = 0.0008884518
E[P_neut(7)] = 0.0007318254
E[P_neut(8)] = 0.0006259151
E[P_neut(9)] = 0.0005490476
E[P_neut(10)] = 0.0005017103
E[P_neut(11)] = 0.0004452740
E[P_neut(12)] = 0.0004325872
E[P_neut(13)] = 0.0003996401
E[P_neut(14)] = 0.0003816632
E[P_neut(15)] = 0.0003836169
E[P_neut(16)] = 0.0003757142
E[P_neut(17)] = 0.0004001671
E[P_neut(18)] = 0.0004121285
E[P_neut(19)] = 0.0004531093

---- Expected P_sel(i), 0 < i < n (selected SFS per site) 
E[P_sel(1)] = 0.0072204722
E[P_sel(2)] = 0.0028285604
E[P_sel(3)] = 0.0014897383
E[P_sel(4)] = 0.0009422001
E[P_sel(5)] = 0.0006578901
E[P_sel(6)] = 0.0005121710
E[P_sel(7)] = 0.0004160775
E[P_sel(8)] = 0.0003517718
E[P_sel(9)] = 0.0003055597
E[P_sel(10)] = 0.0002768767
E[P_sel(11)] = 0.0002439724
E[P_sel(12)] = 0.0002355840
E[P_sel(13)] = 0.0002165624
E[P_sel(14)] = 0.0002060443
E[P_sel(15)] = 0.0002066209
E[P_sel(16)] = 0.0002023530
E[P_sel(17)] = 0.0002162809
E[P_sel(18)] = 0.0002255013
E[P_sel(19)] = 0.0002587386

---- Expected D_neut and D_sel (neutral and selected divergence per site) 
E[D_neut] = 0.0198166457
E[D_sel] = 0.0125487735

---- Expected neutral and selected misattributed polymorphism per site
E[mis_neut] = 0.0005109411
E[mis_sel] = 0.0002921148

---- alpha_div = 0.194384
---- alpha_dfe = 0.194471

