---- Running command
---- ./polyDFE -d Mmc/996.polyDFE.config.txt -m C -e 
---- Performing inference using model C

---- Performing inference on Mmc/996.polyDFE.config.txt
---- No mutation variability. Using Poisson likelihood.


---- Calculating initial values

-- Starting local optimization
-- Optimizing all parameters
  it        eps_an        lambda     theta_bar           S_d             b           p_b           S_b           r 2           r 3           r 4           r 5           r 6           r 7           r 8           r 9          r 10          r 11          r 12          r 13          r 14          r 15          r 16          r 17          r 18          r 19          r 20           ln lk          grad status 
   0           0.1 0.01929263145 0.01134757674        -20000         0.208           0.1            20 0.87329099501 0.73844225148 0.64723715977 0.58224890490 0.55817687052 0.53767469131 0.53520730971 0.53214756231 0.55055853451 0.56041680328 0.59368833473 0.62948759742 0.66994796610 0.75836107781 0.86848452194 1.10403796692 1.57794857510             1             1 -1118575.581502 23197.3973149   -2 
1226 0.00078102978 0.01940054273 0.01013114808 -76.357506281 0.12234316898 0.01835318125 8.20046459117 0.86649596601 0.72362113982 0.62273118997 0.55623791343 0.53011797075 0.50586057704 0.49409240219 0.48847988677 0.49399302927 0.48758738801 0.51702819115 0.52125209665 0.52446510899 0.56660635335 0.58841167452 0.64363170449 0.70552023531 0.82358310670 0.90959136651 -274.1850028305 0.03495990910   -3 
-- Local optimization: stuck in the same solution
---- Best joint likelihood found -274.185002830505255 with gradient 0.03496

---- Results for Mmc/996.polyDFE.config.txt 
--  Model: C
--        eps_an        lambda     theta_bar             a 
-- 0.00078102978 0.01940054273 0.01013114808            -1 
--           S_d             b           p_b           S_b 
-- -76.357506281 0.12234316898 0.01835318125 8.20046459117 
--           r 2           r 3           r 4           r 5           r 6           r 7           r 8           r 9          r 10          r 11          r 12          r 13          r 14          r 15          r 16          r 17          r 18          r 19          r 20 
-- 0.86649596601 0.72362113982 0.62273118997 0.55623791343 0.53011797075 0.50586057704 0.49409240219 0.48847988677 0.49399302927 0.48758738801 0.51702819115 0.52125209665 0.52446510899 0.56660635335 0.58841167452 0.64363170449 0.70552023531 0.82358310670 0.90959136651 

---- Expected P_neut(i), 0 < i < n (neutral SFS per site) 
E[P_neut(1)] = 0.0101235783
E[P_neut(2)] = 0.0043861814
E[P_neut(3)] = 0.0024420953
E[P_neut(4)] = 0.0015763046
E[P_neut(5)] = 0.0011264844
E[P_neut(6)] = 0.0008947146
E[P_neut(7)] = 0.0007318809
E[P_neut(8)] = 0.0006255676
E[P_neut(9)] = 0.0005497948
E[P_neut(10)] = 0.0005004717
E[P_neut(11)] = 0.0004491533
E[P_neut(12)] = 0.0004366552
E[P_neut(13)] = 0.0004064763
E[P_neut(14)] = 0.0003799337
E[P_neut(15)] = 0.0003832729
E[P_neut(16)] = 0.0003735212
E[P_neut(17)] = 0.0003851813
E[P_neut(18)] = 0.0004002141
E[P_neut(19)] = 0.0004467193

---- Expected P_sel(i), 0 < i < n (selected SFS per site) 
E[P_sel(1)] = 0.0072414727
E[P_sel(2)] = 0.0028324006
E[P_sel(3)] = 0.0014981458
E[P_sel(4)] = 0.0009359846
E[P_sel(5)] = 0.0006535433
E[P_sel(6)] = 0.0005100597
E[P_sel(7)] = 0.0004115673
E[P_sel(8)] = 0.0003480051
E[P_sel(9)] = 0.0003032646
E[P_sel(10)] = 0.0002742596
E[P_sel(11)] = 0.0002449785
E[P_sel(12)] = 0.0002374608
E[P_sel(13)] = 0.0002208074
E[P_sel(14)] = 0.0002065898
E[P_sel(15)] = 0.0002091183
E[P_sel(16)] = 0.0002051298
E[P_sel(17)] = 0.0002138018
E[P_sel(18)] = 0.0002259182
E[P_sel(19)] = 0.0002594566

---- Expected D_neut and D_sel (neutral and selected divergence per site) 
E[D_neut] = 0.0198613030
E[D_sel] = 0.0125397506

---- Expected neutral and selected misattributed polymorphism per site
E[mis_neut] = 0.0004607602
E[mis_sel] = 0.0002756951

---- alpha_div = 0.243124
---- alpha_dfe = 0.243017

