---- Running command
---- ./polyDFE -d Mmc/997.polyDFE.config.txt -m C -e 
---- Performing inference using model C

---- Performing inference on Mmc/997.polyDFE.config.txt
---- No mutation variability. Using Poisson likelihood.


---- Calculating initial values

-- Starting local optimization
-- Optimizing all parameters
  it        eps_an        lambda     theta_bar           S_d             b           p_b           S_b           r 2           r 3           r 4           r 5           r 6           r 7           r 8           r 9          r 10          r 11          r 12          r 13          r 14          r 15          r 16          r 17          r 18          r 19          r 20           ln lk          grad status 
   0           0.1 0.01929877015 0.01137092567        -20000         0.208           0.1            20 0.87039069535 0.73624864453 0.64883586275 0.57694387356 0.55338936513 0.53865890449 0.54073725224 0.52945432691 0.55358331982 0.55543645426 0.59378374482 0.62934228551 0.66273252947 0.74356313087 0.87047159757 1.10911612325 1.57382044974             1             1 -1117251.360671 23160.3606849   -2 
 778 0.00169980661 0.01931951018 0.01015770870 -73.938656063 0.12432119810 0.02084700158 7.37689032279 0.86527827932 0.72204997089 0.62369994617 0.55113726333 0.52552635466 0.50662802401 0.49641787237 0.48628050968 0.49654337858 0.48185109155 0.51332709185 0.51778024784 0.52500006656 0.55392308961 0.58870064749 0.64486317583 0.69921003919 0.79953132106 1.08269684811 -284.9709202737 0.13077809578   -3 
-- Local optimization: stuck in the same solution
---- Best joint likelihood found -284.970920273786760 with gradient 0.13078

---- Results for Mmc/997.polyDFE.config.txt 
--  Model: C
--        eps_an        lambda     theta_bar             a 
-- 0.00169980661 0.01931951018 0.01015770870            -1 
--           S_d             b           p_b           S_b 
-- -73.938656063 0.12432119810 0.02084700158 7.37689032279 
--           r 2           r 3           r 4           r 5           r 6           r 7           r 8           r 9          r 10          r 11          r 12          r 13          r 14          r 15          r 16          r 17          r 18          r 19          r 20 
-- 0.86527827932 0.72204997089 0.62369994617 0.55113726333 0.52552635466 0.50662802401 0.49641787237 0.48628050968 0.49654337858 0.48185109155 0.51332709185 0.51778024784 0.52500006656 0.55392308961 0.58870064749 0.64486317583 0.69921003919 0.79953132106 1.08269684811 

---- Expected P_neut(i), 0 < i < n (neutral SFS per site) 
E[P_neut(1)] = 0.0101411691
E[P_neut(2)] = 0.0043878231
E[P_neut(3)] = 0.0024412904
E[P_neut(4)] = 0.0015817837
E[P_neut(5)] = 0.0011183928
E[P_neut(6)] = 0.0008888258
E[P_neut(7)] = 0.0007346066
E[P_neut(8)] = 0.0006299757
E[P_neut(9)] = 0.0005486563
E[P_neut(10)] = 0.0005043743
E[P_neut(11)] = 0.0004451314
E[P_neut(12)] = 0.0004348517
E[P_neut(13)] = 0.0004051359
E[P_neut(14)] = 0.0003817789
E[P_neut(15)] = 0.0003763716
E[P_neut(16)] = 0.0003757975
E[P_neut(17)] = 0.0003888144
E[P_neut(18)] = 0.0004013755
E[P_neut(19)] = 0.0004439820

---- Expected P_sel(i), 0 < i < n (selected SFS per site) 
E[P_sel(1)] = 0.0072612434
E[P_sel(2)] = 0.0028342132
E[P_sel(3)] = 0.0014974660
E[P_sel(4)] = 0.0009389521
E[P_sel(5)] = 0.0006486157
E[P_sel(6)] = 0.0005065370
E[P_sel(7)] = 0.0004130070
E[P_sel(8)] = 0.0003504349
E[P_sel(9)] = 0.0003026833
E[P_sel(10)] = 0.0002765164
E[P_sel(11)] = 0.0002429689
E[P_sel(12)] = 0.0002367514
E[P_sel(13)] = 0.0002204316
E[P_sel(14)] = 0.0002080336
E[P_sel(15)] = 0.0002059100
E[P_sel(16)] = 0.0002070788
E[P_sel(17)] = 0.0002167171
E[P_sel(18)] = 0.0002277708
E[P_sel(19)] = 0.0002599087

---- Expected D_neut and D_sel (neutral and selected divergence per site) 
E[D_neut] = 0.0198693961
E[D_sel] = 0.0125452732

---- Expected neutral and selected misattributed polymorphism per site
E[mis_neut] = 0.0005498860
E[mis_sel] = 0.0003300304

---- alpha_div = 0.249528
---- alpha_dfe = 0.249349

