---- Running command
---- ./polyDFE -d Mmc/998.polyDFE.config.txt -m C -e 
---- Performing inference using model C

---- Performing inference on Mmc/998.polyDFE.config.txt
---- No mutation variability. Using Poisson likelihood.


---- Calculating initial values

-- Starting local optimization
-- Optimizing all parameters
  it        eps_an        lambda     theta_bar           S_d             b           p_b           S_b           r 2           r 3           r 4           r 5           r 6           r 7           r 8           r 9          r 10          r 11          r 12          r 13          r 14          r 15          r 16          r 17          r 18          r 19          r 20           ln lk          grad status 
   0           0.1 0.01931084840 0.01138220474        -20000         0.208           0.1            20 0.87064684026 0.73439425767 0.64447221824 0.57928995228 0.55473796465 0.53646550225 0.54040011809 0.52808221765 0.55597361791 0.55268945772 0.58622083855 0.62553947868 0.65618204879 0.74816740973 0.87312315826 1.11892128916 1.57733806492             1             1 -1120720.845447 23235.2202870   -2 
 660 0.00111765039 0.01929089370 0.01016575444 -81.829085266 0.12032134643 0.02108783098 7.05761063580 0.86367124924 0.71946788095 0.61888886417 0.55537823717 0.52513328238 0.50797033607 0.49842294947 0.48119294261 0.49581157658 0.48494719977 0.50661362268 0.51450766225 0.51963552210 0.55703822855 0.59501978562 0.65724908623 0.70093437230 0.80687875018 1.16224912832 -276.1881917281 0.03864895316   -8 
-- Local optimization: reached maximum number of likelihood evaluations allowed.
---- Best joint likelihood found -276.188191728128004 with gradient 0.03865

---- Results for Mmc/998.polyDFE.config.txt 
--  Model: C
--        eps_an        lambda     theta_bar             a 
-- 0.00111765039 0.01929089370 0.01016575444            -1 
--           S_d             b           p_b           S_b 
-- -81.829085266 0.12032134643 0.02108783098 7.05761063580 
--           r 2           r 3           r 4           r 5           r 6           r 7           r 8           r 9          r 10          r 11          r 12          r 13          r 14          r 15          r 16          r 17          r 18          r 19          r 20 
-- 0.86367124924 0.71946788095 0.61888886417 0.55537823717 0.52513328238 0.50797033607 0.49842294947 0.48119294261 0.49581157658 0.48494719977 0.50661362268 0.51450766225 0.51963552210 0.55703822855 0.59501978562 0.65724908623 0.70093437230 0.80687875018 1.16224912832 

---- Expected P_neut(i), 0 < i < n (neutral SFS per site) 
E[P_neut(1)] = 0.0101548752
E[P_neut(2)] = 0.0043854709
E[P_neut(3)] = 0.0024356924
E[P_neut(4)] = 0.0015715327
E[P_neut(5)] = 0.0011283277
E[P_neut(6)] = 0.0008891566
E[P_neut(7)] = 0.0007373254
E[P_neut(8)] = 0.0006331275
E[P_neut(9)] = 0.0005434145
E[P_neut(10)] = 0.0005040299
E[P_neut(11)] = 0.0004482751
E[P_neut(12)] = 0.0004294040
E[P_neut(13)] = 0.0004027101
E[P_neut(14)] = 0.0003778932
E[P_neut(15)] = 0.0003783543
E[P_neut(16)] = 0.0003793870
E[P_neut(17)] = 0.0003953110
E[P_neut(18)] = 0.0004003266
E[P_neut(19)] = 0.0004425914

---- Expected P_sel(i), 0 < i < n (selected SFS per site) 
E[P_sel(1)] = 0.0072473848
E[P_sel(2)] = 0.0028300355
E[P_sel(3)] = 0.0014949675
E[P_sel(4)] = 0.0009344513
E[P_sel(5)] = 0.0006560097
E[P_sel(6)] = 0.0005083048
E[P_sel(7)] = 0.0004160363
E[P_sel(8)] = 0.0003536092
E[P_sel(9)] = 0.0003011038
E[P_sel(10)] = 0.0002776152
E[P_sel(11)] = 0.0002458799
E[P_sel(12)] = 0.0002349665
E[P_sel(13)] = 0.0002202403
E[P_sel(14)] = 0.0002069804
E[P_sel(15)] = 0.0002080453
E[P_sel(16)] = 0.0002100603
E[P_sel(17)] = 0.0002212704
E[P_sel(18)] = 0.0002278569
E[P_sel(19)] = 0.0002590143

---- Expected D_neut and D_sel (neutral and selected divergence per site) 
E[D_neut] = 0.0198816507
E[D_sel] = 0.0125244601

---- Expected neutral and selected misattributed polymorphism per site
E[mis_neut] = 0.0005907570
E[mis_sel] = 0.0003549107

---- alpha_div = 0.242503
---- alpha_dfe = 0.242360

