---- Running command
---- ./polyDFE -d Mmc/999.polyDFE.config.txt -m C -e 
---- Performing inference using model C

---- Performing inference on Mmc/999.polyDFE.config.txt
---- No mutation variability. Using Poisson likelihood.


---- Calculating initial values

-- Starting local optimization
-- Optimizing all parameters
  it        eps_an        lambda     theta_bar           S_d             b           p_b           S_b           r 2           r 3           r 4           r 5           r 6           r 7           r 8           r 9          r 10          r 11          r 12          r 13          r 14          r 15          r 16          r 17          r 18          r 19          r 20           ln lk          grad status 
   0           0.1 0.01926026338 0.01138459073        -20000         0.208           0.1            20 0.87350660257 0.73697337906 0.63957214187 0.58299118661 0.56273878921 0.53792618511 0.53710611748 0.53375645181 0.55062492664 0.55489701702 0.59296257635 0.63112481996 0.67300733085 0.74513085591 0.86177968028 1.11463031207 1.57413052142             1             1 -1113461.092516 23120.7110214   -2 
 884 0.00107678981 0.01929886318 0.01017245755 -79.027738140 0.12263160955 0.01952169000 7.86747099331 0.86464408151 0.72039237135 0.61954890031 0.55830314407 0.53022369133 0.50571450769 0.49702666075 0.48694618377 0.49374599809 0.48379601753 0.51405963940 0.51755418757 0.52919503009 0.55224615781 0.59390107544 0.64987338191 0.70296216604 0.81649639863 1.04804745647 -280.8179269636 0.05403814221   -3 
-- Local optimization: stuck in the same solution
---- Best joint likelihood found -280.817926963674836 with gradient 0.05404

---- Results for Mmc/999.polyDFE.config.txt 
--  Model: C
--        eps_an        lambda     theta_bar             a 
-- 0.00107678981 0.01929886318 0.01017245755            -1 
--           S_d             b           p_b           S_b 
-- -79.027738140 0.12263160955 0.01952169000 7.86747099331 
--           r 2           r 3           r 4           r 5           r 6           r 7           r 8           r 9          r 10          r 11          r 12          r 13          r 14          r 15          r 16          r 17          r 18          r 19          r 20 
-- 0.86464408151 0.72039237135 0.61954890031 0.55830314407 0.53022369133 0.50571450769 0.49702666075 0.48694618377 0.49374599809 0.48379601753 0.51405963940 0.51755418757 0.52919503009 0.55224615781 0.59390107544 0.64987338191 0.70296216604 0.81649639863 1.04804745647 

---- Expected P_neut(i), 0 < i < n (neutral SFS per site) 
E[P_neut(1)] = 0.0101619747
E[P_neut(2)] = 0.0043934699
E[P_neut(3)] = 0.0024405087
E[P_neut(4)] = 0.0015742937
E[P_neut(5)] = 0.0011350432
E[P_neut(6)] = 0.0008983924
E[P_neut(7)] = 0.0007345532
E[P_neut(8)] = 0.0006317865
E[P_neut(9)] = 0.0005502713
E[P_neut(10)] = 0.0005022610
E[P_neut(11)] = 0.0004475104
E[P_neut(12)] = 0.0004359821
E[P_neut(13)] = 0.0004053397
E[P_neut(14)] = 0.0003850692
E[P_neut(15)] = 0.0003753332
E[P_neut(16)] = 0.0003788796
E[P_neut(17)] = 0.0003910827
E[P_neut(18)] = 0.0004015773
E[P_neut(19)] = 0.0004476289

---- Expected P_sel(i), 0 < i < n (selected SFS per site) 
E[P_sel(1)] = 0.0072426198
E[P_sel(2)] = 0.0028260537
E[P_sel(3)] = 0.0014913698
E[P_sel(4)] = 0.0009312425
E[P_sel(5)] = 0.0006560807
E[P_sel(6)] = 0.0005103331
E[P_sel(7)] = 0.0004116603
E[P_sel(8)] = 0.0003503237
E[P_sel(9)] = 0.0003025992
E[P_sel(10)] = 0.0002744569
E[P_sel(11)] = 0.0002434464
E[P_sel(12)] = 0.0002365414
E[P_sel(13)] = 0.0002197439
E[P_sel(14)] = 0.0002090316
E[P_sel(15)] = 0.0002045267
E[P_sel(16)] = 0.0002079030
E[P_sel(17)] = 0.0002170169
E[P_sel(18)] = 0.0002267823
E[P_sel(19)] = 0.0002604240

---- Expected D_neut and D_sel (neutral and selected divergence per site) 
E[D_neut] = 0.0198319241
E[D_sel] = 0.0125218948

---- Expected neutral and selected misattributed polymorphism per site
E[mis_neut] = 0.0005330609
E[mis_sel] = 0.0003191606

---- alpha_div = 0.248538
---- alpha_dfe = 0.248333

