---- Running command
---- ./polyDFE -d vanilla.polyDFE.config.txt -m C -e 
---- Performing inference using model C

---- Performing inference on vanilla.polyDFE.config.txt
---- No mutation variability. Using Poisson likelihood.


---- Calculating initial values

-- Starting local optimization
-- Optimizing all parameters
  it        eps_an        lambda     theta_bar           S_d             b           p_b           S_b           r 2           r 3           r 4           r 5           r 6           r 7           r 8           r 9          r 10          r 11          r 12          r 13          r 14          r 15          r 16          r 17          r 18          r 19          r 20           ln lk          grad status 
   0           0.1 0.01927917091 0.01135644637        -20000         0.208           0.1            20 0.87312899408 0.73455619616 0.64382430056 0.58276421066 0.55751857563 0.53944809900 0.53751906959 0.53058888832 0.55288660191 0.55552413009 0.59315634607 0.62488200026 0.66644561341 0.75081217689 0.86416368341 1.10861681813 1.58111687437             1             1 -1116431.420784 23159.1737851   -2 
 354 0.00554931588 0.01930518063 0.01020111251 -92.967594604 0.11112136762 0.00789360967 16.7003998393 0.86279539513 0.71751278652 0.61764169475 0.55285267376 0.52564387532 0.50452043256 0.49288936071 0.48255963527 0.49222701091 0.48220081403 0.50896214475 0.51229369387 0.52144268270 0.55415498360 0.58117907412 0.63413936857 0.67759375507 0.72962545911 1.06057821350 -282.9683679783 0.25353570760   -8 
-- Local optimization: reached maximum number of likelihood evaluations allowed.
---- Best joint likelihood found -282.968367978377501 with gradient 0.25354

---- Results for vanilla.polyDFE.config.txt 
--  Model: C
--        eps_an        lambda     theta_bar             a 
-- 0.00554931588 0.01930518063 0.01020111251            -1 
--           S_d             b           p_b           S_b 
-- -92.967594604 0.11112136762 0.00789360967 16.7003998393 
--           r 2           r 3           r 4           r 5           r 6           r 7           r 8           r 9          r 10          r 11          r 12          r 13          r 14          r 15          r 16          r 17          r 18          r 19          r 20 
-- 0.86279539513 0.71751278652 0.61764169475 0.55285267376 0.52564387532 0.50452043256 0.49288936071 0.48255963527 0.49222701091 0.48220081403 0.50896214475 0.51229369387 0.52144268270 0.55415498360 0.58117907412 0.63413936857 0.67759375507 0.72962545911 1.06057821350 

---- Expected P_neut(i), 0 < i < n (neutral SFS per site) 
E[P_neut(1)] = 0.0101466772
E[P_neut(2)] = 0.0043784464
E[P_neut(3)] = 0.0024283819
E[P_neut(4)] = 0.0015684733
E[P_neut(5)] = 0.0011237745
E[P_neut(6)] = 0.0008908411
E[P_neut(7)] = 0.0007333893
E[P_neut(8)] = 0.0006274157
E[P_neut(9)] = 0.0005464069
E[P_neut(10)] = 0.0005021263
E[P_neut(11)] = 0.0004477341
E[P_neut(12)] = 0.0004337518
E[P_neut(13)] = 0.0004038466
E[P_neut(14)] = 0.0003828006
E[P_neut(15)] = 0.0003810344
E[P_neut(16)] = 0.0003772269
E[P_neut(17)] = 0.0003919527
E[P_neut(18)] = 0.0004063017
E[P_neut(19)] = 0.0004461717

---- Expected P_sel(i), 0 < i < n (selected SFS per site) 
E[P_sel(1)] = 0.0072350996
E[P_sel(2)] = 0.0028334023
E[P_sel(3)] = 0.0014971360
E[P_sel(4)] = 0.0009373638
E[P_sel(5)] = 0.0006566645
E[P_sel(6)] = 0.0005116121
E[P_sel(7)] = 0.0004153853
E[P_sel(8)] = 0.0003513543
E[P_sel(9)] = 0.0003031382
E[P_sel(10)] = 0.0002764295
E[P_sel(11)] = 0.0002449556
E[P_sel(12)] = 0.0002361677
E[P_sel(13)] = 0.0002191580
E[P_sel(14)] = 0.0002074030
E[P_sel(15)] = 0.0002065450
E[P_sel(16)] = 0.0002052068
E[P_sel(17)] = 0.0002150052
E[P_sel(18)] = 0.0002270111
E[P_sel(19)] = 0.0002620068

---- Expected D_neut and D_sel (neutral and selected divergence per site) 
E[D_neut] = 0.0198461345
E[D_sel] = 0.0125310344

---- Expected neutral and selected misattributed polymorphism per site
E[mis_neut] = 0.0005409539
E[mis_sel] = 0.0003174979

---- alpha_div = 0.209430
---- alpha_dfe = 0.209499

